<?xml version="1.0" encoding="UTF-8"?>
<testsuite name="Autenticación" tests="8" skipped="0" failures="0" errors="0" timestamp="2022-09-29T17:30:48" hostname="PSOFKA01134" time="32.277">
  <properties/>
  <testcase name="Usuario se auténtica con una cuenta inválida #1" classname="Autenticación" time="9.221"/>
  <testcase name="Usuario se auténtica con una cuenta inválida #2" classname="Autenticación" time="2.594"/>
  <testcase name="Usuario se auténtica con una cuenta válida #1" classname="Autenticación" time="3.095"/>
  <testcase name="Usuario se auténtica con una cuenta válida #2" classname="Autenticación" time="2.57"/>
  <testcase name="Usuario se auténtica con una cuenta válida #3" classname="Autenticación" time="7.534"/>
  <testcase name="Usuario trata autenticarse con información incompleta #1" classname="Autenticación" time="2.189"/>
  <testcase name="Usuario trata autenticarse con información incompleta #2" classname="Autenticación" time="2.219"/>
  <testcase name="Usuario trata autenticarse con información incompleta #3" classname="Autenticación" time="2.855"/>
  <system-out><![CDATA[
Esquema del escenario: Usuario se auténtica con una cuenta inválida           ?[90m# src/test/resources/features/autenticacion/login.feature:14?[0m
12:30:48.831 [Test worker] INFO io.cucumber.core.plugin.SerenityReporter - Running feature from file:///C:/Users/juan.gomezv/IdeaProjects/sura/src/test/resources/features/autenticacion/login.feature
12:30:48.920 [Test worker] INFO  - 
  _____   ___   ___   _____     ___   _____     _     ___   _____   ___   ___  
 |_   _| | __| / __| |_   _|   / __| |_   _|   /_\   | _ \ |_   _| | __| |   \ 
   | |   | _|  \__ \   | |     \__ \   | |    / _ \  |   /   | |   | _|  | |) |
   |_|   |___| |___/   |_|     |___/   |_|   /_/ \_\ |_|_\   |_|   |___| |___/ 

Usuario se auténtica con una cuenta inválida(autenticación;usuario-se-auténtica-con-una-cuenta-inválida)
--------------------------------------------------------------------------------
12:30:49.353 [Test worker] DEBUG net.thucydides.core.steps.StepInterceptor - STARTING STEP: LoginSteps.quiereConsultarArticulosDeportivosEnLaWebDeLaMarcaSwag - {0} abre la aplicación
12:30:49.373 [Test worker] DEBUG net.thucydides.core.steps.StepInterceptor - STARTING STEP: NavigateTo.performAs - {0} opens the #targetPageName
12:30:49.397 [Test worker] INFO net.serenitybdd.core.webdriver.driverproviders.DriverProvider - Using WebDriverManager configuration for chrome
12:30:49.671 [Test worker] DEBUG io.github.bonigarcia.wdm.cache.ResolutionCache - Resolution chrome=105 in cache (valid until 12:30:54 29/09/2022 CDT)
12:30:49.672 [Test worker] DEBUG io.github.bonigarcia.wdm.cache.ResolutionCache - Resolution chrome105=105.0.5195.52 in cache (valid until 08:20:40 30/09/2022 CDT)
12:30:49.672 [Test worker] INFO io.github.bonigarcia.wdm.WebDriverManager - Using chromedriver 105.0.5195.52 (resolved driver for Chrome 105)
12:30:49.683 [Test worker] DEBUG io.github.bonigarcia.wdm.WebDriverManager - Driver chromedriver 105.0.5195.52 found in cache
12:30:49.684 [Test worker] INFO io.github.bonigarcia.wdm.WebDriverManager - Exporting webdriver.chrome.driver as C:\Users\juan.gomezv\.cache\selenium\chromedriver\win32\105.0.5195.52\chromedriver.exe
12:30:49.758 [Test worker] INFO net.serenitybdd.core.webdriver.driverproviders.ChromeDriverProvider - Starting Chrome driver instance with capabilities:
12:30:49.760 [Test worker] INFO net.serenitybdd.core.webdriver.driverproviders.ChromeDriverProvider - Capabilities {acceptInsecureCerts: false, browserName: chrome, goog:chromeOptions: {args: [], extensions: []}}
12:30:49.807 [Test worker] DEBUG io.netty.util.internal.logging.InternalLoggerFactory - Using SLF4J as the default logging framework
12:30:49.809 [Test worker] DEBUG io.netty.util.ResourceLeakDetector - -Dio.netty.leakDetection.level: simple
12:30:49.809 [Test worker] DEBUG io.netty.util.ResourceLeakDetector - -Dio.netty.leakDetection.targetRecords: 4
12:30:49.811 [Test worker] DEBUG io.netty.util.ResourceLeakDetectorFactory - Loaded default ResourceLeakDetector: io.netty.util.ResourceLeakDetector@1b46392c
12:30:49.823 [Test worker] DEBUG io.netty.util.internal.PlatformDependent0 - -Dio.netty.noUnsafe: false
12:30:49.823 [Test worker] DEBUG io.netty.util.internal.PlatformDependent0 - Java version: 18
12:30:49.823 [Test worker] DEBUG io.netty.util.internal.PlatformDependent0 - sun.misc.Unsafe.theUnsafe: available
12:30:49.824 [Test worker] DEBUG io.netty.util.internal.PlatformDependent0 - sun.misc.Unsafe.copyMemory: available
12:30:49.824 [Test worker] DEBUG io.netty.util.internal.PlatformDependent0 - sun.misc.Unsafe.storeFence: available
12:30:49.824 [Test worker] DEBUG io.netty.util.internal.PlatformDependent0 - java.nio.Buffer.address: available
12:30:49.825 [Test worker] DEBUG io.netty.util.internal.PlatformDependent0 - direct buffer constructor: unavailable: Reflective setAccessible(true) disabled
12:30:49.825 [Test worker] DEBUG io.netty.util.internal.PlatformDependent0 - java.nio.Bits.unaligned: available, true
12:30:49.826 [Test worker] DEBUG io.netty.util.internal.PlatformDependent0 - jdk.internal.misc.Unsafe.allocateUninitializedArray(int): unavailable: class io.netty.util.internal.PlatformDependent0$7 cannot access class jdk.internal.misc.Unsafe (in module java.base) because module java.base does not export jdk.internal.misc to unnamed module @5fbe4146
12:30:49.826 [Test worker] DEBUG io.netty.util.internal.PlatformDependent0 - java.nio.DirectByteBuffer.<init>(long, int): unavailable
12:30:49.826 [Test worker] DEBUG io.netty.util.internal.PlatformDependent - sun.misc.Unsafe: available
12:30:49.833 [Test worker] DEBUG io.netty.util.internal.PlatformDependent - maxDirectMemory: 536870912 bytes (maybe)
12:30:49.833 [Test worker] DEBUG io.netty.util.internal.PlatformDependent - -Dio.netty.tmpdir: C:\Users\JUAN~1.GOM\AppData\Local\Temp (java.io.tmpdir)
12:30:49.833 [Test worker] DEBUG io.netty.util.internal.PlatformDependent - -Dio.netty.bitMode: 64 (sun.arch.data.model)
12:30:49.833 [Test worker] DEBUG io.netty.util.internal.PlatformDependent - Platform: Windows
12:30:49.834 [Test worker] DEBUG io.netty.util.internal.PlatformDependent - -Dio.netty.maxDirectMemory: -1 bytes
12:30:49.834 [Test worker] DEBUG io.netty.util.internal.PlatformDependent - -Dio.netty.uninitializedArrayAllocationThreshold: -1
12:30:49.835 [Test worker] DEBUG io.netty.util.internal.CleanerJava9 - java.nio.ByteBuffer.cleaner(): available
12:30:49.835 [Test worker] DEBUG io.netty.util.internal.PlatformDependent - -Dio.netty.noPreferDirect: false
12:30:49.840 [Test worker] DEBUG io.netty.util.internal.PlatformDependent - org.jctools-core.MpscChunkedArrayQueue: available
12:30:49.851 [Test worker] DEBUG io.netty.util.internal.InternalThreadLocalMap - -Dio.netty.threadLocalMap.stringBuilder.initialSize: 1024
12:30:49.851 [Test worker] DEBUG io.netty.util.internal.InternalThreadLocalMap - -Dio.netty.threadLocalMap.stringBuilder.maxSize: 4096
12:30:49.879 [Test worker] DEBUG io.netty.handler.ssl.JdkSslContext - Default protocols (JDK): [TLSv1.3, TLSv1.2] 
12:30:49.879 [Test worker] DEBUG io.netty.handler.ssl.JdkSslContext - Default cipher suites (JDK): [TLS_ECDHE_ECDSA_WITH_AES_256_GCM_SHA384, TLS_ECDHE_ECDSA_WITH_AES_128_GCM_SHA256, TLS_ECDHE_RSA_WITH_AES_128_GCM_SHA256, TLS_ECDHE_RSA_WITH_AES_256_GCM_SHA384, TLS_ECDHE_RSA_WITH_AES_128_CBC_SHA, TLS_ECDHE_RSA_WITH_AES_256_CBC_SHA, TLS_RSA_WITH_AES_128_GCM_SHA256, TLS_RSA_WITH_AES_128_CBC_SHA, TLS_RSA_WITH_AES_256_CBC_SHA, TLS_AES_128_GCM_SHA256, TLS_AES_256_GCM_SHA384]
12:30:49.895 [Test worker] DEBUG io.netty.channel.MultithreadEventLoopGroup - -Dio.netty.eventLoopThreads: 16
12:30:49.899 [Test worker] DEBUG io.netty.channel.nio.NioEventLoop - -Dio.netty.noKeySetOptimization: false
12:30:49.899 [Test worker] DEBUG io.netty.channel.nio.NioEventLoop - -Dio.netty.selectorAutoRebuildThreshold: 512
12:30:49.919 [Test worker] DEBUG io.netty.buffer.PooledByteBufAllocator - -Dio.netty.allocator.numHeapArenas: 16
12:30:49.919 [Test worker] DEBUG io.netty.buffer.PooledByteBufAllocator - -Dio.netty.allocator.numDirectArenas: 16
12:30:49.919 [Test worker] DEBUG io.netty.buffer.PooledByteBufAllocator - -Dio.netty.allocator.pageSize: 8192
12:30:49.919 [Test worker] DEBUG io.netty.buffer.PooledByteBufAllocator - -Dio.netty.allocator.maxOrder: 9
12:30:49.919 [Test worker] DEBUG io.netty.buffer.PooledByteBufAllocator - -Dio.netty.allocator.chunkSize: 4194304
12:30:49.919 [Test worker] DEBUG io.netty.buffer.PooledByteBufAllocator - -Dio.netty.allocator.smallCacheSize: 256
12:30:49.919 [Test worker] DEBUG io.netty.buffer.PooledByteBufAllocator - -Dio.netty.allocator.normalCacheSize: 64
12:30:49.919 [Test worker] DEBUG io.netty.buffer.PooledByteBufAllocator - -Dio.netty.allocator.maxCachedBufferCapacity: 32768
12:30:49.919 [Test worker] DEBUG io.netty.buffer.PooledByteBufAllocator - -Dio.netty.allocator.cacheTrimInterval: 8192
12:30:49.919 [Test worker] DEBUG io.netty.buffer.PooledByteBufAllocator - -Dio.netty.allocator.cacheTrimIntervalMillis: 0
12:30:49.919 [Test worker] DEBUG io.netty.buffer.PooledByteBufAllocator - -Dio.netty.allocator.useCacheForAllThreads: false
12:30:49.919 [Test worker] DEBUG io.netty.buffer.PooledByteBufAllocator - -Dio.netty.allocator.maxCachedByteBuffersPerChunk: 1023
12:30:49.928 [Test worker] DEBUG io.netty.buffer.ByteBufUtil - -Dio.netty.allocator.type: pooled
12:30:49.928 [Test worker] DEBUG io.netty.buffer.ByteBufUtil - -Dio.netty.threadLocalDirectBufferSize: 0
12:30:49.928 [Test worker] DEBUG io.netty.buffer.ByteBufUtil - -Dio.netty.maxThreadLocalCharBufferSize: 16384
12:30:50.128 [Forwarding newSession on session null to remote] DEBUG io.netty.channel.DefaultChannelId - -Dio.netty.processId: 11840 (auto-detected)
12:30:50.129 [Forwarding newSession on session null to remote] DEBUG io.netty.util.NetUtil - -Djava.net.preferIPv4Stack: false
12:30:50.129 [Forwarding newSession on session null to remote] DEBUG io.netty.util.NetUtil - -Djava.net.preferIPv6Addresses: false
12:30:50.139 [Forwarding newSession on session null to remote] DEBUG io.netty.util.NetUtilInitializations - Loopback interface: lo (Software Loopback Interface 1, 127.0.0.1)
12:30:50.140 [Forwarding newSession on session null to remote] DEBUG io.netty.util.NetUtil - Failed to get SOMAXCONN from sysctl and file \proc\sys\net\core\somaxconn. Default: 200
12:30:50.160 [Forwarding newSession on session null to remote] DEBUG io.netty.channel.DefaultChannelId - -Dio.netty.machineId: 8c:b8:7e:ff:fe:15:e4:f1 (auto-detected)
12:30:50.195 [AsyncHttpClient-1-2] DEBUG io.netty.buffer.AbstractByteBuf - -Dio.netty.buffer.checkAccessible: true
12:30:50.195 [AsyncHttpClient-1-2] DEBUG io.netty.buffer.AbstractByteBuf - -Dio.netty.buffer.checkBounds: true
12:30:50.195 [AsyncHttpClient-1-2] DEBUG io.netty.util.ResourceLeakDetectorFactory - Loaded default ResourceLeakDetector: io.netty.util.ResourceLeakDetector@c22a58f
12:30:50.206 [AsyncHttpClient-1-2] DEBUG org.asynchttpclient.netty.channel.NettyConnectListener - Using new Channel '[id: 0x1ee33d92, L:/127.0.0.1:59951 - R:localhost/127.0.0.1:63061]' for 'POST' to '/session'
12:30:50.220 [AsyncHttpClient-1-2] DEBUG io.netty.util.Recycler - -Dio.netty.recycler.maxCapacityPerThread: 4096
12:30:50.220 [AsyncHttpClient-1-2] DEBUG io.netty.util.Recycler - -Dio.netty.recycler.ratio: 8
12:30:50.220 [AsyncHttpClient-1-2] DEBUG io.netty.util.Recycler - -Dio.netty.recycler.chunkSize: 32
12:30:50.220 [AsyncHttpClient-1-2] DEBUG io.netty.util.Recycler - -Dio.netty.recycler.blocking: false
12:30:50.841 [AsyncHttpClient-1-2] DEBUG io.netty.handler.codec.compression.Brotli - brotli4j not in the classpath; Brotli support will be unavailable.
12:30:50.842 [AsyncHttpClient-1-2] DEBUG org.asynchttpclient.netty.handler.HttpHandler - 

Request DefaultHttpRequest(decodeResult: success, version: HTTP/1.1)
POST /session HTTP/1.1
User-Agent: selenium/4.4.0 (java windows)
Content-Length: 437
Content-Type: application/json; charset=utf-8
host: localhost:63061
accept: */*

Response DefaultHttpResponse(decodeResult: success, version: HTTP/1.1)
HTTP/1.1 200 OK
Content-Type: application/json; charset=utf-8
cache-control: no-cache
content-length: 794

12:30:50.849 [AsyncHttpClient-1-2] DEBUG org.asynchttpclient.netty.channel.ChannelManager - Adding key: http://localhost:63061 for channel [id: 0x1ee33d92, L:/127.0.0.1:59951 - R:localhost/127.0.0.1:63061]
12:30:50.937 [AsyncHttpClient-1-3] DEBUG org.asynchttpclient.netty.channel.NettyConnectListener - Using new Channel '[id: 0x31e53388, L:/127.0.0.1:59957 - R:localhost/127.0.0.1:59952]' for 'GET' to '/json/version'
12:30:50.940 [AsyncHttpClient-1-3] DEBUG org.asynchttpclient.netty.handler.HttpHandler - 

Request DefaultFullHttpRequest(decodeResult: success, version: HTTP/1.1, content: EmptyByteBufBE)
GET /json/version HTTP/1.1
User-Agent: selenium/4.4.0 (java windows)
host: localhost:59952
accept: */*

Response DefaultHttpResponse(decodeResult: success, version: HTTP/1.1)
HTTP/1.1 200 OK
Content-Type: application/json; charset=UTF-8
content-length: 423

12:30:50.941 [AsyncHttpClient-1-3] DEBUG org.asynchttpclient.netty.channel.ChannelManager - Adding key: http://localhost:59952 for channel [id: 0x31e53388, L:/127.0.0.1:59957 - R:localhost/127.0.0.1:59952]
12:30:50.944 [AsyncHttpClient-1-1] DEBUG org.asynchttpclient.netty.channel.DefaultChannelPool - Entry count for : http://localhost:63061 : 1
12:30:50.944 [AsyncHttpClient-1-1] DEBUG org.asynchttpclient.netty.channel.DefaultChannelPool - Entry count for : http://localhost:59952 : 1
12:30:50.950 [Test worker] DEBUG io.netty.util.internal.ThreadLocalRandom - -Dio.netty.initialSeedUniquifier: 0x33a70fb942b574c8
12:30:50.956 [AsyncHttpClient-1-4] DEBUG org.asynchttpclient.netty.channel.NettyConnectListener - Using new Channel '[id: 0x9e4609a7, L:/127.0.0.1:59958 - R:localhost/127.0.0.1:59952]' for 'GET' to '/devtools/browser/9c62f024-55c8-44b9-b4a9-22f7a78d9704'
12:30:50.959 [AsyncHttpClient-1-4] DEBUG org.asynchttpclient.netty.handler.WebSocketHandler - 

Request DefaultFullHttpRequest(decodeResult: success, version: HTTP/1.1, content: EmptyByteBufBE)
GET /devtools/browser/9c62f024-55c8-44b9-b4a9-22f7a78d9704 HTTP/1.1
upgrade: websocket
connection: upgrade
sec-websocket-key: YqRJEtpN9DraPdudPrD2WA==
sec-websocket-version: 13
origin: http://localhost:59952
host: localhost:59952
accept: */*
user-agent: AHC/2.1

Response DefaultHttpResponse(decodeResult: success, version: HTTP/1.1)
HTTP/1.1 101 WebSocket Protocol Handshake
Upgrade: WebSocket
Connection: Upgrade
Sec-WebSocket-Accept: uymmzFTKMQE26pvYb79qyCqFuHc=

12:30:51.641 [Test worker] DEBUG net.thucydides.core.reflection.ClassFinder - Could not load class .sura.CucumberTestSuite
12:30:51.641 [Test worker] DEBUG net.thucydides.core.reflection.ClassFinder - Could not load class .sura.enumerators.Option
12:30:51.641 [Test worker] DEBUG net.thucydides.core.reflection.ClassFinder - Could not load class .sura.enumerators.User
12:30:51.641 [Test worker] DEBUG net.thucydides.core.reflection.ClassFinder - Could not load class .sura.interactions.ClickFrom
12:30:51.642 [Test worker] DEBUG net.thucydides.core.reflection.ClassFinder - Could not load class .sura.interactions.Sort
12:30:51.642 [Test worker] DEBUG net.thucydides.core.reflection.ClassFinder - Could not load class .sura.models.PersonalInfo
12:30:51.642 [Test worker] DEBUG net.thucydides.core.reflection.ClassFinder - Could not load class .sura.stepDefinitions.CatalogueSteps
12:30:51.642 [Test worker] DEBUG net.thucydides.core.reflection.ClassFinder - Could not load class .sura.stepDefinitions.CheckOutSteps
12:30:51.642 [Test worker] DEBUG net.thucydides.core.reflection.ClassFinder - Could not load class .sura.stepDefinitions.ListOfProductsSteps
12:30:51.642 [Test worker] DEBUG net.thucydides.core.reflection.ClassFinder - Could not load class .sura.stepDefinitions.LoginSteps
12:30:51.642 [Test worker] DEBUG net.thucydides.core.reflection.ClassFinder - Could not load class .sura.stepDefinitions.ParameterDefinitions
12:30:51.642 [Test worker] DEBUG net.thucydides.core.reflection.ClassFinder - Could not load class .sura.stepDefinitions.ProductDetailSteps
12:30:51.642 [Test worker] DEBUG net.thucydides.core.reflection.ClassFinder - Could not load class .sura.stepDefinitions.SortProductsSteps
12:30:51.642 [Test worker] DEBUG net.thucydides.core.reflection.ClassFinder - Could not load class .sura.tasks.CheckOutOrder
12:30:51.642 [Test worker] DEBUG net.thucydides.core.reflection.ClassFinder - Could not load class .sura.tasks.LogIn
12:30:51.642 [Test worker] DEBUG net.thucydides.core.reflection.ClassFinder - Could not load class .sura.tasks.NavigateTo
12:30:51.642 [Test worker] DEBUG net.thucydides.core.reflection.ClassFinder - Could not load class .sura.tasks.OrganizeProducts
12:30:51.643 [Test worker] DEBUG net.thucydides.core.reflection.ClassFinder - Could not load class .sura.tasks.SelectFromCatalogue
12:30:51.643 [Test worker] DEBUG net.thucydides.core.reflection.ClassFinder - Could not load class .sura.ui.CataloguePage
12:30:51.643 [Test worker] DEBUG net.thucydides.core.reflection.ClassFinder - Could not load class .sura.ui.CheckOutPage
12:30:51.643 [Test worker] DEBUG net.thucydides.core.reflection.ClassFinder - Could not load class .sura.ui.FooterPage
12:30:51.643 [Test worker] DEBUG net.thucydides.core.reflection.ClassFinder - Could not load class .sura.ui.HeaderPage
12:30:51.643 [Test worker] DEBUG net.thucydides.core.reflection.ClassFinder - Could not load class .sura.ui.LoginPage
12:30:51.643 [Test worker] DEBUG net.thucydides.core.reflection.ClassFinder - Could not load class .sura.ui.ProductDetailsPage
12:30:51.643 [Test worker] DEBUG net.thucydides.core.reflection.ClassFinder - Could not load class .sura.ui.ProductListPage
12:30:51.644 [Test worker] DEBUG net.thucydides.core.reflection.ClassFinder - Could not load class .sura.utils.Enumerator
12:30:51.644 [Test worker] DEBUG net.thucydides.core.reflection.ClassFinder - Could not load class .sura.utils.ListedItems
12:30:51.645 [Test worker] DEBUG net.thucydides.core.reflection.ClassFinder - Could not load class META-INF.versions.9.com.sun.istack.logging.StackHelper
12:30:51.646 [Test worker] DEBUG net.thucydides.core.reflection.ClassFinder - Could not load class META-INF.versions.9.com.sun.xml.bind.v2.runtime.reflect.opt.AccessorInjector
12:30:51.646 [Test worker] DEBUG net.thucydides.core.reflection.ClassFinder - Could not load class META-INF.versions.9.com.sun.xml.bind.v2.runtime.reflect.opt.Injector
12:30:51.647 [Test worker] DEBUG net.thucydides.core.reflection.ClassFinder - Could not load class META-INF.versions.9.com.sun.xml.bind.v2.runtime.reflect.opt.OptimizedAccessorFactory
12:30:51.647 [Test worker] DEBUG net.thucydides.core.reflection.ClassFinder - Could not load class META-INF.versions.9.com.sun.xml.bind.v2.runtime.reflect.opt.OptimizedTransducedAccessorFactory
12:30:51.648 [Test worker] DEBUG net.thucydides.core.reflection.ClassFinder - Could not load class META-INF.versions.9.io.opentelemetry.sdk.internal.CurrentJavaVersionSpecific
12:30:51.649 [Test worker] DEBUG net.thucydides.core.reflection.ClassFinder - Could not load class META-INF.versions.9.io.opentelemetry.sdk.internal.Java9VersionSpecific
12:30:51.649 [Test worker] DEBUG net.thucydides.core.reflection.ClassFinder - Could not load class META-INF.versions.9.javax.xml.bind.ModuleUtil
12:30:51.650 [Test worker] DEBUG net.thucydides.core.reflection.ClassFinder - Could not load class META-INF.versions.9.module-info
12:30:51.651 [Test worker] DEBUG net.thucydides.core.reflection.ClassFinder - Could not load class META-INF.versions.9.org.junit.platform.commons.util.ModuleUtils
12:30:51.992 [Test worker] DEBUG net.thucydides.core.reflection.ClassFinder - Could not load class com.google.gson.internal.
12:30:52.046 [AsyncHttpClient-1-1] DEBUG org.asynchttpclient.netty.channel.DefaultChannelPool - Entry count for : http://localhost:63061 : 1
12:30:52.046 [AsyncHttpClient-1-1] DEBUG org.asynchttpclient.netty.channel.DefaultChannelPool - Entry count for : http://localhost:59952 : 1
12:30:52.124 [Test worker] DEBUG net.thucydides.core.reflection.ClassFinder - Could not load class com.sun.xml.bind.v2.runtime.output.FastInfosetStreamWriterOutput
12:30:52.442 [Test worker] DEBUG net.thucydides.core.reflection.ClassFinder - Could not load class module-info
12:30:53.144 [AsyncHttpClient-1-1] DEBUG org.asynchttpclient.netty.channel.DefaultChannelPool - Entry count for : http://localhost:63061 : 1
12:30:53.144 [AsyncHttpClient-1-1] DEBUG org.asynchttpclient.netty.channel.DefaultChannelPool - Entry count for : http://localhost:59952 : 1
12:30:54.246 [AsyncHttpClient-1-1] DEBUG org.asynchttpclient.netty.channel.DefaultChannelPool - Entry count for : http://localhost:63061 : 1
12:30:54.246 [AsyncHttpClient-1-1] DEBUG org.asynchttpclient.netty.channel.DefaultChannelPool - Entry count for : http://localhost:59952 : 1
12:30:55.009 [Forwarding get on session 282807fdde94d5d47600cbbc12fa34b9 to remote] DEBUG org.asynchttpclient.netty.request.NettyRequestSender - Using pooled Channel '[id: 0x1ee33d92, L:/127.0.0.1:59951 - R:localhost/127.0.0.1:63061]' for 'POST' to 'http://localhost:63061/session/282807fdde94d5d47600cbbc12fa34b9/url'
12:30:55.009 [Forwarding get on session 282807fdde94d5d47600cbbc12fa34b9 to remote] DEBUG org.asynchttpclient.netty.request.NettyRequestSender - Using open Channel [id: 0x1ee33d92, L:/127.0.0.1:59951 - R:localhost/127.0.0.1:63061] for POST '/session/282807fdde94d5d47600cbbc12fa34b9/url'
12:30:55.276 [AsyncHttpClient-1-2] DEBUG org.asynchttpclient.netty.handler.HttpHandler - 

Request DefaultHttpRequest(decodeResult: success, version: HTTP/1.1)
POST /session/282807fdde94d5d47600cbbc12fa34b9/url HTTP/1.1
User-Agent: selenium/4.4.0 (java windows)
Content-Length: 40
Content-Type: application/json; charset=utf-8
host: localhost:63061
accept: */*

Response DefaultHttpResponse(decodeResult: success, version: HTTP/1.1)
HTTP/1.1 200 OK
Content-Type: application/json; charset=utf-8
cache-control: no-cache
content-length: 14

12:30:55.278 [AsyncHttpClient-1-2] DEBUG org.asynchttpclient.netty.channel.ChannelManager - Adding key: http://localhost:63061 for channel [id: 0x1ee33d92, L:/127.0.0.1:59951 - R:localhost/127.0.0.1:63061]
12:30:55.286 [Forwarding setTimeout on session 282807fdde94d5d47600cbbc12fa34b9 to remote] DEBUG org.asynchttpclient.netty.request.NettyRequestSender - Using pooled Channel '[id: 0x1ee33d92, L:/127.0.0.1:59951 - R:localhost/127.0.0.1:63061]' for 'POST' to 'http://localhost:63061/session/282807fdde94d5d47600cbbc12fa34b9/timeouts'
12:30:55.287 [Forwarding setTimeout on session 282807fdde94d5d47600cbbc12fa34b9 to remote] DEBUG org.asynchttpclient.netty.request.NettyRequestSender - Using open Channel [id: 0x1ee33d92, L:/127.0.0.1:59951 - R:localhost/127.0.0.1:63061] for POST '/session/282807fdde94d5d47600cbbc12fa34b9/timeouts'
12:30:55.289 [AsyncHttpClient-1-2] DEBUG org.asynchttpclient.netty.handler.HttpHandler - 

Request DefaultHttpRequest(decodeResult: success, version: HTTP/1.1)
POST /session/282807fdde94d5d47600cbbc12fa34b9/timeouts HTTP/1.1
User-Agent: selenium/4.4.0 (java windows)
Content-Length: 22
Content-Type: application/json; charset=utf-8
host: localhost:63061
accept: */*

Response DefaultHttpResponse(decodeResult: success, version: HTTP/1.1)
HTTP/1.1 200 OK
Content-Type: application/json; charset=utf-8
cache-control: no-cache
content-length: 14

12:30:55.290 [AsyncHttpClient-1-2] DEBUG org.asynchttpclient.netty.channel.ChannelManager - Adding key: http://localhost:63061 for channel [id: 0x1ee33d92, L:/127.0.0.1:59951 - R:localhost/127.0.0.1:63061]
12:30:55.305 [Forwarding getCurrentUrl on session 282807fdde94d5d47600cbbc12fa34b9 to remote] DEBUG org.asynchttpclient.netty.request.NettyRequestSender - Using pooled Channel '[id: 0x1ee33d92, L:/127.0.0.1:59951 - R:localhost/127.0.0.1:63061]' for 'GET' to 'http://localhost:63061/session/282807fdde94d5d47600cbbc12fa34b9/url'
12:30:55.305 [Forwarding getCurrentUrl on session 282807fdde94d5d47600cbbc12fa34b9 to remote] DEBUG org.asynchttpclient.netty.request.NettyRequestSender - Using open Channel [id: 0x1ee33d92, L:/127.0.0.1:59951 - R:localhost/127.0.0.1:63061] for GET '/session/282807fdde94d5d47600cbbc12fa34b9/url'
12:30:55.312 [AsyncHttpClient-1-2] DEBUG org.asynchttpclient.netty.handler.HttpHandler - 

Request DefaultFullHttpRequest(decodeResult: success, version: HTTP/1.1, content: EmptyByteBufBE)
GET /session/282807fdde94d5d47600cbbc12fa34b9/url HTTP/1.1
User-Agent: selenium/4.4.0 (java windows)
Cache-Control: no-cache
Content-Type: application/json; charset=utf-8
host: localhost:63061
accept: */*

Response DefaultHttpResponse(decodeResult: success, version: HTTP/1.1)
HTTP/1.1 200 OK
Content-Type: application/json; charset=utf-8
cache-control: no-cache
content-length: 38

12:30:55.313 [AsyncHttpClient-1-2] DEBUG org.asynchttpclient.netty.channel.ChannelManager - Adding key: http://localhost:63061 for channel [id: 0x1ee33d92, L:/127.0.0.1:59951 - R:localhost/127.0.0.1:63061]
12:30:55.328 [Forwarding getCurrentUrl on session 282807fdde94d5d47600cbbc12fa34b9 to remote] DEBUG org.asynchttpclient.netty.request.NettyRequestSender - Using pooled Channel '[id: 0x1ee33d92, L:/127.0.0.1:59951 - R:localhost/127.0.0.1:63061]' for 'GET' to 'http://localhost:63061/session/282807fdde94d5d47600cbbc12fa34b9/url'
12:30:55.328 [Forwarding getCurrentUrl on session 282807fdde94d5d47600cbbc12fa34b9 to remote] DEBUG org.asynchttpclient.netty.request.NettyRequestSender - Using open Channel [id: 0x1ee33d92, L:/127.0.0.1:59951 - R:localhost/127.0.0.1:63061] for GET '/session/282807fdde94d5d47600cbbc12fa34b9/url'
12:30:55.335 [AsyncHttpClient-1-2] DEBUG org.asynchttpclient.netty.handler.HttpHandler - 

Request DefaultFullHttpRequest(decodeResult: success, version: HTTP/1.1, content: EmptyByteBufBE)
GET /session/282807fdde94d5d47600cbbc12fa34b9/url HTTP/1.1
User-Agent: selenium/4.4.0 (java windows)
Cache-Control: no-cache
Content-Type: application/json; charset=utf-8
host: localhost:63061
accept: */*

Response DefaultHttpResponse(decodeResult: success, version: HTTP/1.1)
HTTP/1.1 200 OK
Content-Type: application/json; charset=utf-8
cache-control: no-cache
content-length: 38

12:30:55.335 [AsyncHttpClient-1-2] DEBUG org.asynchttpclient.netty.channel.ChannelManager - Adding key: http://localhost:63061 for channel [id: 0x1ee33d92, L:/127.0.0.1:59951 - R:localhost/127.0.0.1:63061]
12:30:55.358 [AsyncHttpClient-1-1] DEBUG org.asynchttpclient.netty.channel.DefaultChannelPool - Entry count for : http://localhost:63061 : 1
12:30:55.358 [AsyncHttpClient-1-1] DEBUG org.asynchttpclient.netty.channel.DefaultChannelPool - Entry count for : http://localhost:59952 : 1
12:30:55.375 [Test worker] DEBUG net.serenitybdd.core.photography.Darkroom - Opening darkroom
12:30:55.377 [Darkroom Processing Line] DEBUG net.serenitybdd.core.photography.DarkroomProcessingLine - Darkroom processing line starting up
12:30:55.393 [Forwarding getCurrentWindowHandle on session 282807fdde94d5d47600cbbc12fa34b9 to remote] DEBUG org.asynchttpclient.netty.request.NettyRequestSender - Using pooled Channel '[id: 0x1ee33d92, L:/127.0.0.1:59951 - R:localhost/127.0.0.1:63061]' for 'GET' to 'http://localhost:63061/session/282807fdde94d5d47600cbbc12fa34b9/window'
12:30:55.394 [Forwarding getCurrentWindowHandle on session 282807fdde94d5d47600cbbc12fa34b9 to remote] DEBUG org.asynchttpclient.netty.request.NettyRequestSender - Using open Channel [id: 0x1ee33d92, L:/127.0.0.1:59951 - R:localhost/127.0.0.1:63061] for GET '/session/282807fdde94d5d47600cbbc12fa34b9/window'
12:30:55.395 [AsyncHttpClient-1-2] DEBUG org.asynchttpclient.netty.handler.HttpHandler - 

Request DefaultFullHttpRequest(decodeResult: success, version: HTTP/1.1, content: EmptyByteBufBE)
GET /session/282807fdde94d5d47600cbbc12fa34b9/window HTTP/1.1
User-Agent: selenium/4.4.0 (java windows)
Cache-Control: no-cache
Content-Type: application/json; charset=utf-8
host: localhost:63061
accept: */*

Response DefaultHttpResponse(decodeResult: success, version: HTTP/1.1)
HTTP/1.1 200 OK
Content-Type: application/json; charset=utf-8
cache-control: no-cache
content-length: 53

12:30:55.395 [AsyncHttpClient-1-2] DEBUG org.asynchttpclient.netty.channel.ChannelManager - Adding key: http://localhost:63061 for channel [id: 0x1ee33d92, L:/127.0.0.1:59951 - R:localhost/127.0.0.1:63061]
12:30:55.403 [Forwarding getAlertText on session 282807fdde94d5d47600cbbc12fa34b9 to remote] DEBUG org.asynchttpclient.netty.request.NettyRequestSender - Using pooled Channel '[id: 0x1ee33d92, L:/127.0.0.1:59951 - R:localhost/127.0.0.1:63061]' for 'GET' to 'http://localhost:63061/session/282807fdde94d5d47600cbbc12fa34b9/alert/text'
12:30:55.404 [Forwarding getAlertText on session 282807fdde94d5d47600cbbc12fa34b9 to remote] DEBUG org.asynchttpclient.netty.request.NettyRequestSender - Using open Channel [id: 0x1ee33d92, L:/127.0.0.1:59951 - R:localhost/127.0.0.1:63061] for GET '/session/282807fdde94d5d47600cbbc12fa34b9/alert/text'
12:30:55.406 [AsyncHttpClient-1-2] DEBUG org.asynchttpclient.netty.handler.HttpHandler - 

Request DefaultFullHttpRequest(decodeResult: success, version: HTTP/1.1, content: EmptyByteBufBE)
GET /session/282807fdde94d5d47600cbbc12fa34b9/alert/text HTTP/1.1
User-Agent: selenium/4.4.0 (java windows)
Cache-Control: no-cache
Content-Type: application/json; charset=utf-8
host: localhost:63061
accept: */*

Response DefaultHttpResponse(decodeResult: success, version: HTTP/1.1)
HTTP/1.1 404 Not Found
Content-Type: application/json; charset=utf-8
cache-control: no-cache
content-length: 879

12:30:55.407 [AsyncHttpClient-1-2] DEBUG org.asynchttpclient.netty.channel.ChannelManager - Adding key: http://localhost:63061 for channel [id: 0x1ee33d92, L:/127.0.0.1:59951 - R:localhost/127.0.0.1:63061]
12:30:55.420 [Forwarding switchToWindow on session 282807fdde94d5d47600cbbc12fa34b9 to remote] DEBUG org.asynchttpclient.netty.request.NettyRequestSender - Using pooled Channel '[id: 0x1ee33d92, L:/127.0.0.1:59951 - R:localhost/127.0.0.1:63061]' for 'POST' to 'http://localhost:63061/session/282807fdde94d5d47600cbbc12fa34b9/window'
12:30:55.421 [Forwarding switchToWindow on session 282807fdde94d5d47600cbbc12fa34b9 to remote] DEBUG org.asynchttpclient.netty.request.NettyRequestSender - Using open Channel [id: 0x1ee33d92, L:/127.0.0.1:59951 - R:localhost/127.0.0.1:63061] for POST '/session/282807fdde94d5d47600cbbc12fa34b9/window'
12:30:55.428 [AsyncHttpClient-1-2] DEBUG org.asynchttpclient.netty.handler.HttpHandler - 

Request DefaultHttpRequest(decodeResult: success, version: HTTP/1.1)
POST /session/282807fdde94d5d47600cbbc12fa34b9/window HTTP/1.1
User-Agent: selenium/4.4.0 (java windows)
Content-Length: 59
Content-Type: application/json; charset=utf-8
host: localhost:63061
accept: */*

Response DefaultHttpResponse(decodeResult: success, version: HTTP/1.1)
HTTP/1.1 200 OK
Content-Type: application/json; charset=utf-8
cache-control: no-cache
content-length: 14

12:30:55.429 [AsyncHttpClient-1-2] DEBUG org.asynchttpclient.netty.channel.ChannelManager - Adding key: http://localhost:63061 for channel [id: 0x1ee33d92, L:/127.0.0.1:59951 - R:localhost/127.0.0.1:63061]
12:30:55.432 [Forwarding getCurrentUrl on session 282807fdde94d5d47600cbbc12fa34b9 to remote] DEBUG org.asynchttpclient.netty.request.NettyRequestSender - Using pooled Channel '[id: 0x1ee33d92, L:/127.0.0.1:59951 - R:localhost/127.0.0.1:63061]' for 'GET' to 'http://localhost:63061/session/282807fdde94d5d47600cbbc12fa34b9/url'
12:30:55.432 [Forwarding getCurrentUrl on session 282807fdde94d5d47600cbbc12fa34b9 to remote] DEBUG org.asynchttpclient.netty.request.NettyRequestSender - Using open Channel [id: 0x1ee33d92, L:/127.0.0.1:59951 - R:localhost/127.0.0.1:63061] for GET '/session/282807fdde94d5d47600cbbc12fa34b9/url'
12:30:55.438 [AsyncHttpClient-1-2] DEBUG org.asynchttpclient.netty.handler.HttpHandler - 

Request DefaultFullHttpRequest(decodeResult: success, version: HTTP/1.1, content: EmptyByteBufBE)
GET /session/282807fdde94d5d47600cbbc12fa34b9/url HTTP/1.1
User-Agent: selenium/4.4.0 (java windows)
Cache-Control: no-cache
Content-Type: application/json; charset=utf-8
host: localhost:63061
accept: */*

Response DefaultHttpResponse(decodeResult: success, version: HTTP/1.1)
HTTP/1.1 200 OK
Content-Type: application/json; charset=utf-8
cache-control: no-cache
content-length: 38

12:30:55.439 [AsyncHttpClient-1-2] DEBUG org.asynchttpclient.netty.channel.ChannelManager - Adding key: http://localhost:63061 for channel [id: 0x1ee33d92, L:/127.0.0.1:59951 - R:localhost/127.0.0.1:63061]
12:30:55.442 [Forwarding screenshot on session 282807fdde94d5d47600cbbc12fa34b9 to remote] DEBUG org.asynchttpclient.netty.request.NettyRequestSender - Using pooled Channel '[id: 0x1ee33d92, L:/127.0.0.1:59951 - R:localhost/127.0.0.1:63061]' for 'GET' to 'http://localhost:63061/session/282807fdde94d5d47600cbbc12fa34b9/screenshot'
12:30:55.442 [Forwarding screenshot on session 282807fdde94d5d47600cbbc12fa34b9 to remote] DEBUG org.asynchttpclient.netty.request.NettyRequestSender - Using open Channel [id: 0x1ee33d92, L:/127.0.0.1:59951 - R:localhost/127.0.0.1:63061] for GET '/session/282807fdde94d5d47600cbbc12fa34b9/screenshot'
12:30:55.548 [AsyncHttpClient-1-2] DEBUG org.asynchttpclient.netty.handler.HttpHandler - 

Request DefaultFullHttpRequest(decodeResult: success, version: HTTP/1.1, content: EmptyByteBufBE)
GET /session/282807fdde94d5d47600cbbc12fa34b9/screenshot HTTP/1.1
User-Agent: selenium/4.4.0 (java windows)
Cache-Control: no-cache
Content-Type: application/json; charset=utf-8
host: localhost:63061
accept: */*

Response DefaultHttpResponse(decodeResult: success, version: HTTP/1.1)
HTTP/1.1 200 OK
Content-Type: application/json; charset=utf-8
cache-control: no-cache
content-length: 59108

12:30:55.550 [AsyncHttpClient-1-2] DEBUG org.asynchttpclient.netty.channel.ChannelManager - Adding key: http://localhost:63061 for channel [id: 0x1ee33d92, L:/127.0.0.1:59951 - R:localhost/127.0.0.1:63061]
12:30:55.622 [Test worker] DEBUG net.serenitybdd.core.photography.Darkroom - Send negative for processing for C:\Users\juan.gomezv\IdeaProjects\sura\target\site\serenity\60e3c498caf7a8fcf635471a5092c247627e1395d91e12246eaf1a3e7a34e095.png
12:30:55.623 [Darkroom Processing Line] DEBUG net.serenitybdd.core.photography.DarkroomProcessingLine - Processing screenshot image in /var/screenshots/screenshot-7435537033767320997
12:30:55.623 [Darkroom Processing Line] DEBUG net.serenitybdd.core.photography.DarkroomProcessingLine - Saving screenshot to C:\Users\juan.gomezv\IdeaProjects\sura\target\site\serenity\60e3c498caf7a8fcf635471a5092c247627e1395d91e12246eaf1a3e7a34e095.png
12:30:55.625 [Test worker] DEBUG net.thucydides.core.steps.StepInterceptor - STEP DONE: {0} opens the #targetPageName
12:30:55.648 [Test worker] DEBUG net.thucydides.core.steps.StepInterceptor - STEP DONE: {0} abre la aplicación
  ?[32mDado ?[0m?[32m?[0m?[32m?[1mAna?[0m?[32m quiere consultar articulos deportivos en la web de la marca Swag?[0m   ?[90m# sura.stepDefinitions.LoginSteps.quiereConsultarArticulosDeportivosEnLaWebDeLaMarcaSwag(net.serenitybdd.screenplay.Actor)?[0m
12:30:55.698 [Forwarding getCurrentWindowHandle on session 282807fdde94d5d47600cbbc12fa34b9 to remote] DEBUG org.asynchttpclient.netty.request.NettyRequestSender - Using pooled Channel '[id: 0x1ee33d92, L:/127.0.0.1:59951 - R:localhost/127.0.0.1:63061]' for 'GET' to 'http://localhost:63061/session/282807fdde94d5d47600cbbc12fa34b9/window'
12:30:55.698 [Forwarding getCurrentWindowHandle on session 282807fdde94d5d47600cbbc12fa34b9 to remote] DEBUG org.asynchttpclient.netty.request.NettyRequestSender - Using open Channel [id: 0x1ee33d92, L:/127.0.0.1:59951 - R:localhost/127.0.0.1:63061] for GET '/session/282807fdde94d5d47600cbbc12fa34b9/window'
12:30:55.700 [AsyncHttpClient-1-2] DEBUG org.asynchttpclient.netty.handler.HttpHandler - 

Request DefaultFullHttpRequest(decodeResult: success, version: HTTP/1.1, content: EmptyByteBufBE)
GET /session/282807fdde94d5d47600cbbc12fa34b9/window HTTP/1.1
User-Agent: selenium/4.4.0 (java windows)
Cache-Control: no-cache
Content-Type: application/json; charset=utf-8
host: localhost:63061
accept: */*

Response DefaultHttpResponse(decodeResult: success, version: HTTP/1.1)
HTTP/1.1 200 OK
Content-Type: application/json; charset=utf-8
cache-control: no-cache
content-length: 53

12:30:55.701 [AsyncHttpClient-1-2] DEBUG org.asynchttpclient.netty.channel.ChannelManager - Adding key: http://localhost:63061 for channel [id: 0x1ee33d92, L:/127.0.0.1:59951 - R:localhost/127.0.0.1:63061]
12:30:55.707 [Forwarding getAlertText on session 282807fdde94d5d47600cbbc12fa34b9 to remote] DEBUG org.asynchttpclient.netty.request.NettyRequestSender - Using pooled Channel '[id: 0x1ee33d92, L:/127.0.0.1:59951 - R:localhost/127.0.0.1:63061]' for 'GET' to 'http://localhost:63061/session/282807fdde94d5d47600cbbc12fa34b9/alert/text'
12:30:55.707 [Forwarding getAlertText on session 282807fdde94d5d47600cbbc12fa34b9 to remote] DEBUG org.asynchttpclient.netty.request.NettyRequestSender - Using open Channel [id: 0x1ee33d92, L:/127.0.0.1:59951 - R:localhost/127.0.0.1:63061] for GET '/session/282807fdde94d5d47600cbbc12fa34b9/alert/text'
12:30:55.710 [AsyncHttpClient-1-2] DEBUG org.asynchttpclient.netty.handler.HttpHandler - 

Request DefaultFullHttpRequest(decodeResult: success, version: HTTP/1.1, content: EmptyByteBufBE)
GET /session/282807fdde94d5d47600cbbc12fa34b9/alert/text HTTP/1.1
User-Agent: selenium/4.4.0 (java windows)
Cache-Control: no-cache
Content-Type: application/json; charset=utf-8
host: localhost:63061
accept: */*

Response DefaultHttpResponse(decodeResult: success, version: HTTP/1.1)
HTTP/1.1 404 Not Found
Content-Type: application/json; charset=utf-8
cache-control: no-cache
content-length: 879

12:30:55.710 [AsyncHttpClient-1-2] DEBUG org.asynchttpclient.netty.channel.ChannelManager - Adding key: http://localhost:63061 for channel [id: 0x1ee33d92, L:/127.0.0.1:59951 - R:localhost/127.0.0.1:63061]
12:30:55.719 [Forwarding switchToWindow on session 282807fdde94d5d47600cbbc12fa34b9 to remote] DEBUG org.asynchttpclient.netty.request.NettyRequestSender - Using pooled Channel '[id: 0x1ee33d92, L:/127.0.0.1:59951 - R:localhost/127.0.0.1:63061]' for 'POST' to 'http://localhost:63061/session/282807fdde94d5d47600cbbc12fa34b9/window'
12:30:55.719 [Forwarding switchToWindow on session 282807fdde94d5d47600cbbc12fa34b9 to remote] DEBUG org.asynchttpclient.netty.request.NettyRequestSender - Using open Channel [id: 0x1ee33d92, L:/127.0.0.1:59951 - R:localhost/127.0.0.1:63061] for POST '/session/282807fdde94d5d47600cbbc12fa34b9/window'
12:30:55.723 [AsyncHttpClient-1-2] DEBUG org.asynchttpclient.netty.handler.HttpHandler - 

Request DefaultHttpRequest(decodeResult: success, version: HTTP/1.1)
POST /session/282807fdde94d5d47600cbbc12fa34b9/window HTTP/1.1
User-Agent: selenium/4.4.0 (java windows)
Content-Length: 59
Content-Type: application/json; charset=utf-8
host: localhost:63061
accept: */*

Response DefaultHttpResponse(decodeResult: success, version: HTTP/1.1)
HTTP/1.1 200 OK
Content-Type: application/json; charset=utf-8
cache-control: no-cache
content-length: 14

12:30:55.724 [AsyncHttpClient-1-2] DEBUG org.asynchttpclient.netty.channel.ChannelManager - Adding key: http://localhost:63061 for channel [id: 0x1ee33d92, L:/127.0.0.1:59951 - R:localhost/127.0.0.1:63061]
12:30:55.726 [Forwarding getCurrentUrl on session 282807fdde94d5d47600cbbc12fa34b9 to remote] DEBUG org.asynchttpclient.netty.request.NettyRequestSender - Using pooled Channel '[id: 0x1ee33d92, L:/127.0.0.1:59951 - R:localhost/127.0.0.1:63061]' for 'GET' to 'http://localhost:63061/session/282807fdde94d5d47600cbbc12fa34b9/url'
12:30:55.726 [Forwarding getCurrentUrl on session 282807fdde94d5d47600cbbc12fa34b9 to remote] DEBUG org.asynchttpclient.netty.request.NettyRequestSender - Using open Channel [id: 0x1ee33d92, L:/127.0.0.1:59951 - R:localhost/127.0.0.1:63061] for GET '/session/282807fdde94d5d47600cbbc12fa34b9/url'
12:30:55.729 [AsyncHttpClient-1-2] DEBUG org.asynchttpclient.netty.handler.HttpHandler - 

Request DefaultFullHttpRequest(decodeResult: success, version: HTTP/1.1, content: EmptyByteBufBE)
GET /session/282807fdde94d5d47600cbbc12fa34b9/url HTTP/1.1
User-Agent: selenium/4.4.0 (java windows)
Cache-Control: no-cache
Content-Type: application/json; charset=utf-8
host: localhost:63061
accept: */*

Response DefaultHttpResponse(decodeResult: success, version: HTTP/1.1)
HTTP/1.1 200 OK
Content-Type: application/json; charset=utf-8
cache-control: no-cache
content-length: 38

12:30:55.730 [AsyncHttpClient-1-2] DEBUG org.asynchttpclient.netty.channel.ChannelManager - Adding key: http://localhost:63061 for channel [id: 0x1ee33d92, L:/127.0.0.1:59951 - R:localhost/127.0.0.1:63061]
12:30:55.732 [Forwarding screenshot on session 282807fdde94d5d47600cbbc12fa34b9 to remote] DEBUG org.asynchttpclient.netty.request.NettyRequestSender - Using pooled Channel '[id: 0x1ee33d92, L:/127.0.0.1:59951 - R:localhost/127.0.0.1:63061]' for 'GET' to 'http://localhost:63061/session/282807fdde94d5d47600cbbc12fa34b9/screenshot'
12:30:55.732 [Forwarding screenshot on session 282807fdde94d5d47600cbbc12fa34b9 to remote] DEBUG org.asynchttpclient.netty.request.NettyRequestSender - Using open Channel [id: 0x1ee33d92, L:/127.0.0.1:59951 - R:localhost/127.0.0.1:63061] for GET '/session/282807fdde94d5d47600cbbc12fa34b9/screenshot'
12:30:55.827 [AsyncHttpClient-1-2] DEBUG org.asynchttpclient.netty.handler.HttpHandler - 

Request DefaultFullHttpRequest(decodeResult: success, version: HTTP/1.1, content: EmptyByteBufBE)
GET /session/282807fdde94d5d47600cbbc12fa34b9/screenshot HTTP/1.1
User-Agent: selenium/4.4.0 (java windows)
Cache-Control: no-cache
Content-Type: application/json; charset=utf-8
host: localhost:63061
accept: */*

Response DefaultHttpResponse(decodeResult: success, version: HTTP/1.1)
HTTP/1.1 200 OK
Content-Type: application/json; charset=utf-8
cache-control: no-cache
content-length: 59108

12:30:55.828 [AsyncHttpClient-1-2] DEBUG org.asynchttpclient.netty.channel.ChannelManager - Adding key: http://localhost:63061 for channel [id: 0x1ee33d92, L:/127.0.0.1:59951 - R:localhost/127.0.0.1:63061]
12:30:55.834 [Test worker] DEBUG net.serenitybdd.core.photography.Darkroom - Send negative for processing for C:\Users\juan.gomezv\IdeaProjects\sura\target\site\serenity\60e3c498caf7a8fcf635471a5092c247627e1395d91e12246eaf1a3e7a34e095.png
12:30:55.842 [Forwarding getPageSource on session 282807fdde94d5d47600cbbc12fa34b9 to remote] DEBUG org.asynchttpclient.netty.request.NettyRequestSender - Using pooled Channel '[id: 0x1ee33d92, L:/127.0.0.1:59951 - R:localhost/127.0.0.1:63061]' for 'POST' to 'http://localhost:63061/session/282807fdde94d5d47600cbbc12fa34b9/execute/sync'
12:30:55.843 [Forwarding getPageSource on session 282807fdde94d5d47600cbbc12fa34b9 to remote] DEBUG org.asynchttpclient.netty.request.NettyRequestSender - Using open Channel [id: 0x1ee33d92, L:/127.0.0.1:59951 - R:localhost/127.0.0.1:63061] for POST '/session/282807fdde94d5d47600cbbc12fa34b9/execute/sync'
12:30:55.852 [AsyncHttpClient-1-2] DEBUG org.asynchttpclient.netty.handler.HttpHandler - 

Request DefaultHttpRequest(decodeResult: success, version: HTTP/1.1)
POST /session/282807fdde94d5d47600cbbc12fa34b9/execute/sync HTTP/1.1
User-Agent: selenium/4.4.0 (java windows)
Content-Length: 176
Content-Type: application/json; charset=utf-8
host: localhost:63061
accept: */*

Response DefaultHttpResponse(decodeResult: success, version: HTTP/1.1)
HTTP/1.1 200 OK
Content-Type: application/json; charset=utf-8
cache-control: no-cache
content-length: 4160

12:30:55.853 [AsyncHttpClient-1-2] DEBUG org.asynchttpclient.netty.channel.ChannelManager - Adding key: http://localhost:63061 for channel [id: 0x1ee33d92, L:/127.0.0.1:59951 - R:localhost/127.0.0.1:63061]
12:30:55.919 [Forwarding getCurrentUrl on session 282807fdde94d5d47600cbbc12fa34b9 to remote] DEBUG org.asynchttpclient.netty.request.NettyRequestSender - Using pooled Channel '[id: 0x1ee33d92, L:/127.0.0.1:59951 - R:localhost/127.0.0.1:63061]' for 'GET' to 'http://localhost:63061/session/282807fdde94d5d47600cbbc12fa34b9/url'
12:30:55.919 [Forwarding getCurrentUrl on session 282807fdde94d5d47600cbbc12fa34b9 to remote] DEBUG org.asynchttpclient.netty.request.NettyRequestSender - Using open Channel [id: 0x1ee33d92, L:/127.0.0.1:59951 - R:localhost/127.0.0.1:63061] for GET '/session/282807fdde94d5d47600cbbc12fa34b9/url'
12:30:55.922 [AsyncHttpClient-1-2] DEBUG org.asynchttpclient.netty.handler.HttpHandler - 

Request DefaultFullHttpRequest(decodeResult: success, version: HTTP/1.1, content: EmptyByteBufBE)
GET /session/282807fdde94d5d47600cbbc12fa34b9/url HTTP/1.1
User-Agent: selenium/4.4.0 (java windows)
Cache-Control: no-cache
Content-Type: application/json; charset=utf-8
host: localhost:63061
accept: */*

Response DefaultHttpResponse(decodeResult: success, version: HTTP/1.1)
HTTP/1.1 200 OK
Content-Type: application/json; charset=utf-8
cache-control: no-cache
content-length: 38

12:30:55.922 [AsyncHttpClient-1-2] DEBUG org.asynchttpclient.netty.channel.ChannelManager - Adding key: http://localhost:63061 for channel [id: 0x1ee33d92, L:/127.0.0.1:59951 - R:localhost/127.0.0.1:63061]
12:30:55.958 [Forwarding getCurrentWindowHandle on session 282807fdde94d5d47600cbbc12fa34b9 to remote] DEBUG org.asynchttpclient.netty.request.NettyRequestSender - Using pooled Channel '[id: 0x1ee33d92, L:/127.0.0.1:59951 - R:localhost/127.0.0.1:63061]' for 'GET' to 'http://localhost:63061/session/282807fdde94d5d47600cbbc12fa34b9/window'
12:30:55.958 [Forwarding getCurrentWindowHandle on session 282807fdde94d5d47600cbbc12fa34b9 to remote] DEBUG org.asynchttpclient.netty.request.NettyRequestSender - Using open Channel [id: 0x1ee33d92, L:/127.0.0.1:59951 - R:localhost/127.0.0.1:63061] for GET '/session/282807fdde94d5d47600cbbc12fa34b9/window'
12:30:55.959 [AsyncHttpClient-1-2] DEBUG org.asynchttpclient.netty.handler.HttpHandler - 

Request DefaultFullHttpRequest(decodeResult: success, version: HTTP/1.1, content: EmptyByteBufBE)
GET /session/282807fdde94d5d47600cbbc12fa34b9/window HTTP/1.1
User-Agent: selenium/4.4.0 (java windows)
Cache-Control: no-cache
Content-Type: application/json; charset=utf-8
host: localhost:63061
accept: */*

Response DefaultHttpResponse(decodeResult: success, version: HTTP/1.1)
HTTP/1.1 200 OK
Content-Type: application/json; charset=utf-8
cache-control: no-cache
content-length: 53

12:30:55.959 [AsyncHttpClient-1-2] DEBUG org.asynchttpclient.netty.channel.ChannelManager - Adding key: http://localhost:63061 for channel [id: 0x1ee33d92, L:/127.0.0.1:59951 - R:localhost/127.0.0.1:63061]
12:30:55.964 [Forwarding getAlertText on session 282807fdde94d5d47600cbbc12fa34b9 to remote] DEBUG org.asynchttpclient.netty.request.NettyRequestSender - Using pooled Channel '[id: 0x1ee33d92, L:/127.0.0.1:59951 - R:localhost/127.0.0.1:63061]' for 'GET' to 'http://localhost:63061/session/282807fdde94d5d47600cbbc12fa34b9/alert/text'
12:30:55.964 [Forwarding getAlertText on session 282807fdde94d5d47600cbbc12fa34b9 to remote] DEBUG org.asynchttpclient.netty.request.NettyRequestSender - Using open Channel [id: 0x1ee33d92, L:/127.0.0.1:59951 - R:localhost/127.0.0.1:63061] for GET '/session/282807fdde94d5d47600cbbc12fa34b9/alert/text'
12:30:55.967 [AsyncHttpClient-1-2] DEBUG org.asynchttpclient.netty.handler.HttpHandler - 

Request DefaultFullHttpRequest(decodeResult: success, version: HTTP/1.1, content: EmptyByteBufBE)
GET /session/282807fdde94d5d47600cbbc12fa34b9/alert/text HTTP/1.1
User-Agent: selenium/4.4.0 (java windows)
Cache-Control: no-cache
Content-Type: application/json; charset=utf-8
host: localhost:63061
accept: */*

Response DefaultHttpResponse(decodeResult: success, version: HTTP/1.1)
HTTP/1.1 404 Not Found
Content-Type: application/json; charset=utf-8
cache-control: no-cache
content-length: 879

12:30:55.967 [AsyncHttpClient-1-2] DEBUG org.asynchttpclient.netty.channel.ChannelManager - Adding key: http://localhost:63061 for channel [id: 0x1ee33d92, L:/127.0.0.1:59951 - R:localhost/127.0.0.1:63061]
12:30:55.974 [Forwarding switchToWindow on session 282807fdde94d5d47600cbbc12fa34b9 to remote] DEBUG org.asynchttpclient.netty.request.NettyRequestSender - Using pooled Channel '[id: 0x1ee33d92, L:/127.0.0.1:59951 - R:localhost/127.0.0.1:63061]' for 'POST' to 'http://localhost:63061/session/282807fdde94d5d47600cbbc12fa34b9/window'
12:30:55.974 [Forwarding switchToWindow on session 282807fdde94d5d47600cbbc12fa34b9 to remote] DEBUG org.asynchttpclient.netty.request.NettyRequestSender - Using open Channel [id: 0x1ee33d92, L:/127.0.0.1:59951 - R:localhost/127.0.0.1:63061] for POST '/session/282807fdde94d5d47600cbbc12fa34b9/window'
12:30:55.977 [AsyncHttpClient-1-2] DEBUG org.asynchttpclient.netty.handler.HttpHandler - 

Request DefaultHttpRequest(decodeResult: success, version: HTTP/1.1)
POST /session/282807fdde94d5d47600cbbc12fa34b9/window HTTP/1.1
User-Agent: selenium/4.4.0 (java windows)
Content-Length: 59
Content-Type: application/json; charset=utf-8
host: localhost:63061
accept: */*

Response DefaultHttpResponse(decodeResult: success, version: HTTP/1.1)
HTTP/1.1 200 OK
Content-Type: application/json; charset=utf-8
cache-control: no-cache
content-length: 14

12:30:55.977 [AsyncHttpClient-1-2] DEBUG org.asynchttpclient.netty.channel.ChannelManager - Adding key: http://localhost:63061 for channel [id: 0x1ee33d92, L:/127.0.0.1:59951 - R:localhost/127.0.0.1:63061]
12:30:55.978 [Forwarding getCurrentUrl on session 282807fdde94d5d47600cbbc12fa34b9 to remote] DEBUG org.asynchttpclient.netty.request.NettyRequestSender - Using pooled Channel '[id: 0x1ee33d92, L:/127.0.0.1:59951 - R:localhost/127.0.0.1:63061]' for 'GET' to 'http://localhost:63061/session/282807fdde94d5d47600cbbc12fa34b9/url'
12:30:55.978 [Forwarding getCurrentUrl on session 282807fdde94d5d47600cbbc12fa34b9 to remote] DEBUG org.asynchttpclient.netty.request.NettyRequestSender - Using open Channel [id: 0x1ee33d92, L:/127.0.0.1:59951 - R:localhost/127.0.0.1:63061] for GET '/session/282807fdde94d5d47600cbbc12fa34b9/url'
12:30:55.981 [AsyncHttpClient-1-2] DEBUG org.asynchttpclient.netty.handler.HttpHandler - 

Request DefaultFullHttpRequest(decodeResult: success, version: HTTP/1.1, content: EmptyByteBufBE)
GET /session/282807fdde94d5d47600cbbc12fa34b9/url HTTP/1.1
User-Agent: selenium/4.4.0 (java windows)
Cache-Control: no-cache
Content-Type: application/json; charset=utf-8
host: localhost:63061
accept: */*

Response DefaultHttpResponse(decodeResult: success, version: HTTP/1.1)
HTTP/1.1 200 OK
Content-Type: application/json; charset=utf-8
cache-control: no-cache
content-length: 38

12:30:55.981 [AsyncHttpClient-1-2] DEBUG org.asynchttpclient.netty.channel.ChannelManager - Adding key: http://localhost:63061 for channel [id: 0x1ee33d92, L:/127.0.0.1:59951 - R:localhost/127.0.0.1:63061]
12:30:55.983 [Forwarding screenshot on session 282807fdde94d5d47600cbbc12fa34b9 to remote] DEBUG org.asynchttpclient.netty.request.NettyRequestSender - Using pooled Channel '[id: 0x1ee33d92, L:/127.0.0.1:59951 - R:localhost/127.0.0.1:63061]' for 'GET' to 'http://localhost:63061/session/282807fdde94d5d47600cbbc12fa34b9/screenshot'
12:30:55.983 [Forwarding screenshot on session 282807fdde94d5d47600cbbc12fa34b9 to remote] DEBUG org.asynchttpclient.netty.request.NettyRequestSender - Using open Channel [id: 0x1ee33d92, L:/127.0.0.1:59951 - R:localhost/127.0.0.1:63061] for GET '/session/282807fdde94d5d47600cbbc12fa34b9/screenshot'
12:30:56.057 [AsyncHttpClient-1-2] DEBUG org.asynchttpclient.netty.handler.HttpHandler - 

Request DefaultFullHttpRequest(decodeResult: success, version: HTTP/1.1, content: EmptyByteBufBE)
GET /session/282807fdde94d5d47600cbbc12fa34b9/screenshot HTTP/1.1
User-Agent: selenium/4.4.0 (java windows)
Cache-Control: no-cache
Content-Type: application/json; charset=utf-8
host: localhost:63061
accept: */*

Response DefaultHttpResponse(decodeResult: success, version: HTTP/1.1)
HTTP/1.1 200 OK
Content-Type: application/json; charset=utf-8
cache-control: no-cache
content-length: 59108

12:30:56.057 [AsyncHttpClient-1-2] DEBUG org.asynchttpclient.netty.channel.ChannelManager - Adding key: http://localhost:63061 for channel [id: 0x1ee33d92, L:/127.0.0.1:59951 - R:localhost/127.0.0.1:63061]
12:30:56.059 [Test worker] DEBUG net.serenitybdd.core.photography.Darkroom - Send negative for processing for C:\Users\juan.gomezv\IdeaProjects\sura\target\site\serenity\60e3c498caf7a8fcf635471a5092c247627e1395d91e12246eaf1a3e7a34e095.png
12:30:56.065 [Forwarding getPageSource on session 282807fdde94d5d47600cbbc12fa34b9 to remote] DEBUG org.asynchttpclient.netty.request.NettyRequestSender - Using pooled Channel '[id: 0x1ee33d92, L:/127.0.0.1:59951 - R:localhost/127.0.0.1:63061]' for 'POST' to 'http://localhost:63061/session/282807fdde94d5d47600cbbc12fa34b9/execute/sync'
12:30:56.065 [Forwarding getPageSource on session 282807fdde94d5d47600cbbc12fa34b9 to remote] DEBUG org.asynchttpclient.netty.request.NettyRequestSender - Using open Channel [id: 0x1ee33d92, L:/127.0.0.1:59951 - R:localhost/127.0.0.1:63061] for POST '/session/282807fdde94d5d47600cbbc12fa34b9/execute/sync'
12:30:56.070 [AsyncHttpClient-1-2] DEBUG org.asynchttpclient.netty.handler.HttpHandler - 

Request DefaultHttpRequest(decodeResult: success, version: HTTP/1.1)
POST /session/282807fdde94d5d47600cbbc12fa34b9/execute/sync HTTP/1.1
User-Agent: selenium/4.4.0 (java windows)
Content-Length: 176
Content-Type: application/json; charset=utf-8
host: localhost:63061
accept: */*

Response DefaultHttpResponse(decodeResult: success, version: HTTP/1.1)
HTTP/1.1 200 OK
Content-Type: application/json; charset=utf-8
cache-control: no-cache
content-length: 4160

12:30:56.071 [AsyncHttpClient-1-2] DEBUG org.asynchttpclient.netty.channel.ChannelManager - Adding key: http://localhost:63061 for channel [id: 0x1ee33d92, L:/127.0.0.1:59951 - R:localhost/127.0.0.1:63061]
12:30:56.073 [Forwarding getCurrentUrl on session 282807fdde94d5d47600cbbc12fa34b9 to remote] DEBUG org.asynchttpclient.netty.request.NettyRequestSender - Using pooled Channel '[id: 0x1ee33d92, L:/127.0.0.1:59951 - R:localhost/127.0.0.1:63061]' for 'GET' to 'http://localhost:63061/session/282807fdde94d5d47600cbbc12fa34b9/url'
12:30:56.073 [Forwarding getCurrentUrl on session 282807fdde94d5d47600cbbc12fa34b9 to remote] DEBUG org.asynchttpclient.netty.request.NettyRequestSender - Using open Channel [id: 0x1ee33d92, L:/127.0.0.1:59951 - R:localhost/127.0.0.1:63061] for GET '/session/282807fdde94d5d47600cbbc12fa34b9/url'
12:30:56.076 [AsyncHttpClient-1-2] DEBUG org.asynchttpclient.netty.handler.HttpHandler - 

Request DefaultFullHttpRequest(decodeResult: success, version: HTTP/1.1, content: EmptyByteBufBE)
GET /session/282807fdde94d5d47600cbbc12fa34b9/url HTTP/1.1
User-Agent: selenium/4.4.0 (java windows)
Cache-Control: no-cache
Content-Type: application/json; charset=utf-8
host: localhost:63061
accept: */*

Response DefaultHttpResponse(decodeResult: success, version: HTTP/1.1)
HTTP/1.1 200 OK
Content-Type: application/json; charset=utf-8
cache-control: no-cache
content-length: 38

12:30:56.076 [AsyncHttpClient-1-2] DEBUG org.asynchttpclient.netty.channel.ChannelManager - Adding key: http://localhost:63061 for channel [id: 0x1ee33d92, L:/127.0.0.1:59951 - R:localhost/127.0.0.1:63061]
12:30:56.078 [Test worker] DEBUG net.thucydides.core.steps.StepInterceptor - STARTING STEP: LoginSteps.elSeAutenticaComoUnUsuario - performAs
12:30:56.130 [Forwarding getCurrentWindowHandle on session 282807fdde94d5d47600cbbc12fa34b9 to remote] DEBUG org.asynchttpclient.netty.request.NettyRequestSender - Using pooled Channel '[id: 0x1ee33d92, L:/127.0.0.1:59951 - R:localhost/127.0.0.1:63061]' for 'GET' to 'http://localhost:63061/session/282807fdde94d5d47600cbbc12fa34b9/window'
12:30:56.131 [Forwarding getCurrentWindowHandle on session 282807fdde94d5d47600cbbc12fa34b9 to remote] DEBUG org.asynchttpclient.netty.request.NettyRequestSender - Using open Channel [id: 0x1ee33d92, L:/127.0.0.1:59951 - R:localhost/127.0.0.1:63061] for GET '/session/282807fdde94d5d47600cbbc12fa34b9/window'
12:30:56.132 [AsyncHttpClient-1-2] DEBUG org.asynchttpclient.netty.handler.HttpHandler - 

Request DefaultFullHttpRequest(decodeResult: success, version: HTTP/1.1, content: EmptyByteBufBE)
GET /session/282807fdde94d5d47600cbbc12fa34b9/window HTTP/1.1
User-Agent: selenium/4.4.0 (java windows)
Cache-Control: no-cache
Content-Type: application/json; charset=utf-8
host: localhost:63061
accept: */*

Response DefaultHttpResponse(decodeResult: success, version: HTTP/1.1)
HTTP/1.1 200 OK
Content-Type: application/json; charset=utf-8
cache-control: no-cache
content-length: 53

12:30:56.133 [AsyncHttpClient-1-2] DEBUG org.asynchttpclient.netty.channel.ChannelManager - Adding key: http://localhost:63061 for channel [id: 0x1ee33d92, L:/127.0.0.1:59951 - R:localhost/127.0.0.1:63061]
12:30:56.141 [Forwarding getAlertText on session 282807fdde94d5d47600cbbc12fa34b9 to remote] DEBUG org.asynchttpclient.netty.request.NettyRequestSender - Using pooled Channel '[id: 0x1ee33d92, L:/127.0.0.1:59951 - R:localhost/127.0.0.1:63061]' for 'GET' to 'http://localhost:63061/session/282807fdde94d5d47600cbbc12fa34b9/alert/text'
12:30:56.141 [Forwarding getAlertText on session 282807fdde94d5d47600cbbc12fa34b9 to remote] DEBUG org.asynchttpclient.netty.request.NettyRequestSender - Using open Channel [id: 0x1ee33d92, L:/127.0.0.1:59951 - R:localhost/127.0.0.1:63061] for GET '/session/282807fdde94d5d47600cbbc12fa34b9/alert/text'
12:30:56.143 [AsyncHttpClient-1-2] DEBUG org.asynchttpclient.netty.handler.HttpHandler - 

Request DefaultFullHttpRequest(decodeResult: success, version: HTTP/1.1, content: EmptyByteBufBE)
GET /session/282807fdde94d5d47600cbbc12fa34b9/alert/text HTTP/1.1
User-Agent: selenium/4.4.0 (java windows)
Cache-Control: no-cache
Content-Type: application/json; charset=utf-8
host: localhost:63061
accept: */*

Response DefaultHttpResponse(decodeResult: success, version: HTTP/1.1)
HTTP/1.1 404 Not Found
Content-Type: application/json; charset=utf-8
cache-control: no-cache
content-length: 879

12:30:56.143 [AsyncHttpClient-1-2] DEBUG org.asynchttpclient.netty.channel.ChannelManager - Adding key: http://localhost:63061 for channel [id: 0x1ee33d92, L:/127.0.0.1:59951 - R:localhost/127.0.0.1:63061]
12:30:56.147 [Forwarding switchToWindow on session 282807fdde94d5d47600cbbc12fa34b9 to remote] DEBUG org.asynchttpclient.netty.request.NettyRequestSender - Using pooled Channel '[id: 0x1ee33d92, L:/127.0.0.1:59951 - R:localhost/127.0.0.1:63061]' for 'POST' to 'http://localhost:63061/session/282807fdde94d5d47600cbbc12fa34b9/window'
12:30:56.147 [Forwarding switchToWindow on session 282807fdde94d5d47600cbbc12fa34b9 to remote] DEBUG org.asynchttpclient.netty.request.NettyRequestSender - Using open Channel [id: 0x1ee33d92, L:/127.0.0.1:59951 - R:localhost/127.0.0.1:63061] for POST '/session/282807fdde94d5d47600cbbc12fa34b9/window'
12:30:56.152 [AsyncHttpClient-1-2] DEBUG org.asynchttpclient.netty.handler.HttpHandler - 

Request DefaultHttpRequest(decodeResult: success, version: HTTP/1.1)
POST /session/282807fdde94d5d47600cbbc12fa34b9/window HTTP/1.1
User-Agent: selenium/4.4.0 (java windows)
Content-Length: 59
Content-Type: application/json; charset=utf-8
host: localhost:63061
accept: */*

Response DefaultHttpResponse(decodeResult: success, version: HTTP/1.1)
HTTP/1.1 200 OK
Content-Type: application/json; charset=utf-8
cache-control: no-cache
content-length: 14

12:30:56.152 [AsyncHttpClient-1-2] DEBUG org.asynchttpclient.netty.channel.ChannelManager - Adding key: http://localhost:63061 for channel [id: 0x1ee33d92, L:/127.0.0.1:59951 - R:localhost/127.0.0.1:63061]
12:30:56.153 [Forwarding getCurrentUrl on session 282807fdde94d5d47600cbbc12fa34b9 to remote] DEBUG org.asynchttpclient.netty.request.NettyRequestSender - Using pooled Channel '[id: 0x1ee33d92, L:/127.0.0.1:59951 - R:localhost/127.0.0.1:63061]' for 'GET' to 'http://localhost:63061/session/282807fdde94d5d47600cbbc12fa34b9/url'
12:30:56.153 [Forwarding getCurrentUrl on session 282807fdde94d5d47600cbbc12fa34b9 to remote] DEBUG org.asynchttpclient.netty.request.NettyRequestSender - Using open Channel [id: 0x1ee33d92, L:/127.0.0.1:59951 - R:localhost/127.0.0.1:63061] for GET '/session/282807fdde94d5d47600cbbc12fa34b9/url'
12:30:56.157 [AsyncHttpClient-1-2] DEBUG org.asynchttpclient.netty.handler.HttpHandler - 

Request DefaultFullHttpRequest(decodeResult: success, version: HTTP/1.1, content: EmptyByteBufBE)
GET /session/282807fdde94d5d47600cbbc12fa34b9/url HTTP/1.1
User-Agent: selenium/4.4.0 (java windows)
Cache-Control: no-cache
Content-Type: application/json; charset=utf-8
host: localhost:63061
accept: */*

Response DefaultHttpResponse(decodeResult: success, version: HTTP/1.1)
HTTP/1.1 200 OK
Content-Type: application/json; charset=utf-8
cache-control: no-cache
content-length: 38

12:30:56.157 [AsyncHttpClient-1-2] DEBUG org.asynchttpclient.netty.channel.ChannelManager - Adding key: http://localhost:63061 for channel [id: 0x1ee33d92, L:/127.0.0.1:59951 - R:localhost/127.0.0.1:63061]
12:30:56.158 [Forwarding screenshot on session 282807fdde94d5d47600cbbc12fa34b9 to remote] DEBUG org.asynchttpclient.netty.request.NettyRequestSender - Using pooled Channel '[id: 0x1ee33d92, L:/127.0.0.1:59951 - R:localhost/127.0.0.1:63061]' for 'GET' to 'http://localhost:63061/session/282807fdde94d5d47600cbbc12fa34b9/screenshot'
12:30:56.158 [Forwarding screenshot on session 282807fdde94d5d47600cbbc12fa34b9 to remote] DEBUG org.asynchttpclient.netty.request.NettyRequestSender - Using open Channel [id: 0x1ee33d92, L:/127.0.0.1:59951 - R:localhost/127.0.0.1:63061] for GET '/session/282807fdde94d5d47600cbbc12fa34b9/screenshot'
12:30:56.263 [AsyncHttpClient-1-2] DEBUG org.asynchttpclient.netty.handler.HttpHandler - 

Request DefaultFullHttpRequest(decodeResult: success, version: HTTP/1.1, content: EmptyByteBufBE)
GET /session/282807fdde94d5d47600cbbc12fa34b9/screenshot HTTP/1.1
User-Agent: selenium/4.4.0 (java windows)
Cache-Control: no-cache
Content-Type: application/json; charset=utf-8
host: localhost:63061
accept: */*

Response DefaultHttpResponse(decodeResult: success, version: HTTP/1.1)
HTTP/1.1 200 OK
Content-Type: application/json; charset=utf-8
cache-control: no-cache
content-length: 59108

12:30:56.264 [AsyncHttpClient-1-2] DEBUG org.asynchttpclient.netty.channel.ChannelManager - Adding key: http://localhost:63061 for channel [id: 0x1ee33d92, L:/127.0.0.1:59951 - R:localhost/127.0.0.1:63061]
12:30:56.268 [Test worker] DEBUG net.serenitybdd.core.photography.Darkroom - Send negative for processing for C:\Users\juan.gomezv\IdeaProjects\sura\target\site\serenity\60e3c498caf7a8fcf635471a5092c247627e1395d91e12246eaf1a3e7a34e095.png
12:30:56.274 [Forwarding getPageSource on session 282807fdde94d5d47600cbbc12fa34b9 to remote] DEBUG org.asynchttpclient.netty.request.NettyRequestSender - Using pooled Channel '[id: 0x1ee33d92, L:/127.0.0.1:59951 - R:localhost/127.0.0.1:63061]' for 'POST' to 'http://localhost:63061/session/282807fdde94d5d47600cbbc12fa34b9/execute/sync'
12:30:56.274 [Forwarding getPageSource on session 282807fdde94d5d47600cbbc12fa34b9 to remote] DEBUG org.asynchttpclient.netty.request.NettyRequestSender - Using open Channel [id: 0x1ee33d92, L:/127.0.0.1:59951 - R:localhost/127.0.0.1:63061] for POST '/session/282807fdde94d5d47600cbbc12fa34b9/execute/sync'
12:30:56.279 [AsyncHttpClient-1-2] DEBUG org.asynchttpclient.netty.handler.HttpHandler - 

Request DefaultHttpRequest(decodeResult: success, version: HTTP/1.1)
POST /session/282807fdde94d5d47600cbbc12fa34b9/execute/sync HTTP/1.1
User-Agent: selenium/4.4.0 (java windows)
Content-Length: 176
Content-Type: application/json; charset=utf-8
host: localhost:63061
accept: */*

Response DefaultHttpResponse(decodeResult: success, version: HTTP/1.1)
HTTP/1.1 200 OK
Content-Type: application/json; charset=utf-8
cache-control: no-cache
content-length: 4160

12:30:56.279 [AsyncHttpClient-1-2] DEBUG org.asynchttpclient.netty.channel.ChannelManager - Adding key: http://localhost:63061 for channel [id: 0x1ee33d92, L:/127.0.0.1:59951 - R:localhost/127.0.0.1:63061]
12:30:56.283 [Forwarding getCurrentUrl on session 282807fdde94d5d47600cbbc12fa34b9 to remote] DEBUG org.asynchttpclient.netty.request.NettyRequestSender - Using pooled Channel '[id: 0x1ee33d92, L:/127.0.0.1:59951 - R:localhost/127.0.0.1:63061]' for 'GET' to 'http://localhost:63061/session/282807fdde94d5d47600cbbc12fa34b9/url'
12:30:56.283 [Forwarding getCurrentUrl on session 282807fdde94d5d47600cbbc12fa34b9 to remote] DEBUG org.asynchttpclient.netty.request.NettyRequestSender - Using open Channel [id: 0x1ee33d92, L:/127.0.0.1:59951 - R:localhost/127.0.0.1:63061] for GET '/session/282807fdde94d5d47600cbbc12fa34b9/url'
12:30:56.288 [AsyncHttpClient-1-2] DEBUG org.asynchttpclient.netty.handler.HttpHandler - 

Request DefaultFullHttpRequest(decodeResult: success, version: HTTP/1.1, content: EmptyByteBufBE)
GET /session/282807fdde94d5d47600cbbc12fa34b9/url HTTP/1.1
User-Agent: selenium/4.4.0 (java windows)
Cache-Control: no-cache
Content-Type: application/json; charset=utf-8
host: localhost:63061
accept: */*

Response DefaultHttpResponse(decodeResult: success, version: HTTP/1.1)
HTTP/1.1 200 OK
Content-Type: application/json; charset=utf-8
cache-control: no-cache
content-length: 38

12:30:56.288 [AsyncHttpClient-1-2] DEBUG org.asynchttpclient.netty.channel.ChannelManager - Adding key: http://localhost:63061 for channel [id: 0x1ee33d92, L:/127.0.0.1:59951 - R:localhost/127.0.0.1:63061]
12:30:56.291 [Test worker] DEBUG net.thucydides.core.steps.StepInterceptor - STARTING STEP: LogIn.performAs - {0} enters #theTextAsAString into #target
12:30:56.342 [Test worker] DEBUG net.serenitybdd.screenplay.targets.IFrameSwitcher - default content already selected for usernameTextBox
12:30:56.371 [Forwarding findElement on session 282807fdde94d5d47600cbbc12fa34b9 to remote] DEBUG org.asynchttpclient.netty.request.NettyRequestSender - Using pooled Channel '[id: 0x1ee33d92, L:/127.0.0.1:59951 - R:localhost/127.0.0.1:63061]' for 'POST' to 'http://localhost:63061/session/282807fdde94d5d47600cbbc12fa34b9/element'
12:30:56.371 [Forwarding findElement on session 282807fdde94d5d47600cbbc12fa34b9 to remote] DEBUG org.asynchttpclient.netty.request.NettyRequestSender - Using open Channel [id: 0x1ee33d92, L:/127.0.0.1:59951 - R:localhost/127.0.0.1:63061] for POST '/session/282807fdde94d5d47600cbbc12fa34b9/element'
12:30:56.379 [AsyncHttpClient-1-2] DEBUG org.asynchttpclient.netty.handler.HttpHandler - 

Request DefaultHttpRequest(decodeResult: success, version: HTTP/1.1)
POST /session/282807fdde94d5d47600cbbc12fa34b9/element HTTP/1.1
User-Agent: selenium/4.4.0 (java windows)
Content-Length: 67
Content-Type: application/json; charset=utf-8
host: localhost:63061
accept: */*

Response DefaultHttpResponse(decodeResult: success, version: HTTP/1.1)
HTTP/1.1 200 OK
Content-Type: application/json; charset=utf-8
cache-control: no-cache
content-length: 88

12:30:56.380 [AsyncHttpClient-1-2] DEBUG org.asynchttpclient.netty.channel.ChannelManager - Adding key: http://localhost:63061 for channel [id: 0x1ee33d92, L:/127.0.0.1:59951 - R:localhost/127.0.0.1:63061]
12:30:56.382 [Forwarding clearElement on session 282807fdde94d5d47600cbbc12fa34b9 to remote] DEBUG org.asynchttpclient.netty.request.NettyRequestSender - Using pooled Channel '[id: 0x1ee33d92, L:/127.0.0.1:59951 - R:localhost/127.0.0.1:63061]' for 'POST' to 'http://localhost:63061/session/282807fdde94d5d47600cbbc12fa34b9/element/acadf4fe-e72b-4d3d-8910-b8f60a429573/clear'
12:30:56.382 [Forwarding clearElement on session 282807fdde94d5d47600cbbc12fa34b9 to remote] DEBUG org.asynchttpclient.netty.request.NettyRequestSender - Using open Channel [id: 0x1ee33d92, L:/127.0.0.1:59951 - R:localhost/127.0.0.1:63061] for POST '/session/282807fdde94d5d47600cbbc12fa34b9/element/acadf4fe-e72b-4d3d-8910-b8f60a429573/clear'
12:30:56.406 [AsyncHttpClient-1-2] DEBUG org.asynchttpclient.netty.handler.HttpHandler - 

Request DefaultHttpRequest(decodeResult: success, version: HTTP/1.1)
POST /session/282807fdde94d5d47600cbbc12fa34b9/element/acadf4fe-e72b-4d3d-8910-b8f60a429573/clear HTTP/1.1
User-Agent: selenium/4.4.0 (java windows)
Content-Length: 50
Content-Type: application/json; charset=utf-8
host: localhost:63061
accept: */*

Response DefaultHttpResponse(decodeResult: success, version: HTTP/1.1)
HTTP/1.1 200 OK
Content-Type: application/json; charset=utf-8
cache-control: no-cache
content-length: 14

12:30:56.406 [AsyncHttpClient-1-2] DEBUG org.asynchttpclient.netty.channel.ChannelManager - Adding key: http://localhost:63061 for channel [id: 0x1ee33d92, L:/127.0.0.1:59951 - R:localhost/127.0.0.1:63061]
12:30:56.411 [Forwarding sendKeysToElement on session 282807fdde94d5d47600cbbc12fa34b9 to remote] DEBUG org.asynchttpclient.netty.request.NettyRequestSender - Using pooled Channel '[id: 0x1ee33d92, L:/127.0.0.1:59951 - R:localhost/127.0.0.1:63061]' for 'POST' to 'http://localhost:63061/session/282807fdde94d5d47600cbbc12fa34b9/element/acadf4fe-e72b-4d3d-8910-b8f60a429573/value'
12:30:56.411 [Forwarding sendKeysToElement on session 282807fdde94d5d47600cbbc12fa34b9 to remote] DEBUG org.asynchttpclient.netty.request.NettyRequestSender - Using open Channel [id: 0x1ee33d92, L:/127.0.0.1:59951 - R:localhost/127.0.0.1:63061] for POST '/session/282807fdde94d5d47600cbbc12fa34b9/element/acadf4fe-e72b-4d3d-8910-b8f60a429573/value'
12:30:56.444 [AsyncHttpClient-1-1] DEBUG org.asynchttpclient.netty.channel.DefaultChannelPool - Entry count for : http://localhost:59952 : 1
12:30:56.465 [AsyncHttpClient-1-2] DEBUG org.asynchttpclient.netty.handler.HttpHandler - 

Request DefaultHttpRequest(decodeResult: success, version: HTTP/1.1)
POST /session/282807fdde94d5d47600cbbc12fa34b9/element/acadf4fe-e72b-4d3d-8910-b8f60a429573/value HTTP/1.1
User-Agent: selenium/4.4.0 (java windows)
Content-Length: 231
Content-Type: application/json; charset=utf-8
host: localhost:63061
accept: */*

Response DefaultHttpResponse(decodeResult: success, version: HTTP/1.1)
HTTP/1.1 200 OK
Content-Type: application/json; charset=utf-8
cache-control: no-cache
content-length: 14

12:30:56.466 [AsyncHttpClient-1-2] DEBUG org.asynchttpclient.netty.channel.ChannelManager - Adding key: http://localhost:63061 for channel [id: 0x1ee33d92, L:/127.0.0.1:59951 - R:localhost/127.0.0.1:63061]
12:30:56.486 [Forwarding getCurrentWindowHandle on session 282807fdde94d5d47600cbbc12fa34b9 to remote] DEBUG org.asynchttpclient.netty.request.NettyRequestSender - Using pooled Channel '[id: 0x1ee33d92, L:/127.0.0.1:59951 - R:localhost/127.0.0.1:63061]' for 'GET' to 'http://localhost:63061/session/282807fdde94d5d47600cbbc12fa34b9/window'
12:30:56.487 [Forwarding getCurrentWindowHandle on session 282807fdde94d5d47600cbbc12fa34b9 to remote] DEBUG org.asynchttpclient.netty.request.NettyRequestSender - Using open Channel [id: 0x1ee33d92, L:/127.0.0.1:59951 - R:localhost/127.0.0.1:63061] for GET '/session/282807fdde94d5d47600cbbc12fa34b9/window'
12:30:56.488 [AsyncHttpClient-1-2] DEBUG org.asynchttpclient.netty.handler.HttpHandler - 

Request DefaultFullHttpRequest(decodeResult: success, version: HTTP/1.1, content: EmptyByteBufBE)
GET /session/282807fdde94d5d47600cbbc12fa34b9/window HTTP/1.1
User-Agent: selenium/4.4.0 (java windows)
Cache-Control: no-cache
Content-Type: application/json; charset=utf-8
host: localhost:63061
accept: */*

Response DefaultHttpResponse(decodeResult: success, version: HTTP/1.1)
HTTP/1.1 200 OK
Content-Type: application/json; charset=utf-8
cache-control: no-cache
content-length: 53

12:30:56.488 [AsyncHttpClient-1-2] DEBUG org.asynchttpclient.netty.channel.ChannelManager - Adding key: http://localhost:63061 for channel [id: 0x1ee33d92, L:/127.0.0.1:59951 - R:localhost/127.0.0.1:63061]
12:30:56.492 [Forwarding getAlertText on session 282807fdde94d5d47600cbbc12fa34b9 to remote] DEBUG org.asynchttpclient.netty.request.NettyRequestSender - Using pooled Channel '[id: 0x1ee33d92, L:/127.0.0.1:59951 - R:localhost/127.0.0.1:63061]' for 'GET' to 'http://localhost:63061/session/282807fdde94d5d47600cbbc12fa34b9/alert/text'
12:30:56.492 [Forwarding getAlertText on session 282807fdde94d5d47600cbbc12fa34b9 to remote] DEBUG org.asynchttpclient.netty.request.NettyRequestSender - Using open Channel [id: 0x1ee33d92, L:/127.0.0.1:59951 - R:localhost/127.0.0.1:63061] for GET '/session/282807fdde94d5d47600cbbc12fa34b9/alert/text'
12:30:56.495 [AsyncHttpClient-1-2] DEBUG org.asynchttpclient.netty.handler.HttpHandler - 

Request DefaultFullHttpRequest(decodeResult: success, version: HTTP/1.1, content: EmptyByteBufBE)
GET /session/282807fdde94d5d47600cbbc12fa34b9/alert/text HTTP/1.1
User-Agent: selenium/4.4.0 (java windows)
Cache-Control: no-cache
Content-Type: application/json; charset=utf-8
host: localhost:63061
accept: */*

Response DefaultHttpResponse(decodeResult: success, version: HTTP/1.1)
HTTP/1.1 404 Not Found
Content-Type: application/json; charset=utf-8
cache-control: no-cache
content-length: 879

12:30:56.495 [AsyncHttpClient-1-2] DEBUG org.asynchttpclient.netty.channel.ChannelManager - Adding key: http://localhost:63061 for channel [id: 0x1ee33d92, L:/127.0.0.1:59951 - R:localhost/127.0.0.1:63061]
12:30:56.501 [Forwarding switchToWindow on session 282807fdde94d5d47600cbbc12fa34b9 to remote] DEBUG org.asynchttpclient.netty.request.NettyRequestSender - Using pooled Channel '[id: 0x1ee33d92, L:/127.0.0.1:59951 - R:localhost/127.0.0.1:63061]' for 'POST' to 'http://localhost:63061/session/282807fdde94d5d47600cbbc12fa34b9/window'
12:30:56.501 [Forwarding switchToWindow on session 282807fdde94d5d47600cbbc12fa34b9 to remote] DEBUG org.asynchttpclient.netty.request.NettyRequestSender - Using open Channel [id: 0x1ee33d92, L:/127.0.0.1:59951 - R:localhost/127.0.0.1:63061] for POST '/session/282807fdde94d5d47600cbbc12fa34b9/window'
12:30:56.504 [AsyncHttpClient-1-2] DEBUG org.asynchttpclient.netty.handler.HttpHandler - 

Request DefaultHttpRequest(decodeResult: success, version: HTTP/1.1)
POST /session/282807fdde94d5d47600cbbc12fa34b9/window HTTP/1.1
User-Agent: selenium/4.4.0 (java windows)
Content-Length: 59
Content-Type: application/json; charset=utf-8
host: localhost:63061
accept: */*

Response DefaultHttpResponse(decodeResult: success, version: HTTP/1.1)
HTTP/1.1 200 OK
Content-Type: application/json; charset=utf-8
cache-control: no-cache
content-length: 14

12:30:56.505 [AsyncHttpClient-1-2] DEBUG org.asynchttpclient.netty.channel.ChannelManager - Adding key: http://localhost:63061 for channel [id: 0x1ee33d92, L:/127.0.0.1:59951 - R:localhost/127.0.0.1:63061]
12:30:56.506 [Forwarding getCurrentUrl on session 282807fdde94d5d47600cbbc12fa34b9 to remote] DEBUG org.asynchttpclient.netty.request.NettyRequestSender - Using pooled Channel '[id: 0x1ee33d92, L:/127.0.0.1:59951 - R:localhost/127.0.0.1:63061]' for 'GET' to 'http://localhost:63061/session/282807fdde94d5d47600cbbc12fa34b9/url'
12:30:56.506 [Forwarding getCurrentUrl on session 282807fdde94d5d47600cbbc12fa34b9 to remote] DEBUG org.asynchttpclient.netty.request.NettyRequestSender - Using open Channel [id: 0x1ee33d92, L:/127.0.0.1:59951 - R:localhost/127.0.0.1:63061] for GET '/session/282807fdde94d5d47600cbbc12fa34b9/url'
12:30:56.510 [AsyncHttpClient-1-2] DEBUG org.asynchttpclient.netty.handler.HttpHandler - 

Request DefaultFullHttpRequest(decodeResult: success, version: HTTP/1.1, content: EmptyByteBufBE)
GET /session/282807fdde94d5d47600cbbc12fa34b9/url HTTP/1.1
User-Agent: selenium/4.4.0 (java windows)
Cache-Control: no-cache
Content-Type: application/json; charset=utf-8
host: localhost:63061
accept: */*

Response DefaultHttpResponse(decodeResult: success, version: HTTP/1.1)
HTTP/1.1 200 OK
Content-Type: application/json; charset=utf-8
cache-control: no-cache
content-length: 38

12:30:56.510 [AsyncHttpClient-1-2] DEBUG org.asynchttpclient.netty.channel.ChannelManager - Adding key: http://localhost:63061 for channel [id: 0x1ee33d92, L:/127.0.0.1:59951 - R:localhost/127.0.0.1:63061]
12:30:56.511 [Forwarding screenshot on session 282807fdde94d5d47600cbbc12fa34b9 to remote] DEBUG org.asynchttpclient.netty.request.NettyRequestSender - Using pooled Channel '[id: 0x1ee33d92, L:/127.0.0.1:59951 - R:localhost/127.0.0.1:63061]' for 'GET' to 'http://localhost:63061/session/282807fdde94d5d47600cbbc12fa34b9/screenshot'
12:30:56.511 [Forwarding screenshot on session 282807fdde94d5d47600cbbc12fa34b9 to remote] DEBUG org.asynchttpclient.netty.request.NettyRequestSender - Using open Channel [id: 0x1ee33d92, L:/127.0.0.1:59951 - R:localhost/127.0.0.1:63061] for GET '/session/282807fdde94d5d47600cbbc12fa34b9/screenshot'
12:30:56.583 [AsyncHttpClient-1-2] DEBUG org.asynchttpclient.netty.handler.HttpHandler - 

Request DefaultFullHttpRequest(decodeResult: success, version: HTTP/1.1, content: EmptyByteBufBE)
GET /session/282807fdde94d5d47600cbbc12fa34b9/screenshot HTTP/1.1
User-Agent: selenium/4.4.0 (java windows)
Cache-Control: no-cache
Content-Type: application/json; charset=utf-8
host: localhost:63061
accept: */*

Response DefaultHttpResponse(decodeResult: success, version: HTTP/1.1)
HTTP/1.1 200 OK
Content-Type: application/json; charset=utf-8
cache-control: no-cache
content-length: 60540

12:30:56.585 [AsyncHttpClient-1-2] DEBUG org.asynchttpclient.netty.channel.ChannelManager - Adding key: http://localhost:63061 for channel [id: 0x1ee33d92, L:/127.0.0.1:59951 - R:localhost/127.0.0.1:63061]
12:30:56.587 [Test worker] DEBUG net.serenitybdd.core.photography.Darkroom - Send negative for processing for C:\Users\juan.gomezv\IdeaProjects\sura\target\site\serenity\e2ebf64b6dd9f535ffc7d35683a617db818fad7f9cd4f04e95f1cd04eaaa0d05.png
12:30:56.587 [Test worker] DEBUG net.thucydides.core.steps.StepInterceptor - STEP DONE: {0} enters #theTextAsAString into #target
12:30:56.587 [Darkroom Processing Line] DEBUG net.serenitybdd.core.photography.DarkroomProcessingLine - Processing screenshot image in /var/screenshots/screenshot-555472016757864953
12:30:56.587 [Darkroom Processing Line] DEBUG net.serenitybdd.core.photography.DarkroomProcessingLine - Saving screenshot to C:\Users\juan.gomezv\IdeaProjects\sura\target\site\serenity\e2ebf64b6dd9f535ffc7d35683a617db818fad7f9cd4f04e95f1cd04eaaa0d05.png
12:30:56.606 [Forwarding getPageSource on session 282807fdde94d5d47600cbbc12fa34b9 to remote] DEBUG org.asynchttpclient.netty.request.NettyRequestSender - Using pooled Channel '[id: 0x1ee33d92, L:/127.0.0.1:59951 - R:localhost/127.0.0.1:63061]' for 'POST' to 'http://localhost:63061/session/282807fdde94d5d47600cbbc12fa34b9/execute/sync'
12:30:56.606 [Forwarding getPageSource on session 282807fdde94d5d47600cbbc12fa34b9 to remote] DEBUG org.asynchttpclient.netty.request.NettyRequestSender - Using open Channel [id: 0x1ee33d92, L:/127.0.0.1:59951 - R:localhost/127.0.0.1:63061] for POST '/session/282807fdde94d5d47600cbbc12fa34b9/execute/sync'
12:30:56.611 [AsyncHttpClient-1-2] DEBUG org.asynchttpclient.netty.handler.HttpHandler - 

Request DefaultHttpRequest(decodeResult: success, version: HTTP/1.1)
POST /session/282807fdde94d5d47600cbbc12fa34b9/execute/sync HTTP/1.1
User-Agent: selenium/4.4.0 (java windows)
Content-Length: 176
Content-Type: application/json; charset=utf-8
host: localhost:63061
accept: */*

Response DefaultHttpResponse(decodeResult: success, version: HTTP/1.1)
HTTP/1.1 200 OK
Content-Type: application/json; charset=utf-8
cache-control: no-cache
content-length: 4175

12:30:56.611 [AsyncHttpClient-1-2] DEBUG org.asynchttpclient.netty.channel.ChannelManager - Adding key: http://localhost:63061 for channel [id: 0x1ee33d92, L:/127.0.0.1:59951 - R:localhost/127.0.0.1:63061]
12:30:56.615 [Forwarding getCurrentUrl on session 282807fdde94d5d47600cbbc12fa34b9 to remote] DEBUG org.asynchttpclient.netty.request.NettyRequestSender - Using pooled Channel '[id: 0x1ee33d92, L:/127.0.0.1:59951 - R:localhost/127.0.0.1:63061]' for 'GET' to 'http://localhost:63061/session/282807fdde94d5d47600cbbc12fa34b9/url'
12:30:56.615 [Forwarding getCurrentUrl on session 282807fdde94d5d47600cbbc12fa34b9 to remote] DEBUG org.asynchttpclient.netty.request.NettyRequestSender - Using open Channel [id: 0x1ee33d92, L:/127.0.0.1:59951 - R:localhost/127.0.0.1:63061] for GET '/session/282807fdde94d5d47600cbbc12fa34b9/url'
12:30:56.619 [AsyncHttpClient-1-2] DEBUG org.asynchttpclient.netty.handler.HttpHandler - 

Request DefaultFullHttpRequest(decodeResult: success, version: HTTP/1.1, content: EmptyByteBufBE)
GET /session/282807fdde94d5d47600cbbc12fa34b9/url HTTP/1.1
User-Agent: selenium/4.4.0 (java windows)
Cache-Control: no-cache
Content-Type: application/json; charset=utf-8
host: localhost:63061
accept: */*

Response DefaultHttpResponse(decodeResult: success, version: HTTP/1.1)
HTTP/1.1 200 OK
Content-Type: application/json; charset=utf-8
cache-control: no-cache
content-length: 38

12:30:56.619 [AsyncHttpClient-1-2] DEBUG org.asynchttpclient.netty.channel.ChannelManager - Adding key: http://localhost:63061 for channel [id: 0x1ee33d92, L:/127.0.0.1:59951 - R:localhost/127.0.0.1:63061]
12:30:56.622 [Test worker] DEBUG net.thucydides.core.steps.StepInterceptor - STARTING STEP: LogIn.performAs - {0} enters #theTextAsAString into #target
12:30:56.633 [Test worker] DEBUG net.serenitybdd.screenplay.targets.IFrameSwitcher - default content already selected for passwordTextBox
12:30:56.662 [Forwarding findElement on session 282807fdde94d5d47600cbbc12fa34b9 to remote] DEBUG org.asynchttpclient.netty.request.NettyRequestSender - Using pooled Channel '[id: 0x1ee33d92, L:/127.0.0.1:59951 - R:localhost/127.0.0.1:63061]' for 'POST' to 'http://localhost:63061/session/282807fdde94d5d47600cbbc12fa34b9/element'
12:30:56.662 [Forwarding findElement on session 282807fdde94d5d47600cbbc12fa34b9 to remote] DEBUG org.asynchttpclient.netty.request.NettyRequestSender - Using open Channel [id: 0x1ee33d92, L:/127.0.0.1:59951 - R:localhost/127.0.0.1:63061] for POST '/session/282807fdde94d5d47600cbbc12fa34b9/element'
12:30:56.673 [AsyncHttpClient-1-2] DEBUG org.asynchttpclient.netty.handler.HttpHandler - 

Request DefaultHttpRequest(decodeResult: success, version: HTTP/1.1)
POST /session/282807fdde94d5d47600cbbc12fa34b9/element HTTP/1.1
User-Agent: selenium/4.4.0 (java windows)
Content-Length: 66
Content-Type: application/json; charset=utf-8
host: localhost:63061
accept: */*

Response DefaultHttpResponse(decodeResult: success, version: HTTP/1.1)
HTTP/1.1 200 OK
Content-Type: application/json; charset=utf-8
cache-control: no-cache
content-length: 88

12:30:56.673 [AsyncHttpClient-1-2] DEBUG org.asynchttpclient.netty.channel.ChannelManager - Adding key: http://localhost:63061 for channel [id: 0x1ee33d92, L:/127.0.0.1:59951 - R:localhost/127.0.0.1:63061]
12:30:56.675 [Forwarding clearElement on session 282807fdde94d5d47600cbbc12fa34b9 to remote] DEBUG org.asynchttpclient.netty.request.NettyRequestSender - Using pooled Channel '[id: 0x1ee33d92, L:/127.0.0.1:59951 - R:localhost/127.0.0.1:63061]' for 'POST' to 'http://localhost:63061/session/282807fdde94d5d47600cbbc12fa34b9/element/153216c2-6fb0-4d66-8ecb-be7e67786871/clear'
12:30:56.675 [Forwarding clearElement on session 282807fdde94d5d47600cbbc12fa34b9 to remote] DEBUG org.asynchttpclient.netty.request.NettyRequestSender - Using open Channel [id: 0x1ee33d92, L:/127.0.0.1:59951 - R:localhost/127.0.0.1:63061] for POST '/session/282807fdde94d5d47600cbbc12fa34b9/element/153216c2-6fb0-4d66-8ecb-be7e67786871/clear'
12:30:56.703 [AsyncHttpClient-1-2] DEBUG org.asynchttpclient.netty.handler.HttpHandler - 

Request DefaultHttpRequest(decodeResult: success, version: HTTP/1.1)
POST /session/282807fdde94d5d47600cbbc12fa34b9/element/153216c2-6fb0-4d66-8ecb-be7e67786871/clear HTTP/1.1
User-Agent: selenium/4.4.0 (java windows)
Content-Length: 50
Content-Type: application/json; charset=utf-8
host: localhost:63061
accept: */*

Response DefaultHttpResponse(decodeResult: success, version: HTTP/1.1)
HTTP/1.1 200 OK
Content-Type: application/json; charset=utf-8
cache-control: no-cache
content-length: 14

12:30:56.703 [AsyncHttpClient-1-2] DEBUG org.asynchttpclient.netty.channel.ChannelManager - Adding key: http://localhost:63061 for channel [id: 0x1ee33d92, L:/127.0.0.1:59951 - R:localhost/127.0.0.1:63061]
12:30:56.708 [Forwarding sendKeysToElement on session 282807fdde94d5d47600cbbc12fa34b9 to remote] DEBUG org.asynchttpclient.netty.request.NettyRequestSender - Using pooled Channel '[id: 0x1ee33d92, L:/127.0.0.1:59951 - R:localhost/127.0.0.1:63061]' for 'POST' to 'http://localhost:63061/session/282807fdde94d5d47600cbbc12fa34b9/element/153216c2-6fb0-4d66-8ecb-be7e67786871/value'
12:30:56.708 [Forwarding sendKeysToElement on session 282807fdde94d5d47600cbbc12fa34b9 to remote] DEBUG org.asynchttpclient.netty.request.NettyRequestSender - Using open Channel [id: 0x1ee33d92, L:/127.0.0.1:59951 - R:localhost/127.0.0.1:63061] for POST '/session/282807fdde94d5d47600cbbc12fa34b9/element/153216c2-6fb0-4d66-8ecb-be7e67786871/value'
12:30:56.756 [AsyncHttpClient-1-2] DEBUG org.asynchttpclient.netty.handler.HttpHandler - 

Request DefaultHttpRequest(decodeResult: success, version: HTTP/1.1)
POST /session/282807fdde94d5d47600cbbc12fa34b9/element/153216c2-6fb0-4d66-8ecb-be7e67786871/value HTTP/1.1
User-Agent: selenium/4.4.0 (java windows)
Content-Length: 201
Content-Type: application/json; charset=utf-8
host: localhost:63061
accept: */*

Response DefaultHttpResponse(decodeResult: success, version: HTTP/1.1)
HTTP/1.1 200 OK
Content-Type: application/json; charset=utf-8
cache-control: no-cache
content-length: 14

12:30:56.756 [AsyncHttpClient-1-2] DEBUG org.asynchttpclient.netty.channel.ChannelManager - Adding key: http://localhost:63061 for channel [id: 0x1ee33d92, L:/127.0.0.1:59951 - R:localhost/127.0.0.1:63061]
12:30:56.781 [Forwarding getCurrentWindowHandle on session 282807fdde94d5d47600cbbc12fa34b9 to remote] DEBUG org.asynchttpclient.netty.request.NettyRequestSender - Using pooled Channel '[id: 0x1ee33d92, L:/127.0.0.1:59951 - R:localhost/127.0.0.1:63061]' for 'GET' to 'http://localhost:63061/session/282807fdde94d5d47600cbbc12fa34b9/window'
12:30:56.781 [Forwarding getCurrentWindowHandle on session 282807fdde94d5d47600cbbc12fa34b9 to remote] DEBUG org.asynchttpclient.netty.request.NettyRequestSender - Using open Channel [id: 0x1ee33d92, L:/127.0.0.1:59951 - R:localhost/127.0.0.1:63061] for GET '/session/282807fdde94d5d47600cbbc12fa34b9/window'
12:30:56.782 [AsyncHttpClient-1-2] DEBUG org.asynchttpclient.netty.handler.HttpHandler - 

Request DefaultFullHttpRequest(decodeResult: success, version: HTTP/1.1, content: EmptyByteBufBE)
GET /session/282807fdde94d5d47600cbbc12fa34b9/window HTTP/1.1
User-Agent: selenium/4.4.0 (java windows)
Cache-Control: no-cache
Content-Type: application/json; charset=utf-8
host: localhost:63061
accept: */*

Response DefaultHttpResponse(decodeResult: success, version: HTTP/1.1)
HTTP/1.1 200 OK
Content-Type: application/json; charset=utf-8
cache-control: no-cache
content-length: 53

12:30:56.782 [AsyncHttpClient-1-2] DEBUG org.asynchttpclient.netty.channel.ChannelManager - Adding key: http://localhost:63061 for channel [id: 0x1ee33d92, L:/127.0.0.1:59951 - R:localhost/127.0.0.1:63061]
12:30:56.788 [Forwarding getAlertText on session 282807fdde94d5d47600cbbc12fa34b9 to remote] DEBUG org.asynchttpclient.netty.request.NettyRequestSender - Using pooled Channel '[id: 0x1ee33d92, L:/127.0.0.1:59951 - R:localhost/127.0.0.1:63061]' for 'GET' to 'http://localhost:63061/session/282807fdde94d5d47600cbbc12fa34b9/alert/text'
12:30:56.788 [Forwarding getAlertText on session 282807fdde94d5d47600cbbc12fa34b9 to remote] DEBUG org.asynchttpclient.netty.request.NettyRequestSender - Using open Channel [id: 0x1ee33d92, L:/127.0.0.1:59951 - R:localhost/127.0.0.1:63061] for GET '/session/282807fdde94d5d47600cbbc12fa34b9/alert/text'
12:30:56.790 [AsyncHttpClient-1-2] DEBUG org.asynchttpclient.netty.handler.HttpHandler - 

Request DefaultFullHttpRequest(decodeResult: success, version: HTTP/1.1, content: EmptyByteBufBE)
GET /session/282807fdde94d5d47600cbbc12fa34b9/alert/text HTTP/1.1
User-Agent: selenium/4.4.0 (java windows)
Cache-Control: no-cache
Content-Type: application/json; charset=utf-8
host: localhost:63061
accept: */*

Response DefaultHttpResponse(decodeResult: success, version: HTTP/1.1)
HTTP/1.1 404 Not Found
Content-Type: application/json; charset=utf-8
cache-control: no-cache
content-length: 879

12:30:56.791 [AsyncHttpClient-1-2] DEBUG org.asynchttpclient.netty.channel.ChannelManager - Adding key: http://localhost:63061 for channel [id: 0x1ee33d92, L:/127.0.0.1:59951 - R:localhost/127.0.0.1:63061]
12:30:56.796 [Forwarding switchToWindow on session 282807fdde94d5d47600cbbc12fa34b9 to remote] DEBUG org.asynchttpclient.netty.request.NettyRequestSender - Using pooled Channel '[id: 0x1ee33d92, L:/127.0.0.1:59951 - R:localhost/127.0.0.1:63061]' for 'POST' to 'http://localhost:63061/session/282807fdde94d5d47600cbbc12fa34b9/window'
12:30:56.796 [Forwarding switchToWindow on session 282807fdde94d5d47600cbbc12fa34b9 to remote] DEBUG org.asynchttpclient.netty.request.NettyRequestSender - Using open Channel [id: 0x1ee33d92, L:/127.0.0.1:59951 - R:localhost/127.0.0.1:63061] for POST '/session/282807fdde94d5d47600cbbc12fa34b9/window'
12:30:56.799 [AsyncHttpClient-1-2] DEBUG org.asynchttpclient.netty.handler.HttpHandler - 

Request DefaultHttpRequest(decodeResult: success, version: HTTP/1.1)
POST /session/282807fdde94d5d47600cbbc12fa34b9/window HTTP/1.1
User-Agent: selenium/4.4.0 (java windows)
Content-Length: 59
Content-Type: application/json; charset=utf-8
host: localhost:63061
accept: */*

Response DefaultHttpResponse(decodeResult: success, version: HTTP/1.1)
HTTP/1.1 200 OK
Content-Type: application/json; charset=utf-8
cache-control: no-cache
content-length: 14

12:30:56.800 [AsyncHttpClient-1-2] DEBUG org.asynchttpclient.netty.channel.ChannelManager - Adding key: http://localhost:63061 for channel [id: 0x1ee33d92, L:/127.0.0.1:59951 - R:localhost/127.0.0.1:63061]
12:30:56.800 [Forwarding getCurrentUrl on session 282807fdde94d5d47600cbbc12fa34b9 to remote] DEBUG org.asynchttpclient.netty.request.NettyRequestSender - Using pooled Channel '[id: 0x1ee33d92, L:/127.0.0.1:59951 - R:localhost/127.0.0.1:63061]' for 'GET' to 'http://localhost:63061/session/282807fdde94d5d47600cbbc12fa34b9/url'
12:30:56.801 [Forwarding getCurrentUrl on session 282807fdde94d5d47600cbbc12fa34b9 to remote] DEBUG org.asynchttpclient.netty.request.NettyRequestSender - Using open Channel [id: 0x1ee33d92, L:/127.0.0.1:59951 - R:localhost/127.0.0.1:63061] for GET '/session/282807fdde94d5d47600cbbc12fa34b9/url'
12:30:56.804 [AsyncHttpClient-1-2] DEBUG org.asynchttpclient.netty.handler.HttpHandler - 

Request DefaultFullHttpRequest(decodeResult: success, version: HTTP/1.1, content: EmptyByteBufBE)
GET /session/282807fdde94d5d47600cbbc12fa34b9/url HTTP/1.1
User-Agent: selenium/4.4.0 (java windows)
Cache-Control: no-cache
Content-Type: application/json; charset=utf-8
host: localhost:63061
accept: */*

Response DefaultHttpResponse(decodeResult: success, version: HTTP/1.1)
HTTP/1.1 200 OK
Content-Type: application/json; charset=utf-8
cache-control: no-cache
content-length: 38

12:30:56.804 [AsyncHttpClient-1-2] DEBUG org.asynchttpclient.netty.channel.ChannelManager - Adding key: http://localhost:63061 for channel [id: 0x1ee33d92, L:/127.0.0.1:59951 - R:localhost/127.0.0.1:63061]
12:30:56.805 [Forwarding screenshot on session 282807fdde94d5d47600cbbc12fa34b9 to remote] DEBUG org.asynchttpclient.netty.request.NettyRequestSender - Using pooled Channel '[id: 0x1ee33d92, L:/127.0.0.1:59951 - R:localhost/127.0.0.1:63061]' for 'GET' to 'http://localhost:63061/session/282807fdde94d5d47600cbbc12fa34b9/screenshot'
12:30:56.805 [Forwarding screenshot on session 282807fdde94d5d47600cbbc12fa34b9 to remote] DEBUG org.asynchttpclient.netty.request.NettyRequestSender - Using open Channel [id: 0x1ee33d92, L:/127.0.0.1:59951 - R:localhost/127.0.0.1:63061] for GET '/session/282807fdde94d5d47600cbbc12fa34b9/screenshot'
12:30:56.890 [AsyncHttpClient-1-2] DEBUG org.asynchttpclient.netty.handler.HttpHandler - 

Request DefaultFullHttpRequest(decodeResult: success, version: HTTP/1.1, content: EmptyByteBufBE)
GET /session/282807fdde94d5d47600cbbc12fa34b9/screenshot HTTP/1.1
User-Agent: selenium/4.4.0 (java windows)
Cache-Control: no-cache
Content-Type: application/json; charset=utf-8
host: localhost:63061
accept: */*

Response DefaultHttpResponse(decodeResult: success, version: HTTP/1.1)
HTTP/1.1 200 OK
Content-Type: application/json; charset=utf-8
cache-control: no-cache
content-length: 59020

12:30:56.891 [AsyncHttpClient-1-2] DEBUG org.asynchttpclient.netty.channel.ChannelManager - Adding key: http://localhost:63061 for channel [id: 0x1ee33d92, L:/127.0.0.1:59951 - R:localhost/127.0.0.1:63061]
12:30:56.893 [Test worker] DEBUG net.serenitybdd.core.photography.Darkroom - Send negative for processing for C:\Users\juan.gomezv\IdeaProjects\sura\target\site\serenity\6657dc90f90623d9f23dd9236027364b5b8f1c0ff81eb00d5f7525700eecb891.png
12:30:56.894 [Test worker] DEBUG net.thucydides.core.steps.StepInterceptor - STEP DONE: {0} enters #theTextAsAString into #target
12:30:56.894 [Darkroom Processing Line] DEBUG net.serenitybdd.core.photography.DarkroomProcessingLine - Processing screenshot image in /var/screenshots/screenshot-12546994407950624433
12:30:56.894 [Darkroom Processing Line] DEBUG net.serenitybdd.core.photography.DarkroomProcessingLine - Saving screenshot to C:\Users\juan.gomezv\IdeaProjects\sura\target\site\serenity\6657dc90f90623d9f23dd9236027364b5b8f1c0ff81eb00d5f7525700eecb891.png
12:30:56.913 [Forwarding getPageSource on session 282807fdde94d5d47600cbbc12fa34b9 to remote] DEBUG org.asynchttpclient.netty.request.NettyRequestSender - Using pooled Channel '[id: 0x1ee33d92, L:/127.0.0.1:59951 - R:localhost/127.0.0.1:63061]' for 'POST' to 'http://localhost:63061/session/282807fdde94d5d47600cbbc12fa34b9/execute/sync'
12:30:56.913 [Forwarding getPageSource on session 282807fdde94d5d47600cbbc12fa34b9 to remote] DEBUG org.asynchttpclient.netty.request.NettyRequestSender - Using open Channel [id: 0x1ee33d92, L:/127.0.0.1:59951 - R:localhost/127.0.0.1:63061] for POST '/session/282807fdde94d5d47600cbbc12fa34b9/execute/sync'
12:30:56.919 [AsyncHttpClient-1-2] DEBUG org.asynchttpclient.netty.handler.HttpHandler - 

Request DefaultHttpRequest(decodeResult: success, version: HTTP/1.1)
POST /session/282807fdde94d5d47600cbbc12fa34b9/execute/sync HTTP/1.1
User-Agent: selenium/4.4.0 (java windows)
Content-Length: 176
Content-Type: application/json; charset=utf-8
host: localhost:63061
accept: */*

Response DefaultHttpResponse(decodeResult: success, version: HTTP/1.1)
HTTP/1.1 200 OK
Content-Type: application/json; charset=utf-8
cache-control: no-cache
content-length: 4187

12:30:56.919 [AsyncHttpClient-1-2] DEBUG org.asynchttpclient.netty.channel.ChannelManager - Adding key: http://localhost:63061 for channel [id: 0x1ee33d92, L:/127.0.0.1:59951 - R:localhost/127.0.0.1:63061]
12:30:56.922 [Forwarding getCurrentUrl on session 282807fdde94d5d47600cbbc12fa34b9 to remote] DEBUG org.asynchttpclient.netty.request.NettyRequestSender - Using pooled Channel '[id: 0x1ee33d92, L:/127.0.0.1:59951 - R:localhost/127.0.0.1:63061]' for 'GET' to 'http://localhost:63061/session/282807fdde94d5d47600cbbc12fa34b9/url'
12:30:56.922 [Forwarding getCurrentUrl on session 282807fdde94d5d47600cbbc12fa34b9 to remote] DEBUG org.asynchttpclient.netty.request.NettyRequestSender - Using open Channel [id: 0x1ee33d92, L:/127.0.0.1:59951 - R:localhost/127.0.0.1:63061] for GET '/session/282807fdde94d5d47600cbbc12fa34b9/url'
12:30:56.926 [AsyncHttpClient-1-2] DEBUG org.asynchttpclient.netty.handler.HttpHandler - 

Request DefaultFullHttpRequest(decodeResult: success, version: HTTP/1.1, content: EmptyByteBufBE)
GET /session/282807fdde94d5d47600cbbc12fa34b9/url HTTP/1.1
User-Agent: selenium/4.4.0 (java windows)
Cache-Control: no-cache
Content-Type: application/json; charset=utf-8
host: localhost:63061
accept: */*

Response DefaultHttpResponse(decodeResult: success, version: HTTP/1.1)
HTTP/1.1 200 OK
Content-Type: application/json; charset=utf-8
cache-control: no-cache
content-length: 38

12:30:56.927 [AsyncHttpClient-1-2] DEBUG org.asynchttpclient.netty.channel.ChannelManager - Adding key: http://localhost:63061 for channel [id: 0x1ee33d92, L:/127.0.0.1:59951 - R:localhost/127.0.0.1:63061]
12:30:56.929 [Test worker] DEBUG net.thucydides.core.steps.StepInterceptor - STARTING STEP: LogIn.performAs - {0} clicks on #target
12:30:56.930 [Test worker] DEBUG net.serenitybdd.screenplay.targets.IFrameSwitcher - default content already selected for logIn Button
12:30:56.960 [Forwarding findElement on session 282807fdde94d5d47600cbbc12fa34b9 to remote] DEBUG org.asynchttpclient.netty.request.NettyRequestSender - Using pooled Channel '[id: 0x1ee33d92, L:/127.0.0.1:59951 - R:localhost/127.0.0.1:63061]' for 'POST' to 'http://localhost:63061/session/282807fdde94d5d47600cbbc12fa34b9/element'
12:30:56.960 [Forwarding findElement on session 282807fdde94d5d47600cbbc12fa34b9 to remote] DEBUG org.asynchttpclient.netty.request.NettyRequestSender - Using open Channel [id: 0x1ee33d92, L:/127.0.0.1:59951 - R:localhost/127.0.0.1:63061] for POST '/session/282807fdde94d5d47600cbbc12fa34b9/element'
12:30:56.969 [AsyncHttpClient-1-2] DEBUG org.asynchttpclient.netty.handler.HttpHandler - 

Request DefaultHttpRequest(decodeResult: success, version: HTTP/1.1)
POST /session/282807fdde94d5d47600cbbc12fa34b9/element HTTP/1.1
User-Agent: selenium/4.4.0 (java windows)
Content-Length: 70
Content-Type: application/json; charset=utf-8
host: localhost:63061
accept: */*

Response DefaultHttpResponse(decodeResult: success, version: HTTP/1.1)
HTTP/1.1 200 OK
Content-Type: application/json; charset=utf-8
cache-control: no-cache
content-length: 88

12:30:56.969 [AsyncHttpClient-1-2] DEBUG org.asynchttpclient.netty.channel.ChannelManager - Adding key: http://localhost:63061 for channel [id: 0x1ee33d92, L:/127.0.0.1:59951 - R:localhost/127.0.0.1:63061]
12:30:56.978 [Forwarding isElementDisplayed on session 282807fdde94d5d47600cbbc12fa34b9 to remote] DEBUG org.asynchttpclient.netty.request.NettyRequestSender - Using pooled Channel '[id: 0x1ee33d92, L:/127.0.0.1:59951 - R:localhost/127.0.0.1:63061]' for 'POST' to 'http://localhost:63061/session/282807fdde94d5d47600cbbc12fa34b9/execute/sync'
12:30:56.979 [Forwarding isElementDisplayed on session 282807fdde94d5d47600cbbc12fa34b9 to remote] DEBUG org.asynchttpclient.netty.request.NettyRequestSender - Using open Channel [id: 0x1ee33d92, L:/127.0.0.1:59951 - R:localhost/127.0.0.1:63061] for POST '/session/282807fdde94d5d47600cbbc12fa34b9/execute/sync'
12:30:56.991 [AsyncHttpClient-1-2] DEBUG org.asynchttpclient.netty.handler.HttpHandler - 

Request DefaultHttpRequest(decodeResult: success, version: HTTP/1.1)
POST /session/282807fdde94d5d47600cbbc12fa34b9/execute/sync HTTP/1.1
User-Agent: selenium/4.4.0 (java windows)
Content-Length: 48780
Content-Type: application/json; charset=utf-8
host: localhost:63061
accept: */*

Response DefaultHttpResponse(decodeResult: success, version: HTTP/1.1)
HTTP/1.1 200 OK
Content-Type: application/json; charset=utf-8
cache-control: no-cache
content-length: 14

12:30:56.991 [AsyncHttpClient-1-2] DEBUG org.asynchttpclient.netty.channel.ChannelManager - Adding key: http://localhost:63061 for channel [id: 0x1ee33d92, L:/127.0.0.1:59951 - R:localhost/127.0.0.1:63061]
12:30:57.001 [Forwarding findElement on session 282807fdde94d5d47600cbbc12fa34b9 to remote] DEBUG org.asynchttpclient.netty.request.NettyRequestSender - Using pooled Channel '[id: 0x1ee33d92, L:/127.0.0.1:59951 - R:localhost/127.0.0.1:63061]' for 'POST' to 'http://localhost:63061/session/282807fdde94d5d47600cbbc12fa34b9/element'
12:30:57.001 [Forwarding findElement on session 282807fdde94d5d47600cbbc12fa34b9 to remote] DEBUG org.asynchttpclient.netty.request.NettyRequestSender - Using open Channel [id: 0x1ee33d92, L:/127.0.0.1:59951 - R:localhost/127.0.0.1:63061] for POST '/session/282807fdde94d5d47600cbbc12fa34b9/element'
12:30:57.007 [AsyncHttpClient-1-2] DEBUG org.asynchttpclient.netty.handler.HttpHandler - 

Request DefaultHttpRequest(decodeResult: success, version: HTTP/1.1)
POST /session/282807fdde94d5d47600cbbc12fa34b9/element HTTP/1.1
User-Agent: selenium/4.4.0 (java windows)
Content-Length: 70
Content-Type: application/json; charset=utf-8
host: localhost:63061
accept: */*

Response DefaultHttpResponse(decodeResult: success, version: HTTP/1.1)
HTTP/1.1 200 OK
Content-Type: application/json; charset=utf-8
cache-control: no-cache
content-length: 88

12:30:57.007 [AsyncHttpClient-1-2] DEBUG org.asynchttpclient.netty.channel.ChannelManager - Adding key: http://localhost:63061 for channel [id: 0x1ee33d92, L:/127.0.0.1:59951 - R:localhost/127.0.0.1:63061]
12:30:57.009 [Forwarding clickElement on session 282807fdde94d5d47600cbbc12fa34b9 to remote] DEBUG org.asynchttpclient.netty.request.NettyRequestSender - Using pooled Channel '[id: 0x1ee33d92, L:/127.0.0.1:59951 - R:localhost/127.0.0.1:63061]' for 'POST' to 'http://localhost:63061/session/282807fdde94d5d47600cbbc12fa34b9/element/91d8b7ab-7b24-4ae4-b1f1-12772b121f69/click'
12:30:57.009 [Forwarding clickElement on session 282807fdde94d5d47600cbbc12fa34b9 to remote] DEBUG org.asynchttpclient.netty.request.NettyRequestSender - Using open Channel [id: 0x1ee33d92, L:/127.0.0.1:59951 - R:localhost/127.0.0.1:63061] for POST '/session/282807fdde94d5d47600cbbc12fa34b9/element/91d8b7ab-7b24-4ae4-b1f1-12772b121f69/click'
12:30:57.053 [AsyncHttpClient-1-2] DEBUG org.asynchttpclient.netty.handler.HttpHandler - 

Request DefaultHttpRequest(decodeResult: success, version: HTTP/1.1)
POST /session/282807fdde94d5d47600cbbc12fa34b9/element/91d8b7ab-7b24-4ae4-b1f1-12772b121f69/click HTTP/1.1
User-Agent: selenium/4.4.0 (java windows)
Content-Length: 50
Content-Type: application/json; charset=utf-8
host: localhost:63061
accept: */*

Response DefaultHttpResponse(decodeResult: success, version: HTTP/1.1)
HTTP/1.1 200 OK
Content-Type: application/json; charset=utf-8
cache-control: no-cache
content-length: 14

12:30:57.053 [AsyncHttpClient-1-2] DEBUG org.asynchttpclient.netty.channel.ChannelManager - Adding key: http://localhost:63061 for channel [id: 0x1ee33d92, L:/127.0.0.1:59951 - R:localhost/127.0.0.1:63061]
12:30:57.075 [Forwarding getCurrentWindowHandle on session 282807fdde94d5d47600cbbc12fa34b9 to remote] DEBUG org.asynchttpclient.netty.request.NettyRequestSender - Using pooled Channel '[id: 0x1ee33d92, L:/127.0.0.1:59951 - R:localhost/127.0.0.1:63061]' for 'GET' to 'http://localhost:63061/session/282807fdde94d5d47600cbbc12fa34b9/window'
12:30:57.075 [Forwarding getCurrentWindowHandle on session 282807fdde94d5d47600cbbc12fa34b9 to remote] DEBUG org.asynchttpclient.netty.request.NettyRequestSender - Using open Channel [id: 0x1ee33d92, L:/127.0.0.1:59951 - R:localhost/127.0.0.1:63061] for GET '/session/282807fdde94d5d47600cbbc12fa34b9/window'
12:30:57.076 [AsyncHttpClient-1-2] DEBUG org.asynchttpclient.netty.handler.HttpHandler - 

Request DefaultFullHttpRequest(decodeResult: success, version: HTTP/1.1, content: EmptyByteBufBE)
GET /session/282807fdde94d5d47600cbbc12fa34b9/window HTTP/1.1
User-Agent: selenium/4.4.0 (java windows)
Cache-Control: no-cache
Content-Type: application/json; charset=utf-8
host: localhost:63061
accept: */*

Response DefaultHttpResponse(decodeResult: success, version: HTTP/1.1)
HTTP/1.1 200 OK
Content-Type: application/json; charset=utf-8
cache-control: no-cache
content-length: 53

12:30:57.077 [AsyncHttpClient-1-2] DEBUG org.asynchttpclient.netty.channel.ChannelManager - Adding key: http://localhost:63061 for channel [id: 0x1ee33d92, L:/127.0.0.1:59951 - R:localhost/127.0.0.1:63061]
12:30:57.085 [Forwarding getAlertText on session 282807fdde94d5d47600cbbc12fa34b9 to remote] DEBUG org.asynchttpclient.netty.request.NettyRequestSender - Using pooled Channel '[id: 0x1ee33d92, L:/127.0.0.1:59951 - R:localhost/127.0.0.1:63061]' for 'GET' to 'http://localhost:63061/session/282807fdde94d5d47600cbbc12fa34b9/alert/text'
12:30:57.085 [Forwarding getAlertText on session 282807fdde94d5d47600cbbc12fa34b9 to remote] DEBUG org.asynchttpclient.netty.request.NettyRequestSender - Using open Channel [id: 0x1ee33d92, L:/127.0.0.1:59951 - R:localhost/127.0.0.1:63061] for GET '/session/282807fdde94d5d47600cbbc12fa34b9/alert/text'
12:30:57.087 [AsyncHttpClient-1-2] DEBUG org.asynchttpclient.netty.handler.HttpHandler - 

Request DefaultFullHttpRequest(decodeResult: success, version: HTTP/1.1, content: EmptyByteBufBE)
GET /session/282807fdde94d5d47600cbbc12fa34b9/alert/text HTTP/1.1
User-Agent: selenium/4.4.0 (java windows)
Cache-Control: no-cache
Content-Type: application/json; charset=utf-8
host: localhost:63061
accept: */*

Response DefaultHttpResponse(decodeResult: success, version: HTTP/1.1)
HTTP/1.1 404 Not Found
Content-Type: application/json; charset=utf-8
cache-control: no-cache
content-length: 879

12:30:57.087 [AsyncHttpClient-1-2] DEBUG org.asynchttpclient.netty.channel.ChannelManager - Adding key: http://localhost:63061 for channel [id: 0x1ee33d92, L:/127.0.0.1:59951 - R:localhost/127.0.0.1:63061]
12:30:57.093 [Forwarding switchToWindow on session 282807fdde94d5d47600cbbc12fa34b9 to remote] DEBUG org.asynchttpclient.netty.request.NettyRequestSender - Using pooled Channel '[id: 0x1ee33d92, L:/127.0.0.1:59951 - R:localhost/127.0.0.1:63061]' for 'POST' to 'http://localhost:63061/session/282807fdde94d5d47600cbbc12fa34b9/window'
12:30:57.093 [Forwarding switchToWindow on session 282807fdde94d5d47600cbbc12fa34b9 to remote] DEBUG org.asynchttpclient.netty.request.NettyRequestSender - Using open Channel [id: 0x1ee33d92, L:/127.0.0.1:59951 - R:localhost/127.0.0.1:63061] for POST '/session/282807fdde94d5d47600cbbc12fa34b9/window'
12:30:57.102 [AsyncHttpClient-1-2] DEBUG org.asynchttpclient.netty.handler.HttpHandler - 

Request DefaultHttpRequest(decodeResult: success, version: HTTP/1.1)
POST /session/282807fdde94d5d47600cbbc12fa34b9/window HTTP/1.1
User-Agent: selenium/4.4.0 (java windows)
Content-Length: 59
Content-Type: application/json; charset=utf-8
host: localhost:63061
accept: */*

Response DefaultHttpResponse(decodeResult: success, version: HTTP/1.1)
HTTP/1.1 200 OK
Content-Type: application/json; charset=utf-8
cache-control: no-cache
content-length: 14

12:30:57.104 [AsyncHttpClient-1-2] DEBUG org.asynchttpclient.netty.channel.ChannelManager - Adding key: http://localhost:63061 for channel [id: 0x1ee33d92, L:/127.0.0.1:59951 - R:localhost/127.0.0.1:63061]
12:30:57.106 [Forwarding getCurrentUrl on session 282807fdde94d5d47600cbbc12fa34b9 to remote] DEBUG org.asynchttpclient.netty.request.NettyRequestSender - Using pooled Channel '[id: 0x1ee33d92, L:/127.0.0.1:59951 - R:localhost/127.0.0.1:63061]' for 'GET' to 'http://localhost:63061/session/282807fdde94d5d47600cbbc12fa34b9/url'
12:30:57.107 [Forwarding getCurrentUrl on session 282807fdde94d5d47600cbbc12fa34b9 to remote] DEBUG org.asynchttpclient.netty.request.NettyRequestSender - Using open Channel [id: 0x1ee33d92, L:/127.0.0.1:59951 - R:localhost/127.0.0.1:63061] for GET '/session/282807fdde94d5d47600cbbc12fa34b9/url'
12:30:57.117 [AsyncHttpClient-1-2] DEBUG org.asynchttpclient.netty.handler.HttpHandler - 

Request DefaultFullHttpRequest(decodeResult: success, version: HTTP/1.1, content: EmptyByteBufBE)
GET /session/282807fdde94d5d47600cbbc12fa34b9/url HTTP/1.1
User-Agent: selenium/4.4.0 (java windows)
Cache-Control: no-cache
Content-Type: application/json; charset=utf-8
host: localhost:63061
accept: */*

Response DefaultHttpResponse(decodeResult: success, version: HTTP/1.1)
HTTP/1.1 200 OK
Content-Type: application/json; charset=utf-8
cache-control: no-cache
content-length: 38

12:30:57.117 [AsyncHttpClient-1-2] DEBUG org.asynchttpclient.netty.channel.ChannelManager - Adding key: http://localhost:63061 for channel [id: 0x1ee33d92, L:/127.0.0.1:59951 - R:localhost/127.0.0.1:63061]
12:30:57.121 [Forwarding screenshot on session 282807fdde94d5d47600cbbc12fa34b9 to remote] DEBUG org.asynchttpclient.netty.request.NettyRequestSender - Using pooled Channel '[id: 0x1ee33d92, L:/127.0.0.1:59951 - R:localhost/127.0.0.1:63061]' for 'GET' to 'http://localhost:63061/session/282807fdde94d5d47600cbbc12fa34b9/screenshot'
12:30:57.121 [Forwarding screenshot on session 282807fdde94d5d47600cbbc12fa34b9 to remote] DEBUG org.asynchttpclient.netty.request.NettyRequestSender - Using open Channel [id: 0x1ee33d92, L:/127.0.0.1:59951 - R:localhost/127.0.0.1:63061] for GET '/session/282807fdde94d5d47600cbbc12fa34b9/screenshot'
12:30:57.203 [AsyncHttpClient-1-2] DEBUG org.asynchttpclient.netty.handler.HttpHandler - 

Request DefaultFullHttpRequest(decodeResult: success, version: HTTP/1.1, content: EmptyByteBufBE)
GET /session/282807fdde94d5d47600cbbc12fa34b9/screenshot HTTP/1.1
User-Agent: selenium/4.4.0 (java windows)
Cache-Control: no-cache
Content-Type: application/json; charset=utf-8
host: localhost:63061
accept: */*

Response DefaultHttpResponse(decodeResult: success, version: HTTP/1.1)
HTTP/1.1 200 OK
Content-Type: application/json; charset=utf-8
cache-control: no-cache
content-length: 64916

12:30:57.204 [AsyncHttpClient-1-2] DEBUG org.asynchttpclient.netty.channel.ChannelManager - Adding key: http://localhost:63061 for channel [id: 0x1ee33d92, L:/127.0.0.1:59951 - R:localhost/127.0.0.1:63061]
12:30:57.206 [Test worker] DEBUG net.serenitybdd.core.photography.Darkroom - Send negative for processing for C:\Users\juan.gomezv\IdeaProjects\sura\target\site\serenity\15d9e9d106993b556c4700ab568b5fb7754405e499d0ef78f6d2530a2e7bfc45.png
12:30:57.207 [Darkroom Processing Line] DEBUG net.serenitybdd.core.photography.DarkroomProcessingLine - Processing screenshot image in /var/screenshots/screenshot-16836213957209046429
12:30:57.207 [Test worker] DEBUG net.thucydides.core.steps.StepInterceptor - STEP DONE: {0} clicks on #target
12:30:57.207 [Darkroom Processing Line] DEBUG net.serenitybdd.core.photography.DarkroomProcessingLine - Saving screenshot to C:\Users\juan.gomezv\IdeaProjects\sura\target\site\serenity\15d9e9d106993b556c4700ab568b5fb7754405e499d0ef78f6d2530a2e7bfc45.png
12:30:57.230 [Test worker] DEBUG net.thucydides.core.steps.StepInterceptor - STEP DONE: performAs
  ?[32mCuando ?[0m?[32m?[0m?[32m?[1mAna?[0m?[32m se autentica como un usuario de tipo ?[0m?[32m?[1m"LOCKED_USER"?[0m               ?[90m# sura.stepDefinitions.LoginSteps.elSeAutenticaComoUnUsuario(net.serenitybdd.screenplay.Actor,java.lang.String)?[0m
12:30:57.277 [Forwarding getCurrentWindowHandle on session 282807fdde94d5d47600cbbc12fa34b9 to remote] DEBUG org.asynchttpclient.netty.request.NettyRequestSender - Using pooled Channel '[id: 0x1ee33d92, L:/127.0.0.1:59951 - R:localhost/127.0.0.1:63061]' for 'GET' to 'http://localhost:63061/session/282807fdde94d5d47600cbbc12fa34b9/window'
12:30:57.277 [Forwarding getCurrentWindowHandle on session 282807fdde94d5d47600cbbc12fa34b9 to remote] DEBUG org.asynchttpclient.netty.request.NettyRequestSender - Using open Channel [id: 0x1ee33d92, L:/127.0.0.1:59951 - R:localhost/127.0.0.1:63061] for GET '/session/282807fdde94d5d47600cbbc12fa34b9/window'
12:30:57.278 [AsyncHttpClient-1-2] DEBUG org.asynchttpclient.netty.handler.HttpHandler - 

Request DefaultFullHttpRequest(decodeResult: success, version: HTTP/1.1, content: EmptyByteBufBE)
GET /session/282807fdde94d5d47600cbbc12fa34b9/window HTTP/1.1
User-Agent: selenium/4.4.0 (java windows)
Cache-Control: no-cache
Content-Type: application/json; charset=utf-8
host: localhost:63061
accept: */*

Response DefaultHttpResponse(decodeResult: success, version: HTTP/1.1)
HTTP/1.1 200 OK
Content-Type: application/json; charset=utf-8
cache-control: no-cache
content-length: 53

12:30:57.279 [AsyncHttpClient-1-2] DEBUG org.asynchttpclient.netty.channel.ChannelManager - Adding key: http://localhost:63061 for channel [id: 0x1ee33d92, L:/127.0.0.1:59951 - R:localhost/127.0.0.1:63061]
12:30:57.287 [Forwarding getAlertText on session 282807fdde94d5d47600cbbc12fa34b9 to remote] DEBUG org.asynchttpclient.netty.request.NettyRequestSender - Using pooled Channel '[id: 0x1ee33d92, L:/127.0.0.1:59951 - R:localhost/127.0.0.1:63061]' for 'GET' to 'http://localhost:63061/session/282807fdde94d5d47600cbbc12fa34b9/alert/text'
12:30:57.287 [Forwarding getAlertText on session 282807fdde94d5d47600cbbc12fa34b9 to remote] DEBUG org.asynchttpclient.netty.request.NettyRequestSender - Using open Channel [id: 0x1ee33d92, L:/127.0.0.1:59951 - R:localhost/127.0.0.1:63061] for GET '/session/282807fdde94d5d47600cbbc12fa34b9/alert/text'
12:30:57.289 [AsyncHttpClient-1-2] DEBUG org.asynchttpclient.netty.handler.HttpHandler - 

Request DefaultFullHttpRequest(decodeResult: success, version: HTTP/1.1, content: EmptyByteBufBE)
GET /session/282807fdde94d5d47600cbbc12fa34b9/alert/text HTTP/1.1
User-Agent: selenium/4.4.0 (java windows)
Cache-Control: no-cache
Content-Type: application/json; charset=utf-8
host: localhost:63061
accept: */*

Response DefaultHttpResponse(decodeResult: success, version: HTTP/1.1)
HTTP/1.1 404 Not Found
Content-Type: application/json; charset=utf-8
cache-control: no-cache
content-length: 879

12:30:57.289 [AsyncHttpClient-1-2] DEBUG org.asynchttpclient.netty.channel.ChannelManager - Adding key: http://localhost:63061 for channel [id: 0x1ee33d92, L:/127.0.0.1:59951 - R:localhost/127.0.0.1:63061]
12:30:57.296 [Forwarding switchToWindow on session 282807fdde94d5d47600cbbc12fa34b9 to remote] DEBUG org.asynchttpclient.netty.request.NettyRequestSender - Using pooled Channel '[id: 0x1ee33d92, L:/127.0.0.1:59951 - R:localhost/127.0.0.1:63061]' for 'POST' to 'http://localhost:63061/session/282807fdde94d5d47600cbbc12fa34b9/window'
12:30:57.296 [Forwarding switchToWindow on session 282807fdde94d5d47600cbbc12fa34b9 to remote] DEBUG org.asynchttpclient.netty.request.NettyRequestSender - Using open Channel [id: 0x1ee33d92, L:/127.0.0.1:59951 - R:localhost/127.0.0.1:63061] for POST '/session/282807fdde94d5d47600cbbc12fa34b9/window'
12:30:57.299 [AsyncHttpClient-1-2] DEBUG org.asynchttpclient.netty.handler.HttpHandler - 

Request DefaultHttpRequest(decodeResult: success, version: HTTP/1.1)
POST /session/282807fdde94d5d47600cbbc12fa34b9/window HTTP/1.1
User-Agent: selenium/4.4.0 (java windows)
Content-Length: 59
Content-Type: application/json; charset=utf-8
host: localhost:63061
accept: */*

Response DefaultHttpResponse(decodeResult: success, version: HTTP/1.1)
HTTP/1.1 200 OK
Content-Type: application/json; charset=utf-8
cache-control: no-cache
content-length: 14

12:30:57.300 [AsyncHttpClient-1-2] DEBUG org.asynchttpclient.netty.channel.ChannelManager - Adding key: http://localhost:63061 for channel [id: 0x1ee33d92, L:/127.0.0.1:59951 - R:localhost/127.0.0.1:63061]
12:30:57.302 [Forwarding getCurrentUrl on session 282807fdde94d5d47600cbbc12fa34b9 to remote] DEBUG org.asynchttpclient.netty.request.NettyRequestSender - Using pooled Channel '[id: 0x1ee33d92, L:/127.0.0.1:59951 - R:localhost/127.0.0.1:63061]' for 'GET' to 'http://localhost:63061/session/282807fdde94d5d47600cbbc12fa34b9/url'
12:30:57.302 [Forwarding getCurrentUrl on session 282807fdde94d5d47600cbbc12fa34b9 to remote] DEBUG org.asynchttpclient.netty.request.NettyRequestSender - Using open Channel [id: 0x1ee33d92, L:/127.0.0.1:59951 - R:localhost/127.0.0.1:63061] for GET '/session/282807fdde94d5d47600cbbc12fa34b9/url'
12:30:57.305 [AsyncHttpClient-1-2] DEBUG org.asynchttpclient.netty.handler.HttpHandler - 

Request DefaultFullHttpRequest(decodeResult: success, version: HTTP/1.1, content: EmptyByteBufBE)
GET /session/282807fdde94d5d47600cbbc12fa34b9/url HTTP/1.1
User-Agent: selenium/4.4.0 (java windows)
Cache-Control: no-cache
Content-Type: application/json; charset=utf-8
host: localhost:63061
accept: */*

Response DefaultHttpResponse(decodeResult: success, version: HTTP/1.1)
HTTP/1.1 200 OK
Content-Type: application/json; charset=utf-8
cache-control: no-cache
content-length: 38

12:30:57.305 [AsyncHttpClient-1-2] DEBUG org.asynchttpclient.netty.channel.ChannelManager - Adding key: http://localhost:63061 for channel [id: 0x1ee33d92, L:/127.0.0.1:59951 - R:localhost/127.0.0.1:63061]
12:30:57.306 [Forwarding screenshot on session 282807fdde94d5d47600cbbc12fa34b9 to remote] DEBUG org.asynchttpclient.netty.request.NettyRequestSender - Using pooled Channel '[id: 0x1ee33d92, L:/127.0.0.1:59951 - R:localhost/127.0.0.1:63061]' for 'GET' to 'http://localhost:63061/session/282807fdde94d5d47600cbbc12fa34b9/screenshot'
12:30:57.306 [Forwarding screenshot on session 282807fdde94d5d47600cbbc12fa34b9 to remote] DEBUG org.asynchttpclient.netty.request.NettyRequestSender - Using open Channel [id: 0x1ee33d92, L:/127.0.0.1:59951 - R:localhost/127.0.0.1:63061] for GET '/session/282807fdde94d5d47600cbbc12fa34b9/screenshot'
12:30:57.390 [AsyncHttpClient-1-2] DEBUG org.asynchttpclient.netty.handler.HttpHandler - 

Request DefaultFullHttpRequest(decodeResult: success, version: HTTP/1.1, content: EmptyByteBufBE)
GET /session/282807fdde94d5d47600cbbc12fa34b9/screenshot HTTP/1.1
User-Agent: selenium/4.4.0 (java windows)
Cache-Control: no-cache
Content-Type: application/json; charset=utf-8
host: localhost:63061
accept: */*

Response DefaultHttpResponse(decodeResult: success, version: HTTP/1.1)
HTTP/1.1 200 OK
Content-Type: application/json; charset=utf-8
cache-control: no-cache
content-length: 64916

12:30:57.391 [AsyncHttpClient-1-2] DEBUG org.asynchttpclient.netty.channel.ChannelManager - Adding key: http://localhost:63061 for channel [id: 0x1ee33d92, L:/127.0.0.1:59951 - R:localhost/127.0.0.1:63061]
12:30:57.393 [Test worker] DEBUG net.serenitybdd.core.photography.Darkroom - Send negative for processing for C:\Users\juan.gomezv\IdeaProjects\sura\target\site\serenity\15d9e9d106993b556c4700ab568b5fb7754405e499d0ef78f6d2530a2e7bfc45.png
12:30:57.396 [Forwarding getPageSource on session 282807fdde94d5d47600cbbc12fa34b9 to remote] DEBUG org.asynchttpclient.netty.request.NettyRequestSender - Using pooled Channel '[id: 0x1ee33d92, L:/127.0.0.1:59951 - R:localhost/127.0.0.1:63061]' for 'POST' to 'http://localhost:63061/session/282807fdde94d5d47600cbbc12fa34b9/execute/sync'
12:30:57.396 [Forwarding getPageSource on session 282807fdde94d5d47600cbbc12fa34b9 to remote] DEBUG org.asynchttpclient.netty.request.NettyRequestSender - Using open Channel [id: 0x1ee33d92, L:/127.0.0.1:59951 - R:localhost/127.0.0.1:63061] for POST '/session/282807fdde94d5d47600cbbc12fa34b9/execute/sync'
12:30:57.402 [AsyncHttpClient-1-2] DEBUG org.asynchttpclient.netty.handler.HttpHandler - 

Request DefaultHttpRequest(decodeResult: success, version: HTTP/1.1)
POST /session/282807fdde94d5d47600cbbc12fa34b9/execute/sync HTTP/1.1
User-Agent: selenium/4.4.0 (java windows)
Content-Length: 176
Content-Type: application/json; charset=utf-8
host: localhost:63061
accept: */*

Response DefaultHttpResponse(decodeResult: success, version: HTTP/1.1)
HTTP/1.1 200 OK
Content-Type: application/json; charset=utf-8
cache-control: no-cache
content-length: 14674

12:30:57.402 [AsyncHttpClient-1-2] DEBUG org.asynchttpclient.netty.channel.ChannelManager - Adding key: http://localhost:63061 for channel [id: 0x1ee33d92, L:/127.0.0.1:59951 - R:localhost/127.0.0.1:63061]
12:30:57.406 [Forwarding getCurrentUrl on session 282807fdde94d5d47600cbbc12fa34b9 to remote] DEBUG org.asynchttpclient.netty.request.NettyRequestSender - Using pooled Channel '[id: 0x1ee33d92, L:/127.0.0.1:59951 - R:localhost/127.0.0.1:63061]' for 'GET' to 'http://localhost:63061/session/282807fdde94d5d47600cbbc12fa34b9/url'
12:30:57.406 [Forwarding getCurrentUrl on session 282807fdde94d5d47600cbbc12fa34b9 to remote] DEBUG org.asynchttpclient.netty.request.NettyRequestSender - Using open Channel [id: 0x1ee33d92, L:/127.0.0.1:59951 - R:localhost/127.0.0.1:63061] for GET '/session/282807fdde94d5d47600cbbc12fa34b9/url'
12:30:57.408 [AsyncHttpClient-1-2] DEBUG org.asynchttpclient.netty.handler.HttpHandler - 

Request DefaultFullHttpRequest(decodeResult: success, version: HTTP/1.1, content: EmptyByteBufBE)
GET /session/282807fdde94d5d47600cbbc12fa34b9/url HTTP/1.1
User-Agent: selenium/4.4.0 (java windows)
Cache-Control: no-cache
Content-Type: application/json; charset=utf-8
host: localhost:63061
accept: */*

Response DefaultHttpResponse(decodeResult: success, version: HTTP/1.1)
HTTP/1.1 200 OK
Content-Type: application/json; charset=utf-8
cache-control: no-cache
content-length: 38

12:30:57.409 [AsyncHttpClient-1-2] DEBUG org.asynchttpclient.netty.channel.ChannelManager - Adding key: http://localhost:63061 for channel [id: 0x1ee33d92, L:/127.0.0.1:59951 - R:localhost/127.0.0.1:63061]
12:30:57.463 [Forwarding getCurrentWindowHandle on session 282807fdde94d5d47600cbbc12fa34b9 to remote] DEBUG org.asynchttpclient.netty.request.NettyRequestSender - Using pooled Channel '[id: 0x1ee33d92, L:/127.0.0.1:59951 - R:localhost/127.0.0.1:63061]' for 'GET' to 'http://localhost:63061/session/282807fdde94d5d47600cbbc12fa34b9/window'
12:30:57.463 [Forwarding getCurrentWindowHandle on session 282807fdde94d5d47600cbbc12fa34b9 to remote] DEBUG org.asynchttpclient.netty.request.NettyRequestSender - Using open Channel [id: 0x1ee33d92, L:/127.0.0.1:59951 - R:localhost/127.0.0.1:63061] for GET '/session/282807fdde94d5d47600cbbc12fa34b9/window'
12:30:57.465 [AsyncHttpClient-1-2] DEBUG org.asynchttpclient.netty.handler.HttpHandler - 

Request DefaultFullHttpRequest(decodeResult: success, version: HTTP/1.1, content: EmptyByteBufBE)
GET /session/282807fdde94d5d47600cbbc12fa34b9/window HTTP/1.1
User-Agent: selenium/4.4.0 (java windows)
Cache-Control: no-cache
Content-Type: application/json; charset=utf-8
host: localhost:63061
accept: */*

Response DefaultHttpResponse(decodeResult: success, version: HTTP/1.1)
HTTP/1.1 200 OK
Content-Type: application/json; charset=utf-8
cache-control: no-cache
content-length: 53

12:30:57.465 [AsyncHttpClient-1-2] DEBUG org.asynchttpclient.netty.channel.ChannelManager - Adding key: http://localhost:63061 for channel [id: 0x1ee33d92, L:/127.0.0.1:59951 - R:localhost/127.0.0.1:63061]
12:30:57.472 [Forwarding getAlertText on session 282807fdde94d5d47600cbbc12fa34b9 to remote] DEBUG org.asynchttpclient.netty.request.NettyRequestSender - Using pooled Channel '[id: 0x1ee33d92, L:/127.0.0.1:59951 - R:localhost/127.0.0.1:63061]' for 'GET' to 'http://localhost:63061/session/282807fdde94d5d47600cbbc12fa34b9/alert/text'
12:30:57.472 [Forwarding getAlertText on session 282807fdde94d5d47600cbbc12fa34b9 to remote] DEBUG org.asynchttpclient.netty.request.NettyRequestSender - Using open Channel [id: 0x1ee33d92, L:/127.0.0.1:59951 - R:localhost/127.0.0.1:63061] for GET '/session/282807fdde94d5d47600cbbc12fa34b9/alert/text'
12:30:57.473 [AsyncHttpClient-1-2] DEBUG org.asynchttpclient.netty.handler.HttpHandler - 

Request DefaultFullHttpRequest(decodeResult: success, version: HTTP/1.1, content: EmptyByteBufBE)
GET /session/282807fdde94d5d47600cbbc12fa34b9/alert/text HTTP/1.1
User-Agent: selenium/4.4.0 (java windows)
Cache-Control: no-cache
Content-Type: application/json; charset=utf-8
host: localhost:63061
accept: */*

Response DefaultHttpResponse(decodeResult: success, version: HTTP/1.1)
HTTP/1.1 404 Not Found
Content-Type: application/json; charset=utf-8
cache-control: no-cache
content-length: 879

12:30:57.474 [AsyncHttpClient-1-2] DEBUG org.asynchttpclient.netty.channel.ChannelManager - Adding key: http://localhost:63061 for channel [id: 0x1ee33d92, L:/127.0.0.1:59951 - R:localhost/127.0.0.1:63061]
12:30:57.480 [Forwarding switchToWindow on session 282807fdde94d5d47600cbbc12fa34b9 to remote] DEBUG org.asynchttpclient.netty.request.NettyRequestSender - Using pooled Channel '[id: 0x1ee33d92, L:/127.0.0.1:59951 - R:localhost/127.0.0.1:63061]' for 'POST' to 'http://localhost:63061/session/282807fdde94d5d47600cbbc12fa34b9/window'
12:30:57.480 [Forwarding switchToWindow on session 282807fdde94d5d47600cbbc12fa34b9 to remote] DEBUG org.asynchttpclient.netty.request.NettyRequestSender - Using open Channel [id: 0x1ee33d92, L:/127.0.0.1:59951 - R:localhost/127.0.0.1:63061] for POST '/session/282807fdde94d5d47600cbbc12fa34b9/window'
12:30:57.483 [AsyncHttpClient-1-2] DEBUG org.asynchttpclient.netty.handler.HttpHandler - 

Request DefaultHttpRequest(decodeResult: success, version: HTTP/1.1)
POST /session/282807fdde94d5d47600cbbc12fa34b9/window HTTP/1.1
User-Agent: selenium/4.4.0 (java windows)
Content-Length: 59
Content-Type: application/json; charset=utf-8
host: localhost:63061
accept: */*

Response DefaultHttpResponse(decodeResult: success, version: HTTP/1.1)
HTTP/1.1 200 OK
Content-Type: application/json; charset=utf-8
cache-control: no-cache
content-length: 14

12:30:57.483 [AsyncHttpClient-1-2] DEBUG org.asynchttpclient.netty.channel.ChannelManager - Adding key: http://localhost:63061 for channel [id: 0x1ee33d92, L:/127.0.0.1:59951 - R:localhost/127.0.0.1:63061]
12:30:57.484 [Forwarding getCurrentUrl on session 282807fdde94d5d47600cbbc12fa34b9 to remote] DEBUG org.asynchttpclient.netty.request.NettyRequestSender - Using pooled Channel '[id: 0x1ee33d92, L:/127.0.0.1:59951 - R:localhost/127.0.0.1:63061]' for 'GET' to 'http://localhost:63061/session/282807fdde94d5d47600cbbc12fa34b9/url'
12:30:57.484 [Forwarding getCurrentUrl on session 282807fdde94d5d47600cbbc12fa34b9 to remote] DEBUG org.asynchttpclient.netty.request.NettyRequestSender - Using open Channel [id: 0x1ee33d92, L:/127.0.0.1:59951 - R:localhost/127.0.0.1:63061] for GET '/session/282807fdde94d5d47600cbbc12fa34b9/url'
12:30:57.489 [AsyncHttpClient-1-2] DEBUG org.asynchttpclient.netty.handler.HttpHandler - 

Request DefaultFullHttpRequest(decodeResult: success, version: HTTP/1.1, content: EmptyByteBufBE)
GET /session/282807fdde94d5d47600cbbc12fa34b9/url HTTP/1.1
User-Agent: selenium/4.4.0 (java windows)
Cache-Control: no-cache
Content-Type: application/json; charset=utf-8
host: localhost:63061
accept: */*

Response DefaultHttpResponse(decodeResult: success, version: HTTP/1.1)
HTTP/1.1 200 OK
Content-Type: application/json; charset=utf-8
cache-control: no-cache
content-length: 38

12:30:57.490 [AsyncHttpClient-1-2] DEBUG org.asynchttpclient.netty.channel.ChannelManager - Adding key: http://localhost:63061 for channel [id: 0x1ee33d92, L:/127.0.0.1:59951 - R:localhost/127.0.0.1:63061]
12:30:57.491 [Forwarding screenshot on session 282807fdde94d5d47600cbbc12fa34b9 to remote] DEBUG org.asynchttpclient.netty.request.NettyRequestSender - Using pooled Channel '[id: 0x1ee33d92, L:/127.0.0.1:59951 - R:localhost/127.0.0.1:63061]' for 'GET' to 'http://localhost:63061/session/282807fdde94d5d47600cbbc12fa34b9/screenshot'
12:30:57.491 [Forwarding screenshot on session 282807fdde94d5d47600cbbc12fa34b9 to remote] DEBUG org.asynchttpclient.netty.request.NettyRequestSender - Using open Channel [id: 0x1ee33d92, L:/127.0.0.1:59951 - R:localhost/127.0.0.1:63061] for GET '/session/282807fdde94d5d47600cbbc12fa34b9/screenshot'
12:30:57.549 [AsyncHttpClient-1-1] DEBUG org.asynchttpclient.netty.channel.DefaultChannelPool - Entry count for : http://localhost:59952 : 1
12:30:57.557 [AsyncHttpClient-1-2] DEBUG org.asynchttpclient.netty.handler.HttpHandler - 

Request DefaultFullHttpRequest(decodeResult: success, version: HTTP/1.1, content: EmptyByteBufBE)
GET /session/282807fdde94d5d47600cbbc12fa34b9/screenshot HTTP/1.1
User-Agent: selenium/4.4.0 (java windows)
Cache-Control: no-cache
Content-Type: application/json; charset=utf-8
host: localhost:63061
accept: */*

Response DefaultHttpResponse(decodeResult: success, version: HTTP/1.1)
HTTP/1.1 200 OK
Content-Type: application/json; charset=utf-8
cache-control: no-cache
content-length: 64916

12:30:57.558 [AsyncHttpClient-1-2] DEBUG org.asynchttpclient.netty.channel.ChannelManager - Adding key: http://localhost:63061 for channel [id: 0x1ee33d92, L:/127.0.0.1:59951 - R:localhost/127.0.0.1:63061]
12:30:57.560 [Test worker] DEBUG net.serenitybdd.core.photography.Darkroom - Send negative for processing for C:\Users\juan.gomezv\IdeaProjects\sura\target\site\serenity\15d9e9d106993b556c4700ab568b5fb7754405e499d0ef78f6d2530a2e7bfc45.png
12:30:57.563 [Forwarding getPageSource on session 282807fdde94d5d47600cbbc12fa34b9 to remote] DEBUG org.asynchttpclient.netty.request.NettyRequestSender - Using pooled Channel '[id: 0x1ee33d92, L:/127.0.0.1:59951 - R:localhost/127.0.0.1:63061]' for 'POST' to 'http://localhost:63061/session/282807fdde94d5d47600cbbc12fa34b9/execute/sync'
12:30:57.564 [Forwarding getPageSource on session 282807fdde94d5d47600cbbc12fa34b9 to remote] DEBUG org.asynchttpclient.netty.request.NettyRequestSender - Using open Channel [id: 0x1ee33d92, L:/127.0.0.1:59951 - R:localhost/127.0.0.1:63061] for POST '/session/282807fdde94d5d47600cbbc12fa34b9/execute/sync'
12:30:57.569 [AsyncHttpClient-1-2] DEBUG org.asynchttpclient.netty.handler.HttpHandler - 

Request DefaultHttpRequest(decodeResult: success, version: HTTP/1.1)
POST /session/282807fdde94d5d47600cbbc12fa34b9/execute/sync HTTP/1.1
User-Agent: selenium/4.4.0 (java windows)
Content-Length: 176
Content-Type: application/json; charset=utf-8
host: localhost:63061
accept: */*

Response DefaultHttpResponse(decodeResult: success, version: HTTP/1.1)
HTTP/1.1 200 OK
Content-Type: application/json; charset=utf-8
cache-control: no-cache
content-length: 14674

12:30:57.570 [AsyncHttpClient-1-2] DEBUG org.asynchttpclient.netty.channel.ChannelManager - Adding key: http://localhost:63061 for channel [id: 0x1ee33d92, L:/127.0.0.1:59951 - R:localhost/127.0.0.1:63061]
12:30:57.573 [Forwarding getCurrentUrl on session 282807fdde94d5d47600cbbc12fa34b9 to remote] DEBUG org.asynchttpclient.netty.request.NettyRequestSender - Using pooled Channel '[id: 0x1ee33d92, L:/127.0.0.1:59951 - R:localhost/127.0.0.1:63061]' for 'GET' to 'http://localhost:63061/session/282807fdde94d5d47600cbbc12fa34b9/url'
12:30:57.573 [Forwarding getCurrentUrl on session 282807fdde94d5d47600cbbc12fa34b9 to remote] DEBUG org.asynchttpclient.netty.request.NettyRequestSender - Using open Channel [id: 0x1ee33d92, L:/127.0.0.1:59951 - R:localhost/127.0.0.1:63061] for GET '/session/282807fdde94d5d47600cbbc12fa34b9/url'
12:30:57.577 [AsyncHttpClient-1-2] DEBUG org.asynchttpclient.netty.handler.HttpHandler - 

Request DefaultFullHttpRequest(decodeResult: success, version: HTTP/1.1, content: EmptyByteBufBE)
GET /session/282807fdde94d5d47600cbbc12fa34b9/url HTTP/1.1
User-Agent: selenium/4.4.0 (java windows)
Cache-Control: no-cache
Content-Type: application/json; charset=utf-8
host: localhost:63061
accept: */*

Response DefaultHttpResponse(decodeResult: success, version: HTTP/1.1)
HTTP/1.1 200 OK
Content-Type: application/json; charset=utf-8
cache-control: no-cache
content-length: 38

12:30:57.577 [AsyncHttpClient-1-2] DEBUG org.asynchttpclient.netty.channel.ChannelManager - Adding key: http://localhost:63061 for channel [id: 0x1ee33d92, L:/127.0.0.1:59951 - R:localhost/127.0.0.1:63061]
12:30:57.579 [Test worker] DEBUG net.thucydides.core.steps.StepInterceptor - STARTING STEP: LoginSteps.laAplicacionDenegaIngresoMostrandoMensaje - {0} should see #description
12:30:57.581 [Test worker] DEBUG net.serenitybdd.screenplay.targets.IFrameSwitcher - default content already selected for LogIn Button
12:30:57.595 [Forwarding findElement on session 282807fdde94d5d47600cbbc12fa34b9 to remote] DEBUG org.asynchttpclient.netty.request.NettyRequestSender - Using pooled Channel '[id: 0x1ee33d92, L:/127.0.0.1:59951 - R:localhost/127.0.0.1:63061]' for 'POST' to 'http://localhost:63061/session/282807fdde94d5d47600cbbc12fa34b9/element'
12:30:57.596 [Forwarding findElement on session 282807fdde94d5d47600cbbc12fa34b9 to remote] DEBUG org.asynchttpclient.netty.request.NettyRequestSender - Using open Channel [id: 0x1ee33d92, L:/127.0.0.1:59951 - R:localhost/127.0.0.1:63061] for POST '/session/282807fdde94d5d47600cbbc12fa34b9/element'
12:30:57.604 [AsyncHttpClient-1-2] DEBUG org.asynchttpclient.netty.handler.HttpHandler - 

Request DefaultHttpRequest(decodeResult: success, version: HTTP/1.1)
POST /session/282807fdde94d5d47600cbbc12fa34b9/element HTTP/1.1
User-Agent: selenium/4.4.0 (java windows)
Content-Length: 63
Content-Type: application/json; charset=utf-8
host: localhost:63061
accept: */*

Response DefaultHttpResponse(decodeResult: success, version: HTTP/1.1)
HTTP/1.1 200 OK
Content-Type: application/json; charset=utf-8
cache-control: no-cache
content-length: 88

12:30:57.605 [AsyncHttpClient-1-2] DEBUG org.asynchttpclient.netty.channel.ChannelManager - Adding key: http://localhost:63061 for channel [id: 0x1ee33d92, L:/127.0.0.1:59951 - R:localhost/127.0.0.1:63061]
12:30:57.606 [Forwarding getElementText on session 282807fdde94d5d47600cbbc12fa34b9 to remote] DEBUG org.asynchttpclient.netty.request.NettyRequestSender - Using pooled Channel '[id: 0x1ee33d92, L:/127.0.0.1:59951 - R:localhost/127.0.0.1:63061]' for 'GET' to 'http://localhost:63061/session/282807fdde94d5d47600cbbc12fa34b9/element/632fcd31-e006-416b-a628-f27c83cd6f8e/text'
12:30:57.606 [Forwarding getElementText on session 282807fdde94d5d47600cbbc12fa34b9 to remote] DEBUG org.asynchttpclient.netty.request.NettyRequestSender - Using open Channel [id: 0x1ee33d92, L:/127.0.0.1:59951 - R:localhost/127.0.0.1:63061] for GET '/session/282807fdde94d5d47600cbbc12fa34b9/element/632fcd31-e006-416b-a628-f27c83cd6f8e/text'
12:30:57.617 [AsyncHttpClient-1-2] DEBUG org.asynchttpclient.netty.handler.HttpHandler - 

Request DefaultFullHttpRequest(decodeResult: success, version: HTTP/1.1, content: EmptyByteBufBE)
GET /session/282807fdde94d5d47600cbbc12fa34b9/element/632fcd31-e006-416b-a628-f27c83cd6f8e/text HTTP/1.1
User-Agent: selenium/4.4.0 (java windows)
Cache-Control: no-cache
Content-Type: application/json; charset=utf-8
host: localhost:63061
accept: */*

Response DefaultHttpResponse(decodeResult: success, version: HTTP/1.1)
HTTP/1.1 200 OK
Content-Type: application/json; charset=utf-8
cache-control: no-cache
content-length: 63

12:30:57.617 [AsyncHttpClient-1-2] DEBUG org.asynchttpclient.netty.channel.ChannelManager - Adding key: http://localhost:63061 for channel [id: 0x1ee33d92, L:/127.0.0.1:59951 - R:localhost/127.0.0.1:63061]
12:30:57.632 [Forwarding getCurrentWindowHandle on session 282807fdde94d5d47600cbbc12fa34b9 to remote] DEBUG org.asynchttpclient.netty.request.NettyRequestSender - Using pooled Channel '[id: 0x1ee33d92, L:/127.0.0.1:59951 - R:localhost/127.0.0.1:63061]' for 'GET' to 'http://localhost:63061/session/282807fdde94d5d47600cbbc12fa34b9/window'
12:30:57.632 [Forwarding getCurrentWindowHandle on session 282807fdde94d5d47600cbbc12fa34b9 to remote] DEBUG org.asynchttpclient.netty.request.NettyRequestSender - Using open Channel [id: 0x1ee33d92, L:/127.0.0.1:59951 - R:localhost/127.0.0.1:63061] for GET '/session/282807fdde94d5d47600cbbc12fa34b9/window'
12:30:57.633 [AsyncHttpClient-1-2] DEBUG org.asynchttpclient.netty.handler.HttpHandler - 

Request DefaultFullHttpRequest(decodeResult: success, version: HTTP/1.1, content: EmptyByteBufBE)
GET /session/282807fdde94d5d47600cbbc12fa34b9/window HTTP/1.1
User-Agent: selenium/4.4.0 (java windows)
Cache-Control: no-cache
Content-Type: application/json; charset=utf-8
host: localhost:63061
accept: */*

Response DefaultHttpResponse(decodeResult: success, version: HTTP/1.1)
HTTP/1.1 200 OK
Content-Type: application/json; charset=utf-8
cache-control: no-cache
content-length: 53

12:30:57.633 [AsyncHttpClient-1-2] DEBUG org.asynchttpclient.netty.channel.ChannelManager - Adding key: http://localhost:63061 for channel [id: 0x1ee33d92, L:/127.0.0.1:59951 - R:localhost/127.0.0.1:63061]
12:30:57.636 [Forwarding getAlertText on session 282807fdde94d5d47600cbbc12fa34b9 to remote] DEBUG org.asynchttpclient.netty.request.NettyRequestSender - Using pooled Channel '[id: 0x1ee33d92, L:/127.0.0.1:59951 - R:localhost/127.0.0.1:63061]' for 'GET' to 'http://localhost:63061/session/282807fdde94d5d47600cbbc12fa34b9/alert/text'
12:30:57.636 [Forwarding getAlertText on session 282807fdde94d5d47600cbbc12fa34b9 to remote] DEBUG org.asynchttpclient.netty.request.NettyRequestSender - Using open Channel [id: 0x1ee33d92, L:/127.0.0.1:59951 - R:localhost/127.0.0.1:63061] for GET '/session/282807fdde94d5d47600cbbc12fa34b9/alert/text'
12:30:57.638 [AsyncHttpClient-1-2] DEBUG org.asynchttpclient.netty.handler.HttpHandler - 

Request DefaultFullHttpRequest(decodeResult: success, version: HTTP/1.1, content: EmptyByteBufBE)
GET /session/282807fdde94d5d47600cbbc12fa34b9/alert/text HTTP/1.1
User-Agent: selenium/4.4.0 (java windows)
Cache-Control: no-cache
Content-Type: application/json; charset=utf-8
host: localhost:63061
accept: */*

Response DefaultHttpResponse(decodeResult: success, version: HTTP/1.1)
HTTP/1.1 404 Not Found
Content-Type: application/json; charset=utf-8
cache-control: no-cache
content-length: 879

12:30:57.638 [AsyncHttpClient-1-2] DEBUG org.asynchttpclient.netty.channel.ChannelManager - Adding key: http://localhost:63061 for channel [id: 0x1ee33d92, L:/127.0.0.1:59951 - R:localhost/127.0.0.1:63061]
12:30:57.643 [Forwarding switchToWindow on session 282807fdde94d5d47600cbbc12fa34b9 to remote] DEBUG org.asynchttpclient.netty.request.NettyRequestSender - Using pooled Channel '[id: 0x1ee33d92, L:/127.0.0.1:59951 - R:localhost/127.0.0.1:63061]' for 'POST' to 'http://localhost:63061/session/282807fdde94d5d47600cbbc12fa34b9/window'
12:30:57.643 [Forwarding switchToWindow on session 282807fdde94d5d47600cbbc12fa34b9 to remote] DEBUG org.asynchttpclient.netty.request.NettyRequestSender - Using open Channel [id: 0x1ee33d92, L:/127.0.0.1:59951 - R:localhost/127.0.0.1:63061] for POST '/session/282807fdde94d5d47600cbbc12fa34b9/window'
12:30:57.646 [AsyncHttpClient-1-2] DEBUG org.asynchttpclient.netty.handler.HttpHandler - 

Request DefaultHttpRequest(decodeResult: success, version: HTTP/1.1)
POST /session/282807fdde94d5d47600cbbc12fa34b9/window HTTP/1.1
User-Agent: selenium/4.4.0 (java windows)
Content-Length: 59
Content-Type: application/json; charset=utf-8
host: localhost:63061
accept: */*

Response DefaultHttpResponse(decodeResult: success, version: HTTP/1.1)
HTTP/1.1 200 OK
Content-Type: application/json; charset=utf-8
cache-control: no-cache
content-length: 14

12:30:57.646 [AsyncHttpClient-1-2] DEBUG org.asynchttpclient.netty.channel.ChannelManager - Adding key: http://localhost:63061 for channel [id: 0x1ee33d92, L:/127.0.0.1:59951 - R:localhost/127.0.0.1:63061]
12:30:57.647 [Forwarding getCurrentUrl on session 282807fdde94d5d47600cbbc12fa34b9 to remote] DEBUG org.asynchttpclient.netty.request.NettyRequestSender - Using pooled Channel '[id: 0x1ee33d92, L:/127.0.0.1:59951 - R:localhost/127.0.0.1:63061]' for 'GET' to 'http://localhost:63061/session/282807fdde94d5d47600cbbc12fa34b9/url'
12:30:57.647 [Forwarding getCurrentUrl on session 282807fdde94d5d47600cbbc12fa34b9 to remote] DEBUG org.asynchttpclient.netty.request.NettyRequestSender - Using open Channel [id: 0x1ee33d92, L:/127.0.0.1:59951 - R:localhost/127.0.0.1:63061] for GET '/session/282807fdde94d5d47600cbbc12fa34b9/url'
12:30:57.656 [AsyncHttpClient-1-2] DEBUG org.asynchttpclient.netty.handler.HttpHandler - 

Request DefaultFullHttpRequest(decodeResult: success, version: HTTP/1.1, content: EmptyByteBufBE)
GET /session/282807fdde94d5d47600cbbc12fa34b9/url HTTP/1.1
User-Agent: selenium/4.4.0 (java windows)
Cache-Control: no-cache
Content-Type: application/json; charset=utf-8
host: localhost:63061
accept: */*

Response DefaultHttpResponse(decodeResult: success, version: HTTP/1.1)
HTTP/1.1 200 OK
Content-Type: application/json; charset=utf-8
cache-control: no-cache
content-length: 38

12:30:57.656 [AsyncHttpClient-1-2] DEBUG org.asynchttpclient.netty.channel.ChannelManager - Adding key: http://localhost:63061 for channel [id: 0x1ee33d92, L:/127.0.0.1:59951 - R:localhost/127.0.0.1:63061]
12:30:57.658 [Forwarding screenshot on session 282807fdde94d5d47600cbbc12fa34b9 to remote] DEBUG org.asynchttpclient.netty.request.NettyRequestSender - Using pooled Channel '[id: 0x1ee33d92, L:/127.0.0.1:59951 - R:localhost/127.0.0.1:63061]' for 'GET' to 'http://localhost:63061/session/282807fdde94d5d47600cbbc12fa34b9/screenshot'
12:30:57.658 [Forwarding screenshot on session 282807fdde94d5d47600cbbc12fa34b9 to remote] DEBUG org.asynchttpclient.netty.request.NettyRequestSender - Using open Channel [id: 0x1ee33d92, L:/127.0.0.1:59951 - R:localhost/127.0.0.1:63061] for GET '/session/282807fdde94d5d47600cbbc12fa34b9/screenshot'
12:30:57.747 [AsyncHttpClient-1-2] DEBUG org.asynchttpclient.netty.handler.HttpHandler - 

Request DefaultFullHttpRequest(decodeResult: success, version: HTTP/1.1, content: EmptyByteBufBE)
GET /session/282807fdde94d5d47600cbbc12fa34b9/screenshot HTTP/1.1
User-Agent: selenium/4.4.0 (java windows)
Cache-Control: no-cache
Content-Type: application/json; charset=utf-8
host: localhost:63061
accept: */*

Response DefaultHttpResponse(decodeResult: success, version: HTTP/1.1)
HTTP/1.1 200 OK
Content-Type: application/json; charset=utf-8
cache-control: no-cache
content-length: 64916

12:30:57.749 [AsyncHttpClient-1-2] DEBUG org.asynchttpclient.netty.channel.ChannelManager - Adding key: http://localhost:63061 for channel [id: 0x1ee33d92, L:/127.0.0.1:59951 - R:localhost/127.0.0.1:63061]
12:30:57.752 [Test worker] DEBUG net.serenitybdd.core.photography.Darkroom - Send negative for processing for C:\Users\juan.gomezv\IdeaProjects\sura\target\site\serenity\15d9e9d106993b556c4700ab568b5fb7754405e499d0ef78f6d2530a2e7bfc45.png
12:30:57.752 [Test worker] DEBUG net.thucydides.core.steps.StepInterceptor - STEP DONE: {0} should see #description
  ?[32mEntonces ?[0m?[32ma ?[0m?[32m?[1mAna?[0m?[32m se le deniega el ingreso mostrando el mensaje ?[0m?[32m?[1m"Epic sadface"?[0m ?[90m# sura.stepDefinitions.LoginSteps.laAplicacionDenegaIngresoMostrandoMensaje(net.serenitybdd.screenplay.Actor,java.lang.String)?[0m
12:30:57.849 [Driver Command Executor] DEBUG org.asynchttpclient.netty.request.NettyRequestSender - Using pooled Channel '[id: 0x1ee33d92, L:/127.0.0.1:59951 - R:localhost/127.0.0.1:63061]' for 'DELETE' to 'http://localhost:63061/session/282807fdde94d5d47600cbbc12fa34b9'
12:30:57.850 [Driver Command Executor] DEBUG org.asynchttpclient.netty.request.NettyRequestSender - Using open Channel [id: 0x1ee33d92, L:/127.0.0.1:59951 - R:localhost/127.0.0.1:63061] for DELETE '/session/282807fdde94d5d47600cbbc12fa34b9'
12:30:57.852 [AsyncHttpClient-1-4] DEBUG org.asynchttpclient.netty.handler.WebSocketHandler - Channel Closed: [id: 0x9e4609a7, L:/127.0.0.1:59958 ! R:localhost/127.0.0.1:59952] with attribute NettyResponseFuture{currentRetry=0,
	isDone=1,
	isCancelled=0,
	asyncHandler=org.asynchttpclient.ws.WebSocketUpgradeHandler@7813fe9b,
	nettyRequest=org.asynchttpclient.netty.request.NettyRequest@5d282f1f,
	future=java.util.concurrent.CompletableFuture@21dabc47[Completed normally],
	uri=ws://localhost:59952/devtools/browser/9c62f024-55c8-44b9-b4a9-22f7a78d9704,
	keepAlive=true,
	redirectCount=0,
	timeoutsHolder=null,
	inAuth=0,
	touch=1664472650966}
12:30:57.853 [AsyncHttpClient-1-4] DEBUG org.asynchttpclient.netty.channel.ChannelManager - Closing Channel [id: 0x9e4609a7, L:/127.0.0.1:59958 ! R:localhost/127.0.0.1:59952] 
12:30:57.877 [AsyncHttpClient-1-3] DEBUG org.asynchttpclient.netty.handler.HttpHandler - Unexpected I/O exception on channel [id: 0x31e53388, L:/127.0.0.1:59957 - R:localhost/127.0.0.1:59952]
java.net.SocketException: Connection reset
	at java.base/sun.nio.ch.SocketChannelImpl.throwConnectionReset(SocketChannelImpl.java:394)
	at java.base/sun.nio.ch.SocketChannelImpl.read(SocketChannelImpl.java:426)
	at io.netty.buffer.PooledByteBuf.setBytes(PooledByteBuf.java:258)
	at io.netty.buffer.AbstractByteBuf.writeBytes(AbstractByteBuf.java:1132)
	at io.netty.channel.socket.nio.NioSocketChannel.doReadBytes(NioSocketChannel.java:357)
	at io.netty.channel.nio.AbstractNioByteChannel$NioByteUnsafe.read(AbstractNioByteChannel.java:151)
	at io.netty.channel.nio.NioEventLoop.processSelectedKey(NioEventLoop.java:722)
	at io.netty.channel.nio.NioEventLoop.processSelectedKeysOptimized(NioEventLoop.java:658)
	at io.netty.channel.nio.NioEventLoop.processSelectedKeys(NioEventLoop.java:584)
	at io.netty.channel.nio.NioEventLoop.run(NioEventLoop.java:496)
	at io.netty.util.concurrent.SingleThreadEventExecutor$4.run(SingleThreadEventExecutor.java:997)
	at io.netty.util.internal.ThreadExecutorMap$2.run(ThreadExecutorMap.java:74)
	at io.netty.util.concurrent.FastThreadLocalRunnable.run(FastThreadLocalRunnable.java:30)
	at java.base/java.lang.Thread.run(Thread.java:833)
12:30:57.879 [AsyncHttpClient-1-3] DEBUG org.asynchttpclient.netty.channel.ChannelManager - Closing Channel [id: 0x31e53388, L:/127.0.0.1:59957 - R:localhost/127.0.0.1:59952] 
12:30:57.881 [AsyncHttpClient-1-3] DEBUG org.asynchttpclient.netty.handler.HttpHandler - Channel Closed: [id: 0x31e53388, L:/127.0.0.1:59957 ! R:localhost/127.0.0.1:59952] with attribute DISCARD
12:30:57.896 [AsyncHttpClient-1-2] DEBUG org.asynchttpclient.netty.handler.HttpHandler - 

Request DefaultFullHttpRequest(decodeResult: success, version: HTTP/1.1, content: EmptyByteBufBE)
DELETE /session/282807fdde94d5d47600cbbc12fa34b9 HTTP/1.1
User-Agent: selenium/4.4.0 (java windows)
Content-Type: application/json; charset=utf-8
host: localhost:63061
accept: */*

Response DefaultHttpResponse(decodeResult: success, version: HTTP/1.1)
HTTP/1.1 200 OK
Content-Type: application/json; charset=utf-8
cache-control: no-cache
content-length: 14

12:30:57.896 [AsyncHttpClient-1-2] DEBUG org.asynchttpclient.netty.channel.ChannelManager - Adding key: http://localhost:63061 for channel [id: 0x1ee33d92, L:/127.0.0.1:59951 - R:localhost/127.0.0.1:63061]
12:30:57.932 [AsyncHttpClient-1-2] DEBUG org.asynchttpclient.netty.handler.HttpHandler - Channel Closed: [id: 0x1ee33d92, L:/127.0.0.1:59951 ! R:localhost/127.0.0.1:63061] with attribute DISCARD
12:30:57.975 [Test worker] INFO  - 
  _____   ___   ___   _____     ___     _     ___   ___   ___   ___  
 |_   _| | __| / __| |_   _|   | _ \   /_\   / __| / __| | __| |   \ 
   | |   | _|  \__ \   | |     |  _/  / _ \  \__ \ \__ \ | _|  | |) |
   |_|   |___| |___/   |_|     |_|   /_/ \_\ |___/ |___/ |___| |___/ 

Usuario se auténtica con una cuenta inválida
----------------------------------------------------------------------

Esquema del escenario: Usuario se auténtica con una cuenta inválida           ?[90m# src/test/resources/features/autenticacion/login.feature:15?[0m
12:30:57.994 [Test worker] INFO io.cucumber.core.plugin.SerenityReporter - Running feature from file:///C:/Users/juan.gomezv/IdeaProjects/sura/src/test/resources/features/autenticacion/login.feature
12:30:58.002 [Test worker] DEBUG net.thucydides.core.steps.StepInterceptor - STARTING STEP: LoginSteps.quiereConsultarArticulosDeportivosEnLaWebDeLaMarcaSwag - {0} abre la aplicación
12:30:58.006 [Test worker] DEBUG net.thucydides.core.steps.StepInterceptor - STARTING STEP: NavigateTo.performAs - {0} opens the #targetPageName
12:30:58.072 [Test worker] INFO net.serenitybdd.core.webdriver.driverproviders.ChromeDriverProvider - Starting Chrome driver instance with capabilities:
12:30:58.072 [Test worker] INFO net.serenitybdd.core.webdriver.driverproviders.ChromeDriverProvider - Capabilities {acceptInsecureCerts: false, browserName: chrome, goog:chromeOptions: {args: [], extensions: []}}
12:30:58.141 [AsyncHttpClient-1-5] DEBUG org.asynchttpclient.netty.channel.NettyConnectListener - Using new Channel '[id: 0xdd880cef, L:/127.0.0.1:59978 - R:localhost/127.0.0.1:53354]' for 'POST' to '/session'
12:30:58.651 [AsyncHttpClient-1-1] DEBUG org.asynchttpclient.netty.channel.DefaultChannelPool - Entry count for : http://localhost:63061 : 1
12:30:58.651 [AsyncHttpClient-1-1] DEBUG org.asynchttpclient.netty.channel.DefaultChannelPool - Entry count for : http://localhost:59952 : 1
12:30:58.651 [AsyncHttpClient-1-1] DEBUG org.asynchttpclient.netty.channel.DefaultChannelPool - Adding Candidate expired Channel [id: 0x1ee33d92, L:/127.0.0.1:59951 ! R:localhost/127.0.0.1:63061] isIdleTimeoutExpired=false isRemotelyClosed=true isTtlExpired=false
12:30:58.651 [AsyncHttpClient-1-1] DEBUG org.asynchttpclient.netty.channel.DefaultChannelPool - Closing Idle Channel [id: 0x1ee33d92, L:/127.0.0.1:59951 ! R:localhost/127.0.0.1:63061]
12:30:58.651 [AsyncHttpClient-1-1] DEBUG org.asynchttpclient.netty.channel.DefaultChannelPool - Adding Candidate expired Channel [id: 0x31e53388, L:/127.0.0.1:59957 ! R:localhost/127.0.0.1:59952] isIdleTimeoutExpired=false isRemotelyClosed=true isTtlExpired=false
12:30:58.651 [AsyncHttpClient-1-1] DEBUG org.asynchttpclient.netty.channel.DefaultChannelPool - Closing Idle Channel [id: 0x31e53388, L:/127.0.0.1:59957 ! R:localhost/127.0.0.1:59952]
12:30:58.651 [AsyncHttpClient-1-1] DEBUG org.asynchttpclient.netty.channel.DefaultChannelPool - Closed 2 connections out of 2 in 0 ms
12:30:58.693 [AsyncHttpClient-1-5] DEBUG org.asynchttpclient.netty.handler.HttpHandler - 

Request DefaultHttpRequest(decodeResult: success, version: HTTP/1.1)
POST /session HTTP/1.1
User-Agent: selenium/4.4.0 (java windows)
Content-Length: 437
Content-Type: application/json; charset=utf-8
host: localhost:53354
accept: */*

Response DefaultHttpResponse(decodeResult: success, version: HTTP/1.1)
HTTP/1.1 200 OK
Content-Type: application/json; charset=utf-8
cache-control: no-cache
content-length: 796

12:30:58.693 [AsyncHttpClient-1-5] DEBUG org.asynchttpclient.netty.channel.ChannelManager - Adding key: http://localhost:53354 for channel [id: 0xdd880cef, L:/127.0.0.1:59978 - R:localhost/127.0.0.1:53354]
12:30:58.699 [AsyncHttpClient-1-6] DEBUG org.asynchttpclient.netty.channel.NettyConnectListener - Using new Channel '[id: 0xe040a047, L:/127.0.0.1:59985 - R:localhost/127.0.0.1:59979]' for 'GET' to '/json/version'
12:30:58.701 [AsyncHttpClient-1-6] DEBUG org.asynchttpclient.netty.handler.HttpHandler - 

Request DefaultFullHttpRequest(decodeResult: success, version: HTTP/1.1, content: EmptyByteBufBE)
GET /json/version HTTP/1.1
User-Agent: selenium/4.4.0 (java windows)
host: localhost:59979
accept: */*

Response DefaultHttpResponse(decodeResult: success, version: HTTP/1.1)
HTTP/1.1 200 OK
Content-Type: application/json; charset=UTF-8
content-length: 423

12:30:58.701 [AsyncHttpClient-1-6] DEBUG org.asynchttpclient.netty.channel.ChannelManager - Adding key: http://localhost:59979 for channel [id: 0xe040a047, L:/127.0.0.1:59985 - R:localhost/127.0.0.1:59979]
12:30:58.703 [AsyncHttpClient-1-7] DEBUG org.asynchttpclient.netty.channel.NettyConnectListener - Using new Channel '[id: 0xeb1a5b3d, L:/127.0.0.1:59986 - R:localhost/127.0.0.1:59979]' for 'GET' to '/devtools/browser/fa3653a1-8369-4482-9283-7ed97920560a'
12:30:58.705 [AsyncHttpClient-1-7] DEBUG org.asynchttpclient.netty.handler.WebSocketHandler - 

Request DefaultFullHttpRequest(decodeResult: success, version: HTTP/1.1, content: EmptyByteBufBE)
GET /devtools/browser/fa3653a1-8369-4482-9283-7ed97920560a HTTP/1.1
upgrade: websocket
connection: upgrade
sec-websocket-key: ToJafn9k/Dy1jXoFXZfu+g==
sec-websocket-version: 13
origin: http://localhost:59979
host: localhost:59979
accept: */*
user-agent: AHC/2.1

Response DefaultHttpResponse(decodeResult: success, version: HTTP/1.1)
HTTP/1.1 101 WebSocket Protocol Handshake
Upgrade: WebSocket
Connection: Upgrade
Sec-WebSocket-Accept: fPIbXb3MDIOzAI79AWeagwvtKYg=

12:30:58.708 [Forwarding get on session 5e01c720a1244ab41aafaa02467ada1b to remote] DEBUG org.asynchttpclient.netty.request.NettyRequestSender - Using pooled Channel '[id: 0xdd880cef, L:/127.0.0.1:59978 - R:localhost/127.0.0.1:53354]' for 'POST' to 'http://localhost:53354/session/5e01c720a1244ab41aafaa02467ada1b/url'
12:30:58.708 [Forwarding get on session 5e01c720a1244ab41aafaa02467ada1b to remote] DEBUG org.asynchttpclient.netty.request.NettyRequestSender - Using open Channel [id: 0xdd880cef, L:/127.0.0.1:59978 - R:localhost/127.0.0.1:53354] for POST '/session/5e01c720a1244ab41aafaa02467ada1b/url'
12:30:58.957 [AsyncHttpClient-1-5] DEBUG org.asynchttpclient.netty.handler.HttpHandler - 

Request DefaultHttpRequest(decodeResult: success, version: HTTP/1.1)
POST /session/5e01c720a1244ab41aafaa02467ada1b/url HTTP/1.1
User-Agent: selenium/4.4.0 (java windows)
Content-Length: 40
Content-Type: application/json; charset=utf-8
host: localhost:53354
accept: */*

Response DefaultHttpResponse(decodeResult: success, version: HTTP/1.1)
HTTP/1.1 200 OK
Content-Type: application/json; charset=utf-8
cache-control: no-cache
content-length: 14

12:30:58.957 [AsyncHttpClient-1-5] DEBUG org.asynchttpclient.netty.channel.ChannelManager - Adding key: http://localhost:53354 for channel [id: 0xdd880cef, L:/127.0.0.1:59978 - R:localhost/127.0.0.1:53354]
12:30:58.959 [Forwarding setTimeout on session 5e01c720a1244ab41aafaa02467ada1b to remote] DEBUG org.asynchttpclient.netty.request.NettyRequestSender - Using pooled Channel '[id: 0xdd880cef, L:/127.0.0.1:59978 - R:localhost/127.0.0.1:53354]' for 'POST' to 'http://localhost:53354/session/5e01c720a1244ab41aafaa02467ada1b/timeouts'
12:30:58.959 [Forwarding setTimeout on session 5e01c720a1244ab41aafaa02467ada1b to remote] DEBUG org.asynchttpclient.netty.request.NettyRequestSender - Using open Channel [id: 0xdd880cef, L:/127.0.0.1:59978 - R:localhost/127.0.0.1:53354] for POST '/session/5e01c720a1244ab41aafaa02467ada1b/timeouts'
12:30:58.960 [AsyncHttpClient-1-5] DEBUG org.asynchttpclient.netty.handler.HttpHandler - 

Request DefaultHttpRequest(decodeResult: success, version: HTTP/1.1)
POST /session/5e01c720a1244ab41aafaa02467ada1b/timeouts HTTP/1.1
User-Agent: selenium/4.4.0 (java windows)
Content-Length: 22
Content-Type: application/json; charset=utf-8
host: localhost:53354
accept: */*

Response DefaultHttpResponse(decodeResult: success, version: HTTP/1.1)
HTTP/1.1 200 OK
Content-Type: application/json; charset=utf-8
cache-control: no-cache
content-length: 14

12:30:58.960 [AsyncHttpClient-1-5] DEBUG org.asynchttpclient.netty.channel.ChannelManager - Adding key: http://localhost:53354 for channel [id: 0xdd880cef, L:/127.0.0.1:59978 - R:localhost/127.0.0.1:53354]
12:30:58.969 [Forwarding getCurrentUrl on session 5e01c720a1244ab41aafaa02467ada1b to remote] DEBUG org.asynchttpclient.netty.request.NettyRequestSender - Using pooled Channel '[id: 0xdd880cef, L:/127.0.0.1:59978 - R:localhost/127.0.0.1:53354]' for 'GET' to 'http://localhost:53354/session/5e01c720a1244ab41aafaa02467ada1b/url'
12:30:58.969 [Forwarding getCurrentUrl on session 5e01c720a1244ab41aafaa02467ada1b to remote] DEBUG org.asynchttpclient.netty.request.NettyRequestSender - Using open Channel [id: 0xdd880cef, L:/127.0.0.1:59978 - R:localhost/127.0.0.1:53354] for GET '/session/5e01c720a1244ab41aafaa02467ada1b/url'
12:30:58.975 [AsyncHttpClient-1-5] DEBUG org.asynchttpclient.netty.handler.HttpHandler - 

Request DefaultFullHttpRequest(decodeResult: success, version: HTTP/1.1, content: EmptyByteBufBE)
GET /session/5e01c720a1244ab41aafaa02467ada1b/url HTTP/1.1
User-Agent: selenium/4.4.0 (java windows)
Cache-Control: no-cache
Content-Type: application/json; charset=utf-8
host: localhost:53354
accept: */*

Response DefaultHttpResponse(decodeResult: success, version: HTTP/1.1)
HTTP/1.1 200 OK
Content-Type: application/json; charset=utf-8
cache-control: no-cache
content-length: 38

12:30:58.975 [AsyncHttpClient-1-5] DEBUG org.asynchttpclient.netty.channel.ChannelManager - Adding key: http://localhost:53354 for channel [id: 0xdd880cef, L:/127.0.0.1:59978 - R:localhost/127.0.0.1:53354]
12:30:58.985 [Forwarding getCurrentUrl on session 5e01c720a1244ab41aafaa02467ada1b to remote] DEBUG org.asynchttpclient.netty.request.NettyRequestSender - Using pooled Channel '[id: 0xdd880cef, L:/127.0.0.1:59978 - R:localhost/127.0.0.1:53354]' for 'GET' to 'http://localhost:53354/session/5e01c720a1244ab41aafaa02467ada1b/url'
12:30:58.986 [Forwarding getCurrentUrl on session 5e01c720a1244ab41aafaa02467ada1b to remote] DEBUG org.asynchttpclient.netty.request.NettyRequestSender - Using open Channel [id: 0xdd880cef, L:/127.0.0.1:59978 - R:localhost/127.0.0.1:53354] for GET '/session/5e01c720a1244ab41aafaa02467ada1b/url'
12:30:58.989 [AsyncHttpClient-1-5] DEBUG org.asynchttpclient.netty.handler.HttpHandler - 

Request DefaultFullHttpRequest(decodeResult: success, version: HTTP/1.1, content: EmptyByteBufBE)
GET /session/5e01c720a1244ab41aafaa02467ada1b/url HTTP/1.1
User-Agent: selenium/4.4.0 (java windows)
Cache-Control: no-cache
Content-Type: application/json; charset=utf-8
host: localhost:53354
accept: */*

Response DefaultHttpResponse(decodeResult: success, version: HTTP/1.1)
HTTP/1.1 200 OK
Content-Type: application/json; charset=utf-8
cache-control: no-cache
content-length: 38

12:30:58.990 [AsyncHttpClient-1-5] DEBUG org.asynchttpclient.netty.channel.ChannelManager - Adding key: http://localhost:53354 for channel [id: 0xdd880cef, L:/127.0.0.1:59978 - R:localhost/127.0.0.1:53354]
12:30:59.010 [Forwarding getCurrentWindowHandle on session 5e01c720a1244ab41aafaa02467ada1b to remote] DEBUG org.asynchttpclient.netty.request.NettyRequestSender - Using pooled Channel '[id: 0xdd880cef, L:/127.0.0.1:59978 - R:localhost/127.0.0.1:53354]' for 'GET' to 'http://localhost:53354/session/5e01c720a1244ab41aafaa02467ada1b/window'
12:30:59.010 [Forwarding getCurrentWindowHandle on session 5e01c720a1244ab41aafaa02467ada1b to remote] DEBUG org.asynchttpclient.netty.request.NettyRequestSender - Using open Channel [id: 0xdd880cef, L:/127.0.0.1:59978 - R:localhost/127.0.0.1:53354] for GET '/session/5e01c720a1244ab41aafaa02467ada1b/window'
12:30:59.011 [AsyncHttpClient-1-5] DEBUG org.asynchttpclient.netty.handler.HttpHandler - 

Request DefaultFullHttpRequest(decodeResult: success, version: HTTP/1.1, content: EmptyByteBufBE)
GET /session/5e01c720a1244ab41aafaa02467ada1b/window HTTP/1.1
User-Agent: selenium/4.4.0 (java windows)
Cache-Control: no-cache
Content-Type: application/json; charset=utf-8
host: localhost:53354
accept: */*

Response DefaultHttpResponse(decodeResult: success, version: HTTP/1.1)
HTTP/1.1 200 OK
Content-Type: application/json; charset=utf-8
cache-control: no-cache
content-length: 53

12:30:59.012 [AsyncHttpClient-1-5] DEBUG org.asynchttpclient.netty.channel.ChannelManager - Adding key: http://localhost:53354 for channel [id: 0xdd880cef, L:/127.0.0.1:59978 - R:localhost/127.0.0.1:53354]
12:30:59.020 [Forwarding getAlertText on session 5e01c720a1244ab41aafaa02467ada1b to remote] DEBUG org.asynchttpclient.netty.request.NettyRequestSender - Using pooled Channel '[id: 0xdd880cef, L:/127.0.0.1:59978 - R:localhost/127.0.0.1:53354]' for 'GET' to 'http://localhost:53354/session/5e01c720a1244ab41aafaa02467ada1b/alert/text'
12:30:59.020 [Forwarding getAlertText on session 5e01c720a1244ab41aafaa02467ada1b to remote] DEBUG org.asynchttpclient.netty.request.NettyRequestSender - Using open Channel [id: 0xdd880cef, L:/127.0.0.1:59978 - R:localhost/127.0.0.1:53354] for GET '/session/5e01c720a1244ab41aafaa02467ada1b/alert/text'
12:30:59.023 [AsyncHttpClient-1-5] DEBUG org.asynchttpclient.netty.handler.HttpHandler - 

Request DefaultFullHttpRequest(decodeResult: success, version: HTTP/1.1, content: EmptyByteBufBE)
GET /session/5e01c720a1244ab41aafaa02467ada1b/alert/text HTTP/1.1
User-Agent: selenium/4.4.0 (java windows)
Cache-Control: no-cache
Content-Type: application/json; charset=utf-8
host: localhost:53354
accept: */*

Response DefaultHttpResponse(decodeResult: success, version: HTTP/1.1)
HTTP/1.1 404 Not Found
Content-Type: application/json; charset=utf-8
cache-control: no-cache
content-length: 879

12:30:59.023 [AsyncHttpClient-1-5] DEBUG org.asynchttpclient.netty.channel.ChannelManager - Adding key: http://localhost:53354 for channel [id: 0xdd880cef, L:/127.0.0.1:59978 - R:localhost/127.0.0.1:53354]
12:30:59.034 [Forwarding switchToWindow on session 5e01c720a1244ab41aafaa02467ada1b to remote] DEBUG org.asynchttpclient.netty.request.NettyRequestSender - Using pooled Channel '[id: 0xdd880cef, L:/127.0.0.1:59978 - R:localhost/127.0.0.1:53354]' for 'POST' to 'http://localhost:53354/session/5e01c720a1244ab41aafaa02467ada1b/window'
12:30:59.034 [Forwarding switchToWindow on session 5e01c720a1244ab41aafaa02467ada1b to remote] DEBUG org.asynchttpclient.netty.request.NettyRequestSender - Using open Channel [id: 0xdd880cef, L:/127.0.0.1:59978 - R:localhost/127.0.0.1:53354] for POST '/session/5e01c720a1244ab41aafaa02467ada1b/window'
12:30:59.040 [AsyncHttpClient-1-5] DEBUG org.asynchttpclient.netty.handler.HttpHandler - 

Request DefaultHttpRequest(decodeResult: success, version: HTTP/1.1)
POST /session/5e01c720a1244ab41aafaa02467ada1b/window HTTP/1.1
User-Agent: selenium/4.4.0 (java windows)
Content-Length: 59
Content-Type: application/json; charset=utf-8
host: localhost:53354
accept: */*

Response DefaultHttpResponse(decodeResult: success, version: HTTP/1.1)
HTTP/1.1 200 OK
Content-Type: application/json; charset=utf-8
cache-control: no-cache
content-length: 14

12:30:59.040 [AsyncHttpClient-1-5] DEBUG org.asynchttpclient.netty.channel.ChannelManager - Adding key: http://localhost:53354 for channel [id: 0xdd880cef, L:/127.0.0.1:59978 - R:localhost/127.0.0.1:53354]
12:30:59.041 [Forwarding getCurrentUrl on session 5e01c720a1244ab41aafaa02467ada1b to remote] DEBUG org.asynchttpclient.netty.request.NettyRequestSender - Using pooled Channel '[id: 0xdd880cef, L:/127.0.0.1:59978 - R:localhost/127.0.0.1:53354]' for 'GET' to 'http://localhost:53354/session/5e01c720a1244ab41aafaa02467ada1b/url'
12:30:59.041 [Forwarding getCurrentUrl on session 5e01c720a1244ab41aafaa02467ada1b to remote] DEBUG org.asynchttpclient.netty.request.NettyRequestSender - Using open Channel [id: 0xdd880cef, L:/127.0.0.1:59978 - R:localhost/127.0.0.1:53354] for GET '/session/5e01c720a1244ab41aafaa02467ada1b/url'
12:30:59.045 [AsyncHttpClient-1-5] DEBUG org.asynchttpclient.netty.handler.HttpHandler - 

Request DefaultFullHttpRequest(decodeResult: success, version: HTTP/1.1, content: EmptyByteBufBE)
GET /session/5e01c720a1244ab41aafaa02467ada1b/url HTTP/1.1
User-Agent: selenium/4.4.0 (java windows)
Cache-Control: no-cache
Content-Type: application/json; charset=utf-8
host: localhost:53354
accept: */*

Response DefaultHttpResponse(decodeResult: success, version: HTTP/1.1)
HTTP/1.1 200 OK
Content-Type: application/json; charset=utf-8
cache-control: no-cache
content-length: 38

12:30:59.046 [AsyncHttpClient-1-5] DEBUG org.asynchttpclient.netty.channel.ChannelManager - Adding key: http://localhost:53354 for channel [id: 0xdd880cef, L:/127.0.0.1:59978 - R:localhost/127.0.0.1:53354]
12:30:59.047 [Forwarding screenshot on session 5e01c720a1244ab41aafaa02467ada1b to remote] DEBUG org.asynchttpclient.netty.request.NettyRequestSender - Using pooled Channel '[id: 0xdd880cef, L:/127.0.0.1:59978 - R:localhost/127.0.0.1:53354]' for 'GET' to 'http://localhost:53354/session/5e01c720a1244ab41aafaa02467ada1b/screenshot'
12:30:59.047 [Forwarding screenshot on session 5e01c720a1244ab41aafaa02467ada1b to remote] DEBUG org.asynchttpclient.netty.request.NettyRequestSender - Using open Channel [id: 0xdd880cef, L:/127.0.0.1:59978 - R:localhost/127.0.0.1:53354] for GET '/session/5e01c720a1244ab41aafaa02467ada1b/screenshot'
12:30:59.134 [AsyncHttpClient-1-5] DEBUG org.asynchttpclient.netty.handler.HttpHandler - 

Request DefaultFullHttpRequest(decodeResult: success, version: HTTP/1.1, content: EmptyByteBufBE)
GET /session/5e01c720a1244ab41aafaa02467ada1b/screenshot HTTP/1.1
User-Agent: selenium/4.4.0 (java windows)
Cache-Control: no-cache
Content-Type: application/json; charset=utf-8
host: localhost:53354
accept: */*

Response DefaultHttpResponse(decodeResult: success, version: HTTP/1.1)
HTTP/1.1 200 OK
Content-Type: application/json; charset=utf-8
cache-control: no-cache
content-length: 59108

12:30:59.135 [AsyncHttpClient-1-5] DEBUG org.asynchttpclient.netty.channel.ChannelManager - Adding key: http://localhost:53354 for channel [id: 0xdd880cef, L:/127.0.0.1:59978 - R:localhost/127.0.0.1:53354]
12:30:59.137 [Test worker] DEBUG net.serenitybdd.core.photography.Darkroom - Send negative for processing for C:\Users\juan.gomezv\IdeaProjects\sura\target\site\serenity\60e3c498caf7a8fcf635471a5092c247627e1395d91e12246eaf1a3e7a34e095.png
12:30:59.137 [Test worker] DEBUG net.thucydides.core.steps.StepInterceptor - STEP DONE: {0} opens the #targetPageName
12:30:59.154 [Test worker] DEBUG net.thucydides.core.steps.StepInterceptor - STEP DONE: {0} abre la aplicación
  ?[32mDado ?[0m?[32m?[0m?[32m?[1mAna?[0m?[32m quiere consultar articulos deportivos en la web de la marca Swag?[0m   ?[90m# sura.stepDefinitions.LoginSteps.quiereConsultarArticulosDeportivosEnLaWebDeLaMarcaSwag(net.serenitybdd.screenplay.Actor)?[0m
12:30:59.186 [Forwarding getPageSource on session 5e01c720a1244ab41aafaa02467ada1b to remote] DEBUG org.asynchttpclient.netty.request.NettyRequestSender - Using pooled Channel '[id: 0xdd880cef, L:/127.0.0.1:59978 - R:localhost/127.0.0.1:53354]' for 'POST' to 'http://localhost:53354/session/5e01c720a1244ab41aafaa02467ada1b/execute/sync'
12:30:59.186 [Forwarding getPageSource on session 5e01c720a1244ab41aafaa02467ada1b to remote] DEBUG org.asynchttpclient.netty.request.NettyRequestSender - Using open Channel [id: 0xdd880cef, L:/127.0.0.1:59978 - R:localhost/127.0.0.1:53354] for POST '/session/5e01c720a1244ab41aafaa02467ada1b/execute/sync'
12:30:59.190 [AsyncHttpClient-1-5] DEBUG org.asynchttpclient.netty.handler.HttpHandler - 

Request DefaultHttpRequest(decodeResult: success, version: HTTP/1.1)
POST /session/5e01c720a1244ab41aafaa02467ada1b/execute/sync HTTP/1.1
User-Agent: selenium/4.4.0 (java windows)
Content-Length: 176
Content-Type: application/json; charset=utf-8
host: localhost:53354
accept: */*

Response DefaultHttpResponse(decodeResult: success, version: HTTP/1.1)
HTTP/1.1 200 OK
Content-Type: application/json; charset=utf-8
cache-control: no-cache
content-length: 4160

12:30:59.190 [AsyncHttpClient-1-5] DEBUG org.asynchttpclient.netty.channel.ChannelManager - Adding key: http://localhost:53354 for channel [id: 0xdd880cef, L:/127.0.0.1:59978 - R:localhost/127.0.0.1:53354]
12:30:59.192 [Forwarding getCurrentUrl on session 5e01c720a1244ab41aafaa02467ada1b to remote] DEBUG org.asynchttpclient.netty.request.NettyRequestSender - Using pooled Channel '[id: 0xdd880cef, L:/127.0.0.1:59978 - R:localhost/127.0.0.1:53354]' for 'GET' to 'http://localhost:53354/session/5e01c720a1244ab41aafaa02467ada1b/url'
12:30:59.192 [Forwarding getCurrentUrl on session 5e01c720a1244ab41aafaa02467ada1b to remote] DEBUG org.asynchttpclient.netty.request.NettyRequestSender - Using open Channel [id: 0xdd880cef, L:/127.0.0.1:59978 - R:localhost/127.0.0.1:53354] for GET '/session/5e01c720a1244ab41aafaa02467ada1b/url'
12:30:59.195 [AsyncHttpClient-1-5] DEBUG org.asynchttpclient.netty.handler.HttpHandler - 

Request DefaultFullHttpRequest(decodeResult: success, version: HTTP/1.1, content: EmptyByteBufBE)
GET /session/5e01c720a1244ab41aafaa02467ada1b/url HTTP/1.1
User-Agent: selenium/4.4.0 (java windows)
Cache-Control: no-cache
Content-Type: application/json; charset=utf-8
host: localhost:53354
accept: */*

Response DefaultHttpResponse(decodeResult: success, version: HTTP/1.1)
HTTP/1.1 200 OK
Content-Type: application/json; charset=utf-8
cache-control: no-cache
content-length: 38

12:30:59.195 [AsyncHttpClient-1-5] DEBUG org.asynchttpclient.netty.channel.ChannelManager - Adding key: http://localhost:53354 for channel [id: 0xdd880cef, L:/127.0.0.1:59978 - R:localhost/127.0.0.1:53354]
12:30:59.226 [Forwarding getCurrentWindowHandle on session 5e01c720a1244ab41aafaa02467ada1b to remote] DEBUG org.asynchttpclient.netty.request.NettyRequestSender - Using pooled Channel '[id: 0xdd880cef, L:/127.0.0.1:59978 - R:localhost/127.0.0.1:53354]' for 'GET' to 'http://localhost:53354/session/5e01c720a1244ab41aafaa02467ada1b/window'
12:30:59.226 [Forwarding getCurrentWindowHandle on session 5e01c720a1244ab41aafaa02467ada1b to remote] DEBUG org.asynchttpclient.netty.request.NettyRequestSender - Using open Channel [id: 0xdd880cef, L:/127.0.0.1:59978 - R:localhost/127.0.0.1:53354] for GET '/session/5e01c720a1244ab41aafaa02467ada1b/window'
12:30:59.227 [AsyncHttpClient-1-5] DEBUG org.asynchttpclient.netty.handler.HttpHandler - 

Request DefaultFullHttpRequest(decodeResult: success, version: HTTP/1.1, content: EmptyByteBufBE)
GET /session/5e01c720a1244ab41aafaa02467ada1b/window HTTP/1.1
User-Agent: selenium/4.4.0 (java windows)
Cache-Control: no-cache
Content-Type: application/json; charset=utf-8
host: localhost:53354
accept: */*

Response DefaultHttpResponse(decodeResult: success, version: HTTP/1.1)
HTTP/1.1 200 OK
Content-Type: application/json; charset=utf-8
cache-control: no-cache
content-length: 53

12:30:59.227 [AsyncHttpClient-1-5] DEBUG org.asynchttpclient.netty.channel.ChannelManager - Adding key: http://localhost:53354 for channel [id: 0xdd880cef, L:/127.0.0.1:59978 - R:localhost/127.0.0.1:53354]
12:30:59.235 [Forwarding getAlertText on session 5e01c720a1244ab41aafaa02467ada1b to remote] DEBUG org.asynchttpclient.netty.request.NettyRequestSender - Using pooled Channel '[id: 0xdd880cef, L:/127.0.0.1:59978 - R:localhost/127.0.0.1:53354]' for 'GET' to 'http://localhost:53354/session/5e01c720a1244ab41aafaa02467ada1b/alert/text'
12:30:59.235 [Forwarding getAlertText on session 5e01c720a1244ab41aafaa02467ada1b to remote] DEBUG org.asynchttpclient.netty.request.NettyRequestSender - Using open Channel [id: 0xdd880cef, L:/127.0.0.1:59978 - R:localhost/127.0.0.1:53354] for GET '/session/5e01c720a1244ab41aafaa02467ada1b/alert/text'
12:30:59.238 [AsyncHttpClient-1-5] DEBUG org.asynchttpclient.netty.handler.HttpHandler - 

Request DefaultFullHttpRequest(decodeResult: success, version: HTTP/1.1, content: EmptyByteBufBE)
GET /session/5e01c720a1244ab41aafaa02467ada1b/alert/text HTTP/1.1
User-Agent: selenium/4.4.0 (java windows)
Cache-Control: no-cache
Content-Type: application/json; charset=utf-8
host: localhost:53354
accept: */*

Response DefaultHttpResponse(decodeResult: success, version: HTTP/1.1)
HTTP/1.1 404 Not Found
Content-Type: application/json; charset=utf-8
cache-control: no-cache
content-length: 879

12:30:59.239 [AsyncHttpClient-1-5] DEBUG org.asynchttpclient.netty.channel.ChannelManager - Adding key: http://localhost:53354 for channel [id: 0xdd880cef, L:/127.0.0.1:59978 - R:localhost/127.0.0.1:53354]
12:30:59.247 [Forwarding switchToWindow on session 5e01c720a1244ab41aafaa02467ada1b to remote] DEBUG org.asynchttpclient.netty.request.NettyRequestSender - Using pooled Channel '[id: 0xdd880cef, L:/127.0.0.1:59978 - R:localhost/127.0.0.1:53354]' for 'POST' to 'http://localhost:53354/session/5e01c720a1244ab41aafaa02467ada1b/window'
12:30:59.247 [Forwarding switchToWindow on session 5e01c720a1244ab41aafaa02467ada1b to remote] DEBUG org.asynchttpclient.netty.request.NettyRequestSender - Using open Channel [id: 0xdd880cef, L:/127.0.0.1:59978 - R:localhost/127.0.0.1:53354] for POST '/session/5e01c720a1244ab41aafaa02467ada1b/window'
12:30:59.250 [AsyncHttpClient-1-5] DEBUG org.asynchttpclient.netty.handler.HttpHandler - 

Request DefaultHttpRequest(decodeResult: success, version: HTTP/1.1)
POST /session/5e01c720a1244ab41aafaa02467ada1b/window HTTP/1.1
User-Agent: selenium/4.4.0 (java windows)
Content-Length: 59
Content-Type: application/json; charset=utf-8
host: localhost:53354
accept: */*

Response DefaultHttpResponse(decodeResult: success, version: HTTP/1.1)
HTTP/1.1 200 OK
Content-Type: application/json; charset=utf-8
cache-control: no-cache
content-length: 14

12:30:59.250 [AsyncHttpClient-1-5] DEBUG org.asynchttpclient.netty.channel.ChannelManager - Adding key: http://localhost:53354 for channel [id: 0xdd880cef, L:/127.0.0.1:59978 - R:localhost/127.0.0.1:53354]
12:30:59.251 [Forwarding getCurrentUrl on session 5e01c720a1244ab41aafaa02467ada1b to remote] DEBUG org.asynchttpclient.netty.request.NettyRequestSender - Using pooled Channel '[id: 0xdd880cef, L:/127.0.0.1:59978 - R:localhost/127.0.0.1:53354]' for 'GET' to 'http://localhost:53354/session/5e01c720a1244ab41aafaa02467ada1b/url'
12:30:59.252 [Forwarding getCurrentUrl on session 5e01c720a1244ab41aafaa02467ada1b to remote] DEBUG org.asynchttpclient.netty.request.NettyRequestSender - Using open Channel [id: 0xdd880cef, L:/127.0.0.1:59978 - R:localhost/127.0.0.1:53354] for GET '/session/5e01c720a1244ab41aafaa02467ada1b/url'
12:30:59.256 [AsyncHttpClient-1-5] DEBUG org.asynchttpclient.netty.handler.HttpHandler - 

Request DefaultFullHttpRequest(decodeResult: success, version: HTTP/1.1, content: EmptyByteBufBE)
GET /session/5e01c720a1244ab41aafaa02467ada1b/url HTTP/1.1
User-Agent: selenium/4.4.0 (java windows)
Cache-Control: no-cache
Content-Type: application/json; charset=utf-8
host: localhost:53354
accept: */*

Response DefaultHttpResponse(decodeResult: success, version: HTTP/1.1)
HTTP/1.1 200 OK
Content-Type: application/json; charset=utf-8
cache-control: no-cache
content-length: 38

12:30:59.256 [AsyncHttpClient-1-5] DEBUG org.asynchttpclient.netty.channel.ChannelManager - Adding key: http://localhost:53354 for channel [id: 0xdd880cef, L:/127.0.0.1:59978 - R:localhost/127.0.0.1:53354]
12:30:59.257 [Forwarding screenshot on session 5e01c720a1244ab41aafaa02467ada1b to remote] DEBUG org.asynchttpclient.netty.request.NettyRequestSender - Using pooled Channel '[id: 0xdd880cef, L:/127.0.0.1:59978 - R:localhost/127.0.0.1:53354]' for 'GET' to 'http://localhost:53354/session/5e01c720a1244ab41aafaa02467ada1b/screenshot'
12:30:59.257 [Forwarding screenshot on session 5e01c720a1244ab41aafaa02467ada1b to remote] DEBUG org.asynchttpclient.netty.request.NettyRequestSender - Using open Channel [id: 0xdd880cef, L:/127.0.0.1:59978 - R:localhost/127.0.0.1:53354] for GET '/session/5e01c720a1244ab41aafaa02467ada1b/screenshot'
12:30:59.314 [AsyncHttpClient-1-5] DEBUG org.asynchttpclient.netty.handler.HttpHandler - 

Request DefaultFullHttpRequest(decodeResult: success, version: HTTP/1.1, content: EmptyByteBufBE)
GET /session/5e01c720a1244ab41aafaa02467ada1b/screenshot HTTP/1.1
User-Agent: selenium/4.4.0 (java windows)
Cache-Control: no-cache
Content-Type: application/json; charset=utf-8
host: localhost:53354
accept: */*

Response DefaultHttpResponse(decodeResult: success, version: HTTP/1.1)
HTTP/1.1 200 OK
Content-Type: application/json; charset=utf-8
cache-control: no-cache
content-length: 59108

12:30:59.315 [AsyncHttpClient-1-5] DEBUG org.asynchttpclient.netty.channel.ChannelManager - Adding key: http://localhost:53354 for channel [id: 0xdd880cef, L:/127.0.0.1:59978 - R:localhost/127.0.0.1:53354]
12:30:59.317 [Test worker] DEBUG net.serenitybdd.core.photography.Darkroom - Send negative for processing for C:\Users\juan.gomezv\IdeaProjects\sura\target\site\serenity\60e3c498caf7a8fcf635471a5092c247627e1395d91e12246eaf1a3e7a34e095.png
12:30:59.322 [Forwarding getPageSource on session 5e01c720a1244ab41aafaa02467ada1b to remote] DEBUG org.asynchttpclient.netty.request.NettyRequestSender - Using pooled Channel '[id: 0xdd880cef, L:/127.0.0.1:59978 - R:localhost/127.0.0.1:53354]' for 'POST' to 'http://localhost:53354/session/5e01c720a1244ab41aafaa02467ada1b/execute/sync'
12:30:59.322 [Forwarding getPageSource on session 5e01c720a1244ab41aafaa02467ada1b to remote] DEBUG org.asynchttpclient.netty.request.NettyRequestSender - Using open Channel [id: 0xdd880cef, L:/127.0.0.1:59978 - R:localhost/127.0.0.1:53354] for POST '/session/5e01c720a1244ab41aafaa02467ada1b/execute/sync'
12:30:59.325 [AsyncHttpClient-1-5] DEBUG org.asynchttpclient.netty.handler.HttpHandler - 

Request DefaultHttpRequest(decodeResult: success, version: HTTP/1.1)
POST /session/5e01c720a1244ab41aafaa02467ada1b/execute/sync HTTP/1.1
User-Agent: selenium/4.4.0 (java windows)
Content-Length: 176
Content-Type: application/json; charset=utf-8
host: localhost:53354
accept: */*

Response DefaultHttpResponse(decodeResult: success, version: HTTP/1.1)
HTTP/1.1 200 OK
Content-Type: application/json; charset=utf-8
cache-control: no-cache
content-length: 4160

12:30:59.325 [AsyncHttpClient-1-5] DEBUG org.asynchttpclient.netty.channel.ChannelManager - Adding key: http://localhost:53354 for channel [id: 0xdd880cef, L:/127.0.0.1:59978 - R:localhost/127.0.0.1:53354]
12:30:59.327 [Forwarding getCurrentUrl on session 5e01c720a1244ab41aafaa02467ada1b to remote] DEBUG org.asynchttpclient.netty.request.NettyRequestSender - Using pooled Channel '[id: 0xdd880cef, L:/127.0.0.1:59978 - R:localhost/127.0.0.1:53354]' for 'GET' to 'http://localhost:53354/session/5e01c720a1244ab41aafaa02467ada1b/url'
12:30:59.327 [Forwarding getCurrentUrl on session 5e01c720a1244ab41aafaa02467ada1b to remote] DEBUG org.asynchttpclient.netty.request.NettyRequestSender - Using open Channel [id: 0xdd880cef, L:/127.0.0.1:59978 - R:localhost/127.0.0.1:53354] for GET '/session/5e01c720a1244ab41aafaa02467ada1b/url'
12:30:59.329 [AsyncHttpClient-1-5] DEBUG org.asynchttpclient.netty.handler.HttpHandler - 

Request DefaultFullHttpRequest(decodeResult: success, version: HTTP/1.1, content: EmptyByteBufBE)
GET /session/5e01c720a1244ab41aafaa02467ada1b/url HTTP/1.1
User-Agent: selenium/4.4.0 (java windows)
Cache-Control: no-cache
Content-Type: application/json; charset=utf-8
host: localhost:53354
accept: */*

Response DefaultHttpResponse(decodeResult: success, version: HTTP/1.1)
HTTP/1.1 200 OK
Content-Type: application/json; charset=utf-8
cache-control: no-cache
content-length: 38

12:30:59.329 [AsyncHttpClient-1-5] DEBUG org.asynchttpclient.netty.channel.ChannelManager - Adding key: http://localhost:53354 for channel [id: 0xdd880cef, L:/127.0.0.1:59978 - R:localhost/127.0.0.1:53354]
12:30:59.331 [Test worker] DEBUG net.thucydides.core.steps.StepInterceptor - STARTING STEP: LoginSteps.elSeAutenticaComoUnUsuario - performAs
12:30:59.352 [Forwarding getPageSource on session 5e01c720a1244ab41aafaa02467ada1b to remote] DEBUG org.asynchttpclient.netty.request.NettyRequestSender - Using pooled Channel '[id: 0xdd880cef, L:/127.0.0.1:59978 - R:localhost/127.0.0.1:53354]' for 'POST' to 'http://localhost:53354/session/5e01c720a1244ab41aafaa02467ada1b/execute/sync'
12:30:59.352 [Forwarding getPageSource on session 5e01c720a1244ab41aafaa02467ada1b to remote] DEBUG org.asynchttpclient.netty.request.NettyRequestSender - Using open Channel [id: 0xdd880cef, L:/127.0.0.1:59978 - R:localhost/127.0.0.1:53354] for POST '/session/5e01c720a1244ab41aafaa02467ada1b/execute/sync'
12:30:59.356 [AsyncHttpClient-1-5] DEBUG org.asynchttpclient.netty.handler.HttpHandler - 

Request DefaultHttpRequest(decodeResult: success, version: HTTP/1.1)
POST /session/5e01c720a1244ab41aafaa02467ada1b/execute/sync HTTP/1.1
User-Agent: selenium/4.4.0 (java windows)
Content-Length: 176
Content-Type: application/json; charset=utf-8
host: localhost:53354
accept: */*

Response DefaultHttpResponse(decodeResult: success, version: HTTP/1.1)
HTTP/1.1 200 OK
Content-Type: application/json; charset=utf-8
cache-control: no-cache
content-length: 4160

12:30:59.356 [AsyncHttpClient-1-5] DEBUG org.asynchttpclient.netty.channel.ChannelManager - Adding key: http://localhost:53354 for channel [id: 0xdd880cef, L:/127.0.0.1:59978 - R:localhost/127.0.0.1:53354]
12:30:59.360 [Forwarding getCurrentUrl on session 5e01c720a1244ab41aafaa02467ada1b to remote] DEBUG org.asynchttpclient.netty.request.NettyRequestSender - Using pooled Channel '[id: 0xdd880cef, L:/127.0.0.1:59978 - R:localhost/127.0.0.1:53354]' for 'GET' to 'http://localhost:53354/session/5e01c720a1244ab41aafaa02467ada1b/url'
12:30:59.360 [Forwarding getCurrentUrl on session 5e01c720a1244ab41aafaa02467ada1b to remote] DEBUG org.asynchttpclient.netty.request.NettyRequestSender - Using open Channel [id: 0xdd880cef, L:/127.0.0.1:59978 - R:localhost/127.0.0.1:53354] for GET '/session/5e01c720a1244ab41aafaa02467ada1b/url'
12:30:59.364 [AsyncHttpClient-1-5] DEBUG org.asynchttpclient.netty.handler.HttpHandler - 

Request DefaultFullHttpRequest(decodeResult: success, version: HTTP/1.1, content: EmptyByteBufBE)
GET /session/5e01c720a1244ab41aafaa02467ada1b/url HTTP/1.1
User-Agent: selenium/4.4.0 (java windows)
Cache-Control: no-cache
Content-Type: application/json; charset=utf-8
host: localhost:53354
accept: */*

Response DefaultHttpResponse(decodeResult: success, version: HTTP/1.1)
HTTP/1.1 200 OK
Content-Type: application/json; charset=utf-8
cache-control: no-cache
content-length: 38

12:30:59.365 [AsyncHttpClient-1-5] DEBUG org.asynchttpclient.netty.channel.ChannelManager - Adding key: http://localhost:53354 for channel [id: 0xdd880cef, L:/127.0.0.1:59978 - R:localhost/127.0.0.1:53354]
12:30:59.367 [Test worker] DEBUG net.thucydides.core.steps.StepInterceptor - STARTING STEP: LogIn.performAs - {0} enters #theTextAsAString into #target
12:30:59.371 [Test worker] DEBUG net.serenitybdd.screenplay.targets.IFrameSwitcher - default content already selected for usernameTextBox
12:30:59.382 [Forwarding findElement on session 5e01c720a1244ab41aafaa02467ada1b to remote] DEBUG org.asynchttpclient.netty.request.NettyRequestSender - Using pooled Channel '[id: 0xdd880cef, L:/127.0.0.1:59978 - R:localhost/127.0.0.1:53354]' for 'POST' to 'http://localhost:53354/session/5e01c720a1244ab41aafaa02467ada1b/element'
12:30:59.382 [Forwarding findElement on session 5e01c720a1244ab41aafaa02467ada1b to remote] DEBUG org.asynchttpclient.netty.request.NettyRequestSender - Using open Channel [id: 0xdd880cef, L:/127.0.0.1:59978 - R:localhost/127.0.0.1:53354] for POST '/session/5e01c720a1244ab41aafaa02467ada1b/element'
12:30:59.392 [AsyncHttpClient-1-5] DEBUG org.asynchttpclient.netty.handler.HttpHandler - 

Request DefaultHttpRequest(decodeResult: success, version: HTTP/1.1)
POST /session/5e01c720a1244ab41aafaa02467ada1b/element HTTP/1.1
User-Agent: selenium/4.4.0 (java windows)
Content-Length: 67
Content-Type: application/json; charset=utf-8
host: localhost:53354
accept: */*

Response DefaultHttpResponse(decodeResult: success, version: HTTP/1.1)
HTTP/1.1 200 OK
Content-Type: application/json; charset=utf-8
cache-control: no-cache
content-length: 88

12:30:59.392 [AsyncHttpClient-1-5] DEBUG org.asynchttpclient.netty.channel.ChannelManager - Adding key: http://localhost:53354 for channel [id: 0xdd880cef, L:/127.0.0.1:59978 - R:localhost/127.0.0.1:53354]
12:30:59.393 [Forwarding clearElement on session 5e01c720a1244ab41aafaa02467ada1b to remote] DEBUG org.asynchttpclient.netty.request.NettyRequestSender - Using pooled Channel '[id: 0xdd880cef, L:/127.0.0.1:59978 - R:localhost/127.0.0.1:53354]' for 'POST' to 'http://localhost:53354/session/5e01c720a1244ab41aafaa02467ada1b/element/8f3e9bd8-8156-4625-95c7-343588a718af/clear'
12:30:59.393 [Forwarding clearElement on session 5e01c720a1244ab41aafaa02467ada1b to remote] DEBUG org.asynchttpclient.netty.request.NettyRequestSender - Using open Channel [id: 0xdd880cef, L:/127.0.0.1:59978 - R:localhost/127.0.0.1:53354] for POST '/session/5e01c720a1244ab41aafaa02467ada1b/element/8f3e9bd8-8156-4625-95c7-343588a718af/clear'
12:30:59.417 [AsyncHttpClient-1-5] DEBUG org.asynchttpclient.netty.handler.HttpHandler - 

Request DefaultHttpRequest(decodeResult: success, version: HTTP/1.1)
POST /session/5e01c720a1244ab41aafaa02467ada1b/element/8f3e9bd8-8156-4625-95c7-343588a718af/clear HTTP/1.1
User-Agent: selenium/4.4.0 (java windows)
Content-Length: 50
Content-Type: application/json; charset=utf-8
host: localhost:53354
accept: */*

Response DefaultHttpResponse(decodeResult: success, version: HTTP/1.1)
HTTP/1.1 200 OK
Content-Type: application/json; charset=utf-8
cache-control: no-cache
content-length: 14

12:30:59.417 [AsyncHttpClient-1-5] DEBUG org.asynchttpclient.netty.channel.ChannelManager - Adding key: http://localhost:53354 for channel [id: 0xdd880cef, L:/127.0.0.1:59978 - R:localhost/127.0.0.1:53354]
12:30:59.423 [Forwarding sendKeysToElement on session 5e01c720a1244ab41aafaa02467ada1b to remote] DEBUG org.asynchttpclient.netty.request.NettyRequestSender - Using pooled Channel '[id: 0xdd880cef, L:/127.0.0.1:59978 - R:localhost/127.0.0.1:53354]' for 'POST' to 'http://localhost:53354/session/5e01c720a1244ab41aafaa02467ada1b/element/8f3e9bd8-8156-4625-95c7-343588a718af/value'
12:30:59.424 [Forwarding sendKeysToElement on session 5e01c720a1244ab41aafaa02467ada1b to remote] DEBUG org.asynchttpclient.netty.request.NettyRequestSender - Using open Channel [id: 0xdd880cef, L:/127.0.0.1:59978 - R:localhost/127.0.0.1:53354] for POST '/session/5e01c720a1244ab41aafaa02467ada1b/element/8f3e9bd8-8156-4625-95c7-343588a718af/value'
12:30:59.470 [AsyncHttpClient-1-5] DEBUG org.asynchttpclient.netty.handler.HttpHandler - 

Request DefaultHttpRequest(decodeResult: success, version: HTTP/1.1)
POST /session/5e01c720a1244ab41aafaa02467ada1b/element/8f3e9bd8-8156-4625-95c7-343588a718af/value HTTP/1.1
User-Agent: selenium/4.4.0 (java windows)
Content-Length: 151
Content-Type: application/json; charset=utf-8
host: localhost:53354
accept: */*

Response DefaultHttpResponse(decodeResult: success, version: HTTP/1.1)
HTTP/1.1 200 OK
Content-Type: application/json; charset=utf-8
cache-control: no-cache
content-length: 14

12:30:59.471 [AsyncHttpClient-1-5] DEBUG org.asynchttpclient.netty.channel.ChannelManager - Adding key: http://localhost:53354 for channel [id: 0xdd880cef, L:/127.0.0.1:59978 - R:localhost/127.0.0.1:53354]
12:30:59.488 [Forwarding getCurrentWindowHandle on session 5e01c720a1244ab41aafaa02467ada1b to remote] DEBUG org.asynchttpclient.netty.request.NettyRequestSender - Using pooled Channel '[id: 0xdd880cef, L:/127.0.0.1:59978 - R:localhost/127.0.0.1:53354]' for 'GET' to 'http://localhost:53354/session/5e01c720a1244ab41aafaa02467ada1b/window'
12:30:59.489 [Forwarding getCurrentWindowHandle on session 5e01c720a1244ab41aafaa02467ada1b to remote] DEBUG org.asynchttpclient.netty.request.NettyRequestSender - Using open Channel [id: 0xdd880cef, L:/127.0.0.1:59978 - R:localhost/127.0.0.1:53354] for GET '/session/5e01c720a1244ab41aafaa02467ada1b/window'
12:30:59.489 [AsyncHttpClient-1-5] DEBUG org.asynchttpclient.netty.handler.HttpHandler - 

Request DefaultFullHttpRequest(decodeResult: success, version: HTTP/1.1, content: EmptyByteBufBE)
GET /session/5e01c720a1244ab41aafaa02467ada1b/window HTTP/1.1
User-Agent: selenium/4.4.0 (java windows)
Cache-Control: no-cache
Content-Type: application/json; charset=utf-8
host: localhost:53354
accept: */*

Response DefaultHttpResponse(decodeResult: success, version: HTTP/1.1)
HTTP/1.1 200 OK
Content-Type: application/json; charset=utf-8
cache-control: no-cache
content-length: 53

12:30:59.490 [AsyncHttpClient-1-5] DEBUG org.asynchttpclient.netty.channel.ChannelManager - Adding key: http://localhost:53354 for channel [id: 0xdd880cef, L:/127.0.0.1:59978 - R:localhost/127.0.0.1:53354]
12:30:59.494 [Forwarding getAlertText on session 5e01c720a1244ab41aafaa02467ada1b to remote] DEBUG org.asynchttpclient.netty.request.NettyRequestSender - Using pooled Channel '[id: 0xdd880cef, L:/127.0.0.1:59978 - R:localhost/127.0.0.1:53354]' for 'GET' to 'http://localhost:53354/session/5e01c720a1244ab41aafaa02467ada1b/alert/text'
12:30:59.494 [Forwarding getAlertText on session 5e01c720a1244ab41aafaa02467ada1b to remote] DEBUG org.asynchttpclient.netty.request.NettyRequestSender - Using open Channel [id: 0xdd880cef, L:/127.0.0.1:59978 - R:localhost/127.0.0.1:53354] for GET '/session/5e01c720a1244ab41aafaa02467ada1b/alert/text'
12:30:59.496 [AsyncHttpClient-1-5] DEBUG org.asynchttpclient.netty.handler.HttpHandler - 

Request DefaultFullHttpRequest(decodeResult: success, version: HTTP/1.1, content: EmptyByteBufBE)
GET /session/5e01c720a1244ab41aafaa02467ada1b/alert/text HTTP/1.1
User-Agent: selenium/4.4.0 (java windows)
Cache-Control: no-cache
Content-Type: application/json; charset=utf-8
host: localhost:53354
accept: */*

Response DefaultHttpResponse(decodeResult: success, version: HTTP/1.1)
HTTP/1.1 404 Not Found
Content-Type: application/json; charset=utf-8
cache-control: no-cache
content-length: 879

12:30:59.496 [AsyncHttpClient-1-5] DEBUG org.asynchttpclient.netty.channel.ChannelManager - Adding key: http://localhost:53354 for channel [id: 0xdd880cef, L:/127.0.0.1:59978 - R:localhost/127.0.0.1:53354]
12:30:59.501 [Forwarding switchToWindow on session 5e01c720a1244ab41aafaa02467ada1b to remote] DEBUG org.asynchttpclient.netty.request.NettyRequestSender - Using pooled Channel '[id: 0xdd880cef, L:/127.0.0.1:59978 - R:localhost/127.0.0.1:53354]' for 'POST' to 'http://localhost:53354/session/5e01c720a1244ab41aafaa02467ada1b/window'
12:30:59.501 [Forwarding switchToWindow on session 5e01c720a1244ab41aafaa02467ada1b to remote] DEBUG org.asynchttpclient.netty.request.NettyRequestSender - Using open Channel [id: 0xdd880cef, L:/127.0.0.1:59978 - R:localhost/127.0.0.1:53354] for POST '/session/5e01c720a1244ab41aafaa02467ada1b/window'
12:30:59.505 [AsyncHttpClient-1-5] DEBUG org.asynchttpclient.netty.handler.HttpHandler - 

Request DefaultHttpRequest(decodeResult: success, version: HTTP/1.1)
POST /session/5e01c720a1244ab41aafaa02467ada1b/window HTTP/1.1
User-Agent: selenium/4.4.0 (java windows)
Content-Length: 59
Content-Type: application/json; charset=utf-8
host: localhost:53354
accept: */*

Response DefaultHttpResponse(decodeResult: success, version: HTTP/1.1)
HTTP/1.1 200 OK
Content-Type: application/json; charset=utf-8
cache-control: no-cache
content-length: 14

12:30:59.505 [AsyncHttpClient-1-5] DEBUG org.asynchttpclient.netty.channel.ChannelManager - Adding key: http://localhost:53354 for channel [id: 0xdd880cef, L:/127.0.0.1:59978 - R:localhost/127.0.0.1:53354]
12:30:59.506 [Forwarding getCurrentUrl on session 5e01c720a1244ab41aafaa02467ada1b to remote] DEBUG org.asynchttpclient.netty.request.NettyRequestSender - Using pooled Channel '[id: 0xdd880cef, L:/127.0.0.1:59978 - R:localhost/127.0.0.1:53354]' for 'GET' to 'http://localhost:53354/session/5e01c720a1244ab41aafaa02467ada1b/url'
12:30:59.506 [Forwarding getCurrentUrl on session 5e01c720a1244ab41aafaa02467ada1b to remote] DEBUG org.asynchttpclient.netty.request.NettyRequestSender - Using open Channel [id: 0xdd880cef, L:/127.0.0.1:59978 - R:localhost/127.0.0.1:53354] for GET '/session/5e01c720a1244ab41aafaa02467ada1b/url'
12:30:59.510 [AsyncHttpClient-1-5] DEBUG org.asynchttpclient.netty.handler.HttpHandler - 

Request DefaultFullHttpRequest(decodeResult: success, version: HTTP/1.1, content: EmptyByteBufBE)
GET /session/5e01c720a1244ab41aafaa02467ada1b/url HTTP/1.1
User-Agent: selenium/4.4.0 (java windows)
Cache-Control: no-cache
Content-Type: application/json; charset=utf-8
host: localhost:53354
accept: */*

Response DefaultHttpResponse(decodeResult: success, version: HTTP/1.1)
HTTP/1.1 200 OK
Content-Type: application/json; charset=utf-8
cache-control: no-cache
content-length: 38

12:30:59.510 [AsyncHttpClient-1-5] DEBUG org.asynchttpclient.netty.channel.ChannelManager - Adding key: http://localhost:53354 for channel [id: 0xdd880cef, L:/127.0.0.1:59978 - R:localhost/127.0.0.1:53354]
12:30:59.511 [Forwarding screenshot on session 5e01c720a1244ab41aafaa02467ada1b to remote] DEBUG org.asynchttpclient.netty.request.NettyRequestSender - Using pooled Channel '[id: 0xdd880cef, L:/127.0.0.1:59978 - R:localhost/127.0.0.1:53354]' for 'GET' to 'http://localhost:53354/session/5e01c720a1244ab41aafaa02467ada1b/screenshot'
12:30:59.512 [Forwarding screenshot on session 5e01c720a1244ab41aafaa02467ada1b to remote] DEBUG org.asynchttpclient.netty.request.NettyRequestSender - Using open Channel [id: 0xdd880cef, L:/127.0.0.1:59978 - R:localhost/127.0.0.1:53354] for GET '/session/5e01c720a1244ab41aafaa02467ada1b/screenshot'
12:30:59.586 [AsyncHttpClient-1-5] DEBUG org.asynchttpclient.netty.handler.HttpHandler - 

Request DefaultFullHttpRequest(decodeResult: success, version: HTTP/1.1, content: EmptyByteBufBE)
GET /session/5e01c720a1244ab41aafaa02467ada1b/screenshot HTTP/1.1
User-Agent: selenium/4.4.0 (java windows)
Cache-Control: no-cache
Content-Type: application/json; charset=utf-8
host: localhost:53354
accept: */*

Response DefaultHttpResponse(decodeResult: success, version: HTTP/1.1)
HTTP/1.1 200 OK
Content-Type: application/json; charset=utf-8
cache-control: no-cache
content-length: 58960

12:30:59.587 [AsyncHttpClient-1-5] DEBUG org.asynchttpclient.netty.channel.ChannelManager - Adding key: http://localhost:53354 for channel [id: 0xdd880cef, L:/127.0.0.1:59978 - R:localhost/127.0.0.1:53354]
12:30:59.589 [Test worker] DEBUG net.serenitybdd.core.photography.Darkroom - Send negative for processing for C:\Users\juan.gomezv\IdeaProjects\sura\target\site\serenity\3e1eaa31776a2bdbe51fba415151c0175f31e3887748787d5277a6f82394f205.png
12:30:59.589 [Test worker] DEBUG net.thucydides.core.steps.StepInterceptor - STEP DONE: {0} enters #theTextAsAString into #target
12:30:59.589 [Darkroom Processing Line] DEBUG net.serenitybdd.core.photography.DarkroomProcessingLine - Processing screenshot image in /var/screenshots/screenshot-9095241357792016301
12:30:59.589 [Darkroom Processing Line] DEBUG net.serenitybdd.core.photography.DarkroomProcessingLine - Saving screenshot to C:\Users\juan.gomezv\IdeaProjects\sura\target\site\serenity\3e1eaa31776a2bdbe51fba415151c0175f31e3887748787d5277a6f82394f205.png
12:30:59.601 [Forwarding getPageSource on session 5e01c720a1244ab41aafaa02467ada1b to remote] DEBUG org.asynchttpclient.netty.request.NettyRequestSender - Using pooled Channel '[id: 0xdd880cef, L:/127.0.0.1:59978 - R:localhost/127.0.0.1:53354]' for 'POST' to 'http://localhost:53354/session/5e01c720a1244ab41aafaa02467ada1b/execute/sync'
12:30:59.601 [Forwarding getPageSource on session 5e01c720a1244ab41aafaa02467ada1b to remote] DEBUG org.asynchttpclient.netty.request.NettyRequestSender - Using open Channel [id: 0xdd880cef, L:/127.0.0.1:59978 - R:localhost/127.0.0.1:53354] for POST '/session/5e01c720a1244ab41aafaa02467ada1b/execute/sync'
12:30:59.608 [AsyncHttpClient-1-5] DEBUG org.asynchttpclient.netty.handler.HttpHandler - 

Request DefaultHttpRequest(decodeResult: success, version: HTTP/1.1)
POST /session/5e01c720a1244ab41aafaa02467ada1b/execute/sync HTTP/1.1
User-Agent: selenium/4.4.0 (java windows)
Content-Length: 176
Content-Type: application/json; charset=utf-8
host: localhost:53354
accept: */*

Response DefaultHttpResponse(decodeResult: success, version: HTTP/1.1)
HTTP/1.1 200 OK
Content-Type: application/json; charset=utf-8
cache-control: no-cache
content-length: 4167

12:30:59.608 [AsyncHttpClient-1-5] DEBUG org.asynchttpclient.netty.channel.ChannelManager - Adding key: http://localhost:53354 for channel [id: 0xdd880cef, L:/127.0.0.1:59978 - R:localhost/127.0.0.1:53354]
12:30:59.611 [Forwarding getCurrentUrl on session 5e01c720a1244ab41aafaa02467ada1b to remote] DEBUG org.asynchttpclient.netty.request.NettyRequestSender - Using pooled Channel '[id: 0xdd880cef, L:/127.0.0.1:59978 - R:localhost/127.0.0.1:53354]' for 'GET' to 'http://localhost:53354/session/5e01c720a1244ab41aafaa02467ada1b/url'
12:30:59.611 [Forwarding getCurrentUrl on session 5e01c720a1244ab41aafaa02467ada1b to remote] DEBUG org.asynchttpclient.netty.request.NettyRequestSender - Using open Channel [id: 0xdd880cef, L:/127.0.0.1:59978 - R:localhost/127.0.0.1:53354] for GET '/session/5e01c720a1244ab41aafaa02467ada1b/url'
12:30:59.617 [AsyncHttpClient-1-5] DEBUG org.asynchttpclient.netty.handler.HttpHandler - 

Request DefaultFullHttpRequest(decodeResult: success, version: HTTP/1.1, content: EmptyByteBufBE)
GET /session/5e01c720a1244ab41aafaa02467ada1b/url HTTP/1.1
User-Agent: selenium/4.4.0 (java windows)
Cache-Control: no-cache
Content-Type: application/json; charset=utf-8
host: localhost:53354
accept: */*

Response DefaultHttpResponse(decodeResult: success, version: HTTP/1.1)
HTTP/1.1 200 OK
Content-Type: application/json; charset=utf-8
cache-control: no-cache
content-length: 38

12:30:59.618 [AsyncHttpClient-1-5] DEBUG org.asynchttpclient.netty.channel.ChannelManager - Adding key: http://localhost:53354 for channel [id: 0xdd880cef, L:/127.0.0.1:59978 - R:localhost/127.0.0.1:53354]
12:30:59.620 [Test worker] DEBUG net.thucydides.core.steps.StepInterceptor - STARTING STEP: LogIn.performAs - {0} enters #theTextAsAString into #target
12:30:59.625 [Test worker] DEBUG net.serenitybdd.screenplay.targets.IFrameSwitcher - default content already selected for passwordTextBox
12:30:59.645 [Forwarding findElement on session 5e01c720a1244ab41aafaa02467ada1b to remote] DEBUG org.asynchttpclient.netty.request.NettyRequestSender - Using pooled Channel '[id: 0xdd880cef, L:/127.0.0.1:59978 - R:localhost/127.0.0.1:53354]' for 'POST' to 'http://localhost:53354/session/5e01c720a1244ab41aafaa02467ada1b/element'
12:30:59.645 [Forwarding findElement on session 5e01c720a1244ab41aafaa02467ada1b to remote] DEBUG org.asynchttpclient.netty.request.NettyRequestSender - Using open Channel [id: 0xdd880cef, L:/127.0.0.1:59978 - R:localhost/127.0.0.1:53354] for POST '/session/5e01c720a1244ab41aafaa02467ada1b/element'
12:30:59.656 [AsyncHttpClient-1-5] DEBUG org.asynchttpclient.netty.handler.HttpHandler - 

Request DefaultHttpRequest(decodeResult: success, version: HTTP/1.1)
POST /session/5e01c720a1244ab41aafaa02467ada1b/element HTTP/1.1
User-Agent: selenium/4.4.0 (java windows)
Content-Length: 66
Content-Type: application/json; charset=utf-8
host: localhost:53354
accept: */*

Response DefaultHttpResponse(decodeResult: success, version: HTTP/1.1)
HTTP/1.1 200 OK
Content-Type: application/json; charset=utf-8
cache-control: no-cache
content-length: 88

12:30:59.657 [AsyncHttpClient-1-5] DEBUG org.asynchttpclient.netty.channel.ChannelManager - Adding key: http://localhost:53354 for channel [id: 0xdd880cef, L:/127.0.0.1:59978 - R:localhost/127.0.0.1:53354]
12:30:59.658 [Forwarding clearElement on session 5e01c720a1244ab41aafaa02467ada1b to remote] DEBUG org.asynchttpclient.netty.request.NettyRequestSender - Using pooled Channel '[id: 0xdd880cef, L:/127.0.0.1:59978 - R:localhost/127.0.0.1:53354]' for 'POST' to 'http://localhost:53354/session/5e01c720a1244ab41aafaa02467ada1b/element/be9dc2d4-cf3e-4615-9d7a-611d78a012c4/clear'
12:30:59.658 [Forwarding clearElement on session 5e01c720a1244ab41aafaa02467ada1b to remote] DEBUG org.asynchttpclient.netty.request.NettyRequestSender - Using open Channel [id: 0xdd880cef, L:/127.0.0.1:59978 - R:localhost/127.0.0.1:53354] for POST '/session/5e01c720a1244ab41aafaa02467ada1b/element/be9dc2d4-cf3e-4615-9d7a-611d78a012c4/clear'
12:30:59.682 [AsyncHttpClient-1-5] DEBUG org.asynchttpclient.netty.handler.HttpHandler - 

Request DefaultHttpRequest(decodeResult: success, version: HTTP/1.1)
POST /session/5e01c720a1244ab41aafaa02467ada1b/element/be9dc2d4-cf3e-4615-9d7a-611d78a012c4/clear HTTP/1.1
User-Agent: selenium/4.4.0 (java windows)
Content-Length: 50
Content-Type: application/json; charset=utf-8
host: localhost:53354
accept: */*

Response DefaultHttpResponse(decodeResult: success, version: HTTP/1.1)
HTTP/1.1 200 OK
Content-Type: application/json; charset=utf-8
cache-control: no-cache
content-length: 14

12:30:59.682 [AsyncHttpClient-1-5] DEBUG org.asynchttpclient.netty.channel.ChannelManager - Adding key: http://localhost:53354 for channel [id: 0xdd880cef, L:/127.0.0.1:59978 - R:localhost/127.0.0.1:53354]
12:30:59.687 [Forwarding sendKeysToElement on session 5e01c720a1244ab41aafaa02467ada1b to remote] DEBUG org.asynchttpclient.netty.request.NettyRequestSender - Using pooled Channel '[id: 0xdd880cef, L:/127.0.0.1:59978 - R:localhost/127.0.0.1:53354]' for 'POST' to 'http://localhost:53354/session/5e01c720a1244ab41aafaa02467ada1b/element/be9dc2d4-cf3e-4615-9d7a-611d78a012c4/value'
12:30:59.687 [Forwarding sendKeysToElement on session 5e01c720a1244ab41aafaa02467ada1b to remote] DEBUG org.asynchttpclient.netty.request.NettyRequestSender - Using open Channel [id: 0xdd880cef, L:/127.0.0.1:59978 - R:localhost/127.0.0.1:53354] for POST '/session/5e01c720a1244ab41aafaa02467ada1b/element/be9dc2d4-cf3e-4615-9d7a-611d78a012c4/value'
12:30:59.728 [AsyncHttpClient-1-5] DEBUG org.asynchttpclient.netty.handler.HttpHandler - 

Request DefaultHttpRequest(decodeResult: success, version: HTTP/1.1)
POST /session/5e01c720a1244ab41aafaa02467ada1b/element/be9dc2d4-cf3e-4615-9d7a-611d78a012c4/value HTTP/1.1
User-Agent: selenium/4.4.0 (java windows)
Content-Length: 201
Content-Type: application/json; charset=utf-8
host: localhost:53354
accept: */*

Response DefaultHttpResponse(decodeResult: success, version: HTTP/1.1)
HTTP/1.1 200 OK
Content-Type: application/json; charset=utf-8
cache-control: no-cache
content-length: 14

12:30:59.729 [AsyncHttpClient-1-5] DEBUG org.asynchttpclient.netty.channel.ChannelManager - Adding key: http://localhost:53354 for channel [id: 0xdd880cef, L:/127.0.0.1:59978 - R:localhost/127.0.0.1:53354]
12:30:59.746 [AsyncHttpClient-1-1] DEBUG org.asynchttpclient.netty.channel.DefaultChannelPool - Entry count for : http://localhost:53354 : 1
12:30:59.746 [AsyncHttpClient-1-1] DEBUG org.asynchttpclient.netty.channel.DefaultChannelPool - Entry count for : http://localhost:59979 : 1
12:30:59.753 [Forwarding getCurrentWindowHandle on session 5e01c720a1244ab41aafaa02467ada1b to remote] DEBUG org.asynchttpclient.netty.request.NettyRequestSender - Using pooled Channel '[id: 0xdd880cef, L:/127.0.0.1:59978 - R:localhost/127.0.0.1:53354]' for 'GET' to 'http://localhost:53354/session/5e01c720a1244ab41aafaa02467ada1b/window'
12:30:59.753 [Forwarding getCurrentWindowHandle on session 5e01c720a1244ab41aafaa02467ada1b to remote] DEBUG org.asynchttpclient.netty.request.NettyRequestSender - Using open Channel [id: 0xdd880cef, L:/127.0.0.1:59978 - R:localhost/127.0.0.1:53354] for GET '/session/5e01c720a1244ab41aafaa02467ada1b/window'
12:30:59.754 [AsyncHttpClient-1-5] DEBUG org.asynchttpclient.netty.handler.HttpHandler - 

Request DefaultFullHttpRequest(decodeResult: success, version: HTTP/1.1, content: EmptyByteBufBE)
GET /session/5e01c720a1244ab41aafaa02467ada1b/window HTTP/1.1
User-Agent: selenium/4.4.0 (java windows)
Cache-Control: no-cache
Content-Type: application/json; charset=utf-8
host: localhost:53354
accept: */*

Response DefaultHttpResponse(decodeResult: success, version: HTTP/1.1)
HTTP/1.1 200 OK
Content-Type: application/json; charset=utf-8
cache-control: no-cache
content-length: 53

12:30:59.755 [AsyncHttpClient-1-5] DEBUG org.asynchttpclient.netty.channel.ChannelManager - Adding key: http://localhost:53354 for channel [id: 0xdd880cef, L:/127.0.0.1:59978 - R:localhost/127.0.0.1:53354]
12:30:59.758 [Forwarding getAlertText on session 5e01c720a1244ab41aafaa02467ada1b to remote] DEBUG org.asynchttpclient.netty.request.NettyRequestSender - Using pooled Channel '[id: 0xdd880cef, L:/127.0.0.1:59978 - R:localhost/127.0.0.1:53354]' for 'GET' to 'http://localhost:53354/session/5e01c720a1244ab41aafaa02467ada1b/alert/text'
12:30:59.758 [Forwarding getAlertText on session 5e01c720a1244ab41aafaa02467ada1b to remote] DEBUG org.asynchttpclient.netty.request.NettyRequestSender - Using open Channel [id: 0xdd880cef, L:/127.0.0.1:59978 - R:localhost/127.0.0.1:53354] for GET '/session/5e01c720a1244ab41aafaa02467ada1b/alert/text'
12:30:59.760 [AsyncHttpClient-1-5] DEBUG org.asynchttpclient.netty.handler.HttpHandler - 

Request DefaultFullHttpRequest(decodeResult: success, version: HTTP/1.1, content: EmptyByteBufBE)
GET /session/5e01c720a1244ab41aafaa02467ada1b/alert/text HTTP/1.1
User-Agent: selenium/4.4.0 (java windows)
Cache-Control: no-cache
Content-Type: application/json; charset=utf-8
host: localhost:53354
accept: */*

Response DefaultHttpResponse(decodeResult: success, version: HTTP/1.1)
HTTP/1.1 404 Not Found
Content-Type: application/json; charset=utf-8
cache-control: no-cache
content-length: 879

12:30:59.760 [AsyncHttpClient-1-5] DEBUG org.asynchttpclient.netty.channel.ChannelManager - Adding key: http://localhost:53354 for channel [id: 0xdd880cef, L:/127.0.0.1:59978 - R:localhost/127.0.0.1:53354]
12:30:59.768 [Forwarding switchToWindow on session 5e01c720a1244ab41aafaa02467ada1b to remote] DEBUG org.asynchttpclient.netty.request.NettyRequestSender - Using pooled Channel '[id: 0xdd880cef, L:/127.0.0.1:59978 - R:localhost/127.0.0.1:53354]' for 'POST' to 'http://localhost:53354/session/5e01c720a1244ab41aafaa02467ada1b/window'
12:30:59.768 [Forwarding switchToWindow on session 5e01c720a1244ab41aafaa02467ada1b to remote] DEBUG org.asynchttpclient.netty.request.NettyRequestSender - Using open Channel [id: 0xdd880cef, L:/127.0.0.1:59978 - R:localhost/127.0.0.1:53354] for POST '/session/5e01c720a1244ab41aafaa02467ada1b/window'
12:30:59.774 [AsyncHttpClient-1-5] DEBUG org.asynchttpclient.netty.handler.HttpHandler - 

Request DefaultHttpRequest(decodeResult: success, version: HTTP/1.1)
POST /session/5e01c720a1244ab41aafaa02467ada1b/window HTTP/1.1
User-Agent: selenium/4.4.0 (java windows)
Content-Length: 59
Content-Type: application/json; charset=utf-8
host: localhost:53354
accept: */*

Response DefaultHttpResponse(decodeResult: success, version: HTTP/1.1)
HTTP/1.1 200 OK
Content-Type: application/json; charset=utf-8
cache-control: no-cache
content-length: 14

12:30:59.774 [AsyncHttpClient-1-5] DEBUG org.asynchttpclient.netty.channel.ChannelManager - Adding key: http://localhost:53354 for channel [id: 0xdd880cef, L:/127.0.0.1:59978 - R:localhost/127.0.0.1:53354]
12:30:59.775 [Forwarding getCurrentUrl on session 5e01c720a1244ab41aafaa02467ada1b to remote] DEBUG org.asynchttpclient.netty.request.NettyRequestSender - Using pooled Channel '[id: 0xdd880cef, L:/127.0.0.1:59978 - R:localhost/127.0.0.1:53354]' for 'GET' to 'http://localhost:53354/session/5e01c720a1244ab41aafaa02467ada1b/url'
12:30:59.775 [Forwarding getCurrentUrl on session 5e01c720a1244ab41aafaa02467ada1b to remote] DEBUG org.asynchttpclient.netty.request.NettyRequestSender - Using open Channel [id: 0xdd880cef, L:/127.0.0.1:59978 - R:localhost/127.0.0.1:53354] for GET '/session/5e01c720a1244ab41aafaa02467ada1b/url'
12:30:59.779 [AsyncHttpClient-1-5] DEBUG org.asynchttpclient.netty.handler.HttpHandler - 

Request DefaultFullHttpRequest(decodeResult: success, version: HTTP/1.1, content: EmptyByteBufBE)
GET /session/5e01c720a1244ab41aafaa02467ada1b/url HTTP/1.1
User-Agent: selenium/4.4.0 (java windows)
Cache-Control: no-cache
Content-Type: application/json; charset=utf-8
host: localhost:53354
accept: */*

Response DefaultHttpResponse(decodeResult: success, version: HTTP/1.1)
HTTP/1.1 200 OK
Content-Type: application/json; charset=utf-8
cache-control: no-cache
content-length: 38

12:30:59.779 [AsyncHttpClient-1-5] DEBUG org.asynchttpclient.netty.channel.ChannelManager - Adding key: http://localhost:53354 for channel [id: 0xdd880cef, L:/127.0.0.1:59978 - R:localhost/127.0.0.1:53354]
12:30:59.780 [Forwarding screenshot on session 5e01c720a1244ab41aafaa02467ada1b to remote] DEBUG org.asynchttpclient.netty.request.NettyRequestSender - Using pooled Channel '[id: 0xdd880cef, L:/127.0.0.1:59978 - R:localhost/127.0.0.1:53354]' for 'GET' to 'http://localhost:53354/session/5e01c720a1244ab41aafaa02467ada1b/screenshot'
12:30:59.780 [Forwarding screenshot on session 5e01c720a1244ab41aafaa02467ada1b to remote] DEBUG org.asynchttpclient.netty.request.NettyRequestSender - Using open Channel [id: 0xdd880cef, L:/127.0.0.1:59978 - R:localhost/127.0.0.1:53354] for GET '/session/5e01c720a1244ab41aafaa02467ada1b/screenshot'
12:30:59.873 [AsyncHttpClient-1-5] DEBUG org.asynchttpclient.netty.handler.HttpHandler - 

Request DefaultFullHttpRequest(decodeResult: success, version: HTTP/1.1, content: EmptyByteBufBE)
GET /session/5e01c720a1244ab41aafaa02467ada1b/screenshot HTTP/1.1
User-Agent: selenium/4.4.0 (java windows)
Cache-Control: no-cache
Content-Type: application/json; charset=utf-8
host: localhost:53354
accept: */*

Response DefaultHttpResponse(decodeResult: success, version: HTTP/1.1)
HTTP/1.1 200 OK
Content-Type: application/json; charset=utf-8
cache-control: no-cache
content-length: 57444

12:30:59.873 [AsyncHttpClient-1-5] DEBUG org.asynchttpclient.netty.channel.ChannelManager - Adding key: http://localhost:53354 for channel [id: 0xdd880cef, L:/127.0.0.1:59978 - R:localhost/127.0.0.1:53354]
12:30:59.877 [Test worker] DEBUG net.serenitybdd.core.photography.Darkroom - Send negative for processing for C:\Users\juan.gomezv\IdeaProjects\sura\target\site\serenity\e69945a17b5850214ba2ab318373ba4c9be91d0667d71c2fcc65c1c9d573b6ed.png
12:30:59.878 [Test worker] DEBUG net.thucydides.core.steps.StepInterceptor - STEP DONE: {0} enters #theTextAsAString into #target
12:30:59.878 [Darkroom Processing Line] DEBUG net.serenitybdd.core.photography.DarkroomProcessingLine - Processing screenshot image in /var/screenshots/screenshot-7676924328539626950
12:30:59.878 [Darkroom Processing Line] DEBUG net.serenitybdd.core.photography.DarkroomProcessingLine - Saving screenshot to C:\Users\juan.gomezv\IdeaProjects\sura\target\site\serenity\e69945a17b5850214ba2ab318373ba4c9be91d0667d71c2fcc65c1c9d573b6ed.png
12:30:59.889 [Forwarding getPageSource on session 5e01c720a1244ab41aafaa02467ada1b to remote] DEBUG org.asynchttpclient.netty.request.NettyRequestSender - Using pooled Channel '[id: 0xdd880cef, L:/127.0.0.1:59978 - R:localhost/127.0.0.1:53354]' for 'POST' to 'http://localhost:53354/session/5e01c720a1244ab41aafaa02467ada1b/execute/sync'
12:30:59.889 [Forwarding getPageSource on session 5e01c720a1244ab41aafaa02467ada1b to remote] DEBUG org.asynchttpclient.netty.request.NettyRequestSender - Using open Channel [id: 0xdd880cef, L:/127.0.0.1:59978 - R:localhost/127.0.0.1:53354] for POST '/session/5e01c720a1244ab41aafaa02467ada1b/execute/sync'
12:30:59.894 [AsyncHttpClient-1-5] DEBUG org.asynchttpclient.netty.handler.HttpHandler - 

Request DefaultHttpRequest(decodeResult: success, version: HTTP/1.1)
POST /session/5e01c720a1244ab41aafaa02467ada1b/execute/sync HTTP/1.1
User-Agent: selenium/4.4.0 (java windows)
Content-Length: 176
Content-Type: application/json; charset=utf-8
host: localhost:53354
accept: */*

Response DefaultHttpResponse(decodeResult: success, version: HTTP/1.1)
HTTP/1.1 200 OK
Content-Type: application/json; charset=utf-8
cache-control: no-cache
content-length: 4179

12:30:59.894 [AsyncHttpClient-1-5] DEBUG org.asynchttpclient.netty.channel.ChannelManager - Adding key: http://localhost:53354 for channel [id: 0xdd880cef, L:/127.0.0.1:59978 - R:localhost/127.0.0.1:53354]
12:30:59.896 [Forwarding getCurrentUrl on session 5e01c720a1244ab41aafaa02467ada1b to remote] DEBUG org.asynchttpclient.netty.request.NettyRequestSender - Using pooled Channel '[id: 0xdd880cef, L:/127.0.0.1:59978 - R:localhost/127.0.0.1:53354]' for 'GET' to 'http://localhost:53354/session/5e01c720a1244ab41aafaa02467ada1b/url'
12:30:59.896 [Forwarding getCurrentUrl on session 5e01c720a1244ab41aafaa02467ada1b to remote] DEBUG org.asynchttpclient.netty.request.NettyRequestSender - Using open Channel [id: 0xdd880cef, L:/127.0.0.1:59978 - R:localhost/127.0.0.1:53354] for GET '/session/5e01c720a1244ab41aafaa02467ada1b/url'
12:30:59.900 [AsyncHttpClient-1-5] DEBUG org.asynchttpclient.netty.handler.HttpHandler - 

Request DefaultFullHttpRequest(decodeResult: success, version: HTTP/1.1, content: EmptyByteBufBE)
GET /session/5e01c720a1244ab41aafaa02467ada1b/url HTTP/1.1
User-Agent: selenium/4.4.0 (java windows)
Cache-Control: no-cache
Content-Type: application/json; charset=utf-8
host: localhost:53354
accept: */*

Response DefaultHttpResponse(decodeResult: success, version: HTTP/1.1)
HTTP/1.1 200 OK
Content-Type: application/json; charset=utf-8
cache-control: no-cache
content-length: 38

12:30:59.901 [AsyncHttpClient-1-5] DEBUG org.asynchttpclient.netty.channel.ChannelManager - Adding key: http://localhost:53354 for channel [id: 0xdd880cef, L:/127.0.0.1:59978 - R:localhost/127.0.0.1:53354]
12:30:59.903 [Test worker] DEBUG net.thucydides.core.steps.StepInterceptor - STARTING STEP: LogIn.performAs - {0} clicks on #target
12:30:59.903 [Test worker] DEBUG net.serenitybdd.screenplay.targets.IFrameSwitcher - default content already selected for logIn Button
12:30:59.921 [Forwarding findElement on session 5e01c720a1244ab41aafaa02467ada1b to remote] DEBUG org.asynchttpclient.netty.request.NettyRequestSender - Using pooled Channel '[id: 0xdd880cef, L:/127.0.0.1:59978 - R:localhost/127.0.0.1:53354]' for 'POST' to 'http://localhost:53354/session/5e01c720a1244ab41aafaa02467ada1b/element'
12:30:59.921 [Forwarding findElement on session 5e01c720a1244ab41aafaa02467ada1b to remote] DEBUG org.asynchttpclient.netty.request.NettyRequestSender - Using open Channel [id: 0xdd880cef, L:/127.0.0.1:59978 - R:localhost/127.0.0.1:53354] for POST '/session/5e01c720a1244ab41aafaa02467ada1b/element'
12:30:59.929 [AsyncHttpClient-1-5] DEBUG org.asynchttpclient.netty.handler.HttpHandler - 

Request DefaultHttpRequest(decodeResult: success, version: HTTP/1.1)
POST /session/5e01c720a1244ab41aafaa02467ada1b/element HTTP/1.1
User-Agent: selenium/4.4.0 (java windows)
Content-Length: 70
Content-Type: application/json; charset=utf-8
host: localhost:53354
accept: */*

Response DefaultHttpResponse(decodeResult: success, version: HTTP/1.1)
HTTP/1.1 200 OK
Content-Type: application/json; charset=utf-8
cache-control: no-cache
content-length: 88

12:30:59.929 [AsyncHttpClient-1-5] DEBUG org.asynchttpclient.netty.channel.ChannelManager - Adding key: http://localhost:53354 for channel [id: 0xdd880cef, L:/127.0.0.1:59978 - R:localhost/127.0.0.1:53354]
12:30:59.935 [Forwarding isElementDisplayed on session 5e01c720a1244ab41aafaa02467ada1b to remote] DEBUG org.asynchttpclient.netty.request.NettyRequestSender - Using pooled Channel '[id: 0xdd880cef, L:/127.0.0.1:59978 - R:localhost/127.0.0.1:53354]' for 'POST' to 'http://localhost:53354/session/5e01c720a1244ab41aafaa02467ada1b/execute/sync'
12:30:59.936 [Forwarding isElementDisplayed on session 5e01c720a1244ab41aafaa02467ada1b to remote] DEBUG org.asynchttpclient.netty.request.NettyRequestSender - Using open Channel [id: 0xdd880cef, L:/127.0.0.1:59978 - R:localhost/127.0.0.1:53354] for POST '/session/5e01c720a1244ab41aafaa02467ada1b/execute/sync'
12:30:59.948 [AsyncHttpClient-1-5] DEBUG org.asynchttpclient.netty.handler.HttpHandler - 

Request DefaultHttpRequest(decodeResult: success, version: HTTP/1.1)
POST /session/5e01c720a1244ab41aafaa02467ada1b/execute/sync HTTP/1.1
User-Agent: selenium/4.4.0 (java windows)
Content-Length: 48780
Content-Type: application/json; charset=utf-8
host: localhost:53354
accept: */*

Response DefaultHttpResponse(decodeResult: success, version: HTTP/1.1)
HTTP/1.1 200 OK
Content-Type: application/json; charset=utf-8
cache-control: no-cache
content-length: 14

12:30:59.948 [AsyncHttpClient-1-5] DEBUG org.asynchttpclient.netty.channel.ChannelManager - Adding key: http://localhost:53354 for channel [id: 0xdd880cef, L:/127.0.0.1:59978 - R:localhost/127.0.0.1:53354]
12:30:59.962 [Forwarding findElement on session 5e01c720a1244ab41aafaa02467ada1b to remote] DEBUG org.asynchttpclient.netty.request.NettyRequestSender - Using pooled Channel '[id: 0xdd880cef, L:/127.0.0.1:59978 - R:localhost/127.0.0.1:53354]' for 'POST' to 'http://localhost:53354/session/5e01c720a1244ab41aafaa02467ada1b/element'
12:30:59.962 [Forwarding findElement on session 5e01c720a1244ab41aafaa02467ada1b to remote] DEBUG org.asynchttpclient.netty.request.NettyRequestSender - Using open Channel [id: 0xdd880cef, L:/127.0.0.1:59978 - R:localhost/127.0.0.1:53354] for POST '/session/5e01c720a1244ab41aafaa02467ada1b/element'
12:30:59.969 [AsyncHttpClient-1-5] DEBUG org.asynchttpclient.netty.handler.HttpHandler - 

Request DefaultHttpRequest(decodeResult: success, version: HTTP/1.1)
POST /session/5e01c720a1244ab41aafaa02467ada1b/element HTTP/1.1
User-Agent: selenium/4.4.0 (java windows)
Content-Length: 70
Content-Type: application/json; charset=utf-8
host: localhost:53354
accept: */*

Response DefaultHttpResponse(decodeResult: success, version: HTTP/1.1)
HTTP/1.1 200 OK
Content-Type: application/json; charset=utf-8
cache-control: no-cache
content-length: 88

12:30:59.969 [AsyncHttpClient-1-5] DEBUG org.asynchttpclient.netty.channel.ChannelManager - Adding key: http://localhost:53354 for channel [id: 0xdd880cef, L:/127.0.0.1:59978 - R:localhost/127.0.0.1:53354]
12:30:59.971 [Forwarding clickElement on session 5e01c720a1244ab41aafaa02467ada1b to remote] DEBUG org.asynchttpclient.netty.request.NettyRequestSender - Using pooled Channel '[id: 0xdd880cef, L:/127.0.0.1:59978 - R:localhost/127.0.0.1:53354]' for 'POST' to 'http://localhost:53354/session/5e01c720a1244ab41aafaa02467ada1b/element/6e20804a-5c26-4c33-8f23-683570049d5f/click'
12:30:59.971 [Forwarding clickElement on session 5e01c720a1244ab41aafaa02467ada1b to remote] DEBUG org.asynchttpclient.netty.request.NettyRequestSender - Using open Channel [id: 0xdd880cef, L:/127.0.0.1:59978 - R:localhost/127.0.0.1:53354] for POST '/session/5e01c720a1244ab41aafaa02467ada1b/element/6e20804a-5c26-4c33-8f23-683570049d5f/click'
12:31:00.035 [AsyncHttpClient-1-5] DEBUG org.asynchttpclient.netty.handler.HttpHandler - 

Request DefaultHttpRequest(decodeResult: success, version: HTTP/1.1)
POST /session/5e01c720a1244ab41aafaa02467ada1b/element/6e20804a-5c26-4c33-8f23-683570049d5f/click HTTP/1.1
User-Agent: selenium/4.4.0 (java windows)
Content-Length: 50
Content-Type: application/json; charset=utf-8
host: localhost:53354
accept: */*

Response DefaultHttpResponse(decodeResult: success, version: HTTP/1.1)
HTTP/1.1 200 OK
Content-Type: application/json; charset=utf-8
cache-control: no-cache
content-length: 14

12:31:00.036 [AsyncHttpClient-1-5] DEBUG org.asynchttpclient.netty.channel.ChannelManager - Adding key: http://localhost:53354 for channel [id: 0xdd880cef, L:/127.0.0.1:59978 - R:localhost/127.0.0.1:53354]
12:31:00.060 [Forwarding getCurrentWindowHandle on session 5e01c720a1244ab41aafaa02467ada1b to remote] DEBUG org.asynchttpclient.netty.request.NettyRequestSender - Using pooled Channel '[id: 0xdd880cef, L:/127.0.0.1:59978 - R:localhost/127.0.0.1:53354]' for 'GET' to 'http://localhost:53354/session/5e01c720a1244ab41aafaa02467ada1b/window'
12:31:00.061 [Forwarding getCurrentWindowHandle on session 5e01c720a1244ab41aafaa02467ada1b to remote] DEBUG org.asynchttpclient.netty.request.NettyRequestSender - Using open Channel [id: 0xdd880cef, L:/127.0.0.1:59978 - R:localhost/127.0.0.1:53354] for GET '/session/5e01c720a1244ab41aafaa02467ada1b/window'
12:31:00.062 [AsyncHttpClient-1-5] DEBUG org.asynchttpclient.netty.handler.HttpHandler - 

Request DefaultFullHttpRequest(decodeResult: success, version: HTTP/1.1, content: EmptyByteBufBE)
GET /session/5e01c720a1244ab41aafaa02467ada1b/window HTTP/1.1
User-Agent: selenium/4.4.0 (java windows)
Cache-Control: no-cache
Content-Type: application/json; charset=utf-8
host: localhost:53354
accept: */*

Response DefaultHttpResponse(decodeResult: success, version: HTTP/1.1)
HTTP/1.1 200 OK
Content-Type: application/json; charset=utf-8
cache-control: no-cache
content-length: 53

12:31:00.062 [AsyncHttpClient-1-5] DEBUG org.asynchttpclient.netty.channel.ChannelManager - Adding key: http://localhost:53354 for channel [id: 0xdd880cef, L:/127.0.0.1:59978 - R:localhost/127.0.0.1:53354]
12:31:00.068 [Forwarding getAlertText on session 5e01c720a1244ab41aafaa02467ada1b to remote] DEBUG org.asynchttpclient.netty.request.NettyRequestSender - Using pooled Channel '[id: 0xdd880cef, L:/127.0.0.1:59978 - R:localhost/127.0.0.1:53354]' for 'GET' to 'http://localhost:53354/session/5e01c720a1244ab41aafaa02467ada1b/alert/text'
12:31:00.068 [Forwarding getAlertText on session 5e01c720a1244ab41aafaa02467ada1b to remote] DEBUG org.asynchttpclient.netty.request.NettyRequestSender - Using open Channel [id: 0xdd880cef, L:/127.0.0.1:59978 - R:localhost/127.0.0.1:53354] for GET '/session/5e01c720a1244ab41aafaa02467ada1b/alert/text'
12:31:00.070 [AsyncHttpClient-1-5] DEBUG org.asynchttpclient.netty.handler.HttpHandler - 

Request DefaultFullHttpRequest(decodeResult: success, version: HTTP/1.1, content: EmptyByteBufBE)
GET /session/5e01c720a1244ab41aafaa02467ada1b/alert/text HTTP/1.1
User-Agent: selenium/4.4.0 (java windows)
Cache-Control: no-cache
Content-Type: application/json; charset=utf-8
host: localhost:53354
accept: */*

Response DefaultHttpResponse(decodeResult: success, version: HTTP/1.1)
HTTP/1.1 404 Not Found
Content-Type: application/json; charset=utf-8
cache-control: no-cache
content-length: 879

12:31:00.070 [AsyncHttpClient-1-5] DEBUG org.asynchttpclient.netty.channel.ChannelManager - Adding key: http://localhost:53354 for channel [id: 0xdd880cef, L:/127.0.0.1:59978 - R:localhost/127.0.0.1:53354]
12:31:00.075 [Forwarding switchToWindow on session 5e01c720a1244ab41aafaa02467ada1b to remote] DEBUG org.asynchttpclient.netty.request.NettyRequestSender - Using pooled Channel '[id: 0xdd880cef, L:/127.0.0.1:59978 - R:localhost/127.0.0.1:53354]' for 'POST' to 'http://localhost:53354/session/5e01c720a1244ab41aafaa02467ada1b/window'
12:31:00.075 [Forwarding switchToWindow on session 5e01c720a1244ab41aafaa02467ada1b to remote] DEBUG org.asynchttpclient.netty.request.NettyRequestSender - Using open Channel [id: 0xdd880cef, L:/127.0.0.1:59978 - R:localhost/127.0.0.1:53354] for POST '/session/5e01c720a1244ab41aafaa02467ada1b/window'
12:31:00.078 [AsyncHttpClient-1-5] DEBUG org.asynchttpclient.netty.handler.HttpHandler - 

Request DefaultHttpRequest(decodeResult: success, version: HTTP/1.1)
POST /session/5e01c720a1244ab41aafaa02467ada1b/window HTTP/1.1
User-Agent: selenium/4.4.0 (java windows)
Content-Length: 59
Content-Type: application/json; charset=utf-8
host: localhost:53354
accept: */*

Response DefaultHttpResponse(decodeResult: success, version: HTTP/1.1)
HTTP/1.1 200 OK
Content-Type: application/json; charset=utf-8
cache-control: no-cache
content-length: 14

12:31:00.078 [AsyncHttpClient-1-5] DEBUG org.asynchttpclient.netty.channel.ChannelManager - Adding key: http://localhost:53354 for channel [id: 0xdd880cef, L:/127.0.0.1:59978 - R:localhost/127.0.0.1:53354]
12:31:00.079 [Forwarding getCurrentUrl on session 5e01c720a1244ab41aafaa02467ada1b to remote] DEBUG org.asynchttpclient.netty.request.NettyRequestSender - Using pooled Channel '[id: 0xdd880cef, L:/127.0.0.1:59978 - R:localhost/127.0.0.1:53354]' for 'GET' to 'http://localhost:53354/session/5e01c720a1244ab41aafaa02467ada1b/url'
12:31:00.079 [Forwarding getCurrentUrl on session 5e01c720a1244ab41aafaa02467ada1b to remote] DEBUG org.asynchttpclient.netty.request.NettyRequestSender - Using open Channel [id: 0xdd880cef, L:/127.0.0.1:59978 - R:localhost/127.0.0.1:53354] for GET '/session/5e01c720a1244ab41aafaa02467ada1b/url'
12:31:00.083 [AsyncHttpClient-1-5] DEBUG org.asynchttpclient.netty.handler.HttpHandler - 

Request DefaultFullHttpRequest(decodeResult: success, version: HTTP/1.1, content: EmptyByteBufBE)
GET /session/5e01c720a1244ab41aafaa02467ada1b/url HTTP/1.1
User-Agent: selenium/4.4.0 (java windows)
Cache-Control: no-cache
Content-Type: application/json; charset=utf-8
host: localhost:53354
accept: */*

Response DefaultHttpResponse(decodeResult: success, version: HTTP/1.1)
HTTP/1.1 200 OK
Content-Type: application/json; charset=utf-8
cache-control: no-cache
content-length: 38

12:31:00.084 [AsyncHttpClient-1-5] DEBUG org.asynchttpclient.netty.channel.ChannelManager - Adding key: http://localhost:53354 for channel [id: 0xdd880cef, L:/127.0.0.1:59978 - R:localhost/127.0.0.1:53354]
12:31:00.085 [Forwarding screenshot on session 5e01c720a1244ab41aafaa02467ada1b to remote] DEBUG org.asynchttpclient.netty.request.NettyRequestSender - Using pooled Channel '[id: 0xdd880cef, L:/127.0.0.1:59978 - R:localhost/127.0.0.1:53354]' for 'GET' to 'http://localhost:53354/session/5e01c720a1244ab41aafaa02467ada1b/screenshot'
12:31:00.085 [Forwarding screenshot on session 5e01c720a1244ab41aafaa02467ada1b to remote] DEBUG org.asynchttpclient.netty.request.NettyRequestSender - Using open Channel [id: 0xdd880cef, L:/127.0.0.1:59978 - R:localhost/127.0.0.1:53354] for GET '/session/5e01c720a1244ab41aafaa02467ada1b/screenshot'
12:31:00.173 [AsyncHttpClient-1-5] DEBUG org.asynchttpclient.netty.handler.HttpHandler - 

Request DefaultFullHttpRequest(decodeResult: success, version: HTTP/1.1, content: EmptyByteBufBE)
GET /session/5e01c720a1244ab41aafaa02467ada1b/screenshot HTTP/1.1
User-Agent: selenium/4.4.0 (java windows)
Cache-Control: no-cache
Content-Type: application/json; charset=utf-8
host: localhost:53354
accept: */*

Response DefaultHttpResponse(decodeResult: success, version: HTTP/1.1)
HTTP/1.1 200 OK
Content-Type: application/json; charset=utf-8
cache-control: no-cache
content-length: 64848

12:31:00.173 [AsyncHttpClient-1-5] DEBUG org.asynchttpclient.netty.channel.ChannelManager - Adding key: http://localhost:53354 for channel [id: 0xdd880cef, L:/127.0.0.1:59978 - R:localhost/127.0.0.1:53354]
12:31:00.176 [Test worker] DEBUG net.serenitybdd.core.photography.Darkroom - Send negative for processing for C:\Users\juan.gomezv\IdeaProjects\sura\target\site\serenity\aa1382dc4cd257771547933173a9ef690f84ec2ef8a1b874f347b450e9d2ba40.png
12:31:00.176 [Test worker] DEBUG net.thucydides.core.steps.StepInterceptor - STEP DONE: {0} clicks on #target
12:31:00.176 [Darkroom Processing Line] DEBUG net.serenitybdd.core.photography.DarkroomProcessingLine - Processing screenshot image in /var/screenshots/screenshot-16403492572493790368
12:31:00.176 [Darkroom Processing Line] DEBUG net.serenitybdd.core.photography.DarkroomProcessingLine - Saving screenshot to C:\Users\juan.gomezv\IdeaProjects\sura\target\site\serenity\aa1382dc4cd257771547933173a9ef690f84ec2ef8a1b874f347b450e9d2ba40.png
12:31:00.188 [Test worker] DEBUG net.thucydides.core.steps.StepInterceptor - STEP DONE: performAs
  ?[32mCuando ?[0m?[32m?[0m?[32m?[1mAna?[0m?[32m se autentica como un usuario de tipo ?[0m?[32m?[1m"INEXISTENT"?[0m                ?[90m# sura.stepDefinitions.LoginSteps.elSeAutenticaComoUnUsuario(net.serenitybdd.screenplay.Actor,java.lang.String)?[0m
12:31:00.203 [Forwarding getPageSource on session 5e01c720a1244ab41aafaa02467ada1b to remote] DEBUG org.asynchttpclient.netty.request.NettyRequestSender - Using pooled Channel '[id: 0xdd880cef, L:/127.0.0.1:59978 - R:localhost/127.0.0.1:53354]' for 'POST' to 'http://localhost:53354/session/5e01c720a1244ab41aafaa02467ada1b/execute/sync'
12:31:00.203 [Forwarding getPageSource on session 5e01c720a1244ab41aafaa02467ada1b to remote] DEBUG org.asynchttpclient.netty.request.NettyRequestSender - Using open Channel [id: 0xdd880cef, L:/127.0.0.1:59978 - R:localhost/127.0.0.1:53354] for POST '/session/5e01c720a1244ab41aafaa02467ada1b/execute/sync'
12:31:00.207 [AsyncHttpClient-1-5] DEBUG org.asynchttpclient.netty.handler.HttpHandler - 

Request DefaultHttpRequest(decodeResult: success, version: HTTP/1.1)
POST /session/5e01c720a1244ab41aafaa02467ada1b/execute/sync HTTP/1.1
User-Agent: selenium/4.4.0 (java windows)
Content-Length: 176
Content-Type: application/json; charset=utf-8
host: localhost:53354
accept: */*

Response DefaultHttpResponse(decodeResult: success, version: HTTP/1.1)
HTTP/1.1 200 OK
Content-Type: application/json; charset=utf-8
cache-control: no-cache
content-length: 14688

12:31:00.208 [AsyncHttpClient-1-5] DEBUG org.asynchttpclient.netty.channel.ChannelManager - Adding key: http://localhost:53354 for channel [id: 0xdd880cef, L:/127.0.0.1:59978 - R:localhost/127.0.0.1:53354]
12:31:00.210 [Forwarding getCurrentUrl on session 5e01c720a1244ab41aafaa02467ada1b to remote] DEBUG org.asynchttpclient.netty.request.NettyRequestSender - Using pooled Channel '[id: 0xdd880cef, L:/127.0.0.1:59978 - R:localhost/127.0.0.1:53354]' for 'GET' to 'http://localhost:53354/session/5e01c720a1244ab41aafaa02467ada1b/url'
12:31:00.210 [Forwarding getCurrentUrl on session 5e01c720a1244ab41aafaa02467ada1b to remote] DEBUG org.asynchttpclient.netty.request.NettyRequestSender - Using open Channel [id: 0xdd880cef, L:/127.0.0.1:59978 - R:localhost/127.0.0.1:53354] for GET '/session/5e01c720a1244ab41aafaa02467ada1b/url'
12:31:00.212 [AsyncHttpClient-1-5] DEBUG org.asynchttpclient.netty.handler.HttpHandler - 

Request DefaultFullHttpRequest(decodeResult: success, version: HTTP/1.1, content: EmptyByteBufBE)
GET /session/5e01c720a1244ab41aafaa02467ada1b/url HTTP/1.1
User-Agent: selenium/4.4.0 (java windows)
Cache-Control: no-cache
Content-Type: application/json; charset=utf-8
host: localhost:53354
accept: */*

Response DefaultHttpResponse(decodeResult: success, version: HTTP/1.1)
HTTP/1.1 200 OK
Content-Type: application/json; charset=utf-8
cache-control: no-cache
content-length: 38

12:31:00.212 [AsyncHttpClient-1-5] DEBUG org.asynchttpclient.netty.channel.ChannelManager - Adding key: http://localhost:53354 for channel [id: 0xdd880cef, L:/127.0.0.1:59978 - R:localhost/127.0.0.1:53354]
12:31:00.224 [Forwarding getPageSource on session 5e01c720a1244ab41aafaa02467ada1b to remote] DEBUG org.asynchttpclient.netty.request.NettyRequestSender - Using pooled Channel '[id: 0xdd880cef, L:/127.0.0.1:59978 - R:localhost/127.0.0.1:53354]' for 'POST' to 'http://localhost:53354/session/5e01c720a1244ab41aafaa02467ada1b/execute/sync'
12:31:00.224 [Forwarding getPageSource on session 5e01c720a1244ab41aafaa02467ada1b to remote] DEBUG org.asynchttpclient.netty.request.NettyRequestSender - Using open Channel [id: 0xdd880cef, L:/127.0.0.1:59978 - R:localhost/127.0.0.1:53354] for POST '/session/5e01c720a1244ab41aafaa02467ada1b/execute/sync'
12:31:00.228 [AsyncHttpClient-1-5] DEBUG org.asynchttpclient.netty.handler.HttpHandler - 

Request DefaultHttpRequest(decodeResult: success, version: HTTP/1.1)
POST /session/5e01c720a1244ab41aafaa02467ada1b/execute/sync HTTP/1.1
User-Agent: selenium/4.4.0 (java windows)
Content-Length: 176
Content-Type: application/json; charset=utf-8
host: localhost:53354
accept: */*

Response DefaultHttpResponse(decodeResult: success, version: HTTP/1.1)
HTTP/1.1 200 OK
Content-Type: application/json; charset=utf-8
cache-control: no-cache
content-length: 14688

12:31:00.228 [AsyncHttpClient-1-5] DEBUG org.asynchttpclient.netty.channel.ChannelManager - Adding key: http://localhost:53354 for channel [id: 0xdd880cef, L:/127.0.0.1:59978 - R:localhost/127.0.0.1:53354]
12:31:00.231 [Forwarding getCurrentUrl on session 5e01c720a1244ab41aafaa02467ada1b to remote] DEBUG org.asynchttpclient.netty.request.NettyRequestSender - Using pooled Channel '[id: 0xdd880cef, L:/127.0.0.1:59978 - R:localhost/127.0.0.1:53354]' for 'GET' to 'http://localhost:53354/session/5e01c720a1244ab41aafaa02467ada1b/url'
12:31:00.231 [Forwarding getCurrentUrl on session 5e01c720a1244ab41aafaa02467ada1b to remote] DEBUG org.asynchttpclient.netty.request.NettyRequestSender - Using open Channel [id: 0xdd880cef, L:/127.0.0.1:59978 - R:localhost/127.0.0.1:53354] for GET '/session/5e01c720a1244ab41aafaa02467ada1b/url'
12:31:00.236 [AsyncHttpClient-1-5] DEBUG org.asynchttpclient.netty.handler.HttpHandler - 

Request DefaultFullHttpRequest(decodeResult: success, version: HTTP/1.1, content: EmptyByteBufBE)
GET /session/5e01c720a1244ab41aafaa02467ada1b/url HTTP/1.1
User-Agent: selenium/4.4.0 (java windows)
Cache-Control: no-cache
Content-Type: application/json; charset=utf-8
host: localhost:53354
accept: */*

Response DefaultHttpResponse(decodeResult: success, version: HTTP/1.1)
HTTP/1.1 200 OK
Content-Type: application/json; charset=utf-8
cache-control: no-cache
content-length: 38

12:31:00.236 [AsyncHttpClient-1-5] DEBUG org.asynchttpclient.netty.channel.ChannelManager - Adding key: http://localhost:53354 for channel [id: 0xdd880cef, L:/127.0.0.1:59978 - R:localhost/127.0.0.1:53354]
12:31:00.239 [Test worker] DEBUG net.thucydides.core.steps.StepInterceptor - STARTING STEP: LoginSteps.laAplicacionDenegaIngresoMostrandoMensaje - {0} should see #description
12:31:00.240 [Test worker] DEBUG net.serenitybdd.screenplay.targets.IFrameSwitcher - default content already selected for LogIn Button
12:31:00.249 [Forwarding findElement on session 5e01c720a1244ab41aafaa02467ada1b to remote] DEBUG org.asynchttpclient.netty.request.NettyRequestSender - Using pooled Channel '[id: 0xdd880cef, L:/127.0.0.1:59978 - R:localhost/127.0.0.1:53354]' for 'POST' to 'http://localhost:53354/session/5e01c720a1244ab41aafaa02467ada1b/element'
12:31:00.249 [Forwarding findElement on session 5e01c720a1244ab41aafaa02467ada1b to remote] DEBUG org.asynchttpclient.netty.request.NettyRequestSender - Using open Channel [id: 0xdd880cef, L:/127.0.0.1:59978 - R:localhost/127.0.0.1:53354] for POST '/session/5e01c720a1244ab41aafaa02467ada1b/element'
12:31:00.258 [AsyncHttpClient-1-5] DEBUG org.asynchttpclient.netty.handler.HttpHandler - 

Request DefaultHttpRequest(decodeResult: success, version: HTTP/1.1)
POST /session/5e01c720a1244ab41aafaa02467ada1b/element HTTP/1.1
User-Agent: selenium/4.4.0 (java windows)
Content-Length: 63
Content-Type: application/json; charset=utf-8
host: localhost:53354
accept: */*

Response DefaultHttpResponse(decodeResult: success, version: HTTP/1.1)
HTTP/1.1 200 OK
Content-Type: application/json; charset=utf-8
cache-control: no-cache
content-length: 88

12:31:00.258 [AsyncHttpClient-1-5] DEBUG org.asynchttpclient.netty.channel.ChannelManager - Adding key: http://localhost:53354 for channel [id: 0xdd880cef, L:/127.0.0.1:59978 - R:localhost/127.0.0.1:53354]
12:31:00.258 [Forwarding getElementText on session 5e01c720a1244ab41aafaa02467ada1b to remote] DEBUG org.asynchttpclient.netty.request.NettyRequestSender - Using pooled Channel '[id: 0xdd880cef, L:/127.0.0.1:59978 - R:localhost/127.0.0.1:53354]' for 'GET' to 'http://localhost:53354/session/5e01c720a1244ab41aafaa02467ada1b/element/1d188046-897f-453c-8b5e-e9511f0a419d/text'
12:31:00.259 [Forwarding getElementText on session 5e01c720a1244ab41aafaa02467ada1b to remote] DEBUG org.asynchttpclient.netty.request.NettyRequestSender - Using open Channel [id: 0xdd880cef, L:/127.0.0.1:59978 - R:localhost/127.0.0.1:53354] for GET '/session/5e01c720a1244ab41aafaa02467ada1b/element/1d188046-897f-453c-8b5e-e9511f0a419d/text'
12:31:00.271 [AsyncHttpClient-1-5] DEBUG org.asynchttpclient.netty.handler.HttpHandler - 

Request DefaultFullHttpRequest(decodeResult: success, version: HTTP/1.1, content: EmptyByteBufBE)
GET /session/5e01c720a1244ab41aafaa02467ada1b/element/1d188046-897f-453c-8b5e-e9511f0a419d/text HTTP/1.1
User-Agent: selenium/4.4.0 (java windows)
Cache-Control: no-cache
Content-Type: application/json; charset=utf-8
host: localhost:53354
accept: */*

Response DefaultHttpResponse(decodeResult: success, version: HTTP/1.1)
HTTP/1.1 200 OK
Content-Type: application/json; charset=utf-8
cache-control: no-cache
content-length: 85

12:31:00.271 [AsyncHttpClient-1-5] DEBUG org.asynchttpclient.netty.channel.ChannelManager - Adding key: http://localhost:53354 for channel [id: 0xdd880cef, L:/127.0.0.1:59978 - R:localhost/127.0.0.1:53354]
12:31:00.282 [Forwarding getCurrentWindowHandle on session 5e01c720a1244ab41aafaa02467ada1b to remote] DEBUG org.asynchttpclient.netty.request.NettyRequestSender - Using pooled Channel '[id: 0xdd880cef, L:/127.0.0.1:59978 - R:localhost/127.0.0.1:53354]' for 'GET' to 'http://localhost:53354/session/5e01c720a1244ab41aafaa02467ada1b/window'
12:31:00.282 [Forwarding getCurrentWindowHandle on session 5e01c720a1244ab41aafaa02467ada1b to remote] DEBUG org.asynchttpclient.netty.request.NettyRequestSender - Using open Channel [id: 0xdd880cef, L:/127.0.0.1:59978 - R:localhost/127.0.0.1:53354] for GET '/session/5e01c720a1244ab41aafaa02467ada1b/window'
12:31:00.284 [AsyncHttpClient-1-5] DEBUG org.asynchttpclient.netty.handler.HttpHandler - 

Request DefaultFullHttpRequest(decodeResult: success, version: HTTP/1.1, content: EmptyByteBufBE)
GET /session/5e01c720a1244ab41aafaa02467ada1b/window HTTP/1.1
User-Agent: selenium/4.4.0 (java windows)
Cache-Control: no-cache
Content-Type: application/json; charset=utf-8
host: localhost:53354
accept: */*

Response DefaultHttpResponse(decodeResult: success, version: HTTP/1.1)
HTTP/1.1 200 OK
Content-Type: application/json; charset=utf-8
cache-control: no-cache
content-length: 53

12:31:00.284 [AsyncHttpClient-1-5] DEBUG org.asynchttpclient.netty.channel.ChannelManager - Adding key: http://localhost:53354 for channel [id: 0xdd880cef, L:/127.0.0.1:59978 - R:localhost/127.0.0.1:53354]
12:31:00.288 [Forwarding getAlertText on session 5e01c720a1244ab41aafaa02467ada1b to remote] DEBUG org.asynchttpclient.netty.request.NettyRequestSender - Using pooled Channel '[id: 0xdd880cef, L:/127.0.0.1:59978 - R:localhost/127.0.0.1:53354]' for 'GET' to 'http://localhost:53354/session/5e01c720a1244ab41aafaa02467ada1b/alert/text'
12:31:00.288 [Forwarding getAlertText on session 5e01c720a1244ab41aafaa02467ada1b to remote] DEBUG org.asynchttpclient.netty.request.NettyRequestSender - Using open Channel [id: 0xdd880cef, L:/127.0.0.1:59978 - R:localhost/127.0.0.1:53354] for GET '/session/5e01c720a1244ab41aafaa02467ada1b/alert/text'
12:31:00.290 [AsyncHttpClient-1-5] DEBUG org.asynchttpclient.netty.handler.HttpHandler - 

Request DefaultFullHttpRequest(decodeResult: success, version: HTTP/1.1, content: EmptyByteBufBE)
GET /session/5e01c720a1244ab41aafaa02467ada1b/alert/text HTTP/1.1
User-Agent: selenium/4.4.0 (java windows)
Cache-Control: no-cache
Content-Type: application/json; charset=utf-8
host: localhost:53354
accept: */*

Response DefaultHttpResponse(decodeResult: success, version: HTTP/1.1)
HTTP/1.1 404 Not Found
Content-Type: application/json; charset=utf-8
cache-control: no-cache
content-length: 879

12:31:00.290 [AsyncHttpClient-1-5] DEBUG org.asynchttpclient.netty.channel.ChannelManager - Adding key: http://localhost:53354 for channel [id: 0xdd880cef, L:/127.0.0.1:59978 - R:localhost/127.0.0.1:53354]
12:31:00.294 [Forwarding switchToWindow on session 5e01c720a1244ab41aafaa02467ada1b to remote] DEBUG org.asynchttpclient.netty.request.NettyRequestSender - Using pooled Channel '[id: 0xdd880cef, L:/127.0.0.1:59978 - R:localhost/127.0.0.1:53354]' for 'POST' to 'http://localhost:53354/session/5e01c720a1244ab41aafaa02467ada1b/window'
12:31:00.294 [Forwarding switchToWindow on session 5e01c720a1244ab41aafaa02467ada1b to remote] DEBUG org.asynchttpclient.netty.request.NettyRequestSender - Using open Channel [id: 0xdd880cef, L:/127.0.0.1:59978 - R:localhost/127.0.0.1:53354] for POST '/session/5e01c720a1244ab41aafaa02467ada1b/window'
12:31:00.296 [AsyncHttpClient-1-5] DEBUG org.asynchttpclient.netty.handler.HttpHandler - 

Request DefaultHttpRequest(decodeResult: success, version: HTTP/1.1)
POST /session/5e01c720a1244ab41aafaa02467ada1b/window HTTP/1.1
User-Agent: selenium/4.4.0 (java windows)
Content-Length: 59
Content-Type: application/json; charset=utf-8
host: localhost:53354
accept: */*

Response DefaultHttpResponse(decodeResult: success, version: HTTP/1.1)
HTTP/1.1 200 OK
Content-Type: application/json; charset=utf-8
cache-control: no-cache
content-length: 14

12:31:00.296 [AsyncHttpClient-1-5] DEBUG org.asynchttpclient.netty.channel.ChannelManager - Adding key: http://localhost:53354 for channel [id: 0xdd880cef, L:/127.0.0.1:59978 - R:localhost/127.0.0.1:53354]
12:31:00.297 [Forwarding getCurrentUrl on session 5e01c720a1244ab41aafaa02467ada1b to remote] DEBUG org.asynchttpclient.netty.request.NettyRequestSender - Using pooled Channel '[id: 0xdd880cef, L:/127.0.0.1:59978 - R:localhost/127.0.0.1:53354]' for 'GET' to 'http://localhost:53354/session/5e01c720a1244ab41aafaa02467ada1b/url'
12:31:00.297 [Forwarding getCurrentUrl on session 5e01c720a1244ab41aafaa02467ada1b to remote] DEBUG org.asynchttpclient.netty.request.NettyRequestSender - Using open Channel [id: 0xdd880cef, L:/127.0.0.1:59978 - R:localhost/127.0.0.1:53354] for GET '/session/5e01c720a1244ab41aafaa02467ada1b/url'
12:31:00.300 [AsyncHttpClient-1-5] DEBUG org.asynchttpclient.netty.handler.HttpHandler - 

Request DefaultFullHttpRequest(decodeResult: success, version: HTTP/1.1, content: EmptyByteBufBE)
GET /session/5e01c720a1244ab41aafaa02467ada1b/url HTTP/1.1
User-Agent: selenium/4.4.0 (java windows)
Cache-Control: no-cache
Content-Type: application/json; charset=utf-8
host: localhost:53354
accept: */*

Response DefaultHttpResponse(decodeResult: success, version: HTTP/1.1)
HTTP/1.1 200 OK
Content-Type: application/json; charset=utf-8
cache-control: no-cache
content-length: 38

12:31:00.300 [AsyncHttpClient-1-5] DEBUG org.asynchttpclient.netty.channel.ChannelManager - Adding key: http://localhost:53354 for channel [id: 0xdd880cef, L:/127.0.0.1:59978 - R:localhost/127.0.0.1:53354]
12:31:00.301 [Forwarding screenshot on session 5e01c720a1244ab41aafaa02467ada1b to remote] DEBUG org.asynchttpclient.netty.request.NettyRequestSender - Using pooled Channel '[id: 0xdd880cef, L:/127.0.0.1:59978 - R:localhost/127.0.0.1:53354]' for 'GET' to 'http://localhost:53354/session/5e01c720a1244ab41aafaa02467ada1b/screenshot'
12:31:00.301 [Forwarding screenshot on session 5e01c720a1244ab41aafaa02467ada1b to remote] DEBUG org.asynchttpclient.netty.request.NettyRequestSender - Using open Channel [id: 0xdd880cef, L:/127.0.0.1:59978 - R:localhost/127.0.0.1:53354] for GET '/session/5e01c720a1244ab41aafaa02467ada1b/screenshot'
12:31:00.376 [AsyncHttpClient-1-5] DEBUG org.asynchttpclient.netty.handler.HttpHandler - 

Request DefaultFullHttpRequest(decodeResult: success, version: HTTP/1.1, content: EmptyByteBufBE)
GET /session/5e01c720a1244ab41aafaa02467ada1b/screenshot HTTP/1.1
User-Agent: selenium/4.4.0 (java windows)
Cache-Control: no-cache
Content-Type: application/json; charset=utf-8
host: localhost:53354
accept: */*

Response DefaultHttpResponse(decodeResult: success, version: HTTP/1.1)
HTTP/1.1 200 OK
Content-Type: application/json; charset=utf-8
cache-control: no-cache
content-length: 64848

12:31:00.376 [AsyncHttpClient-1-5] DEBUG org.asynchttpclient.netty.channel.ChannelManager - Adding key: http://localhost:53354 for channel [id: 0xdd880cef, L:/127.0.0.1:59978 - R:localhost/127.0.0.1:53354]
12:31:00.378 [Test worker] DEBUG net.serenitybdd.core.photography.Darkroom - Send negative for processing for C:\Users\juan.gomezv\IdeaProjects\sura\target\site\serenity\aa1382dc4cd257771547933173a9ef690f84ec2ef8a1b874f347b450e9d2ba40.png
12:31:00.379 [Test worker] DEBUG net.thucydides.core.steps.StepInterceptor - STEP DONE: {0} should see #description
  ?[32mEntonces ?[0m?[32ma ?[0m?[32m?[1mAna?[0m?[32m se le deniega el ingreso mostrando el mensaje ?[0m?[32m?[1m"Epic sadface"?[0m ?[90m# sura.stepDefinitions.LoginSteps.laAplicacionDenegaIngresoMostrandoMensaje(net.serenitybdd.screenplay.Actor,java.lang.String)?[0m
12:31:00.396 [Driver Command Executor] DEBUG org.asynchttpclient.netty.request.NettyRequestSender - Using pooled Channel '[id: 0xdd880cef, L:/127.0.0.1:59978 - R:localhost/127.0.0.1:53354]' for 'DELETE' to 'http://localhost:53354/session/5e01c720a1244ab41aafaa02467ada1b'
12:31:00.396 [AsyncHttpClient-1-7] DEBUG org.asynchttpclient.netty.handler.WebSocketHandler - Channel Closed: [id: 0xeb1a5b3d, L:/127.0.0.1:59986 ! R:localhost/127.0.0.1:59979] with attribute NettyResponseFuture{currentRetry=0,
	isDone=1,
	isCancelled=0,
	asyncHandler=org.asynchttpclient.ws.WebSocketUpgradeHandler@75a92fcd,
	nettyRequest=org.asynchttpclient.netty.request.NettyRequest@30abbf1c,
	future=java.util.concurrent.CompletableFuture@452a7118[Completed normally],
	uri=ws://localhost:59979/devtools/browser/fa3653a1-8369-4482-9283-7ed97920560a,
	keepAlive=true,
	redirectCount=0,
	timeoutsHolder=null,
	inAuth=0,
	touch=1664472658706}
12:31:00.396 [Driver Command Executor] DEBUG org.asynchttpclient.netty.request.NettyRequestSender - Using open Channel [id: 0xdd880cef, L:/127.0.0.1:59978 - R:localhost/127.0.0.1:53354] for DELETE '/session/5e01c720a1244ab41aafaa02467ada1b'
12:31:00.396 [AsyncHttpClient-1-7] DEBUG org.asynchttpclient.netty.channel.ChannelManager - Closing Channel [id: 0xeb1a5b3d, L:/127.0.0.1:59986 ! R:localhost/127.0.0.1:59979] 
12:31:00.419 [AsyncHttpClient-1-6] DEBUG org.asynchttpclient.netty.handler.HttpHandler - Unexpected I/O exception on channel [id: 0xe040a047, L:/127.0.0.1:59985 - R:localhost/127.0.0.1:59979]
java.net.SocketException: Connection reset
	at java.base/sun.nio.ch.SocketChannelImpl.throwConnectionReset(SocketChannelImpl.java:394)
	at java.base/sun.nio.ch.SocketChannelImpl.read(SocketChannelImpl.java:426)
	at io.netty.buffer.PooledByteBuf.setBytes(PooledByteBuf.java:258)
	at io.netty.buffer.AbstractByteBuf.writeBytes(AbstractByteBuf.java:1132)
	at io.netty.channel.socket.nio.NioSocketChannel.doReadBytes(NioSocketChannel.java:357)
	at io.netty.channel.nio.AbstractNioByteChannel$NioByteUnsafe.read(AbstractNioByteChannel.java:151)
	at io.netty.channel.nio.NioEventLoop.processSelectedKey(NioEventLoop.java:722)
	at io.netty.channel.nio.NioEventLoop.processSelectedKeysOptimized(NioEventLoop.java:658)
	at io.netty.channel.nio.NioEventLoop.processSelectedKeys(NioEventLoop.java:584)
	at io.netty.channel.nio.NioEventLoop.run(NioEventLoop.java:496)
	at io.netty.util.concurrent.SingleThreadEventExecutor$4.run(SingleThreadEventExecutor.java:997)
	at io.netty.util.internal.ThreadExecutorMap$2.run(ThreadExecutorMap.java:74)
	at io.netty.util.concurrent.FastThreadLocalRunnable.run(FastThreadLocalRunnable.java:30)
	at java.base/java.lang.Thread.run(Thread.java:833)
12:31:00.419 [AsyncHttpClient-1-6] DEBUG org.asynchttpclient.netty.channel.ChannelManager - Closing Channel [id: 0xe040a047, L:/127.0.0.1:59985 - R:localhost/127.0.0.1:59979] 
12:31:00.419 [AsyncHttpClient-1-6] DEBUG org.asynchttpclient.netty.handler.HttpHandler - Channel Closed: [id: 0xe040a047, L:/127.0.0.1:59985 ! R:localhost/127.0.0.1:59979] with attribute DISCARD
12:31:00.429 [AsyncHttpClient-1-5] DEBUG org.asynchttpclient.netty.handler.HttpHandler - 

Request DefaultFullHttpRequest(decodeResult: success, version: HTTP/1.1, content: EmptyByteBufBE)
DELETE /session/5e01c720a1244ab41aafaa02467ada1b HTTP/1.1
User-Agent: selenium/4.4.0 (java windows)
Content-Type: application/json; charset=utf-8
host: localhost:53354
accept: */*

Response DefaultHttpResponse(decodeResult: success, version: HTTP/1.1)
HTTP/1.1 200 OK
Content-Type: application/json; charset=utf-8
cache-control: no-cache
content-length: 14

12:31:00.430 [AsyncHttpClient-1-5] DEBUG org.asynchttpclient.netty.channel.ChannelManager - Adding key: http://localhost:53354 for channel [id: 0xdd880cef, L:/127.0.0.1:59978 - R:localhost/127.0.0.1:53354]
12:31:00.506 [AsyncHttpClient-1-5] DEBUG org.asynchttpclient.netty.handler.HttpHandler - Channel Closed: [id: 0xdd880cef, L:/127.0.0.1:59978 ! R:localhost/127.0.0.1:53354] with attribute DISCARD
12:31:00.570 [Test worker] INFO  - 
  _____   ___   ___   _____     ___     _     ___   ___   ___   ___  
 |_   _| | __| / __| |_   _|   | _ \   /_\   / __| / __| | __| |   \ 
   | |   | _|  \__ \   | |     |  _/  / _ \  \__ \ \__ \ | _|  | |) |
   |_|   |___| |___/   |_|     |_|   /_/ \_\ |___/ |___/ |___| |___/ 

Usuario se auténtica con una cuenta inválida
----------------------------------------------------------------------

Esquema del escenario: Usuario se auténtica con una cuenta válida           ?[90m# src/test/resources/features/autenticacion/login.feature:23?[0m
12:31:00.575 [Test worker] INFO io.cucumber.core.plugin.SerenityReporter - Running feature from file:///C:/Users/juan.gomezv/IdeaProjects/sura/src/test/resources/features/autenticacion/login.feature
12:31:00.576 [Test worker] INFO  - 
  _____   ___   ___   _____     ___   _____     _     ___   _____   ___   ___  
 |_   _| | __| / __| |_   _|   / __| |_   _|   /_\   | _ \ |_   _| | __| |   \ 
   | |   | _|  \__ \   | |     \__ \   | |    / _ \  |   /   | |   | _|  | |) |
   |_|   |___| |___/   |_|     |___/   |_|   /_/ \_\ |_|_\   |_|   |___| |___/ 

Usuario se auténtica con una cuenta válida(autenticación;usuario-se-auténtica-con-una-cuenta-válida)
--------------------------------------------------------------------------------
12:31:00.586 [Test worker] DEBUG net.thucydides.core.steps.StepInterceptor - STARTING STEP: LoginSteps.quiereConsultarArticulosDeportivosEnLaWebDeLaMarcaSwag - {0} abre la aplicación
12:31:00.589 [Test worker] DEBUG net.thucydides.core.steps.StepInterceptor - STARTING STEP: NavigateTo.performAs - {0} opens the #targetPageName
12:31:00.631 [Test worker] INFO net.serenitybdd.core.webdriver.driverproviders.ChromeDriverProvider - Starting Chrome driver instance with capabilities:
12:31:00.632 [Test worker] INFO net.serenitybdd.core.webdriver.driverproviders.ChromeDriverProvider - Capabilities {acceptInsecureCerts: false, browserName: chrome, goog:chromeOptions: {args: [], extensions: []}}
12:31:00.685 [AsyncHttpClient-1-8] DEBUG org.asynchttpclient.netty.channel.NettyConnectListener - Using new Channel '[id: 0xb090aa2a, L:/127.0.0.1:60000 - R:localhost/127.0.0.1:58482]' for 'POST' to '/session'
12:31:00.852 [AsyncHttpClient-1-1] DEBUG org.asynchttpclient.netty.channel.DefaultChannelPool - Entry count for : http://localhost:53354 : 1
12:31:00.852 [AsyncHttpClient-1-1] DEBUG org.asynchttpclient.netty.channel.DefaultChannelPool - Entry count for : http://localhost:59979 : 1
12:31:00.852 [AsyncHttpClient-1-1] DEBUG org.asynchttpclient.netty.channel.DefaultChannelPool - Adding Candidate expired Channel [id: 0xdd880cef, L:/127.0.0.1:59978 ! R:localhost/127.0.0.1:53354] isIdleTimeoutExpired=false isRemotelyClosed=true isTtlExpired=false
12:31:00.852 [AsyncHttpClient-1-1] DEBUG org.asynchttpclient.netty.channel.DefaultChannelPool - Closing Idle Channel [id: 0xdd880cef, L:/127.0.0.1:59978 ! R:localhost/127.0.0.1:53354]
12:31:00.852 [AsyncHttpClient-1-1] DEBUG org.asynchttpclient.netty.channel.DefaultChannelPool - Adding Candidate expired Channel [id: 0xe040a047, L:/127.0.0.1:59985 ! R:localhost/127.0.0.1:59979] isIdleTimeoutExpired=false isRemotelyClosed=true isTtlExpired=false
12:31:00.852 [AsyncHttpClient-1-1] DEBUG org.asynchttpclient.netty.channel.DefaultChannelPool - Closing Idle Channel [id: 0xe040a047, L:/127.0.0.1:59985 ! R:localhost/127.0.0.1:59979]
12:31:00.852 [AsyncHttpClient-1-1] DEBUG org.asynchttpclient.netty.channel.DefaultChannelPool - Closed 2 connections out of 2 in 0 ms
12:31:01.372 [AsyncHttpClient-1-8] DEBUG org.asynchttpclient.netty.handler.HttpHandler - 

Request DefaultHttpRequest(decodeResult: success, version: HTTP/1.1)
POST /session HTTP/1.1
User-Agent: selenium/4.4.0 (java windows)
Content-Length: 437
Content-Type: application/json; charset=utf-8
host: localhost:58482
accept: */*

Response DefaultHttpResponse(decodeResult: success, version: HTTP/1.1)
HTTP/1.1 200 OK
Content-Type: application/json; charset=utf-8
cache-control: no-cache
content-length: 796

12:31:01.373 [AsyncHttpClient-1-8] DEBUG org.asynchttpclient.netty.channel.ChannelManager - Adding key: http://localhost:58482 for channel [id: 0xb090aa2a, L:/127.0.0.1:60000 - R:localhost/127.0.0.1:58482]
12:31:01.377 [AsyncHttpClient-1-9] DEBUG org.asynchttpclient.netty.channel.NettyConnectListener - Using new Channel '[id: 0xe7f882d9, L:/127.0.0.1:60007 - R:localhost/127.0.0.1:60001]' for 'GET' to '/json/version'
12:31:01.379 [AsyncHttpClient-1-9] DEBUG org.asynchttpclient.netty.handler.HttpHandler - 

Request DefaultFullHttpRequest(decodeResult: success, version: HTTP/1.1, content: EmptyByteBufBE)
GET /json/version HTTP/1.1
User-Agent: selenium/4.4.0 (java windows)
host: localhost:60001
accept: */*

Response DefaultHttpResponse(decodeResult: success, version: HTTP/1.1)
HTTP/1.1 200 OK
Content-Type: application/json; charset=UTF-8
content-length: 423

12:31:01.379 [AsyncHttpClient-1-9] DEBUG org.asynchttpclient.netty.channel.ChannelManager - Adding key: http://localhost:60001 for channel [id: 0xe7f882d9, L:/127.0.0.1:60007 - R:localhost/127.0.0.1:60001]
12:31:01.380 [AsyncHttpClient-1-10] DEBUG org.asynchttpclient.netty.channel.NettyConnectListener - Using new Channel '[id: 0xe0f743a1, L:/127.0.0.1:60008 - R:localhost/127.0.0.1:60001]' for 'GET' to '/devtools/browser/8440893f-19d3-4246-b5c5-870558434de0'
12:31:01.382 [AsyncHttpClient-1-10] DEBUG org.asynchttpclient.netty.handler.WebSocketHandler - 

Request DefaultFullHttpRequest(decodeResult: success, version: HTTP/1.1, content: EmptyByteBufBE)
GET /devtools/browser/8440893f-19d3-4246-b5c5-870558434de0 HTTP/1.1
upgrade: websocket
connection: upgrade
sec-websocket-key: qwFVvR0b/YG4VJwQfyS7yg==
sec-websocket-version: 13
origin: http://localhost:60001
host: localhost:60001
accept: */*
user-agent: AHC/2.1

Response DefaultHttpResponse(decodeResult: success, version: HTTP/1.1)
HTTP/1.1 101 WebSocket Protocol Handshake
Upgrade: WebSocket
Connection: Upgrade
Sec-WebSocket-Accept: QEydTHwlBmksPySFnSyGOhw6QqY=

12:31:01.386 [Forwarding get on session d5a255ca4fef6220476478ee1e3e7d99 to remote] DEBUG org.asynchttpclient.netty.request.NettyRequestSender - Using pooled Channel '[id: 0xb090aa2a, L:/127.0.0.1:60000 - R:localhost/127.0.0.1:58482]' for 'POST' to 'http://localhost:58482/session/d5a255ca4fef6220476478ee1e3e7d99/url'
12:31:01.386 [Forwarding get on session d5a255ca4fef6220476478ee1e3e7d99 to remote] DEBUG org.asynchttpclient.netty.request.NettyRequestSender - Using open Channel [id: 0xb090aa2a, L:/127.0.0.1:60000 - R:localhost/127.0.0.1:58482] for POST '/session/d5a255ca4fef6220476478ee1e3e7d99/url'
12:31:01.780 [AsyncHttpClient-1-8] DEBUG org.asynchttpclient.netty.handler.HttpHandler - 

Request DefaultHttpRequest(decodeResult: success, version: HTTP/1.1)
POST /session/d5a255ca4fef6220476478ee1e3e7d99/url HTTP/1.1
User-Agent: selenium/4.4.0 (java windows)
Content-Length: 40
Content-Type: application/json; charset=utf-8
host: localhost:58482
accept: */*

Response DefaultHttpResponse(decodeResult: success, version: HTTP/1.1)
HTTP/1.1 200 OK
Content-Type: application/json; charset=utf-8
cache-control: no-cache
content-length: 14

12:31:01.781 [AsyncHttpClient-1-8] DEBUG org.asynchttpclient.netty.channel.ChannelManager - Adding key: http://localhost:58482 for channel [id: 0xb090aa2a, L:/127.0.0.1:60000 - R:localhost/127.0.0.1:58482]
12:31:01.783 [Forwarding setTimeout on session d5a255ca4fef6220476478ee1e3e7d99 to remote] DEBUG org.asynchttpclient.netty.request.NettyRequestSender - Using pooled Channel '[id: 0xb090aa2a, L:/127.0.0.1:60000 - R:localhost/127.0.0.1:58482]' for 'POST' to 'http://localhost:58482/session/d5a255ca4fef6220476478ee1e3e7d99/timeouts'
12:31:01.783 [Forwarding setTimeout on session d5a255ca4fef6220476478ee1e3e7d99 to remote] DEBUG org.asynchttpclient.netty.request.NettyRequestSender - Using open Channel [id: 0xb090aa2a, L:/127.0.0.1:60000 - R:localhost/127.0.0.1:58482] for POST '/session/d5a255ca4fef6220476478ee1e3e7d99/timeouts'
12:31:01.787 [AsyncHttpClient-1-8] DEBUG org.asynchttpclient.netty.handler.HttpHandler - 

Request DefaultHttpRequest(decodeResult: success, version: HTTP/1.1)
POST /session/d5a255ca4fef6220476478ee1e3e7d99/timeouts HTTP/1.1
User-Agent: selenium/4.4.0 (java windows)
Content-Length: 22
Content-Type: application/json; charset=utf-8
host: localhost:58482
accept: */*

Response DefaultHttpResponse(decodeResult: success, version: HTTP/1.1)
HTTP/1.1 200 OK
Content-Type: application/json; charset=utf-8
cache-control: no-cache
content-length: 14

12:31:01.788 [AsyncHttpClient-1-8] DEBUG org.asynchttpclient.netty.channel.ChannelManager - Adding key: http://localhost:58482 for channel [id: 0xb090aa2a, L:/127.0.0.1:60000 - R:localhost/127.0.0.1:58482]
12:31:01.796 [Forwarding getCurrentUrl on session d5a255ca4fef6220476478ee1e3e7d99 to remote] DEBUG org.asynchttpclient.netty.request.NettyRequestSender - Using pooled Channel '[id: 0xb090aa2a, L:/127.0.0.1:60000 - R:localhost/127.0.0.1:58482]' for 'GET' to 'http://localhost:58482/session/d5a255ca4fef6220476478ee1e3e7d99/url'
12:31:01.796 [Forwarding getCurrentUrl on session d5a255ca4fef6220476478ee1e3e7d99 to remote] DEBUG org.asynchttpclient.netty.request.NettyRequestSender - Using open Channel [id: 0xb090aa2a, L:/127.0.0.1:60000 - R:localhost/127.0.0.1:58482] for GET '/session/d5a255ca4fef6220476478ee1e3e7d99/url'
12:31:01.801 [AsyncHttpClient-1-8] DEBUG org.asynchttpclient.netty.handler.HttpHandler - 

Request DefaultFullHttpRequest(decodeResult: success, version: HTTP/1.1, content: EmptyByteBufBE)
GET /session/d5a255ca4fef6220476478ee1e3e7d99/url HTTP/1.1
User-Agent: selenium/4.4.0 (java windows)
Cache-Control: no-cache
Content-Type: application/json; charset=utf-8
host: localhost:58482
accept: */*

Response DefaultHttpResponse(decodeResult: success, version: HTTP/1.1)
HTTP/1.1 200 OK
Content-Type: application/json; charset=utf-8
cache-control: no-cache
content-length: 38

12:31:01.801 [AsyncHttpClient-1-8] DEBUG org.asynchttpclient.netty.channel.ChannelManager - Adding key: http://localhost:58482 for channel [id: 0xb090aa2a, L:/127.0.0.1:60000 - R:localhost/127.0.0.1:58482]
12:31:01.807 [Forwarding getCurrentUrl on session d5a255ca4fef6220476478ee1e3e7d99 to remote] DEBUG org.asynchttpclient.netty.request.NettyRequestSender - Using pooled Channel '[id: 0xb090aa2a, L:/127.0.0.1:60000 - R:localhost/127.0.0.1:58482]' for 'GET' to 'http://localhost:58482/session/d5a255ca4fef6220476478ee1e3e7d99/url'
12:31:01.807 [Forwarding getCurrentUrl on session d5a255ca4fef6220476478ee1e3e7d99 to remote] DEBUG org.asynchttpclient.netty.request.NettyRequestSender - Using open Channel [id: 0xb090aa2a, L:/127.0.0.1:60000 - R:localhost/127.0.0.1:58482] for GET '/session/d5a255ca4fef6220476478ee1e3e7d99/url'
12:31:01.811 [AsyncHttpClient-1-8] DEBUG org.asynchttpclient.netty.handler.HttpHandler - 

Request DefaultFullHttpRequest(decodeResult: success, version: HTTP/1.1, content: EmptyByteBufBE)
GET /session/d5a255ca4fef6220476478ee1e3e7d99/url HTTP/1.1
User-Agent: selenium/4.4.0 (java windows)
Cache-Control: no-cache
Content-Type: application/json; charset=utf-8
host: localhost:58482
accept: */*

Response DefaultHttpResponse(decodeResult: success, version: HTTP/1.1)
HTTP/1.1 200 OK
Content-Type: application/json; charset=utf-8
cache-control: no-cache
content-length: 38

12:31:01.811 [AsyncHttpClient-1-8] DEBUG org.asynchttpclient.netty.channel.ChannelManager - Adding key: http://localhost:58482 for channel [id: 0xb090aa2a, L:/127.0.0.1:60000 - R:localhost/127.0.0.1:58482]
12:31:01.827 [Forwarding getCurrentWindowHandle on session d5a255ca4fef6220476478ee1e3e7d99 to remote] DEBUG org.asynchttpclient.netty.request.NettyRequestSender - Using pooled Channel '[id: 0xb090aa2a, L:/127.0.0.1:60000 - R:localhost/127.0.0.1:58482]' for 'GET' to 'http://localhost:58482/session/d5a255ca4fef6220476478ee1e3e7d99/window'
12:31:01.827 [Forwarding getCurrentWindowHandle on session d5a255ca4fef6220476478ee1e3e7d99 to remote] DEBUG org.asynchttpclient.netty.request.NettyRequestSender - Using open Channel [id: 0xb090aa2a, L:/127.0.0.1:60000 - R:localhost/127.0.0.1:58482] for GET '/session/d5a255ca4fef6220476478ee1e3e7d99/window'
12:31:01.827 [AsyncHttpClient-1-8] DEBUG org.asynchttpclient.netty.handler.HttpHandler - 

Request DefaultFullHttpRequest(decodeResult: success, version: HTTP/1.1, content: EmptyByteBufBE)
GET /session/d5a255ca4fef6220476478ee1e3e7d99/window HTTP/1.1
User-Agent: selenium/4.4.0 (java windows)
Cache-Control: no-cache
Content-Type: application/json; charset=utf-8
host: localhost:58482
accept: */*

Response DefaultHttpResponse(decodeResult: success, version: HTTP/1.1)
HTTP/1.1 200 OK
Content-Type: application/json; charset=utf-8
cache-control: no-cache
content-length: 53

12:31:01.827 [AsyncHttpClient-1-8] DEBUG org.asynchttpclient.netty.channel.ChannelManager - Adding key: http://localhost:58482 for channel [id: 0xb090aa2a, L:/127.0.0.1:60000 - R:localhost/127.0.0.1:58482]
12:31:01.831 [Forwarding getAlertText on session d5a255ca4fef6220476478ee1e3e7d99 to remote] DEBUG org.asynchttpclient.netty.request.NettyRequestSender - Using pooled Channel '[id: 0xb090aa2a, L:/127.0.0.1:60000 - R:localhost/127.0.0.1:58482]' for 'GET' to 'http://localhost:58482/session/d5a255ca4fef6220476478ee1e3e7d99/alert/text'
12:31:01.831 [Forwarding getAlertText on session d5a255ca4fef6220476478ee1e3e7d99 to remote] DEBUG org.asynchttpclient.netty.request.NettyRequestSender - Using open Channel [id: 0xb090aa2a, L:/127.0.0.1:60000 - R:localhost/127.0.0.1:58482] for GET '/session/d5a255ca4fef6220476478ee1e3e7d99/alert/text'
12:31:01.833 [AsyncHttpClient-1-8] DEBUG org.asynchttpclient.netty.handler.HttpHandler - 

Request DefaultFullHttpRequest(decodeResult: success, version: HTTP/1.1, content: EmptyByteBufBE)
GET /session/d5a255ca4fef6220476478ee1e3e7d99/alert/text HTTP/1.1
User-Agent: selenium/4.4.0 (java windows)
Cache-Control: no-cache
Content-Type: application/json; charset=utf-8
host: localhost:58482
accept: */*

Response DefaultHttpResponse(decodeResult: success, version: HTTP/1.1)
HTTP/1.1 404 Not Found
Content-Type: application/json; charset=utf-8
cache-control: no-cache
content-length: 879

12:31:01.834 [AsyncHttpClient-1-8] DEBUG org.asynchttpclient.netty.channel.ChannelManager - Adding key: http://localhost:58482 for channel [id: 0xb090aa2a, L:/127.0.0.1:60000 - R:localhost/127.0.0.1:58482]
12:31:01.842 [Forwarding switchToWindow on session d5a255ca4fef6220476478ee1e3e7d99 to remote] DEBUG org.asynchttpclient.netty.request.NettyRequestSender - Using pooled Channel '[id: 0xb090aa2a, L:/127.0.0.1:60000 - R:localhost/127.0.0.1:58482]' for 'POST' to 'http://localhost:58482/session/d5a255ca4fef6220476478ee1e3e7d99/window'
12:31:01.842 [Forwarding switchToWindow on session d5a255ca4fef6220476478ee1e3e7d99 to remote] DEBUG org.asynchttpclient.netty.request.NettyRequestSender - Using open Channel [id: 0xb090aa2a, L:/127.0.0.1:60000 - R:localhost/127.0.0.1:58482] for POST '/session/d5a255ca4fef6220476478ee1e3e7d99/window'
12:31:01.847 [AsyncHttpClient-1-8] DEBUG org.asynchttpclient.netty.handler.HttpHandler - 

Request DefaultHttpRequest(decodeResult: success, version: HTTP/1.1)
POST /session/d5a255ca4fef6220476478ee1e3e7d99/window HTTP/1.1
User-Agent: selenium/4.4.0 (java windows)
Content-Length: 59
Content-Type: application/json; charset=utf-8
host: localhost:58482
accept: */*

Response DefaultHttpResponse(decodeResult: success, version: HTTP/1.1)
HTTP/1.1 200 OK
Content-Type: application/json; charset=utf-8
cache-control: no-cache
content-length: 14

12:31:01.848 [AsyncHttpClient-1-8] DEBUG org.asynchttpclient.netty.channel.ChannelManager - Adding key: http://localhost:58482 for channel [id: 0xb090aa2a, L:/127.0.0.1:60000 - R:localhost/127.0.0.1:58482]
12:31:01.849 [Forwarding getCurrentUrl on session d5a255ca4fef6220476478ee1e3e7d99 to remote] DEBUG org.asynchttpclient.netty.request.NettyRequestSender - Using pooled Channel '[id: 0xb090aa2a, L:/127.0.0.1:60000 - R:localhost/127.0.0.1:58482]' for 'GET' to 'http://localhost:58482/session/d5a255ca4fef6220476478ee1e3e7d99/url'
12:31:01.849 [Forwarding getCurrentUrl on session d5a255ca4fef6220476478ee1e3e7d99 to remote] DEBUG org.asynchttpclient.netty.request.NettyRequestSender - Using open Channel [id: 0xb090aa2a, L:/127.0.0.1:60000 - R:localhost/127.0.0.1:58482] for GET '/session/d5a255ca4fef6220476478ee1e3e7d99/url'
12:31:01.853 [AsyncHttpClient-1-8] DEBUG org.asynchttpclient.netty.handler.HttpHandler - 

Request DefaultFullHttpRequest(decodeResult: success, version: HTTP/1.1, content: EmptyByteBufBE)
GET /session/d5a255ca4fef6220476478ee1e3e7d99/url HTTP/1.1
User-Agent: selenium/4.4.0 (java windows)
Cache-Control: no-cache
Content-Type: application/json; charset=utf-8
host: localhost:58482
accept: */*

Response DefaultHttpResponse(decodeResult: success, version: HTTP/1.1)
HTTP/1.1 200 OK
Content-Type: application/json; charset=utf-8
cache-control: no-cache
content-length: 38

12:31:01.853 [AsyncHttpClient-1-8] DEBUG org.asynchttpclient.netty.channel.ChannelManager - Adding key: http://localhost:58482 for channel [id: 0xb090aa2a, L:/127.0.0.1:60000 - R:localhost/127.0.0.1:58482]
12:31:01.854 [Forwarding screenshot on session d5a255ca4fef6220476478ee1e3e7d99 to remote] DEBUG org.asynchttpclient.netty.request.NettyRequestSender - Using pooled Channel '[id: 0xb090aa2a, L:/127.0.0.1:60000 - R:localhost/127.0.0.1:58482]' for 'GET' to 'http://localhost:58482/session/d5a255ca4fef6220476478ee1e3e7d99/screenshot'
12:31:01.854 [Forwarding screenshot on session d5a255ca4fef6220476478ee1e3e7d99 to remote] DEBUG org.asynchttpclient.netty.request.NettyRequestSender - Using open Channel [id: 0xb090aa2a, L:/127.0.0.1:60000 - R:localhost/127.0.0.1:58482] for GET '/session/d5a255ca4fef6220476478ee1e3e7d99/screenshot'
12:31:01.944 [AsyncHttpClient-1-1] DEBUG org.asynchttpclient.netty.channel.DefaultChannelPool - Entry count for : http://localhost:60001 : 1
12:31:01.949 [AsyncHttpClient-1-8] DEBUG org.asynchttpclient.netty.handler.HttpHandler - 

Request DefaultFullHttpRequest(decodeResult: success, version: HTTP/1.1, content: EmptyByteBufBE)
GET /session/d5a255ca4fef6220476478ee1e3e7d99/screenshot HTTP/1.1
User-Agent: selenium/4.4.0 (java windows)
Cache-Control: no-cache
Content-Type: application/json; charset=utf-8
host: localhost:58482
accept: */*

Response DefaultHttpResponse(decodeResult: success, version: HTTP/1.1)
HTTP/1.1 200 OK
Content-Type: application/json; charset=utf-8
cache-control: no-cache
content-length: 59108

12:31:01.950 [AsyncHttpClient-1-8] DEBUG org.asynchttpclient.netty.channel.ChannelManager - Adding key: http://localhost:58482 for channel [id: 0xb090aa2a, L:/127.0.0.1:60000 - R:localhost/127.0.0.1:58482]
12:31:01.953 [Test worker] DEBUG net.serenitybdd.core.photography.Darkroom - Send negative for processing for C:\Users\juan.gomezv\IdeaProjects\sura\target\site\serenity\60e3c498caf7a8fcf635471a5092c247627e1395d91e12246eaf1a3e7a34e095.png
12:31:01.953 [Test worker] DEBUG net.thucydides.core.steps.StepInterceptor - STEP DONE: {0} opens the #targetPageName
12:31:01.961 [Test worker] DEBUG net.thucydides.core.steps.StepInterceptor - STEP DONE: {0} abre la aplicación
  ?[32mDado ?[0m?[32m?[0m?[32m?[1mAna?[0m?[32m quiere consultar articulos deportivos en la web de la marca Swag?[0m ?[90m# sura.stepDefinitions.LoginSteps.quiereConsultarArticulosDeportivosEnLaWebDeLaMarcaSwag(net.serenitybdd.screenplay.Actor)?[0m
12:31:01.977 [Forwarding getPageSource on session d5a255ca4fef6220476478ee1e3e7d99 to remote] DEBUG org.asynchttpclient.netty.request.NettyRequestSender - Using pooled Channel '[id: 0xb090aa2a, L:/127.0.0.1:60000 - R:localhost/127.0.0.1:58482]' for 'POST' to 'http://localhost:58482/session/d5a255ca4fef6220476478ee1e3e7d99/execute/sync'
12:31:01.977 [Forwarding getPageSource on session d5a255ca4fef6220476478ee1e3e7d99 to remote] DEBUG org.asynchttpclient.netty.request.NettyRequestSender - Using open Channel [id: 0xb090aa2a, L:/127.0.0.1:60000 - R:localhost/127.0.0.1:58482] for POST '/session/d5a255ca4fef6220476478ee1e3e7d99/execute/sync'
12:31:01.980 [AsyncHttpClient-1-8] DEBUG org.asynchttpclient.netty.handler.HttpHandler - 

Request DefaultHttpRequest(decodeResult: success, version: HTTP/1.1)
POST /session/d5a255ca4fef6220476478ee1e3e7d99/execute/sync HTTP/1.1
User-Agent: selenium/4.4.0 (java windows)
Content-Length: 176
Content-Type: application/json; charset=utf-8
host: localhost:58482
accept: */*

Response DefaultHttpResponse(decodeResult: success, version: HTTP/1.1)
HTTP/1.1 200 OK
Content-Type: application/json; charset=utf-8
cache-control: no-cache
content-length: 4160

12:31:01.981 [AsyncHttpClient-1-8] DEBUG org.asynchttpclient.netty.channel.ChannelManager - Adding key: http://localhost:58482 for channel [id: 0xb090aa2a, L:/127.0.0.1:60000 - R:localhost/127.0.0.1:58482]
12:31:01.982 [Forwarding getCurrentUrl on session d5a255ca4fef6220476478ee1e3e7d99 to remote] DEBUG org.asynchttpclient.netty.request.NettyRequestSender - Using pooled Channel '[id: 0xb090aa2a, L:/127.0.0.1:60000 - R:localhost/127.0.0.1:58482]' for 'GET' to 'http://localhost:58482/session/d5a255ca4fef6220476478ee1e3e7d99/url'
12:31:01.982 [Forwarding getCurrentUrl on session d5a255ca4fef6220476478ee1e3e7d99 to remote] DEBUG org.asynchttpclient.netty.request.NettyRequestSender - Using open Channel [id: 0xb090aa2a, L:/127.0.0.1:60000 - R:localhost/127.0.0.1:58482] for GET '/session/d5a255ca4fef6220476478ee1e3e7d99/url'
12:31:01.986 [AsyncHttpClient-1-8] DEBUG org.asynchttpclient.netty.handler.HttpHandler - 

Request DefaultFullHttpRequest(decodeResult: success, version: HTTP/1.1, content: EmptyByteBufBE)
GET /session/d5a255ca4fef6220476478ee1e3e7d99/url HTTP/1.1
User-Agent: selenium/4.4.0 (java windows)
Cache-Control: no-cache
Content-Type: application/json; charset=utf-8
host: localhost:58482
accept: */*

Response DefaultHttpResponse(decodeResult: success, version: HTTP/1.1)
HTTP/1.1 200 OK
Content-Type: application/json; charset=utf-8
cache-control: no-cache
content-length: 38

12:31:01.987 [AsyncHttpClient-1-8] DEBUG org.asynchttpclient.netty.channel.ChannelManager - Adding key: http://localhost:58482 for channel [id: 0xb090aa2a, L:/127.0.0.1:60000 - R:localhost/127.0.0.1:58482]
12:31:01.999 [Forwarding getPageSource on session d5a255ca4fef6220476478ee1e3e7d99 to remote] DEBUG org.asynchttpclient.netty.request.NettyRequestSender - Using pooled Channel '[id: 0xb090aa2a, L:/127.0.0.1:60000 - R:localhost/127.0.0.1:58482]' for 'POST' to 'http://localhost:58482/session/d5a255ca4fef6220476478ee1e3e7d99/execute/sync'
12:31:01.999 [Forwarding getPageSource on session d5a255ca4fef6220476478ee1e3e7d99 to remote] DEBUG org.asynchttpclient.netty.request.NettyRequestSender - Using open Channel [id: 0xb090aa2a, L:/127.0.0.1:60000 - R:localhost/127.0.0.1:58482] for POST '/session/d5a255ca4fef6220476478ee1e3e7d99/execute/sync'
12:31:02.003 [AsyncHttpClient-1-8] DEBUG org.asynchttpclient.netty.handler.HttpHandler - 

Request DefaultHttpRequest(decodeResult: success, version: HTTP/1.1)
POST /session/d5a255ca4fef6220476478ee1e3e7d99/execute/sync HTTP/1.1
User-Agent: selenium/4.4.0 (java windows)
Content-Length: 176
Content-Type: application/json; charset=utf-8
host: localhost:58482
accept: */*

Response DefaultHttpResponse(decodeResult: success, version: HTTP/1.1)
HTTP/1.1 200 OK
Content-Type: application/json; charset=utf-8
cache-control: no-cache
content-length: 4160

12:31:02.003 [AsyncHttpClient-1-8] DEBUG org.asynchttpclient.netty.channel.ChannelManager - Adding key: http://localhost:58482 for channel [id: 0xb090aa2a, L:/127.0.0.1:60000 - R:localhost/127.0.0.1:58482]
12:31:02.005 [Forwarding getCurrentUrl on session d5a255ca4fef6220476478ee1e3e7d99 to remote] DEBUG org.asynchttpclient.netty.request.NettyRequestSender - Using pooled Channel '[id: 0xb090aa2a, L:/127.0.0.1:60000 - R:localhost/127.0.0.1:58482]' for 'GET' to 'http://localhost:58482/session/d5a255ca4fef6220476478ee1e3e7d99/url'
12:31:02.005 [Forwarding getCurrentUrl on session d5a255ca4fef6220476478ee1e3e7d99 to remote] DEBUG org.asynchttpclient.netty.request.NettyRequestSender - Using open Channel [id: 0xb090aa2a, L:/127.0.0.1:60000 - R:localhost/127.0.0.1:58482] for GET '/session/d5a255ca4fef6220476478ee1e3e7d99/url'
12:31:02.008 [AsyncHttpClient-1-8] DEBUG org.asynchttpclient.netty.handler.HttpHandler - 

Request DefaultFullHttpRequest(decodeResult: success, version: HTTP/1.1, content: EmptyByteBufBE)
GET /session/d5a255ca4fef6220476478ee1e3e7d99/url HTTP/1.1
User-Agent: selenium/4.4.0 (java windows)
Cache-Control: no-cache
Content-Type: application/json; charset=utf-8
host: localhost:58482
accept: */*

Response DefaultHttpResponse(decodeResult: success, version: HTTP/1.1)
HTTP/1.1 200 OK
Content-Type: application/json; charset=utf-8
cache-control: no-cache
content-length: 38

12:31:02.009 [AsyncHttpClient-1-8] DEBUG org.asynchttpclient.netty.channel.ChannelManager - Adding key: http://localhost:58482 for channel [id: 0xb090aa2a, L:/127.0.0.1:60000 - R:localhost/127.0.0.1:58482]
12:31:02.010 [Test worker] DEBUG net.thucydides.core.steps.StepInterceptor - STARTING STEP: LoginSteps.elSeAutenticaComoUnUsuario - performAs
12:31:02.025 [Forwarding getCurrentWindowHandle on session d5a255ca4fef6220476478ee1e3e7d99 to remote] DEBUG org.asynchttpclient.netty.request.NettyRequestSender - Using pooled Channel '[id: 0xb090aa2a, L:/127.0.0.1:60000 - R:localhost/127.0.0.1:58482]' for 'GET' to 'http://localhost:58482/session/d5a255ca4fef6220476478ee1e3e7d99/window'
12:31:02.025 [Forwarding getCurrentWindowHandle on session d5a255ca4fef6220476478ee1e3e7d99 to remote] DEBUG org.asynchttpclient.netty.request.NettyRequestSender - Using open Channel [id: 0xb090aa2a, L:/127.0.0.1:60000 - R:localhost/127.0.0.1:58482] for GET '/session/d5a255ca4fef6220476478ee1e3e7d99/window'
12:31:02.025 [AsyncHttpClient-1-8] DEBUG org.asynchttpclient.netty.handler.HttpHandler - 

Request DefaultFullHttpRequest(decodeResult: success, version: HTTP/1.1, content: EmptyByteBufBE)
GET /session/d5a255ca4fef6220476478ee1e3e7d99/window HTTP/1.1
User-Agent: selenium/4.4.0 (java windows)
Cache-Control: no-cache
Content-Type: application/json; charset=utf-8
host: localhost:58482
accept: */*

Response DefaultHttpResponse(decodeResult: success, version: HTTP/1.1)
HTTP/1.1 200 OK
Content-Type: application/json; charset=utf-8
cache-control: no-cache
content-length: 53

12:31:02.025 [AsyncHttpClient-1-8] DEBUG org.asynchttpclient.netty.channel.ChannelManager - Adding key: http://localhost:58482 for channel [id: 0xb090aa2a, L:/127.0.0.1:60000 - R:localhost/127.0.0.1:58482]
12:31:02.028 [Forwarding getAlertText on session d5a255ca4fef6220476478ee1e3e7d99 to remote] DEBUG org.asynchttpclient.netty.request.NettyRequestSender - Using pooled Channel '[id: 0xb090aa2a, L:/127.0.0.1:60000 - R:localhost/127.0.0.1:58482]' for 'GET' to 'http://localhost:58482/session/d5a255ca4fef6220476478ee1e3e7d99/alert/text'
12:31:02.028 [Forwarding getAlertText on session d5a255ca4fef6220476478ee1e3e7d99 to remote] DEBUG org.asynchttpclient.netty.request.NettyRequestSender - Using open Channel [id: 0xb090aa2a, L:/127.0.0.1:60000 - R:localhost/127.0.0.1:58482] for GET '/session/d5a255ca4fef6220476478ee1e3e7d99/alert/text'
12:31:02.030 [AsyncHttpClient-1-8] DEBUG org.asynchttpclient.netty.handler.HttpHandler - 

Request DefaultFullHttpRequest(decodeResult: success, version: HTTP/1.1, content: EmptyByteBufBE)
GET /session/d5a255ca4fef6220476478ee1e3e7d99/alert/text HTTP/1.1
User-Agent: selenium/4.4.0 (java windows)
Cache-Control: no-cache
Content-Type: application/json; charset=utf-8
host: localhost:58482
accept: */*

Response DefaultHttpResponse(decodeResult: success, version: HTTP/1.1)
HTTP/1.1 404 Not Found
Content-Type: application/json; charset=utf-8
cache-control: no-cache
content-length: 879

12:31:02.030 [AsyncHttpClient-1-8] DEBUG org.asynchttpclient.netty.channel.ChannelManager - Adding key: http://localhost:58482 for channel [id: 0xb090aa2a, L:/127.0.0.1:60000 - R:localhost/127.0.0.1:58482]
12:31:02.037 [Forwarding switchToWindow on session d5a255ca4fef6220476478ee1e3e7d99 to remote] DEBUG org.asynchttpclient.netty.request.NettyRequestSender - Using pooled Channel '[id: 0xb090aa2a, L:/127.0.0.1:60000 - R:localhost/127.0.0.1:58482]' for 'POST' to 'http://localhost:58482/session/d5a255ca4fef6220476478ee1e3e7d99/window'
12:31:02.037 [Forwarding switchToWindow on session d5a255ca4fef6220476478ee1e3e7d99 to remote] DEBUG org.asynchttpclient.netty.request.NettyRequestSender - Using open Channel [id: 0xb090aa2a, L:/127.0.0.1:60000 - R:localhost/127.0.0.1:58482] for POST '/session/d5a255ca4fef6220476478ee1e3e7d99/window'
12:31:02.041 [AsyncHttpClient-1-8] DEBUG org.asynchttpclient.netty.handler.HttpHandler - 

Request DefaultHttpRequest(decodeResult: success, version: HTTP/1.1)
POST /session/d5a255ca4fef6220476478ee1e3e7d99/window HTTP/1.1
User-Agent: selenium/4.4.0 (java windows)
Content-Length: 59
Content-Type: application/json; charset=utf-8
host: localhost:58482
accept: */*

Response DefaultHttpResponse(decodeResult: success, version: HTTP/1.1)
HTTP/1.1 200 OK
Content-Type: application/json; charset=utf-8
cache-control: no-cache
content-length: 14

12:31:02.042 [AsyncHttpClient-1-8] DEBUG org.asynchttpclient.netty.channel.ChannelManager - Adding key: http://localhost:58482 for channel [id: 0xb090aa2a, L:/127.0.0.1:60000 - R:localhost/127.0.0.1:58482]
12:31:02.043 [Forwarding getCurrentUrl on session d5a255ca4fef6220476478ee1e3e7d99 to remote] DEBUG org.asynchttpclient.netty.request.NettyRequestSender - Using pooled Channel '[id: 0xb090aa2a, L:/127.0.0.1:60000 - R:localhost/127.0.0.1:58482]' for 'GET' to 'http://localhost:58482/session/d5a255ca4fef6220476478ee1e3e7d99/url'
12:31:02.043 [Forwarding getCurrentUrl on session d5a255ca4fef6220476478ee1e3e7d99 to remote] DEBUG org.asynchttpclient.netty.request.NettyRequestSender - Using open Channel [id: 0xb090aa2a, L:/127.0.0.1:60000 - R:localhost/127.0.0.1:58482] for GET '/session/d5a255ca4fef6220476478ee1e3e7d99/url'
12:31:02.048 [AsyncHttpClient-1-8] DEBUG org.asynchttpclient.netty.handler.HttpHandler - 

Request DefaultFullHttpRequest(decodeResult: success, version: HTTP/1.1, content: EmptyByteBufBE)
GET /session/d5a255ca4fef6220476478ee1e3e7d99/url HTTP/1.1
User-Agent: selenium/4.4.0 (java windows)
Cache-Control: no-cache
Content-Type: application/json; charset=utf-8
host: localhost:58482
accept: */*

Response DefaultHttpResponse(decodeResult: success, version: HTTP/1.1)
HTTP/1.1 200 OK
Content-Type: application/json; charset=utf-8
cache-control: no-cache
content-length: 38

12:31:02.048 [AsyncHttpClient-1-8] DEBUG org.asynchttpclient.netty.channel.ChannelManager - Adding key: http://localhost:58482 for channel [id: 0xb090aa2a, L:/127.0.0.1:60000 - R:localhost/127.0.0.1:58482]
12:31:02.049 [Forwarding screenshot on session d5a255ca4fef6220476478ee1e3e7d99 to remote] DEBUG org.asynchttpclient.netty.request.NettyRequestSender - Using pooled Channel '[id: 0xb090aa2a, L:/127.0.0.1:60000 - R:localhost/127.0.0.1:58482]' for 'GET' to 'http://localhost:58482/session/d5a255ca4fef6220476478ee1e3e7d99/screenshot'
12:31:02.049 [Forwarding screenshot on session d5a255ca4fef6220476478ee1e3e7d99 to remote] DEBUG org.asynchttpclient.netty.request.NettyRequestSender - Using open Channel [id: 0xb090aa2a, L:/127.0.0.1:60000 - R:localhost/127.0.0.1:58482] for GET '/session/d5a255ca4fef6220476478ee1e3e7d99/screenshot'
12:31:02.118 [AsyncHttpClient-1-8] DEBUG org.asynchttpclient.netty.handler.HttpHandler - 

Request DefaultFullHttpRequest(decodeResult: success, version: HTTP/1.1, content: EmptyByteBufBE)
GET /session/d5a255ca4fef6220476478ee1e3e7d99/screenshot HTTP/1.1
User-Agent: selenium/4.4.0 (java windows)
Cache-Control: no-cache
Content-Type: application/json; charset=utf-8
host: localhost:58482
accept: */*

Response DefaultHttpResponse(decodeResult: success, version: HTTP/1.1)
HTTP/1.1 200 OK
Content-Type: application/json; charset=utf-8
cache-control: no-cache
content-length: 59108

12:31:02.118 [AsyncHttpClient-1-8] DEBUG org.asynchttpclient.netty.channel.ChannelManager - Adding key: http://localhost:58482 for channel [id: 0xb090aa2a, L:/127.0.0.1:60000 - R:localhost/127.0.0.1:58482]
12:31:02.120 [Test worker] DEBUG net.serenitybdd.core.photography.Darkroom - Send negative for processing for C:\Users\juan.gomezv\IdeaProjects\sura\target\site\serenity\60e3c498caf7a8fcf635471a5092c247627e1395d91e12246eaf1a3e7a34e095.png
12:31:02.126 [Forwarding getPageSource on session d5a255ca4fef6220476478ee1e3e7d99 to remote] DEBUG org.asynchttpclient.netty.request.NettyRequestSender - Using pooled Channel '[id: 0xb090aa2a, L:/127.0.0.1:60000 - R:localhost/127.0.0.1:58482]' for 'POST' to 'http://localhost:58482/session/d5a255ca4fef6220476478ee1e3e7d99/execute/sync'
12:31:02.126 [Forwarding getPageSource on session d5a255ca4fef6220476478ee1e3e7d99 to remote] DEBUG org.asynchttpclient.netty.request.NettyRequestSender - Using open Channel [id: 0xb090aa2a, L:/127.0.0.1:60000 - R:localhost/127.0.0.1:58482] for POST '/session/d5a255ca4fef6220476478ee1e3e7d99/execute/sync'
12:31:02.129 [AsyncHttpClient-1-8] DEBUG org.asynchttpclient.netty.handler.HttpHandler - 

Request DefaultHttpRequest(decodeResult: success, version: HTTP/1.1)
POST /session/d5a255ca4fef6220476478ee1e3e7d99/execute/sync HTTP/1.1
User-Agent: selenium/4.4.0 (java windows)
Content-Length: 176
Content-Type: application/json; charset=utf-8
host: localhost:58482
accept: */*

Response DefaultHttpResponse(decodeResult: success, version: HTTP/1.1)
HTTP/1.1 200 OK
Content-Type: application/json; charset=utf-8
cache-control: no-cache
content-length: 4160

12:31:02.129 [AsyncHttpClient-1-8] DEBUG org.asynchttpclient.netty.channel.ChannelManager - Adding key: http://localhost:58482 for channel [id: 0xb090aa2a, L:/127.0.0.1:60000 - R:localhost/127.0.0.1:58482]
12:31:02.130 [Forwarding getCurrentUrl on session d5a255ca4fef6220476478ee1e3e7d99 to remote] DEBUG org.asynchttpclient.netty.request.NettyRequestSender - Using pooled Channel '[id: 0xb090aa2a, L:/127.0.0.1:60000 - R:localhost/127.0.0.1:58482]' for 'GET' to 'http://localhost:58482/session/d5a255ca4fef6220476478ee1e3e7d99/url'
12:31:02.131 [Forwarding getCurrentUrl on session d5a255ca4fef6220476478ee1e3e7d99 to remote] DEBUG org.asynchttpclient.netty.request.NettyRequestSender - Using open Channel [id: 0xb090aa2a, L:/127.0.0.1:60000 - R:localhost/127.0.0.1:58482] for GET '/session/d5a255ca4fef6220476478ee1e3e7d99/url'
12:31:02.133 [AsyncHttpClient-1-8] DEBUG org.asynchttpclient.netty.handler.HttpHandler - 

Request DefaultFullHttpRequest(decodeResult: success, version: HTTP/1.1, content: EmptyByteBufBE)
GET /session/d5a255ca4fef6220476478ee1e3e7d99/url HTTP/1.1
User-Agent: selenium/4.4.0 (java windows)
Cache-Control: no-cache
Content-Type: application/json; charset=utf-8
host: localhost:58482
accept: */*

Response DefaultHttpResponse(decodeResult: success, version: HTTP/1.1)
HTTP/1.1 200 OK
Content-Type: application/json; charset=utf-8
cache-control: no-cache
content-length: 38

12:31:02.134 [AsyncHttpClient-1-8] DEBUG org.asynchttpclient.netty.channel.ChannelManager - Adding key: http://localhost:58482 for channel [id: 0xb090aa2a, L:/127.0.0.1:60000 - R:localhost/127.0.0.1:58482]
12:31:02.137 [Test worker] DEBUG net.thucydides.core.steps.StepInterceptor - STARTING STEP: LogIn.performAs - {0} enters #theTextAsAString into #target
12:31:02.142 [Test worker] DEBUG net.serenitybdd.screenplay.targets.IFrameSwitcher - default content already selected for usernameTextBox
12:31:02.155 [Forwarding findElement on session d5a255ca4fef6220476478ee1e3e7d99 to remote] DEBUG org.asynchttpclient.netty.request.NettyRequestSender - Using pooled Channel '[id: 0xb090aa2a, L:/127.0.0.1:60000 - R:localhost/127.0.0.1:58482]' for 'POST' to 'http://localhost:58482/session/d5a255ca4fef6220476478ee1e3e7d99/element'
12:31:02.155 [Forwarding findElement on session d5a255ca4fef6220476478ee1e3e7d99 to remote] DEBUG org.asynchttpclient.netty.request.NettyRequestSender - Using open Channel [id: 0xb090aa2a, L:/127.0.0.1:60000 - R:localhost/127.0.0.1:58482] for POST '/session/d5a255ca4fef6220476478ee1e3e7d99/element'
12:31:02.164 [AsyncHttpClient-1-8] DEBUG org.asynchttpclient.netty.handler.HttpHandler - 

Request DefaultHttpRequest(decodeResult: success, version: HTTP/1.1)
POST /session/d5a255ca4fef6220476478ee1e3e7d99/element HTTP/1.1
User-Agent: selenium/4.4.0 (java windows)
Content-Length: 67
Content-Type: application/json; charset=utf-8
host: localhost:58482
accept: */*

Response DefaultHttpResponse(decodeResult: success, version: HTTP/1.1)
HTTP/1.1 200 OK
Content-Type: application/json; charset=utf-8
cache-control: no-cache
content-length: 88

12:31:02.164 [AsyncHttpClient-1-8] DEBUG org.asynchttpclient.netty.channel.ChannelManager - Adding key: http://localhost:58482 for channel [id: 0xb090aa2a, L:/127.0.0.1:60000 - R:localhost/127.0.0.1:58482]
12:31:02.165 [Forwarding clearElement on session d5a255ca4fef6220476478ee1e3e7d99 to remote] DEBUG org.asynchttpclient.netty.request.NettyRequestSender - Using pooled Channel '[id: 0xb090aa2a, L:/127.0.0.1:60000 - R:localhost/127.0.0.1:58482]' for 'POST' to 'http://localhost:58482/session/d5a255ca4fef6220476478ee1e3e7d99/element/c426f29b-5300-4bc2-8398-5baad7ed79eb/clear'
12:31:02.165 [Forwarding clearElement on session d5a255ca4fef6220476478ee1e3e7d99 to remote] DEBUG org.asynchttpclient.netty.request.NettyRequestSender - Using open Channel [id: 0xb090aa2a, L:/127.0.0.1:60000 - R:localhost/127.0.0.1:58482] for POST '/session/d5a255ca4fef6220476478ee1e3e7d99/element/c426f29b-5300-4bc2-8398-5baad7ed79eb/clear'
12:31:02.188 [AsyncHttpClient-1-8] DEBUG org.asynchttpclient.netty.handler.HttpHandler - 

Request DefaultHttpRequest(decodeResult: success, version: HTTP/1.1)
POST /session/d5a255ca4fef6220476478ee1e3e7d99/element/c426f29b-5300-4bc2-8398-5baad7ed79eb/clear HTTP/1.1
User-Agent: selenium/4.4.0 (java windows)
Content-Length: 50
Content-Type: application/json; charset=utf-8
host: localhost:58482
accept: */*

Response DefaultHttpResponse(decodeResult: success, version: HTTP/1.1)
HTTP/1.1 200 OK
Content-Type: application/json; charset=utf-8
cache-control: no-cache
content-length: 14

12:31:02.188 [AsyncHttpClient-1-8] DEBUG org.asynchttpclient.netty.channel.ChannelManager - Adding key: http://localhost:58482 for channel [id: 0xb090aa2a, L:/127.0.0.1:60000 - R:localhost/127.0.0.1:58482]
12:31:02.191 [Forwarding sendKeysToElement on session d5a255ca4fef6220476478ee1e3e7d99 to remote] DEBUG org.asynchttpclient.netty.request.NettyRequestSender - Using pooled Channel '[id: 0xb090aa2a, L:/127.0.0.1:60000 - R:localhost/127.0.0.1:58482]' for 'POST' to 'http://localhost:58482/session/d5a255ca4fef6220476478ee1e3e7d99/element/c426f29b-5300-4bc2-8398-5baad7ed79eb/value'
12:31:02.191 [Forwarding sendKeysToElement on session d5a255ca4fef6220476478ee1e3e7d99 to remote] DEBUG org.asynchttpclient.netty.request.NettyRequestSender - Using open Channel [id: 0xb090aa2a, L:/127.0.0.1:60000 - R:localhost/127.0.0.1:58482] for POST '/session/d5a255ca4fef6220476478ee1e3e7d99/element/c426f29b-5300-4bc2-8398-5baad7ed79eb/value'
12:31:02.232 [AsyncHttpClient-1-8] DEBUG org.asynchttpclient.netty.handler.HttpHandler - 

Request DefaultHttpRequest(decodeResult: success, version: HTTP/1.1)
POST /session/d5a255ca4fef6220476478ee1e3e7d99/element/c426f29b-5300-4bc2-8398-5baad7ed79eb/value HTTP/1.1
User-Agent: selenium/4.4.0 (java windows)
Content-Length: 211
Content-Type: application/json; charset=utf-8
host: localhost:58482
accept: */*

Response DefaultHttpResponse(decodeResult: success, version: HTTP/1.1)
HTTP/1.1 200 OK
Content-Type: application/json; charset=utf-8
cache-control: no-cache
content-length: 14

12:31:02.233 [AsyncHttpClient-1-8] DEBUG org.asynchttpclient.netty.channel.ChannelManager - Adding key: http://localhost:58482 for channel [id: 0xb090aa2a, L:/127.0.0.1:60000 - R:localhost/127.0.0.1:58482]
12:31:02.250 [Forwarding getCurrentWindowHandle on session d5a255ca4fef6220476478ee1e3e7d99 to remote] DEBUG org.asynchttpclient.netty.request.NettyRequestSender - Using pooled Channel '[id: 0xb090aa2a, L:/127.0.0.1:60000 - R:localhost/127.0.0.1:58482]' for 'GET' to 'http://localhost:58482/session/d5a255ca4fef6220476478ee1e3e7d99/window'
12:31:02.250 [Forwarding getCurrentWindowHandle on session d5a255ca4fef6220476478ee1e3e7d99 to remote] DEBUG org.asynchttpclient.netty.request.NettyRequestSender - Using open Channel [id: 0xb090aa2a, L:/127.0.0.1:60000 - R:localhost/127.0.0.1:58482] for GET '/session/d5a255ca4fef6220476478ee1e3e7d99/window'
12:31:02.251 [AsyncHttpClient-1-8] DEBUG org.asynchttpclient.netty.handler.HttpHandler - 

Request DefaultFullHttpRequest(decodeResult: success, version: HTTP/1.1, content: EmptyByteBufBE)
GET /session/d5a255ca4fef6220476478ee1e3e7d99/window HTTP/1.1
User-Agent: selenium/4.4.0 (java windows)
Cache-Control: no-cache
Content-Type: application/json; charset=utf-8
host: localhost:58482
accept: */*

Response DefaultHttpResponse(decodeResult: success, version: HTTP/1.1)
HTTP/1.1 200 OK
Content-Type: application/json; charset=utf-8
cache-control: no-cache
content-length: 53

12:31:02.252 [AsyncHttpClient-1-8] DEBUG org.asynchttpclient.netty.channel.ChannelManager - Adding key: http://localhost:58482 for channel [id: 0xb090aa2a, L:/127.0.0.1:60000 - R:localhost/127.0.0.1:58482]
12:31:02.257 [Forwarding getAlertText on session d5a255ca4fef6220476478ee1e3e7d99 to remote] DEBUG org.asynchttpclient.netty.request.NettyRequestSender - Using pooled Channel '[id: 0xb090aa2a, L:/127.0.0.1:60000 - R:localhost/127.0.0.1:58482]' for 'GET' to 'http://localhost:58482/session/d5a255ca4fef6220476478ee1e3e7d99/alert/text'
12:31:02.257 [Forwarding getAlertText on session d5a255ca4fef6220476478ee1e3e7d99 to remote] DEBUG org.asynchttpclient.netty.request.NettyRequestSender - Using open Channel [id: 0xb090aa2a, L:/127.0.0.1:60000 - R:localhost/127.0.0.1:58482] for GET '/session/d5a255ca4fef6220476478ee1e3e7d99/alert/text'
12:31:02.258 [AsyncHttpClient-1-8] DEBUG org.asynchttpclient.netty.handler.HttpHandler - 

Request DefaultFullHttpRequest(decodeResult: success, version: HTTP/1.1, content: EmptyByteBufBE)
GET /session/d5a255ca4fef6220476478ee1e3e7d99/alert/text HTTP/1.1
User-Agent: selenium/4.4.0 (java windows)
Cache-Control: no-cache
Content-Type: application/json; charset=utf-8
host: localhost:58482
accept: */*

Response DefaultHttpResponse(decodeResult: success, version: HTTP/1.1)
HTTP/1.1 404 Not Found
Content-Type: application/json; charset=utf-8
cache-control: no-cache
content-length: 879

12:31:02.258 [AsyncHttpClient-1-8] DEBUG org.asynchttpclient.netty.channel.ChannelManager - Adding key: http://localhost:58482 for channel [id: 0xb090aa2a, L:/127.0.0.1:60000 - R:localhost/127.0.0.1:58482]
12:31:02.263 [Forwarding switchToWindow on session d5a255ca4fef6220476478ee1e3e7d99 to remote] DEBUG org.asynchttpclient.netty.request.NettyRequestSender - Using pooled Channel '[id: 0xb090aa2a, L:/127.0.0.1:60000 - R:localhost/127.0.0.1:58482]' for 'POST' to 'http://localhost:58482/session/d5a255ca4fef6220476478ee1e3e7d99/window'
12:31:02.263 [Forwarding switchToWindow on session d5a255ca4fef6220476478ee1e3e7d99 to remote] DEBUG org.asynchttpclient.netty.request.NettyRequestSender - Using open Channel [id: 0xb090aa2a, L:/127.0.0.1:60000 - R:localhost/127.0.0.1:58482] for POST '/session/d5a255ca4fef6220476478ee1e3e7d99/window'
12:31:02.265 [AsyncHttpClient-1-8] DEBUG org.asynchttpclient.netty.handler.HttpHandler - 

Request DefaultHttpRequest(decodeResult: success, version: HTTP/1.1)
POST /session/d5a255ca4fef6220476478ee1e3e7d99/window HTTP/1.1
User-Agent: selenium/4.4.0 (java windows)
Content-Length: 59
Content-Type: application/json; charset=utf-8
host: localhost:58482
accept: */*

Response DefaultHttpResponse(decodeResult: success, version: HTTP/1.1)
HTTP/1.1 200 OK
Content-Type: application/json; charset=utf-8
cache-control: no-cache
content-length: 14

12:31:02.265 [AsyncHttpClient-1-8] DEBUG org.asynchttpclient.netty.channel.ChannelManager - Adding key: http://localhost:58482 for channel [id: 0xb090aa2a, L:/127.0.0.1:60000 - R:localhost/127.0.0.1:58482]
12:31:02.266 [Forwarding getCurrentUrl on session d5a255ca4fef6220476478ee1e3e7d99 to remote] DEBUG org.asynchttpclient.netty.request.NettyRequestSender - Using pooled Channel '[id: 0xb090aa2a, L:/127.0.0.1:60000 - R:localhost/127.0.0.1:58482]' for 'GET' to 'http://localhost:58482/session/d5a255ca4fef6220476478ee1e3e7d99/url'
12:31:02.266 [Forwarding getCurrentUrl on session d5a255ca4fef6220476478ee1e3e7d99 to remote] DEBUG org.asynchttpclient.netty.request.NettyRequestSender - Using open Channel [id: 0xb090aa2a, L:/127.0.0.1:60000 - R:localhost/127.0.0.1:58482] for GET '/session/d5a255ca4fef6220476478ee1e3e7d99/url'
12:31:02.269 [AsyncHttpClient-1-8] DEBUG org.asynchttpclient.netty.handler.HttpHandler - 

Request DefaultFullHttpRequest(decodeResult: success, version: HTTP/1.1, content: EmptyByteBufBE)
GET /session/d5a255ca4fef6220476478ee1e3e7d99/url HTTP/1.1
User-Agent: selenium/4.4.0 (java windows)
Cache-Control: no-cache
Content-Type: application/json; charset=utf-8
host: localhost:58482
accept: */*

Response DefaultHttpResponse(decodeResult: success, version: HTTP/1.1)
HTTP/1.1 200 OK
Content-Type: application/json; charset=utf-8
cache-control: no-cache
content-length: 38

12:31:02.270 [AsyncHttpClient-1-8] DEBUG org.asynchttpclient.netty.channel.ChannelManager - Adding key: http://localhost:58482 for channel [id: 0xb090aa2a, L:/127.0.0.1:60000 - R:localhost/127.0.0.1:58482]
12:31:02.270 [Forwarding screenshot on session d5a255ca4fef6220476478ee1e3e7d99 to remote] DEBUG org.asynchttpclient.netty.request.NettyRequestSender - Using pooled Channel '[id: 0xb090aa2a, L:/127.0.0.1:60000 - R:localhost/127.0.0.1:58482]' for 'GET' to 'http://localhost:58482/session/d5a255ca4fef6220476478ee1e3e7d99/screenshot'
12:31:02.270 [Forwarding screenshot on session d5a255ca4fef6220476478ee1e3e7d99 to remote] DEBUG org.asynchttpclient.netty.request.NettyRequestSender - Using open Channel [id: 0xb090aa2a, L:/127.0.0.1:60000 - R:localhost/127.0.0.1:58482] for GET '/session/d5a255ca4fef6220476478ee1e3e7d99/screenshot'
12:31:02.351 [AsyncHttpClient-1-8] DEBUG org.asynchttpclient.netty.handler.HttpHandler - 

Request DefaultFullHttpRequest(decodeResult: success, version: HTTP/1.1, content: EmptyByteBufBE)
GET /session/d5a255ca4fef6220476478ee1e3e7d99/screenshot HTTP/1.1
User-Agent: selenium/4.4.0 (java windows)
Cache-Control: no-cache
Content-Type: application/json; charset=utf-8
host: localhost:58482
accept: */*

Response DefaultHttpResponse(decodeResult: success, version: HTTP/1.1)
HTTP/1.1 200 OK
Content-Type: application/json; charset=utf-8
cache-control: no-cache
content-length: 59812

12:31:02.351 [AsyncHttpClient-1-8] DEBUG org.asynchttpclient.netty.channel.ChannelManager - Adding key: http://localhost:58482 for channel [id: 0xb090aa2a, L:/127.0.0.1:60000 - R:localhost/127.0.0.1:58482]
12:31:02.353 [Test worker] DEBUG net.serenitybdd.core.photography.Darkroom - Send negative for processing for C:\Users\juan.gomezv\IdeaProjects\sura\target\site\serenity\cb904724c11cb1c402bbd44fd4c83dd8993b3b1bfb579cc518ee5232028dbf9b.png
12:31:02.353 [Test worker] DEBUG net.thucydides.core.steps.StepInterceptor - STEP DONE: {0} enters #theTextAsAString into #target
12:31:02.353 [Darkroom Processing Line] DEBUG net.serenitybdd.core.photography.DarkroomProcessingLine - Processing screenshot image in /var/screenshots/screenshot-16731650307493916383
12:31:02.353 [Darkroom Processing Line] DEBUG net.serenitybdd.core.photography.DarkroomProcessingLine - Saving screenshot to C:\Users\juan.gomezv\IdeaProjects\sura\target\site\serenity\cb904724c11cb1c402bbd44fd4c83dd8993b3b1bfb579cc518ee5232028dbf9b.png
12:31:02.364 [Forwarding getPageSource on session d5a255ca4fef6220476478ee1e3e7d99 to remote] DEBUG org.asynchttpclient.netty.request.NettyRequestSender - Using pooled Channel '[id: 0xb090aa2a, L:/127.0.0.1:60000 - R:localhost/127.0.0.1:58482]' for 'POST' to 'http://localhost:58482/session/d5a255ca4fef6220476478ee1e3e7d99/execute/sync'
12:31:02.364 [Forwarding getPageSource on session d5a255ca4fef6220476478ee1e3e7d99 to remote] DEBUG org.asynchttpclient.netty.request.NettyRequestSender - Using open Channel [id: 0xb090aa2a, L:/127.0.0.1:60000 - R:localhost/127.0.0.1:58482] for POST '/session/d5a255ca4fef6220476478ee1e3e7d99/execute/sync'
12:31:02.372 [AsyncHttpClient-1-8] DEBUG org.asynchttpclient.netty.handler.HttpHandler - 

Request DefaultHttpRequest(decodeResult: success, version: HTTP/1.1)
POST /session/d5a255ca4fef6220476478ee1e3e7d99/execute/sync HTTP/1.1
User-Agent: selenium/4.4.0 (java windows)
Content-Length: 176
Content-Type: application/json; charset=utf-8
host: localhost:58482
accept: */*

Response DefaultHttpResponse(decodeResult: success, version: HTTP/1.1)
HTTP/1.1 200 OK
Content-Type: application/json; charset=utf-8
cache-control: no-cache
content-length: 4173

12:31:02.372 [AsyncHttpClient-1-8] DEBUG org.asynchttpclient.netty.channel.ChannelManager - Adding key: http://localhost:58482 for channel [id: 0xb090aa2a, L:/127.0.0.1:60000 - R:localhost/127.0.0.1:58482]
12:31:02.374 [Forwarding getCurrentUrl on session d5a255ca4fef6220476478ee1e3e7d99 to remote] DEBUG org.asynchttpclient.netty.request.NettyRequestSender - Using pooled Channel '[id: 0xb090aa2a, L:/127.0.0.1:60000 - R:localhost/127.0.0.1:58482]' for 'GET' to 'http://localhost:58482/session/d5a255ca4fef6220476478ee1e3e7d99/url'
12:31:02.374 [Forwarding getCurrentUrl on session d5a255ca4fef6220476478ee1e3e7d99 to remote] DEBUG org.asynchttpclient.netty.request.NettyRequestSender - Using open Channel [id: 0xb090aa2a, L:/127.0.0.1:60000 - R:localhost/127.0.0.1:58482] for GET '/session/d5a255ca4fef6220476478ee1e3e7d99/url'
12:31:02.377 [AsyncHttpClient-1-8] DEBUG org.asynchttpclient.netty.handler.HttpHandler - 

Request DefaultFullHttpRequest(decodeResult: success, version: HTTP/1.1, content: EmptyByteBufBE)
GET /session/d5a255ca4fef6220476478ee1e3e7d99/url HTTP/1.1
User-Agent: selenium/4.4.0 (java windows)
Cache-Control: no-cache
Content-Type: application/json; charset=utf-8
host: localhost:58482
accept: */*

Response DefaultHttpResponse(decodeResult: success, version: HTTP/1.1)
HTTP/1.1 200 OK
Content-Type: application/json; charset=utf-8
cache-control: no-cache
content-length: 38

12:31:02.377 [AsyncHttpClient-1-8] DEBUG org.asynchttpclient.netty.channel.ChannelManager - Adding key: http://localhost:58482 for channel [id: 0xb090aa2a, L:/127.0.0.1:60000 - R:localhost/127.0.0.1:58482]
12:31:02.379 [Test worker] DEBUG net.thucydides.core.steps.StepInterceptor - STARTING STEP: LogIn.performAs - {0} enters #theTextAsAString into #target
12:31:02.387 [Test worker] DEBUG net.serenitybdd.screenplay.targets.IFrameSwitcher - default content already selected for passwordTextBox
12:31:02.408 [Forwarding findElement on session d5a255ca4fef6220476478ee1e3e7d99 to remote] DEBUG org.asynchttpclient.netty.request.NettyRequestSender - Using pooled Channel '[id: 0xb090aa2a, L:/127.0.0.1:60000 - R:localhost/127.0.0.1:58482]' for 'POST' to 'http://localhost:58482/session/d5a255ca4fef6220476478ee1e3e7d99/element'
12:31:02.408 [Forwarding findElement on session d5a255ca4fef6220476478ee1e3e7d99 to remote] DEBUG org.asynchttpclient.netty.request.NettyRequestSender - Using open Channel [id: 0xb090aa2a, L:/127.0.0.1:60000 - R:localhost/127.0.0.1:58482] for POST '/session/d5a255ca4fef6220476478ee1e3e7d99/element'
12:31:02.419 [AsyncHttpClient-1-8] DEBUG org.asynchttpclient.netty.handler.HttpHandler - 

Request DefaultHttpRequest(decodeResult: success, version: HTTP/1.1)
POST /session/d5a255ca4fef6220476478ee1e3e7d99/element HTTP/1.1
User-Agent: selenium/4.4.0 (java windows)
Content-Length: 66
Content-Type: application/json; charset=utf-8
host: localhost:58482
accept: */*

Response DefaultHttpResponse(decodeResult: success, version: HTTP/1.1)
HTTP/1.1 200 OK
Content-Type: application/json; charset=utf-8
cache-control: no-cache
content-length: 88

12:31:02.419 [AsyncHttpClient-1-8] DEBUG org.asynchttpclient.netty.channel.ChannelManager - Adding key: http://localhost:58482 for channel [id: 0xb090aa2a, L:/127.0.0.1:60000 - R:localhost/127.0.0.1:58482]
12:31:02.420 [Forwarding clearElement on session d5a255ca4fef6220476478ee1e3e7d99 to remote] DEBUG org.asynchttpclient.netty.request.NettyRequestSender - Using pooled Channel '[id: 0xb090aa2a, L:/127.0.0.1:60000 - R:localhost/127.0.0.1:58482]' for 'POST' to 'http://localhost:58482/session/d5a255ca4fef6220476478ee1e3e7d99/element/2c81cfb8-793d-44e2-bdf4-5da23275e2f0/clear'
12:31:02.420 [Forwarding clearElement on session d5a255ca4fef6220476478ee1e3e7d99 to remote] DEBUG org.asynchttpclient.netty.request.NettyRequestSender - Using open Channel [id: 0xb090aa2a, L:/127.0.0.1:60000 - R:localhost/127.0.0.1:58482] for POST '/session/d5a255ca4fef6220476478ee1e3e7d99/element/2c81cfb8-793d-44e2-bdf4-5da23275e2f0/clear'
12:31:02.449 [AsyncHttpClient-1-8] DEBUG org.asynchttpclient.netty.handler.HttpHandler - 

Request DefaultHttpRequest(decodeResult: success, version: HTTP/1.1)
POST /session/d5a255ca4fef6220476478ee1e3e7d99/element/2c81cfb8-793d-44e2-bdf4-5da23275e2f0/clear HTTP/1.1
User-Agent: selenium/4.4.0 (java windows)
Content-Length: 50
Content-Type: application/json; charset=utf-8
host: localhost:58482
accept: */*

Response DefaultHttpResponse(decodeResult: success, version: HTTP/1.1)
HTTP/1.1 200 OK
Content-Type: application/json; charset=utf-8
cache-control: no-cache
content-length: 14

12:31:02.449 [AsyncHttpClient-1-8] DEBUG org.asynchttpclient.netty.channel.ChannelManager - Adding key: http://localhost:58482 for channel [id: 0xb090aa2a, L:/127.0.0.1:60000 - R:localhost/127.0.0.1:58482]
12:31:02.453 [Forwarding sendKeysToElement on session d5a255ca4fef6220476478ee1e3e7d99 to remote] DEBUG org.asynchttpclient.netty.request.NettyRequestSender - Using pooled Channel '[id: 0xb090aa2a, L:/127.0.0.1:60000 - R:localhost/127.0.0.1:58482]' for 'POST' to 'http://localhost:58482/session/d5a255ca4fef6220476478ee1e3e7d99/element/2c81cfb8-793d-44e2-bdf4-5da23275e2f0/value'
12:31:02.453 [Forwarding sendKeysToElement on session d5a255ca4fef6220476478ee1e3e7d99 to remote] DEBUG org.asynchttpclient.netty.request.NettyRequestSender - Using open Channel [id: 0xb090aa2a, L:/127.0.0.1:60000 - R:localhost/127.0.0.1:58482] for POST '/session/d5a255ca4fef6220476478ee1e3e7d99/element/2c81cfb8-793d-44e2-bdf4-5da23275e2f0/value'
12:31:02.489 [AsyncHttpClient-1-8] DEBUG org.asynchttpclient.netty.handler.HttpHandler - 

Request DefaultHttpRequest(decodeResult: success, version: HTTP/1.1)
POST /session/d5a255ca4fef6220476478ee1e3e7d99/element/2c81cfb8-793d-44e2-bdf4-5da23275e2f0/value HTTP/1.1
User-Agent: selenium/4.4.0 (java windows)
Content-Length: 201
Content-Type: application/json; charset=utf-8
host: localhost:58482
accept: */*

Response DefaultHttpResponse(decodeResult: success, version: HTTP/1.1)
HTTP/1.1 200 OK
Content-Type: application/json; charset=utf-8
cache-control: no-cache
content-length: 14

12:31:02.489 [AsyncHttpClient-1-8] DEBUG org.asynchttpclient.netty.channel.ChannelManager - Adding key: http://localhost:58482 for channel [id: 0xb090aa2a, L:/127.0.0.1:60000 - R:localhost/127.0.0.1:58482]
12:31:02.505 [Forwarding getCurrentWindowHandle on session d5a255ca4fef6220476478ee1e3e7d99 to remote] DEBUG org.asynchttpclient.netty.request.NettyRequestSender - Using pooled Channel '[id: 0xb090aa2a, L:/127.0.0.1:60000 - R:localhost/127.0.0.1:58482]' for 'GET' to 'http://localhost:58482/session/d5a255ca4fef6220476478ee1e3e7d99/window'
12:31:02.505 [Forwarding getCurrentWindowHandle on session d5a255ca4fef6220476478ee1e3e7d99 to remote] DEBUG org.asynchttpclient.netty.request.NettyRequestSender - Using open Channel [id: 0xb090aa2a, L:/127.0.0.1:60000 - R:localhost/127.0.0.1:58482] for GET '/session/d5a255ca4fef6220476478ee1e3e7d99/window'
12:31:02.505 [AsyncHttpClient-1-8] DEBUG org.asynchttpclient.netty.handler.HttpHandler - 

Request DefaultFullHttpRequest(decodeResult: success, version: HTTP/1.1, content: EmptyByteBufBE)
GET /session/d5a255ca4fef6220476478ee1e3e7d99/window HTTP/1.1
User-Agent: selenium/4.4.0 (java windows)
Cache-Control: no-cache
Content-Type: application/json; charset=utf-8
host: localhost:58482
accept: */*

Response DefaultHttpResponse(decodeResult: success, version: HTTP/1.1)
HTTP/1.1 200 OK
Content-Type: application/json; charset=utf-8
cache-control: no-cache
content-length: 53

12:31:02.505 [AsyncHttpClient-1-8] DEBUG org.asynchttpclient.netty.channel.ChannelManager - Adding key: http://localhost:58482 for channel [id: 0xb090aa2a, L:/127.0.0.1:60000 - R:localhost/127.0.0.1:58482]
12:31:02.508 [Forwarding getAlertText on session d5a255ca4fef6220476478ee1e3e7d99 to remote] DEBUG org.asynchttpclient.netty.request.NettyRequestSender - Using pooled Channel '[id: 0xb090aa2a, L:/127.0.0.1:60000 - R:localhost/127.0.0.1:58482]' for 'GET' to 'http://localhost:58482/session/d5a255ca4fef6220476478ee1e3e7d99/alert/text'
12:31:02.508 [Forwarding getAlertText on session d5a255ca4fef6220476478ee1e3e7d99 to remote] DEBUG org.asynchttpclient.netty.request.NettyRequestSender - Using open Channel [id: 0xb090aa2a, L:/127.0.0.1:60000 - R:localhost/127.0.0.1:58482] for GET '/session/d5a255ca4fef6220476478ee1e3e7d99/alert/text'
12:31:02.510 [AsyncHttpClient-1-8] DEBUG org.asynchttpclient.netty.handler.HttpHandler - 

Request DefaultFullHttpRequest(decodeResult: success, version: HTTP/1.1, content: EmptyByteBufBE)
GET /session/d5a255ca4fef6220476478ee1e3e7d99/alert/text HTTP/1.1
User-Agent: selenium/4.4.0 (java windows)
Cache-Control: no-cache
Content-Type: application/json; charset=utf-8
host: localhost:58482
accept: */*

Response DefaultHttpResponse(decodeResult: success, version: HTTP/1.1)
HTTP/1.1 404 Not Found
Content-Type: application/json; charset=utf-8
cache-control: no-cache
content-length: 879

12:31:02.510 [AsyncHttpClient-1-8] DEBUG org.asynchttpclient.netty.channel.ChannelManager - Adding key: http://localhost:58482 for channel [id: 0xb090aa2a, L:/127.0.0.1:60000 - R:localhost/127.0.0.1:58482]
12:31:02.516 [Forwarding switchToWindow on session d5a255ca4fef6220476478ee1e3e7d99 to remote] DEBUG org.asynchttpclient.netty.request.NettyRequestSender - Using pooled Channel '[id: 0xb090aa2a, L:/127.0.0.1:60000 - R:localhost/127.0.0.1:58482]' for 'POST' to 'http://localhost:58482/session/d5a255ca4fef6220476478ee1e3e7d99/window'
12:31:02.516 [Forwarding switchToWindow on session d5a255ca4fef6220476478ee1e3e7d99 to remote] DEBUG org.asynchttpclient.netty.request.NettyRequestSender - Using open Channel [id: 0xb090aa2a, L:/127.0.0.1:60000 - R:localhost/127.0.0.1:58482] for POST '/session/d5a255ca4fef6220476478ee1e3e7d99/window'
12:31:02.520 [AsyncHttpClient-1-8] DEBUG org.asynchttpclient.netty.handler.HttpHandler - 

Request DefaultHttpRequest(decodeResult: success, version: HTTP/1.1)
POST /session/d5a255ca4fef6220476478ee1e3e7d99/window HTTP/1.1
User-Agent: selenium/4.4.0 (java windows)
Content-Length: 59
Content-Type: application/json; charset=utf-8
host: localhost:58482
accept: */*

Response DefaultHttpResponse(decodeResult: success, version: HTTP/1.1)
HTTP/1.1 200 OK
Content-Type: application/json; charset=utf-8
cache-control: no-cache
content-length: 14

12:31:02.520 [AsyncHttpClient-1-8] DEBUG org.asynchttpclient.netty.channel.ChannelManager - Adding key: http://localhost:58482 for channel [id: 0xb090aa2a, L:/127.0.0.1:60000 - R:localhost/127.0.0.1:58482]
12:31:02.521 [Forwarding getCurrentUrl on session d5a255ca4fef6220476478ee1e3e7d99 to remote] DEBUG org.asynchttpclient.netty.request.NettyRequestSender - Using pooled Channel '[id: 0xb090aa2a, L:/127.0.0.1:60000 - R:localhost/127.0.0.1:58482]' for 'GET' to 'http://localhost:58482/session/d5a255ca4fef6220476478ee1e3e7d99/url'
12:31:02.521 [Forwarding getCurrentUrl on session d5a255ca4fef6220476478ee1e3e7d99 to remote] DEBUG org.asynchttpclient.netty.request.NettyRequestSender - Using open Channel [id: 0xb090aa2a, L:/127.0.0.1:60000 - R:localhost/127.0.0.1:58482] for GET '/session/d5a255ca4fef6220476478ee1e3e7d99/url'
12:31:02.525 [AsyncHttpClient-1-8] DEBUG org.asynchttpclient.netty.handler.HttpHandler - 

Request DefaultFullHttpRequest(decodeResult: success, version: HTTP/1.1, content: EmptyByteBufBE)
GET /session/d5a255ca4fef6220476478ee1e3e7d99/url HTTP/1.1
User-Agent: selenium/4.4.0 (java windows)
Cache-Control: no-cache
Content-Type: application/json; charset=utf-8
host: localhost:58482
accept: */*

Response DefaultHttpResponse(decodeResult: success, version: HTTP/1.1)
HTTP/1.1 200 OK
Content-Type: application/json; charset=utf-8
cache-control: no-cache
content-length: 38

12:31:02.525 [AsyncHttpClient-1-8] DEBUG org.asynchttpclient.netty.channel.ChannelManager - Adding key: http://localhost:58482 for channel [id: 0xb090aa2a, L:/127.0.0.1:60000 - R:localhost/127.0.0.1:58482]
12:31:02.526 [Forwarding screenshot on session d5a255ca4fef6220476478ee1e3e7d99 to remote] DEBUG org.asynchttpclient.netty.request.NettyRequestSender - Using pooled Channel '[id: 0xb090aa2a, L:/127.0.0.1:60000 - R:localhost/127.0.0.1:58482]' for 'GET' to 'http://localhost:58482/session/d5a255ca4fef6220476478ee1e3e7d99/screenshot'
12:31:02.526 [Forwarding screenshot on session d5a255ca4fef6220476478ee1e3e7d99 to remote] DEBUG org.asynchttpclient.netty.request.NettyRequestSender - Using open Channel [id: 0xb090aa2a, L:/127.0.0.1:60000 - R:localhost/127.0.0.1:58482] for GET '/session/d5a255ca4fef6220476478ee1e3e7d99/screenshot'
12:31:02.600 [AsyncHttpClient-1-8] DEBUG org.asynchttpclient.netty.handler.HttpHandler - 

Request DefaultFullHttpRequest(decodeResult: success, version: HTTP/1.1, content: EmptyByteBufBE)
GET /session/d5a255ca4fef6220476478ee1e3e7d99/screenshot HTTP/1.1
User-Agent: selenium/4.4.0 (java windows)
Cache-Control: no-cache
Content-Type: application/json; charset=utf-8
host: localhost:58482
accept: */*

Response DefaultHttpResponse(decodeResult: success, version: HTTP/1.1)
HTTP/1.1 200 OK
Content-Type: application/json; charset=utf-8
cache-control: no-cache
content-length: 58468

12:31:02.600 [AsyncHttpClient-1-8] DEBUG org.asynchttpclient.netty.channel.ChannelManager - Adding key: http://localhost:58482 for channel [id: 0xb090aa2a, L:/127.0.0.1:60000 - R:localhost/127.0.0.1:58482]
12:31:02.602 [Test worker] DEBUG net.serenitybdd.core.photography.Darkroom - Send negative for processing for C:\Users\juan.gomezv\IdeaProjects\sura\target\site\serenity\3928254ac939cb654635a6fe0cdcba17cdafb3fae09b0fc2384a6404e2fbc8c4.png
12:31:02.602 [Test worker] DEBUG net.thucydides.core.steps.StepInterceptor - STEP DONE: {0} enters #theTextAsAString into #target
12:31:02.602 [Darkroom Processing Line] DEBUG net.serenitybdd.core.photography.DarkroomProcessingLine - Processing screenshot image in /var/screenshots/screenshot-5745406873018132178
12:31:02.602 [Darkroom Processing Line] DEBUG net.serenitybdd.core.photography.DarkroomProcessingLine - Saving screenshot to C:\Users\juan.gomezv\IdeaProjects\sura\target\site\serenity\3928254ac939cb654635a6fe0cdcba17cdafb3fae09b0fc2384a6404e2fbc8c4.png
12:31:02.610 [Forwarding getPageSource on session d5a255ca4fef6220476478ee1e3e7d99 to remote] DEBUG org.asynchttpclient.netty.request.NettyRequestSender - Using pooled Channel '[id: 0xb090aa2a, L:/127.0.0.1:60000 - R:localhost/127.0.0.1:58482]' for 'POST' to 'http://localhost:58482/session/d5a255ca4fef6220476478ee1e3e7d99/execute/sync'
12:31:02.610 [Forwarding getPageSource on session d5a255ca4fef6220476478ee1e3e7d99 to remote] DEBUG org.asynchttpclient.netty.request.NettyRequestSender - Using open Channel [id: 0xb090aa2a, L:/127.0.0.1:60000 - R:localhost/127.0.0.1:58482] for POST '/session/d5a255ca4fef6220476478ee1e3e7d99/execute/sync'
12:31:02.616 [AsyncHttpClient-1-8] DEBUG org.asynchttpclient.netty.handler.HttpHandler - 

Request DefaultHttpRequest(decodeResult: success, version: HTTP/1.1)
POST /session/d5a255ca4fef6220476478ee1e3e7d99/execute/sync HTTP/1.1
User-Agent: selenium/4.4.0 (java windows)
Content-Length: 176
Content-Type: application/json; charset=utf-8
host: localhost:58482
accept: */*

Response DefaultHttpResponse(decodeResult: success, version: HTTP/1.1)
HTTP/1.1 200 OK
Content-Type: application/json; charset=utf-8
cache-control: no-cache
content-length: 4185

12:31:02.616 [AsyncHttpClient-1-8] DEBUG org.asynchttpclient.netty.channel.ChannelManager - Adding key: http://localhost:58482 for channel [id: 0xb090aa2a, L:/127.0.0.1:60000 - R:localhost/127.0.0.1:58482]
12:31:02.618 [Forwarding getCurrentUrl on session d5a255ca4fef6220476478ee1e3e7d99 to remote] DEBUG org.asynchttpclient.netty.request.NettyRequestSender - Using pooled Channel '[id: 0xb090aa2a, L:/127.0.0.1:60000 - R:localhost/127.0.0.1:58482]' for 'GET' to 'http://localhost:58482/session/d5a255ca4fef6220476478ee1e3e7d99/url'
12:31:02.618 [Forwarding getCurrentUrl on session d5a255ca4fef6220476478ee1e3e7d99 to remote] DEBUG org.asynchttpclient.netty.request.NettyRequestSender - Using open Channel [id: 0xb090aa2a, L:/127.0.0.1:60000 - R:localhost/127.0.0.1:58482] for GET '/session/d5a255ca4fef6220476478ee1e3e7d99/url'
12:31:02.622 [AsyncHttpClient-1-8] DEBUG org.asynchttpclient.netty.handler.HttpHandler - 

Request DefaultFullHttpRequest(decodeResult: success, version: HTTP/1.1, content: EmptyByteBufBE)
GET /session/d5a255ca4fef6220476478ee1e3e7d99/url HTTP/1.1
User-Agent: selenium/4.4.0 (java windows)
Cache-Control: no-cache
Content-Type: application/json; charset=utf-8
host: localhost:58482
accept: */*

Response DefaultHttpResponse(decodeResult: success, version: HTTP/1.1)
HTTP/1.1 200 OK
Content-Type: application/json; charset=utf-8
cache-control: no-cache
content-length: 38

12:31:02.622 [AsyncHttpClient-1-8] DEBUG org.asynchttpclient.netty.channel.ChannelManager - Adding key: http://localhost:58482 for channel [id: 0xb090aa2a, L:/127.0.0.1:60000 - R:localhost/127.0.0.1:58482]
12:31:02.624 [Test worker] DEBUG net.thucydides.core.steps.StepInterceptor - STARTING STEP: LogIn.performAs - {0} clicks on #target
12:31:02.625 [Test worker] DEBUG net.serenitybdd.screenplay.targets.IFrameSwitcher - default content already selected for logIn Button
12:31:02.646 [Forwarding findElement on session d5a255ca4fef6220476478ee1e3e7d99 to remote] DEBUG org.asynchttpclient.netty.request.NettyRequestSender - Using pooled Channel '[id: 0xb090aa2a, L:/127.0.0.1:60000 - R:localhost/127.0.0.1:58482]' for 'POST' to 'http://localhost:58482/session/d5a255ca4fef6220476478ee1e3e7d99/element'
12:31:02.646 [Forwarding findElement on session d5a255ca4fef6220476478ee1e3e7d99 to remote] DEBUG org.asynchttpclient.netty.request.NettyRequestSender - Using open Channel [id: 0xb090aa2a, L:/127.0.0.1:60000 - R:localhost/127.0.0.1:58482] for POST '/session/d5a255ca4fef6220476478ee1e3e7d99/element'
12:31:02.654 [AsyncHttpClient-1-8] DEBUG org.asynchttpclient.netty.handler.HttpHandler - 

Request DefaultHttpRequest(decodeResult: success, version: HTTP/1.1)
POST /session/d5a255ca4fef6220476478ee1e3e7d99/element HTTP/1.1
User-Agent: selenium/4.4.0 (java windows)
Content-Length: 70
Content-Type: application/json; charset=utf-8
host: localhost:58482
accept: */*

Response DefaultHttpResponse(decodeResult: success, version: HTTP/1.1)
HTTP/1.1 200 OK
Content-Type: application/json; charset=utf-8
cache-control: no-cache
content-length: 88

12:31:02.654 [AsyncHttpClient-1-8] DEBUG org.asynchttpclient.netty.channel.ChannelManager - Adding key: http://localhost:58482 for channel [id: 0xb090aa2a, L:/127.0.0.1:60000 - R:localhost/127.0.0.1:58482]
12:31:02.658 [Forwarding isElementDisplayed on session d5a255ca4fef6220476478ee1e3e7d99 to remote] DEBUG org.asynchttpclient.netty.request.NettyRequestSender - Using pooled Channel '[id: 0xb090aa2a, L:/127.0.0.1:60000 - R:localhost/127.0.0.1:58482]' for 'POST' to 'http://localhost:58482/session/d5a255ca4fef6220476478ee1e3e7d99/execute/sync'
12:31:02.658 [Forwarding isElementDisplayed on session d5a255ca4fef6220476478ee1e3e7d99 to remote] DEBUG org.asynchttpclient.netty.request.NettyRequestSender - Using open Channel [id: 0xb090aa2a, L:/127.0.0.1:60000 - R:localhost/127.0.0.1:58482] for POST '/session/d5a255ca4fef6220476478ee1e3e7d99/execute/sync'
12:31:02.669 [AsyncHttpClient-1-8] DEBUG org.asynchttpclient.netty.handler.HttpHandler - 

Request DefaultHttpRequest(decodeResult: success, version: HTTP/1.1)
POST /session/d5a255ca4fef6220476478ee1e3e7d99/execute/sync HTTP/1.1
User-Agent: selenium/4.4.0 (java windows)
Content-Length: 48780
Content-Type: application/json; charset=utf-8
host: localhost:58482
accept: */*

Response DefaultHttpResponse(decodeResult: success, version: HTTP/1.1)
HTTP/1.1 200 OK
Content-Type: application/json; charset=utf-8
cache-control: no-cache
content-length: 14

12:31:02.669 [AsyncHttpClient-1-8] DEBUG org.asynchttpclient.netty.channel.ChannelManager - Adding key: http://localhost:58482 for channel [id: 0xb090aa2a, L:/127.0.0.1:60000 - R:localhost/127.0.0.1:58482]
12:31:02.675 [Forwarding findElement on session d5a255ca4fef6220476478ee1e3e7d99 to remote] DEBUG org.asynchttpclient.netty.request.NettyRequestSender - Using pooled Channel '[id: 0xb090aa2a, L:/127.0.0.1:60000 - R:localhost/127.0.0.1:58482]' for 'POST' to 'http://localhost:58482/session/d5a255ca4fef6220476478ee1e3e7d99/element'
12:31:02.675 [Forwarding findElement on session d5a255ca4fef6220476478ee1e3e7d99 to remote] DEBUG org.asynchttpclient.netty.request.NettyRequestSender - Using open Channel [id: 0xb090aa2a, L:/127.0.0.1:60000 - R:localhost/127.0.0.1:58482] for POST '/session/d5a255ca4fef6220476478ee1e3e7d99/element'
12:31:02.681 [AsyncHttpClient-1-8] DEBUG org.asynchttpclient.netty.handler.HttpHandler - 

Request DefaultHttpRequest(decodeResult: success, version: HTTP/1.1)
POST /session/d5a255ca4fef6220476478ee1e3e7d99/element HTTP/1.1
User-Agent: selenium/4.4.0 (java windows)
Content-Length: 70
Content-Type: application/json; charset=utf-8
host: localhost:58482
accept: */*

Response DefaultHttpResponse(decodeResult: success, version: HTTP/1.1)
HTTP/1.1 200 OK
Content-Type: application/json; charset=utf-8
cache-control: no-cache
content-length: 88

12:31:02.681 [AsyncHttpClient-1-8] DEBUG org.asynchttpclient.netty.channel.ChannelManager - Adding key: http://localhost:58482 for channel [id: 0xb090aa2a, L:/127.0.0.1:60000 - R:localhost/127.0.0.1:58482]
12:31:02.683 [Forwarding clickElement on session d5a255ca4fef6220476478ee1e3e7d99 to remote] DEBUG org.asynchttpclient.netty.request.NettyRequestSender - Using pooled Channel '[id: 0xb090aa2a, L:/127.0.0.1:60000 - R:localhost/127.0.0.1:58482]' for 'POST' to 'http://localhost:58482/session/d5a255ca4fef6220476478ee1e3e7d99/element/14300502-8761-4c6d-8b7c-187a6672cbe1/click'
12:31:02.683 [Forwarding clickElement on session d5a255ca4fef6220476478ee1e3e7d99 to remote] DEBUG org.asynchttpclient.netty.request.NettyRequestSender - Using open Channel [id: 0xb090aa2a, L:/127.0.0.1:60000 - R:localhost/127.0.0.1:58482] for POST '/session/d5a255ca4fef6220476478ee1e3e7d99/element/14300502-8761-4c6d-8b7c-187a6672cbe1/click'
12:31:02.788 [AsyncHttpClient-1-8] DEBUG org.asynchttpclient.netty.handler.HttpHandler - 

Request DefaultHttpRequest(decodeResult: success, version: HTTP/1.1)
POST /session/d5a255ca4fef6220476478ee1e3e7d99/element/14300502-8761-4c6d-8b7c-187a6672cbe1/click HTTP/1.1
User-Agent: selenium/4.4.0 (java windows)
Content-Length: 50
Content-Type: application/json; charset=utf-8
host: localhost:58482
accept: */*

Response DefaultHttpResponse(decodeResult: success, version: HTTP/1.1)
HTTP/1.1 200 OK
Content-Type: application/json; charset=utf-8
cache-control: no-cache
content-length: 14

12:31:02.789 [AsyncHttpClient-1-8] DEBUG org.asynchttpclient.netty.channel.ChannelManager - Adding key: http://localhost:58482 for channel [id: 0xb090aa2a, L:/127.0.0.1:60000 - R:localhost/127.0.0.1:58482]
12:31:02.815 [Forwarding getCurrentWindowHandle on session d5a255ca4fef6220476478ee1e3e7d99 to remote] DEBUG org.asynchttpclient.netty.request.NettyRequestSender - Using pooled Channel '[id: 0xb090aa2a, L:/127.0.0.1:60000 - R:localhost/127.0.0.1:58482]' for 'GET' to 'http://localhost:58482/session/d5a255ca4fef6220476478ee1e3e7d99/window'
12:31:02.815 [Forwarding getCurrentWindowHandle on session d5a255ca4fef6220476478ee1e3e7d99 to remote] DEBUG org.asynchttpclient.netty.request.NettyRequestSender - Using open Channel [id: 0xb090aa2a, L:/127.0.0.1:60000 - R:localhost/127.0.0.1:58482] for GET '/session/d5a255ca4fef6220476478ee1e3e7d99/window'
12:31:02.816 [AsyncHttpClient-1-8] DEBUG org.asynchttpclient.netty.handler.HttpHandler - 

Request DefaultFullHttpRequest(decodeResult: success, version: HTTP/1.1, content: EmptyByteBufBE)
GET /session/d5a255ca4fef6220476478ee1e3e7d99/window HTTP/1.1
User-Agent: selenium/4.4.0 (java windows)
Cache-Control: no-cache
Content-Type: application/json; charset=utf-8
host: localhost:58482
accept: */*

Response DefaultHttpResponse(decodeResult: success, version: HTTP/1.1)
HTTP/1.1 200 OK
Content-Type: application/json; charset=utf-8
cache-control: no-cache
content-length: 53

12:31:02.817 [AsyncHttpClient-1-8] DEBUG org.asynchttpclient.netty.channel.ChannelManager - Adding key: http://localhost:58482 for channel [id: 0xb090aa2a, L:/127.0.0.1:60000 - R:localhost/127.0.0.1:58482]
12:31:02.824 [Forwarding getAlertText on session d5a255ca4fef6220476478ee1e3e7d99 to remote] DEBUG org.asynchttpclient.netty.request.NettyRequestSender - Using pooled Channel '[id: 0xb090aa2a, L:/127.0.0.1:60000 - R:localhost/127.0.0.1:58482]' for 'GET' to 'http://localhost:58482/session/d5a255ca4fef6220476478ee1e3e7d99/alert/text'
12:31:02.824 [Forwarding getAlertText on session d5a255ca4fef6220476478ee1e3e7d99 to remote] DEBUG org.asynchttpclient.netty.request.NettyRequestSender - Using open Channel [id: 0xb090aa2a, L:/127.0.0.1:60000 - R:localhost/127.0.0.1:58482] for GET '/session/d5a255ca4fef6220476478ee1e3e7d99/alert/text'
12:31:02.826 [AsyncHttpClient-1-8] DEBUG org.asynchttpclient.netty.handler.HttpHandler - 

Request DefaultFullHttpRequest(decodeResult: success, version: HTTP/1.1, content: EmptyByteBufBE)
GET /session/d5a255ca4fef6220476478ee1e3e7d99/alert/text HTTP/1.1
User-Agent: selenium/4.4.0 (java windows)
Cache-Control: no-cache
Content-Type: application/json; charset=utf-8
host: localhost:58482
accept: */*

Response DefaultHttpResponse(decodeResult: success, version: HTTP/1.1)
HTTP/1.1 404 Not Found
Content-Type: application/json; charset=utf-8
cache-control: no-cache
content-length: 879

12:31:02.826 [AsyncHttpClient-1-8] DEBUG org.asynchttpclient.netty.channel.ChannelManager - Adding key: http://localhost:58482 for channel [id: 0xb090aa2a, L:/127.0.0.1:60000 - R:localhost/127.0.0.1:58482]
12:31:02.834 [Forwarding switchToWindow on session d5a255ca4fef6220476478ee1e3e7d99 to remote] DEBUG org.asynchttpclient.netty.request.NettyRequestSender - Using pooled Channel '[id: 0xb090aa2a, L:/127.0.0.1:60000 - R:localhost/127.0.0.1:58482]' for 'POST' to 'http://localhost:58482/session/d5a255ca4fef6220476478ee1e3e7d99/window'
12:31:02.835 [Forwarding switchToWindow on session d5a255ca4fef6220476478ee1e3e7d99 to remote] DEBUG org.asynchttpclient.netty.request.NettyRequestSender - Using open Channel [id: 0xb090aa2a, L:/127.0.0.1:60000 - R:localhost/127.0.0.1:58482] for POST '/session/d5a255ca4fef6220476478ee1e3e7d99/window'
12:31:02.838 [AsyncHttpClient-1-8] DEBUG org.asynchttpclient.netty.handler.HttpHandler - 

Request DefaultHttpRequest(decodeResult: success, version: HTTP/1.1)
POST /session/d5a255ca4fef6220476478ee1e3e7d99/window HTTP/1.1
User-Agent: selenium/4.4.0 (java windows)
Content-Length: 59
Content-Type: application/json; charset=utf-8
host: localhost:58482
accept: */*

Response DefaultHttpResponse(decodeResult: success, version: HTTP/1.1)
HTTP/1.1 200 OK
Content-Type: application/json; charset=utf-8
cache-control: no-cache
content-length: 14

12:31:02.839 [AsyncHttpClient-1-8] DEBUG org.asynchttpclient.netty.channel.ChannelManager - Adding key: http://localhost:58482 for channel [id: 0xb090aa2a, L:/127.0.0.1:60000 - R:localhost/127.0.0.1:58482]
12:31:02.843 [Forwarding getCurrentUrl on session d5a255ca4fef6220476478ee1e3e7d99 to remote] DEBUG org.asynchttpclient.netty.request.NettyRequestSender - Using pooled Channel '[id: 0xb090aa2a, L:/127.0.0.1:60000 - R:localhost/127.0.0.1:58482]' for 'GET' to 'http://localhost:58482/session/d5a255ca4fef6220476478ee1e3e7d99/url'
12:31:02.843 [Forwarding getCurrentUrl on session d5a255ca4fef6220476478ee1e3e7d99 to remote] DEBUG org.asynchttpclient.netty.request.NettyRequestSender - Using open Channel [id: 0xb090aa2a, L:/127.0.0.1:60000 - R:localhost/127.0.0.1:58482] for GET '/session/d5a255ca4fef6220476478ee1e3e7d99/url'
12:31:02.856 [AsyncHttpClient-1-8] DEBUG org.asynchttpclient.netty.handler.HttpHandler - 

Request DefaultFullHttpRequest(decodeResult: success, version: HTTP/1.1, content: EmptyByteBufBE)
GET /session/d5a255ca4fef6220476478ee1e3e7d99/url HTTP/1.1
User-Agent: selenium/4.4.0 (java windows)
Cache-Control: no-cache
Content-Type: application/json; charset=utf-8
host: localhost:58482
accept: */*

Response DefaultHttpResponse(decodeResult: success, version: HTTP/1.1)
HTTP/1.1 200 OK
Content-Type: application/json; charset=utf-8
cache-control: no-cache
content-length: 52

12:31:02.856 [AsyncHttpClient-1-8] DEBUG org.asynchttpclient.netty.channel.ChannelManager - Adding key: http://localhost:58482 for channel [id: 0xb090aa2a, L:/127.0.0.1:60000 - R:localhost/127.0.0.1:58482]
12:31:02.858 [Forwarding screenshot on session d5a255ca4fef6220476478ee1e3e7d99 to remote] DEBUG org.asynchttpclient.netty.request.NettyRequestSender - Using pooled Channel '[id: 0xb090aa2a, L:/127.0.0.1:60000 - R:localhost/127.0.0.1:58482]' for 'GET' to 'http://localhost:58482/session/d5a255ca4fef6220476478ee1e3e7d99/screenshot'
12:31:02.858 [Forwarding screenshot on session d5a255ca4fef6220476478ee1e3e7d99 to remote] DEBUG org.asynchttpclient.netty.request.NettyRequestSender - Using open Channel [id: 0xb090aa2a, L:/127.0.0.1:60000 - R:localhost/127.0.0.1:58482] for GET '/session/d5a255ca4fef6220476478ee1e3e7d99/screenshot'
12:31:03.047 [AsyncHttpClient-1-1] DEBUG org.asynchttpclient.netty.channel.DefaultChannelPool - Entry count for : http://localhost:60001 : 1
12:31:03.102 [AsyncHttpClient-1-8] DEBUG org.asynchttpclient.netty.handler.HttpHandler - 

Request DefaultFullHttpRequest(decodeResult: success, version: HTTP/1.1, content: EmptyByteBufBE)
GET /session/d5a255ca4fef6220476478ee1e3e7d99/screenshot HTTP/1.1
User-Agent: selenium/4.4.0 (java windows)
Cache-Control: no-cache
Content-Type: application/json; charset=utf-8
host: localhost:58482
accept: */*

Response DefaultHttpResponse(decodeResult: success, version: HTTP/1.1)
HTTP/1.1 200 OK
Content-Type: application/json; charset=utf-8
cache-control: no-cache
content-length: 316072

12:31:03.103 [AsyncHttpClient-1-8] DEBUG org.asynchttpclient.netty.channel.ChannelManager - Adding key: http://localhost:58482 for channel [id: 0xb090aa2a, L:/127.0.0.1:60000 - R:localhost/127.0.0.1:58482]
12:31:03.111 [Test worker] DEBUG net.serenitybdd.core.photography.Darkroom - Send negative for processing for C:\Users\juan.gomezv\IdeaProjects\sura\target\site\serenity\e44069ae212a02c6322b8bddc355adc221270edded46bd42546211af4a56801c.png
12:31:03.111 [Test worker] DEBUG net.thucydides.core.steps.StepInterceptor - STEP DONE: {0} clicks on #target
12:31:03.111 [Darkroom Processing Line] DEBUG net.serenitybdd.core.photography.DarkroomProcessingLine - Processing screenshot image in /var/screenshots/screenshot-17058068721554624055
12:31:03.111 [Darkroom Processing Line] DEBUG net.serenitybdd.core.photography.DarkroomProcessingLine - Saving screenshot to C:\Users\juan.gomezv\IdeaProjects\sura\target\site\serenity\e44069ae212a02c6322b8bddc355adc221270edded46bd42546211af4a56801c.png
12:31:03.123 [Test worker] DEBUG net.thucydides.core.steps.StepInterceptor - STEP DONE: performAs
  ?[32mCuando ?[0m?[32m?[0m?[32m?[1mAna?[0m?[32m se autentica como un usuario de tipo ?[0m?[32m?[1m"STANDARD_USER"?[0m           ?[90m# sura.stepDefinitions.LoginSteps.elSeAutenticaComoUnUsuario(net.serenitybdd.screenplay.Actor,java.lang.String)?[0m
12:31:03.144 [Forwarding getPageSource on session d5a255ca4fef6220476478ee1e3e7d99 to remote] DEBUG org.asynchttpclient.netty.request.NettyRequestSender - Using pooled Channel '[id: 0xb090aa2a, L:/127.0.0.1:60000 - R:localhost/127.0.0.1:58482]' for 'POST' to 'http://localhost:58482/session/d5a255ca4fef6220476478ee1e3e7d99/execute/sync'
12:31:03.144 [Forwarding getPageSource on session d5a255ca4fef6220476478ee1e3e7d99 to remote] DEBUG org.asynchttpclient.netty.request.NettyRequestSender - Using open Channel [id: 0xb090aa2a, L:/127.0.0.1:60000 - R:localhost/127.0.0.1:58482] for POST '/session/d5a255ca4fef6220476478ee1e3e7d99/execute/sync'
12:31:03.149 [AsyncHttpClient-1-8] DEBUG org.asynchttpclient.netty.handler.HttpHandler - 

Request DefaultHttpRequest(decodeResult: success, version: HTTP/1.1)
POST /session/d5a255ca4fef6220476478ee1e3e7d99/execute/sync HTTP/1.1
User-Agent: selenium/4.4.0 (java windows)
Content-Length: 176
Content-Type: application/json; charset=utf-8
host: localhost:58482
accept: */*

Response DefaultHttpResponse(decodeResult: success, version: HTTP/1.1)
HTTP/1.1 200 OK
Content-Type: application/json; charset=utf-8
cache-control: no-cache
content-length: 15254

12:31:03.149 [AsyncHttpClient-1-8] DEBUG org.asynchttpclient.netty.channel.ChannelManager - Adding key: http://localhost:58482 for channel [id: 0xb090aa2a, L:/127.0.0.1:60000 - R:localhost/127.0.0.1:58482]
12:31:03.153 [Forwarding getCurrentUrl on session d5a255ca4fef6220476478ee1e3e7d99 to remote] DEBUG org.asynchttpclient.netty.request.NettyRequestSender - Using pooled Channel '[id: 0xb090aa2a, L:/127.0.0.1:60000 - R:localhost/127.0.0.1:58482]' for 'GET' to 'http://localhost:58482/session/d5a255ca4fef6220476478ee1e3e7d99/url'
12:31:03.153 [Forwarding getCurrentUrl on session d5a255ca4fef6220476478ee1e3e7d99 to remote] DEBUG org.asynchttpclient.netty.request.NettyRequestSender - Using open Channel [id: 0xb090aa2a, L:/127.0.0.1:60000 - R:localhost/127.0.0.1:58482] for GET '/session/d5a255ca4fef6220476478ee1e3e7d99/url'
12:31:03.157 [AsyncHttpClient-1-8] DEBUG org.asynchttpclient.netty.handler.HttpHandler - 

Request DefaultFullHttpRequest(decodeResult: success, version: HTTP/1.1, content: EmptyByteBufBE)
GET /session/d5a255ca4fef6220476478ee1e3e7d99/url HTTP/1.1
User-Agent: selenium/4.4.0 (java windows)
Cache-Control: no-cache
Content-Type: application/json; charset=utf-8
host: localhost:58482
accept: */*

Response DefaultHttpResponse(decodeResult: success, version: HTTP/1.1)
HTTP/1.1 200 OK
Content-Type: application/json; charset=utf-8
cache-control: no-cache
content-length: 52

12:31:03.157 [AsyncHttpClient-1-8] DEBUG org.asynchttpclient.netty.channel.ChannelManager - Adding key: http://localhost:58482 for channel [id: 0xb090aa2a, L:/127.0.0.1:60000 - R:localhost/127.0.0.1:58482]
12:31:03.171 [Forwarding getCurrentWindowHandle on session d5a255ca4fef6220476478ee1e3e7d99 to remote] DEBUG org.asynchttpclient.netty.request.NettyRequestSender - Using pooled Channel '[id: 0xb090aa2a, L:/127.0.0.1:60000 - R:localhost/127.0.0.1:58482]' for 'GET' to 'http://localhost:58482/session/d5a255ca4fef6220476478ee1e3e7d99/window'
12:31:03.171 [Forwarding getCurrentWindowHandle on session d5a255ca4fef6220476478ee1e3e7d99 to remote] DEBUG org.asynchttpclient.netty.request.NettyRequestSender - Using open Channel [id: 0xb090aa2a, L:/127.0.0.1:60000 - R:localhost/127.0.0.1:58482] for GET '/session/d5a255ca4fef6220476478ee1e3e7d99/window'
12:31:03.172 [AsyncHttpClient-1-8] DEBUG org.asynchttpclient.netty.handler.HttpHandler - 

Request DefaultFullHttpRequest(decodeResult: success, version: HTTP/1.1, content: EmptyByteBufBE)
GET /session/d5a255ca4fef6220476478ee1e3e7d99/window HTTP/1.1
User-Agent: selenium/4.4.0 (java windows)
Cache-Control: no-cache
Content-Type: application/json; charset=utf-8
host: localhost:58482
accept: */*

Response DefaultHttpResponse(decodeResult: success, version: HTTP/1.1)
HTTP/1.1 200 OK
Content-Type: application/json; charset=utf-8
cache-control: no-cache
content-length: 53

12:31:03.172 [AsyncHttpClient-1-8] DEBUG org.asynchttpclient.netty.channel.ChannelManager - Adding key: http://localhost:58482 for channel [id: 0xb090aa2a, L:/127.0.0.1:60000 - R:localhost/127.0.0.1:58482]
12:31:03.176 [Forwarding getAlertText on session d5a255ca4fef6220476478ee1e3e7d99 to remote] DEBUG org.asynchttpclient.netty.request.NettyRequestSender - Using pooled Channel '[id: 0xb090aa2a, L:/127.0.0.1:60000 - R:localhost/127.0.0.1:58482]' for 'GET' to 'http://localhost:58482/session/d5a255ca4fef6220476478ee1e3e7d99/alert/text'
12:31:03.176 [Forwarding getAlertText on session d5a255ca4fef6220476478ee1e3e7d99 to remote] DEBUG org.asynchttpclient.netty.request.NettyRequestSender - Using open Channel [id: 0xb090aa2a, L:/127.0.0.1:60000 - R:localhost/127.0.0.1:58482] for GET '/session/d5a255ca4fef6220476478ee1e3e7d99/alert/text'
12:31:03.179 [AsyncHttpClient-1-8] DEBUG org.asynchttpclient.netty.handler.HttpHandler - 

Request DefaultFullHttpRequest(decodeResult: success, version: HTTP/1.1, content: EmptyByteBufBE)
GET /session/d5a255ca4fef6220476478ee1e3e7d99/alert/text HTTP/1.1
User-Agent: selenium/4.4.0 (java windows)
Cache-Control: no-cache
Content-Type: application/json; charset=utf-8
host: localhost:58482
accept: */*

Response DefaultHttpResponse(decodeResult: success, version: HTTP/1.1)
HTTP/1.1 404 Not Found
Content-Type: application/json; charset=utf-8
cache-control: no-cache
content-length: 879

12:31:03.179 [AsyncHttpClient-1-8] DEBUG org.asynchttpclient.netty.channel.ChannelManager - Adding key: http://localhost:58482 for channel [id: 0xb090aa2a, L:/127.0.0.1:60000 - R:localhost/127.0.0.1:58482]
12:31:03.183 [Forwarding switchToWindow on session d5a255ca4fef6220476478ee1e3e7d99 to remote] DEBUG org.asynchttpclient.netty.request.NettyRequestSender - Using pooled Channel '[id: 0xb090aa2a, L:/127.0.0.1:60000 - R:localhost/127.0.0.1:58482]' for 'POST' to 'http://localhost:58482/session/d5a255ca4fef6220476478ee1e3e7d99/window'
12:31:03.183 [Forwarding switchToWindow on session d5a255ca4fef6220476478ee1e3e7d99 to remote] DEBUG org.asynchttpclient.netty.request.NettyRequestSender - Using open Channel [id: 0xb090aa2a, L:/127.0.0.1:60000 - R:localhost/127.0.0.1:58482] for POST '/session/d5a255ca4fef6220476478ee1e3e7d99/window'
12:31:03.186 [AsyncHttpClient-1-8] DEBUG org.asynchttpclient.netty.handler.HttpHandler - 

Request DefaultHttpRequest(decodeResult: success, version: HTTP/1.1)
POST /session/d5a255ca4fef6220476478ee1e3e7d99/window HTTP/1.1
User-Agent: selenium/4.4.0 (java windows)
Content-Length: 59
Content-Type: application/json; charset=utf-8
host: localhost:58482
accept: */*

Response DefaultHttpResponse(decodeResult: success, version: HTTP/1.1)
HTTP/1.1 200 OK
Content-Type: application/json; charset=utf-8
cache-control: no-cache
content-length: 14

12:31:03.186 [AsyncHttpClient-1-8] DEBUG org.asynchttpclient.netty.channel.ChannelManager - Adding key: http://localhost:58482 for channel [id: 0xb090aa2a, L:/127.0.0.1:60000 - R:localhost/127.0.0.1:58482]
12:31:03.187 [Forwarding getCurrentUrl on session d5a255ca4fef6220476478ee1e3e7d99 to remote] DEBUG org.asynchttpclient.netty.request.NettyRequestSender - Using pooled Channel '[id: 0xb090aa2a, L:/127.0.0.1:60000 - R:localhost/127.0.0.1:58482]' for 'GET' to 'http://localhost:58482/session/d5a255ca4fef6220476478ee1e3e7d99/url'
12:31:03.187 [Forwarding getCurrentUrl on session d5a255ca4fef6220476478ee1e3e7d99 to remote] DEBUG org.asynchttpclient.netty.request.NettyRequestSender - Using open Channel [id: 0xb090aa2a, L:/127.0.0.1:60000 - R:localhost/127.0.0.1:58482] for GET '/session/d5a255ca4fef6220476478ee1e3e7d99/url'
12:31:03.190 [AsyncHttpClient-1-8] DEBUG org.asynchttpclient.netty.handler.HttpHandler - 

Request DefaultFullHttpRequest(decodeResult: success, version: HTTP/1.1, content: EmptyByteBufBE)
GET /session/d5a255ca4fef6220476478ee1e3e7d99/url HTTP/1.1
User-Agent: selenium/4.4.0 (java windows)
Cache-Control: no-cache
Content-Type: application/json; charset=utf-8
host: localhost:58482
accept: */*

Response DefaultHttpResponse(decodeResult: success, version: HTTP/1.1)
HTTP/1.1 200 OK
Content-Type: application/json; charset=utf-8
cache-control: no-cache
content-length: 52

12:31:03.190 [AsyncHttpClient-1-8] DEBUG org.asynchttpclient.netty.channel.ChannelManager - Adding key: http://localhost:58482 for channel [id: 0xb090aa2a, L:/127.0.0.1:60000 - R:localhost/127.0.0.1:58482]
12:31:03.191 [Forwarding screenshot on session d5a255ca4fef6220476478ee1e3e7d99 to remote] DEBUG org.asynchttpclient.netty.request.NettyRequestSender - Using pooled Channel '[id: 0xb090aa2a, L:/127.0.0.1:60000 - R:localhost/127.0.0.1:58482]' for 'GET' to 'http://localhost:58482/session/d5a255ca4fef6220476478ee1e3e7d99/screenshot'
12:31:03.191 [Forwarding screenshot on session d5a255ca4fef6220476478ee1e3e7d99 to remote] DEBUG org.asynchttpclient.netty.request.NettyRequestSender - Using open Channel [id: 0xb090aa2a, L:/127.0.0.1:60000 - R:localhost/127.0.0.1:58482] for GET '/session/d5a255ca4fef6220476478ee1e3e7d99/screenshot'
12:31:03.287 [AsyncHttpClient-1-8] DEBUG org.asynchttpclient.netty.handler.HttpHandler - 

Request DefaultFullHttpRequest(decodeResult: success, version: HTTP/1.1, content: EmptyByteBufBE)
GET /session/d5a255ca4fef6220476478ee1e3e7d99/screenshot HTTP/1.1
User-Agent: selenium/4.4.0 (java windows)
Cache-Control: no-cache
Content-Type: application/json; charset=utf-8
host: localhost:58482
accept: */*

Response DefaultHttpResponse(decodeResult: success, version: HTTP/1.1)
HTTP/1.1 200 OK
Content-Type: application/json; charset=utf-8
cache-control: no-cache
content-length: 316072

12:31:03.287 [AsyncHttpClient-1-8] DEBUG org.asynchttpclient.netty.channel.ChannelManager - Adding key: http://localhost:58482 for channel [id: 0xb090aa2a, L:/127.0.0.1:60000 - R:localhost/127.0.0.1:58482]
12:31:03.295 [Test worker] DEBUG net.serenitybdd.core.photography.Darkroom - Send negative for processing for C:\Users\juan.gomezv\IdeaProjects\sura\target\site\serenity\e44069ae212a02c6322b8bddc355adc221270edded46bd42546211af4a56801c.png
12:31:03.298 [Forwarding getPageSource on session d5a255ca4fef6220476478ee1e3e7d99 to remote] DEBUG org.asynchttpclient.netty.request.NettyRequestSender - Using pooled Channel '[id: 0xb090aa2a, L:/127.0.0.1:60000 - R:localhost/127.0.0.1:58482]' for 'POST' to 'http://localhost:58482/session/d5a255ca4fef6220476478ee1e3e7d99/execute/sync'
12:31:03.298 [Forwarding getPageSource on session d5a255ca4fef6220476478ee1e3e7d99 to remote] DEBUG org.asynchttpclient.netty.request.NettyRequestSender - Using open Channel [id: 0xb090aa2a, L:/127.0.0.1:60000 - R:localhost/127.0.0.1:58482] for POST '/session/d5a255ca4fef6220476478ee1e3e7d99/execute/sync'
12:31:03.303 [AsyncHttpClient-1-8] DEBUG org.asynchttpclient.netty.handler.HttpHandler - 

Request DefaultHttpRequest(decodeResult: success, version: HTTP/1.1)
POST /session/d5a255ca4fef6220476478ee1e3e7d99/execute/sync HTTP/1.1
User-Agent: selenium/4.4.0 (java windows)
Content-Length: 176
Content-Type: application/json; charset=utf-8
host: localhost:58482
accept: */*

Response DefaultHttpResponse(decodeResult: success, version: HTTP/1.1)
HTTP/1.1 200 OK
Content-Type: application/json; charset=utf-8
cache-control: no-cache
content-length: 15270

12:31:03.304 [AsyncHttpClient-1-8] DEBUG org.asynchttpclient.netty.channel.ChannelManager - Adding key: http://localhost:58482 for channel [id: 0xb090aa2a, L:/127.0.0.1:60000 - R:localhost/127.0.0.1:58482]
12:31:03.307 [Forwarding getCurrentUrl on session d5a255ca4fef6220476478ee1e3e7d99 to remote] DEBUG org.asynchttpclient.netty.request.NettyRequestSender - Using pooled Channel '[id: 0xb090aa2a, L:/127.0.0.1:60000 - R:localhost/127.0.0.1:58482]' for 'GET' to 'http://localhost:58482/session/d5a255ca4fef6220476478ee1e3e7d99/url'
12:31:03.307 [Forwarding getCurrentUrl on session d5a255ca4fef6220476478ee1e3e7d99 to remote] DEBUG org.asynchttpclient.netty.request.NettyRequestSender - Using open Channel [id: 0xb090aa2a, L:/127.0.0.1:60000 - R:localhost/127.0.0.1:58482] for GET '/session/d5a255ca4fef6220476478ee1e3e7d99/url'
12:31:03.311 [AsyncHttpClient-1-8] DEBUG org.asynchttpclient.netty.handler.HttpHandler - 

Request DefaultFullHttpRequest(decodeResult: success, version: HTTP/1.1, content: EmptyByteBufBE)
GET /session/d5a255ca4fef6220476478ee1e3e7d99/url HTTP/1.1
User-Agent: selenium/4.4.0 (java windows)
Cache-Control: no-cache
Content-Type: application/json; charset=utf-8
host: localhost:58482
accept: */*

Response DefaultHttpResponse(decodeResult: success, version: HTTP/1.1)
HTTP/1.1 200 OK
Content-Type: application/json; charset=utf-8
cache-control: no-cache
content-length: 52

12:31:03.311 [AsyncHttpClient-1-8] DEBUG org.asynchttpclient.netty.channel.ChannelManager - Adding key: http://localhost:58482 for channel [id: 0xb090aa2a, L:/127.0.0.1:60000 - R:localhost/127.0.0.1:58482]
12:31:03.313 [Test worker] DEBUG net.thucydides.core.steps.StepInterceptor - STARTING STEP: LoginSteps.elDebeSerRedirigidoALaPaginaDe - {0} should see #description
12:31:03.313 [Test worker] DEBUG net.serenitybdd.screenplay.targets.IFrameSwitcher - default content already selected for product title
12:31:03.328 [Forwarding findElement on session d5a255ca4fef6220476478ee1e3e7d99 to remote] DEBUG org.asynchttpclient.netty.request.NettyRequestSender - Using pooled Channel '[id: 0xb090aa2a, L:/127.0.0.1:60000 - R:localhost/127.0.0.1:58482]' for 'POST' to 'http://localhost:58482/session/d5a255ca4fef6220476478ee1e3e7d99/element'
12:31:03.328 [Forwarding findElement on session d5a255ca4fef6220476478ee1e3e7d99 to remote] DEBUG org.asynchttpclient.netty.request.NettyRequestSender - Using open Channel [id: 0xb090aa2a, L:/127.0.0.1:60000 - R:localhost/127.0.0.1:58482] for POST '/session/d5a255ca4fef6220476478ee1e3e7d99/element'
12:31:03.339 [AsyncHttpClient-1-8] DEBUG org.asynchttpclient.netty.handler.HttpHandler - 

Request DefaultHttpRequest(decodeResult: success, version: HTTP/1.1)
POST /session/d5a255ca4fef6220476478ee1e3e7d99/element HTTP/1.1
User-Agent: selenium/4.4.0 (java windows)
Content-Length: 78
Content-Type: application/json; charset=utf-8
host: localhost:58482
accept: */*

Response DefaultHttpResponse(decodeResult: success, version: HTTP/1.1)
HTTP/1.1 200 OK
Content-Type: application/json; charset=utf-8
cache-control: no-cache
content-length: 88

12:31:03.339 [AsyncHttpClient-1-8] DEBUG org.asynchttpclient.netty.channel.ChannelManager - Adding key: http://localhost:58482 for channel [id: 0xb090aa2a, L:/127.0.0.1:60000 - R:localhost/127.0.0.1:58482]
12:31:03.340 [Forwarding getElementText on session d5a255ca4fef6220476478ee1e3e7d99 to remote] DEBUG org.asynchttpclient.netty.request.NettyRequestSender - Using pooled Channel '[id: 0xb090aa2a, L:/127.0.0.1:60000 - R:localhost/127.0.0.1:58482]' for 'GET' to 'http://localhost:58482/session/d5a255ca4fef6220476478ee1e3e7d99/element/9a9f21ad-dcd9-4ffd-96b8-1213295b67d6/text'
12:31:03.340 [Forwarding getElementText on session d5a255ca4fef6220476478ee1e3e7d99 to remote] DEBUG org.asynchttpclient.netty.request.NettyRequestSender - Using open Channel [id: 0xb090aa2a, L:/127.0.0.1:60000 - R:localhost/127.0.0.1:58482] for GET '/session/d5a255ca4fef6220476478ee1e3e7d99/element/9a9f21ad-dcd9-4ffd-96b8-1213295b67d6/text'
12:31:03.352 [AsyncHttpClient-1-8] DEBUG org.asynchttpclient.netty.handler.HttpHandler - 

Request DefaultFullHttpRequest(decodeResult: success, version: HTTP/1.1, content: EmptyByteBufBE)
GET /session/d5a255ca4fef6220476478ee1e3e7d99/element/9a9f21ad-dcd9-4ffd-96b8-1213295b67d6/text HTTP/1.1
User-Agent: selenium/4.4.0 (java windows)
Cache-Control: no-cache
Content-Type: application/json; charset=utf-8
host: localhost:58482
accept: */*

Response DefaultHttpResponse(decodeResult: success, version: HTTP/1.1)
HTTP/1.1 200 OK
Content-Type: application/json; charset=utf-8
cache-control: no-cache
content-length: 20

12:31:03.352 [AsyncHttpClient-1-8] DEBUG org.asynchttpclient.netty.channel.ChannelManager - Adding key: http://localhost:58482 for channel [id: 0xb090aa2a, L:/127.0.0.1:60000 - R:localhost/127.0.0.1:58482]
12:31:03.361 [Forwarding getCurrentWindowHandle on session d5a255ca4fef6220476478ee1e3e7d99 to remote] DEBUG org.asynchttpclient.netty.request.NettyRequestSender - Using pooled Channel '[id: 0xb090aa2a, L:/127.0.0.1:60000 - R:localhost/127.0.0.1:58482]' for 'GET' to 'http://localhost:58482/session/d5a255ca4fef6220476478ee1e3e7d99/window'
12:31:03.361 [Forwarding getCurrentWindowHandle on session d5a255ca4fef6220476478ee1e3e7d99 to remote] DEBUG org.asynchttpclient.netty.request.NettyRequestSender - Using open Channel [id: 0xb090aa2a, L:/127.0.0.1:60000 - R:localhost/127.0.0.1:58482] for GET '/session/d5a255ca4fef6220476478ee1e3e7d99/window'
12:31:03.362 [AsyncHttpClient-1-8] DEBUG org.asynchttpclient.netty.handler.HttpHandler - 

Request DefaultFullHttpRequest(decodeResult: success, version: HTTP/1.1, content: EmptyByteBufBE)
GET /session/d5a255ca4fef6220476478ee1e3e7d99/window HTTP/1.1
User-Agent: selenium/4.4.0 (java windows)
Cache-Control: no-cache
Content-Type: application/json; charset=utf-8
host: localhost:58482
accept: */*

Response DefaultHttpResponse(decodeResult: success, version: HTTP/1.1)
HTTP/1.1 200 OK
Content-Type: application/json; charset=utf-8
cache-control: no-cache
content-length: 53

12:31:03.362 [AsyncHttpClient-1-8] DEBUG org.asynchttpclient.netty.channel.ChannelManager - Adding key: http://localhost:58482 for channel [id: 0xb090aa2a, L:/127.0.0.1:60000 - R:localhost/127.0.0.1:58482]
12:31:03.365 [Forwarding getAlertText on session d5a255ca4fef6220476478ee1e3e7d99 to remote] DEBUG org.asynchttpclient.netty.request.NettyRequestSender - Using pooled Channel '[id: 0xb090aa2a, L:/127.0.0.1:60000 - R:localhost/127.0.0.1:58482]' for 'GET' to 'http://localhost:58482/session/d5a255ca4fef6220476478ee1e3e7d99/alert/text'
12:31:03.365 [Forwarding getAlertText on session d5a255ca4fef6220476478ee1e3e7d99 to remote] DEBUG org.asynchttpclient.netty.request.NettyRequestSender - Using open Channel [id: 0xb090aa2a, L:/127.0.0.1:60000 - R:localhost/127.0.0.1:58482] for GET '/session/d5a255ca4fef6220476478ee1e3e7d99/alert/text'
12:31:03.367 [AsyncHttpClient-1-8] DEBUG org.asynchttpclient.netty.handler.HttpHandler - 

Request DefaultFullHttpRequest(decodeResult: success, version: HTTP/1.1, content: EmptyByteBufBE)
GET /session/d5a255ca4fef6220476478ee1e3e7d99/alert/text HTTP/1.1
User-Agent: selenium/4.4.0 (java windows)
Cache-Control: no-cache
Content-Type: application/json; charset=utf-8
host: localhost:58482
accept: */*

Response DefaultHttpResponse(decodeResult: success, version: HTTP/1.1)
HTTP/1.1 404 Not Found
Content-Type: application/json; charset=utf-8
cache-control: no-cache
content-length: 879

12:31:03.368 [AsyncHttpClient-1-8] DEBUG org.asynchttpclient.netty.channel.ChannelManager - Adding key: http://localhost:58482 for channel [id: 0xb090aa2a, L:/127.0.0.1:60000 - R:localhost/127.0.0.1:58482]
12:31:03.375 [Forwarding switchToWindow on session d5a255ca4fef6220476478ee1e3e7d99 to remote] DEBUG org.asynchttpclient.netty.request.NettyRequestSender - Using pooled Channel '[id: 0xb090aa2a, L:/127.0.0.1:60000 - R:localhost/127.0.0.1:58482]' for 'POST' to 'http://localhost:58482/session/d5a255ca4fef6220476478ee1e3e7d99/window'
12:31:03.375 [Forwarding switchToWindow on session d5a255ca4fef6220476478ee1e3e7d99 to remote] DEBUG org.asynchttpclient.netty.request.NettyRequestSender - Using open Channel [id: 0xb090aa2a, L:/127.0.0.1:60000 - R:localhost/127.0.0.1:58482] for POST '/session/d5a255ca4fef6220476478ee1e3e7d99/window'
12:31:03.378 [AsyncHttpClient-1-8] DEBUG org.asynchttpclient.netty.handler.HttpHandler - 

Request DefaultHttpRequest(decodeResult: success, version: HTTP/1.1)
POST /session/d5a255ca4fef6220476478ee1e3e7d99/window HTTP/1.1
User-Agent: selenium/4.4.0 (java windows)
Content-Length: 59
Content-Type: application/json; charset=utf-8
host: localhost:58482
accept: */*

Response DefaultHttpResponse(decodeResult: success, version: HTTP/1.1)
HTTP/1.1 200 OK
Content-Type: application/json; charset=utf-8
cache-control: no-cache
content-length: 14

12:31:03.378 [AsyncHttpClient-1-8] DEBUG org.asynchttpclient.netty.channel.ChannelManager - Adding key: http://localhost:58482 for channel [id: 0xb090aa2a, L:/127.0.0.1:60000 - R:localhost/127.0.0.1:58482]
12:31:03.379 [Forwarding getCurrentUrl on session d5a255ca4fef6220476478ee1e3e7d99 to remote] DEBUG org.asynchttpclient.netty.request.NettyRequestSender - Using pooled Channel '[id: 0xb090aa2a, L:/127.0.0.1:60000 - R:localhost/127.0.0.1:58482]' for 'GET' to 'http://localhost:58482/session/d5a255ca4fef6220476478ee1e3e7d99/url'
12:31:03.379 [Forwarding getCurrentUrl on session d5a255ca4fef6220476478ee1e3e7d99 to remote] DEBUG org.asynchttpclient.netty.request.NettyRequestSender - Using open Channel [id: 0xb090aa2a, L:/127.0.0.1:60000 - R:localhost/127.0.0.1:58482] for GET '/session/d5a255ca4fef6220476478ee1e3e7d99/url'
12:31:03.383 [AsyncHttpClient-1-8] DEBUG org.asynchttpclient.netty.handler.HttpHandler - 

Request DefaultFullHttpRequest(decodeResult: success, version: HTTP/1.1, content: EmptyByteBufBE)
GET /session/d5a255ca4fef6220476478ee1e3e7d99/url HTTP/1.1
User-Agent: selenium/4.4.0 (java windows)
Cache-Control: no-cache
Content-Type: application/json; charset=utf-8
host: localhost:58482
accept: */*

Response DefaultHttpResponse(decodeResult: success, version: HTTP/1.1)
HTTP/1.1 200 OK
Content-Type: application/json; charset=utf-8
cache-control: no-cache
content-length: 52

12:31:03.384 [AsyncHttpClient-1-8] DEBUG org.asynchttpclient.netty.channel.ChannelManager - Adding key: http://localhost:58482 for channel [id: 0xb090aa2a, L:/127.0.0.1:60000 - R:localhost/127.0.0.1:58482]
12:31:03.385 [Forwarding screenshot on session d5a255ca4fef6220476478ee1e3e7d99 to remote] DEBUG org.asynchttpclient.netty.request.NettyRequestSender - Using pooled Channel '[id: 0xb090aa2a, L:/127.0.0.1:60000 - R:localhost/127.0.0.1:58482]' for 'GET' to 'http://localhost:58482/session/d5a255ca4fef6220476478ee1e3e7d99/screenshot'
12:31:03.385 [Forwarding screenshot on session d5a255ca4fef6220476478ee1e3e7d99 to remote] DEBUG org.asynchttpclient.netty.request.NettyRequestSender - Using open Channel [id: 0xb090aa2a, L:/127.0.0.1:60000 - R:localhost/127.0.0.1:58482] for GET '/session/d5a255ca4fef6220476478ee1e3e7d99/screenshot'
12:31:03.509 [AsyncHttpClient-1-8] DEBUG org.asynchttpclient.netty.handler.HttpHandler - 

Request DefaultFullHttpRequest(decodeResult: success, version: HTTP/1.1, content: EmptyByteBufBE)
GET /session/d5a255ca4fef6220476478ee1e3e7d99/screenshot HTTP/1.1
User-Agent: selenium/4.4.0 (java windows)
Cache-Control: no-cache
Content-Type: application/json; charset=utf-8
host: localhost:58482
accept: */*

Response DefaultHttpResponse(decodeResult: success, version: HTTP/1.1)
HTTP/1.1 200 OK
Content-Type: application/json; charset=utf-8
cache-control: no-cache
content-length: 316072

12:31:03.510 [AsyncHttpClient-1-8] DEBUG org.asynchttpclient.netty.channel.ChannelManager - Adding key: http://localhost:58482 for channel [id: 0xb090aa2a, L:/127.0.0.1:60000 - R:localhost/127.0.0.1:58482]
12:31:03.517 [Test worker] DEBUG net.serenitybdd.core.photography.Darkroom - Send negative for processing for C:\Users\juan.gomezv\IdeaProjects\sura\target\site\serenity\e44069ae212a02c6322b8bddc355adc221270edded46bd42546211af4a56801c.png
12:31:03.517 [Test worker] DEBUG net.thucydides.core.steps.StepInterceptor - STEP DONE: {0} should see #description
  ?[32mEntonces ?[0m?[32m?[0m?[32m?[1mAna?[0m?[32m debe ser redirigido a la pagina de ?[0m?[32m?[1m"PRODUCTS"?[0m                ?[90m# sura.stepDefinitions.LoginSteps.elDebeSerRedirigidoALaPaginaDe(net.serenitybdd.screenplay.Actor,java.lang.String)?[0m
12:31:03.541 [AsyncHttpClient-1-10] DEBUG org.asynchttpclient.netty.handler.WebSocketHandler - Channel Closed: [id: 0xe0f743a1, L:/127.0.0.1:60008 ! R:localhost/127.0.0.1:60001] with attribute NettyResponseFuture{currentRetry=0,
	isDone=1,
	isCancelled=0,
	asyncHandler=org.asynchttpclient.ws.WebSocketUpgradeHandler@1e876a30,
	nettyRequest=org.asynchttpclient.netty.request.NettyRequest@5b85f784,
	future=java.util.concurrent.CompletableFuture@371c98b5[Completed normally],
	uri=ws://localhost:60001/devtools/browser/8440893f-19d3-4246-b5c5-870558434de0,
	keepAlive=true,
	redirectCount=0,
	timeoutsHolder=null,
	inAuth=0,
	touch=1664472661382}
12:31:03.541 [Driver Command Executor] DEBUG org.asynchttpclient.netty.request.NettyRequestSender - Using pooled Channel '[id: 0xb090aa2a, L:/127.0.0.1:60000 - R:localhost/127.0.0.1:58482]' for 'DELETE' to 'http://localhost:58482/session/d5a255ca4fef6220476478ee1e3e7d99'
12:31:03.541 [AsyncHttpClient-1-10] DEBUG org.asynchttpclient.netty.channel.ChannelManager - Closing Channel [id: 0xe0f743a1, L:/127.0.0.1:60008 ! R:localhost/127.0.0.1:60001] 
12:31:03.542 [Driver Command Executor] DEBUG org.asynchttpclient.netty.request.NettyRequestSender - Using open Channel [id: 0xb090aa2a, L:/127.0.0.1:60000 - R:localhost/127.0.0.1:58482] for DELETE '/session/d5a255ca4fef6220476478ee1e3e7d99'
12:31:03.565 [AsyncHttpClient-1-9] DEBUG org.asynchttpclient.netty.handler.HttpHandler - Unexpected I/O exception on channel [id: 0xe7f882d9, L:/127.0.0.1:60007 - R:localhost/127.0.0.1:60001]
java.net.SocketException: Connection reset
	at java.base/sun.nio.ch.SocketChannelImpl.throwConnectionReset(SocketChannelImpl.java:394)
	at java.base/sun.nio.ch.SocketChannelImpl.read(SocketChannelImpl.java:426)
	at io.netty.buffer.PooledByteBuf.setBytes(PooledByteBuf.java:258)
	at io.netty.buffer.AbstractByteBuf.writeBytes(AbstractByteBuf.java:1132)
	at io.netty.channel.socket.nio.NioSocketChannel.doReadBytes(NioSocketChannel.java:357)
	at io.netty.channel.nio.AbstractNioByteChannel$NioByteUnsafe.read(AbstractNioByteChannel.java:151)
	at io.netty.channel.nio.NioEventLoop.processSelectedKey(NioEventLoop.java:722)
	at io.netty.channel.nio.NioEventLoop.processSelectedKeysOptimized(NioEventLoop.java:658)
	at io.netty.channel.nio.NioEventLoop.processSelectedKeys(NioEventLoop.java:584)
	at io.netty.channel.nio.NioEventLoop.run(NioEventLoop.java:496)
	at io.netty.util.concurrent.SingleThreadEventExecutor$4.run(SingleThreadEventExecutor.java:997)
	at io.netty.util.internal.ThreadExecutorMap$2.run(ThreadExecutorMap.java:74)
	at io.netty.util.concurrent.FastThreadLocalRunnable.run(FastThreadLocalRunnable.java:30)
	at java.base/java.lang.Thread.run(Thread.java:833)
12:31:03.566 [AsyncHttpClient-1-9] DEBUG org.asynchttpclient.netty.channel.ChannelManager - Closing Channel [id: 0xe7f882d9, L:/127.0.0.1:60007 - R:localhost/127.0.0.1:60001] 
12:31:03.566 [AsyncHttpClient-1-9] DEBUG org.asynchttpclient.netty.handler.HttpHandler - Channel Closed: [id: 0xe7f882d9, L:/127.0.0.1:60007 ! R:localhost/127.0.0.1:60001] with attribute DISCARD
12:31:03.581 [AsyncHttpClient-1-8] DEBUG org.asynchttpclient.netty.handler.HttpHandler - 

Request DefaultFullHttpRequest(decodeResult: success, version: HTTP/1.1, content: EmptyByteBufBE)
DELETE /session/d5a255ca4fef6220476478ee1e3e7d99 HTTP/1.1
User-Agent: selenium/4.4.0 (java windows)
Content-Type: application/json; charset=utf-8
host: localhost:58482
accept: */*

Response DefaultHttpResponse(decodeResult: success, version: HTTP/1.1)
HTTP/1.1 200 OK
Content-Type: application/json; charset=utf-8
cache-control: no-cache
content-length: 14

12:31:03.582 [AsyncHttpClient-1-8] DEBUG org.asynchttpclient.netty.channel.ChannelManager - Adding key: http://localhost:58482 for channel [id: 0xb090aa2a, L:/127.0.0.1:60000 - R:localhost/127.0.0.1:58482]
12:31:03.622 [AsyncHttpClient-1-8] DEBUG org.asynchttpclient.netty.handler.HttpHandler - Channel Closed: [id: 0xb090aa2a, L:/127.0.0.1:60000 ! R:localhost/127.0.0.1:58482] with attribute DISCARD
12:31:03.666 [Test worker] INFO  - 
  _____   ___   ___   _____     ___     _     ___   ___   ___   ___  
 |_   _| | __| / __| |_   _|   | _ \   /_\   / __| / __| | __| |   \ 
   | |   | _|  \__ \   | |     |  _/  / _ \  \__ \ \__ \ | _|  | |) |
   |_|   |___| |___/   |_|     |_|   /_/ \_\ |___/ |___/ |___| |___/ 

Usuario se auténtica con una cuenta válida
----------------------------------------------------------------------

Esquema del escenario: Usuario se auténtica con una cuenta válida           ?[90m# src/test/resources/features/autenticacion/login.feature:24?[0m
12:31:03.672 [Test worker] INFO io.cucumber.core.plugin.SerenityReporter - Running feature from file:///C:/Users/juan.gomezv/IdeaProjects/sura/src/test/resources/features/autenticacion/login.feature
12:31:03.677 [Test worker] DEBUG net.thucydides.core.steps.StepInterceptor - STARTING STEP: LoginSteps.quiereConsultarArticulosDeportivosEnLaWebDeLaMarcaSwag - {0} abre la aplicación
12:31:03.679 [Test worker] DEBUG net.thucydides.core.steps.StepInterceptor - STARTING STEP: NavigateTo.performAs - {0} opens the #targetPageName
12:31:03.717 [Test worker] INFO net.serenitybdd.core.webdriver.driverproviders.ChromeDriverProvider - Starting Chrome driver instance with capabilities:
12:31:03.717 [Test worker] INFO net.serenitybdd.core.webdriver.driverproviders.ChromeDriverProvider - Capabilities {acceptInsecureCerts: false, browserName: chrome, goog:chromeOptions: {args: [], extensions: []}}
12:31:03.768 [AsyncHttpClient-1-11] DEBUG org.asynchttpclient.netty.channel.NettyConnectListener - Using new Channel '[id: 0x08e09e1f, L:/127.0.0.1:60022 - R:localhost/127.0.0.1:58978]' for 'POST' to '/session'
12:31:04.149 [AsyncHttpClient-1-1] DEBUG org.asynchttpclient.netty.channel.DefaultChannelPool - Entry count for : http://localhost:60001 : 1
12:31:04.149 [AsyncHttpClient-1-1] DEBUG org.asynchttpclient.netty.channel.DefaultChannelPool - Entry count for : http://localhost:58482 : 1
12:31:04.149 [AsyncHttpClient-1-1] DEBUG org.asynchttpclient.netty.channel.DefaultChannelPool - Adding Candidate expired Channel [id: 0xe7f882d9, L:/127.0.0.1:60007 ! R:localhost/127.0.0.1:60001] isIdleTimeoutExpired=false isRemotelyClosed=true isTtlExpired=false
12:31:04.149 [AsyncHttpClient-1-1] DEBUG org.asynchttpclient.netty.channel.DefaultChannelPool - Closing Idle Channel [id: 0xe7f882d9, L:/127.0.0.1:60007 ! R:localhost/127.0.0.1:60001]
12:31:04.149 [AsyncHttpClient-1-1] DEBUG org.asynchttpclient.netty.channel.DefaultChannelPool - Adding Candidate expired Channel [id: 0xb090aa2a, L:/127.0.0.1:60000 ! R:localhost/127.0.0.1:58482] isIdleTimeoutExpired=false isRemotelyClosed=true isTtlExpired=false
12:31:04.149 [AsyncHttpClient-1-1] DEBUG org.asynchttpclient.netty.channel.DefaultChannelPool - Closing Idle Channel [id: 0xb090aa2a, L:/127.0.0.1:60000 ! R:localhost/127.0.0.1:58482]
12:31:04.149 [AsyncHttpClient-1-1] DEBUG org.asynchttpclient.netty.channel.DefaultChannelPool - Closed 2 connections out of 2 in 0 ms
12:31:04.319 [AsyncHttpClient-1-11] DEBUG org.asynchttpclient.netty.handler.HttpHandler - 

Request DefaultHttpRequest(decodeResult: success, version: HTTP/1.1)
POST /session HTTP/1.1
User-Agent: selenium/4.4.0 (java windows)
Content-Length: 437
Content-Type: application/json; charset=utf-8
host: localhost:58978
accept: */*

Response DefaultHttpResponse(decodeResult: success, version: HTTP/1.1)
HTTP/1.1 200 OK
Content-Type: application/json; charset=utf-8
cache-control: no-cache
content-length: 796

12:31:04.319 [AsyncHttpClient-1-11] DEBUG org.asynchttpclient.netty.channel.ChannelManager - Adding key: http://localhost:58978 for channel [id: 0x08e09e1f, L:/127.0.0.1:60022 - R:localhost/127.0.0.1:58978]
12:31:04.324 [AsyncHttpClient-1-12] DEBUG org.asynchttpclient.netty.channel.NettyConnectListener - Using new Channel '[id: 0xf284035c, L:/127.0.0.1:60031 - R:localhost/127.0.0.1:60024]' for 'GET' to '/json/version'
12:31:04.326 [AsyncHttpClient-1-12] DEBUG org.asynchttpclient.netty.handler.HttpHandler - 

Request DefaultFullHttpRequest(decodeResult: success, version: HTTP/1.1, content: EmptyByteBufBE)
GET /json/version HTTP/1.1
User-Agent: selenium/4.4.0 (java windows)
host: localhost:60024
accept: */*

Response DefaultHttpResponse(decodeResult: success, version: HTTP/1.1)
HTTP/1.1 200 OK
Content-Type: application/json; charset=UTF-8
content-length: 423

12:31:04.327 [AsyncHttpClient-1-12] DEBUG org.asynchttpclient.netty.channel.ChannelManager - Adding key: http://localhost:60024 for channel [id: 0xf284035c, L:/127.0.0.1:60031 - R:localhost/127.0.0.1:60024]
12:31:04.329 [AsyncHttpClient-1-13] DEBUG org.asynchttpclient.netty.channel.NettyConnectListener - Using new Channel '[id: 0x2e6782ee, L:/127.0.0.1:60032 - R:localhost/127.0.0.1:60024]' for 'GET' to '/devtools/browser/b56603a1-cdac-4322-ba03-02c5fd668d1d'
12:31:04.330 [AsyncHttpClient-1-13] DEBUG org.asynchttpclient.netty.handler.WebSocketHandler - 

Request DefaultFullHttpRequest(decodeResult: success, version: HTTP/1.1, content: EmptyByteBufBE)
GET /devtools/browser/b56603a1-cdac-4322-ba03-02c5fd668d1d HTTP/1.1
upgrade: websocket
connection: upgrade
sec-websocket-key: sywz/mbD7pV/SJNK0I602w==
sec-websocket-version: 13
origin: http://localhost:60024
host: localhost:60024
accept: */*
user-agent: AHC/2.1

Response DefaultHttpResponse(decodeResult: success, version: HTTP/1.1)
HTTP/1.1 101 WebSocket Protocol Handshake
Upgrade: WebSocket
Connection: Upgrade
Sec-WebSocket-Accept: 7o6J/0F76GmzR3MiCR3hRQubVsI=

12:31:04.333 [Forwarding get on session ad5934fa0f3782bfa113f0fc59fd8e2e to remote] DEBUG org.asynchttpclient.netty.request.NettyRequestSender - Using pooled Channel '[id: 0x08e09e1f, L:/127.0.0.1:60022 - R:localhost/127.0.0.1:58978]' for 'POST' to 'http://localhost:58978/session/ad5934fa0f3782bfa113f0fc59fd8e2e/url'
12:31:04.333 [Forwarding get on session ad5934fa0f3782bfa113f0fc59fd8e2e to remote] DEBUG org.asynchttpclient.netty.request.NettyRequestSender - Using open Channel [id: 0x08e09e1f, L:/127.0.0.1:60022 - R:localhost/127.0.0.1:58978] for POST '/session/ad5934fa0f3782bfa113f0fc59fd8e2e/url'
12:31:04.604 [AsyncHttpClient-1-11] DEBUG org.asynchttpclient.netty.handler.HttpHandler - 

Request DefaultHttpRequest(decodeResult: success, version: HTTP/1.1)
POST /session/ad5934fa0f3782bfa113f0fc59fd8e2e/url HTTP/1.1
User-Agent: selenium/4.4.0 (java windows)
Content-Length: 40
Content-Type: application/json; charset=utf-8
host: localhost:58978
accept: */*

Response DefaultHttpResponse(decodeResult: success, version: HTTP/1.1)
HTTP/1.1 200 OK
Content-Type: application/json; charset=utf-8
cache-control: no-cache
content-length: 14

12:31:04.604 [AsyncHttpClient-1-11] DEBUG org.asynchttpclient.netty.channel.ChannelManager - Adding key: http://localhost:58978 for channel [id: 0x08e09e1f, L:/127.0.0.1:60022 - R:localhost/127.0.0.1:58978]
12:31:04.606 [Forwarding setTimeout on session ad5934fa0f3782bfa113f0fc59fd8e2e to remote] DEBUG org.asynchttpclient.netty.request.NettyRequestSender - Using pooled Channel '[id: 0x08e09e1f, L:/127.0.0.1:60022 - R:localhost/127.0.0.1:58978]' for 'POST' to 'http://localhost:58978/session/ad5934fa0f3782bfa113f0fc59fd8e2e/timeouts'
12:31:04.606 [Forwarding setTimeout on session ad5934fa0f3782bfa113f0fc59fd8e2e to remote] DEBUG org.asynchttpclient.netty.request.NettyRequestSender - Using open Channel [id: 0x08e09e1f, L:/127.0.0.1:60022 - R:localhost/127.0.0.1:58978] for POST '/session/ad5934fa0f3782bfa113f0fc59fd8e2e/timeouts'
12:31:04.607 [AsyncHttpClient-1-11] DEBUG org.asynchttpclient.netty.handler.HttpHandler - 

Request DefaultHttpRequest(decodeResult: success, version: HTTP/1.1)
POST /session/ad5934fa0f3782bfa113f0fc59fd8e2e/timeouts HTTP/1.1
User-Agent: selenium/4.4.0 (java windows)
Content-Length: 22
Content-Type: application/json; charset=utf-8
host: localhost:58978
accept: */*

Response DefaultHttpResponse(decodeResult: success, version: HTTP/1.1)
HTTP/1.1 200 OK
Content-Type: application/json; charset=utf-8
cache-control: no-cache
content-length: 14

12:31:04.607 [AsyncHttpClient-1-11] DEBUG org.asynchttpclient.netty.channel.ChannelManager - Adding key: http://localhost:58978 for channel [id: 0x08e09e1f, L:/127.0.0.1:60022 - R:localhost/127.0.0.1:58978]
12:31:04.614 [Forwarding getCurrentUrl on session ad5934fa0f3782bfa113f0fc59fd8e2e to remote] DEBUG org.asynchttpclient.netty.request.NettyRequestSender - Using pooled Channel '[id: 0x08e09e1f, L:/127.0.0.1:60022 - R:localhost/127.0.0.1:58978]' for 'GET' to 'http://localhost:58978/session/ad5934fa0f3782bfa113f0fc59fd8e2e/url'
12:31:04.615 [Forwarding getCurrentUrl on session ad5934fa0f3782bfa113f0fc59fd8e2e to remote] DEBUG org.asynchttpclient.netty.request.NettyRequestSender - Using open Channel [id: 0x08e09e1f, L:/127.0.0.1:60022 - R:localhost/127.0.0.1:58978] for GET '/session/ad5934fa0f3782bfa113f0fc59fd8e2e/url'
12:31:04.621 [AsyncHttpClient-1-11] DEBUG org.asynchttpclient.netty.handler.HttpHandler - 

Request DefaultFullHttpRequest(decodeResult: success, version: HTTP/1.1, content: EmptyByteBufBE)
GET /session/ad5934fa0f3782bfa113f0fc59fd8e2e/url HTTP/1.1
User-Agent: selenium/4.4.0 (java windows)
Cache-Control: no-cache
Content-Type: application/json; charset=utf-8
host: localhost:58978
accept: */*

Response DefaultHttpResponse(decodeResult: success, version: HTTP/1.1)
HTTP/1.1 200 OK
Content-Type: application/json; charset=utf-8
cache-control: no-cache
content-length: 38

12:31:04.621 [AsyncHttpClient-1-11] DEBUG org.asynchttpclient.netty.channel.ChannelManager - Adding key: http://localhost:58978 for channel [id: 0x08e09e1f, L:/127.0.0.1:60022 - R:localhost/127.0.0.1:58978]
12:31:04.627 [Forwarding getCurrentUrl on session ad5934fa0f3782bfa113f0fc59fd8e2e to remote] DEBUG org.asynchttpclient.netty.request.NettyRequestSender - Using pooled Channel '[id: 0x08e09e1f, L:/127.0.0.1:60022 - R:localhost/127.0.0.1:58978]' for 'GET' to 'http://localhost:58978/session/ad5934fa0f3782bfa113f0fc59fd8e2e/url'
12:31:04.627 [Forwarding getCurrentUrl on session ad5934fa0f3782bfa113f0fc59fd8e2e to remote] DEBUG org.asynchttpclient.netty.request.NettyRequestSender - Using open Channel [id: 0x08e09e1f, L:/127.0.0.1:60022 - R:localhost/127.0.0.1:58978] for GET '/session/ad5934fa0f3782bfa113f0fc59fd8e2e/url'
12:31:04.630 [AsyncHttpClient-1-11] DEBUG org.asynchttpclient.netty.handler.HttpHandler - 

Request DefaultFullHttpRequest(decodeResult: success, version: HTTP/1.1, content: EmptyByteBufBE)
GET /session/ad5934fa0f3782bfa113f0fc59fd8e2e/url HTTP/1.1
User-Agent: selenium/4.4.0 (java windows)
Cache-Control: no-cache
Content-Type: application/json; charset=utf-8
host: localhost:58978
accept: */*

Response DefaultHttpResponse(decodeResult: success, version: HTTP/1.1)
HTTP/1.1 200 OK
Content-Type: application/json; charset=utf-8
cache-control: no-cache
content-length: 38

12:31:04.630 [AsyncHttpClient-1-11] DEBUG org.asynchttpclient.netty.channel.ChannelManager - Adding key: http://localhost:58978 for channel [id: 0x08e09e1f, L:/127.0.0.1:60022 - R:localhost/127.0.0.1:58978]
12:31:04.643 [Forwarding getCurrentWindowHandle on session ad5934fa0f3782bfa113f0fc59fd8e2e to remote] DEBUG org.asynchttpclient.netty.request.NettyRequestSender - Using pooled Channel '[id: 0x08e09e1f, L:/127.0.0.1:60022 - R:localhost/127.0.0.1:58978]' for 'GET' to 'http://localhost:58978/session/ad5934fa0f3782bfa113f0fc59fd8e2e/window'
12:31:04.643 [Forwarding getCurrentWindowHandle on session ad5934fa0f3782bfa113f0fc59fd8e2e to remote] DEBUG org.asynchttpclient.netty.request.NettyRequestSender - Using open Channel [id: 0x08e09e1f, L:/127.0.0.1:60022 - R:localhost/127.0.0.1:58978] for GET '/session/ad5934fa0f3782bfa113f0fc59fd8e2e/window'
12:31:04.643 [AsyncHttpClient-1-11] DEBUG org.asynchttpclient.netty.handler.HttpHandler - 

Request DefaultFullHttpRequest(decodeResult: success, version: HTTP/1.1, content: EmptyByteBufBE)
GET /session/ad5934fa0f3782bfa113f0fc59fd8e2e/window HTTP/1.1
User-Agent: selenium/4.4.0 (java windows)
Cache-Control: no-cache
Content-Type: application/json; charset=utf-8
host: localhost:58978
accept: */*

Response DefaultHttpResponse(decodeResult: success, version: HTTP/1.1)
HTTP/1.1 200 OK
Content-Type: application/json; charset=utf-8
cache-control: no-cache
content-length: 53

12:31:04.644 [AsyncHttpClient-1-11] DEBUG org.asynchttpclient.netty.channel.ChannelManager - Adding key: http://localhost:58978 for channel [id: 0x08e09e1f, L:/127.0.0.1:60022 - R:localhost/127.0.0.1:58978]
12:31:04.651 [Forwarding getAlertText on session ad5934fa0f3782bfa113f0fc59fd8e2e to remote] DEBUG org.asynchttpclient.netty.request.NettyRequestSender - Using pooled Channel '[id: 0x08e09e1f, L:/127.0.0.1:60022 - R:localhost/127.0.0.1:58978]' for 'GET' to 'http://localhost:58978/session/ad5934fa0f3782bfa113f0fc59fd8e2e/alert/text'
12:31:04.651 [Forwarding getAlertText on session ad5934fa0f3782bfa113f0fc59fd8e2e to remote] DEBUG org.asynchttpclient.netty.request.NettyRequestSender - Using open Channel [id: 0x08e09e1f, L:/127.0.0.1:60022 - R:localhost/127.0.0.1:58978] for GET '/session/ad5934fa0f3782bfa113f0fc59fd8e2e/alert/text'
12:31:04.652 [AsyncHttpClient-1-11] DEBUG org.asynchttpclient.netty.handler.HttpHandler - 

Request DefaultFullHttpRequest(decodeResult: success, version: HTTP/1.1, content: EmptyByteBufBE)
GET /session/ad5934fa0f3782bfa113f0fc59fd8e2e/alert/text HTTP/1.1
User-Agent: selenium/4.4.0 (java windows)
Cache-Control: no-cache
Content-Type: application/json; charset=utf-8
host: localhost:58978
accept: */*

Response DefaultHttpResponse(decodeResult: success, version: HTTP/1.1)
HTTP/1.1 404 Not Found
Content-Type: application/json; charset=utf-8
cache-control: no-cache
content-length: 879

12:31:04.652 [AsyncHttpClient-1-11] DEBUG org.asynchttpclient.netty.channel.ChannelManager - Adding key: http://localhost:58978 for channel [id: 0x08e09e1f, L:/127.0.0.1:60022 - R:localhost/127.0.0.1:58978]
12:31:04.656 [Forwarding switchToWindow on session ad5934fa0f3782bfa113f0fc59fd8e2e to remote] DEBUG org.asynchttpclient.netty.request.NettyRequestSender - Using pooled Channel '[id: 0x08e09e1f, L:/127.0.0.1:60022 - R:localhost/127.0.0.1:58978]' for 'POST' to 'http://localhost:58978/session/ad5934fa0f3782bfa113f0fc59fd8e2e/window'
12:31:04.657 [Forwarding switchToWindow on session ad5934fa0f3782bfa113f0fc59fd8e2e to remote] DEBUG org.asynchttpclient.netty.request.NettyRequestSender - Using open Channel [id: 0x08e09e1f, L:/127.0.0.1:60022 - R:localhost/127.0.0.1:58978] for POST '/session/ad5934fa0f3782bfa113f0fc59fd8e2e/window'
12:31:04.661 [AsyncHttpClient-1-11] DEBUG org.asynchttpclient.netty.handler.HttpHandler - 

Request DefaultHttpRequest(decodeResult: success, version: HTTP/1.1)
POST /session/ad5934fa0f3782bfa113f0fc59fd8e2e/window HTTP/1.1
User-Agent: selenium/4.4.0 (java windows)
Content-Length: 59
Content-Type: application/json; charset=utf-8
host: localhost:58978
accept: */*

Response DefaultHttpResponse(decodeResult: success, version: HTTP/1.1)
HTTP/1.1 200 OK
Content-Type: application/json; charset=utf-8
cache-control: no-cache
content-length: 14

12:31:04.661 [AsyncHttpClient-1-11] DEBUG org.asynchttpclient.netty.channel.ChannelManager - Adding key: http://localhost:58978 for channel [id: 0x08e09e1f, L:/127.0.0.1:60022 - R:localhost/127.0.0.1:58978]
12:31:04.662 [Forwarding getCurrentUrl on session ad5934fa0f3782bfa113f0fc59fd8e2e to remote] DEBUG org.asynchttpclient.netty.request.NettyRequestSender - Using pooled Channel '[id: 0x08e09e1f, L:/127.0.0.1:60022 - R:localhost/127.0.0.1:58978]' for 'GET' to 'http://localhost:58978/session/ad5934fa0f3782bfa113f0fc59fd8e2e/url'
12:31:04.662 [Forwarding getCurrentUrl on session ad5934fa0f3782bfa113f0fc59fd8e2e to remote] DEBUG org.asynchttpclient.netty.request.NettyRequestSender - Using open Channel [id: 0x08e09e1f, L:/127.0.0.1:60022 - R:localhost/127.0.0.1:58978] for GET '/session/ad5934fa0f3782bfa113f0fc59fd8e2e/url'
12:31:04.664 [AsyncHttpClient-1-11] DEBUG org.asynchttpclient.netty.handler.HttpHandler - 

Request DefaultFullHttpRequest(decodeResult: success, version: HTTP/1.1, content: EmptyByteBufBE)
GET /session/ad5934fa0f3782bfa113f0fc59fd8e2e/url HTTP/1.1
User-Agent: selenium/4.4.0 (java windows)
Cache-Control: no-cache
Content-Type: application/json; charset=utf-8
host: localhost:58978
accept: */*

Response DefaultHttpResponse(decodeResult: success, version: HTTP/1.1)
HTTP/1.1 200 OK
Content-Type: application/json; charset=utf-8
cache-control: no-cache
content-length: 38

12:31:04.665 [AsyncHttpClient-1-11] DEBUG org.asynchttpclient.netty.channel.ChannelManager - Adding key: http://localhost:58978 for channel [id: 0x08e09e1f, L:/127.0.0.1:60022 - R:localhost/127.0.0.1:58978]
12:31:04.666 [Forwarding screenshot on session ad5934fa0f3782bfa113f0fc59fd8e2e to remote] DEBUG org.asynchttpclient.netty.request.NettyRequestSender - Using pooled Channel '[id: 0x08e09e1f, L:/127.0.0.1:60022 - R:localhost/127.0.0.1:58978]' for 'GET' to 'http://localhost:58978/session/ad5934fa0f3782bfa113f0fc59fd8e2e/screenshot'
12:31:04.666 [Forwarding screenshot on session ad5934fa0f3782bfa113f0fc59fd8e2e to remote] DEBUG org.asynchttpclient.netty.request.NettyRequestSender - Using open Channel [id: 0x08e09e1f, L:/127.0.0.1:60022 - R:localhost/127.0.0.1:58978] for GET '/session/ad5934fa0f3782bfa113f0fc59fd8e2e/screenshot'
12:31:04.769 [AsyncHttpClient-1-11] DEBUG org.asynchttpclient.netty.handler.HttpHandler - 

Request DefaultFullHttpRequest(decodeResult: success, version: HTTP/1.1, content: EmptyByteBufBE)
GET /session/ad5934fa0f3782bfa113f0fc59fd8e2e/screenshot HTTP/1.1
User-Agent: selenium/4.4.0 (java windows)
Cache-Control: no-cache
Content-Type: application/json; charset=utf-8
host: localhost:58978
accept: */*

Response DefaultHttpResponse(decodeResult: success, version: HTTP/1.1)
HTTP/1.1 200 OK
Content-Type: application/json; charset=utf-8
cache-control: no-cache
content-length: 59108

12:31:04.770 [AsyncHttpClient-1-11] DEBUG org.asynchttpclient.netty.channel.ChannelManager - Adding key: http://localhost:58978 for channel [id: 0x08e09e1f, L:/127.0.0.1:60022 - R:localhost/127.0.0.1:58978]
12:31:04.772 [Test worker] DEBUG net.serenitybdd.core.photography.Darkroom - Send negative for processing for C:\Users\juan.gomezv\IdeaProjects\sura\target\site\serenity\60e3c498caf7a8fcf635471a5092c247627e1395d91e12246eaf1a3e7a34e095.png
12:31:04.772 [Test worker] DEBUG net.thucydides.core.steps.StepInterceptor - STEP DONE: {0} opens the #targetPageName
12:31:04.782 [Test worker] DEBUG net.thucydides.core.steps.StepInterceptor - STEP DONE: {0} abre la aplicación
  ?[32mDado ?[0m?[32m?[0m?[32m?[1mAna?[0m?[32m quiere consultar articulos deportivos en la web de la marca Swag?[0m ?[90m# sura.stepDefinitions.LoginSteps.quiereConsultarArticulosDeportivosEnLaWebDeLaMarcaSwag(net.serenitybdd.screenplay.Actor)?[0m
12:31:04.807 [Forwarding getPageSource on session ad5934fa0f3782bfa113f0fc59fd8e2e to remote] DEBUG org.asynchttpclient.netty.request.NettyRequestSender - Using pooled Channel '[id: 0x08e09e1f, L:/127.0.0.1:60022 - R:localhost/127.0.0.1:58978]' for 'POST' to 'http://localhost:58978/session/ad5934fa0f3782bfa113f0fc59fd8e2e/execute/sync'
12:31:04.807 [Forwarding getPageSource on session ad5934fa0f3782bfa113f0fc59fd8e2e to remote] DEBUG org.asynchttpclient.netty.request.NettyRequestSender - Using open Channel [id: 0x08e09e1f, L:/127.0.0.1:60022 - R:localhost/127.0.0.1:58978] for POST '/session/ad5934fa0f3782bfa113f0fc59fd8e2e/execute/sync'
12:31:04.812 [AsyncHttpClient-1-11] DEBUG org.asynchttpclient.netty.handler.HttpHandler - 

Request DefaultHttpRequest(decodeResult: success, version: HTTP/1.1)
POST /session/ad5934fa0f3782bfa113f0fc59fd8e2e/execute/sync HTTP/1.1
User-Agent: selenium/4.4.0 (java windows)
Content-Length: 176
Content-Type: application/json; charset=utf-8
host: localhost:58978
accept: */*

Response DefaultHttpResponse(decodeResult: success, version: HTTP/1.1)
HTTP/1.1 200 OK
Content-Type: application/json; charset=utf-8
cache-control: no-cache
content-length: 4160

12:31:04.812 [AsyncHttpClient-1-11] DEBUG org.asynchttpclient.netty.channel.ChannelManager - Adding key: http://localhost:58978 for channel [id: 0x08e09e1f, L:/127.0.0.1:60022 - R:localhost/127.0.0.1:58978]
12:31:04.814 [Forwarding getCurrentUrl on session ad5934fa0f3782bfa113f0fc59fd8e2e to remote] DEBUG org.asynchttpclient.netty.request.NettyRequestSender - Using pooled Channel '[id: 0x08e09e1f, L:/127.0.0.1:60022 - R:localhost/127.0.0.1:58978]' for 'GET' to 'http://localhost:58978/session/ad5934fa0f3782bfa113f0fc59fd8e2e/url'
12:31:04.814 [Forwarding getCurrentUrl on session ad5934fa0f3782bfa113f0fc59fd8e2e to remote] DEBUG org.asynchttpclient.netty.request.NettyRequestSender - Using open Channel [id: 0x08e09e1f, L:/127.0.0.1:60022 - R:localhost/127.0.0.1:58978] for GET '/session/ad5934fa0f3782bfa113f0fc59fd8e2e/url'
12:31:04.817 [AsyncHttpClient-1-11] DEBUG org.asynchttpclient.netty.handler.HttpHandler - 

Request DefaultFullHttpRequest(decodeResult: success, version: HTTP/1.1, content: EmptyByteBufBE)
GET /session/ad5934fa0f3782bfa113f0fc59fd8e2e/url HTTP/1.1
User-Agent: selenium/4.4.0 (java windows)
Cache-Control: no-cache
Content-Type: application/json; charset=utf-8
host: localhost:58978
accept: */*

Response DefaultHttpResponse(decodeResult: success, version: HTTP/1.1)
HTTP/1.1 200 OK
Content-Type: application/json; charset=utf-8
cache-control: no-cache
content-length: 38

12:31:04.817 [AsyncHttpClient-1-11] DEBUG org.asynchttpclient.netty.channel.ChannelManager - Adding key: http://localhost:58978 for channel [id: 0x08e09e1f, L:/127.0.0.1:60022 - R:localhost/127.0.0.1:58978]
12:31:04.835 [Forwarding getCurrentWindowHandle on session ad5934fa0f3782bfa113f0fc59fd8e2e to remote] DEBUG org.asynchttpclient.netty.request.NettyRequestSender - Using pooled Channel '[id: 0x08e09e1f, L:/127.0.0.1:60022 - R:localhost/127.0.0.1:58978]' for 'GET' to 'http://localhost:58978/session/ad5934fa0f3782bfa113f0fc59fd8e2e/window'
12:31:04.835 [Forwarding getCurrentWindowHandle on session ad5934fa0f3782bfa113f0fc59fd8e2e to remote] DEBUG org.asynchttpclient.netty.request.NettyRequestSender - Using open Channel [id: 0x08e09e1f, L:/127.0.0.1:60022 - R:localhost/127.0.0.1:58978] for GET '/session/ad5934fa0f3782bfa113f0fc59fd8e2e/window'
12:31:04.836 [AsyncHttpClient-1-11] DEBUG org.asynchttpclient.netty.handler.HttpHandler - 

Request DefaultFullHttpRequest(decodeResult: success, version: HTTP/1.1, content: EmptyByteBufBE)
GET /session/ad5934fa0f3782bfa113f0fc59fd8e2e/window HTTP/1.1
User-Agent: selenium/4.4.0 (java windows)
Cache-Control: no-cache
Content-Type: application/json; charset=utf-8
host: localhost:58978
accept: */*

Response DefaultHttpResponse(decodeResult: success, version: HTTP/1.1)
HTTP/1.1 200 OK
Content-Type: application/json; charset=utf-8
cache-control: no-cache
content-length: 53

12:31:04.837 [AsyncHttpClient-1-11] DEBUG org.asynchttpclient.netty.channel.ChannelManager - Adding key: http://localhost:58978 for channel [id: 0x08e09e1f, L:/127.0.0.1:60022 - R:localhost/127.0.0.1:58978]
12:31:04.840 [Forwarding getAlertText on session ad5934fa0f3782bfa113f0fc59fd8e2e to remote] DEBUG org.asynchttpclient.netty.request.NettyRequestSender - Using pooled Channel '[id: 0x08e09e1f, L:/127.0.0.1:60022 - R:localhost/127.0.0.1:58978]' for 'GET' to 'http://localhost:58978/session/ad5934fa0f3782bfa113f0fc59fd8e2e/alert/text'
12:31:04.840 [Forwarding getAlertText on session ad5934fa0f3782bfa113f0fc59fd8e2e to remote] DEBUG org.asynchttpclient.netty.request.NettyRequestSender - Using open Channel [id: 0x08e09e1f, L:/127.0.0.1:60022 - R:localhost/127.0.0.1:58978] for GET '/session/ad5934fa0f3782bfa113f0fc59fd8e2e/alert/text'
12:31:04.842 [AsyncHttpClient-1-11] DEBUG org.asynchttpclient.netty.handler.HttpHandler - 

Request DefaultFullHttpRequest(decodeResult: success, version: HTTP/1.1, content: EmptyByteBufBE)
GET /session/ad5934fa0f3782bfa113f0fc59fd8e2e/alert/text HTTP/1.1
User-Agent: selenium/4.4.0 (java windows)
Cache-Control: no-cache
Content-Type: application/json; charset=utf-8
host: localhost:58978
accept: */*

Response DefaultHttpResponse(decodeResult: success, version: HTTP/1.1)
HTTP/1.1 404 Not Found
Content-Type: application/json; charset=utf-8
cache-control: no-cache
content-length: 879

12:31:04.842 [AsyncHttpClient-1-11] DEBUG org.asynchttpclient.netty.channel.ChannelManager - Adding key: http://localhost:58978 for channel [id: 0x08e09e1f, L:/127.0.0.1:60022 - R:localhost/127.0.0.1:58978]
12:31:04.847 [Forwarding switchToWindow on session ad5934fa0f3782bfa113f0fc59fd8e2e to remote] DEBUG org.asynchttpclient.netty.request.NettyRequestSender - Using pooled Channel '[id: 0x08e09e1f, L:/127.0.0.1:60022 - R:localhost/127.0.0.1:58978]' for 'POST' to 'http://localhost:58978/session/ad5934fa0f3782bfa113f0fc59fd8e2e/window'
12:31:04.847 [Forwarding switchToWindow on session ad5934fa0f3782bfa113f0fc59fd8e2e to remote] DEBUG org.asynchttpclient.netty.request.NettyRequestSender - Using open Channel [id: 0x08e09e1f, L:/127.0.0.1:60022 - R:localhost/127.0.0.1:58978] for POST '/session/ad5934fa0f3782bfa113f0fc59fd8e2e/window'
12:31:04.851 [AsyncHttpClient-1-11] DEBUG org.asynchttpclient.netty.handler.HttpHandler - 

Request DefaultHttpRequest(decodeResult: success, version: HTTP/1.1)
POST /session/ad5934fa0f3782bfa113f0fc59fd8e2e/window HTTP/1.1
User-Agent: selenium/4.4.0 (java windows)
Content-Length: 59
Content-Type: application/json; charset=utf-8
host: localhost:58978
accept: */*

Response DefaultHttpResponse(decodeResult: success, version: HTTP/1.1)
HTTP/1.1 200 OK
Content-Type: application/json; charset=utf-8
cache-control: no-cache
content-length: 14

12:31:04.851 [AsyncHttpClient-1-11] DEBUG org.asynchttpclient.netty.channel.ChannelManager - Adding key: http://localhost:58978 for channel [id: 0x08e09e1f, L:/127.0.0.1:60022 - R:localhost/127.0.0.1:58978]
12:31:04.852 [Forwarding getCurrentUrl on session ad5934fa0f3782bfa113f0fc59fd8e2e to remote] DEBUG org.asynchttpclient.netty.request.NettyRequestSender - Using pooled Channel '[id: 0x08e09e1f, L:/127.0.0.1:60022 - R:localhost/127.0.0.1:58978]' for 'GET' to 'http://localhost:58978/session/ad5934fa0f3782bfa113f0fc59fd8e2e/url'
12:31:04.852 [Forwarding getCurrentUrl on session ad5934fa0f3782bfa113f0fc59fd8e2e to remote] DEBUG org.asynchttpclient.netty.request.NettyRequestSender - Using open Channel [id: 0x08e09e1f, L:/127.0.0.1:60022 - R:localhost/127.0.0.1:58978] for GET '/session/ad5934fa0f3782bfa113f0fc59fd8e2e/url'
12:31:04.857 [AsyncHttpClient-1-11] DEBUG org.asynchttpclient.netty.handler.HttpHandler - 

Request DefaultFullHttpRequest(decodeResult: success, version: HTTP/1.1, content: EmptyByteBufBE)
GET /session/ad5934fa0f3782bfa113f0fc59fd8e2e/url HTTP/1.1
User-Agent: selenium/4.4.0 (java windows)
Cache-Control: no-cache
Content-Type: application/json; charset=utf-8
host: localhost:58978
accept: */*

Response DefaultHttpResponse(decodeResult: success, version: HTTP/1.1)
HTTP/1.1 200 OK
Content-Type: application/json; charset=utf-8
cache-control: no-cache
content-length: 38

12:31:04.857 [AsyncHttpClient-1-11] DEBUG org.asynchttpclient.netty.channel.ChannelManager - Adding key: http://localhost:58978 for channel [id: 0x08e09e1f, L:/127.0.0.1:60022 - R:localhost/127.0.0.1:58978]
12:31:04.858 [Forwarding screenshot on session ad5934fa0f3782bfa113f0fc59fd8e2e to remote] DEBUG org.asynchttpclient.netty.request.NettyRequestSender - Using pooled Channel '[id: 0x08e09e1f, L:/127.0.0.1:60022 - R:localhost/127.0.0.1:58978]' for 'GET' to 'http://localhost:58978/session/ad5934fa0f3782bfa113f0fc59fd8e2e/screenshot'
12:31:04.858 [Forwarding screenshot on session ad5934fa0f3782bfa113f0fc59fd8e2e to remote] DEBUG org.asynchttpclient.netty.request.NettyRequestSender - Using open Channel [id: 0x08e09e1f, L:/127.0.0.1:60022 - R:localhost/127.0.0.1:58978] for GET '/session/ad5934fa0f3782bfa113f0fc59fd8e2e/screenshot'
12:31:04.926 [AsyncHttpClient-1-11] DEBUG org.asynchttpclient.netty.handler.HttpHandler - 

Request DefaultFullHttpRequest(decodeResult: success, version: HTTP/1.1, content: EmptyByteBufBE)
GET /session/ad5934fa0f3782bfa113f0fc59fd8e2e/screenshot HTTP/1.1
User-Agent: selenium/4.4.0 (java windows)
Cache-Control: no-cache
Content-Type: application/json; charset=utf-8
host: localhost:58978
accept: */*

Response DefaultHttpResponse(decodeResult: success, version: HTTP/1.1)
HTTP/1.1 200 OK
Content-Type: application/json; charset=utf-8
cache-control: no-cache
content-length: 59108

12:31:04.927 [AsyncHttpClient-1-11] DEBUG org.asynchttpclient.netty.channel.ChannelManager - Adding key: http://localhost:58978 for channel [id: 0x08e09e1f, L:/127.0.0.1:60022 - R:localhost/127.0.0.1:58978]
12:31:04.928 [Test worker] DEBUG net.serenitybdd.core.photography.Darkroom - Send negative for processing for C:\Users\juan.gomezv\IdeaProjects\sura\target\site\serenity\60e3c498caf7a8fcf635471a5092c247627e1395d91e12246eaf1a3e7a34e095.png
12:31:04.932 [Forwarding getPageSource on session ad5934fa0f3782bfa113f0fc59fd8e2e to remote] DEBUG org.asynchttpclient.netty.request.NettyRequestSender - Using pooled Channel '[id: 0x08e09e1f, L:/127.0.0.1:60022 - R:localhost/127.0.0.1:58978]' for 'POST' to 'http://localhost:58978/session/ad5934fa0f3782bfa113f0fc59fd8e2e/execute/sync'
12:31:04.932 [Forwarding getPageSource on session ad5934fa0f3782bfa113f0fc59fd8e2e to remote] DEBUG org.asynchttpclient.netty.request.NettyRequestSender - Using open Channel [id: 0x08e09e1f, L:/127.0.0.1:60022 - R:localhost/127.0.0.1:58978] for POST '/session/ad5934fa0f3782bfa113f0fc59fd8e2e/execute/sync'
12:31:04.936 [AsyncHttpClient-1-11] DEBUG org.asynchttpclient.netty.handler.HttpHandler - 

Request DefaultHttpRequest(decodeResult: success, version: HTTP/1.1)
POST /session/ad5934fa0f3782bfa113f0fc59fd8e2e/execute/sync HTTP/1.1
User-Agent: selenium/4.4.0 (java windows)
Content-Length: 176
Content-Type: application/json; charset=utf-8
host: localhost:58978
accept: */*

Response DefaultHttpResponse(decodeResult: success, version: HTTP/1.1)
HTTP/1.1 200 OK
Content-Type: application/json; charset=utf-8
cache-control: no-cache
content-length: 4160

12:31:04.936 [AsyncHttpClient-1-11] DEBUG org.asynchttpclient.netty.channel.ChannelManager - Adding key: http://localhost:58978 for channel [id: 0x08e09e1f, L:/127.0.0.1:60022 - R:localhost/127.0.0.1:58978]
12:31:04.937 [Forwarding getCurrentUrl on session ad5934fa0f3782bfa113f0fc59fd8e2e to remote] DEBUG org.asynchttpclient.netty.request.NettyRequestSender - Using pooled Channel '[id: 0x08e09e1f, L:/127.0.0.1:60022 - R:localhost/127.0.0.1:58978]' for 'GET' to 'http://localhost:58978/session/ad5934fa0f3782bfa113f0fc59fd8e2e/url'
12:31:04.937 [Forwarding getCurrentUrl on session ad5934fa0f3782bfa113f0fc59fd8e2e to remote] DEBUG org.asynchttpclient.netty.request.NettyRequestSender - Using open Channel [id: 0x08e09e1f, L:/127.0.0.1:60022 - R:localhost/127.0.0.1:58978] for GET '/session/ad5934fa0f3782bfa113f0fc59fd8e2e/url'
12:31:04.940 [AsyncHttpClient-1-11] DEBUG org.asynchttpclient.netty.handler.HttpHandler - 

Request DefaultFullHttpRequest(decodeResult: success, version: HTTP/1.1, content: EmptyByteBufBE)
GET /session/ad5934fa0f3782bfa113f0fc59fd8e2e/url HTTP/1.1
User-Agent: selenium/4.4.0 (java windows)
Cache-Control: no-cache
Content-Type: application/json; charset=utf-8
host: localhost:58978
accept: */*

Response DefaultHttpResponse(decodeResult: success, version: HTTP/1.1)
HTTP/1.1 200 OK
Content-Type: application/json; charset=utf-8
cache-control: no-cache
content-length: 38

12:31:04.940 [AsyncHttpClient-1-11] DEBUG org.asynchttpclient.netty.channel.ChannelManager - Adding key: http://localhost:58978 for channel [id: 0x08e09e1f, L:/127.0.0.1:60022 - R:localhost/127.0.0.1:58978]
12:31:04.942 [Test worker] DEBUG net.thucydides.core.steps.StepInterceptor - STARTING STEP: LoginSteps.elSeAutenticaComoUnUsuario - performAs
12:31:04.960 [Forwarding getPageSource on session ad5934fa0f3782bfa113f0fc59fd8e2e to remote] DEBUG org.asynchttpclient.netty.request.NettyRequestSender - Using pooled Channel '[id: 0x08e09e1f, L:/127.0.0.1:60022 - R:localhost/127.0.0.1:58978]' for 'POST' to 'http://localhost:58978/session/ad5934fa0f3782bfa113f0fc59fd8e2e/execute/sync'
12:31:04.960 [Forwarding getPageSource on session ad5934fa0f3782bfa113f0fc59fd8e2e to remote] DEBUG org.asynchttpclient.netty.request.NettyRequestSender - Using open Channel [id: 0x08e09e1f, L:/127.0.0.1:60022 - R:localhost/127.0.0.1:58978] for POST '/session/ad5934fa0f3782bfa113f0fc59fd8e2e/execute/sync'
12:31:04.962 [AsyncHttpClient-1-11] DEBUG org.asynchttpclient.netty.handler.HttpHandler - 

Request DefaultHttpRequest(decodeResult: success, version: HTTP/1.1)
POST /session/ad5934fa0f3782bfa113f0fc59fd8e2e/execute/sync HTTP/1.1
User-Agent: selenium/4.4.0 (java windows)
Content-Length: 176
Content-Type: application/json; charset=utf-8
host: localhost:58978
accept: */*

Response DefaultHttpResponse(decodeResult: success, version: HTTP/1.1)
HTTP/1.1 200 OK
Content-Type: application/json; charset=utf-8
cache-control: no-cache
content-length: 4160

12:31:04.963 [AsyncHttpClient-1-11] DEBUG org.asynchttpclient.netty.channel.ChannelManager - Adding key: http://localhost:58978 for channel [id: 0x08e09e1f, L:/127.0.0.1:60022 - R:localhost/127.0.0.1:58978]
12:31:04.964 [Forwarding getCurrentUrl on session ad5934fa0f3782bfa113f0fc59fd8e2e to remote] DEBUG org.asynchttpclient.netty.request.NettyRequestSender - Using pooled Channel '[id: 0x08e09e1f, L:/127.0.0.1:60022 - R:localhost/127.0.0.1:58978]' for 'GET' to 'http://localhost:58978/session/ad5934fa0f3782bfa113f0fc59fd8e2e/url'
12:31:04.964 [Forwarding getCurrentUrl on session ad5934fa0f3782bfa113f0fc59fd8e2e to remote] DEBUG org.asynchttpclient.netty.request.NettyRequestSender - Using open Channel [id: 0x08e09e1f, L:/127.0.0.1:60022 - R:localhost/127.0.0.1:58978] for GET '/session/ad5934fa0f3782bfa113f0fc59fd8e2e/url'
12:31:04.969 [AsyncHttpClient-1-11] DEBUG org.asynchttpclient.netty.handler.HttpHandler - 

Request DefaultFullHttpRequest(decodeResult: success, version: HTTP/1.1, content: EmptyByteBufBE)
GET /session/ad5934fa0f3782bfa113f0fc59fd8e2e/url HTTP/1.1
User-Agent: selenium/4.4.0 (java windows)
Cache-Control: no-cache
Content-Type: application/json; charset=utf-8
host: localhost:58978
accept: */*

Response DefaultHttpResponse(decodeResult: success, version: HTTP/1.1)
HTTP/1.1 200 OK
Content-Type: application/json; charset=utf-8
cache-control: no-cache
content-length: 38

12:31:04.969 [AsyncHttpClient-1-11] DEBUG org.asynchttpclient.netty.channel.ChannelManager - Adding key: http://localhost:58978 for channel [id: 0x08e09e1f, L:/127.0.0.1:60022 - R:localhost/127.0.0.1:58978]
12:31:04.971 [Test worker] DEBUG net.thucydides.core.steps.StepInterceptor - STARTING STEP: LogIn.performAs - {0} enters #theTextAsAString into #target
12:31:04.974 [Test worker] DEBUG net.serenitybdd.screenplay.targets.IFrameSwitcher - default content already selected for usernameTextBox
12:31:04.985 [Forwarding findElement on session ad5934fa0f3782bfa113f0fc59fd8e2e to remote] DEBUG org.asynchttpclient.netty.request.NettyRequestSender - Using pooled Channel '[id: 0x08e09e1f, L:/127.0.0.1:60022 - R:localhost/127.0.0.1:58978]' for 'POST' to 'http://localhost:58978/session/ad5934fa0f3782bfa113f0fc59fd8e2e/element'
12:31:04.985 [Forwarding findElement on session ad5934fa0f3782bfa113f0fc59fd8e2e to remote] DEBUG org.asynchttpclient.netty.request.NettyRequestSender - Using open Channel [id: 0x08e09e1f, L:/127.0.0.1:60022 - R:localhost/127.0.0.1:58978] for POST '/session/ad5934fa0f3782bfa113f0fc59fd8e2e/element'
12:31:04.994 [AsyncHttpClient-1-11] DEBUG org.asynchttpclient.netty.handler.HttpHandler - 

Request DefaultHttpRequest(decodeResult: success, version: HTTP/1.1)
POST /session/ad5934fa0f3782bfa113f0fc59fd8e2e/element HTTP/1.1
User-Agent: selenium/4.4.0 (java windows)
Content-Length: 67
Content-Type: application/json; charset=utf-8
host: localhost:58978
accept: */*

Response DefaultHttpResponse(decodeResult: success, version: HTTP/1.1)
HTTP/1.1 200 OK
Content-Type: application/json; charset=utf-8
cache-control: no-cache
content-length: 88

12:31:04.994 [AsyncHttpClient-1-11] DEBUG org.asynchttpclient.netty.channel.ChannelManager - Adding key: http://localhost:58978 for channel [id: 0x08e09e1f, L:/127.0.0.1:60022 - R:localhost/127.0.0.1:58978]
12:31:04.995 [Forwarding clearElement on session ad5934fa0f3782bfa113f0fc59fd8e2e to remote] DEBUG org.asynchttpclient.netty.request.NettyRequestSender - Using pooled Channel '[id: 0x08e09e1f, L:/127.0.0.1:60022 - R:localhost/127.0.0.1:58978]' for 'POST' to 'http://localhost:58978/session/ad5934fa0f3782bfa113f0fc59fd8e2e/element/365dea0b-7102-4db7-8a25-9a8179dee94f/clear'
12:31:04.995 [Forwarding clearElement on session ad5934fa0f3782bfa113f0fc59fd8e2e to remote] DEBUG org.asynchttpclient.netty.request.NettyRequestSender - Using open Channel [id: 0x08e09e1f, L:/127.0.0.1:60022 - R:localhost/127.0.0.1:58978] for POST '/session/ad5934fa0f3782bfa113f0fc59fd8e2e/element/365dea0b-7102-4db7-8a25-9a8179dee94f/clear'
12:31:05.059 [AsyncHttpClient-1-11] DEBUG org.asynchttpclient.netty.handler.HttpHandler - 

Request DefaultHttpRequest(decodeResult: success, version: HTTP/1.1)
POST /session/ad5934fa0f3782bfa113f0fc59fd8e2e/element/365dea0b-7102-4db7-8a25-9a8179dee94f/clear HTTP/1.1
User-Agent: selenium/4.4.0 (java windows)
Content-Length: 50
Content-Type: application/json; charset=utf-8
host: localhost:58978
accept: */*

Response DefaultHttpResponse(decodeResult: success, version: HTTP/1.1)
HTTP/1.1 200 OK
Content-Type: application/json; charset=utf-8
cache-control: no-cache
content-length: 14

12:31:05.059 [AsyncHttpClient-1-11] DEBUG org.asynchttpclient.netty.channel.ChannelManager - Adding key: http://localhost:58978 for channel [id: 0x08e09e1f, L:/127.0.0.1:60022 - R:localhost/127.0.0.1:58978]
12:31:05.069 [Forwarding sendKeysToElement on session ad5934fa0f3782bfa113f0fc59fd8e2e to remote] DEBUG org.asynchttpclient.netty.request.NettyRequestSender - Using pooled Channel '[id: 0x08e09e1f, L:/127.0.0.1:60022 - R:localhost/127.0.0.1:58978]' for 'POST' to 'http://localhost:58978/session/ad5934fa0f3782bfa113f0fc59fd8e2e/element/365dea0b-7102-4db7-8a25-9a8179dee94f/value'
12:31:05.069 [Forwarding sendKeysToElement on session ad5934fa0f3782bfa113f0fc59fd8e2e to remote] DEBUG org.asynchttpclient.netty.request.NettyRequestSender - Using open Channel [id: 0x08e09e1f, L:/127.0.0.1:60022 - R:localhost/127.0.0.1:58978] for POST '/session/ad5934fa0f3782bfa113f0fc59fd8e2e/element/365dea0b-7102-4db7-8a25-9a8179dee94f/value'
12:31:05.118 [AsyncHttpClient-1-11] DEBUG org.asynchttpclient.netty.handler.HttpHandler - 

Request DefaultHttpRequest(decodeResult: success, version: HTTP/1.1)
POST /session/ad5934fa0f3782bfa113f0fc59fd8e2e/element/365dea0b-7102-4db7-8a25-9a8179dee94f/value HTTP/1.1
User-Agent: selenium/4.4.0 (java windows)
Content-Length: 201
Content-Type: application/json; charset=utf-8
host: localhost:58978
accept: */*

Response DefaultHttpResponse(decodeResult: success, version: HTTP/1.1)
HTTP/1.1 200 OK
Content-Type: application/json; charset=utf-8
cache-control: no-cache
content-length: 14

12:31:05.118 [AsyncHttpClient-1-11] DEBUG org.asynchttpclient.netty.channel.ChannelManager - Adding key: http://localhost:58978 for channel [id: 0x08e09e1f, L:/127.0.0.1:60022 - R:localhost/127.0.0.1:58978]
12:31:05.130 [Forwarding getCurrentWindowHandle on session ad5934fa0f3782bfa113f0fc59fd8e2e to remote] DEBUG org.asynchttpclient.netty.request.NettyRequestSender - Using pooled Channel '[id: 0x08e09e1f, L:/127.0.0.1:60022 - R:localhost/127.0.0.1:58978]' for 'GET' to 'http://localhost:58978/session/ad5934fa0f3782bfa113f0fc59fd8e2e/window'
12:31:05.130 [Forwarding getCurrentWindowHandle on session ad5934fa0f3782bfa113f0fc59fd8e2e to remote] DEBUG org.asynchttpclient.netty.request.NettyRequestSender - Using open Channel [id: 0x08e09e1f, L:/127.0.0.1:60022 - R:localhost/127.0.0.1:58978] for GET '/session/ad5934fa0f3782bfa113f0fc59fd8e2e/window'
12:31:05.131 [AsyncHttpClient-1-11] DEBUG org.asynchttpclient.netty.handler.HttpHandler - 

Request DefaultFullHttpRequest(decodeResult: success, version: HTTP/1.1, content: EmptyByteBufBE)
GET /session/ad5934fa0f3782bfa113f0fc59fd8e2e/window HTTP/1.1
User-Agent: selenium/4.4.0 (java windows)
Cache-Control: no-cache
Content-Type: application/json; charset=utf-8
host: localhost:58978
accept: */*

Response DefaultHttpResponse(decodeResult: success, version: HTTP/1.1)
HTTP/1.1 200 OK
Content-Type: application/json; charset=utf-8
cache-control: no-cache
content-length: 53

12:31:05.131 [AsyncHttpClient-1-11] DEBUG org.asynchttpclient.netty.channel.ChannelManager - Adding key: http://localhost:58978 for channel [id: 0x08e09e1f, L:/127.0.0.1:60022 - R:localhost/127.0.0.1:58978]
12:31:05.135 [Forwarding getAlertText on session ad5934fa0f3782bfa113f0fc59fd8e2e to remote] DEBUG org.asynchttpclient.netty.request.NettyRequestSender - Using pooled Channel '[id: 0x08e09e1f, L:/127.0.0.1:60022 - R:localhost/127.0.0.1:58978]' for 'GET' to 'http://localhost:58978/session/ad5934fa0f3782bfa113f0fc59fd8e2e/alert/text'
12:31:05.135 [Forwarding getAlertText on session ad5934fa0f3782bfa113f0fc59fd8e2e to remote] DEBUG org.asynchttpclient.netty.request.NettyRequestSender - Using open Channel [id: 0x08e09e1f, L:/127.0.0.1:60022 - R:localhost/127.0.0.1:58978] for GET '/session/ad5934fa0f3782bfa113f0fc59fd8e2e/alert/text'
12:31:05.136 [AsyncHttpClient-1-11] DEBUG org.asynchttpclient.netty.handler.HttpHandler - 

Request DefaultFullHttpRequest(decodeResult: success, version: HTTP/1.1, content: EmptyByteBufBE)
GET /session/ad5934fa0f3782bfa113f0fc59fd8e2e/alert/text HTTP/1.1
User-Agent: selenium/4.4.0 (java windows)
Cache-Control: no-cache
Content-Type: application/json; charset=utf-8
host: localhost:58978
accept: */*

Response DefaultHttpResponse(decodeResult: success, version: HTTP/1.1)
HTTP/1.1 404 Not Found
Content-Type: application/json; charset=utf-8
cache-control: no-cache
content-length: 879

12:31:05.136 [AsyncHttpClient-1-11] DEBUG org.asynchttpclient.netty.channel.ChannelManager - Adding key: http://localhost:58978 for channel [id: 0x08e09e1f, L:/127.0.0.1:60022 - R:localhost/127.0.0.1:58978]
12:31:05.140 [Forwarding switchToWindow on session ad5934fa0f3782bfa113f0fc59fd8e2e to remote] DEBUG org.asynchttpclient.netty.request.NettyRequestSender - Using pooled Channel '[id: 0x08e09e1f, L:/127.0.0.1:60022 - R:localhost/127.0.0.1:58978]' for 'POST' to 'http://localhost:58978/session/ad5934fa0f3782bfa113f0fc59fd8e2e/window'
12:31:05.140 [Forwarding switchToWindow on session ad5934fa0f3782bfa113f0fc59fd8e2e to remote] DEBUG org.asynchttpclient.netty.request.NettyRequestSender - Using open Channel [id: 0x08e09e1f, L:/127.0.0.1:60022 - R:localhost/127.0.0.1:58978] for POST '/session/ad5934fa0f3782bfa113f0fc59fd8e2e/window'
12:31:05.142 [AsyncHttpClient-1-11] DEBUG org.asynchttpclient.netty.handler.HttpHandler - 

Request DefaultHttpRequest(decodeResult: success, version: HTTP/1.1)
POST /session/ad5934fa0f3782bfa113f0fc59fd8e2e/window HTTP/1.1
User-Agent: selenium/4.4.0 (java windows)
Content-Length: 59
Content-Type: application/json; charset=utf-8
host: localhost:58978
accept: */*

Response DefaultHttpResponse(decodeResult: success, version: HTTP/1.1)
HTTP/1.1 200 OK
Content-Type: application/json; charset=utf-8
cache-control: no-cache
content-length: 14

12:31:05.142 [AsyncHttpClient-1-11] DEBUG org.asynchttpclient.netty.channel.ChannelManager - Adding key: http://localhost:58978 for channel [id: 0x08e09e1f, L:/127.0.0.1:60022 - R:localhost/127.0.0.1:58978]
12:31:05.143 [Forwarding getCurrentUrl on session ad5934fa0f3782bfa113f0fc59fd8e2e to remote] DEBUG org.asynchttpclient.netty.request.NettyRequestSender - Using pooled Channel '[id: 0x08e09e1f, L:/127.0.0.1:60022 - R:localhost/127.0.0.1:58978]' for 'GET' to 'http://localhost:58978/session/ad5934fa0f3782bfa113f0fc59fd8e2e/url'
12:31:05.143 [Forwarding getCurrentUrl on session ad5934fa0f3782bfa113f0fc59fd8e2e to remote] DEBUG org.asynchttpclient.netty.request.NettyRequestSender - Using open Channel [id: 0x08e09e1f, L:/127.0.0.1:60022 - R:localhost/127.0.0.1:58978] for GET '/session/ad5934fa0f3782bfa113f0fc59fd8e2e/url'
12:31:05.146 [AsyncHttpClient-1-11] DEBUG org.asynchttpclient.netty.handler.HttpHandler - 

Request DefaultFullHttpRequest(decodeResult: success, version: HTTP/1.1, content: EmptyByteBufBE)
GET /session/ad5934fa0f3782bfa113f0fc59fd8e2e/url HTTP/1.1
User-Agent: selenium/4.4.0 (java windows)
Cache-Control: no-cache
Content-Type: application/json; charset=utf-8
host: localhost:58978
accept: */*

Response DefaultHttpResponse(decodeResult: success, version: HTTP/1.1)
HTTP/1.1 200 OK
Content-Type: application/json; charset=utf-8
cache-control: no-cache
content-length: 38

12:31:05.146 [AsyncHttpClient-1-11] DEBUG org.asynchttpclient.netty.channel.ChannelManager - Adding key: http://localhost:58978 for channel [id: 0x08e09e1f, L:/127.0.0.1:60022 - R:localhost/127.0.0.1:58978]
12:31:05.147 [Forwarding screenshot on session ad5934fa0f3782bfa113f0fc59fd8e2e to remote] DEBUG org.asynchttpclient.netty.request.NettyRequestSender - Using pooled Channel '[id: 0x08e09e1f, L:/127.0.0.1:60022 - R:localhost/127.0.0.1:58978]' for 'GET' to 'http://localhost:58978/session/ad5934fa0f3782bfa113f0fc59fd8e2e/screenshot'
12:31:05.147 [Forwarding screenshot on session ad5934fa0f3782bfa113f0fc59fd8e2e to remote] DEBUG org.asynchttpclient.netty.request.NettyRequestSender - Using open Channel [id: 0x08e09e1f, L:/127.0.0.1:60022 - R:localhost/127.0.0.1:58978] for GET '/session/ad5934fa0f3782bfa113f0fc59fd8e2e/screenshot'
12:31:05.233 [AsyncHttpClient-1-11] DEBUG org.asynchttpclient.netty.handler.HttpHandler - 

Request DefaultFullHttpRequest(decodeResult: success, version: HTTP/1.1, content: EmptyByteBufBE)
GET /session/ad5934fa0f3782bfa113f0fc59fd8e2e/screenshot HTTP/1.1
User-Agent: selenium/4.4.0 (java windows)
Cache-Control: no-cache
Content-Type: application/json; charset=utf-8
host: localhost:58978
accept: */*

Response DefaultHttpResponse(decodeResult: success, version: HTTP/1.1)
HTTP/1.1 200 OK
Content-Type: application/json; charset=utf-8
cache-control: no-cache
content-length: 59704

12:31:05.234 [AsyncHttpClient-1-11] DEBUG org.asynchttpclient.netty.channel.ChannelManager - Adding key: http://localhost:58978 for channel [id: 0x08e09e1f, L:/127.0.0.1:60022 - R:localhost/127.0.0.1:58978]
12:31:05.235 [Test worker] DEBUG net.serenitybdd.core.photography.Darkroom - Send negative for processing for C:\Users\juan.gomezv\IdeaProjects\sura\target\site\serenity\f890de561ffed9ecf08f6e3555b5e83042adec236401f7026f10e932656b6375.png
12:31:05.235 [Test worker] DEBUG net.thucydides.core.steps.StepInterceptor - STEP DONE: {0} enters #theTextAsAString into #target
12:31:05.235 [Darkroom Processing Line] DEBUG net.serenitybdd.core.photography.DarkroomProcessingLine - Processing screenshot image in /var/screenshots/screenshot-12587560101989505962
12:31:05.236 [Darkroom Processing Line] DEBUG net.serenitybdd.core.photography.DarkroomProcessingLine - Saving screenshot to C:\Users\juan.gomezv\IdeaProjects\sura\target\site\serenity\f890de561ffed9ecf08f6e3555b5e83042adec236401f7026f10e932656b6375.png
12:31:05.246 [Forwarding getPageSource on session ad5934fa0f3782bfa113f0fc59fd8e2e to remote] DEBUG org.asynchttpclient.netty.request.NettyRequestSender - Using pooled Channel '[id: 0x08e09e1f, L:/127.0.0.1:60022 - R:localhost/127.0.0.1:58978]' for 'POST' to 'http://localhost:58978/session/ad5934fa0f3782bfa113f0fc59fd8e2e/execute/sync'
12:31:05.246 [Forwarding getPageSource on session ad5934fa0f3782bfa113f0fc59fd8e2e to remote] DEBUG org.asynchttpclient.netty.request.NettyRequestSender - Using open Channel [id: 0x08e09e1f, L:/127.0.0.1:60022 - R:localhost/127.0.0.1:58978] for POST '/session/ad5934fa0f3782bfa113f0fc59fd8e2e/execute/sync'
12:31:05.247 [AsyncHttpClient-1-1] DEBUG org.asynchttpclient.netty.channel.DefaultChannelPool - Entry count for : http://localhost:60024 : 1
12:31:05.251 [AsyncHttpClient-1-11] DEBUG org.asynchttpclient.netty.handler.HttpHandler - 

Request DefaultHttpRequest(decodeResult: success, version: HTTP/1.1)
POST /session/ad5934fa0f3782bfa113f0fc59fd8e2e/execute/sync HTTP/1.1
User-Agent: selenium/4.4.0 (java windows)
Content-Length: 176
Content-Type: application/json; charset=utf-8
host: localhost:58978
accept: */*

Response DefaultHttpResponse(decodeResult: success, version: HTTP/1.1)
HTTP/1.1 200 OK
Content-Type: application/json; charset=utf-8
cache-control: no-cache
content-length: 4172

12:31:05.251 [AsyncHttpClient-1-11] DEBUG org.asynchttpclient.netty.channel.ChannelManager - Adding key: http://localhost:58978 for channel [id: 0x08e09e1f, L:/127.0.0.1:60022 - R:localhost/127.0.0.1:58978]
12:31:05.253 [Forwarding getCurrentUrl on session ad5934fa0f3782bfa113f0fc59fd8e2e to remote] DEBUG org.asynchttpclient.netty.request.NettyRequestSender - Using pooled Channel '[id: 0x08e09e1f, L:/127.0.0.1:60022 - R:localhost/127.0.0.1:58978]' for 'GET' to 'http://localhost:58978/session/ad5934fa0f3782bfa113f0fc59fd8e2e/url'
12:31:05.253 [Forwarding getCurrentUrl on session ad5934fa0f3782bfa113f0fc59fd8e2e to remote] DEBUG org.asynchttpclient.netty.request.NettyRequestSender - Using open Channel [id: 0x08e09e1f, L:/127.0.0.1:60022 - R:localhost/127.0.0.1:58978] for GET '/session/ad5934fa0f3782bfa113f0fc59fd8e2e/url'
12:31:05.255 [AsyncHttpClient-1-11] DEBUG org.asynchttpclient.netty.handler.HttpHandler - 

Request DefaultFullHttpRequest(decodeResult: success, version: HTTP/1.1, content: EmptyByteBufBE)
GET /session/ad5934fa0f3782bfa113f0fc59fd8e2e/url HTTP/1.1
User-Agent: selenium/4.4.0 (java windows)
Cache-Control: no-cache
Content-Type: application/json; charset=utf-8
host: localhost:58978
accept: */*

Response DefaultHttpResponse(decodeResult: success, version: HTTP/1.1)
HTTP/1.1 200 OK
Content-Type: application/json; charset=utf-8
cache-control: no-cache
content-length: 38

12:31:05.255 [AsyncHttpClient-1-11] DEBUG org.asynchttpclient.netty.channel.ChannelManager - Adding key: http://localhost:58978 for channel [id: 0x08e09e1f, L:/127.0.0.1:60022 - R:localhost/127.0.0.1:58978]
12:31:05.258 [Test worker] DEBUG net.thucydides.core.steps.StepInterceptor - STARTING STEP: LogIn.performAs - {0} enters #theTextAsAString into #target
12:31:05.260 [Test worker] DEBUG net.serenitybdd.screenplay.targets.IFrameSwitcher - default content already selected for passwordTextBox
12:31:05.271 [Forwarding findElement on session ad5934fa0f3782bfa113f0fc59fd8e2e to remote] DEBUG org.asynchttpclient.netty.request.NettyRequestSender - Using pooled Channel '[id: 0x08e09e1f, L:/127.0.0.1:60022 - R:localhost/127.0.0.1:58978]' for 'POST' to 'http://localhost:58978/session/ad5934fa0f3782bfa113f0fc59fd8e2e/element'
12:31:05.271 [Forwarding findElement on session ad5934fa0f3782bfa113f0fc59fd8e2e to remote] DEBUG org.asynchttpclient.netty.request.NettyRequestSender - Using open Channel [id: 0x08e09e1f, L:/127.0.0.1:60022 - R:localhost/127.0.0.1:58978] for POST '/session/ad5934fa0f3782bfa113f0fc59fd8e2e/element'
12:31:05.278 [AsyncHttpClient-1-11] DEBUG org.asynchttpclient.netty.handler.HttpHandler - 

Request DefaultHttpRequest(decodeResult: success, version: HTTP/1.1)
POST /session/ad5934fa0f3782bfa113f0fc59fd8e2e/element HTTP/1.1
User-Agent: selenium/4.4.0 (java windows)
Content-Length: 66
Content-Type: application/json; charset=utf-8
host: localhost:58978
accept: */*

Response DefaultHttpResponse(decodeResult: success, version: HTTP/1.1)
HTTP/1.1 200 OK
Content-Type: application/json; charset=utf-8
cache-control: no-cache
content-length: 88

12:31:05.279 [AsyncHttpClient-1-11] DEBUG org.asynchttpclient.netty.channel.ChannelManager - Adding key: http://localhost:58978 for channel [id: 0x08e09e1f, L:/127.0.0.1:60022 - R:localhost/127.0.0.1:58978]
12:31:05.279 [Forwarding clearElement on session ad5934fa0f3782bfa113f0fc59fd8e2e to remote] DEBUG org.asynchttpclient.netty.request.NettyRequestSender - Using pooled Channel '[id: 0x08e09e1f, L:/127.0.0.1:60022 - R:localhost/127.0.0.1:58978]' for 'POST' to 'http://localhost:58978/session/ad5934fa0f3782bfa113f0fc59fd8e2e/element/0f32981b-7215-42c6-a6b2-4cc2e1e7093c/clear'
12:31:05.279 [Forwarding clearElement on session ad5934fa0f3782bfa113f0fc59fd8e2e to remote] DEBUG org.asynchttpclient.netty.request.NettyRequestSender - Using open Channel [id: 0x08e09e1f, L:/127.0.0.1:60022 - R:localhost/127.0.0.1:58978] for POST '/session/ad5934fa0f3782bfa113f0fc59fd8e2e/element/0f32981b-7215-42c6-a6b2-4cc2e1e7093c/clear'
12:31:05.301 [AsyncHttpClient-1-11] DEBUG org.asynchttpclient.netty.handler.HttpHandler - 

Request DefaultHttpRequest(decodeResult: success, version: HTTP/1.1)
POST /session/ad5934fa0f3782bfa113f0fc59fd8e2e/element/0f32981b-7215-42c6-a6b2-4cc2e1e7093c/clear HTTP/1.1
User-Agent: selenium/4.4.0 (java windows)
Content-Length: 50
Content-Type: application/json; charset=utf-8
host: localhost:58978
accept: */*

Response DefaultHttpResponse(decodeResult: success, version: HTTP/1.1)
HTTP/1.1 200 OK
Content-Type: application/json; charset=utf-8
cache-control: no-cache
content-length: 14

12:31:05.301 [AsyncHttpClient-1-11] DEBUG org.asynchttpclient.netty.channel.ChannelManager - Adding key: http://localhost:58978 for channel [id: 0x08e09e1f, L:/127.0.0.1:60022 - R:localhost/127.0.0.1:58978]
12:31:05.305 [Forwarding sendKeysToElement on session ad5934fa0f3782bfa113f0fc59fd8e2e to remote] DEBUG org.asynchttpclient.netty.request.NettyRequestSender - Using pooled Channel '[id: 0x08e09e1f, L:/127.0.0.1:60022 - R:localhost/127.0.0.1:58978]' for 'POST' to 'http://localhost:58978/session/ad5934fa0f3782bfa113f0fc59fd8e2e/element/0f32981b-7215-42c6-a6b2-4cc2e1e7093c/value'
12:31:05.305 [Forwarding sendKeysToElement on session ad5934fa0f3782bfa113f0fc59fd8e2e to remote] DEBUG org.asynchttpclient.netty.request.NettyRequestSender - Using open Channel [id: 0x08e09e1f, L:/127.0.0.1:60022 - R:localhost/127.0.0.1:58978] for POST '/session/ad5934fa0f3782bfa113f0fc59fd8e2e/element/0f32981b-7215-42c6-a6b2-4cc2e1e7093c/value'
12:31:05.343 [AsyncHttpClient-1-11] DEBUG org.asynchttpclient.netty.handler.HttpHandler - 

Request DefaultHttpRequest(decodeResult: success, version: HTTP/1.1)
POST /session/ad5934fa0f3782bfa113f0fc59fd8e2e/element/0f32981b-7215-42c6-a6b2-4cc2e1e7093c/value HTTP/1.1
User-Agent: selenium/4.4.0 (java windows)
Content-Length: 201
Content-Type: application/json; charset=utf-8
host: localhost:58978
accept: */*

Response DefaultHttpResponse(decodeResult: success, version: HTTP/1.1)
HTTP/1.1 200 OK
Content-Type: application/json; charset=utf-8
cache-control: no-cache
content-length: 14

12:31:05.344 [AsyncHttpClient-1-11] DEBUG org.asynchttpclient.netty.channel.ChannelManager - Adding key: http://localhost:58978 for channel [id: 0x08e09e1f, L:/127.0.0.1:60022 - R:localhost/127.0.0.1:58978]
12:31:05.363 [Forwarding getCurrentWindowHandle on session ad5934fa0f3782bfa113f0fc59fd8e2e to remote] DEBUG org.asynchttpclient.netty.request.NettyRequestSender - Using pooled Channel '[id: 0x08e09e1f, L:/127.0.0.1:60022 - R:localhost/127.0.0.1:58978]' for 'GET' to 'http://localhost:58978/session/ad5934fa0f3782bfa113f0fc59fd8e2e/window'
12:31:05.363 [Forwarding getCurrentWindowHandle on session ad5934fa0f3782bfa113f0fc59fd8e2e to remote] DEBUG org.asynchttpclient.netty.request.NettyRequestSender - Using open Channel [id: 0x08e09e1f, L:/127.0.0.1:60022 - R:localhost/127.0.0.1:58978] for GET '/session/ad5934fa0f3782bfa113f0fc59fd8e2e/window'
12:31:05.364 [AsyncHttpClient-1-11] DEBUG org.asynchttpclient.netty.handler.HttpHandler - 

Request DefaultFullHttpRequest(decodeResult: success, version: HTTP/1.1, content: EmptyByteBufBE)
GET /session/ad5934fa0f3782bfa113f0fc59fd8e2e/window HTTP/1.1
User-Agent: selenium/4.4.0 (java windows)
Cache-Control: no-cache
Content-Type: application/json; charset=utf-8
host: localhost:58978
accept: */*

Response DefaultHttpResponse(decodeResult: success, version: HTTP/1.1)
HTTP/1.1 200 OK
Content-Type: application/json; charset=utf-8
cache-control: no-cache
content-length: 53

12:31:05.364 [AsyncHttpClient-1-11] DEBUG org.asynchttpclient.netty.channel.ChannelManager - Adding key: http://localhost:58978 for channel [id: 0x08e09e1f, L:/127.0.0.1:60022 - R:localhost/127.0.0.1:58978]
12:31:05.367 [Forwarding getAlertText on session ad5934fa0f3782bfa113f0fc59fd8e2e to remote] DEBUG org.asynchttpclient.netty.request.NettyRequestSender - Using pooled Channel '[id: 0x08e09e1f, L:/127.0.0.1:60022 - R:localhost/127.0.0.1:58978]' for 'GET' to 'http://localhost:58978/session/ad5934fa0f3782bfa113f0fc59fd8e2e/alert/text'
12:31:05.367 [Forwarding getAlertText on session ad5934fa0f3782bfa113f0fc59fd8e2e to remote] DEBUG org.asynchttpclient.netty.request.NettyRequestSender - Using open Channel [id: 0x08e09e1f, L:/127.0.0.1:60022 - R:localhost/127.0.0.1:58978] for GET '/session/ad5934fa0f3782bfa113f0fc59fd8e2e/alert/text'
12:31:05.369 [AsyncHttpClient-1-11] DEBUG org.asynchttpclient.netty.handler.HttpHandler - 

Request DefaultFullHttpRequest(decodeResult: success, version: HTTP/1.1, content: EmptyByteBufBE)
GET /session/ad5934fa0f3782bfa113f0fc59fd8e2e/alert/text HTTP/1.1
User-Agent: selenium/4.4.0 (java windows)
Cache-Control: no-cache
Content-Type: application/json; charset=utf-8
host: localhost:58978
accept: */*

Response DefaultHttpResponse(decodeResult: success, version: HTTP/1.1)
HTTP/1.1 404 Not Found
Content-Type: application/json; charset=utf-8
cache-control: no-cache
content-length: 879

12:31:05.369 [AsyncHttpClient-1-11] DEBUG org.asynchttpclient.netty.channel.ChannelManager - Adding key: http://localhost:58978 for channel [id: 0x08e09e1f, L:/127.0.0.1:60022 - R:localhost/127.0.0.1:58978]
12:31:05.373 [Forwarding switchToWindow on session ad5934fa0f3782bfa113f0fc59fd8e2e to remote] DEBUG org.asynchttpclient.netty.request.NettyRequestSender - Using pooled Channel '[id: 0x08e09e1f, L:/127.0.0.1:60022 - R:localhost/127.0.0.1:58978]' for 'POST' to 'http://localhost:58978/session/ad5934fa0f3782bfa113f0fc59fd8e2e/window'
12:31:05.373 [Forwarding switchToWindow on session ad5934fa0f3782bfa113f0fc59fd8e2e to remote] DEBUG org.asynchttpclient.netty.request.NettyRequestSender - Using open Channel [id: 0x08e09e1f, L:/127.0.0.1:60022 - R:localhost/127.0.0.1:58978] for POST '/session/ad5934fa0f3782bfa113f0fc59fd8e2e/window'
12:31:05.375 [AsyncHttpClient-1-11] DEBUG org.asynchttpclient.netty.handler.HttpHandler - 

Request DefaultHttpRequest(decodeResult: success, version: HTTP/1.1)
POST /session/ad5934fa0f3782bfa113f0fc59fd8e2e/window HTTP/1.1
User-Agent: selenium/4.4.0 (java windows)
Content-Length: 59
Content-Type: application/json; charset=utf-8
host: localhost:58978
accept: */*

Response DefaultHttpResponse(decodeResult: success, version: HTTP/1.1)
HTTP/1.1 200 OK
Content-Type: application/json; charset=utf-8
cache-control: no-cache
content-length: 14

12:31:05.375 [AsyncHttpClient-1-11] DEBUG org.asynchttpclient.netty.channel.ChannelManager - Adding key: http://localhost:58978 for channel [id: 0x08e09e1f, L:/127.0.0.1:60022 - R:localhost/127.0.0.1:58978]
12:31:05.376 [Forwarding getCurrentUrl on session ad5934fa0f3782bfa113f0fc59fd8e2e to remote] DEBUG org.asynchttpclient.netty.request.NettyRequestSender - Using pooled Channel '[id: 0x08e09e1f, L:/127.0.0.1:60022 - R:localhost/127.0.0.1:58978]' for 'GET' to 'http://localhost:58978/session/ad5934fa0f3782bfa113f0fc59fd8e2e/url'
12:31:05.376 [Forwarding getCurrentUrl on session ad5934fa0f3782bfa113f0fc59fd8e2e to remote] DEBUG org.asynchttpclient.netty.request.NettyRequestSender - Using open Channel [id: 0x08e09e1f, L:/127.0.0.1:60022 - R:localhost/127.0.0.1:58978] for GET '/session/ad5934fa0f3782bfa113f0fc59fd8e2e/url'
12:31:05.380 [AsyncHttpClient-1-11] DEBUG org.asynchttpclient.netty.handler.HttpHandler - 

Request DefaultFullHttpRequest(decodeResult: success, version: HTTP/1.1, content: EmptyByteBufBE)
GET /session/ad5934fa0f3782bfa113f0fc59fd8e2e/url HTTP/1.1
User-Agent: selenium/4.4.0 (java windows)
Cache-Control: no-cache
Content-Type: application/json; charset=utf-8
host: localhost:58978
accept: */*

Response DefaultHttpResponse(decodeResult: success, version: HTTP/1.1)
HTTP/1.1 200 OK
Content-Type: application/json; charset=utf-8
cache-control: no-cache
content-length: 38

12:31:05.380 [AsyncHttpClient-1-11] DEBUG org.asynchttpclient.netty.channel.ChannelManager - Adding key: http://localhost:58978 for channel [id: 0x08e09e1f, L:/127.0.0.1:60022 - R:localhost/127.0.0.1:58978]
12:31:05.381 [Forwarding screenshot on session ad5934fa0f3782bfa113f0fc59fd8e2e to remote] DEBUG org.asynchttpclient.netty.request.NettyRequestSender - Using pooled Channel '[id: 0x08e09e1f, L:/127.0.0.1:60022 - R:localhost/127.0.0.1:58978]' for 'GET' to 'http://localhost:58978/session/ad5934fa0f3782bfa113f0fc59fd8e2e/screenshot'
12:31:05.381 [Forwarding screenshot on session ad5934fa0f3782bfa113f0fc59fd8e2e to remote] DEBUG org.asynchttpclient.netty.request.NettyRequestSender - Using open Channel [id: 0x08e09e1f, L:/127.0.0.1:60022 - R:localhost/127.0.0.1:58978] for GET '/session/ad5934fa0f3782bfa113f0fc59fd8e2e/screenshot'
12:31:05.476 [AsyncHttpClient-1-11] DEBUG org.asynchttpclient.netty.handler.HttpHandler - 

Request DefaultFullHttpRequest(decodeResult: success, version: HTTP/1.1, content: EmptyByteBufBE)
GET /session/ad5934fa0f3782bfa113f0fc59fd8e2e/screenshot HTTP/1.1
User-Agent: selenium/4.4.0 (java windows)
Cache-Control: no-cache
Content-Type: application/json; charset=utf-8
host: localhost:58978
accept: */*

Response DefaultHttpResponse(decodeResult: success, version: HTTP/1.1)
HTTP/1.1 200 OK
Content-Type: application/json; charset=utf-8
cache-control: no-cache
content-length: 58240

12:31:05.476 [AsyncHttpClient-1-11] DEBUG org.asynchttpclient.netty.channel.ChannelManager - Adding key: http://localhost:58978 for channel [id: 0x08e09e1f, L:/127.0.0.1:60022 - R:localhost/127.0.0.1:58978]
12:31:05.478 [Test worker] DEBUG net.serenitybdd.core.photography.Darkroom - Send negative for processing for C:\Users\juan.gomezv\IdeaProjects\sura\target\site\serenity\30abd605a90ddcb62313f4c94c0df93a5cf1d364bb3324356e92b1e26151695d.png
12:31:05.478 [Test worker] DEBUG net.thucydides.core.steps.StepInterceptor - STEP DONE: {0} enters #theTextAsAString into #target
12:31:05.478 [Darkroom Processing Line] DEBUG net.serenitybdd.core.photography.DarkroomProcessingLine - Processing screenshot image in /var/screenshots/screenshot-2871577613924330886
12:31:05.478 [Darkroom Processing Line] DEBUG net.serenitybdd.core.photography.DarkroomProcessingLine - Saving screenshot to C:\Users\juan.gomezv\IdeaProjects\sura\target\site\serenity\30abd605a90ddcb62313f4c94c0df93a5cf1d364bb3324356e92b1e26151695d.png
12:31:05.492 [Forwarding getPageSource on session ad5934fa0f3782bfa113f0fc59fd8e2e to remote] DEBUG org.asynchttpclient.netty.request.NettyRequestSender - Using pooled Channel '[id: 0x08e09e1f, L:/127.0.0.1:60022 - R:localhost/127.0.0.1:58978]' for 'POST' to 'http://localhost:58978/session/ad5934fa0f3782bfa113f0fc59fd8e2e/execute/sync'
12:31:05.492 [Forwarding getPageSource on session ad5934fa0f3782bfa113f0fc59fd8e2e to remote] DEBUG org.asynchttpclient.netty.request.NettyRequestSender - Using open Channel [id: 0x08e09e1f, L:/127.0.0.1:60022 - R:localhost/127.0.0.1:58978] for POST '/session/ad5934fa0f3782bfa113f0fc59fd8e2e/execute/sync'
12:31:05.497 [AsyncHttpClient-1-11] DEBUG org.asynchttpclient.netty.handler.HttpHandler - 

Request DefaultHttpRequest(decodeResult: success, version: HTTP/1.1)
POST /session/ad5934fa0f3782bfa113f0fc59fd8e2e/execute/sync HTTP/1.1
User-Agent: selenium/4.4.0 (java windows)
Content-Length: 176
Content-Type: application/json; charset=utf-8
host: localhost:58978
accept: */*

Response DefaultHttpResponse(decodeResult: success, version: HTTP/1.1)
HTTP/1.1 200 OK
Content-Type: application/json; charset=utf-8
cache-control: no-cache
content-length: 4184

12:31:05.497 [AsyncHttpClient-1-11] DEBUG org.asynchttpclient.netty.channel.ChannelManager - Adding key: http://localhost:58978 for channel [id: 0x08e09e1f, L:/127.0.0.1:60022 - R:localhost/127.0.0.1:58978]
12:31:05.498 [Forwarding getCurrentUrl on session ad5934fa0f3782bfa113f0fc59fd8e2e to remote] DEBUG org.asynchttpclient.netty.request.NettyRequestSender - Using pooled Channel '[id: 0x08e09e1f, L:/127.0.0.1:60022 - R:localhost/127.0.0.1:58978]' for 'GET' to 'http://localhost:58978/session/ad5934fa0f3782bfa113f0fc59fd8e2e/url'
12:31:05.498 [Forwarding getCurrentUrl on session ad5934fa0f3782bfa113f0fc59fd8e2e to remote] DEBUG org.asynchttpclient.netty.request.NettyRequestSender - Using open Channel [id: 0x08e09e1f, L:/127.0.0.1:60022 - R:localhost/127.0.0.1:58978] for GET '/session/ad5934fa0f3782bfa113f0fc59fd8e2e/url'
12:31:05.503 [AsyncHttpClient-1-11] DEBUG org.asynchttpclient.netty.handler.HttpHandler - 

Request DefaultFullHttpRequest(decodeResult: success, version: HTTP/1.1, content: EmptyByteBufBE)
GET /session/ad5934fa0f3782bfa113f0fc59fd8e2e/url HTTP/1.1
User-Agent: selenium/4.4.0 (java windows)
Cache-Control: no-cache
Content-Type: application/json; charset=utf-8
host: localhost:58978
accept: */*

Response DefaultHttpResponse(decodeResult: success, version: HTTP/1.1)
HTTP/1.1 200 OK
Content-Type: application/json; charset=utf-8
cache-control: no-cache
content-length: 38

12:31:05.503 [AsyncHttpClient-1-11] DEBUG org.asynchttpclient.netty.channel.ChannelManager - Adding key: http://localhost:58978 for channel [id: 0x08e09e1f, L:/127.0.0.1:60022 - R:localhost/127.0.0.1:58978]
12:31:05.505 [Test worker] DEBUG net.thucydides.core.steps.StepInterceptor - STARTING STEP: LogIn.performAs - {0} clicks on #target
12:31:05.505 [Test worker] DEBUG net.serenitybdd.screenplay.targets.IFrameSwitcher - default content already selected for logIn Button
12:31:05.530 [Forwarding findElement on session ad5934fa0f3782bfa113f0fc59fd8e2e to remote] DEBUG org.asynchttpclient.netty.request.NettyRequestSender - Using pooled Channel '[id: 0x08e09e1f, L:/127.0.0.1:60022 - R:localhost/127.0.0.1:58978]' for 'POST' to 'http://localhost:58978/session/ad5934fa0f3782bfa113f0fc59fd8e2e/element'
12:31:05.530 [Forwarding findElement on session ad5934fa0f3782bfa113f0fc59fd8e2e to remote] DEBUG org.asynchttpclient.netty.request.NettyRequestSender - Using open Channel [id: 0x08e09e1f, L:/127.0.0.1:60022 - R:localhost/127.0.0.1:58978] for POST '/session/ad5934fa0f3782bfa113f0fc59fd8e2e/element'
12:31:05.544 [AsyncHttpClient-1-11] DEBUG org.asynchttpclient.netty.handler.HttpHandler - 

Request DefaultHttpRequest(decodeResult: success, version: HTTP/1.1)
POST /session/ad5934fa0f3782bfa113f0fc59fd8e2e/element HTTP/1.1
User-Agent: selenium/4.4.0 (java windows)
Content-Length: 70
Content-Type: application/json; charset=utf-8
host: localhost:58978
accept: */*

Response DefaultHttpResponse(decodeResult: success, version: HTTP/1.1)
HTTP/1.1 200 OK
Content-Type: application/json; charset=utf-8
cache-control: no-cache
content-length: 88

12:31:05.544 [AsyncHttpClient-1-11] DEBUG org.asynchttpclient.netty.channel.ChannelManager - Adding key: http://localhost:58978 for channel [id: 0x08e09e1f, L:/127.0.0.1:60022 - R:localhost/127.0.0.1:58978]
12:31:05.550 [Forwarding isElementDisplayed on session ad5934fa0f3782bfa113f0fc59fd8e2e to remote] DEBUG org.asynchttpclient.netty.request.NettyRequestSender - Using pooled Channel '[id: 0x08e09e1f, L:/127.0.0.1:60022 - R:localhost/127.0.0.1:58978]' for 'POST' to 'http://localhost:58978/session/ad5934fa0f3782bfa113f0fc59fd8e2e/execute/sync'
12:31:05.550 [Forwarding isElementDisplayed on session ad5934fa0f3782bfa113f0fc59fd8e2e to remote] DEBUG org.asynchttpclient.netty.request.NettyRequestSender - Using open Channel [id: 0x08e09e1f, L:/127.0.0.1:60022 - R:localhost/127.0.0.1:58978] for POST '/session/ad5934fa0f3782bfa113f0fc59fd8e2e/execute/sync'
12:31:05.560 [AsyncHttpClient-1-11] DEBUG org.asynchttpclient.netty.handler.HttpHandler - 

Request DefaultHttpRequest(decodeResult: success, version: HTTP/1.1)
POST /session/ad5934fa0f3782bfa113f0fc59fd8e2e/execute/sync HTTP/1.1
User-Agent: selenium/4.4.0 (java windows)
Content-Length: 48780
Content-Type: application/json; charset=utf-8
host: localhost:58978
accept: */*

Response DefaultHttpResponse(decodeResult: success, version: HTTP/1.1)
HTTP/1.1 200 OK
Content-Type: application/json; charset=utf-8
cache-control: no-cache
content-length: 14

12:31:05.560 [AsyncHttpClient-1-11] DEBUG org.asynchttpclient.netty.channel.ChannelManager - Adding key: http://localhost:58978 for channel [id: 0x08e09e1f, L:/127.0.0.1:60022 - R:localhost/127.0.0.1:58978]
12:31:05.567 [Forwarding findElement on session ad5934fa0f3782bfa113f0fc59fd8e2e to remote] DEBUG org.asynchttpclient.netty.request.NettyRequestSender - Using pooled Channel '[id: 0x08e09e1f, L:/127.0.0.1:60022 - R:localhost/127.0.0.1:58978]' for 'POST' to 'http://localhost:58978/session/ad5934fa0f3782bfa113f0fc59fd8e2e/element'
12:31:05.567 [Forwarding findElement on session ad5934fa0f3782bfa113f0fc59fd8e2e to remote] DEBUG org.asynchttpclient.netty.request.NettyRequestSender - Using open Channel [id: 0x08e09e1f, L:/127.0.0.1:60022 - R:localhost/127.0.0.1:58978] for POST '/session/ad5934fa0f3782bfa113f0fc59fd8e2e/element'
12:31:05.573 [AsyncHttpClient-1-11] DEBUG org.asynchttpclient.netty.handler.HttpHandler - 

Request DefaultHttpRequest(decodeResult: success, version: HTTP/1.1)
POST /session/ad5934fa0f3782bfa113f0fc59fd8e2e/element HTTP/1.1
User-Agent: selenium/4.4.0 (java windows)
Content-Length: 70
Content-Type: application/json; charset=utf-8
host: localhost:58978
accept: */*

Response DefaultHttpResponse(decodeResult: success, version: HTTP/1.1)
HTTP/1.1 200 OK
Content-Type: application/json; charset=utf-8
cache-control: no-cache
content-length: 88

12:31:05.573 [AsyncHttpClient-1-11] DEBUG org.asynchttpclient.netty.channel.ChannelManager - Adding key: http://localhost:58978 for channel [id: 0x08e09e1f, L:/127.0.0.1:60022 - R:localhost/127.0.0.1:58978]
12:31:05.574 [Forwarding clickElement on session ad5934fa0f3782bfa113f0fc59fd8e2e to remote] DEBUG org.asynchttpclient.netty.request.NettyRequestSender - Using pooled Channel '[id: 0x08e09e1f, L:/127.0.0.1:60022 - R:localhost/127.0.0.1:58978]' for 'POST' to 'http://localhost:58978/session/ad5934fa0f3782bfa113f0fc59fd8e2e/element/de648708-e5f5-457e-97f6-7bf01986c2f6/click'
12:31:05.574 [Forwarding clickElement on session ad5934fa0f3782bfa113f0fc59fd8e2e to remote] DEBUG org.asynchttpclient.netty.request.NettyRequestSender - Using open Channel [id: 0x08e09e1f, L:/127.0.0.1:60022 - R:localhost/127.0.0.1:58978] for POST '/session/ad5934fa0f3782bfa113f0fc59fd8e2e/element/de648708-e5f5-457e-97f6-7bf01986c2f6/click'
12:31:05.655 [AsyncHttpClient-1-11] DEBUG org.asynchttpclient.netty.handler.HttpHandler - 

Request DefaultHttpRequest(decodeResult: success, version: HTTP/1.1)
POST /session/ad5934fa0f3782bfa113f0fc59fd8e2e/element/de648708-e5f5-457e-97f6-7bf01986c2f6/click HTTP/1.1
User-Agent: selenium/4.4.0 (java windows)
Content-Length: 50
Content-Type: application/json; charset=utf-8
host: localhost:58978
accept: */*

Response DefaultHttpResponse(decodeResult: success, version: HTTP/1.1)
HTTP/1.1 200 OK
Content-Type: application/json; charset=utf-8
cache-control: no-cache
content-length: 14

12:31:05.655 [AsyncHttpClient-1-11] DEBUG org.asynchttpclient.netty.channel.ChannelManager - Adding key: http://localhost:58978 for channel [id: 0x08e09e1f, L:/127.0.0.1:60022 - R:localhost/127.0.0.1:58978]
12:31:05.674 [Forwarding getCurrentWindowHandle on session ad5934fa0f3782bfa113f0fc59fd8e2e to remote] DEBUG org.asynchttpclient.netty.request.NettyRequestSender - Using pooled Channel '[id: 0x08e09e1f, L:/127.0.0.1:60022 - R:localhost/127.0.0.1:58978]' for 'GET' to 'http://localhost:58978/session/ad5934fa0f3782bfa113f0fc59fd8e2e/window'
12:31:05.674 [Forwarding getCurrentWindowHandle on session ad5934fa0f3782bfa113f0fc59fd8e2e to remote] DEBUG org.asynchttpclient.netty.request.NettyRequestSender - Using open Channel [id: 0x08e09e1f, L:/127.0.0.1:60022 - R:localhost/127.0.0.1:58978] for GET '/session/ad5934fa0f3782bfa113f0fc59fd8e2e/window'
12:31:05.675 [AsyncHttpClient-1-11] DEBUG org.asynchttpclient.netty.handler.HttpHandler - 

Request DefaultFullHttpRequest(decodeResult: success, version: HTTP/1.1, content: EmptyByteBufBE)
GET /session/ad5934fa0f3782bfa113f0fc59fd8e2e/window HTTP/1.1
User-Agent: selenium/4.4.0 (java windows)
Cache-Control: no-cache
Content-Type: application/json; charset=utf-8
host: localhost:58978
accept: */*

Response DefaultHttpResponse(decodeResult: success, version: HTTP/1.1)
HTTP/1.1 200 OK
Content-Type: application/json; charset=utf-8
cache-control: no-cache
content-length: 53

12:31:05.675 [AsyncHttpClient-1-11] DEBUG org.asynchttpclient.netty.channel.ChannelManager - Adding key: http://localhost:58978 for channel [id: 0x08e09e1f, L:/127.0.0.1:60022 - R:localhost/127.0.0.1:58978]
12:31:05.679 [Forwarding getAlertText on session ad5934fa0f3782bfa113f0fc59fd8e2e to remote] DEBUG org.asynchttpclient.netty.request.NettyRequestSender - Using pooled Channel '[id: 0x08e09e1f, L:/127.0.0.1:60022 - R:localhost/127.0.0.1:58978]' for 'GET' to 'http://localhost:58978/session/ad5934fa0f3782bfa113f0fc59fd8e2e/alert/text'
12:31:05.679 [Forwarding getAlertText on session ad5934fa0f3782bfa113f0fc59fd8e2e to remote] DEBUG org.asynchttpclient.netty.request.NettyRequestSender - Using open Channel [id: 0x08e09e1f, L:/127.0.0.1:60022 - R:localhost/127.0.0.1:58978] for GET '/session/ad5934fa0f3782bfa113f0fc59fd8e2e/alert/text'
12:31:05.681 [AsyncHttpClient-1-11] DEBUG org.asynchttpclient.netty.handler.HttpHandler - 

Request DefaultFullHttpRequest(decodeResult: success, version: HTTP/1.1, content: EmptyByteBufBE)
GET /session/ad5934fa0f3782bfa113f0fc59fd8e2e/alert/text HTTP/1.1
User-Agent: selenium/4.4.0 (java windows)
Cache-Control: no-cache
Content-Type: application/json; charset=utf-8
host: localhost:58978
accept: */*

Response DefaultHttpResponse(decodeResult: success, version: HTTP/1.1)
HTTP/1.1 404 Not Found
Content-Type: application/json; charset=utf-8
cache-control: no-cache
content-length: 879

12:31:05.681 [AsyncHttpClient-1-11] DEBUG org.asynchttpclient.netty.channel.ChannelManager - Adding key: http://localhost:58978 for channel [id: 0x08e09e1f, L:/127.0.0.1:60022 - R:localhost/127.0.0.1:58978]
12:31:05.687 [Forwarding switchToWindow on session ad5934fa0f3782bfa113f0fc59fd8e2e to remote] DEBUG org.asynchttpclient.netty.request.NettyRequestSender - Using pooled Channel '[id: 0x08e09e1f, L:/127.0.0.1:60022 - R:localhost/127.0.0.1:58978]' for 'POST' to 'http://localhost:58978/session/ad5934fa0f3782bfa113f0fc59fd8e2e/window'
12:31:05.687 [Forwarding switchToWindow on session ad5934fa0f3782bfa113f0fc59fd8e2e to remote] DEBUG org.asynchttpclient.netty.request.NettyRequestSender - Using open Channel [id: 0x08e09e1f, L:/127.0.0.1:60022 - R:localhost/127.0.0.1:58978] for POST '/session/ad5934fa0f3782bfa113f0fc59fd8e2e/window'
12:31:05.689 [AsyncHttpClient-1-11] DEBUG org.asynchttpclient.netty.handler.HttpHandler - 

Request DefaultHttpRequest(decodeResult: success, version: HTTP/1.1)
POST /session/ad5934fa0f3782bfa113f0fc59fd8e2e/window HTTP/1.1
User-Agent: selenium/4.4.0 (java windows)
Content-Length: 59
Content-Type: application/json; charset=utf-8
host: localhost:58978
accept: */*

Response DefaultHttpResponse(decodeResult: success, version: HTTP/1.1)
HTTP/1.1 200 OK
Content-Type: application/json; charset=utf-8
cache-control: no-cache
content-length: 14

12:31:05.690 [AsyncHttpClient-1-11] DEBUG org.asynchttpclient.netty.channel.ChannelManager - Adding key: http://localhost:58978 for channel [id: 0x08e09e1f, L:/127.0.0.1:60022 - R:localhost/127.0.0.1:58978]
12:31:05.690 [Forwarding getCurrentUrl on session ad5934fa0f3782bfa113f0fc59fd8e2e to remote] DEBUG org.asynchttpclient.netty.request.NettyRequestSender - Using pooled Channel '[id: 0x08e09e1f, L:/127.0.0.1:60022 - R:localhost/127.0.0.1:58978]' for 'GET' to 'http://localhost:58978/session/ad5934fa0f3782bfa113f0fc59fd8e2e/url'
12:31:05.690 [Forwarding getCurrentUrl on session ad5934fa0f3782bfa113f0fc59fd8e2e to remote] DEBUG org.asynchttpclient.netty.request.NettyRequestSender - Using open Channel [id: 0x08e09e1f, L:/127.0.0.1:60022 - R:localhost/127.0.0.1:58978] for GET '/session/ad5934fa0f3782bfa113f0fc59fd8e2e/url'
12:31:05.694 [AsyncHttpClient-1-11] DEBUG org.asynchttpclient.netty.handler.HttpHandler - 

Request DefaultFullHttpRequest(decodeResult: success, version: HTTP/1.1, content: EmptyByteBufBE)
GET /session/ad5934fa0f3782bfa113f0fc59fd8e2e/url HTTP/1.1
User-Agent: selenium/4.4.0 (java windows)
Cache-Control: no-cache
Content-Type: application/json; charset=utf-8
host: localhost:58978
accept: */*

Response DefaultHttpResponse(decodeResult: success, version: HTTP/1.1)
HTTP/1.1 200 OK
Content-Type: application/json; charset=utf-8
cache-control: no-cache
content-length: 52

12:31:05.694 [AsyncHttpClient-1-11] DEBUG org.asynchttpclient.netty.channel.ChannelManager - Adding key: http://localhost:58978 for channel [id: 0x08e09e1f, L:/127.0.0.1:60022 - R:localhost/127.0.0.1:58978]
12:31:05.695 [Forwarding screenshot on session ad5934fa0f3782bfa113f0fc59fd8e2e to remote] DEBUG org.asynchttpclient.netty.request.NettyRequestSender - Using pooled Channel '[id: 0x08e09e1f, L:/127.0.0.1:60022 - R:localhost/127.0.0.1:58978]' for 'GET' to 'http://localhost:58978/session/ad5934fa0f3782bfa113f0fc59fd8e2e/screenshot'
12:31:05.695 [Forwarding screenshot on session ad5934fa0f3782bfa113f0fc59fd8e2e to remote] DEBUG org.asynchttpclient.netty.request.NettyRequestSender - Using open Channel [id: 0x08e09e1f, L:/127.0.0.1:60022 - R:localhost/127.0.0.1:58978] for GET '/session/ad5934fa0f3782bfa113f0fc59fd8e2e/screenshot'
12:31:05.857 [AsyncHttpClient-1-11] DEBUG org.asynchttpclient.netty.handler.HttpHandler - 

Request DefaultFullHttpRequest(decodeResult: success, version: HTTP/1.1, content: EmptyByteBufBE)
GET /session/ad5934fa0f3782bfa113f0fc59fd8e2e/screenshot HTTP/1.1
User-Agent: selenium/4.4.0 (java windows)
Cache-Control: no-cache
Content-Type: application/json; charset=utf-8
host: localhost:58978
accept: */*

Response DefaultHttpResponse(decodeResult: success, version: HTTP/1.1)
HTTP/1.1 200 OK
Content-Type: application/json; charset=utf-8
cache-control: no-cache
content-length: 217200

12:31:05.858 [AsyncHttpClient-1-11] DEBUG org.asynchttpclient.netty.channel.ChannelManager - Adding key: http://localhost:58978 for channel [id: 0x08e09e1f, L:/127.0.0.1:60022 - R:localhost/127.0.0.1:58978]
12:31:05.861 [Test worker] DEBUG net.serenitybdd.core.photography.Darkroom - Send negative for processing for C:\Users\juan.gomezv\IdeaProjects\sura\target\site\serenity\8e1c9eb309becb05a740bf73064d004454a72044bb82cc3c270e1a0700329732.png
12:31:05.861 [Test worker] DEBUG net.thucydides.core.steps.StepInterceptor - STEP DONE: {0} clicks on #target
12:31:05.862 [Darkroom Processing Line] DEBUG net.serenitybdd.core.photography.DarkroomProcessingLine - Processing screenshot image in /var/screenshots/screenshot-3395313788344970097
12:31:05.862 [Darkroom Processing Line] DEBUG net.serenitybdd.core.photography.DarkroomProcessingLine - Saving screenshot to C:\Users\juan.gomezv\IdeaProjects\sura\target\site\serenity\8e1c9eb309becb05a740bf73064d004454a72044bb82cc3c270e1a0700329732.png
12:31:05.869 [Test worker] DEBUG net.thucydides.core.steps.StepInterceptor - STEP DONE: performAs
  ?[32mCuando ?[0m?[32m?[0m?[32m?[1mAna?[0m?[32m se autentica como un usuario de tipo ?[0m?[32m?[1m"PROBLEM_USER"?[0m            ?[90m# sura.stepDefinitions.LoginSteps.elSeAutenticaComoUnUsuario(net.serenitybdd.screenplay.Actor,java.lang.String)?[0m
12:31:05.881 [Forwarding getPageSource on session ad5934fa0f3782bfa113f0fc59fd8e2e to remote] DEBUG org.asynchttpclient.netty.request.NettyRequestSender - Using pooled Channel '[id: 0x08e09e1f, L:/127.0.0.1:60022 - R:localhost/127.0.0.1:58978]' for 'POST' to 'http://localhost:58978/session/ad5934fa0f3782bfa113f0fc59fd8e2e/execute/sync'
12:31:05.882 [Forwarding getPageSource on session ad5934fa0f3782bfa113f0fc59fd8e2e to remote] DEBUG org.asynchttpclient.netty.request.NettyRequestSender - Using open Channel [id: 0x08e09e1f, L:/127.0.0.1:60022 - R:localhost/127.0.0.1:58978] for POST '/session/ad5934fa0f3782bfa113f0fc59fd8e2e/execute/sync'
12:31:05.887 [AsyncHttpClient-1-11] DEBUG org.asynchttpclient.netty.handler.HttpHandler - 

Request DefaultHttpRequest(decodeResult: success, version: HTTP/1.1)
POST /session/ad5934fa0f3782bfa113f0fc59fd8e2e/execute/sync HTTP/1.1
User-Agent: selenium/4.4.0 (java windows)
Content-Length: 176
Content-Type: application/json; charset=utf-8
host: localhost:58978
accept: */*

Response DefaultHttpResponse(decodeResult: success, version: HTTP/1.1)
HTTP/1.1 200 OK
Content-Type: application/json; charset=utf-8
cache-control: no-cache
content-length: 15173

12:31:05.887 [AsyncHttpClient-1-11] DEBUG org.asynchttpclient.netty.channel.ChannelManager - Adding key: http://localhost:58978 for channel [id: 0x08e09e1f, L:/127.0.0.1:60022 - R:localhost/127.0.0.1:58978]
12:31:05.889 [Forwarding getCurrentUrl on session ad5934fa0f3782bfa113f0fc59fd8e2e to remote] DEBUG org.asynchttpclient.netty.request.NettyRequestSender - Using pooled Channel '[id: 0x08e09e1f, L:/127.0.0.1:60022 - R:localhost/127.0.0.1:58978]' for 'GET' to 'http://localhost:58978/session/ad5934fa0f3782bfa113f0fc59fd8e2e/url'
12:31:05.889 [Forwarding getCurrentUrl on session ad5934fa0f3782bfa113f0fc59fd8e2e to remote] DEBUG org.asynchttpclient.netty.request.NettyRequestSender - Using open Channel [id: 0x08e09e1f, L:/127.0.0.1:60022 - R:localhost/127.0.0.1:58978] for GET '/session/ad5934fa0f3782bfa113f0fc59fd8e2e/url'
12:31:05.893 [AsyncHttpClient-1-11] DEBUG org.asynchttpclient.netty.handler.HttpHandler - 

Request DefaultFullHttpRequest(decodeResult: success, version: HTTP/1.1, content: EmptyByteBufBE)
GET /session/ad5934fa0f3782bfa113f0fc59fd8e2e/url HTTP/1.1
User-Agent: selenium/4.4.0 (java windows)
Cache-Control: no-cache
Content-Type: application/json; charset=utf-8
host: localhost:58978
accept: */*

Response DefaultHttpResponse(decodeResult: success, version: HTTP/1.1)
HTTP/1.1 200 OK
Content-Type: application/json; charset=utf-8
cache-control: no-cache
content-length: 52

12:31:05.893 [AsyncHttpClient-1-11] DEBUG org.asynchttpclient.netty.channel.ChannelManager - Adding key: http://localhost:58978 for channel [id: 0x08e09e1f, L:/127.0.0.1:60022 - R:localhost/127.0.0.1:58978]
12:31:05.906 [Forwarding getPageSource on session ad5934fa0f3782bfa113f0fc59fd8e2e to remote] DEBUG org.asynchttpclient.netty.request.NettyRequestSender - Using pooled Channel '[id: 0x08e09e1f, L:/127.0.0.1:60022 - R:localhost/127.0.0.1:58978]' for 'POST' to 'http://localhost:58978/session/ad5934fa0f3782bfa113f0fc59fd8e2e/execute/sync'
12:31:05.906 [Forwarding getPageSource on session ad5934fa0f3782bfa113f0fc59fd8e2e to remote] DEBUG org.asynchttpclient.netty.request.NettyRequestSender - Using open Channel [id: 0x08e09e1f, L:/127.0.0.1:60022 - R:localhost/127.0.0.1:58978] for POST '/session/ad5934fa0f3782bfa113f0fc59fd8e2e/execute/sync'
12:31:05.911 [AsyncHttpClient-1-11] DEBUG org.asynchttpclient.netty.handler.HttpHandler - 

Request DefaultHttpRequest(decodeResult: success, version: HTTP/1.1)
POST /session/ad5934fa0f3782bfa113f0fc59fd8e2e/execute/sync HTTP/1.1
User-Agent: selenium/4.4.0 (java windows)
Content-Length: 176
Content-Type: application/json; charset=utf-8
host: localhost:58978
accept: */*

Response DefaultHttpResponse(decodeResult: success, version: HTTP/1.1)
HTTP/1.1 200 OK
Content-Type: application/json; charset=utf-8
cache-control: no-cache
content-length: 15173

12:31:05.911 [AsyncHttpClient-1-11] DEBUG org.asynchttpclient.netty.channel.ChannelManager - Adding key: http://localhost:58978 for channel [id: 0x08e09e1f, L:/127.0.0.1:60022 - R:localhost/127.0.0.1:58978]
12:31:05.913 [Forwarding getCurrentUrl on session ad5934fa0f3782bfa113f0fc59fd8e2e to remote] DEBUG org.asynchttpclient.netty.request.NettyRequestSender - Using pooled Channel '[id: 0x08e09e1f, L:/127.0.0.1:60022 - R:localhost/127.0.0.1:58978]' for 'GET' to 'http://localhost:58978/session/ad5934fa0f3782bfa113f0fc59fd8e2e/url'
12:31:05.913 [Forwarding getCurrentUrl on session ad5934fa0f3782bfa113f0fc59fd8e2e to remote] DEBUG org.asynchttpclient.netty.request.NettyRequestSender - Using open Channel [id: 0x08e09e1f, L:/127.0.0.1:60022 - R:localhost/127.0.0.1:58978] for GET '/session/ad5934fa0f3782bfa113f0fc59fd8e2e/url'
12:31:05.917 [AsyncHttpClient-1-11] DEBUG org.asynchttpclient.netty.handler.HttpHandler - 

Request DefaultFullHttpRequest(decodeResult: success, version: HTTP/1.1, content: EmptyByteBufBE)
GET /session/ad5934fa0f3782bfa113f0fc59fd8e2e/url HTTP/1.1
User-Agent: selenium/4.4.0 (java windows)
Cache-Control: no-cache
Content-Type: application/json; charset=utf-8
host: localhost:58978
accept: */*

Response DefaultHttpResponse(decodeResult: success, version: HTTP/1.1)
HTTP/1.1 200 OK
Content-Type: application/json; charset=utf-8
cache-control: no-cache
content-length: 52

12:31:05.917 [AsyncHttpClient-1-11] DEBUG org.asynchttpclient.netty.channel.ChannelManager - Adding key: http://localhost:58978 for channel [id: 0x08e09e1f, L:/127.0.0.1:60022 - R:localhost/127.0.0.1:58978]
12:31:05.919 [Test worker] DEBUG net.thucydides.core.steps.StepInterceptor - STARTING STEP: LoginSteps.elDebeSerRedirigidoALaPaginaDe - {0} should see #description
12:31:05.919 [Test worker] DEBUG net.serenitybdd.screenplay.targets.IFrameSwitcher - default content already selected for product title
12:31:05.937 [Forwarding findElement on session ad5934fa0f3782bfa113f0fc59fd8e2e to remote] DEBUG org.asynchttpclient.netty.request.NettyRequestSender - Using pooled Channel '[id: 0x08e09e1f, L:/127.0.0.1:60022 - R:localhost/127.0.0.1:58978]' for 'POST' to 'http://localhost:58978/session/ad5934fa0f3782bfa113f0fc59fd8e2e/element'
12:31:05.937 [Forwarding findElement on session ad5934fa0f3782bfa113f0fc59fd8e2e to remote] DEBUG org.asynchttpclient.netty.request.NettyRequestSender - Using open Channel [id: 0x08e09e1f, L:/127.0.0.1:60022 - R:localhost/127.0.0.1:58978] for POST '/session/ad5934fa0f3782bfa113f0fc59fd8e2e/element'
12:31:05.948 [AsyncHttpClient-1-11] DEBUG org.asynchttpclient.netty.handler.HttpHandler - 

Request DefaultHttpRequest(decodeResult: success, version: HTTP/1.1)
POST /session/ad5934fa0f3782bfa113f0fc59fd8e2e/element HTTP/1.1
User-Agent: selenium/4.4.0 (java windows)
Content-Length: 78
Content-Type: application/json; charset=utf-8
host: localhost:58978
accept: */*

Response DefaultHttpResponse(decodeResult: success, version: HTTP/1.1)
HTTP/1.1 200 OK
Content-Type: application/json; charset=utf-8
cache-control: no-cache
content-length: 88

12:31:05.949 [AsyncHttpClient-1-11] DEBUG org.asynchttpclient.netty.channel.ChannelManager - Adding key: http://localhost:58978 for channel [id: 0x08e09e1f, L:/127.0.0.1:60022 - R:localhost/127.0.0.1:58978]
12:31:05.950 [Forwarding getElementText on session ad5934fa0f3782bfa113f0fc59fd8e2e to remote] DEBUG org.asynchttpclient.netty.request.NettyRequestSender - Using pooled Channel '[id: 0x08e09e1f, L:/127.0.0.1:60022 - R:localhost/127.0.0.1:58978]' for 'GET' to 'http://localhost:58978/session/ad5934fa0f3782bfa113f0fc59fd8e2e/element/e62e912f-4ca5-4eee-8aea-c44ea0468f04/text'
12:31:05.950 [Forwarding getElementText on session ad5934fa0f3782bfa113f0fc59fd8e2e to remote] DEBUG org.asynchttpclient.netty.request.NettyRequestSender - Using open Channel [id: 0x08e09e1f, L:/127.0.0.1:60022 - R:localhost/127.0.0.1:58978] for GET '/session/ad5934fa0f3782bfa113f0fc59fd8e2e/element/e62e912f-4ca5-4eee-8aea-c44ea0468f04/text'
12:31:05.964 [AsyncHttpClient-1-11] DEBUG org.asynchttpclient.netty.handler.HttpHandler - 

Request DefaultFullHttpRequest(decodeResult: success, version: HTTP/1.1, content: EmptyByteBufBE)
GET /session/ad5934fa0f3782bfa113f0fc59fd8e2e/element/e62e912f-4ca5-4eee-8aea-c44ea0468f04/text HTTP/1.1
User-Agent: selenium/4.4.0 (java windows)
Cache-Control: no-cache
Content-Type: application/json; charset=utf-8
host: localhost:58978
accept: */*

Response DefaultHttpResponse(decodeResult: success, version: HTTP/1.1)
HTTP/1.1 200 OK
Content-Type: application/json; charset=utf-8
cache-control: no-cache
content-length: 20

12:31:05.964 [AsyncHttpClient-1-11] DEBUG org.asynchttpclient.netty.channel.ChannelManager - Adding key: http://localhost:58978 for channel [id: 0x08e09e1f, L:/127.0.0.1:60022 - R:localhost/127.0.0.1:58978]
12:31:05.974 [Forwarding getCurrentWindowHandle on session ad5934fa0f3782bfa113f0fc59fd8e2e to remote] DEBUG org.asynchttpclient.netty.request.NettyRequestSender - Using pooled Channel '[id: 0x08e09e1f, L:/127.0.0.1:60022 - R:localhost/127.0.0.1:58978]' for 'GET' to 'http://localhost:58978/session/ad5934fa0f3782bfa113f0fc59fd8e2e/window'
12:31:05.974 [Forwarding getCurrentWindowHandle on session ad5934fa0f3782bfa113f0fc59fd8e2e to remote] DEBUG org.asynchttpclient.netty.request.NettyRequestSender - Using open Channel [id: 0x08e09e1f, L:/127.0.0.1:60022 - R:localhost/127.0.0.1:58978] for GET '/session/ad5934fa0f3782bfa113f0fc59fd8e2e/window'
12:31:05.974 [AsyncHttpClient-1-11] DEBUG org.asynchttpclient.netty.handler.HttpHandler - 

Request DefaultFullHttpRequest(decodeResult: success, version: HTTP/1.1, content: EmptyByteBufBE)
GET /session/ad5934fa0f3782bfa113f0fc59fd8e2e/window HTTP/1.1
User-Agent: selenium/4.4.0 (java windows)
Cache-Control: no-cache
Content-Type: application/json; charset=utf-8
host: localhost:58978
accept: */*

Response DefaultHttpResponse(decodeResult: success, version: HTTP/1.1)
HTTP/1.1 200 OK
Content-Type: application/json; charset=utf-8
cache-control: no-cache
content-length: 53

12:31:05.974 [AsyncHttpClient-1-11] DEBUG org.asynchttpclient.netty.channel.ChannelManager - Adding key: http://localhost:58978 for channel [id: 0x08e09e1f, L:/127.0.0.1:60022 - R:localhost/127.0.0.1:58978]
12:31:05.977 [Forwarding getAlertText on session ad5934fa0f3782bfa113f0fc59fd8e2e to remote] DEBUG org.asynchttpclient.netty.request.NettyRequestSender - Using pooled Channel '[id: 0x08e09e1f, L:/127.0.0.1:60022 - R:localhost/127.0.0.1:58978]' for 'GET' to 'http://localhost:58978/session/ad5934fa0f3782bfa113f0fc59fd8e2e/alert/text'
12:31:05.977 [Forwarding getAlertText on session ad5934fa0f3782bfa113f0fc59fd8e2e to remote] DEBUG org.asynchttpclient.netty.request.NettyRequestSender - Using open Channel [id: 0x08e09e1f, L:/127.0.0.1:60022 - R:localhost/127.0.0.1:58978] for GET '/session/ad5934fa0f3782bfa113f0fc59fd8e2e/alert/text'
12:31:05.979 [AsyncHttpClient-1-11] DEBUG org.asynchttpclient.netty.handler.HttpHandler - 

Request DefaultFullHttpRequest(decodeResult: success, version: HTTP/1.1, content: EmptyByteBufBE)
GET /session/ad5934fa0f3782bfa113f0fc59fd8e2e/alert/text HTTP/1.1
User-Agent: selenium/4.4.0 (java windows)
Cache-Control: no-cache
Content-Type: application/json; charset=utf-8
host: localhost:58978
accept: */*

Response DefaultHttpResponse(decodeResult: success, version: HTTP/1.1)
HTTP/1.1 404 Not Found
Content-Type: application/json; charset=utf-8
cache-control: no-cache
content-length: 879

12:31:05.979 [AsyncHttpClient-1-11] DEBUG org.asynchttpclient.netty.channel.ChannelManager - Adding key: http://localhost:58978 for channel [id: 0x08e09e1f, L:/127.0.0.1:60022 - R:localhost/127.0.0.1:58978]
12:31:05.984 [Forwarding switchToWindow on session ad5934fa0f3782bfa113f0fc59fd8e2e to remote] DEBUG org.asynchttpclient.netty.request.NettyRequestSender - Using pooled Channel '[id: 0x08e09e1f, L:/127.0.0.1:60022 - R:localhost/127.0.0.1:58978]' for 'POST' to 'http://localhost:58978/session/ad5934fa0f3782bfa113f0fc59fd8e2e/window'
12:31:05.984 [Forwarding switchToWindow on session ad5934fa0f3782bfa113f0fc59fd8e2e to remote] DEBUG org.asynchttpclient.netty.request.NettyRequestSender - Using open Channel [id: 0x08e09e1f, L:/127.0.0.1:60022 - R:localhost/127.0.0.1:58978] for POST '/session/ad5934fa0f3782bfa113f0fc59fd8e2e/window'
12:31:05.987 [AsyncHttpClient-1-11] DEBUG org.asynchttpclient.netty.handler.HttpHandler - 

Request DefaultHttpRequest(decodeResult: success, version: HTTP/1.1)
POST /session/ad5934fa0f3782bfa113f0fc59fd8e2e/window HTTP/1.1
User-Agent: selenium/4.4.0 (java windows)
Content-Length: 59
Content-Type: application/json; charset=utf-8
host: localhost:58978
accept: */*

Response DefaultHttpResponse(decodeResult: success, version: HTTP/1.1)
HTTP/1.1 200 OK
Content-Type: application/json; charset=utf-8
cache-control: no-cache
content-length: 14

12:31:05.987 [AsyncHttpClient-1-11] DEBUG org.asynchttpclient.netty.channel.ChannelManager - Adding key: http://localhost:58978 for channel [id: 0x08e09e1f, L:/127.0.0.1:60022 - R:localhost/127.0.0.1:58978]
12:31:05.988 [Forwarding getCurrentUrl on session ad5934fa0f3782bfa113f0fc59fd8e2e to remote] DEBUG org.asynchttpclient.netty.request.NettyRequestSender - Using pooled Channel '[id: 0x08e09e1f, L:/127.0.0.1:60022 - R:localhost/127.0.0.1:58978]' for 'GET' to 'http://localhost:58978/session/ad5934fa0f3782bfa113f0fc59fd8e2e/url'
12:31:05.988 [Forwarding getCurrentUrl on session ad5934fa0f3782bfa113f0fc59fd8e2e to remote] DEBUG org.asynchttpclient.netty.request.NettyRequestSender - Using open Channel [id: 0x08e09e1f, L:/127.0.0.1:60022 - R:localhost/127.0.0.1:58978] for GET '/session/ad5934fa0f3782bfa113f0fc59fd8e2e/url'
12:31:05.991 [AsyncHttpClient-1-11] DEBUG org.asynchttpclient.netty.handler.HttpHandler - 

Request DefaultFullHttpRequest(decodeResult: success, version: HTTP/1.1, content: EmptyByteBufBE)
GET /session/ad5934fa0f3782bfa113f0fc59fd8e2e/url HTTP/1.1
User-Agent: selenium/4.4.0 (java windows)
Cache-Control: no-cache
Content-Type: application/json; charset=utf-8
host: localhost:58978
accept: */*

Response DefaultHttpResponse(decodeResult: success, version: HTTP/1.1)
HTTP/1.1 200 OK
Content-Type: application/json; charset=utf-8
cache-control: no-cache
content-length: 52

12:31:05.992 [AsyncHttpClient-1-11] DEBUG org.asynchttpclient.netty.channel.ChannelManager - Adding key: http://localhost:58978 for channel [id: 0x08e09e1f, L:/127.0.0.1:60022 - R:localhost/127.0.0.1:58978]
12:31:05.992 [Forwarding screenshot on session ad5934fa0f3782bfa113f0fc59fd8e2e to remote] DEBUG org.asynchttpclient.netty.request.NettyRequestSender - Using pooled Channel '[id: 0x08e09e1f, L:/127.0.0.1:60022 - R:localhost/127.0.0.1:58978]' for 'GET' to 'http://localhost:58978/session/ad5934fa0f3782bfa113f0fc59fd8e2e/screenshot'
12:31:05.992 [Forwarding screenshot on session ad5934fa0f3782bfa113f0fc59fd8e2e to remote] DEBUG org.asynchttpclient.netty.request.NettyRequestSender - Using open Channel [id: 0x08e09e1f, L:/127.0.0.1:60022 - R:localhost/127.0.0.1:58978] for GET '/session/ad5934fa0f3782bfa113f0fc59fd8e2e/screenshot'
12:31:06.069 [AsyncHttpClient-1-11] DEBUG org.asynchttpclient.netty.handler.HttpHandler - 

Request DefaultFullHttpRequest(decodeResult: success, version: HTTP/1.1, content: EmptyByteBufBE)
GET /session/ad5934fa0f3782bfa113f0fc59fd8e2e/screenshot HTTP/1.1
User-Agent: selenium/4.4.0 (java windows)
Cache-Control: no-cache
Content-Type: application/json; charset=utf-8
host: localhost:58978
accept: */*

Response DefaultHttpResponse(decodeResult: success, version: HTTP/1.1)
HTTP/1.1 200 OK
Content-Type: application/json; charset=utf-8
cache-control: no-cache
content-length: 217200

12:31:06.070 [AsyncHttpClient-1-11] DEBUG org.asynchttpclient.netty.channel.ChannelManager - Adding key: http://localhost:58978 for channel [id: 0x08e09e1f, L:/127.0.0.1:60022 - R:localhost/127.0.0.1:58978]
12:31:06.073 [Test worker] DEBUG net.serenitybdd.core.photography.Darkroom - Send negative for processing for C:\Users\juan.gomezv\IdeaProjects\sura\target\site\serenity\8e1c9eb309becb05a740bf73064d004454a72044bb82cc3c270e1a0700329732.png
12:31:06.073 [Test worker] DEBUG net.thucydides.core.steps.StepInterceptor - STEP DONE: {0} should see #description
  ?[32mEntonces ?[0m?[32m?[0m?[32m?[1mAna?[0m?[32m debe ser redirigido a la pagina de ?[0m?[32m?[1m"PRODUCTS"?[0m                ?[90m# sura.stepDefinitions.LoginSteps.elDebeSerRedirigidoALaPaginaDe(net.serenitybdd.screenplay.Actor,java.lang.String)?[0m
12:31:06.086 [Driver Command Executor] DEBUG org.asynchttpclient.netty.request.NettyRequestSender - Using pooled Channel '[id: 0x08e09e1f, L:/127.0.0.1:60022 - R:localhost/127.0.0.1:58978]' for 'DELETE' to 'http://localhost:58978/session/ad5934fa0f3782bfa113f0fc59fd8e2e'
12:31:06.086 [Driver Command Executor] DEBUG org.asynchttpclient.netty.request.NettyRequestSender - Using open Channel [id: 0x08e09e1f, L:/127.0.0.1:60022 - R:localhost/127.0.0.1:58978] for DELETE '/session/ad5934fa0f3782bfa113f0fc59fd8e2e'
12:31:06.086 [AsyncHttpClient-1-13] DEBUG org.asynchttpclient.netty.handler.WebSocketHandler - Channel Closed: [id: 0x2e6782ee, L:/127.0.0.1:60032 ! R:localhost/127.0.0.1:60024] with attribute NettyResponseFuture{currentRetry=0,
	isDone=1,
	isCancelled=0,
	asyncHandler=org.asynchttpclient.ws.WebSocketUpgradeHandler@91910b6,
	nettyRequest=org.asynchttpclient.netty.request.NettyRequest@4c1b9ff1,
	future=java.util.concurrent.CompletableFuture@44ace2ff[Completed normally],
	uri=ws://localhost:60024/devtools/browser/b56603a1-cdac-4322-ba03-02c5fd668d1d,
	keepAlive=true,
	redirectCount=0,
	timeoutsHolder=null,
	inAuth=0,
	touch=1664472664331}
12:31:06.086 [AsyncHttpClient-1-13] DEBUG org.asynchttpclient.netty.channel.ChannelManager - Closing Channel [id: 0x2e6782ee, L:/127.0.0.1:60032 ! R:localhost/127.0.0.1:60024] 
12:31:06.118 [AsyncHttpClient-1-12] DEBUG org.asynchttpclient.netty.handler.HttpHandler - Unexpected I/O exception on channel [id: 0xf284035c, L:/127.0.0.1:60031 - R:localhost/127.0.0.1:60024]
java.net.SocketException: Connection reset
	at java.base/sun.nio.ch.SocketChannelImpl.throwConnectionReset(SocketChannelImpl.java:394)
	at java.base/sun.nio.ch.SocketChannelImpl.read(SocketChannelImpl.java:426)
	at io.netty.buffer.PooledByteBuf.setBytes(PooledByteBuf.java:258)
	at io.netty.buffer.AbstractByteBuf.writeBytes(AbstractByteBuf.java:1132)
	at io.netty.channel.socket.nio.NioSocketChannel.doReadBytes(NioSocketChannel.java:357)
	at io.netty.channel.nio.AbstractNioByteChannel$NioByteUnsafe.read(AbstractNioByteChannel.java:151)
	at io.netty.channel.nio.NioEventLoop.processSelectedKey(NioEventLoop.java:722)
	at io.netty.channel.nio.NioEventLoop.processSelectedKeysOptimized(NioEventLoop.java:658)
	at io.netty.channel.nio.NioEventLoop.processSelectedKeys(NioEventLoop.java:584)
	at io.netty.channel.nio.NioEventLoop.run(NioEventLoop.java:496)
	at io.netty.util.concurrent.SingleThreadEventExecutor$4.run(SingleThreadEventExecutor.java:997)
	at io.netty.util.internal.ThreadExecutorMap$2.run(ThreadExecutorMap.java:74)
	at io.netty.util.concurrent.FastThreadLocalRunnable.run(FastThreadLocalRunnable.java:30)
	at java.base/java.lang.Thread.run(Thread.java:833)
12:31:06.118 [AsyncHttpClient-1-12] DEBUG org.asynchttpclient.netty.channel.ChannelManager - Closing Channel [id: 0xf284035c, L:/127.0.0.1:60031 - R:localhost/127.0.0.1:60024] 
12:31:06.119 [AsyncHttpClient-1-12] DEBUG org.asynchttpclient.netty.handler.HttpHandler - Channel Closed: [id: 0xf284035c, L:/127.0.0.1:60031 ! R:localhost/127.0.0.1:60024] with attribute DISCARD
12:31:06.130 [AsyncHttpClient-1-11] DEBUG org.asynchttpclient.netty.handler.HttpHandler - 

Request DefaultFullHttpRequest(decodeResult: success, version: HTTP/1.1, content: EmptyByteBufBE)
DELETE /session/ad5934fa0f3782bfa113f0fc59fd8e2e HTTP/1.1
User-Agent: selenium/4.4.0 (java windows)
Content-Type: application/json; charset=utf-8
host: localhost:58978
accept: */*

Response DefaultHttpResponse(decodeResult: success, version: HTTP/1.1)
HTTP/1.1 200 OK
Content-Type: application/json; charset=utf-8
cache-control: no-cache
content-length: 14

12:31:06.130 [AsyncHttpClient-1-11] DEBUG org.asynchttpclient.netty.channel.ChannelManager - Adding key: http://localhost:58978 for channel [id: 0x08e09e1f, L:/127.0.0.1:60022 - R:localhost/127.0.0.1:58978]
12:31:06.181 [AsyncHttpClient-1-11] DEBUG org.asynchttpclient.netty.handler.HttpHandler - Channel Closed: [id: 0x08e09e1f, L:/127.0.0.1:60022 ! R:localhost/127.0.0.1:58978] with attribute DISCARD
12:31:06.237 [Test worker] INFO  - 
  _____   ___   ___   _____     ___     _     ___   ___   ___   ___  
 |_   _| | __| / __| |_   _|   | _ \   /_\   / __| / __| | __| |   \ 
   | |   | _|  \__ \   | |     |  _/  / _ \  \__ \ \__ \ | _|  | |) |
   |_|   |___| |___/   |_|     |_|   /_/ \_\ |___/ |___/ |___| |___/ 

Usuario se auténtica con una cuenta válida
----------------------------------------------------------------------

Esquema del escenario: Usuario se auténtica con una cuenta válida           ?[90m# src/test/resources/features/autenticacion/login.feature:25?[0m
12:31:06.243 [Test worker] INFO io.cucumber.core.plugin.SerenityReporter - Running feature from file:///C:/Users/juan.gomezv/IdeaProjects/sura/src/test/resources/features/autenticacion/login.feature
12:31:06.254 [Test worker] DEBUG net.thucydides.core.steps.StepInterceptor - STARTING STEP: LoginSteps.quiereConsultarArticulosDeportivosEnLaWebDeLaMarcaSwag - {0} abre la aplicación
12:31:06.257 [Test worker] DEBUG net.thucydides.core.steps.StepInterceptor - STARTING STEP: NavigateTo.performAs - {0} opens the #targetPageName
12:31:06.306 [Test worker] INFO net.serenitybdd.core.webdriver.driverproviders.ChromeDriverProvider - Starting Chrome driver instance with capabilities:
12:31:06.306 [Test worker] INFO net.serenitybdd.core.webdriver.driverproviders.ChromeDriverProvider - Capabilities {acceptInsecureCerts: false, browserName: chrome, goog:chromeOptions: {args: [], extensions: []}}
12:31:06.346 [AsyncHttpClient-1-1] DEBUG org.asynchttpclient.netty.channel.DefaultChannelPool - Entry count for : http://localhost:60024 : 1
12:31:06.346 [AsyncHttpClient-1-1] DEBUG org.asynchttpclient.netty.channel.DefaultChannelPool - Entry count for : http://localhost:58978 : 1
12:31:06.346 [AsyncHttpClient-1-1] DEBUG org.asynchttpclient.netty.channel.DefaultChannelPool - Adding Candidate expired Channel [id: 0xf284035c, L:/127.0.0.1:60031 ! R:localhost/127.0.0.1:60024] isIdleTimeoutExpired=false isRemotelyClosed=true isTtlExpired=false
12:31:06.346 [AsyncHttpClient-1-1] DEBUG org.asynchttpclient.netty.channel.DefaultChannelPool - Closing Idle Channel [id: 0xf284035c, L:/127.0.0.1:60031 ! R:localhost/127.0.0.1:60024]
12:31:06.346 [AsyncHttpClient-1-1] DEBUG org.asynchttpclient.netty.channel.DefaultChannelPool - Adding Candidate expired Channel [id: 0x08e09e1f, L:/127.0.0.1:60022 ! R:localhost/127.0.0.1:58978] isIdleTimeoutExpired=false isRemotelyClosed=true isTtlExpired=false
12:31:06.346 [AsyncHttpClient-1-1] DEBUG org.asynchttpclient.netty.channel.DefaultChannelPool - Closing Idle Channel [id: 0x08e09e1f, L:/127.0.0.1:60022 ! R:localhost/127.0.0.1:58978]
12:31:06.346 [AsyncHttpClient-1-1] DEBUG org.asynchttpclient.netty.channel.DefaultChannelPool - Closed 2 connections out of 2 in 0 ms
12:31:06.369 [AsyncHttpClient-1-14] DEBUG org.asynchttpclient.netty.channel.NettyConnectListener - Using new Channel '[id: 0x94958073, L:/127.0.0.1:60047 - R:localhost/127.0.0.1:62210]' for 'POST' to '/session'
12:31:06.896 [AsyncHttpClient-1-14] DEBUG org.asynchttpclient.netty.handler.HttpHandler - 

Request DefaultHttpRequest(decodeResult: success, version: HTTP/1.1)
POST /session HTTP/1.1
User-Agent: selenium/4.4.0 (java windows)
Content-Length: 437
Content-Type: application/json; charset=utf-8
host: localhost:62210
accept: */*

Response DefaultHttpResponse(decodeResult: success, version: HTTP/1.1)
HTTP/1.1 200 OK
Content-Type: application/json; charset=utf-8
cache-control: no-cache
content-length: 795

12:31:06.896 [AsyncHttpClient-1-14] DEBUG org.asynchttpclient.netty.channel.ChannelManager - Adding key: http://localhost:62210 for channel [id: 0x94958073, L:/127.0.0.1:60047 - R:localhost/127.0.0.1:62210]
12:31:06.902 [AsyncHttpClient-1-15] DEBUG org.asynchttpclient.netty.channel.NettyConnectListener - Using new Channel '[id: 0x80edc5b7, L:/127.0.0.1:60055 - R:localhost/127.0.0.1:60049]' for 'GET' to '/json/version'
12:31:06.904 [AsyncHttpClient-1-15] DEBUG org.asynchttpclient.netty.handler.HttpHandler - 

Request DefaultFullHttpRequest(decodeResult: success, version: HTTP/1.1, content: EmptyByteBufBE)
GET /json/version HTTP/1.1
User-Agent: selenium/4.4.0 (java windows)
host: localhost:60049
accept: */*

Response DefaultHttpResponse(decodeResult: success, version: HTTP/1.1)
HTTP/1.1 200 OK
Content-Type: application/json; charset=UTF-8
content-length: 423

12:31:06.904 [AsyncHttpClient-1-15] DEBUG org.asynchttpclient.netty.channel.ChannelManager - Adding key: http://localhost:60049 for channel [id: 0x80edc5b7, L:/127.0.0.1:60055 - R:localhost/127.0.0.1:60049]
12:31:06.907 [AsyncHttpClient-1-16] DEBUG org.asynchttpclient.netty.channel.NettyConnectListener - Using new Channel '[id: 0x7660ee70, L:/127.0.0.1:60056 - R:localhost/127.0.0.1:60049]' for 'GET' to '/devtools/browser/421d17c6-79c0-4f86-8a6d-c3a6ba262660'
12:31:06.908 [AsyncHttpClient-1-16] DEBUG org.asynchttpclient.netty.handler.WebSocketHandler - 

Request DefaultFullHttpRequest(decodeResult: success, version: HTTP/1.1, content: EmptyByteBufBE)
GET /devtools/browser/421d17c6-79c0-4f86-8a6d-c3a6ba262660 HTTP/1.1
upgrade: websocket
connection: upgrade
sec-websocket-key: 3ZPQZdUKElOsRKPCdibyHg==
sec-websocket-version: 13
origin: http://localhost:60049
host: localhost:60049
accept: */*
user-agent: AHC/2.1

Response DefaultHttpResponse(decodeResult: success, version: HTTP/1.1)
HTTP/1.1 101 WebSocket Protocol Handshake
Upgrade: WebSocket
Connection: Upgrade
Sec-WebSocket-Accept: qQYdEssOfGXjQBPeXR1AmtwjMvg=

12:31:06.911 [Forwarding get on session 0ca53fd040e3a50caae1f79f24e2c17c to remote] DEBUG org.asynchttpclient.netty.request.NettyRequestSender - Using pooled Channel '[id: 0x94958073, L:/127.0.0.1:60047 - R:localhost/127.0.0.1:62210]' for 'POST' to 'http://localhost:62210/session/0ca53fd040e3a50caae1f79f24e2c17c/url'
12:31:06.911 [Forwarding get on session 0ca53fd040e3a50caae1f79f24e2c17c to remote] DEBUG org.asynchttpclient.netty.request.NettyRequestSender - Using open Channel [id: 0x94958073, L:/127.0.0.1:60047 - R:localhost/127.0.0.1:62210] for POST '/session/0ca53fd040e3a50caae1f79f24e2c17c/url'
12:31:07.193 [AsyncHttpClient-1-14] DEBUG org.asynchttpclient.netty.handler.HttpHandler - 

Request DefaultHttpRequest(decodeResult: success, version: HTTP/1.1)
POST /session/0ca53fd040e3a50caae1f79f24e2c17c/url HTTP/1.1
User-Agent: selenium/4.4.0 (java windows)
Content-Length: 40
Content-Type: application/json; charset=utf-8
host: localhost:62210
accept: */*

Response DefaultHttpResponse(decodeResult: success, version: HTTP/1.1)
HTTP/1.1 200 OK
Content-Type: application/json; charset=utf-8
cache-control: no-cache
content-length: 14

12:31:07.193 [AsyncHttpClient-1-14] DEBUG org.asynchttpclient.netty.channel.ChannelManager - Adding key: http://localhost:62210 for channel [id: 0x94958073, L:/127.0.0.1:60047 - R:localhost/127.0.0.1:62210]
12:31:07.194 [Forwarding setTimeout on session 0ca53fd040e3a50caae1f79f24e2c17c to remote] DEBUG org.asynchttpclient.netty.request.NettyRequestSender - Using pooled Channel '[id: 0x94958073, L:/127.0.0.1:60047 - R:localhost/127.0.0.1:62210]' for 'POST' to 'http://localhost:62210/session/0ca53fd040e3a50caae1f79f24e2c17c/timeouts'
12:31:07.194 [Forwarding setTimeout on session 0ca53fd040e3a50caae1f79f24e2c17c to remote] DEBUG org.asynchttpclient.netty.request.NettyRequestSender - Using open Channel [id: 0x94958073, L:/127.0.0.1:60047 - R:localhost/127.0.0.1:62210] for POST '/session/0ca53fd040e3a50caae1f79f24e2c17c/timeouts'
12:31:07.195 [AsyncHttpClient-1-14] DEBUG org.asynchttpclient.netty.handler.HttpHandler - 

Request DefaultHttpRequest(decodeResult: success, version: HTTP/1.1)
POST /session/0ca53fd040e3a50caae1f79f24e2c17c/timeouts HTTP/1.1
User-Agent: selenium/4.4.0 (java windows)
Content-Length: 22
Content-Type: application/json; charset=utf-8
host: localhost:62210
accept: */*

Response DefaultHttpResponse(decodeResult: success, version: HTTP/1.1)
HTTP/1.1 200 OK
Content-Type: application/json; charset=utf-8
cache-control: no-cache
content-length: 14

12:31:07.195 [AsyncHttpClient-1-14] DEBUG org.asynchttpclient.netty.channel.ChannelManager - Adding key: http://localhost:62210 for channel [id: 0x94958073, L:/127.0.0.1:60047 - R:localhost/127.0.0.1:62210]
12:31:07.203 [Forwarding getCurrentUrl on session 0ca53fd040e3a50caae1f79f24e2c17c to remote] DEBUG org.asynchttpclient.netty.request.NettyRequestSender - Using pooled Channel '[id: 0x94958073, L:/127.0.0.1:60047 - R:localhost/127.0.0.1:62210]' for 'GET' to 'http://localhost:62210/session/0ca53fd040e3a50caae1f79f24e2c17c/url'
12:31:07.203 [Forwarding getCurrentUrl on session 0ca53fd040e3a50caae1f79f24e2c17c to remote] DEBUG org.asynchttpclient.netty.request.NettyRequestSender - Using open Channel [id: 0x94958073, L:/127.0.0.1:60047 - R:localhost/127.0.0.1:62210] for GET '/session/0ca53fd040e3a50caae1f79f24e2c17c/url'
12:31:07.207 [AsyncHttpClient-1-14] DEBUG org.asynchttpclient.netty.handler.HttpHandler - 

Request DefaultFullHttpRequest(decodeResult: success, version: HTTP/1.1, content: EmptyByteBufBE)
GET /session/0ca53fd040e3a50caae1f79f24e2c17c/url HTTP/1.1
User-Agent: selenium/4.4.0 (java windows)
Cache-Control: no-cache
Content-Type: application/json; charset=utf-8
host: localhost:62210
accept: */*

Response DefaultHttpResponse(decodeResult: success, version: HTTP/1.1)
HTTP/1.1 200 OK
Content-Type: application/json; charset=utf-8
cache-control: no-cache
content-length: 38

12:31:07.207 [AsyncHttpClient-1-14] DEBUG org.asynchttpclient.netty.channel.ChannelManager - Adding key: http://localhost:62210 for channel [id: 0x94958073, L:/127.0.0.1:60047 - R:localhost/127.0.0.1:62210]
12:31:07.215 [Forwarding getCurrentUrl on session 0ca53fd040e3a50caae1f79f24e2c17c to remote] DEBUG org.asynchttpclient.netty.request.NettyRequestSender - Using pooled Channel '[id: 0x94958073, L:/127.0.0.1:60047 - R:localhost/127.0.0.1:62210]' for 'GET' to 'http://localhost:62210/session/0ca53fd040e3a50caae1f79f24e2c17c/url'
12:31:07.215 [Forwarding getCurrentUrl on session 0ca53fd040e3a50caae1f79f24e2c17c to remote] DEBUG org.asynchttpclient.netty.request.NettyRequestSender - Using open Channel [id: 0x94958073, L:/127.0.0.1:60047 - R:localhost/127.0.0.1:62210] for GET '/session/0ca53fd040e3a50caae1f79f24e2c17c/url'
12:31:07.218 [AsyncHttpClient-1-14] DEBUG org.asynchttpclient.netty.handler.HttpHandler - 

Request DefaultFullHttpRequest(decodeResult: success, version: HTTP/1.1, content: EmptyByteBufBE)
GET /session/0ca53fd040e3a50caae1f79f24e2c17c/url HTTP/1.1
User-Agent: selenium/4.4.0 (java windows)
Cache-Control: no-cache
Content-Type: application/json; charset=utf-8
host: localhost:62210
accept: */*

Response DefaultHttpResponse(decodeResult: success, version: HTTP/1.1)
HTTP/1.1 200 OK
Content-Type: application/json; charset=utf-8
cache-control: no-cache
content-length: 38

12:31:07.218 [AsyncHttpClient-1-14] DEBUG org.asynchttpclient.netty.channel.ChannelManager - Adding key: http://localhost:62210 for channel [id: 0x94958073, L:/127.0.0.1:60047 - R:localhost/127.0.0.1:62210]
12:31:07.229 [Forwarding getCurrentWindowHandle on session 0ca53fd040e3a50caae1f79f24e2c17c to remote] DEBUG org.asynchttpclient.netty.request.NettyRequestSender - Using pooled Channel '[id: 0x94958073, L:/127.0.0.1:60047 - R:localhost/127.0.0.1:62210]' for 'GET' to 'http://localhost:62210/session/0ca53fd040e3a50caae1f79f24e2c17c/window'
12:31:07.229 [Forwarding getCurrentWindowHandle on session 0ca53fd040e3a50caae1f79f24e2c17c to remote] DEBUG org.asynchttpclient.netty.request.NettyRequestSender - Using open Channel [id: 0x94958073, L:/127.0.0.1:60047 - R:localhost/127.0.0.1:62210] for GET '/session/0ca53fd040e3a50caae1f79f24e2c17c/window'
12:31:07.230 [AsyncHttpClient-1-14] DEBUG org.asynchttpclient.netty.handler.HttpHandler - 

Request DefaultFullHttpRequest(decodeResult: success, version: HTTP/1.1, content: EmptyByteBufBE)
GET /session/0ca53fd040e3a50caae1f79f24e2c17c/window HTTP/1.1
User-Agent: selenium/4.4.0 (java windows)
Cache-Control: no-cache
Content-Type: application/json; charset=utf-8
host: localhost:62210
accept: */*

Response DefaultHttpResponse(decodeResult: success, version: HTTP/1.1)
HTTP/1.1 200 OK
Content-Type: application/json; charset=utf-8
cache-control: no-cache
content-length: 53

12:31:07.230 [AsyncHttpClient-1-14] DEBUG org.asynchttpclient.netty.channel.ChannelManager - Adding key: http://localhost:62210 for channel [id: 0x94958073, L:/127.0.0.1:60047 - R:localhost/127.0.0.1:62210]
12:31:07.235 [Forwarding getAlertText on session 0ca53fd040e3a50caae1f79f24e2c17c to remote] DEBUG org.asynchttpclient.netty.request.NettyRequestSender - Using pooled Channel '[id: 0x94958073, L:/127.0.0.1:60047 - R:localhost/127.0.0.1:62210]' for 'GET' to 'http://localhost:62210/session/0ca53fd040e3a50caae1f79f24e2c17c/alert/text'
12:31:07.235 [Forwarding getAlertText on session 0ca53fd040e3a50caae1f79f24e2c17c to remote] DEBUG org.asynchttpclient.netty.request.NettyRequestSender - Using open Channel [id: 0x94958073, L:/127.0.0.1:60047 - R:localhost/127.0.0.1:62210] for GET '/session/0ca53fd040e3a50caae1f79f24e2c17c/alert/text'
12:31:07.236 [AsyncHttpClient-1-14] DEBUG org.asynchttpclient.netty.handler.HttpHandler - 

Request DefaultFullHttpRequest(decodeResult: success, version: HTTP/1.1, content: EmptyByteBufBE)
GET /session/0ca53fd040e3a50caae1f79f24e2c17c/alert/text HTTP/1.1
User-Agent: selenium/4.4.0 (java windows)
Cache-Control: no-cache
Content-Type: application/json; charset=utf-8
host: localhost:62210
accept: */*

Response DefaultHttpResponse(decodeResult: success, version: HTTP/1.1)
HTTP/1.1 404 Not Found
Content-Type: application/json; charset=utf-8
cache-control: no-cache
content-length: 879

12:31:07.236 [AsyncHttpClient-1-14] DEBUG org.asynchttpclient.netty.channel.ChannelManager - Adding key: http://localhost:62210 for channel [id: 0x94958073, L:/127.0.0.1:60047 - R:localhost/127.0.0.1:62210]
12:31:07.241 [Forwarding switchToWindow on session 0ca53fd040e3a50caae1f79f24e2c17c to remote] DEBUG org.asynchttpclient.netty.request.NettyRequestSender - Using pooled Channel '[id: 0x94958073, L:/127.0.0.1:60047 - R:localhost/127.0.0.1:62210]' for 'POST' to 'http://localhost:62210/session/0ca53fd040e3a50caae1f79f24e2c17c/window'
12:31:07.241 [Forwarding switchToWindow on session 0ca53fd040e3a50caae1f79f24e2c17c to remote] DEBUG org.asynchttpclient.netty.request.NettyRequestSender - Using open Channel [id: 0x94958073, L:/127.0.0.1:60047 - R:localhost/127.0.0.1:62210] for POST '/session/0ca53fd040e3a50caae1f79f24e2c17c/window'
12:31:07.245 [AsyncHttpClient-1-14] DEBUG org.asynchttpclient.netty.handler.HttpHandler - 

Request DefaultHttpRequest(decodeResult: success, version: HTTP/1.1)
POST /session/0ca53fd040e3a50caae1f79f24e2c17c/window HTTP/1.1
User-Agent: selenium/4.4.0 (java windows)
Content-Length: 59
Content-Type: application/json; charset=utf-8
host: localhost:62210
accept: */*

Response DefaultHttpResponse(decodeResult: success, version: HTTP/1.1)
HTTP/1.1 200 OK
Content-Type: application/json; charset=utf-8
cache-control: no-cache
content-length: 14

12:31:07.245 [AsyncHttpClient-1-14] DEBUG org.asynchttpclient.netty.channel.ChannelManager - Adding key: http://localhost:62210 for channel [id: 0x94958073, L:/127.0.0.1:60047 - R:localhost/127.0.0.1:62210]
12:31:07.246 [Forwarding getCurrentUrl on session 0ca53fd040e3a50caae1f79f24e2c17c to remote] DEBUG org.asynchttpclient.netty.request.NettyRequestSender - Using pooled Channel '[id: 0x94958073, L:/127.0.0.1:60047 - R:localhost/127.0.0.1:62210]' for 'GET' to 'http://localhost:62210/session/0ca53fd040e3a50caae1f79f24e2c17c/url'
12:31:07.246 [Forwarding getCurrentUrl on session 0ca53fd040e3a50caae1f79f24e2c17c to remote] DEBUG org.asynchttpclient.netty.request.NettyRequestSender - Using open Channel [id: 0x94958073, L:/127.0.0.1:60047 - R:localhost/127.0.0.1:62210] for GET '/session/0ca53fd040e3a50caae1f79f24e2c17c/url'
12:31:07.252 [AsyncHttpClient-1-14] DEBUG org.asynchttpclient.netty.handler.HttpHandler - 

Request DefaultFullHttpRequest(decodeResult: success, version: HTTP/1.1, content: EmptyByteBufBE)
GET /session/0ca53fd040e3a50caae1f79f24e2c17c/url HTTP/1.1
User-Agent: selenium/4.4.0 (java windows)
Cache-Control: no-cache
Content-Type: application/json; charset=utf-8
host: localhost:62210
accept: */*

Response DefaultHttpResponse(decodeResult: success, version: HTTP/1.1)
HTTP/1.1 200 OK
Content-Type: application/json; charset=utf-8
cache-control: no-cache
content-length: 38

12:31:07.253 [AsyncHttpClient-1-14] DEBUG org.asynchttpclient.netty.channel.ChannelManager - Adding key: http://localhost:62210 for channel [id: 0x94958073, L:/127.0.0.1:60047 - R:localhost/127.0.0.1:62210]
12:31:07.254 [Forwarding screenshot on session 0ca53fd040e3a50caae1f79f24e2c17c to remote] DEBUG org.asynchttpclient.netty.request.NettyRequestSender - Using pooled Channel '[id: 0x94958073, L:/127.0.0.1:60047 - R:localhost/127.0.0.1:62210]' for 'GET' to 'http://localhost:62210/session/0ca53fd040e3a50caae1f79f24e2c17c/screenshot'
12:31:07.254 [Forwarding screenshot on session 0ca53fd040e3a50caae1f79f24e2c17c to remote] DEBUG org.asynchttpclient.netty.request.NettyRequestSender - Using open Channel [id: 0x94958073, L:/127.0.0.1:60047 - R:localhost/127.0.0.1:62210] for GET '/session/0ca53fd040e3a50caae1f79f24e2c17c/screenshot'
12:31:07.351 [AsyncHttpClient-1-14] DEBUG org.asynchttpclient.netty.handler.HttpHandler - 

Request DefaultFullHttpRequest(decodeResult: success, version: HTTP/1.1, content: EmptyByteBufBE)
GET /session/0ca53fd040e3a50caae1f79f24e2c17c/screenshot HTTP/1.1
User-Agent: selenium/4.4.0 (java windows)
Cache-Control: no-cache
Content-Type: application/json; charset=utf-8
host: localhost:62210
accept: */*

Response DefaultHttpResponse(decodeResult: success, version: HTTP/1.1)
HTTP/1.1 200 OK
Content-Type: application/json; charset=utf-8
cache-control: no-cache
content-length: 59108

12:31:07.352 [AsyncHttpClient-1-14] DEBUG org.asynchttpclient.netty.channel.ChannelManager - Adding key: http://localhost:62210 for channel [id: 0x94958073, L:/127.0.0.1:60047 - R:localhost/127.0.0.1:62210]
12:31:07.355 [Test worker] DEBUG net.serenitybdd.core.photography.Darkroom - Send negative for processing for C:\Users\juan.gomezv\IdeaProjects\sura\target\site\serenity\60e3c498caf7a8fcf635471a5092c247627e1395d91e12246eaf1a3e7a34e095.png
12:31:07.355 [Test worker] DEBUG net.thucydides.core.steps.StepInterceptor - STEP DONE: {0} opens the #targetPageName
12:31:07.363 [Test worker] DEBUG net.thucydides.core.steps.StepInterceptor - STEP DONE: {0} abre la aplicación
  ?[32mDado ?[0m?[32m?[0m?[32m?[1mAna?[0m?[32m quiere consultar articulos deportivos en la web de la marca Swag?[0m ?[90m# sura.stepDefinitions.LoginSteps.quiereConsultarArticulosDeportivosEnLaWebDeLaMarcaSwag(net.serenitybdd.screenplay.Actor)?[0m
12:31:07.379 [Forwarding getPageSource on session 0ca53fd040e3a50caae1f79f24e2c17c to remote] DEBUG org.asynchttpclient.netty.request.NettyRequestSender - Using pooled Channel '[id: 0x94958073, L:/127.0.0.1:60047 - R:localhost/127.0.0.1:62210]' for 'POST' to 'http://localhost:62210/session/0ca53fd040e3a50caae1f79f24e2c17c/execute/sync'
12:31:07.379 [Forwarding getPageSource on session 0ca53fd040e3a50caae1f79f24e2c17c to remote] DEBUG org.asynchttpclient.netty.request.NettyRequestSender - Using open Channel [id: 0x94958073, L:/127.0.0.1:60047 - R:localhost/127.0.0.1:62210] for POST '/session/0ca53fd040e3a50caae1f79f24e2c17c/execute/sync'
12:31:07.384 [AsyncHttpClient-1-14] DEBUG org.asynchttpclient.netty.handler.HttpHandler - 

Request DefaultHttpRequest(decodeResult: success, version: HTTP/1.1)
POST /session/0ca53fd040e3a50caae1f79f24e2c17c/execute/sync HTTP/1.1
User-Agent: selenium/4.4.0 (java windows)
Content-Length: 176
Content-Type: application/json; charset=utf-8
host: localhost:62210
accept: */*

Response DefaultHttpResponse(decodeResult: success, version: HTTP/1.1)
HTTP/1.1 200 OK
Content-Type: application/json; charset=utf-8
cache-control: no-cache
content-length: 4160

12:31:07.384 [AsyncHttpClient-1-14] DEBUG org.asynchttpclient.netty.channel.ChannelManager - Adding key: http://localhost:62210 for channel [id: 0x94958073, L:/127.0.0.1:60047 - R:localhost/127.0.0.1:62210]
12:31:07.385 [Forwarding getCurrentUrl on session 0ca53fd040e3a50caae1f79f24e2c17c to remote] DEBUG org.asynchttpclient.netty.request.NettyRequestSender - Using pooled Channel '[id: 0x94958073, L:/127.0.0.1:60047 - R:localhost/127.0.0.1:62210]' for 'GET' to 'http://localhost:62210/session/0ca53fd040e3a50caae1f79f24e2c17c/url'
12:31:07.385 [Forwarding getCurrentUrl on session 0ca53fd040e3a50caae1f79f24e2c17c to remote] DEBUG org.asynchttpclient.netty.request.NettyRequestSender - Using open Channel [id: 0x94958073, L:/127.0.0.1:60047 - R:localhost/127.0.0.1:62210] for GET '/session/0ca53fd040e3a50caae1f79f24e2c17c/url'
12:31:07.388 [AsyncHttpClient-1-14] DEBUG org.asynchttpclient.netty.handler.HttpHandler - 

Request DefaultFullHttpRequest(decodeResult: success, version: HTTP/1.1, content: EmptyByteBufBE)
GET /session/0ca53fd040e3a50caae1f79f24e2c17c/url HTTP/1.1
User-Agent: selenium/4.4.0 (java windows)
Cache-Control: no-cache
Content-Type: application/json; charset=utf-8
host: localhost:62210
accept: */*

Response DefaultHttpResponse(decodeResult: success, version: HTTP/1.1)
HTTP/1.1 200 OK
Content-Type: application/json; charset=utf-8
cache-control: no-cache
content-length: 38

12:31:07.388 [AsyncHttpClient-1-14] DEBUG org.asynchttpclient.netty.channel.ChannelManager - Adding key: http://localhost:62210 for channel [id: 0x94958073, L:/127.0.0.1:60047 - R:localhost/127.0.0.1:62210]
12:31:07.399 [Forwarding getPageSource on session 0ca53fd040e3a50caae1f79f24e2c17c to remote] DEBUG org.asynchttpclient.netty.request.NettyRequestSender - Using pooled Channel '[id: 0x94958073, L:/127.0.0.1:60047 - R:localhost/127.0.0.1:62210]' for 'POST' to 'http://localhost:62210/session/0ca53fd040e3a50caae1f79f24e2c17c/execute/sync'
12:31:07.399 [Forwarding getPageSource on session 0ca53fd040e3a50caae1f79f24e2c17c to remote] DEBUG org.asynchttpclient.netty.request.NettyRequestSender - Using open Channel [id: 0x94958073, L:/127.0.0.1:60047 - R:localhost/127.0.0.1:62210] for POST '/session/0ca53fd040e3a50caae1f79f24e2c17c/execute/sync'
12:31:07.403 [AsyncHttpClient-1-14] DEBUG org.asynchttpclient.netty.handler.HttpHandler - 

Request DefaultHttpRequest(decodeResult: success, version: HTTP/1.1)
POST /session/0ca53fd040e3a50caae1f79f24e2c17c/execute/sync HTTP/1.1
User-Agent: selenium/4.4.0 (java windows)
Content-Length: 176
Content-Type: application/json; charset=utf-8
host: localhost:62210
accept: */*

Response DefaultHttpResponse(decodeResult: success, version: HTTP/1.1)
HTTP/1.1 200 OK
Content-Type: application/json; charset=utf-8
cache-control: no-cache
content-length: 4160

12:31:07.403 [AsyncHttpClient-1-14] DEBUG org.asynchttpclient.netty.channel.ChannelManager - Adding key: http://localhost:62210 for channel [id: 0x94958073, L:/127.0.0.1:60047 - R:localhost/127.0.0.1:62210]
12:31:07.404 [Forwarding getCurrentUrl on session 0ca53fd040e3a50caae1f79f24e2c17c to remote] DEBUG org.asynchttpclient.netty.request.NettyRequestSender - Using pooled Channel '[id: 0x94958073, L:/127.0.0.1:60047 - R:localhost/127.0.0.1:62210]' for 'GET' to 'http://localhost:62210/session/0ca53fd040e3a50caae1f79f24e2c17c/url'
12:31:07.404 [Forwarding getCurrentUrl on session 0ca53fd040e3a50caae1f79f24e2c17c to remote] DEBUG org.asynchttpclient.netty.request.NettyRequestSender - Using open Channel [id: 0x94958073, L:/127.0.0.1:60047 - R:localhost/127.0.0.1:62210] for GET '/session/0ca53fd040e3a50caae1f79f24e2c17c/url'
12:31:07.407 [AsyncHttpClient-1-14] DEBUG org.asynchttpclient.netty.handler.HttpHandler - 

Request DefaultFullHttpRequest(decodeResult: success, version: HTTP/1.1, content: EmptyByteBufBE)
GET /session/0ca53fd040e3a50caae1f79f24e2c17c/url HTTP/1.1
User-Agent: selenium/4.4.0 (java windows)
Cache-Control: no-cache
Content-Type: application/json; charset=utf-8
host: localhost:62210
accept: */*

Response DefaultHttpResponse(decodeResult: success, version: HTTP/1.1)
HTTP/1.1 200 OK
Content-Type: application/json; charset=utf-8
cache-control: no-cache
content-length: 38

12:31:07.408 [AsyncHttpClient-1-14] DEBUG org.asynchttpclient.netty.channel.ChannelManager - Adding key: http://localhost:62210 for channel [id: 0x94958073, L:/127.0.0.1:60047 - R:localhost/127.0.0.1:62210]
12:31:07.409 [Test worker] DEBUG net.thucydides.core.steps.StepInterceptor - STARTING STEP: LoginSteps.elSeAutenticaComoUnUsuario - performAs
12:31:07.423 [Forwarding getCurrentWindowHandle on session 0ca53fd040e3a50caae1f79f24e2c17c to remote] DEBUG org.asynchttpclient.netty.request.NettyRequestSender - Using pooled Channel '[id: 0x94958073, L:/127.0.0.1:60047 - R:localhost/127.0.0.1:62210]' for 'GET' to 'http://localhost:62210/session/0ca53fd040e3a50caae1f79f24e2c17c/window'
12:31:07.423 [Forwarding getCurrentWindowHandle on session 0ca53fd040e3a50caae1f79f24e2c17c to remote] DEBUG org.asynchttpclient.netty.request.NettyRequestSender - Using open Channel [id: 0x94958073, L:/127.0.0.1:60047 - R:localhost/127.0.0.1:62210] for GET '/session/0ca53fd040e3a50caae1f79f24e2c17c/window'
12:31:07.424 [AsyncHttpClient-1-14] DEBUG org.asynchttpclient.netty.handler.HttpHandler - 

Request DefaultFullHttpRequest(decodeResult: success, version: HTTP/1.1, content: EmptyByteBufBE)
GET /session/0ca53fd040e3a50caae1f79f24e2c17c/window HTTP/1.1
User-Agent: selenium/4.4.0 (java windows)
Cache-Control: no-cache
Content-Type: application/json; charset=utf-8
host: localhost:62210
accept: */*

Response DefaultHttpResponse(decodeResult: success, version: HTTP/1.1)
HTTP/1.1 200 OK
Content-Type: application/json; charset=utf-8
cache-control: no-cache
content-length: 53

12:31:07.424 [AsyncHttpClient-1-14] DEBUG org.asynchttpclient.netty.channel.ChannelManager - Adding key: http://localhost:62210 for channel [id: 0x94958073, L:/127.0.0.1:60047 - R:localhost/127.0.0.1:62210]
12:31:07.427 [Forwarding getAlertText on session 0ca53fd040e3a50caae1f79f24e2c17c to remote] DEBUG org.asynchttpclient.netty.request.NettyRequestSender - Using pooled Channel '[id: 0x94958073, L:/127.0.0.1:60047 - R:localhost/127.0.0.1:62210]' for 'GET' to 'http://localhost:62210/session/0ca53fd040e3a50caae1f79f24e2c17c/alert/text'
12:31:07.428 [Forwarding getAlertText on session 0ca53fd040e3a50caae1f79f24e2c17c to remote] DEBUG org.asynchttpclient.netty.request.NettyRequestSender - Using open Channel [id: 0x94958073, L:/127.0.0.1:60047 - R:localhost/127.0.0.1:62210] for GET '/session/0ca53fd040e3a50caae1f79f24e2c17c/alert/text'
12:31:07.429 [AsyncHttpClient-1-14] DEBUG org.asynchttpclient.netty.handler.HttpHandler - 

Request DefaultFullHttpRequest(decodeResult: success, version: HTTP/1.1, content: EmptyByteBufBE)
GET /session/0ca53fd040e3a50caae1f79f24e2c17c/alert/text HTTP/1.1
User-Agent: selenium/4.4.0 (java windows)
Cache-Control: no-cache
Content-Type: application/json; charset=utf-8
host: localhost:62210
accept: */*

Response DefaultHttpResponse(decodeResult: success, version: HTTP/1.1)
HTTP/1.1 404 Not Found
Content-Type: application/json; charset=utf-8
cache-control: no-cache
content-length: 879

12:31:07.429 [AsyncHttpClient-1-14] DEBUG org.asynchttpclient.netty.channel.ChannelManager - Adding key: http://localhost:62210 for channel [id: 0x94958073, L:/127.0.0.1:60047 - R:localhost/127.0.0.1:62210]
12:31:07.433 [Forwarding switchToWindow on session 0ca53fd040e3a50caae1f79f24e2c17c to remote] DEBUG org.asynchttpclient.netty.request.NettyRequestSender - Using pooled Channel '[id: 0x94958073, L:/127.0.0.1:60047 - R:localhost/127.0.0.1:62210]' for 'POST' to 'http://localhost:62210/session/0ca53fd040e3a50caae1f79f24e2c17c/window'
12:31:07.433 [Forwarding switchToWindow on session 0ca53fd040e3a50caae1f79f24e2c17c to remote] DEBUG org.asynchttpclient.netty.request.NettyRequestSender - Using open Channel [id: 0x94958073, L:/127.0.0.1:60047 - R:localhost/127.0.0.1:62210] for POST '/session/0ca53fd040e3a50caae1f79f24e2c17c/window'
12:31:07.435 [AsyncHttpClient-1-14] DEBUG org.asynchttpclient.netty.handler.HttpHandler - 

Request DefaultHttpRequest(decodeResult: success, version: HTTP/1.1)
POST /session/0ca53fd040e3a50caae1f79f24e2c17c/window HTTP/1.1
User-Agent: selenium/4.4.0 (java windows)
Content-Length: 59
Content-Type: application/json; charset=utf-8
host: localhost:62210
accept: */*

Response DefaultHttpResponse(decodeResult: success, version: HTTP/1.1)
HTTP/1.1 200 OK
Content-Type: application/json; charset=utf-8
cache-control: no-cache
content-length: 14

12:31:07.435 [AsyncHttpClient-1-14] DEBUG org.asynchttpclient.netty.channel.ChannelManager - Adding key: http://localhost:62210 for channel [id: 0x94958073, L:/127.0.0.1:60047 - R:localhost/127.0.0.1:62210]
12:31:07.435 [Forwarding getCurrentUrl on session 0ca53fd040e3a50caae1f79f24e2c17c to remote] DEBUG org.asynchttpclient.netty.request.NettyRequestSender - Using pooled Channel '[id: 0x94958073, L:/127.0.0.1:60047 - R:localhost/127.0.0.1:62210]' for 'GET' to 'http://localhost:62210/session/0ca53fd040e3a50caae1f79f24e2c17c/url'
12:31:07.435 [Forwarding getCurrentUrl on session 0ca53fd040e3a50caae1f79f24e2c17c to remote] DEBUG org.asynchttpclient.netty.request.NettyRequestSender - Using open Channel [id: 0x94958073, L:/127.0.0.1:60047 - R:localhost/127.0.0.1:62210] for GET '/session/0ca53fd040e3a50caae1f79f24e2c17c/url'
12:31:07.438 [AsyncHttpClient-1-14] DEBUG org.asynchttpclient.netty.handler.HttpHandler - 

Request DefaultFullHttpRequest(decodeResult: success, version: HTTP/1.1, content: EmptyByteBufBE)
GET /session/0ca53fd040e3a50caae1f79f24e2c17c/url HTTP/1.1
User-Agent: selenium/4.4.0 (java windows)
Cache-Control: no-cache
Content-Type: application/json; charset=utf-8
host: localhost:62210
accept: */*

Response DefaultHttpResponse(decodeResult: success, version: HTTP/1.1)
HTTP/1.1 200 OK
Content-Type: application/json; charset=utf-8
cache-control: no-cache
content-length: 38

12:31:07.439 [AsyncHttpClient-1-14] DEBUG org.asynchttpclient.netty.channel.ChannelManager - Adding key: http://localhost:62210 for channel [id: 0x94958073, L:/127.0.0.1:60047 - R:localhost/127.0.0.1:62210]
12:31:07.441 [Forwarding screenshot on session 0ca53fd040e3a50caae1f79f24e2c17c to remote] DEBUG org.asynchttpclient.netty.request.NettyRequestSender - Using pooled Channel '[id: 0x94958073, L:/127.0.0.1:60047 - R:localhost/127.0.0.1:62210]' for 'GET' to 'http://localhost:62210/session/0ca53fd040e3a50caae1f79f24e2c17c/screenshot'
12:31:07.441 [Forwarding screenshot on session 0ca53fd040e3a50caae1f79f24e2c17c to remote] DEBUG org.asynchttpclient.netty.request.NettyRequestSender - Using open Channel [id: 0x94958073, L:/127.0.0.1:60047 - R:localhost/127.0.0.1:62210] for GET '/session/0ca53fd040e3a50caae1f79f24e2c17c/screenshot'
12:31:07.448 [AsyncHttpClient-1-1] DEBUG org.asynchttpclient.netty.channel.DefaultChannelPool - Entry count for : http://localhost:60049 : 1
12:31:07.503 [AsyncHttpClient-1-14] DEBUG org.asynchttpclient.netty.handler.HttpHandler - 

Request DefaultFullHttpRequest(decodeResult: success, version: HTTP/1.1, content: EmptyByteBufBE)
GET /session/0ca53fd040e3a50caae1f79f24e2c17c/screenshot HTTP/1.1
User-Agent: selenium/4.4.0 (java windows)
Cache-Control: no-cache
Content-Type: application/json; charset=utf-8
host: localhost:62210
accept: */*

Response DefaultHttpResponse(decodeResult: success, version: HTTP/1.1)
HTTP/1.1 200 OK
Content-Type: application/json; charset=utf-8
cache-control: no-cache
content-length: 59108

12:31:07.503 [AsyncHttpClient-1-14] DEBUG org.asynchttpclient.netty.channel.ChannelManager - Adding key: http://localhost:62210 for channel [id: 0x94958073, L:/127.0.0.1:60047 - R:localhost/127.0.0.1:62210]
12:31:07.505 [Test worker] DEBUG net.serenitybdd.core.photography.Darkroom - Send negative for processing for C:\Users\juan.gomezv\IdeaProjects\sura\target\site\serenity\60e3c498caf7a8fcf635471a5092c247627e1395d91e12246eaf1a3e7a34e095.png
12:31:07.508 [Forwarding getPageSource on session 0ca53fd040e3a50caae1f79f24e2c17c to remote] DEBUG org.asynchttpclient.netty.request.NettyRequestSender - Using pooled Channel '[id: 0x94958073, L:/127.0.0.1:60047 - R:localhost/127.0.0.1:62210]' for 'POST' to 'http://localhost:62210/session/0ca53fd040e3a50caae1f79f24e2c17c/execute/sync'
12:31:07.508 [Forwarding getPageSource on session 0ca53fd040e3a50caae1f79f24e2c17c to remote] DEBUG org.asynchttpclient.netty.request.NettyRequestSender - Using open Channel [id: 0x94958073, L:/127.0.0.1:60047 - R:localhost/127.0.0.1:62210] for POST '/session/0ca53fd040e3a50caae1f79f24e2c17c/execute/sync'
12:31:07.511 [AsyncHttpClient-1-14] DEBUG org.asynchttpclient.netty.handler.HttpHandler - 

Request DefaultHttpRequest(decodeResult: success, version: HTTP/1.1)
POST /session/0ca53fd040e3a50caae1f79f24e2c17c/execute/sync HTTP/1.1
User-Agent: selenium/4.4.0 (java windows)
Content-Length: 176
Content-Type: application/json; charset=utf-8
host: localhost:62210
accept: */*

Response DefaultHttpResponse(decodeResult: success, version: HTTP/1.1)
HTTP/1.1 200 OK
Content-Type: application/json; charset=utf-8
cache-control: no-cache
content-length: 4160

12:31:07.512 [AsyncHttpClient-1-14] DEBUG org.asynchttpclient.netty.channel.ChannelManager - Adding key: http://localhost:62210 for channel [id: 0x94958073, L:/127.0.0.1:60047 - R:localhost/127.0.0.1:62210]
12:31:07.513 [Forwarding getCurrentUrl on session 0ca53fd040e3a50caae1f79f24e2c17c to remote] DEBUG org.asynchttpclient.netty.request.NettyRequestSender - Using pooled Channel '[id: 0x94958073, L:/127.0.0.1:60047 - R:localhost/127.0.0.1:62210]' for 'GET' to 'http://localhost:62210/session/0ca53fd040e3a50caae1f79f24e2c17c/url'
12:31:07.513 [Forwarding getCurrentUrl on session 0ca53fd040e3a50caae1f79f24e2c17c to remote] DEBUG org.asynchttpclient.netty.request.NettyRequestSender - Using open Channel [id: 0x94958073, L:/127.0.0.1:60047 - R:localhost/127.0.0.1:62210] for GET '/session/0ca53fd040e3a50caae1f79f24e2c17c/url'
12:31:07.516 [AsyncHttpClient-1-14] DEBUG org.asynchttpclient.netty.handler.HttpHandler - 

Request DefaultFullHttpRequest(decodeResult: success, version: HTTP/1.1, content: EmptyByteBufBE)
GET /session/0ca53fd040e3a50caae1f79f24e2c17c/url HTTP/1.1
User-Agent: selenium/4.4.0 (java windows)
Cache-Control: no-cache
Content-Type: application/json; charset=utf-8
host: localhost:62210
accept: */*

Response DefaultHttpResponse(decodeResult: success, version: HTTP/1.1)
HTTP/1.1 200 OK
Content-Type: application/json; charset=utf-8
cache-control: no-cache
content-length: 38

12:31:07.516 [AsyncHttpClient-1-14] DEBUG org.asynchttpclient.netty.channel.ChannelManager - Adding key: http://localhost:62210 for channel [id: 0x94958073, L:/127.0.0.1:60047 - R:localhost/127.0.0.1:62210]
12:31:07.518 [Test worker] DEBUG net.thucydides.core.steps.StepInterceptor - STARTING STEP: LogIn.performAs - {0} enters #theTextAsAString into #target
12:31:07.522 [Test worker] DEBUG net.serenitybdd.screenplay.targets.IFrameSwitcher - default content already selected for usernameTextBox
12:31:07.531 [Forwarding findElement on session 0ca53fd040e3a50caae1f79f24e2c17c to remote] DEBUG org.asynchttpclient.netty.request.NettyRequestSender - Using pooled Channel '[id: 0x94958073, L:/127.0.0.1:60047 - R:localhost/127.0.0.1:62210]' for 'POST' to 'http://localhost:62210/session/0ca53fd040e3a50caae1f79f24e2c17c/element'
12:31:07.531 [Forwarding findElement on session 0ca53fd040e3a50caae1f79f24e2c17c to remote] DEBUG org.asynchttpclient.netty.request.NettyRequestSender - Using open Channel [id: 0x94958073, L:/127.0.0.1:60047 - R:localhost/127.0.0.1:62210] for POST '/session/0ca53fd040e3a50caae1f79f24e2c17c/element'
12:31:07.543 [AsyncHttpClient-1-14] DEBUG org.asynchttpclient.netty.handler.HttpHandler - 

Request DefaultHttpRequest(decodeResult: success, version: HTTP/1.1)
POST /session/0ca53fd040e3a50caae1f79f24e2c17c/element HTTP/1.1
User-Agent: selenium/4.4.0 (java windows)
Content-Length: 67
Content-Type: application/json; charset=utf-8
host: localhost:62210
accept: */*

Response DefaultHttpResponse(decodeResult: success, version: HTTP/1.1)
HTTP/1.1 200 OK
Content-Type: application/json; charset=utf-8
cache-control: no-cache
content-length: 88

12:31:07.543 [AsyncHttpClient-1-14] DEBUG org.asynchttpclient.netty.channel.ChannelManager - Adding key: http://localhost:62210 for channel [id: 0x94958073, L:/127.0.0.1:60047 - R:localhost/127.0.0.1:62210]
12:31:07.545 [Forwarding clearElement on session 0ca53fd040e3a50caae1f79f24e2c17c to remote] DEBUG org.asynchttpclient.netty.request.NettyRequestSender - Using pooled Channel '[id: 0x94958073, L:/127.0.0.1:60047 - R:localhost/127.0.0.1:62210]' for 'POST' to 'http://localhost:62210/session/0ca53fd040e3a50caae1f79f24e2c17c/element/242e1ad5-a569-4145-bee0-2282bd0786a4/clear'
12:31:07.545 [Forwarding clearElement on session 0ca53fd040e3a50caae1f79f24e2c17c to remote] DEBUG org.asynchttpclient.netty.request.NettyRequestSender - Using open Channel [id: 0x94958073, L:/127.0.0.1:60047 - R:localhost/127.0.0.1:62210] for POST '/session/0ca53fd040e3a50caae1f79f24e2c17c/element/242e1ad5-a569-4145-bee0-2282bd0786a4/clear'
12:31:07.570 [AsyncHttpClient-1-14] DEBUG org.asynchttpclient.netty.handler.HttpHandler - 

Request DefaultHttpRequest(decodeResult: success, version: HTTP/1.1)
POST /session/0ca53fd040e3a50caae1f79f24e2c17c/element/242e1ad5-a569-4145-bee0-2282bd0786a4/clear HTTP/1.1
User-Agent: selenium/4.4.0 (java windows)
Content-Length: 50
Content-Type: application/json; charset=utf-8
host: localhost:62210
accept: */*

Response DefaultHttpResponse(decodeResult: success, version: HTTP/1.1)
HTTP/1.1 200 OK
Content-Type: application/json; charset=utf-8
cache-control: no-cache
content-length: 14

12:31:07.570 [AsyncHttpClient-1-14] DEBUG org.asynchttpclient.netty.channel.ChannelManager - Adding key: http://localhost:62210 for channel [id: 0x94958073, L:/127.0.0.1:60047 - R:localhost/127.0.0.1:62210]
12:31:07.574 [Forwarding sendKeysToElement on session 0ca53fd040e3a50caae1f79f24e2c17c to remote] DEBUG org.asynchttpclient.netty.request.NettyRequestSender - Using pooled Channel '[id: 0x94958073, L:/127.0.0.1:60047 - R:localhost/127.0.0.1:62210]' for 'POST' to 'http://localhost:62210/session/0ca53fd040e3a50caae1f79f24e2c17c/element/242e1ad5-a569-4145-bee0-2282bd0786a4/value'
12:31:07.574 [Forwarding sendKeysToElement on session 0ca53fd040e3a50caae1f79f24e2c17c to remote] DEBUG org.asynchttpclient.netty.request.NettyRequestSender - Using open Channel [id: 0x94958073, L:/127.0.0.1:60047 - R:localhost/127.0.0.1:62210] for POST '/session/0ca53fd040e3a50caae1f79f24e2c17c/element/242e1ad5-a569-4145-bee0-2282bd0786a4/value'
12:31:07.635 [AsyncHttpClient-1-14] DEBUG org.asynchttpclient.netty.handler.HttpHandler - 

Request DefaultHttpRequest(decodeResult: success, version: HTTP/1.1)
POST /session/0ca53fd040e3a50caae1f79f24e2c17c/element/242e1ad5-a569-4145-bee0-2282bd0786a4/value HTTP/1.1
User-Agent: selenium/4.4.0 (java windows)
Content-Length: 311
Content-Type: application/json; charset=utf-8
host: localhost:62210
accept: */*

Response DefaultHttpResponse(decodeResult: success, version: HTTP/1.1)
HTTP/1.1 200 OK
Content-Type: application/json; charset=utf-8
cache-control: no-cache
content-length: 14

12:31:07.635 [AsyncHttpClient-1-14] DEBUG org.asynchttpclient.netty.channel.ChannelManager - Adding key: http://localhost:62210 for channel [id: 0x94958073, L:/127.0.0.1:60047 - R:localhost/127.0.0.1:62210]
12:31:07.650 [Forwarding getCurrentWindowHandle on session 0ca53fd040e3a50caae1f79f24e2c17c to remote] DEBUG org.asynchttpclient.netty.request.NettyRequestSender - Using pooled Channel '[id: 0x94958073, L:/127.0.0.1:60047 - R:localhost/127.0.0.1:62210]' for 'GET' to 'http://localhost:62210/session/0ca53fd040e3a50caae1f79f24e2c17c/window'
12:31:07.650 [Forwarding getCurrentWindowHandle on session 0ca53fd040e3a50caae1f79f24e2c17c to remote] DEBUG org.asynchttpclient.netty.request.NettyRequestSender - Using open Channel [id: 0x94958073, L:/127.0.0.1:60047 - R:localhost/127.0.0.1:62210] for GET '/session/0ca53fd040e3a50caae1f79f24e2c17c/window'
12:31:07.651 [AsyncHttpClient-1-14] DEBUG org.asynchttpclient.netty.handler.HttpHandler - 

Request DefaultFullHttpRequest(decodeResult: success, version: HTTP/1.1, content: EmptyByteBufBE)
GET /session/0ca53fd040e3a50caae1f79f24e2c17c/window HTTP/1.1
User-Agent: selenium/4.4.0 (java windows)
Cache-Control: no-cache
Content-Type: application/json; charset=utf-8
host: localhost:62210
accept: */*

Response DefaultHttpResponse(decodeResult: success, version: HTTP/1.1)
HTTP/1.1 200 OK
Content-Type: application/json; charset=utf-8
cache-control: no-cache
content-length: 53

12:31:07.651 [AsyncHttpClient-1-14] DEBUG org.asynchttpclient.netty.channel.ChannelManager - Adding key: http://localhost:62210 for channel [id: 0x94958073, L:/127.0.0.1:60047 - R:localhost/127.0.0.1:62210]
12:31:07.654 [Forwarding getAlertText on session 0ca53fd040e3a50caae1f79f24e2c17c to remote] DEBUG org.asynchttpclient.netty.request.NettyRequestSender - Using pooled Channel '[id: 0x94958073, L:/127.0.0.1:60047 - R:localhost/127.0.0.1:62210]' for 'GET' to 'http://localhost:62210/session/0ca53fd040e3a50caae1f79f24e2c17c/alert/text'
12:31:07.654 [Forwarding getAlertText on session 0ca53fd040e3a50caae1f79f24e2c17c to remote] DEBUG org.asynchttpclient.netty.request.NettyRequestSender - Using open Channel [id: 0x94958073, L:/127.0.0.1:60047 - R:localhost/127.0.0.1:62210] for GET '/session/0ca53fd040e3a50caae1f79f24e2c17c/alert/text'
12:31:07.655 [AsyncHttpClient-1-14] DEBUG org.asynchttpclient.netty.handler.HttpHandler - 

Request DefaultFullHttpRequest(decodeResult: success, version: HTTP/1.1, content: EmptyByteBufBE)
GET /session/0ca53fd040e3a50caae1f79f24e2c17c/alert/text HTTP/1.1
User-Agent: selenium/4.4.0 (java windows)
Cache-Control: no-cache
Content-Type: application/json; charset=utf-8
host: localhost:62210
accept: */*

Response DefaultHttpResponse(decodeResult: success, version: HTTP/1.1)
HTTP/1.1 404 Not Found
Content-Type: application/json; charset=utf-8
cache-control: no-cache
content-length: 879

12:31:07.655 [AsyncHttpClient-1-14] DEBUG org.asynchttpclient.netty.channel.ChannelManager - Adding key: http://localhost:62210 for channel [id: 0x94958073, L:/127.0.0.1:60047 - R:localhost/127.0.0.1:62210]
12:31:07.660 [Forwarding switchToWindow on session 0ca53fd040e3a50caae1f79f24e2c17c to remote] DEBUG org.asynchttpclient.netty.request.NettyRequestSender - Using pooled Channel '[id: 0x94958073, L:/127.0.0.1:60047 - R:localhost/127.0.0.1:62210]' for 'POST' to 'http://localhost:62210/session/0ca53fd040e3a50caae1f79f24e2c17c/window'
12:31:07.660 [Forwarding switchToWindow on session 0ca53fd040e3a50caae1f79f24e2c17c to remote] DEBUG org.asynchttpclient.netty.request.NettyRequestSender - Using open Channel [id: 0x94958073, L:/127.0.0.1:60047 - R:localhost/127.0.0.1:62210] for POST '/session/0ca53fd040e3a50caae1f79f24e2c17c/window'
12:31:07.661 [AsyncHttpClient-1-14] DEBUG org.asynchttpclient.netty.handler.HttpHandler - 

Request DefaultHttpRequest(decodeResult: success, version: HTTP/1.1)
POST /session/0ca53fd040e3a50caae1f79f24e2c17c/window HTTP/1.1
User-Agent: selenium/4.4.0 (java windows)
Content-Length: 59
Content-Type: application/json; charset=utf-8
host: localhost:62210
accept: */*

Response DefaultHttpResponse(decodeResult: success, version: HTTP/1.1)
HTTP/1.1 200 OK
Content-Type: application/json; charset=utf-8
cache-control: no-cache
content-length: 14

12:31:07.661 [AsyncHttpClient-1-14] DEBUG org.asynchttpclient.netty.channel.ChannelManager - Adding key: http://localhost:62210 for channel [id: 0x94958073, L:/127.0.0.1:60047 - R:localhost/127.0.0.1:62210]
12:31:07.662 [Forwarding getCurrentUrl on session 0ca53fd040e3a50caae1f79f24e2c17c to remote] DEBUG org.asynchttpclient.netty.request.NettyRequestSender - Using pooled Channel '[id: 0x94958073, L:/127.0.0.1:60047 - R:localhost/127.0.0.1:62210]' for 'GET' to 'http://localhost:62210/session/0ca53fd040e3a50caae1f79f24e2c17c/url'
12:31:07.662 [Forwarding getCurrentUrl on session 0ca53fd040e3a50caae1f79f24e2c17c to remote] DEBUG org.asynchttpclient.netty.request.NettyRequestSender - Using open Channel [id: 0x94958073, L:/127.0.0.1:60047 - R:localhost/127.0.0.1:62210] for GET '/session/0ca53fd040e3a50caae1f79f24e2c17c/url'
12:31:07.664 [AsyncHttpClient-1-14] DEBUG org.asynchttpclient.netty.handler.HttpHandler - 

Request DefaultFullHttpRequest(decodeResult: success, version: HTTP/1.1, content: EmptyByteBufBE)
GET /session/0ca53fd040e3a50caae1f79f24e2c17c/url HTTP/1.1
User-Agent: selenium/4.4.0 (java windows)
Cache-Control: no-cache
Content-Type: application/json; charset=utf-8
host: localhost:62210
accept: */*

Response DefaultHttpResponse(decodeResult: success, version: HTTP/1.1)
HTTP/1.1 200 OK
Content-Type: application/json; charset=utf-8
cache-control: no-cache
content-length: 38

12:31:07.664 [AsyncHttpClient-1-14] DEBUG org.asynchttpclient.netty.channel.ChannelManager - Adding key: http://localhost:62210 for channel [id: 0x94958073, L:/127.0.0.1:60047 - R:localhost/127.0.0.1:62210]
12:31:07.665 [Forwarding screenshot on session 0ca53fd040e3a50caae1f79f24e2c17c to remote] DEBUG org.asynchttpclient.netty.request.NettyRequestSender - Using pooled Channel '[id: 0x94958073, L:/127.0.0.1:60047 - R:localhost/127.0.0.1:62210]' for 'GET' to 'http://localhost:62210/session/0ca53fd040e3a50caae1f79f24e2c17c/screenshot'
12:31:07.665 [Forwarding screenshot on session 0ca53fd040e3a50caae1f79f24e2c17c to remote] DEBUG org.asynchttpclient.netty.request.NettyRequestSender - Using open Channel [id: 0x94958073, L:/127.0.0.1:60047 - R:localhost/127.0.0.1:62210] for GET '/session/0ca53fd040e3a50caae1f79f24e2c17c/screenshot'
12:31:07.756 [AsyncHttpClient-1-14] DEBUG org.asynchttpclient.netty.handler.HttpHandler - 

Request DefaultFullHttpRequest(decodeResult: success, version: HTTP/1.1, content: EmptyByteBufBE)
GET /session/0ca53fd040e3a50caae1f79f24e2c17c/screenshot HTTP/1.1
User-Agent: selenium/4.4.0 (java windows)
Cache-Control: no-cache
Content-Type: application/json; charset=utf-8
host: localhost:62210
accept: */*

Response DefaultHttpResponse(decodeResult: success, version: HTTP/1.1)
HTTP/1.1 200 OK
Content-Type: application/json; charset=utf-8
cache-control: no-cache
content-length: 61952

12:31:07.756 [AsyncHttpClient-1-14] DEBUG org.asynchttpclient.netty.channel.ChannelManager - Adding key: http://localhost:62210 for channel [id: 0x94958073, L:/127.0.0.1:60047 - R:localhost/127.0.0.1:62210]
12:31:07.758 [Test worker] DEBUG net.serenitybdd.core.photography.Darkroom - Send negative for processing for C:\Users\juan.gomezv\IdeaProjects\sura\target\site\serenity\06379d0dd60ca10933d0d0095981420149bb0afb8b223af5a95477a1547d850d.png
12:31:07.758 [Test worker] DEBUG net.thucydides.core.steps.StepInterceptor - STEP DONE: {0} enters #theTextAsAString into #target
12:31:07.758 [Darkroom Processing Line] DEBUG net.serenitybdd.core.photography.DarkroomProcessingLine - Processing screenshot image in /var/screenshots/screenshot-10027348960473316353
12:31:07.758 [Darkroom Processing Line] DEBUG net.serenitybdd.core.photography.DarkroomProcessingLine - Saving screenshot to C:\Users\juan.gomezv\IdeaProjects\sura\target\site\serenity\06379d0dd60ca10933d0d0095981420149bb0afb8b223af5a95477a1547d850d.png
12:31:07.767 [Forwarding getPageSource on session 0ca53fd040e3a50caae1f79f24e2c17c to remote] DEBUG org.asynchttpclient.netty.request.NettyRequestSender - Using pooled Channel '[id: 0x94958073, L:/127.0.0.1:60047 - R:localhost/127.0.0.1:62210]' for 'POST' to 'http://localhost:62210/session/0ca53fd040e3a50caae1f79f24e2c17c/execute/sync'
12:31:07.768 [Forwarding getPageSource on session 0ca53fd040e3a50caae1f79f24e2c17c to remote] DEBUG org.asynchttpclient.netty.request.NettyRequestSender - Using open Channel [id: 0x94958073, L:/127.0.0.1:60047 - R:localhost/127.0.0.1:62210] for POST '/session/0ca53fd040e3a50caae1f79f24e2c17c/execute/sync'
12:31:07.772 [AsyncHttpClient-1-14] DEBUG org.asynchttpclient.netty.handler.HttpHandler - 

Request DefaultHttpRequest(decodeResult: success, version: HTTP/1.1)
POST /session/0ca53fd040e3a50caae1f79f24e2c17c/execute/sync HTTP/1.1
User-Agent: selenium/4.4.0 (java windows)
Content-Length: 176
Content-Type: application/json; charset=utf-8
host: localhost:62210
accept: */*

Response DefaultHttpResponse(decodeResult: success, version: HTTP/1.1)
HTTP/1.1 200 OK
Content-Type: application/json; charset=utf-8
cache-control: no-cache
content-length: 4183

12:31:07.772 [AsyncHttpClient-1-14] DEBUG org.asynchttpclient.netty.channel.ChannelManager - Adding key: http://localhost:62210 for channel [id: 0x94958073, L:/127.0.0.1:60047 - R:localhost/127.0.0.1:62210]
12:31:07.773 [Forwarding getCurrentUrl on session 0ca53fd040e3a50caae1f79f24e2c17c to remote] DEBUG org.asynchttpclient.netty.request.NettyRequestSender - Using pooled Channel '[id: 0x94958073, L:/127.0.0.1:60047 - R:localhost/127.0.0.1:62210]' for 'GET' to 'http://localhost:62210/session/0ca53fd040e3a50caae1f79f24e2c17c/url'
12:31:07.773 [Forwarding getCurrentUrl on session 0ca53fd040e3a50caae1f79f24e2c17c to remote] DEBUG org.asynchttpclient.netty.request.NettyRequestSender - Using open Channel [id: 0x94958073, L:/127.0.0.1:60047 - R:localhost/127.0.0.1:62210] for GET '/session/0ca53fd040e3a50caae1f79f24e2c17c/url'
12:31:07.777 [AsyncHttpClient-1-14] DEBUG org.asynchttpclient.netty.handler.HttpHandler - 

Request DefaultFullHttpRequest(decodeResult: success, version: HTTP/1.1, content: EmptyByteBufBE)
GET /session/0ca53fd040e3a50caae1f79f24e2c17c/url HTTP/1.1
User-Agent: selenium/4.4.0 (java windows)
Cache-Control: no-cache
Content-Type: application/json; charset=utf-8
host: localhost:62210
accept: */*

Response DefaultHttpResponse(decodeResult: success, version: HTTP/1.1)
HTTP/1.1 200 OK
Content-Type: application/json; charset=utf-8
cache-control: no-cache
content-length: 38

12:31:07.777 [AsyncHttpClient-1-14] DEBUG org.asynchttpclient.netty.channel.ChannelManager - Adding key: http://localhost:62210 for channel [id: 0x94958073, L:/127.0.0.1:60047 - R:localhost/127.0.0.1:62210]
12:31:07.778 [Test worker] DEBUG net.thucydides.core.steps.StepInterceptor - STARTING STEP: LogIn.performAs - {0} enters #theTextAsAString into #target
12:31:07.783 [Test worker] DEBUG net.serenitybdd.screenplay.targets.IFrameSwitcher - default content already selected for passwordTextBox
12:31:07.795 [Forwarding findElement on session 0ca53fd040e3a50caae1f79f24e2c17c to remote] DEBUG org.asynchttpclient.netty.request.NettyRequestSender - Using pooled Channel '[id: 0x94958073, L:/127.0.0.1:60047 - R:localhost/127.0.0.1:62210]' for 'POST' to 'http://localhost:62210/session/0ca53fd040e3a50caae1f79f24e2c17c/element'
12:31:07.795 [Forwarding findElement on session 0ca53fd040e3a50caae1f79f24e2c17c to remote] DEBUG org.asynchttpclient.netty.request.NettyRequestSender - Using open Channel [id: 0x94958073, L:/127.0.0.1:60047 - R:localhost/127.0.0.1:62210] for POST '/session/0ca53fd040e3a50caae1f79f24e2c17c/element'
12:31:07.803 [AsyncHttpClient-1-14] DEBUG org.asynchttpclient.netty.handler.HttpHandler - 

Request DefaultHttpRequest(decodeResult: success, version: HTTP/1.1)
POST /session/0ca53fd040e3a50caae1f79f24e2c17c/element HTTP/1.1
User-Agent: selenium/4.4.0 (java windows)
Content-Length: 66
Content-Type: application/json; charset=utf-8
host: localhost:62210
accept: */*

Response DefaultHttpResponse(decodeResult: success, version: HTTP/1.1)
HTTP/1.1 200 OK
Content-Type: application/json; charset=utf-8
cache-control: no-cache
content-length: 88

12:31:07.803 [AsyncHttpClient-1-14] DEBUG org.asynchttpclient.netty.channel.ChannelManager - Adding key: http://localhost:62210 for channel [id: 0x94958073, L:/127.0.0.1:60047 - R:localhost/127.0.0.1:62210]
12:31:07.804 [Forwarding clearElement on session 0ca53fd040e3a50caae1f79f24e2c17c to remote] DEBUG org.asynchttpclient.netty.request.NettyRequestSender - Using pooled Channel '[id: 0x94958073, L:/127.0.0.1:60047 - R:localhost/127.0.0.1:62210]' for 'POST' to 'http://localhost:62210/session/0ca53fd040e3a50caae1f79f24e2c17c/element/e200ce66-b713-42c3-bb53-5d5db1eedde6/clear'
12:31:07.804 [Forwarding clearElement on session 0ca53fd040e3a50caae1f79f24e2c17c to remote] DEBUG org.asynchttpclient.netty.request.NettyRequestSender - Using open Channel [id: 0x94958073, L:/127.0.0.1:60047 - R:localhost/127.0.0.1:62210] for POST '/session/0ca53fd040e3a50caae1f79f24e2c17c/element/e200ce66-b713-42c3-bb53-5d5db1eedde6/clear'
12:31:07.826 [AsyncHttpClient-1-14] DEBUG org.asynchttpclient.netty.handler.HttpHandler - 

Request DefaultHttpRequest(decodeResult: success, version: HTTP/1.1)
POST /session/0ca53fd040e3a50caae1f79f24e2c17c/element/e200ce66-b713-42c3-bb53-5d5db1eedde6/clear HTTP/1.1
User-Agent: selenium/4.4.0 (java windows)
Content-Length: 50
Content-Type: application/json; charset=utf-8
host: localhost:62210
accept: */*

Response DefaultHttpResponse(decodeResult: success, version: HTTP/1.1)
HTTP/1.1 200 OK
Content-Type: application/json; charset=utf-8
cache-control: no-cache
content-length: 14

12:31:07.826 [AsyncHttpClient-1-14] DEBUG org.asynchttpclient.netty.channel.ChannelManager - Adding key: http://localhost:62210 for channel [id: 0x94958073, L:/127.0.0.1:60047 - R:localhost/127.0.0.1:62210]
12:31:07.830 [Forwarding sendKeysToElement on session 0ca53fd040e3a50caae1f79f24e2c17c to remote] DEBUG org.asynchttpclient.netty.request.NettyRequestSender - Using pooled Channel '[id: 0x94958073, L:/127.0.0.1:60047 - R:localhost/127.0.0.1:62210]' for 'POST' to 'http://localhost:62210/session/0ca53fd040e3a50caae1f79f24e2c17c/element/e200ce66-b713-42c3-bb53-5d5db1eedde6/value'
12:31:07.830 [Forwarding sendKeysToElement on session 0ca53fd040e3a50caae1f79f24e2c17c to remote] DEBUG org.asynchttpclient.netty.request.NettyRequestSender - Using open Channel [id: 0x94958073, L:/127.0.0.1:60047 - R:localhost/127.0.0.1:62210] for POST '/session/0ca53fd040e3a50caae1f79f24e2c17c/element/e200ce66-b713-42c3-bb53-5d5db1eedde6/value'
12:31:07.870 [AsyncHttpClient-1-14] DEBUG org.asynchttpclient.netty.handler.HttpHandler - 

Request DefaultHttpRequest(decodeResult: success, version: HTTP/1.1)
POST /session/0ca53fd040e3a50caae1f79f24e2c17c/element/e200ce66-b713-42c3-bb53-5d5db1eedde6/value HTTP/1.1
User-Agent: selenium/4.4.0 (java windows)
Content-Length: 201
Content-Type: application/json; charset=utf-8
host: localhost:62210
accept: */*

Response DefaultHttpResponse(decodeResult: success, version: HTTP/1.1)
HTTP/1.1 200 OK
Content-Type: application/json; charset=utf-8
cache-control: no-cache
content-length: 14

12:31:07.870 [AsyncHttpClient-1-14] DEBUG org.asynchttpclient.netty.channel.ChannelManager - Adding key: http://localhost:62210 for channel [id: 0x94958073, L:/127.0.0.1:60047 - R:localhost/127.0.0.1:62210]
12:31:07.882 [Forwarding getCurrentWindowHandle on session 0ca53fd040e3a50caae1f79f24e2c17c to remote] DEBUG org.asynchttpclient.netty.request.NettyRequestSender - Using pooled Channel '[id: 0x94958073, L:/127.0.0.1:60047 - R:localhost/127.0.0.1:62210]' for 'GET' to 'http://localhost:62210/session/0ca53fd040e3a50caae1f79f24e2c17c/window'
12:31:07.882 [Forwarding getCurrentWindowHandle on session 0ca53fd040e3a50caae1f79f24e2c17c to remote] DEBUG org.asynchttpclient.netty.request.NettyRequestSender - Using open Channel [id: 0x94958073, L:/127.0.0.1:60047 - R:localhost/127.0.0.1:62210] for GET '/session/0ca53fd040e3a50caae1f79f24e2c17c/window'
12:31:07.882 [AsyncHttpClient-1-14] DEBUG org.asynchttpclient.netty.handler.HttpHandler - 

Request DefaultFullHttpRequest(decodeResult: success, version: HTTP/1.1, content: EmptyByteBufBE)
GET /session/0ca53fd040e3a50caae1f79f24e2c17c/window HTTP/1.1
User-Agent: selenium/4.4.0 (java windows)
Cache-Control: no-cache
Content-Type: application/json; charset=utf-8
host: localhost:62210
accept: */*

Response DefaultHttpResponse(decodeResult: success, version: HTTP/1.1)
HTTP/1.1 200 OK
Content-Type: application/json; charset=utf-8
cache-control: no-cache
content-length: 53

12:31:07.882 [AsyncHttpClient-1-14] DEBUG org.asynchttpclient.netty.channel.ChannelManager - Adding key: http://localhost:62210 for channel [id: 0x94958073, L:/127.0.0.1:60047 - R:localhost/127.0.0.1:62210]
12:31:07.886 [Forwarding getAlertText on session 0ca53fd040e3a50caae1f79f24e2c17c to remote] DEBUG org.asynchttpclient.netty.request.NettyRequestSender - Using pooled Channel '[id: 0x94958073, L:/127.0.0.1:60047 - R:localhost/127.0.0.1:62210]' for 'GET' to 'http://localhost:62210/session/0ca53fd040e3a50caae1f79f24e2c17c/alert/text'
12:31:07.886 [Forwarding getAlertText on session 0ca53fd040e3a50caae1f79f24e2c17c to remote] DEBUG org.asynchttpclient.netty.request.NettyRequestSender - Using open Channel [id: 0x94958073, L:/127.0.0.1:60047 - R:localhost/127.0.0.1:62210] for GET '/session/0ca53fd040e3a50caae1f79f24e2c17c/alert/text'
12:31:07.888 [AsyncHttpClient-1-14] DEBUG org.asynchttpclient.netty.handler.HttpHandler - 

Request DefaultFullHttpRequest(decodeResult: success, version: HTTP/1.1, content: EmptyByteBufBE)
GET /session/0ca53fd040e3a50caae1f79f24e2c17c/alert/text HTTP/1.1
User-Agent: selenium/4.4.0 (java windows)
Cache-Control: no-cache
Content-Type: application/json; charset=utf-8
host: localhost:62210
accept: */*

Response DefaultHttpResponse(decodeResult: success, version: HTTP/1.1)
HTTP/1.1 404 Not Found
Content-Type: application/json; charset=utf-8
cache-control: no-cache
content-length: 879

12:31:07.889 [AsyncHttpClient-1-14] DEBUG org.asynchttpclient.netty.channel.ChannelManager - Adding key: http://localhost:62210 for channel [id: 0x94958073, L:/127.0.0.1:60047 - R:localhost/127.0.0.1:62210]
12:31:07.892 [Forwarding switchToWindow on session 0ca53fd040e3a50caae1f79f24e2c17c to remote] DEBUG org.asynchttpclient.netty.request.NettyRequestSender - Using pooled Channel '[id: 0x94958073, L:/127.0.0.1:60047 - R:localhost/127.0.0.1:62210]' for 'POST' to 'http://localhost:62210/session/0ca53fd040e3a50caae1f79f24e2c17c/window'
12:31:07.892 [Forwarding switchToWindow on session 0ca53fd040e3a50caae1f79f24e2c17c to remote] DEBUG org.asynchttpclient.netty.request.NettyRequestSender - Using open Channel [id: 0x94958073, L:/127.0.0.1:60047 - R:localhost/127.0.0.1:62210] for POST '/session/0ca53fd040e3a50caae1f79f24e2c17c/window'
12:31:07.894 [AsyncHttpClient-1-14] DEBUG org.asynchttpclient.netty.handler.HttpHandler - 

Request DefaultHttpRequest(decodeResult: success, version: HTTP/1.1)
POST /session/0ca53fd040e3a50caae1f79f24e2c17c/window HTTP/1.1
User-Agent: selenium/4.4.0 (java windows)
Content-Length: 59
Content-Type: application/json; charset=utf-8
host: localhost:62210
accept: */*

Response DefaultHttpResponse(decodeResult: success, version: HTTP/1.1)
HTTP/1.1 200 OK
Content-Type: application/json; charset=utf-8
cache-control: no-cache
content-length: 14

12:31:07.894 [AsyncHttpClient-1-14] DEBUG org.asynchttpclient.netty.channel.ChannelManager - Adding key: http://localhost:62210 for channel [id: 0x94958073, L:/127.0.0.1:60047 - R:localhost/127.0.0.1:62210]
12:31:07.895 [Forwarding getCurrentUrl on session 0ca53fd040e3a50caae1f79f24e2c17c to remote] DEBUG org.asynchttpclient.netty.request.NettyRequestSender - Using pooled Channel '[id: 0x94958073, L:/127.0.0.1:60047 - R:localhost/127.0.0.1:62210]' for 'GET' to 'http://localhost:62210/session/0ca53fd040e3a50caae1f79f24e2c17c/url'
12:31:07.895 [Forwarding getCurrentUrl on session 0ca53fd040e3a50caae1f79f24e2c17c to remote] DEBUG org.asynchttpclient.netty.request.NettyRequestSender - Using open Channel [id: 0x94958073, L:/127.0.0.1:60047 - R:localhost/127.0.0.1:62210] for GET '/session/0ca53fd040e3a50caae1f79f24e2c17c/url'
12:31:07.898 [AsyncHttpClient-1-14] DEBUG org.asynchttpclient.netty.handler.HttpHandler - 

Request DefaultFullHttpRequest(decodeResult: success, version: HTTP/1.1, content: EmptyByteBufBE)
GET /session/0ca53fd040e3a50caae1f79f24e2c17c/url HTTP/1.1
User-Agent: selenium/4.4.0 (java windows)
Cache-Control: no-cache
Content-Type: application/json; charset=utf-8
host: localhost:62210
accept: */*

Response DefaultHttpResponse(decodeResult: success, version: HTTP/1.1)
HTTP/1.1 200 OK
Content-Type: application/json; charset=utf-8
cache-control: no-cache
content-length: 38

12:31:07.898 [AsyncHttpClient-1-14] DEBUG org.asynchttpclient.netty.channel.ChannelManager - Adding key: http://localhost:62210 for channel [id: 0x94958073, L:/127.0.0.1:60047 - R:localhost/127.0.0.1:62210]
12:31:07.899 [Forwarding screenshot on session 0ca53fd040e3a50caae1f79f24e2c17c to remote] DEBUG org.asynchttpclient.netty.request.NettyRequestSender - Using pooled Channel '[id: 0x94958073, L:/127.0.0.1:60047 - R:localhost/127.0.0.1:62210]' for 'GET' to 'http://localhost:62210/session/0ca53fd040e3a50caae1f79f24e2c17c/screenshot'
12:31:07.899 [Forwarding screenshot on session 0ca53fd040e3a50caae1f79f24e2c17c to remote] DEBUG org.asynchttpclient.netty.request.NettyRequestSender - Using open Channel [id: 0x94958073, L:/127.0.0.1:60047 - R:localhost/127.0.0.1:62210] for GET '/session/0ca53fd040e3a50caae1f79f24e2c17c/screenshot'
12:31:07.985 [AsyncHttpClient-1-14] DEBUG org.asynchttpclient.netty.handler.HttpHandler - 

Request DefaultFullHttpRequest(decodeResult: success, version: HTTP/1.1, content: EmptyByteBufBE)
GET /session/0ca53fd040e3a50caae1f79f24e2c17c/screenshot HTTP/1.1
User-Agent: selenium/4.4.0 (java windows)
Cache-Control: no-cache
Content-Type: application/json; charset=utf-8
host: localhost:62210
accept: */*

Response DefaultHttpResponse(decodeResult: success, version: HTTP/1.1)
HTTP/1.1 200 OK
Content-Type: application/json; charset=utf-8
cache-control: no-cache
content-length: 60448

12:31:07.985 [AsyncHttpClient-1-14] DEBUG org.asynchttpclient.netty.channel.ChannelManager - Adding key: http://localhost:62210 for channel [id: 0x94958073, L:/127.0.0.1:60047 - R:localhost/127.0.0.1:62210]
12:31:07.987 [Test worker] DEBUG net.serenitybdd.core.photography.Darkroom - Send negative for processing for C:\Users\juan.gomezv\IdeaProjects\sura\target\site\serenity\eb61683159888eedb0b84c100f9b32bb9eac68bbe778080228262d64d00e7ef7.png
12:31:07.987 [Test worker] DEBUG net.thucydides.core.steps.StepInterceptor - STEP DONE: {0} enters #theTextAsAString into #target
12:31:07.987 [Darkroom Processing Line] DEBUG net.serenitybdd.core.photography.DarkroomProcessingLine - Processing screenshot image in /var/screenshots/screenshot-13621991825607409598
12:31:07.987 [Darkroom Processing Line] DEBUG net.serenitybdd.core.photography.DarkroomProcessingLine - Saving screenshot to C:\Users\juan.gomezv\IdeaProjects\sura\target\site\serenity\eb61683159888eedb0b84c100f9b32bb9eac68bbe778080228262d64d00e7ef7.png
12:31:07.995 [Forwarding getPageSource on session 0ca53fd040e3a50caae1f79f24e2c17c to remote] DEBUG org.asynchttpclient.netty.request.NettyRequestSender - Using pooled Channel '[id: 0x94958073, L:/127.0.0.1:60047 - R:localhost/127.0.0.1:62210]' for 'POST' to 'http://localhost:62210/session/0ca53fd040e3a50caae1f79f24e2c17c/execute/sync'
12:31:07.995 [Forwarding getPageSource on session 0ca53fd040e3a50caae1f79f24e2c17c to remote] DEBUG org.asynchttpclient.netty.request.NettyRequestSender - Using open Channel [id: 0x94958073, L:/127.0.0.1:60047 - R:localhost/127.0.0.1:62210] for POST '/session/0ca53fd040e3a50caae1f79f24e2c17c/execute/sync'
12:31:08.001 [AsyncHttpClient-1-14] DEBUG org.asynchttpclient.netty.handler.HttpHandler - 

Request DefaultHttpRequest(decodeResult: success, version: HTTP/1.1)
POST /session/0ca53fd040e3a50caae1f79f24e2c17c/execute/sync HTTP/1.1
User-Agent: selenium/4.4.0 (java windows)
Content-Length: 176
Content-Type: application/json; charset=utf-8
host: localhost:62210
accept: */*

Response DefaultHttpResponse(decodeResult: success, version: HTTP/1.1)
HTTP/1.1 200 OK
Content-Type: application/json; charset=utf-8
cache-control: no-cache
content-length: 4195

12:31:08.001 [AsyncHttpClient-1-14] DEBUG org.asynchttpclient.netty.channel.ChannelManager - Adding key: http://localhost:62210 for channel [id: 0x94958073, L:/127.0.0.1:60047 - R:localhost/127.0.0.1:62210]
12:31:08.002 [Forwarding getCurrentUrl on session 0ca53fd040e3a50caae1f79f24e2c17c to remote] DEBUG org.asynchttpclient.netty.request.NettyRequestSender - Using pooled Channel '[id: 0x94958073, L:/127.0.0.1:60047 - R:localhost/127.0.0.1:62210]' for 'GET' to 'http://localhost:62210/session/0ca53fd040e3a50caae1f79f24e2c17c/url'
12:31:08.002 [Forwarding getCurrentUrl on session 0ca53fd040e3a50caae1f79f24e2c17c to remote] DEBUG org.asynchttpclient.netty.request.NettyRequestSender - Using open Channel [id: 0x94958073, L:/127.0.0.1:60047 - R:localhost/127.0.0.1:62210] for GET '/session/0ca53fd040e3a50caae1f79f24e2c17c/url'
12:31:08.005 [AsyncHttpClient-1-14] DEBUG org.asynchttpclient.netty.handler.HttpHandler - 

Request DefaultFullHttpRequest(decodeResult: success, version: HTTP/1.1, content: EmptyByteBufBE)
GET /session/0ca53fd040e3a50caae1f79f24e2c17c/url HTTP/1.1
User-Agent: selenium/4.4.0 (java windows)
Cache-Control: no-cache
Content-Type: application/json; charset=utf-8
host: localhost:62210
accept: */*

Response DefaultHttpResponse(decodeResult: success, version: HTTP/1.1)
HTTP/1.1 200 OK
Content-Type: application/json; charset=utf-8
cache-control: no-cache
content-length: 38

12:31:08.005 [AsyncHttpClient-1-14] DEBUG org.asynchttpclient.netty.channel.ChannelManager - Adding key: http://localhost:62210 for channel [id: 0x94958073, L:/127.0.0.1:60047 - R:localhost/127.0.0.1:62210]
12:31:08.006 [Test worker] DEBUG net.thucydides.core.steps.StepInterceptor - STARTING STEP: LogIn.performAs - {0} clicks on #target
12:31:08.006 [Test worker] DEBUG net.serenitybdd.screenplay.targets.IFrameSwitcher - default content already selected for logIn Button
12:31:08.022 [Forwarding findElement on session 0ca53fd040e3a50caae1f79f24e2c17c to remote] DEBUG org.asynchttpclient.netty.request.NettyRequestSender - Using pooled Channel '[id: 0x94958073, L:/127.0.0.1:60047 - R:localhost/127.0.0.1:62210]' for 'POST' to 'http://localhost:62210/session/0ca53fd040e3a50caae1f79f24e2c17c/element'
12:31:08.023 [Forwarding findElement on session 0ca53fd040e3a50caae1f79f24e2c17c to remote] DEBUG org.asynchttpclient.netty.request.NettyRequestSender - Using open Channel [id: 0x94958073, L:/127.0.0.1:60047 - R:localhost/127.0.0.1:62210] for POST '/session/0ca53fd040e3a50caae1f79f24e2c17c/element'
12:31:08.031 [AsyncHttpClient-1-14] DEBUG org.asynchttpclient.netty.handler.HttpHandler - 

Request DefaultHttpRequest(decodeResult: success, version: HTTP/1.1)
POST /session/0ca53fd040e3a50caae1f79f24e2c17c/element HTTP/1.1
User-Agent: selenium/4.4.0 (java windows)
Content-Length: 70
Content-Type: application/json; charset=utf-8
host: localhost:62210
accept: */*

Response DefaultHttpResponse(decodeResult: success, version: HTTP/1.1)
HTTP/1.1 200 OK
Content-Type: application/json; charset=utf-8
cache-control: no-cache
content-length: 88

12:31:08.031 [AsyncHttpClient-1-14] DEBUG org.asynchttpclient.netty.channel.ChannelManager - Adding key: http://localhost:62210 for channel [id: 0x94958073, L:/127.0.0.1:60047 - R:localhost/127.0.0.1:62210]
12:31:08.037 [Forwarding isElementDisplayed on session 0ca53fd040e3a50caae1f79f24e2c17c to remote] DEBUG org.asynchttpclient.netty.request.NettyRequestSender - Using pooled Channel '[id: 0x94958073, L:/127.0.0.1:60047 - R:localhost/127.0.0.1:62210]' for 'POST' to 'http://localhost:62210/session/0ca53fd040e3a50caae1f79f24e2c17c/execute/sync'
12:31:08.037 [Forwarding isElementDisplayed on session 0ca53fd040e3a50caae1f79f24e2c17c to remote] DEBUG org.asynchttpclient.netty.request.NettyRequestSender - Using open Channel [id: 0x94958073, L:/127.0.0.1:60047 - R:localhost/127.0.0.1:62210] for POST '/session/0ca53fd040e3a50caae1f79f24e2c17c/execute/sync'
12:31:08.048 [AsyncHttpClient-1-14] DEBUG org.asynchttpclient.netty.handler.HttpHandler - 

Request DefaultHttpRequest(decodeResult: success, version: HTTP/1.1)
POST /session/0ca53fd040e3a50caae1f79f24e2c17c/execute/sync HTTP/1.1
User-Agent: selenium/4.4.0 (java windows)
Content-Length: 48780
Content-Type: application/json; charset=utf-8
host: localhost:62210
accept: */*

Response DefaultHttpResponse(decodeResult: success, version: HTTP/1.1)
HTTP/1.1 200 OK
Content-Type: application/json; charset=utf-8
cache-control: no-cache
content-length: 14

12:31:08.049 [AsyncHttpClient-1-14] DEBUG org.asynchttpclient.netty.channel.ChannelManager - Adding key: http://localhost:62210 for channel [id: 0x94958073, L:/127.0.0.1:60047 - R:localhost/127.0.0.1:62210]
12:31:08.054 [Forwarding findElement on session 0ca53fd040e3a50caae1f79f24e2c17c to remote] DEBUG org.asynchttpclient.netty.request.NettyRequestSender - Using pooled Channel '[id: 0x94958073, L:/127.0.0.1:60047 - R:localhost/127.0.0.1:62210]' for 'POST' to 'http://localhost:62210/session/0ca53fd040e3a50caae1f79f24e2c17c/element'
12:31:08.054 [Forwarding findElement on session 0ca53fd040e3a50caae1f79f24e2c17c to remote] DEBUG org.asynchttpclient.netty.request.NettyRequestSender - Using open Channel [id: 0x94958073, L:/127.0.0.1:60047 - R:localhost/127.0.0.1:62210] for POST '/session/0ca53fd040e3a50caae1f79f24e2c17c/element'
12:31:08.058 [AsyncHttpClient-1-14] DEBUG org.asynchttpclient.netty.handler.HttpHandler - 

Request DefaultHttpRequest(decodeResult: success, version: HTTP/1.1)
POST /session/0ca53fd040e3a50caae1f79f24e2c17c/element HTTP/1.1
User-Agent: selenium/4.4.0 (java windows)
Content-Length: 70
Content-Type: application/json; charset=utf-8
host: localhost:62210
accept: */*

Response DefaultHttpResponse(decodeResult: success, version: HTTP/1.1)
HTTP/1.1 200 OK
Content-Type: application/json; charset=utf-8
cache-control: no-cache
content-length: 88

12:31:08.058 [AsyncHttpClient-1-14] DEBUG org.asynchttpclient.netty.channel.ChannelManager - Adding key: http://localhost:62210 for channel [id: 0x94958073, L:/127.0.0.1:60047 - R:localhost/127.0.0.1:62210]
12:31:08.059 [Forwarding clickElement on session 0ca53fd040e3a50caae1f79f24e2c17c to remote] DEBUG org.asynchttpclient.netty.request.NettyRequestSender - Using pooled Channel '[id: 0x94958073, L:/127.0.0.1:60047 - R:localhost/127.0.0.1:62210]' for 'POST' to 'http://localhost:62210/session/0ca53fd040e3a50caae1f79f24e2c17c/element/09e1f9ff-8da6-4c77-92c7-c78bdb5d93dc/click'
12:31:08.059 [Forwarding clickElement on session 0ca53fd040e3a50caae1f79f24e2c17c to remote] DEBUG org.asynchttpclient.netty.request.NettyRequestSender - Using open Channel [id: 0x94958073, L:/127.0.0.1:60047 - R:localhost/127.0.0.1:62210] for POST '/session/0ca53fd040e3a50caae1f79f24e2c17c/element/09e1f9ff-8da6-4c77-92c7-c78bdb5d93dc/click'
12:31:08.543 [AsyncHttpClient-1-1] DEBUG org.asynchttpclient.netty.channel.DefaultChannelPool - Entry count for : http://localhost:60049 : 1
12:31:09.643 [AsyncHttpClient-1-1] DEBUG org.asynchttpclient.netty.channel.DefaultChannelPool - Entry count for : http://localhost:60049 : 1
12:31:10.745 [AsyncHttpClient-1-1] DEBUG org.asynchttpclient.netty.channel.DefaultChannelPool - Entry count for : http://localhost:60049 : 1
12:31:11.844 [AsyncHttpClient-1-1] DEBUG org.asynchttpclient.netty.channel.DefaultChannelPool - Entry count for : http://localhost:60049 : 1
12:31:12.950 [AsyncHttpClient-1-1] DEBUG org.asynchttpclient.netty.channel.DefaultChannelPool - Entry count for : http://localhost:60049 : 1
12:31:13.129 [AsyncHttpClient-1-14] DEBUG org.asynchttpclient.netty.handler.HttpHandler - 

Request DefaultHttpRequest(decodeResult: success, version: HTTP/1.1)
POST /session/0ca53fd040e3a50caae1f79f24e2c17c/element/09e1f9ff-8da6-4c77-92c7-c78bdb5d93dc/click HTTP/1.1
User-Agent: selenium/4.4.0 (java windows)
Content-Length: 50
Content-Type: application/json; charset=utf-8
host: localhost:62210
accept: */*

Response DefaultHttpResponse(decodeResult: success, version: HTTP/1.1)
HTTP/1.1 200 OK
Content-Type: application/json; charset=utf-8
cache-control: no-cache
content-length: 14

12:31:13.129 [AsyncHttpClient-1-14] DEBUG org.asynchttpclient.netty.channel.ChannelManager - Adding key: http://localhost:62210 for channel [id: 0x94958073, L:/127.0.0.1:60047 - R:localhost/127.0.0.1:62210]
12:31:13.143 [Forwarding getCurrentWindowHandle on session 0ca53fd040e3a50caae1f79f24e2c17c to remote] DEBUG org.asynchttpclient.netty.request.NettyRequestSender - Using pooled Channel '[id: 0x94958073, L:/127.0.0.1:60047 - R:localhost/127.0.0.1:62210]' for 'GET' to 'http://localhost:62210/session/0ca53fd040e3a50caae1f79f24e2c17c/window'
12:31:13.143 [Forwarding getCurrentWindowHandle on session 0ca53fd040e3a50caae1f79f24e2c17c to remote] DEBUG org.asynchttpclient.netty.request.NettyRequestSender - Using open Channel [id: 0x94958073, L:/127.0.0.1:60047 - R:localhost/127.0.0.1:62210] for GET '/session/0ca53fd040e3a50caae1f79f24e2c17c/window'
12:31:13.144 [AsyncHttpClient-1-14] DEBUG org.asynchttpclient.netty.handler.HttpHandler - 

Request DefaultFullHttpRequest(decodeResult: success, version: HTTP/1.1, content: EmptyByteBufBE)
GET /session/0ca53fd040e3a50caae1f79f24e2c17c/window HTTP/1.1
User-Agent: selenium/4.4.0 (java windows)
Cache-Control: no-cache
Content-Type: application/json; charset=utf-8
host: localhost:62210
accept: */*

Response DefaultHttpResponse(decodeResult: success, version: HTTP/1.1)
HTTP/1.1 200 OK
Content-Type: application/json; charset=utf-8
cache-control: no-cache
content-length: 53

12:31:13.144 [AsyncHttpClient-1-14] DEBUG org.asynchttpclient.netty.channel.ChannelManager - Adding key: http://localhost:62210 for channel [id: 0x94958073, L:/127.0.0.1:60047 - R:localhost/127.0.0.1:62210]
12:31:13.147 [Forwarding getAlertText on session 0ca53fd040e3a50caae1f79f24e2c17c to remote] DEBUG org.asynchttpclient.netty.request.NettyRequestSender - Using pooled Channel '[id: 0x94958073, L:/127.0.0.1:60047 - R:localhost/127.0.0.1:62210]' for 'GET' to 'http://localhost:62210/session/0ca53fd040e3a50caae1f79f24e2c17c/alert/text'
12:31:13.147 [Forwarding getAlertText on session 0ca53fd040e3a50caae1f79f24e2c17c to remote] DEBUG org.asynchttpclient.netty.request.NettyRequestSender - Using open Channel [id: 0x94958073, L:/127.0.0.1:60047 - R:localhost/127.0.0.1:62210] for GET '/session/0ca53fd040e3a50caae1f79f24e2c17c/alert/text'
12:31:13.149 [AsyncHttpClient-1-14] DEBUG org.asynchttpclient.netty.handler.HttpHandler - 

Request DefaultFullHttpRequest(decodeResult: success, version: HTTP/1.1, content: EmptyByteBufBE)
GET /session/0ca53fd040e3a50caae1f79f24e2c17c/alert/text HTTP/1.1
User-Agent: selenium/4.4.0 (java windows)
Cache-Control: no-cache
Content-Type: application/json; charset=utf-8
host: localhost:62210
accept: */*

Response DefaultHttpResponse(decodeResult: success, version: HTTP/1.1)
HTTP/1.1 404 Not Found
Content-Type: application/json; charset=utf-8
cache-control: no-cache
content-length: 879

12:31:13.149 [AsyncHttpClient-1-14] DEBUG org.asynchttpclient.netty.channel.ChannelManager - Adding key: http://localhost:62210 for channel [id: 0x94958073, L:/127.0.0.1:60047 - R:localhost/127.0.0.1:62210]
12:31:13.154 [Forwarding switchToWindow on session 0ca53fd040e3a50caae1f79f24e2c17c to remote] DEBUG org.asynchttpclient.netty.request.NettyRequestSender - Using pooled Channel '[id: 0x94958073, L:/127.0.0.1:60047 - R:localhost/127.0.0.1:62210]' for 'POST' to 'http://localhost:62210/session/0ca53fd040e3a50caae1f79f24e2c17c/window'
12:31:13.155 [Forwarding switchToWindow on session 0ca53fd040e3a50caae1f79f24e2c17c to remote] DEBUG org.asynchttpclient.netty.request.NettyRequestSender - Using open Channel [id: 0x94958073, L:/127.0.0.1:60047 - R:localhost/127.0.0.1:62210] for POST '/session/0ca53fd040e3a50caae1f79f24e2c17c/window'
12:31:13.162 [AsyncHttpClient-1-14] DEBUG org.asynchttpclient.netty.handler.HttpHandler - 

Request DefaultHttpRequest(decodeResult: success, version: HTTP/1.1)
POST /session/0ca53fd040e3a50caae1f79f24e2c17c/window HTTP/1.1
User-Agent: selenium/4.4.0 (java windows)
Content-Length: 59
Content-Type: application/json; charset=utf-8
host: localhost:62210
accept: */*

Response DefaultHttpResponse(decodeResult: success, version: HTTP/1.1)
HTTP/1.1 200 OK
Content-Type: application/json; charset=utf-8
cache-control: no-cache
content-length: 14

12:31:13.162 [AsyncHttpClient-1-14] DEBUG org.asynchttpclient.netty.channel.ChannelManager - Adding key: http://localhost:62210 for channel [id: 0x94958073, L:/127.0.0.1:60047 - R:localhost/127.0.0.1:62210]
12:31:13.163 [Forwarding getCurrentUrl on session 0ca53fd040e3a50caae1f79f24e2c17c to remote] DEBUG org.asynchttpclient.netty.request.NettyRequestSender - Using pooled Channel '[id: 0x94958073, L:/127.0.0.1:60047 - R:localhost/127.0.0.1:62210]' for 'GET' to 'http://localhost:62210/session/0ca53fd040e3a50caae1f79f24e2c17c/url'
12:31:13.163 [Forwarding getCurrentUrl on session 0ca53fd040e3a50caae1f79f24e2c17c to remote] DEBUG org.asynchttpclient.netty.request.NettyRequestSender - Using open Channel [id: 0x94958073, L:/127.0.0.1:60047 - R:localhost/127.0.0.1:62210] for GET '/session/0ca53fd040e3a50caae1f79f24e2c17c/url'
12:31:13.166 [AsyncHttpClient-1-14] DEBUG org.asynchttpclient.netty.handler.HttpHandler - 

Request DefaultFullHttpRequest(decodeResult: success, version: HTTP/1.1, content: EmptyByteBufBE)
GET /session/0ca53fd040e3a50caae1f79f24e2c17c/url HTTP/1.1
User-Agent: selenium/4.4.0 (java windows)
Cache-Control: no-cache
Content-Type: application/json; charset=utf-8
host: localhost:62210
accept: */*

Response DefaultHttpResponse(decodeResult: success, version: HTTP/1.1)
HTTP/1.1 200 OK
Content-Type: application/json; charset=utf-8
cache-control: no-cache
content-length: 52

12:31:13.167 [AsyncHttpClient-1-14] DEBUG org.asynchttpclient.netty.channel.ChannelManager - Adding key: http://localhost:62210 for channel [id: 0x94958073, L:/127.0.0.1:60047 - R:localhost/127.0.0.1:62210]
12:31:13.167 [Forwarding screenshot on session 0ca53fd040e3a50caae1f79f24e2c17c to remote] DEBUG org.asynchttpclient.netty.request.NettyRequestSender - Using pooled Channel '[id: 0x94958073, L:/127.0.0.1:60047 - R:localhost/127.0.0.1:62210]' for 'GET' to 'http://localhost:62210/session/0ca53fd040e3a50caae1f79f24e2c17c/screenshot'
12:31:13.167 [Forwarding screenshot on session 0ca53fd040e3a50caae1f79f24e2c17c to remote] DEBUG org.asynchttpclient.netty.request.NettyRequestSender - Using open Channel [id: 0x94958073, L:/127.0.0.1:60047 - R:localhost/127.0.0.1:62210] for GET '/session/0ca53fd040e3a50caae1f79f24e2c17c/screenshot'
12:31:13.403 [AsyncHttpClient-1-14] DEBUG org.asynchttpclient.netty.handler.HttpHandler - 

Request DefaultFullHttpRequest(decodeResult: success, version: HTTP/1.1, content: EmptyByteBufBE)
GET /session/0ca53fd040e3a50caae1f79f24e2c17c/screenshot HTTP/1.1
User-Agent: selenium/4.4.0 (java windows)
Cache-Control: no-cache
Content-Type: application/json; charset=utf-8
host: localhost:62210
accept: */*

Response DefaultHttpResponse(decodeResult: success, version: HTTP/1.1)
HTTP/1.1 200 OK
Content-Type: application/json; charset=utf-8
cache-control: no-cache
content-length: 316072

12:31:13.403 [AsyncHttpClient-1-14] DEBUG org.asynchttpclient.netty.channel.ChannelManager - Adding key: http://localhost:62210 for channel [id: 0x94958073, L:/127.0.0.1:60047 - R:localhost/127.0.0.1:62210]
12:31:13.410 [Test worker] DEBUG net.serenitybdd.core.photography.Darkroom - Send negative for processing for C:\Users\juan.gomezv\IdeaProjects\sura\target\site\serenity\e44069ae212a02c6322b8bddc355adc221270edded46bd42546211af4a56801c.png
12:31:13.411 [Test worker] DEBUG net.thucydides.core.steps.StepInterceptor - STEP DONE: {0} clicks on #target
12:31:13.418 [Test worker] DEBUG net.thucydides.core.steps.StepInterceptor - STEP DONE: performAs
  ?[32mCuando ?[0m?[32m?[0m?[32m?[1mAna?[0m?[32m se autentica como un usuario de tipo ?[0m?[32m?[1m"GLITCH_USER"?[0m             ?[90m# sura.stepDefinitions.LoginSteps.elSeAutenticaComoUnUsuario(net.serenitybdd.screenplay.Actor,java.lang.String)?[0m
12:31:13.438 [Forwarding getPageSource on session 0ca53fd040e3a50caae1f79f24e2c17c to remote] DEBUG org.asynchttpclient.netty.request.NettyRequestSender - Using pooled Channel '[id: 0x94958073, L:/127.0.0.1:60047 - R:localhost/127.0.0.1:62210]' for 'POST' to 'http://localhost:62210/session/0ca53fd040e3a50caae1f79f24e2c17c/execute/sync'
12:31:13.438 [Forwarding getPageSource on session 0ca53fd040e3a50caae1f79f24e2c17c to remote] DEBUG org.asynchttpclient.netty.request.NettyRequestSender - Using open Channel [id: 0x94958073, L:/127.0.0.1:60047 - R:localhost/127.0.0.1:62210] for POST '/session/0ca53fd040e3a50caae1f79f24e2c17c/execute/sync'
12:31:13.444 [AsyncHttpClient-1-14] DEBUG org.asynchttpclient.netty.handler.HttpHandler - 

Request DefaultHttpRequest(decodeResult: success, version: HTTP/1.1)
POST /session/0ca53fd040e3a50caae1f79f24e2c17c/execute/sync HTTP/1.1
User-Agent: selenium/4.4.0 (java windows)
Content-Length: 176
Content-Type: application/json; charset=utf-8
host: localhost:62210
accept: */*

Response DefaultHttpResponse(decodeResult: success, version: HTTP/1.1)
HTTP/1.1 200 OK
Content-Type: application/json; charset=utf-8
cache-control: no-cache
content-length: 15254

12:31:13.444 [AsyncHttpClient-1-14] DEBUG org.asynchttpclient.netty.channel.ChannelManager - Adding key: http://localhost:62210 for channel [id: 0x94958073, L:/127.0.0.1:60047 - R:localhost/127.0.0.1:62210]
12:31:13.447 [Forwarding getCurrentUrl on session 0ca53fd040e3a50caae1f79f24e2c17c to remote] DEBUG org.asynchttpclient.netty.request.NettyRequestSender - Using pooled Channel '[id: 0x94958073, L:/127.0.0.1:60047 - R:localhost/127.0.0.1:62210]' for 'GET' to 'http://localhost:62210/session/0ca53fd040e3a50caae1f79f24e2c17c/url'
12:31:13.447 [Forwarding getCurrentUrl on session 0ca53fd040e3a50caae1f79f24e2c17c to remote] DEBUG org.asynchttpclient.netty.request.NettyRequestSender - Using open Channel [id: 0x94958073, L:/127.0.0.1:60047 - R:localhost/127.0.0.1:62210] for GET '/session/0ca53fd040e3a50caae1f79f24e2c17c/url'
12:31:13.451 [AsyncHttpClient-1-14] DEBUG org.asynchttpclient.netty.handler.HttpHandler - 

Request DefaultFullHttpRequest(decodeResult: success, version: HTTP/1.1, content: EmptyByteBufBE)
GET /session/0ca53fd040e3a50caae1f79f24e2c17c/url HTTP/1.1
User-Agent: selenium/4.4.0 (java windows)
Cache-Control: no-cache
Content-Type: application/json; charset=utf-8
host: localhost:62210
accept: */*

Response DefaultHttpResponse(decodeResult: success, version: HTTP/1.1)
HTTP/1.1 200 OK
Content-Type: application/json; charset=utf-8
cache-control: no-cache
content-length: 52

12:31:13.452 [AsyncHttpClient-1-14] DEBUG org.asynchttpclient.netty.channel.ChannelManager - Adding key: http://localhost:62210 for channel [id: 0x94958073, L:/127.0.0.1:60047 - R:localhost/127.0.0.1:62210]
12:31:13.462 [Forwarding getPageSource on session 0ca53fd040e3a50caae1f79f24e2c17c to remote] DEBUG org.asynchttpclient.netty.request.NettyRequestSender - Using pooled Channel '[id: 0x94958073, L:/127.0.0.1:60047 - R:localhost/127.0.0.1:62210]' for 'POST' to 'http://localhost:62210/session/0ca53fd040e3a50caae1f79f24e2c17c/execute/sync'
12:31:13.462 [Forwarding getPageSource on session 0ca53fd040e3a50caae1f79f24e2c17c to remote] DEBUG org.asynchttpclient.netty.request.NettyRequestSender - Using open Channel [id: 0x94958073, L:/127.0.0.1:60047 - R:localhost/127.0.0.1:62210] for POST '/session/0ca53fd040e3a50caae1f79f24e2c17c/execute/sync'
12:31:13.468 [AsyncHttpClient-1-14] DEBUG org.asynchttpclient.netty.handler.HttpHandler - 

Request DefaultHttpRequest(decodeResult: success, version: HTTP/1.1)
POST /session/0ca53fd040e3a50caae1f79f24e2c17c/execute/sync HTTP/1.1
User-Agent: selenium/4.4.0 (java windows)
Content-Length: 176
Content-Type: application/json; charset=utf-8
host: localhost:62210
accept: */*

Response DefaultHttpResponse(decodeResult: success, version: HTTP/1.1)
HTTP/1.1 200 OK
Content-Type: application/json; charset=utf-8
cache-control: no-cache
content-length: 15254

12:31:13.468 [AsyncHttpClient-1-14] DEBUG org.asynchttpclient.netty.channel.ChannelManager - Adding key: http://localhost:62210 for channel [id: 0x94958073, L:/127.0.0.1:60047 - R:localhost/127.0.0.1:62210]
12:31:13.470 [Forwarding getCurrentUrl on session 0ca53fd040e3a50caae1f79f24e2c17c to remote] DEBUG org.asynchttpclient.netty.request.NettyRequestSender - Using pooled Channel '[id: 0x94958073, L:/127.0.0.1:60047 - R:localhost/127.0.0.1:62210]' for 'GET' to 'http://localhost:62210/session/0ca53fd040e3a50caae1f79f24e2c17c/url'
12:31:13.470 [Forwarding getCurrentUrl on session 0ca53fd040e3a50caae1f79f24e2c17c to remote] DEBUG org.asynchttpclient.netty.request.NettyRequestSender - Using open Channel [id: 0x94958073, L:/127.0.0.1:60047 - R:localhost/127.0.0.1:62210] for GET '/session/0ca53fd040e3a50caae1f79f24e2c17c/url'
12:31:13.473 [AsyncHttpClient-1-14] DEBUG org.asynchttpclient.netty.handler.HttpHandler - 

Request DefaultFullHttpRequest(decodeResult: success, version: HTTP/1.1, content: EmptyByteBufBE)
GET /session/0ca53fd040e3a50caae1f79f24e2c17c/url HTTP/1.1
User-Agent: selenium/4.4.0 (java windows)
Cache-Control: no-cache
Content-Type: application/json; charset=utf-8
host: localhost:62210
accept: */*

Response DefaultHttpResponse(decodeResult: success, version: HTTP/1.1)
HTTP/1.1 200 OK
Content-Type: application/json; charset=utf-8
cache-control: no-cache
content-length: 52

12:31:13.473 [AsyncHttpClient-1-14] DEBUG org.asynchttpclient.netty.channel.ChannelManager - Adding key: http://localhost:62210 for channel [id: 0x94958073, L:/127.0.0.1:60047 - R:localhost/127.0.0.1:62210]
12:31:13.474 [Test worker] DEBUG net.thucydides.core.steps.StepInterceptor - STARTING STEP: LoginSteps.elDebeSerRedirigidoALaPaginaDe - {0} should see #description
12:31:13.474 [Test worker] DEBUG net.serenitybdd.screenplay.targets.IFrameSwitcher - default content already selected for product title
12:31:13.482 [Forwarding findElement on session 0ca53fd040e3a50caae1f79f24e2c17c to remote] DEBUG org.asynchttpclient.netty.request.NettyRequestSender - Using pooled Channel '[id: 0x94958073, L:/127.0.0.1:60047 - R:localhost/127.0.0.1:62210]' for 'POST' to 'http://localhost:62210/session/0ca53fd040e3a50caae1f79f24e2c17c/element'
12:31:13.482 [Forwarding findElement on session 0ca53fd040e3a50caae1f79f24e2c17c to remote] DEBUG org.asynchttpclient.netty.request.NettyRequestSender - Using open Channel [id: 0x94958073, L:/127.0.0.1:60047 - R:localhost/127.0.0.1:62210] for POST '/session/0ca53fd040e3a50caae1f79f24e2c17c/element'
12:31:13.490 [AsyncHttpClient-1-14] DEBUG org.asynchttpclient.netty.handler.HttpHandler - 

Request DefaultHttpRequest(decodeResult: success, version: HTTP/1.1)
POST /session/0ca53fd040e3a50caae1f79f24e2c17c/element HTTP/1.1
User-Agent: selenium/4.4.0 (java windows)
Content-Length: 78
Content-Type: application/json; charset=utf-8
host: localhost:62210
accept: */*

Response DefaultHttpResponse(decodeResult: success, version: HTTP/1.1)
HTTP/1.1 200 OK
Content-Type: application/json; charset=utf-8
cache-control: no-cache
content-length: 88

12:31:13.490 [AsyncHttpClient-1-14] DEBUG org.asynchttpclient.netty.channel.ChannelManager - Adding key: http://localhost:62210 for channel [id: 0x94958073, L:/127.0.0.1:60047 - R:localhost/127.0.0.1:62210]
12:31:13.491 [Forwarding getElementText on session 0ca53fd040e3a50caae1f79f24e2c17c to remote] DEBUG org.asynchttpclient.netty.request.NettyRequestSender - Using pooled Channel '[id: 0x94958073, L:/127.0.0.1:60047 - R:localhost/127.0.0.1:62210]' for 'GET' to 'http://localhost:62210/session/0ca53fd040e3a50caae1f79f24e2c17c/element/d6167e93-14c9-48a8-a0b8-dd49fc9221d5/text'
12:31:13.491 [Forwarding getElementText on session 0ca53fd040e3a50caae1f79f24e2c17c to remote] DEBUG org.asynchttpclient.netty.request.NettyRequestSender - Using open Channel [id: 0x94958073, L:/127.0.0.1:60047 - R:localhost/127.0.0.1:62210] for GET '/session/0ca53fd040e3a50caae1f79f24e2c17c/element/d6167e93-14c9-48a8-a0b8-dd49fc9221d5/text'
12:31:13.499 [AsyncHttpClient-1-14] DEBUG org.asynchttpclient.netty.handler.HttpHandler - 

Request DefaultFullHttpRequest(decodeResult: success, version: HTTP/1.1, content: EmptyByteBufBE)
GET /session/0ca53fd040e3a50caae1f79f24e2c17c/element/d6167e93-14c9-48a8-a0b8-dd49fc9221d5/text HTTP/1.1
User-Agent: selenium/4.4.0 (java windows)
Cache-Control: no-cache
Content-Type: application/json; charset=utf-8
host: localhost:62210
accept: */*

Response DefaultHttpResponse(decodeResult: success, version: HTTP/1.1)
HTTP/1.1 200 OK
Content-Type: application/json; charset=utf-8
cache-control: no-cache
content-length: 20

12:31:13.499 [AsyncHttpClient-1-14] DEBUG org.asynchttpclient.netty.channel.ChannelManager - Adding key: http://localhost:62210 for channel [id: 0x94958073, L:/127.0.0.1:60047 - R:localhost/127.0.0.1:62210]
12:31:13.509 [Forwarding getCurrentWindowHandle on session 0ca53fd040e3a50caae1f79f24e2c17c to remote] DEBUG org.asynchttpclient.netty.request.NettyRequestSender - Using pooled Channel '[id: 0x94958073, L:/127.0.0.1:60047 - R:localhost/127.0.0.1:62210]' for 'GET' to 'http://localhost:62210/session/0ca53fd040e3a50caae1f79f24e2c17c/window'
12:31:13.509 [Forwarding getCurrentWindowHandle on session 0ca53fd040e3a50caae1f79f24e2c17c to remote] DEBUG org.asynchttpclient.netty.request.NettyRequestSender - Using open Channel [id: 0x94958073, L:/127.0.0.1:60047 - R:localhost/127.0.0.1:62210] for GET '/session/0ca53fd040e3a50caae1f79f24e2c17c/window'
12:31:13.510 [AsyncHttpClient-1-14] DEBUG org.asynchttpclient.netty.handler.HttpHandler - 

Request DefaultFullHttpRequest(decodeResult: success, version: HTTP/1.1, content: EmptyByteBufBE)
GET /session/0ca53fd040e3a50caae1f79f24e2c17c/window HTTP/1.1
User-Agent: selenium/4.4.0 (java windows)
Cache-Control: no-cache
Content-Type: application/json; charset=utf-8
host: localhost:62210
accept: */*

Response DefaultHttpResponse(decodeResult: success, version: HTTP/1.1)
HTTP/1.1 200 OK
Content-Type: application/json; charset=utf-8
cache-control: no-cache
content-length: 53

12:31:13.510 [AsyncHttpClient-1-14] DEBUG org.asynchttpclient.netty.channel.ChannelManager - Adding key: http://localhost:62210 for channel [id: 0x94958073, L:/127.0.0.1:60047 - R:localhost/127.0.0.1:62210]
12:31:13.513 [Forwarding getAlertText on session 0ca53fd040e3a50caae1f79f24e2c17c to remote] DEBUG org.asynchttpclient.netty.request.NettyRequestSender - Using pooled Channel '[id: 0x94958073, L:/127.0.0.1:60047 - R:localhost/127.0.0.1:62210]' for 'GET' to 'http://localhost:62210/session/0ca53fd040e3a50caae1f79f24e2c17c/alert/text'
12:31:13.513 [Forwarding getAlertText on session 0ca53fd040e3a50caae1f79f24e2c17c to remote] DEBUG org.asynchttpclient.netty.request.NettyRequestSender - Using open Channel [id: 0x94958073, L:/127.0.0.1:60047 - R:localhost/127.0.0.1:62210] for GET '/session/0ca53fd040e3a50caae1f79f24e2c17c/alert/text'
12:31:13.514 [AsyncHttpClient-1-14] DEBUG org.asynchttpclient.netty.handler.HttpHandler - 

Request DefaultFullHttpRequest(decodeResult: success, version: HTTP/1.1, content: EmptyByteBufBE)
GET /session/0ca53fd040e3a50caae1f79f24e2c17c/alert/text HTTP/1.1
User-Agent: selenium/4.4.0 (java windows)
Cache-Control: no-cache
Content-Type: application/json; charset=utf-8
host: localhost:62210
accept: */*

Response DefaultHttpResponse(decodeResult: success, version: HTTP/1.1)
HTTP/1.1 404 Not Found
Content-Type: application/json; charset=utf-8
cache-control: no-cache
content-length: 879

12:31:13.515 [AsyncHttpClient-1-14] DEBUG org.asynchttpclient.netty.channel.ChannelManager - Adding key: http://localhost:62210 for channel [id: 0x94958073, L:/127.0.0.1:60047 - R:localhost/127.0.0.1:62210]
12:31:13.518 [Forwarding switchToWindow on session 0ca53fd040e3a50caae1f79f24e2c17c to remote] DEBUG org.asynchttpclient.netty.request.NettyRequestSender - Using pooled Channel '[id: 0x94958073, L:/127.0.0.1:60047 - R:localhost/127.0.0.1:62210]' for 'POST' to 'http://localhost:62210/session/0ca53fd040e3a50caae1f79f24e2c17c/window'
12:31:13.518 [Forwarding switchToWindow on session 0ca53fd040e3a50caae1f79f24e2c17c to remote] DEBUG org.asynchttpclient.netty.request.NettyRequestSender - Using open Channel [id: 0x94958073, L:/127.0.0.1:60047 - R:localhost/127.0.0.1:62210] for POST '/session/0ca53fd040e3a50caae1f79f24e2c17c/window'
12:31:13.521 [AsyncHttpClient-1-14] DEBUG org.asynchttpclient.netty.handler.HttpHandler - 

Request DefaultHttpRequest(decodeResult: success, version: HTTP/1.1)
POST /session/0ca53fd040e3a50caae1f79f24e2c17c/window HTTP/1.1
User-Agent: selenium/4.4.0 (java windows)
Content-Length: 59
Content-Type: application/json; charset=utf-8
host: localhost:62210
accept: */*

Response DefaultHttpResponse(decodeResult: success, version: HTTP/1.1)
HTTP/1.1 200 OK
Content-Type: application/json; charset=utf-8
cache-control: no-cache
content-length: 14

12:31:13.521 [AsyncHttpClient-1-14] DEBUG org.asynchttpclient.netty.channel.ChannelManager - Adding key: http://localhost:62210 for channel [id: 0x94958073, L:/127.0.0.1:60047 - R:localhost/127.0.0.1:62210]
12:31:13.521 [Forwarding getCurrentUrl on session 0ca53fd040e3a50caae1f79f24e2c17c to remote] DEBUG org.asynchttpclient.netty.request.NettyRequestSender - Using pooled Channel '[id: 0x94958073, L:/127.0.0.1:60047 - R:localhost/127.0.0.1:62210]' for 'GET' to 'http://localhost:62210/session/0ca53fd040e3a50caae1f79f24e2c17c/url'
12:31:13.521 [Forwarding getCurrentUrl on session 0ca53fd040e3a50caae1f79f24e2c17c to remote] DEBUG org.asynchttpclient.netty.request.NettyRequestSender - Using open Channel [id: 0x94958073, L:/127.0.0.1:60047 - R:localhost/127.0.0.1:62210] for GET '/session/0ca53fd040e3a50caae1f79f24e2c17c/url'
12:31:13.524 [AsyncHttpClient-1-14] DEBUG org.asynchttpclient.netty.handler.HttpHandler - 

Request DefaultFullHttpRequest(decodeResult: success, version: HTTP/1.1, content: EmptyByteBufBE)
GET /session/0ca53fd040e3a50caae1f79f24e2c17c/url HTTP/1.1
User-Agent: selenium/4.4.0 (java windows)
Cache-Control: no-cache
Content-Type: application/json; charset=utf-8
host: localhost:62210
accept: */*

Response DefaultHttpResponse(decodeResult: success, version: HTTP/1.1)
HTTP/1.1 200 OK
Content-Type: application/json; charset=utf-8
cache-control: no-cache
content-length: 52

12:31:13.524 [AsyncHttpClient-1-14] DEBUG org.asynchttpclient.netty.channel.ChannelManager - Adding key: http://localhost:62210 for channel [id: 0x94958073, L:/127.0.0.1:60047 - R:localhost/127.0.0.1:62210]
12:31:13.525 [Forwarding screenshot on session 0ca53fd040e3a50caae1f79f24e2c17c to remote] DEBUG org.asynchttpclient.netty.request.NettyRequestSender - Using pooled Channel '[id: 0x94958073, L:/127.0.0.1:60047 - R:localhost/127.0.0.1:62210]' for 'GET' to 'http://localhost:62210/session/0ca53fd040e3a50caae1f79f24e2c17c/screenshot'
12:31:13.525 [Forwarding screenshot on session 0ca53fd040e3a50caae1f79f24e2c17c to remote] DEBUG org.asynchttpclient.netty.request.NettyRequestSender - Using open Channel [id: 0x94958073, L:/127.0.0.1:60047 - R:localhost/127.0.0.1:62210] for GET '/session/0ca53fd040e3a50caae1f79f24e2c17c/screenshot'
12:31:13.621 [AsyncHttpClient-1-14] DEBUG org.asynchttpclient.netty.handler.HttpHandler - 

Request DefaultFullHttpRequest(decodeResult: success, version: HTTP/1.1, content: EmptyByteBufBE)
GET /session/0ca53fd040e3a50caae1f79f24e2c17c/screenshot HTTP/1.1
User-Agent: selenium/4.4.0 (java windows)
Cache-Control: no-cache
Content-Type: application/json; charset=utf-8
host: localhost:62210
accept: */*

Response DefaultHttpResponse(decodeResult: success, version: HTTP/1.1)
HTTP/1.1 200 OK
Content-Type: application/json; charset=utf-8
cache-control: no-cache
content-length: 316072

12:31:13.622 [AsyncHttpClient-1-14] DEBUG org.asynchttpclient.netty.channel.ChannelManager - Adding key: http://localhost:62210 for channel [id: 0x94958073, L:/127.0.0.1:60047 - R:localhost/127.0.0.1:62210]
12:31:13.630 [Test worker] DEBUG net.serenitybdd.core.photography.Darkroom - Send negative for processing for C:\Users\juan.gomezv\IdeaProjects\sura\target\site\serenity\e44069ae212a02c6322b8bddc355adc221270edded46bd42546211af4a56801c.png
12:31:13.630 [Test worker] DEBUG net.thucydides.core.steps.StepInterceptor - STEP DONE: {0} should see #description
  ?[32mEntonces ?[0m?[32m?[0m?[32m?[1mAna?[0m?[32m debe ser redirigido a la pagina de ?[0m?[32m?[1m"PRODUCTS"?[0m                ?[90m# sura.stepDefinitions.LoginSteps.elDebeSerRedirigidoALaPaginaDe(net.serenitybdd.screenplay.Actor,java.lang.String)?[0m
12:31:13.649 [AsyncHttpClient-1-16] DEBUG org.asynchttpclient.netty.handler.WebSocketHandler - Channel Closed: [id: 0x7660ee70, L:/127.0.0.1:60056 ! R:localhost/127.0.0.1:60049] with attribute NettyResponseFuture{currentRetry=0,
	isDone=1,
	isCancelled=0,
	asyncHandler=org.asynchttpclient.ws.WebSocketUpgradeHandler@45669fee,
	nettyRequest=org.asynchttpclient.netty.request.NettyRequest@640926,
	future=java.util.concurrent.CompletableFuture@38e627b0[Completed normally],
	uri=ws://localhost:60049/devtools/browser/421d17c6-79c0-4f86-8a6d-c3a6ba262660,
	keepAlive=true,
	redirectCount=0,
	timeoutsHolder=null,
	inAuth=0,
	touch=1664472666909}
12:31:13.650 [AsyncHttpClient-1-16] DEBUG org.asynchttpclient.netty.channel.ChannelManager - Closing Channel [id: 0x7660ee70, L:/127.0.0.1:60056 ! R:localhost/127.0.0.1:60049] 
12:31:13.650 [Driver Command Executor] DEBUG org.asynchttpclient.netty.request.NettyRequestSender - Using pooled Channel '[id: 0x94958073, L:/127.0.0.1:60047 - R:localhost/127.0.0.1:62210]' for 'DELETE' to 'http://localhost:62210/session/0ca53fd040e3a50caae1f79f24e2c17c'
12:31:13.650 [Driver Command Executor] DEBUG org.asynchttpclient.netty.request.NettyRequestSender - Using open Channel [id: 0x94958073, L:/127.0.0.1:60047 - R:localhost/127.0.0.1:62210] for DELETE '/session/0ca53fd040e3a50caae1f79f24e2c17c'
12:31:13.670 [AsyncHttpClient-1-15] DEBUG org.asynchttpclient.netty.handler.HttpHandler - Unexpected I/O exception on channel [id: 0x80edc5b7, L:/127.0.0.1:60055 - R:localhost/127.0.0.1:60049]
java.net.SocketException: Connection reset
	at java.base/sun.nio.ch.SocketChannelImpl.throwConnectionReset(SocketChannelImpl.java:394)
	at java.base/sun.nio.ch.SocketChannelImpl.read(SocketChannelImpl.java:426)
	at io.netty.buffer.PooledByteBuf.setBytes(PooledByteBuf.java:258)
	at io.netty.buffer.AbstractByteBuf.writeBytes(AbstractByteBuf.java:1132)
	at io.netty.channel.socket.nio.NioSocketChannel.doReadBytes(NioSocketChannel.java:357)
	at io.netty.channel.nio.AbstractNioByteChannel$NioByteUnsafe.read(AbstractNioByteChannel.java:151)
	at io.netty.channel.nio.NioEventLoop.processSelectedKey(NioEventLoop.java:722)
	at io.netty.channel.nio.NioEventLoop.processSelectedKeysOptimized(NioEventLoop.java:658)
	at io.netty.channel.nio.NioEventLoop.processSelectedKeys(NioEventLoop.java:584)
	at io.netty.channel.nio.NioEventLoop.run(NioEventLoop.java:496)
	at io.netty.util.concurrent.SingleThreadEventExecutor$4.run(SingleThreadEventExecutor.java:997)
	at io.netty.util.internal.ThreadExecutorMap$2.run(ThreadExecutorMap.java:74)
	at io.netty.util.concurrent.FastThreadLocalRunnable.run(FastThreadLocalRunnable.java:30)
	at java.base/java.lang.Thread.run(Thread.java:833)
12:31:13.670 [AsyncHttpClient-1-15] DEBUG org.asynchttpclient.netty.channel.ChannelManager - Closing Channel [id: 0x80edc5b7, L:/127.0.0.1:60055 - R:localhost/127.0.0.1:60049] 
12:31:13.670 [AsyncHttpClient-1-15] DEBUG org.asynchttpclient.netty.handler.HttpHandler - Channel Closed: [id: 0x80edc5b7, L:/127.0.0.1:60055 ! R:localhost/127.0.0.1:60049] with attribute DISCARD
12:31:13.684 [AsyncHttpClient-1-14] DEBUG org.asynchttpclient.netty.handler.HttpHandler - 

Request DefaultFullHttpRequest(decodeResult: success, version: HTTP/1.1, content: EmptyByteBufBE)
DELETE /session/0ca53fd040e3a50caae1f79f24e2c17c HTTP/1.1
User-Agent: selenium/4.4.0 (java windows)
Content-Type: application/json; charset=utf-8
host: localhost:62210
accept: */*

Response DefaultHttpResponse(decodeResult: success, version: HTTP/1.1)
HTTP/1.1 200 OK
Content-Type: application/json; charset=utf-8
cache-control: no-cache
content-length: 14

12:31:13.684 [AsyncHttpClient-1-14] DEBUG org.asynchttpclient.netty.channel.ChannelManager - Adding key: http://localhost:62210 for channel [id: 0x94958073, L:/127.0.0.1:60047 - R:localhost/127.0.0.1:62210]
12:31:13.722 [AsyncHttpClient-1-14] DEBUG org.asynchttpclient.netty.handler.HttpHandler - Channel Closed: [id: 0x94958073, L:/127.0.0.1:60047 ! R:localhost/127.0.0.1:62210] with attribute DISCARD

Esquema del escenario: Usuario trata autenticarse con información incompleta  ?[90m# src/test/resources/features/autenticacion/login.feature:32?[0m
12:31:13.774 [Test worker] INFO io.cucumber.core.plugin.SerenityReporter - Running feature from file:///C:/Users/juan.gomezv/IdeaProjects/sura/src/test/resources/features/autenticacion/login.feature
12:31:13.775 [Test worker] INFO  - 
  _____   ___   ___   _____     ___   _____     _     ___   _____   ___   ___  
 |_   _| | __| / __| |_   _|   / __| |_   _|   /_\   | _ \ |_   _| | __| |   \ 
   | |   | _|  \__ \   | |     \__ \   | |    / _ \  |   /   | |   | _|  | |) |
   |_|   |___| |___/   |_|     |___/   |_|   /_/ \_\ |_|_\   |_|   |___| |___/ 

Usuario trata autenticarse con información incompleta(autenticación;usuario-trata-autenticarse-con-información-incompleta)
--------------------------------------------------------------------------------
12:31:13.781 [Test worker] DEBUG net.thucydides.core.steps.StepInterceptor - STARTING STEP: LoginSteps.quiereConsultarArticulosDeportivosEnLaWebDeLaMarcaSwag - {0} abre la aplicación
12:31:13.783 [Test worker] DEBUG net.thucydides.core.steps.StepInterceptor - STARTING STEP: NavigateTo.performAs - {0} opens the #targetPageName
12:31:13.821 [Test worker] INFO net.serenitybdd.core.webdriver.driverproviders.ChromeDriverProvider - Starting Chrome driver instance with capabilities:
12:31:13.822 [Test worker] INFO net.serenitybdd.core.webdriver.driverproviders.ChromeDriverProvider - Capabilities {acceptInsecureCerts: false, browserName: chrome, goog:chromeOptions: {args: [], extensions: []}}
12:31:13.869 [AsyncHttpClient-1-17] DEBUG org.asynchttpclient.netty.channel.NettyConnectListener - Using new Channel '[id: 0x4c9c30ec, L:/127.0.0.1:60072 - R:localhost/127.0.0.1:55048]' for 'POST' to '/session'
12:31:14.054 [AsyncHttpClient-1-1] DEBUG org.asynchttpclient.netty.channel.DefaultChannelPool - Entry count for : http://localhost:62210 : 1
12:31:14.054 [AsyncHttpClient-1-1] DEBUG org.asynchttpclient.netty.channel.DefaultChannelPool - Entry count for : http://localhost:60049 : 1
12:31:14.059 [AsyncHttpClient-1-1] DEBUG org.asynchttpclient.netty.channel.DefaultChannelPool - Adding Candidate expired Channel [id: 0x94958073, L:/127.0.0.1:60047 ! R:localhost/127.0.0.1:62210] isIdleTimeoutExpired=false isRemotelyClosed=true isTtlExpired=false
12:31:14.059 [AsyncHttpClient-1-1] DEBUG org.asynchttpclient.netty.channel.DefaultChannelPool - Closing Idle Channel [id: 0x94958073, L:/127.0.0.1:60047 ! R:localhost/127.0.0.1:62210]
12:31:14.059 [AsyncHttpClient-1-1] DEBUG org.asynchttpclient.netty.channel.DefaultChannelPool - Adding Candidate expired Channel [id: 0x80edc5b7, L:/127.0.0.1:60055 ! R:localhost/127.0.0.1:60049] isIdleTimeoutExpired=false isRemotelyClosed=true isTtlExpired=false
12:31:14.059 [AsyncHttpClient-1-1] DEBUG org.asynchttpclient.netty.channel.DefaultChannelPool - Closing Idle Channel [id: 0x80edc5b7, L:/127.0.0.1:60055 ! R:localhost/127.0.0.1:60049]
12:31:14.059 [AsyncHttpClient-1-1] DEBUG org.asynchttpclient.netty.channel.DefaultChannelPool - Closed 2 connections out of 2 in 1 ms
12:31:14.395 [AsyncHttpClient-1-17] DEBUG org.asynchttpclient.netty.handler.HttpHandler - 

Request DefaultHttpRequest(decodeResult: success, version: HTTP/1.1)
POST /session HTTP/1.1
User-Agent: selenium/4.4.0 (java windows)
Content-Length: 437
Content-Type: application/json; charset=utf-8
host: localhost:55048
accept: */*

Response DefaultHttpResponse(decodeResult: success, version: HTTP/1.1)
HTTP/1.1 200 OK
Content-Type: application/json; charset=utf-8
cache-control: no-cache
content-length: 795

12:31:14.395 [AsyncHttpClient-1-17] DEBUG org.asynchttpclient.netty.channel.ChannelManager - Adding key: http://localhost:55048 for channel [id: 0x4c9c30ec, L:/127.0.0.1:60072 - R:localhost/127.0.0.1:55048]
12:31:14.398 [AsyncHttpClient-1-2] DEBUG org.asynchttpclient.netty.channel.NettyConnectListener - Using new Channel '[id: 0x0abb75f0, L:/127.0.0.1:60080 - R:localhost/127.0.0.1:60073]' for 'GET' to '/json/version'
12:31:14.399 [AsyncHttpClient-1-2] DEBUG org.asynchttpclient.netty.handler.HttpHandler - 

Request DefaultFullHttpRequest(decodeResult: success, version: HTTP/1.1, content: EmptyByteBufBE)
GET /json/version HTTP/1.1
User-Agent: selenium/4.4.0 (java windows)
host: localhost:60073
accept: */*

Response DefaultHttpResponse(decodeResult: success, version: HTTP/1.1)
HTTP/1.1 200 OK
Content-Type: application/json; charset=UTF-8
content-length: 423

12:31:14.399 [AsyncHttpClient-1-2] DEBUG org.asynchttpclient.netty.channel.ChannelManager - Adding key: http://localhost:60073 for channel [id: 0x0abb75f0, L:/127.0.0.1:60080 - R:localhost/127.0.0.1:60073]
12:31:14.400 [AsyncHttpClient-1-3] DEBUG org.asynchttpclient.netty.channel.NettyConnectListener - Using new Channel '[id: 0x6bb569fd, L:/127.0.0.1:60081 - R:localhost/127.0.0.1:60073]' for 'GET' to '/devtools/browser/9509f760-8213-471f-9cb6-293daa0b90d6'
12:31:14.401 [AsyncHttpClient-1-3] DEBUG org.asynchttpclient.netty.handler.WebSocketHandler - 

Request DefaultFullHttpRequest(decodeResult: success, version: HTTP/1.1, content: EmptyByteBufBE)
GET /devtools/browser/9509f760-8213-471f-9cb6-293daa0b90d6 HTTP/1.1
upgrade: websocket
connection: upgrade
sec-websocket-key: A3KEEI9u/LihCVHoCM7K9A==
sec-websocket-version: 13
origin: http://localhost:60073
host: localhost:60073
accept: */*
user-agent: AHC/2.1

Response DefaultHttpResponse(decodeResult: success, version: HTTP/1.1)
HTTP/1.1 101 WebSocket Protocol Handshake
Upgrade: WebSocket
Connection: Upgrade
Sec-WebSocket-Accept: RrqPHeoS596khkFVxjBzcMmvNb0=

12:31:14.404 [Forwarding get on session 99101a76bcf240b8fb0e7d5c4942e8cf to remote] DEBUG org.asynchttpclient.netty.request.NettyRequestSender - Using pooled Channel '[id: 0x4c9c30ec, L:/127.0.0.1:60072 - R:localhost/127.0.0.1:55048]' for 'POST' to 'http://localhost:55048/session/99101a76bcf240b8fb0e7d5c4942e8cf/url'
12:31:14.404 [Forwarding get on session 99101a76bcf240b8fb0e7d5c4942e8cf to remote] DEBUG org.asynchttpclient.netty.request.NettyRequestSender - Using open Channel [id: 0x4c9c30ec, L:/127.0.0.1:60072 - R:localhost/127.0.0.1:55048] for POST '/session/99101a76bcf240b8fb0e7d5c4942e8cf/url'
12:31:14.661 [AsyncHttpClient-1-17] DEBUG org.asynchttpclient.netty.handler.HttpHandler - 

Request DefaultHttpRequest(decodeResult: success, version: HTTP/1.1)
POST /session/99101a76bcf240b8fb0e7d5c4942e8cf/url HTTP/1.1
User-Agent: selenium/4.4.0 (java windows)
Content-Length: 40
Content-Type: application/json; charset=utf-8
host: localhost:55048
accept: */*

Response DefaultHttpResponse(decodeResult: success, version: HTTP/1.1)
HTTP/1.1 200 OK
Content-Type: application/json; charset=utf-8
cache-control: no-cache
content-length: 14

12:31:14.661 [AsyncHttpClient-1-17] DEBUG org.asynchttpclient.netty.channel.ChannelManager - Adding key: http://localhost:55048 for channel [id: 0x4c9c30ec, L:/127.0.0.1:60072 - R:localhost/127.0.0.1:55048]
12:31:14.662 [Forwarding setTimeout on session 99101a76bcf240b8fb0e7d5c4942e8cf to remote] DEBUG org.asynchttpclient.netty.request.NettyRequestSender - Using pooled Channel '[id: 0x4c9c30ec, L:/127.0.0.1:60072 - R:localhost/127.0.0.1:55048]' for 'POST' to 'http://localhost:55048/session/99101a76bcf240b8fb0e7d5c4942e8cf/timeouts'
12:31:14.662 [Forwarding setTimeout on session 99101a76bcf240b8fb0e7d5c4942e8cf to remote] DEBUG org.asynchttpclient.netty.request.NettyRequestSender - Using open Channel [id: 0x4c9c30ec, L:/127.0.0.1:60072 - R:localhost/127.0.0.1:55048] for POST '/session/99101a76bcf240b8fb0e7d5c4942e8cf/timeouts'
12:31:14.662 [AsyncHttpClient-1-17] DEBUG org.asynchttpclient.netty.handler.HttpHandler - 

Request DefaultHttpRequest(decodeResult: success, version: HTTP/1.1)
POST /session/99101a76bcf240b8fb0e7d5c4942e8cf/timeouts HTTP/1.1
User-Agent: selenium/4.4.0 (java windows)
Content-Length: 22
Content-Type: application/json; charset=utf-8
host: localhost:55048
accept: */*

Response DefaultHttpResponse(decodeResult: success, version: HTTP/1.1)
HTTP/1.1 200 OK
Content-Type: application/json; charset=utf-8
cache-control: no-cache
content-length: 14

12:31:14.663 [AsyncHttpClient-1-17] DEBUG org.asynchttpclient.netty.channel.ChannelManager - Adding key: http://localhost:55048 for channel [id: 0x4c9c30ec, L:/127.0.0.1:60072 - R:localhost/127.0.0.1:55048]
12:31:14.672 [Forwarding getCurrentUrl on session 99101a76bcf240b8fb0e7d5c4942e8cf to remote] DEBUG org.asynchttpclient.netty.request.NettyRequestSender - Using pooled Channel '[id: 0x4c9c30ec, L:/127.0.0.1:60072 - R:localhost/127.0.0.1:55048]' for 'GET' to 'http://localhost:55048/session/99101a76bcf240b8fb0e7d5c4942e8cf/url'
12:31:14.672 [Forwarding getCurrentUrl on session 99101a76bcf240b8fb0e7d5c4942e8cf to remote] DEBUG org.asynchttpclient.netty.request.NettyRequestSender - Using open Channel [id: 0x4c9c30ec, L:/127.0.0.1:60072 - R:localhost/127.0.0.1:55048] for GET '/session/99101a76bcf240b8fb0e7d5c4942e8cf/url'
12:31:14.677 [AsyncHttpClient-1-17] DEBUG org.asynchttpclient.netty.handler.HttpHandler - 

Request DefaultFullHttpRequest(decodeResult: success, version: HTTP/1.1, content: EmptyByteBufBE)
GET /session/99101a76bcf240b8fb0e7d5c4942e8cf/url HTTP/1.1
User-Agent: selenium/4.4.0 (java windows)
Cache-Control: no-cache
Content-Type: application/json; charset=utf-8
host: localhost:55048
accept: */*

Response DefaultHttpResponse(decodeResult: success, version: HTTP/1.1)
HTTP/1.1 200 OK
Content-Type: application/json; charset=utf-8
cache-control: no-cache
content-length: 38

12:31:14.677 [AsyncHttpClient-1-17] DEBUG org.asynchttpclient.netty.channel.ChannelManager - Adding key: http://localhost:55048 for channel [id: 0x4c9c30ec, L:/127.0.0.1:60072 - R:localhost/127.0.0.1:55048]
12:31:14.687 [Forwarding getCurrentUrl on session 99101a76bcf240b8fb0e7d5c4942e8cf to remote] DEBUG org.asynchttpclient.netty.request.NettyRequestSender - Using pooled Channel '[id: 0x4c9c30ec, L:/127.0.0.1:60072 - R:localhost/127.0.0.1:55048]' for 'GET' to 'http://localhost:55048/session/99101a76bcf240b8fb0e7d5c4942e8cf/url'
12:31:14.687 [Forwarding getCurrentUrl on session 99101a76bcf240b8fb0e7d5c4942e8cf to remote] DEBUG org.asynchttpclient.netty.request.NettyRequestSender - Using open Channel [id: 0x4c9c30ec, L:/127.0.0.1:60072 - R:localhost/127.0.0.1:55048] for GET '/session/99101a76bcf240b8fb0e7d5c4942e8cf/url'
12:31:14.691 [AsyncHttpClient-1-17] DEBUG org.asynchttpclient.netty.handler.HttpHandler - 

Request DefaultFullHttpRequest(decodeResult: success, version: HTTP/1.1, content: EmptyByteBufBE)
GET /session/99101a76bcf240b8fb0e7d5c4942e8cf/url HTTP/1.1
User-Agent: selenium/4.4.0 (java windows)
Cache-Control: no-cache
Content-Type: application/json; charset=utf-8
host: localhost:55048
accept: */*

Response DefaultHttpResponse(decodeResult: success, version: HTTP/1.1)
HTTP/1.1 200 OK
Content-Type: application/json; charset=utf-8
cache-control: no-cache
content-length: 38

12:31:14.691 [AsyncHttpClient-1-17] DEBUG org.asynchttpclient.netty.channel.ChannelManager - Adding key: http://localhost:55048 for channel [id: 0x4c9c30ec, L:/127.0.0.1:60072 - R:localhost/127.0.0.1:55048]
12:31:14.709 [Forwarding getCurrentWindowHandle on session 99101a76bcf240b8fb0e7d5c4942e8cf to remote] DEBUG org.asynchttpclient.netty.request.NettyRequestSender - Using pooled Channel '[id: 0x4c9c30ec, L:/127.0.0.1:60072 - R:localhost/127.0.0.1:55048]' for 'GET' to 'http://localhost:55048/session/99101a76bcf240b8fb0e7d5c4942e8cf/window'
12:31:14.709 [Forwarding getCurrentWindowHandle on session 99101a76bcf240b8fb0e7d5c4942e8cf to remote] DEBUG org.asynchttpclient.netty.request.NettyRequestSender - Using open Channel [id: 0x4c9c30ec, L:/127.0.0.1:60072 - R:localhost/127.0.0.1:55048] for GET '/session/99101a76bcf240b8fb0e7d5c4942e8cf/window'
12:31:14.710 [AsyncHttpClient-1-17] DEBUG org.asynchttpclient.netty.handler.HttpHandler - 

Request DefaultFullHttpRequest(decodeResult: success, version: HTTP/1.1, content: EmptyByteBufBE)
GET /session/99101a76bcf240b8fb0e7d5c4942e8cf/window HTTP/1.1
User-Agent: selenium/4.4.0 (java windows)
Cache-Control: no-cache
Content-Type: application/json; charset=utf-8
host: localhost:55048
accept: */*

Response DefaultHttpResponse(decodeResult: success, version: HTTP/1.1)
HTTP/1.1 200 OK
Content-Type: application/json; charset=utf-8
cache-control: no-cache
content-length: 53

12:31:14.710 [AsyncHttpClient-1-17] DEBUG org.asynchttpclient.netty.channel.ChannelManager - Adding key: http://localhost:55048 for channel [id: 0x4c9c30ec, L:/127.0.0.1:60072 - R:localhost/127.0.0.1:55048]
12:31:14.716 [Forwarding getAlertText on session 99101a76bcf240b8fb0e7d5c4942e8cf to remote] DEBUG org.asynchttpclient.netty.request.NettyRequestSender - Using pooled Channel '[id: 0x4c9c30ec, L:/127.0.0.1:60072 - R:localhost/127.0.0.1:55048]' for 'GET' to 'http://localhost:55048/session/99101a76bcf240b8fb0e7d5c4942e8cf/alert/text'
12:31:14.716 [Forwarding getAlertText on session 99101a76bcf240b8fb0e7d5c4942e8cf to remote] DEBUG org.asynchttpclient.netty.request.NettyRequestSender - Using open Channel [id: 0x4c9c30ec, L:/127.0.0.1:60072 - R:localhost/127.0.0.1:55048] for GET '/session/99101a76bcf240b8fb0e7d5c4942e8cf/alert/text'
12:31:14.718 [AsyncHttpClient-1-17] DEBUG org.asynchttpclient.netty.handler.HttpHandler - 

Request DefaultFullHttpRequest(decodeResult: success, version: HTTP/1.1, content: EmptyByteBufBE)
GET /session/99101a76bcf240b8fb0e7d5c4942e8cf/alert/text HTTP/1.1
User-Agent: selenium/4.4.0 (java windows)
Cache-Control: no-cache
Content-Type: application/json; charset=utf-8
host: localhost:55048
accept: */*

Response DefaultHttpResponse(decodeResult: success, version: HTTP/1.1)
HTTP/1.1 404 Not Found
Content-Type: application/json; charset=utf-8
cache-control: no-cache
content-length: 879

12:31:14.719 [AsyncHttpClient-1-17] DEBUG org.asynchttpclient.netty.channel.ChannelManager - Adding key: http://localhost:55048 for channel [id: 0x4c9c30ec, L:/127.0.0.1:60072 - R:localhost/127.0.0.1:55048]
12:31:14.725 [Forwarding switchToWindow on session 99101a76bcf240b8fb0e7d5c4942e8cf to remote] DEBUG org.asynchttpclient.netty.request.NettyRequestSender - Using pooled Channel '[id: 0x4c9c30ec, L:/127.0.0.1:60072 - R:localhost/127.0.0.1:55048]' for 'POST' to 'http://localhost:55048/session/99101a76bcf240b8fb0e7d5c4942e8cf/window'
12:31:14.725 [Forwarding switchToWindow on session 99101a76bcf240b8fb0e7d5c4942e8cf to remote] DEBUG org.asynchttpclient.netty.request.NettyRequestSender - Using open Channel [id: 0x4c9c30ec, L:/127.0.0.1:60072 - R:localhost/127.0.0.1:55048] for POST '/session/99101a76bcf240b8fb0e7d5c4942e8cf/window'
12:31:14.730 [AsyncHttpClient-1-17] DEBUG org.asynchttpclient.netty.handler.HttpHandler - 

Request DefaultHttpRequest(decodeResult: success, version: HTTP/1.1)
POST /session/99101a76bcf240b8fb0e7d5c4942e8cf/window HTTP/1.1
User-Agent: selenium/4.4.0 (java windows)
Content-Length: 59
Content-Type: application/json; charset=utf-8
host: localhost:55048
accept: */*

Response DefaultHttpResponse(decodeResult: success, version: HTTP/1.1)
HTTP/1.1 200 OK
Content-Type: application/json; charset=utf-8
cache-control: no-cache
content-length: 14

12:31:14.730 [AsyncHttpClient-1-17] DEBUG org.asynchttpclient.netty.channel.ChannelManager - Adding key: http://localhost:55048 for channel [id: 0x4c9c30ec, L:/127.0.0.1:60072 - R:localhost/127.0.0.1:55048]
12:31:14.731 [Forwarding getCurrentUrl on session 99101a76bcf240b8fb0e7d5c4942e8cf to remote] DEBUG org.asynchttpclient.netty.request.NettyRequestSender - Using pooled Channel '[id: 0x4c9c30ec, L:/127.0.0.1:60072 - R:localhost/127.0.0.1:55048]' for 'GET' to 'http://localhost:55048/session/99101a76bcf240b8fb0e7d5c4942e8cf/url'
12:31:14.731 [Forwarding getCurrentUrl on session 99101a76bcf240b8fb0e7d5c4942e8cf to remote] DEBUG org.asynchttpclient.netty.request.NettyRequestSender - Using open Channel [id: 0x4c9c30ec, L:/127.0.0.1:60072 - R:localhost/127.0.0.1:55048] for GET '/session/99101a76bcf240b8fb0e7d5c4942e8cf/url'
12:31:14.734 [AsyncHttpClient-1-17] DEBUG org.asynchttpclient.netty.handler.HttpHandler - 

Request DefaultFullHttpRequest(decodeResult: success, version: HTTP/1.1, content: EmptyByteBufBE)
GET /session/99101a76bcf240b8fb0e7d5c4942e8cf/url HTTP/1.1
User-Agent: selenium/4.4.0 (java windows)
Cache-Control: no-cache
Content-Type: application/json; charset=utf-8
host: localhost:55048
accept: */*

Response DefaultHttpResponse(decodeResult: success, version: HTTP/1.1)
HTTP/1.1 200 OK
Content-Type: application/json; charset=utf-8
cache-control: no-cache
content-length: 38

12:31:14.734 [AsyncHttpClient-1-17] DEBUG org.asynchttpclient.netty.channel.ChannelManager - Adding key: http://localhost:55048 for channel [id: 0x4c9c30ec, L:/127.0.0.1:60072 - R:localhost/127.0.0.1:55048]
12:31:14.735 [Forwarding screenshot on session 99101a76bcf240b8fb0e7d5c4942e8cf to remote] DEBUG org.asynchttpclient.netty.request.NettyRequestSender - Using pooled Channel '[id: 0x4c9c30ec, L:/127.0.0.1:60072 - R:localhost/127.0.0.1:55048]' for 'GET' to 'http://localhost:55048/session/99101a76bcf240b8fb0e7d5c4942e8cf/screenshot'
12:31:14.735 [Forwarding screenshot on session 99101a76bcf240b8fb0e7d5c4942e8cf to remote] DEBUG org.asynchttpclient.netty.request.NettyRequestSender - Using open Channel [id: 0x4c9c30ec, L:/127.0.0.1:60072 - R:localhost/127.0.0.1:55048] for GET '/session/99101a76bcf240b8fb0e7d5c4942e8cf/screenshot'
12:31:14.827 [AsyncHttpClient-1-17] DEBUG org.asynchttpclient.netty.handler.HttpHandler - 

Request DefaultFullHttpRequest(decodeResult: success, version: HTTP/1.1, content: EmptyByteBufBE)
GET /session/99101a76bcf240b8fb0e7d5c4942e8cf/screenshot HTTP/1.1
User-Agent: selenium/4.4.0 (java windows)
Cache-Control: no-cache
Content-Type: application/json; charset=utf-8
host: localhost:55048
accept: */*

Response DefaultHttpResponse(decodeResult: success, version: HTTP/1.1)
HTTP/1.1 200 OK
Content-Type: application/json; charset=utf-8
cache-control: no-cache
content-length: 59108

12:31:14.828 [AsyncHttpClient-1-17] DEBUG org.asynchttpclient.netty.channel.ChannelManager - Adding key: http://localhost:55048 for channel [id: 0x4c9c30ec, L:/127.0.0.1:60072 - R:localhost/127.0.0.1:55048]
12:31:14.829 [Test worker] DEBUG net.serenitybdd.core.photography.Darkroom - Send negative for processing for C:\Users\juan.gomezv\IdeaProjects\sura\target\site\serenity\60e3c498caf7a8fcf635471a5092c247627e1395d91e12246eaf1a3e7a34e095.png
12:31:14.829 [Test worker] DEBUG net.thucydides.core.steps.StepInterceptor - STEP DONE: {0} opens the #targetPageName
12:31:14.839 [Test worker] DEBUG net.thucydides.core.steps.StepInterceptor - STEP DONE: {0} abre la aplicación
  ?[32mDado ?[0m?[32m?[0m?[32m?[1mAna?[0m?[32m quiere consultar articulos deportivos en la web de la marca Swag?[0m   ?[90m# sura.stepDefinitions.LoginSteps.quiereConsultarArticulosDeportivosEnLaWebDeLaMarcaSwag(net.serenitybdd.screenplay.Actor)?[0m
12:31:14.859 [Forwarding getPageSource on session 99101a76bcf240b8fb0e7d5c4942e8cf to remote] DEBUG org.asynchttpclient.netty.request.NettyRequestSender - Using pooled Channel '[id: 0x4c9c30ec, L:/127.0.0.1:60072 - R:localhost/127.0.0.1:55048]' for 'POST' to 'http://localhost:55048/session/99101a76bcf240b8fb0e7d5c4942e8cf/execute/sync'
12:31:14.859 [Forwarding getPageSource on session 99101a76bcf240b8fb0e7d5c4942e8cf to remote] DEBUG org.asynchttpclient.netty.request.NettyRequestSender - Using open Channel [id: 0x4c9c30ec, L:/127.0.0.1:60072 - R:localhost/127.0.0.1:55048] for POST '/session/99101a76bcf240b8fb0e7d5c4942e8cf/execute/sync'
12:31:14.864 [AsyncHttpClient-1-17] DEBUG org.asynchttpclient.netty.handler.HttpHandler - 

Request DefaultHttpRequest(decodeResult: success, version: HTTP/1.1)
POST /session/99101a76bcf240b8fb0e7d5c4942e8cf/execute/sync HTTP/1.1
User-Agent: selenium/4.4.0 (java windows)
Content-Length: 176
Content-Type: application/json; charset=utf-8
host: localhost:55048
accept: */*

Response DefaultHttpResponse(decodeResult: success, version: HTTP/1.1)
HTTP/1.1 200 OK
Content-Type: application/json; charset=utf-8
cache-control: no-cache
content-length: 4160

12:31:14.864 [AsyncHttpClient-1-17] DEBUG org.asynchttpclient.netty.channel.ChannelManager - Adding key: http://localhost:55048 for channel [id: 0x4c9c30ec, L:/127.0.0.1:60072 - R:localhost/127.0.0.1:55048]
12:31:14.865 [Forwarding getCurrentUrl on session 99101a76bcf240b8fb0e7d5c4942e8cf to remote] DEBUG org.asynchttpclient.netty.request.NettyRequestSender - Using pooled Channel '[id: 0x4c9c30ec, L:/127.0.0.1:60072 - R:localhost/127.0.0.1:55048]' for 'GET' to 'http://localhost:55048/session/99101a76bcf240b8fb0e7d5c4942e8cf/url'
12:31:14.865 [Forwarding getCurrentUrl on session 99101a76bcf240b8fb0e7d5c4942e8cf to remote] DEBUG org.asynchttpclient.netty.request.NettyRequestSender - Using open Channel [id: 0x4c9c30ec, L:/127.0.0.1:60072 - R:localhost/127.0.0.1:55048] for GET '/session/99101a76bcf240b8fb0e7d5c4942e8cf/url'
12:31:14.868 [AsyncHttpClient-1-17] DEBUG org.asynchttpclient.netty.handler.HttpHandler - 

Request DefaultFullHttpRequest(decodeResult: success, version: HTTP/1.1, content: EmptyByteBufBE)
GET /session/99101a76bcf240b8fb0e7d5c4942e8cf/url HTTP/1.1
User-Agent: selenium/4.4.0 (java windows)
Cache-Control: no-cache
Content-Type: application/json; charset=utf-8
host: localhost:55048
accept: */*

Response DefaultHttpResponse(decodeResult: success, version: HTTP/1.1)
HTTP/1.1 200 OK
Content-Type: application/json; charset=utf-8
cache-control: no-cache
content-length: 38

12:31:14.869 [AsyncHttpClient-1-17] DEBUG org.asynchttpclient.netty.channel.ChannelManager - Adding key: http://localhost:55048 for channel [id: 0x4c9c30ec, L:/127.0.0.1:60072 - R:localhost/127.0.0.1:55048]
12:31:14.880 [Forwarding getPageSource on session 99101a76bcf240b8fb0e7d5c4942e8cf to remote] DEBUG org.asynchttpclient.netty.request.NettyRequestSender - Using pooled Channel '[id: 0x4c9c30ec, L:/127.0.0.1:60072 - R:localhost/127.0.0.1:55048]' for 'POST' to 'http://localhost:55048/session/99101a76bcf240b8fb0e7d5c4942e8cf/execute/sync'
12:31:14.880 [Forwarding getPageSource on session 99101a76bcf240b8fb0e7d5c4942e8cf to remote] DEBUG org.asynchttpclient.netty.request.NettyRequestSender - Using open Channel [id: 0x4c9c30ec, L:/127.0.0.1:60072 - R:localhost/127.0.0.1:55048] for POST '/session/99101a76bcf240b8fb0e7d5c4942e8cf/execute/sync'
12:31:14.883 [AsyncHttpClient-1-17] DEBUG org.asynchttpclient.netty.handler.HttpHandler - 

Request DefaultHttpRequest(decodeResult: success, version: HTTP/1.1)
POST /session/99101a76bcf240b8fb0e7d5c4942e8cf/execute/sync HTTP/1.1
User-Agent: selenium/4.4.0 (java windows)
Content-Length: 176
Content-Type: application/json; charset=utf-8
host: localhost:55048
accept: */*

Response DefaultHttpResponse(decodeResult: success, version: HTTP/1.1)
HTTP/1.1 200 OK
Content-Type: application/json; charset=utf-8
cache-control: no-cache
content-length: 4160

12:31:14.883 [AsyncHttpClient-1-17] DEBUG org.asynchttpclient.netty.channel.ChannelManager - Adding key: http://localhost:55048 for channel [id: 0x4c9c30ec, L:/127.0.0.1:60072 - R:localhost/127.0.0.1:55048]
12:31:14.884 [Forwarding getCurrentUrl on session 99101a76bcf240b8fb0e7d5c4942e8cf to remote] DEBUG org.asynchttpclient.netty.request.NettyRequestSender - Using pooled Channel '[id: 0x4c9c30ec, L:/127.0.0.1:60072 - R:localhost/127.0.0.1:55048]' for 'GET' to 'http://localhost:55048/session/99101a76bcf240b8fb0e7d5c4942e8cf/url'
12:31:14.884 [Forwarding getCurrentUrl on session 99101a76bcf240b8fb0e7d5c4942e8cf to remote] DEBUG org.asynchttpclient.netty.request.NettyRequestSender - Using open Channel [id: 0x4c9c30ec, L:/127.0.0.1:60072 - R:localhost/127.0.0.1:55048] for GET '/session/99101a76bcf240b8fb0e7d5c4942e8cf/url'
12:31:14.886 [AsyncHttpClient-1-17] DEBUG org.asynchttpclient.netty.handler.HttpHandler - 

Request DefaultFullHttpRequest(decodeResult: success, version: HTTP/1.1, content: EmptyByteBufBE)
GET /session/99101a76bcf240b8fb0e7d5c4942e8cf/url HTTP/1.1
User-Agent: selenium/4.4.0 (java windows)
Cache-Control: no-cache
Content-Type: application/json; charset=utf-8
host: localhost:55048
accept: */*

Response DefaultHttpResponse(decodeResult: success, version: HTTP/1.1)
HTTP/1.1 200 OK
Content-Type: application/json; charset=utf-8
cache-control: no-cache
content-length: 38

12:31:14.886 [AsyncHttpClient-1-17] DEBUG org.asynchttpclient.netty.channel.ChannelManager - Adding key: http://localhost:55048 for channel [id: 0x4c9c30ec, L:/127.0.0.1:60072 - R:localhost/127.0.0.1:55048]
12:31:14.888 [Test worker] DEBUG net.thucydides.core.steps.StepInterceptor - STARTING STEP: LoginSteps.elSeAutenticaComoUnUsuario - performAs
12:31:14.902 [Forwarding getCurrentWindowHandle on session 99101a76bcf240b8fb0e7d5c4942e8cf to remote] DEBUG org.asynchttpclient.netty.request.NettyRequestSender - Using pooled Channel '[id: 0x4c9c30ec, L:/127.0.0.1:60072 - R:localhost/127.0.0.1:55048]' for 'GET' to 'http://localhost:55048/session/99101a76bcf240b8fb0e7d5c4942e8cf/window'
12:31:14.902 [Forwarding getCurrentWindowHandle on session 99101a76bcf240b8fb0e7d5c4942e8cf to remote] DEBUG org.asynchttpclient.netty.request.NettyRequestSender - Using open Channel [id: 0x4c9c30ec, L:/127.0.0.1:60072 - R:localhost/127.0.0.1:55048] for GET '/session/99101a76bcf240b8fb0e7d5c4942e8cf/window'
12:31:14.903 [AsyncHttpClient-1-17] DEBUG org.asynchttpclient.netty.handler.HttpHandler - 

Request DefaultFullHttpRequest(decodeResult: success, version: HTTP/1.1, content: EmptyByteBufBE)
GET /session/99101a76bcf240b8fb0e7d5c4942e8cf/window HTTP/1.1
User-Agent: selenium/4.4.0 (java windows)
Cache-Control: no-cache
Content-Type: application/json; charset=utf-8
host: localhost:55048
accept: */*

Response DefaultHttpResponse(decodeResult: success, version: HTTP/1.1)
HTTP/1.1 200 OK
Content-Type: application/json; charset=utf-8
cache-control: no-cache
content-length: 53

12:31:14.903 [AsyncHttpClient-1-17] DEBUG org.asynchttpclient.netty.channel.ChannelManager - Adding key: http://localhost:55048 for channel [id: 0x4c9c30ec, L:/127.0.0.1:60072 - R:localhost/127.0.0.1:55048]
12:31:14.906 [Forwarding getAlertText on session 99101a76bcf240b8fb0e7d5c4942e8cf to remote] DEBUG org.asynchttpclient.netty.request.NettyRequestSender - Using pooled Channel '[id: 0x4c9c30ec, L:/127.0.0.1:60072 - R:localhost/127.0.0.1:55048]' for 'GET' to 'http://localhost:55048/session/99101a76bcf240b8fb0e7d5c4942e8cf/alert/text'
12:31:14.906 [Forwarding getAlertText on session 99101a76bcf240b8fb0e7d5c4942e8cf to remote] DEBUG org.asynchttpclient.netty.request.NettyRequestSender - Using open Channel [id: 0x4c9c30ec, L:/127.0.0.1:60072 - R:localhost/127.0.0.1:55048] for GET '/session/99101a76bcf240b8fb0e7d5c4942e8cf/alert/text'
12:31:14.907 [AsyncHttpClient-1-17] DEBUG org.asynchttpclient.netty.handler.HttpHandler - 

Request DefaultFullHttpRequest(decodeResult: success, version: HTTP/1.1, content: EmptyByteBufBE)
GET /session/99101a76bcf240b8fb0e7d5c4942e8cf/alert/text HTTP/1.1
User-Agent: selenium/4.4.0 (java windows)
Cache-Control: no-cache
Content-Type: application/json; charset=utf-8
host: localhost:55048
accept: */*

Response DefaultHttpResponse(decodeResult: success, version: HTTP/1.1)
HTTP/1.1 404 Not Found
Content-Type: application/json; charset=utf-8
cache-control: no-cache
content-length: 879

12:31:14.907 [AsyncHttpClient-1-17] DEBUG org.asynchttpclient.netty.channel.ChannelManager - Adding key: http://localhost:55048 for channel [id: 0x4c9c30ec, L:/127.0.0.1:60072 - R:localhost/127.0.0.1:55048]
12:31:14.912 [Forwarding switchToWindow on session 99101a76bcf240b8fb0e7d5c4942e8cf to remote] DEBUG org.asynchttpclient.netty.request.NettyRequestSender - Using pooled Channel '[id: 0x4c9c30ec, L:/127.0.0.1:60072 - R:localhost/127.0.0.1:55048]' for 'POST' to 'http://localhost:55048/session/99101a76bcf240b8fb0e7d5c4942e8cf/window'
12:31:14.912 [Forwarding switchToWindow on session 99101a76bcf240b8fb0e7d5c4942e8cf to remote] DEBUG org.asynchttpclient.netty.request.NettyRequestSender - Using open Channel [id: 0x4c9c30ec, L:/127.0.0.1:60072 - R:localhost/127.0.0.1:55048] for POST '/session/99101a76bcf240b8fb0e7d5c4942e8cf/window'
12:31:14.914 [AsyncHttpClient-1-17] DEBUG org.asynchttpclient.netty.handler.HttpHandler - 

Request DefaultHttpRequest(decodeResult: success, version: HTTP/1.1)
POST /session/99101a76bcf240b8fb0e7d5c4942e8cf/window HTTP/1.1
User-Agent: selenium/4.4.0 (java windows)
Content-Length: 59
Content-Type: application/json; charset=utf-8
host: localhost:55048
accept: */*

Response DefaultHttpResponse(decodeResult: success, version: HTTP/1.1)
HTTP/1.1 200 OK
Content-Type: application/json; charset=utf-8
cache-control: no-cache
content-length: 14

12:31:14.914 [AsyncHttpClient-1-17] DEBUG org.asynchttpclient.netty.channel.ChannelManager - Adding key: http://localhost:55048 for channel [id: 0x4c9c30ec, L:/127.0.0.1:60072 - R:localhost/127.0.0.1:55048]
12:31:14.914 [Forwarding getCurrentUrl on session 99101a76bcf240b8fb0e7d5c4942e8cf to remote] DEBUG org.asynchttpclient.netty.request.NettyRequestSender - Using pooled Channel '[id: 0x4c9c30ec, L:/127.0.0.1:60072 - R:localhost/127.0.0.1:55048]' for 'GET' to 'http://localhost:55048/session/99101a76bcf240b8fb0e7d5c4942e8cf/url'
12:31:14.914 [Forwarding getCurrentUrl on session 99101a76bcf240b8fb0e7d5c4942e8cf to remote] DEBUG org.asynchttpclient.netty.request.NettyRequestSender - Using open Channel [id: 0x4c9c30ec, L:/127.0.0.1:60072 - R:localhost/127.0.0.1:55048] for GET '/session/99101a76bcf240b8fb0e7d5c4942e8cf/url'
12:31:14.917 [AsyncHttpClient-1-17] DEBUG org.asynchttpclient.netty.handler.HttpHandler - 

Request DefaultFullHttpRequest(decodeResult: success, version: HTTP/1.1, content: EmptyByteBufBE)
GET /session/99101a76bcf240b8fb0e7d5c4942e8cf/url HTTP/1.1
User-Agent: selenium/4.4.0 (java windows)
Cache-Control: no-cache
Content-Type: application/json; charset=utf-8
host: localhost:55048
accept: */*

Response DefaultHttpResponse(decodeResult: success, version: HTTP/1.1)
HTTP/1.1 200 OK
Content-Type: application/json; charset=utf-8
cache-control: no-cache
content-length: 38

12:31:14.917 [AsyncHttpClient-1-17] DEBUG org.asynchttpclient.netty.channel.ChannelManager - Adding key: http://localhost:55048 for channel [id: 0x4c9c30ec, L:/127.0.0.1:60072 - R:localhost/127.0.0.1:55048]
12:31:14.918 [Forwarding screenshot on session 99101a76bcf240b8fb0e7d5c4942e8cf to remote] DEBUG org.asynchttpclient.netty.request.NettyRequestSender - Using pooled Channel '[id: 0x4c9c30ec, L:/127.0.0.1:60072 - R:localhost/127.0.0.1:55048]' for 'GET' to 'http://localhost:55048/session/99101a76bcf240b8fb0e7d5c4942e8cf/screenshot'
12:31:14.918 [Forwarding screenshot on session 99101a76bcf240b8fb0e7d5c4942e8cf to remote] DEBUG org.asynchttpclient.netty.request.NettyRequestSender - Using open Channel [id: 0x4c9c30ec, L:/127.0.0.1:60072 - R:localhost/127.0.0.1:55048] for GET '/session/99101a76bcf240b8fb0e7d5c4942e8cf/screenshot'
12:31:14.988 [AsyncHttpClient-1-17] DEBUG org.asynchttpclient.netty.handler.HttpHandler - 

Request DefaultFullHttpRequest(decodeResult: success, version: HTTP/1.1, content: EmptyByteBufBE)
GET /session/99101a76bcf240b8fb0e7d5c4942e8cf/screenshot HTTP/1.1
User-Agent: selenium/4.4.0 (java windows)
Cache-Control: no-cache
Content-Type: application/json; charset=utf-8
host: localhost:55048
accept: */*

Response DefaultHttpResponse(decodeResult: success, version: HTTP/1.1)
HTTP/1.1 200 OK
Content-Type: application/json; charset=utf-8
cache-control: no-cache
content-length: 59108

12:31:14.988 [AsyncHttpClient-1-17] DEBUG org.asynchttpclient.netty.channel.ChannelManager - Adding key: http://localhost:55048 for channel [id: 0x4c9c30ec, L:/127.0.0.1:60072 - R:localhost/127.0.0.1:55048]
12:31:14.990 [Test worker] DEBUG net.serenitybdd.core.photography.Darkroom - Send negative for processing for C:\Users\juan.gomezv\IdeaProjects\sura\target\site\serenity\60e3c498caf7a8fcf635471a5092c247627e1395d91e12246eaf1a3e7a34e095.png
12:31:14.993 [Forwarding getPageSource on session 99101a76bcf240b8fb0e7d5c4942e8cf to remote] DEBUG org.asynchttpclient.netty.request.NettyRequestSender - Using pooled Channel '[id: 0x4c9c30ec, L:/127.0.0.1:60072 - R:localhost/127.0.0.1:55048]' for 'POST' to 'http://localhost:55048/session/99101a76bcf240b8fb0e7d5c4942e8cf/execute/sync'
12:31:14.993 [Forwarding getPageSource on session 99101a76bcf240b8fb0e7d5c4942e8cf to remote] DEBUG org.asynchttpclient.netty.request.NettyRequestSender - Using open Channel [id: 0x4c9c30ec, L:/127.0.0.1:60072 - R:localhost/127.0.0.1:55048] for POST '/session/99101a76bcf240b8fb0e7d5c4942e8cf/execute/sync'
12:31:14.997 [AsyncHttpClient-1-17] DEBUG org.asynchttpclient.netty.handler.HttpHandler - 

Request DefaultHttpRequest(decodeResult: success, version: HTTP/1.1)
POST /session/99101a76bcf240b8fb0e7d5c4942e8cf/execute/sync HTTP/1.1
User-Agent: selenium/4.4.0 (java windows)
Content-Length: 176
Content-Type: application/json; charset=utf-8
host: localhost:55048
accept: */*

Response DefaultHttpResponse(decodeResult: success, version: HTTP/1.1)
HTTP/1.1 200 OK
Content-Type: application/json; charset=utf-8
cache-control: no-cache
content-length: 4160

12:31:14.997 [AsyncHttpClient-1-17] DEBUG org.asynchttpclient.netty.channel.ChannelManager - Adding key: http://localhost:55048 for channel [id: 0x4c9c30ec, L:/127.0.0.1:60072 - R:localhost/127.0.0.1:55048]
12:31:14.998 [Forwarding getCurrentUrl on session 99101a76bcf240b8fb0e7d5c4942e8cf to remote] DEBUG org.asynchttpclient.netty.request.NettyRequestSender - Using pooled Channel '[id: 0x4c9c30ec, L:/127.0.0.1:60072 - R:localhost/127.0.0.1:55048]' for 'GET' to 'http://localhost:55048/session/99101a76bcf240b8fb0e7d5c4942e8cf/url'
12:31:14.998 [Forwarding getCurrentUrl on session 99101a76bcf240b8fb0e7d5c4942e8cf to remote] DEBUG org.asynchttpclient.netty.request.NettyRequestSender - Using open Channel [id: 0x4c9c30ec, L:/127.0.0.1:60072 - R:localhost/127.0.0.1:55048] for GET '/session/99101a76bcf240b8fb0e7d5c4942e8cf/url'
12:31:15.001 [AsyncHttpClient-1-17] DEBUG org.asynchttpclient.netty.handler.HttpHandler - 

Request DefaultFullHttpRequest(decodeResult: success, version: HTTP/1.1, content: EmptyByteBufBE)
GET /session/99101a76bcf240b8fb0e7d5c4942e8cf/url HTTP/1.1
User-Agent: selenium/4.4.0 (java windows)
Cache-Control: no-cache
Content-Type: application/json; charset=utf-8
host: localhost:55048
accept: */*

Response DefaultHttpResponse(decodeResult: success, version: HTTP/1.1)
HTTP/1.1 200 OK
Content-Type: application/json; charset=utf-8
cache-control: no-cache
content-length: 38

12:31:15.001 [AsyncHttpClient-1-17] DEBUG org.asynchttpclient.netty.channel.ChannelManager - Adding key: http://localhost:55048 for channel [id: 0x4c9c30ec, L:/127.0.0.1:60072 - R:localhost/127.0.0.1:55048]
12:31:15.002 [Test worker] DEBUG net.thucydides.core.steps.StepInterceptor - STARTING STEP: LogIn.performAs - {0} enters #theTextAsAString into #target
12:31:15.005 [Test worker] DEBUG net.serenitybdd.screenplay.targets.IFrameSwitcher - default content already selected for usernameTextBox
12:31:15.013 [Forwarding findElement on session 99101a76bcf240b8fb0e7d5c4942e8cf to remote] DEBUG org.asynchttpclient.netty.request.NettyRequestSender - Using pooled Channel '[id: 0x4c9c30ec, L:/127.0.0.1:60072 - R:localhost/127.0.0.1:55048]' for 'POST' to 'http://localhost:55048/session/99101a76bcf240b8fb0e7d5c4942e8cf/element'
12:31:15.013 [Forwarding findElement on session 99101a76bcf240b8fb0e7d5c4942e8cf to remote] DEBUG org.asynchttpclient.netty.request.NettyRequestSender - Using open Channel [id: 0x4c9c30ec, L:/127.0.0.1:60072 - R:localhost/127.0.0.1:55048] for POST '/session/99101a76bcf240b8fb0e7d5c4942e8cf/element'
12:31:15.022 [AsyncHttpClient-1-17] DEBUG org.asynchttpclient.netty.handler.HttpHandler - 

Request DefaultHttpRequest(decodeResult: success, version: HTTP/1.1)
POST /session/99101a76bcf240b8fb0e7d5c4942e8cf/element HTTP/1.1
User-Agent: selenium/4.4.0 (java windows)
Content-Length: 67
Content-Type: application/json; charset=utf-8
host: localhost:55048
accept: */*

Response DefaultHttpResponse(decodeResult: success, version: HTTP/1.1)
HTTP/1.1 200 OK
Content-Type: application/json; charset=utf-8
cache-control: no-cache
content-length: 88

12:31:15.022 [AsyncHttpClient-1-17] DEBUG org.asynchttpclient.netty.channel.ChannelManager - Adding key: http://localhost:55048 for channel [id: 0x4c9c30ec, L:/127.0.0.1:60072 - R:localhost/127.0.0.1:55048]
12:31:15.023 [Forwarding clearElement on session 99101a76bcf240b8fb0e7d5c4942e8cf to remote] DEBUG org.asynchttpclient.netty.request.NettyRequestSender - Using pooled Channel '[id: 0x4c9c30ec, L:/127.0.0.1:60072 - R:localhost/127.0.0.1:55048]' for 'POST' to 'http://localhost:55048/session/99101a76bcf240b8fb0e7d5c4942e8cf/element/f5011226-3b4c-4a2e-818a-7ba76acbe3a2/clear'
12:31:15.023 [Forwarding clearElement on session 99101a76bcf240b8fb0e7d5c4942e8cf to remote] DEBUG org.asynchttpclient.netty.request.NettyRequestSender - Using open Channel [id: 0x4c9c30ec, L:/127.0.0.1:60072 - R:localhost/127.0.0.1:55048] for POST '/session/99101a76bcf240b8fb0e7d5c4942e8cf/element/f5011226-3b4c-4a2e-818a-7ba76acbe3a2/clear'
12:31:15.043 [AsyncHttpClient-1-17] DEBUG org.asynchttpclient.netty.handler.HttpHandler - 

Request DefaultHttpRequest(decodeResult: success, version: HTTP/1.1)
POST /session/99101a76bcf240b8fb0e7d5c4942e8cf/element/f5011226-3b4c-4a2e-818a-7ba76acbe3a2/clear HTTP/1.1
User-Agent: selenium/4.4.0 (java windows)
Content-Length: 50
Content-Type: application/json; charset=utf-8
host: localhost:55048
accept: */*

Response DefaultHttpResponse(decodeResult: success, version: HTTP/1.1)
HTTP/1.1 200 OK
Content-Type: application/json; charset=utf-8
cache-control: no-cache
content-length: 14

12:31:15.044 [AsyncHttpClient-1-17] DEBUG org.asynchttpclient.netty.channel.ChannelManager - Adding key: http://localhost:55048 for channel [id: 0x4c9c30ec, L:/127.0.0.1:60072 - R:localhost/127.0.0.1:55048]
12:31:15.047 [Forwarding sendKeysToElement on session 99101a76bcf240b8fb0e7d5c4942e8cf to remote] DEBUG org.asynchttpclient.netty.request.NettyRequestSender - Using pooled Channel '[id: 0x4c9c30ec, L:/127.0.0.1:60072 - R:localhost/127.0.0.1:55048]' for 'POST' to 'http://localhost:55048/session/99101a76bcf240b8fb0e7d5c4942e8cf/element/f5011226-3b4c-4a2e-818a-7ba76acbe3a2/value'
12:31:15.047 [Forwarding sendKeysToElement on session 99101a76bcf240b8fb0e7d5c4942e8cf to remote] DEBUG org.asynchttpclient.netty.request.NettyRequestSender - Using open Channel [id: 0x4c9c30ec, L:/127.0.0.1:60072 - R:localhost/127.0.0.1:55048] for POST '/session/99101a76bcf240b8fb0e7d5c4942e8cf/element/f5011226-3b4c-4a2e-818a-7ba76acbe3a2/value'
12:31:15.088 [AsyncHttpClient-1-17] DEBUG org.asynchttpclient.netty.handler.HttpHandler - 

Request DefaultHttpRequest(decodeResult: success, version: HTTP/1.1)
POST /session/99101a76bcf240b8fb0e7d5c4942e8cf/element/f5011226-3b4c-4a2e-818a-7ba76acbe3a2/value HTTP/1.1
User-Agent: selenium/4.4.0 (java windows)
Content-Length: 151
Content-Type: application/json; charset=utf-8
host: localhost:55048
accept: */*

Response DefaultHttpResponse(decodeResult: success, version: HTTP/1.1)
HTTP/1.1 200 OK
Content-Type: application/json; charset=utf-8
cache-control: no-cache
content-length: 14

12:31:15.088 [AsyncHttpClient-1-17] DEBUG org.asynchttpclient.netty.channel.ChannelManager - Adding key: http://localhost:55048 for channel [id: 0x4c9c30ec, L:/127.0.0.1:60072 - R:localhost/127.0.0.1:55048]
12:31:15.101 [Forwarding getCurrentWindowHandle on session 99101a76bcf240b8fb0e7d5c4942e8cf to remote] DEBUG org.asynchttpclient.netty.request.NettyRequestSender - Using pooled Channel '[id: 0x4c9c30ec, L:/127.0.0.1:60072 - R:localhost/127.0.0.1:55048]' for 'GET' to 'http://localhost:55048/session/99101a76bcf240b8fb0e7d5c4942e8cf/window'
12:31:15.101 [Forwarding getCurrentWindowHandle on session 99101a76bcf240b8fb0e7d5c4942e8cf to remote] DEBUG org.asynchttpclient.netty.request.NettyRequestSender - Using open Channel [id: 0x4c9c30ec, L:/127.0.0.1:60072 - R:localhost/127.0.0.1:55048] for GET '/session/99101a76bcf240b8fb0e7d5c4942e8cf/window'
12:31:15.102 [AsyncHttpClient-1-17] DEBUG org.asynchttpclient.netty.handler.HttpHandler - 

Request DefaultFullHttpRequest(decodeResult: success, version: HTTP/1.1, content: EmptyByteBufBE)
GET /session/99101a76bcf240b8fb0e7d5c4942e8cf/window HTTP/1.1
User-Agent: selenium/4.4.0 (java windows)
Cache-Control: no-cache
Content-Type: application/json; charset=utf-8
host: localhost:55048
accept: */*

Response DefaultHttpResponse(decodeResult: success, version: HTTP/1.1)
HTTP/1.1 200 OK
Content-Type: application/json; charset=utf-8
cache-control: no-cache
content-length: 53

12:31:15.102 [AsyncHttpClient-1-17] DEBUG org.asynchttpclient.netty.channel.ChannelManager - Adding key: http://localhost:55048 for channel [id: 0x4c9c30ec, L:/127.0.0.1:60072 - R:localhost/127.0.0.1:55048]
12:31:15.105 [Forwarding getAlertText on session 99101a76bcf240b8fb0e7d5c4942e8cf to remote] DEBUG org.asynchttpclient.netty.request.NettyRequestSender - Using pooled Channel '[id: 0x4c9c30ec, L:/127.0.0.1:60072 - R:localhost/127.0.0.1:55048]' for 'GET' to 'http://localhost:55048/session/99101a76bcf240b8fb0e7d5c4942e8cf/alert/text'
12:31:15.105 [Forwarding getAlertText on session 99101a76bcf240b8fb0e7d5c4942e8cf to remote] DEBUG org.asynchttpclient.netty.request.NettyRequestSender - Using open Channel [id: 0x4c9c30ec, L:/127.0.0.1:60072 - R:localhost/127.0.0.1:55048] for GET '/session/99101a76bcf240b8fb0e7d5c4942e8cf/alert/text'
12:31:15.106 [AsyncHttpClient-1-17] DEBUG org.asynchttpclient.netty.handler.HttpHandler - 

Request DefaultFullHttpRequest(decodeResult: success, version: HTTP/1.1, content: EmptyByteBufBE)
GET /session/99101a76bcf240b8fb0e7d5c4942e8cf/alert/text HTTP/1.1
User-Agent: selenium/4.4.0 (java windows)
Cache-Control: no-cache
Content-Type: application/json; charset=utf-8
host: localhost:55048
accept: */*

Response DefaultHttpResponse(decodeResult: success, version: HTTP/1.1)
HTTP/1.1 404 Not Found
Content-Type: application/json; charset=utf-8
cache-control: no-cache
content-length: 879

12:31:15.106 [AsyncHttpClient-1-17] DEBUG org.asynchttpclient.netty.channel.ChannelManager - Adding key: http://localhost:55048 for channel [id: 0x4c9c30ec, L:/127.0.0.1:60072 - R:localhost/127.0.0.1:55048]
12:31:15.109 [Forwarding switchToWindow on session 99101a76bcf240b8fb0e7d5c4942e8cf to remote] DEBUG org.asynchttpclient.netty.request.NettyRequestSender - Using pooled Channel '[id: 0x4c9c30ec, L:/127.0.0.1:60072 - R:localhost/127.0.0.1:55048]' for 'POST' to 'http://localhost:55048/session/99101a76bcf240b8fb0e7d5c4942e8cf/window'
12:31:15.109 [Forwarding switchToWindow on session 99101a76bcf240b8fb0e7d5c4942e8cf to remote] DEBUG org.asynchttpclient.netty.request.NettyRequestSender - Using open Channel [id: 0x4c9c30ec, L:/127.0.0.1:60072 - R:localhost/127.0.0.1:55048] for POST '/session/99101a76bcf240b8fb0e7d5c4942e8cf/window'
12:31:15.111 [AsyncHttpClient-1-17] DEBUG org.asynchttpclient.netty.handler.HttpHandler - 

Request DefaultHttpRequest(decodeResult: success, version: HTTP/1.1)
POST /session/99101a76bcf240b8fb0e7d5c4942e8cf/window HTTP/1.1
User-Agent: selenium/4.4.0 (java windows)
Content-Length: 59
Content-Type: application/json; charset=utf-8
host: localhost:55048
accept: */*

Response DefaultHttpResponse(decodeResult: success, version: HTTP/1.1)
HTTP/1.1 200 OK
Content-Type: application/json; charset=utf-8
cache-control: no-cache
content-length: 14

12:31:15.111 [AsyncHttpClient-1-17] DEBUG org.asynchttpclient.netty.channel.ChannelManager - Adding key: http://localhost:55048 for channel [id: 0x4c9c30ec, L:/127.0.0.1:60072 - R:localhost/127.0.0.1:55048]
12:31:15.112 [Forwarding getCurrentUrl on session 99101a76bcf240b8fb0e7d5c4942e8cf to remote] DEBUG org.asynchttpclient.netty.request.NettyRequestSender - Using pooled Channel '[id: 0x4c9c30ec, L:/127.0.0.1:60072 - R:localhost/127.0.0.1:55048]' for 'GET' to 'http://localhost:55048/session/99101a76bcf240b8fb0e7d5c4942e8cf/url'
12:31:15.112 [Forwarding getCurrentUrl on session 99101a76bcf240b8fb0e7d5c4942e8cf to remote] DEBUG org.asynchttpclient.netty.request.NettyRequestSender - Using open Channel [id: 0x4c9c30ec, L:/127.0.0.1:60072 - R:localhost/127.0.0.1:55048] for GET '/session/99101a76bcf240b8fb0e7d5c4942e8cf/url'
12:31:15.115 [AsyncHttpClient-1-17] DEBUG org.asynchttpclient.netty.handler.HttpHandler - 

Request DefaultFullHttpRequest(decodeResult: success, version: HTTP/1.1, content: EmptyByteBufBE)
GET /session/99101a76bcf240b8fb0e7d5c4942e8cf/url HTTP/1.1
User-Agent: selenium/4.4.0 (java windows)
Cache-Control: no-cache
Content-Type: application/json; charset=utf-8
host: localhost:55048
accept: */*

Response DefaultHttpResponse(decodeResult: success, version: HTTP/1.1)
HTTP/1.1 200 OK
Content-Type: application/json; charset=utf-8
cache-control: no-cache
content-length: 38

12:31:15.115 [AsyncHttpClient-1-17] DEBUG org.asynchttpclient.netty.channel.ChannelManager - Adding key: http://localhost:55048 for channel [id: 0x4c9c30ec, L:/127.0.0.1:60072 - R:localhost/127.0.0.1:55048]
12:31:15.115 [Forwarding screenshot on session 99101a76bcf240b8fb0e7d5c4942e8cf to remote] DEBUG org.asynchttpclient.netty.request.NettyRequestSender - Using pooled Channel '[id: 0x4c9c30ec, L:/127.0.0.1:60072 - R:localhost/127.0.0.1:55048]' for 'GET' to 'http://localhost:55048/session/99101a76bcf240b8fb0e7d5c4942e8cf/screenshot'
12:31:15.115 [Forwarding screenshot on session 99101a76bcf240b8fb0e7d5c4942e8cf to remote] DEBUG org.asynchttpclient.netty.request.NettyRequestSender - Using open Channel [id: 0x4c9c30ec, L:/127.0.0.1:60072 - R:localhost/127.0.0.1:55048] for GET '/session/99101a76bcf240b8fb0e7d5c4942e8cf/screenshot'
12:31:15.154 [AsyncHttpClient-1-1] DEBUG org.asynchttpclient.netty.channel.DefaultChannelPool - Entry count for : http://localhost:60073 : 1
12:31:15.203 [AsyncHttpClient-1-17] DEBUG org.asynchttpclient.netty.handler.HttpHandler - 

Request DefaultFullHttpRequest(decodeResult: success, version: HTTP/1.1, content: EmptyByteBufBE)
GET /session/99101a76bcf240b8fb0e7d5c4942e8cf/screenshot HTTP/1.1
User-Agent: selenium/4.4.0 (java windows)
Cache-Control: no-cache
Content-Type: application/json; charset=utf-8
host: localhost:55048
accept: */*

Response DefaultHttpResponse(decodeResult: success, version: HTTP/1.1)
HTTP/1.1 200 OK
Content-Type: application/json; charset=utf-8
cache-control: no-cache
content-length: 58960

12:31:15.203 [AsyncHttpClient-1-17] DEBUG org.asynchttpclient.netty.channel.ChannelManager - Adding key: http://localhost:55048 for channel [id: 0x4c9c30ec, L:/127.0.0.1:60072 - R:localhost/127.0.0.1:55048]
12:31:15.205 [Test worker] DEBUG net.serenitybdd.core.photography.Darkroom - Send negative for processing for C:\Users\juan.gomezv\IdeaProjects\sura\target\site\serenity\3e1eaa31776a2bdbe51fba415151c0175f31e3887748787d5277a6f82394f205.png
12:31:15.205 [Test worker] DEBUG net.thucydides.core.steps.StepInterceptor - STEP DONE: {0} enters #theTextAsAString into #target
12:31:15.213 [Forwarding getPageSource on session 99101a76bcf240b8fb0e7d5c4942e8cf to remote] DEBUG org.asynchttpclient.netty.request.NettyRequestSender - Using pooled Channel '[id: 0x4c9c30ec, L:/127.0.0.1:60072 - R:localhost/127.0.0.1:55048]' for 'POST' to 'http://localhost:55048/session/99101a76bcf240b8fb0e7d5c4942e8cf/execute/sync'
12:31:15.213 [Forwarding getPageSource on session 99101a76bcf240b8fb0e7d5c4942e8cf to remote] DEBUG org.asynchttpclient.netty.request.NettyRequestSender - Using open Channel [id: 0x4c9c30ec, L:/127.0.0.1:60072 - R:localhost/127.0.0.1:55048] for POST '/session/99101a76bcf240b8fb0e7d5c4942e8cf/execute/sync'
12:31:15.217 [AsyncHttpClient-1-17] DEBUG org.asynchttpclient.netty.handler.HttpHandler - 

Request DefaultHttpRequest(decodeResult: success, version: HTTP/1.1)
POST /session/99101a76bcf240b8fb0e7d5c4942e8cf/execute/sync HTTP/1.1
User-Agent: selenium/4.4.0 (java windows)
Content-Length: 176
Content-Type: application/json; charset=utf-8
host: localhost:55048
accept: */*

Response DefaultHttpResponse(decodeResult: success, version: HTTP/1.1)
HTTP/1.1 200 OK
Content-Type: application/json; charset=utf-8
cache-control: no-cache
content-length: 4167

12:31:15.217 [AsyncHttpClient-1-17] DEBUG org.asynchttpclient.netty.channel.ChannelManager - Adding key: http://localhost:55048 for channel [id: 0x4c9c30ec, L:/127.0.0.1:60072 - R:localhost/127.0.0.1:55048]
12:31:15.219 [Forwarding getCurrentUrl on session 99101a76bcf240b8fb0e7d5c4942e8cf to remote] DEBUG org.asynchttpclient.netty.request.NettyRequestSender - Using pooled Channel '[id: 0x4c9c30ec, L:/127.0.0.1:60072 - R:localhost/127.0.0.1:55048]' for 'GET' to 'http://localhost:55048/session/99101a76bcf240b8fb0e7d5c4942e8cf/url'
12:31:15.219 [Forwarding getCurrentUrl on session 99101a76bcf240b8fb0e7d5c4942e8cf to remote] DEBUG org.asynchttpclient.netty.request.NettyRequestSender - Using open Channel [id: 0x4c9c30ec, L:/127.0.0.1:60072 - R:localhost/127.0.0.1:55048] for GET '/session/99101a76bcf240b8fb0e7d5c4942e8cf/url'
12:31:15.222 [AsyncHttpClient-1-17] DEBUG org.asynchttpclient.netty.handler.HttpHandler - 

Request DefaultFullHttpRequest(decodeResult: success, version: HTTP/1.1, content: EmptyByteBufBE)
GET /session/99101a76bcf240b8fb0e7d5c4942e8cf/url HTTP/1.1
User-Agent: selenium/4.4.0 (java windows)
Cache-Control: no-cache
Content-Type: application/json; charset=utf-8
host: localhost:55048
accept: */*

Response DefaultHttpResponse(decodeResult: success, version: HTTP/1.1)
HTTP/1.1 200 OK
Content-Type: application/json; charset=utf-8
cache-control: no-cache
content-length: 38

12:31:15.222 [AsyncHttpClient-1-17] DEBUG org.asynchttpclient.netty.channel.ChannelManager - Adding key: http://localhost:55048 for channel [id: 0x4c9c30ec, L:/127.0.0.1:60072 - R:localhost/127.0.0.1:55048]
12:31:15.223 [Test worker] DEBUG net.thucydides.core.steps.StepInterceptor - STARTING STEP: LogIn.performAs - {0} enters #theTextAsAString into #target
12:31:15.226 [Test worker] DEBUG net.serenitybdd.screenplay.targets.IFrameSwitcher - default content already selected for passwordTextBox
12:31:15.234 [Forwarding findElement on session 99101a76bcf240b8fb0e7d5c4942e8cf to remote] DEBUG org.asynchttpclient.netty.request.NettyRequestSender - Using pooled Channel '[id: 0x4c9c30ec, L:/127.0.0.1:60072 - R:localhost/127.0.0.1:55048]' for 'POST' to 'http://localhost:55048/session/99101a76bcf240b8fb0e7d5c4942e8cf/element'
12:31:15.234 [Forwarding findElement on session 99101a76bcf240b8fb0e7d5c4942e8cf to remote] DEBUG org.asynchttpclient.netty.request.NettyRequestSender - Using open Channel [id: 0x4c9c30ec, L:/127.0.0.1:60072 - R:localhost/127.0.0.1:55048] for POST '/session/99101a76bcf240b8fb0e7d5c4942e8cf/element'
12:31:15.242 [AsyncHttpClient-1-17] DEBUG org.asynchttpclient.netty.handler.HttpHandler - 

Request DefaultHttpRequest(decodeResult: success, version: HTTP/1.1)
POST /session/99101a76bcf240b8fb0e7d5c4942e8cf/element HTTP/1.1
User-Agent: selenium/4.4.0 (java windows)
Content-Length: 66
Content-Type: application/json; charset=utf-8
host: localhost:55048
accept: */*

Response DefaultHttpResponse(decodeResult: success, version: HTTP/1.1)
HTTP/1.1 200 OK
Content-Type: application/json; charset=utf-8
cache-control: no-cache
content-length: 88

12:31:15.242 [AsyncHttpClient-1-17] DEBUG org.asynchttpclient.netty.channel.ChannelManager - Adding key: http://localhost:55048 for channel [id: 0x4c9c30ec, L:/127.0.0.1:60072 - R:localhost/127.0.0.1:55048]
12:31:15.243 [Forwarding clearElement on session 99101a76bcf240b8fb0e7d5c4942e8cf to remote] DEBUG org.asynchttpclient.netty.request.NettyRequestSender - Using pooled Channel '[id: 0x4c9c30ec, L:/127.0.0.1:60072 - R:localhost/127.0.0.1:55048]' for 'POST' to 'http://localhost:55048/session/99101a76bcf240b8fb0e7d5c4942e8cf/element/590b1d87-3f71-4c26-a7ed-45932ad2cabf/clear'
12:31:15.243 [Forwarding clearElement on session 99101a76bcf240b8fb0e7d5c4942e8cf to remote] DEBUG org.asynchttpclient.netty.request.NettyRequestSender - Using open Channel [id: 0x4c9c30ec, L:/127.0.0.1:60072 - R:localhost/127.0.0.1:55048] for POST '/session/99101a76bcf240b8fb0e7d5c4942e8cf/element/590b1d87-3f71-4c26-a7ed-45932ad2cabf/clear'
12:31:15.266 [AsyncHttpClient-1-17] DEBUG org.asynchttpclient.netty.handler.HttpHandler - 

Request DefaultHttpRequest(decodeResult: success, version: HTTP/1.1)
POST /session/99101a76bcf240b8fb0e7d5c4942e8cf/element/590b1d87-3f71-4c26-a7ed-45932ad2cabf/clear HTTP/1.1
User-Agent: selenium/4.4.0 (java windows)
Content-Length: 50
Content-Type: application/json; charset=utf-8
host: localhost:55048
accept: */*

Response DefaultHttpResponse(decodeResult: success, version: HTTP/1.1)
HTTP/1.1 200 OK
Content-Type: application/json; charset=utf-8
cache-control: no-cache
content-length: 14

12:31:15.266 [AsyncHttpClient-1-17] DEBUG org.asynchttpclient.netty.channel.ChannelManager - Adding key: http://localhost:55048 for channel [id: 0x4c9c30ec, L:/127.0.0.1:60072 - R:localhost/127.0.0.1:55048]
12:31:15.270 [Forwarding sendKeysToElement on session 99101a76bcf240b8fb0e7d5c4942e8cf to remote] DEBUG org.asynchttpclient.netty.request.NettyRequestSender - Using pooled Channel '[id: 0x4c9c30ec, L:/127.0.0.1:60072 - R:localhost/127.0.0.1:55048]' for 'POST' to 'http://localhost:55048/session/99101a76bcf240b8fb0e7d5c4942e8cf/element/590b1d87-3f71-4c26-a7ed-45932ad2cabf/value'
12:31:15.270 [Forwarding sendKeysToElement on session 99101a76bcf240b8fb0e7d5c4942e8cf to remote] DEBUG org.asynchttpclient.netty.request.NettyRequestSender - Using open Channel [id: 0x4c9c30ec, L:/127.0.0.1:60072 - R:localhost/127.0.0.1:55048] for POST '/session/99101a76bcf240b8fb0e7d5c4942e8cf/element/590b1d87-3f71-4c26-a7ed-45932ad2cabf/value'
12:31:15.295 [AsyncHttpClient-1-17] DEBUG org.asynchttpclient.netty.handler.HttpHandler - 

Request DefaultHttpRequest(decodeResult: success, version: HTTP/1.1)
POST /session/99101a76bcf240b8fb0e7d5c4942e8cf/element/590b1d87-3f71-4c26-a7ed-45932ad2cabf/value HTTP/1.1
User-Agent: selenium/4.4.0 (java windows)
Content-Length: 82
Content-Type: application/json; charset=utf-8
host: localhost:55048
accept: */*

Response DefaultHttpResponse(decodeResult: success, version: HTTP/1.1)
HTTP/1.1 200 OK
Content-Type: application/json; charset=utf-8
cache-control: no-cache
content-length: 14

12:31:15.295 [AsyncHttpClient-1-17] DEBUG org.asynchttpclient.netty.channel.ChannelManager - Adding key: http://localhost:55048 for channel [id: 0x4c9c30ec, L:/127.0.0.1:60072 - R:localhost/127.0.0.1:55048]
12:31:15.308 [Forwarding getCurrentWindowHandle on session 99101a76bcf240b8fb0e7d5c4942e8cf to remote] DEBUG org.asynchttpclient.netty.request.NettyRequestSender - Using pooled Channel '[id: 0x4c9c30ec, L:/127.0.0.1:60072 - R:localhost/127.0.0.1:55048]' for 'GET' to 'http://localhost:55048/session/99101a76bcf240b8fb0e7d5c4942e8cf/window'
12:31:15.308 [Forwarding getCurrentWindowHandle on session 99101a76bcf240b8fb0e7d5c4942e8cf to remote] DEBUG org.asynchttpclient.netty.request.NettyRequestSender - Using open Channel [id: 0x4c9c30ec, L:/127.0.0.1:60072 - R:localhost/127.0.0.1:55048] for GET '/session/99101a76bcf240b8fb0e7d5c4942e8cf/window'
12:31:15.309 [AsyncHttpClient-1-17] DEBUG org.asynchttpclient.netty.handler.HttpHandler - 

Request DefaultFullHttpRequest(decodeResult: success, version: HTTP/1.1, content: EmptyByteBufBE)
GET /session/99101a76bcf240b8fb0e7d5c4942e8cf/window HTTP/1.1
User-Agent: selenium/4.4.0 (java windows)
Cache-Control: no-cache
Content-Type: application/json; charset=utf-8
host: localhost:55048
accept: */*

Response DefaultHttpResponse(decodeResult: success, version: HTTP/1.1)
HTTP/1.1 200 OK
Content-Type: application/json; charset=utf-8
cache-control: no-cache
content-length: 53

12:31:15.309 [AsyncHttpClient-1-17] DEBUG org.asynchttpclient.netty.channel.ChannelManager - Adding key: http://localhost:55048 for channel [id: 0x4c9c30ec, L:/127.0.0.1:60072 - R:localhost/127.0.0.1:55048]
12:31:15.311 [Forwarding getAlertText on session 99101a76bcf240b8fb0e7d5c4942e8cf to remote] DEBUG org.asynchttpclient.netty.request.NettyRequestSender - Using pooled Channel '[id: 0x4c9c30ec, L:/127.0.0.1:60072 - R:localhost/127.0.0.1:55048]' for 'GET' to 'http://localhost:55048/session/99101a76bcf240b8fb0e7d5c4942e8cf/alert/text'
12:31:15.311 [Forwarding getAlertText on session 99101a76bcf240b8fb0e7d5c4942e8cf to remote] DEBUG org.asynchttpclient.netty.request.NettyRequestSender - Using open Channel [id: 0x4c9c30ec, L:/127.0.0.1:60072 - R:localhost/127.0.0.1:55048] for GET '/session/99101a76bcf240b8fb0e7d5c4942e8cf/alert/text'
12:31:15.313 [AsyncHttpClient-1-17] DEBUG org.asynchttpclient.netty.handler.HttpHandler - 

Request DefaultFullHttpRequest(decodeResult: success, version: HTTP/1.1, content: EmptyByteBufBE)
GET /session/99101a76bcf240b8fb0e7d5c4942e8cf/alert/text HTTP/1.1
User-Agent: selenium/4.4.0 (java windows)
Cache-Control: no-cache
Content-Type: application/json; charset=utf-8
host: localhost:55048
accept: */*

Response DefaultHttpResponse(decodeResult: success, version: HTTP/1.1)
HTTP/1.1 404 Not Found
Content-Type: application/json; charset=utf-8
cache-control: no-cache
content-length: 879

12:31:15.313 [AsyncHttpClient-1-17] DEBUG org.asynchttpclient.netty.channel.ChannelManager - Adding key: http://localhost:55048 for channel [id: 0x4c9c30ec, L:/127.0.0.1:60072 - R:localhost/127.0.0.1:55048]
12:31:15.316 [Forwarding switchToWindow on session 99101a76bcf240b8fb0e7d5c4942e8cf to remote] DEBUG org.asynchttpclient.netty.request.NettyRequestSender - Using pooled Channel '[id: 0x4c9c30ec, L:/127.0.0.1:60072 - R:localhost/127.0.0.1:55048]' for 'POST' to 'http://localhost:55048/session/99101a76bcf240b8fb0e7d5c4942e8cf/window'
12:31:15.316 [Forwarding switchToWindow on session 99101a76bcf240b8fb0e7d5c4942e8cf to remote] DEBUG org.asynchttpclient.netty.request.NettyRequestSender - Using open Channel [id: 0x4c9c30ec, L:/127.0.0.1:60072 - R:localhost/127.0.0.1:55048] for POST '/session/99101a76bcf240b8fb0e7d5c4942e8cf/window'
12:31:15.319 [AsyncHttpClient-1-17] DEBUG org.asynchttpclient.netty.handler.HttpHandler - 

Request DefaultHttpRequest(decodeResult: success, version: HTTP/1.1)
POST /session/99101a76bcf240b8fb0e7d5c4942e8cf/window HTTP/1.1
User-Agent: selenium/4.4.0 (java windows)
Content-Length: 59
Content-Type: application/json; charset=utf-8
host: localhost:55048
accept: */*

Response DefaultHttpResponse(decodeResult: success, version: HTTP/1.1)
HTTP/1.1 200 OK
Content-Type: application/json; charset=utf-8
cache-control: no-cache
content-length: 14

12:31:15.319 [AsyncHttpClient-1-17] DEBUG org.asynchttpclient.netty.channel.ChannelManager - Adding key: http://localhost:55048 for channel [id: 0x4c9c30ec, L:/127.0.0.1:60072 - R:localhost/127.0.0.1:55048]
12:31:15.319 [Forwarding getCurrentUrl on session 99101a76bcf240b8fb0e7d5c4942e8cf to remote] DEBUG org.asynchttpclient.netty.request.NettyRequestSender - Using pooled Channel '[id: 0x4c9c30ec, L:/127.0.0.1:60072 - R:localhost/127.0.0.1:55048]' for 'GET' to 'http://localhost:55048/session/99101a76bcf240b8fb0e7d5c4942e8cf/url'
12:31:15.320 [Forwarding getCurrentUrl on session 99101a76bcf240b8fb0e7d5c4942e8cf to remote] DEBUG org.asynchttpclient.netty.request.NettyRequestSender - Using open Channel [id: 0x4c9c30ec, L:/127.0.0.1:60072 - R:localhost/127.0.0.1:55048] for GET '/session/99101a76bcf240b8fb0e7d5c4942e8cf/url'
12:31:15.322 [AsyncHttpClient-1-17] DEBUG org.asynchttpclient.netty.handler.HttpHandler - 

Request DefaultFullHttpRequest(decodeResult: success, version: HTTP/1.1, content: EmptyByteBufBE)
GET /session/99101a76bcf240b8fb0e7d5c4942e8cf/url HTTP/1.1
User-Agent: selenium/4.4.0 (java windows)
Cache-Control: no-cache
Content-Type: application/json; charset=utf-8
host: localhost:55048
accept: */*

Response DefaultHttpResponse(decodeResult: success, version: HTTP/1.1)
HTTP/1.1 200 OK
Content-Type: application/json; charset=utf-8
cache-control: no-cache
content-length: 38

12:31:15.322 [AsyncHttpClient-1-17] DEBUG org.asynchttpclient.netty.channel.ChannelManager - Adding key: http://localhost:55048 for channel [id: 0x4c9c30ec, L:/127.0.0.1:60072 - R:localhost/127.0.0.1:55048]
12:31:15.323 [Forwarding screenshot on session 99101a76bcf240b8fb0e7d5c4942e8cf to remote] DEBUG org.asynchttpclient.netty.request.NettyRequestSender - Using pooled Channel '[id: 0x4c9c30ec, L:/127.0.0.1:60072 - R:localhost/127.0.0.1:55048]' for 'GET' to 'http://localhost:55048/session/99101a76bcf240b8fb0e7d5c4942e8cf/screenshot'
12:31:15.323 [Forwarding screenshot on session 99101a76bcf240b8fb0e7d5c4942e8cf to remote] DEBUG org.asynchttpclient.netty.request.NettyRequestSender - Using open Channel [id: 0x4c9c30ec, L:/127.0.0.1:60072 - R:localhost/127.0.0.1:55048] for GET '/session/99101a76bcf240b8fb0e7d5c4942e8cf/screenshot'
12:31:15.401 [AsyncHttpClient-1-17] DEBUG org.asynchttpclient.netty.handler.HttpHandler - 

Request DefaultFullHttpRequest(decodeResult: success, version: HTTP/1.1, content: EmptyByteBufBE)
GET /session/99101a76bcf240b8fb0e7d5c4942e8cf/screenshot HTTP/1.1
User-Agent: selenium/4.4.0 (java windows)
Cache-Control: no-cache
Content-Type: application/json; charset=utf-8
host: localhost:55048
accept: */*

Response DefaultHttpResponse(decodeResult: success, version: HTTP/1.1)
HTTP/1.1 200 OK
Content-Type: application/json; charset=utf-8
cache-control: no-cache
content-length: 58956

12:31:15.401 [AsyncHttpClient-1-17] DEBUG org.asynchttpclient.netty.channel.ChannelManager - Adding key: http://localhost:55048 for channel [id: 0x4c9c30ec, L:/127.0.0.1:60072 - R:localhost/127.0.0.1:55048]
12:31:15.403 [Test worker] DEBUG net.serenitybdd.core.photography.Darkroom - Send negative for processing for C:\Users\juan.gomezv\IdeaProjects\sura\target\site\serenity\70587c245357053c558fb6ae5624b6ab62500f84f95ffb9ff0276e8c3ef939da.png
12:31:15.403 [Test worker] DEBUG net.thucydides.core.steps.StepInterceptor - STEP DONE: {0} enters #theTextAsAString into #target
12:31:15.403 [Darkroom Processing Line] DEBUG net.serenitybdd.core.photography.DarkroomProcessingLine - Processing screenshot image in /var/screenshots/screenshot-7847053513741691367
12:31:15.403 [Darkroom Processing Line] DEBUG net.serenitybdd.core.photography.DarkroomProcessingLine - Saving screenshot to C:\Users\juan.gomezv\IdeaProjects\sura\target\site\serenity\70587c245357053c558fb6ae5624b6ab62500f84f95ffb9ff0276e8c3ef939da.png
12:31:15.411 [Forwarding getPageSource on session 99101a76bcf240b8fb0e7d5c4942e8cf to remote] DEBUG org.asynchttpclient.netty.request.NettyRequestSender - Using pooled Channel '[id: 0x4c9c30ec, L:/127.0.0.1:60072 - R:localhost/127.0.0.1:55048]' for 'POST' to 'http://localhost:55048/session/99101a76bcf240b8fb0e7d5c4942e8cf/execute/sync'
12:31:15.412 [Forwarding getPageSource on session 99101a76bcf240b8fb0e7d5c4942e8cf to remote] DEBUG org.asynchttpclient.netty.request.NettyRequestSender - Using open Channel [id: 0x4c9c30ec, L:/127.0.0.1:60072 - R:localhost/127.0.0.1:55048] for POST '/session/99101a76bcf240b8fb0e7d5c4942e8cf/execute/sync'
12:31:15.416 [AsyncHttpClient-1-17] DEBUG org.asynchttpclient.netty.handler.HttpHandler - 

Request DefaultHttpRequest(decodeResult: success, version: HTTP/1.1)
POST /session/99101a76bcf240b8fb0e7d5c4942e8cf/execute/sync HTTP/1.1
User-Agent: selenium/4.4.0 (java windows)
Content-Length: 176
Content-Type: application/json; charset=utf-8
host: localhost:55048
accept: */*

Response DefaultHttpResponse(decodeResult: success, version: HTTP/1.1)
HTTP/1.1 200 OK
Content-Type: application/json; charset=utf-8
cache-control: no-cache
content-length: 4167

12:31:15.416 [AsyncHttpClient-1-17] DEBUG org.asynchttpclient.netty.channel.ChannelManager - Adding key: http://localhost:55048 for channel [id: 0x4c9c30ec, L:/127.0.0.1:60072 - R:localhost/127.0.0.1:55048]
12:31:15.417 [Forwarding getCurrentUrl on session 99101a76bcf240b8fb0e7d5c4942e8cf to remote] DEBUG org.asynchttpclient.netty.request.NettyRequestSender - Using pooled Channel '[id: 0x4c9c30ec, L:/127.0.0.1:60072 - R:localhost/127.0.0.1:55048]' for 'GET' to 'http://localhost:55048/session/99101a76bcf240b8fb0e7d5c4942e8cf/url'
12:31:15.417 [Forwarding getCurrentUrl on session 99101a76bcf240b8fb0e7d5c4942e8cf to remote] DEBUG org.asynchttpclient.netty.request.NettyRequestSender - Using open Channel [id: 0x4c9c30ec, L:/127.0.0.1:60072 - R:localhost/127.0.0.1:55048] for GET '/session/99101a76bcf240b8fb0e7d5c4942e8cf/url'
12:31:15.421 [AsyncHttpClient-1-17] DEBUG org.asynchttpclient.netty.handler.HttpHandler - 

Request DefaultFullHttpRequest(decodeResult: success, version: HTTP/1.1, content: EmptyByteBufBE)
GET /session/99101a76bcf240b8fb0e7d5c4942e8cf/url HTTP/1.1
User-Agent: selenium/4.4.0 (java windows)
Cache-Control: no-cache
Content-Type: application/json; charset=utf-8
host: localhost:55048
accept: */*

Response DefaultHttpResponse(decodeResult: success, version: HTTP/1.1)
HTTP/1.1 200 OK
Content-Type: application/json; charset=utf-8
cache-control: no-cache
content-length: 38

12:31:15.421 [AsyncHttpClient-1-17] DEBUG org.asynchttpclient.netty.channel.ChannelManager - Adding key: http://localhost:55048 for channel [id: 0x4c9c30ec, L:/127.0.0.1:60072 - R:localhost/127.0.0.1:55048]
12:31:15.422 [Test worker] DEBUG net.thucydides.core.steps.StepInterceptor - STARTING STEP: LogIn.performAs - {0} clicks on #target
12:31:15.422 [Test worker] DEBUG net.serenitybdd.screenplay.targets.IFrameSwitcher - default content already selected for logIn Button
12:31:15.439 [Forwarding findElement on session 99101a76bcf240b8fb0e7d5c4942e8cf to remote] DEBUG org.asynchttpclient.netty.request.NettyRequestSender - Using pooled Channel '[id: 0x4c9c30ec, L:/127.0.0.1:60072 - R:localhost/127.0.0.1:55048]' for 'POST' to 'http://localhost:55048/session/99101a76bcf240b8fb0e7d5c4942e8cf/element'
12:31:15.439 [Forwarding findElement on session 99101a76bcf240b8fb0e7d5c4942e8cf to remote] DEBUG org.asynchttpclient.netty.request.NettyRequestSender - Using open Channel [id: 0x4c9c30ec, L:/127.0.0.1:60072 - R:localhost/127.0.0.1:55048] for POST '/session/99101a76bcf240b8fb0e7d5c4942e8cf/element'
12:31:15.451 [AsyncHttpClient-1-17] DEBUG org.asynchttpclient.netty.handler.HttpHandler - 

Request DefaultHttpRequest(decodeResult: success, version: HTTP/1.1)
POST /session/99101a76bcf240b8fb0e7d5c4942e8cf/element HTTP/1.1
User-Agent: selenium/4.4.0 (java windows)
Content-Length: 70
Content-Type: application/json; charset=utf-8
host: localhost:55048
accept: */*

Response DefaultHttpResponse(decodeResult: success, version: HTTP/1.1)
HTTP/1.1 200 OK
Content-Type: application/json; charset=utf-8
cache-control: no-cache
content-length: 88

12:31:15.452 [AsyncHttpClient-1-17] DEBUG org.asynchttpclient.netty.channel.ChannelManager - Adding key: http://localhost:55048 for channel [id: 0x4c9c30ec, L:/127.0.0.1:60072 - R:localhost/127.0.0.1:55048]
12:31:15.457 [Forwarding isElementDisplayed on session 99101a76bcf240b8fb0e7d5c4942e8cf to remote] DEBUG org.asynchttpclient.netty.request.NettyRequestSender - Using pooled Channel '[id: 0x4c9c30ec, L:/127.0.0.1:60072 - R:localhost/127.0.0.1:55048]' for 'POST' to 'http://localhost:55048/session/99101a76bcf240b8fb0e7d5c4942e8cf/execute/sync'
12:31:15.457 [Forwarding isElementDisplayed on session 99101a76bcf240b8fb0e7d5c4942e8cf to remote] DEBUG org.asynchttpclient.netty.request.NettyRequestSender - Using open Channel [id: 0x4c9c30ec, L:/127.0.0.1:60072 - R:localhost/127.0.0.1:55048] for POST '/session/99101a76bcf240b8fb0e7d5c4942e8cf/execute/sync'
12:31:15.466 [AsyncHttpClient-1-17] DEBUG org.asynchttpclient.netty.handler.HttpHandler - 

Request DefaultHttpRequest(decodeResult: success, version: HTTP/1.1)
POST /session/99101a76bcf240b8fb0e7d5c4942e8cf/execute/sync HTTP/1.1
User-Agent: selenium/4.4.0 (java windows)
Content-Length: 48780
Content-Type: application/json; charset=utf-8
host: localhost:55048
accept: */*

Response DefaultHttpResponse(decodeResult: success, version: HTTP/1.1)
HTTP/1.1 200 OK
Content-Type: application/json; charset=utf-8
cache-control: no-cache
content-length: 14

12:31:15.467 [AsyncHttpClient-1-17] DEBUG org.asynchttpclient.netty.channel.ChannelManager - Adding key: http://localhost:55048 for channel [id: 0x4c9c30ec, L:/127.0.0.1:60072 - R:localhost/127.0.0.1:55048]
12:31:15.473 [Forwarding findElement on session 99101a76bcf240b8fb0e7d5c4942e8cf to remote] DEBUG org.asynchttpclient.netty.request.NettyRequestSender - Using pooled Channel '[id: 0x4c9c30ec, L:/127.0.0.1:60072 - R:localhost/127.0.0.1:55048]' for 'POST' to 'http://localhost:55048/session/99101a76bcf240b8fb0e7d5c4942e8cf/element'
12:31:15.473 [Forwarding findElement on session 99101a76bcf240b8fb0e7d5c4942e8cf to remote] DEBUG org.asynchttpclient.netty.request.NettyRequestSender - Using open Channel [id: 0x4c9c30ec, L:/127.0.0.1:60072 - R:localhost/127.0.0.1:55048] for POST '/session/99101a76bcf240b8fb0e7d5c4942e8cf/element'
12:31:15.479 [AsyncHttpClient-1-17] DEBUG org.asynchttpclient.netty.handler.HttpHandler - 

Request DefaultHttpRequest(decodeResult: success, version: HTTP/1.1)
POST /session/99101a76bcf240b8fb0e7d5c4942e8cf/element HTTP/1.1
User-Agent: selenium/4.4.0 (java windows)
Content-Length: 70
Content-Type: application/json; charset=utf-8
host: localhost:55048
accept: */*

Response DefaultHttpResponse(decodeResult: success, version: HTTP/1.1)
HTTP/1.1 200 OK
Content-Type: application/json; charset=utf-8
cache-control: no-cache
content-length: 88

12:31:15.479 [AsyncHttpClient-1-17] DEBUG org.asynchttpclient.netty.channel.ChannelManager - Adding key: http://localhost:55048 for channel [id: 0x4c9c30ec, L:/127.0.0.1:60072 - R:localhost/127.0.0.1:55048]
12:31:15.480 [Forwarding clickElement on session 99101a76bcf240b8fb0e7d5c4942e8cf to remote] DEBUG org.asynchttpclient.netty.request.NettyRequestSender - Using pooled Channel '[id: 0x4c9c30ec, L:/127.0.0.1:60072 - R:localhost/127.0.0.1:55048]' for 'POST' to 'http://localhost:55048/session/99101a76bcf240b8fb0e7d5c4942e8cf/element/635219e3-febe-4c7e-89a2-0a85298c83d9/click'
12:31:15.480 [Forwarding clickElement on session 99101a76bcf240b8fb0e7d5c4942e8cf to remote] DEBUG org.asynchttpclient.netty.request.NettyRequestSender - Using open Channel [id: 0x4c9c30ec, L:/127.0.0.1:60072 - R:localhost/127.0.0.1:55048] for POST '/session/99101a76bcf240b8fb0e7d5c4942e8cf/element/635219e3-febe-4c7e-89a2-0a85298c83d9/click'
12:31:15.513 [AsyncHttpClient-1-17] DEBUG org.asynchttpclient.netty.handler.HttpHandler - 

Request DefaultHttpRequest(decodeResult: success, version: HTTP/1.1)
POST /session/99101a76bcf240b8fb0e7d5c4942e8cf/element/635219e3-febe-4c7e-89a2-0a85298c83d9/click HTTP/1.1
User-Agent: selenium/4.4.0 (java windows)
Content-Length: 50
Content-Type: application/json; charset=utf-8
host: localhost:55048
accept: */*

Response DefaultHttpResponse(decodeResult: success, version: HTTP/1.1)
HTTP/1.1 200 OK
Content-Type: application/json; charset=utf-8
cache-control: no-cache
content-length: 14

12:31:15.513 [AsyncHttpClient-1-17] DEBUG org.asynchttpclient.netty.channel.ChannelManager - Adding key: http://localhost:55048 for channel [id: 0x4c9c30ec, L:/127.0.0.1:60072 - R:localhost/127.0.0.1:55048]
12:31:15.526 [Forwarding getCurrentWindowHandle on session 99101a76bcf240b8fb0e7d5c4942e8cf to remote] DEBUG org.asynchttpclient.netty.request.NettyRequestSender - Using pooled Channel '[id: 0x4c9c30ec, L:/127.0.0.1:60072 - R:localhost/127.0.0.1:55048]' for 'GET' to 'http://localhost:55048/session/99101a76bcf240b8fb0e7d5c4942e8cf/window'
12:31:15.526 [Forwarding getCurrentWindowHandle on session 99101a76bcf240b8fb0e7d5c4942e8cf to remote] DEBUG org.asynchttpclient.netty.request.NettyRequestSender - Using open Channel [id: 0x4c9c30ec, L:/127.0.0.1:60072 - R:localhost/127.0.0.1:55048] for GET '/session/99101a76bcf240b8fb0e7d5c4942e8cf/window'
12:31:15.528 [AsyncHttpClient-1-17] DEBUG org.asynchttpclient.netty.handler.HttpHandler - 

Request DefaultFullHttpRequest(decodeResult: success, version: HTTP/1.1, content: EmptyByteBufBE)
GET /session/99101a76bcf240b8fb0e7d5c4942e8cf/window HTTP/1.1
User-Agent: selenium/4.4.0 (java windows)
Cache-Control: no-cache
Content-Type: application/json; charset=utf-8
host: localhost:55048
accept: */*

Response DefaultHttpResponse(decodeResult: success, version: HTTP/1.1)
HTTP/1.1 200 OK
Content-Type: application/json; charset=utf-8
cache-control: no-cache
content-length: 53

12:31:15.528 [AsyncHttpClient-1-17] DEBUG org.asynchttpclient.netty.channel.ChannelManager - Adding key: http://localhost:55048 for channel [id: 0x4c9c30ec, L:/127.0.0.1:60072 - R:localhost/127.0.0.1:55048]
12:31:15.530 [Forwarding getAlertText on session 99101a76bcf240b8fb0e7d5c4942e8cf to remote] DEBUG org.asynchttpclient.netty.request.NettyRequestSender - Using pooled Channel '[id: 0x4c9c30ec, L:/127.0.0.1:60072 - R:localhost/127.0.0.1:55048]' for 'GET' to 'http://localhost:55048/session/99101a76bcf240b8fb0e7d5c4942e8cf/alert/text'
12:31:15.530 [Forwarding getAlertText on session 99101a76bcf240b8fb0e7d5c4942e8cf to remote] DEBUG org.asynchttpclient.netty.request.NettyRequestSender - Using open Channel [id: 0x4c9c30ec, L:/127.0.0.1:60072 - R:localhost/127.0.0.1:55048] for GET '/session/99101a76bcf240b8fb0e7d5c4942e8cf/alert/text'
12:31:15.533 [AsyncHttpClient-1-17] DEBUG org.asynchttpclient.netty.handler.HttpHandler - 

Request DefaultFullHttpRequest(decodeResult: success, version: HTTP/1.1, content: EmptyByteBufBE)
GET /session/99101a76bcf240b8fb0e7d5c4942e8cf/alert/text HTTP/1.1
User-Agent: selenium/4.4.0 (java windows)
Cache-Control: no-cache
Content-Type: application/json; charset=utf-8
host: localhost:55048
accept: */*

Response DefaultHttpResponse(decodeResult: success, version: HTTP/1.1)
HTTP/1.1 404 Not Found
Content-Type: application/json; charset=utf-8
cache-control: no-cache
content-length: 879

12:31:15.533 [AsyncHttpClient-1-17] DEBUG org.asynchttpclient.netty.channel.ChannelManager - Adding key: http://localhost:55048 for channel [id: 0x4c9c30ec, L:/127.0.0.1:60072 - R:localhost/127.0.0.1:55048]
12:31:15.537 [Forwarding switchToWindow on session 99101a76bcf240b8fb0e7d5c4942e8cf to remote] DEBUG org.asynchttpclient.netty.request.NettyRequestSender - Using pooled Channel '[id: 0x4c9c30ec, L:/127.0.0.1:60072 - R:localhost/127.0.0.1:55048]' for 'POST' to 'http://localhost:55048/session/99101a76bcf240b8fb0e7d5c4942e8cf/window'
12:31:15.537 [Forwarding switchToWindow on session 99101a76bcf240b8fb0e7d5c4942e8cf to remote] DEBUG org.asynchttpclient.netty.request.NettyRequestSender - Using open Channel [id: 0x4c9c30ec, L:/127.0.0.1:60072 - R:localhost/127.0.0.1:55048] for POST '/session/99101a76bcf240b8fb0e7d5c4942e8cf/window'
12:31:15.542 [AsyncHttpClient-1-17] DEBUG org.asynchttpclient.netty.handler.HttpHandler - 

Request DefaultHttpRequest(decodeResult: success, version: HTTP/1.1)
POST /session/99101a76bcf240b8fb0e7d5c4942e8cf/window HTTP/1.1
User-Agent: selenium/4.4.0 (java windows)
Content-Length: 59
Content-Type: application/json; charset=utf-8
host: localhost:55048
accept: */*

Response DefaultHttpResponse(decodeResult: success, version: HTTP/1.1)
HTTP/1.1 200 OK
Content-Type: application/json; charset=utf-8
cache-control: no-cache
content-length: 14

12:31:15.542 [AsyncHttpClient-1-17] DEBUG org.asynchttpclient.netty.channel.ChannelManager - Adding key: http://localhost:55048 for channel [id: 0x4c9c30ec, L:/127.0.0.1:60072 - R:localhost/127.0.0.1:55048]
12:31:15.543 [Forwarding getCurrentUrl on session 99101a76bcf240b8fb0e7d5c4942e8cf to remote] DEBUG org.asynchttpclient.netty.request.NettyRequestSender - Using pooled Channel '[id: 0x4c9c30ec, L:/127.0.0.1:60072 - R:localhost/127.0.0.1:55048]' for 'GET' to 'http://localhost:55048/session/99101a76bcf240b8fb0e7d5c4942e8cf/url'
12:31:15.543 [Forwarding getCurrentUrl on session 99101a76bcf240b8fb0e7d5c4942e8cf to remote] DEBUG org.asynchttpclient.netty.request.NettyRequestSender - Using open Channel [id: 0x4c9c30ec, L:/127.0.0.1:60072 - R:localhost/127.0.0.1:55048] for GET '/session/99101a76bcf240b8fb0e7d5c4942e8cf/url'
12:31:15.546 [AsyncHttpClient-1-17] DEBUG org.asynchttpclient.netty.handler.HttpHandler - 

Request DefaultFullHttpRequest(decodeResult: success, version: HTTP/1.1, content: EmptyByteBufBE)
GET /session/99101a76bcf240b8fb0e7d5c4942e8cf/url HTTP/1.1
User-Agent: selenium/4.4.0 (java windows)
Cache-Control: no-cache
Content-Type: application/json; charset=utf-8
host: localhost:55048
accept: */*

Response DefaultHttpResponse(decodeResult: success, version: HTTP/1.1)
HTTP/1.1 200 OK
Content-Type: application/json; charset=utf-8
cache-control: no-cache
content-length: 38

12:31:15.546 [AsyncHttpClient-1-17] DEBUG org.asynchttpclient.netty.channel.ChannelManager - Adding key: http://localhost:55048 for channel [id: 0x4c9c30ec, L:/127.0.0.1:60072 - R:localhost/127.0.0.1:55048]
12:31:15.547 [Forwarding screenshot on session 99101a76bcf240b8fb0e7d5c4942e8cf to remote] DEBUG org.asynchttpclient.netty.request.NettyRequestSender - Using pooled Channel '[id: 0x4c9c30ec, L:/127.0.0.1:60072 - R:localhost/127.0.0.1:55048]' for 'GET' to 'http://localhost:55048/session/99101a76bcf240b8fb0e7d5c4942e8cf/screenshot'
12:31:15.547 [Forwarding screenshot on session 99101a76bcf240b8fb0e7d5c4942e8cf to remote] DEBUG org.asynchttpclient.netty.request.NettyRequestSender - Using open Channel [id: 0x4c9c30ec, L:/127.0.0.1:60072 - R:localhost/127.0.0.1:55048] for GET '/session/99101a76bcf240b8fb0e7d5c4942e8cf/screenshot'
12:31:15.637 [AsyncHttpClient-1-17] DEBUG org.asynchttpclient.netty.handler.HttpHandler - 

Request DefaultFullHttpRequest(decodeResult: success, version: HTTP/1.1, content: EmptyByteBufBE)
GET /session/99101a76bcf240b8fb0e7d5c4942e8cf/screenshot HTTP/1.1
User-Agent: selenium/4.4.0 (java windows)
Cache-Control: no-cache
Content-Type: application/json; charset=utf-8
host: localhost:55048
accept: */*

Response DefaultHttpResponse(decodeResult: success, version: HTTP/1.1)
HTTP/1.1 200 OK
Content-Type: application/json; charset=utf-8
cache-control: no-cache
content-length: 63992

12:31:15.637 [AsyncHttpClient-1-17] DEBUG org.asynchttpclient.netty.channel.ChannelManager - Adding key: http://localhost:55048 for channel [id: 0x4c9c30ec, L:/127.0.0.1:60072 - R:localhost/127.0.0.1:55048]
12:31:15.639 [Test worker] DEBUG net.serenitybdd.core.photography.Darkroom - Send negative for processing for C:\Users\juan.gomezv\IdeaProjects\sura\target\site\serenity\7bf758da079e2c719024ede0af87b09e15b0a073db01e3c7d2fee27d47b15f60.png
12:31:15.640 [Test worker] DEBUG net.thucydides.core.steps.StepInterceptor - STEP DONE: {0} clicks on #target
12:31:15.640 [Darkroom Processing Line] DEBUG net.serenitybdd.core.photography.DarkroomProcessingLine - Processing screenshot image in /var/screenshots/screenshot-1330086348360646577
12:31:15.640 [Darkroom Processing Line] DEBUG net.serenitybdd.core.photography.DarkroomProcessingLine - Saving screenshot to C:\Users\juan.gomezv\IdeaProjects\sura\target\site\serenity\7bf758da079e2c719024ede0af87b09e15b0a073db01e3c7d2fee27d47b15f60.png
12:31:15.647 [Test worker] DEBUG net.thucydides.core.steps.StepInterceptor - STEP DONE: performAs
  ?[32mCuando ?[0m?[32m?[0m?[32m?[1mAna?[0m?[32m se autentica como un usuario de tipo ?[0m?[32m?[1m"ONLY_WITH_USERNAME"?[0m        ?[90m# sura.stepDefinitions.LoginSteps.elSeAutenticaComoUnUsuario(net.serenitybdd.screenplay.Actor,java.lang.String)?[0m
12:31:15.661 [Forwarding getPageSource on session 99101a76bcf240b8fb0e7d5c4942e8cf to remote] DEBUG org.asynchttpclient.netty.request.NettyRequestSender - Using pooled Channel '[id: 0x4c9c30ec, L:/127.0.0.1:60072 - R:localhost/127.0.0.1:55048]' for 'POST' to 'http://localhost:55048/session/99101a76bcf240b8fb0e7d5c4942e8cf/execute/sync'
12:31:15.661 [Forwarding getPageSource on session 99101a76bcf240b8fb0e7d5c4942e8cf to remote] DEBUG org.asynchttpclient.netty.request.NettyRequestSender - Using open Channel [id: 0x4c9c30ec, L:/127.0.0.1:60072 - R:localhost/127.0.0.1:55048] for POST '/session/99101a76bcf240b8fb0e7d5c4942e8cf/execute/sync'
12:31:15.665 [AsyncHttpClient-1-17] DEBUG org.asynchttpclient.netty.handler.HttpHandler - 

Request DefaultHttpRequest(decodeResult: success, version: HTTP/1.1)
POST /session/99101a76bcf240b8fb0e7d5c4942e8cf/execute/sync HTTP/1.1
User-Agent: selenium/4.4.0 (java windows)
Content-Length: 176
Content-Type: application/json; charset=utf-8
host: localhost:55048
accept: */*

Response DefaultHttpResponse(decodeResult: success, version: HTTP/1.1)
HTTP/1.1 200 OK
Content-Type: application/json; charset=utf-8
cache-control: no-cache
content-length: 14637

12:31:15.665 [AsyncHttpClient-1-17] DEBUG org.asynchttpclient.netty.channel.ChannelManager - Adding key: http://localhost:55048 for channel [id: 0x4c9c30ec, L:/127.0.0.1:60072 - R:localhost/127.0.0.1:55048]
12:31:15.667 [Forwarding getCurrentUrl on session 99101a76bcf240b8fb0e7d5c4942e8cf to remote] DEBUG org.asynchttpclient.netty.request.NettyRequestSender - Using pooled Channel '[id: 0x4c9c30ec, L:/127.0.0.1:60072 - R:localhost/127.0.0.1:55048]' for 'GET' to 'http://localhost:55048/session/99101a76bcf240b8fb0e7d5c4942e8cf/url'
12:31:15.667 [Forwarding getCurrentUrl on session 99101a76bcf240b8fb0e7d5c4942e8cf to remote] DEBUG org.asynchttpclient.netty.request.NettyRequestSender - Using open Channel [id: 0x4c9c30ec, L:/127.0.0.1:60072 - R:localhost/127.0.0.1:55048] for GET '/session/99101a76bcf240b8fb0e7d5c4942e8cf/url'
12:31:15.669 [AsyncHttpClient-1-17] DEBUG org.asynchttpclient.netty.handler.HttpHandler - 

Request DefaultFullHttpRequest(decodeResult: success, version: HTTP/1.1, content: EmptyByteBufBE)
GET /session/99101a76bcf240b8fb0e7d5c4942e8cf/url HTTP/1.1
User-Agent: selenium/4.4.0 (java windows)
Cache-Control: no-cache
Content-Type: application/json; charset=utf-8
host: localhost:55048
accept: */*

Response DefaultHttpResponse(decodeResult: success, version: HTTP/1.1)
HTTP/1.1 200 OK
Content-Type: application/json; charset=utf-8
cache-control: no-cache
content-length: 38

12:31:15.670 [AsyncHttpClient-1-17] DEBUG org.asynchttpclient.netty.channel.ChannelManager - Adding key: http://localhost:55048 for channel [id: 0x4c9c30ec, L:/127.0.0.1:60072 - R:localhost/127.0.0.1:55048]
12:31:15.680 [Forwarding getPageSource on session 99101a76bcf240b8fb0e7d5c4942e8cf to remote] DEBUG org.asynchttpclient.netty.request.NettyRequestSender - Using pooled Channel '[id: 0x4c9c30ec, L:/127.0.0.1:60072 - R:localhost/127.0.0.1:55048]' for 'POST' to 'http://localhost:55048/session/99101a76bcf240b8fb0e7d5c4942e8cf/execute/sync'
12:31:15.680 [Forwarding getPageSource on session 99101a76bcf240b8fb0e7d5c4942e8cf to remote] DEBUG org.asynchttpclient.netty.request.NettyRequestSender - Using open Channel [id: 0x4c9c30ec, L:/127.0.0.1:60072 - R:localhost/127.0.0.1:55048] for POST '/session/99101a76bcf240b8fb0e7d5c4942e8cf/execute/sync'
12:31:15.684 [AsyncHttpClient-1-17] DEBUG org.asynchttpclient.netty.handler.HttpHandler - 

Request DefaultHttpRequest(decodeResult: success, version: HTTP/1.1)
POST /session/99101a76bcf240b8fb0e7d5c4942e8cf/execute/sync HTTP/1.1
User-Agent: selenium/4.4.0 (java windows)
Content-Length: 176
Content-Type: application/json; charset=utf-8
host: localhost:55048
accept: */*

Response DefaultHttpResponse(decodeResult: success, version: HTTP/1.1)
HTTP/1.1 200 OK
Content-Type: application/json; charset=utf-8
cache-control: no-cache
content-length: 14637

12:31:15.684 [AsyncHttpClient-1-17] DEBUG org.asynchttpclient.netty.channel.ChannelManager - Adding key: http://localhost:55048 for channel [id: 0x4c9c30ec, L:/127.0.0.1:60072 - R:localhost/127.0.0.1:55048]
12:31:15.685 [Forwarding getCurrentUrl on session 99101a76bcf240b8fb0e7d5c4942e8cf to remote] DEBUG org.asynchttpclient.netty.request.NettyRequestSender - Using pooled Channel '[id: 0x4c9c30ec, L:/127.0.0.1:60072 - R:localhost/127.0.0.1:55048]' for 'GET' to 'http://localhost:55048/session/99101a76bcf240b8fb0e7d5c4942e8cf/url'
12:31:15.685 [Forwarding getCurrentUrl on session 99101a76bcf240b8fb0e7d5c4942e8cf to remote] DEBUG org.asynchttpclient.netty.request.NettyRequestSender - Using open Channel [id: 0x4c9c30ec, L:/127.0.0.1:60072 - R:localhost/127.0.0.1:55048] for GET '/session/99101a76bcf240b8fb0e7d5c4942e8cf/url'
12:31:15.688 [AsyncHttpClient-1-17] DEBUG org.asynchttpclient.netty.handler.HttpHandler - 

Request DefaultFullHttpRequest(decodeResult: success, version: HTTP/1.1, content: EmptyByteBufBE)
GET /session/99101a76bcf240b8fb0e7d5c4942e8cf/url HTTP/1.1
User-Agent: selenium/4.4.0 (java windows)
Cache-Control: no-cache
Content-Type: application/json; charset=utf-8
host: localhost:55048
accept: */*

Response DefaultHttpResponse(decodeResult: success, version: HTTP/1.1)
HTTP/1.1 200 OK
Content-Type: application/json; charset=utf-8
cache-control: no-cache
content-length: 38

12:31:15.688 [AsyncHttpClient-1-17] DEBUG org.asynchttpclient.netty.channel.ChannelManager - Adding key: http://localhost:55048 for channel [id: 0x4c9c30ec, L:/127.0.0.1:60072 - R:localhost/127.0.0.1:55048]
12:31:15.689 [Test worker] DEBUG net.thucydides.core.steps.StepInterceptor - STARTING STEP: LoginSteps.laAplicacionDenegaIngresoMostrandoMensaje - {0} should see #description
12:31:15.690 [Test worker] DEBUG net.serenitybdd.screenplay.targets.IFrameSwitcher - default content already selected for LogIn Button
12:31:15.696 [Forwarding findElement on session 99101a76bcf240b8fb0e7d5c4942e8cf to remote] DEBUG org.asynchttpclient.netty.request.NettyRequestSender - Using pooled Channel '[id: 0x4c9c30ec, L:/127.0.0.1:60072 - R:localhost/127.0.0.1:55048]' for 'POST' to 'http://localhost:55048/session/99101a76bcf240b8fb0e7d5c4942e8cf/element'
12:31:15.696 [Forwarding findElement on session 99101a76bcf240b8fb0e7d5c4942e8cf to remote] DEBUG org.asynchttpclient.netty.request.NettyRequestSender - Using open Channel [id: 0x4c9c30ec, L:/127.0.0.1:60072 - R:localhost/127.0.0.1:55048] for POST '/session/99101a76bcf240b8fb0e7d5c4942e8cf/element'
12:31:15.706 [AsyncHttpClient-1-17] DEBUG org.asynchttpclient.netty.handler.HttpHandler - 

Request DefaultHttpRequest(decodeResult: success, version: HTTP/1.1)
POST /session/99101a76bcf240b8fb0e7d5c4942e8cf/element HTTP/1.1
User-Agent: selenium/4.4.0 (java windows)
Content-Length: 63
Content-Type: application/json; charset=utf-8
host: localhost:55048
accept: */*

Response DefaultHttpResponse(decodeResult: success, version: HTTP/1.1)
HTTP/1.1 200 OK
Content-Type: application/json; charset=utf-8
cache-control: no-cache
content-length: 88

12:31:15.706 [AsyncHttpClient-1-17] DEBUG org.asynchttpclient.netty.channel.ChannelManager - Adding key: http://localhost:55048 for channel [id: 0x4c9c30ec, L:/127.0.0.1:60072 - R:localhost/127.0.0.1:55048]
12:31:15.707 [Forwarding getElementText on session 99101a76bcf240b8fb0e7d5c4942e8cf to remote] DEBUG org.asynchttpclient.netty.request.NettyRequestSender - Using pooled Channel '[id: 0x4c9c30ec, L:/127.0.0.1:60072 - R:localhost/127.0.0.1:55048]' for 'GET' to 'http://localhost:55048/session/99101a76bcf240b8fb0e7d5c4942e8cf/element/682d5571-524e-4cb7-b1b3-93faab63a2ae/text'
12:31:15.707 [Forwarding getElementText on session 99101a76bcf240b8fb0e7d5c4942e8cf to remote] DEBUG org.asynchttpclient.netty.request.NettyRequestSender - Using open Channel [id: 0x4c9c30ec, L:/127.0.0.1:60072 - R:localhost/127.0.0.1:55048] for GET '/session/99101a76bcf240b8fb0e7d5c4942e8cf/element/682d5571-524e-4cb7-b1b3-93faab63a2ae/text'
12:31:15.717 [AsyncHttpClient-1-17] DEBUG org.asynchttpclient.netty.handler.HttpHandler - 

Request DefaultFullHttpRequest(decodeResult: success, version: HTTP/1.1, content: EmptyByteBufBE)
GET /session/99101a76bcf240b8fb0e7d5c4942e8cf/element/682d5571-524e-4cb7-b1b3-93faab63a2ae/text HTTP/1.1
User-Agent: selenium/4.4.0 (java windows)
Cache-Control: no-cache
Content-Type: application/json; charset=utf-8
host: localhost:55048
accept: */*

Response DefaultHttpResponse(decodeResult: success, version: HTTP/1.1)
HTTP/1.1 200 OK
Content-Type: application/json; charset=utf-8
cache-control: no-cache
content-length: 46

12:31:15.717 [AsyncHttpClient-1-17] DEBUG org.asynchttpclient.netty.channel.ChannelManager - Adding key: http://localhost:55048 for channel [id: 0x4c9c30ec, L:/127.0.0.1:60072 - R:localhost/127.0.0.1:55048]
12:31:15.725 [Forwarding getCurrentWindowHandle on session 99101a76bcf240b8fb0e7d5c4942e8cf to remote] DEBUG org.asynchttpclient.netty.request.NettyRequestSender - Using pooled Channel '[id: 0x4c9c30ec, L:/127.0.0.1:60072 - R:localhost/127.0.0.1:55048]' for 'GET' to 'http://localhost:55048/session/99101a76bcf240b8fb0e7d5c4942e8cf/window'
12:31:15.725 [Forwarding getCurrentWindowHandle on session 99101a76bcf240b8fb0e7d5c4942e8cf to remote] DEBUG org.asynchttpclient.netty.request.NettyRequestSender - Using open Channel [id: 0x4c9c30ec, L:/127.0.0.1:60072 - R:localhost/127.0.0.1:55048] for GET '/session/99101a76bcf240b8fb0e7d5c4942e8cf/window'
12:31:15.726 [AsyncHttpClient-1-17] DEBUG org.asynchttpclient.netty.handler.HttpHandler - 

Request DefaultFullHttpRequest(decodeResult: success, version: HTTP/1.1, content: EmptyByteBufBE)
GET /session/99101a76bcf240b8fb0e7d5c4942e8cf/window HTTP/1.1
User-Agent: selenium/4.4.0 (java windows)
Cache-Control: no-cache
Content-Type: application/json; charset=utf-8
host: localhost:55048
accept: */*

Response DefaultHttpResponse(decodeResult: success, version: HTTP/1.1)
HTTP/1.1 200 OK
Content-Type: application/json; charset=utf-8
cache-control: no-cache
content-length: 53

12:31:15.726 [AsyncHttpClient-1-17] DEBUG org.asynchttpclient.netty.channel.ChannelManager - Adding key: http://localhost:55048 for channel [id: 0x4c9c30ec, L:/127.0.0.1:60072 - R:localhost/127.0.0.1:55048]
12:31:15.728 [Forwarding getAlertText on session 99101a76bcf240b8fb0e7d5c4942e8cf to remote] DEBUG org.asynchttpclient.netty.request.NettyRequestSender - Using pooled Channel '[id: 0x4c9c30ec, L:/127.0.0.1:60072 - R:localhost/127.0.0.1:55048]' for 'GET' to 'http://localhost:55048/session/99101a76bcf240b8fb0e7d5c4942e8cf/alert/text'
12:31:15.728 [Forwarding getAlertText on session 99101a76bcf240b8fb0e7d5c4942e8cf to remote] DEBUG org.asynchttpclient.netty.request.NettyRequestSender - Using open Channel [id: 0x4c9c30ec, L:/127.0.0.1:60072 - R:localhost/127.0.0.1:55048] for GET '/session/99101a76bcf240b8fb0e7d5c4942e8cf/alert/text'
12:31:15.730 [AsyncHttpClient-1-17] DEBUG org.asynchttpclient.netty.handler.HttpHandler - 

Request DefaultFullHttpRequest(decodeResult: success, version: HTTP/1.1, content: EmptyByteBufBE)
GET /session/99101a76bcf240b8fb0e7d5c4942e8cf/alert/text HTTP/1.1
User-Agent: selenium/4.4.0 (java windows)
Cache-Control: no-cache
Content-Type: application/json; charset=utf-8
host: localhost:55048
accept: */*

Response DefaultHttpResponse(decodeResult: success, version: HTTP/1.1)
HTTP/1.1 404 Not Found
Content-Type: application/json; charset=utf-8
cache-control: no-cache
content-length: 879

12:31:15.730 [AsyncHttpClient-1-17] DEBUG org.asynchttpclient.netty.channel.ChannelManager - Adding key: http://localhost:55048 for channel [id: 0x4c9c30ec, L:/127.0.0.1:60072 - R:localhost/127.0.0.1:55048]
12:31:15.734 [Forwarding switchToWindow on session 99101a76bcf240b8fb0e7d5c4942e8cf to remote] DEBUG org.asynchttpclient.netty.request.NettyRequestSender - Using pooled Channel '[id: 0x4c9c30ec, L:/127.0.0.1:60072 - R:localhost/127.0.0.1:55048]' for 'POST' to 'http://localhost:55048/session/99101a76bcf240b8fb0e7d5c4942e8cf/window'
12:31:15.734 [Forwarding switchToWindow on session 99101a76bcf240b8fb0e7d5c4942e8cf to remote] DEBUG org.asynchttpclient.netty.request.NettyRequestSender - Using open Channel [id: 0x4c9c30ec, L:/127.0.0.1:60072 - R:localhost/127.0.0.1:55048] for POST '/session/99101a76bcf240b8fb0e7d5c4942e8cf/window'
12:31:15.737 [AsyncHttpClient-1-17] DEBUG org.asynchttpclient.netty.handler.HttpHandler - 

Request DefaultHttpRequest(decodeResult: success, version: HTTP/1.1)
POST /session/99101a76bcf240b8fb0e7d5c4942e8cf/window HTTP/1.1
User-Agent: selenium/4.4.0 (java windows)
Content-Length: 59
Content-Type: application/json; charset=utf-8
host: localhost:55048
accept: */*

Response DefaultHttpResponse(decodeResult: success, version: HTTP/1.1)
HTTP/1.1 200 OK
Content-Type: application/json; charset=utf-8
cache-control: no-cache
content-length: 14

12:31:15.737 [AsyncHttpClient-1-17] DEBUG org.asynchttpclient.netty.channel.ChannelManager - Adding key: http://localhost:55048 for channel [id: 0x4c9c30ec, L:/127.0.0.1:60072 - R:localhost/127.0.0.1:55048]
12:31:15.737 [Forwarding getCurrentUrl on session 99101a76bcf240b8fb0e7d5c4942e8cf to remote] DEBUG org.asynchttpclient.netty.request.NettyRequestSender - Using pooled Channel '[id: 0x4c9c30ec, L:/127.0.0.1:60072 - R:localhost/127.0.0.1:55048]' for 'GET' to 'http://localhost:55048/session/99101a76bcf240b8fb0e7d5c4942e8cf/url'
12:31:15.737 [Forwarding getCurrentUrl on session 99101a76bcf240b8fb0e7d5c4942e8cf to remote] DEBUG org.asynchttpclient.netty.request.NettyRequestSender - Using open Channel [id: 0x4c9c30ec, L:/127.0.0.1:60072 - R:localhost/127.0.0.1:55048] for GET '/session/99101a76bcf240b8fb0e7d5c4942e8cf/url'
12:31:15.739 [AsyncHttpClient-1-17] DEBUG org.asynchttpclient.netty.handler.HttpHandler - 

Request DefaultFullHttpRequest(decodeResult: success, version: HTTP/1.1, content: EmptyByteBufBE)
GET /session/99101a76bcf240b8fb0e7d5c4942e8cf/url HTTP/1.1
User-Agent: selenium/4.4.0 (java windows)
Cache-Control: no-cache
Content-Type: application/json; charset=utf-8
host: localhost:55048
accept: */*

Response DefaultHttpResponse(decodeResult: success, version: HTTP/1.1)
HTTP/1.1 200 OK
Content-Type: application/json; charset=utf-8
cache-control: no-cache
content-length: 38

12:31:15.739 [AsyncHttpClient-1-17] DEBUG org.asynchttpclient.netty.channel.ChannelManager - Adding key: http://localhost:55048 for channel [id: 0x4c9c30ec, L:/127.0.0.1:60072 - R:localhost/127.0.0.1:55048]
12:31:15.740 [Forwarding screenshot on session 99101a76bcf240b8fb0e7d5c4942e8cf to remote] DEBUG org.asynchttpclient.netty.request.NettyRequestSender - Using pooled Channel '[id: 0x4c9c30ec, L:/127.0.0.1:60072 - R:localhost/127.0.0.1:55048]' for 'GET' to 'http://localhost:55048/session/99101a76bcf240b8fb0e7d5c4942e8cf/screenshot'
12:31:15.740 [Forwarding screenshot on session 99101a76bcf240b8fb0e7d5c4942e8cf to remote] DEBUG org.asynchttpclient.netty.request.NettyRequestSender - Using open Channel [id: 0x4c9c30ec, L:/127.0.0.1:60072 - R:localhost/127.0.0.1:55048] for GET '/session/99101a76bcf240b8fb0e7d5c4942e8cf/screenshot'
12:31:15.817 [AsyncHttpClient-1-17] DEBUG org.asynchttpclient.netty.handler.HttpHandler - 

Request DefaultFullHttpRequest(decodeResult: success, version: HTTP/1.1, content: EmptyByteBufBE)
GET /session/99101a76bcf240b8fb0e7d5c4942e8cf/screenshot HTTP/1.1
User-Agent: selenium/4.4.0 (java windows)
Cache-Control: no-cache
Content-Type: application/json; charset=utf-8
host: localhost:55048
accept: */*

Response DefaultHttpResponse(decodeResult: success, version: HTTP/1.1)
HTTP/1.1 200 OK
Content-Type: application/json; charset=utf-8
cache-control: no-cache
content-length: 63992

12:31:15.817 [AsyncHttpClient-1-17] DEBUG org.asynchttpclient.netty.channel.ChannelManager - Adding key: http://localhost:55048 for channel [id: 0x4c9c30ec, L:/127.0.0.1:60072 - R:localhost/127.0.0.1:55048]
12:31:15.819 [Test worker] DEBUG net.serenitybdd.core.photography.Darkroom - Send negative for processing for C:\Users\juan.gomezv\IdeaProjects\sura\target\site\serenity\7bf758da079e2c719024ede0af87b09e15b0a073db01e3c7d2fee27d47b15f60.png
12:31:15.819 [Test worker] DEBUG net.thucydides.core.steps.StepInterceptor - STEP DONE: {0} should see #description
  ?[32mEntonces ?[0m?[32ma ?[0m?[32m?[1mAna?[0m?[32m se le deniega el ingreso mostrando el mensaje ?[0m?[32m?[1m"Epic sadface"?[0m ?[90m# sura.stepDefinitions.LoginSteps.laAplicacionDenegaIngresoMostrandoMensaje(net.serenitybdd.screenplay.Actor,java.lang.String)?[0m
12:31:15.829 [AsyncHttpClient-1-3] DEBUG org.asynchttpclient.netty.handler.WebSocketHandler - Channel Closed: [id: 0x6bb569fd, L:/127.0.0.1:60081 ! R:localhost/127.0.0.1:60073] with attribute NettyResponseFuture{currentRetry=0,
	isDone=1,
	isCancelled=0,
	asyncHandler=org.asynchttpclient.ws.WebSocketUpgradeHandler@3452e5a7,
	nettyRequest=org.asynchttpclient.netty.request.NettyRequest@69ca6cef,
	future=java.util.concurrent.CompletableFuture@4b37ecea[Completed normally],
	uri=ws://localhost:60073/devtools/browser/9509f760-8213-471f-9cb6-293daa0b90d6,
	keepAlive=true,
	redirectCount=0,
	timeoutsHolder=null,
	inAuth=0,
	touch=1664472674401}
12:31:15.830 [Driver Command Executor] DEBUG org.asynchttpclient.netty.request.NettyRequestSender - Using pooled Channel '[id: 0x4c9c30ec, L:/127.0.0.1:60072 - R:localhost/127.0.0.1:55048]' for 'DELETE' to 'http://localhost:55048/session/99101a76bcf240b8fb0e7d5c4942e8cf'
12:31:15.830 [AsyncHttpClient-1-3] DEBUG org.asynchttpclient.netty.channel.ChannelManager - Closing Channel [id: 0x6bb569fd, L:/127.0.0.1:60081 ! R:localhost/127.0.0.1:60073] 
12:31:15.830 [Driver Command Executor] DEBUG org.asynchttpclient.netty.request.NettyRequestSender - Using open Channel [id: 0x4c9c30ec, L:/127.0.0.1:60072 - R:localhost/127.0.0.1:55048] for DELETE '/session/99101a76bcf240b8fb0e7d5c4942e8cf'
12:31:15.849 [AsyncHttpClient-1-2] DEBUG org.asynchttpclient.netty.handler.HttpHandler - Unexpected I/O exception on channel [id: 0x0abb75f0, L:/127.0.0.1:60080 - R:localhost/127.0.0.1:60073]
java.net.SocketException: Connection reset
	at java.base/sun.nio.ch.SocketChannelImpl.throwConnectionReset(SocketChannelImpl.java:394)
	at java.base/sun.nio.ch.SocketChannelImpl.read(SocketChannelImpl.java:426)
	at io.netty.buffer.PooledByteBuf.setBytes(PooledByteBuf.java:258)
	at io.netty.buffer.AbstractByteBuf.writeBytes(AbstractByteBuf.java:1132)
	at io.netty.channel.socket.nio.NioSocketChannel.doReadBytes(NioSocketChannel.java:357)
	at io.netty.channel.nio.AbstractNioByteChannel$NioByteUnsafe.read(AbstractNioByteChannel.java:151)
	at io.netty.channel.nio.NioEventLoop.processSelectedKey(NioEventLoop.java:722)
	at io.netty.channel.nio.NioEventLoop.processSelectedKeysOptimized(NioEventLoop.java:658)
	at io.netty.channel.nio.NioEventLoop.processSelectedKeys(NioEventLoop.java:584)
	at io.netty.channel.nio.NioEventLoop.run(NioEventLoop.java:496)
	at io.netty.util.concurrent.SingleThreadEventExecutor$4.run(SingleThreadEventExecutor.java:997)
	at io.netty.util.internal.ThreadExecutorMap$2.run(ThreadExecutorMap.java:74)
	at io.netty.util.concurrent.FastThreadLocalRunnable.run(FastThreadLocalRunnable.java:30)
	at java.base/java.lang.Thread.run(Thread.java:833)
12:31:15.850 [AsyncHttpClient-1-2] DEBUG org.asynchttpclient.netty.channel.ChannelManager - Closing Channel [id: 0x0abb75f0, L:/127.0.0.1:60080 - R:localhost/127.0.0.1:60073] 
12:31:15.850 [AsyncHttpClient-1-2] DEBUG org.asynchttpclient.netty.handler.HttpHandler - Channel Closed: [id: 0x0abb75f0, L:/127.0.0.1:60080 ! R:localhost/127.0.0.1:60073] with attribute DISCARD
12:31:15.861 [AsyncHttpClient-1-17] DEBUG org.asynchttpclient.netty.handler.HttpHandler - 

Request DefaultFullHttpRequest(decodeResult: success, version: HTTP/1.1, content: EmptyByteBufBE)
DELETE /session/99101a76bcf240b8fb0e7d5c4942e8cf HTTP/1.1
User-Agent: selenium/4.4.0 (java windows)
Content-Type: application/json; charset=utf-8
host: localhost:55048
accept: */*

Response DefaultHttpResponse(decodeResult: success, version: HTTP/1.1)
HTTP/1.1 200 OK
Content-Type: application/json; charset=utf-8
cache-control: no-cache
content-length: 14

12:31:15.862 [AsyncHttpClient-1-17] DEBUG org.asynchttpclient.netty.channel.ChannelManager - Adding key: http://localhost:55048 for channel [id: 0x4c9c30ec, L:/127.0.0.1:60072 - R:localhost/127.0.0.1:55048]
12:31:15.913 [AsyncHttpClient-1-17] DEBUG org.asynchttpclient.netty.handler.HttpHandler - Channel Closed: [id: 0x4c9c30ec, L:/127.0.0.1:60072 ! R:localhost/127.0.0.1:55048] with attribute DISCARD
12:31:15.959 [Test worker] INFO  - 
  _____   ___   ___   _____     ___     _     ___   ___   ___   ___  
 |_   _| | __| / __| |_   _|   | _ \   /_\   / __| / __| | __| |   \ 
   | |   | _|  \__ \   | |     |  _/  / _ \  \__ \ \__ \ | _|  | |) |
   |_|   |___| |___/   |_|     |_|   /_/ \_\ |___/ |___/ |___| |___/ 

Usuario trata autenticarse con información incompleta
----------------------------------------------------------------------

Esquema del escenario: Usuario trata autenticarse con información incompleta  ?[90m# src/test/resources/features/autenticacion/login.feature:33?[0m
12:31:15.963 [Test worker] INFO io.cucumber.core.plugin.SerenityReporter - Running feature from file:///C:/Users/juan.gomezv/IdeaProjects/sura/src/test/resources/features/autenticacion/login.feature
12:31:15.968 [Test worker] DEBUG net.thucydides.core.steps.StepInterceptor - STARTING STEP: LoginSteps.quiereConsultarArticulosDeportivosEnLaWebDeLaMarcaSwag - {0} abre la aplicación
12:31:15.970 [Test worker] DEBUG net.thucydides.core.steps.StepInterceptor - STARTING STEP: NavigateTo.performAs - {0} opens the #targetPageName
12:31:16.007 [Test worker] INFO net.serenitybdd.core.webdriver.driverproviders.ChromeDriverProvider - Starting Chrome driver instance with capabilities:
12:31:16.007 [Test worker] INFO net.serenitybdd.core.webdriver.driverproviders.ChromeDriverProvider - Capabilities {acceptInsecureCerts: false, browserName: chrome, goog:chromeOptions: {args: [], extensions: []}}
12:31:16.072 [AsyncHttpClient-1-4] DEBUG org.asynchttpclient.netty.channel.NettyConnectListener - Using new Channel '[id: 0xe2722914, L:/127.0.0.1:60095 - R:localhost/127.0.0.1:61916]' for 'POST' to '/session'
12:31:16.243 [AsyncHttpClient-1-1] DEBUG org.asynchttpclient.netty.channel.DefaultChannelPool - Entry count for : http://localhost:60073 : 1
12:31:16.243 [AsyncHttpClient-1-1] DEBUG org.asynchttpclient.netty.channel.DefaultChannelPool - Entry count for : http://localhost:55048 : 1
12:31:16.243 [AsyncHttpClient-1-1] DEBUG org.asynchttpclient.netty.channel.DefaultChannelPool - Adding Candidate expired Channel [id: 0x0abb75f0, L:/127.0.0.1:60080 ! R:localhost/127.0.0.1:60073] isIdleTimeoutExpired=false isRemotelyClosed=true isTtlExpired=false
12:31:16.243 [AsyncHttpClient-1-1] DEBUG org.asynchttpclient.netty.channel.DefaultChannelPool - Closing Idle Channel [id: 0x0abb75f0, L:/127.0.0.1:60080 ! R:localhost/127.0.0.1:60073]
12:31:16.243 [AsyncHttpClient-1-1] DEBUG org.asynchttpclient.netty.channel.DefaultChannelPool - Adding Candidate expired Channel [id: 0x4c9c30ec, L:/127.0.0.1:60072 ! R:localhost/127.0.0.1:55048] isIdleTimeoutExpired=false isRemotelyClosed=true isTtlExpired=false
12:31:16.243 [AsyncHttpClient-1-1] DEBUG org.asynchttpclient.netty.channel.DefaultChannelPool - Closing Idle Channel [id: 0x4c9c30ec, L:/127.0.0.1:60072 ! R:localhost/127.0.0.1:55048]
12:31:16.243 [AsyncHttpClient-1-1] DEBUG org.asynchttpclient.netty.channel.DefaultChannelPool - Closed 2 connections out of 2 in 0 ms
12:31:16.622 [AsyncHttpClient-1-4] DEBUG org.asynchttpclient.netty.handler.HttpHandler - 

Request DefaultHttpRequest(decodeResult: success, version: HTTP/1.1)
POST /session HTTP/1.1
User-Agent: selenium/4.4.0 (java windows)
Content-Length: 437
Content-Type: application/json; charset=utf-8
host: localhost:61916
accept: */*

Response DefaultHttpResponse(decodeResult: success, version: HTTP/1.1)
HTTP/1.1 200 OK
Content-Type: application/json; charset=utf-8
cache-control: no-cache
content-length: 796

12:31:16.623 [AsyncHttpClient-1-4] DEBUG org.asynchttpclient.netty.channel.ChannelManager - Adding key: http://localhost:61916 for channel [id: 0xe2722914, L:/127.0.0.1:60095 - R:localhost/127.0.0.1:61916]
12:31:16.627 [AsyncHttpClient-1-5] DEBUG org.asynchttpclient.netty.channel.NettyConnectListener - Using new Channel '[id: 0x362b2d09, L:/127.0.0.1:60102 - R:localhost/127.0.0.1:60096]' for 'GET' to '/json/version'
12:31:16.628 [AsyncHttpClient-1-5] DEBUG org.asynchttpclient.netty.handler.HttpHandler - 

Request DefaultFullHttpRequest(decodeResult: success, version: HTTP/1.1, content: EmptyByteBufBE)
GET /json/version HTTP/1.1
User-Agent: selenium/4.4.0 (java windows)
host: localhost:60096
accept: */*

Response DefaultHttpResponse(decodeResult: success, version: HTTP/1.1)
HTTP/1.1 200 OK
Content-Type: application/json; charset=UTF-8
content-length: 423

12:31:16.628 [AsyncHttpClient-1-5] DEBUG org.asynchttpclient.netty.channel.ChannelManager - Adding key: http://localhost:60096 for channel [id: 0x362b2d09, L:/127.0.0.1:60102 - R:localhost/127.0.0.1:60096]
12:31:16.630 [AsyncHttpClient-1-6] DEBUG org.asynchttpclient.netty.channel.NettyConnectListener - Using new Channel '[id: 0x59ffba03, L:/127.0.0.1:60103 - R:localhost/127.0.0.1:60096]' for 'GET' to '/devtools/browser/92caa40c-851c-4a8c-b2a1-89bdfcb430e7'
12:31:16.630 [AsyncHttpClient-1-6] DEBUG org.asynchttpclient.netty.handler.WebSocketHandler - 

Request DefaultFullHttpRequest(decodeResult: success, version: HTTP/1.1, content: EmptyByteBufBE)
GET /devtools/browser/92caa40c-851c-4a8c-b2a1-89bdfcb430e7 HTTP/1.1
upgrade: websocket
connection: upgrade
sec-websocket-key: ++LLLmBPZ3K+n71VDLMkpA==
sec-websocket-version: 13
origin: http://localhost:60096
host: localhost:60096
accept: */*
user-agent: AHC/2.1

Response DefaultHttpResponse(decodeResult: success, version: HTTP/1.1)
HTTP/1.1 101 WebSocket Protocol Handshake
Upgrade: WebSocket
Connection: Upgrade
Sec-WebSocket-Accept: j/nIE9J3iZUyDjBJe6ivS7F6Zck=

12:31:16.633 [Forwarding get on session 0b2215218407c4f3bf02c0a3293d7581 to remote] DEBUG org.asynchttpclient.netty.request.NettyRequestSender - Using pooled Channel '[id: 0xe2722914, L:/127.0.0.1:60095 - R:localhost/127.0.0.1:61916]' for 'POST' to 'http://localhost:61916/session/0b2215218407c4f3bf02c0a3293d7581/url'
12:31:16.633 [Forwarding get on session 0b2215218407c4f3bf02c0a3293d7581 to remote] DEBUG org.asynchttpclient.netty.request.NettyRequestSender - Using open Channel [id: 0xe2722914, L:/127.0.0.1:60095 - R:localhost/127.0.0.1:61916] for POST '/session/0b2215218407c4f3bf02c0a3293d7581/url'
12:31:16.902 [AsyncHttpClient-1-4] DEBUG org.asynchttpclient.netty.handler.HttpHandler - 

Request DefaultHttpRequest(decodeResult: success, version: HTTP/1.1)
POST /session/0b2215218407c4f3bf02c0a3293d7581/url HTTP/1.1
User-Agent: selenium/4.4.0 (java windows)
Content-Length: 40
Content-Type: application/json; charset=utf-8
host: localhost:61916
accept: */*

Response DefaultHttpResponse(decodeResult: success, version: HTTP/1.1)
HTTP/1.1 200 OK
Content-Type: application/json; charset=utf-8
cache-control: no-cache
content-length: 14

12:31:16.902 [AsyncHttpClient-1-4] DEBUG org.asynchttpclient.netty.channel.ChannelManager - Adding key: http://localhost:61916 for channel [id: 0xe2722914, L:/127.0.0.1:60095 - R:localhost/127.0.0.1:61916]
12:31:16.903 [Forwarding setTimeout on session 0b2215218407c4f3bf02c0a3293d7581 to remote] DEBUG org.asynchttpclient.netty.request.NettyRequestSender - Using pooled Channel '[id: 0xe2722914, L:/127.0.0.1:60095 - R:localhost/127.0.0.1:61916]' for 'POST' to 'http://localhost:61916/session/0b2215218407c4f3bf02c0a3293d7581/timeouts'
12:31:16.903 [Forwarding setTimeout on session 0b2215218407c4f3bf02c0a3293d7581 to remote] DEBUG org.asynchttpclient.netty.request.NettyRequestSender - Using open Channel [id: 0xe2722914, L:/127.0.0.1:60095 - R:localhost/127.0.0.1:61916] for POST '/session/0b2215218407c4f3bf02c0a3293d7581/timeouts'
12:31:16.904 [AsyncHttpClient-1-4] DEBUG org.asynchttpclient.netty.handler.HttpHandler - 

Request DefaultHttpRequest(decodeResult: success, version: HTTP/1.1)
POST /session/0b2215218407c4f3bf02c0a3293d7581/timeouts HTTP/1.1
User-Agent: selenium/4.4.0 (java windows)
Content-Length: 22
Content-Type: application/json; charset=utf-8
host: localhost:61916
accept: */*

Response DefaultHttpResponse(decodeResult: success, version: HTTP/1.1)
HTTP/1.1 200 OK
Content-Type: application/json; charset=utf-8
cache-control: no-cache
content-length: 14

12:31:16.904 [AsyncHttpClient-1-4] DEBUG org.asynchttpclient.netty.channel.ChannelManager - Adding key: http://localhost:61916 for channel [id: 0xe2722914, L:/127.0.0.1:60095 - R:localhost/127.0.0.1:61916]
12:31:16.910 [Forwarding getCurrentUrl on session 0b2215218407c4f3bf02c0a3293d7581 to remote] DEBUG org.asynchttpclient.netty.request.NettyRequestSender - Using pooled Channel '[id: 0xe2722914, L:/127.0.0.1:60095 - R:localhost/127.0.0.1:61916]' for 'GET' to 'http://localhost:61916/session/0b2215218407c4f3bf02c0a3293d7581/url'
12:31:16.910 [Forwarding getCurrentUrl on session 0b2215218407c4f3bf02c0a3293d7581 to remote] DEBUG org.asynchttpclient.netty.request.NettyRequestSender - Using open Channel [id: 0xe2722914, L:/127.0.0.1:60095 - R:localhost/127.0.0.1:61916] for GET '/session/0b2215218407c4f3bf02c0a3293d7581/url'
12:31:16.915 [AsyncHttpClient-1-4] DEBUG org.asynchttpclient.netty.handler.HttpHandler - 

Request DefaultFullHttpRequest(decodeResult: success, version: HTTP/1.1, content: EmptyByteBufBE)
GET /session/0b2215218407c4f3bf02c0a3293d7581/url HTTP/1.1
User-Agent: selenium/4.4.0 (java windows)
Cache-Control: no-cache
Content-Type: application/json; charset=utf-8
host: localhost:61916
accept: */*

Response DefaultHttpResponse(decodeResult: success, version: HTTP/1.1)
HTTP/1.1 200 OK
Content-Type: application/json; charset=utf-8
cache-control: no-cache
content-length: 38

12:31:16.915 [AsyncHttpClient-1-4] DEBUG org.asynchttpclient.netty.channel.ChannelManager - Adding key: http://localhost:61916 for channel [id: 0xe2722914, L:/127.0.0.1:60095 - R:localhost/127.0.0.1:61916]
12:31:16.922 [Forwarding getCurrentUrl on session 0b2215218407c4f3bf02c0a3293d7581 to remote] DEBUG org.asynchttpclient.netty.request.NettyRequestSender - Using pooled Channel '[id: 0xe2722914, L:/127.0.0.1:60095 - R:localhost/127.0.0.1:61916]' for 'GET' to 'http://localhost:61916/session/0b2215218407c4f3bf02c0a3293d7581/url'
12:31:16.922 [Forwarding getCurrentUrl on session 0b2215218407c4f3bf02c0a3293d7581 to remote] DEBUG org.asynchttpclient.netty.request.NettyRequestSender - Using open Channel [id: 0xe2722914, L:/127.0.0.1:60095 - R:localhost/127.0.0.1:61916] for GET '/session/0b2215218407c4f3bf02c0a3293d7581/url'
12:31:16.925 [AsyncHttpClient-1-4] DEBUG org.asynchttpclient.netty.handler.HttpHandler - 

Request DefaultFullHttpRequest(decodeResult: success, version: HTTP/1.1, content: EmptyByteBufBE)
GET /session/0b2215218407c4f3bf02c0a3293d7581/url HTTP/1.1
User-Agent: selenium/4.4.0 (java windows)
Cache-Control: no-cache
Content-Type: application/json; charset=utf-8
host: localhost:61916
accept: */*

Response DefaultHttpResponse(decodeResult: success, version: HTTP/1.1)
HTTP/1.1 200 OK
Content-Type: application/json; charset=utf-8
cache-control: no-cache
content-length: 38

12:31:16.926 [AsyncHttpClient-1-4] DEBUG org.asynchttpclient.netty.channel.ChannelManager - Adding key: http://localhost:61916 for channel [id: 0xe2722914, L:/127.0.0.1:60095 - R:localhost/127.0.0.1:61916]
12:31:16.936 [Forwarding getCurrentWindowHandle on session 0b2215218407c4f3bf02c0a3293d7581 to remote] DEBUG org.asynchttpclient.netty.request.NettyRequestSender - Using pooled Channel '[id: 0xe2722914, L:/127.0.0.1:60095 - R:localhost/127.0.0.1:61916]' for 'GET' to 'http://localhost:61916/session/0b2215218407c4f3bf02c0a3293d7581/window'
12:31:16.936 [Forwarding getCurrentWindowHandle on session 0b2215218407c4f3bf02c0a3293d7581 to remote] DEBUG org.asynchttpclient.netty.request.NettyRequestSender - Using open Channel [id: 0xe2722914, L:/127.0.0.1:60095 - R:localhost/127.0.0.1:61916] for GET '/session/0b2215218407c4f3bf02c0a3293d7581/window'
12:31:16.936 [AsyncHttpClient-1-4] DEBUG org.asynchttpclient.netty.handler.HttpHandler - 

Request DefaultFullHttpRequest(decodeResult: success, version: HTTP/1.1, content: EmptyByteBufBE)
GET /session/0b2215218407c4f3bf02c0a3293d7581/window HTTP/1.1
User-Agent: selenium/4.4.0 (java windows)
Cache-Control: no-cache
Content-Type: application/json; charset=utf-8
host: localhost:61916
accept: */*

Response DefaultHttpResponse(decodeResult: success, version: HTTP/1.1)
HTTP/1.1 200 OK
Content-Type: application/json; charset=utf-8
cache-control: no-cache
content-length: 53

12:31:16.937 [AsyncHttpClient-1-4] DEBUG org.asynchttpclient.netty.channel.ChannelManager - Adding key: http://localhost:61916 for channel [id: 0xe2722914, L:/127.0.0.1:60095 - R:localhost/127.0.0.1:61916]
12:31:16.939 [Forwarding getAlertText on session 0b2215218407c4f3bf02c0a3293d7581 to remote] DEBUG org.asynchttpclient.netty.request.NettyRequestSender - Using pooled Channel '[id: 0xe2722914, L:/127.0.0.1:60095 - R:localhost/127.0.0.1:61916]' for 'GET' to 'http://localhost:61916/session/0b2215218407c4f3bf02c0a3293d7581/alert/text'
12:31:16.939 [Forwarding getAlertText on session 0b2215218407c4f3bf02c0a3293d7581 to remote] DEBUG org.asynchttpclient.netty.request.NettyRequestSender - Using open Channel [id: 0xe2722914, L:/127.0.0.1:60095 - R:localhost/127.0.0.1:61916] for GET '/session/0b2215218407c4f3bf02c0a3293d7581/alert/text'
12:31:16.941 [AsyncHttpClient-1-4] DEBUG org.asynchttpclient.netty.handler.HttpHandler - 

Request DefaultFullHttpRequest(decodeResult: success, version: HTTP/1.1, content: EmptyByteBufBE)
GET /session/0b2215218407c4f3bf02c0a3293d7581/alert/text HTTP/1.1
User-Agent: selenium/4.4.0 (java windows)
Cache-Control: no-cache
Content-Type: application/json; charset=utf-8
host: localhost:61916
accept: */*

Response DefaultHttpResponse(decodeResult: success, version: HTTP/1.1)
HTTP/1.1 404 Not Found
Content-Type: application/json; charset=utf-8
cache-control: no-cache
content-length: 879

12:31:16.941 [AsyncHttpClient-1-4] DEBUG org.asynchttpclient.netty.channel.ChannelManager - Adding key: http://localhost:61916 for channel [id: 0xe2722914, L:/127.0.0.1:60095 - R:localhost/127.0.0.1:61916]
12:31:16.944 [Forwarding switchToWindow on session 0b2215218407c4f3bf02c0a3293d7581 to remote] DEBUG org.asynchttpclient.netty.request.NettyRequestSender - Using pooled Channel '[id: 0xe2722914, L:/127.0.0.1:60095 - R:localhost/127.0.0.1:61916]' for 'POST' to 'http://localhost:61916/session/0b2215218407c4f3bf02c0a3293d7581/window'
12:31:16.944 [Forwarding switchToWindow on session 0b2215218407c4f3bf02c0a3293d7581 to remote] DEBUG org.asynchttpclient.netty.request.NettyRequestSender - Using open Channel [id: 0xe2722914, L:/127.0.0.1:60095 - R:localhost/127.0.0.1:61916] for POST '/session/0b2215218407c4f3bf02c0a3293d7581/window'
12:31:16.951 [AsyncHttpClient-1-4] DEBUG org.asynchttpclient.netty.handler.HttpHandler - 

Request DefaultHttpRequest(decodeResult: success, version: HTTP/1.1)
POST /session/0b2215218407c4f3bf02c0a3293d7581/window HTTP/1.1
User-Agent: selenium/4.4.0 (java windows)
Content-Length: 59
Content-Type: application/json; charset=utf-8
host: localhost:61916
accept: */*

Response DefaultHttpResponse(decodeResult: success, version: HTTP/1.1)
HTTP/1.1 200 OK
Content-Type: application/json; charset=utf-8
cache-control: no-cache
content-length: 14

12:31:16.952 [AsyncHttpClient-1-4] DEBUG org.asynchttpclient.netty.channel.ChannelManager - Adding key: http://localhost:61916 for channel [id: 0xe2722914, L:/127.0.0.1:60095 - R:localhost/127.0.0.1:61916]
12:31:16.953 [Forwarding getCurrentUrl on session 0b2215218407c4f3bf02c0a3293d7581 to remote] DEBUG org.asynchttpclient.netty.request.NettyRequestSender - Using pooled Channel '[id: 0xe2722914, L:/127.0.0.1:60095 - R:localhost/127.0.0.1:61916]' for 'GET' to 'http://localhost:61916/session/0b2215218407c4f3bf02c0a3293d7581/url'
12:31:16.953 [Forwarding getCurrentUrl on session 0b2215218407c4f3bf02c0a3293d7581 to remote] DEBUG org.asynchttpclient.netty.request.NettyRequestSender - Using open Channel [id: 0xe2722914, L:/127.0.0.1:60095 - R:localhost/127.0.0.1:61916] for GET '/session/0b2215218407c4f3bf02c0a3293d7581/url'
12:31:16.956 [AsyncHttpClient-1-4] DEBUG org.asynchttpclient.netty.handler.HttpHandler - 

Request DefaultFullHttpRequest(decodeResult: success, version: HTTP/1.1, content: EmptyByteBufBE)
GET /session/0b2215218407c4f3bf02c0a3293d7581/url HTTP/1.1
User-Agent: selenium/4.4.0 (java windows)
Cache-Control: no-cache
Content-Type: application/json; charset=utf-8
host: localhost:61916
accept: */*

Response DefaultHttpResponse(decodeResult: success, version: HTTP/1.1)
HTTP/1.1 200 OK
Content-Type: application/json; charset=utf-8
cache-control: no-cache
content-length: 38

12:31:16.956 [AsyncHttpClient-1-4] DEBUG org.asynchttpclient.netty.channel.ChannelManager - Adding key: http://localhost:61916 for channel [id: 0xe2722914, L:/127.0.0.1:60095 - R:localhost/127.0.0.1:61916]
12:31:16.957 [Forwarding screenshot on session 0b2215218407c4f3bf02c0a3293d7581 to remote] DEBUG org.asynchttpclient.netty.request.NettyRequestSender - Using pooled Channel '[id: 0xe2722914, L:/127.0.0.1:60095 - R:localhost/127.0.0.1:61916]' for 'GET' to 'http://localhost:61916/session/0b2215218407c4f3bf02c0a3293d7581/screenshot'
12:31:16.957 [Forwarding screenshot on session 0b2215218407c4f3bf02c0a3293d7581 to remote] DEBUG org.asynchttpclient.netty.request.NettyRequestSender - Using open Channel [id: 0xe2722914, L:/127.0.0.1:60095 - R:localhost/127.0.0.1:61916] for GET '/session/0b2215218407c4f3bf02c0a3293d7581/screenshot'
12:31:17.047 [AsyncHttpClient-1-4] DEBUG org.asynchttpclient.netty.handler.HttpHandler - 

Request DefaultFullHttpRequest(decodeResult: success, version: HTTP/1.1, content: EmptyByteBufBE)
GET /session/0b2215218407c4f3bf02c0a3293d7581/screenshot HTTP/1.1
User-Agent: selenium/4.4.0 (java windows)
Cache-Control: no-cache
Content-Type: application/json; charset=utf-8
host: localhost:61916
accept: */*

Response DefaultHttpResponse(decodeResult: success, version: HTTP/1.1)
HTTP/1.1 200 OK
Content-Type: application/json; charset=utf-8
cache-control: no-cache
content-length: 59108

12:31:17.048 [AsyncHttpClient-1-4] DEBUG org.asynchttpclient.netty.channel.ChannelManager - Adding key: http://localhost:61916 for channel [id: 0xe2722914, L:/127.0.0.1:60095 - R:localhost/127.0.0.1:61916]
12:31:17.049 [Test worker] DEBUG net.serenitybdd.core.photography.Darkroom - Send negative for processing for C:\Users\juan.gomezv\IdeaProjects\sura\target\site\serenity\60e3c498caf7a8fcf635471a5092c247627e1395d91e12246eaf1a3e7a34e095.png
12:31:17.050 [Test worker] DEBUG net.thucydides.core.steps.StepInterceptor - STEP DONE: {0} opens the #targetPageName
12:31:17.058 [Test worker] DEBUG net.thucydides.core.steps.StepInterceptor - STEP DONE: {0} abre la aplicación
  ?[32mDado ?[0m?[32m?[0m?[32m?[1mAna?[0m?[32m quiere consultar articulos deportivos en la web de la marca Swag?[0m   ?[90m# sura.stepDefinitions.LoginSteps.quiereConsultarArticulosDeportivosEnLaWebDeLaMarcaSwag(net.serenitybdd.screenplay.Actor)?[0m
12:31:17.072 [Forwarding getPageSource on session 0b2215218407c4f3bf02c0a3293d7581 to remote] DEBUG org.asynchttpclient.netty.request.NettyRequestSender - Using pooled Channel '[id: 0xe2722914, L:/127.0.0.1:60095 - R:localhost/127.0.0.1:61916]' for 'POST' to 'http://localhost:61916/session/0b2215218407c4f3bf02c0a3293d7581/execute/sync'
12:31:17.072 [Forwarding getPageSource on session 0b2215218407c4f3bf02c0a3293d7581 to remote] DEBUG org.asynchttpclient.netty.request.NettyRequestSender - Using open Channel [id: 0xe2722914, L:/127.0.0.1:60095 - R:localhost/127.0.0.1:61916] for POST '/session/0b2215218407c4f3bf02c0a3293d7581/execute/sync'
12:31:17.077 [AsyncHttpClient-1-4] DEBUG org.asynchttpclient.netty.handler.HttpHandler - 

Request DefaultHttpRequest(decodeResult: success, version: HTTP/1.1)
POST /session/0b2215218407c4f3bf02c0a3293d7581/execute/sync HTTP/1.1
User-Agent: selenium/4.4.0 (java windows)
Content-Length: 176
Content-Type: application/json; charset=utf-8
host: localhost:61916
accept: */*

Response DefaultHttpResponse(decodeResult: success, version: HTTP/1.1)
HTTP/1.1 200 OK
Content-Type: application/json; charset=utf-8
cache-control: no-cache
content-length: 4160

12:31:17.077 [AsyncHttpClient-1-4] DEBUG org.asynchttpclient.netty.channel.ChannelManager - Adding key: http://localhost:61916 for channel [id: 0xe2722914, L:/127.0.0.1:60095 - R:localhost/127.0.0.1:61916]
12:31:17.078 [Forwarding getCurrentUrl on session 0b2215218407c4f3bf02c0a3293d7581 to remote] DEBUG org.asynchttpclient.netty.request.NettyRequestSender - Using pooled Channel '[id: 0xe2722914, L:/127.0.0.1:60095 - R:localhost/127.0.0.1:61916]' for 'GET' to 'http://localhost:61916/session/0b2215218407c4f3bf02c0a3293d7581/url'
12:31:17.078 [Forwarding getCurrentUrl on session 0b2215218407c4f3bf02c0a3293d7581 to remote] DEBUG org.asynchttpclient.netty.request.NettyRequestSender - Using open Channel [id: 0xe2722914, L:/127.0.0.1:60095 - R:localhost/127.0.0.1:61916] for GET '/session/0b2215218407c4f3bf02c0a3293d7581/url'
12:31:17.082 [AsyncHttpClient-1-4] DEBUG org.asynchttpclient.netty.handler.HttpHandler - 

Request DefaultFullHttpRequest(decodeResult: success, version: HTTP/1.1, content: EmptyByteBufBE)
GET /session/0b2215218407c4f3bf02c0a3293d7581/url HTTP/1.1
User-Agent: selenium/4.4.0 (java windows)
Cache-Control: no-cache
Content-Type: application/json; charset=utf-8
host: localhost:61916
accept: */*

Response DefaultHttpResponse(decodeResult: success, version: HTTP/1.1)
HTTP/1.1 200 OK
Content-Type: application/json; charset=utf-8
cache-control: no-cache
content-length: 38

12:31:17.082 [AsyncHttpClient-1-4] DEBUG org.asynchttpclient.netty.channel.ChannelManager - Adding key: http://localhost:61916 for channel [id: 0xe2722914, L:/127.0.0.1:60095 - R:localhost/127.0.0.1:61916]
12:31:17.094 [Forwarding getPageSource on session 0b2215218407c4f3bf02c0a3293d7581 to remote] DEBUG org.asynchttpclient.netty.request.NettyRequestSender - Using pooled Channel '[id: 0xe2722914, L:/127.0.0.1:60095 - R:localhost/127.0.0.1:61916]' for 'POST' to 'http://localhost:61916/session/0b2215218407c4f3bf02c0a3293d7581/execute/sync'
12:31:17.094 [Forwarding getPageSource on session 0b2215218407c4f3bf02c0a3293d7581 to remote] DEBUG org.asynchttpclient.netty.request.NettyRequestSender - Using open Channel [id: 0xe2722914, L:/127.0.0.1:60095 - R:localhost/127.0.0.1:61916] for POST '/session/0b2215218407c4f3bf02c0a3293d7581/execute/sync'
12:31:17.098 [AsyncHttpClient-1-4] DEBUG org.asynchttpclient.netty.handler.HttpHandler - 

Request DefaultHttpRequest(decodeResult: success, version: HTTP/1.1)
POST /session/0b2215218407c4f3bf02c0a3293d7581/execute/sync HTTP/1.1
User-Agent: selenium/4.4.0 (java windows)
Content-Length: 176
Content-Type: application/json; charset=utf-8
host: localhost:61916
accept: */*

Response DefaultHttpResponse(decodeResult: success, version: HTTP/1.1)
HTTP/1.1 200 OK
Content-Type: application/json; charset=utf-8
cache-control: no-cache
content-length: 4160

12:31:17.098 [AsyncHttpClient-1-4] DEBUG org.asynchttpclient.netty.channel.ChannelManager - Adding key: http://localhost:61916 for channel [id: 0xe2722914, L:/127.0.0.1:60095 - R:localhost/127.0.0.1:61916]
12:31:17.100 [Forwarding getCurrentUrl on session 0b2215218407c4f3bf02c0a3293d7581 to remote] DEBUG org.asynchttpclient.netty.request.NettyRequestSender - Using pooled Channel '[id: 0xe2722914, L:/127.0.0.1:60095 - R:localhost/127.0.0.1:61916]' for 'GET' to 'http://localhost:61916/session/0b2215218407c4f3bf02c0a3293d7581/url'
12:31:17.100 [Forwarding getCurrentUrl on session 0b2215218407c4f3bf02c0a3293d7581 to remote] DEBUG org.asynchttpclient.netty.request.NettyRequestSender - Using open Channel [id: 0xe2722914, L:/127.0.0.1:60095 - R:localhost/127.0.0.1:61916] for GET '/session/0b2215218407c4f3bf02c0a3293d7581/url'
12:31:17.104 [AsyncHttpClient-1-4] DEBUG org.asynchttpclient.netty.handler.HttpHandler - 

Request DefaultFullHttpRequest(decodeResult: success, version: HTTP/1.1, content: EmptyByteBufBE)
GET /session/0b2215218407c4f3bf02c0a3293d7581/url HTTP/1.1
User-Agent: selenium/4.4.0 (java windows)
Cache-Control: no-cache
Content-Type: application/json; charset=utf-8
host: localhost:61916
accept: */*

Response DefaultHttpResponse(decodeResult: success, version: HTTP/1.1)
HTTP/1.1 200 OK
Content-Type: application/json; charset=utf-8
cache-control: no-cache
content-length: 38

12:31:17.104 [AsyncHttpClient-1-4] DEBUG org.asynchttpclient.netty.channel.ChannelManager - Adding key: http://localhost:61916 for channel [id: 0xe2722914, L:/127.0.0.1:60095 - R:localhost/127.0.0.1:61916]
12:31:17.106 [Test worker] DEBUG net.thucydides.core.steps.StepInterceptor - STARTING STEP: LoginSteps.elSeAutenticaComoUnUsuario - performAs
12:31:17.118 [Forwarding getCurrentWindowHandle on session 0b2215218407c4f3bf02c0a3293d7581 to remote] DEBUG org.asynchttpclient.netty.request.NettyRequestSender - Using pooled Channel '[id: 0xe2722914, L:/127.0.0.1:60095 - R:localhost/127.0.0.1:61916]' for 'GET' to 'http://localhost:61916/session/0b2215218407c4f3bf02c0a3293d7581/window'
12:31:17.118 [Forwarding getCurrentWindowHandle on session 0b2215218407c4f3bf02c0a3293d7581 to remote] DEBUG org.asynchttpclient.netty.request.NettyRequestSender - Using open Channel [id: 0xe2722914, L:/127.0.0.1:60095 - R:localhost/127.0.0.1:61916] for GET '/session/0b2215218407c4f3bf02c0a3293d7581/window'
12:31:17.118 [AsyncHttpClient-1-4] DEBUG org.asynchttpclient.netty.handler.HttpHandler - 

Request DefaultFullHttpRequest(decodeResult: success, version: HTTP/1.1, content: EmptyByteBufBE)
GET /session/0b2215218407c4f3bf02c0a3293d7581/window HTTP/1.1
User-Agent: selenium/4.4.0 (java windows)
Cache-Control: no-cache
Content-Type: application/json; charset=utf-8
host: localhost:61916
accept: */*

Response DefaultHttpResponse(decodeResult: success, version: HTTP/1.1)
HTTP/1.1 200 OK
Content-Type: application/json; charset=utf-8
cache-control: no-cache
content-length: 53

12:31:17.119 [AsyncHttpClient-1-4] DEBUG org.asynchttpclient.netty.channel.ChannelManager - Adding key: http://localhost:61916 for channel [id: 0xe2722914, L:/127.0.0.1:60095 - R:localhost/127.0.0.1:61916]
12:31:17.122 [Forwarding getAlertText on session 0b2215218407c4f3bf02c0a3293d7581 to remote] DEBUG org.asynchttpclient.netty.request.NettyRequestSender - Using pooled Channel '[id: 0xe2722914, L:/127.0.0.1:60095 - R:localhost/127.0.0.1:61916]' for 'GET' to 'http://localhost:61916/session/0b2215218407c4f3bf02c0a3293d7581/alert/text'
12:31:17.122 [Forwarding getAlertText on session 0b2215218407c4f3bf02c0a3293d7581 to remote] DEBUG org.asynchttpclient.netty.request.NettyRequestSender - Using open Channel [id: 0xe2722914, L:/127.0.0.1:60095 - R:localhost/127.0.0.1:61916] for GET '/session/0b2215218407c4f3bf02c0a3293d7581/alert/text'
12:31:17.124 [AsyncHttpClient-1-4] DEBUG org.asynchttpclient.netty.handler.HttpHandler - 

Request DefaultFullHttpRequest(decodeResult: success, version: HTTP/1.1, content: EmptyByteBufBE)
GET /session/0b2215218407c4f3bf02c0a3293d7581/alert/text HTTP/1.1
User-Agent: selenium/4.4.0 (java windows)
Cache-Control: no-cache
Content-Type: application/json; charset=utf-8
host: localhost:61916
accept: */*

Response DefaultHttpResponse(decodeResult: success, version: HTTP/1.1)
HTTP/1.1 404 Not Found
Content-Type: application/json; charset=utf-8
cache-control: no-cache
content-length: 879

12:31:17.124 [AsyncHttpClient-1-4] DEBUG org.asynchttpclient.netty.channel.ChannelManager - Adding key: http://localhost:61916 for channel [id: 0xe2722914, L:/127.0.0.1:60095 - R:localhost/127.0.0.1:61916]
12:31:17.128 [Forwarding switchToWindow on session 0b2215218407c4f3bf02c0a3293d7581 to remote] DEBUG org.asynchttpclient.netty.request.NettyRequestSender - Using pooled Channel '[id: 0xe2722914, L:/127.0.0.1:60095 - R:localhost/127.0.0.1:61916]' for 'POST' to 'http://localhost:61916/session/0b2215218407c4f3bf02c0a3293d7581/window'
12:31:17.128 [Forwarding switchToWindow on session 0b2215218407c4f3bf02c0a3293d7581 to remote] DEBUG org.asynchttpclient.netty.request.NettyRequestSender - Using open Channel [id: 0xe2722914, L:/127.0.0.1:60095 - R:localhost/127.0.0.1:61916] for POST '/session/0b2215218407c4f3bf02c0a3293d7581/window'
12:31:17.131 [AsyncHttpClient-1-4] DEBUG org.asynchttpclient.netty.handler.HttpHandler - 

Request DefaultHttpRequest(decodeResult: success, version: HTTP/1.1)
POST /session/0b2215218407c4f3bf02c0a3293d7581/window HTTP/1.1
User-Agent: selenium/4.4.0 (java windows)
Content-Length: 59
Content-Type: application/json; charset=utf-8
host: localhost:61916
accept: */*

Response DefaultHttpResponse(decodeResult: success, version: HTTP/1.1)
HTTP/1.1 200 OK
Content-Type: application/json; charset=utf-8
cache-control: no-cache
content-length: 14

12:31:17.131 [AsyncHttpClient-1-4] DEBUG org.asynchttpclient.netty.channel.ChannelManager - Adding key: http://localhost:61916 for channel [id: 0xe2722914, L:/127.0.0.1:60095 - R:localhost/127.0.0.1:61916]
12:31:17.132 [Forwarding getCurrentUrl on session 0b2215218407c4f3bf02c0a3293d7581 to remote] DEBUG org.asynchttpclient.netty.request.NettyRequestSender - Using pooled Channel '[id: 0xe2722914, L:/127.0.0.1:60095 - R:localhost/127.0.0.1:61916]' for 'GET' to 'http://localhost:61916/session/0b2215218407c4f3bf02c0a3293d7581/url'
12:31:17.132 [Forwarding getCurrentUrl on session 0b2215218407c4f3bf02c0a3293d7581 to remote] DEBUG org.asynchttpclient.netty.request.NettyRequestSender - Using open Channel [id: 0xe2722914, L:/127.0.0.1:60095 - R:localhost/127.0.0.1:61916] for GET '/session/0b2215218407c4f3bf02c0a3293d7581/url'
12:31:17.133 [AsyncHttpClient-1-4] DEBUG org.asynchttpclient.netty.handler.HttpHandler - 

Request DefaultFullHttpRequest(decodeResult: success, version: HTTP/1.1, content: EmptyByteBufBE)
GET /session/0b2215218407c4f3bf02c0a3293d7581/url HTTP/1.1
User-Agent: selenium/4.4.0 (java windows)
Cache-Control: no-cache
Content-Type: application/json; charset=utf-8
host: localhost:61916
accept: */*

Response DefaultHttpResponse(decodeResult: success, version: HTTP/1.1)
HTTP/1.1 200 OK
Content-Type: application/json; charset=utf-8
cache-control: no-cache
content-length: 38

12:31:17.133 [AsyncHttpClient-1-4] DEBUG org.asynchttpclient.netty.channel.ChannelManager - Adding key: http://localhost:61916 for channel [id: 0xe2722914, L:/127.0.0.1:60095 - R:localhost/127.0.0.1:61916]
12:31:17.134 [Forwarding screenshot on session 0b2215218407c4f3bf02c0a3293d7581 to remote] DEBUG org.asynchttpclient.netty.request.NettyRequestSender - Using pooled Channel '[id: 0xe2722914, L:/127.0.0.1:60095 - R:localhost/127.0.0.1:61916]' for 'GET' to 'http://localhost:61916/session/0b2215218407c4f3bf02c0a3293d7581/screenshot'
12:31:17.134 [Forwarding screenshot on session 0b2215218407c4f3bf02c0a3293d7581 to remote] DEBUG org.asynchttpclient.netty.request.NettyRequestSender - Using open Channel [id: 0xe2722914, L:/127.0.0.1:60095 - R:localhost/127.0.0.1:61916] for GET '/session/0b2215218407c4f3bf02c0a3293d7581/screenshot'
12:31:17.200 [AsyncHttpClient-1-4] DEBUG org.asynchttpclient.netty.handler.HttpHandler - 

Request DefaultFullHttpRequest(decodeResult: success, version: HTTP/1.1, content: EmptyByteBufBE)
GET /session/0b2215218407c4f3bf02c0a3293d7581/screenshot HTTP/1.1
User-Agent: selenium/4.4.0 (java windows)
Cache-Control: no-cache
Content-Type: application/json; charset=utf-8
host: localhost:61916
accept: */*

Response DefaultHttpResponse(decodeResult: success, version: HTTP/1.1)
HTTP/1.1 200 OK
Content-Type: application/json; charset=utf-8
cache-control: no-cache
content-length: 59108

12:31:17.201 [AsyncHttpClient-1-4] DEBUG org.asynchttpclient.netty.channel.ChannelManager - Adding key: http://localhost:61916 for channel [id: 0xe2722914, L:/127.0.0.1:60095 - R:localhost/127.0.0.1:61916]
12:31:17.202 [Test worker] DEBUG net.serenitybdd.core.photography.Darkroom - Send negative for processing for C:\Users\juan.gomezv\IdeaProjects\sura\target\site\serenity\60e3c498caf7a8fcf635471a5092c247627e1395d91e12246eaf1a3e7a34e095.png
12:31:17.205 [Forwarding getPageSource on session 0b2215218407c4f3bf02c0a3293d7581 to remote] DEBUG org.asynchttpclient.netty.request.NettyRequestSender - Using pooled Channel '[id: 0xe2722914, L:/127.0.0.1:60095 - R:localhost/127.0.0.1:61916]' for 'POST' to 'http://localhost:61916/session/0b2215218407c4f3bf02c0a3293d7581/execute/sync'
12:31:17.205 [Forwarding getPageSource on session 0b2215218407c4f3bf02c0a3293d7581 to remote] DEBUG org.asynchttpclient.netty.request.NettyRequestSender - Using open Channel [id: 0xe2722914, L:/127.0.0.1:60095 - R:localhost/127.0.0.1:61916] for POST '/session/0b2215218407c4f3bf02c0a3293d7581/execute/sync'
12:31:17.209 [AsyncHttpClient-1-4] DEBUG org.asynchttpclient.netty.handler.HttpHandler - 

Request DefaultHttpRequest(decodeResult: success, version: HTTP/1.1)
POST /session/0b2215218407c4f3bf02c0a3293d7581/execute/sync HTTP/1.1
User-Agent: selenium/4.4.0 (java windows)
Content-Length: 176
Content-Type: application/json; charset=utf-8
host: localhost:61916
accept: */*

Response DefaultHttpResponse(decodeResult: success, version: HTTP/1.1)
HTTP/1.1 200 OK
Content-Type: application/json; charset=utf-8
cache-control: no-cache
content-length: 4160

12:31:17.209 [AsyncHttpClient-1-4] DEBUG org.asynchttpclient.netty.channel.ChannelManager - Adding key: http://localhost:61916 for channel [id: 0xe2722914, L:/127.0.0.1:60095 - R:localhost/127.0.0.1:61916]
12:31:17.210 [Forwarding getCurrentUrl on session 0b2215218407c4f3bf02c0a3293d7581 to remote] DEBUG org.asynchttpclient.netty.request.NettyRequestSender - Using pooled Channel '[id: 0xe2722914, L:/127.0.0.1:60095 - R:localhost/127.0.0.1:61916]' for 'GET' to 'http://localhost:61916/session/0b2215218407c4f3bf02c0a3293d7581/url'
12:31:17.210 [Forwarding getCurrentUrl on session 0b2215218407c4f3bf02c0a3293d7581 to remote] DEBUG org.asynchttpclient.netty.request.NettyRequestSender - Using open Channel [id: 0xe2722914, L:/127.0.0.1:60095 - R:localhost/127.0.0.1:61916] for GET '/session/0b2215218407c4f3bf02c0a3293d7581/url'
12:31:17.212 [AsyncHttpClient-1-4] DEBUG org.asynchttpclient.netty.handler.HttpHandler - 

Request DefaultFullHttpRequest(decodeResult: success, version: HTTP/1.1, content: EmptyByteBufBE)
GET /session/0b2215218407c4f3bf02c0a3293d7581/url HTTP/1.1
User-Agent: selenium/4.4.0 (java windows)
Cache-Control: no-cache
Content-Type: application/json; charset=utf-8
host: localhost:61916
accept: */*

Response DefaultHttpResponse(decodeResult: success, version: HTTP/1.1)
HTTP/1.1 200 OK
Content-Type: application/json; charset=utf-8
cache-control: no-cache
content-length: 38

12:31:17.212 [AsyncHttpClient-1-4] DEBUG org.asynchttpclient.netty.channel.ChannelManager - Adding key: http://localhost:61916 for channel [id: 0xe2722914, L:/127.0.0.1:60095 - R:localhost/127.0.0.1:61916]
12:31:17.213 [Test worker] DEBUG net.thucydides.core.steps.StepInterceptor - STARTING STEP: LogIn.performAs - {0} enters #theTextAsAString into #target
12:31:17.216 [Test worker] DEBUG net.serenitybdd.screenplay.targets.IFrameSwitcher - default content already selected for usernameTextBox
12:31:17.228 [Forwarding findElement on session 0b2215218407c4f3bf02c0a3293d7581 to remote] DEBUG org.asynchttpclient.netty.request.NettyRequestSender - Using pooled Channel '[id: 0xe2722914, L:/127.0.0.1:60095 - R:localhost/127.0.0.1:61916]' for 'POST' to 'http://localhost:61916/session/0b2215218407c4f3bf02c0a3293d7581/element'
12:31:17.228 [Forwarding findElement on session 0b2215218407c4f3bf02c0a3293d7581 to remote] DEBUG org.asynchttpclient.netty.request.NettyRequestSender - Using open Channel [id: 0xe2722914, L:/127.0.0.1:60095 - R:localhost/127.0.0.1:61916] for POST '/session/0b2215218407c4f3bf02c0a3293d7581/element'
12:31:17.236 [AsyncHttpClient-1-4] DEBUG org.asynchttpclient.netty.handler.HttpHandler - 

Request DefaultHttpRequest(decodeResult: success, version: HTTP/1.1)
POST /session/0b2215218407c4f3bf02c0a3293d7581/element HTTP/1.1
User-Agent: selenium/4.4.0 (java windows)
Content-Length: 67
Content-Type: application/json; charset=utf-8
host: localhost:61916
accept: */*

Response DefaultHttpResponse(decodeResult: success, version: HTTP/1.1)
HTTP/1.1 200 OK
Content-Type: application/json; charset=utf-8
cache-control: no-cache
content-length: 88

12:31:17.236 [AsyncHttpClient-1-4] DEBUG org.asynchttpclient.netty.channel.ChannelManager - Adding key: http://localhost:61916 for channel [id: 0xe2722914, L:/127.0.0.1:60095 - R:localhost/127.0.0.1:61916]
12:31:17.237 [Forwarding clearElement on session 0b2215218407c4f3bf02c0a3293d7581 to remote] DEBUG org.asynchttpclient.netty.request.NettyRequestSender - Using pooled Channel '[id: 0xe2722914, L:/127.0.0.1:60095 - R:localhost/127.0.0.1:61916]' for 'POST' to 'http://localhost:61916/session/0b2215218407c4f3bf02c0a3293d7581/element/5ec31c22-c48f-4332-9f9b-50fb2728bf3e/clear'
12:31:17.237 [Forwarding clearElement on session 0b2215218407c4f3bf02c0a3293d7581 to remote] DEBUG org.asynchttpclient.netty.request.NettyRequestSender - Using open Channel [id: 0xe2722914, L:/127.0.0.1:60095 - R:localhost/127.0.0.1:61916] for POST '/session/0b2215218407c4f3bf02c0a3293d7581/element/5ec31c22-c48f-4332-9f9b-50fb2728bf3e/clear'
12:31:17.260 [AsyncHttpClient-1-4] DEBUG org.asynchttpclient.netty.handler.HttpHandler - 

Request DefaultHttpRequest(decodeResult: success, version: HTTP/1.1)
POST /session/0b2215218407c4f3bf02c0a3293d7581/element/5ec31c22-c48f-4332-9f9b-50fb2728bf3e/clear HTTP/1.1
User-Agent: selenium/4.4.0 (java windows)
Content-Length: 50
Content-Type: application/json; charset=utf-8
host: localhost:61916
accept: */*

Response DefaultHttpResponse(decodeResult: success, version: HTTP/1.1)
HTTP/1.1 200 OK
Content-Type: application/json; charset=utf-8
cache-control: no-cache
content-length: 14

12:31:17.260 [AsyncHttpClient-1-4] DEBUG org.asynchttpclient.netty.channel.ChannelManager - Adding key: http://localhost:61916 for channel [id: 0xe2722914, L:/127.0.0.1:60095 - R:localhost/127.0.0.1:61916]
12:31:17.263 [Forwarding sendKeysToElement on session 0b2215218407c4f3bf02c0a3293d7581 to remote] DEBUG org.asynchttpclient.netty.request.NettyRequestSender - Using pooled Channel '[id: 0xe2722914, L:/127.0.0.1:60095 - R:localhost/127.0.0.1:61916]' for 'POST' to 'http://localhost:61916/session/0b2215218407c4f3bf02c0a3293d7581/element/5ec31c22-c48f-4332-9f9b-50fb2728bf3e/value'
12:31:17.263 [Forwarding sendKeysToElement on session 0b2215218407c4f3bf02c0a3293d7581 to remote] DEBUG org.asynchttpclient.netty.request.NettyRequestSender - Using open Channel [id: 0xe2722914, L:/127.0.0.1:60095 - R:localhost/127.0.0.1:61916] for POST '/session/0b2215218407c4f3bf02c0a3293d7581/element/5ec31c22-c48f-4332-9f9b-50fb2728bf3e/value'
12:31:17.289 [AsyncHttpClient-1-4] DEBUG org.asynchttpclient.netty.handler.HttpHandler - 

Request DefaultHttpRequest(decodeResult: success, version: HTTP/1.1)
POST /session/0b2215218407c4f3bf02c0a3293d7581/element/5ec31c22-c48f-4332-9f9b-50fb2728bf3e/value HTTP/1.1
User-Agent: selenium/4.4.0 (java windows)
Content-Length: 82
Content-Type: application/json; charset=utf-8
host: localhost:61916
accept: */*

Response DefaultHttpResponse(decodeResult: success, version: HTTP/1.1)
HTTP/1.1 200 OK
Content-Type: application/json; charset=utf-8
cache-control: no-cache
content-length: 14

12:31:17.289 [AsyncHttpClient-1-4] DEBUG org.asynchttpclient.netty.channel.ChannelManager - Adding key: http://localhost:61916 for channel [id: 0xe2722914, L:/127.0.0.1:60095 - R:localhost/127.0.0.1:61916]
12:31:17.300 [Forwarding getCurrentWindowHandle on session 0b2215218407c4f3bf02c0a3293d7581 to remote] DEBUG org.asynchttpclient.netty.request.NettyRequestSender - Using pooled Channel '[id: 0xe2722914, L:/127.0.0.1:60095 - R:localhost/127.0.0.1:61916]' for 'GET' to 'http://localhost:61916/session/0b2215218407c4f3bf02c0a3293d7581/window'
12:31:17.300 [Forwarding getCurrentWindowHandle on session 0b2215218407c4f3bf02c0a3293d7581 to remote] DEBUG org.asynchttpclient.netty.request.NettyRequestSender - Using open Channel [id: 0xe2722914, L:/127.0.0.1:60095 - R:localhost/127.0.0.1:61916] for GET '/session/0b2215218407c4f3bf02c0a3293d7581/window'
12:31:17.301 [AsyncHttpClient-1-4] DEBUG org.asynchttpclient.netty.handler.HttpHandler - 

Request DefaultFullHttpRequest(decodeResult: success, version: HTTP/1.1, content: EmptyByteBufBE)
GET /session/0b2215218407c4f3bf02c0a3293d7581/window HTTP/1.1
User-Agent: selenium/4.4.0 (java windows)
Cache-Control: no-cache
Content-Type: application/json; charset=utf-8
host: localhost:61916
accept: */*

Response DefaultHttpResponse(decodeResult: success, version: HTTP/1.1)
HTTP/1.1 200 OK
Content-Type: application/json; charset=utf-8
cache-control: no-cache
content-length: 53

12:31:17.301 [AsyncHttpClient-1-4] DEBUG org.asynchttpclient.netty.channel.ChannelManager - Adding key: http://localhost:61916 for channel [id: 0xe2722914, L:/127.0.0.1:60095 - R:localhost/127.0.0.1:61916]
12:31:17.304 [Forwarding getAlertText on session 0b2215218407c4f3bf02c0a3293d7581 to remote] DEBUG org.asynchttpclient.netty.request.NettyRequestSender - Using pooled Channel '[id: 0xe2722914, L:/127.0.0.1:60095 - R:localhost/127.0.0.1:61916]' for 'GET' to 'http://localhost:61916/session/0b2215218407c4f3bf02c0a3293d7581/alert/text'
12:31:17.304 [Forwarding getAlertText on session 0b2215218407c4f3bf02c0a3293d7581 to remote] DEBUG org.asynchttpclient.netty.request.NettyRequestSender - Using open Channel [id: 0xe2722914, L:/127.0.0.1:60095 - R:localhost/127.0.0.1:61916] for GET '/session/0b2215218407c4f3bf02c0a3293d7581/alert/text'
12:31:17.306 [AsyncHttpClient-1-4] DEBUG org.asynchttpclient.netty.handler.HttpHandler - 

Request DefaultFullHttpRequest(decodeResult: success, version: HTTP/1.1, content: EmptyByteBufBE)
GET /session/0b2215218407c4f3bf02c0a3293d7581/alert/text HTTP/1.1
User-Agent: selenium/4.4.0 (java windows)
Cache-Control: no-cache
Content-Type: application/json; charset=utf-8
host: localhost:61916
accept: */*

Response DefaultHttpResponse(decodeResult: success, version: HTTP/1.1)
HTTP/1.1 404 Not Found
Content-Type: application/json; charset=utf-8
cache-control: no-cache
content-length: 879

12:31:17.306 [AsyncHttpClient-1-4] DEBUG org.asynchttpclient.netty.channel.ChannelManager - Adding key: http://localhost:61916 for channel [id: 0xe2722914, L:/127.0.0.1:60095 - R:localhost/127.0.0.1:61916]
12:31:17.309 [Forwarding switchToWindow on session 0b2215218407c4f3bf02c0a3293d7581 to remote] DEBUG org.asynchttpclient.netty.request.NettyRequestSender - Using pooled Channel '[id: 0xe2722914, L:/127.0.0.1:60095 - R:localhost/127.0.0.1:61916]' for 'POST' to 'http://localhost:61916/session/0b2215218407c4f3bf02c0a3293d7581/window'
12:31:17.309 [Forwarding switchToWindow on session 0b2215218407c4f3bf02c0a3293d7581 to remote] DEBUG org.asynchttpclient.netty.request.NettyRequestSender - Using open Channel [id: 0xe2722914, L:/127.0.0.1:60095 - R:localhost/127.0.0.1:61916] for POST '/session/0b2215218407c4f3bf02c0a3293d7581/window'
12:31:17.313 [AsyncHttpClient-1-4] DEBUG org.asynchttpclient.netty.handler.HttpHandler - 

Request DefaultHttpRequest(decodeResult: success, version: HTTP/1.1)
POST /session/0b2215218407c4f3bf02c0a3293d7581/window HTTP/1.1
User-Agent: selenium/4.4.0 (java windows)
Content-Length: 59
Content-Type: application/json; charset=utf-8
host: localhost:61916
accept: */*

Response DefaultHttpResponse(decodeResult: success, version: HTTP/1.1)
HTTP/1.1 200 OK
Content-Type: application/json; charset=utf-8
cache-control: no-cache
content-length: 14

12:31:17.313 [AsyncHttpClient-1-4] DEBUG org.asynchttpclient.netty.channel.ChannelManager - Adding key: http://localhost:61916 for channel [id: 0xe2722914, L:/127.0.0.1:60095 - R:localhost/127.0.0.1:61916]
12:31:17.313 [Forwarding getCurrentUrl on session 0b2215218407c4f3bf02c0a3293d7581 to remote] DEBUG org.asynchttpclient.netty.request.NettyRequestSender - Using pooled Channel '[id: 0xe2722914, L:/127.0.0.1:60095 - R:localhost/127.0.0.1:61916]' for 'GET' to 'http://localhost:61916/session/0b2215218407c4f3bf02c0a3293d7581/url'
12:31:17.313 [Forwarding getCurrentUrl on session 0b2215218407c4f3bf02c0a3293d7581 to remote] DEBUG org.asynchttpclient.netty.request.NettyRequestSender - Using open Channel [id: 0xe2722914, L:/127.0.0.1:60095 - R:localhost/127.0.0.1:61916] for GET '/session/0b2215218407c4f3bf02c0a3293d7581/url'
12:31:17.317 [AsyncHttpClient-1-4] DEBUG org.asynchttpclient.netty.handler.HttpHandler - 

Request DefaultFullHttpRequest(decodeResult: success, version: HTTP/1.1, content: EmptyByteBufBE)
GET /session/0b2215218407c4f3bf02c0a3293d7581/url HTTP/1.1
User-Agent: selenium/4.4.0 (java windows)
Cache-Control: no-cache
Content-Type: application/json; charset=utf-8
host: localhost:61916
accept: */*

Response DefaultHttpResponse(decodeResult: success, version: HTTP/1.1)
HTTP/1.1 200 OK
Content-Type: application/json; charset=utf-8
cache-control: no-cache
content-length: 38

12:31:17.317 [AsyncHttpClient-1-4] DEBUG org.asynchttpclient.netty.channel.ChannelManager - Adding key: http://localhost:61916 for channel [id: 0xe2722914, L:/127.0.0.1:60095 - R:localhost/127.0.0.1:61916]
12:31:17.317 [Forwarding screenshot on session 0b2215218407c4f3bf02c0a3293d7581 to remote] DEBUG org.asynchttpclient.netty.request.NettyRequestSender - Using pooled Channel '[id: 0xe2722914, L:/127.0.0.1:60095 - R:localhost/127.0.0.1:61916]' for 'GET' to 'http://localhost:61916/session/0b2215218407c4f3bf02c0a3293d7581/screenshot'
12:31:17.317 [Forwarding screenshot on session 0b2215218407c4f3bf02c0a3293d7581 to remote] DEBUG org.asynchttpclient.netty.request.NettyRequestSender - Using open Channel [id: 0xe2722914, L:/127.0.0.1:60095 - R:localhost/127.0.0.1:61916] for GET '/session/0b2215218407c4f3bf02c0a3293d7581/screenshot'
12:31:17.347 [AsyncHttpClient-1-1] DEBUG org.asynchttpclient.netty.channel.DefaultChannelPool - Entry count for : http://localhost:60096 : 1
12:31:17.403 [AsyncHttpClient-1-4] DEBUG org.asynchttpclient.netty.handler.HttpHandler - 

Request DefaultFullHttpRequest(decodeResult: success, version: HTTP/1.1, content: EmptyByteBufBE)
GET /session/0b2215218407c4f3bf02c0a3293d7581/screenshot HTTP/1.1
User-Agent: selenium/4.4.0 (java windows)
Cache-Control: no-cache
Content-Type: application/json; charset=utf-8
host: localhost:61916
accept: */*

Response DefaultHttpResponse(decodeResult: success, version: HTTP/1.1)
HTTP/1.1 200 OK
Content-Type: application/json; charset=utf-8
cache-control: no-cache
content-length: 59132

12:31:17.403 [AsyncHttpClient-1-4] DEBUG org.asynchttpclient.netty.channel.ChannelManager - Adding key: http://localhost:61916 for channel [id: 0xe2722914, L:/127.0.0.1:60095 - R:localhost/127.0.0.1:61916]
12:31:17.404 [Test worker] DEBUG net.serenitybdd.core.photography.Darkroom - Send negative for processing for C:\Users\juan.gomezv\IdeaProjects\sura\target\site\serenity\5ce50cb1a5ed31074c82f119d5f16420b9be3b49e4f4846f8cfb1d47c1c53b5f.png
12:31:17.405 [Test worker] DEBUG net.thucydides.core.steps.StepInterceptor - STEP DONE: {0} enters #theTextAsAString into #target
12:31:17.405 [Darkroom Processing Line] DEBUG net.serenitybdd.core.photography.DarkroomProcessingLine - Processing screenshot image in /var/screenshots/screenshot-9775148173799135365
12:31:17.405 [Darkroom Processing Line] DEBUG net.serenitybdd.core.photography.DarkroomProcessingLine - Saving screenshot to C:\Users\juan.gomezv\IdeaProjects\sura\target\site\serenity\5ce50cb1a5ed31074c82f119d5f16420b9be3b49e4f4846f8cfb1d47c1c53b5f.png
12:31:17.412 [Forwarding getPageSource on session 0b2215218407c4f3bf02c0a3293d7581 to remote] DEBUG org.asynchttpclient.netty.request.NettyRequestSender - Using pooled Channel '[id: 0xe2722914, L:/127.0.0.1:60095 - R:localhost/127.0.0.1:61916]' for 'POST' to 'http://localhost:61916/session/0b2215218407c4f3bf02c0a3293d7581/execute/sync'
12:31:17.412 [Forwarding getPageSource on session 0b2215218407c4f3bf02c0a3293d7581 to remote] DEBUG org.asynchttpclient.netty.request.NettyRequestSender - Using open Channel [id: 0xe2722914, L:/127.0.0.1:60095 - R:localhost/127.0.0.1:61916] for POST '/session/0b2215218407c4f3bf02c0a3293d7581/execute/sync'
12:31:17.417 [AsyncHttpClient-1-4] DEBUG org.asynchttpclient.netty.handler.HttpHandler - 

Request DefaultHttpRequest(decodeResult: success, version: HTTP/1.1)
POST /session/0b2215218407c4f3bf02c0a3293d7581/execute/sync HTTP/1.1
User-Agent: selenium/4.4.0 (java windows)
Content-Length: 176
Content-Type: application/json; charset=utf-8
host: localhost:61916
accept: */*

Response DefaultHttpResponse(decodeResult: success, version: HTTP/1.1)
HTTP/1.1 200 OK
Content-Type: application/json; charset=utf-8
cache-control: no-cache
content-length: 4160

12:31:17.417 [AsyncHttpClient-1-4] DEBUG org.asynchttpclient.netty.channel.ChannelManager - Adding key: http://localhost:61916 for channel [id: 0xe2722914, L:/127.0.0.1:60095 - R:localhost/127.0.0.1:61916]
12:31:17.418 [Forwarding getCurrentUrl on session 0b2215218407c4f3bf02c0a3293d7581 to remote] DEBUG org.asynchttpclient.netty.request.NettyRequestSender - Using pooled Channel '[id: 0xe2722914, L:/127.0.0.1:60095 - R:localhost/127.0.0.1:61916]' for 'GET' to 'http://localhost:61916/session/0b2215218407c4f3bf02c0a3293d7581/url'
12:31:17.418 [Forwarding getCurrentUrl on session 0b2215218407c4f3bf02c0a3293d7581 to remote] DEBUG org.asynchttpclient.netty.request.NettyRequestSender - Using open Channel [id: 0xe2722914, L:/127.0.0.1:60095 - R:localhost/127.0.0.1:61916] for GET '/session/0b2215218407c4f3bf02c0a3293d7581/url'
12:31:17.421 [AsyncHttpClient-1-4] DEBUG org.asynchttpclient.netty.handler.HttpHandler - 

Request DefaultFullHttpRequest(decodeResult: success, version: HTTP/1.1, content: EmptyByteBufBE)
GET /session/0b2215218407c4f3bf02c0a3293d7581/url HTTP/1.1
User-Agent: selenium/4.4.0 (java windows)
Cache-Control: no-cache
Content-Type: application/json; charset=utf-8
host: localhost:61916
accept: */*

Response DefaultHttpResponse(decodeResult: success, version: HTTP/1.1)
HTTP/1.1 200 OK
Content-Type: application/json; charset=utf-8
cache-control: no-cache
content-length: 38

12:31:17.421 [AsyncHttpClient-1-4] DEBUG org.asynchttpclient.netty.channel.ChannelManager - Adding key: http://localhost:61916 for channel [id: 0xe2722914, L:/127.0.0.1:60095 - R:localhost/127.0.0.1:61916]
12:31:17.422 [Test worker] DEBUG net.thucydides.core.steps.StepInterceptor - STARTING STEP: LogIn.performAs - {0} enters #theTextAsAString into #target
12:31:17.425 [Test worker] DEBUG net.serenitybdd.screenplay.targets.IFrameSwitcher - default content already selected for passwordTextBox
12:31:17.433 [Forwarding findElement on session 0b2215218407c4f3bf02c0a3293d7581 to remote] DEBUG org.asynchttpclient.netty.request.NettyRequestSender - Using pooled Channel '[id: 0xe2722914, L:/127.0.0.1:60095 - R:localhost/127.0.0.1:61916]' for 'POST' to 'http://localhost:61916/session/0b2215218407c4f3bf02c0a3293d7581/element'
12:31:17.434 [Forwarding findElement on session 0b2215218407c4f3bf02c0a3293d7581 to remote] DEBUG org.asynchttpclient.netty.request.NettyRequestSender - Using open Channel [id: 0xe2722914, L:/127.0.0.1:60095 - R:localhost/127.0.0.1:61916] for POST '/session/0b2215218407c4f3bf02c0a3293d7581/element'
12:31:17.443 [AsyncHttpClient-1-4] DEBUG org.asynchttpclient.netty.handler.HttpHandler - 

Request DefaultHttpRequest(decodeResult: success, version: HTTP/1.1)
POST /session/0b2215218407c4f3bf02c0a3293d7581/element HTTP/1.1
User-Agent: selenium/4.4.0 (java windows)
Content-Length: 66
Content-Type: application/json; charset=utf-8
host: localhost:61916
accept: */*

Response DefaultHttpResponse(decodeResult: success, version: HTTP/1.1)
HTTP/1.1 200 OK
Content-Type: application/json; charset=utf-8
cache-control: no-cache
content-length: 88

12:31:17.443 [AsyncHttpClient-1-4] DEBUG org.asynchttpclient.netty.channel.ChannelManager - Adding key: http://localhost:61916 for channel [id: 0xe2722914, L:/127.0.0.1:60095 - R:localhost/127.0.0.1:61916]
12:31:17.445 [Forwarding clearElement on session 0b2215218407c4f3bf02c0a3293d7581 to remote] DEBUG org.asynchttpclient.netty.request.NettyRequestSender - Using pooled Channel '[id: 0xe2722914, L:/127.0.0.1:60095 - R:localhost/127.0.0.1:61916]' for 'POST' to 'http://localhost:61916/session/0b2215218407c4f3bf02c0a3293d7581/element/0d338862-3477-4914-b067-2045a0b1dbea/clear'
12:31:17.445 [Forwarding clearElement on session 0b2215218407c4f3bf02c0a3293d7581 to remote] DEBUG org.asynchttpclient.netty.request.NettyRequestSender - Using open Channel [id: 0xe2722914, L:/127.0.0.1:60095 - R:localhost/127.0.0.1:61916] for POST '/session/0b2215218407c4f3bf02c0a3293d7581/element/0d338862-3477-4914-b067-2045a0b1dbea/clear'
12:31:17.472 [AsyncHttpClient-1-4] DEBUG org.asynchttpclient.netty.handler.HttpHandler - 

Request DefaultHttpRequest(decodeResult: success, version: HTTP/1.1)
POST /session/0b2215218407c4f3bf02c0a3293d7581/element/0d338862-3477-4914-b067-2045a0b1dbea/clear HTTP/1.1
User-Agent: selenium/4.4.0 (java windows)
Content-Length: 50
Content-Type: application/json; charset=utf-8
host: localhost:61916
accept: */*

Response DefaultHttpResponse(decodeResult: success, version: HTTP/1.1)
HTTP/1.1 200 OK
Content-Type: application/json; charset=utf-8
cache-control: no-cache
content-length: 14

12:31:17.472 [AsyncHttpClient-1-4] DEBUG org.asynchttpclient.netty.channel.ChannelManager - Adding key: http://localhost:61916 for channel [id: 0xe2722914, L:/127.0.0.1:60095 - R:localhost/127.0.0.1:61916]
12:31:17.478 [Forwarding sendKeysToElement on session 0b2215218407c4f3bf02c0a3293d7581 to remote] DEBUG org.asynchttpclient.netty.request.NettyRequestSender - Using pooled Channel '[id: 0xe2722914, L:/127.0.0.1:60095 - R:localhost/127.0.0.1:61916]' for 'POST' to 'http://localhost:61916/session/0b2215218407c4f3bf02c0a3293d7581/element/0d338862-3477-4914-b067-2045a0b1dbea/value'
12:31:17.478 [Forwarding sendKeysToElement on session 0b2215218407c4f3bf02c0a3293d7581 to remote] DEBUG org.asynchttpclient.netty.request.NettyRequestSender - Using open Channel [id: 0xe2722914, L:/127.0.0.1:60095 - R:localhost/127.0.0.1:61916] for POST '/session/0b2215218407c4f3bf02c0a3293d7581/element/0d338862-3477-4914-b067-2045a0b1dbea/value'
12:31:17.516 [AsyncHttpClient-1-4] DEBUG org.asynchttpclient.netty.handler.HttpHandler - 

Request DefaultHttpRequest(decodeResult: success, version: HTTP/1.1)
POST /session/0b2215218407c4f3bf02c0a3293d7581/element/0d338862-3477-4914-b067-2045a0b1dbea/value HTTP/1.1
User-Agent: selenium/4.4.0 (java windows)
Content-Length: 161
Content-Type: application/json; charset=utf-8
host: localhost:61916
accept: */*

Response DefaultHttpResponse(decodeResult: success, version: HTTP/1.1)
HTTP/1.1 200 OK
Content-Type: application/json; charset=utf-8
cache-control: no-cache
content-length: 14

12:31:17.517 [AsyncHttpClient-1-4] DEBUG org.asynchttpclient.netty.channel.ChannelManager - Adding key: http://localhost:61916 for channel [id: 0xe2722914, L:/127.0.0.1:60095 - R:localhost/127.0.0.1:61916]
12:31:17.529 [Forwarding getCurrentWindowHandle on session 0b2215218407c4f3bf02c0a3293d7581 to remote] DEBUG org.asynchttpclient.netty.request.NettyRequestSender - Using pooled Channel '[id: 0xe2722914, L:/127.0.0.1:60095 - R:localhost/127.0.0.1:61916]' for 'GET' to 'http://localhost:61916/session/0b2215218407c4f3bf02c0a3293d7581/window'
12:31:17.529 [Forwarding getCurrentWindowHandle on session 0b2215218407c4f3bf02c0a3293d7581 to remote] DEBUG org.asynchttpclient.netty.request.NettyRequestSender - Using open Channel [id: 0xe2722914, L:/127.0.0.1:60095 - R:localhost/127.0.0.1:61916] for GET '/session/0b2215218407c4f3bf02c0a3293d7581/window'
12:31:17.529 [AsyncHttpClient-1-4] DEBUG org.asynchttpclient.netty.handler.HttpHandler - 

Request DefaultFullHttpRequest(decodeResult: success, version: HTTP/1.1, content: EmptyByteBufBE)
GET /session/0b2215218407c4f3bf02c0a3293d7581/window HTTP/1.1
User-Agent: selenium/4.4.0 (java windows)
Cache-Control: no-cache
Content-Type: application/json; charset=utf-8
host: localhost:61916
accept: */*

Response DefaultHttpResponse(decodeResult: success, version: HTTP/1.1)
HTTP/1.1 200 OK
Content-Type: application/json; charset=utf-8
cache-control: no-cache
content-length: 53

12:31:17.529 [AsyncHttpClient-1-4] DEBUG org.asynchttpclient.netty.channel.ChannelManager - Adding key: http://localhost:61916 for channel [id: 0xe2722914, L:/127.0.0.1:60095 - R:localhost/127.0.0.1:61916]
12:31:17.532 [Forwarding getAlertText on session 0b2215218407c4f3bf02c0a3293d7581 to remote] DEBUG org.asynchttpclient.netty.request.NettyRequestSender - Using pooled Channel '[id: 0xe2722914, L:/127.0.0.1:60095 - R:localhost/127.0.0.1:61916]' for 'GET' to 'http://localhost:61916/session/0b2215218407c4f3bf02c0a3293d7581/alert/text'
12:31:17.532 [Forwarding getAlertText on session 0b2215218407c4f3bf02c0a3293d7581 to remote] DEBUG org.asynchttpclient.netty.request.NettyRequestSender - Using open Channel [id: 0xe2722914, L:/127.0.0.1:60095 - R:localhost/127.0.0.1:61916] for GET '/session/0b2215218407c4f3bf02c0a3293d7581/alert/text'
12:31:17.534 [AsyncHttpClient-1-4] DEBUG org.asynchttpclient.netty.handler.HttpHandler - 

Request DefaultFullHttpRequest(decodeResult: success, version: HTTP/1.1, content: EmptyByteBufBE)
GET /session/0b2215218407c4f3bf02c0a3293d7581/alert/text HTTP/1.1
User-Agent: selenium/4.4.0 (java windows)
Cache-Control: no-cache
Content-Type: application/json; charset=utf-8
host: localhost:61916
accept: */*

Response DefaultHttpResponse(decodeResult: success, version: HTTP/1.1)
HTTP/1.1 404 Not Found
Content-Type: application/json; charset=utf-8
cache-control: no-cache
content-length: 879

12:31:17.534 [AsyncHttpClient-1-4] DEBUG org.asynchttpclient.netty.channel.ChannelManager - Adding key: http://localhost:61916 for channel [id: 0xe2722914, L:/127.0.0.1:60095 - R:localhost/127.0.0.1:61916]
12:31:17.538 [Forwarding switchToWindow on session 0b2215218407c4f3bf02c0a3293d7581 to remote] DEBUG org.asynchttpclient.netty.request.NettyRequestSender - Using pooled Channel '[id: 0xe2722914, L:/127.0.0.1:60095 - R:localhost/127.0.0.1:61916]' for 'POST' to 'http://localhost:61916/session/0b2215218407c4f3bf02c0a3293d7581/window'
12:31:17.538 [Forwarding switchToWindow on session 0b2215218407c4f3bf02c0a3293d7581 to remote] DEBUG org.asynchttpclient.netty.request.NettyRequestSender - Using open Channel [id: 0xe2722914, L:/127.0.0.1:60095 - R:localhost/127.0.0.1:61916] for POST '/session/0b2215218407c4f3bf02c0a3293d7581/window'
12:31:17.542 [AsyncHttpClient-1-4] DEBUG org.asynchttpclient.netty.handler.HttpHandler - 

Request DefaultHttpRequest(decodeResult: success, version: HTTP/1.1)
POST /session/0b2215218407c4f3bf02c0a3293d7581/window HTTP/1.1
User-Agent: selenium/4.4.0 (java windows)
Content-Length: 59
Content-Type: application/json; charset=utf-8
host: localhost:61916
accept: */*

Response DefaultHttpResponse(decodeResult: success, version: HTTP/1.1)
HTTP/1.1 200 OK
Content-Type: application/json; charset=utf-8
cache-control: no-cache
content-length: 14

12:31:17.542 [AsyncHttpClient-1-4] DEBUG org.asynchttpclient.netty.channel.ChannelManager - Adding key: http://localhost:61916 for channel [id: 0xe2722914, L:/127.0.0.1:60095 - R:localhost/127.0.0.1:61916]
12:31:17.543 [Forwarding getCurrentUrl on session 0b2215218407c4f3bf02c0a3293d7581 to remote] DEBUG org.asynchttpclient.netty.request.NettyRequestSender - Using pooled Channel '[id: 0xe2722914, L:/127.0.0.1:60095 - R:localhost/127.0.0.1:61916]' for 'GET' to 'http://localhost:61916/session/0b2215218407c4f3bf02c0a3293d7581/url'
12:31:17.543 [Forwarding getCurrentUrl on session 0b2215218407c4f3bf02c0a3293d7581 to remote] DEBUG org.asynchttpclient.netty.request.NettyRequestSender - Using open Channel [id: 0xe2722914, L:/127.0.0.1:60095 - R:localhost/127.0.0.1:61916] for GET '/session/0b2215218407c4f3bf02c0a3293d7581/url'
12:31:17.546 [AsyncHttpClient-1-4] DEBUG org.asynchttpclient.netty.handler.HttpHandler - 

Request DefaultFullHttpRequest(decodeResult: success, version: HTTP/1.1, content: EmptyByteBufBE)
GET /session/0b2215218407c4f3bf02c0a3293d7581/url HTTP/1.1
User-Agent: selenium/4.4.0 (java windows)
Cache-Control: no-cache
Content-Type: application/json; charset=utf-8
host: localhost:61916
accept: */*

Response DefaultHttpResponse(decodeResult: success, version: HTTP/1.1)
HTTP/1.1 200 OK
Content-Type: application/json; charset=utf-8
cache-control: no-cache
content-length: 38

12:31:17.546 [AsyncHttpClient-1-4] DEBUG org.asynchttpclient.netty.channel.ChannelManager - Adding key: http://localhost:61916 for channel [id: 0xe2722914, L:/127.0.0.1:60095 - R:localhost/127.0.0.1:61916]
12:31:17.546 [Forwarding screenshot on session 0b2215218407c4f3bf02c0a3293d7581 to remote] DEBUG org.asynchttpclient.netty.request.NettyRequestSender - Using pooled Channel '[id: 0xe2722914, L:/127.0.0.1:60095 - R:localhost/127.0.0.1:61916]' for 'GET' to 'http://localhost:61916/session/0b2215218407c4f3bf02c0a3293d7581/screenshot'
12:31:17.546 [Forwarding screenshot on session 0b2215218407c4f3bf02c0a3293d7581 to remote] DEBUG org.asynchttpclient.netty.request.NettyRequestSender - Using open Channel [id: 0xe2722914, L:/127.0.0.1:60095 - R:localhost/127.0.0.1:61916] for GET '/session/0b2215218407c4f3bf02c0a3293d7581/screenshot'
12:31:17.615 [AsyncHttpClient-1-4] DEBUG org.asynchttpclient.netty.handler.HttpHandler - 

Request DefaultFullHttpRequest(decodeResult: success, version: HTTP/1.1, content: EmptyByteBufBE)
GET /session/0b2215218407c4f3bf02c0a3293d7581/screenshot HTTP/1.1
User-Agent: selenium/4.4.0 (java windows)
Cache-Control: no-cache
Content-Type: application/json; charset=utf-8
host: localhost:61916
accept: */*

Response DefaultHttpResponse(decodeResult: success, version: HTTP/1.1)
HTTP/1.1 200 OK
Content-Type: application/json; charset=utf-8
cache-control: no-cache
content-length: 57612

12:31:17.616 [AsyncHttpClient-1-4] DEBUG org.asynchttpclient.netty.channel.ChannelManager - Adding key: http://localhost:61916 for channel [id: 0xe2722914, L:/127.0.0.1:60095 - R:localhost/127.0.0.1:61916]
12:31:17.617 [Test worker] DEBUG net.serenitybdd.core.photography.Darkroom - Send negative for processing for C:\Users\juan.gomezv\IdeaProjects\sura\target\site\serenity\0c9aba6c258ea48848644781fc210daf3eab50d2644ca6bededc8da202f4e4e4.png
12:31:17.617 [Test worker] DEBUG net.thucydides.core.steps.StepInterceptor - STEP DONE: {0} enters #theTextAsAString into #target
12:31:17.618 [Darkroom Processing Line] DEBUG net.serenitybdd.core.photography.DarkroomProcessingLine - Processing screenshot image in /var/screenshots/screenshot-11440336892576403529
12:31:17.618 [Darkroom Processing Line] DEBUG net.serenitybdd.core.photography.DarkroomProcessingLine - Saving screenshot to C:\Users\juan.gomezv\IdeaProjects\sura\target\site\serenity\0c9aba6c258ea48848644781fc210daf3eab50d2644ca6bededc8da202f4e4e4.png
12:31:17.629 [Forwarding getPageSource on session 0b2215218407c4f3bf02c0a3293d7581 to remote] DEBUG org.asynchttpclient.netty.request.NettyRequestSender - Using pooled Channel '[id: 0xe2722914, L:/127.0.0.1:60095 - R:localhost/127.0.0.1:61916]' for 'POST' to 'http://localhost:61916/session/0b2215218407c4f3bf02c0a3293d7581/execute/sync'
12:31:17.629 [Forwarding getPageSource on session 0b2215218407c4f3bf02c0a3293d7581 to remote] DEBUG org.asynchttpclient.netty.request.NettyRequestSender - Using open Channel [id: 0xe2722914, L:/127.0.0.1:60095 - R:localhost/127.0.0.1:61916] for POST '/session/0b2215218407c4f3bf02c0a3293d7581/execute/sync'
12:31:17.632 [AsyncHttpClient-1-4] DEBUG org.asynchttpclient.netty.handler.HttpHandler - 

Request DefaultHttpRequest(decodeResult: success, version: HTTP/1.1)
POST /session/0b2215218407c4f3bf02c0a3293d7581/execute/sync HTTP/1.1
User-Agent: selenium/4.4.0 (java windows)
Content-Length: 176
Content-Type: application/json; charset=utf-8
host: localhost:61916
accept: */*

Response DefaultHttpResponse(decodeResult: success, version: HTTP/1.1)
HTTP/1.1 200 OK
Content-Type: application/json; charset=utf-8
cache-control: no-cache
content-length: 4168

12:31:17.632 [AsyncHttpClient-1-4] DEBUG org.asynchttpclient.netty.channel.ChannelManager - Adding key: http://localhost:61916 for channel [id: 0xe2722914, L:/127.0.0.1:60095 - R:localhost/127.0.0.1:61916]
12:31:17.633 [Forwarding getCurrentUrl on session 0b2215218407c4f3bf02c0a3293d7581 to remote] DEBUG org.asynchttpclient.netty.request.NettyRequestSender - Using pooled Channel '[id: 0xe2722914, L:/127.0.0.1:60095 - R:localhost/127.0.0.1:61916]' for 'GET' to 'http://localhost:61916/session/0b2215218407c4f3bf02c0a3293d7581/url'
12:31:17.633 [Forwarding getCurrentUrl on session 0b2215218407c4f3bf02c0a3293d7581 to remote] DEBUG org.asynchttpclient.netty.request.NettyRequestSender - Using open Channel [id: 0xe2722914, L:/127.0.0.1:60095 - R:localhost/127.0.0.1:61916] for GET '/session/0b2215218407c4f3bf02c0a3293d7581/url'
12:31:17.637 [AsyncHttpClient-1-4] DEBUG org.asynchttpclient.netty.handler.HttpHandler - 

Request DefaultFullHttpRequest(decodeResult: success, version: HTTP/1.1, content: EmptyByteBufBE)
GET /session/0b2215218407c4f3bf02c0a3293d7581/url HTTP/1.1
User-Agent: selenium/4.4.0 (java windows)
Cache-Control: no-cache
Content-Type: application/json; charset=utf-8
host: localhost:61916
accept: */*

Response DefaultHttpResponse(decodeResult: success, version: HTTP/1.1)
HTTP/1.1 200 OK
Content-Type: application/json; charset=utf-8
cache-control: no-cache
content-length: 38

12:31:17.637 [AsyncHttpClient-1-4] DEBUG org.asynchttpclient.netty.channel.ChannelManager - Adding key: http://localhost:61916 for channel [id: 0xe2722914, L:/127.0.0.1:60095 - R:localhost/127.0.0.1:61916]
12:31:17.639 [Test worker] DEBUG net.thucydides.core.steps.StepInterceptor - STARTING STEP: LogIn.performAs - {0} clicks on #target
12:31:17.640 [Test worker] DEBUG net.serenitybdd.screenplay.targets.IFrameSwitcher - default content already selected for logIn Button
12:31:17.657 [Forwarding findElement on session 0b2215218407c4f3bf02c0a3293d7581 to remote] DEBUG org.asynchttpclient.netty.request.NettyRequestSender - Using pooled Channel '[id: 0xe2722914, L:/127.0.0.1:60095 - R:localhost/127.0.0.1:61916]' for 'POST' to 'http://localhost:61916/session/0b2215218407c4f3bf02c0a3293d7581/element'
12:31:17.657 [Forwarding findElement on session 0b2215218407c4f3bf02c0a3293d7581 to remote] DEBUG org.asynchttpclient.netty.request.NettyRequestSender - Using open Channel [id: 0xe2722914, L:/127.0.0.1:60095 - R:localhost/127.0.0.1:61916] for POST '/session/0b2215218407c4f3bf02c0a3293d7581/element'
12:31:17.665 [AsyncHttpClient-1-4] DEBUG org.asynchttpclient.netty.handler.HttpHandler - 

Request DefaultHttpRequest(decodeResult: success, version: HTTP/1.1)
POST /session/0b2215218407c4f3bf02c0a3293d7581/element HTTP/1.1
User-Agent: selenium/4.4.0 (java windows)
Content-Length: 70
Content-Type: application/json; charset=utf-8
host: localhost:61916
accept: */*

Response DefaultHttpResponse(decodeResult: success, version: HTTP/1.1)
HTTP/1.1 200 OK
Content-Type: application/json; charset=utf-8
cache-control: no-cache
content-length: 88

12:31:17.665 [AsyncHttpClient-1-4] DEBUG org.asynchttpclient.netty.channel.ChannelManager - Adding key: http://localhost:61916 for channel [id: 0xe2722914, L:/127.0.0.1:60095 - R:localhost/127.0.0.1:61916]
12:31:17.670 [Forwarding isElementDisplayed on session 0b2215218407c4f3bf02c0a3293d7581 to remote] DEBUG org.asynchttpclient.netty.request.NettyRequestSender - Using pooled Channel '[id: 0xe2722914, L:/127.0.0.1:60095 - R:localhost/127.0.0.1:61916]' for 'POST' to 'http://localhost:61916/session/0b2215218407c4f3bf02c0a3293d7581/execute/sync'
12:31:17.670 [Forwarding isElementDisplayed on session 0b2215218407c4f3bf02c0a3293d7581 to remote] DEBUG org.asynchttpclient.netty.request.NettyRequestSender - Using open Channel [id: 0xe2722914, L:/127.0.0.1:60095 - R:localhost/127.0.0.1:61916] for POST '/session/0b2215218407c4f3bf02c0a3293d7581/execute/sync'
12:31:17.681 [AsyncHttpClient-1-4] DEBUG org.asynchttpclient.netty.handler.HttpHandler - 

Request DefaultHttpRequest(decodeResult: success, version: HTTP/1.1)
POST /session/0b2215218407c4f3bf02c0a3293d7581/execute/sync HTTP/1.1
User-Agent: selenium/4.4.0 (java windows)
Content-Length: 48780
Content-Type: application/json; charset=utf-8
host: localhost:61916
accept: */*

Response DefaultHttpResponse(decodeResult: success, version: HTTP/1.1)
HTTP/1.1 200 OK
Content-Type: application/json; charset=utf-8
cache-control: no-cache
content-length: 14

12:31:17.681 [AsyncHttpClient-1-4] DEBUG org.asynchttpclient.netty.channel.ChannelManager - Adding key: http://localhost:61916 for channel [id: 0xe2722914, L:/127.0.0.1:60095 - R:localhost/127.0.0.1:61916]
12:31:17.687 [Forwarding findElement on session 0b2215218407c4f3bf02c0a3293d7581 to remote] DEBUG org.asynchttpclient.netty.request.NettyRequestSender - Using pooled Channel '[id: 0xe2722914, L:/127.0.0.1:60095 - R:localhost/127.0.0.1:61916]' for 'POST' to 'http://localhost:61916/session/0b2215218407c4f3bf02c0a3293d7581/element'
12:31:17.687 [Forwarding findElement on session 0b2215218407c4f3bf02c0a3293d7581 to remote] DEBUG org.asynchttpclient.netty.request.NettyRequestSender - Using open Channel [id: 0xe2722914, L:/127.0.0.1:60095 - R:localhost/127.0.0.1:61916] for POST '/session/0b2215218407c4f3bf02c0a3293d7581/element'
12:31:17.693 [AsyncHttpClient-1-4] DEBUG org.asynchttpclient.netty.handler.HttpHandler - 

Request DefaultHttpRequest(decodeResult: success, version: HTTP/1.1)
POST /session/0b2215218407c4f3bf02c0a3293d7581/element HTTP/1.1
User-Agent: selenium/4.4.0 (java windows)
Content-Length: 70
Content-Type: application/json; charset=utf-8
host: localhost:61916
accept: */*

Response DefaultHttpResponse(decodeResult: success, version: HTTP/1.1)
HTTP/1.1 200 OK
Content-Type: application/json; charset=utf-8
cache-control: no-cache
content-length: 88

12:31:17.693 [AsyncHttpClient-1-4] DEBUG org.asynchttpclient.netty.channel.ChannelManager - Adding key: http://localhost:61916 for channel [id: 0xe2722914, L:/127.0.0.1:60095 - R:localhost/127.0.0.1:61916]
12:31:17.693 [Forwarding clickElement on session 0b2215218407c4f3bf02c0a3293d7581 to remote] DEBUG org.asynchttpclient.netty.request.NettyRequestSender - Using pooled Channel '[id: 0xe2722914, L:/127.0.0.1:60095 - R:localhost/127.0.0.1:61916]' for 'POST' to 'http://localhost:61916/session/0b2215218407c4f3bf02c0a3293d7581/element/5362b481-1fbe-4aa8-8967-7ab03fa6c964/click'
12:31:17.693 [Forwarding clickElement on session 0b2215218407c4f3bf02c0a3293d7581 to remote] DEBUG org.asynchttpclient.netty.request.NettyRequestSender - Using open Channel [id: 0xe2722914, L:/127.0.0.1:60095 - R:localhost/127.0.0.1:61916] for POST '/session/0b2215218407c4f3bf02c0a3293d7581/element/5362b481-1fbe-4aa8-8967-7ab03fa6c964/click'
12:31:17.727 [AsyncHttpClient-1-4] DEBUG org.asynchttpclient.netty.handler.HttpHandler - 

Request DefaultHttpRequest(decodeResult: success, version: HTTP/1.1)
POST /session/0b2215218407c4f3bf02c0a3293d7581/element/5362b481-1fbe-4aa8-8967-7ab03fa6c964/click HTTP/1.1
User-Agent: selenium/4.4.0 (java windows)
Content-Length: 50
Content-Type: application/json; charset=utf-8
host: localhost:61916
accept: */*

Response DefaultHttpResponse(decodeResult: success, version: HTTP/1.1)
HTTP/1.1 200 OK
Content-Type: application/json; charset=utf-8
cache-control: no-cache
content-length: 14

12:31:17.727 [AsyncHttpClient-1-4] DEBUG org.asynchttpclient.netty.channel.ChannelManager - Adding key: http://localhost:61916 for channel [id: 0xe2722914, L:/127.0.0.1:60095 - R:localhost/127.0.0.1:61916]
12:31:17.737 [Forwarding getCurrentWindowHandle on session 0b2215218407c4f3bf02c0a3293d7581 to remote] DEBUG org.asynchttpclient.netty.request.NettyRequestSender - Using pooled Channel '[id: 0xe2722914, L:/127.0.0.1:60095 - R:localhost/127.0.0.1:61916]' for 'GET' to 'http://localhost:61916/session/0b2215218407c4f3bf02c0a3293d7581/window'
12:31:17.737 [Forwarding getCurrentWindowHandle on session 0b2215218407c4f3bf02c0a3293d7581 to remote] DEBUG org.asynchttpclient.netty.request.NettyRequestSender - Using open Channel [id: 0xe2722914, L:/127.0.0.1:60095 - R:localhost/127.0.0.1:61916] for GET '/session/0b2215218407c4f3bf02c0a3293d7581/window'
12:31:17.738 [AsyncHttpClient-1-4] DEBUG org.asynchttpclient.netty.handler.HttpHandler - 

Request DefaultFullHttpRequest(decodeResult: success, version: HTTP/1.1, content: EmptyByteBufBE)
GET /session/0b2215218407c4f3bf02c0a3293d7581/window HTTP/1.1
User-Agent: selenium/4.4.0 (java windows)
Cache-Control: no-cache
Content-Type: application/json; charset=utf-8
host: localhost:61916
accept: */*

Response DefaultHttpResponse(decodeResult: success, version: HTTP/1.1)
HTTP/1.1 200 OK
Content-Type: application/json; charset=utf-8
cache-control: no-cache
content-length: 53

12:31:17.738 [AsyncHttpClient-1-4] DEBUG org.asynchttpclient.netty.channel.ChannelManager - Adding key: http://localhost:61916 for channel [id: 0xe2722914, L:/127.0.0.1:60095 - R:localhost/127.0.0.1:61916]
12:31:17.742 [Forwarding getAlertText on session 0b2215218407c4f3bf02c0a3293d7581 to remote] DEBUG org.asynchttpclient.netty.request.NettyRequestSender - Using pooled Channel '[id: 0xe2722914, L:/127.0.0.1:60095 - R:localhost/127.0.0.1:61916]' for 'GET' to 'http://localhost:61916/session/0b2215218407c4f3bf02c0a3293d7581/alert/text'
12:31:17.742 [Forwarding getAlertText on session 0b2215218407c4f3bf02c0a3293d7581 to remote] DEBUG org.asynchttpclient.netty.request.NettyRequestSender - Using open Channel [id: 0xe2722914, L:/127.0.0.1:60095 - R:localhost/127.0.0.1:61916] for GET '/session/0b2215218407c4f3bf02c0a3293d7581/alert/text'
12:31:17.743 [AsyncHttpClient-1-4] DEBUG org.asynchttpclient.netty.handler.HttpHandler - 

Request DefaultFullHttpRequest(decodeResult: success, version: HTTP/1.1, content: EmptyByteBufBE)
GET /session/0b2215218407c4f3bf02c0a3293d7581/alert/text HTTP/1.1
User-Agent: selenium/4.4.0 (java windows)
Cache-Control: no-cache
Content-Type: application/json; charset=utf-8
host: localhost:61916
accept: */*

Response DefaultHttpResponse(decodeResult: success, version: HTTP/1.1)
HTTP/1.1 404 Not Found
Content-Type: application/json; charset=utf-8
cache-control: no-cache
content-length: 879

12:31:17.743 [AsyncHttpClient-1-4] DEBUG org.asynchttpclient.netty.channel.ChannelManager - Adding key: http://localhost:61916 for channel [id: 0xe2722914, L:/127.0.0.1:60095 - R:localhost/127.0.0.1:61916]
12:31:17.751 [Forwarding switchToWindow on session 0b2215218407c4f3bf02c0a3293d7581 to remote] DEBUG org.asynchttpclient.netty.request.NettyRequestSender - Using pooled Channel '[id: 0xe2722914, L:/127.0.0.1:60095 - R:localhost/127.0.0.1:61916]' for 'POST' to 'http://localhost:61916/session/0b2215218407c4f3bf02c0a3293d7581/window'
12:31:17.751 [Forwarding switchToWindow on session 0b2215218407c4f3bf02c0a3293d7581 to remote] DEBUG org.asynchttpclient.netty.request.NettyRequestSender - Using open Channel [id: 0xe2722914, L:/127.0.0.1:60095 - R:localhost/127.0.0.1:61916] for POST '/session/0b2215218407c4f3bf02c0a3293d7581/window'
12:31:17.755 [AsyncHttpClient-1-4] DEBUG org.asynchttpclient.netty.handler.HttpHandler - 

Request DefaultHttpRequest(decodeResult: success, version: HTTP/1.1)
POST /session/0b2215218407c4f3bf02c0a3293d7581/window HTTP/1.1
User-Agent: selenium/4.4.0 (java windows)
Content-Length: 59
Content-Type: application/json; charset=utf-8
host: localhost:61916
accept: */*

Response DefaultHttpResponse(decodeResult: success, version: HTTP/1.1)
HTTP/1.1 200 OK
Content-Type: application/json; charset=utf-8
cache-control: no-cache
content-length: 14

12:31:17.756 [AsyncHttpClient-1-4] DEBUG org.asynchttpclient.netty.channel.ChannelManager - Adding key: http://localhost:61916 for channel [id: 0xe2722914, L:/127.0.0.1:60095 - R:localhost/127.0.0.1:61916]
12:31:17.757 [Forwarding getCurrentUrl on session 0b2215218407c4f3bf02c0a3293d7581 to remote] DEBUG org.asynchttpclient.netty.request.NettyRequestSender - Using pooled Channel '[id: 0xe2722914, L:/127.0.0.1:60095 - R:localhost/127.0.0.1:61916]' for 'GET' to 'http://localhost:61916/session/0b2215218407c4f3bf02c0a3293d7581/url'
12:31:17.757 [Forwarding getCurrentUrl on session 0b2215218407c4f3bf02c0a3293d7581 to remote] DEBUG org.asynchttpclient.netty.request.NettyRequestSender - Using open Channel [id: 0xe2722914, L:/127.0.0.1:60095 - R:localhost/127.0.0.1:61916] for GET '/session/0b2215218407c4f3bf02c0a3293d7581/url'
12:31:17.761 [AsyncHttpClient-1-4] DEBUG org.asynchttpclient.netty.handler.HttpHandler - 

Request DefaultFullHttpRequest(decodeResult: success, version: HTTP/1.1, content: EmptyByteBufBE)
GET /session/0b2215218407c4f3bf02c0a3293d7581/url HTTP/1.1
User-Agent: selenium/4.4.0 (java windows)
Cache-Control: no-cache
Content-Type: application/json; charset=utf-8
host: localhost:61916
accept: */*

Response DefaultHttpResponse(decodeResult: success, version: HTTP/1.1)
HTTP/1.1 200 OK
Content-Type: application/json; charset=utf-8
cache-control: no-cache
content-length: 38

12:31:17.761 [AsyncHttpClient-1-4] DEBUG org.asynchttpclient.netty.channel.ChannelManager - Adding key: http://localhost:61916 for channel [id: 0xe2722914, L:/127.0.0.1:60095 - R:localhost/127.0.0.1:61916]
12:31:17.762 [Forwarding screenshot on session 0b2215218407c4f3bf02c0a3293d7581 to remote] DEBUG org.asynchttpclient.netty.request.NettyRequestSender - Using pooled Channel '[id: 0xe2722914, L:/127.0.0.1:60095 - R:localhost/127.0.0.1:61916]' for 'GET' to 'http://localhost:61916/session/0b2215218407c4f3bf02c0a3293d7581/screenshot'
12:31:17.762 [Forwarding screenshot on session 0b2215218407c4f3bf02c0a3293d7581 to remote] DEBUG org.asynchttpclient.netty.request.NettyRequestSender - Using open Channel [id: 0xe2722914, L:/127.0.0.1:60095 - R:localhost/127.0.0.1:61916] for GET '/session/0b2215218407c4f3bf02c0a3293d7581/screenshot'
12:31:17.837 [AsyncHttpClient-1-4] DEBUG org.asynchttpclient.netty.handler.HttpHandler - 

Request DefaultFullHttpRequest(decodeResult: success, version: HTTP/1.1, content: EmptyByteBufBE)
GET /session/0b2215218407c4f3bf02c0a3293d7581/screenshot HTTP/1.1
User-Agent: selenium/4.4.0 (java windows)
Cache-Control: no-cache
Content-Type: application/json; charset=utf-8
host: localhost:61916
accept: */*

Response DefaultHttpResponse(decodeResult: success, version: HTTP/1.1)
HTTP/1.1 200 OK
Content-Type: application/json; charset=utf-8
cache-control: no-cache
content-length: 62128

12:31:17.837 [AsyncHttpClient-1-4] DEBUG org.asynchttpclient.netty.channel.ChannelManager - Adding key: http://localhost:61916 for channel [id: 0xe2722914, L:/127.0.0.1:60095 - R:localhost/127.0.0.1:61916]
12:31:17.839 [Test worker] DEBUG net.serenitybdd.core.photography.Darkroom - Send negative for processing for C:\Users\juan.gomezv\IdeaProjects\sura\target\site\serenity\aa1e367e3b9485f6a9f30cec2e09e8c9fdf6c961e7d0cc172909dabee0d77f8a.png
12:31:17.839 [Test worker] DEBUG net.thucydides.core.steps.StepInterceptor - STEP DONE: {0} clicks on #target
12:31:17.839 [Darkroom Processing Line] DEBUG net.serenitybdd.core.photography.DarkroomProcessingLine - Processing screenshot image in /var/screenshots/screenshot-11036544727535086277
12:31:17.839 [Darkroom Processing Line] DEBUG net.serenitybdd.core.photography.DarkroomProcessingLine - Saving screenshot to C:\Users\juan.gomezv\IdeaProjects\sura\target\site\serenity\aa1e367e3b9485f6a9f30cec2e09e8c9fdf6c961e7d0cc172909dabee0d77f8a.png
12:31:17.852 [Test worker] DEBUG net.thucydides.core.steps.StepInterceptor - STEP DONE: performAs
  ?[32mCuando ?[0m?[32m?[0m?[32m?[1mAna?[0m?[32m se autentica como un usuario de tipo ?[0m?[32m?[1m"ONLY_WITH_PASSWORD"?[0m        ?[90m# sura.stepDefinitions.LoginSteps.elSeAutenticaComoUnUsuario(net.serenitybdd.screenplay.Actor,java.lang.String)?[0m
12:31:17.863 [Forwarding getPageSource on session 0b2215218407c4f3bf02c0a3293d7581 to remote] DEBUG org.asynchttpclient.netty.request.NettyRequestSender - Using pooled Channel '[id: 0xe2722914, L:/127.0.0.1:60095 - R:localhost/127.0.0.1:61916]' for 'POST' to 'http://localhost:61916/session/0b2215218407c4f3bf02c0a3293d7581/execute/sync'
12:31:17.863 [Forwarding getPageSource on session 0b2215218407c4f3bf02c0a3293d7581 to remote] DEBUG org.asynchttpclient.netty.request.NettyRequestSender - Using open Channel [id: 0xe2722914, L:/127.0.0.1:60095 - R:localhost/127.0.0.1:61916] for POST '/session/0b2215218407c4f3bf02c0a3293d7581/execute/sync'
12:31:17.869 [AsyncHttpClient-1-4] DEBUG org.asynchttpclient.netty.handler.HttpHandler - 

Request DefaultHttpRequest(decodeResult: success, version: HTTP/1.1)
POST /session/0b2215218407c4f3bf02c0a3293d7581/execute/sync HTTP/1.1
User-Agent: selenium/4.4.0 (java windows)
Content-Length: 176
Content-Type: application/json; charset=utf-8
host: localhost:61916
accept: */*

Response DefaultHttpResponse(decodeResult: success, version: HTTP/1.1)
HTTP/1.1 200 OK
Content-Type: application/json; charset=utf-8
cache-control: no-cache
content-length: 14638

12:31:17.869 [AsyncHttpClient-1-4] DEBUG org.asynchttpclient.netty.channel.ChannelManager - Adding key: http://localhost:61916 for channel [id: 0xe2722914, L:/127.0.0.1:60095 - R:localhost/127.0.0.1:61916]
12:31:17.871 [Forwarding getCurrentUrl on session 0b2215218407c4f3bf02c0a3293d7581 to remote] DEBUG org.asynchttpclient.netty.request.NettyRequestSender - Using pooled Channel '[id: 0xe2722914, L:/127.0.0.1:60095 - R:localhost/127.0.0.1:61916]' for 'GET' to 'http://localhost:61916/session/0b2215218407c4f3bf02c0a3293d7581/url'
12:31:17.871 [Forwarding getCurrentUrl on session 0b2215218407c4f3bf02c0a3293d7581 to remote] DEBUG org.asynchttpclient.netty.request.NettyRequestSender - Using open Channel [id: 0xe2722914, L:/127.0.0.1:60095 - R:localhost/127.0.0.1:61916] for GET '/session/0b2215218407c4f3bf02c0a3293d7581/url'
12:31:17.874 [AsyncHttpClient-1-4] DEBUG org.asynchttpclient.netty.handler.HttpHandler - 

Request DefaultFullHttpRequest(decodeResult: success, version: HTTP/1.1, content: EmptyByteBufBE)
GET /session/0b2215218407c4f3bf02c0a3293d7581/url HTTP/1.1
User-Agent: selenium/4.4.0 (java windows)
Cache-Control: no-cache
Content-Type: application/json; charset=utf-8
host: localhost:61916
accept: */*

Response DefaultHttpResponse(decodeResult: success, version: HTTP/1.1)
HTTP/1.1 200 OK
Content-Type: application/json; charset=utf-8
cache-control: no-cache
content-length: 38

12:31:17.875 [AsyncHttpClient-1-4] DEBUG org.asynchttpclient.netty.channel.ChannelManager - Adding key: http://localhost:61916 for channel [id: 0xe2722914, L:/127.0.0.1:60095 - R:localhost/127.0.0.1:61916]
12:31:17.887 [Forwarding getPageSource on session 0b2215218407c4f3bf02c0a3293d7581 to remote] DEBUG org.asynchttpclient.netty.request.NettyRequestSender - Using pooled Channel '[id: 0xe2722914, L:/127.0.0.1:60095 - R:localhost/127.0.0.1:61916]' for 'POST' to 'http://localhost:61916/session/0b2215218407c4f3bf02c0a3293d7581/execute/sync'
12:31:17.887 [Forwarding getPageSource on session 0b2215218407c4f3bf02c0a3293d7581 to remote] DEBUG org.asynchttpclient.netty.request.NettyRequestSender - Using open Channel [id: 0xe2722914, L:/127.0.0.1:60095 - R:localhost/127.0.0.1:61916] for POST '/session/0b2215218407c4f3bf02c0a3293d7581/execute/sync'
12:31:17.892 [AsyncHttpClient-1-4] DEBUG org.asynchttpclient.netty.handler.HttpHandler - 

Request DefaultHttpRequest(decodeResult: success, version: HTTP/1.1)
POST /session/0b2215218407c4f3bf02c0a3293d7581/execute/sync HTTP/1.1
User-Agent: selenium/4.4.0 (java windows)
Content-Length: 176
Content-Type: application/json; charset=utf-8
host: localhost:61916
accept: */*

Response DefaultHttpResponse(decodeResult: success, version: HTTP/1.1)
HTTP/1.1 200 OK
Content-Type: application/json; charset=utf-8
cache-control: no-cache
content-length: 14638

12:31:17.892 [AsyncHttpClient-1-4] DEBUG org.asynchttpclient.netty.channel.ChannelManager - Adding key: http://localhost:61916 for channel [id: 0xe2722914, L:/127.0.0.1:60095 - R:localhost/127.0.0.1:61916]
12:31:17.893 [Forwarding getCurrentUrl on session 0b2215218407c4f3bf02c0a3293d7581 to remote] DEBUG org.asynchttpclient.netty.request.NettyRequestSender - Using pooled Channel '[id: 0xe2722914, L:/127.0.0.1:60095 - R:localhost/127.0.0.1:61916]' for 'GET' to 'http://localhost:61916/session/0b2215218407c4f3bf02c0a3293d7581/url'
12:31:17.893 [Forwarding getCurrentUrl on session 0b2215218407c4f3bf02c0a3293d7581 to remote] DEBUG org.asynchttpclient.netty.request.NettyRequestSender - Using open Channel [id: 0xe2722914, L:/127.0.0.1:60095 - R:localhost/127.0.0.1:61916] for GET '/session/0b2215218407c4f3bf02c0a3293d7581/url'
12:31:17.895 [AsyncHttpClient-1-4] DEBUG org.asynchttpclient.netty.handler.HttpHandler - 

Request DefaultFullHttpRequest(decodeResult: success, version: HTTP/1.1, content: EmptyByteBufBE)
GET /session/0b2215218407c4f3bf02c0a3293d7581/url HTTP/1.1
User-Agent: selenium/4.4.0 (java windows)
Cache-Control: no-cache
Content-Type: application/json; charset=utf-8
host: localhost:61916
accept: */*

Response DefaultHttpResponse(decodeResult: success, version: HTTP/1.1)
HTTP/1.1 200 OK
Content-Type: application/json; charset=utf-8
cache-control: no-cache
content-length: 38

12:31:17.895 [AsyncHttpClient-1-4] DEBUG org.asynchttpclient.netty.channel.ChannelManager - Adding key: http://localhost:61916 for channel [id: 0xe2722914, L:/127.0.0.1:60095 - R:localhost/127.0.0.1:61916]
12:31:17.896 [Test worker] DEBUG net.thucydides.core.steps.StepInterceptor - STARTING STEP: LoginSteps.laAplicacionDenegaIngresoMostrandoMensaje - {0} should see #description
12:31:17.897 [Test worker] DEBUG net.serenitybdd.screenplay.targets.IFrameSwitcher - default content already selected for LogIn Button
12:31:17.904 [Forwarding findElement on session 0b2215218407c4f3bf02c0a3293d7581 to remote] DEBUG org.asynchttpclient.netty.request.NettyRequestSender - Using pooled Channel '[id: 0xe2722914, L:/127.0.0.1:60095 - R:localhost/127.0.0.1:61916]' for 'POST' to 'http://localhost:61916/session/0b2215218407c4f3bf02c0a3293d7581/element'
12:31:17.904 [Forwarding findElement on session 0b2215218407c4f3bf02c0a3293d7581 to remote] DEBUG org.asynchttpclient.netty.request.NettyRequestSender - Using open Channel [id: 0xe2722914, L:/127.0.0.1:60095 - R:localhost/127.0.0.1:61916] for POST '/session/0b2215218407c4f3bf02c0a3293d7581/element'
12:31:17.913 [AsyncHttpClient-1-4] DEBUG org.asynchttpclient.netty.handler.HttpHandler - 

Request DefaultHttpRequest(decodeResult: success, version: HTTP/1.1)
POST /session/0b2215218407c4f3bf02c0a3293d7581/element HTTP/1.1
User-Agent: selenium/4.4.0 (java windows)
Content-Length: 63
Content-Type: application/json; charset=utf-8
host: localhost:61916
accept: */*

Response DefaultHttpResponse(decodeResult: success, version: HTTP/1.1)
HTTP/1.1 200 OK
Content-Type: application/json; charset=utf-8
cache-control: no-cache
content-length: 88

12:31:17.914 [AsyncHttpClient-1-4] DEBUG org.asynchttpclient.netty.channel.ChannelManager - Adding key: http://localhost:61916 for channel [id: 0xe2722914, L:/127.0.0.1:60095 - R:localhost/127.0.0.1:61916]
12:31:17.914 [Forwarding getElementText on session 0b2215218407c4f3bf02c0a3293d7581 to remote] DEBUG org.asynchttpclient.netty.request.NettyRequestSender - Using pooled Channel '[id: 0xe2722914, L:/127.0.0.1:60095 - R:localhost/127.0.0.1:61916]' for 'GET' to 'http://localhost:61916/session/0b2215218407c4f3bf02c0a3293d7581/element/c3d1ef55-ac85-4fea-b4ff-63b064f3d2a5/text'
12:31:17.914 [Forwarding getElementText on session 0b2215218407c4f3bf02c0a3293d7581 to remote] DEBUG org.asynchttpclient.netty.request.NettyRequestSender - Using open Channel [id: 0xe2722914, L:/127.0.0.1:60095 - R:localhost/127.0.0.1:61916] for GET '/session/0b2215218407c4f3bf02c0a3293d7581/element/c3d1ef55-ac85-4fea-b4ff-63b064f3d2a5/text'
12:31:17.925 [AsyncHttpClient-1-4] DEBUG org.asynchttpclient.netty.handler.HttpHandler - 

Request DefaultFullHttpRequest(decodeResult: success, version: HTTP/1.1, content: EmptyByteBufBE)
GET /session/0b2215218407c4f3bf02c0a3293d7581/element/c3d1ef55-ac85-4fea-b4ff-63b064f3d2a5/text HTTP/1.1
User-Agent: selenium/4.4.0 (java windows)
Cache-Control: no-cache
Content-Type: application/json; charset=utf-8
host: localhost:61916
accept: */*

Response DefaultHttpResponse(decodeResult: success, version: HTTP/1.1)
HTTP/1.1 200 OK
Content-Type: application/json; charset=utf-8
cache-control: no-cache
content-length: 46

12:31:17.925 [AsyncHttpClient-1-4] DEBUG org.asynchttpclient.netty.channel.ChannelManager - Adding key: http://localhost:61916 for channel [id: 0xe2722914, L:/127.0.0.1:60095 - R:localhost/127.0.0.1:61916]
12:31:17.941 [Forwarding getCurrentWindowHandle on session 0b2215218407c4f3bf02c0a3293d7581 to remote] DEBUG org.asynchttpclient.netty.request.NettyRequestSender - Using pooled Channel '[id: 0xe2722914, L:/127.0.0.1:60095 - R:localhost/127.0.0.1:61916]' for 'GET' to 'http://localhost:61916/session/0b2215218407c4f3bf02c0a3293d7581/window'
12:31:17.941 [Forwarding getCurrentWindowHandle on session 0b2215218407c4f3bf02c0a3293d7581 to remote] DEBUG org.asynchttpclient.netty.request.NettyRequestSender - Using open Channel [id: 0xe2722914, L:/127.0.0.1:60095 - R:localhost/127.0.0.1:61916] for GET '/session/0b2215218407c4f3bf02c0a3293d7581/window'
12:31:17.942 [AsyncHttpClient-1-4] DEBUG org.asynchttpclient.netty.handler.HttpHandler - 

Request DefaultFullHttpRequest(decodeResult: success, version: HTTP/1.1, content: EmptyByteBufBE)
GET /session/0b2215218407c4f3bf02c0a3293d7581/window HTTP/1.1
User-Agent: selenium/4.4.0 (java windows)
Cache-Control: no-cache
Content-Type: application/json; charset=utf-8
host: localhost:61916
accept: */*

Response DefaultHttpResponse(decodeResult: success, version: HTTP/1.1)
HTTP/1.1 200 OK
Content-Type: application/json; charset=utf-8
cache-control: no-cache
content-length: 53

12:31:17.942 [AsyncHttpClient-1-4] DEBUG org.asynchttpclient.netty.channel.ChannelManager - Adding key: http://localhost:61916 for channel [id: 0xe2722914, L:/127.0.0.1:60095 - R:localhost/127.0.0.1:61916]
12:31:17.945 [Forwarding getAlertText on session 0b2215218407c4f3bf02c0a3293d7581 to remote] DEBUG org.asynchttpclient.netty.request.NettyRequestSender - Using pooled Channel '[id: 0xe2722914, L:/127.0.0.1:60095 - R:localhost/127.0.0.1:61916]' for 'GET' to 'http://localhost:61916/session/0b2215218407c4f3bf02c0a3293d7581/alert/text'
12:31:17.945 [Forwarding getAlertText on session 0b2215218407c4f3bf02c0a3293d7581 to remote] DEBUG org.asynchttpclient.netty.request.NettyRequestSender - Using open Channel [id: 0xe2722914, L:/127.0.0.1:60095 - R:localhost/127.0.0.1:61916] for GET '/session/0b2215218407c4f3bf02c0a3293d7581/alert/text'
12:31:17.946 [AsyncHttpClient-1-4] DEBUG org.asynchttpclient.netty.handler.HttpHandler - 

Request DefaultFullHttpRequest(decodeResult: success, version: HTTP/1.1, content: EmptyByteBufBE)
GET /session/0b2215218407c4f3bf02c0a3293d7581/alert/text HTTP/1.1
User-Agent: selenium/4.4.0 (java windows)
Cache-Control: no-cache
Content-Type: application/json; charset=utf-8
host: localhost:61916
accept: */*

Response DefaultHttpResponse(decodeResult: success, version: HTTP/1.1)
HTTP/1.1 404 Not Found
Content-Type: application/json; charset=utf-8
cache-control: no-cache
content-length: 879

12:31:17.946 [AsyncHttpClient-1-4] DEBUG org.asynchttpclient.netty.channel.ChannelManager - Adding key: http://localhost:61916 for channel [id: 0xe2722914, L:/127.0.0.1:60095 - R:localhost/127.0.0.1:61916]
12:31:17.949 [Forwarding switchToWindow on session 0b2215218407c4f3bf02c0a3293d7581 to remote] DEBUG org.asynchttpclient.netty.request.NettyRequestSender - Using pooled Channel '[id: 0xe2722914, L:/127.0.0.1:60095 - R:localhost/127.0.0.1:61916]' for 'POST' to 'http://localhost:61916/session/0b2215218407c4f3bf02c0a3293d7581/window'
12:31:17.949 [Forwarding switchToWindow on session 0b2215218407c4f3bf02c0a3293d7581 to remote] DEBUG org.asynchttpclient.netty.request.NettyRequestSender - Using open Channel [id: 0xe2722914, L:/127.0.0.1:60095 - R:localhost/127.0.0.1:61916] for POST '/session/0b2215218407c4f3bf02c0a3293d7581/window'
12:31:17.951 [AsyncHttpClient-1-4] DEBUG org.asynchttpclient.netty.handler.HttpHandler - 

Request DefaultHttpRequest(decodeResult: success, version: HTTP/1.1)
POST /session/0b2215218407c4f3bf02c0a3293d7581/window HTTP/1.1
User-Agent: selenium/4.4.0 (java windows)
Content-Length: 59
Content-Type: application/json; charset=utf-8
host: localhost:61916
accept: */*

Response DefaultHttpResponse(decodeResult: success, version: HTTP/1.1)
HTTP/1.1 200 OK
Content-Type: application/json; charset=utf-8
cache-control: no-cache
content-length: 14

12:31:17.951 [AsyncHttpClient-1-4] DEBUG org.asynchttpclient.netty.channel.ChannelManager - Adding key: http://localhost:61916 for channel [id: 0xe2722914, L:/127.0.0.1:60095 - R:localhost/127.0.0.1:61916]
12:31:17.952 [Forwarding getCurrentUrl on session 0b2215218407c4f3bf02c0a3293d7581 to remote] DEBUG org.asynchttpclient.netty.request.NettyRequestSender - Using pooled Channel '[id: 0xe2722914, L:/127.0.0.1:60095 - R:localhost/127.0.0.1:61916]' for 'GET' to 'http://localhost:61916/session/0b2215218407c4f3bf02c0a3293d7581/url'
12:31:17.952 [Forwarding getCurrentUrl on session 0b2215218407c4f3bf02c0a3293d7581 to remote] DEBUG org.asynchttpclient.netty.request.NettyRequestSender - Using open Channel [id: 0xe2722914, L:/127.0.0.1:60095 - R:localhost/127.0.0.1:61916] for GET '/session/0b2215218407c4f3bf02c0a3293d7581/url'
12:31:17.954 [AsyncHttpClient-1-4] DEBUG org.asynchttpclient.netty.handler.HttpHandler - 

Request DefaultFullHttpRequest(decodeResult: success, version: HTTP/1.1, content: EmptyByteBufBE)
GET /session/0b2215218407c4f3bf02c0a3293d7581/url HTTP/1.1
User-Agent: selenium/4.4.0 (java windows)
Cache-Control: no-cache
Content-Type: application/json; charset=utf-8
host: localhost:61916
accept: */*

Response DefaultHttpResponse(decodeResult: success, version: HTTP/1.1)
HTTP/1.1 200 OK
Content-Type: application/json; charset=utf-8
cache-control: no-cache
content-length: 38

12:31:17.954 [AsyncHttpClient-1-4] DEBUG org.asynchttpclient.netty.channel.ChannelManager - Adding key: http://localhost:61916 for channel [id: 0xe2722914, L:/127.0.0.1:60095 - R:localhost/127.0.0.1:61916]
12:31:17.955 [Forwarding screenshot on session 0b2215218407c4f3bf02c0a3293d7581 to remote] DEBUG org.asynchttpclient.netty.request.NettyRequestSender - Using pooled Channel '[id: 0xe2722914, L:/127.0.0.1:60095 - R:localhost/127.0.0.1:61916]' for 'GET' to 'http://localhost:61916/session/0b2215218407c4f3bf02c0a3293d7581/screenshot'
12:31:17.955 [Forwarding screenshot on session 0b2215218407c4f3bf02c0a3293d7581 to remote] DEBUG org.asynchttpclient.netty.request.NettyRequestSender - Using open Channel [id: 0xe2722914, L:/127.0.0.1:60095 - R:localhost/127.0.0.1:61916] for GET '/session/0b2215218407c4f3bf02c0a3293d7581/screenshot'
12:31:18.034 [AsyncHttpClient-1-4] DEBUG org.asynchttpclient.netty.handler.HttpHandler - 

Request DefaultFullHttpRequest(decodeResult: success, version: HTTP/1.1, content: EmptyByteBufBE)
GET /session/0b2215218407c4f3bf02c0a3293d7581/screenshot HTTP/1.1
User-Agent: selenium/4.4.0 (java windows)
Cache-Control: no-cache
Content-Type: application/json; charset=utf-8
host: localhost:61916
accept: */*

Response DefaultHttpResponse(decodeResult: success, version: HTTP/1.1)
HTTP/1.1 200 OK
Content-Type: application/json; charset=utf-8
cache-control: no-cache
content-length: 62128

12:31:18.034 [AsyncHttpClient-1-4] DEBUG org.asynchttpclient.netty.channel.ChannelManager - Adding key: http://localhost:61916 for channel [id: 0xe2722914, L:/127.0.0.1:60095 - R:localhost/127.0.0.1:61916]
12:31:18.036 [Test worker] DEBUG net.serenitybdd.core.photography.Darkroom - Send negative for processing for C:\Users\juan.gomezv\IdeaProjects\sura\target\site\serenity\aa1e367e3b9485f6a9f30cec2e09e8c9fdf6c961e7d0cc172909dabee0d77f8a.png
12:31:18.036 [Test worker] DEBUG net.thucydides.core.steps.StepInterceptor - STEP DONE: {0} should see #description
  ?[32mEntonces ?[0m?[32ma ?[0m?[32m?[1mAna?[0m?[32m se le deniega el ingreso mostrando el mensaje ?[0m?[32m?[1m"Epic sadface"?[0m ?[90m# sura.stepDefinitions.LoginSteps.laAplicacionDenegaIngresoMostrandoMensaje(net.serenitybdd.screenplay.Actor,java.lang.String)?[0m
12:31:18.052 [AsyncHttpClient-1-6] DEBUG org.asynchttpclient.netty.handler.WebSocketHandler - Channel Closed: [id: 0x59ffba03, L:/127.0.0.1:60103 ! R:localhost/127.0.0.1:60096] with attribute NettyResponseFuture{currentRetry=0,
	isDone=1,
	isCancelled=0,
	asyncHandler=org.asynchttpclient.ws.WebSocketUpgradeHandler@531d33a1,
	nettyRequest=org.asynchttpclient.netty.request.NettyRequest@48798f83,
	future=java.util.concurrent.CompletableFuture@21aecd5[Completed normally],
	uri=ws://localhost:60096/devtools/browser/92caa40c-851c-4a8c-b2a1-89bdfcb430e7,
	keepAlive=true,
	redirectCount=0,
	timeoutsHolder=null,
	inAuth=0,
	touch=1664472676631}
12:31:18.052 [AsyncHttpClient-1-6] DEBUG org.asynchttpclient.netty.channel.ChannelManager - Closing Channel [id: 0x59ffba03, L:/127.0.0.1:60103 ! R:localhost/127.0.0.1:60096] 
12:31:18.052 [Driver Command Executor] DEBUG org.asynchttpclient.netty.request.NettyRequestSender - Using pooled Channel '[id: 0xe2722914, L:/127.0.0.1:60095 - R:localhost/127.0.0.1:61916]' for 'DELETE' to 'http://localhost:61916/session/0b2215218407c4f3bf02c0a3293d7581'
12:31:18.053 [Driver Command Executor] DEBUG org.asynchttpclient.netty.request.NettyRequestSender - Using open Channel [id: 0xe2722914, L:/127.0.0.1:60095 - R:localhost/127.0.0.1:61916] for DELETE '/session/0b2215218407c4f3bf02c0a3293d7581'
12:31:18.070 [AsyncHttpClient-1-5] DEBUG org.asynchttpclient.netty.handler.HttpHandler - Unexpected I/O exception on channel [id: 0x362b2d09, L:/127.0.0.1:60102 - R:localhost/127.0.0.1:60096]
java.net.SocketException: Connection reset
	at java.base/sun.nio.ch.SocketChannelImpl.throwConnectionReset(SocketChannelImpl.java:394)
	at java.base/sun.nio.ch.SocketChannelImpl.read(SocketChannelImpl.java:426)
	at io.netty.buffer.PooledByteBuf.setBytes(PooledByteBuf.java:258)
	at io.netty.buffer.AbstractByteBuf.writeBytes(AbstractByteBuf.java:1132)
	at io.netty.channel.socket.nio.NioSocketChannel.doReadBytes(NioSocketChannel.java:357)
	at io.netty.channel.nio.AbstractNioByteChannel$NioByteUnsafe.read(AbstractNioByteChannel.java:151)
	at io.netty.channel.nio.NioEventLoop.processSelectedKey(NioEventLoop.java:722)
	at io.netty.channel.nio.NioEventLoop.processSelectedKeysOptimized(NioEventLoop.java:658)
	at io.netty.channel.nio.NioEventLoop.processSelectedKeys(NioEventLoop.java:584)
	at io.netty.channel.nio.NioEventLoop.run(NioEventLoop.java:496)
	at io.netty.util.concurrent.SingleThreadEventExecutor$4.run(SingleThreadEventExecutor.java:997)
	at io.netty.util.internal.ThreadExecutorMap$2.run(ThreadExecutorMap.java:74)
	at io.netty.util.concurrent.FastThreadLocalRunnable.run(FastThreadLocalRunnable.java:30)
	at java.base/java.lang.Thread.run(Thread.java:833)
12:31:18.071 [AsyncHttpClient-1-5] DEBUG org.asynchttpclient.netty.channel.ChannelManager - Closing Channel [id: 0x362b2d09, L:/127.0.0.1:60102 - R:localhost/127.0.0.1:60096] 
12:31:18.071 [AsyncHttpClient-1-5] DEBUG org.asynchttpclient.netty.handler.HttpHandler - Channel Closed: [id: 0x362b2d09, L:/127.0.0.1:60102 ! R:localhost/127.0.0.1:60096] with attribute DISCARD
12:31:18.080 [AsyncHttpClient-1-4] DEBUG org.asynchttpclient.netty.handler.HttpHandler - 

Request DefaultFullHttpRequest(decodeResult: success, version: HTTP/1.1, content: EmptyByteBufBE)
DELETE /session/0b2215218407c4f3bf02c0a3293d7581 HTTP/1.1
User-Agent: selenium/4.4.0 (java windows)
Content-Type: application/json; charset=utf-8
host: localhost:61916
accept: */*

Response DefaultHttpResponse(decodeResult: success, version: HTTP/1.1)
HTTP/1.1 200 OK
Content-Type: application/json; charset=utf-8
cache-control: no-cache
content-length: 14

12:31:18.080 [AsyncHttpClient-1-4] DEBUG org.asynchttpclient.netty.channel.ChannelManager - Adding key: http://localhost:61916 for channel [id: 0xe2722914, L:/127.0.0.1:60095 - R:localhost/127.0.0.1:61916]
12:31:18.118 [AsyncHttpClient-1-4] DEBUG org.asynchttpclient.netty.handler.HttpHandler - Channel Closed: [id: 0xe2722914, L:/127.0.0.1:60095 ! R:localhost/127.0.0.1:61916] with attribute DISCARD
12:31:18.178 [Test worker] INFO  - 
  _____   ___   ___   _____     ___     _     ___   ___   ___   ___  
 |_   _| | __| / __| |_   _|   | _ \   /_\   / __| / __| | __| |   \ 
   | |   | _|  \__ \   | |     |  _/  / _ \  \__ \ \__ \ | _|  | |) |
   |_|   |___| |___/   |_|     |_|   /_/ \_\ |___/ |___/ |___| |___/ 

Usuario trata autenticarse con información incompleta
----------------------------------------------------------------------

Esquema del escenario: Usuario trata autenticarse con información incompleta  ?[90m# src/test/resources/features/autenticacion/login.feature:34?[0m
12:31:18.182 [Test worker] INFO io.cucumber.core.plugin.SerenityReporter - Running feature from file:///C:/Users/juan.gomezv/IdeaProjects/sura/src/test/resources/features/autenticacion/login.feature
12:31:18.188 [Test worker] DEBUG net.thucydides.core.steps.StepInterceptor - STARTING STEP: LoginSteps.quiereConsultarArticulosDeportivosEnLaWebDeLaMarcaSwag - {0} abre la aplicación
12:31:18.190 [Test worker] DEBUG net.thucydides.core.steps.StepInterceptor - STARTING STEP: NavigateTo.performAs - {0} opens the #targetPageName
12:31:18.226 [Test worker] INFO net.serenitybdd.core.webdriver.driverproviders.ChromeDriverProvider - Starting Chrome driver instance with capabilities:
12:31:18.226 [Test worker] INFO net.serenitybdd.core.webdriver.driverproviders.ChromeDriverProvider - Capabilities {acceptInsecureCerts: false, browserName: chrome, goog:chromeOptions: {args: [], extensions: []}}
12:31:18.308 [AsyncHttpClient-1-7] DEBUG org.asynchttpclient.netty.channel.NettyConnectListener - Using new Channel '[id: 0x2156af3c, L:/127.0.0.1:60116 - R:localhost/127.0.0.1:63658]' for 'POST' to '/session'
12:31:18.448 [AsyncHttpClient-1-1] DEBUG org.asynchttpclient.netty.channel.DefaultChannelPool - Entry count for : http://localhost:60096 : 1
12:31:18.448 [AsyncHttpClient-1-1] DEBUG org.asynchttpclient.netty.channel.DefaultChannelPool - Entry count for : http://localhost:61916 : 1
12:31:18.448 [AsyncHttpClient-1-1] DEBUG org.asynchttpclient.netty.channel.DefaultChannelPool - Adding Candidate expired Channel [id: 0x362b2d09, L:/127.0.0.1:60102 ! R:localhost/127.0.0.1:60096] isIdleTimeoutExpired=false isRemotelyClosed=true isTtlExpired=false
12:31:18.448 [AsyncHttpClient-1-1] DEBUG org.asynchttpclient.netty.channel.DefaultChannelPool - Closing Idle Channel [id: 0x362b2d09, L:/127.0.0.1:60102 ! R:localhost/127.0.0.1:60096]
12:31:18.448 [AsyncHttpClient-1-1] DEBUG org.asynchttpclient.netty.channel.DefaultChannelPool - Adding Candidate expired Channel [id: 0xe2722914, L:/127.0.0.1:60095 ! R:localhost/127.0.0.1:61916] isIdleTimeoutExpired=false isRemotelyClosed=true isTtlExpired=false
12:31:18.448 [AsyncHttpClient-1-1] DEBUG org.asynchttpclient.netty.channel.DefaultChannelPool - Closing Idle Channel [id: 0xe2722914, L:/127.0.0.1:60095 ! R:localhost/127.0.0.1:61916]
12:31:18.448 [AsyncHttpClient-1-1] DEBUG org.asynchttpclient.netty.channel.DefaultChannelPool - Closed 2 connections out of 2 in 0 ms
12:31:18.901 [AsyncHttpClient-1-7] DEBUG org.asynchttpclient.netty.handler.HttpHandler - 

Request DefaultHttpRequest(decodeResult: success, version: HTTP/1.1)
POST /session HTTP/1.1
User-Agent: selenium/4.4.0 (java windows)
Content-Length: 437
Content-Type: application/json; charset=utf-8
host: localhost:63658
accept: */*

Response DefaultHttpResponse(decodeResult: success, version: HTTP/1.1)
HTTP/1.1 200 OK
Content-Type: application/json; charset=utf-8
cache-control: no-cache
content-length: 795

12:31:18.901 [AsyncHttpClient-1-7] DEBUG org.asynchttpclient.netty.channel.ChannelManager - Adding key: http://localhost:63658 for channel [id: 0x2156af3c, L:/127.0.0.1:60116 - R:localhost/127.0.0.1:63658]
12:31:18.904 [AsyncHttpClient-1-8] DEBUG org.asynchttpclient.netty.channel.NettyConnectListener - Using new Channel '[id: 0x0aaf9d97, L:/127.0.0.1:60123 - R:localhost/127.0.0.1:60117]' for 'GET' to '/json/version'
12:31:18.905 [AsyncHttpClient-1-8] DEBUG org.asynchttpclient.netty.handler.HttpHandler - 

Request DefaultFullHttpRequest(decodeResult: success, version: HTTP/1.1, content: EmptyByteBufBE)
GET /json/version HTTP/1.1
User-Agent: selenium/4.4.0 (java windows)
host: localhost:60117
accept: */*

Response DefaultHttpResponse(decodeResult: success, version: HTTP/1.1)
HTTP/1.1 200 OK
Content-Type: application/json; charset=UTF-8
content-length: 423

12:31:18.905 [AsyncHttpClient-1-8] DEBUG org.asynchttpclient.netty.channel.ChannelManager - Adding key: http://localhost:60117 for channel [id: 0x0aaf9d97, L:/127.0.0.1:60123 - R:localhost/127.0.0.1:60117]
12:31:18.906 [AsyncHttpClient-1-9] DEBUG org.asynchttpclient.netty.channel.NettyConnectListener - Using new Channel '[id: 0x09d835d7, L:/127.0.0.1:60124 - R:localhost/127.0.0.1:60117]' for 'GET' to '/devtools/browser/5baabdf9-4299-4ee1-b570-d908e9afba53'
12:31:18.906 [AsyncHttpClient-1-9] DEBUG org.asynchttpclient.netty.handler.WebSocketHandler - 

Request DefaultFullHttpRequest(decodeResult: success, version: HTTP/1.1, content: EmptyByteBufBE)
GET /devtools/browser/5baabdf9-4299-4ee1-b570-d908e9afba53 HTTP/1.1
upgrade: websocket
connection: upgrade
sec-websocket-key: 4gRqFrrNbdStzIcCeipHFA==
sec-websocket-version: 13
origin: http://localhost:60117
host: localhost:60117
accept: */*
user-agent: AHC/2.1

Response DefaultHttpResponse(decodeResult: success, version: HTTP/1.1)
HTTP/1.1 101 WebSocket Protocol Handshake
Upgrade: WebSocket
Connection: Upgrade
Sec-WebSocket-Accept: cl7pjCi7E+DB9ctepTiQ3PWwaCk=

12:31:18.908 [Forwarding get on session 2f50deb7d92a224f40cb262adbd033f6 to remote] DEBUG org.asynchttpclient.netty.request.NettyRequestSender - Using pooled Channel '[id: 0x2156af3c, L:/127.0.0.1:60116 - R:localhost/127.0.0.1:63658]' for 'POST' to 'http://localhost:63658/session/2f50deb7d92a224f40cb262adbd033f6/url'
12:31:18.908 [Forwarding get on session 2f50deb7d92a224f40cb262adbd033f6 to remote] DEBUG org.asynchttpclient.netty.request.NettyRequestSender - Using open Channel [id: 0x2156af3c, L:/127.0.0.1:60116 - R:localhost/127.0.0.1:63658] for POST '/session/2f50deb7d92a224f40cb262adbd033f6/url'
12:31:19.545 [AsyncHttpClient-1-1] DEBUG org.asynchttpclient.netty.channel.DefaultChannelPool - Entry count for : http://localhost:60117 : 1
12:31:19.706 [AsyncHttpClient-1-7] DEBUG org.asynchttpclient.netty.handler.HttpHandler - 

Request DefaultHttpRequest(decodeResult: success, version: HTTP/1.1)
POST /session/2f50deb7d92a224f40cb262adbd033f6/url HTTP/1.1
User-Agent: selenium/4.4.0 (java windows)
Content-Length: 40
Content-Type: application/json; charset=utf-8
host: localhost:63658
accept: */*

Response DefaultHttpResponse(decodeResult: success, version: HTTP/1.1)
HTTP/1.1 200 OK
Content-Type: application/json; charset=utf-8
cache-control: no-cache
content-length: 14

12:31:19.706 [AsyncHttpClient-1-7] DEBUG org.asynchttpclient.netty.channel.ChannelManager - Adding key: http://localhost:63658 for channel [id: 0x2156af3c, L:/127.0.0.1:60116 - R:localhost/127.0.0.1:63658]
12:31:19.707 [Forwarding setTimeout on session 2f50deb7d92a224f40cb262adbd033f6 to remote] DEBUG org.asynchttpclient.netty.request.NettyRequestSender - Using pooled Channel '[id: 0x2156af3c, L:/127.0.0.1:60116 - R:localhost/127.0.0.1:63658]' for 'POST' to 'http://localhost:63658/session/2f50deb7d92a224f40cb262adbd033f6/timeouts'
12:31:19.707 [Forwarding setTimeout on session 2f50deb7d92a224f40cb262adbd033f6 to remote] DEBUG org.asynchttpclient.netty.request.NettyRequestSender - Using open Channel [id: 0x2156af3c, L:/127.0.0.1:60116 - R:localhost/127.0.0.1:63658] for POST '/session/2f50deb7d92a224f40cb262adbd033f6/timeouts'
12:31:19.707 [AsyncHttpClient-1-7] DEBUG org.asynchttpclient.netty.handler.HttpHandler - 

Request DefaultHttpRequest(decodeResult: success, version: HTTP/1.1)
POST /session/2f50deb7d92a224f40cb262adbd033f6/timeouts HTTP/1.1
User-Agent: selenium/4.4.0 (java windows)
Content-Length: 22
Content-Type: application/json; charset=utf-8
host: localhost:63658
accept: */*

Response DefaultHttpResponse(decodeResult: success, version: HTTP/1.1)
HTTP/1.1 200 OK
Content-Type: application/json; charset=utf-8
cache-control: no-cache
content-length: 14

12:31:19.708 [AsyncHttpClient-1-7] DEBUG org.asynchttpclient.netty.channel.ChannelManager - Adding key: http://localhost:63658 for channel [id: 0x2156af3c, L:/127.0.0.1:60116 - R:localhost/127.0.0.1:63658]
12:31:19.718 [Forwarding getCurrentUrl on session 2f50deb7d92a224f40cb262adbd033f6 to remote] DEBUG org.asynchttpclient.netty.request.NettyRequestSender - Using pooled Channel '[id: 0x2156af3c, L:/127.0.0.1:60116 - R:localhost/127.0.0.1:63658]' for 'GET' to 'http://localhost:63658/session/2f50deb7d92a224f40cb262adbd033f6/url'
12:31:19.718 [Forwarding getCurrentUrl on session 2f50deb7d92a224f40cb262adbd033f6 to remote] DEBUG org.asynchttpclient.netty.request.NettyRequestSender - Using open Channel [id: 0x2156af3c, L:/127.0.0.1:60116 - R:localhost/127.0.0.1:63658] for GET '/session/2f50deb7d92a224f40cb262adbd033f6/url'
12:31:19.723 [AsyncHttpClient-1-7] DEBUG org.asynchttpclient.netty.handler.HttpHandler - 

Request DefaultFullHttpRequest(decodeResult: success, version: HTTP/1.1, content: EmptyByteBufBE)
GET /session/2f50deb7d92a224f40cb262adbd033f6/url HTTP/1.1
User-Agent: selenium/4.4.0 (java windows)
Cache-Control: no-cache
Content-Type: application/json; charset=utf-8
host: localhost:63658
accept: */*

Response DefaultHttpResponse(decodeResult: success, version: HTTP/1.1)
HTTP/1.1 200 OK
Content-Type: application/json; charset=utf-8
cache-control: no-cache
content-length: 38

12:31:19.723 [AsyncHttpClient-1-7] DEBUG org.asynchttpclient.netty.channel.ChannelManager - Adding key: http://localhost:63658 for channel [id: 0x2156af3c, L:/127.0.0.1:60116 - R:localhost/127.0.0.1:63658]
12:31:19.730 [Forwarding getCurrentUrl on session 2f50deb7d92a224f40cb262adbd033f6 to remote] DEBUG org.asynchttpclient.netty.request.NettyRequestSender - Using pooled Channel '[id: 0x2156af3c, L:/127.0.0.1:60116 - R:localhost/127.0.0.1:63658]' for 'GET' to 'http://localhost:63658/session/2f50deb7d92a224f40cb262adbd033f6/url'
12:31:19.730 [Forwarding getCurrentUrl on session 2f50deb7d92a224f40cb262adbd033f6 to remote] DEBUG org.asynchttpclient.netty.request.NettyRequestSender - Using open Channel [id: 0x2156af3c, L:/127.0.0.1:60116 - R:localhost/127.0.0.1:63658] for GET '/session/2f50deb7d92a224f40cb262adbd033f6/url'
12:31:19.735 [AsyncHttpClient-1-7] DEBUG org.asynchttpclient.netty.handler.HttpHandler - 

Request DefaultFullHttpRequest(decodeResult: success, version: HTTP/1.1, content: EmptyByteBufBE)
GET /session/2f50deb7d92a224f40cb262adbd033f6/url HTTP/1.1
User-Agent: selenium/4.4.0 (java windows)
Cache-Control: no-cache
Content-Type: application/json; charset=utf-8
host: localhost:63658
accept: */*

Response DefaultHttpResponse(decodeResult: success, version: HTTP/1.1)
HTTP/1.1 200 OK
Content-Type: application/json; charset=utf-8
cache-control: no-cache
content-length: 38

12:31:19.735 [AsyncHttpClient-1-7] DEBUG org.asynchttpclient.netty.channel.ChannelManager - Adding key: http://localhost:63658 for channel [id: 0x2156af3c, L:/127.0.0.1:60116 - R:localhost/127.0.0.1:63658]
12:31:19.750 [Forwarding getCurrentWindowHandle on session 2f50deb7d92a224f40cb262adbd033f6 to remote] DEBUG org.asynchttpclient.netty.request.NettyRequestSender - Using pooled Channel '[id: 0x2156af3c, L:/127.0.0.1:60116 - R:localhost/127.0.0.1:63658]' for 'GET' to 'http://localhost:63658/session/2f50deb7d92a224f40cb262adbd033f6/window'
12:31:19.750 [Forwarding getCurrentWindowHandle on session 2f50deb7d92a224f40cb262adbd033f6 to remote] DEBUG org.asynchttpclient.netty.request.NettyRequestSender - Using open Channel [id: 0x2156af3c, L:/127.0.0.1:60116 - R:localhost/127.0.0.1:63658] for GET '/session/2f50deb7d92a224f40cb262adbd033f6/window'
12:31:19.751 [AsyncHttpClient-1-7] DEBUG org.asynchttpclient.netty.handler.HttpHandler - 

Request DefaultFullHttpRequest(decodeResult: success, version: HTTP/1.1, content: EmptyByteBufBE)
GET /session/2f50deb7d92a224f40cb262adbd033f6/window HTTP/1.1
User-Agent: selenium/4.4.0 (java windows)
Cache-Control: no-cache
Content-Type: application/json; charset=utf-8
host: localhost:63658
accept: */*

Response DefaultHttpResponse(decodeResult: success, version: HTTP/1.1)
HTTP/1.1 200 OK
Content-Type: application/json; charset=utf-8
cache-control: no-cache
content-length: 53

12:31:19.751 [AsyncHttpClient-1-7] DEBUG org.asynchttpclient.netty.channel.ChannelManager - Adding key: http://localhost:63658 for channel [id: 0x2156af3c, L:/127.0.0.1:60116 - R:localhost/127.0.0.1:63658]
12:31:19.754 [Forwarding getAlertText on session 2f50deb7d92a224f40cb262adbd033f6 to remote] DEBUG org.asynchttpclient.netty.request.NettyRequestSender - Using pooled Channel '[id: 0x2156af3c, L:/127.0.0.1:60116 - R:localhost/127.0.0.1:63658]' for 'GET' to 'http://localhost:63658/session/2f50deb7d92a224f40cb262adbd033f6/alert/text'
12:31:19.754 [Forwarding getAlertText on session 2f50deb7d92a224f40cb262adbd033f6 to remote] DEBUG org.asynchttpclient.netty.request.NettyRequestSender - Using open Channel [id: 0x2156af3c, L:/127.0.0.1:60116 - R:localhost/127.0.0.1:63658] for GET '/session/2f50deb7d92a224f40cb262adbd033f6/alert/text'
12:31:19.756 [AsyncHttpClient-1-7] DEBUG org.asynchttpclient.netty.handler.HttpHandler - 

Request DefaultFullHttpRequest(decodeResult: success, version: HTTP/1.1, content: EmptyByteBufBE)
GET /session/2f50deb7d92a224f40cb262adbd033f6/alert/text HTTP/1.1
User-Agent: selenium/4.4.0 (java windows)
Cache-Control: no-cache
Content-Type: application/json; charset=utf-8
host: localhost:63658
accept: */*

Response DefaultHttpResponse(decodeResult: success, version: HTTP/1.1)
HTTP/1.1 404 Not Found
Content-Type: application/json; charset=utf-8
cache-control: no-cache
content-length: 879

12:31:19.756 [AsyncHttpClient-1-7] DEBUG org.asynchttpclient.netty.channel.ChannelManager - Adding key: http://localhost:63658 for channel [id: 0x2156af3c, L:/127.0.0.1:60116 - R:localhost/127.0.0.1:63658]
12:31:19.762 [Forwarding switchToWindow on session 2f50deb7d92a224f40cb262adbd033f6 to remote] DEBUG org.asynchttpclient.netty.request.NettyRequestSender - Using pooled Channel '[id: 0x2156af3c, L:/127.0.0.1:60116 - R:localhost/127.0.0.1:63658]' for 'POST' to 'http://localhost:63658/session/2f50deb7d92a224f40cb262adbd033f6/window'
12:31:19.762 [Forwarding switchToWindow on session 2f50deb7d92a224f40cb262adbd033f6 to remote] DEBUG org.asynchttpclient.netty.request.NettyRequestSender - Using open Channel [id: 0x2156af3c, L:/127.0.0.1:60116 - R:localhost/127.0.0.1:63658] for POST '/session/2f50deb7d92a224f40cb262adbd033f6/window'
12:31:19.766 [AsyncHttpClient-1-7] DEBUG org.asynchttpclient.netty.handler.HttpHandler - 

Request DefaultHttpRequest(decodeResult: success, version: HTTP/1.1)
POST /session/2f50deb7d92a224f40cb262adbd033f6/window HTTP/1.1
User-Agent: selenium/4.4.0 (java windows)
Content-Length: 59
Content-Type: application/json; charset=utf-8
host: localhost:63658
accept: */*

Response DefaultHttpResponse(decodeResult: success, version: HTTP/1.1)
HTTP/1.1 200 OK
Content-Type: application/json; charset=utf-8
cache-control: no-cache
content-length: 14

12:31:19.766 [AsyncHttpClient-1-7] DEBUG org.asynchttpclient.netty.channel.ChannelManager - Adding key: http://localhost:63658 for channel [id: 0x2156af3c, L:/127.0.0.1:60116 - R:localhost/127.0.0.1:63658]
12:31:19.767 [Forwarding getCurrentUrl on session 2f50deb7d92a224f40cb262adbd033f6 to remote] DEBUG org.asynchttpclient.netty.request.NettyRequestSender - Using pooled Channel '[id: 0x2156af3c, L:/127.0.0.1:60116 - R:localhost/127.0.0.1:63658]' for 'GET' to 'http://localhost:63658/session/2f50deb7d92a224f40cb262adbd033f6/url'
12:31:19.767 [Forwarding getCurrentUrl on session 2f50deb7d92a224f40cb262adbd033f6 to remote] DEBUG org.asynchttpclient.netty.request.NettyRequestSender - Using open Channel [id: 0x2156af3c, L:/127.0.0.1:60116 - R:localhost/127.0.0.1:63658] for GET '/session/2f50deb7d92a224f40cb262adbd033f6/url'
12:31:19.772 [AsyncHttpClient-1-7] DEBUG org.asynchttpclient.netty.handler.HttpHandler - 

Request DefaultFullHttpRequest(decodeResult: success, version: HTTP/1.1, content: EmptyByteBufBE)
GET /session/2f50deb7d92a224f40cb262adbd033f6/url HTTP/1.1
User-Agent: selenium/4.4.0 (java windows)
Cache-Control: no-cache
Content-Type: application/json; charset=utf-8
host: localhost:63658
accept: */*

Response DefaultHttpResponse(decodeResult: success, version: HTTP/1.1)
HTTP/1.1 200 OK
Content-Type: application/json; charset=utf-8
cache-control: no-cache
content-length: 38

12:31:19.772 [AsyncHttpClient-1-7] DEBUG org.asynchttpclient.netty.channel.ChannelManager - Adding key: http://localhost:63658 for channel [id: 0x2156af3c, L:/127.0.0.1:60116 - R:localhost/127.0.0.1:63658]
12:31:19.773 [Forwarding screenshot on session 2f50deb7d92a224f40cb262adbd033f6 to remote] DEBUG org.asynchttpclient.netty.request.NettyRequestSender - Using pooled Channel '[id: 0x2156af3c, L:/127.0.0.1:60116 - R:localhost/127.0.0.1:63658]' for 'GET' to 'http://localhost:63658/session/2f50deb7d92a224f40cb262adbd033f6/screenshot'
12:31:19.773 [Forwarding screenshot on session 2f50deb7d92a224f40cb262adbd033f6 to remote] DEBUG org.asynchttpclient.netty.request.NettyRequestSender - Using open Channel [id: 0x2156af3c, L:/127.0.0.1:60116 - R:localhost/127.0.0.1:63658] for GET '/session/2f50deb7d92a224f40cb262adbd033f6/screenshot'
12:31:19.863 [AsyncHttpClient-1-7] DEBUG org.asynchttpclient.netty.handler.HttpHandler - 

Request DefaultFullHttpRequest(decodeResult: success, version: HTTP/1.1, content: EmptyByteBufBE)
GET /session/2f50deb7d92a224f40cb262adbd033f6/screenshot HTTP/1.1
User-Agent: selenium/4.4.0 (java windows)
Cache-Control: no-cache
Content-Type: application/json; charset=utf-8
host: localhost:63658
accept: */*

Response DefaultHttpResponse(decodeResult: success, version: HTTP/1.1)
HTTP/1.1 200 OK
Content-Type: application/json; charset=utf-8
cache-control: no-cache
content-length: 59108

12:31:19.863 [AsyncHttpClient-1-7] DEBUG org.asynchttpclient.netty.channel.ChannelManager - Adding key: http://localhost:63658 for channel [id: 0x2156af3c, L:/127.0.0.1:60116 - R:localhost/127.0.0.1:63658]
12:31:19.865 [Test worker] DEBUG net.serenitybdd.core.photography.Darkroom - Send negative for processing for C:\Users\juan.gomezv\IdeaProjects\sura\target\site\serenity\60e3c498caf7a8fcf635471a5092c247627e1395d91e12246eaf1a3e7a34e095.png
12:31:19.865 [Test worker] DEBUG net.thucydides.core.steps.StepInterceptor - STEP DONE: {0} opens the #targetPageName
12:31:19.872 [Test worker] DEBUG net.thucydides.core.steps.StepInterceptor - STEP DONE: {0} abre la aplicación
  ?[32mDado ?[0m?[32m?[0m?[32m?[1mAna?[0m?[32m quiere consultar articulos deportivos en la web de la marca Swag?[0m   ?[90m# sura.stepDefinitions.LoginSteps.quiereConsultarArticulosDeportivosEnLaWebDeLaMarcaSwag(net.serenitybdd.screenplay.Actor)?[0m
12:31:19.888 [Forwarding getPageSource on session 2f50deb7d92a224f40cb262adbd033f6 to remote] DEBUG org.asynchttpclient.netty.request.NettyRequestSender - Using pooled Channel '[id: 0x2156af3c, L:/127.0.0.1:60116 - R:localhost/127.0.0.1:63658]' for 'POST' to 'http://localhost:63658/session/2f50deb7d92a224f40cb262adbd033f6/execute/sync'
12:31:19.888 [Forwarding getPageSource on session 2f50deb7d92a224f40cb262adbd033f6 to remote] DEBUG org.asynchttpclient.netty.request.NettyRequestSender - Using open Channel [id: 0x2156af3c, L:/127.0.0.1:60116 - R:localhost/127.0.0.1:63658] for POST '/session/2f50deb7d92a224f40cb262adbd033f6/execute/sync'
12:31:19.892 [AsyncHttpClient-1-7] DEBUG org.asynchttpclient.netty.handler.HttpHandler - 

Request DefaultHttpRequest(decodeResult: success, version: HTTP/1.1)
POST /session/2f50deb7d92a224f40cb262adbd033f6/execute/sync HTTP/1.1
User-Agent: selenium/4.4.0 (java windows)
Content-Length: 176
Content-Type: application/json; charset=utf-8
host: localhost:63658
accept: */*

Response DefaultHttpResponse(decodeResult: success, version: HTTP/1.1)
HTTP/1.1 200 OK
Content-Type: application/json; charset=utf-8
cache-control: no-cache
content-length: 4160

12:31:19.892 [AsyncHttpClient-1-7] DEBUG org.asynchttpclient.netty.channel.ChannelManager - Adding key: http://localhost:63658 for channel [id: 0x2156af3c, L:/127.0.0.1:60116 - R:localhost/127.0.0.1:63658]
12:31:19.894 [Forwarding getCurrentUrl on session 2f50deb7d92a224f40cb262adbd033f6 to remote] DEBUG org.asynchttpclient.netty.request.NettyRequestSender - Using pooled Channel '[id: 0x2156af3c, L:/127.0.0.1:60116 - R:localhost/127.0.0.1:63658]' for 'GET' to 'http://localhost:63658/session/2f50deb7d92a224f40cb262adbd033f6/url'
12:31:19.894 [Forwarding getCurrentUrl on session 2f50deb7d92a224f40cb262adbd033f6 to remote] DEBUG org.asynchttpclient.netty.request.NettyRequestSender - Using open Channel [id: 0x2156af3c, L:/127.0.0.1:60116 - R:localhost/127.0.0.1:63658] for GET '/session/2f50deb7d92a224f40cb262adbd033f6/url'
12:31:19.896 [AsyncHttpClient-1-7] DEBUG org.asynchttpclient.netty.handler.HttpHandler - 

Request DefaultFullHttpRequest(decodeResult: success, version: HTTP/1.1, content: EmptyByteBufBE)
GET /session/2f50deb7d92a224f40cb262adbd033f6/url HTTP/1.1
User-Agent: selenium/4.4.0 (java windows)
Cache-Control: no-cache
Content-Type: application/json; charset=utf-8
host: localhost:63658
accept: */*

Response DefaultHttpResponse(decodeResult: success, version: HTTP/1.1)
HTTP/1.1 200 OK
Content-Type: application/json; charset=utf-8
cache-control: no-cache
content-length: 38

12:31:19.897 [AsyncHttpClient-1-7] DEBUG org.asynchttpclient.netty.channel.ChannelManager - Adding key: http://localhost:63658 for channel [id: 0x2156af3c, L:/127.0.0.1:60116 - R:localhost/127.0.0.1:63658]
12:31:19.910 [Forwarding getPageSource on session 2f50deb7d92a224f40cb262adbd033f6 to remote] DEBUG org.asynchttpclient.netty.request.NettyRequestSender - Using pooled Channel '[id: 0x2156af3c, L:/127.0.0.1:60116 - R:localhost/127.0.0.1:63658]' for 'POST' to 'http://localhost:63658/session/2f50deb7d92a224f40cb262adbd033f6/execute/sync'
12:31:19.910 [Forwarding getPageSource on session 2f50deb7d92a224f40cb262adbd033f6 to remote] DEBUG org.asynchttpclient.netty.request.NettyRequestSender - Using open Channel [id: 0x2156af3c, L:/127.0.0.1:60116 - R:localhost/127.0.0.1:63658] for POST '/session/2f50deb7d92a224f40cb262adbd033f6/execute/sync'
12:31:19.913 [AsyncHttpClient-1-7] DEBUG org.asynchttpclient.netty.handler.HttpHandler - 

Request DefaultHttpRequest(decodeResult: success, version: HTTP/1.1)
POST /session/2f50deb7d92a224f40cb262adbd033f6/execute/sync HTTP/1.1
User-Agent: selenium/4.4.0 (java windows)
Content-Length: 176
Content-Type: application/json; charset=utf-8
host: localhost:63658
accept: */*

Response DefaultHttpResponse(decodeResult: success, version: HTTP/1.1)
HTTP/1.1 200 OK
Content-Type: application/json; charset=utf-8
cache-control: no-cache
content-length: 4160

12:31:19.913 [AsyncHttpClient-1-7] DEBUG org.asynchttpclient.netty.channel.ChannelManager - Adding key: http://localhost:63658 for channel [id: 0x2156af3c, L:/127.0.0.1:60116 - R:localhost/127.0.0.1:63658]
12:31:19.914 [Forwarding getCurrentUrl on session 2f50deb7d92a224f40cb262adbd033f6 to remote] DEBUG org.asynchttpclient.netty.request.NettyRequestSender - Using pooled Channel '[id: 0x2156af3c, L:/127.0.0.1:60116 - R:localhost/127.0.0.1:63658]' for 'GET' to 'http://localhost:63658/session/2f50deb7d92a224f40cb262adbd033f6/url'
12:31:19.914 [Forwarding getCurrentUrl on session 2f50deb7d92a224f40cb262adbd033f6 to remote] DEBUG org.asynchttpclient.netty.request.NettyRequestSender - Using open Channel [id: 0x2156af3c, L:/127.0.0.1:60116 - R:localhost/127.0.0.1:63658] for GET '/session/2f50deb7d92a224f40cb262adbd033f6/url'
12:31:19.916 [AsyncHttpClient-1-7] DEBUG org.asynchttpclient.netty.handler.HttpHandler - 

Request DefaultFullHttpRequest(decodeResult: success, version: HTTP/1.1, content: EmptyByteBufBE)
GET /session/2f50deb7d92a224f40cb262adbd033f6/url HTTP/1.1
User-Agent: selenium/4.4.0 (java windows)
Cache-Control: no-cache
Content-Type: application/json; charset=utf-8
host: localhost:63658
accept: */*

Response DefaultHttpResponse(decodeResult: success, version: HTTP/1.1)
HTTP/1.1 200 OK
Content-Type: application/json; charset=utf-8
cache-control: no-cache
content-length: 38

12:31:19.916 [AsyncHttpClient-1-7] DEBUG org.asynchttpclient.netty.channel.ChannelManager - Adding key: http://localhost:63658 for channel [id: 0x2156af3c, L:/127.0.0.1:60116 - R:localhost/127.0.0.1:63658]
12:31:19.918 [Test worker] DEBUG net.thucydides.core.steps.StepInterceptor - STARTING STEP: LoginSteps.elSeAutenticaComoUnUsuario - performAs
12:31:19.931 [Forwarding getCurrentWindowHandle on session 2f50deb7d92a224f40cb262adbd033f6 to remote] DEBUG org.asynchttpclient.netty.request.NettyRequestSender - Using pooled Channel '[id: 0x2156af3c, L:/127.0.0.1:60116 - R:localhost/127.0.0.1:63658]' for 'GET' to 'http://localhost:63658/session/2f50deb7d92a224f40cb262adbd033f6/window'
12:31:19.931 [Forwarding getCurrentWindowHandle on session 2f50deb7d92a224f40cb262adbd033f6 to remote] DEBUG org.asynchttpclient.netty.request.NettyRequestSender - Using open Channel [id: 0x2156af3c, L:/127.0.0.1:60116 - R:localhost/127.0.0.1:63658] for GET '/session/2f50deb7d92a224f40cb262adbd033f6/window'
12:31:19.932 [AsyncHttpClient-1-7] DEBUG org.asynchttpclient.netty.handler.HttpHandler - 

Request DefaultFullHttpRequest(decodeResult: success, version: HTTP/1.1, content: EmptyByteBufBE)
GET /session/2f50deb7d92a224f40cb262adbd033f6/window HTTP/1.1
User-Agent: selenium/4.4.0 (java windows)
Cache-Control: no-cache
Content-Type: application/json; charset=utf-8
host: localhost:63658
accept: */*

Response DefaultHttpResponse(decodeResult: success, version: HTTP/1.1)
HTTP/1.1 200 OK
Content-Type: application/json; charset=utf-8
cache-control: no-cache
content-length: 53

12:31:19.932 [AsyncHttpClient-1-7] DEBUG org.asynchttpclient.netty.channel.ChannelManager - Adding key: http://localhost:63658 for channel [id: 0x2156af3c, L:/127.0.0.1:60116 - R:localhost/127.0.0.1:63658]
12:31:19.935 [Forwarding getAlertText on session 2f50deb7d92a224f40cb262adbd033f6 to remote] DEBUG org.asynchttpclient.netty.request.NettyRequestSender - Using pooled Channel '[id: 0x2156af3c, L:/127.0.0.1:60116 - R:localhost/127.0.0.1:63658]' for 'GET' to 'http://localhost:63658/session/2f50deb7d92a224f40cb262adbd033f6/alert/text'
12:31:19.935 [Forwarding getAlertText on session 2f50deb7d92a224f40cb262adbd033f6 to remote] DEBUG org.asynchttpclient.netty.request.NettyRequestSender - Using open Channel [id: 0x2156af3c, L:/127.0.0.1:60116 - R:localhost/127.0.0.1:63658] for GET '/session/2f50deb7d92a224f40cb262adbd033f6/alert/text'
12:31:19.936 [AsyncHttpClient-1-7] DEBUG org.asynchttpclient.netty.handler.HttpHandler - 

Request DefaultFullHttpRequest(decodeResult: success, version: HTTP/1.1, content: EmptyByteBufBE)
GET /session/2f50deb7d92a224f40cb262adbd033f6/alert/text HTTP/1.1
User-Agent: selenium/4.4.0 (java windows)
Cache-Control: no-cache
Content-Type: application/json; charset=utf-8
host: localhost:63658
accept: */*

Response DefaultHttpResponse(decodeResult: success, version: HTTP/1.1)
HTTP/1.1 404 Not Found
Content-Type: application/json; charset=utf-8
cache-control: no-cache
content-length: 879

12:31:19.936 [AsyncHttpClient-1-7] DEBUG org.asynchttpclient.netty.channel.ChannelManager - Adding key: http://localhost:63658 for channel [id: 0x2156af3c, L:/127.0.0.1:60116 - R:localhost/127.0.0.1:63658]
12:31:19.940 [Forwarding switchToWindow on session 2f50deb7d92a224f40cb262adbd033f6 to remote] DEBUG org.asynchttpclient.netty.request.NettyRequestSender - Using pooled Channel '[id: 0x2156af3c, L:/127.0.0.1:60116 - R:localhost/127.0.0.1:63658]' for 'POST' to 'http://localhost:63658/session/2f50deb7d92a224f40cb262adbd033f6/window'
12:31:19.940 [Forwarding switchToWindow on session 2f50deb7d92a224f40cb262adbd033f6 to remote] DEBUG org.asynchttpclient.netty.request.NettyRequestSender - Using open Channel [id: 0x2156af3c, L:/127.0.0.1:60116 - R:localhost/127.0.0.1:63658] for POST '/session/2f50deb7d92a224f40cb262adbd033f6/window'
12:31:19.942 [AsyncHttpClient-1-7] DEBUG org.asynchttpclient.netty.handler.HttpHandler - 

Request DefaultHttpRequest(decodeResult: success, version: HTTP/1.1)
POST /session/2f50deb7d92a224f40cb262adbd033f6/window HTTP/1.1
User-Agent: selenium/4.4.0 (java windows)
Content-Length: 59
Content-Type: application/json; charset=utf-8
host: localhost:63658
accept: */*

Response DefaultHttpResponse(decodeResult: success, version: HTTP/1.1)
HTTP/1.1 200 OK
Content-Type: application/json; charset=utf-8
cache-control: no-cache
content-length: 14

12:31:19.942 [AsyncHttpClient-1-7] DEBUG org.asynchttpclient.netty.channel.ChannelManager - Adding key: http://localhost:63658 for channel [id: 0x2156af3c, L:/127.0.0.1:60116 - R:localhost/127.0.0.1:63658]
12:31:19.942 [Forwarding getCurrentUrl on session 2f50deb7d92a224f40cb262adbd033f6 to remote] DEBUG org.asynchttpclient.netty.request.NettyRequestSender - Using pooled Channel '[id: 0x2156af3c, L:/127.0.0.1:60116 - R:localhost/127.0.0.1:63658]' for 'GET' to 'http://localhost:63658/session/2f50deb7d92a224f40cb262adbd033f6/url'
12:31:19.942 [Forwarding getCurrentUrl on session 2f50deb7d92a224f40cb262adbd033f6 to remote] DEBUG org.asynchttpclient.netty.request.NettyRequestSender - Using open Channel [id: 0x2156af3c, L:/127.0.0.1:60116 - R:localhost/127.0.0.1:63658] for GET '/session/2f50deb7d92a224f40cb262adbd033f6/url'
12:31:19.944 [AsyncHttpClient-1-7] DEBUG org.asynchttpclient.netty.handler.HttpHandler - 

Request DefaultFullHttpRequest(decodeResult: success, version: HTTP/1.1, content: EmptyByteBufBE)
GET /session/2f50deb7d92a224f40cb262adbd033f6/url HTTP/1.1
User-Agent: selenium/4.4.0 (java windows)
Cache-Control: no-cache
Content-Type: application/json; charset=utf-8
host: localhost:63658
accept: */*

Response DefaultHttpResponse(decodeResult: success, version: HTTP/1.1)
HTTP/1.1 200 OK
Content-Type: application/json; charset=utf-8
cache-control: no-cache
content-length: 38

12:31:19.944 [AsyncHttpClient-1-7] DEBUG org.asynchttpclient.netty.channel.ChannelManager - Adding key: http://localhost:63658 for channel [id: 0x2156af3c, L:/127.0.0.1:60116 - R:localhost/127.0.0.1:63658]
12:31:19.945 [Forwarding screenshot on session 2f50deb7d92a224f40cb262adbd033f6 to remote] DEBUG org.asynchttpclient.netty.request.NettyRequestSender - Using pooled Channel '[id: 0x2156af3c, L:/127.0.0.1:60116 - R:localhost/127.0.0.1:63658]' for 'GET' to 'http://localhost:63658/session/2f50deb7d92a224f40cb262adbd033f6/screenshot'
12:31:19.945 [Forwarding screenshot on session 2f50deb7d92a224f40cb262adbd033f6 to remote] DEBUG org.asynchttpclient.netty.request.NettyRequestSender - Using open Channel [id: 0x2156af3c, L:/127.0.0.1:60116 - R:localhost/127.0.0.1:63658] for GET '/session/2f50deb7d92a224f40cb262adbd033f6/screenshot'
12:31:20.015 [AsyncHttpClient-1-7] DEBUG org.asynchttpclient.netty.handler.HttpHandler - 

Request DefaultFullHttpRequest(decodeResult: success, version: HTTP/1.1, content: EmptyByteBufBE)
GET /session/2f50deb7d92a224f40cb262adbd033f6/screenshot HTTP/1.1
User-Agent: selenium/4.4.0 (java windows)
Cache-Control: no-cache
Content-Type: application/json; charset=utf-8
host: localhost:63658
accept: */*

Response DefaultHttpResponse(decodeResult: success, version: HTTP/1.1)
HTTP/1.1 200 OK
Content-Type: application/json; charset=utf-8
cache-control: no-cache
content-length: 59108

12:31:20.016 [AsyncHttpClient-1-7] DEBUG org.asynchttpclient.netty.channel.ChannelManager - Adding key: http://localhost:63658 for channel [id: 0x2156af3c, L:/127.0.0.1:60116 - R:localhost/127.0.0.1:63658]
12:31:20.017 [Test worker] DEBUG net.serenitybdd.core.photography.Darkroom - Send negative for processing for C:\Users\juan.gomezv\IdeaProjects\sura\target\site\serenity\60e3c498caf7a8fcf635471a5092c247627e1395d91e12246eaf1a3e7a34e095.png
12:31:20.022 [Forwarding getPageSource on session 2f50deb7d92a224f40cb262adbd033f6 to remote] DEBUG org.asynchttpclient.netty.request.NettyRequestSender - Using pooled Channel '[id: 0x2156af3c, L:/127.0.0.1:60116 - R:localhost/127.0.0.1:63658]' for 'POST' to 'http://localhost:63658/session/2f50deb7d92a224f40cb262adbd033f6/execute/sync'
12:31:20.022 [Forwarding getPageSource on session 2f50deb7d92a224f40cb262adbd033f6 to remote] DEBUG org.asynchttpclient.netty.request.NettyRequestSender - Using open Channel [id: 0x2156af3c, L:/127.0.0.1:60116 - R:localhost/127.0.0.1:63658] for POST '/session/2f50deb7d92a224f40cb262adbd033f6/execute/sync'
12:31:20.026 [AsyncHttpClient-1-7] DEBUG org.asynchttpclient.netty.handler.HttpHandler - 

Request DefaultHttpRequest(decodeResult: success, version: HTTP/1.1)
POST /session/2f50deb7d92a224f40cb262adbd033f6/execute/sync HTTP/1.1
User-Agent: selenium/4.4.0 (java windows)
Content-Length: 176
Content-Type: application/json; charset=utf-8
host: localhost:63658
accept: */*

Response DefaultHttpResponse(decodeResult: success, version: HTTP/1.1)
HTTP/1.1 200 OK
Content-Type: application/json; charset=utf-8
cache-control: no-cache
content-length: 4160

12:31:20.026 [AsyncHttpClient-1-7] DEBUG org.asynchttpclient.netty.channel.ChannelManager - Adding key: http://localhost:63658 for channel [id: 0x2156af3c, L:/127.0.0.1:60116 - R:localhost/127.0.0.1:63658]
12:31:20.027 [Forwarding getCurrentUrl on session 2f50deb7d92a224f40cb262adbd033f6 to remote] DEBUG org.asynchttpclient.netty.request.NettyRequestSender - Using pooled Channel '[id: 0x2156af3c, L:/127.0.0.1:60116 - R:localhost/127.0.0.1:63658]' for 'GET' to 'http://localhost:63658/session/2f50deb7d92a224f40cb262adbd033f6/url'
12:31:20.028 [Forwarding getCurrentUrl on session 2f50deb7d92a224f40cb262adbd033f6 to remote] DEBUG org.asynchttpclient.netty.request.NettyRequestSender - Using open Channel [id: 0x2156af3c, L:/127.0.0.1:60116 - R:localhost/127.0.0.1:63658] for GET '/session/2f50deb7d92a224f40cb262adbd033f6/url'
12:31:20.031 [AsyncHttpClient-1-7] DEBUG org.asynchttpclient.netty.handler.HttpHandler - 

Request DefaultFullHttpRequest(decodeResult: success, version: HTTP/1.1, content: EmptyByteBufBE)
GET /session/2f50deb7d92a224f40cb262adbd033f6/url HTTP/1.1
User-Agent: selenium/4.4.0 (java windows)
Cache-Control: no-cache
Content-Type: application/json; charset=utf-8
host: localhost:63658
accept: */*

Response DefaultHttpResponse(decodeResult: success, version: HTTP/1.1)
HTTP/1.1 200 OK
Content-Type: application/json; charset=utf-8
cache-control: no-cache
content-length: 38

12:31:20.031 [AsyncHttpClient-1-7] DEBUG org.asynchttpclient.netty.channel.ChannelManager - Adding key: http://localhost:63658 for channel [id: 0x2156af3c, L:/127.0.0.1:60116 - R:localhost/127.0.0.1:63658]
12:31:20.032 [Test worker] DEBUG net.thucydides.core.steps.StepInterceptor - STARTING STEP: LogIn.performAs - {0} enters #theTextAsAString into #target
12:31:20.038 [Test worker] DEBUG net.serenitybdd.screenplay.targets.IFrameSwitcher - default content already selected for usernameTextBox
12:31:20.060 [Forwarding findElement on session 2f50deb7d92a224f40cb262adbd033f6 to remote] DEBUG org.asynchttpclient.netty.request.NettyRequestSender - Using pooled Channel '[id: 0x2156af3c, L:/127.0.0.1:60116 - R:localhost/127.0.0.1:63658]' for 'POST' to 'http://localhost:63658/session/2f50deb7d92a224f40cb262adbd033f6/element'
12:31:20.060 [Forwarding findElement on session 2f50deb7d92a224f40cb262adbd033f6 to remote] DEBUG org.asynchttpclient.netty.request.NettyRequestSender - Using open Channel [id: 0x2156af3c, L:/127.0.0.1:60116 - R:localhost/127.0.0.1:63658] for POST '/session/2f50deb7d92a224f40cb262adbd033f6/element'
12:31:20.071 [AsyncHttpClient-1-7] DEBUG org.asynchttpclient.netty.handler.HttpHandler - 

Request DefaultHttpRequest(decodeResult: success, version: HTTP/1.1)
POST /session/2f50deb7d92a224f40cb262adbd033f6/element HTTP/1.1
User-Agent: selenium/4.4.0 (java windows)
Content-Length: 67
Content-Type: application/json; charset=utf-8
host: localhost:63658
accept: */*

Response DefaultHttpResponse(decodeResult: success, version: HTTP/1.1)
HTTP/1.1 200 OK
Content-Type: application/json; charset=utf-8
cache-control: no-cache
content-length: 88

12:31:20.071 [AsyncHttpClient-1-7] DEBUG org.asynchttpclient.netty.channel.ChannelManager - Adding key: http://localhost:63658 for channel [id: 0x2156af3c, L:/127.0.0.1:60116 - R:localhost/127.0.0.1:63658]
12:31:20.072 [Forwarding clearElement on session 2f50deb7d92a224f40cb262adbd033f6 to remote] DEBUG org.asynchttpclient.netty.request.NettyRequestSender - Using pooled Channel '[id: 0x2156af3c, L:/127.0.0.1:60116 - R:localhost/127.0.0.1:63658]' for 'POST' to 'http://localhost:63658/session/2f50deb7d92a224f40cb262adbd033f6/element/99182466-079b-41ca-8c55-4981b3e79f34/clear'
12:31:20.072 [Forwarding clearElement on session 2f50deb7d92a224f40cb262adbd033f6 to remote] DEBUG org.asynchttpclient.netty.request.NettyRequestSender - Using open Channel [id: 0x2156af3c, L:/127.0.0.1:60116 - R:localhost/127.0.0.1:63658] for POST '/session/2f50deb7d92a224f40cb262adbd033f6/element/99182466-079b-41ca-8c55-4981b3e79f34/clear'
12:31:20.096 [AsyncHttpClient-1-7] DEBUG org.asynchttpclient.netty.handler.HttpHandler - 

Request DefaultHttpRequest(decodeResult: success, version: HTTP/1.1)
POST /session/2f50deb7d92a224f40cb262adbd033f6/element/99182466-079b-41ca-8c55-4981b3e79f34/clear HTTP/1.1
User-Agent: selenium/4.4.0 (java windows)
Content-Length: 50
Content-Type: application/json; charset=utf-8
host: localhost:63658
accept: */*

Response DefaultHttpResponse(decodeResult: success, version: HTTP/1.1)
HTTP/1.1 200 OK
Content-Type: application/json; charset=utf-8
cache-control: no-cache
content-length: 14

12:31:20.096 [AsyncHttpClient-1-7] DEBUG org.asynchttpclient.netty.channel.ChannelManager - Adding key: http://localhost:63658 for channel [id: 0x2156af3c, L:/127.0.0.1:60116 - R:localhost/127.0.0.1:63658]
12:31:20.099 [Forwarding sendKeysToElement on session 2f50deb7d92a224f40cb262adbd033f6 to remote] DEBUG org.asynchttpclient.netty.request.NettyRequestSender - Using pooled Channel '[id: 0x2156af3c, L:/127.0.0.1:60116 - R:localhost/127.0.0.1:63658]' for 'POST' to 'http://localhost:63658/session/2f50deb7d92a224f40cb262adbd033f6/element/99182466-079b-41ca-8c55-4981b3e79f34/value'
12:31:20.099 [Forwarding sendKeysToElement on session 2f50deb7d92a224f40cb262adbd033f6 to remote] DEBUG org.asynchttpclient.netty.request.NettyRequestSender - Using open Channel [id: 0x2156af3c, L:/127.0.0.1:60116 - R:localhost/127.0.0.1:63658] for POST '/session/2f50deb7d92a224f40cb262adbd033f6/element/99182466-079b-41ca-8c55-4981b3e79f34/value'
12:31:20.130 [AsyncHttpClient-1-7] DEBUG org.asynchttpclient.netty.handler.HttpHandler - 

Request DefaultHttpRequest(decodeResult: success, version: HTTP/1.1)
POST /session/2f50deb7d92a224f40cb262adbd033f6/element/99182466-079b-41ca-8c55-4981b3e79f34/value HTTP/1.1
User-Agent: selenium/4.4.0 (java windows)
Content-Length: 82
Content-Type: application/json; charset=utf-8
host: localhost:63658
accept: */*

Response DefaultHttpResponse(decodeResult: success, version: HTTP/1.1)
HTTP/1.1 200 OK
Content-Type: application/json; charset=utf-8
cache-control: no-cache
content-length: 14

12:31:20.130 [AsyncHttpClient-1-7] DEBUG org.asynchttpclient.netty.channel.ChannelManager - Adding key: http://localhost:63658 for channel [id: 0x2156af3c, L:/127.0.0.1:60116 - R:localhost/127.0.0.1:63658]
12:31:20.148 [Forwarding getCurrentWindowHandle on session 2f50deb7d92a224f40cb262adbd033f6 to remote] DEBUG org.asynchttpclient.netty.request.NettyRequestSender - Using pooled Channel '[id: 0x2156af3c, L:/127.0.0.1:60116 - R:localhost/127.0.0.1:63658]' for 'GET' to 'http://localhost:63658/session/2f50deb7d92a224f40cb262adbd033f6/window'
12:31:20.148 [Forwarding getCurrentWindowHandle on session 2f50deb7d92a224f40cb262adbd033f6 to remote] DEBUG org.asynchttpclient.netty.request.NettyRequestSender - Using open Channel [id: 0x2156af3c, L:/127.0.0.1:60116 - R:localhost/127.0.0.1:63658] for GET '/session/2f50deb7d92a224f40cb262adbd033f6/window'
12:31:20.148 [AsyncHttpClient-1-7] DEBUG org.asynchttpclient.netty.handler.HttpHandler - 

Request DefaultFullHttpRequest(decodeResult: success, version: HTTP/1.1, content: EmptyByteBufBE)
GET /session/2f50deb7d92a224f40cb262adbd033f6/window HTTP/1.1
User-Agent: selenium/4.4.0 (java windows)
Cache-Control: no-cache
Content-Type: application/json; charset=utf-8
host: localhost:63658
accept: */*

Response DefaultHttpResponse(decodeResult: success, version: HTTP/1.1)
HTTP/1.1 200 OK
Content-Type: application/json; charset=utf-8
cache-control: no-cache
content-length: 53

12:31:20.149 [AsyncHttpClient-1-7] DEBUG org.asynchttpclient.netty.channel.ChannelManager - Adding key: http://localhost:63658 for channel [id: 0x2156af3c, L:/127.0.0.1:60116 - R:localhost/127.0.0.1:63658]
12:31:20.152 [Forwarding getAlertText on session 2f50deb7d92a224f40cb262adbd033f6 to remote] DEBUG org.asynchttpclient.netty.request.NettyRequestSender - Using pooled Channel '[id: 0x2156af3c, L:/127.0.0.1:60116 - R:localhost/127.0.0.1:63658]' for 'GET' to 'http://localhost:63658/session/2f50deb7d92a224f40cb262adbd033f6/alert/text'
12:31:20.152 [Forwarding getAlertText on session 2f50deb7d92a224f40cb262adbd033f6 to remote] DEBUG org.asynchttpclient.netty.request.NettyRequestSender - Using open Channel [id: 0x2156af3c, L:/127.0.0.1:60116 - R:localhost/127.0.0.1:63658] for GET '/session/2f50deb7d92a224f40cb262adbd033f6/alert/text'
12:31:20.155 [AsyncHttpClient-1-7] DEBUG org.asynchttpclient.netty.handler.HttpHandler - 

Request DefaultFullHttpRequest(decodeResult: success, version: HTTP/1.1, content: EmptyByteBufBE)
GET /session/2f50deb7d92a224f40cb262adbd033f6/alert/text HTTP/1.1
User-Agent: selenium/4.4.0 (java windows)
Cache-Control: no-cache
Content-Type: application/json; charset=utf-8
host: localhost:63658
accept: */*

Response DefaultHttpResponse(decodeResult: success, version: HTTP/1.1)
HTTP/1.1 404 Not Found
Content-Type: application/json; charset=utf-8
cache-control: no-cache
content-length: 879

12:31:20.155 [AsyncHttpClient-1-7] DEBUG org.asynchttpclient.netty.channel.ChannelManager - Adding key: http://localhost:63658 for channel [id: 0x2156af3c, L:/127.0.0.1:60116 - R:localhost/127.0.0.1:63658]
12:31:20.159 [Forwarding switchToWindow on session 2f50deb7d92a224f40cb262adbd033f6 to remote] DEBUG org.asynchttpclient.netty.request.NettyRequestSender - Using pooled Channel '[id: 0x2156af3c, L:/127.0.0.1:60116 - R:localhost/127.0.0.1:63658]' for 'POST' to 'http://localhost:63658/session/2f50deb7d92a224f40cb262adbd033f6/window'
12:31:20.159 [Forwarding switchToWindow on session 2f50deb7d92a224f40cb262adbd033f6 to remote] DEBUG org.asynchttpclient.netty.request.NettyRequestSender - Using open Channel [id: 0x2156af3c, L:/127.0.0.1:60116 - R:localhost/127.0.0.1:63658] for POST '/session/2f50deb7d92a224f40cb262adbd033f6/window'
12:31:20.162 [AsyncHttpClient-1-7] DEBUG org.asynchttpclient.netty.handler.HttpHandler - 

Request DefaultHttpRequest(decodeResult: success, version: HTTP/1.1)
POST /session/2f50deb7d92a224f40cb262adbd033f6/window HTTP/1.1
User-Agent: selenium/4.4.0 (java windows)
Content-Length: 59
Content-Type: application/json; charset=utf-8
host: localhost:63658
accept: */*

Response DefaultHttpResponse(decodeResult: success, version: HTTP/1.1)
HTTP/1.1 200 OK
Content-Type: application/json; charset=utf-8
cache-control: no-cache
content-length: 14

12:31:20.162 [AsyncHttpClient-1-7] DEBUG org.asynchttpclient.netty.channel.ChannelManager - Adding key: http://localhost:63658 for channel [id: 0x2156af3c, L:/127.0.0.1:60116 - R:localhost/127.0.0.1:63658]
12:31:20.162 [Forwarding getCurrentUrl on session 2f50deb7d92a224f40cb262adbd033f6 to remote] DEBUG org.asynchttpclient.netty.request.NettyRequestSender - Using pooled Channel '[id: 0x2156af3c, L:/127.0.0.1:60116 - R:localhost/127.0.0.1:63658]' for 'GET' to 'http://localhost:63658/session/2f50deb7d92a224f40cb262adbd033f6/url'
12:31:20.162 [Forwarding getCurrentUrl on session 2f50deb7d92a224f40cb262adbd033f6 to remote] DEBUG org.asynchttpclient.netty.request.NettyRequestSender - Using open Channel [id: 0x2156af3c, L:/127.0.0.1:60116 - R:localhost/127.0.0.1:63658] for GET '/session/2f50deb7d92a224f40cb262adbd033f6/url'
12:31:20.166 [AsyncHttpClient-1-7] DEBUG org.asynchttpclient.netty.handler.HttpHandler - 

Request DefaultFullHttpRequest(decodeResult: success, version: HTTP/1.1, content: EmptyByteBufBE)
GET /session/2f50deb7d92a224f40cb262adbd033f6/url HTTP/1.1
User-Agent: selenium/4.4.0 (java windows)
Cache-Control: no-cache
Content-Type: application/json; charset=utf-8
host: localhost:63658
accept: */*

Response DefaultHttpResponse(decodeResult: success, version: HTTP/1.1)
HTTP/1.1 200 OK
Content-Type: application/json; charset=utf-8
cache-control: no-cache
content-length: 38

12:31:20.167 [AsyncHttpClient-1-7] DEBUG org.asynchttpclient.netty.channel.ChannelManager - Adding key: http://localhost:63658 for channel [id: 0x2156af3c, L:/127.0.0.1:60116 - R:localhost/127.0.0.1:63658]
12:31:20.167 [Forwarding screenshot on session 2f50deb7d92a224f40cb262adbd033f6 to remote] DEBUG org.asynchttpclient.netty.request.NettyRequestSender - Using pooled Channel '[id: 0x2156af3c, L:/127.0.0.1:60116 - R:localhost/127.0.0.1:63658]' for 'GET' to 'http://localhost:63658/session/2f50deb7d92a224f40cb262adbd033f6/screenshot'
12:31:20.167 [Forwarding screenshot on session 2f50deb7d92a224f40cb262adbd033f6 to remote] DEBUG org.asynchttpclient.netty.request.NettyRequestSender - Using open Channel [id: 0x2156af3c, L:/127.0.0.1:60116 - R:localhost/127.0.0.1:63658] for GET '/session/2f50deb7d92a224f40cb262adbd033f6/screenshot'
12:31:20.251 [AsyncHttpClient-1-7] DEBUG org.asynchttpclient.netty.handler.HttpHandler - 

Request DefaultFullHttpRequest(decodeResult: success, version: HTTP/1.1, content: EmptyByteBufBE)
GET /session/2f50deb7d92a224f40cb262adbd033f6/screenshot HTTP/1.1
User-Agent: selenium/4.4.0 (java windows)
Cache-Control: no-cache
Content-Type: application/json; charset=utf-8
host: localhost:63658
accept: */*

Response DefaultHttpResponse(decodeResult: success, version: HTTP/1.1)
HTTP/1.1 200 OK
Content-Type: application/json; charset=utf-8
cache-control: no-cache
content-length: 59132

12:31:20.251 [AsyncHttpClient-1-7] DEBUG org.asynchttpclient.netty.channel.ChannelManager - Adding key: http://localhost:63658 for channel [id: 0x2156af3c, L:/127.0.0.1:60116 - R:localhost/127.0.0.1:63658]
12:31:20.254 [Test worker] DEBUG net.serenitybdd.core.photography.Darkroom - Send negative for processing for C:\Users\juan.gomezv\IdeaProjects\sura\target\site\serenity\5ce50cb1a5ed31074c82f119d5f16420b9be3b49e4f4846f8cfb1d47c1c53b5f.png
12:31:20.254 [Test worker] DEBUG net.thucydides.core.steps.StepInterceptor - STEP DONE: {0} enters #theTextAsAString into #target
12:31:20.261 [Forwarding getPageSource on session 2f50deb7d92a224f40cb262adbd033f6 to remote] DEBUG org.asynchttpclient.netty.request.NettyRequestSender - Using pooled Channel '[id: 0x2156af3c, L:/127.0.0.1:60116 - R:localhost/127.0.0.1:63658]' for 'POST' to 'http://localhost:63658/session/2f50deb7d92a224f40cb262adbd033f6/execute/sync'
12:31:20.261 [Forwarding getPageSource on session 2f50deb7d92a224f40cb262adbd033f6 to remote] DEBUG org.asynchttpclient.netty.request.NettyRequestSender - Using open Channel [id: 0x2156af3c, L:/127.0.0.1:60116 - R:localhost/127.0.0.1:63658] for POST '/session/2f50deb7d92a224f40cb262adbd033f6/execute/sync'
12:31:20.266 [AsyncHttpClient-1-7] DEBUG org.asynchttpclient.netty.handler.HttpHandler - 

Request DefaultHttpRequest(decodeResult: success, version: HTTP/1.1)
POST /session/2f50deb7d92a224f40cb262adbd033f6/execute/sync HTTP/1.1
User-Agent: selenium/4.4.0 (java windows)
Content-Length: 176
Content-Type: application/json; charset=utf-8
host: localhost:63658
accept: */*

Response DefaultHttpResponse(decodeResult: success, version: HTTP/1.1)
HTTP/1.1 200 OK
Content-Type: application/json; charset=utf-8
cache-control: no-cache
content-length: 4160

12:31:20.266 [AsyncHttpClient-1-7] DEBUG org.asynchttpclient.netty.channel.ChannelManager - Adding key: http://localhost:63658 for channel [id: 0x2156af3c, L:/127.0.0.1:60116 - R:localhost/127.0.0.1:63658]
12:31:20.268 [Forwarding getCurrentUrl on session 2f50deb7d92a224f40cb262adbd033f6 to remote] DEBUG org.asynchttpclient.netty.request.NettyRequestSender - Using pooled Channel '[id: 0x2156af3c, L:/127.0.0.1:60116 - R:localhost/127.0.0.1:63658]' for 'GET' to 'http://localhost:63658/session/2f50deb7d92a224f40cb262adbd033f6/url'
12:31:20.268 [Forwarding getCurrentUrl on session 2f50deb7d92a224f40cb262adbd033f6 to remote] DEBUG org.asynchttpclient.netty.request.NettyRequestSender - Using open Channel [id: 0x2156af3c, L:/127.0.0.1:60116 - R:localhost/127.0.0.1:63658] for GET '/session/2f50deb7d92a224f40cb262adbd033f6/url'
12:31:20.273 [AsyncHttpClient-1-7] DEBUG org.asynchttpclient.netty.handler.HttpHandler - 

Request DefaultFullHttpRequest(decodeResult: success, version: HTTP/1.1, content: EmptyByteBufBE)
GET /session/2f50deb7d92a224f40cb262adbd033f6/url HTTP/1.1
User-Agent: selenium/4.4.0 (java windows)
Cache-Control: no-cache
Content-Type: application/json; charset=utf-8
host: localhost:63658
accept: */*

Response DefaultHttpResponse(decodeResult: success, version: HTTP/1.1)
HTTP/1.1 200 OK
Content-Type: application/json; charset=utf-8
cache-control: no-cache
content-length: 38

12:31:20.273 [AsyncHttpClient-1-7] DEBUG org.asynchttpclient.netty.channel.ChannelManager - Adding key: http://localhost:63658 for channel [id: 0x2156af3c, L:/127.0.0.1:60116 - R:localhost/127.0.0.1:63658]
12:31:20.274 [Test worker] DEBUG net.thucydides.core.steps.StepInterceptor - STARTING STEP: LogIn.performAs - {0} enters #theTextAsAString into #target
12:31:20.277 [Test worker] DEBUG net.serenitybdd.screenplay.targets.IFrameSwitcher - default content already selected for passwordTextBox
12:31:20.286 [Forwarding findElement on session 2f50deb7d92a224f40cb262adbd033f6 to remote] DEBUG org.asynchttpclient.netty.request.NettyRequestSender - Using pooled Channel '[id: 0x2156af3c, L:/127.0.0.1:60116 - R:localhost/127.0.0.1:63658]' for 'POST' to 'http://localhost:63658/session/2f50deb7d92a224f40cb262adbd033f6/element'
12:31:20.286 [Forwarding findElement on session 2f50deb7d92a224f40cb262adbd033f6 to remote] DEBUG org.asynchttpclient.netty.request.NettyRequestSender - Using open Channel [id: 0x2156af3c, L:/127.0.0.1:60116 - R:localhost/127.0.0.1:63658] for POST '/session/2f50deb7d92a224f40cb262adbd033f6/element'
12:31:20.296 [AsyncHttpClient-1-7] DEBUG org.asynchttpclient.netty.handler.HttpHandler - 

Request DefaultHttpRequest(decodeResult: success, version: HTTP/1.1)
POST /session/2f50deb7d92a224f40cb262adbd033f6/element HTTP/1.1
User-Agent: selenium/4.4.0 (java windows)
Content-Length: 66
Content-Type: application/json; charset=utf-8
host: localhost:63658
accept: */*

Response DefaultHttpResponse(decodeResult: success, version: HTTP/1.1)
HTTP/1.1 200 OK
Content-Type: application/json; charset=utf-8
cache-control: no-cache
content-length: 88

12:31:20.296 [AsyncHttpClient-1-7] DEBUG org.asynchttpclient.netty.channel.ChannelManager - Adding key: http://localhost:63658 for channel [id: 0x2156af3c, L:/127.0.0.1:60116 - R:localhost/127.0.0.1:63658]
12:31:20.297 [Forwarding clearElement on session 2f50deb7d92a224f40cb262adbd033f6 to remote] DEBUG org.asynchttpclient.netty.request.NettyRequestSender - Using pooled Channel '[id: 0x2156af3c, L:/127.0.0.1:60116 - R:localhost/127.0.0.1:63658]' for 'POST' to 'http://localhost:63658/session/2f50deb7d92a224f40cb262adbd033f6/element/0d0c61aa-0df8-47e7-beda-8356b97f4174/clear'
12:31:20.297 [Forwarding clearElement on session 2f50deb7d92a224f40cb262adbd033f6 to remote] DEBUG org.asynchttpclient.netty.request.NettyRequestSender - Using open Channel [id: 0x2156af3c, L:/127.0.0.1:60116 - R:localhost/127.0.0.1:63658] for POST '/session/2f50deb7d92a224f40cb262adbd033f6/element/0d0c61aa-0df8-47e7-beda-8356b97f4174/clear'
12:31:20.320 [AsyncHttpClient-1-7] DEBUG org.asynchttpclient.netty.handler.HttpHandler - 

Request DefaultHttpRequest(decodeResult: success, version: HTTP/1.1)
POST /session/2f50deb7d92a224f40cb262adbd033f6/element/0d0c61aa-0df8-47e7-beda-8356b97f4174/clear HTTP/1.1
User-Agent: selenium/4.4.0 (java windows)
Content-Length: 50
Content-Type: application/json; charset=utf-8
host: localhost:63658
accept: */*

Response DefaultHttpResponse(decodeResult: success, version: HTTP/1.1)
HTTP/1.1 200 OK
Content-Type: application/json; charset=utf-8
cache-control: no-cache
content-length: 14

12:31:20.320 [AsyncHttpClient-1-7] DEBUG org.asynchttpclient.netty.channel.ChannelManager - Adding key: http://localhost:63658 for channel [id: 0x2156af3c, L:/127.0.0.1:60116 - R:localhost/127.0.0.1:63658]
12:31:20.323 [Forwarding sendKeysToElement on session 2f50deb7d92a224f40cb262adbd033f6 to remote] DEBUG org.asynchttpclient.netty.request.NettyRequestSender - Using pooled Channel '[id: 0x2156af3c, L:/127.0.0.1:60116 - R:localhost/127.0.0.1:63658]' for 'POST' to 'http://localhost:63658/session/2f50deb7d92a224f40cb262adbd033f6/element/0d0c61aa-0df8-47e7-beda-8356b97f4174/value'
12:31:20.323 [Forwarding sendKeysToElement on session 2f50deb7d92a224f40cb262adbd033f6 to remote] DEBUG org.asynchttpclient.netty.request.NettyRequestSender - Using open Channel [id: 0x2156af3c, L:/127.0.0.1:60116 - R:localhost/127.0.0.1:63658] for POST '/session/2f50deb7d92a224f40cb262adbd033f6/element/0d0c61aa-0df8-47e7-beda-8356b97f4174/value'
12:31:20.354 [AsyncHttpClient-1-7] DEBUG org.asynchttpclient.netty.handler.HttpHandler - 

Request DefaultHttpRequest(decodeResult: success, version: HTTP/1.1)
POST /session/2f50deb7d92a224f40cb262adbd033f6/element/0d0c61aa-0df8-47e7-beda-8356b97f4174/value HTTP/1.1
User-Agent: selenium/4.4.0 (java windows)
Content-Length: 82
Content-Type: application/json; charset=utf-8
host: localhost:63658
accept: */*

Response DefaultHttpResponse(decodeResult: success, version: HTTP/1.1)
HTTP/1.1 200 OK
Content-Type: application/json; charset=utf-8
cache-control: no-cache
content-length: 14

12:31:20.354 [AsyncHttpClient-1-7] DEBUG org.asynchttpclient.netty.channel.ChannelManager - Adding key: http://localhost:63658 for channel [id: 0x2156af3c, L:/127.0.0.1:60116 - R:localhost/127.0.0.1:63658]
12:31:20.370 [Forwarding getCurrentWindowHandle on session 2f50deb7d92a224f40cb262adbd033f6 to remote] DEBUG org.asynchttpclient.netty.request.NettyRequestSender - Using pooled Channel '[id: 0x2156af3c, L:/127.0.0.1:60116 - R:localhost/127.0.0.1:63658]' for 'GET' to 'http://localhost:63658/session/2f50deb7d92a224f40cb262adbd033f6/window'
12:31:20.370 [Forwarding getCurrentWindowHandle on session 2f50deb7d92a224f40cb262adbd033f6 to remote] DEBUG org.asynchttpclient.netty.request.NettyRequestSender - Using open Channel [id: 0x2156af3c, L:/127.0.0.1:60116 - R:localhost/127.0.0.1:63658] for GET '/session/2f50deb7d92a224f40cb262adbd033f6/window'
12:31:20.371 [AsyncHttpClient-1-7] DEBUG org.asynchttpclient.netty.handler.HttpHandler - 

Request DefaultFullHttpRequest(decodeResult: success, version: HTTP/1.1, content: EmptyByteBufBE)
GET /session/2f50deb7d92a224f40cb262adbd033f6/window HTTP/1.1
User-Agent: selenium/4.4.0 (java windows)
Cache-Control: no-cache
Content-Type: application/json; charset=utf-8
host: localhost:63658
accept: */*

Response DefaultHttpResponse(decodeResult: success, version: HTTP/1.1)
HTTP/1.1 200 OK
Content-Type: application/json; charset=utf-8
cache-control: no-cache
content-length: 53

12:31:20.371 [AsyncHttpClient-1-7] DEBUG org.asynchttpclient.netty.channel.ChannelManager - Adding key: http://localhost:63658 for channel [id: 0x2156af3c, L:/127.0.0.1:60116 - R:localhost/127.0.0.1:63658]
12:31:20.374 [Forwarding getAlertText on session 2f50deb7d92a224f40cb262adbd033f6 to remote] DEBUG org.asynchttpclient.netty.request.NettyRequestSender - Using pooled Channel '[id: 0x2156af3c, L:/127.0.0.1:60116 - R:localhost/127.0.0.1:63658]' for 'GET' to 'http://localhost:63658/session/2f50deb7d92a224f40cb262adbd033f6/alert/text'
12:31:20.374 [Forwarding getAlertText on session 2f50deb7d92a224f40cb262adbd033f6 to remote] DEBUG org.asynchttpclient.netty.request.NettyRequestSender - Using open Channel [id: 0x2156af3c, L:/127.0.0.1:60116 - R:localhost/127.0.0.1:63658] for GET '/session/2f50deb7d92a224f40cb262adbd033f6/alert/text'
12:31:20.376 [AsyncHttpClient-1-7] DEBUG org.asynchttpclient.netty.handler.HttpHandler - 

Request DefaultFullHttpRequest(decodeResult: success, version: HTTP/1.1, content: EmptyByteBufBE)
GET /session/2f50deb7d92a224f40cb262adbd033f6/alert/text HTTP/1.1
User-Agent: selenium/4.4.0 (java windows)
Cache-Control: no-cache
Content-Type: application/json; charset=utf-8
host: localhost:63658
accept: */*

Response DefaultHttpResponse(decodeResult: success, version: HTTP/1.1)
HTTP/1.1 404 Not Found
Content-Type: application/json; charset=utf-8
cache-control: no-cache
content-length: 879

12:31:20.376 [AsyncHttpClient-1-7] DEBUG org.asynchttpclient.netty.channel.ChannelManager - Adding key: http://localhost:63658 for channel [id: 0x2156af3c, L:/127.0.0.1:60116 - R:localhost/127.0.0.1:63658]
12:31:20.379 [Forwarding switchToWindow on session 2f50deb7d92a224f40cb262adbd033f6 to remote] DEBUG org.asynchttpclient.netty.request.NettyRequestSender - Using pooled Channel '[id: 0x2156af3c, L:/127.0.0.1:60116 - R:localhost/127.0.0.1:63658]' for 'POST' to 'http://localhost:63658/session/2f50deb7d92a224f40cb262adbd033f6/window'
12:31:20.379 [Forwarding switchToWindow on session 2f50deb7d92a224f40cb262adbd033f6 to remote] DEBUG org.asynchttpclient.netty.request.NettyRequestSender - Using open Channel [id: 0x2156af3c, L:/127.0.0.1:60116 - R:localhost/127.0.0.1:63658] for POST '/session/2f50deb7d92a224f40cb262adbd033f6/window'
12:31:20.382 [AsyncHttpClient-1-7] DEBUG org.asynchttpclient.netty.handler.HttpHandler - 

Request DefaultHttpRequest(decodeResult: success, version: HTTP/1.1)
POST /session/2f50deb7d92a224f40cb262adbd033f6/window HTTP/1.1
User-Agent: selenium/4.4.0 (java windows)
Content-Length: 59
Content-Type: application/json; charset=utf-8
host: localhost:63658
accept: */*

Response DefaultHttpResponse(decodeResult: success, version: HTTP/1.1)
HTTP/1.1 200 OK
Content-Type: application/json; charset=utf-8
cache-control: no-cache
content-length: 14

12:31:20.383 [AsyncHttpClient-1-7] DEBUG org.asynchttpclient.netty.channel.ChannelManager - Adding key: http://localhost:63658 for channel [id: 0x2156af3c, L:/127.0.0.1:60116 - R:localhost/127.0.0.1:63658]
12:31:20.383 [Forwarding getCurrentUrl on session 2f50deb7d92a224f40cb262adbd033f6 to remote] DEBUG org.asynchttpclient.netty.request.NettyRequestSender - Using pooled Channel '[id: 0x2156af3c, L:/127.0.0.1:60116 - R:localhost/127.0.0.1:63658]' for 'GET' to 'http://localhost:63658/session/2f50deb7d92a224f40cb262adbd033f6/url'
12:31:20.383 [Forwarding getCurrentUrl on session 2f50deb7d92a224f40cb262adbd033f6 to remote] DEBUG org.asynchttpclient.netty.request.NettyRequestSender - Using open Channel [id: 0x2156af3c, L:/127.0.0.1:60116 - R:localhost/127.0.0.1:63658] for GET '/session/2f50deb7d92a224f40cb262adbd033f6/url'
12:31:20.386 [AsyncHttpClient-1-7] DEBUG org.asynchttpclient.netty.handler.HttpHandler - 

Request DefaultFullHttpRequest(decodeResult: success, version: HTTP/1.1, content: EmptyByteBufBE)
GET /session/2f50deb7d92a224f40cb262adbd033f6/url HTTP/1.1
User-Agent: selenium/4.4.0 (java windows)
Cache-Control: no-cache
Content-Type: application/json; charset=utf-8
host: localhost:63658
accept: */*

Response DefaultHttpResponse(decodeResult: success, version: HTTP/1.1)
HTTP/1.1 200 OK
Content-Type: application/json; charset=utf-8
cache-control: no-cache
content-length: 38

12:31:20.387 [AsyncHttpClient-1-7] DEBUG org.asynchttpclient.netty.channel.ChannelManager - Adding key: http://localhost:63658 for channel [id: 0x2156af3c, L:/127.0.0.1:60116 - R:localhost/127.0.0.1:63658]
12:31:20.387 [Forwarding screenshot on session 2f50deb7d92a224f40cb262adbd033f6 to remote] DEBUG org.asynchttpclient.netty.request.NettyRequestSender - Using pooled Channel '[id: 0x2156af3c, L:/127.0.0.1:60116 - R:localhost/127.0.0.1:63658]' for 'GET' to 'http://localhost:63658/session/2f50deb7d92a224f40cb262adbd033f6/screenshot'
12:31:20.387 [Forwarding screenshot on session 2f50deb7d92a224f40cb262adbd033f6 to remote] DEBUG org.asynchttpclient.netty.request.NettyRequestSender - Using open Channel [id: 0x2156af3c, L:/127.0.0.1:60116 - R:localhost/127.0.0.1:63658] for GET '/session/2f50deb7d92a224f40cb262adbd033f6/screenshot'
12:31:20.470 [AsyncHttpClient-1-7] DEBUG org.asynchttpclient.netty.handler.HttpHandler - 

Request DefaultFullHttpRequest(decodeResult: success, version: HTTP/1.1, content: EmptyByteBufBE)
GET /session/2f50deb7d92a224f40cb262adbd033f6/screenshot HTTP/1.1
User-Agent: selenium/4.4.0 (java windows)
Cache-Control: no-cache
Content-Type: application/json; charset=utf-8
host: localhost:63658
accept: */*

Response DefaultHttpResponse(decodeResult: success, version: HTTP/1.1)
HTTP/1.1 200 OK
Content-Type: application/json; charset=utf-8
cache-control: no-cache
content-length: 59140

12:31:20.470 [AsyncHttpClient-1-7] DEBUG org.asynchttpclient.netty.channel.ChannelManager - Adding key: http://localhost:63658 for channel [id: 0x2156af3c, L:/127.0.0.1:60116 - R:localhost/127.0.0.1:63658]
12:31:20.472 [Test worker] DEBUG net.serenitybdd.core.photography.Darkroom - Send negative for processing for C:\Users\juan.gomezv\IdeaProjects\sura\target\site\serenity\f30e10a05c295d899428bc7b8a974828ff6d98da354dea672841748805539c3e.png
12:31:20.472 [Test worker] DEBUG net.thucydides.core.steps.StepInterceptor - STEP DONE: {0} enters #theTextAsAString into #target
12:31:20.472 [Darkroom Processing Line] DEBUG net.serenitybdd.core.photography.DarkroomProcessingLine - Processing screenshot image in /var/screenshots/screenshot-17892571226035787266
12:31:20.472 [Darkroom Processing Line] DEBUG net.serenitybdd.core.photography.DarkroomProcessingLine - Saving screenshot to C:\Users\juan.gomezv\IdeaProjects\sura\target\site\serenity\f30e10a05c295d899428bc7b8a974828ff6d98da354dea672841748805539c3e.png
12:31:20.482 [Forwarding getPageSource on session 2f50deb7d92a224f40cb262adbd033f6 to remote] DEBUG org.asynchttpclient.netty.request.NettyRequestSender - Using pooled Channel '[id: 0x2156af3c, L:/127.0.0.1:60116 - R:localhost/127.0.0.1:63658]' for 'POST' to 'http://localhost:63658/session/2f50deb7d92a224f40cb262adbd033f6/execute/sync'
12:31:20.482 [Forwarding getPageSource on session 2f50deb7d92a224f40cb262adbd033f6 to remote] DEBUG org.asynchttpclient.netty.request.NettyRequestSender - Using open Channel [id: 0x2156af3c, L:/127.0.0.1:60116 - R:localhost/127.0.0.1:63658] for POST '/session/2f50deb7d92a224f40cb262adbd033f6/execute/sync'
12:31:20.487 [AsyncHttpClient-1-7] DEBUG org.asynchttpclient.netty.handler.HttpHandler - 

Request DefaultHttpRequest(decodeResult: success, version: HTTP/1.1)
POST /session/2f50deb7d92a224f40cb262adbd033f6/execute/sync HTTP/1.1
User-Agent: selenium/4.4.0 (java windows)
Content-Length: 176
Content-Type: application/json; charset=utf-8
host: localhost:63658
accept: */*

Response DefaultHttpResponse(decodeResult: success, version: HTTP/1.1)
HTTP/1.1 200 OK
Content-Type: application/json; charset=utf-8
cache-control: no-cache
content-length: 4160

12:31:20.487 [AsyncHttpClient-1-7] DEBUG org.asynchttpclient.netty.channel.ChannelManager - Adding key: http://localhost:63658 for channel [id: 0x2156af3c, L:/127.0.0.1:60116 - R:localhost/127.0.0.1:63658]
12:31:20.489 [Forwarding getCurrentUrl on session 2f50deb7d92a224f40cb262adbd033f6 to remote] DEBUG org.asynchttpclient.netty.request.NettyRequestSender - Using pooled Channel '[id: 0x2156af3c, L:/127.0.0.1:60116 - R:localhost/127.0.0.1:63658]' for 'GET' to 'http://localhost:63658/session/2f50deb7d92a224f40cb262adbd033f6/url'
12:31:20.489 [Forwarding getCurrentUrl on session 2f50deb7d92a224f40cb262adbd033f6 to remote] DEBUG org.asynchttpclient.netty.request.NettyRequestSender - Using open Channel [id: 0x2156af3c, L:/127.0.0.1:60116 - R:localhost/127.0.0.1:63658] for GET '/session/2f50deb7d92a224f40cb262adbd033f6/url'
12:31:20.492 [AsyncHttpClient-1-7] DEBUG org.asynchttpclient.netty.handler.HttpHandler - 

Request DefaultFullHttpRequest(decodeResult: success, version: HTTP/1.1, content: EmptyByteBufBE)
GET /session/2f50deb7d92a224f40cb262adbd033f6/url HTTP/1.1
User-Agent: selenium/4.4.0 (java windows)
Cache-Control: no-cache
Content-Type: application/json; charset=utf-8
host: localhost:63658
accept: */*

Response DefaultHttpResponse(decodeResult: success, version: HTTP/1.1)
HTTP/1.1 200 OK
Content-Type: application/json; charset=utf-8
cache-control: no-cache
content-length: 38

12:31:20.492 [AsyncHttpClient-1-7] DEBUG org.asynchttpclient.netty.channel.ChannelManager - Adding key: http://localhost:63658 for channel [id: 0x2156af3c, L:/127.0.0.1:60116 - R:localhost/127.0.0.1:63658]
12:31:20.493 [Test worker] DEBUG net.thucydides.core.steps.StepInterceptor - STARTING STEP: LogIn.performAs - {0} clicks on #target
12:31:20.494 [Test worker] DEBUG net.serenitybdd.screenplay.targets.IFrameSwitcher - default content already selected for logIn Button
12:31:20.509 [Forwarding findElement on session 2f50deb7d92a224f40cb262adbd033f6 to remote] DEBUG org.asynchttpclient.netty.request.NettyRequestSender - Using pooled Channel '[id: 0x2156af3c, L:/127.0.0.1:60116 - R:localhost/127.0.0.1:63658]' for 'POST' to 'http://localhost:63658/session/2f50deb7d92a224f40cb262adbd033f6/element'
12:31:20.509 [Forwarding findElement on session 2f50deb7d92a224f40cb262adbd033f6 to remote] DEBUG org.asynchttpclient.netty.request.NettyRequestSender - Using open Channel [id: 0x2156af3c, L:/127.0.0.1:60116 - R:localhost/127.0.0.1:63658] for POST '/session/2f50deb7d92a224f40cb262adbd033f6/element'
12:31:20.519 [AsyncHttpClient-1-7] DEBUG org.asynchttpclient.netty.handler.HttpHandler - 

Request DefaultHttpRequest(decodeResult: success, version: HTTP/1.1)
POST /session/2f50deb7d92a224f40cb262adbd033f6/element HTTP/1.1
User-Agent: selenium/4.4.0 (java windows)
Content-Length: 70
Content-Type: application/json; charset=utf-8
host: localhost:63658
accept: */*

Response DefaultHttpResponse(decodeResult: success, version: HTTP/1.1)
HTTP/1.1 200 OK
Content-Type: application/json; charset=utf-8
cache-control: no-cache
content-length: 88

12:31:20.519 [AsyncHttpClient-1-7] DEBUG org.asynchttpclient.netty.channel.ChannelManager - Adding key: http://localhost:63658 for channel [id: 0x2156af3c, L:/127.0.0.1:60116 - R:localhost/127.0.0.1:63658]
12:31:20.524 [Forwarding isElementDisplayed on session 2f50deb7d92a224f40cb262adbd033f6 to remote] DEBUG org.asynchttpclient.netty.request.NettyRequestSender - Using pooled Channel '[id: 0x2156af3c, L:/127.0.0.1:60116 - R:localhost/127.0.0.1:63658]' for 'POST' to 'http://localhost:63658/session/2f50deb7d92a224f40cb262adbd033f6/execute/sync'
12:31:20.524 [Forwarding isElementDisplayed on session 2f50deb7d92a224f40cb262adbd033f6 to remote] DEBUG org.asynchttpclient.netty.request.NettyRequestSender - Using open Channel [id: 0x2156af3c, L:/127.0.0.1:60116 - R:localhost/127.0.0.1:63658] for POST '/session/2f50deb7d92a224f40cb262adbd033f6/execute/sync'
12:31:20.534 [AsyncHttpClient-1-7] DEBUG org.asynchttpclient.netty.handler.HttpHandler - 

Request DefaultHttpRequest(decodeResult: success, version: HTTP/1.1)
POST /session/2f50deb7d92a224f40cb262adbd033f6/execute/sync HTTP/1.1
User-Agent: selenium/4.4.0 (java windows)
Content-Length: 48780
Content-Type: application/json; charset=utf-8
host: localhost:63658
accept: */*

Response DefaultHttpResponse(decodeResult: success, version: HTTP/1.1)
HTTP/1.1 200 OK
Content-Type: application/json; charset=utf-8
cache-control: no-cache
content-length: 14

12:31:20.534 [AsyncHttpClient-1-7] DEBUG org.asynchttpclient.netty.channel.ChannelManager - Adding key: http://localhost:63658 for channel [id: 0x2156af3c, L:/127.0.0.1:60116 - R:localhost/127.0.0.1:63658]
12:31:20.542 [Forwarding findElement on session 2f50deb7d92a224f40cb262adbd033f6 to remote] DEBUG org.asynchttpclient.netty.request.NettyRequestSender - Using pooled Channel '[id: 0x2156af3c, L:/127.0.0.1:60116 - R:localhost/127.0.0.1:63658]' for 'POST' to 'http://localhost:63658/session/2f50deb7d92a224f40cb262adbd033f6/element'
12:31:20.542 [Forwarding findElement on session 2f50deb7d92a224f40cb262adbd033f6 to remote] DEBUG org.asynchttpclient.netty.request.NettyRequestSender - Using open Channel [id: 0x2156af3c, L:/127.0.0.1:60116 - R:localhost/127.0.0.1:63658] for POST '/session/2f50deb7d92a224f40cb262adbd033f6/element'
12:31:20.550 [AsyncHttpClient-1-7] DEBUG org.asynchttpclient.netty.handler.HttpHandler - 

Request DefaultHttpRequest(decodeResult: success, version: HTTP/1.1)
POST /session/2f50deb7d92a224f40cb262adbd033f6/element HTTP/1.1
User-Agent: selenium/4.4.0 (java windows)
Content-Length: 70
Content-Type: application/json; charset=utf-8
host: localhost:63658
accept: */*

Response DefaultHttpResponse(decodeResult: success, version: HTTP/1.1)
HTTP/1.1 200 OK
Content-Type: application/json; charset=utf-8
cache-control: no-cache
content-length: 88

12:31:20.550 [AsyncHttpClient-1-7] DEBUG org.asynchttpclient.netty.channel.ChannelManager - Adding key: http://localhost:63658 for channel [id: 0x2156af3c, L:/127.0.0.1:60116 - R:localhost/127.0.0.1:63658]
12:31:20.551 [Forwarding clickElement on session 2f50deb7d92a224f40cb262adbd033f6 to remote] DEBUG org.asynchttpclient.netty.request.NettyRequestSender - Using pooled Channel '[id: 0x2156af3c, L:/127.0.0.1:60116 - R:localhost/127.0.0.1:63658]' for 'POST' to 'http://localhost:63658/session/2f50deb7d92a224f40cb262adbd033f6/element/e9b25c22-004b-405f-890c-79125783eade/click'
12:31:20.551 [Forwarding clickElement on session 2f50deb7d92a224f40cb262adbd033f6 to remote] DEBUG org.asynchttpclient.netty.request.NettyRequestSender - Using open Channel [id: 0x2156af3c, L:/127.0.0.1:60116 - R:localhost/127.0.0.1:63658] for POST '/session/2f50deb7d92a224f40cb262adbd033f6/element/e9b25c22-004b-405f-890c-79125783eade/click'
12:31:20.590 [AsyncHttpClient-1-7] DEBUG org.asynchttpclient.netty.handler.HttpHandler - 

Request DefaultHttpRequest(decodeResult: success, version: HTTP/1.1)
POST /session/2f50deb7d92a224f40cb262adbd033f6/element/e9b25c22-004b-405f-890c-79125783eade/click HTTP/1.1
User-Agent: selenium/4.4.0 (java windows)
Content-Length: 50
Content-Type: application/json; charset=utf-8
host: localhost:63658
accept: */*

Response DefaultHttpResponse(decodeResult: success, version: HTTP/1.1)
HTTP/1.1 200 OK
Content-Type: application/json; charset=utf-8
cache-control: no-cache
content-length: 14

12:31:20.590 [AsyncHttpClient-1-7] DEBUG org.asynchttpclient.netty.channel.ChannelManager - Adding key: http://localhost:63658 for channel [id: 0x2156af3c, L:/127.0.0.1:60116 - R:localhost/127.0.0.1:63658]
12:31:20.603 [Forwarding getCurrentWindowHandle on session 2f50deb7d92a224f40cb262adbd033f6 to remote] DEBUG org.asynchttpclient.netty.request.NettyRequestSender - Using pooled Channel '[id: 0x2156af3c, L:/127.0.0.1:60116 - R:localhost/127.0.0.1:63658]' for 'GET' to 'http://localhost:63658/session/2f50deb7d92a224f40cb262adbd033f6/window'
12:31:20.603 [Forwarding getCurrentWindowHandle on session 2f50deb7d92a224f40cb262adbd033f6 to remote] DEBUG org.asynchttpclient.netty.request.NettyRequestSender - Using open Channel [id: 0x2156af3c, L:/127.0.0.1:60116 - R:localhost/127.0.0.1:63658] for GET '/session/2f50deb7d92a224f40cb262adbd033f6/window'
12:31:20.605 [AsyncHttpClient-1-7] DEBUG org.asynchttpclient.netty.handler.HttpHandler - 

Request DefaultFullHttpRequest(decodeResult: success, version: HTTP/1.1, content: EmptyByteBufBE)
GET /session/2f50deb7d92a224f40cb262adbd033f6/window HTTP/1.1
User-Agent: selenium/4.4.0 (java windows)
Cache-Control: no-cache
Content-Type: application/json; charset=utf-8
host: localhost:63658
accept: */*

Response DefaultHttpResponse(decodeResult: success, version: HTTP/1.1)
HTTP/1.1 200 OK
Content-Type: application/json; charset=utf-8
cache-control: no-cache
content-length: 53

12:31:20.605 [AsyncHttpClient-1-7] DEBUG org.asynchttpclient.netty.channel.ChannelManager - Adding key: http://localhost:63658 for channel [id: 0x2156af3c, L:/127.0.0.1:60116 - R:localhost/127.0.0.1:63658]
12:31:20.607 [Forwarding getAlertText on session 2f50deb7d92a224f40cb262adbd033f6 to remote] DEBUG org.asynchttpclient.netty.request.NettyRequestSender - Using pooled Channel '[id: 0x2156af3c, L:/127.0.0.1:60116 - R:localhost/127.0.0.1:63658]' for 'GET' to 'http://localhost:63658/session/2f50deb7d92a224f40cb262adbd033f6/alert/text'
12:31:20.607 [Forwarding getAlertText on session 2f50deb7d92a224f40cb262adbd033f6 to remote] DEBUG org.asynchttpclient.netty.request.NettyRequestSender - Using open Channel [id: 0x2156af3c, L:/127.0.0.1:60116 - R:localhost/127.0.0.1:63658] for GET '/session/2f50deb7d92a224f40cb262adbd033f6/alert/text'
12:31:20.610 [AsyncHttpClient-1-7] DEBUG org.asynchttpclient.netty.handler.HttpHandler - 

Request DefaultFullHttpRequest(decodeResult: success, version: HTTP/1.1, content: EmptyByteBufBE)
GET /session/2f50deb7d92a224f40cb262adbd033f6/alert/text HTTP/1.1
User-Agent: selenium/4.4.0 (java windows)
Cache-Control: no-cache
Content-Type: application/json; charset=utf-8
host: localhost:63658
accept: */*

Response DefaultHttpResponse(decodeResult: success, version: HTTP/1.1)
HTTP/1.1 404 Not Found
Content-Type: application/json; charset=utf-8
cache-control: no-cache
content-length: 879

12:31:20.610 [AsyncHttpClient-1-7] DEBUG org.asynchttpclient.netty.channel.ChannelManager - Adding key: http://localhost:63658 for channel [id: 0x2156af3c, L:/127.0.0.1:60116 - R:localhost/127.0.0.1:63658]
12:31:20.614 [Forwarding switchToWindow on session 2f50deb7d92a224f40cb262adbd033f6 to remote] DEBUG org.asynchttpclient.netty.request.NettyRequestSender - Using pooled Channel '[id: 0x2156af3c, L:/127.0.0.1:60116 - R:localhost/127.0.0.1:63658]' for 'POST' to 'http://localhost:63658/session/2f50deb7d92a224f40cb262adbd033f6/window'
12:31:20.614 [Forwarding switchToWindow on session 2f50deb7d92a224f40cb262adbd033f6 to remote] DEBUG org.asynchttpclient.netty.request.NettyRequestSender - Using open Channel [id: 0x2156af3c, L:/127.0.0.1:60116 - R:localhost/127.0.0.1:63658] for POST '/session/2f50deb7d92a224f40cb262adbd033f6/window'
12:31:20.617 [AsyncHttpClient-1-7] DEBUG org.asynchttpclient.netty.handler.HttpHandler - 

Request DefaultHttpRequest(decodeResult: success, version: HTTP/1.1)
POST /session/2f50deb7d92a224f40cb262adbd033f6/window HTTP/1.1
User-Agent: selenium/4.4.0 (java windows)
Content-Length: 59
Content-Type: application/json; charset=utf-8
host: localhost:63658
accept: */*

Response DefaultHttpResponse(decodeResult: success, version: HTTP/1.1)
HTTP/1.1 200 OK
Content-Type: application/json; charset=utf-8
cache-control: no-cache
content-length: 14

12:31:20.617 [AsyncHttpClient-1-7] DEBUG org.asynchttpclient.netty.channel.ChannelManager - Adding key: http://localhost:63658 for channel [id: 0x2156af3c, L:/127.0.0.1:60116 - R:localhost/127.0.0.1:63658]
12:31:20.618 [Forwarding getCurrentUrl on session 2f50deb7d92a224f40cb262adbd033f6 to remote] DEBUG org.asynchttpclient.netty.request.NettyRequestSender - Using pooled Channel '[id: 0x2156af3c, L:/127.0.0.1:60116 - R:localhost/127.0.0.1:63658]' for 'GET' to 'http://localhost:63658/session/2f50deb7d92a224f40cb262adbd033f6/url'
12:31:20.618 [Forwarding getCurrentUrl on session 2f50deb7d92a224f40cb262adbd033f6 to remote] DEBUG org.asynchttpclient.netty.request.NettyRequestSender - Using open Channel [id: 0x2156af3c, L:/127.0.0.1:60116 - R:localhost/127.0.0.1:63658] for GET '/session/2f50deb7d92a224f40cb262adbd033f6/url'
12:31:20.621 [AsyncHttpClient-1-7] DEBUG org.asynchttpclient.netty.handler.HttpHandler - 

Request DefaultFullHttpRequest(decodeResult: success, version: HTTP/1.1, content: EmptyByteBufBE)
GET /session/2f50deb7d92a224f40cb262adbd033f6/url HTTP/1.1
User-Agent: selenium/4.4.0 (java windows)
Cache-Control: no-cache
Content-Type: application/json; charset=utf-8
host: localhost:63658
accept: */*

Response DefaultHttpResponse(decodeResult: success, version: HTTP/1.1)
HTTP/1.1 200 OK
Content-Type: application/json; charset=utf-8
cache-control: no-cache
content-length: 38

12:31:20.621 [AsyncHttpClient-1-7] DEBUG org.asynchttpclient.netty.channel.ChannelManager - Adding key: http://localhost:63658 for channel [id: 0x2156af3c, L:/127.0.0.1:60116 - R:localhost/127.0.0.1:63658]
12:31:20.621 [Forwarding screenshot on session 2f50deb7d92a224f40cb262adbd033f6 to remote] DEBUG org.asynchttpclient.netty.request.NettyRequestSender - Using pooled Channel '[id: 0x2156af3c, L:/127.0.0.1:60116 - R:localhost/127.0.0.1:63658]' for 'GET' to 'http://localhost:63658/session/2f50deb7d92a224f40cb262adbd033f6/screenshot'
12:31:20.621 [Forwarding screenshot on session 2f50deb7d92a224f40cb262adbd033f6 to remote] DEBUG org.asynchttpclient.netty.request.NettyRequestSender - Using open Channel [id: 0x2156af3c, L:/127.0.0.1:60116 - R:localhost/127.0.0.1:63658] for GET '/session/2f50deb7d92a224f40cb262adbd033f6/screenshot'
12:31:20.644 [AsyncHttpClient-1-1] DEBUG org.asynchttpclient.netty.channel.DefaultChannelPool - Entry count for : http://localhost:60117 : 1
12:31:20.702 [AsyncHttpClient-1-7] DEBUG org.asynchttpclient.netty.handler.HttpHandler - 

Request DefaultFullHttpRequest(decodeResult: success, version: HTTP/1.1, content: EmptyByteBufBE)
GET /session/2f50deb7d92a224f40cb262adbd033f6/screenshot HTTP/1.1
User-Agent: selenium/4.4.0 (java windows)
Cache-Control: no-cache
Content-Type: application/json; charset=utf-8
host: localhost:63658
accept: */*

Response DefaultHttpResponse(decodeResult: success, version: HTTP/1.1)
HTTP/1.1 200 OK
Content-Type: application/json; charset=utf-8
cache-control: no-cache
content-length: 63800

12:31:20.702 [AsyncHttpClient-1-7] DEBUG org.asynchttpclient.netty.channel.ChannelManager - Adding key: http://localhost:63658 for channel [id: 0x2156af3c, L:/127.0.0.1:60116 - R:localhost/127.0.0.1:63658]
12:31:20.704 [Test worker] DEBUG net.serenitybdd.core.photography.Darkroom - Send negative for processing for C:\Users\juan.gomezv\IdeaProjects\sura\target\site\serenity\904335eef0827b613c708bbe46df8c0a12fd3b5ed19c38292f1253c91d7b4430.png
12:31:20.705 [Test worker] DEBUG net.thucydides.core.steps.StepInterceptor - STEP DONE: {0} clicks on #target
12:31:20.705 [Darkroom Processing Line] DEBUG net.serenitybdd.core.photography.DarkroomProcessingLine - Processing screenshot image in /var/screenshots/screenshot-16712237525252411132
12:31:20.705 [Darkroom Processing Line] DEBUG net.serenitybdd.core.photography.DarkroomProcessingLine - Saving screenshot to C:\Users\juan.gomezv\IdeaProjects\sura\target\site\serenity\904335eef0827b613c708bbe46df8c0a12fd3b5ed19c38292f1253c91d7b4430.png
12:31:20.711 [Test worker] DEBUG net.thucydides.core.steps.StepInterceptor - STEP DONE: performAs
  ?[32mCuando ?[0m?[32m?[0m?[32m?[1mAna?[0m?[32m se autentica como un usuario de tipo ?[0m?[32m?[1m"WITH_ALL_FIELDS_EMPTY"?[0m     ?[90m# sura.stepDefinitions.LoginSteps.elSeAutenticaComoUnUsuario(net.serenitybdd.screenplay.Actor,java.lang.String)?[0m
12:31:20.724 [Forwarding getPageSource on session 2f50deb7d92a224f40cb262adbd033f6 to remote] DEBUG org.asynchttpclient.netty.request.NettyRequestSender - Using pooled Channel '[id: 0x2156af3c, L:/127.0.0.1:60116 - R:localhost/127.0.0.1:63658]' for 'POST' to 'http://localhost:63658/session/2f50deb7d92a224f40cb262adbd033f6/execute/sync'
12:31:20.724 [Forwarding getPageSource on session 2f50deb7d92a224f40cb262adbd033f6 to remote] DEBUG org.asynchttpclient.netty.request.NettyRequestSender - Using open Channel [id: 0x2156af3c, L:/127.0.0.1:60116 - R:localhost/127.0.0.1:63658] for POST '/session/2f50deb7d92a224f40cb262adbd033f6/execute/sync'
12:31:20.729 [AsyncHttpClient-1-7] DEBUG org.asynchttpclient.netty.handler.HttpHandler - 

Request DefaultHttpRequest(decodeResult: success, version: HTTP/1.1)
POST /session/2f50deb7d92a224f40cb262adbd033f6/execute/sync HTTP/1.1
User-Agent: selenium/4.4.0 (java windows)
Content-Length: 176
Content-Type: application/json; charset=utf-8
host: localhost:63658
accept: */*

Response DefaultHttpResponse(decodeResult: success, version: HTTP/1.1)
HTTP/1.1 200 OK
Content-Type: application/json; charset=utf-8
cache-control: no-cache
content-length: 14630

12:31:20.729 [AsyncHttpClient-1-7] DEBUG org.asynchttpclient.netty.channel.ChannelManager - Adding key: http://localhost:63658 for channel [id: 0x2156af3c, L:/127.0.0.1:60116 - R:localhost/127.0.0.1:63658]
12:31:20.730 [Forwarding getCurrentUrl on session 2f50deb7d92a224f40cb262adbd033f6 to remote] DEBUG org.asynchttpclient.netty.request.NettyRequestSender - Using pooled Channel '[id: 0x2156af3c, L:/127.0.0.1:60116 - R:localhost/127.0.0.1:63658]' for 'GET' to 'http://localhost:63658/session/2f50deb7d92a224f40cb262adbd033f6/url'
12:31:20.730 [Forwarding getCurrentUrl on session 2f50deb7d92a224f40cb262adbd033f6 to remote] DEBUG org.asynchttpclient.netty.request.NettyRequestSender - Using open Channel [id: 0x2156af3c, L:/127.0.0.1:60116 - R:localhost/127.0.0.1:63658] for GET '/session/2f50deb7d92a224f40cb262adbd033f6/url'
12:31:20.735 [AsyncHttpClient-1-7] DEBUG org.asynchttpclient.netty.handler.HttpHandler - 

Request DefaultFullHttpRequest(decodeResult: success, version: HTTP/1.1, content: EmptyByteBufBE)
GET /session/2f50deb7d92a224f40cb262adbd033f6/url HTTP/1.1
User-Agent: selenium/4.4.0 (java windows)
Cache-Control: no-cache
Content-Type: application/json; charset=utf-8
host: localhost:63658
accept: */*

Response DefaultHttpResponse(decodeResult: success, version: HTTP/1.1)
HTTP/1.1 200 OK
Content-Type: application/json; charset=utf-8
cache-control: no-cache
content-length: 38

12:31:20.735 [AsyncHttpClient-1-7] DEBUG org.asynchttpclient.netty.channel.ChannelManager - Adding key: http://localhost:63658 for channel [id: 0x2156af3c, L:/127.0.0.1:60116 - R:localhost/127.0.0.1:63658]
12:31:20.750 [Forwarding getPageSource on session 2f50deb7d92a224f40cb262adbd033f6 to remote] DEBUG org.asynchttpclient.netty.request.NettyRequestSender - Using pooled Channel '[id: 0x2156af3c, L:/127.0.0.1:60116 - R:localhost/127.0.0.1:63658]' for 'POST' to 'http://localhost:63658/session/2f50deb7d92a224f40cb262adbd033f6/execute/sync'
12:31:20.750 [Forwarding getPageSource on session 2f50deb7d92a224f40cb262adbd033f6 to remote] DEBUG org.asynchttpclient.netty.request.NettyRequestSender - Using open Channel [id: 0x2156af3c, L:/127.0.0.1:60116 - R:localhost/127.0.0.1:63658] for POST '/session/2f50deb7d92a224f40cb262adbd033f6/execute/sync'
12:31:20.756 [AsyncHttpClient-1-7] DEBUG org.asynchttpclient.netty.handler.HttpHandler - 

Request DefaultHttpRequest(decodeResult: success, version: HTTP/1.1)
POST /session/2f50deb7d92a224f40cb262adbd033f6/execute/sync HTTP/1.1
User-Agent: selenium/4.4.0 (java windows)
Content-Length: 176
Content-Type: application/json; charset=utf-8
host: localhost:63658
accept: */*

Response DefaultHttpResponse(decodeResult: success, version: HTTP/1.1)
HTTP/1.1 200 OK
Content-Type: application/json; charset=utf-8
cache-control: no-cache
content-length: 14630

12:31:20.756 [AsyncHttpClient-1-7] DEBUG org.asynchttpclient.netty.channel.ChannelManager - Adding key: http://localhost:63658 for channel [id: 0x2156af3c, L:/127.0.0.1:60116 - R:localhost/127.0.0.1:63658]
12:31:20.758 [Forwarding getCurrentUrl on session 2f50deb7d92a224f40cb262adbd033f6 to remote] DEBUG org.asynchttpclient.netty.request.NettyRequestSender - Using pooled Channel '[id: 0x2156af3c, L:/127.0.0.1:60116 - R:localhost/127.0.0.1:63658]' for 'GET' to 'http://localhost:63658/session/2f50deb7d92a224f40cb262adbd033f6/url'
12:31:20.758 [Forwarding getCurrentUrl on session 2f50deb7d92a224f40cb262adbd033f6 to remote] DEBUG org.asynchttpclient.netty.request.NettyRequestSender - Using open Channel [id: 0x2156af3c, L:/127.0.0.1:60116 - R:localhost/127.0.0.1:63658] for GET '/session/2f50deb7d92a224f40cb262adbd033f6/url'
12:31:20.761 [AsyncHttpClient-1-7] DEBUG org.asynchttpclient.netty.handler.HttpHandler - 

Request DefaultFullHttpRequest(decodeResult: success, version: HTTP/1.1, content: EmptyByteBufBE)
GET /session/2f50deb7d92a224f40cb262adbd033f6/url HTTP/1.1
User-Agent: selenium/4.4.0 (java windows)
Cache-Control: no-cache
Content-Type: application/json; charset=utf-8
host: localhost:63658
accept: */*

Response DefaultHttpResponse(decodeResult: success, version: HTTP/1.1)
HTTP/1.1 200 OK
Content-Type: application/json; charset=utf-8
cache-control: no-cache
content-length: 38

12:31:20.761 [AsyncHttpClient-1-7] DEBUG org.asynchttpclient.netty.channel.ChannelManager - Adding key: http://localhost:63658 for channel [id: 0x2156af3c, L:/127.0.0.1:60116 - R:localhost/127.0.0.1:63658]
12:31:20.763 [Test worker] DEBUG net.thucydides.core.steps.StepInterceptor - STARTING STEP: LoginSteps.laAplicacionDenegaIngresoMostrandoMensaje - {0} should see #description
12:31:20.763 [Test worker] DEBUG net.serenitybdd.screenplay.targets.IFrameSwitcher - default content already selected for LogIn Button
12:31:20.772 [Forwarding findElement on session 2f50deb7d92a224f40cb262adbd033f6 to remote] DEBUG org.asynchttpclient.netty.request.NettyRequestSender - Using pooled Channel '[id: 0x2156af3c, L:/127.0.0.1:60116 - R:localhost/127.0.0.1:63658]' for 'POST' to 'http://localhost:63658/session/2f50deb7d92a224f40cb262adbd033f6/element'
12:31:20.772 [Forwarding findElement on session 2f50deb7d92a224f40cb262adbd033f6 to remote] DEBUG org.asynchttpclient.netty.request.NettyRequestSender - Using open Channel [id: 0x2156af3c, L:/127.0.0.1:60116 - R:localhost/127.0.0.1:63658] for POST '/session/2f50deb7d92a224f40cb262adbd033f6/element'
12:31:20.781 [AsyncHttpClient-1-7] DEBUG org.asynchttpclient.netty.handler.HttpHandler - 

Request DefaultHttpRequest(decodeResult: success, version: HTTP/1.1)
POST /session/2f50deb7d92a224f40cb262adbd033f6/element HTTP/1.1
User-Agent: selenium/4.4.0 (java windows)
Content-Length: 63
Content-Type: application/json; charset=utf-8
host: localhost:63658
accept: */*

Response DefaultHttpResponse(decodeResult: success, version: HTTP/1.1)
HTTP/1.1 200 OK
Content-Type: application/json; charset=utf-8
cache-control: no-cache
content-length: 88

12:31:20.781 [AsyncHttpClient-1-7] DEBUG org.asynchttpclient.netty.channel.ChannelManager - Adding key: http://localhost:63658 for channel [id: 0x2156af3c, L:/127.0.0.1:60116 - R:localhost/127.0.0.1:63658]
12:31:20.781 [Forwarding getElementText on session 2f50deb7d92a224f40cb262adbd033f6 to remote] DEBUG org.asynchttpclient.netty.request.NettyRequestSender - Using pooled Channel '[id: 0x2156af3c, L:/127.0.0.1:60116 - R:localhost/127.0.0.1:63658]' for 'GET' to 'http://localhost:63658/session/2f50deb7d92a224f40cb262adbd033f6/element/f9eeb87c-1983-4972-8f48-cf1f496f2adc/text'
12:31:20.781 [Forwarding getElementText on session 2f50deb7d92a224f40cb262adbd033f6 to remote] DEBUG org.asynchttpclient.netty.request.NettyRequestSender - Using open Channel [id: 0x2156af3c, L:/127.0.0.1:60116 - R:localhost/127.0.0.1:63658] for GET '/session/2f50deb7d92a224f40cb262adbd033f6/element/f9eeb87c-1983-4972-8f48-cf1f496f2adc/text'
12:31:20.793 [AsyncHttpClient-1-7] DEBUG org.asynchttpclient.netty.handler.HttpHandler - 

Request DefaultFullHttpRequest(decodeResult: success, version: HTTP/1.1, content: EmptyByteBufBE)
GET /session/2f50deb7d92a224f40cb262adbd033f6/element/f9eeb87c-1983-4972-8f48-cf1f496f2adc/text HTTP/1.1
User-Agent: selenium/4.4.0 (java windows)
Cache-Control: no-cache
Content-Type: application/json; charset=utf-8
host: localhost:63658
accept: */*

Response DefaultHttpResponse(decodeResult: success, version: HTTP/1.1)
HTTP/1.1 200 OK
Content-Type: application/json; charset=utf-8
cache-control: no-cache
content-length: 46

12:31:20.793 [AsyncHttpClient-1-7] DEBUG org.asynchttpclient.netty.channel.ChannelManager - Adding key: http://localhost:63658 for channel [id: 0x2156af3c, L:/127.0.0.1:60116 - R:localhost/127.0.0.1:63658]
12:31:20.801 [Forwarding getCurrentWindowHandle on session 2f50deb7d92a224f40cb262adbd033f6 to remote] DEBUG org.asynchttpclient.netty.request.NettyRequestSender - Using pooled Channel '[id: 0x2156af3c, L:/127.0.0.1:60116 - R:localhost/127.0.0.1:63658]' for 'GET' to 'http://localhost:63658/session/2f50deb7d92a224f40cb262adbd033f6/window'
12:31:20.801 [Forwarding getCurrentWindowHandle on session 2f50deb7d92a224f40cb262adbd033f6 to remote] DEBUG org.asynchttpclient.netty.request.NettyRequestSender - Using open Channel [id: 0x2156af3c, L:/127.0.0.1:60116 - R:localhost/127.0.0.1:63658] for GET '/session/2f50deb7d92a224f40cb262adbd033f6/window'
12:31:20.802 [AsyncHttpClient-1-7] DEBUG org.asynchttpclient.netty.handler.HttpHandler - 

Request DefaultFullHttpRequest(decodeResult: success, version: HTTP/1.1, content: EmptyByteBufBE)
GET /session/2f50deb7d92a224f40cb262adbd033f6/window HTTP/1.1
User-Agent: selenium/4.4.0 (java windows)
Cache-Control: no-cache
Content-Type: application/json; charset=utf-8
host: localhost:63658
accept: */*

Response DefaultHttpResponse(decodeResult: success, version: HTTP/1.1)
HTTP/1.1 200 OK
Content-Type: application/json; charset=utf-8
cache-control: no-cache
content-length: 53

12:31:20.802 [AsyncHttpClient-1-7] DEBUG org.asynchttpclient.netty.channel.ChannelManager - Adding key: http://localhost:63658 for channel [id: 0x2156af3c, L:/127.0.0.1:60116 - R:localhost/127.0.0.1:63658]
12:31:20.805 [Forwarding getAlertText on session 2f50deb7d92a224f40cb262adbd033f6 to remote] DEBUG org.asynchttpclient.netty.request.NettyRequestSender - Using pooled Channel '[id: 0x2156af3c, L:/127.0.0.1:60116 - R:localhost/127.0.0.1:63658]' for 'GET' to 'http://localhost:63658/session/2f50deb7d92a224f40cb262adbd033f6/alert/text'
12:31:20.805 [Forwarding getAlertText on session 2f50deb7d92a224f40cb262adbd033f6 to remote] DEBUG org.asynchttpclient.netty.request.NettyRequestSender - Using open Channel [id: 0x2156af3c, L:/127.0.0.1:60116 - R:localhost/127.0.0.1:63658] for GET '/session/2f50deb7d92a224f40cb262adbd033f6/alert/text'
12:31:20.807 [AsyncHttpClient-1-7] DEBUG org.asynchttpclient.netty.handler.HttpHandler - 

Request DefaultFullHttpRequest(decodeResult: success, version: HTTP/1.1, content: EmptyByteBufBE)
GET /session/2f50deb7d92a224f40cb262adbd033f6/alert/text HTTP/1.1
User-Agent: selenium/4.4.0 (java windows)
Cache-Control: no-cache
Content-Type: application/json; charset=utf-8
host: localhost:63658
accept: */*

Response DefaultHttpResponse(decodeResult: success, version: HTTP/1.1)
HTTP/1.1 404 Not Found
Content-Type: application/json; charset=utf-8
cache-control: no-cache
content-length: 879

12:31:20.808 [AsyncHttpClient-1-7] DEBUG org.asynchttpclient.netty.channel.ChannelManager - Adding key: http://localhost:63658 for channel [id: 0x2156af3c, L:/127.0.0.1:60116 - R:localhost/127.0.0.1:63658]
12:31:20.810 [Forwarding switchToWindow on session 2f50deb7d92a224f40cb262adbd033f6 to remote] DEBUG org.asynchttpclient.netty.request.NettyRequestSender - Using pooled Channel '[id: 0x2156af3c, L:/127.0.0.1:60116 - R:localhost/127.0.0.1:63658]' for 'POST' to 'http://localhost:63658/session/2f50deb7d92a224f40cb262adbd033f6/window'
12:31:20.810 [Forwarding switchToWindow on session 2f50deb7d92a224f40cb262adbd033f6 to remote] DEBUG org.asynchttpclient.netty.request.NettyRequestSender - Using open Channel [id: 0x2156af3c, L:/127.0.0.1:60116 - R:localhost/127.0.0.1:63658] for POST '/session/2f50deb7d92a224f40cb262adbd033f6/window'
12:31:20.813 [AsyncHttpClient-1-7] DEBUG org.asynchttpclient.netty.handler.HttpHandler - 

Request DefaultHttpRequest(decodeResult: success, version: HTTP/1.1)
POST /session/2f50deb7d92a224f40cb262adbd033f6/window HTTP/1.1
User-Agent: selenium/4.4.0 (java windows)
Content-Length: 59
Content-Type: application/json; charset=utf-8
host: localhost:63658
accept: */*

Response DefaultHttpResponse(decodeResult: success, version: HTTP/1.1)
HTTP/1.1 200 OK
Content-Type: application/json; charset=utf-8
cache-control: no-cache
content-length: 14

12:31:20.813 [AsyncHttpClient-1-7] DEBUG org.asynchttpclient.netty.channel.ChannelManager - Adding key: http://localhost:63658 for channel [id: 0x2156af3c, L:/127.0.0.1:60116 - R:localhost/127.0.0.1:63658]
12:31:20.814 [Forwarding getCurrentUrl on session 2f50deb7d92a224f40cb262adbd033f6 to remote] DEBUG org.asynchttpclient.netty.request.NettyRequestSender - Using pooled Channel '[id: 0x2156af3c, L:/127.0.0.1:60116 - R:localhost/127.0.0.1:63658]' for 'GET' to 'http://localhost:63658/session/2f50deb7d92a224f40cb262adbd033f6/url'
12:31:20.814 [Forwarding getCurrentUrl on session 2f50deb7d92a224f40cb262adbd033f6 to remote] DEBUG org.asynchttpclient.netty.request.NettyRequestSender - Using open Channel [id: 0x2156af3c, L:/127.0.0.1:60116 - R:localhost/127.0.0.1:63658] for GET '/session/2f50deb7d92a224f40cb262adbd033f6/url'
12:31:20.818 [AsyncHttpClient-1-7] DEBUG org.asynchttpclient.netty.handler.HttpHandler - 

Request DefaultFullHttpRequest(decodeResult: success, version: HTTP/1.1, content: EmptyByteBufBE)
GET /session/2f50deb7d92a224f40cb262adbd033f6/url HTTP/1.1
User-Agent: selenium/4.4.0 (java windows)
Cache-Control: no-cache
Content-Type: application/json; charset=utf-8
host: localhost:63658
accept: */*

Response DefaultHttpResponse(decodeResult: success, version: HTTP/1.1)
HTTP/1.1 200 OK
Content-Type: application/json; charset=utf-8
cache-control: no-cache
content-length: 38

12:31:20.818 [AsyncHttpClient-1-7] DEBUG org.asynchttpclient.netty.channel.ChannelManager - Adding key: http://localhost:63658 for channel [id: 0x2156af3c, L:/127.0.0.1:60116 - R:localhost/127.0.0.1:63658]
12:31:20.819 [Forwarding screenshot on session 2f50deb7d92a224f40cb262adbd033f6 to remote] DEBUG org.asynchttpclient.netty.request.NettyRequestSender - Using pooled Channel '[id: 0x2156af3c, L:/127.0.0.1:60116 - R:localhost/127.0.0.1:63658]' for 'GET' to 'http://localhost:63658/session/2f50deb7d92a224f40cb262adbd033f6/screenshot'
12:31:20.819 [Forwarding screenshot on session 2f50deb7d92a224f40cb262adbd033f6 to remote] DEBUG org.asynchttpclient.netty.request.NettyRequestSender - Using open Channel [id: 0x2156af3c, L:/127.0.0.1:60116 - R:localhost/127.0.0.1:63658] for GET '/session/2f50deb7d92a224f40cb262adbd033f6/screenshot'
12:31:20.887 [AsyncHttpClient-1-7] DEBUG org.asynchttpclient.netty.handler.HttpHandler - 

Request DefaultFullHttpRequest(decodeResult: success, version: HTTP/1.1, content: EmptyByteBufBE)
GET /session/2f50deb7d92a224f40cb262adbd033f6/screenshot HTTP/1.1
User-Agent: selenium/4.4.0 (java windows)
Cache-Control: no-cache
Content-Type: application/json; charset=utf-8
host: localhost:63658
accept: */*

Response DefaultHttpResponse(decodeResult: success, version: HTTP/1.1)
HTTP/1.1 200 OK
Content-Type: application/json; charset=utf-8
cache-control: no-cache
content-length: 63800

12:31:20.887 [AsyncHttpClient-1-7] DEBUG org.asynchttpclient.netty.channel.ChannelManager - Adding key: http://localhost:63658 for channel [id: 0x2156af3c, L:/127.0.0.1:60116 - R:localhost/127.0.0.1:63658]
12:31:20.888 [Test worker] DEBUG net.serenitybdd.core.photography.Darkroom - Send negative for processing for C:\Users\juan.gomezv\IdeaProjects\sura\target\site\serenity\904335eef0827b613c708bbe46df8c0a12fd3b5ed19c38292f1253c91d7b4430.png
12:31:20.888 [Test worker] DEBUG net.thucydides.core.steps.StepInterceptor - STEP DONE: {0} should see #description
  ?[32mEntonces ?[0m?[32ma ?[0m?[32m?[1mAna?[0m?[32m se le deniega el ingreso mostrando el mensaje ?[0m?[32m?[1m"Epic sadface"?[0m ?[90m# sura.stepDefinitions.LoginSteps.laAplicacionDenegaIngresoMostrandoMensaje(net.serenitybdd.screenplay.Actor,java.lang.String)?[0m
12:31:20.900 [AsyncHttpClient-1-9] DEBUG org.asynchttpclient.netty.handler.WebSocketHandler - Channel Closed: [id: 0x09d835d7, L:/127.0.0.1:60124 ! R:localhost/127.0.0.1:60117] with attribute NettyResponseFuture{currentRetry=0,
	isDone=1,
	isCancelled=0,
	asyncHandler=org.asynchttpclient.ws.WebSocketUpgradeHandler@10bcf3bf,
	nettyRequest=org.asynchttpclient.netty.request.NettyRequest@5b25cb21,
	future=java.util.concurrent.CompletableFuture@41f88d40[Completed normally],
	uri=ws://localhost:60117/devtools/browser/5baabdf9-4299-4ee1-b570-d908e9afba53,
	keepAlive=true,
	redirectCount=0,
	timeoutsHolder=null,
	inAuth=0,
	touch=1664472678907}
12:31:20.900 [Driver Command Executor] DEBUG org.asynchttpclient.netty.request.NettyRequestSender - Using pooled Channel '[id: 0x2156af3c, L:/127.0.0.1:60116 - R:localhost/127.0.0.1:63658]' for 'DELETE' to 'http://localhost:63658/session/2f50deb7d92a224f40cb262adbd033f6'
12:31:20.900 [AsyncHttpClient-1-9] DEBUG org.asynchttpclient.netty.channel.ChannelManager - Closing Channel [id: 0x09d835d7, L:/127.0.0.1:60124 ! R:localhost/127.0.0.1:60117] 
12:31:20.900 [Driver Command Executor] DEBUG org.asynchttpclient.netty.request.NettyRequestSender - Using open Channel [id: 0x2156af3c, L:/127.0.0.1:60116 - R:localhost/127.0.0.1:63658] for DELETE '/session/2f50deb7d92a224f40cb262adbd033f6'
12:31:20.919 [AsyncHttpClient-1-8] DEBUG org.asynchttpclient.netty.handler.HttpHandler - Unexpected I/O exception on channel [id: 0x0aaf9d97, L:/127.0.0.1:60123 - R:localhost/127.0.0.1:60117]
java.net.SocketException: Connection reset
	at java.base/sun.nio.ch.SocketChannelImpl.throwConnectionReset(SocketChannelImpl.java:394)
	at java.base/sun.nio.ch.SocketChannelImpl.read(SocketChannelImpl.java:426)
	at io.netty.buffer.PooledByteBuf.setBytes(PooledByteBuf.java:258)
	at io.netty.buffer.AbstractByteBuf.writeBytes(AbstractByteBuf.java:1132)
	at io.netty.channel.socket.nio.NioSocketChannel.doReadBytes(NioSocketChannel.java:357)
	at io.netty.channel.nio.AbstractNioByteChannel$NioByteUnsafe.read(AbstractNioByteChannel.java:151)
	at io.netty.channel.nio.NioEventLoop.processSelectedKey(NioEventLoop.java:722)
	at io.netty.channel.nio.NioEventLoop.processSelectedKeysOptimized(NioEventLoop.java:658)
	at io.netty.channel.nio.NioEventLoop.processSelectedKeys(NioEventLoop.java:584)
	at io.netty.channel.nio.NioEventLoop.run(NioEventLoop.java:496)
	at io.netty.util.concurrent.SingleThreadEventExecutor$4.run(SingleThreadEventExecutor.java:997)
	at io.netty.util.internal.ThreadExecutorMap$2.run(ThreadExecutorMap.java:74)
	at io.netty.util.concurrent.FastThreadLocalRunnable.run(FastThreadLocalRunnable.java:30)
	at java.base/java.lang.Thread.run(Thread.java:833)
12:31:20.921 [AsyncHttpClient-1-8] DEBUG org.asynchttpclient.netty.channel.ChannelManager - Closing Channel [id: 0x0aaf9d97, L:/127.0.0.1:60123 - R:localhost/127.0.0.1:60117] 
12:31:20.922 [AsyncHttpClient-1-8] DEBUG org.asynchttpclient.netty.handler.HttpHandler - Channel Closed: [id: 0x0aaf9d97, L:/127.0.0.1:60123 ! R:localhost/127.0.0.1:60117] with attribute DISCARD
12:31:20.930 [AsyncHttpClient-1-7] DEBUG org.asynchttpclient.netty.handler.HttpHandler - 

Request DefaultFullHttpRequest(decodeResult: success, version: HTTP/1.1, content: EmptyByteBufBE)
DELETE /session/2f50deb7d92a224f40cb262adbd033f6 HTTP/1.1
User-Agent: selenium/4.4.0 (java windows)
Content-Type: application/json; charset=utf-8
host: localhost:63658
accept: */*

Response DefaultHttpResponse(decodeResult: success, version: HTTP/1.1)
HTTP/1.1 200 OK
Content-Type: application/json; charset=utf-8
cache-control: no-cache
content-length: 14

12:31:20.930 [AsyncHttpClient-1-7] DEBUG org.asynchttpclient.netty.channel.ChannelManager - Adding key: http://localhost:63658 for channel [id: 0x2156af3c, L:/127.0.0.1:60116 - R:localhost/127.0.0.1:63658]
12:31:20.976 [AsyncHttpClient-1-7] DEBUG org.asynchttpclient.netty.handler.HttpHandler - Channel Closed: [id: 0x2156af3c, L:/127.0.0.1:60116 ! R:localhost/127.0.0.1:63658] with attribute DISCARD
]]></system-out>
  <system-err><![CDATA[Starting ChromeDriver 105.0.5195.52 (412c95e518836d8a7d97250d62b29c2ae6a26a85-refs/branch-heads/5195@{#853}) on port 63061
Only local connections are allowed.
Please see https://chromedriver.chromium.org/security-considerations for suggestions on keeping ChromeDriver safe.
ChromeDriver was started successfully.
sep. 29, 2022 12:30:50 P. M. org.openqa.selenium.remote.ProtocolHandshake createSession
INFO: Detected upstream dialect: W3C
sep. 29, 2022 12:30:50 P. M. org.openqa.selenium.devtools.CdpVersionFinder findNearestMatch
WARNING: Unable to find an exact match for CDP version 105, so returning the closest version found: 104
sep. 29, 2022 12:30:50 P. M. org.openqa.selenium.devtools.CdpVersionFinder findNearestMatch
INFO: Found CDP implementation for version 105 of 104
Starting ChromeDriver 105.0.5195.52 (412c95e518836d8a7d97250d62b29c2ae6a26a85-refs/branch-heads/5195@{#853}) on port 53354
Only local connections are allowed.
Please see https://chromedriver.chromium.org/security-considerations for suggestions on keeping ChromeDriver safe.
ChromeDriver was started successfully.
sep. 29, 2022 12:30:58 P. M. org.openqa.selenium.remote.ProtocolHandshake createSession
INFO: Detected upstream dialect: W3C
sep. 29, 2022 12:30:58 P. M. org.openqa.selenium.devtools.CdpVersionFinder findNearestMatch
WARNING: Unable to find an exact match for CDP version 105, so returning the closest version found: 104
sep. 29, 2022 12:30:58 P. M. org.openqa.selenium.devtools.CdpVersionFinder findNearestMatch
INFO: Found CDP implementation for version 105 of 104
Starting ChromeDriver 105.0.5195.52 (412c95e518836d8a7d97250d62b29c2ae6a26a85-refs/branch-heads/5195@{#853}) on port 58482
Only local connections are allowed.
Please see https://chromedriver.chromium.org/security-considerations for suggestions on keeping ChromeDriver safe.
ChromeDriver was started successfully.
sep. 29, 2022 12:31:01 P. M. org.openqa.selenium.remote.ProtocolHandshake createSession
INFO: Detected upstream dialect: W3C
sep. 29, 2022 12:31:01 P. M. org.openqa.selenium.devtools.CdpVersionFinder findNearestMatch
WARNING: Unable to find an exact match for CDP version 105, so returning the closest version found: 104
sep. 29, 2022 12:31:01 P. M. org.openqa.selenium.devtools.CdpVersionFinder findNearestMatch
INFO: Found CDP implementation for version 105 of 104
Starting ChromeDriver 105.0.5195.52 (412c95e518836d8a7d97250d62b29c2ae6a26a85-refs/branch-heads/5195@{#853}) on port 58978
Only local connections are allowed.
Please see https://chromedriver.chromium.org/security-considerations for suggestions on keeping ChromeDriver safe.
ChromeDriver was started successfully.
sep. 29, 2022 12:31:04 P. M. org.openqa.selenium.remote.ProtocolHandshake createSession
INFO: Detected upstream dialect: W3C
sep. 29, 2022 12:31:04 P. M. org.openqa.selenium.devtools.CdpVersionFinder findNearestMatch
WARNING: Unable to find an exact match for CDP version 105, so returning the closest version found: 104
sep. 29, 2022 12:31:04 P. M. org.openqa.selenium.devtools.CdpVersionFinder findNearestMatch
INFO: Found CDP implementation for version 105 of 104
Starting ChromeDriver 105.0.5195.52 (412c95e518836d8a7d97250d62b29c2ae6a26a85-refs/branch-heads/5195@{#853}) on port 62210
Only local connections are allowed.
Please see https://chromedriver.chromium.org/security-considerations for suggestions on keeping ChromeDriver safe.
ChromeDriver was started successfully.
sep. 29, 2022 12:31:06 P. M. org.openqa.selenium.remote.ProtocolHandshake createSession
INFO: Detected upstream dialect: W3C
sep. 29, 2022 12:31:06 P. M. org.openqa.selenium.devtools.CdpVersionFinder findNearestMatch
WARNING: Unable to find an exact match for CDP version 105, so returning the closest version found: 104
sep. 29, 2022 12:31:06 P. M. org.openqa.selenium.devtools.CdpVersionFinder findNearestMatch
INFO: Found CDP implementation for version 105 of 104
Starting ChromeDriver 105.0.5195.52 (412c95e518836d8a7d97250d62b29c2ae6a26a85-refs/branch-heads/5195@{#853}) on port 55048
Only local connections are allowed.
Please see https://chromedriver.chromium.org/security-considerations for suggestions on keeping ChromeDriver safe.
ChromeDriver was started successfully.
sep. 29, 2022 12:31:14 P. M. org.openqa.selenium.remote.ProtocolHandshake createSession
INFO: Detected upstream dialect: W3C
sep. 29, 2022 12:31:14 P. M. org.openqa.selenium.devtools.CdpVersionFinder findNearestMatch
WARNING: Unable to find an exact match for CDP version 105, so returning the closest version found: 104
sep. 29, 2022 12:31:14 P. M. org.openqa.selenium.devtools.CdpVersionFinder findNearestMatch
INFO: Found CDP implementation for version 105 of 104
Starting ChromeDriver 105.0.5195.52 (412c95e518836d8a7d97250d62b29c2ae6a26a85-refs/branch-heads/5195@{#853}) on port 61916
Only local connections are allowed.
Please see https://chromedriver.chromium.org/security-considerations for suggestions on keeping ChromeDriver safe.
ChromeDriver was started successfully.
sep. 29, 2022 12:31:16 P. M. org.openqa.selenium.remote.ProtocolHandshake createSession
INFO: Detected upstream dialect: W3C
sep. 29, 2022 12:31:16 P. M. org.openqa.selenium.devtools.CdpVersionFinder findNearestMatch
WARNING: Unable to find an exact match for CDP version 105, so returning the closest version found: 104
sep. 29, 2022 12:31:16 P. M. org.openqa.selenium.devtools.CdpVersionFinder findNearestMatch
INFO: Found CDP implementation for version 105 of 104
Starting ChromeDriver 105.0.5195.52 (412c95e518836d8a7d97250d62b29c2ae6a26a85-refs/branch-heads/5195@{#853}) on port 63658
Only local connections are allowed.
Please see https://chromedriver.chromium.org/security-considerations for suggestions on keeping ChromeDriver safe.
ChromeDriver was started successfully.
sep. 29, 2022 12:31:18 P. M. org.openqa.selenium.remote.ProtocolHandshake createSession
INFO: Detected upstream dialect: W3C
sep. 29, 2022 12:31:18 P. M. org.openqa.selenium.devtools.CdpVersionFinder findNearestMatch
WARNING: Unable to find an exact match for CDP version 105, so returning the closest version found: 104
sep. 29, 2022 12:31:18 P. M. org.openqa.selenium.devtools.CdpVersionFinder findNearestMatch
INFO: Found CDP implementation for version 105 of 104
]]></system-err>
</testsuite>
