<?xml version="1.0" encoding="UTF-8"?>
<testsuite name="Autenticación" tests="8" skipped="0" failures="0" errors="0" timestamp="2022-09-26T15:08:18" hostname="PSOFKA01134" time="29.41">
  <properties/>
  <testcase name="Usuario se auténtica con una cuenta activa #1" classname="Autenticación" time="7.836"/>
  <testcase name="Usuario se auténtica con una cuenta activa #2" classname="Autenticación" time="2.888"/>
  <testcase name="Usuario se auténtica con una cuenta activa #3" classname="Autenticación" time="7.591"/>
  <testcase name="Usuario se auténtica con una cuenta inválida #1" classname="Autenticación" time="2.099"/>
  <testcase name="Usuario se auténtica con una cuenta inválida #2" classname="Autenticación" time="2.453"/>
  <testcase name="Usuario trata autenticarse con información incompleta #1" classname="Autenticación" time="2.306"/>
  <testcase name="Usuario trata autenticarse con información incompleta #2" classname="Autenticación" time="2.142"/>
  <testcase name="Usuario trata autenticarse con información incompleta #3" classname="Autenticación" time="2.095"/>
  <system-out><![CDATA[
Esquema del escenario: Usuario se autÃ©ntica con una cuenta activa               ?[90m# src/test/resources/features/login.feature:13?[0m
10:08:18.733 [Test worker] INFO io.cucumber.core.plugin.SerenityReporter - Running feature from file:///C:/Users/juan.gomezv/IdeaProjects/sura/src/test/resources/features/login.feature
10:08:18.805 [Test worker] INFO  - 
  _____   ___   ___   _____     ___   _____     _     ___   _____   ___   ___  
 |_   _| | __| / __| |_   _|   / __| |_   _|   /_\   | _ \ |_   _| | __| |   \ 
   | |   | _|  \__ \   | |     \__ \   | |    / _ \  |   /   | |   | _|  | |) |
   |_|   |___| |___/   |_|     |___/   |_|   /_/ \_\ |_|_\   |_|   |___| |___/ 

Usuario se auténtica con una cuenta activa(autenticación;usuario-se-auténtica-con-una-cuenta-activa)
--------------------------------------------------------------------------------
10:08:19.178 [Test worker] DEBUG net.thucydides.core.steps.StepInterceptor - STARTING STEP: LoginSteps.albertoQuiereConsultarArticulosDeportivosEnLaWebDeLaMarcaSwag - {0} abre la aplicaciÃ³n
10:08:19.198 [Test worker] DEBUG net.thucydides.core.steps.StepInterceptor - STARTING STEP: NavigateTo.performAs - {0} opens the #targetPageName
10:08:19.225 [Test worker] INFO net.serenitybdd.core.webdriver.driverproviders.DriverProvider - Using WebDriverManager configuration for chrome
10:08:19.512 [Test worker] DEBUG io.github.bonigarcia.wdm.cache.ResolutionCache - Resolution chrome=105 in cache (valid until 10:32:56 26/09/2022 CDT)
10:08:19.513 [Test worker] DEBUG io.github.bonigarcia.wdm.cache.ResolutionCache - Resolution chrome105=105.0.5195.52 in cache (valid until 09:54:45 27/09/2022 CDT)
10:08:19.514 [Test worker] INFO io.github.bonigarcia.wdm.WebDriverManager - Using chromedriver 105.0.5195.52 (resolved driver for Chrome 105)
10:08:19.528 [Test worker] DEBUG io.github.bonigarcia.wdm.WebDriverManager - Driver chromedriver 105.0.5195.52 found in cache
10:08:19.530 [Test worker] INFO io.github.bonigarcia.wdm.WebDriverManager - Exporting webdriver.chrome.driver as C:\Users\juan.gomezv\.cache\selenium\chromedriver\win32\105.0.5195.52\chromedriver.exe
10:08:19.595 [Test worker] INFO net.serenitybdd.core.webdriver.driverproviders.ChromeDriverProvider - Starting Chrome driver instance with capabilities:
10:08:19.596 [Test worker] INFO net.serenitybdd.core.webdriver.driverproviders.ChromeDriverProvider - Capabilities {acceptInsecureCerts: false, browserName: chrome, goog:chromeOptions: {args: [], extensions: []}}
10:08:19.644 [Test worker] DEBUG io.netty.util.internal.logging.InternalLoggerFactory - Using SLF4J as the default logging framework
10:08:19.646 [Test worker] DEBUG io.netty.util.ResourceLeakDetector - -Dio.netty.leakDetection.level: simple
10:08:19.647 [Test worker] DEBUG io.netty.util.ResourceLeakDetector - -Dio.netty.leakDetection.targetRecords: 4
10:08:19.650 [Test worker] DEBUG io.netty.util.ResourceLeakDetectorFactory - Loaded default ResourceLeakDetector: io.netty.util.ResourceLeakDetector@2199e845
10:08:19.666 [Test worker] DEBUG io.netty.util.internal.PlatformDependent0 - -Dio.netty.noUnsafe: false
10:08:19.666 [Test worker] DEBUG io.netty.util.internal.PlatformDependent0 - Java version: 18
10:08:19.667 [Test worker] DEBUG io.netty.util.internal.PlatformDependent0 - sun.misc.Unsafe.theUnsafe: available
10:08:19.668 [Test worker] DEBUG io.netty.util.internal.PlatformDependent0 - sun.misc.Unsafe.copyMemory: available
10:08:19.668 [Test worker] DEBUG io.netty.util.internal.PlatformDependent0 - sun.misc.Unsafe.storeFence: available
10:08:19.669 [Test worker] DEBUG io.netty.util.internal.PlatformDependent0 - java.nio.Buffer.address: available
10:08:19.669 [Test worker] DEBUG io.netty.util.internal.PlatformDependent0 - direct buffer constructor: unavailable: Reflective setAccessible(true) disabled
10:08:19.670 [Test worker] DEBUG io.netty.util.internal.PlatformDependent0 - java.nio.Bits.unaligned: available, true
10:08:19.672 [Test worker] DEBUG io.netty.util.internal.PlatformDependent0 - jdk.internal.misc.Unsafe.allocateUninitializedArray(int): unavailable: class io.netty.util.internal.PlatformDependent0$7 cannot access class jdk.internal.misc.Unsafe (in module java.base) because module java.base does not export jdk.internal.misc to unnamed module @5fbe4146
10:08:19.673 [Test worker] DEBUG io.netty.util.internal.PlatformDependent0 - java.nio.DirectByteBuffer.<init>(long, int): unavailable
10:08:19.674 [Test worker] DEBUG io.netty.util.internal.PlatformDependent - sun.misc.Unsafe: available
10:08:19.686 [Test worker] DEBUG io.netty.util.internal.PlatformDependent - maxDirectMemory: 536870912 bytes (maybe)
10:08:19.686 [Test worker] DEBUG io.netty.util.internal.PlatformDependent - -Dio.netty.tmpdir: C:\Users\JUAN~1.GOM\AppData\Local\Temp (java.io.tmpdir)
10:08:19.686 [Test worker] DEBUG io.netty.util.internal.PlatformDependent - -Dio.netty.bitMode: 64 (sun.arch.data.model)
10:08:19.687 [Test worker] DEBUG io.netty.util.internal.PlatformDependent - Platform: Windows
10:08:19.688 [Test worker] DEBUG io.netty.util.internal.PlatformDependent - -Dio.netty.maxDirectMemory: -1 bytes
10:08:19.688 [Test worker] DEBUG io.netty.util.internal.PlatformDependent - -Dio.netty.uninitializedArrayAllocationThreshold: -1
10:08:19.689 [Test worker] DEBUG io.netty.util.internal.CleanerJava9 - java.nio.ByteBuffer.cleaner(): available
10:08:19.689 [Test worker] DEBUG io.netty.util.internal.PlatformDependent - -Dio.netty.noPreferDirect: false
10:08:19.699 [Test worker] DEBUG io.netty.util.internal.PlatformDependent - org.jctools-core.MpscChunkedArrayQueue: available
10:08:19.712 [Test worker] DEBUG io.netty.util.internal.InternalThreadLocalMap - -Dio.netty.threadLocalMap.stringBuilder.initialSize: 1024
10:08:19.712 [Test worker] DEBUG io.netty.util.internal.InternalThreadLocalMap - -Dio.netty.threadLocalMap.stringBuilder.maxSize: 4096
10:08:19.744 [Test worker] DEBUG io.netty.handler.ssl.JdkSslContext - Default protocols (JDK): [TLSv1.3, TLSv1.2] 
10:08:19.744 [Test worker] DEBUG io.netty.handler.ssl.JdkSslContext - Default cipher suites (JDK): [TLS_ECDHE_ECDSA_WITH_AES_256_GCM_SHA384, TLS_ECDHE_ECDSA_WITH_AES_128_GCM_SHA256, TLS_ECDHE_RSA_WITH_AES_128_GCM_SHA256, TLS_ECDHE_RSA_WITH_AES_256_GCM_SHA384, TLS_ECDHE_RSA_WITH_AES_128_CBC_SHA, TLS_ECDHE_RSA_WITH_AES_256_CBC_SHA, TLS_RSA_WITH_AES_128_GCM_SHA256, TLS_RSA_WITH_AES_128_CBC_SHA, TLS_RSA_WITH_AES_256_CBC_SHA, TLS_AES_128_GCM_SHA256, TLS_AES_256_GCM_SHA384]
10:08:19.761 [Test worker] DEBUG io.netty.channel.MultithreadEventLoopGroup - -Dio.netty.eventLoopThreads: 16
10:08:19.766 [Test worker] DEBUG io.netty.channel.nio.NioEventLoop - -Dio.netty.noKeySetOptimization: false
10:08:19.766 [Test worker] DEBUG io.netty.channel.nio.NioEventLoop - -Dio.netty.selectorAutoRebuildThreshold: 512
10:08:19.789 [Test worker] DEBUG io.netty.buffer.PooledByteBufAllocator - -Dio.netty.allocator.numHeapArenas: 1
10:08:19.789 [Test worker] DEBUG io.netty.buffer.PooledByteBufAllocator - -Dio.netty.allocator.numDirectArenas: 1
10:08:19.790 [Test worker] DEBUG io.netty.buffer.PooledByteBufAllocator - -Dio.netty.allocator.pageSize: 8192
10:08:19.790 [Test worker] DEBUG io.netty.buffer.PooledByteBufAllocator - -Dio.netty.allocator.maxOrder: 9
10:08:19.790 [Test worker] DEBUG io.netty.buffer.PooledByteBufAllocator - -Dio.netty.allocator.chunkSize: 4194304
10:08:19.790 [Test worker] DEBUG io.netty.buffer.PooledByteBufAllocator - -Dio.netty.allocator.smallCacheSize: 256
10:08:19.790 [Test worker] DEBUG io.netty.buffer.PooledByteBufAllocator - -Dio.netty.allocator.normalCacheSize: 64
10:08:19.790 [Test worker] DEBUG io.netty.buffer.PooledByteBufAllocator - -Dio.netty.allocator.maxCachedBufferCapacity: 32768
10:08:19.790 [Test worker] DEBUG io.netty.buffer.PooledByteBufAllocator - -Dio.netty.allocator.cacheTrimInterval: 8192
10:08:19.790 [Test worker] DEBUG io.netty.buffer.PooledByteBufAllocator - -Dio.netty.allocator.cacheTrimIntervalMillis: 600000
10:08:19.790 [Test worker] DEBUG io.netty.buffer.PooledByteBufAllocator - -Dio.netty.allocator.useCacheForAllThreads: false
10:08:19.790 [Test worker] DEBUG io.netty.buffer.PooledByteBufAllocator - -Dio.netty.allocator.maxCachedByteBuffersPerChunk: 1023
10:08:19.798 [Test worker] DEBUG io.netty.buffer.ByteBufUtil - -Dio.netty.allocator.type: pooled
10:08:19.798 [Test worker] DEBUG io.netty.buffer.ByteBufUtil - -Dio.netty.threadLocalDirectBufferSize: 0
10:08:19.798 [Test worker] DEBUG io.netty.buffer.ByteBufUtil - -Dio.netty.maxThreadLocalCharBufferSize: 16384
10:08:19.978 [Forwarding newSession on session null to remote] DEBUG io.netty.channel.DefaultChannelId - -Dio.netty.processId: 1927 (user-set)
10:08:19.979 [Forwarding newSession on session null to remote] DEBUG io.netty.channel.DefaultChannelId - -Dio.netty.machineId: 28:f0:76:ff:fe:16:65:0e (user-set)
10:08:20.008 [AsyncHttpClient-1-2] DEBUG io.netty.buffer.AbstractByteBuf - -Dio.netty.buffer.checkAccessible: true
10:08:20.009 [AsyncHttpClient-1-2] DEBUG io.netty.buffer.AbstractByteBuf - -Dio.netty.buffer.checkBounds: true
10:08:20.009 [AsyncHttpClient-1-2] DEBUG io.netty.util.ResourceLeakDetectorFactory - Loaded default ResourceLeakDetector: io.netty.util.ResourceLeakDetector@51bfa6a8
10:08:20.017 [AsyncHttpClient-1-2] DEBUG org.asynchttpclient.netty.channel.NettyConnectListener - Using new Channel '[id: 0x60781551, L:/127.0.0.1:61421 - R:localhost/127.0.0.1:50528]' for 'POST' to '/session'
10:08:20.027 [AsyncHttpClient-1-2] DEBUG io.netty.util.Recycler - -Dio.netty.recycler.maxCapacityPerThread: 4096
10:08:20.028 [AsyncHttpClient-1-2] DEBUG io.netty.util.Recycler - -Dio.netty.recycler.ratio: 8
10:08:20.028 [AsyncHttpClient-1-2] DEBUG io.netty.util.Recycler - -Dio.netty.recycler.chunkSize: 32
10:08:20.028 [AsyncHttpClient-1-2] DEBUG io.netty.util.Recycler - -Dio.netty.recycler.blocking: false
10:08:20.501 [AsyncHttpClient-1-2] DEBUG io.netty.handler.codec.compression.Brotli - brotli4j not in the classpath; Brotli support will be unavailable.
10:08:20.501 [AsyncHttpClient-1-2] DEBUG org.asynchttpclient.netty.handler.HttpHandler - 

Request DefaultHttpRequest(decodeResult: success, version: HTTP/1.1)
POST /session HTTP/1.1
User-Agent: selenium/4.4.0 (java windows)
Content-Length: 437
Content-Type: application/json; charset=utf-8
host: localhost:50528
accept: */*

Response DefaultHttpResponse(decodeResult: success, version: HTTP/1.1)
HTTP/1.1 200 OK
Content-Type: application/json; charset=utf-8
cache-control: no-cache
content-length: 796

10:08:20.508 [AsyncHttpClient-1-2] DEBUG org.asynchttpclient.netty.channel.ChannelManager - Adding key: http://localhost:50528 for channel [id: 0x60781551, L:/127.0.0.1:61421 - R:localhost/127.0.0.1:50528]
10:08:20.580 [AsyncHttpClient-1-3] DEBUG org.asynchttpclient.netty.channel.NettyConnectListener - Using new Channel '[id: 0x141c42f0, L:/127.0.0.1:61429 - R:localhost/127.0.0.1:61422]' for 'GET' to '/json/version'
10:08:20.581 [AsyncHttpClient-1-3] DEBUG org.asynchttpclient.netty.handler.HttpHandler - 

Request DefaultFullHttpRequest(decodeResult: success, version: HTTP/1.1, content: EmptyByteBufBE)
GET /json/version HTTP/1.1
User-Agent: selenium/4.4.0 (java windows)
host: localhost:61422
accept: */*

Response DefaultHttpResponse(decodeResult: success, version: HTTP/1.1)
HTTP/1.1 200 OK
Content-Type: application/json; charset=UTF-8
content-length: 423

10:08:20.582 [AsyncHttpClient-1-3] DEBUG org.asynchttpclient.netty.channel.ChannelManager - Adding key: http://localhost:61422 for channel [id: 0x141c42f0, L:/127.0.0.1:61429 - R:localhost/127.0.0.1:61422]
10:08:20.588 [Test worker] DEBUG io.netty.util.internal.ThreadLocalRandom - -Dio.netty.initialSeedUniquifier: 0x0bbde4635b199201
10:08:20.591 [AsyncHttpClient-1-4] DEBUG org.asynchttpclient.netty.channel.NettyConnectListener - Using new Channel '[id: 0x4ffec522, L:/127.0.0.1:61430 - R:localhost/127.0.0.1:61422]' for 'GET' to '/devtools/browser/c26a35ac-af4f-4ca0-ac3c-5af6c853af65'
10:08:20.593 [AsyncHttpClient-1-4] DEBUG org.asynchttpclient.netty.handler.WebSocketHandler - 

Request DefaultFullHttpRequest(decodeResult: success, version: HTTP/1.1, content: EmptyByteBufBE)
GET /devtools/browser/c26a35ac-af4f-4ca0-ac3c-5af6c853af65 HTTP/1.1
upgrade: websocket
connection: upgrade
sec-websocket-key: 9EsoHmuJXNKKgnRtg828Bg==
sec-websocket-version: 13
origin: http://localhost:61422
host: localhost:61422
accept: */*
user-agent: AHC/2.1

Response DefaultHttpResponse(decodeResult: success, version: HTTP/1.1)
HTTP/1.1 101 WebSocket Protocol Handshake
Upgrade: WebSocket
Connection: Upgrade
Sec-WebSocket-Accept: HzEwtP8Hj4KKAR3C78lszE2yiE4=

10:08:20.809 [AsyncHttpClient-1-1] DEBUG org.asynchttpclient.netty.channel.DefaultChannelPool - Entry count for : http://localhost:50528 : 1
10:08:20.809 [AsyncHttpClient-1-1] DEBUG org.asynchttpclient.netty.channel.DefaultChannelPool - Entry count for : http://localhost:61422 : 1
10:08:21.053 [Test worker] DEBUG net.thucydides.core.reflection.ClassFinder - Could not load class .sura.CucumberTestSuite
10:08:21.053 [Test worker] DEBUG net.thucydides.core.reflection.ClassFinder - Could not load class .sura.enumerators.Option
10:08:21.053 [Test worker] DEBUG net.thucydides.core.reflection.ClassFinder - Could not load class .sura.enumerators.User
10:08:21.053 [Test worker] DEBUG net.thucydides.core.reflection.ClassFinder - Could not load class .sura.interactions.AddOrRemoveFromCart
10:08:21.053 [Test worker] DEBUG net.thucydides.core.reflection.ClassFinder - Could not load class .sura.interactions.ListOfProducts
10:08:21.053 [Test worker] DEBUG net.thucydides.core.reflection.ClassFinder - Could not load class .sura.interactions.Sort
10:08:21.053 [Test worker] DEBUG net.thucydides.core.reflection.ClassFinder - Could not load class .sura.stepDefinitions.LoginSteps
10:08:21.053 [Test worker] DEBUG net.thucydides.core.reflection.ClassFinder - Could not load class .sura.stepDefinitions.ParameterDefinitions
10:08:21.053 [Test worker] DEBUG net.thucydides.core.reflection.ClassFinder - Could not load class .sura.stepDefinitions.PurchaseSteps
10:08:21.053 [Test worker] DEBUG net.thucydides.core.reflection.ClassFinder - Could not load class .sura.stepDefinitions.SearchSteps
10:08:21.053 [Test worker] DEBUG net.thucydides.core.reflection.ClassFinder - Could not load class .sura.stepDefinitions.SharedBackgroundSteps
10:08:21.053 [Test worker] DEBUG net.thucydides.core.reflection.ClassFinder - Could not load class .sura.tasks.LogIn
10:08:21.053 [Test worker] DEBUG net.thucydides.core.reflection.ClassFinder - Could not load class .sura.tasks.NavigateTo
10:08:21.053 [Test worker] DEBUG net.thucydides.core.reflection.ClassFinder - Could not load class .sura.tasks.Purchase
10:08:21.053 [Test worker] DEBUG net.thucydides.core.reflection.ClassFinder - Could not load class .sura.tasks.SearchForProducts
10:08:21.053 [Test worker] DEBUG net.thucydides.core.reflection.ClassFinder - Could not load class .sura.ui.LoginPage
10:08:21.054 [Test worker] DEBUG net.thucydides.core.reflection.ClassFinder - Could not load class .sura.ui.ProductDetailsPage
10:08:21.054 [Test worker] DEBUG net.thucydides.core.reflection.ClassFinder - Could not load class .sura.ui.ProductPage
10:08:21.054 [Test worker] DEBUG net.thucydides.core.reflection.ClassFinder - Could not load class .sura.utils.Tools
10:08:21.055 [Test worker] DEBUG net.thucydides.core.reflection.ClassFinder - Could not load class META-INF.versions.9.com.sun.istack.logging.StackHelper
10:08:21.055 [Test worker] DEBUG net.thucydides.core.reflection.ClassFinder - Could not load class META-INF.versions.9.com.sun.xml.bind.v2.runtime.reflect.opt.AccessorInjector
10:08:21.056 [Test worker] DEBUG net.thucydides.core.reflection.ClassFinder - Could not load class META-INF.versions.9.com.sun.xml.bind.v2.runtime.reflect.opt.Injector
10:08:21.056 [Test worker] DEBUG net.thucydides.core.reflection.ClassFinder - Could not load class META-INF.versions.9.com.sun.xml.bind.v2.runtime.reflect.opt.OptimizedAccessorFactory
10:08:21.056 [Test worker] DEBUG net.thucydides.core.reflection.ClassFinder - Could not load class META-INF.versions.9.com.sun.xml.bind.v2.runtime.reflect.opt.OptimizedTransducedAccessorFactory
10:08:21.057 [Test worker] DEBUG net.thucydides.core.reflection.ClassFinder - Could not load class META-INF.versions.9.io.opentelemetry.sdk.internal.CurrentJavaVersionSpecific
10:08:21.057 [Test worker] DEBUG net.thucydides.core.reflection.ClassFinder - Could not load class META-INF.versions.9.io.opentelemetry.sdk.internal.Java9VersionSpecific
10:08:21.058 [Test worker] DEBUG net.thucydides.core.reflection.ClassFinder - Could not load class META-INF.versions.9.javax.xml.bind.ModuleUtil
10:08:21.058 [Test worker] DEBUG net.thucydides.core.reflection.ClassFinder - Could not load class META-INF.versions.9.module-info
10:08:21.059 [Test worker] DEBUG net.thucydides.core.reflection.ClassFinder - Could not load class META-INF.versions.9.org.junit.platform.commons.util.ModuleUtils
10:08:21.331 [Test worker] DEBUG net.thucydides.core.reflection.ClassFinder - Could not load class com.google.gson.internal.
10:08:21.456 [Test worker] DEBUG net.thucydides.core.reflection.ClassFinder - Could not load class com.sun.xml.bind.v2.runtime.output.FastInfosetStreamWriterOutput
10:08:21.727 [Test worker] DEBUG net.thucydides.core.reflection.ClassFinder - Could not load class module-info
10:08:21.916 [AsyncHttpClient-1-1] DEBUG org.asynchttpclient.netty.channel.DefaultChannelPool - Entry count for : http://localhost:50528 : 1
10:08:21.916 [AsyncHttpClient-1-1] DEBUG org.asynchttpclient.netty.channel.DefaultChannelPool - Entry count for : http://localhost:61422 : 1
10:08:23.004 [AsyncHttpClient-1-1] DEBUG org.asynchttpclient.netty.channel.DefaultChannelPool - Entry count for : http://localhost:50528 : 1
10:08:23.004 [AsyncHttpClient-1-1] DEBUG org.asynchttpclient.netty.channel.DefaultChannelPool - Entry count for : http://localhost:61422 : 1
10:08:23.883 [Forwarding get on session f21e2c352b079595c8ac384ad659b261 to remote] DEBUG org.asynchttpclient.netty.request.NettyRequestSender - Using pooled Channel '[id: 0x60781551, L:/127.0.0.1:61421 - R:localhost/127.0.0.1:50528]' for 'POST' to 'http://localhost:50528/session/f21e2c352b079595c8ac384ad659b261/url'
10:08:23.883 [Forwarding get on session f21e2c352b079595c8ac384ad659b261 to remote] DEBUG org.asynchttpclient.netty.request.NettyRequestSender - Using open Channel [id: 0x60781551, L:/127.0.0.1:61421 - R:localhost/127.0.0.1:50528] for POST '/session/f21e2c352b079595c8ac384ad659b261/url'
10:08:24.104 [AsyncHttpClient-1-1] DEBUG org.asynchttpclient.netty.channel.DefaultChannelPool - Entry count for : http://localhost:61422 : 1
10:08:24.135 [AsyncHttpClient-1-2] DEBUG org.asynchttpclient.netty.handler.HttpHandler - 

Request DefaultHttpRequest(decodeResult: success, version: HTTP/1.1)
POST /session/f21e2c352b079595c8ac384ad659b261/url HTTP/1.1
User-Agent: selenium/4.4.0 (java windows)
Content-Length: 40
Content-Type: application/json; charset=utf-8
host: localhost:50528
accept: */*

Response DefaultHttpResponse(decodeResult: success, version: HTTP/1.1)
HTTP/1.1 200 OK
Content-Type: application/json; charset=utf-8
cache-control: no-cache
content-length: 14

10:08:24.136 [AsyncHttpClient-1-2] DEBUG org.asynchttpclient.netty.channel.ChannelManager - Adding key: http://localhost:50528 for channel [id: 0x60781551, L:/127.0.0.1:61421 - R:localhost/127.0.0.1:50528]
10:08:24.143 [Forwarding setTimeout on session f21e2c352b079595c8ac384ad659b261 to remote] DEBUG org.asynchttpclient.netty.request.NettyRequestSender - Using pooled Channel '[id: 0x60781551, L:/127.0.0.1:61421 - R:localhost/127.0.0.1:50528]' for 'POST' to 'http://localhost:50528/session/f21e2c352b079595c8ac384ad659b261/timeouts'
10:08:24.143 [Forwarding setTimeout on session f21e2c352b079595c8ac384ad659b261 to remote] DEBUG org.asynchttpclient.netty.request.NettyRequestSender - Using open Channel [id: 0x60781551, L:/127.0.0.1:61421 - R:localhost/127.0.0.1:50528] for POST '/session/f21e2c352b079595c8ac384ad659b261/timeouts'
10:08:24.145 [AsyncHttpClient-1-2] DEBUG org.asynchttpclient.netty.handler.HttpHandler - 

Request DefaultHttpRequest(decodeResult: success, version: HTTP/1.1)
POST /session/f21e2c352b079595c8ac384ad659b261/timeouts HTTP/1.1
User-Agent: selenium/4.4.0 (java windows)
Content-Length: 22
Content-Type: application/json; charset=utf-8
host: localhost:50528
accept: */*

Response DefaultHttpResponse(decodeResult: success, version: HTTP/1.1)
HTTP/1.1 200 OK
Content-Type: application/json; charset=utf-8
cache-control: no-cache
content-length: 14

10:08:24.146 [AsyncHttpClient-1-2] DEBUG org.asynchttpclient.netty.channel.ChannelManager - Adding key: http://localhost:50528 for channel [id: 0x60781551, L:/127.0.0.1:61421 - R:localhost/127.0.0.1:50528]
10:08:24.161 [Forwarding getCurrentUrl on session f21e2c352b079595c8ac384ad659b261 to remote] DEBUG org.asynchttpclient.netty.request.NettyRequestSender - Using pooled Channel '[id: 0x60781551, L:/127.0.0.1:61421 - R:localhost/127.0.0.1:50528]' for 'GET' to 'http://localhost:50528/session/f21e2c352b079595c8ac384ad659b261/url'
10:08:24.161 [Forwarding getCurrentUrl on session f21e2c352b079595c8ac384ad659b261 to remote] DEBUG org.asynchttpclient.netty.request.NettyRequestSender - Using open Channel [id: 0x60781551, L:/127.0.0.1:61421 - R:localhost/127.0.0.1:50528] for GET '/session/f21e2c352b079595c8ac384ad659b261/url'
10:08:24.167 [AsyncHttpClient-1-2] DEBUG org.asynchttpclient.netty.handler.HttpHandler - 

Request DefaultFullHttpRequest(decodeResult: success, version: HTTP/1.1, content: EmptyByteBufBE)
GET /session/f21e2c352b079595c8ac384ad659b261/url HTTP/1.1
User-Agent: selenium/4.4.0 (java windows)
Cache-Control: no-cache
Content-Type: application/json; charset=utf-8
host: localhost:50528
accept: */*

Response DefaultHttpResponse(decodeResult: success, version: HTTP/1.1)
HTTP/1.1 200 OK
Content-Type: application/json; charset=utf-8
cache-control: no-cache
content-length: 38

10:08:24.167 [AsyncHttpClient-1-2] DEBUG org.asynchttpclient.netty.channel.ChannelManager - Adding key: http://localhost:50528 for channel [id: 0x60781551, L:/127.0.0.1:61421 - R:localhost/127.0.0.1:50528]
10:08:24.180 [Forwarding getCurrentUrl on session f21e2c352b079595c8ac384ad659b261 to remote] DEBUG org.asynchttpclient.netty.request.NettyRequestSender - Using pooled Channel '[id: 0x60781551, L:/127.0.0.1:61421 - R:localhost/127.0.0.1:50528]' for 'GET' to 'http://localhost:50528/session/f21e2c352b079595c8ac384ad659b261/url'
10:08:24.181 [Forwarding getCurrentUrl on session f21e2c352b079595c8ac384ad659b261 to remote] DEBUG org.asynchttpclient.netty.request.NettyRequestSender - Using open Channel [id: 0x60781551, L:/127.0.0.1:61421 - R:localhost/127.0.0.1:50528] for GET '/session/f21e2c352b079595c8ac384ad659b261/url'
10:08:24.186 [AsyncHttpClient-1-2] DEBUG org.asynchttpclient.netty.handler.HttpHandler - 

Request DefaultFullHttpRequest(decodeResult: success, version: HTTP/1.1, content: EmptyByteBufBE)
GET /session/f21e2c352b079595c8ac384ad659b261/url HTTP/1.1
User-Agent: selenium/4.4.0 (java windows)
Cache-Control: no-cache
Content-Type: application/json; charset=utf-8
host: localhost:50528
accept: */*

Response DefaultHttpResponse(decodeResult: success, version: HTTP/1.1)
HTTP/1.1 200 OK
Content-Type: application/json; charset=utf-8
cache-control: no-cache
content-length: 38

10:08:24.187 [AsyncHttpClient-1-2] DEBUG org.asynchttpclient.netty.channel.ChannelManager - Adding key: http://localhost:50528 for channel [id: 0x60781551, L:/127.0.0.1:61421 - R:localhost/127.0.0.1:50528]
10:08:24.227 [Test worker] DEBUG net.serenitybdd.core.photography.Darkroom - Opening darkroom
10:08:24.229 [Darkroom Processing Line] DEBUG net.serenitybdd.core.photography.DarkroomProcessingLine - Darkroom processing line starting up
10:08:24.242 [Forwarding getCurrentWindowHandle on session f21e2c352b079595c8ac384ad659b261 to remote] DEBUG org.asynchttpclient.netty.request.NettyRequestSender - Using pooled Channel '[id: 0x60781551, L:/127.0.0.1:61421 - R:localhost/127.0.0.1:50528]' for 'GET' to 'http://localhost:50528/session/f21e2c352b079595c8ac384ad659b261/window'
10:08:24.242 [Forwarding getCurrentWindowHandle on session f21e2c352b079595c8ac384ad659b261 to remote] DEBUG org.asynchttpclient.netty.request.NettyRequestSender - Using open Channel [id: 0x60781551, L:/127.0.0.1:61421 - R:localhost/127.0.0.1:50528] for GET '/session/f21e2c352b079595c8ac384ad659b261/window'
10:08:24.244 [AsyncHttpClient-1-2] DEBUG org.asynchttpclient.netty.handler.HttpHandler - 

Request DefaultFullHttpRequest(decodeResult: success, version: HTTP/1.1, content: EmptyByteBufBE)
GET /session/f21e2c352b079595c8ac384ad659b261/window HTTP/1.1
User-Agent: selenium/4.4.0 (java windows)
Cache-Control: no-cache
Content-Type: application/json; charset=utf-8
host: localhost:50528
accept: */*

Response DefaultHttpResponse(decodeResult: success, version: HTTP/1.1)
HTTP/1.1 200 OK
Content-Type: application/json; charset=utf-8
cache-control: no-cache
content-length: 53

10:08:24.245 [AsyncHttpClient-1-2] DEBUG org.asynchttpclient.netty.channel.ChannelManager - Adding key: http://localhost:50528 for channel [id: 0x60781551, L:/127.0.0.1:61421 - R:localhost/127.0.0.1:50528]
10:08:24.253 [Forwarding getAlertText on session f21e2c352b079595c8ac384ad659b261 to remote] DEBUG org.asynchttpclient.netty.request.NettyRequestSender - Using pooled Channel '[id: 0x60781551, L:/127.0.0.1:61421 - R:localhost/127.0.0.1:50528]' for 'GET' to 'http://localhost:50528/session/f21e2c352b079595c8ac384ad659b261/alert/text'
10:08:24.253 [Forwarding getAlertText on session f21e2c352b079595c8ac384ad659b261 to remote] DEBUG org.asynchttpclient.netty.request.NettyRequestSender - Using open Channel [id: 0x60781551, L:/127.0.0.1:61421 - R:localhost/127.0.0.1:50528] for GET '/session/f21e2c352b079595c8ac384ad659b261/alert/text'
10:08:24.255 [AsyncHttpClient-1-2] DEBUG org.asynchttpclient.netty.handler.HttpHandler - 

Request DefaultFullHttpRequest(decodeResult: success, version: HTTP/1.1, content: EmptyByteBufBE)
GET /session/f21e2c352b079595c8ac384ad659b261/alert/text HTTP/1.1
User-Agent: selenium/4.4.0 (java windows)
Cache-Control: no-cache
Content-Type: application/json; charset=utf-8
host: localhost:50528
accept: */*

Response DefaultHttpResponse(decodeResult: success, version: HTTP/1.1)
HTTP/1.1 404 Not Found
Content-Type: application/json; charset=utf-8
cache-control: no-cache
content-length: 879

10:08:24.256 [AsyncHttpClient-1-2] DEBUG org.asynchttpclient.netty.channel.ChannelManager - Adding key: http://localhost:50528 for channel [id: 0x60781551, L:/127.0.0.1:61421 - R:localhost/127.0.0.1:50528]
10:08:24.268 [Forwarding switchToWindow on session f21e2c352b079595c8ac384ad659b261 to remote] DEBUG org.asynchttpclient.netty.request.NettyRequestSender - Using pooled Channel '[id: 0x60781551, L:/127.0.0.1:61421 - R:localhost/127.0.0.1:50528]' for 'POST' to 'http://localhost:50528/session/f21e2c352b079595c8ac384ad659b261/window'
10:08:24.268 [Forwarding switchToWindow on session f21e2c352b079595c8ac384ad659b261 to remote] DEBUG org.asynchttpclient.netty.request.NettyRequestSender - Using open Channel [id: 0x60781551, L:/127.0.0.1:61421 - R:localhost/127.0.0.1:50528] for POST '/session/f21e2c352b079595c8ac384ad659b261/window'
10:08:24.273 [AsyncHttpClient-1-2] DEBUG org.asynchttpclient.netty.handler.HttpHandler - 

Request DefaultHttpRequest(decodeResult: success, version: HTTP/1.1)
POST /session/f21e2c352b079595c8ac384ad659b261/window HTTP/1.1
User-Agent: selenium/4.4.0 (java windows)
Content-Length: 59
Content-Type: application/json; charset=utf-8
host: localhost:50528
accept: */*

Response DefaultHttpResponse(decodeResult: success, version: HTTP/1.1)
HTTP/1.1 200 OK
Content-Type: application/json; charset=utf-8
cache-control: no-cache
content-length: 14

10:08:24.273 [AsyncHttpClient-1-2] DEBUG org.asynchttpclient.netty.channel.ChannelManager - Adding key: http://localhost:50528 for channel [id: 0x60781551, L:/127.0.0.1:61421 - R:localhost/127.0.0.1:50528]
10:08:24.275 [Forwarding getCurrentUrl on session f21e2c352b079595c8ac384ad659b261 to remote] DEBUG org.asynchttpclient.netty.request.NettyRequestSender - Using pooled Channel '[id: 0x60781551, L:/127.0.0.1:61421 - R:localhost/127.0.0.1:50528]' for 'GET' to 'http://localhost:50528/session/f21e2c352b079595c8ac384ad659b261/url'
10:08:24.276 [Forwarding getCurrentUrl on session f21e2c352b079595c8ac384ad659b261 to remote] DEBUG org.asynchttpclient.netty.request.NettyRequestSender - Using open Channel [id: 0x60781551, L:/127.0.0.1:61421 - R:localhost/127.0.0.1:50528] for GET '/session/f21e2c352b079595c8ac384ad659b261/url'
10:08:24.281 [AsyncHttpClient-1-2] DEBUG org.asynchttpclient.netty.handler.HttpHandler - 

Request DefaultFullHttpRequest(decodeResult: success, version: HTTP/1.1, content: EmptyByteBufBE)
GET /session/f21e2c352b079595c8ac384ad659b261/url HTTP/1.1
User-Agent: selenium/4.4.0 (java windows)
Cache-Control: no-cache
Content-Type: application/json; charset=utf-8
host: localhost:50528
accept: */*

Response DefaultHttpResponse(decodeResult: success, version: HTTP/1.1)
HTTP/1.1 200 OK
Content-Type: application/json; charset=utf-8
cache-control: no-cache
content-length: 38

10:08:24.282 [AsyncHttpClient-1-2] DEBUG org.asynchttpclient.netty.channel.ChannelManager - Adding key: http://localhost:50528 for channel [id: 0x60781551, L:/127.0.0.1:61421 - R:localhost/127.0.0.1:50528]
10:08:24.285 [Forwarding screenshot on session f21e2c352b079595c8ac384ad659b261 to remote] DEBUG org.asynchttpclient.netty.request.NettyRequestSender - Using pooled Channel '[id: 0x60781551, L:/127.0.0.1:61421 - R:localhost/127.0.0.1:50528]' for 'GET' to 'http://localhost:50528/session/f21e2c352b079595c8ac384ad659b261/screenshot'
10:08:24.285 [Forwarding screenshot on session f21e2c352b079595c8ac384ad659b261 to remote] DEBUG org.asynchttpclient.netty.request.NettyRequestSender - Using open Channel [id: 0x60781551, L:/127.0.0.1:61421 - R:localhost/127.0.0.1:50528] for GET '/session/f21e2c352b079595c8ac384ad659b261/screenshot'
10:08:24.371 [AsyncHttpClient-1-2] DEBUG org.asynchttpclient.netty.handler.HttpHandler - 

Request DefaultFullHttpRequest(decodeResult: success, version: HTTP/1.1, content: EmptyByteBufBE)
GET /session/f21e2c352b079595c8ac384ad659b261/screenshot HTTP/1.1
User-Agent: selenium/4.4.0 (java windows)
Cache-Control: no-cache
Content-Type: application/json; charset=utf-8
host: localhost:50528
accept: */*

Response DefaultHttpResponse(decodeResult: success, version: HTTP/1.1)
HTTP/1.1 200 OK
Content-Type: application/json; charset=utf-8
cache-control: no-cache
content-length: 59108

10:08:24.373 [AsyncHttpClient-1-2] DEBUG org.asynchttpclient.netty.channel.ChannelManager - Adding key: http://localhost:50528 for channel [id: 0x60781551, L:/127.0.0.1:61421 - R:localhost/127.0.0.1:50528]
10:08:24.423 [Test worker] DEBUG net.serenitybdd.core.photography.Darkroom - Send negative for processing for C:\Users\juan.gomezv\IdeaProjects\sura\target\site\serenity\60e3c498caf7a8fcf635471a5092c247627e1395d91e12246eaf1a3e7a34e095.png
10:08:24.427 [Test worker] DEBUG net.thucydides.core.steps.StepInterceptor - STEP DONE: {0} opens the #targetPageName
10:08:24.443 [Test worker] DEBUG net.thucydides.core.steps.StepInterceptor - STEP DONE: {0} abre la aplicaciÃ³n
  ?[32mDado ?[0m?[32m?[0m?[32m?[1mAlberto?[0m?[32m quiere consultar articulos deportivos en la web de la marca Swag?[0m ?[90m# sura.stepDefinitions.LoginSteps.albertoQuiereConsultarArticulosDeportivosEnLaWebDeLaMarcaSwag(net.serenitybdd.screenplay.Actor)?[0m
10:08:24.476 [Forwarding getPageSource on session f21e2c352b079595c8ac384ad659b261 to remote] DEBUG org.asynchttpclient.netty.request.NettyRequestSender - Using pooled Channel '[id: 0x60781551, L:/127.0.0.1:61421 - R:localhost/127.0.0.1:50528]' for 'POST' to 'http://localhost:50528/session/f21e2c352b079595c8ac384ad659b261/execute/sync'
10:08:24.476 [Forwarding getPageSource on session f21e2c352b079595c8ac384ad659b261 to remote] DEBUG org.asynchttpclient.netty.request.NettyRequestSender - Using open Channel [id: 0x60781551, L:/127.0.0.1:61421 - R:localhost/127.0.0.1:50528] for POST '/session/f21e2c352b079595c8ac384ad659b261/execute/sync'
10:08:24.482 [AsyncHttpClient-1-2] DEBUG org.asynchttpclient.netty.handler.HttpHandler - 

Request DefaultHttpRequest(decodeResult: success, version: HTTP/1.1)
POST /session/f21e2c352b079595c8ac384ad659b261/execute/sync HTTP/1.1
User-Agent: selenium/4.4.0 (java windows)
Content-Length: 176
Content-Type: application/json; charset=utf-8
host: localhost:50528
accept: */*

Response DefaultHttpResponse(decodeResult: success, version: HTTP/1.1)
HTTP/1.1 200 OK
Content-Type: application/json; charset=utf-8
cache-control: no-cache
content-length: 4160

10:08:24.482 [AsyncHttpClient-1-2] DEBUG org.asynchttpclient.netty.channel.ChannelManager - Adding key: http://localhost:50528 for channel [id: 0x60781551, L:/127.0.0.1:61421 - R:localhost/127.0.0.1:50528]
10:08:24.542 [Forwarding getCurrentUrl on session f21e2c352b079595c8ac384ad659b261 to remote] DEBUG org.asynchttpclient.netty.request.NettyRequestSender - Using pooled Channel '[id: 0x60781551, L:/127.0.0.1:61421 - R:localhost/127.0.0.1:50528]' for 'GET' to 'http://localhost:50528/session/f21e2c352b079595c8ac384ad659b261/url'
10:08:24.542 [Forwarding getCurrentUrl on session f21e2c352b079595c8ac384ad659b261 to remote] DEBUG org.asynchttpclient.netty.request.NettyRequestSender - Using open Channel [id: 0x60781551, L:/127.0.0.1:61421 - R:localhost/127.0.0.1:50528] for GET '/session/f21e2c352b079595c8ac384ad659b261/url'
10:08:24.545 [AsyncHttpClient-1-2] DEBUG org.asynchttpclient.netty.handler.HttpHandler - 

Request DefaultFullHttpRequest(decodeResult: success, version: HTTP/1.1, content: EmptyByteBufBE)
GET /session/f21e2c352b079595c8ac384ad659b261/url HTTP/1.1
User-Agent: selenium/4.4.0 (java windows)
Cache-Control: no-cache
Content-Type: application/json; charset=utf-8
host: localhost:50528
accept: */*

Response DefaultHttpResponse(decodeResult: success, version: HTTP/1.1)
HTTP/1.1 200 OK
Content-Type: application/json; charset=utf-8
cache-control: no-cache
content-length: 38

10:08:24.545 [AsyncHttpClient-1-2] DEBUG org.asynchttpclient.netty.channel.ChannelManager - Adding key: http://localhost:50528 for channel [id: 0x60781551, L:/127.0.0.1:61421 - R:localhost/127.0.0.1:50528]
10:08:24.566 [Forwarding getCurrentWindowHandle on session f21e2c352b079595c8ac384ad659b261 to remote] DEBUG org.asynchttpclient.netty.request.NettyRequestSender - Using pooled Channel '[id: 0x60781551, L:/127.0.0.1:61421 - R:localhost/127.0.0.1:50528]' for 'GET' to 'http://localhost:50528/session/f21e2c352b079595c8ac384ad659b261/window'
10:08:24.566 [Forwarding getCurrentWindowHandle on session f21e2c352b079595c8ac384ad659b261 to remote] DEBUG org.asynchttpclient.netty.request.NettyRequestSender - Using open Channel [id: 0x60781551, L:/127.0.0.1:61421 - R:localhost/127.0.0.1:50528] for GET '/session/f21e2c352b079595c8ac384ad659b261/window'
10:08:24.567 [AsyncHttpClient-1-2] DEBUG org.asynchttpclient.netty.handler.HttpHandler - 

Request DefaultFullHttpRequest(decodeResult: success, version: HTTP/1.1, content: EmptyByteBufBE)
GET /session/f21e2c352b079595c8ac384ad659b261/window HTTP/1.1
User-Agent: selenium/4.4.0 (java windows)
Cache-Control: no-cache
Content-Type: application/json; charset=utf-8
host: localhost:50528
accept: */*

Response DefaultHttpResponse(decodeResult: success, version: HTTP/1.1)
HTTP/1.1 200 OK
Content-Type: application/json; charset=utf-8
cache-control: no-cache
content-length: 53

10:08:24.567 [AsyncHttpClient-1-2] DEBUG org.asynchttpclient.netty.channel.ChannelManager - Adding key: http://localhost:50528 for channel [id: 0x60781551, L:/127.0.0.1:61421 - R:localhost/127.0.0.1:50528]
10:08:24.572 [Forwarding getAlertText on session f21e2c352b079595c8ac384ad659b261 to remote] DEBUG org.asynchttpclient.netty.request.NettyRequestSender - Using pooled Channel '[id: 0x60781551, L:/127.0.0.1:61421 - R:localhost/127.0.0.1:50528]' for 'GET' to 'http://localhost:50528/session/f21e2c352b079595c8ac384ad659b261/alert/text'
10:08:24.572 [Forwarding getAlertText on session f21e2c352b079595c8ac384ad659b261 to remote] DEBUG org.asynchttpclient.netty.request.NettyRequestSender - Using open Channel [id: 0x60781551, L:/127.0.0.1:61421 - R:localhost/127.0.0.1:50528] for GET '/session/f21e2c352b079595c8ac384ad659b261/alert/text'
10:08:24.574 [AsyncHttpClient-1-2] DEBUG org.asynchttpclient.netty.handler.HttpHandler - 

Request DefaultFullHttpRequest(decodeResult: success, version: HTTP/1.1, content: EmptyByteBufBE)
GET /session/f21e2c352b079595c8ac384ad659b261/alert/text HTTP/1.1
User-Agent: selenium/4.4.0 (java windows)
Cache-Control: no-cache
Content-Type: application/json; charset=utf-8
host: localhost:50528
accept: */*

Response DefaultHttpResponse(decodeResult: success, version: HTTP/1.1)
HTTP/1.1 404 Not Found
Content-Type: application/json; charset=utf-8
cache-control: no-cache
content-length: 879

10:08:24.574 [AsyncHttpClient-1-2] DEBUG org.asynchttpclient.netty.channel.ChannelManager - Adding key: http://localhost:50528 for channel [id: 0x60781551, L:/127.0.0.1:61421 - R:localhost/127.0.0.1:50528]
10:08:24.579 [Forwarding switchToWindow on session f21e2c352b079595c8ac384ad659b261 to remote] DEBUG org.asynchttpclient.netty.request.NettyRequestSender - Using pooled Channel '[id: 0x60781551, L:/127.0.0.1:61421 - R:localhost/127.0.0.1:50528]' for 'POST' to 'http://localhost:50528/session/f21e2c352b079595c8ac384ad659b261/window'
10:08:24.579 [Forwarding switchToWindow on session f21e2c352b079595c8ac384ad659b261 to remote] DEBUG org.asynchttpclient.netty.request.NettyRequestSender - Using open Channel [id: 0x60781551, L:/127.0.0.1:61421 - R:localhost/127.0.0.1:50528] for POST '/session/f21e2c352b079595c8ac384ad659b261/window'
10:08:24.581 [AsyncHttpClient-1-2] DEBUG org.asynchttpclient.netty.handler.HttpHandler - 

Request DefaultHttpRequest(decodeResult: success, version: HTTP/1.1)
POST /session/f21e2c352b079595c8ac384ad659b261/window HTTP/1.1
User-Agent: selenium/4.4.0 (java windows)
Content-Length: 59
Content-Type: application/json; charset=utf-8
host: localhost:50528
accept: */*

Response DefaultHttpResponse(decodeResult: success, version: HTTP/1.1)
HTTP/1.1 200 OK
Content-Type: application/json; charset=utf-8
cache-control: no-cache
content-length: 14

10:08:24.581 [AsyncHttpClient-1-2] DEBUG org.asynchttpclient.netty.channel.ChannelManager - Adding key: http://localhost:50528 for channel [id: 0x60781551, L:/127.0.0.1:61421 - R:localhost/127.0.0.1:50528]
10:08:24.583 [Forwarding getCurrentUrl on session f21e2c352b079595c8ac384ad659b261 to remote] DEBUG org.asynchttpclient.netty.request.NettyRequestSender - Using pooled Channel '[id: 0x60781551, L:/127.0.0.1:61421 - R:localhost/127.0.0.1:50528]' for 'GET' to 'http://localhost:50528/session/f21e2c352b079595c8ac384ad659b261/url'
10:08:24.583 [Forwarding getCurrentUrl on session f21e2c352b079595c8ac384ad659b261 to remote] DEBUG org.asynchttpclient.netty.request.NettyRequestSender - Using open Channel [id: 0x60781551, L:/127.0.0.1:61421 - R:localhost/127.0.0.1:50528] for GET '/session/f21e2c352b079595c8ac384ad659b261/url'
10:08:24.586 [AsyncHttpClient-1-2] DEBUG org.asynchttpclient.netty.handler.HttpHandler - 

Request DefaultFullHttpRequest(decodeResult: success, version: HTTP/1.1, content: EmptyByteBufBE)
GET /session/f21e2c352b079595c8ac384ad659b261/url HTTP/1.1
User-Agent: selenium/4.4.0 (java windows)
Cache-Control: no-cache
Content-Type: application/json; charset=utf-8
host: localhost:50528
accept: */*

Response DefaultHttpResponse(decodeResult: success, version: HTTP/1.1)
HTTP/1.1 200 OK
Content-Type: application/json; charset=utf-8
cache-control: no-cache
content-length: 38

10:08:24.586 [AsyncHttpClient-1-2] DEBUG org.asynchttpclient.netty.channel.ChannelManager - Adding key: http://localhost:50528 for channel [id: 0x60781551, L:/127.0.0.1:61421 - R:localhost/127.0.0.1:50528]
10:08:24.588 [Forwarding screenshot on session f21e2c352b079595c8ac384ad659b261 to remote] DEBUG org.asynchttpclient.netty.request.NettyRequestSender - Using pooled Channel '[id: 0x60781551, L:/127.0.0.1:61421 - R:localhost/127.0.0.1:50528]' for 'GET' to 'http://localhost:50528/session/f21e2c352b079595c8ac384ad659b261/screenshot'
10:08:24.588 [Forwarding screenshot on session f21e2c352b079595c8ac384ad659b261 to remote] DEBUG org.asynchttpclient.netty.request.NettyRequestSender - Using open Channel [id: 0x60781551, L:/127.0.0.1:61421 - R:localhost/127.0.0.1:50528] for GET '/session/f21e2c352b079595c8ac384ad659b261/screenshot'
10:08:24.674 [AsyncHttpClient-1-2] DEBUG org.asynchttpclient.netty.handler.HttpHandler - 

Request DefaultFullHttpRequest(decodeResult: success, version: HTTP/1.1, content: EmptyByteBufBE)
GET /session/f21e2c352b079595c8ac384ad659b261/screenshot HTTP/1.1
User-Agent: selenium/4.4.0 (java windows)
Cache-Control: no-cache
Content-Type: application/json; charset=utf-8
host: localhost:50528
accept: */*

Response DefaultHttpResponse(decodeResult: success, version: HTTP/1.1)
HTTP/1.1 200 OK
Content-Type: application/json; charset=utf-8
cache-control: no-cache
content-length: 59108

10:08:24.675 [AsyncHttpClient-1-2] DEBUG org.asynchttpclient.netty.channel.ChannelManager - Adding key: http://localhost:50528 for channel [id: 0x60781551, L:/127.0.0.1:61421 - R:localhost/127.0.0.1:50528]
10:08:24.680 [Test worker] DEBUG net.serenitybdd.core.photography.Darkroom - Send negative for processing for C:\Users\juan.gomezv\IdeaProjects\sura\target\site\serenity\60e3c498caf7a8fcf635471a5092c247627e1395d91e12246eaf1a3e7a34e095.png
10:08:24.686 [Forwarding getPageSource on session f21e2c352b079595c8ac384ad659b261 to remote] DEBUG org.asynchttpclient.netty.request.NettyRequestSender - Using pooled Channel '[id: 0x60781551, L:/127.0.0.1:61421 - R:localhost/127.0.0.1:50528]' for 'POST' to 'http://localhost:50528/session/f21e2c352b079595c8ac384ad659b261/execute/sync'
10:08:24.686 [Forwarding getPageSource on session f21e2c352b079595c8ac384ad659b261 to remote] DEBUG org.asynchttpclient.netty.request.NettyRequestSender - Using open Channel [id: 0x60781551, L:/127.0.0.1:61421 - R:localhost/127.0.0.1:50528] for POST '/session/f21e2c352b079595c8ac384ad659b261/execute/sync'
10:08:24.691 [AsyncHttpClient-1-2] DEBUG org.asynchttpclient.netty.handler.HttpHandler - 

Request DefaultHttpRequest(decodeResult: success, version: HTTP/1.1)
POST /session/f21e2c352b079595c8ac384ad659b261/execute/sync HTTP/1.1
User-Agent: selenium/4.4.0 (java windows)
Content-Length: 176
Content-Type: application/json; charset=utf-8
host: localhost:50528
accept: */*

Response DefaultHttpResponse(decodeResult: success, version: HTTP/1.1)
HTTP/1.1 200 OK
Content-Type: application/json; charset=utf-8
cache-control: no-cache
content-length: 4160

10:08:24.691 [AsyncHttpClient-1-2] DEBUG org.asynchttpclient.netty.channel.ChannelManager - Adding key: http://localhost:50528 for channel [id: 0x60781551, L:/127.0.0.1:61421 - R:localhost/127.0.0.1:50528]
10:08:24.693 [Forwarding getCurrentUrl on session f21e2c352b079595c8ac384ad659b261 to remote] DEBUG org.asynchttpclient.netty.request.NettyRequestSender - Using pooled Channel '[id: 0x60781551, L:/127.0.0.1:61421 - R:localhost/127.0.0.1:50528]' for 'GET' to 'http://localhost:50528/session/f21e2c352b079595c8ac384ad659b261/url'
10:08:24.693 [Forwarding getCurrentUrl on session f21e2c352b079595c8ac384ad659b261 to remote] DEBUG org.asynchttpclient.netty.request.NettyRequestSender - Using open Channel [id: 0x60781551, L:/127.0.0.1:61421 - R:localhost/127.0.0.1:50528] for GET '/session/f21e2c352b079595c8ac384ad659b261/url'
10:08:24.696 [AsyncHttpClient-1-2] DEBUG org.asynchttpclient.netty.handler.HttpHandler - 

Request DefaultFullHttpRequest(decodeResult: success, version: HTTP/1.1, content: EmptyByteBufBE)
GET /session/f21e2c352b079595c8ac384ad659b261/url HTTP/1.1
User-Agent: selenium/4.4.0 (java windows)
Cache-Control: no-cache
Content-Type: application/json; charset=utf-8
host: localhost:50528
accept: */*

Response DefaultHttpResponse(decodeResult: success, version: HTTP/1.1)
HTTP/1.1 200 OK
Content-Type: application/json; charset=utf-8
cache-control: no-cache
content-length: 38

10:08:24.696 [AsyncHttpClient-1-2] DEBUG org.asynchttpclient.netty.channel.ChannelManager - Adding key: http://localhost:50528 for channel [id: 0x60781551, L:/127.0.0.1:61421 - R:localhost/127.0.0.1:50528]
10:08:24.698 [Test worker] DEBUG net.thucydides.core.steps.StepInterceptor - STARTING STEP: LoginSteps.elSeAutenticaComoUnUsuario - performAs
10:08:24.752 [Forwarding getCurrentWindowHandle on session f21e2c352b079595c8ac384ad659b261 to remote] DEBUG org.asynchttpclient.netty.request.NettyRequestSender - Using pooled Channel '[id: 0x60781551, L:/127.0.0.1:61421 - R:localhost/127.0.0.1:50528]' for 'GET' to 'http://localhost:50528/session/f21e2c352b079595c8ac384ad659b261/window'
10:08:24.752 [Forwarding getCurrentWindowHandle on session f21e2c352b079595c8ac384ad659b261 to remote] DEBUG org.asynchttpclient.netty.request.NettyRequestSender - Using open Channel [id: 0x60781551, L:/127.0.0.1:61421 - R:localhost/127.0.0.1:50528] for GET '/session/f21e2c352b079595c8ac384ad659b261/window'
10:08:24.754 [AsyncHttpClient-1-2] DEBUG org.asynchttpclient.netty.handler.HttpHandler - 

Request DefaultFullHttpRequest(decodeResult: success, version: HTTP/1.1, content: EmptyByteBufBE)
GET /session/f21e2c352b079595c8ac384ad659b261/window HTTP/1.1
User-Agent: selenium/4.4.0 (java windows)
Cache-Control: no-cache
Content-Type: application/json; charset=utf-8
host: localhost:50528
accept: */*

Response DefaultHttpResponse(decodeResult: success, version: HTTP/1.1)
HTTP/1.1 200 OK
Content-Type: application/json; charset=utf-8
cache-control: no-cache
content-length: 53

10:08:24.754 [AsyncHttpClient-1-2] DEBUG org.asynchttpclient.netty.channel.ChannelManager - Adding key: http://localhost:50528 for channel [id: 0x60781551, L:/127.0.0.1:61421 - R:localhost/127.0.0.1:50528]
10:08:24.760 [Forwarding getAlertText on session f21e2c352b079595c8ac384ad659b261 to remote] DEBUG org.asynchttpclient.netty.request.NettyRequestSender - Using pooled Channel '[id: 0x60781551, L:/127.0.0.1:61421 - R:localhost/127.0.0.1:50528]' for 'GET' to 'http://localhost:50528/session/f21e2c352b079595c8ac384ad659b261/alert/text'
10:08:24.760 [Forwarding getAlertText on session f21e2c352b079595c8ac384ad659b261 to remote] DEBUG org.asynchttpclient.netty.request.NettyRequestSender - Using open Channel [id: 0x60781551, L:/127.0.0.1:61421 - R:localhost/127.0.0.1:50528] for GET '/session/f21e2c352b079595c8ac384ad659b261/alert/text'
10:08:24.762 [AsyncHttpClient-1-2] DEBUG org.asynchttpclient.netty.handler.HttpHandler - 

Request DefaultFullHttpRequest(decodeResult: success, version: HTTP/1.1, content: EmptyByteBufBE)
GET /session/f21e2c352b079595c8ac384ad659b261/alert/text HTTP/1.1
User-Agent: selenium/4.4.0 (java windows)
Cache-Control: no-cache
Content-Type: application/json; charset=utf-8
host: localhost:50528
accept: */*

Response DefaultHttpResponse(decodeResult: success, version: HTTP/1.1)
HTTP/1.1 404 Not Found
Content-Type: application/json; charset=utf-8
cache-control: no-cache
content-length: 879

10:08:24.762 [AsyncHttpClient-1-2] DEBUG org.asynchttpclient.netty.channel.ChannelManager - Adding key: http://localhost:50528 for channel [id: 0x60781551, L:/127.0.0.1:61421 - R:localhost/127.0.0.1:50528]
10:08:24.768 [Forwarding switchToWindow on session f21e2c352b079595c8ac384ad659b261 to remote] DEBUG org.asynchttpclient.netty.request.NettyRequestSender - Using pooled Channel '[id: 0x60781551, L:/127.0.0.1:61421 - R:localhost/127.0.0.1:50528]' for 'POST' to 'http://localhost:50528/session/f21e2c352b079595c8ac384ad659b261/window'
10:08:24.768 [Forwarding switchToWindow on session f21e2c352b079595c8ac384ad659b261 to remote] DEBUG org.asynchttpclient.netty.request.NettyRequestSender - Using open Channel [id: 0x60781551, L:/127.0.0.1:61421 - R:localhost/127.0.0.1:50528] for POST '/session/f21e2c352b079595c8ac384ad659b261/window'
10:08:24.772 [AsyncHttpClient-1-2] DEBUG org.asynchttpclient.netty.handler.HttpHandler - 

Request DefaultHttpRequest(decodeResult: success, version: HTTP/1.1)
POST /session/f21e2c352b079595c8ac384ad659b261/window HTTP/1.1
User-Agent: selenium/4.4.0 (java windows)
Content-Length: 59
Content-Type: application/json; charset=utf-8
host: localhost:50528
accept: */*

Response DefaultHttpResponse(decodeResult: success, version: HTTP/1.1)
HTTP/1.1 200 OK
Content-Type: application/json; charset=utf-8
cache-control: no-cache
content-length: 14

10:08:24.773 [AsyncHttpClient-1-2] DEBUG org.asynchttpclient.netty.channel.ChannelManager - Adding key: http://localhost:50528 for channel [id: 0x60781551, L:/127.0.0.1:61421 - R:localhost/127.0.0.1:50528]
10:08:24.774 [Forwarding getCurrentUrl on session f21e2c352b079595c8ac384ad659b261 to remote] DEBUG org.asynchttpclient.netty.request.NettyRequestSender - Using pooled Channel '[id: 0x60781551, L:/127.0.0.1:61421 - R:localhost/127.0.0.1:50528]' for 'GET' to 'http://localhost:50528/session/f21e2c352b079595c8ac384ad659b261/url'
10:08:24.774 [Forwarding getCurrentUrl on session f21e2c352b079595c8ac384ad659b261 to remote] DEBUG org.asynchttpclient.netty.request.NettyRequestSender - Using open Channel [id: 0x60781551, L:/127.0.0.1:61421 - R:localhost/127.0.0.1:50528] for GET '/session/f21e2c352b079595c8ac384ad659b261/url'
10:08:24.777 [AsyncHttpClient-1-2] DEBUG org.asynchttpclient.netty.handler.HttpHandler - 

Request DefaultFullHttpRequest(decodeResult: success, version: HTTP/1.1, content: EmptyByteBufBE)
GET /session/f21e2c352b079595c8ac384ad659b261/url HTTP/1.1
User-Agent: selenium/4.4.0 (java windows)
Cache-Control: no-cache
Content-Type: application/json; charset=utf-8
host: localhost:50528
accept: */*

Response DefaultHttpResponse(decodeResult: success, version: HTTP/1.1)
HTTP/1.1 200 OK
Content-Type: application/json; charset=utf-8
cache-control: no-cache
content-length: 38

10:08:24.778 [AsyncHttpClient-1-2] DEBUG org.asynchttpclient.netty.channel.ChannelManager - Adding key: http://localhost:50528 for channel [id: 0x60781551, L:/127.0.0.1:61421 - R:localhost/127.0.0.1:50528]
10:08:24.779 [Forwarding screenshot on session f21e2c352b079595c8ac384ad659b261 to remote] DEBUG org.asynchttpclient.netty.request.NettyRequestSender - Using pooled Channel '[id: 0x60781551, L:/127.0.0.1:61421 - R:localhost/127.0.0.1:50528]' for 'GET' to 'http://localhost:50528/session/f21e2c352b079595c8ac384ad659b261/screenshot'
10:08:24.779 [Forwarding screenshot on session f21e2c352b079595c8ac384ad659b261 to remote] DEBUG org.asynchttpclient.netty.request.NettyRequestSender - Using open Channel [id: 0x60781551, L:/127.0.0.1:61421 - R:localhost/127.0.0.1:50528] for GET '/session/f21e2c352b079595c8ac384ad659b261/screenshot'
10:08:24.855 [AsyncHttpClient-1-2] DEBUG org.asynchttpclient.netty.handler.HttpHandler - 

Request DefaultFullHttpRequest(decodeResult: success, version: HTTP/1.1, content: EmptyByteBufBE)
GET /session/f21e2c352b079595c8ac384ad659b261/screenshot HTTP/1.1
User-Agent: selenium/4.4.0 (java windows)
Cache-Control: no-cache
Content-Type: application/json; charset=utf-8
host: localhost:50528
accept: */*

Response DefaultHttpResponse(decodeResult: success, version: HTTP/1.1)
HTTP/1.1 200 OK
Content-Type: application/json; charset=utf-8
cache-control: no-cache
content-length: 59108

10:08:24.856 [AsyncHttpClient-1-2] DEBUG org.asynchttpclient.netty.channel.ChannelManager - Adding key: http://localhost:50528 for channel [id: 0x60781551, L:/127.0.0.1:61421 - R:localhost/127.0.0.1:50528]
10:08:24.858 [Test worker] DEBUG net.serenitybdd.core.photography.Darkroom - Send negative for processing for C:\Users\juan.gomezv\IdeaProjects\sura\target\site\serenity\60e3c498caf7a8fcf635471a5092c247627e1395d91e12246eaf1a3e7a34e095.png
10:08:24.862 [Forwarding getPageSource on session f21e2c352b079595c8ac384ad659b261 to remote] DEBUG org.asynchttpclient.netty.request.NettyRequestSender - Using pooled Channel '[id: 0x60781551, L:/127.0.0.1:61421 - R:localhost/127.0.0.1:50528]' for 'POST' to 'http://localhost:50528/session/f21e2c352b079595c8ac384ad659b261/execute/sync'
10:08:24.862 [Forwarding getPageSource on session f21e2c352b079595c8ac384ad659b261 to remote] DEBUG org.asynchttpclient.netty.request.NettyRequestSender - Using open Channel [id: 0x60781551, L:/127.0.0.1:61421 - R:localhost/127.0.0.1:50528] for POST '/session/f21e2c352b079595c8ac384ad659b261/execute/sync'
10:08:24.866 [AsyncHttpClient-1-2] DEBUG org.asynchttpclient.netty.handler.HttpHandler - 

Request DefaultHttpRequest(decodeResult: success, version: HTTP/1.1)
POST /session/f21e2c352b079595c8ac384ad659b261/execute/sync HTTP/1.1
User-Agent: selenium/4.4.0 (java windows)
Content-Length: 176
Content-Type: application/json; charset=utf-8
host: localhost:50528
accept: */*

Response DefaultHttpResponse(decodeResult: success, version: HTTP/1.1)
HTTP/1.1 200 OK
Content-Type: application/json; charset=utf-8
cache-control: no-cache
content-length: 4160

10:08:24.866 [AsyncHttpClient-1-2] DEBUG org.asynchttpclient.netty.channel.ChannelManager - Adding key: http://localhost:50528 for channel [id: 0x60781551, L:/127.0.0.1:61421 - R:localhost/127.0.0.1:50528]
10:08:24.868 [Forwarding getCurrentUrl on session f21e2c352b079595c8ac384ad659b261 to remote] DEBUG org.asynchttpclient.netty.request.NettyRequestSender - Using pooled Channel '[id: 0x60781551, L:/127.0.0.1:61421 - R:localhost/127.0.0.1:50528]' for 'GET' to 'http://localhost:50528/session/f21e2c352b079595c8ac384ad659b261/url'
10:08:24.869 [Forwarding getCurrentUrl on session f21e2c352b079595c8ac384ad659b261 to remote] DEBUG org.asynchttpclient.netty.request.NettyRequestSender - Using open Channel [id: 0x60781551, L:/127.0.0.1:61421 - R:localhost/127.0.0.1:50528] for GET '/session/f21e2c352b079595c8ac384ad659b261/url'
10:08:24.872 [AsyncHttpClient-1-2] DEBUG org.asynchttpclient.netty.handler.HttpHandler - 

Request DefaultFullHttpRequest(decodeResult: success, version: HTTP/1.1, content: EmptyByteBufBE)
GET /session/f21e2c352b079595c8ac384ad659b261/url HTTP/1.1
User-Agent: selenium/4.4.0 (java windows)
Cache-Control: no-cache
Content-Type: application/json; charset=utf-8
host: localhost:50528
accept: */*

Response DefaultHttpResponse(decodeResult: success, version: HTTP/1.1)
HTTP/1.1 200 OK
Content-Type: application/json; charset=utf-8
cache-control: no-cache
content-length: 38

10:08:24.872 [AsyncHttpClient-1-2] DEBUG org.asynchttpclient.netty.channel.ChannelManager - Adding key: http://localhost:50528 for channel [id: 0x60781551, L:/127.0.0.1:61421 - R:localhost/127.0.0.1:50528]
10:08:24.874 [Test worker] DEBUG net.thucydides.core.steps.StepInterceptor - STARTING STEP: LogIn.performAs - {0} enters #theTextAsAString into #target
10:08:24.910 [Test worker] DEBUG net.serenitybdd.screenplay.targets.IFrameSwitcher - default content already selected for UsernameTextBox
10:08:24.942 [Forwarding findElement on session f21e2c352b079595c8ac384ad659b261 to remote] DEBUG org.asynchttpclient.netty.request.NettyRequestSender - Using pooled Channel '[id: 0x60781551, L:/127.0.0.1:61421 - R:localhost/127.0.0.1:50528]' for 'POST' to 'http://localhost:50528/session/f21e2c352b079595c8ac384ad659b261/element'
10:08:24.942 [Forwarding findElement on session f21e2c352b079595c8ac384ad659b261 to remote] DEBUG org.asynchttpclient.netty.request.NettyRequestSender - Using open Channel [id: 0x60781551, L:/127.0.0.1:61421 - R:localhost/127.0.0.1:50528] for POST '/session/f21e2c352b079595c8ac384ad659b261/element'
10:08:24.950 [AsyncHttpClient-1-2] DEBUG org.asynchttpclient.netty.handler.HttpHandler - 

Request DefaultHttpRequest(decodeResult: success, version: HTTP/1.1)
POST /session/f21e2c352b079595c8ac384ad659b261/element HTTP/1.1
User-Agent: selenium/4.4.0 (java windows)
Content-Length: 67
Content-Type: application/json; charset=utf-8
host: localhost:50528
accept: */*

Response DefaultHttpResponse(decodeResult: success, version: HTTP/1.1)
HTTP/1.1 200 OK
Content-Type: application/json; charset=utf-8
cache-control: no-cache
content-length: 88

10:08:24.950 [AsyncHttpClient-1-2] DEBUG org.asynchttpclient.netty.channel.ChannelManager - Adding key: http://localhost:50528 for channel [id: 0x60781551, L:/127.0.0.1:61421 - R:localhost/127.0.0.1:50528]
10:08:24.952 [Forwarding clearElement on session f21e2c352b079595c8ac384ad659b261 to remote] DEBUG org.asynchttpclient.netty.request.NettyRequestSender - Using pooled Channel '[id: 0x60781551, L:/127.0.0.1:61421 - R:localhost/127.0.0.1:50528]' for 'POST' to 'http://localhost:50528/session/f21e2c352b079595c8ac384ad659b261/element/c2c84fb5-e0f7-417e-a95e-00d1a6e22725/clear'
10:08:24.952 [Forwarding clearElement on session f21e2c352b079595c8ac384ad659b261 to remote] DEBUG org.asynchttpclient.netty.request.NettyRequestSender - Using open Channel [id: 0x60781551, L:/127.0.0.1:61421 - R:localhost/127.0.0.1:50528] for POST '/session/f21e2c352b079595c8ac384ad659b261/element/c2c84fb5-e0f7-417e-a95e-00d1a6e22725/clear'
10:08:24.975 [AsyncHttpClient-1-2] DEBUG org.asynchttpclient.netty.handler.HttpHandler - 

Request DefaultHttpRequest(decodeResult: success, version: HTTP/1.1)
POST /session/f21e2c352b079595c8ac384ad659b261/element/c2c84fb5-e0f7-417e-a95e-00d1a6e22725/clear HTTP/1.1
User-Agent: selenium/4.4.0 (java windows)
Content-Length: 50
Content-Type: application/json; charset=utf-8
host: localhost:50528
accept: */*

Response DefaultHttpResponse(decodeResult: success, version: HTTP/1.1)
HTTP/1.1 200 OK
Content-Type: application/json; charset=utf-8
cache-control: no-cache
content-length: 14

10:08:24.975 [AsyncHttpClient-1-2] DEBUG org.asynchttpclient.netty.channel.ChannelManager - Adding key: http://localhost:50528 for channel [id: 0x60781551, L:/127.0.0.1:61421 - R:localhost/127.0.0.1:50528]
10:08:24.980 [Forwarding sendKeysToElement on session f21e2c352b079595c8ac384ad659b261 to remote] DEBUG org.asynchttpclient.netty.request.NettyRequestSender - Using pooled Channel '[id: 0x60781551, L:/127.0.0.1:61421 - R:localhost/127.0.0.1:50528]' for 'POST' to 'http://localhost:50528/session/f21e2c352b079595c8ac384ad659b261/element/c2c84fb5-e0f7-417e-a95e-00d1a6e22725/value'
10:08:24.980 [Forwarding sendKeysToElement on session f21e2c352b079595c8ac384ad659b261 to remote] DEBUG org.asynchttpclient.netty.request.NettyRequestSender - Using open Channel [id: 0x60781551, L:/127.0.0.1:61421 - R:localhost/127.0.0.1:50528] for POST '/session/f21e2c352b079595c8ac384ad659b261/element/c2c84fb5-e0f7-417e-a95e-00d1a6e22725/value'
10:08:25.029 [AsyncHttpClient-1-2] DEBUG org.asynchttpclient.netty.handler.HttpHandler - 

Request DefaultHttpRequest(decodeResult: success, version: HTTP/1.1)
POST /session/f21e2c352b079595c8ac384ad659b261/element/c2c84fb5-e0f7-417e-a95e-00d1a6e22725/value HTTP/1.1
User-Agent: selenium/4.4.0 (java windows)
Content-Length: 211
Content-Type: application/json; charset=utf-8
host: localhost:50528
accept: */*

Response DefaultHttpResponse(decodeResult: success, version: HTTP/1.1)
HTTP/1.1 200 OK
Content-Type: application/json; charset=utf-8
cache-control: no-cache
content-length: 14

10:08:25.030 [AsyncHttpClient-1-2] DEBUG org.asynchttpclient.netty.channel.ChannelManager - Adding key: http://localhost:50528 for channel [id: 0x60781551, L:/127.0.0.1:61421 - R:localhost/127.0.0.1:50528]
10:08:25.047 [Forwarding getCurrentWindowHandle on session f21e2c352b079595c8ac384ad659b261 to remote] DEBUG org.asynchttpclient.netty.request.NettyRequestSender - Using pooled Channel '[id: 0x60781551, L:/127.0.0.1:61421 - R:localhost/127.0.0.1:50528]' for 'GET' to 'http://localhost:50528/session/f21e2c352b079595c8ac384ad659b261/window'
10:08:25.047 [Forwarding getCurrentWindowHandle on session f21e2c352b079595c8ac384ad659b261 to remote] DEBUG org.asynchttpclient.netty.request.NettyRequestSender - Using open Channel [id: 0x60781551, L:/127.0.0.1:61421 - R:localhost/127.0.0.1:50528] for GET '/session/f21e2c352b079595c8ac384ad659b261/window'
10:08:25.048 [AsyncHttpClient-1-2] DEBUG org.asynchttpclient.netty.handler.HttpHandler - 

Request DefaultFullHttpRequest(decodeResult: success, version: HTTP/1.1, content: EmptyByteBufBE)
GET /session/f21e2c352b079595c8ac384ad659b261/window HTTP/1.1
User-Agent: selenium/4.4.0 (java windows)
Cache-Control: no-cache
Content-Type: application/json; charset=utf-8
host: localhost:50528
accept: */*

Response DefaultHttpResponse(decodeResult: success, version: HTTP/1.1)
HTTP/1.1 200 OK
Content-Type: application/json; charset=utf-8
cache-control: no-cache
content-length: 53

10:08:25.049 [AsyncHttpClient-1-2] DEBUG org.asynchttpclient.netty.channel.ChannelManager - Adding key: http://localhost:50528 for channel [id: 0x60781551, L:/127.0.0.1:61421 - R:localhost/127.0.0.1:50528]
10:08:25.054 [Forwarding getAlertText on session f21e2c352b079595c8ac384ad659b261 to remote] DEBUG org.asynchttpclient.netty.request.NettyRequestSender - Using pooled Channel '[id: 0x60781551, L:/127.0.0.1:61421 - R:localhost/127.0.0.1:50528]' for 'GET' to 'http://localhost:50528/session/f21e2c352b079595c8ac384ad659b261/alert/text'
10:08:25.054 [Forwarding getAlertText on session f21e2c352b079595c8ac384ad659b261 to remote] DEBUG org.asynchttpclient.netty.request.NettyRequestSender - Using open Channel [id: 0x60781551, L:/127.0.0.1:61421 - R:localhost/127.0.0.1:50528] for GET '/session/f21e2c352b079595c8ac384ad659b261/alert/text'
10:08:25.057 [AsyncHttpClient-1-2] DEBUG org.asynchttpclient.netty.handler.HttpHandler - 

Request DefaultFullHttpRequest(decodeResult: success, version: HTTP/1.1, content: EmptyByteBufBE)
GET /session/f21e2c352b079595c8ac384ad659b261/alert/text HTTP/1.1
User-Agent: selenium/4.4.0 (java windows)
Cache-Control: no-cache
Content-Type: application/json; charset=utf-8
host: localhost:50528
accept: */*

Response DefaultHttpResponse(decodeResult: success, version: HTTP/1.1)
HTTP/1.1 404 Not Found
Content-Type: application/json; charset=utf-8
cache-control: no-cache
content-length: 879

10:08:25.057 [AsyncHttpClient-1-2] DEBUG org.asynchttpclient.netty.channel.ChannelManager - Adding key: http://localhost:50528 for channel [id: 0x60781551, L:/127.0.0.1:61421 - R:localhost/127.0.0.1:50528]
10:08:25.063 [Forwarding switchToWindow on session f21e2c352b079595c8ac384ad659b261 to remote] DEBUG org.asynchttpclient.netty.request.NettyRequestSender - Using pooled Channel '[id: 0x60781551, L:/127.0.0.1:61421 - R:localhost/127.0.0.1:50528]' for 'POST' to 'http://localhost:50528/session/f21e2c352b079595c8ac384ad659b261/window'
10:08:25.063 [Forwarding switchToWindow on session f21e2c352b079595c8ac384ad659b261 to remote] DEBUG org.asynchttpclient.netty.request.NettyRequestSender - Using open Channel [id: 0x60781551, L:/127.0.0.1:61421 - R:localhost/127.0.0.1:50528] for POST '/session/f21e2c352b079595c8ac384ad659b261/window'
10:08:25.066 [AsyncHttpClient-1-2] DEBUG org.asynchttpclient.netty.handler.HttpHandler - 

Request DefaultHttpRequest(decodeResult: success, version: HTTP/1.1)
POST /session/f21e2c352b079595c8ac384ad659b261/window HTTP/1.1
User-Agent: selenium/4.4.0 (java windows)
Content-Length: 59
Content-Type: application/json; charset=utf-8
host: localhost:50528
accept: */*

Response DefaultHttpResponse(decodeResult: success, version: HTTP/1.1)
HTTP/1.1 200 OK
Content-Type: application/json; charset=utf-8
cache-control: no-cache
content-length: 14

10:08:25.066 [AsyncHttpClient-1-2] DEBUG org.asynchttpclient.netty.channel.ChannelManager - Adding key: http://localhost:50528 for channel [id: 0x60781551, L:/127.0.0.1:61421 - R:localhost/127.0.0.1:50528]
10:08:25.067 [Forwarding getCurrentUrl on session f21e2c352b079595c8ac384ad659b261 to remote] DEBUG org.asynchttpclient.netty.request.NettyRequestSender - Using pooled Channel '[id: 0x60781551, L:/127.0.0.1:61421 - R:localhost/127.0.0.1:50528]' for 'GET' to 'http://localhost:50528/session/f21e2c352b079595c8ac384ad659b261/url'
10:08:25.068 [Forwarding getCurrentUrl on session f21e2c352b079595c8ac384ad659b261 to remote] DEBUG org.asynchttpclient.netty.request.NettyRequestSender - Using open Channel [id: 0x60781551, L:/127.0.0.1:61421 - R:localhost/127.0.0.1:50528] for GET '/session/f21e2c352b079595c8ac384ad659b261/url'
10:08:25.072 [AsyncHttpClient-1-2] DEBUG org.asynchttpclient.netty.handler.HttpHandler - 

Request DefaultFullHttpRequest(decodeResult: success, version: HTTP/1.1, content: EmptyByteBufBE)
GET /session/f21e2c352b079595c8ac384ad659b261/url HTTP/1.1
User-Agent: selenium/4.4.0 (java windows)
Cache-Control: no-cache
Content-Type: application/json; charset=utf-8
host: localhost:50528
accept: */*

Response DefaultHttpResponse(decodeResult: success, version: HTTP/1.1)
HTTP/1.1 200 OK
Content-Type: application/json; charset=utf-8
cache-control: no-cache
content-length: 38

10:08:25.072 [AsyncHttpClient-1-2] DEBUG org.asynchttpclient.netty.channel.ChannelManager - Adding key: http://localhost:50528 for channel [id: 0x60781551, L:/127.0.0.1:61421 - R:localhost/127.0.0.1:50528]
10:08:25.073 [Forwarding screenshot on session f21e2c352b079595c8ac384ad659b261 to remote] DEBUG org.asynchttpclient.netty.request.NettyRequestSender - Using pooled Channel '[id: 0x60781551, L:/127.0.0.1:61421 - R:localhost/127.0.0.1:50528]' for 'GET' to 'http://localhost:50528/session/f21e2c352b079595c8ac384ad659b261/screenshot'
10:08:25.073 [Forwarding screenshot on session f21e2c352b079595c8ac384ad659b261 to remote] DEBUG org.asynchttpclient.netty.request.NettyRequestSender - Using open Channel [id: 0x60781551, L:/127.0.0.1:61421 - R:localhost/127.0.0.1:50528] for GET '/session/f21e2c352b079595c8ac384ad659b261/screenshot'
10:08:25.152 [AsyncHttpClient-1-2] DEBUG org.asynchttpclient.netty.handler.HttpHandler - 

Request DefaultFullHttpRequest(decodeResult: success, version: HTTP/1.1, content: EmptyByteBufBE)
GET /session/f21e2c352b079595c8ac384ad659b261/screenshot HTTP/1.1
User-Agent: selenium/4.4.0 (java windows)
Cache-Control: no-cache
Content-Type: application/json; charset=utf-8
host: localhost:50528
accept: */*

Response DefaultHttpResponse(decodeResult: success, version: HTTP/1.1)
HTTP/1.1 200 OK
Content-Type: application/json; charset=utf-8
cache-control: no-cache
content-length: 59812

10:08:25.153 [AsyncHttpClient-1-2] DEBUG org.asynchttpclient.netty.channel.ChannelManager - Adding key: http://localhost:50528 for channel [id: 0x60781551, L:/127.0.0.1:61421 - R:localhost/127.0.0.1:50528]
10:08:25.155 [Test worker] DEBUG net.serenitybdd.core.photography.Darkroom - Send negative for processing for C:\Users\juan.gomezv\IdeaProjects\sura\target\site\serenity\cb904724c11cb1c402bbd44fd4c83dd8993b3b1bfb579cc518ee5232028dbf9b.png
10:08:25.156 [Test worker] DEBUG net.thucydides.core.steps.StepInterceptor - STEP DONE: {0} enters #theTextAsAString into #target
10:08:25.166 [Forwarding getPageSource on session f21e2c352b079595c8ac384ad659b261 to remote] DEBUG org.asynchttpclient.netty.request.NettyRequestSender - Using pooled Channel '[id: 0x60781551, L:/127.0.0.1:61421 - R:localhost/127.0.0.1:50528]' for 'POST' to 'http://localhost:50528/session/f21e2c352b079595c8ac384ad659b261/execute/sync'
10:08:25.166 [Forwarding getPageSource on session f21e2c352b079595c8ac384ad659b261 to remote] DEBUG org.asynchttpclient.netty.request.NettyRequestSender - Using open Channel [id: 0x60781551, L:/127.0.0.1:61421 - R:localhost/127.0.0.1:50528] for POST '/session/f21e2c352b079595c8ac384ad659b261/execute/sync'
10:08:25.170 [AsyncHttpClient-1-2] DEBUG org.asynchttpclient.netty.handler.HttpHandler - 

Request DefaultHttpRequest(decodeResult: success, version: HTTP/1.1)
POST /session/f21e2c352b079595c8ac384ad659b261/execute/sync HTTP/1.1
User-Agent: selenium/4.4.0 (java windows)
Content-Length: 176
Content-Type: application/json; charset=utf-8
host: localhost:50528
accept: */*

Response DefaultHttpResponse(decodeResult: success, version: HTTP/1.1)
HTTP/1.1 200 OK
Content-Type: application/json; charset=utf-8
cache-control: no-cache
content-length: 4173

10:08:25.170 [AsyncHttpClient-1-2] DEBUG org.asynchttpclient.netty.channel.ChannelManager - Adding key: http://localhost:50528 for channel [id: 0x60781551, L:/127.0.0.1:61421 - R:localhost/127.0.0.1:50528]
10:08:25.172 [Forwarding getCurrentUrl on session f21e2c352b079595c8ac384ad659b261 to remote] DEBUG org.asynchttpclient.netty.request.NettyRequestSender - Using pooled Channel '[id: 0x60781551, L:/127.0.0.1:61421 - R:localhost/127.0.0.1:50528]' for 'GET' to 'http://localhost:50528/session/f21e2c352b079595c8ac384ad659b261/url'
10:08:25.173 [Forwarding getCurrentUrl on session f21e2c352b079595c8ac384ad659b261 to remote] DEBUG org.asynchttpclient.netty.request.NettyRequestSender - Using open Channel [id: 0x60781551, L:/127.0.0.1:61421 - R:localhost/127.0.0.1:50528] for GET '/session/f21e2c352b079595c8ac384ad659b261/url'
10:08:25.177 [AsyncHttpClient-1-2] DEBUG org.asynchttpclient.netty.handler.HttpHandler - 

Request DefaultFullHttpRequest(decodeResult: success, version: HTTP/1.1, content: EmptyByteBufBE)
GET /session/f21e2c352b079595c8ac384ad659b261/url HTTP/1.1
User-Agent: selenium/4.4.0 (java windows)
Cache-Control: no-cache
Content-Type: application/json; charset=utf-8
host: localhost:50528
accept: */*

Response DefaultHttpResponse(decodeResult: success, version: HTTP/1.1)
HTTP/1.1 200 OK
Content-Type: application/json; charset=utf-8
cache-control: no-cache
content-length: 38

10:08:25.177 [AsyncHttpClient-1-2] DEBUG org.asynchttpclient.netty.channel.ChannelManager - Adding key: http://localhost:50528 for channel [id: 0x60781551, L:/127.0.0.1:61421 - R:localhost/127.0.0.1:50528]
10:08:25.179 [Test worker] DEBUG net.thucydides.core.steps.StepInterceptor - STARTING STEP: LogIn.performAs - {0} enters #theTextAsAString into #target
10:08:25.183 [Test worker] DEBUG net.serenitybdd.screenplay.targets.IFrameSwitcher - default content already selected for PasswordTextBox
10:08:25.195 [Forwarding findElement on session f21e2c352b079595c8ac384ad659b261 to remote] DEBUG org.asynchttpclient.netty.request.NettyRequestSender - Using pooled Channel '[id: 0x60781551, L:/127.0.0.1:61421 - R:localhost/127.0.0.1:50528]' for 'POST' to 'http://localhost:50528/session/f21e2c352b079595c8ac384ad659b261/element'
10:08:25.195 [Forwarding findElement on session f21e2c352b079595c8ac384ad659b261 to remote] DEBUG org.asynchttpclient.netty.request.NettyRequestSender - Using open Channel [id: 0x60781551, L:/127.0.0.1:61421 - R:localhost/127.0.0.1:50528] for POST '/session/f21e2c352b079595c8ac384ad659b261/element'
10:08:25.204 [AsyncHttpClient-1-2] DEBUG org.asynchttpclient.netty.handler.HttpHandler - 

Request DefaultHttpRequest(decodeResult: success, version: HTTP/1.1)
POST /session/f21e2c352b079595c8ac384ad659b261/element HTTP/1.1
User-Agent: selenium/4.4.0 (java windows)
Content-Length: 66
Content-Type: application/json; charset=utf-8
host: localhost:50528
accept: */*

Response DefaultHttpResponse(decodeResult: success, version: HTTP/1.1)
HTTP/1.1 200 OK
Content-Type: application/json; charset=utf-8
cache-control: no-cache
content-length: 88

10:08:25.205 [AsyncHttpClient-1-2] DEBUG org.asynchttpclient.netty.channel.ChannelManager - Adding key: http://localhost:50528 for channel [id: 0x60781551, L:/127.0.0.1:61421 - R:localhost/127.0.0.1:50528]
10:08:25.206 [Forwarding clearElement on session f21e2c352b079595c8ac384ad659b261 to remote] DEBUG org.asynchttpclient.netty.request.NettyRequestSender - Using pooled Channel '[id: 0x60781551, L:/127.0.0.1:61421 - R:localhost/127.0.0.1:50528]' for 'POST' to 'http://localhost:50528/session/f21e2c352b079595c8ac384ad659b261/element/26777629-8c90-4e16-8758-f6e04eec85f3/clear'
10:08:25.206 [Forwarding clearElement on session f21e2c352b079595c8ac384ad659b261 to remote] DEBUG org.asynchttpclient.netty.request.NettyRequestSender - Using open Channel [id: 0x60781551, L:/127.0.0.1:61421 - R:localhost/127.0.0.1:50528] for POST '/session/f21e2c352b079595c8ac384ad659b261/element/26777629-8c90-4e16-8758-f6e04eec85f3/clear'
10:08:25.209 [AsyncHttpClient-1-1] DEBUG org.asynchttpclient.netty.channel.DefaultChannelPool - Entry count for : http://localhost:61422 : 1
10:08:25.227 [AsyncHttpClient-1-2] DEBUG org.asynchttpclient.netty.handler.HttpHandler - 

Request DefaultHttpRequest(decodeResult: success, version: HTTP/1.1)
POST /session/f21e2c352b079595c8ac384ad659b261/element/26777629-8c90-4e16-8758-f6e04eec85f3/clear HTTP/1.1
User-Agent: selenium/4.4.0 (java windows)
Content-Length: 50
Content-Type: application/json; charset=utf-8
host: localhost:50528
accept: */*

Response DefaultHttpResponse(decodeResult: success, version: HTTP/1.1)
HTTP/1.1 200 OK
Content-Type: application/json; charset=utf-8
cache-control: no-cache
content-length: 14

10:08:25.228 [AsyncHttpClient-1-2] DEBUG org.asynchttpclient.netty.channel.ChannelManager - Adding key: http://localhost:50528 for channel [id: 0x60781551, L:/127.0.0.1:61421 - R:localhost/127.0.0.1:50528]
10:08:25.232 [Forwarding sendKeysToElement on session f21e2c352b079595c8ac384ad659b261 to remote] DEBUG org.asynchttpclient.netty.request.NettyRequestSender - Using pooled Channel '[id: 0x60781551, L:/127.0.0.1:61421 - R:localhost/127.0.0.1:50528]' for 'POST' to 'http://localhost:50528/session/f21e2c352b079595c8ac384ad659b261/element/26777629-8c90-4e16-8758-f6e04eec85f3/value'
10:08:25.232 [Forwarding sendKeysToElement on session f21e2c352b079595c8ac384ad659b261 to remote] DEBUG org.asynchttpclient.netty.request.NettyRequestSender - Using open Channel [id: 0x60781551, L:/127.0.0.1:61421 - R:localhost/127.0.0.1:50528] for POST '/session/f21e2c352b079595c8ac384ad659b261/element/26777629-8c90-4e16-8758-f6e04eec85f3/value'
10:08:25.274 [AsyncHttpClient-1-2] DEBUG org.asynchttpclient.netty.handler.HttpHandler - 

Request DefaultHttpRequest(decodeResult: success, version: HTTP/1.1)
POST /session/f21e2c352b079595c8ac384ad659b261/element/26777629-8c90-4e16-8758-f6e04eec85f3/value HTTP/1.1
User-Agent: selenium/4.4.0 (java windows)
Content-Length: 201
Content-Type: application/json; charset=utf-8
host: localhost:50528
accept: */*

Response DefaultHttpResponse(decodeResult: success, version: HTTP/1.1)
HTTP/1.1 200 OK
Content-Type: application/json; charset=utf-8
cache-control: no-cache
content-length: 14

10:08:25.275 [AsyncHttpClient-1-2] DEBUG org.asynchttpclient.netty.channel.ChannelManager - Adding key: http://localhost:50528 for channel [id: 0x60781551, L:/127.0.0.1:61421 - R:localhost/127.0.0.1:50528]
10:08:25.296 [Forwarding getCurrentWindowHandle on session f21e2c352b079595c8ac384ad659b261 to remote] DEBUG org.asynchttpclient.netty.request.NettyRequestSender - Using pooled Channel '[id: 0x60781551, L:/127.0.0.1:61421 - R:localhost/127.0.0.1:50528]' for 'GET' to 'http://localhost:50528/session/f21e2c352b079595c8ac384ad659b261/window'
10:08:25.296 [Forwarding getCurrentWindowHandle on session f21e2c352b079595c8ac384ad659b261 to remote] DEBUG org.asynchttpclient.netty.request.NettyRequestSender - Using open Channel [id: 0x60781551, L:/127.0.0.1:61421 - R:localhost/127.0.0.1:50528] for GET '/session/f21e2c352b079595c8ac384ad659b261/window'
10:08:25.296 [AsyncHttpClient-1-2] DEBUG org.asynchttpclient.netty.handler.HttpHandler - 

Request DefaultFullHttpRequest(decodeResult: success, version: HTTP/1.1, content: EmptyByteBufBE)
GET /session/f21e2c352b079595c8ac384ad659b261/window HTTP/1.1
User-Agent: selenium/4.4.0 (java windows)
Cache-Control: no-cache
Content-Type: application/json; charset=utf-8
host: localhost:50528
accept: */*

Response DefaultHttpResponse(decodeResult: success, version: HTTP/1.1)
HTTP/1.1 200 OK
Content-Type: application/json; charset=utf-8
cache-control: no-cache
content-length: 53

10:08:25.297 [AsyncHttpClient-1-2] DEBUG org.asynchttpclient.netty.channel.ChannelManager - Adding key: http://localhost:50528 for channel [id: 0x60781551, L:/127.0.0.1:61421 - R:localhost/127.0.0.1:50528]
10:08:25.300 [Forwarding getAlertText on session f21e2c352b079595c8ac384ad659b261 to remote] DEBUG org.asynchttpclient.netty.request.NettyRequestSender - Using pooled Channel '[id: 0x60781551, L:/127.0.0.1:61421 - R:localhost/127.0.0.1:50528]' for 'GET' to 'http://localhost:50528/session/f21e2c352b079595c8ac384ad659b261/alert/text'
10:08:25.301 [Forwarding getAlertText on session f21e2c352b079595c8ac384ad659b261 to remote] DEBUG org.asynchttpclient.netty.request.NettyRequestSender - Using open Channel [id: 0x60781551, L:/127.0.0.1:61421 - R:localhost/127.0.0.1:50528] for GET '/session/f21e2c352b079595c8ac384ad659b261/alert/text'
10:08:25.304 [AsyncHttpClient-1-2] DEBUG org.asynchttpclient.netty.handler.HttpHandler - 

Request DefaultFullHttpRequest(decodeResult: success, version: HTTP/1.1, content: EmptyByteBufBE)
GET /session/f21e2c352b079595c8ac384ad659b261/alert/text HTTP/1.1
User-Agent: selenium/4.4.0 (java windows)
Cache-Control: no-cache
Content-Type: application/json; charset=utf-8
host: localhost:50528
accept: */*

Response DefaultHttpResponse(decodeResult: success, version: HTTP/1.1)
HTTP/1.1 404 Not Found
Content-Type: application/json; charset=utf-8
cache-control: no-cache
content-length: 879

10:08:25.304 [AsyncHttpClient-1-2] DEBUG org.asynchttpclient.netty.channel.ChannelManager - Adding key: http://localhost:50528 for channel [id: 0x60781551, L:/127.0.0.1:61421 - R:localhost/127.0.0.1:50528]
10:08:25.309 [Forwarding switchToWindow on session f21e2c352b079595c8ac384ad659b261 to remote] DEBUG org.asynchttpclient.netty.request.NettyRequestSender - Using pooled Channel '[id: 0x60781551, L:/127.0.0.1:61421 - R:localhost/127.0.0.1:50528]' for 'POST' to 'http://localhost:50528/session/f21e2c352b079595c8ac384ad659b261/window'
10:08:25.309 [Forwarding switchToWindow on session f21e2c352b079595c8ac384ad659b261 to remote] DEBUG org.asynchttpclient.netty.request.NettyRequestSender - Using open Channel [id: 0x60781551, L:/127.0.0.1:61421 - R:localhost/127.0.0.1:50528] for POST '/session/f21e2c352b079595c8ac384ad659b261/window'
10:08:25.313 [AsyncHttpClient-1-2] DEBUG org.asynchttpclient.netty.handler.HttpHandler - 

Request DefaultHttpRequest(decodeResult: success, version: HTTP/1.1)
POST /session/f21e2c352b079595c8ac384ad659b261/window HTTP/1.1
User-Agent: selenium/4.4.0 (java windows)
Content-Length: 59
Content-Type: application/json; charset=utf-8
host: localhost:50528
accept: */*

Response DefaultHttpResponse(decodeResult: success, version: HTTP/1.1)
HTTP/1.1 200 OK
Content-Type: application/json; charset=utf-8
cache-control: no-cache
content-length: 14

10:08:25.313 [AsyncHttpClient-1-2] DEBUG org.asynchttpclient.netty.channel.ChannelManager - Adding key: http://localhost:50528 for channel [id: 0x60781551, L:/127.0.0.1:61421 - R:localhost/127.0.0.1:50528]
10:08:25.314 [Forwarding getCurrentUrl on session f21e2c352b079595c8ac384ad659b261 to remote] DEBUG org.asynchttpclient.netty.request.NettyRequestSender - Using pooled Channel '[id: 0x60781551, L:/127.0.0.1:61421 - R:localhost/127.0.0.1:50528]' for 'GET' to 'http://localhost:50528/session/f21e2c352b079595c8ac384ad659b261/url'
10:08:25.314 [Forwarding getCurrentUrl on session f21e2c352b079595c8ac384ad659b261 to remote] DEBUG org.asynchttpclient.netty.request.NettyRequestSender - Using open Channel [id: 0x60781551, L:/127.0.0.1:61421 - R:localhost/127.0.0.1:50528] for GET '/session/f21e2c352b079595c8ac384ad659b261/url'
10:08:25.320 [AsyncHttpClient-1-2] DEBUG org.asynchttpclient.netty.handler.HttpHandler - 

Request DefaultFullHttpRequest(decodeResult: success, version: HTTP/1.1, content: EmptyByteBufBE)
GET /session/f21e2c352b079595c8ac384ad659b261/url HTTP/1.1
User-Agent: selenium/4.4.0 (java windows)
Cache-Control: no-cache
Content-Type: application/json; charset=utf-8
host: localhost:50528
accept: */*

Response DefaultHttpResponse(decodeResult: success, version: HTTP/1.1)
HTTP/1.1 200 OK
Content-Type: application/json; charset=utf-8
cache-control: no-cache
content-length: 38

10:08:25.320 [AsyncHttpClient-1-2] DEBUG org.asynchttpclient.netty.channel.ChannelManager - Adding key: http://localhost:50528 for channel [id: 0x60781551, L:/127.0.0.1:61421 - R:localhost/127.0.0.1:50528]
10:08:25.322 [Forwarding screenshot on session f21e2c352b079595c8ac384ad659b261 to remote] DEBUG org.asynchttpclient.netty.request.NettyRequestSender - Using pooled Channel '[id: 0x60781551, L:/127.0.0.1:61421 - R:localhost/127.0.0.1:50528]' for 'GET' to 'http://localhost:50528/session/f21e2c352b079595c8ac384ad659b261/screenshot'
10:08:25.322 [Forwarding screenshot on session f21e2c352b079595c8ac384ad659b261 to remote] DEBUG org.asynchttpclient.netty.request.NettyRequestSender - Using open Channel [id: 0x60781551, L:/127.0.0.1:61421 - R:localhost/127.0.0.1:50528] for GET '/session/f21e2c352b079595c8ac384ad659b261/screenshot'
10:08:25.405 [AsyncHttpClient-1-2] DEBUG org.asynchttpclient.netty.handler.HttpHandler - 

Request DefaultFullHttpRequest(decodeResult: success, version: HTTP/1.1, content: EmptyByteBufBE)
GET /session/f21e2c352b079595c8ac384ad659b261/screenshot HTTP/1.1
User-Agent: selenium/4.4.0 (java windows)
Cache-Control: no-cache
Content-Type: application/json; charset=utf-8
host: localhost:50528
accept: */*

Response DefaultHttpResponse(decodeResult: success, version: HTTP/1.1)
HTTP/1.1 200 OK
Content-Type: application/json; charset=utf-8
cache-control: no-cache
content-length: 58468

10:08:25.406 [AsyncHttpClient-1-2] DEBUG org.asynchttpclient.netty.channel.ChannelManager - Adding key: http://localhost:50528 for channel [id: 0x60781551, L:/127.0.0.1:61421 - R:localhost/127.0.0.1:50528]
10:08:25.408 [Test worker] DEBUG net.serenitybdd.core.photography.Darkroom - Send negative for processing for C:\Users\juan.gomezv\IdeaProjects\sura\target\site\serenity\3928254ac939cb654635a6fe0cdcba17cdafb3fae09b0fc2384a6404e2fbc8c4.png
10:08:25.408 [Test worker] DEBUG net.thucydides.core.steps.StepInterceptor - STEP DONE: {0} enters #theTextAsAString into #target
10:08:25.419 [Forwarding getPageSource on session f21e2c352b079595c8ac384ad659b261 to remote] DEBUG org.asynchttpclient.netty.request.NettyRequestSender - Using pooled Channel '[id: 0x60781551, L:/127.0.0.1:61421 - R:localhost/127.0.0.1:50528]' for 'POST' to 'http://localhost:50528/session/f21e2c352b079595c8ac384ad659b261/execute/sync'
10:08:25.420 [Forwarding getPageSource on session f21e2c352b079595c8ac384ad659b261 to remote] DEBUG org.asynchttpclient.netty.request.NettyRequestSender - Using open Channel [id: 0x60781551, L:/127.0.0.1:61421 - R:localhost/127.0.0.1:50528] for POST '/session/f21e2c352b079595c8ac384ad659b261/execute/sync'
10:08:25.426 [AsyncHttpClient-1-2] DEBUG org.asynchttpclient.netty.handler.HttpHandler - 

Request DefaultHttpRequest(decodeResult: success, version: HTTP/1.1)
POST /session/f21e2c352b079595c8ac384ad659b261/execute/sync HTTP/1.1
User-Agent: selenium/4.4.0 (java windows)
Content-Length: 176
Content-Type: application/json; charset=utf-8
host: localhost:50528
accept: */*

Response DefaultHttpResponse(decodeResult: success, version: HTTP/1.1)
HTTP/1.1 200 OK
Content-Type: application/json; charset=utf-8
cache-control: no-cache
content-length: 4185

10:08:25.426 [AsyncHttpClient-1-2] DEBUG org.asynchttpclient.netty.channel.ChannelManager - Adding key: http://localhost:50528 for channel [id: 0x60781551, L:/127.0.0.1:61421 - R:localhost/127.0.0.1:50528]
10:08:25.429 [Forwarding getCurrentUrl on session f21e2c352b079595c8ac384ad659b261 to remote] DEBUG org.asynchttpclient.netty.request.NettyRequestSender - Using pooled Channel '[id: 0x60781551, L:/127.0.0.1:61421 - R:localhost/127.0.0.1:50528]' for 'GET' to 'http://localhost:50528/session/f21e2c352b079595c8ac384ad659b261/url'
10:08:25.429 [Forwarding getCurrentUrl on session f21e2c352b079595c8ac384ad659b261 to remote] DEBUG org.asynchttpclient.netty.request.NettyRequestSender - Using open Channel [id: 0x60781551, L:/127.0.0.1:61421 - R:localhost/127.0.0.1:50528] for GET '/session/f21e2c352b079595c8ac384ad659b261/url'
10:08:25.433 [AsyncHttpClient-1-2] DEBUG org.asynchttpclient.netty.handler.HttpHandler - 

Request DefaultFullHttpRequest(decodeResult: success, version: HTTP/1.1, content: EmptyByteBufBE)
GET /session/f21e2c352b079595c8ac384ad659b261/url HTTP/1.1
User-Agent: selenium/4.4.0 (java windows)
Cache-Control: no-cache
Content-Type: application/json; charset=utf-8
host: localhost:50528
accept: */*

Response DefaultHttpResponse(decodeResult: success, version: HTTP/1.1)
HTTP/1.1 200 OK
Content-Type: application/json; charset=utf-8
cache-control: no-cache
content-length: 38

10:08:25.433 [AsyncHttpClient-1-2] DEBUG org.asynchttpclient.netty.channel.ChannelManager - Adding key: http://localhost:50528 for channel [id: 0x60781551, L:/127.0.0.1:61421 - R:localhost/127.0.0.1:50528]
10:08:25.435 [Test worker] DEBUG net.thucydides.core.steps.StepInterceptor - STARTING STEP: LogIn.performAs - {0} clicks on #target
10:08:25.436 [Test worker] DEBUG net.serenitybdd.screenplay.targets.IFrameSwitcher - default content already selected for LogIn Button
10:08:25.467 [Forwarding findElement on session f21e2c352b079595c8ac384ad659b261 to remote] DEBUG org.asynchttpclient.netty.request.NettyRequestSender - Using pooled Channel '[id: 0x60781551, L:/127.0.0.1:61421 - R:localhost/127.0.0.1:50528]' for 'POST' to 'http://localhost:50528/session/f21e2c352b079595c8ac384ad659b261/element'
10:08:25.467 [Forwarding findElement on session f21e2c352b079595c8ac384ad659b261 to remote] DEBUG org.asynchttpclient.netty.request.NettyRequestSender - Using open Channel [id: 0x60781551, L:/127.0.0.1:61421 - R:localhost/127.0.0.1:50528] for POST '/session/f21e2c352b079595c8ac384ad659b261/element'
10:08:25.478 [AsyncHttpClient-1-2] DEBUG org.asynchttpclient.netty.handler.HttpHandler - 

Request DefaultHttpRequest(decodeResult: success, version: HTTP/1.1)
POST /session/f21e2c352b079595c8ac384ad659b261/element HTTP/1.1
User-Agent: selenium/4.4.0 (java windows)
Content-Length: 70
Content-Type: application/json; charset=utf-8
host: localhost:50528
accept: */*

Response DefaultHttpResponse(decodeResult: success, version: HTTP/1.1)
HTTP/1.1 200 OK
Content-Type: application/json; charset=utf-8
cache-control: no-cache
content-length: 88

10:08:25.478 [AsyncHttpClient-1-2] DEBUG org.asynchttpclient.netty.channel.ChannelManager - Adding key: http://localhost:50528 for channel [id: 0x60781551, L:/127.0.0.1:61421 - R:localhost/127.0.0.1:50528]
10:08:25.491 [Forwarding isElementDisplayed on session f21e2c352b079595c8ac384ad659b261 to remote] DEBUG org.asynchttpclient.netty.request.NettyRequestSender - Using pooled Channel '[id: 0x60781551, L:/127.0.0.1:61421 - R:localhost/127.0.0.1:50528]' for 'POST' to 'http://localhost:50528/session/f21e2c352b079595c8ac384ad659b261/execute/sync'
10:08:25.491 [Forwarding isElementDisplayed on session f21e2c352b079595c8ac384ad659b261 to remote] DEBUG org.asynchttpclient.netty.request.NettyRequestSender - Using open Channel [id: 0x60781551, L:/127.0.0.1:61421 - R:localhost/127.0.0.1:50528] for POST '/session/f21e2c352b079595c8ac384ad659b261/execute/sync'
10:08:25.504 [AsyncHttpClient-1-2] DEBUG org.asynchttpclient.netty.handler.HttpHandler - 

Request DefaultHttpRequest(decodeResult: success, version: HTTP/1.1)
POST /session/f21e2c352b079595c8ac384ad659b261/execute/sync HTTP/1.1
User-Agent: selenium/4.4.0 (java windows)
Content-Length: 48780
Content-Type: application/json; charset=utf-8
host: localhost:50528
accept: */*

Response DefaultHttpResponse(decodeResult: success, version: HTTP/1.1)
HTTP/1.1 200 OK
Content-Type: application/json; charset=utf-8
cache-control: no-cache
content-length: 14

10:08:25.504 [AsyncHttpClient-1-2] DEBUG org.asynchttpclient.netty.channel.ChannelManager - Adding key: http://localhost:50528 for channel [id: 0x60781551, L:/127.0.0.1:61421 - R:localhost/127.0.0.1:50528]
10:08:25.512 [Forwarding findElement on session f21e2c352b079595c8ac384ad659b261 to remote] DEBUG org.asynchttpclient.netty.request.NettyRequestSender - Using pooled Channel '[id: 0x60781551, L:/127.0.0.1:61421 - R:localhost/127.0.0.1:50528]' for 'POST' to 'http://localhost:50528/session/f21e2c352b079595c8ac384ad659b261/element'
10:08:25.512 [Forwarding findElement on session f21e2c352b079595c8ac384ad659b261 to remote] DEBUG org.asynchttpclient.netty.request.NettyRequestSender - Using open Channel [id: 0x60781551, L:/127.0.0.1:61421 - R:localhost/127.0.0.1:50528] for POST '/session/f21e2c352b079595c8ac384ad659b261/element'
10:08:25.518 [AsyncHttpClient-1-2] DEBUG org.asynchttpclient.netty.handler.HttpHandler - 

Request DefaultHttpRequest(decodeResult: success, version: HTTP/1.1)
POST /session/f21e2c352b079595c8ac384ad659b261/element HTTP/1.1
User-Agent: selenium/4.4.0 (java windows)
Content-Length: 70
Content-Type: application/json; charset=utf-8
host: localhost:50528
accept: */*

Response DefaultHttpResponse(decodeResult: success, version: HTTP/1.1)
HTTP/1.1 200 OK
Content-Type: application/json; charset=utf-8
cache-control: no-cache
content-length: 88

10:08:25.519 [AsyncHttpClient-1-2] DEBUG org.asynchttpclient.netty.channel.ChannelManager - Adding key: http://localhost:50528 for channel [id: 0x60781551, L:/127.0.0.1:61421 - R:localhost/127.0.0.1:50528]
10:08:25.521 [Forwarding clickElement on session f21e2c352b079595c8ac384ad659b261 to remote] DEBUG org.asynchttpclient.netty.request.NettyRequestSender - Using pooled Channel '[id: 0x60781551, L:/127.0.0.1:61421 - R:localhost/127.0.0.1:50528]' for 'POST' to 'http://localhost:50528/session/f21e2c352b079595c8ac384ad659b261/element/67554c6d-7346-4acc-8227-f602b2a9c14e/click'
10:08:25.521 [Forwarding clickElement on session f21e2c352b079595c8ac384ad659b261 to remote] DEBUG org.asynchttpclient.netty.request.NettyRequestSender - Using open Channel [id: 0x60781551, L:/127.0.0.1:61421 - R:localhost/127.0.0.1:50528] for POST '/session/f21e2c352b079595c8ac384ad659b261/element/67554c6d-7346-4acc-8227-f602b2a9c14e/click'
10:08:25.592 [AsyncHttpClient-1-2] DEBUG org.asynchttpclient.netty.handler.HttpHandler - 

Request DefaultHttpRequest(decodeResult: success, version: HTTP/1.1)
POST /session/f21e2c352b079595c8ac384ad659b261/element/67554c6d-7346-4acc-8227-f602b2a9c14e/click HTTP/1.1
User-Agent: selenium/4.4.0 (java windows)
Content-Length: 50
Content-Type: application/json; charset=utf-8
host: localhost:50528
accept: */*

Response DefaultHttpResponse(decodeResult: success, version: HTTP/1.1)
HTTP/1.1 200 OK
Content-Type: application/json; charset=utf-8
cache-control: no-cache
content-length: 14

10:08:25.592 [AsyncHttpClient-1-2] DEBUG org.asynchttpclient.netty.channel.ChannelManager - Adding key: http://localhost:50528 for channel [id: 0x60781551, L:/127.0.0.1:61421 - R:localhost/127.0.0.1:50528]
10:08:25.611 [Forwarding getCurrentWindowHandle on session f21e2c352b079595c8ac384ad659b261 to remote] DEBUG org.asynchttpclient.netty.request.NettyRequestSender - Using pooled Channel '[id: 0x60781551, L:/127.0.0.1:61421 - R:localhost/127.0.0.1:50528]' for 'GET' to 'http://localhost:50528/session/f21e2c352b079595c8ac384ad659b261/window'
10:08:25.611 [Forwarding getCurrentWindowHandle on session f21e2c352b079595c8ac384ad659b261 to remote] DEBUG org.asynchttpclient.netty.request.NettyRequestSender - Using open Channel [id: 0x60781551, L:/127.0.0.1:61421 - R:localhost/127.0.0.1:50528] for GET '/session/f21e2c352b079595c8ac384ad659b261/window'
10:08:25.612 [AsyncHttpClient-1-2] DEBUG org.asynchttpclient.netty.handler.HttpHandler - 

Request DefaultFullHttpRequest(decodeResult: success, version: HTTP/1.1, content: EmptyByteBufBE)
GET /session/f21e2c352b079595c8ac384ad659b261/window HTTP/1.1
User-Agent: selenium/4.4.0 (java windows)
Cache-Control: no-cache
Content-Type: application/json; charset=utf-8
host: localhost:50528
accept: */*

Response DefaultHttpResponse(decodeResult: success, version: HTTP/1.1)
HTTP/1.1 200 OK
Content-Type: application/json; charset=utf-8
cache-control: no-cache
content-length: 53

10:08:25.612 [AsyncHttpClient-1-2] DEBUG org.asynchttpclient.netty.channel.ChannelManager - Adding key: http://localhost:50528 for channel [id: 0x60781551, L:/127.0.0.1:61421 - R:localhost/127.0.0.1:50528]
10:08:25.618 [Forwarding getAlertText on session f21e2c352b079595c8ac384ad659b261 to remote] DEBUG org.asynchttpclient.netty.request.NettyRequestSender - Using pooled Channel '[id: 0x60781551, L:/127.0.0.1:61421 - R:localhost/127.0.0.1:50528]' for 'GET' to 'http://localhost:50528/session/f21e2c352b079595c8ac384ad659b261/alert/text'
10:08:25.618 [Forwarding getAlertText on session f21e2c352b079595c8ac384ad659b261 to remote] DEBUG org.asynchttpclient.netty.request.NettyRequestSender - Using open Channel [id: 0x60781551, L:/127.0.0.1:61421 - R:localhost/127.0.0.1:50528] for GET '/session/f21e2c352b079595c8ac384ad659b261/alert/text'
10:08:25.620 [AsyncHttpClient-1-2] DEBUG org.asynchttpclient.netty.handler.HttpHandler - 

Request DefaultFullHttpRequest(decodeResult: success, version: HTTP/1.1, content: EmptyByteBufBE)
GET /session/f21e2c352b079595c8ac384ad659b261/alert/text HTTP/1.1
User-Agent: selenium/4.4.0 (java windows)
Cache-Control: no-cache
Content-Type: application/json; charset=utf-8
host: localhost:50528
accept: */*

Response DefaultHttpResponse(decodeResult: success, version: HTTP/1.1)
HTTP/1.1 404 Not Found
Content-Type: application/json; charset=utf-8
cache-control: no-cache
content-length: 879

10:08:25.620 [AsyncHttpClient-1-2] DEBUG org.asynchttpclient.netty.channel.ChannelManager - Adding key: http://localhost:50528 for channel [id: 0x60781551, L:/127.0.0.1:61421 - R:localhost/127.0.0.1:50528]
10:08:25.624 [Forwarding switchToWindow on session f21e2c352b079595c8ac384ad659b261 to remote] DEBUG org.asynchttpclient.netty.request.NettyRequestSender - Using pooled Channel '[id: 0x60781551, L:/127.0.0.1:61421 - R:localhost/127.0.0.1:50528]' for 'POST' to 'http://localhost:50528/session/f21e2c352b079595c8ac384ad659b261/window'
10:08:25.624 [Forwarding switchToWindow on session f21e2c352b079595c8ac384ad659b261 to remote] DEBUG org.asynchttpclient.netty.request.NettyRequestSender - Using open Channel [id: 0x60781551, L:/127.0.0.1:61421 - R:localhost/127.0.0.1:50528] for POST '/session/f21e2c352b079595c8ac384ad659b261/window'
10:08:25.627 [AsyncHttpClient-1-2] DEBUG org.asynchttpclient.netty.handler.HttpHandler - 

Request DefaultHttpRequest(decodeResult: success, version: HTTP/1.1)
POST /session/f21e2c352b079595c8ac384ad659b261/window HTTP/1.1
User-Agent: selenium/4.4.0 (java windows)
Content-Length: 59
Content-Type: application/json; charset=utf-8
host: localhost:50528
accept: */*

Response DefaultHttpResponse(decodeResult: success, version: HTTP/1.1)
HTTP/1.1 200 OK
Content-Type: application/json; charset=utf-8
cache-control: no-cache
content-length: 14

10:08:25.627 [AsyncHttpClient-1-2] DEBUG org.asynchttpclient.netty.channel.ChannelManager - Adding key: http://localhost:50528 for channel [id: 0x60781551, L:/127.0.0.1:61421 - R:localhost/127.0.0.1:50528]
10:08:25.628 [Forwarding getCurrentUrl on session f21e2c352b079595c8ac384ad659b261 to remote] DEBUG org.asynchttpclient.netty.request.NettyRequestSender - Using pooled Channel '[id: 0x60781551, L:/127.0.0.1:61421 - R:localhost/127.0.0.1:50528]' for 'GET' to 'http://localhost:50528/session/f21e2c352b079595c8ac384ad659b261/url'
10:08:25.629 [Forwarding getCurrentUrl on session f21e2c352b079595c8ac384ad659b261 to remote] DEBUG org.asynchttpclient.netty.request.NettyRequestSender - Using open Channel [id: 0x60781551, L:/127.0.0.1:61421 - R:localhost/127.0.0.1:50528] for GET '/session/f21e2c352b079595c8ac384ad659b261/url'
10:08:25.632 [AsyncHttpClient-1-2] DEBUG org.asynchttpclient.netty.handler.HttpHandler - 

Request DefaultFullHttpRequest(decodeResult: success, version: HTTP/1.1, content: EmptyByteBufBE)
GET /session/f21e2c352b079595c8ac384ad659b261/url HTTP/1.1
User-Agent: selenium/4.4.0 (java windows)
Cache-Control: no-cache
Content-Type: application/json; charset=utf-8
host: localhost:50528
accept: */*

Response DefaultHttpResponse(decodeResult: success, version: HTTP/1.1)
HTTP/1.1 200 OK
Content-Type: application/json; charset=utf-8
cache-control: no-cache
content-length: 52

10:08:25.632 [AsyncHttpClient-1-2] DEBUG org.asynchttpclient.netty.channel.ChannelManager - Adding key: http://localhost:50528 for channel [id: 0x60781551, L:/127.0.0.1:61421 - R:localhost/127.0.0.1:50528]
10:08:25.633 [Forwarding screenshot on session f21e2c352b079595c8ac384ad659b261 to remote] DEBUG org.asynchttpclient.netty.request.NettyRequestSender - Using pooled Channel '[id: 0x60781551, L:/127.0.0.1:61421 - R:localhost/127.0.0.1:50528]' for 'GET' to 'http://localhost:50528/session/f21e2c352b079595c8ac384ad659b261/screenshot'
10:08:25.633 [Forwarding screenshot on session f21e2c352b079595c8ac384ad659b261 to remote] DEBUG org.asynchttpclient.netty.request.NettyRequestSender - Using open Channel [id: 0x60781551, L:/127.0.0.1:61421 - R:localhost/127.0.0.1:50528] for GET '/session/f21e2c352b079595c8ac384ad659b261/screenshot'
10:08:25.853 [AsyncHttpClient-1-2] DEBUG org.asynchttpclient.netty.handler.HttpHandler - 

Request DefaultFullHttpRequest(decodeResult: success, version: HTTP/1.1, content: EmptyByteBufBE)
GET /session/f21e2c352b079595c8ac384ad659b261/screenshot HTTP/1.1
User-Agent: selenium/4.4.0 (java windows)
Cache-Control: no-cache
Content-Type: application/json; charset=utf-8
host: localhost:50528
accept: */*

Response DefaultHttpResponse(decodeResult: success, version: HTTP/1.1)
HTTP/1.1 200 OK
Content-Type: application/json; charset=utf-8
cache-control: no-cache
content-length: 316072

10:08:25.854 [AsyncHttpClient-1-2] DEBUG org.asynchttpclient.netty.channel.ChannelManager - Adding key: http://localhost:50528 for channel [id: 0x60781551, L:/127.0.0.1:61421 - R:localhost/127.0.0.1:50528]
10:08:25.867 [Test worker] DEBUG net.serenitybdd.core.photography.Darkroom - Send negative for processing for C:\Users\juan.gomezv\IdeaProjects\sura\target\site\serenity\e44069ae212a02c6322b8bddc355adc221270edded46bd42546211af4a56801c.png
10:08:25.867 [Test worker] DEBUG net.thucydides.core.steps.StepInterceptor - STEP DONE: {0} clicks on #target
10:08:25.875 [Test worker] DEBUG net.thucydides.core.steps.StepInterceptor - STEP DONE: performAs
  ?[32mCuando ?[0m?[32m?[0m?[32m?[1mAlberto?[0m?[32m se autentica como un usuario de tipo ?[0m?[32m?[1m"STANDARD_USER"?[0m           ?[90m# sura.stepDefinitions.LoginSteps.elSeAutenticaComoUnUsuario(net.serenitybdd.screenplay.Actor,java.lang.String)?[0m
10:08:25.891 [Forwarding getPageSource on session f21e2c352b079595c8ac384ad659b261 to remote] DEBUG org.asynchttpclient.netty.request.NettyRequestSender - Using pooled Channel '[id: 0x60781551, L:/127.0.0.1:61421 - R:localhost/127.0.0.1:50528]' for 'POST' to 'http://localhost:50528/session/f21e2c352b079595c8ac384ad659b261/execute/sync'
10:08:25.891 [Forwarding getPageSource on session f21e2c352b079595c8ac384ad659b261 to remote] DEBUG org.asynchttpclient.netty.request.NettyRequestSender - Using open Channel [id: 0x60781551, L:/127.0.0.1:61421 - R:localhost/127.0.0.1:50528] for POST '/session/f21e2c352b079595c8ac384ad659b261/execute/sync'
10:08:25.897 [AsyncHttpClient-1-2] DEBUG org.asynchttpclient.netty.handler.HttpHandler - 

Request DefaultHttpRequest(decodeResult: success, version: HTTP/1.1)
POST /session/f21e2c352b079595c8ac384ad659b261/execute/sync HTTP/1.1
User-Agent: selenium/4.4.0 (java windows)
Content-Length: 176
Content-Type: application/json; charset=utf-8
host: localhost:50528
accept: */*

Response DefaultHttpResponse(decodeResult: success, version: HTTP/1.1)
HTTP/1.1 200 OK
Content-Type: application/json; charset=utf-8
cache-control: no-cache
content-length: 15254

10:08:25.897 [AsyncHttpClient-1-2] DEBUG org.asynchttpclient.netty.channel.ChannelManager - Adding key: http://localhost:50528 for channel [id: 0x60781551, L:/127.0.0.1:61421 - R:localhost/127.0.0.1:50528]
10:08:25.905 [Forwarding getCurrentUrl on session f21e2c352b079595c8ac384ad659b261 to remote] DEBUG org.asynchttpclient.netty.request.NettyRequestSender - Using pooled Channel '[id: 0x60781551, L:/127.0.0.1:61421 - R:localhost/127.0.0.1:50528]' for 'GET' to 'http://localhost:50528/session/f21e2c352b079595c8ac384ad659b261/url'
10:08:25.905 [Forwarding getCurrentUrl on session f21e2c352b079595c8ac384ad659b261 to remote] DEBUG org.asynchttpclient.netty.request.NettyRequestSender - Using open Channel [id: 0x60781551, L:/127.0.0.1:61421 - R:localhost/127.0.0.1:50528] for GET '/session/f21e2c352b079595c8ac384ad659b261/url'
10:08:25.910 [AsyncHttpClient-1-2] DEBUG org.asynchttpclient.netty.handler.HttpHandler - 

Request DefaultFullHttpRequest(decodeResult: success, version: HTTP/1.1, content: EmptyByteBufBE)
GET /session/f21e2c352b079595c8ac384ad659b261/url HTTP/1.1
User-Agent: selenium/4.4.0 (java windows)
Cache-Control: no-cache
Content-Type: application/json; charset=utf-8
host: localhost:50528
accept: */*

Response DefaultHttpResponse(decodeResult: success, version: HTTP/1.1)
HTTP/1.1 200 OK
Content-Type: application/json; charset=utf-8
cache-control: no-cache
content-length: 52

10:08:25.910 [AsyncHttpClient-1-2] DEBUG org.asynchttpclient.netty.channel.ChannelManager - Adding key: http://localhost:50528 for channel [id: 0x60781551, L:/127.0.0.1:61421 - R:localhost/127.0.0.1:50528]
10:08:25.961 [Forwarding getCurrentWindowHandle on session f21e2c352b079595c8ac384ad659b261 to remote] DEBUG org.asynchttpclient.netty.request.NettyRequestSender - Using pooled Channel '[id: 0x60781551, L:/127.0.0.1:61421 - R:localhost/127.0.0.1:50528]' for 'GET' to 'http://localhost:50528/session/f21e2c352b079595c8ac384ad659b261/window'
10:08:25.961 [Forwarding getCurrentWindowHandle on session f21e2c352b079595c8ac384ad659b261 to remote] DEBUG org.asynchttpclient.netty.request.NettyRequestSender - Using open Channel [id: 0x60781551, L:/127.0.0.1:61421 - R:localhost/127.0.0.1:50528] for GET '/session/f21e2c352b079595c8ac384ad659b261/window'
10:08:25.962 [AsyncHttpClient-1-2] DEBUG org.asynchttpclient.netty.handler.HttpHandler - 

Request DefaultFullHttpRequest(decodeResult: success, version: HTTP/1.1, content: EmptyByteBufBE)
GET /session/f21e2c352b079595c8ac384ad659b261/window HTTP/1.1
User-Agent: selenium/4.4.0 (java windows)
Cache-Control: no-cache
Content-Type: application/json; charset=utf-8
host: localhost:50528
accept: */*

Response DefaultHttpResponse(decodeResult: success, version: HTTP/1.1)
HTTP/1.1 200 OK
Content-Type: application/json; charset=utf-8
cache-control: no-cache
content-length: 53

10:08:25.962 [AsyncHttpClient-1-2] DEBUG org.asynchttpclient.netty.channel.ChannelManager - Adding key: http://localhost:50528 for channel [id: 0x60781551, L:/127.0.0.1:61421 - R:localhost/127.0.0.1:50528]
10:08:25.966 [Forwarding getAlertText on session f21e2c352b079595c8ac384ad659b261 to remote] DEBUG org.asynchttpclient.netty.request.NettyRequestSender - Using pooled Channel '[id: 0x60781551, L:/127.0.0.1:61421 - R:localhost/127.0.0.1:50528]' for 'GET' to 'http://localhost:50528/session/f21e2c352b079595c8ac384ad659b261/alert/text'
10:08:25.966 [Forwarding getAlertText on session f21e2c352b079595c8ac384ad659b261 to remote] DEBUG org.asynchttpclient.netty.request.NettyRequestSender - Using open Channel [id: 0x60781551, L:/127.0.0.1:61421 - R:localhost/127.0.0.1:50528] for GET '/session/f21e2c352b079595c8ac384ad659b261/alert/text'
10:08:25.969 [AsyncHttpClient-1-2] DEBUG org.asynchttpclient.netty.handler.HttpHandler - 

Request DefaultFullHttpRequest(decodeResult: success, version: HTTP/1.1, content: EmptyByteBufBE)
GET /session/f21e2c352b079595c8ac384ad659b261/alert/text HTTP/1.1
User-Agent: selenium/4.4.0 (java windows)
Cache-Control: no-cache
Content-Type: application/json; charset=utf-8
host: localhost:50528
accept: */*

Response DefaultHttpResponse(decodeResult: success, version: HTTP/1.1)
HTTP/1.1 404 Not Found
Content-Type: application/json; charset=utf-8
cache-control: no-cache
content-length: 879

10:08:25.969 [AsyncHttpClient-1-2] DEBUG org.asynchttpclient.netty.channel.ChannelManager - Adding key: http://localhost:50528 for channel [id: 0x60781551, L:/127.0.0.1:61421 - R:localhost/127.0.0.1:50528]
10:08:25.974 [Forwarding switchToWindow on session f21e2c352b079595c8ac384ad659b261 to remote] DEBUG org.asynchttpclient.netty.request.NettyRequestSender - Using pooled Channel '[id: 0x60781551, L:/127.0.0.1:61421 - R:localhost/127.0.0.1:50528]' for 'POST' to 'http://localhost:50528/session/f21e2c352b079595c8ac384ad659b261/window'
10:08:25.974 [Forwarding switchToWindow on session f21e2c352b079595c8ac384ad659b261 to remote] DEBUG org.asynchttpclient.netty.request.NettyRequestSender - Using open Channel [id: 0x60781551, L:/127.0.0.1:61421 - R:localhost/127.0.0.1:50528] for POST '/session/f21e2c352b079595c8ac384ad659b261/window'
10:08:25.978 [AsyncHttpClient-1-2] DEBUG org.asynchttpclient.netty.handler.HttpHandler - 

Request DefaultHttpRequest(decodeResult: success, version: HTTP/1.1)
POST /session/f21e2c352b079595c8ac384ad659b261/window HTTP/1.1
User-Agent: selenium/4.4.0 (java windows)
Content-Length: 59
Content-Type: application/json; charset=utf-8
host: localhost:50528
accept: */*

Response DefaultHttpResponse(decodeResult: success, version: HTTP/1.1)
HTTP/1.1 200 OK
Content-Type: application/json; charset=utf-8
cache-control: no-cache
content-length: 14

10:08:25.978 [AsyncHttpClient-1-2] DEBUG org.asynchttpclient.netty.channel.ChannelManager - Adding key: http://localhost:50528 for channel [id: 0x60781551, L:/127.0.0.1:61421 - R:localhost/127.0.0.1:50528]
10:08:25.979 [Forwarding getCurrentUrl on session f21e2c352b079595c8ac384ad659b261 to remote] DEBUG org.asynchttpclient.netty.request.NettyRequestSender - Using pooled Channel '[id: 0x60781551, L:/127.0.0.1:61421 - R:localhost/127.0.0.1:50528]' for 'GET' to 'http://localhost:50528/session/f21e2c352b079595c8ac384ad659b261/url'
10:08:25.979 [Forwarding getCurrentUrl on session f21e2c352b079595c8ac384ad659b261 to remote] DEBUG org.asynchttpclient.netty.request.NettyRequestSender - Using open Channel [id: 0x60781551, L:/127.0.0.1:61421 - R:localhost/127.0.0.1:50528] for GET '/session/f21e2c352b079595c8ac384ad659b261/url'
10:08:25.982 [AsyncHttpClient-1-2] DEBUG org.asynchttpclient.netty.handler.HttpHandler - 

Request DefaultFullHttpRequest(decodeResult: success, version: HTTP/1.1, content: EmptyByteBufBE)
GET /session/f21e2c352b079595c8ac384ad659b261/url HTTP/1.1
User-Agent: selenium/4.4.0 (java windows)
Cache-Control: no-cache
Content-Type: application/json; charset=utf-8
host: localhost:50528
accept: */*

Response DefaultHttpResponse(decodeResult: success, version: HTTP/1.1)
HTTP/1.1 200 OK
Content-Type: application/json; charset=utf-8
cache-control: no-cache
content-length: 52

10:08:25.983 [AsyncHttpClient-1-2] DEBUG org.asynchttpclient.netty.channel.ChannelManager - Adding key: http://localhost:50528 for channel [id: 0x60781551, L:/127.0.0.1:61421 - R:localhost/127.0.0.1:50528]
10:08:25.984 [Forwarding screenshot on session f21e2c352b079595c8ac384ad659b261 to remote] DEBUG org.asynchttpclient.netty.request.NettyRequestSender - Using pooled Channel '[id: 0x60781551, L:/127.0.0.1:61421 - R:localhost/127.0.0.1:50528]' for 'GET' to 'http://localhost:50528/session/f21e2c352b079595c8ac384ad659b261/screenshot'
10:08:25.984 [Forwarding screenshot on session f21e2c352b079595c8ac384ad659b261 to remote] DEBUG org.asynchttpclient.netty.request.NettyRequestSender - Using open Channel [id: 0x60781551, L:/127.0.0.1:61421 - R:localhost/127.0.0.1:50528] for GET '/session/f21e2c352b079595c8ac384ad659b261/screenshot'
10:08:26.086 [AsyncHttpClient-1-2] DEBUG org.asynchttpclient.netty.handler.HttpHandler - 

Request DefaultFullHttpRequest(decodeResult: success, version: HTTP/1.1, content: EmptyByteBufBE)
GET /session/f21e2c352b079595c8ac384ad659b261/screenshot HTTP/1.1
User-Agent: selenium/4.4.0 (java windows)
Cache-Control: no-cache
Content-Type: application/json; charset=utf-8
host: localhost:50528
accept: */*

Response DefaultHttpResponse(decodeResult: success, version: HTTP/1.1)
HTTP/1.1 200 OK
Content-Type: application/json; charset=utf-8
cache-control: no-cache
content-length: 316072

10:08:26.088 [AsyncHttpClient-1-2] DEBUG org.asynchttpclient.netty.channel.ChannelManager - Adding key: http://localhost:50528 for channel [id: 0x60781551, L:/127.0.0.1:61421 - R:localhost/127.0.0.1:50528]
10:08:26.093 [Test worker] DEBUG net.serenitybdd.core.photography.Darkroom - Send negative for processing for C:\Users\juan.gomezv\IdeaProjects\sura\target\site\serenity\e44069ae212a02c6322b8bddc355adc221270edded46bd42546211af4a56801c.png
10:08:26.097 [Forwarding getPageSource on session f21e2c352b079595c8ac384ad659b261 to remote] DEBUG org.asynchttpclient.netty.request.NettyRequestSender - Using pooled Channel '[id: 0x60781551, L:/127.0.0.1:61421 - R:localhost/127.0.0.1:50528]' for 'POST' to 'http://localhost:50528/session/f21e2c352b079595c8ac384ad659b261/execute/sync'
10:08:26.097 [Forwarding getPageSource on session f21e2c352b079595c8ac384ad659b261 to remote] DEBUG org.asynchttpclient.netty.request.NettyRequestSender - Using open Channel [id: 0x60781551, L:/127.0.0.1:61421 - R:localhost/127.0.0.1:50528] for POST '/session/f21e2c352b079595c8ac384ad659b261/execute/sync'
10:08:26.103 [AsyncHttpClient-1-2] DEBUG org.asynchttpclient.netty.handler.HttpHandler - 

Request DefaultHttpRequest(decodeResult: success, version: HTTP/1.1)
POST /session/f21e2c352b079595c8ac384ad659b261/execute/sync HTTP/1.1
User-Agent: selenium/4.4.0 (java windows)
Content-Length: 176
Content-Type: application/json; charset=utf-8
host: localhost:50528
accept: */*

Response DefaultHttpResponse(decodeResult: success, version: HTTP/1.1)
HTTP/1.1 200 OK
Content-Type: application/json; charset=utf-8
cache-control: no-cache
content-length: 15270

10:08:26.104 [AsyncHttpClient-1-2] DEBUG org.asynchttpclient.netty.channel.ChannelManager - Adding key: http://localhost:50528 for channel [id: 0x60781551, L:/127.0.0.1:61421 - R:localhost/127.0.0.1:50528]
10:08:26.110 [Forwarding getCurrentUrl on session f21e2c352b079595c8ac384ad659b261 to remote] DEBUG org.asynchttpclient.netty.request.NettyRequestSender - Using pooled Channel '[id: 0x60781551, L:/127.0.0.1:61421 - R:localhost/127.0.0.1:50528]' for 'GET' to 'http://localhost:50528/session/f21e2c352b079595c8ac384ad659b261/url'
10:08:26.110 [Forwarding getCurrentUrl on session f21e2c352b079595c8ac384ad659b261 to remote] DEBUG org.asynchttpclient.netty.request.NettyRequestSender - Using open Channel [id: 0x60781551, L:/127.0.0.1:61421 - R:localhost/127.0.0.1:50528] for GET '/session/f21e2c352b079595c8ac384ad659b261/url'
10:08:26.115 [AsyncHttpClient-1-2] DEBUG org.asynchttpclient.netty.handler.HttpHandler - 

Request DefaultFullHttpRequest(decodeResult: success, version: HTTP/1.1, content: EmptyByteBufBE)
GET /session/f21e2c352b079595c8ac384ad659b261/url HTTP/1.1
User-Agent: selenium/4.4.0 (java windows)
Cache-Control: no-cache
Content-Type: application/json; charset=utf-8
host: localhost:50528
accept: */*

Response DefaultHttpResponse(decodeResult: success, version: HTTP/1.1)
HTTP/1.1 200 OK
Content-Type: application/json; charset=utf-8
cache-control: no-cache
content-length: 52

10:08:26.115 [AsyncHttpClient-1-2] DEBUG org.asynchttpclient.netty.channel.ChannelManager - Adding key: http://localhost:50528 for channel [id: 0x60781551, L:/127.0.0.1:61421 - R:localhost/127.0.0.1:50528]
10:08:26.118 [Test worker] DEBUG net.thucydides.core.steps.StepInterceptor - STARTING STEP: LoginSteps.elDebeSerRedirigidoALaPaginaDe - {0} should see #description
10:08:26.120 [Test worker] DEBUG net.serenitybdd.screenplay.targets.IFrameSwitcher - default content already selected for product title
10:08:26.135 [Forwarding findElement on session f21e2c352b079595c8ac384ad659b261 to remote] DEBUG org.asynchttpclient.netty.request.NettyRequestSender - Using pooled Channel '[id: 0x60781551, L:/127.0.0.1:61421 - R:localhost/127.0.0.1:50528]' for 'POST' to 'http://localhost:50528/session/f21e2c352b079595c8ac384ad659b261/element'
10:08:26.135 [Forwarding findElement on session f21e2c352b079595c8ac384ad659b261 to remote] DEBUG org.asynchttpclient.netty.request.NettyRequestSender - Using open Channel [id: 0x60781551, L:/127.0.0.1:61421 - R:localhost/127.0.0.1:50528] for POST '/session/f21e2c352b079595c8ac384ad659b261/element'
10:08:26.144 [AsyncHttpClient-1-2] DEBUG org.asynchttpclient.netty.handler.HttpHandler - 

Request DefaultHttpRequest(decodeResult: success, version: HTTP/1.1)
POST /session/f21e2c352b079595c8ac384ad659b261/element HTTP/1.1
User-Agent: selenium/4.4.0 (java windows)
Content-Length: 78
Content-Type: application/json; charset=utf-8
host: localhost:50528
accept: */*

Response DefaultHttpResponse(decodeResult: success, version: HTTP/1.1)
HTTP/1.1 200 OK
Content-Type: application/json; charset=utf-8
cache-control: no-cache
content-length: 88

10:08:26.144 [AsyncHttpClient-1-2] DEBUG org.asynchttpclient.netty.channel.ChannelManager - Adding key: http://localhost:50528 for channel [id: 0x60781551, L:/127.0.0.1:61421 - R:localhost/127.0.0.1:50528]
10:08:26.145 [Forwarding getElementText on session f21e2c352b079595c8ac384ad659b261 to remote] DEBUG org.asynchttpclient.netty.request.NettyRequestSender - Using pooled Channel '[id: 0x60781551, L:/127.0.0.1:61421 - R:localhost/127.0.0.1:50528]' for 'GET' to 'http://localhost:50528/session/f21e2c352b079595c8ac384ad659b261/element/e7389bce-e244-4e1d-b484-1c49b8f4e4d0/text'
10:08:26.146 [Forwarding getElementText on session f21e2c352b079595c8ac384ad659b261 to remote] DEBUG org.asynchttpclient.netty.request.NettyRequestSender - Using open Channel [id: 0x60781551, L:/127.0.0.1:61421 - R:localhost/127.0.0.1:50528] for GET '/session/f21e2c352b079595c8ac384ad659b261/element/e7389bce-e244-4e1d-b484-1c49b8f4e4d0/text'
10:08:26.156 [AsyncHttpClient-1-2] DEBUG org.asynchttpclient.netty.handler.HttpHandler - 

Request DefaultFullHttpRequest(decodeResult: success, version: HTTP/1.1, content: EmptyByteBufBE)
GET /session/f21e2c352b079595c8ac384ad659b261/element/e7389bce-e244-4e1d-b484-1c49b8f4e4d0/text HTTP/1.1
User-Agent: selenium/4.4.0 (java windows)
Cache-Control: no-cache
Content-Type: application/json; charset=utf-8
host: localhost:50528
accept: */*

Response DefaultHttpResponse(decodeResult: success, version: HTTP/1.1)
HTTP/1.1 200 OK
Content-Type: application/json; charset=utf-8
cache-control: no-cache
content-length: 20

10:08:26.156 [AsyncHttpClient-1-2] DEBUG org.asynchttpclient.netty.channel.ChannelManager - Adding key: http://localhost:50528 for channel [id: 0x60781551, L:/127.0.0.1:61421 - R:localhost/127.0.0.1:50528]
10:08:26.170 [Forwarding getCurrentWindowHandle on session f21e2c352b079595c8ac384ad659b261 to remote] DEBUG org.asynchttpclient.netty.request.NettyRequestSender - Using pooled Channel '[id: 0x60781551, L:/127.0.0.1:61421 - R:localhost/127.0.0.1:50528]' for 'GET' to 'http://localhost:50528/session/f21e2c352b079595c8ac384ad659b261/window'
10:08:26.171 [Forwarding getCurrentWindowHandle on session f21e2c352b079595c8ac384ad659b261 to remote] DEBUG org.asynchttpclient.netty.request.NettyRequestSender - Using open Channel [id: 0x60781551, L:/127.0.0.1:61421 - R:localhost/127.0.0.1:50528] for GET '/session/f21e2c352b079595c8ac384ad659b261/window'
10:08:26.171 [AsyncHttpClient-1-2] DEBUG org.asynchttpclient.netty.handler.HttpHandler - 

Request DefaultFullHttpRequest(decodeResult: success, version: HTTP/1.1, content: EmptyByteBufBE)
GET /session/f21e2c352b079595c8ac384ad659b261/window HTTP/1.1
User-Agent: selenium/4.4.0 (java windows)
Cache-Control: no-cache
Content-Type: application/json; charset=utf-8
host: localhost:50528
accept: */*

Response DefaultHttpResponse(decodeResult: success, version: HTTP/1.1)
HTTP/1.1 200 OK
Content-Type: application/json; charset=utf-8
cache-control: no-cache
content-length: 53

10:08:26.172 [AsyncHttpClient-1-2] DEBUG org.asynchttpclient.netty.channel.ChannelManager - Adding key: http://localhost:50528 for channel [id: 0x60781551, L:/127.0.0.1:61421 - R:localhost/127.0.0.1:50528]
10:08:26.175 [Forwarding getAlertText on session f21e2c352b079595c8ac384ad659b261 to remote] DEBUG org.asynchttpclient.netty.request.NettyRequestSender - Using pooled Channel '[id: 0x60781551, L:/127.0.0.1:61421 - R:localhost/127.0.0.1:50528]' for 'GET' to 'http://localhost:50528/session/f21e2c352b079595c8ac384ad659b261/alert/text'
10:08:26.175 [Forwarding getAlertText on session f21e2c352b079595c8ac384ad659b261 to remote] DEBUG org.asynchttpclient.netty.request.NettyRequestSender - Using open Channel [id: 0x60781551, L:/127.0.0.1:61421 - R:localhost/127.0.0.1:50528] for GET '/session/f21e2c352b079595c8ac384ad659b261/alert/text'
10:08:26.179 [AsyncHttpClient-1-2] DEBUG org.asynchttpclient.netty.handler.HttpHandler - 

Request DefaultFullHttpRequest(decodeResult: success, version: HTTP/1.1, content: EmptyByteBufBE)
GET /session/f21e2c352b079595c8ac384ad659b261/alert/text HTTP/1.1
User-Agent: selenium/4.4.0 (java windows)
Cache-Control: no-cache
Content-Type: application/json; charset=utf-8
host: localhost:50528
accept: */*

Response DefaultHttpResponse(decodeResult: success, version: HTTP/1.1)
HTTP/1.1 404 Not Found
Content-Type: application/json; charset=utf-8
cache-control: no-cache
content-length: 879

10:08:26.179 [AsyncHttpClient-1-2] DEBUG org.asynchttpclient.netty.channel.ChannelManager - Adding key: http://localhost:50528 for channel [id: 0x60781551, L:/127.0.0.1:61421 - R:localhost/127.0.0.1:50528]
10:08:26.185 [Forwarding switchToWindow on session f21e2c352b079595c8ac384ad659b261 to remote] DEBUG org.asynchttpclient.netty.request.NettyRequestSender - Using pooled Channel '[id: 0x60781551, L:/127.0.0.1:61421 - R:localhost/127.0.0.1:50528]' for 'POST' to 'http://localhost:50528/session/f21e2c352b079595c8ac384ad659b261/window'
10:08:26.185 [Forwarding switchToWindow on session f21e2c352b079595c8ac384ad659b261 to remote] DEBUG org.asynchttpclient.netty.request.NettyRequestSender - Using open Channel [id: 0x60781551, L:/127.0.0.1:61421 - R:localhost/127.0.0.1:50528] for POST '/session/f21e2c352b079595c8ac384ad659b261/window'
10:08:26.188 [AsyncHttpClient-1-2] DEBUG org.asynchttpclient.netty.handler.HttpHandler - 

Request DefaultHttpRequest(decodeResult: success, version: HTTP/1.1)
POST /session/f21e2c352b079595c8ac384ad659b261/window HTTP/1.1
User-Agent: selenium/4.4.0 (java windows)
Content-Length: 59
Content-Type: application/json; charset=utf-8
host: localhost:50528
accept: */*

Response DefaultHttpResponse(decodeResult: success, version: HTTP/1.1)
HTTP/1.1 200 OK
Content-Type: application/json; charset=utf-8
cache-control: no-cache
content-length: 14

10:08:26.188 [AsyncHttpClient-1-2] DEBUG org.asynchttpclient.netty.channel.ChannelManager - Adding key: http://localhost:50528 for channel [id: 0x60781551, L:/127.0.0.1:61421 - R:localhost/127.0.0.1:50528]
10:08:26.189 [Forwarding getCurrentUrl on session f21e2c352b079595c8ac384ad659b261 to remote] DEBUG org.asynchttpclient.netty.request.NettyRequestSender - Using pooled Channel '[id: 0x60781551, L:/127.0.0.1:61421 - R:localhost/127.0.0.1:50528]' for 'GET' to 'http://localhost:50528/session/f21e2c352b079595c8ac384ad659b261/url'
10:08:26.190 [Forwarding getCurrentUrl on session f21e2c352b079595c8ac384ad659b261 to remote] DEBUG org.asynchttpclient.netty.request.NettyRequestSender - Using open Channel [id: 0x60781551, L:/127.0.0.1:61421 - R:localhost/127.0.0.1:50528] for GET '/session/f21e2c352b079595c8ac384ad659b261/url'
10:08:26.193 [AsyncHttpClient-1-2] DEBUG org.asynchttpclient.netty.handler.HttpHandler - 

Request DefaultFullHttpRequest(decodeResult: success, version: HTTP/1.1, content: EmptyByteBufBE)
GET /session/f21e2c352b079595c8ac384ad659b261/url HTTP/1.1
User-Agent: selenium/4.4.0 (java windows)
Cache-Control: no-cache
Content-Type: application/json; charset=utf-8
host: localhost:50528
accept: */*

Response DefaultHttpResponse(decodeResult: success, version: HTTP/1.1)
HTTP/1.1 200 OK
Content-Type: application/json; charset=utf-8
cache-control: no-cache
content-length: 52

10:08:26.194 [AsyncHttpClient-1-2] DEBUG org.asynchttpclient.netty.channel.ChannelManager - Adding key: http://localhost:50528 for channel [id: 0x60781551, L:/127.0.0.1:61421 - R:localhost/127.0.0.1:50528]
10:08:26.195 [Forwarding screenshot on session f21e2c352b079595c8ac384ad659b261 to remote] DEBUG org.asynchttpclient.netty.request.NettyRequestSender - Using pooled Channel '[id: 0x60781551, L:/127.0.0.1:61421 - R:localhost/127.0.0.1:50528]' for 'GET' to 'http://localhost:50528/session/f21e2c352b079595c8ac384ad659b261/screenshot'
10:08:26.195 [Forwarding screenshot on session f21e2c352b079595c8ac384ad659b261 to remote] DEBUG org.asynchttpclient.netty.request.NettyRequestSender - Using open Channel [id: 0x60781551, L:/127.0.0.1:61421 - R:localhost/127.0.0.1:50528] for GET '/session/f21e2c352b079595c8ac384ad659b261/screenshot'
10:08:26.290 [AsyncHttpClient-1-2] DEBUG org.asynchttpclient.netty.handler.HttpHandler - 

Request DefaultFullHttpRequest(decodeResult: success, version: HTTP/1.1, content: EmptyByteBufBE)
GET /session/f21e2c352b079595c8ac384ad659b261/screenshot HTTP/1.1
User-Agent: selenium/4.4.0 (java windows)
Cache-Control: no-cache
Content-Type: application/json; charset=utf-8
host: localhost:50528
accept: */*

Response DefaultHttpResponse(decodeResult: success, version: HTTP/1.1)
HTTP/1.1 200 OK
Content-Type: application/json; charset=utf-8
cache-control: no-cache
content-length: 316072

10:08:26.292 [AsyncHttpClient-1-2] DEBUG org.asynchttpclient.netty.channel.ChannelManager - Adding key: http://localhost:50528 for channel [id: 0x60781551, L:/127.0.0.1:61421 - R:localhost/127.0.0.1:50528]
10:08:26.297 [Test worker] DEBUG net.serenitybdd.core.photography.Darkroom - Send negative for processing for C:\Users\juan.gomezv\IdeaProjects\sura\target\site\serenity\e44069ae212a02c6322b8bddc355adc221270edded46bd42546211af4a56801c.png
10:08:26.297 [Test worker] DEBUG net.thucydides.core.steps.StepInterceptor - STEP DONE: {0} should see #description
  ?[32mEntonces ?[0m?[32m?[0m?[32m?[1mAlberto?[0m?[32m debe ser redirigido a la pagina de ?[0m?[32m?[1m"PRODUCTS"?[0m                ?[90m# sura.stepDefinitions.LoginSteps.elDebeSerRedirigidoALaPaginaDe(net.serenitybdd.screenplay.Actor,java.lang.String)?[0m
10:08:26.307 [AsyncHttpClient-1-1] DEBUG org.asynchttpclient.netty.channel.DefaultChannelPool - Entry count for : http://localhost:50528 : 1
10:08:26.307 [AsyncHttpClient-1-1] DEBUG org.asynchttpclient.netty.channel.DefaultChannelPool - Entry count for : http://localhost:61422 : 1
10:08:26.355 [Driver Command Executor] DEBUG org.asynchttpclient.netty.request.NettyRequestSender - Using pooled Channel '[id: 0x60781551, L:/127.0.0.1:61421 - R:localhost/127.0.0.1:50528]' for 'DELETE' to 'http://localhost:50528/session/f21e2c352b079595c8ac384ad659b261'
10:08:26.356 [Driver Command Executor] DEBUG org.asynchttpclient.netty.request.NettyRequestSender - Using open Channel [id: 0x60781551, L:/127.0.0.1:61421 - R:localhost/127.0.0.1:50528] for DELETE '/session/f21e2c352b079595c8ac384ad659b261'
10:08:26.357 [AsyncHttpClient-1-4] DEBUG org.asynchttpclient.netty.handler.WebSocketHandler - Channel Closed: [id: 0x4ffec522, L:/127.0.0.1:61430 ! R:localhost/127.0.0.1:61422] with attribute NettyResponseFuture{currentRetry=0,
	isDone=1,
	isCancelled=0,
	asyncHandler=org.asynchttpclient.ws.WebSocketUpgradeHandler@6f5472f4,
	nettyRequest=org.asynchttpclient.netty.request.NettyRequest@573b8734,
	future=java.util.concurrent.CompletableFuture@61ce628[Completed normally],
	uri=ws://localhost:61422/devtools/browser/c26a35ac-af4f-4ca0-ac3c-5af6c853af65,
	keepAlive=true,
	redirectCount=0,
	timeoutsHolder=null,
	inAuth=0,
	touch=1664204900599}
10:08:26.358 [AsyncHttpClient-1-4] DEBUG org.asynchttpclient.netty.channel.ChannelManager - Closing Channel [id: 0x4ffec522, L:/127.0.0.1:61430 ! R:localhost/127.0.0.1:61422] 
10:08:26.377 [AsyncHttpClient-1-3] DEBUG org.asynchttpclient.netty.handler.HttpHandler - Unexpected I/O exception on channel [id: 0x141c42f0, L:/127.0.0.1:61429 - R:localhost/127.0.0.1:61422]
java.net.SocketException: Connection reset
	at java.base/sun.nio.ch.SocketChannelImpl.throwConnectionReset(SocketChannelImpl.java:394)
	at java.base/sun.nio.ch.SocketChannelImpl.read(SocketChannelImpl.java:426)
	at io.netty.buffer.PooledByteBuf.setBytes(PooledByteBuf.java:258)
	at io.netty.buffer.AbstractByteBuf.writeBytes(AbstractByteBuf.java:1132)
	at io.netty.channel.socket.nio.NioSocketChannel.doReadBytes(NioSocketChannel.java:357)
	at io.netty.channel.nio.AbstractNioByteChannel$NioByteUnsafe.read(AbstractNioByteChannel.java:151)
	at io.netty.channel.nio.NioEventLoop.processSelectedKey(NioEventLoop.java:722)
	at io.netty.channel.nio.NioEventLoop.processSelectedKeysOptimized(NioEventLoop.java:658)
	at io.netty.channel.nio.NioEventLoop.processSelectedKeys(NioEventLoop.java:584)
	at io.netty.channel.nio.NioEventLoop.run(NioEventLoop.java:496)
	at io.netty.util.concurrent.SingleThreadEventExecutor$4.run(SingleThreadEventExecutor.java:997)
	at io.netty.util.internal.ThreadExecutorMap$2.run(ThreadExecutorMap.java:74)
	at io.netty.util.concurrent.FastThreadLocalRunnable.run(FastThreadLocalRunnable.java:30)
	at java.base/java.lang.Thread.run(Thread.java:833)
10:08:26.380 [AsyncHttpClient-1-3] DEBUG org.asynchttpclient.netty.channel.ChannelManager - Closing Channel [id: 0x141c42f0, L:/127.0.0.1:61429 - R:localhost/127.0.0.1:61422] 
10:08:26.381 [AsyncHttpClient-1-3] DEBUG org.asynchttpclient.netty.handler.HttpHandler - Channel Closed: [id: 0x141c42f0, L:/127.0.0.1:61429 ! R:localhost/127.0.0.1:61422] with attribute DISCARD
10:08:26.400 [AsyncHttpClient-1-2] DEBUG org.asynchttpclient.netty.handler.HttpHandler - 

Request DefaultFullHttpRequest(decodeResult: success, version: HTTP/1.1, content: EmptyByteBufBE)
DELETE /session/f21e2c352b079595c8ac384ad659b261 HTTP/1.1
User-Agent: selenium/4.4.0 (java windows)
Content-Type: application/json; charset=utf-8
host: localhost:50528
accept: */*

Response DefaultHttpResponse(decodeResult: success, version: HTTP/1.1)
HTTP/1.1 200 OK
Content-Type: application/json; charset=utf-8
cache-control: no-cache
content-length: 14

10:08:26.400 [AsyncHttpClient-1-2] DEBUG org.asynchttpclient.netty.channel.ChannelManager - Adding key: http://localhost:50528 for channel [id: 0x60781551, L:/127.0.0.1:61421 - R:localhost/127.0.0.1:50528]
10:08:26.456 [AsyncHttpClient-1-2] DEBUG org.asynchttpclient.netty.handler.HttpHandler - Channel Closed: [id: 0x60781551, L:/127.0.0.1:61421 ! R:localhost/127.0.0.1:50528] with attribute DISCARD
10:08:26.513 [Test worker] INFO  - 
  _____   ___   ___   _____     ___     _     ___   ___   ___   ___  
 |_   _| | __| / __| |_   _|   | _ \   /_\   / __| / __| | __| |   \ 
   | |   | _|  \__ \   | |     |  _/  / _ \  \__ \ \__ \ | _|  | |) |
   |_|   |___| |___/   |_|     |_|   /_/ \_\ |___/ |___/ |___| |___/ 

Usuario se auténtica con una cuenta activa
----------------------------------------------------------------------

Esquema del escenario: Usuario se autÃ©ntica con una cuenta activa               ?[90m# src/test/resources/features/login.feature:14?[0m
10:08:26.526 [Test worker] INFO io.cucumber.core.plugin.SerenityReporter - Running feature from file:///C:/Users/juan.gomezv/IdeaProjects/sura/src/test/resources/features/login.feature
10:08:26.536 [Test worker] DEBUG net.thucydides.core.steps.StepInterceptor - STARTING STEP: LoginSteps.albertoQuiereConsultarArticulosDeportivosEnLaWebDeLaMarcaSwag - {0} abre la aplicaciÃ³n
10:08:26.540 [Test worker] DEBUG net.thucydides.core.steps.StepInterceptor - STARTING STEP: NavigateTo.performAs - {0} opens the #targetPageName
10:08:26.596 [Test worker] INFO net.serenitybdd.core.webdriver.driverproviders.ChromeDriverProvider - Starting Chrome driver instance with capabilities:
10:08:26.596 [Test worker] INFO net.serenitybdd.core.webdriver.driverproviders.ChromeDriverProvider - Capabilities {acceptInsecureCerts: false, browserName: chrome, goog:chromeOptions: {args: [], extensions: []}}
10:08:26.647 [AsyncHttpClient-1-5] DEBUG org.asynchttpclient.netty.channel.NettyConnectListener - Using new Channel '[id: 0x40a5d69c, L:/127.0.0.1:61447 - R:localhost/127.0.0.1:59486]' for 'POST' to '/session'
10:08:27.200 [AsyncHttpClient-1-5] DEBUG org.asynchttpclient.netty.handler.HttpHandler - 

Request DefaultHttpRequest(decodeResult: success, version: HTTP/1.1)
POST /session HTTP/1.1
User-Agent: selenium/4.4.0 (java windows)
Content-Length: 437
Content-Type: application/json; charset=utf-8
host: localhost:59486
accept: */*

Response DefaultHttpResponse(decodeResult: success, version: HTTP/1.1)
HTTP/1.1 200 OK
Content-Type: application/json; charset=utf-8
cache-control: no-cache
content-length: 796

10:08:27.201 [AsyncHttpClient-1-5] DEBUG org.asynchttpclient.netty.channel.ChannelManager - Adding key: http://localhost:59486 for channel [id: 0x40a5d69c, L:/127.0.0.1:61447 - R:localhost/127.0.0.1:59486]
10:08:27.242 [AsyncHttpClient-1-6] DEBUG org.asynchttpclient.netty.channel.NettyConnectListener - Using new Channel '[id: 0x03771c77, L:/127.0.0.1:61454 - R:localhost/127.0.0.1:61448]' for 'GET' to '/json/version'
10:08:27.246 [AsyncHttpClient-1-6] DEBUG org.asynchttpclient.netty.handler.HttpHandler - 

Request DefaultFullHttpRequest(decodeResult: success, version: HTTP/1.1, content: EmptyByteBufBE)
GET /json/version HTTP/1.1
User-Agent: selenium/4.4.0 (java windows)
host: localhost:61448
accept: */*

Response DefaultHttpResponse(decodeResult: success, version: HTTP/1.1)
HTTP/1.1 200 OK
Content-Type: application/json; charset=UTF-8
content-length: 423

10:08:27.248 [AsyncHttpClient-1-6] DEBUG org.asynchttpclient.netty.channel.ChannelManager - Adding key: http://localhost:61448 for channel [id: 0x03771c77, L:/127.0.0.1:61454 - R:localhost/127.0.0.1:61448]
10:08:27.256 [AsyncHttpClient-1-7] DEBUG org.asynchttpclient.netty.channel.NettyConnectListener - Using new Channel '[id: 0x57ec013c, L:/127.0.0.1:61455 - R:localhost/127.0.0.1:61448]' for 'GET' to '/devtools/browser/5afd3f91-3740-4e51-86d5-5efeaac64b3c'
10:08:27.258 [AsyncHttpClient-1-7] DEBUG org.asynchttpclient.netty.handler.WebSocketHandler - 

Request DefaultFullHttpRequest(decodeResult: success, version: HTTP/1.1, content: EmptyByteBufBE)
GET /devtools/browser/5afd3f91-3740-4e51-86d5-5efeaac64b3c HTTP/1.1
upgrade: websocket
connection: upgrade
sec-websocket-key: gjyAIH9RCVgmY2zfFkHmRw==
sec-websocket-version: 13
origin: http://localhost:61448
host: localhost:61448
accept: */*
user-agent: AHC/2.1

Response DefaultHttpResponse(decodeResult: success, version: HTTP/1.1)
HTTP/1.1 101 WebSocket Protocol Handshake
Upgrade: WebSocket
Connection: Upgrade
Sec-WebSocket-Accept: MWMxJG28mRgDiII169hGG8u1T+o=

10:08:27.264 [Forwarding get on session 6c2f2478f3c3da725d8eddac865454c5 to remote] DEBUG org.asynchttpclient.netty.request.NettyRequestSender - Using pooled Channel '[id: 0x40a5d69c, L:/127.0.0.1:61447 - R:localhost/127.0.0.1:59486]' for 'POST' to 'http://localhost:59486/session/6c2f2478f3c3da725d8eddac865454c5/url'
10:08:27.265 [Forwarding get on session 6c2f2478f3c3da725d8eddac865454c5 to remote] DEBUG org.asynchttpclient.netty.request.NettyRequestSender - Using open Channel [id: 0x40a5d69c, L:/127.0.0.1:61447 - R:localhost/127.0.0.1:59486] for POST '/session/6c2f2478f3c3da725d8eddac865454c5/url'
10:08:27.410 [AsyncHttpClient-1-1] DEBUG org.asynchttpclient.netty.channel.DefaultChannelPool - Entry count for : http://localhost:50528 : 1
10:08:27.410 [AsyncHttpClient-1-1] DEBUG org.asynchttpclient.netty.channel.DefaultChannelPool - Entry count for : http://localhost:61448 : 1
10:08:27.410 [AsyncHttpClient-1-1] DEBUG org.asynchttpclient.netty.channel.DefaultChannelPool - Entry count for : http://localhost:61422 : 1
10:08:27.410 [AsyncHttpClient-1-1] DEBUG org.asynchttpclient.netty.channel.DefaultChannelPool - Adding Candidate expired Channel [id: 0x60781551, L:/127.0.0.1:61421 ! R:localhost/127.0.0.1:50528] isIdleTimeoutExpired=false isRemotelyClosed=true isTtlExpired=false
10:08:27.410 [AsyncHttpClient-1-1] DEBUG org.asynchttpclient.netty.channel.DefaultChannelPool - Closing Idle Channel [id: 0x60781551, L:/127.0.0.1:61421 ! R:localhost/127.0.0.1:50528]
10:08:27.411 [AsyncHttpClient-1-1] DEBUG org.asynchttpclient.netty.channel.DefaultChannelPool - Adding Candidate expired Channel [id: 0x141c42f0, L:/127.0.0.1:61429 ! R:localhost/127.0.0.1:61422] isIdleTimeoutExpired=false isRemotelyClosed=true isTtlExpired=false
10:08:27.411 [AsyncHttpClient-1-1] DEBUG org.asynchttpclient.netty.channel.DefaultChannelPool - Closing Idle Channel [id: 0x141c42f0, L:/127.0.0.1:61429 ! R:localhost/127.0.0.1:61422]
10:08:27.411 [AsyncHttpClient-1-1] DEBUG org.asynchttpclient.netty.channel.DefaultChannelPool - Closed 2 connections out of 3 in 1 ms
10:08:27.531 [AsyncHttpClient-1-5] DEBUG org.asynchttpclient.netty.handler.HttpHandler - 

Request DefaultHttpRequest(decodeResult: success, version: HTTP/1.1)
POST /session/6c2f2478f3c3da725d8eddac865454c5/url HTTP/1.1
User-Agent: selenium/4.4.0 (java windows)
Content-Length: 40
Content-Type: application/json; charset=utf-8
host: localhost:59486
accept: */*

Response DefaultHttpResponse(decodeResult: success, version: HTTP/1.1)
HTTP/1.1 200 OK
Content-Type: application/json; charset=utf-8
cache-control: no-cache
content-length: 14

10:08:27.531 [AsyncHttpClient-1-5] DEBUG org.asynchttpclient.netty.channel.ChannelManager - Adding key: http://localhost:59486 for channel [id: 0x40a5d69c, L:/127.0.0.1:61447 - R:localhost/127.0.0.1:59486]
10:08:27.536 [Forwarding setTimeout on session 6c2f2478f3c3da725d8eddac865454c5 to remote] DEBUG org.asynchttpclient.netty.request.NettyRequestSender - Using pooled Channel '[id: 0x40a5d69c, L:/127.0.0.1:61447 - R:localhost/127.0.0.1:59486]' for 'POST' to 'http://localhost:59486/session/6c2f2478f3c3da725d8eddac865454c5/timeouts'
10:08:27.537 [Forwarding setTimeout on session 6c2f2478f3c3da725d8eddac865454c5 to remote] DEBUG org.asynchttpclient.netty.request.NettyRequestSender - Using open Channel [id: 0x40a5d69c, L:/127.0.0.1:61447 - R:localhost/127.0.0.1:59486] for POST '/session/6c2f2478f3c3da725d8eddac865454c5/timeouts'
10:08:27.541 [AsyncHttpClient-1-5] DEBUG org.asynchttpclient.netty.handler.HttpHandler - 

Request DefaultHttpRequest(decodeResult: success, version: HTTP/1.1)
POST /session/6c2f2478f3c3da725d8eddac865454c5/timeouts HTTP/1.1
User-Agent: selenium/4.4.0 (java windows)
Content-Length: 22
Content-Type: application/json; charset=utf-8
host: localhost:59486
accept: */*

Response DefaultHttpResponse(decodeResult: success, version: HTTP/1.1)
HTTP/1.1 200 OK
Content-Type: application/json; charset=utf-8
cache-control: no-cache
content-length: 14

10:08:27.542 [AsyncHttpClient-1-5] DEBUG org.asynchttpclient.netty.channel.ChannelManager - Adding key: http://localhost:59486 for channel [id: 0x40a5d69c, L:/127.0.0.1:61447 - R:localhost/127.0.0.1:59486]
10:08:27.563 [Forwarding getCurrentUrl on session 6c2f2478f3c3da725d8eddac865454c5 to remote] DEBUG org.asynchttpclient.netty.request.NettyRequestSender - Using pooled Channel '[id: 0x40a5d69c, L:/127.0.0.1:61447 - R:localhost/127.0.0.1:59486]' for 'GET' to 'http://localhost:59486/session/6c2f2478f3c3da725d8eddac865454c5/url'
10:08:27.564 [Forwarding getCurrentUrl on session 6c2f2478f3c3da725d8eddac865454c5 to remote] DEBUG org.asynchttpclient.netty.request.NettyRequestSender - Using open Channel [id: 0x40a5d69c, L:/127.0.0.1:61447 - R:localhost/127.0.0.1:59486] for GET '/session/6c2f2478f3c3da725d8eddac865454c5/url'
10:08:27.577 [AsyncHttpClient-1-5] DEBUG org.asynchttpclient.netty.handler.HttpHandler - 

Request DefaultFullHttpRequest(decodeResult: success, version: HTTP/1.1, content: EmptyByteBufBE)
GET /session/6c2f2478f3c3da725d8eddac865454c5/url HTTP/1.1
User-Agent: selenium/4.4.0 (java windows)
Cache-Control: no-cache
Content-Type: application/json; charset=utf-8
host: localhost:59486
accept: */*

Response DefaultHttpResponse(decodeResult: success, version: HTTP/1.1)
HTTP/1.1 200 OK
Content-Type: application/json; charset=utf-8
cache-control: no-cache
content-length: 38

10:08:27.578 [AsyncHttpClient-1-5] DEBUG org.asynchttpclient.netty.channel.ChannelManager - Adding key: http://localhost:59486 for channel [id: 0x40a5d69c, L:/127.0.0.1:61447 - R:localhost/127.0.0.1:59486]
10:08:27.608 [Forwarding getCurrentUrl on session 6c2f2478f3c3da725d8eddac865454c5 to remote] DEBUG org.asynchttpclient.netty.request.NettyRequestSender - Using pooled Channel '[id: 0x40a5d69c, L:/127.0.0.1:61447 - R:localhost/127.0.0.1:59486]' for 'GET' to 'http://localhost:59486/session/6c2f2478f3c3da725d8eddac865454c5/url'
10:08:27.608 [Forwarding getCurrentUrl on session 6c2f2478f3c3da725d8eddac865454c5 to remote] DEBUG org.asynchttpclient.netty.request.NettyRequestSender - Using open Channel [id: 0x40a5d69c, L:/127.0.0.1:61447 - R:localhost/127.0.0.1:59486] for GET '/session/6c2f2478f3c3da725d8eddac865454c5/url'
10:08:27.628 [AsyncHttpClient-1-5] DEBUG org.asynchttpclient.netty.handler.HttpHandler - 

Request DefaultFullHttpRequest(decodeResult: success, version: HTTP/1.1, content: EmptyByteBufBE)
GET /session/6c2f2478f3c3da725d8eddac865454c5/url HTTP/1.1
User-Agent: selenium/4.4.0 (java windows)
Cache-Control: no-cache
Content-Type: application/json; charset=utf-8
host: localhost:59486
accept: */*

Response DefaultHttpResponse(decodeResult: success, version: HTTP/1.1)
HTTP/1.1 200 OK
Content-Type: application/json; charset=utf-8
cache-control: no-cache
content-length: 38

10:08:27.629 [AsyncHttpClient-1-5] DEBUG org.asynchttpclient.netty.channel.ChannelManager - Adding key: http://localhost:59486 for channel [id: 0x40a5d69c, L:/127.0.0.1:61447 - R:localhost/127.0.0.1:59486]
10:08:27.665 [Forwarding getCurrentWindowHandle on session 6c2f2478f3c3da725d8eddac865454c5 to remote] DEBUG org.asynchttpclient.netty.request.NettyRequestSender - Using pooled Channel '[id: 0x40a5d69c, L:/127.0.0.1:61447 - R:localhost/127.0.0.1:59486]' for 'GET' to 'http://localhost:59486/session/6c2f2478f3c3da725d8eddac865454c5/window'
10:08:27.665 [Forwarding getCurrentWindowHandle on session 6c2f2478f3c3da725d8eddac865454c5 to remote] DEBUG org.asynchttpclient.netty.request.NettyRequestSender - Using open Channel [id: 0x40a5d69c, L:/127.0.0.1:61447 - R:localhost/127.0.0.1:59486] for GET '/session/6c2f2478f3c3da725d8eddac865454c5/window'
10:08:27.666 [AsyncHttpClient-1-5] DEBUG org.asynchttpclient.netty.handler.HttpHandler - 

Request DefaultFullHttpRequest(decodeResult: success, version: HTTP/1.1, content: EmptyByteBufBE)
GET /session/6c2f2478f3c3da725d8eddac865454c5/window HTTP/1.1
User-Agent: selenium/4.4.0 (java windows)
Cache-Control: no-cache
Content-Type: application/json; charset=utf-8
host: localhost:59486
accept: */*

Response DefaultHttpResponse(decodeResult: success, version: HTTP/1.1)
HTTP/1.1 200 OK
Content-Type: application/json; charset=utf-8
cache-control: no-cache
content-length: 53

10:08:27.666 [AsyncHttpClient-1-5] DEBUG org.asynchttpclient.netty.channel.ChannelManager - Adding key: http://localhost:59486 for channel [id: 0x40a5d69c, L:/127.0.0.1:61447 - R:localhost/127.0.0.1:59486]
10:08:27.673 [Forwarding getAlertText on session 6c2f2478f3c3da725d8eddac865454c5 to remote] DEBUG org.asynchttpclient.netty.request.NettyRequestSender - Using pooled Channel '[id: 0x40a5d69c, L:/127.0.0.1:61447 - R:localhost/127.0.0.1:59486]' for 'GET' to 'http://localhost:59486/session/6c2f2478f3c3da725d8eddac865454c5/alert/text'
10:08:27.674 [Forwarding getAlertText on session 6c2f2478f3c3da725d8eddac865454c5 to remote] DEBUG org.asynchttpclient.netty.request.NettyRequestSender - Using open Channel [id: 0x40a5d69c, L:/127.0.0.1:61447 - R:localhost/127.0.0.1:59486] for GET '/session/6c2f2478f3c3da725d8eddac865454c5/alert/text'
10:08:27.675 [AsyncHttpClient-1-5] DEBUG org.asynchttpclient.netty.handler.HttpHandler - 

Request DefaultFullHttpRequest(decodeResult: success, version: HTTP/1.1, content: EmptyByteBufBE)
GET /session/6c2f2478f3c3da725d8eddac865454c5/alert/text HTTP/1.1
User-Agent: selenium/4.4.0 (java windows)
Cache-Control: no-cache
Content-Type: application/json; charset=utf-8
host: localhost:59486
accept: */*

Response DefaultHttpResponse(decodeResult: success, version: HTTP/1.1)
HTTP/1.1 404 Not Found
Content-Type: application/json; charset=utf-8
cache-control: no-cache
content-length: 879

10:08:27.676 [AsyncHttpClient-1-5] DEBUG org.asynchttpclient.netty.channel.ChannelManager - Adding key: http://localhost:59486 for channel [id: 0x40a5d69c, L:/127.0.0.1:61447 - R:localhost/127.0.0.1:59486]
10:08:27.684 [Forwarding switchToWindow on session 6c2f2478f3c3da725d8eddac865454c5 to remote] DEBUG org.asynchttpclient.netty.request.NettyRequestSender - Using pooled Channel '[id: 0x40a5d69c, L:/127.0.0.1:61447 - R:localhost/127.0.0.1:59486]' for 'POST' to 'http://localhost:59486/session/6c2f2478f3c3da725d8eddac865454c5/window'
10:08:27.685 [Forwarding switchToWindow on session 6c2f2478f3c3da725d8eddac865454c5 to remote] DEBUG org.asynchttpclient.netty.request.NettyRequestSender - Using open Channel [id: 0x40a5d69c, L:/127.0.0.1:61447 - R:localhost/127.0.0.1:59486] for POST '/session/6c2f2478f3c3da725d8eddac865454c5/window'
10:08:27.689 [AsyncHttpClient-1-5] DEBUG org.asynchttpclient.netty.handler.HttpHandler - 

Request DefaultHttpRequest(decodeResult: success, version: HTTP/1.1)
POST /session/6c2f2478f3c3da725d8eddac865454c5/window HTTP/1.1
User-Agent: selenium/4.4.0 (java windows)
Content-Length: 59
Content-Type: application/json; charset=utf-8
host: localhost:59486
accept: */*

Response DefaultHttpResponse(decodeResult: success, version: HTTP/1.1)
HTTP/1.1 200 OK
Content-Type: application/json; charset=utf-8
cache-control: no-cache
content-length: 14

10:08:27.690 [AsyncHttpClient-1-5] DEBUG org.asynchttpclient.netty.channel.ChannelManager - Adding key: http://localhost:59486 for channel [id: 0x40a5d69c, L:/127.0.0.1:61447 - R:localhost/127.0.0.1:59486]
10:08:27.691 [Forwarding getCurrentUrl on session 6c2f2478f3c3da725d8eddac865454c5 to remote] DEBUG org.asynchttpclient.netty.request.NettyRequestSender - Using pooled Channel '[id: 0x40a5d69c, L:/127.0.0.1:61447 - R:localhost/127.0.0.1:59486]' for 'GET' to 'http://localhost:59486/session/6c2f2478f3c3da725d8eddac865454c5/url'
10:08:27.691 [Forwarding getCurrentUrl on session 6c2f2478f3c3da725d8eddac865454c5 to remote] DEBUG org.asynchttpclient.netty.request.NettyRequestSender - Using open Channel [id: 0x40a5d69c, L:/127.0.0.1:61447 - R:localhost/127.0.0.1:59486] for GET '/session/6c2f2478f3c3da725d8eddac865454c5/url'
10:08:27.694 [AsyncHttpClient-1-5] DEBUG org.asynchttpclient.netty.handler.HttpHandler - 

Request DefaultFullHttpRequest(decodeResult: success, version: HTTP/1.1, content: EmptyByteBufBE)
GET /session/6c2f2478f3c3da725d8eddac865454c5/url HTTP/1.1
User-Agent: selenium/4.4.0 (java windows)
Cache-Control: no-cache
Content-Type: application/json; charset=utf-8
host: localhost:59486
accept: */*

Response DefaultHttpResponse(decodeResult: success, version: HTTP/1.1)
HTTP/1.1 200 OK
Content-Type: application/json; charset=utf-8
cache-control: no-cache
content-length: 38

10:08:27.695 [AsyncHttpClient-1-5] DEBUG org.asynchttpclient.netty.channel.ChannelManager - Adding key: http://localhost:59486 for channel [id: 0x40a5d69c, L:/127.0.0.1:61447 - R:localhost/127.0.0.1:59486]
10:08:27.696 [Forwarding screenshot on session 6c2f2478f3c3da725d8eddac865454c5 to remote] DEBUG org.asynchttpclient.netty.request.NettyRequestSender - Using pooled Channel '[id: 0x40a5d69c, L:/127.0.0.1:61447 - R:localhost/127.0.0.1:59486]' for 'GET' to 'http://localhost:59486/session/6c2f2478f3c3da725d8eddac865454c5/screenshot'
10:08:27.697 [Forwarding screenshot on session 6c2f2478f3c3da725d8eddac865454c5 to remote] DEBUG org.asynchttpclient.netty.request.NettyRequestSender - Using open Channel [id: 0x40a5d69c, L:/127.0.0.1:61447 - R:localhost/127.0.0.1:59486] for GET '/session/6c2f2478f3c3da725d8eddac865454c5/screenshot'
10:08:27.775 [AsyncHttpClient-1-5] DEBUG org.asynchttpclient.netty.handler.HttpHandler - 

Request DefaultFullHttpRequest(decodeResult: success, version: HTTP/1.1, content: EmptyByteBufBE)
GET /session/6c2f2478f3c3da725d8eddac865454c5/screenshot HTTP/1.1
User-Agent: selenium/4.4.0 (java windows)
Cache-Control: no-cache
Content-Type: application/json; charset=utf-8
host: localhost:59486
accept: */*

Response DefaultHttpResponse(decodeResult: success, version: HTTP/1.1)
HTTP/1.1 200 OK
Content-Type: application/json; charset=utf-8
cache-control: no-cache
content-length: 59108

10:08:27.776 [AsyncHttpClient-1-5] DEBUG org.asynchttpclient.netty.channel.ChannelManager - Adding key: http://localhost:59486 for channel [id: 0x40a5d69c, L:/127.0.0.1:61447 - R:localhost/127.0.0.1:59486]
10:08:27.779 [Test worker] DEBUG net.serenitybdd.core.photography.Darkroom - Send negative for processing for C:\Users\juan.gomezv\IdeaProjects\sura\target\site\serenity\60e3c498caf7a8fcf635471a5092c247627e1395d91e12246eaf1a3e7a34e095.png
10:08:27.779 [Test worker] DEBUG net.thucydides.core.steps.StepInterceptor - STEP DONE: {0} opens the #targetPageName
10:08:27.793 [Test worker] DEBUG net.thucydides.core.steps.StepInterceptor - STEP DONE: {0} abre la aplicaciÃ³n
  ?[32mDado ?[0m?[32m?[0m?[32m?[1mAlberto?[0m?[32m quiere consultar articulos deportivos en la web de la marca Swag?[0m ?[90m# sura.stepDefinitions.LoginSteps.albertoQuiereConsultarArticulosDeportivosEnLaWebDeLaMarcaSwag(net.serenitybdd.screenplay.Actor)?[0m
10:08:27.823 [Forwarding getPageSource on session 6c2f2478f3c3da725d8eddac865454c5 to remote] DEBUG org.asynchttpclient.netty.request.NettyRequestSender - Using pooled Channel '[id: 0x40a5d69c, L:/127.0.0.1:61447 - R:localhost/127.0.0.1:59486]' for 'POST' to 'http://localhost:59486/session/6c2f2478f3c3da725d8eddac865454c5/execute/sync'
10:08:27.823 [Forwarding getPageSource on session 6c2f2478f3c3da725d8eddac865454c5 to remote] DEBUG org.asynchttpclient.netty.request.NettyRequestSender - Using open Channel [id: 0x40a5d69c, L:/127.0.0.1:61447 - R:localhost/127.0.0.1:59486] for POST '/session/6c2f2478f3c3da725d8eddac865454c5/execute/sync'
10:08:27.827 [AsyncHttpClient-1-5] DEBUG org.asynchttpclient.netty.handler.HttpHandler - 

Request DefaultHttpRequest(decodeResult: success, version: HTTP/1.1)
POST /session/6c2f2478f3c3da725d8eddac865454c5/execute/sync HTTP/1.1
User-Agent: selenium/4.4.0 (java windows)
Content-Length: 176
Content-Type: application/json; charset=utf-8
host: localhost:59486
accept: */*

Response DefaultHttpResponse(decodeResult: success, version: HTTP/1.1)
HTTP/1.1 200 OK
Content-Type: application/json; charset=utf-8
cache-control: no-cache
content-length: 4160

10:08:27.828 [AsyncHttpClient-1-5] DEBUG org.asynchttpclient.netty.channel.ChannelManager - Adding key: http://localhost:59486 for channel [id: 0x40a5d69c, L:/127.0.0.1:61447 - R:localhost/127.0.0.1:59486]
10:08:27.830 [Forwarding getCurrentUrl on session 6c2f2478f3c3da725d8eddac865454c5 to remote] DEBUG org.asynchttpclient.netty.request.NettyRequestSender - Using pooled Channel '[id: 0x40a5d69c, L:/127.0.0.1:61447 - R:localhost/127.0.0.1:59486]' for 'GET' to 'http://localhost:59486/session/6c2f2478f3c3da725d8eddac865454c5/url'
10:08:27.830 [Forwarding getCurrentUrl on session 6c2f2478f3c3da725d8eddac865454c5 to remote] DEBUG org.asynchttpclient.netty.request.NettyRequestSender - Using open Channel [id: 0x40a5d69c, L:/127.0.0.1:61447 - R:localhost/127.0.0.1:59486] for GET '/session/6c2f2478f3c3da725d8eddac865454c5/url'
10:08:27.833 [AsyncHttpClient-1-5] DEBUG org.asynchttpclient.netty.handler.HttpHandler - 

Request DefaultFullHttpRequest(decodeResult: success, version: HTTP/1.1, content: EmptyByteBufBE)
GET /session/6c2f2478f3c3da725d8eddac865454c5/url HTTP/1.1
User-Agent: selenium/4.4.0 (java windows)
Cache-Control: no-cache
Content-Type: application/json; charset=utf-8
host: localhost:59486
accept: */*

Response DefaultHttpResponse(decodeResult: success, version: HTTP/1.1)
HTTP/1.1 200 OK
Content-Type: application/json; charset=utf-8
cache-control: no-cache
content-length: 38

10:08:27.834 [AsyncHttpClient-1-5] DEBUG org.asynchttpclient.netty.channel.ChannelManager - Adding key: http://localhost:59486 for channel [id: 0x40a5d69c, L:/127.0.0.1:61447 - R:localhost/127.0.0.1:59486]
10:08:27.857 [Forwarding getCurrentWindowHandle on session 6c2f2478f3c3da725d8eddac865454c5 to remote] DEBUG org.asynchttpclient.netty.request.NettyRequestSender - Using pooled Channel '[id: 0x40a5d69c, L:/127.0.0.1:61447 - R:localhost/127.0.0.1:59486]' for 'GET' to 'http://localhost:59486/session/6c2f2478f3c3da725d8eddac865454c5/window'
10:08:27.857 [Forwarding getCurrentWindowHandle on session 6c2f2478f3c3da725d8eddac865454c5 to remote] DEBUG org.asynchttpclient.netty.request.NettyRequestSender - Using open Channel [id: 0x40a5d69c, L:/127.0.0.1:61447 - R:localhost/127.0.0.1:59486] for GET '/session/6c2f2478f3c3da725d8eddac865454c5/window'
10:08:27.858 [AsyncHttpClient-1-5] DEBUG org.asynchttpclient.netty.handler.HttpHandler - 

Request DefaultFullHttpRequest(decodeResult: success, version: HTTP/1.1, content: EmptyByteBufBE)
GET /session/6c2f2478f3c3da725d8eddac865454c5/window HTTP/1.1
User-Agent: selenium/4.4.0 (java windows)
Cache-Control: no-cache
Content-Type: application/json; charset=utf-8
host: localhost:59486
accept: */*

Response DefaultHttpResponse(decodeResult: success, version: HTTP/1.1)
HTTP/1.1 200 OK
Content-Type: application/json; charset=utf-8
cache-control: no-cache
content-length: 53

10:08:27.858 [AsyncHttpClient-1-5] DEBUG org.asynchttpclient.netty.channel.ChannelManager - Adding key: http://localhost:59486 for channel [id: 0x40a5d69c, L:/127.0.0.1:61447 - R:localhost/127.0.0.1:59486]
10:08:27.863 [Forwarding getAlertText on session 6c2f2478f3c3da725d8eddac865454c5 to remote] DEBUG org.asynchttpclient.netty.request.NettyRequestSender - Using pooled Channel '[id: 0x40a5d69c, L:/127.0.0.1:61447 - R:localhost/127.0.0.1:59486]' for 'GET' to 'http://localhost:59486/session/6c2f2478f3c3da725d8eddac865454c5/alert/text'
10:08:27.863 [Forwarding getAlertText on session 6c2f2478f3c3da725d8eddac865454c5 to remote] DEBUG org.asynchttpclient.netty.request.NettyRequestSender - Using open Channel [id: 0x40a5d69c, L:/127.0.0.1:61447 - R:localhost/127.0.0.1:59486] for GET '/session/6c2f2478f3c3da725d8eddac865454c5/alert/text'
10:08:27.866 [AsyncHttpClient-1-5] DEBUG org.asynchttpclient.netty.handler.HttpHandler - 

Request DefaultFullHttpRequest(decodeResult: success, version: HTTP/1.1, content: EmptyByteBufBE)
GET /session/6c2f2478f3c3da725d8eddac865454c5/alert/text HTTP/1.1
User-Agent: selenium/4.4.0 (java windows)
Cache-Control: no-cache
Content-Type: application/json; charset=utf-8
host: localhost:59486
accept: */*

Response DefaultHttpResponse(decodeResult: success, version: HTTP/1.1)
HTTP/1.1 404 Not Found
Content-Type: application/json; charset=utf-8
cache-control: no-cache
content-length: 879

10:08:27.866 [AsyncHttpClient-1-5] DEBUG org.asynchttpclient.netty.channel.ChannelManager - Adding key: http://localhost:59486 for channel [id: 0x40a5d69c, L:/127.0.0.1:61447 - R:localhost/127.0.0.1:59486]
10:08:27.878 [Forwarding switchToWindow on session 6c2f2478f3c3da725d8eddac865454c5 to remote] DEBUG org.asynchttpclient.netty.request.NettyRequestSender - Using pooled Channel '[id: 0x40a5d69c, L:/127.0.0.1:61447 - R:localhost/127.0.0.1:59486]' for 'POST' to 'http://localhost:59486/session/6c2f2478f3c3da725d8eddac865454c5/window'
10:08:27.878 [Forwarding switchToWindow on session 6c2f2478f3c3da725d8eddac865454c5 to remote] DEBUG org.asynchttpclient.netty.request.NettyRequestSender - Using open Channel [id: 0x40a5d69c, L:/127.0.0.1:61447 - R:localhost/127.0.0.1:59486] for POST '/session/6c2f2478f3c3da725d8eddac865454c5/window'
10:08:27.880 [AsyncHttpClient-1-5] DEBUG org.asynchttpclient.netty.handler.HttpHandler - 

Request DefaultHttpRequest(decodeResult: success, version: HTTP/1.1)
POST /session/6c2f2478f3c3da725d8eddac865454c5/window HTTP/1.1
User-Agent: selenium/4.4.0 (java windows)
Content-Length: 59
Content-Type: application/json; charset=utf-8
host: localhost:59486
accept: */*

Response DefaultHttpResponse(decodeResult: success, version: HTTP/1.1)
HTTP/1.1 200 OK
Content-Type: application/json; charset=utf-8
cache-control: no-cache
content-length: 14

10:08:27.881 [AsyncHttpClient-1-5] DEBUG org.asynchttpclient.netty.channel.ChannelManager - Adding key: http://localhost:59486 for channel [id: 0x40a5d69c, L:/127.0.0.1:61447 - R:localhost/127.0.0.1:59486]
10:08:27.882 [Forwarding getCurrentUrl on session 6c2f2478f3c3da725d8eddac865454c5 to remote] DEBUG org.asynchttpclient.netty.request.NettyRequestSender - Using pooled Channel '[id: 0x40a5d69c, L:/127.0.0.1:61447 - R:localhost/127.0.0.1:59486]' for 'GET' to 'http://localhost:59486/session/6c2f2478f3c3da725d8eddac865454c5/url'
10:08:27.882 [Forwarding getCurrentUrl on session 6c2f2478f3c3da725d8eddac865454c5 to remote] DEBUG org.asynchttpclient.netty.request.NettyRequestSender - Using open Channel [id: 0x40a5d69c, L:/127.0.0.1:61447 - R:localhost/127.0.0.1:59486] for GET '/session/6c2f2478f3c3da725d8eddac865454c5/url'
10:08:27.885 [AsyncHttpClient-1-5] DEBUG org.asynchttpclient.netty.handler.HttpHandler - 

Request DefaultFullHttpRequest(decodeResult: success, version: HTTP/1.1, content: EmptyByteBufBE)
GET /session/6c2f2478f3c3da725d8eddac865454c5/url HTTP/1.1
User-Agent: selenium/4.4.0 (java windows)
Cache-Control: no-cache
Content-Type: application/json; charset=utf-8
host: localhost:59486
accept: */*

Response DefaultHttpResponse(decodeResult: success, version: HTTP/1.1)
HTTP/1.1 200 OK
Content-Type: application/json; charset=utf-8
cache-control: no-cache
content-length: 38

10:08:27.886 [AsyncHttpClient-1-5] DEBUG org.asynchttpclient.netty.channel.ChannelManager - Adding key: http://localhost:59486 for channel [id: 0x40a5d69c, L:/127.0.0.1:61447 - R:localhost/127.0.0.1:59486]
10:08:27.887 [Forwarding screenshot on session 6c2f2478f3c3da725d8eddac865454c5 to remote] DEBUG org.asynchttpclient.netty.request.NettyRequestSender - Using pooled Channel '[id: 0x40a5d69c, L:/127.0.0.1:61447 - R:localhost/127.0.0.1:59486]' for 'GET' to 'http://localhost:59486/session/6c2f2478f3c3da725d8eddac865454c5/screenshot'
10:08:27.888 [Forwarding screenshot on session 6c2f2478f3c3da725d8eddac865454c5 to remote] DEBUG org.asynchttpclient.netty.request.NettyRequestSender - Using open Channel [id: 0x40a5d69c, L:/127.0.0.1:61447 - R:localhost/127.0.0.1:59486] for GET '/session/6c2f2478f3c3da725d8eddac865454c5/screenshot'
10:08:27.955 [AsyncHttpClient-1-5] DEBUG org.asynchttpclient.netty.handler.HttpHandler - 

Request DefaultFullHttpRequest(decodeResult: success, version: HTTP/1.1, content: EmptyByteBufBE)
GET /session/6c2f2478f3c3da725d8eddac865454c5/screenshot HTTP/1.1
User-Agent: selenium/4.4.0 (java windows)
Cache-Control: no-cache
Content-Type: application/json; charset=utf-8
host: localhost:59486
accept: */*

Response DefaultHttpResponse(decodeResult: success, version: HTTP/1.1)
HTTP/1.1 200 OK
Content-Type: application/json; charset=utf-8
cache-control: no-cache
content-length: 59108

10:08:27.956 [AsyncHttpClient-1-5] DEBUG org.asynchttpclient.netty.channel.ChannelManager - Adding key: http://localhost:59486 for channel [id: 0x40a5d69c, L:/127.0.0.1:61447 - R:localhost/127.0.0.1:59486]
10:08:27.958 [Test worker] DEBUG net.serenitybdd.core.photography.Darkroom - Send negative for processing for C:\Users\juan.gomezv\IdeaProjects\sura\target\site\serenity\60e3c498caf7a8fcf635471a5092c247627e1395d91e12246eaf1a3e7a34e095.png
10:08:27.962 [Forwarding getPageSource on session 6c2f2478f3c3da725d8eddac865454c5 to remote] DEBUG org.asynchttpclient.netty.request.NettyRequestSender - Using pooled Channel '[id: 0x40a5d69c, L:/127.0.0.1:61447 - R:localhost/127.0.0.1:59486]' for 'POST' to 'http://localhost:59486/session/6c2f2478f3c3da725d8eddac865454c5/execute/sync'
10:08:27.963 [Forwarding getPageSource on session 6c2f2478f3c3da725d8eddac865454c5 to remote] DEBUG org.asynchttpclient.netty.request.NettyRequestSender - Using open Channel [id: 0x40a5d69c, L:/127.0.0.1:61447 - R:localhost/127.0.0.1:59486] for POST '/session/6c2f2478f3c3da725d8eddac865454c5/execute/sync'
10:08:27.966 [AsyncHttpClient-1-5] DEBUG org.asynchttpclient.netty.handler.HttpHandler - 

Request DefaultHttpRequest(decodeResult: success, version: HTTP/1.1)
POST /session/6c2f2478f3c3da725d8eddac865454c5/execute/sync HTTP/1.1
User-Agent: selenium/4.4.0 (java windows)
Content-Length: 176
Content-Type: application/json; charset=utf-8
host: localhost:59486
accept: */*

Response DefaultHttpResponse(decodeResult: success, version: HTTP/1.1)
HTTP/1.1 200 OK
Content-Type: application/json; charset=utf-8
cache-control: no-cache
content-length: 4160

10:08:27.966 [AsyncHttpClient-1-5] DEBUG org.asynchttpclient.netty.channel.ChannelManager - Adding key: http://localhost:59486 for channel [id: 0x40a5d69c, L:/127.0.0.1:61447 - R:localhost/127.0.0.1:59486]
10:08:27.968 [Forwarding getCurrentUrl on session 6c2f2478f3c3da725d8eddac865454c5 to remote] DEBUG org.asynchttpclient.netty.request.NettyRequestSender - Using pooled Channel '[id: 0x40a5d69c, L:/127.0.0.1:61447 - R:localhost/127.0.0.1:59486]' for 'GET' to 'http://localhost:59486/session/6c2f2478f3c3da725d8eddac865454c5/url'
10:08:27.968 [Forwarding getCurrentUrl on session 6c2f2478f3c3da725d8eddac865454c5 to remote] DEBUG org.asynchttpclient.netty.request.NettyRequestSender - Using open Channel [id: 0x40a5d69c, L:/127.0.0.1:61447 - R:localhost/127.0.0.1:59486] for GET '/session/6c2f2478f3c3da725d8eddac865454c5/url'
10:08:27.972 [AsyncHttpClient-1-5] DEBUG org.asynchttpclient.netty.handler.HttpHandler - 

Request DefaultFullHttpRequest(decodeResult: success, version: HTTP/1.1, content: EmptyByteBufBE)
GET /session/6c2f2478f3c3da725d8eddac865454c5/url HTTP/1.1
User-Agent: selenium/4.4.0 (java windows)
Cache-Control: no-cache
Content-Type: application/json; charset=utf-8
host: localhost:59486
accept: */*

Response DefaultHttpResponse(decodeResult: success, version: HTTP/1.1)
HTTP/1.1 200 OK
Content-Type: application/json; charset=utf-8
cache-control: no-cache
content-length: 38

10:08:27.973 [AsyncHttpClient-1-5] DEBUG org.asynchttpclient.netty.channel.ChannelManager - Adding key: http://localhost:59486 for channel [id: 0x40a5d69c, L:/127.0.0.1:61447 - R:localhost/127.0.0.1:59486]
10:08:27.975 [Test worker] DEBUG net.thucydides.core.steps.StepInterceptor - STARTING STEP: LoginSteps.elSeAutenticaComoUnUsuario - performAs
10:08:27.993 [Forwarding getPageSource on session 6c2f2478f3c3da725d8eddac865454c5 to remote] DEBUG org.asynchttpclient.netty.request.NettyRequestSender - Using pooled Channel '[id: 0x40a5d69c, L:/127.0.0.1:61447 - R:localhost/127.0.0.1:59486]' for 'POST' to 'http://localhost:59486/session/6c2f2478f3c3da725d8eddac865454c5/execute/sync'
10:08:27.993 [Forwarding getPageSource on session 6c2f2478f3c3da725d8eddac865454c5 to remote] DEBUG org.asynchttpclient.netty.request.NettyRequestSender - Using open Channel [id: 0x40a5d69c, L:/127.0.0.1:61447 - R:localhost/127.0.0.1:59486] for POST '/session/6c2f2478f3c3da725d8eddac865454c5/execute/sync'
10:08:27.997 [AsyncHttpClient-1-5] DEBUG org.asynchttpclient.netty.handler.HttpHandler - 

Request DefaultHttpRequest(decodeResult: success, version: HTTP/1.1)
POST /session/6c2f2478f3c3da725d8eddac865454c5/execute/sync HTTP/1.1
User-Agent: selenium/4.4.0 (java windows)
Content-Length: 176
Content-Type: application/json; charset=utf-8
host: localhost:59486
accept: */*

Response DefaultHttpResponse(decodeResult: success, version: HTTP/1.1)
HTTP/1.1 200 OK
Content-Type: application/json; charset=utf-8
cache-control: no-cache
content-length: 4160

10:08:27.997 [AsyncHttpClient-1-5] DEBUG org.asynchttpclient.netty.channel.ChannelManager - Adding key: http://localhost:59486 for channel [id: 0x40a5d69c, L:/127.0.0.1:61447 - R:localhost/127.0.0.1:59486]
10:08:27.999 [Forwarding getCurrentUrl on session 6c2f2478f3c3da725d8eddac865454c5 to remote] DEBUG org.asynchttpclient.netty.request.NettyRequestSender - Using pooled Channel '[id: 0x40a5d69c, L:/127.0.0.1:61447 - R:localhost/127.0.0.1:59486]' for 'GET' to 'http://localhost:59486/session/6c2f2478f3c3da725d8eddac865454c5/url'
10:08:27.999 [Forwarding getCurrentUrl on session 6c2f2478f3c3da725d8eddac865454c5 to remote] DEBUG org.asynchttpclient.netty.request.NettyRequestSender - Using open Channel [id: 0x40a5d69c, L:/127.0.0.1:61447 - R:localhost/127.0.0.1:59486] for GET '/session/6c2f2478f3c3da725d8eddac865454c5/url'
10:08:28.002 [AsyncHttpClient-1-5] DEBUG org.asynchttpclient.netty.handler.HttpHandler - 

Request DefaultFullHttpRequest(decodeResult: success, version: HTTP/1.1, content: EmptyByteBufBE)
GET /session/6c2f2478f3c3da725d8eddac865454c5/url HTTP/1.1
User-Agent: selenium/4.4.0 (java windows)
Cache-Control: no-cache
Content-Type: application/json; charset=utf-8
host: localhost:59486
accept: */*

Response DefaultHttpResponse(decodeResult: success, version: HTTP/1.1)
HTTP/1.1 200 OK
Content-Type: application/json; charset=utf-8
cache-control: no-cache
content-length: 38

10:08:28.002 [AsyncHttpClient-1-5] DEBUG org.asynchttpclient.netty.channel.ChannelManager - Adding key: http://localhost:59486 for channel [id: 0x40a5d69c, L:/127.0.0.1:61447 - R:localhost/127.0.0.1:59486]
10:08:28.004 [Test worker] DEBUG net.thucydides.core.steps.StepInterceptor - STARTING STEP: LogIn.performAs - {0} enters #theTextAsAString into #target
10:08:28.009 [Test worker] DEBUG net.serenitybdd.screenplay.targets.IFrameSwitcher - default content already selected for UsernameTextBox
10:08:28.022 [Forwarding findElement on session 6c2f2478f3c3da725d8eddac865454c5 to remote] DEBUG org.asynchttpclient.netty.request.NettyRequestSender - Using pooled Channel '[id: 0x40a5d69c, L:/127.0.0.1:61447 - R:localhost/127.0.0.1:59486]' for 'POST' to 'http://localhost:59486/session/6c2f2478f3c3da725d8eddac865454c5/element'
10:08:28.022 [Forwarding findElement on session 6c2f2478f3c3da725d8eddac865454c5 to remote] DEBUG org.asynchttpclient.netty.request.NettyRequestSender - Using open Channel [id: 0x40a5d69c, L:/127.0.0.1:61447 - R:localhost/127.0.0.1:59486] for POST '/session/6c2f2478f3c3da725d8eddac865454c5/element'
10:08:28.031 [AsyncHttpClient-1-5] DEBUG org.asynchttpclient.netty.handler.HttpHandler - 

Request DefaultHttpRequest(decodeResult: success, version: HTTP/1.1)
POST /session/6c2f2478f3c3da725d8eddac865454c5/element HTTP/1.1
User-Agent: selenium/4.4.0 (java windows)
Content-Length: 67
Content-Type: application/json; charset=utf-8
host: localhost:59486
accept: */*

Response DefaultHttpResponse(decodeResult: success, version: HTTP/1.1)
HTTP/1.1 200 OK
Content-Type: application/json; charset=utf-8
cache-control: no-cache
content-length: 88

10:08:28.031 [AsyncHttpClient-1-5] DEBUG org.asynchttpclient.netty.channel.ChannelManager - Adding key: http://localhost:59486 for channel [id: 0x40a5d69c, L:/127.0.0.1:61447 - R:localhost/127.0.0.1:59486]
10:08:28.032 [Forwarding clearElement on session 6c2f2478f3c3da725d8eddac865454c5 to remote] DEBUG org.asynchttpclient.netty.request.NettyRequestSender - Using pooled Channel '[id: 0x40a5d69c, L:/127.0.0.1:61447 - R:localhost/127.0.0.1:59486]' for 'POST' to 'http://localhost:59486/session/6c2f2478f3c3da725d8eddac865454c5/element/540f5c8a-18e6-427e-b382-f67529ec394b/clear'
10:08:28.033 [Forwarding clearElement on session 6c2f2478f3c3da725d8eddac865454c5 to remote] DEBUG org.asynchttpclient.netty.request.NettyRequestSender - Using open Channel [id: 0x40a5d69c, L:/127.0.0.1:61447 - R:localhost/127.0.0.1:59486] for POST '/session/6c2f2478f3c3da725d8eddac865454c5/element/540f5c8a-18e6-427e-b382-f67529ec394b/clear'
10:08:28.058 [AsyncHttpClient-1-5] DEBUG org.asynchttpclient.netty.handler.HttpHandler - 

Request DefaultHttpRequest(decodeResult: success, version: HTTP/1.1)
POST /session/6c2f2478f3c3da725d8eddac865454c5/element/540f5c8a-18e6-427e-b382-f67529ec394b/clear HTTP/1.1
User-Agent: selenium/4.4.0 (java windows)
Content-Length: 50
Content-Type: application/json; charset=utf-8
host: localhost:59486
accept: */*

Response DefaultHttpResponse(decodeResult: success, version: HTTP/1.1)
HTTP/1.1 200 OK
Content-Type: application/json; charset=utf-8
cache-control: no-cache
content-length: 14

10:08:28.058 [AsyncHttpClient-1-5] DEBUG org.asynchttpclient.netty.channel.ChannelManager - Adding key: http://localhost:59486 for channel [id: 0x40a5d69c, L:/127.0.0.1:61447 - R:localhost/127.0.0.1:59486]
10:08:28.064 [Forwarding sendKeysToElement on session 6c2f2478f3c3da725d8eddac865454c5 to remote] DEBUG org.asynchttpclient.netty.request.NettyRequestSender - Using pooled Channel '[id: 0x40a5d69c, L:/127.0.0.1:61447 - R:localhost/127.0.0.1:59486]' for 'POST' to 'http://localhost:59486/session/6c2f2478f3c3da725d8eddac865454c5/element/540f5c8a-18e6-427e-b382-f67529ec394b/value'
10:08:28.064 [Forwarding sendKeysToElement on session 6c2f2478f3c3da725d8eddac865454c5 to remote] DEBUG org.asynchttpclient.netty.request.NettyRequestSender - Using open Channel [id: 0x40a5d69c, L:/127.0.0.1:61447 - R:localhost/127.0.0.1:59486] for POST '/session/6c2f2478f3c3da725d8eddac865454c5/element/540f5c8a-18e6-427e-b382-f67529ec394b/value'
10:08:28.131 [AsyncHttpClient-1-5] DEBUG org.asynchttpclient.netty.handler.HttpHandler - 

Request DefaultHttpRequest(decodeResult: success, version: HTTP/1.1)
POST /session/6c2f2478f3c3da725d8eddac865454c5/element/540f5c8a-18e6-427e-b382-f67529ec394b/value HTTP/1.1
User-Agent: selenium/4.4.0 (java windows)
Content-Length: 201
Content-Type: application/json; charset=utf-8
host: localhost:59486
accept: */*

Response DefaultHttpResponse(decodeResult: success, version: HTTP/1.1)
HTTP/1.1 200 OK
Content-Type: application/json; charset=utf-8
cache-control: no-cache
content-length: 14

10:08:28.132 [AsyncHttpClient-1-5] DEBUG org.asynchttpclient.netty.channel.ChannelManager - Adding key: http://localhost:59486 for channel [id: 0x40a5d69c, L:/127.0.0.1:61447 - R:localhost/127.0.0.1:59486]
10:08:28.160 [Forwarding getCurrentWindowHandle on session 6c2f2478f3c3da725d8eddac865454c5 to remote] DEBUG org.asynchttpclient.netty.request.NettyRequestSender - Using pooled Channel '[id: 0x40a5d69c, L:/127.0.0.1:61447 - R:localhost/127.0.0.1:59486]' for 'GET' to 'http://localhost:59486/session/6c2f2478f3c3da725d8eddac865454c5/window'
10:08:28.161 [Forwarding getCurrentWindowHandle on session 6c2f2478f3c3da725d8eddac865454c5 to remote] DEBUG org.asynchttpclient.netty.request.NettyRequestSender - Using open Channel [id: 0x40a5d69c, L:/127.0.0.1:61447 - R:localhost/127.0.0.1:59486] for GET '/session/6c2f2478f3c3da725d8eddac865454c5/window'
10:08:28.161 [AsyncHttpClient-1-5] DEBUG org.asynchttpclient.netty.handler.HttpHandler - 

Request DefaultFullHttpRequest(decodeResult: success, version: HTTP/1.1, content: EmptyByteBufBE)
GET /session/6c2f2478f3c3da725d8eddac865454c5/window HTTP/1.1
User-Agent: selenium/4.4.0 (java windows)
Cache-Control: no-cache
Content-Type: application/json; charset=utf-8
host: localhost:59486
accept: */*

Response DefaultHttpResponse(decodeResult: success, version: HTTP/1.1)
HTTP/1.1 200 OK
Content-Type: application/json; charset=utf-8
cache-control: no-cache
content-length: 53

10:08:28.162 [AsyncHttpClient-1-5] DEBUG org.asynchttpclient.netty.channel.ChannelManager - Adding key: http://localhost:59486 for channel [id: 0x40a5d69c, L:/127.0.0.1:61447 - R:localhost/127.0.0.1:59486]
10:08:28.166 [Forwarding getAlertText on session 6c2f2478f3c3da725d8eddac865454c5 to remote] DEBUG org.asynchttpclient.netty.request.NettyRequestSender - Using pooled Channel '[id: 0x40a5d69c, L:/127.0.0.1:61447 - R:localhost/127.0.0.1:59486]' for 'GET' to 'http://localhost:59486/session/6c2f2478f3c3da725d8eddac865454c5/alert/text'
10:08:28.166 [Forwarding getAlertText on session 6c2f2478f3c3da725d8eddac865454c5 to remote] DEBUG org.asynchttpclient.netty.request.NettyRequestSender - Using open Channel [id: 0x40a5d69c, L:/127.0.0.1:61447 - R:localhost/127.0.0.1:59486] for GET '/session/6c2f2478f3c3da725d8eddac865454c5/alert/text'
10:08:28.168 [AsyncHttpClient-1-5] DEBUG org.asynchttpclient.netty.handler.HttpHandler - 

Request DefaultFullHttpRequest(decodeResult: success, version: HTTP/1.1, content: EmptyByteBufBE)
GET /session/6c2f2478f3c3da725d8eddac865454c5/alert/text HTTP/1.1
User-Agent: selenium/4.4.0 (java windows)
Cache-Control: no-cache
Content-Type: application/json; charset=utf-8
host: localhost:59486
accept: */*

Response DefaultHttpResponse(decodeResult: success, version: HTTP/1.1)
HTTP/1.1 404 Not Found
Content-Type: application/json; charset=utf-8
cache-control: no-cache
content-length: 879

10:08:28.169 [AsyncHttpClient-1-5] DEBUG org.asynchttpclient.netty.channel.ChannelManager - Adding key: http://localhost:59486 for channel [id: 0x40a5d69c, L:/127.0.0.1:61447 - R:localhost/127.0.0.1:59486]
10:08:28.174 [Forwarding switchToWindow on session 6c2f2478f3c3da725d8eddac865454c5 to remote] DEBUG org.asynchttpclient.netty.request.NettyRequestSender - Using pooled Channel '[id: 0x40a5d69c, L:/127.0.0.1:61447 - R:localhost/127.0.0.1:59486]' for 'POST' to 'http://localhost:59486/session/6c2f2478f3c3da725d8eddac865454c5/window'
10:08:28.175 [Forwarding switchToWindow on session 6c2f2478f3c3da725d8eddac865454c5 to remote] DEBUG org.asynchttpclient.netty.request.NettyRequestSender - Using open Channel [id: 0x40a5d69c, L:/127.0.0.1:61447 - R:localhost/127.0.0.1:59486] for POST '/session/6c2f2478f3c3da725d8eddac865454c5/window'
10:08:28.177 [AsyncHttpClient-1-5] DEBUG org.asynchttpclient.netty.handler.HttpHandler - 

Request DefaultHttpRequest(decodeResult: success, version: HTTP/1.1)
POST /session/6c2f2478f3c3da725d8eddac865454c5/window HTTP/1.1
User-Agent: selenium/4.4.0 (java windows)
Content-Length: 59
Content-Type: application/json; charset=utf-8
host: localhost:59486
accept: */*

Response DefaultHttpResponse(decodeResult: success, version: HTTP/1.1)
HTTP/1.1 200 OK
Content-Type: application/json; charset=utf-8
cache-control: no-cache
content-length: 14

10:08:28.177 [AsyncHttpClient-1-5] DEBUG org.asynchttpclient.netty.channel.ChannelManager - Adding key: http://localhost:59486 for channel [id: 0x40a5d69c, L:/127.0.0.1:61447 - R:localhost/127.0.0.1:59486]
10:08:28.178 [Forwarding getCurrentUrl on session 6c2f2478f3c3da725d8eddac865454c5 to remote] DEBUG org.asynchttpclient.netty.request.NettyRequestSender - Using pooled Channel '[id: 0x40a5d69c, L:/127.0.0.1:61447 - R:localhost/127.0.0.1:59486]' for 'GET' to 'http://localhost:59486/session/6c2f2478f3c3da725d8eddac865454c5/url'
10:08:28.178 [Forwarding getCurrentUrl on session 6c2f2478f3c3da725d8eddac865454c5 to remote] DEBUG org.asynchttpclient.netty.request.NettyRequestSender - Using open Channel [id: 0x40a5d69c, L:/127.0.0.1:61447 - R:localhost/127.0.0.1:59486] for GET '/session/6c2f2478f3c3da725d8eddac865454c5/url'
10:08:28.181 [AsyncHttpClient-1-5] DEBUG org.asynchttpclient.netty.handler.HttpHandler - 

Request DefaultFullHttpRequest(decodeResult: success, version: HTTP/1.1, content: EmptyByteBufBE)
GET /session/6c2f2478f3c3da725d8eddac865454c5/url HTTP/1.1
User-Agent: selenium/4.4.0 (java windows)
Cache-Control: no-cache
Content-Type: application/json; charset=utf-8
host: localhost:59486
accept: */*

Response DefaultHttpResponse(decodeResult: success, version: HTTP/1.1)
HTTP/1.1 200 OK
Content-Type: application/json; charset=utf-8
cache-control: no-cache
content-length: 38

10:08:28.181 [AsyncHttpClient-1-5] DEBUG org.asynchttpclient.netty.channel.ChannelManager - Adding key: http://localhost:59486 for channel [id: 0x40a5d69c, L:/127.0.0.1:61447 - R:localhost/127.0.0.1:59486]
10:08:28.182 [Forwarding screenshot on session 6c2f2478f3c3da725d8eddac865454c5 to remote] DEBUG org.asynchttpclient.netty.request.NettyRequestSender - Using pooled Channel '[id: 0x40a5d69c, L:/127.0.0.1:61447 - R:localhost/127.0.0.1:59486]' for 'GET' to 'http://localhost:59486/session/6c2f2478f3c3da725d8eddac865454c5/screenshot'
10:08:28.182 [Forwarding screenshot on session 6c2f2478f3c3da725d8eddac865454c5 to remote] DEBUG org.asynchttpclient.netty.request.NettyRequestSender - Using open Channel [id: 0x40a5d69c, L:/127.0.0.1:61447 - R:localhost/127.0.0.1:59486] for GET '/session/6c2f2478f3c3da725d8eddac865454c5/screenshot'
10:08:28.251 [AsyncHttpClient-1-5] DEBUG org.asynchttpclient.netty.handler.HttpHandler - 

Request DefaultFullHttpRequest(decodeResult: success, version: HTTP/1.1, content: EmptyByteBufBE)
GET /session/6c2f2478f3c3da725d8eddac865454c5/screenshot HTTP/1.1
User-Agent: selenium/4.4.0 (java windows)
Cache-Control: no-cache
Content-Type: application/json; charset=utf-8
host: localhost:59486
accept: */*

Response DefaultHttpResponse(decodeResult: success, version: HTTP/1.1)
HTTP/1.1 200 OK
Content-Type: application/json; charset=utf-8
cache-control: no-cache
content-length: 59704

10:08:28.251 [AsyncHttpClient-1-5] DEBUG org.asynchttpclient.netty.channel.ChannelManager - Adding key: http://localhost:59486 for channel [id: 0x40a5d69c, L:/127.0.0.1:61447 - R:localhost/127.0.0.1:59486]
10:08:28.253 [Test worker] DEBUG net.serenitybdd.core.photography.Darkroom - Send negative for processing for C:\Users\juan.gomezv\IdeaProjects\sura\target\site\serenity\f890de561ffed9ecf08f6e3555b5e83042adec236401f7026f10e932656b6375.png
10:08:28.253 [Test worker] DEBUG net.thucydides.core.steps.StepInterceptor - STEP DONE: {0} enters #theTextAsAString into #target
10:08:28.264 [Forwarding getPageSource on session 6c2f2478f3c3da725d8eddac865454c5 to remote] DEBUG org.asynchttpclient.netty.request.NettyRequestSender - Using pooled Channel '[id: 0x40a5d69c, L:/127.0.0.1:61447 - R:localhost/127.0.0.1:59486]' for 'POST' to 'http://localhost:59486/session/6c2f2478f3c3da725d8eddac865454c5/execute/sync'
10:08:28.264 [Forwarding getPageSource on session 6c2f2478f3c3da725d8eddac865454c5 to remote] DEBUG org.asynchttpclient.netty.request.NettyRequestSender - Using open Channel [id: 0x40a5d69c, L:/127.0.0.1:61447 - R:localhost/127.0.0.1:59486] for POST '/session/6c2f2478f3c3da725d8eddac865454c5/execute/sync'
10:08:28.268 [AsyncHttpClient-1-5] DEBUG org.asynchttpclient.netty.handler.HttpHandler - 

Request DefaultHttpRequest(decodeResult: success, version: HTTP/1.1)
POST /session/6c2f2478f3c3da725d8eddac865454c5/execute/sync HTTP/1.1
User-Agent: selenium/4.4.0 (java windows)
Content-Length: 176
Content-Type: application/json; charset=utf-8
host: localhost:59486
accept: */*

Response DefaultHttpResponse(decodeResult: success, version: HTTP/1.1)
HTTP/1.1 200 OK
Content-Type: application/json; charset=utf-8
cache-control: no-cache
content-length: 4172

10:08:28.268 [AsyncHttpClient-1-5] DEBUG org.asynchttpclient.netty.channel.ChannelManager - Adding key: http://localhost:59486 for channel [id: 0x40a5d69c, L:/127.0.0.1:61447 - R:localhost/127.0.0.1:59486]
10:08:28.270 [Forwarding getCurrentUrl on session 6c2f2478f3c3da725d8eddac865454c5 to remote] DEBUG org.asynchttpclient.netty.request.NettyRequestSender - Using pooled Channel '[id: 0x40a5d69c, L:/127.0.0.1:61447 - R:localhost/127.0.0.1:59486]' for 'GET' to 'http://localhost:59486/session/6c2f2478f3c3da725d8eddac865454c5/url'
10:08:28.270 [Forwarding getCurrentUrl on session 6c2f2478f3c3da725d8eddac865454c5 to remote] DEBUG org.asynchttpclient.netty.request.NettyRequestSender - Using open Channel [id: 0x40a5d69c, L:/127.0.0.1:61447 - R:localhost/127.0.0.1:59486] for GET '/session/6c2f2478f3c3da725d8eddac865454c5/url'
10:08:28.274 [AsyncHttpClient-1-5] DEBUG org.asynchttpclient.netty.handler.HttpHandler - 

Request DefaultFullHttpRequest(decodeResult: success, version: HTTP/1.1, content: EmptyByteBufBE)
GET /session/6c2f2478f3c3da725d8eddac865454c5/url HTTP/1.1
User-Agent: selenium/4.4.0 (java windows)
Cache-Control: no-cache
Content-Type: application/json; charset=utf-8
host: localhost:59486
accept: */*

Response DefaultHttpResponse(decodeResult: success, version: HTTP/1.1)
HTTP/1.1 200 OK
Content-Type: application/json; charset=utf-8
cache-control: no-cache
content-length: 38

10:08:28.275 [AsyncHttpClient-1-5] DEBUG org.asynchttpclient.netty.channel.ChannelManager - Adding key: http://localhost:59486 for channel [id: 0x40a5d69c, L:/127.0.0.1:61447 - R:localhost/127.0.0.1:59486]
10:08:28.277 [Test worker] DEBUG net.thucydides.core.steps.StepInterceptor - STARTING STEP: LogIn.performAs - {0} enters #theTextAsAString into #target
10:08:28.280 [Test worker] DEBUG net.serenitybdd.screenplay.targets.IFrameSwitcher - default content already selected for PasswordTextBox
10:08:28.290 [Forwarding findElement on session 6c2f2478f3c3da725d8eddac865454c5 to remote] DEBUG org.asynchttpclient.netty.request.NettyRequestSender - Using pooled Channel '[id: 0x40a5d69c, L:/127.0.0.1:61447 - R:localhost/127.0.0.1:59486]' for 'POST' to 'http://localhost:59486/session/6c2f2478f3c3da725d8eddac865454c5/element'
10:08:28.290 [Forwarding findElement on session 6c2f2478f3c3da725d8eddac865454c5 to remote] DEBUG org.asynchttpclient.netty.request.NettyRequestSender - Using open Channel [id: 0x40a5d69c, L:/127.0.0.1:61447 - R:localhost/127.0.0.1:59486] for POST '/session/6c2f2478f3c3da725d8eddac865454c5/element'
10:08:28.299 [AsyncHttpClient-1-5] DEBUG org.asynchttpclient.netty.handler.HttpHandler - 

Request DefaultHttpRequest(decodeResult: success, version: HTTP/1.1)
POST /session/6c2f2478f3c3da725d8eddac865454c5/element HTTP/1.1
User-Agent: selenium/4.4.0 (java windows)
Content-Length: 66
Content-Type: application/json; charset=utf-8
host: localhost:59486
accept: */*

Response DefaultHttpResponse(decodeResult: success, version: HTTP/1.1)
HTTP/1.1 200 OK
Content-Type: application/json; charset=utf-8
cache-control: no-cache
content-length: 88

10:08:28.300 [AsyncHttpClient-1-5] DEBUG org.asynchttpclient.netty.channel.ChannelManager - Adding key: http://localhost:59486 for channel [id: 0x40a5d69c, L:/127.0.0.1:61447 - R:localhost/127.0.0.1:59486]
10:08:28.301 [Forwarding clearElement on session 6c2f2478f3c3da725d8eddac865454c5 to remote] DEBUG org.asynchttpclient.netty.request.NettyRequestSender - Using pooled Channel '[id: 0x40a5d69c, L:/127.0.0.1:61447 - R:localhost/127.0.0.1:59486]' for 'POST' to 'http://localhost:59486/session/6c2f2478f3c3da725d8eddac865454c5/element/bd344197-d0cc-49b4-b35e-91acc91ee6a8/clear'
10:08:28.301 [Forwarding clearElement on session 6c2f2478f3c3da725d8eddac865454c5 to remote] DEBUG org.asynchttpclient.netty.request.NettyRequestSender - Using open Channel [id: 0x40a5d69c, L:/127.0.0.1:61447 - R:localhost/127.0.0.1:59486] for POST '/session/6c2f2478f3c3da725d8eddac865454c5/element/bd344197-d0cc-49b4-b35e-91acc91ee6a8/clear'
10:08:28.325 [AsyncHttpClient-1-5] DEBUG org.asynchttpclient.netty.handler.HttpHandler - 

Request DefaultHttpRequest(decodeResult: success, version: HTTP/1.1)
POST /session/6c2f2478f3c3da725d8eddac865454c5/element/bd344197-d0cc-49b4-b35e-91acc91ee6a8/clear HTTP/1.1
User-Agent: selenium/4.4.0 (java windows)
Content-Length: 50
Content-Type: application/json; charset=utf-8
host: localhost:59486
accept: */*

Response DefaultHttpResponse(decodeResult: success, version: HTTP/1.1)
HTTP/1.1 200 OK
Content-Type: application/json; charset=utf-8
cache-control: no-cache
content-length: 14

10:08:28.325 [AsyncHttpClient-1-5] DEBUG org.asynchttpclient.netty.channel.ChannelManager - Adding key: http://localhost:59486 for channel [id: 0x40a5d69c, L:/127.0.0.1:61447 - R:localhost/127.0.0.1:59486]
10:08:28.330 [Forwarding sendKeysToElement on session 6c2f2478f3c3da725d8eddac865454c5 to remote] DEBUG org.asynchttpclient.netty.request.NettyRequestSender - Using pooled Channel '[id: 0x40a5d69c, L:/127.0.0.1:61447 - R:localhost/127.0.0.1:59486]' for 'POST' to 'http://localhost:59486/session/6c2f2478f3c3da725d8eddac865454c5/element/bd344197-d0cc-49b4-b35e-91acc91ee6a8/value'
10:08:28.330 [Forwarding sendKeysToElement on session 6c2f2478f3c3da725d8eddac865454c5 to remote] DEBUG org.asynchttpclient.netty.request.NettyRequestSender - Using open Channel [id: 0x40a5d69c, L:/127.0.0.1:61447 - R:localhost/127.0.0.1:59486] for POST '/session/6c2f2478f3c3da725d8eddac865454c5/element/bd344197-d0cc-49b4-b35e-91acc91ee6a8/value'
10:08:28.370 [AsyncHttpClient-1-5] DEBUG org.asynchttpclient.netty.handler.HttpHandler - 

Request DefaultHttpRequest(decodeResult: success, version: HTTP/1.1)
POST /session/6c2f2478f3c3da725d8eddac865454c5/element/bd344197-d0cc-49b4-b35e-91acc91ee6a8/value HTTP/1.1
User-Agent: selenium/4.4.0 (java windows)
Content-Length: 201
Content-Type: application/json; charset=utf-8
host: localhost:59486
accept: */*

Response DefaultHttpResponse(decodeResult: success, version: HTTP/1.1)
HTTP/1.1 200 OK
Content-Type: application/json; charset=utf-8
cache-control: no-cache
content-length: 14

10:08:28.370 [AsyncHttpClient-1-5] DEBUG org.asynchttpclient.netty.channel.ChannelManager - Adding key: http://localhost:59486 for channel [id: 0x40a5d69c, L:/127.0.0.1:61447 - R:localhost/127.0.0.1:59486]
10:08:28.387 [Forwarding getCurrentWindowHandle on session 6c2f2478f3c3da725d8eddac865454c5 to remote] DEBUG org.asynchttpclient.netty.request.NettyRequestSender - Using pooled Channel '[id: 0x40a5d69c, L:/127.0.0.1:61447 - R:localhost/127.0.0.1:59486]' for 'GET' to 'http://localhost:59486/session/6c2f2478f3c3da725d8eddac865454c5/window'
10:08:28.387 [Forwarding getCurrentWindowHandle on session 6c2f2478f3c3da725d8eddac865454c5 to remote] DEBUG org.asynchttpclient.netty.request.NettyRequestSender - Using open Channel [id: 0x40a5d69c, L:/127.0.0.1:61447 - R:localhost/127.0.0.1:59486] for GET '/session/6c2f2478f3c3da725d8eddac865454c5/window'
10:08:28.388 [AsyncHttpClient-1-5] DEBUG org.asynchttpclient.netty.handler.HttpHandler - 

Request DefaultFullHttpRequest(decodeResult: success, version: HTTP/1.1, content: EmptyByteBufBE)
GET /session/6c2f2478f3c3da725d8eddac865454c5/window HTTP/1.1
User-Agent: selenium/4.4.0 (java windows)
Cache-Control: no-cache
Content-Type: application/json; charset=utf-8
host: localhost:59486
accept: */*

Response DefaultHttpResponse(decodeResult: success, version: HTTP/1.1)
HTTP/1.1 200 OK
Content-Type: application/json; charset=utf-8
cache-control: no-cache
content-length: 53

10:08:28.388 [AsyncHttpClient-1-5] DEBUG org.asynchttpclient.netty.channel.ChannelManager - Adding key: http://localhost:59486 for channel [id: 0x40a5d69c, L:/127.0.0.1:61447 - R:localhost/127.0.0.1:59486]
10:08:28.392 [Forwarding getAlertText on session 6c2f2478f3c3da725d8eddac865454c5 to remote] DEBUG org.asynchttpclient.netty.request.NettyRequestSender - Using pooled Channel '[id: 0x40a5d69c, L:/127.0.0.1:61447 - R:localhost/127.0.0.1:59486]' for 'GET' to 'http://localhost:59486/session/6c2f2478f3c3da725d8eddac865454c5/alert/text'
10:08:28.392 [Forwarding getAlertText on session 6c2f2478f3c3da725d8eddac865454c5 to remote] DEBUG org.asynchttpclient.netty.request.NettyRequestSender - Using open Channel [id: 0x40a5d69c, L:/127.0.0.1:61447 - R:localhost/127.0.0.1:59486] for GET '/session/6c2f2478f3c3da725d8eddac865454c5/alert/text'
10:08:28.395 [AsyncHttpClient-1-5] DEBUG org.asynchttpclient.netty.handler.HttpHandler - 

Request DefaultFullHttpRequest(decodeResult: success, version: HTTP/1.1, content: EmptyByteBufBE)
GET /session/6c2f2478f3c3da725d8eddac865454c5/alert/text HTTP/1.1
User-Agent: selenium/4.4.0 (java windows)
Cache-Control: no-cache
Content-Type: application/json; charset=utf-8
host: localhost:59486
accept: */*

Response DefaultHttpResponse(decodeResult: success, version: HTTP/1.1)
HTTP/1.1 404 Not Found
Content-Type: application/json; charset=utf-8
cache-control: no-cache
content-length: 879

10:08:28.395 [AsyncHttpClient-1-5] DEBUG org.asynchttpclient.netty.channel.ChannelManager - Adding key: http://localhost:59486 for channel [id: 0x40a5d69c, L:/127.0.0.1:61447 - R:localhost/127.0.0.1:59486]
10:08:28.399 [Forwarding switchToWindow on session 6c2f2478f3c3da725d8eddac865454c5 to remote] DEBUG org.asynchttpclient.netty.request.NettyRequestSender - Using pooled Channel '[id: 0x40a5d69c, L:/127.0.0.1:61447 - R:localhost/127.0.0.1:59486]' for 'POST' to 'http://localhost:59486/session/6c2f2478f3c3da725d8eddac865454c5/window'
10:08:28.399 [Forwarding switchToWindow on session 6c2f2478f3c3da725d8eddac865454c5 to remote] DEBUG org.asynchttpclient.netty.request.NettyRequestSender - Using open Channel [id: 0x40a5d69c, L:/127.0.0.1:61447 - R:localhost/127.0.0.1:59486] for POST '/session/6c2f2478f3c3da725d8eddac865454c5/window'
10:08:28.402 [AsyncHttpClient-1-5] DEBUG org.asynchttpclient.netty.handler.HttpHandler - 

Request DefaultHttpRequest(decodeResult: success, version: HTTP/1.1)
POST /session/6c2f2478f3c3da725d8eddac865454c5/window HTTP/1.1
User-Agent: selenium/4.4.0 (java windows)
Content-Length: 59
Content-Type: application/json; charset=utf-8
host: localhost:59486
accept: */*

Response DefaultHttpResponse(decodeResult: success, version: HTTP/1.1)
HTTP/1.1 200 OK
Content-Type: application/json; charset=utf-8
cache-control: no-cache
content-length: 14

10:08:28.403 [AsyncHttpClient-1-5] DEBUG org.asynchttpclient.netty.channel.ChannelManager - Adding key: http://localhost:59486 for channel [id: 0x40a5d69c, L:/127.0.0.1:61447 - R:localhost/127.0.0.1:59486]
10:08:28.404 [Forwarding getCurrentUrl on session 6c2f2478f3c3da725d8eddac865454c5 to remote] DEBUG org.asynchttpclient.netty.request.NettyRequestSender - Using pooled Channel '[id: 0x40a5d69c, L:/127.0.0.1:61447 - R:localhost/127.0.0.1:59486]' for 'GET' to 'http://localhost:59486/session/6c2f2478f3c3da725d8eddac865454c5/url'
10:08:28.404 [Forwarding getCurrentUrl on session 6c2f2478f3c3da725d8eddac865454c5 to remote] DEBUG org.asynchttpclient.netty.request.NettyRequestSender - Using open Channel [id: 0x40a5d69c, L:/127.0.0.1:61447 - R:localhost/127.0.0.1:59486] for GET '/session/6c2f2478f3c3da725d8eddac865454c5/url'
10:08:28.409 [AsyncHttpClient-1-5] DEBUG org.asynchttpclient.netty.handler.HttpHandler - 

Request DefaultFullHttpRequest(decodeResult: success, version: HTTP/1.1, content: EmptyByteBufBE)
GET /session/6c2f2478f3c3da725d8eddac865454c5/url HTTP/1.1
User-Agent: selenium/4.4.0 (java windows)
Cache-Control: no-cache
Content-Type: application/json; charset=utf-8
host: localhost:59486
accept: */*

Response DefaultHttpResponse(decodeResult: success, version: HTTP/1.1)
HTTP/1.1 200 OK
Content-Type: application/json; charset=utf-8
cache-control: no-cache
content-length: 38

10:08:28.409 [AsyncHttpClient-1-5] DEBUG org.asynchttpclient.netty.channel.ChannelManager - Adding key: http://localhost:59486 for channel [id: 0x40a5d69c, L:/127.0.0.1:61447 - R:localhost/127.0.0.1:59486]
10:08:28.410 [Forwarding screenshot on session 6c2f2478f3c3da725d8eddac865454c5 to remote] DEBUG org.asynchttpclient.netty.request.NettyRequestSender - Using pooled Channel '[id: 0x40a5d69c, L:/127.0.0.1:61447 - R:localhost/127.0.0.1:59486]' for 'GET' to 'http://localhost:59486/session/6c2f2478f3c3da725d8eddac865454c5/screenshot'
10:08:28.410 [Forwarding screenshot on session 6c2f2478f3c3da725d8eddac865454c5 to remote] DEBUG org.asynchttpclient.netty.request.NettyRequestSender - Using open Channel [id: 0x40a5d69c, L:/127.0.0.1:61447 - R:localhost/127.0.0.1:59486] for GET '/session/6c2f2478f3c3da725d8eddac865454c5/screenshot'
10:08:28.491 [AsyncHttpClient-1-5] DEBUG org.asynchttpclient.netty.handler.HttpHandler - 

Request DefaultFullHttpRequest(decodeResult: success, version: HTTP/1.1, content: EmptyByteBufBE)
GET /session/6c2f2478f3c3da725d8eddac865454c5/screenshot HTTP/1.1
User-Agent: selenium/4.4.0 (java windows)
Cache-Control: no-cache
Content-Type: application/json; charset=utf-8
host: localhost:59486
accept: */*

Response DefaultHttpResponse(decodeResult: success, version: HTTP/1.1)
HTTP/1.1 200 OK
Content-Type: application/json; charset=utf-8
cache-control: no-cache
content-length: 58240

10:08:28.491 [AsyncHttpClient-1-5] DEBUG org.asynchttpclient.netty.channel.ChannelManager - Adding key: http://localhost:59486 for channel [id: 0x40a5d69c, L:/127.0.0.1:61447 - R:localhost/127.0.0.1:59486]
10:08:28.493 [Test worker] DEBUG net.serenitybdd.core.photography.Darkroom - Send negative for processing for C:\Users\juan.gomezv\IdeaProjects\sura\target\site\serenity\30abd605a90ddcb62313f4c94c0df93a5cf1d364bb3324356e92b1e26151695d.png
10:08:28.493 [Test worker] DEBUG net.thucydides.core.steps.StepInterceptor - STEP DONE: {0} enters #theTextAsAString into #target
10:08:28.506 [Forwarding getPageSource on session 6c2f2478f3c3da725d8eddac865454c5 to remote] DEBUG org.asynchttpclient.netty.request.NettyRequestSender - Using pooled Channel '[id: 0x40a5d69c, L:/127.0.0.1:61447 - R:localhost/127.0.0.1:59486]' for 'POST' to 'http://localhost:59486/session/6c2f2478f3c3da725d8eddac865454c5/execute/sync'
10:08:28.506 [AsyncHttpClient-1-1] DEBUG org.asynchttpclient.netty.channel.DefaultChannelPool - Entry count for : http://localhost:61448 : 1
10:08:28.506 [Forwarding getPageSource on session 6c2f2478f3c3da725d8eddac865454c5 to remote] DEBUG org.asynchttpclient.netty.request.NettyRequestSender - Using open Channel [id: 0x40a5d69c, L:/127.0.0.1:61447 - R:localhost/127.0.0.1:59486] for POST '/session/6c2f2478f3c3da725d8eddac865454c5/execute/sync'
10:08:28.510 [AsyncHttpClient-1-5] DEBUG org.asynchttpclient.netty.handler.HttpHandler - 

Request DefaultHttpRequest(decodeResult: success, version: HTTP/1.1)
POST /session/6c2f2478f3c3da725d8eddac865454c5/execute/sync HTTP/1.1
User-Agent: selenium/4.4.0 (java windows)
Content-Length: 176
Content-Type: application/json; charset=utf-8
host: localhost:59486
accept: */*

Response DefaultHttpResponse(decodeResult: success, version: HTTP/1.1)
HTTP/1.1 200 OK
Content-Type: application/json; charset=utf-8
cache-control: no-cache
content-length: 4184

10:08:28.510 [AsyncHttpClient-1-5] DEBUG org.asynchttpclient.netty.channel.ChannelManager - Adding key: http://localhost:59486 for channel [id: 0x40a5d69c, L:/127.0.0.1:61447 - R:localhost/127.0.0.1:59486]
10:08:28.512 [Forwarding getCurrentUrl on session 6c2f2478f3c3da725d8eddac865454c5 to remote] DEBUG org.asynchttpclient.netty.request.NettyRequestSender - Using pooled Channel '[id: 0x40a5d69c, L:/127.0.0.1:61447 - R:localhost/127.0.0.1:59486]' for 'GET' to 'http://localhost:59486/session/6c2f2478f3c3da725d8eddac865454c5/url'
10:08:28.512 [Forwarding getCurrentUrl on session 6c2f2478f3c3da725d8eddac865454c5 to remote] DEBUG org.asynchttpclient.netty.request.NettyRequestSender - Using open Channel [id: 0x40a5d69c, L:/127.0.0.1:61447 - R:localhost/127.0.0.1:59486] for GET '/session/6c2f2478f3c3da725d8eddac865454c5/url'
10:08:28.515 [AsyncHttpClient-1-5] DEBUG org.asynchttpclient.netty.handler.HttpHandler - 

Request DefaultFullHttpRequest(decodeResult: success, version: HTTP/1.1, content: EmptyByteBufBE)
GET /session/6c2f2478f3c3da725d8eddac865454c5/url HTTP/1.1
User-Agent: selenium/4.4.0 (java windows)
Cache-Control: no-cache
Content-Type: application/json; charset=utf-8
host: localhost:59486
accept: */*

Response DefaultHttpResponse(decodeResult: success, version: HTTP/1.1)
HTTP/1.1 200 OK
Content-Type: application/json; charset=utf-8
cache-control: no-cache
content-length: 38

10:08:28.515 [AsyncHttpClient-1-5] DEBUG org.asynchttpclient.netty.channel.ChannelManager - Adding key: http://localhost:59486 for channel [id: 0x40a5d69c, L:/127.0.0.1:61447 - R:localhost/127.0.0.1:59486]
10:08:28.517 [Test worker] DEBUG net.thucydides.core.steps.StepInterceptor - STARTING STEP: LogIn.performAs - {0} clicks on #target
10:08:28.517 [Test worker] DEBUG net.serenitybdd.screenplay.targets.IFrameSwitcher - default content already selected for LogIn Button
10:08:28.545 [Forwarding findElement on session 6c2f2478f3c3da725d8eddac865454c5 to remote] DEBUG org.asynchttpclient.netty.request.NettyRequestSender - Using pooled Channel '[id: 0x40a5d69c, L:/127.0.0.1:61447 - R:localhost/127.0.0.1:59486]' for 'POST' to 'http://localhost:59486/session/6c2f2478f3c3da725d8eddac865454c5/element'
10:08:28.545 [Forwarding findElement on session 6c2f2478f3c3da725d8eddac865454c5 to remote] DEBUG org.asynchttpclient.netty.request.NettyRequestSender - Using open Channel [id: 0x40a5d69c, L:/127.0.0.1:61447 - R:localhost/127.0.0.1:59486] for POST '/session/6c2f2478f3c3da725d8eddac865454c5/element'
10:08:28.553 [AsyncHttpClient-1-5] DEBUG org.asynchttpclient.netty.handler.HttpHandler - 

Request DefaultHttpRequest(decodeResult: success, version: HTTP/1.1)
POST /session/6c2f2478f3c3da725d8eddac865454c5/element HTTP/1.1
User-Agent: selenium/4.4.0 (java windows)
Content-Length: 70
Content-Type: application/json; charset=utf-8
host: localhost:59486
accept: */*

Response DefaultHttpResponse(decodeResult: success, version: HTTP/1.1)
HTTP/1.1 200 OK
Content-Type: application/json; charset=utf-8
cache-control: no-cache
content-length: 88

10:08:28.553 [AsyncHttpClient-1-5] DEBUG org.asynchttpclient.netty.channel.ChannelManager - Adding key: http://localhost:59486 for channel [id: 0x40a5d69c, L:/127.0.0.1:61447 - R:localhost/127.0.0.1:59486]
10:08:28.560 [Forwarding isElementDisplayed on session 6c2f2478f3c3da725d8eddac865454c5 to remote] DEBUG org.asynchttpclient.netty.request.NettyRequestSender - Using pooled Channel '[id: 0x40a5d69c, L:/127.0.0.1:61447 - R:localhost/127.0.0.1:59486]' for 'POST' to 'http://localhost:59486/session/6c2f2478f3c3da725d8eddac865454c5/execute/sync'
10:08:28.560 [Forwarding isElementDisplayed on session 6c2f2478f3c3da725d8eddac865454c5 to remote] DEBUG org.asynchttpclient.netty.request.NettyRequestSender - Using open Channel [id: 0x40a5d69c, L:/127.0.0.1:61447 - R:localhost/127.0.0.1:59486] for POST '/session/6c2f2478f3c3da725d8eddac865454c5/execute/sync'
10:08:28.573 [AsyncHttpClient-1-5] DEBUG org.asynchttpclient.netty.handler.HttpHandler - 

Request DefaultHttpRequest(decodeResult: success, version: HTTP/1.1)
POST /session/6c2f2478f3c3da725d8eddac865454c5/execute/sync HTTP/1.1
User-Agent: selenium/4.4.0 (java windows)
Content-Length: 48780
Content-Type: application/json; charset=utf-8
host: localhost:59486
accept: */*

Response DefaultHttpResponse(decodeResult: success, version: HTTP/1.1)
HTTP/1.1 200 OK
Content-Type: application/json; charset=utf-8
cache-control: no-cache
content-length: 14

10:08:28.573 [AsyncHttpClient-1-5] DEBUG org.asynchttpclient.netty.channel.ChannelManager - Adding key: http://localhost:59486 for channel [id: 0x40a5d69c, L:/127.0.0.1:61447 - R:localhost/127.0.0.1:59486]
10:08:28.581 [Forwarding findElement on session 6c2f2478f3c3da725d8eddac865454c5 to remote] DEBUG org.asynchttpclient.netty.request.NettyRequestSender - Using pooled Channel '[id: 0x40a5d69c, L:/127.0.0.1:61447 - R:localhost/127.0.0.1:59486]' for 'POST' to 'http://localhost:59486/session/6c2f2478f3c3da725d8eddac865454c5/element'
10:08:28.581 [Forwarding findElement on session 6c2f2478f3c3da725d8eddac865454c5 to remote] DEBUG org.asynchttpclient.netty.request.NettyRequestSender - Using open Channel [id: 0x40a5d69c, L:/127.0.0.1:61447 - R:localhost/127.0.0.1:59486] for POST '/session/6c2f2478f3c3da725d8eddac865454c5/element'
10:08:28.586 [AsyncHttpClient-1-5] DEBUG org.asynchttpclient.netty.handler.HttpHandler - 

Request DefaultHttpRequest(decodeResult: success, version: HTTP/1.1)
POST /session/6c2f2478f3c3da725d8eddac865454c5/element HTTP/1.1
User-Agent: selenium/4.4.0 (java windows)
Content-Length: 70
Content-Type: application/json; charset=utf-8
host: localhost:59486
accept: */*

Response DefaultHttpResponse(decodeResult: success, version: HTTP/1.1)
HTTP/1.1 200 OK
Content-Type: application/json; charset=utf-8
cache-control: no-cache
content-length: 88

10:08:28.587 [AsyncHttpClient-1-5] DEBUG org.asynchttpclient.netty.channel.ChannelManager - Adding key: http://localhost:59486 for channel [id: 0x40a5d69c, L:/127.0.0.1:61447 - R:localhost/127.0.0.1:59486]
10:08:28.588 [Forwarding clickElement on session 6c2f2478f3c3da725d8eddac865454c5 to remote] DEBUG org.asynchttpclient.netty.request.NettyRequestSender - Using pooled Channel '[id: 0x40a5d69c, L:/127.0.0.1:61447 - R:localhost/127.0.0.1:59486]' for 'POST' to 'http://localhost:59486/session/6c2f2478f3c3da725d8eddac865454c5/element/f7864f6d-74d5-485b-be6b-efa645d088d9/click'
10:08:28.588 [Forwarding clickElement on session 6c2f2478f3c3da725d8eddac865454c5 to remote] DEBUG org.asynchttpclient.netty.request.NettyRequestSender - Using open Channel [id: 0x40a5d69c, L:/127.0.0.1:61447 - R:localhost/127.0.0.1:59486] for POST '/session/6c2f2478f3c3da725d8eddac865454c5/element/f7864f6d-74d5-485b-be6b-efa645d088d9/click'
10:08:28.667 [AsyncHttpClient-1-5] DEBUG org.asynchttpclient.netty.handler.HttpHandler - 

Request DefaultHttpRequest(decodeResult: success, version: HTTP/1.1)
POST /session/6c2f2478f3c3da725d8eddac865454c5/element/f7864f6d-74d5-485b-be6b-efa645d088d9/click HTTP/1.1
User-Agent: selenium/4.4.0 (java windows)
Content-Length: 50
Content-Type: application/json; charset=utf-8
host: localhost:59486
accept: */*

Response DefaultHttpResponse(decodeResult: success, version: HTTP/1.1)
HTTP/1.1 200 OK
Content-Type: application/json; charset=utf-8
cache-control: no-cache
content-length: 14

10:08:28.668 [AsyncHttpClient-1-5] DEBUG org.asynchttpclient.netty.channel.ChannelManager - Adding key: http://localhost:59486 for channel [id: 0x40a5d69c, L:/127.0.0.1:61447 - R:localhost/127.0.0.1:59486]
10:08:28.686 [Forwarding getCurrentWindowHandle on session 6c2f2478f3c3da725d8eddac865454c5 to remote] DEBUG org.asynchttpclient.netty.request.NettyRequestSender - Using pooled Channel '[id: 0x40a5d69c, L:/127.0.0.1:61447 - R:localhost/127.0.0.1:59486]' for 'GET' to 'http://localhost:59486/session/6c2f2478f3c3da725d8eddac865454c5/window'
10:08:28.686 [Forwarding getCurrentWindowHandle on session 6c2f2478f3c3da725d8eddac865454c5 to remote] DEBUG org.asynchttpclient.netty.request.NettyRequestSender - Using open Channel [id: 0x40a5d69c, L:/127.0.0.1:61447 - R:localhost/127.0.0.1:59486] for GET '/session/6c2f2478f3c3da725d8eddac865454c5/window'
10:08:28.687 [AsyncHttpClient-1-5] DEBUG org.asynchttpclient.netty.handler.HttpHandler - 

Request DefaultFullHttpRequest(decodeResult: success, version: HTTP/1.1, content: EmptyByteBufBE)
GET /session/6c2f2478f3c3da725d8eddac865454c5/window HTTP/1.1
User-Agent: selenium/4.4.0 (java windows)
Cache-Control: no-cache
Content-Type: application/json; charset=utf-8
host: localhost:59486
accept: */*

Response DefaultHttpResponse(decodeResult: success, version: HTTP/1.1)
HTTP/1.1 200 OK
Content-Type: application/json; charset=utf-8
cache-control: no-cache
content-length: 53

10:08:28.687 [AsyncHttpClient-1-5] DEBUG org.asynchttpclient.netty.channel.ChannelManager - Adding key: http://localhost:59486 for channel [id: 0x40a5d69c, L:/127.0.0.1:61447 - R:localhost/127.0.0.1:59486]
10:08:28.693 [Forwarding getAlertText on session 6c2f2478f3c3da725d8eddac865454c5 to remote] DEBUG org.asynchttpclient.netty.request.NettyRequestSender - Using pooled Channel '[id: 0x40a5d69c, L:/127.0.0.1:61447 - R:localhost/127.0.0.1:59486]' for 'GET' to 'http://localhost:59486/session/6c2f2478f3c3da725d8eddac865454c5/alert/text'
10:08:28.693 [Forwarding getAlertText on session 6c2f2478f3c3da725d8eddac865454c5 to remote] DEBUG org.asynchttpclient.netty.request.NettyRequestSender - Using open Channel [id: 0x40a5d69c, L:/127.0.0.1:61447 - R:localhost/127.0.0.1:59486] for GET '/session/6c2f2478f3c3da725d8eddac865454c5/alert/text'
10:08:28.695 [AsyncHttpClient-1-5] DEBUG org.asynchttpclient.netty.handler.HttpHandler - 

Request DefaultFullHttpRequest(decodeResult: success, version: HTTP/1.1, content: EmptyByteBufBE)
GET /session/6c2f2478f3c3da725d8eddac865454c5/alert/text HTTP/1.1
User-Agent: selenium/4.4.0 (java windows)
Cache-Control: no-cache
Content-Type: application/json; charset=utf-8
host: localhost:59486
accept: */*

Response DefaultHttpResponse(decodeResult: success, version: HTTP/1.1)
HTTP/1.1 404 Not Found
Content-Type: application/json; charset=utf-8
cache-control: no-cache
content-length: 879

10:08:28.696 [AsyncHttpClient-1-5] DEBUG org.asynchttpclient.netty.channel.ChannelManager - Adding key: http://localhost:59486 for channel [id: 0x40a5d69c, L:/127.0.0.1:61447 - R:localhost/127.0.0.1:59486]
10:08:28.701 [Forwarding switchToWindow on session 6c2f2478f3c3da725d8eddac865454c5 to remote] DEBUG org.asynchttpclient.netty.request.NettyRequestSender - Using pooled Channel '[id: 0x40a5d69c, L:/127.0.0.1:61447 - R:localhost/127.0.0.1:59486]' for 'POST' to 'http://localhost:59486/session/6c2f2478f3c3da725d8eddac865454c5/window'
10:08:28.701 [Forwarding switchToWindow on session 6c2f2478f3c3da725d8eddac865454c5 to remote] DEBUG org.asynchttpclient.netty.request.NettyRequestSender - Using open Channel [id: 0x40a5d69c, L:/127.0.0.1:61447 - R:localhost/127.0.0.1:59486] for POST '/session/6c2f2478f3c3da725d8eddac865454c5/window'
10:08:28.704 [AsyncHttpClient-1-5] DEBUG org.asynchttpclient.netty.handler.HttpHandler - 

Request DefaultHttpRequest(decodeResult: success, version: HTTP/1.1)
POST /session/6c2f2478f3c3da725d8eddac865454c5/window HTTP/1.1
User-Agent: selenium/4.4.0 (java windows)
Content-Length: 59
Content-Type: application/json; charset=utf-8
host: localhost:59486
accept: */*

Response DefaultHttpResponse(decodeResult: success, version: HTTP/1.1)
HTTP/1.1 200 OK
Content-Type: application/json; charset=utf-8
cache-control: no-cache
content-length: 14

10:08:28.704 [AsyncHttpClient-1-5] DEBUG org.asynchttpclient.netty.channel.ChannelManager - Adding key: http://localhost:59486 for channel [id: 0x40a5d69c, L:/127.0.0.1:61447 - R:localhost/127.0.0.1:59486]
10:08:28.705 [Forwarding getCurrentUrl on session 6c2f2478f3c3da725d8eddac865454c5 to remote] DEBUG org.asynchttpclient.netty.request.NettyRequestSender - Using pooled Channel '[id: 0x40a5d69c, L:/127.0.0.1:61447 - R:localhost/127.0.0.1:59486]' for 'GET' to 'http://localhost:59486/session/6c2f2478f3c3da725d8eddac865454c5/url'
10:08:28.705 [Forwarding getCurrentUrl on session 6c2f2478f3c3da725d8eddac865454c5 to remote] DEBUG org.asynchttpclient.netty.request.NettyRequestSender - Using open Channel [id: 0x40a5d69c, L:/127.0.0.1:61447 - R:localhost/127.0.0.1:59486] for GET '/session/6c2f2478f3c3da725d8eddac865454c5/url'
10:08:28.710 [AsyncHttpClient-1-5] DEBUG org.asynchttpclient.netty.handler.HttpHandler - 

Request DefaultFullHttpRequest(decodeResult: success, version: HTTP/1.1, content: EmptyByteBufBE)
GET /session/6c2f2478f3c3da725d8eddac865454c5/url HTTP/1.1
User-Agent: selenium/4.4.0 (java windows)
Cache-Control: no-cache
Content-Type: application/json; charset=utf-8
host: localhost:59486
accept: */*

Response DefaultHttpResponse(decodeResult: success, version: HTTP/1.1)
HTTP/1.1 200 OK
Content-Type: application/json; charset=utf-8
cache-control: no-cache
content-length: 52

10:08:28.710 [AsyncHttpClient-1-5] DEBUG org.asynchttpclient.netty.channel.ChannelManager - Adding key: http://localhost:59486 for channel [id: 0x40a5d69c, L:/127.0.0.1:61447 - R:localhost/127.0.0.1:59486]
10:08:28.711 [Forwarding screenshot on session 6c2f2478f3c3da725d8eddac865454c5 to remote] DEBUG org.asynchttpclient.netty.request.NettyRequestSender - Using pooled Channel '[id: 0x40a5d69c, L:/127.0.0.1:61447 - R:localhost/127.0.0.1:59486]' for 'GET' to 'http://localhost:59486/session/6c2f2478f3c3da725d8eddac865454c5/screenshot'
10:08:28.711 [Forwarding screenshot on session 6c2f2478f3c3da725d8eddac865454c5 to remote] DEBUG org.asynchttpclient.netty.request.NettyRequestSender - Using open Channel [id: 0x40a5d69c, L:/127.0.0.1:61447 - R:localhost/127.0.0.1:59486] for GET '/session/6c2f2478f3c3da725d8eddac865454c5/screenshot'
10:08:28.855 [AsyncHttpClient-1-5] DEBUG org.asynchttpclient.netty.handler.HttpHandler - 

Request DefaultFullHttpRequest(decodeResult: success, version: HTTP/1.1, content: EmptyByteBufBE)
GET /session/6c2f2478f3c3da725d8eddac865454c5/screenshot HTTP/1.1
User-Agent: selenium/4.4.0 (java windows)
Cache-Control: no-cache
Content-Type: application/json; charset=utf-8
host: localhost:59486
accept: */*

Response DefaultHttpResponse(decodeResult: success, version: HTTP/1.1)
HTTP/1.1 200 OK
Content-Type: application/json; charset=utf-8
cache-control: no-cache
content-length: 217200

10:08:28.856 [AsyncHttpClient-1-5] DEBUG org.asynchttpclient.netty.channel.ChannelManager - Adding key: http://localhost:59486 for channel [id: 0x40a5d69c, L:/127.0.0.1:61447 - R:localhost/127.0.0.1:59486]
10:08:28.859 [Test worker] DEBUG net.serenitybdd.core.photography.Darkroom - Send negative for processing for C:\Users\juan.gomezv\IdeaProjects\sura\target\site\serenity\8e1c9eb309becb05a740bf73064d004454a72044bb82cc3c270e1a0700329732.png
10:08:28.860 [Test worker] DEBUG net.thucydides.core.steps.StepInterceptor - STEP DONE: {0} clicks on #target
10:08:28.868 [Test worker] DEBUG net.thucydides.core.steps.StepInterceptor - STEP DONE: performAs
  ?[32mCuando ?[0m?[32m?[0m?[32m?[1mAlberto?[0m?[32m se autentica como un usuario de tipo ?[0m?[32m?[1m"PROBLEM_USER"?[0m            ?[90m# sura.stepDefinitions.LoginSteps.elSeAutenticaComoUnUsuario(net.serenitybdd.screenplay.Actor,java.lang.String)?[0m
10:08:28.883 [Forwarding getPageSource on session 6c2f2478f3c3da725d8eddac865454c5 to remote] DEBUG org.asynchttpclient.netty.request.NettyRequestSender - Using pooled Channel '[id: 0x40a5d69c, L:/127.0.0.1:61447 - R:localhost/127.0.0.1:59486]' for 'POST' to 'http://localhost:59486/session/6c2f2478f3c3da725d8eddac865454c5/execute/sync'
10:08:28.883 [Forwarding getPageSource on session 6c2f2478f3c3da725d8eddac865454c5 to remote] DEBUG org.asynchttpclient.netty.request.NettyRequestSender - Using open Channel [id: 0x40a5d69c, L:/127.0.0.1:61447 - R:localhost/127.0.0.1:59486] for POST '/session/6c2f2478f3c3da725d8eddac865454c5/execute/sync'
10:08:28.889 [AsyncHttpClient-1-5] DEBUG org.asynchttpclient.netty.handler.HttpHandler - 

Request DefaultHttpRequest(decodeResult: success, version: HTTP/1.1)
POST /session/6c2f2478f3c3da725d8eddac865454c5/execute/sync HTTP/1.1
User-Agent: selenium/4.4.0 (java windows)
Content-Length: 176
Content-Type: application/json; charset=utf-8
host: localhost:59486
accept: */*

Response DefaultHttpResponse(decodeResult: success, version: HTTP/1.1)
HTTP/1.1 200 OK
Content-Type: application/json; charset=utf-8
cache-control: no-cache
content-length: 15173

10:08:28.889 [AsyncHttpClient-1-5] DEBUG org.asynchttpclient.netty.channel.ChannelManager - Adding key: http://localhost:59486 for channel [id: 0x40a5d69c, L:/127.0.0.1:61447 - R:localhost/127.0.0.1:59486]
10:08:28.895 [Forwarding getCurrentUrl on session 6c2f2478f3c3da725d8eddac865454c5 to remote] DEBUG org.asynchttpclient.netty.request.NettyRequestSender - Using pooled Channel '[id: 0x40a5d69c, L:/127.0.0.1:61447 - R:localhost/127.0.0.1:59486]' for 'GET' to 'http://localhost:59486/session/6c2f2478f3c3da725d8eddac865454c5/url'
10:08:28.895 [Forwarding getCurrentUrl on session 6c2f2478f3c3da725d8eddac865454c5 to remote] DEBUG org.asynchttpclient.netty.request.NettyRequestSender - Using open Channel [id: 0x40a5d69c, L:/127.0.0.1:61447 - R:localhost/127.0.0.1:59486] for GET '/session/6c2f2478f3c3da725d8eddac865454c5/url'
10:08:28.900 [AsyncHttpClient-1-5] DEBUG org.asynchttpclient.netty.handler.HttpHandler - 

Request DefaultFullHttpRequest(decodeResult: success, version: HTTP/1.1, content: EmptyByteBufBE)
GET /session/6c2f2478f3c3da725d8eddac865454c5/url HTTP/1.1
User-Agent: selenium/4.4.0 (java windows)
Cache-Control: no-cache
Content-Type: application/json; charset=utf-8
host: localhost:59486
accept: */*

Response DefaultHttpResponse(decodeResult: success, version: HTTP/1.1)
HTTP/1.1 200 OK
Content-Type: application/json; charset=utf-8
cache-control: no-cache
content-length: 52

10:08:28.900 [AsyncHttpClient-1-5] DEBUG org.asynchttpclient.netty.channel.ChannelManager - Adding key: http://localhost:59486 for channel [id: 0x40a5d69c, L:/127.0.0.1:61447 - R:localhost/127.0.0.1:59486]
10:08:28.919 [Forwarding getCurrentWindowHandle on session 6c2f2478f3c3da725d8eddac865454c5 to remote] DEBUG org.asynchttpclient.netty.request.NettyRequestSender - Using pooled Channel '[id: 0x40a5d69c, L:/127.0.0.1:61447 - R:localhost/127.0.0.1:59486]' for 'GET' to 'http://localhost:59486/session/6c2f2478f3c3da725d8eddac865454c5/window'
10:08:28.919 [Forwarding getCurrentWindowHandle on session 6c2f2478f3c3da725d8eddac865454c5 to remote] DEBUG org.asynchttpclient.netty.request.NettyRequestSender - Using open Channel [id: 0x40a5d69c, L:/127.0.0.1:61447 - R:localhost/127.0.0.1:59486] for GET '/session/6c2f2478f3c3da725d8eddac865454c5/window'
10:08:28.920 [AsyncHttpClient-1-5] DEBUG org.asynchttpclient.netty.handler.HttpHandler - 

Request DefaultFullHttpRequest(decodeResult: success, version: HTTP/1.1, content: EmptyByteBufBE)
GET /session/6c2f2478f3c3da725d8eddac865454c5/window HTTP/1.1
User-Agent: selenium/4.4.0 (java windows)
Cache-Control: no-cache
Content-Type: application/json; charset=utf-8
host: localhost:59486
accept: */*

Response DefaultHttpResponse(decodeResult: success, version: HTTP/1.1)
HTTP/1.1 200 OK
Content-Type: application/json; charset=utf-8
cache-control: no-cache
content-length: 53

10:08:28.920 [AsyncHttpClient-1-5] DEBUG org.asynchttpclient.netty.channel.ChannelManager - Adding key: http://localhost:59486 for channel [id: 0x40a5d69c, L:/127.0.0.1:61447 - R:localhost/127.0.0.1:59486]
10:08:28.925 [Forwarding getAlertText on session 6c2f2478f3c3da725d8eddac865454c5 to remote] DEBUG org.asynchttpclient.netty.request.NettyRequestSender - Using pooled Channel '[id: 0x40a5d69c, L:/127.0.0.1:61447 - R:localhost/127.0.0.1:59486]' for 'GET' to 'http://localhost:59486/session/6c2f2478f3c3da725d8eddac865454c5/alert/text'
10:08:28.925 [Forwarding getAlertText on session 6c2f2478f3c3da725d8eddac865454c5 to remote] DEBUG org.asynchttpclient.netty.request.NettyRequestSender - Using open Channel [id: 0x40a5d69c, L:/127.0.0.1:61447 - R:localhost/127.0.0.1:59486] for GET '/session/6c2f2478f3c3da725d8eddac865454c5/alert/text'
10:08:28.927 [AsyncHttpClient-1-5] DEBUG org.asynchttpclient.netty.handler.HttpHandler - 

Request DefaultFullHttpRequest(decodeResult: success, version: HTTP/1.1, content: EmptyByteBufBE)
GET /session/6c2f2478f3c3da725d8eddac865454c5/alert/text HTTP/1.1
User-Agent: selenium/4.4.0 (java windows)
Cache-Control: no-cache
Content-Type: application/json; charset=utf-8
host: localhost:59486
accept: */*

Response DefaultHttpResponse(decodeResult: success, version: HTTP/1.1)
HTTP/1.1 404 Not Found
Content-Type: application/json; charset=utf-8
cache-control: no-cache
content-length: 879

10:08:28.928 [AsyncHttpClient-1-5] DEBUG org.asynchttpclient.netty.channel.ChannelManager - Adding key: http://localhost:59486 for channel [id: 0x40a5d69c, L:/127.0.0.1:61447 - R:localhost/127.0.0.1:59486]
10:08:28.932 [Forwarding switchToWindow on session 6c2f2478f3c3da725d8eddac865454c5 to remote] DEBUG org.asynchttpclient.netty.request.NettyRequestSender - Using pooled Channel '[id: 0x40a5d69c, L:/127.0.0.1:61447 - R:localhost/127.0.0.1:59486]' for 'POST' to 'http://localhost:59486/session/6c2f2478f3c3da725d8eddac865454c5/window'
10:08:28.933 [Forwarding switchToWindow on session 6c2f2478f3c3da725d8eddac865454c5 to remote] DEBUG org.asynchttpclient.netty.request.NettyRequestSender - Using open Channel [id: 0x40a5d69c, L:/127.0.0.1:61447 - R:localhost/127.0.0.1:59486] for POST '/session/6c2f2478f3c3da725d8eddac865454c5/window'
10:08:28.936 [AsyncHttpClient-1-5] DEBUG org.asynchttpclient.netty.handler.HttpHandler - 

Request DefaultHttpRequest(decodeResult: success, version: HTTP/1.1)
POST /session/6c2f2478f3c3da725d8eddac865454c5/window HTTP/1.1
User-Agent: selenium/4.4.0 (java windows)
Content-Length: 59
Content-Type: application/json; charset=utf-8
host: localhost:59486
accept: */*

Response DefaultHttpResponse(decodeResult: success, version: HTTP/1.1)
HTTP/1.1 200 OK
Content-Type: application/json; charset=utf-8
cache-control: no-cache
content-length: 14

10:08:28.936 [AsyncHttpClient-1-5] DEBUG org.asynchttpclient.netty.channel.ChannelManager - Adding key: http://localhost:59486 for channel [id: 0x40a5d69c, L:/127.0.0.1:61447 - R:localhost/127.0.0.1:59486]
10:08:28.937 [Forwarding getCurrentUrl on session 6c2f2478f3c3da725d8eddac865454c5 to remote] DEBUG org.asynchttpclient.netty.request.NettyRequestSender - Using pooled Channel '[id: 0x40a5d69c, L:/127.0.0.1:61447 - R:localhost/127.0.0.1:59486]' for 'GET' to 'http://localhost:59486/session/6c2f2478f3c3da725d8eddac865454c5/url'
10:08:28.937 [Forwarding getCurrentUrl on session 6c2f2478f3c3da725d8eddac865454c5 to remote] DEBUG org.asynchttpclient.netty.request.NettyRequestSender - Using open Channel [id: 0x40a5d69c, L:/127.0.0.1:61447 - R:localhost/127.0.0.1:59486] for GET '/session/6c2f2478f3c3da725d8eddac865454c5/url'
10:08:28.942 [AsyncHttpClient-1-5] DEBUG org.asynchttpclient.netty.handler.HttpHandler - 

Request DefaultFullHttpRequest(decodeResult: success, version: HTTP/1.1, content: EmptyByteBufBE)
GET /session/6c2f2478f3c3da725d8eddac865454c5/url HTTP/1.1
User-Agent: selenium/4.4.0 (java windows)
Cache-Control: no-cache
Content-Type: application/json; charset=utf-8
host: localhost:59486
accept: */*

Response DefaultHttpResponse(decodeResult: success, version: HTTP/1.1)
HTTP/1.1 200 OK
Content-Type: application/json; charset=utf-8
cache-control: no-cache
content-length: 52

10:08:28.942 [AsyncHttpClient-1-5] DEBUG org.asynchttpclient.netty.channel.ChannelManager - Adding key: http://localhost:59486 for channel [id: 0x40a5d69c, L:/127.0.0.1:61447 - R:localhost/127.0.0.1:59486]
10:08:28.943 [Forwarding screenshot on session 6c2f2478f3c3da725d8eddac865454c5 to remote] DEBUG org.asynchttpclient.netty.request.NettyRequestSender - Using pooled Channel '[id: 0x40a5d69c, L:/127.0.0.1:61447 - R:localhost/127.0.0.1:59486]' for 'GET' to 'http://localhost:59486/session/6c2f2478f3c3da725d8eddac865454c5/screenshot'
10:08:28.943 [Forwarding screenshot on session 6c2f2478f3c3da725d8eddac865454c5 to remote] DEBUG org.asynchttpclient.netty.request.NettyRequestSender - Using open Channel [id: 0x40a5d69c, L:/127.0.0.1:61447 - R:localhost/127.0.0.1:59486] for GET '/session/6c2f2478f3c3da725d8eddac865454c5/screenshot'
10:08:29.027 [AsyncHttpClient-1-5] DEBUG org.asynchttpclient.netty.handler.HttpHandler - 

Request DefaultFullHttpRequest(decodeResult: success, version: HTTP/1.1, content: EmptyByteBufBE)
GET /session/6c2f2478f3c3da725d8eddac865454c5/screenshot HTTP/1.1
User-Agent: selenium/4.4.0 (java windows)
Cache-Control: no-cache
Content-Type: application/json; charset=utf-8
host: localhost:59486
accept: */*

Response DefaultHttpResponse(decodeResult: success, version: HTTP/1.1)
HTTP/1.1 200 OK
Content-Type: application/json; charset=utf-8
cache-control: no-cache
content-length: 217200

10:08:29.028 [AsyncHttpClient-1-5] DEBUG org.asynchttpclient.netty.channel.ChannelManager - Adding key: http://localhost:59486 for channel [id: 0x40a5d69c, L:/127.0.0.1:61447 - R:localhost/127.0.0.1:59486]
10:08:29.032 [Test worker] DEBUG net.serenitybdd.core.photography.Darkroom - Send negative for processing for C:\Users\juan.gomezv\IdeaProjects\sura\target\site\serenity\8e1c9eb309becb05a740bf73064d004454a72044bb82cc3c270e1a0700329732.png
10:08:29.037 [Forwarding getPageSource on session 6c2f2478f3c3da725d8eddac865454c5 to remote] DEBUG org.asynchttpclient.netty.request.NettyRequestSender - Using pooled Channel '[id: 0x40a5d69c, L:/127.0.0.1:61447 - R:localhost/127.0.0.1:59486]' for 'POST' to 'http://localhost:59486/session/6c2f2478f3c3da725d8eddac865454c5/execute/sync'
10:08:29.037 [Forwarding getPageSource on session 6c2f2478f3c3da725d8eddac865454c5 to remote] DEBUG org.asynchttpclient.netty.request.NettyRequestSender - Using open Channel [id: 0x40a5d69c, L:/127.0.0.1:61447 - R:localhost/127.0.0.1:59486] for POST '/session/6c2f2478f3c3da725d8eddac865454c5/execute/sync'
10:08:29.043 [AsyncHttpClient-1-5] DEBUG org.asynchttpclient.netty.handler.HttpHandler - 

Request DefaultHttpRequest(decodeResult: success, version: HTTP/1.1)
POST /session/6c2f2478f3c3da725d8eddac865454c5/execute/sync HTTP/1.1
User-Agent: selenium/4.4.0 (java windows)
Content-Length: 176
Content-Type: application/json; charset=utf-8
host: localhost:59486
accept: */*

Response DefaultHttpResponse(decodeResult: success, version: HTTP/1.1)
HTTP/1.1 200 OK
Content-Type: application/json; charset=utf-8
cache-control: no-cache
content-length: 15173

10:08:29.043 [AsyncHttpClient-1-5] DEBUG org.asynchttpclient.netty.channel.ChannelManager - Adding key: http://localhost:59486 for channel [id: 0x40a5d69c, L:/127.0.0.1:61447 - R:localhost/127.0.0.1:59486]
10:08:29.047 [Forwarding getCurrentUrl on session 6c2f2478f3c3da725d8eddac865454c5 to remote] DEBUG org.asynchttpclient.netty.request.NettyRequestSender - Using pooled Channel '[id: 0x40a5d69c, L:/127.0.0.1:61447 - R:localhost/127.0.0.1:59486]' for 'GET' to 'http://localhost:59486/session/6c2f2478f3c3da725d8eddac865454c5/url'
10:08:29.048 [Forwarding getCurrentUrl on session 6c2f2478f3c3da725d8eddac865454c5 to remote] DEBUG org.asynchttpclient.netty.request.NettyRequestSender - Using open Channel [id: 0x40a5d69c, L:/127.0.0.1:61447 - R:localhost/127.0.0.1:59486] for GET '/session/6c2f2478f3c3da725d8eddac865454c5/url'
10:08:29.050 [AsyncHttpClient-1-5] DEBUG org.asynchttpclient.netty.handler.HttpHandler - 

Request DefaultFullHttpRequest(decodeResult: success, version: HTTP/1.1, content: EmptyByteBufBE)
GET /session/6c2f2478f3c3da725d8eddac865454c5/url HTTP/1.1
User-Agent: selenium/4.4.0 (java windows)
Cache-Control: no-cache
Content-Type: application/json; charset=utf-8
host: localhost:59486
accept: */*

Response DefaultHttpResponse(decodeResult: success, version: HTTP/1.1)
HTTP/1.1 200 OK
Content-Type: application/json; charset=utf-8
cache-control: no-cache
content-length: 52

10:08:29.051 [AsyncHttpClient-1-5] DEBUG org.asynchttpclient.netty.channel.ChannelManager - Adding key: http://localhost:59486 for channel [id: 0x40a5d69c, L:/127.0.0.1:61447 - R:localhost/127.0.0.1:59486]
10:08:29.052 [Test worker] DEBUG net.thucydides.core.steps.StepInterceptor - STARTING STEP: LoginSteps.elDebeSerRedirigidoALaPaginaDe - {0} should see #description
10:08:29.052 [Test worker] DEBUG net.serenitybdd.screenplay.targets.IFrameSwitcher - default content already selected for product title
10:08:29.062 [Forwarding findElement on session 6c2f2478f3c3da725d8eddac865454c5 to remote] DEBUG org.asynchttpclient.netty.request.NettyRequestSender - Using pooled Channel '[id: 0x40a5d69c, L:/127.0.0.1:61447 - R:localhost/127.0.0.1:59486]' for 'POST' to 'http://localhost:59486/session/6c2f2478f3c3da725d8eddac865454c5/element'
10:08:29.062 [Forwarding findElement on session 6c2f2478f3c3da725d8eddac865454c5 to remote] DEBUG org.asynchttpclient.netty.request.NettyRequestSender - Using open Channel [id: 0x40a5d69c, L:/127.0.0.1:61447 - R:localhost/127.0.0.1:59486] for POST '/session/6c2f2478f3c3da725d8eddac865454c5/element'
10:08:29.070 [AsyncHttpClient-1-5] DEBUG org.asynchttpclient.netty.handler.HttpHandler - 

Request DefaultHttpRequest(decodeResult: success, version: HTTP/1.1)
POST /session/6c2f2478f3c3da725d8eddac865454c5/element HTTP/1.1
User-Agent: selenium/4.4.0 (java windows)
Content-Length: 78
Content-Type: application/json; charset=utf-8
host: localhost:59486
accept: */*

Response DefaultHttpResponse(decodeResult: success, version: HTTP/1.1)
HTTP/1.1 200 OK
Content-Type: application/json; charset=utf-8
cache-control: no-cache
content-length: 88

10:08:29.071 [AsyncHttpClient-1-5] DEBUG org.asynchttpclient.netty.channel.ChannelManager - Adding key: http://localhost:59486 for channel [id: 0x40a5d69c, L:/127.0.0.1:61447 - R:localhost/127.0.0.1:59486]
10:08:29.071 [Forwarding getElementText on session 6c2f2478f3c3da725d8eddac865454c5 to remote] DEBUG org.asynchttpclient.netty.request.NettyRequestSender - Using pooled Channel '[id: 0x40a5d69c, L:/127.0.0.1:61447 - R:localhost/127.0.0.1:59486]' for 'GET' to 'http://localhost:59486/session/6c2f2478f3c3da725d8eddac865454c5/element/143c06e7-e557-40b7-9503-f984b581cb2e/text'
10:08:29.071 [Forwarding getElementText on session 6c2f2478f3c3da725d8eddac865454c5 to remote] DEBUG org.asynchttpclient.netty.request.NettyRequestSender - Using open Channel [id: 0x40a5d69c, L:/127.0.0.1:61447 - R:localhost/127.0.0.1:59486] for GET '/session/6c2f2478f3c3da725d8eddac865454c5/element/143c06e7-e557-40b7-9503-f984b581cb2e/text'
10:08:29.082 [AsyncHttpClient-1-5] DEBUG org.asynchttpclient.netty.handler.HttpHandler - 

Request DefaultFullHttpRequest(decodeResult: success, version: HTTP/1.1, content: EmptyByteBufBE)
GET /session/6c2f2478f3c3da725d8eddac865454c5/element/143c06e7-e557-40b7-9503-f984b581cb2e/text HTTP/1.1
User-Agent: selenium/4.4.0 (java windows)
Cache-Control: no-cache
Content-Type: application/json; charset=utf-8
host: localhost:59486
accept: */*

Response DefaultHttpResponse(decodeResult: success, version: HTTP/1.1)
HTTP/1.1 200 OK
Content-Type: application/json; charset=utf-8
cache-control: no-cache
content-length: 20

10:08:29.082 [AsyncHttpClient-1-5] DEBUG org.asynchttpclient.netty.channel.ChannelManager - Adding key: http://localhost:59486 for channel [id: 0x40a5d69c, L:/127.0.0.1:61447 - R:localhost/127.0.0.1:59486]
10:08:29.096 [Forwarding getCurrentWindowHandle on session 6c2f2478f3c3da725d8eddac865454c5 to remote] DEBUG org.asynchttpclient.netty.request.NettyRequestSender - Using pooled Channel '[id: 0x40a5d69c, L:/127.0.0.1:61447 - R:localhost/127.0.0.1:59486]' for 'GET' to 'http://localhost:59486/session/6c2f2478f3c3da725d8eddac865454c5/window'
10:08:29.096 [Forwarding getCurrentWindowHandle on session 6c2f2478f3c3da725d8eddac865454c5 to remote] DEBUG org.asynchttpclient.netty.request.NettyRequestSender - Using open Channel [id: 0x40a5d69c, L:/127.0.0.1:61447 - R:localhost/127.0.0.1:59486] for GET '/session/6c2f2478f3c3da725d8eddac865454c5/window'
10:08:29.097 [AsyncHttpClient-1-5] DEBUG org.asynchttpclient.netty.handler.HttpHandler - 

Request DefaultFullHttpRequest(decodeResult: success, version: HTTP/1.1, content: EmptyByteBufBE)
GET /session/6c2f2478f3c3da725d8eddac865454c5/window HTTP/1.1
User-Agent: selenium/4.4.0 (java windows)
Cache-Control: no-cache
Content-Type: application/json; charset=utf-8
host: localhost:59486
accept: */*

Response DefaultHttpResponse(decodeResult: success, version: HTTP/1.1)
HTTP/1.1 200 OK
Content-Type: application/json; charset=utf-8
cache-control: no-cache
content-length: 53

10:08:29.097 [AsyncHttpClient-1-5] DEBUG org.asynchttpclient.netty.channel.ChannelManager - Adding key: http://localhost:59486 for channel [id: 0x40a5d69c, L:/127.0.0.1:61447 - R:localhost/127.0.0.1:59486]
10:08:29.102 [Forwarding getAlertText on session 6c2f2478f3c3da725d8eddac865454c5 to remote] DEBUG org.asynchttpclient.netty.request.NettyRequestSender - Using pooled Channel '[id: 0x40a5d69c, L:/127.0.0.1:61447 - R:localhost/127.0.0.1:59486]' for 'GET' to 'http://localhost:59486/session/6c2f2478f3c3da725d8eddac865454c5/alert/text'
10:08:29.102 [Forwarding getAlertText on session 6c2f2478f3c3da725d8eddac865454c5 to remote] DEBUG org.asynchttpclient.netty.request.NettyRequestSender - Using open Channel [id: 0x40a5d69c, L:/127.0.0.1:61447 - R:localhost/127.0.0.1:59486] for GET '/session/6c2f2478f3c3da725d8eddac865454c5/alert/text'
10:08:29.106 [AsyncHttpClient-1-5] DEBUG org.asynchttpclient.netty.handler.HttpHandler - 

Request DefaultFullHttpRequest(decodeResult: success, version: HTTP/1.1, content: EmptyByteBufBE)
GET /session/6c2f2478f3c3da725d8eddac865454c5/alert/text HTTP/1.1
User-Agent: selenium/4.4.0 (java windows)
Cache-Control: no-cache
Content-Type: application/json; charset=utf-8
host: localhost:59486
accept: */*

Response DefaultHttpResponse(decodeResult: success, version: HTTP/1.1)
HTTP/1.1 404 Not Found
Content-Type: application/json; charset=utf-8
cache-control: no-cache
content-length: 879

10:08:29.106 [AsyncHttpClient-1-5] DEBUG org.asynchttpclient.netty.channel.ChannelManager - Adding key: http://localhost:59486 for channel [id: 0x40a5d69c, L:/127.0.0.1:61447 - R:localhost/127.0.0.1:59486]
10:08:29.112 [Forwarding switchToWindow on session 6c2f2478f3c3da725d8eddac865454c5 to remote] DEBUG org.asynchttpclient.netty.request.NettyRequestSender - Using pooled Channel '[id: 0x40a5d69c, L:/127.0.0.1:61447 - R:localhost/127.0.0.1:59486]' for 'POST' to 'http://localhost:59486/session/6c2f2478f3c3da725d8eddac865454c5/window'
10:08:29.113 [Forwarding switchToWindow on session 6c2f2478f3c3da725d8eddac865454c5 to remote] DEBUG org.asynchttpclient.netty.request.NettyRequestSender - Using open Channel [id: 0x40a5d69c, L:/127.0.0.1:61447 - R:localhost/127.0.0.1:59486] for POST '/session/6c2f2478f3c3da725d8eddac865454c5/window'
10:08:29.116 [AsyncHttpClient-1-5] DEBUG org.asynchttpclient.netty.handler.HttpHandler - 

Request DefaultHttpRequest(decodeResult: success, version: HTTP/1.1)
POST /session/6c2f2478f3c3da725d8eddac865454c5/window HTTP/1.1
User-Agent: selenium/4.4.0 (java windows)
Content-Length: 59
Content-Type: application/json; charset=utf-8
host: localhost:59486
accept: */*

Response DefaultHttpResponse(decodeResult: success, version: HTTP/1.1)
HTTP/1.1 200 OK
Content-Type: application/json; charset=utf-8
cache-control: no-cache
content-length: 14

10:08:29.116 [AsyncHttpClient-1-5] DEBUG org.asynchttpclient.netty.channel.ChannelManager - Adding key: http://localhost:59486 for channel [id: 0x40a5d69c, L:/127.0.0.1:61447 - R:localhost/127.0.0.1:59486]
10:08:29.117 [Forwarding getCurrentUrl on session 6c2f2478f3c3da725d8eddac865454c5 to remote] DEBUG org.asynchttpclient.netty.request.NettyRequestSender - Using pooled Channel '[id: 0x40a5d69c, L:/127.0.0.1:61447 - R:localhost/127.0.0.1:59486]' for 'GET' to 'http://localhost:59486/session/6c2f2478f3c3da725d8eddac865454c5/url'
10:08:29.117 [Forwarding getCurrentUrl on session 6c2f2478f3c3da725d8eddac865454c5 to remote] DEBUG org.asynchttpclient.netty.request.NettyRequestSender - Using open Channel [id: 0x40a5d69c, L:/127.0.0.1:61447 - R:localhost/127.0.0.1:59486] for GET '/session/6c2f2478f3c3da725d8eddac865454c5/url'
10:08:29.120 [AsyncHttpClient-1-5] DEBUG org.asynchttpclient.netty.handler.HttpHandler - 

Request DefaultFullHttpRequest(decodeResult: success, version: HTTP/1.1, content: EmptyByteBufBE)
GET /session/6c2f2478f3c3da725d8eddac865454c5/url HTTP/1.1
User-Agent: selenium/4.4.0 (java windows)
Cache-Control: no-cache
Content-Type: application/json; charset=utf-8
host: localhost:59486
accept: */*

Response DefaultHttpResponse(decodeResult: success, version: HTTP/1.1)
HTTP/1.1 200 OK
Content-Type: application/json; charset=utf-8
cache-control: no-cache
content-length: 52

10:08:29.120 [AsyncHttpClient-1-5] DEBUG org.asynchttpclient.netty.channel.ChannelManager - Adding key: http://localhost:59486 for channel [id: 0x40a5d69c, L:/127.0.0.1:61447 - R:localhost/127.0.0.1:59486]
10:08:29.121 [Forwarding screenshot on session 6c2f2478f3c3da725d8eddac865454c5 to remote] DEBUG org.asynchttpclient.netty.request.NettyRequestSender - Using pooled Channel '[id: 0x40a5d69c, L:/127.0.0.1:61447 - R:localhost/127.0.0.1:59486]' for 'GET' to 'http://localhost:59486/session/6c2f2478f3c3da725d8eddac865454c5/screenshot'
10:08:29.121 [Forwarding screenshot on session 6c2f2478f3c3da725d8eddac865454c5 to remote] DEBUG org.asynchttpclient.netty.request.NettyRequestSender - Using open Channel [id: 0x40a5d69c, L:/127.0.0.1:61447 - R:localhost/127.0.0.1:59486] for GET '/session/6c2f2478f3c3da725d8eddac865454c5/screenshot'
10:08:29.212 [AsyncHttpClient-1-5] DEBUG org.asynchttpclient.netty.handler.HttpHandler - 

Request DefaultFullHttpRequest(decodeResult: success, version: HTTP/1.1, content: EmptyByteBufBE)
GET /session/6c2f2478f3c3da725d8eddac865454c5/screenshot HTTP/1.1
User-Agent: selenium/4.4.0 (java windows)
Cache-Control: no-cache
Content-Type: application/json; charset=utf-8
host: localhost:59486
accept: */*

Response DefaultHttpResponse(decodeResult: success, version: HTTP/1.1)
HTTP/1.1 200 OK
Content-Type: application/json; charset=utf-8
cache-control: no-cache
content-length: 217200

10:08:29.213 [AsyncHttpClient-1-5] DEBUG org.asynchttpclient.netty.channel.ChannelManager - Adding key: http://localhost:59486 for channel [id: 0x40a5d69c, L:/127.0.0.1:61447 - R:localhost/127.0.0.1:59486]
10:08:29.219 [Test worker] DEBUG net.serenitybdd.core.photography.Darkroom - Send negative for processing for C:\Users\juan.gomezv\IdeaProjects\sura\target\site\serenity\8e1c9eb309becb05a740bf73064d004454a72044bb82cc3c270e1a0700329732.png
10:08:29.219 [Test worker] DEBUG net.thucydides.core.steps.StepInterceptor - STEP DONE: {0} should see #description
  ?[32mEntonces ?[0m?[32m?[0m?[32m?[1mAlberto?[0m?[32m debe ser redirigido a la pagina de ?[0m?[32m?[1m"PRODUCTS"?[0m                ?[90m# sura.stepDefinitions.LoginSteps.elDebeSerRedirigidoALaPaginaDe(net.serenitybdd.screenplay.Actor,java.lang.String)?[0m
10:08:29.238 [Driver Command Executor] DEBUG org.asynchttpclient.netty.request.NettyRequestSender - Using pooled Channel '[id: 0x40a5d69c, L:/127.0.0.1:61447 - R:localhost/127.0.0.1:59486]' for 'DELETE' to 'http://localhost:59486/session/6c2f2478f3c3da725d8eddac865454c5'
10:08:29.238 [AsyncHttpClient-1-7] DEBUG org.asynchttpclient.netty.handler.WebSocketHandler - Channel Closed: [id: 0x57ec013c, L:/127.0.0.1:61455 ! R:localhost/127.0.0.1:61448] with attribute NettyResponseFuture{currentRetry=0,
	isDone=1,
	isCancelled=0,
	asyncHandler=org.asynchttpclient.ws.WebSocketUpgradeHandler@1ac5991,
	nettyRequest=org.asynchttpclient.netty.request.NettyRequest@44aec7c0,
	future=java.util.concurrent.CompletableFuture@6ec7268e[Completed normally],
	uri=ws://localhost:61448/devtools/browser/5afd3f91-3740-4e51-86d5-5efeaac64b3c,
	keepAlive=true,
	redirectCount=0,
	timeoutsHolder=null,
	inAuth=0,
	touch=1664204907259}
10:08:29.239 [Driver Command Executor] DEBUG org.asynchttpclient.netty.request.NettyRequestSender - Using open Channel [id: 0x40a5d69c, L:/127.0.0.1:61447 - R:localhost/127.0.0.1:59486] for DELETE '/session/6c2f2478f3c3da725d8eddac865454c5'
10:08:29.239 [AsyncHttpClient-1-7] DEBUG org.asynchttpclient.netty.channel.ChannelManager - Closing Channel [id: 0x57ec013c, L:/127.0.0.1:61455 ! R:localhost/127.0.0.1:61448] 
10:08:29.285 [AsyncHttpClient-1-6] DEBUG org.asynchttpclient.netty.handler.HttpHandler - Unexpected I/O exception on channel [id: 0x03771c77, L:/127.0.0.1:61454 - R:localhost/127.0.0.1:61448]
java.net.SocketException: Connection reset
	at java.base/sun.nio.ch.SocketChannelImpl.throwConnectionReset(SocketChannelImpl.java:394)
	at java.base/sun.nio.ch.SocketChannelImpl.read(SocketChannelImpl.java:426)
	at io.netty.buffer.PooledByteBuf.setBytes(PooledByteBuf.java:258)
	at io.netty.buffer.AbstractByteBuf.writeBytes(AbstractByteBuf.java:1132)
	at io.netty.channel.socket.nio.NioSocketChannel.doReadBytes(NioSocketChannel.java:357)
	at io.netty.channel.nio.AbstractNioByteChannel$NioByteUnsafe.read(AbstractNioByteChannel.java:151)
	at io.netty.channel.nio.NioEventLoop.processSelectedKey(NioEventLoop.java:722)
	at io.netty.channel.nio.NioEventLoop.processSelectedKeysOptimized(NioEventLoop.java:658)
	at io.netty.channel.nio.NioEventLoop.processSelectedKeys(NioEventLoop.java:584)
	at io.netty.channel.nio.NioEventLoop.run(NioEventLoop.java:496)
	at io.netty.util.concurrent.SingleThreadEventExecutor$4.run(SingleThreadEventExecutor.java:997)
	at io.netty.util.internal.ThreadExecutorMap$2.run(ThreadExecutorMap.java:74)
	at io.netty.util.concurrent.FastThreadLocalRunnable.run(FastThreadLocalRunnable.java:30)
	at java.base/java.lang.Thread.run(Thread.java:833)
10:08:29.285 [AsyncHttpClient-1-6] DEBUG org.asynchttpclient.netty.channel.ChannelManager - Closing Channel [id: 0x03771c77, L:/127.0.0.1:61454 - R:localhost/127.0.0.1:61448] 
10:08:29.285 [AsyncHttpClient-1-6] DEBUG org.asynchttpclient.netty.handler.HttpHandler - Channel Closed: [id: 0x03771c77, L:/127.0.0.1:61454 ! R:localhost/127.0.0.1:61448] with attribute DISCARD
10:08:29.302 [AsyncHttpClient-1-5] DEBUG org.asynchttpclient.netty.handler.HttpHandler - 

Request DefaultFullHttpRequest(decodeResult: success, version: HTTP/1.1, content: EmptyByteBufBE)
DELETE /session/6c2f2478f3c3da725d8eddac865454c5 HTTP/1.1
User-Agent: selenium/4.4.0 (java windows)
Content-Type: application/json; charset=utf-8
host: localhost:59486
accept: */*

Response DefaultHttpResponse(decodeResult: success, version: HTTP/1.1)
HTTP/1.1 200 OK
Content-Type: application/json; charset=utf-8
cache-control: no-cache
content-length: 14

10:08:29.303 [AsyncHttpClient-1-5] DEBUG org.asynchttpclient.netty.channel.ChannelManager - Adding key: http://localhost:59486 for channel [id: 0x40a5d69c, L:/127.0.0.1:61447 - R:localhost/127.0.0.1:59486]
10:08:29.341 [AsyncHttpClient-1-5] DEBUG org.asynchttpclient.netty.handler.HttpHandler - Channel Closed: [id: 0x40a5d69c, L:/127.0.0.1:61447 ! R:localhost/127.0.0.1:59486] with attribute DISCARD
10:08:29.403 [Test worker] INFO  - 
  _____   ___   ___   _____     ___     _     ___   ___   ___   ___  
 |_   _| | __| / __| |_   _|   | _ \   /_\   / __| / __| | __| |   \ 
   | |   | _|  \__ \   | |     |  _/  / _ \  \__ \ \__ \ | _|  | |) |
   |_|   |___| |___/   |_|     |_|   /_/ \_\ |___/ |___/ |___| |___/ 

Usuario se auténtica con una cuenta activa
----------------------------------------------------------------------

Esquema del escenario: Usuario se autÃ©ntica con una cuenta activa               ?[90m# src/test/resources/features/login.feature:15?[0m
10:08:29.409 [Test worker] INFO io.cucumber.core.plugin.SerenityReporter - Running feature from file:///C:/Users/juan.gomezv/IdeaProjects/sura/src/test/resources/features/login.feature
10:08:29.417 [Test worker] DEBUG net.thucydides.core.steps.StepInterceptor - STARTING STEP: LoginSteps.albertoQuiereConsultarArticulosDeportivosEnLaWebDeLaMarcaSwag - {0} abre la aplicaciÃ³n
10:08:29.419 [Test worker] DEBUG net.thucydides.core.steps.StepInterceptor - STARTING STEP: NavigateTo.performAs - {0} opens the #targetPageName
10:08:29.465 [Test worker] INFO net.serenitybdd.core.webdriver.driverproviders.ChromeDriverProvider - Starting Chrome driver instance with capabilities:
10:08:29.465 [Test worker] INFO net.serenitybdd.core.webdriver.driverproviders.ChromeDriverProvider - Capabilities {acceptInsecureCerts: false, browserName: chrome, goog:chromeOptions: {args: [], extensions: []}}
10:08:29.527 [AsyncHttpClient-1-8] DEBUG org.asynchttpclient.netty.channel.NettyConnectListener - Using new Channel '[id: 0x972f0b1e, L:/127.0.0.1:61471 - R:localhost/127.0.0.1:54913]' for 'POST' to '/session'
10:08:29.608 [AsyncHttpClient-1-1] DEBUG org.asynchttpclient.netty.channel.DefaultChannelPool - Entry count for : http://localhost:59486 : 1
10:08:29.608 [AsyncHttpClient-1-1] DEBUG org.asynchttpclient.netty.channel.DefaultChannelPool - Entry count for : http://localhost:61448 : 1
10:08:29.608 [AsyncHttpClient-1-1] DEBUG org.asynchttpclient.netty.channel.DefaultChannelPool - Adding Candidate expired Channel [id: 0x40a5d69c, L:/127.0.0.1:61447 ! R:localhost/127.0.0.1:59486] isIdleTimeoutExpired=false isRemotelyClosed=true isTtlExpired=false
10:08:29.608 [AsyncHttpClient-1-1] DEBUG org.asynchttpclient.netty.channel.DefaultChannelPool - Closing Idle Channel [id: 0x40a5d69c, L:/127.0.0.1:61447 ! R:localhost/127.0.0.1:59486]
10:08:29.608 [AsyncHttpClient-1-1] DEBUG org.asynchttpclient.netty.channel.DefaultChannelPool - Adding Candidate expired Channel [id: 0x03771c77, L:/127.0.0.1:61454 ! R:localhost/127.0.0.1:61448] isIdleTimeoutExpired=false isRemotelyClosed=true isTtlExpired=false
10:08:29.608 [AsyncHttpClient-1-1] DEBUG org.asynchttpclient.netty.channel.DefaultChannelPool - Closing Idle Channel [id: 0x03771c77, L:/127.0.0.1:61454 ! R:localhost/127.0.0.1:61448]
10:08:29.608 [AsyncHttpClient-1-1] DEBUG org.asynchttpclient.netty.channel.DefaultChannelPool - Closed 2 connections out of 2 in 0 ms
10:08:30.117 [AsyncHttpClient-1-8] DEBUG org.asynchttpclient.netty.handler.HttpHandler - 

Request DefaultHttpRequest(decodeResult: success, version: HTTP/1.1)
POST /session HTTP/1.1
User-Agent: selenium/4.4.0 (java windows)
Content-Length: 437
Content-Type: application/json; charset=utf-8
host: localhost:54913
accept: */*

Response DefaultHttpResponse(decodeResult: success, version: HTTP/1.1)
HTTP/1.1 200 OK
Content-Type: application/json; charset=utf-8
cache-control: no-cache
content-length: 794

10:08:30.117 [AsyncHttpClient-1-8] DEBUG org.asynchttpclient.netty.channel.ChannelManager - Adding key: http://localhost:54913 for channel [id: 0x972f0b1e, L:/127.0.0.1:61471 - R:localhost/127.0.0.1:54913]
10:08:30.131 [AsyncHttpClient-1-9] DEBUG org.asynchttpclient.netty.channel.NettyConnectListener - Using new Channel '[id: 0x782fc7da, L:/127.0.0.1:61478 - R:localhost/127.0.0.1:61472]' for 'GET' to '/json/version'
10:08:30.132 [AsyncHttpClient-1-9] DEBUG org.asynchttpclient.netty.handler.HttpHandler - 

Request DefaultFullHttpRequest(decodeResult: success, version: HTTP/1.1, content: EmptyByteBufBE)
GET /json/version HTTP/1.1
User-Agent: selenium/4.4.0 (java windows)
host: localhost:61472
accept: */*

Response DefaultHttpResponse(decodeResult: success, version: HTTP/1.1)
HTTP/1.1 200 OK
Content-Type: application/json; charset=UTF-8
content-length: 423

10:08:30.132 [AsyncHttpClient-1-9] DEBUG org.asynchttpclient.netty.channel.ChannelManager - Adding key: http://localhost:61472 for channel [id: 0x782fc7da, L:/127.0.0.1:61478 - R:localhost/127.0.0.1:61472]
10:08:30.135 [AsyncHttpClient-1-10] DEBUG org.asynchttpclient.netty.channel.NettyConnectListener - Using new Channel '[id: 0xfac6323e, L:/127.0.0.1:61479 - R:localhost/127.0.0.1:61472]' for 'GET' to '/devtools/browser/115def4e-c682-4254-a87e-a629ea2a4b15'
10:08:30.137 [AsyncHttpClient-1-10] DEBUG org.asynchttpclient.netty.handler.WebSocketHandler - 

Request DefaultFullHttpRequest(decodeResult: success, version: HTTP/1.1, content: EmptyByteBufBE)
GET /devtools/browser/115def4e-c682-4254-a87e-a629ea2a4b15 HTTP/1.1
upgrade: websocket
connection: upgrade
sec-websocket-key: ptJNO0VWvbWQA4AET58WhA==
sec-websocket-version: 13
origin: http://localhost:61472
host: localhost:61472
accept: */*
user-agent: AHC/2.1

Response DefaultHttpResponse(decodeResult: success, version: HTTP/1.1)
HTTP/1.1 101 WebSocket Protocol Handshake
Upgrade: WebSocket
Connection: Upgrade
Sec-WebSocket-Accept: nB3rqnKjpsCORC3GWbFQLG5tdcI=

10:08:30.143 [Forwarding get on session b1e038a64b859fadb70361ac4c1026c4 to remote] DEBUG org.asynchttpclient.netty.request.NettyRequestSender - Using pooled Channel '[id: 0x972f0b1e, L:/127.0.0.1:61471 - R:localhost/127.0.0.1:54913]' for 'POST' to 'http://localhost:54913/session/b1e038a64b859fadb70361ac4c1026c4/url'
10:08:30.144 [Forwarding get on session b1e038a64b859fadb70361ac4c1026c4 to remote] DEBUG org.asynchttpclient.netty.request.NettyRequestSender - Using open Channel [id: 0x972f0b1e, L:/127.0.0.1:61471 - R:localhost/127.0.0.1:54913] for POST '/session/b1e038a64b859fadb70361ac4c1026c4/url'
10:08:30.423 [AsyncHttpClient-1-8] DEBUG org.asynchttpclient.netty.handler.HttpHandler - 

Request DefaultHttpRequest(decodeResult: success, version: HTTP/1.1)
POST /session/b1e038a64b859fadb70361ac4c1026c4/url HTTP/1.1
User-Agent: selenium/4.4.0 (java windows)
Content-Length: 40
Content-Type: application/json; charset=utf-8
host: localhost:54913
accept: */*

Response DefaultHttpResponse(decodeResult: success, version: HTTP/1.1)
HTTP/1.1 200 OK
Content-Type: application/json; charset=utf-8
cache-control: no-cache
content-length: 14

10:08:30.423 [AsyncHttpClient-1-8] DEBUG org.asynchttpclient.netty.channel.ChannelManager - Adding key: http://localhost:54913 for channel [id: 0x972f0b1e, L:/127.0.0.1:61471 - R:localhost/127.0.0.1:54913]
10:08:30.425 [Forwarding setTimeout on session b1e038a64b859fadb70361ac4c1026c4 to remote] DEBUG org.asynchttpclient.netty.request.NettyRequestSender - Using pooled Channel '[id: 0x972f0b1e, L:/127.0.0.1:61471 - R:localhost/127.0.0.1:54913]' for 'POST' to 'http://localhost:54913/session/b1e038a64b859fadb70361ac4c1026c4/timeouts'
10:08:30.425 [Forwarding setTimeout on session b1e038a64b859fadb70361ac4c1026c4 to remote] DEBUG org.asynchttpclient.netty.request.NettyRequestSender - Using open Channel [id: 0x972f0b1e, L:/127.0.0.1:61471 - R:localhost/127.0.0.1:54913] for POST '/session/b1e038a64b859fadb70361ac4c1026c4/timeouts'
10:08:30.426 [AsyncHttpClient-1-8] DEBUG org.asynchttpclient.netty.handler.HttpHandler - 

Request DefaultHttpRequest(decodeResult: success, version: HTTP/1.1)
POST /session/b1e038a64b859fadb70361ac4c1026c4/timeouts HTTP/1.1
User-Agent: selenium/4.4.0 (java windows)
Content-Length: 22
Content-Type: application/json; charset=utf-8
host: localhost:54913
accept: */*

Response DefaultHttpResponse(decodeResult: success, version: HTTP/1.1)
HTTP/1.1 200 OK
Content-Type: application/json; charset=utf-8
cache-control: no-cache
content-length: 14

10:08:30.427 [AsyncHttpClient-1-8] DEBUG org.asynchttpclient.netty.channel.ChannelManager - Adding key: http://localhost:54913 for channel [id: 0x972f0b1e, L:/127.0.0.1:61471 - R:localhost/127.0.0.1:54913]
10:08:30.433 [Forwarding getCurrentUrl on session b1e038a64b859fadb70361ac4c1026c4 to remote] DEBUG org.asynchttpclient.netty.request.NettyRequestSender - Using pooled Channel '[id: 0x972f0b1e, L:/127.0.0.1:61471 - R:localhost/127.0.0.1:54913]' for 'GET' to 'http://localhost:54913/session/b1e038a64b859fadb70361ac4c1026c4/url'
10:08:30.434 [Forwarding getCurrentUrl on session b1e038a64b859fadb70361ac4c1026c4 to remote] DEBUG org.asynchttpclient.netty.request.NettyRequestSender - Using open Channel [id: 0x972f0b1e, L:/127.0.0.1:61471 - R:localhost/127.0.0.1:54913] for GET '/session/b1e038a64b859fadb70361ac4c1026c4/url'
10:08:30.438 [AsyncHttpClient-1-8] DEBUG org.asynchttpclient.netty.handler.HttpHandler - 

Request DefaultFullHttpRequest(decodeResult: success, version: HTTP/1.1, content: EmptyByteBufBE)
GET /session/b1e038a64b859fadb70361ac4c1026c4/url HTTP/1.1
User-Agent: selenium/4.4.0 (java windows)
Cache-Control: no-cache
Content-Type: application/json; charset=utf-8
host: localhost:54913
accept: */*

Response DefaultHttpResponse(decodeResult: success, version: HTTP/1.1)
HTTP/1.1 200 OK
Content-Type: application/json; charset=utf-8
cache-control: no-cache
content-length: 38

10:08:30.438 [AsyncHttpClient-1-8] DEBUG org.asynchttpclient.netty.channel.ChannelManager - Adding key: http://localhost:54913 for channel [id: 0x972f0b1e, L:/127.0.0.1:61471 - R:localhost/127.0.0.1:54913]
10:08:30.445 [Forwarding getCurrentUrl on session b1e038a64b859fadb70361ac4c1026c4 to remote] DEBUG org.asynchttpclient.netty.request.NettyRequestSender - Using pooled Channel '[id: 0x972f0b1e, L:/127.0.0.1:61471 - R:localhost/127.0.0.1:54913]' for 'GET' to 'http://localhost:54913/session/b1e038a64b859fadb70361ac4c1026c4/url'
10:08:30.445 [Forwarding getCurrentUrl on session b1e038a64b859fadb70361ac4c1026c4 to remote] DEBUG org.asynchttpclient.netty.request.NettyRequestSender - Using open Channel [id: 0x972f0b1e, L:/127.0.0.1:61471 - R:localhost/127.0.0.1:54913] for GET '/session/b1e038a64b859fadb70361ac4c1026c4/url'
10:08:30.448 [AsyncHttpClient-1-8] DEBUG org.asynchttpclient.netty.handler.HttpHandler - 

Request DefaultFullHttpRequest(decodeResult: success, version: HTTP/1.1, content: EmptyByteBufBE)
GET /session/b1e038a64b859fadb70361ac4c1026c4/url HTTP/1.1
User-Agent: selenium/4.4.0 (java windows)
Cache-Control: no-cache
Content-Type: application/json; charset=utf-8
host: localhost:54913
accept: */*

Response DefaultHttpResponse(decodeResult: success, version: HTTP/1.1)
HTTP/1.1 200 OK
Content-Type: application/json; charset=utf-8
cache-control: no-cache
content-length: 38

10:08:30.448 [AsyncHttpClient-1-8] DEBUG org.asynchttpclient.netty.channel.ChannelManager - Adding key: http://localhost:54913 for channel [id: 0x972f0b1e, L:/127.0.0.1:61471 - R:localhost/127.0.0.1:54913]
10:08:30.462 [Forwarding getCurrentWindowHandle on session b1e038a64b859fadb70361ac4c1026c4 to remote] DEBUG org.asynchttpclient.netty.request.NettyRequestSender - Using pooled Channel '[id: 0x972f0b1e, L:/127.0.0.1:61471 - R:localhost/127.0.0.1:54913]' for 'GET' to 'http://localhost:54913/session/b1e038a64b859fadb70361ac4c1026c4/window'
10:08:30.462 [Forwarding getCurrentWindowHandle on session b1e038a64b859fadb70361ac4c1026c4 to remote] DEBUG org.asynchttpclient.netty.request.NettyRequestSender - Using open Channel [id: 0x972f0b1e, L:/127.0.0.1:61471 - R:localhost/127.0.0.1:54913] for GET '/session/b1e038a64b859fadb70361ac4c1026c4/window'
10:08:30.463 [AsyncHttpClient-1-8] DEBUG org.asynchttpclient.netty.handler.HttpHandler - 

Request DefaultFullHttpRequest(decodeResult: success, version: HTTP/1.1, content: EmptyByteBufBE)
GET /session/b1e038a64b859fadb70361ac4c1026c4/window HTTP/1.1
User-Agent: selenium/4.4.0 (java windows)
Cache-Control: no-cache
Content-Type: application/json; charset=utf-8
host: localhost:54913
accept: */*

Response DefaultHttpResponse(decodeResult: success, version: HTTP/1.1)
HTTP/1.1 200 OK
Content-Type: application/json; charset=utf-8
cache-control: no-cache
content-length: 53

10:08:30.463 [AsyncHttpClient-1-8] DEBUG org.asynchttpclient.netty.channel.ChannelManager - Adding key: http://localhost:54913 for channel [id: 0x972f0b1e, L:/127.0.0.1:61471 - R:localhost/127.0.0.1:54913]
10:08:30.468 [Forwarding getAlertText on session b1e038a64b859fadb70361ac4c1026c4 to remote] DEBUG org.asynchttpclient.netty.request.NettyRequestSender - Using pooled Channel '[id: 0x972f0b1e, L:/127.0.0.1:61471 - R:localhost/127.0.0.1:54913]' for 'GET' to 'http://localhost:54913/session/b1e038a64b859fadb70361ac4c1026c4/alert/text'
10:08:30.468 [Forwarding getAlertText on session b1e038a64b859fadb70361ac4c1026c4 to remote] DEBUG org.asynchttpclient.netty.request.NettyRequestSender - Using open Channel [id: 0x972f0b1e, L:/127.0.0.1:61471 - R:localhost/127.0.0.1:54913] for GET '/session/b1e038a64b859fadb70361ac4c1026c4/alert/text'
10:08:30.470 [AsyncHttpClient-1-8] DEBUG org.asynchttpclient.netty.handler.HttpHandler - 

Request DefaultFullHttpRequest(decodeResult: success, version: HTTP/1.1, content: EmptyByteBufBE)
GET /session/b1e038a64b859fadb70361ac4c1026c4/alert/text HTTP/1.1
User-Agent: selenium/4.4.0 (java windows)
Cache-Control: no-cache
Content-Type: application/json; charset=utf-8
host: localhost:54913
accept: */*

Response DefaultHttpResponse(decodeResult: success, version: HTTP/1.1)
HTTP/1.1 404 Not Found
Content-Type: application/json; charset=utf-8
cache-control: no-cache
content-length: 879

10:08:30.470 [AsyncHttpClient-1-8] DEBUG org.asynchttpclient.netty.channel.ChannelManager - Adding key: http://localhost:54913 for channel [id: 0x972f0b1e, L:/127.0.0.1:61471 - R:localhost/127.0.0.1:54913]
10:08:30.476 [Forwarding switchToWindow on session b1e038a64b859fadb70361ac4c1026c4 to remote] DEBUG org.asynchttpclient.netty.request.NettyRequestSender - Using pooled Channel '[id: 0x972f0b1e, L:/127.0.0.1:61471 - R:localhost/127.0.0.1:54913]' for 'POST' to 'http://localhost:54913/session/b1e038a64b859fadb70361ac4c1026c4/window'
10:08:30.476 [Forwarding switchToWindow on session b1e038a64b859fadb70361ac4c1026c4 to remote] DEBUG org.asynchttpclient.netty.request.NettyRequestSender - Using open Channel [id: 0x972f0b1e, L:/127.0.0.1:61471 - R:localhost/127.0.0.1:54913] for POST '/session/b1e038a64b859fadb70361ac4c1026c4/window'
10:08:30.481 [AsyncHttpClient-1-8] DEBUG org.asynchttpclient.netty.handler.HttpHandler - 

Request DefaultHttpRequest(decodeResult: success, version: HTTP/1.1)
POST /session/b1e038a64b859fadb70361ac4c1026c4/window HTTP/1.1
User-Agent: selenium/4.4.0 (java windows)
Content-Length: 59
Content-Type: application/json; charset=utf-8
host: localhost:54913
accept: */*

Response DefaultHttpResponse(decodeResult: success, version: HTTP/1.1)
HTTP/1.1 200 OK
Content-Type: application/json; charset=utf-8
cache-control: no-cache
content-length: 14

10:08:30.481 [AsyncHttpClient-1-8] DEBUG org.asynchttpclient.netty.channel.ChannelManager - Adding key: http://localhost:54913 for channel [id: 0x972f0b1e, L:/127.0.0.1:61471 - R:localhost/127.0.0.1:54913]
10:08:30.482 [Forwarding getCurrentUrl on session b1e038a64b859fadb70361ac4c1026c4 to remote] DEBUG org.asynchttpclient.netty.request.NettyRequestSender - Using pooled Channel '[id: 0x972f0b1e, L:/127.0.0.1:61471 - R:localhost/127.0.0.1:54913]' for 'GET' to 'http://localhost:54913/session/b1e038a64b859fadb70361ac4c1026c4/url'
10:08:30.483 [Forwarding getCurrentUrl on session b1e038a64b859fadb70361ac4c1026c4 to remote] DEBUG org.asynchttpclient.netty.request.NettyRequestSender - Using open Channel [id: 0x972f0b1e, L:/127.0.0.1:61471 - R:localhost/127.0.0.1:54913] for GET '/session/b1e038a64b859fadb70361ac4c1026c4/url'
10:08:30.485 [AsyncHttpClient-1-8] DEBUG org.asynchttpclient.netty.handler.HttpHandler - 

Request DefaultFullHttpRequest(decodeResult: success, version: HTTP/1.1, content: EmptyByteBufBE)
GET /session/b1e038a64b859fadb70361ac4c1026c4/url HTTP/1.1
User-Agent: selenium/4.4.0 (java windows)
Cache-Control: no-cache
Content-Type: application/json; charset=utf-8
host: localhost:54913
accept: */*

Response DefaultHttpResponse(decodeResult: success, version: HTTP/1.1)
HTTP/1.1 200 OK
Content-Type: application/json; charset=utf-8
cache-control: no-cache
content-length: 38

10:08:30.486 [AsyncHttpClient-1-8] DEBUG org.asynchttpclient.netty.channel.ChannelManager - Adding key: http://localhost:54913 for channel [id: 0x972f0b1e, L:/127.0.0.1:61471 - R:localhost/127.0.0.1:54913]
10:08:30.487 [Forwarding screenshot on session b1e038a64b859fadb70361ac4c1026c4 to remote] DEBUG org.asynchttpclient.netty.request.NettyRequestSender - Using pooled Channel '[id: 0x972f0b1e, L:/127.0.0.1:61471 - R:localhost/127.0.0.1:54913]' for 'GET' to 'http://localhost:54913/session/b1e038a64b859fadb70361ac4c1026c4/screenshot'
10:08:30.487 [Forwarding screenshot on session b1e038a64b859fadb70361ac4c1026c4 to remote] DEBUG org.asynchttpclient.netty.request.NettyRequestSender - Using open Channel [id: 0x972f0b1e, L:/127.0.0.1:61471 - R:localhost/127.0.0.1:54913] for GET '/session/b1e038a64b859fadb70361ac4c1026c4/screenshot'
10:08:30.579 [AsyncHttpClient-1-8] DEBUG org.asynchttpclient.netty.handler.HttpHandler - 

Request DefaultFullHttpRequest(decodeResult: success, version: HTTP/1.1, content: EmptyByteBufBE)
GET /session/b1e038a64b859fadb70361ac4c1026c4/screenshot HTTP/1.1
User-Agent: selenium/4.4.0 (java windows)
Cache-Control: no-cache
Content-Type: application/json; charset=utf-8
host: localhost:54913
accept: */*

Response DefaultHttpResponse(decodeResult: success, version: HTTP/1.1)
HTTP/1.1 200 OK
Content-Type: application/json; charset=utf-8
cache-control: no-cache
content-length: 59108

10:08:30.580 [AsyncHttpClient-1-8] DEBUG org.asynchttpclient.netty.channel.ChannelManager - Adding key: http://localhost:54913 for channel [id: 0x972f0b1e, L:/127.0.0.1:61471 - R:localhost/127.0.0.1:54913]
10:08:30.582 [Test worker] DEBUG net.serenitybdd.core.photography.Darkroom - Send negative for processing for C:\Users\juan.gomezv\IdeaProjects\sura\target\site\serenity\60e3c498caf7a8fcf635471a5092c247627e1395d91e12246eaf1a3e7a34e095.png
10:08:30.582 [Test worker] DEBUG net.thucydides.core.steps.StepInterceptor - STEP DONE: {0} opens the #targetPageName
10:08:30.589 [Test worker] DEBUG net.thucydides.core.steps.StepInterceptor - STEP DONE: {0} abre la aplicaciÃ³n
  ?[32mDado ?[0m?[32m?[0m?[32m?[1mAlberto?[0m?[32m quiere consultar articulos deportivos en la web de la marca Swag?[0m ?[90m# sura.stepDefinitions.LoginSteps.albertoQuiereConsultarArticulosDeportivosEnLaWebDeLaMarcaSwag(net.serenitybdd.screenplay.Actor)?[0m
10:08:30.604 [Forwarding getPageSource on session b1e038a64b859fadb70361ac4c1026c4 to remote] DEBUG org.asynchttpclient.netty.request.NettyRequestSender - Using pooled Channel '[id: 0x972f0b1e, L:/127.0.0.1:61471 - R:localhost/127.0.0.1:54913]' for 'POST' to 'http://localhost:54913/session/b1e038a64b859fadb70361ac4c1026c4/execute/sync'
10:08:30.604 [Forwarding getPageSource on session b1e038a64b859fadb70361ac4c1026c4 to remote] DEBUG org.asynchttpclient.netty.request.NettyRequestSender - Using open Channel [id: 0x972f0b1e, L:/127.0.0.1:61471 - R:localhost/127.0.0.1:54913] for POST '/session/b1e038a64b859fadb70361ac4c1026c4/execute/sync'
10:08:30.608 [AsyncHttpClient-1-8] DEBUG org.asynchttpclient.netty.handler.HttpHandler - 

Request DefaultHttpRequest(decodeResult: success, version: HTTP/1.1)
POST /session/b1e038a64b859fadb70361ac4c1026c4/execute/sync HTTP/1.1
User-Agent: selenium/4.4.0 (java windows)
Content-Length: 176
Content-Type: application/json; charset=utf-8
host: localhost:54913
accept: */*

Response DefaultHttpResponse(decodeResult: success, version: HTTP/1.1)
HTTP/1.1 200 OK
Content-Type: application/json; charset=utf-8
cache-control: no-cache
content-length: 4160

10:08:30.608 [AsyncHttpClient-1-8] DEBUG org.asynchttpclient.netty.channel.ChannelManager - Adding key: http://localhost:54913 for channel [id: 0x972f0b1e, L:/127.0.0.1:61471 - R:localhost/127.0.0.1:54913]
10:08:30.610 [Forwarding getCurrentUrl on session b1e038a64b859fadb70361ac4c1026c4 to remote] DEBUG org.asynchttpclient.netty.request.NettyRequestSender - Using pooled Channel '[id: 0x972f0b1e, L:/127.0.0.1:61471 - R:localhost/127.0.0.1:54913]' for 'GET' to 'http://localhost:54913/session/b1e038a64b859fadb70361ac4c1026c4/url'
10:08:30.610 [Forwarding getCurrentUrl on session b1e038a64b859fadb70361ac4c1026c4 to remote] DEBUG org.asynchttpclient.netty.request.NettyRequestSender - Using open Channel [id: 0x972f0b1e, L:/127.0.0.1:61471 - R:localhost/127.0.0.1:54913] for GET '/session/b1e038a64b859fadb70361ac4c1026c4/url'
10:08:30.612 [AsyncHttpClient-1-8] DEBUG org.asynchttpclient.netty.handler.HttpHandler - 

Request DefaultFullHttpRequest(decodeResult: success, version: HTTP/1.1, content: EmptyByteBufBE)
GET /session/b1e038a64b859fadb70361ac4c1026c4/url HTTP/1.1
User-Agent: selenium/4.4.0 (java windows)
Cache-Control: no-cache
Content-Type: application/json; charset=utf-8
host: localhost:54913
accept: */*

Response DefaultHttpResponse(decodeResult: success, version: HTTP/1.1)
HTTP/1.1 200 OK
Content-Type: application/json; charset=utf-8
cache-control: no-cache
content-length: 38

10:08:30.612 [AsyncHttpClient-1-8] DEBUG org.asynchttpclient.netty.channel.ChannelManager - Adding key: http://localhost:54913 for channel [id: 0x972f0b1e, L:/127.0.0.1:61471 - R:localhost/127.0.0.1:54913]
10:08:30.625 [Forwarding getPageSource on session b1e038a64b859fadb70361ac4c1026c4 to remote] DEBUG org.asynchttpclient.netty.request.NettyRequestSender - Using pooled Channel '[id: 0x972f0b1e, L:/127.0.0.1:61471 - R:localhost/127.0.0.1:54913]' for 'POST' to 'http://localhost:54913/session/b1e038a64b859fadb70361ac4c1026c4/execute/sync'
10:08:30.625 [Forwarding getPageSource on session b1e038a64b859fadb70361ac4c1026c4 to remote] DEBUG org.asynchttpclient.netty.request.NettyRequestSender - Using open Channel [id: 0x972f0b1e, L:/127.0.0.1:61471 - R:localhost/127.0.0.1:54913] for POST '/session/b1e038a64b859fadb70361ac4c1026c4/execute/sync'
10:08:30.628 [AsyncHttpClient-1-8] DEBUG org.asynchttpclient.netty.handler.HttpHandler - 

Request DefaultHttpRequest(decodeResult: success, version: HTTP/1.1)
POST /session/b1e038a64b859fadb70361ac4c1026c4/execute/sync HTTP/1.1
User-Agent: selenium/4.4.0 (java windows)
Content-Length: 176
Content-Type: application/json; charset=utf-8
host: localhost:54913
accept: */*

Response DefaultHttpResponse(decodeResult: success, version: HTTP/1.1)
HTTP/1.1 200 OK
Content-Type: application/json; charset=utf-8
cache-control: no-cache
content-length: 4160

10:08:30.628 [AsyncHttpClient-1-8] DEBUG org.asynchttpclient.netty.channel.ChannelManager - Adding key: http://localhost:54913 for channel [id: 0x972f0b1e, L:/127.0.0.1:61471 - R:localhost/127.0.0.1:54913]
10:08:30.630 [Forwarding getCurrentUrl on session b1e038a64b859fadb70361ac4c1026c4 to remote] DEBUG org.asynchttpclient.netty.request.NettyRequestSender - Using pooled Channel '[id: 0x972f0b1e, L:/127.0.0.1:61471 - R:localhost/127.0.0.1:54913]' for 'GET' to 'http://localhost:54913/session/b1e038a64b859fadb70361ac4c1026c4/url'
10:08:30.630 [Forwarding getCurrentUrl on session b1e038a64b859fadb70361ac4c1026c4 to remote] DEBUG org.asynchttpclient.netty.request.NettyRequestSender - Using open Channel [id: 0x972f0b1e, L:/127.0.0.1:61471 - R:localhost/127.0.0.1:54913] for GET '/session/b1e038a64b859fadb70361ac4c1026c4/url'
10:08:30.633 [AsyncHttpClient-1-8] DEBUG org.asynchttpclient.netty.handler.HttpHandler - 

Request DefaultFullHttpRequest(decodeResult: success, version: HTTP/1.1, content: EmptyByteBufBE)
GET /session/b1e038a64b859fadb70361ac4c1026c4/url HTTP/1.1
User-Agent: selenium/4.4.0 (java windows)
Cache-Control: no-cache
Content-Type: application/json; charset=utf-8
host: localhost:54913
accept: */*

Response DefaultHttpResponse(decodeResult: success, version: HTTP/1.1)
HTTP/1.1 200 OK
Content-Type: application/json; charset=utf-8
cache-control: no-cache
content-length: 38

10:08:30.633 [AsyncHttpClient-1-8] DEBUG org.asynchttpclient.netty.channel.ChannelManager - Adding key: http://localhost:54913 for channel [id: 0x972f0b1e, L:/127.0.0.1:61471 - R:localhost/127.0.0.1:54913]
10:08:30.635 [Test worker] DEBUG net.thucydides.core.steps.StepInterceptor - STARTING STEP: LoginSteps.elSeAutenticaComoUnUsuario - performAs
10:08:30.651 [Forwarding getCurrentWindowHandle on session b1e038a64b859fadb70361ac4c1026c4 to remote] DEBUG org.asynchttpclient.netty.request.NettyRequestSender - Using pooled Channel '[id: 0x972f0b1e, L:/127.0.0.1:61471 - R:localhost/127.0.0.1:54913]' for 'GET' to 'http://localhost:54913/session/b1e038a64b859fadb70361ac4c1026c4/window'
10:08:30.651 [Forwarding getCurrentWindowHandle on session b1e038a64b859fadb70361ac4c1026c4 to remote] DEBUG org.asynchttpclient.netty.request.NettyRequestSender - Using open Channel [id: 0x972f0b1e, L:/127.0.0.1:61471 - R:localhost/127.0.0.1:54913] for GET '/session/b1e038a64b859fadb70361ac4c1026c4/window'
10:08:30.652 [AsyncHttpClient-1-8] DEBUG org.asynchttpclient.netty.handler.HttpHandler - 

Request DefaultFullHttpRequest(decodeResult: success, version: HTTP/1.1, content: EmptyByteBufBE)
GET /session/b1e038a64b859fadb70361ac4c1026c4/window HTTP/1.1
User-Agent: selenium/4.4.0 (java windows)
Cache-Control: no-cache
Content-Type: application/json; charset=utf-8
host: localhost:54913
accept: */*

Response DefaultHttpResponse(decodeResult: success, version: HTTP/1.1)
HTTP/1.1 200 OK
Content-Type: application/json; charset=utf-8
cache-control: no-cache
content-length: 53

10:08:30.652 [AsyncHttpClient-1-8] DEBUG org.asynchttpclient.netty.channel.ChannelManager - Adding key: http://localhost:54913 for channel [id: 0x972f0b1e, L:/127.0.0.1:61471 - R:localhost/127.0.0.1:54913]
10:08:30.656 [Forwarding getAlertText on session b1e038a64b859fadb70361ac4c1026c4 to remote] DEBUG org.asynchttpclient.netty.request.NettyRequestSender - Using pooled Channel '[id: 0x972f0b1e, L:/127.0.0.1:61471 - R:localhost/127.0.0.1:54913]' for 'GET' to 'http://localhost:54913/session/b1e038a64b859fadb70361ac4c1026c4/alert/text'
10:08:30.656 [Forwarding getAlertText on session b1e038a64b859fadb70361ac4c1026c4 to remote] DEBUG org.asynchttpclient.netty.request.NettyRequestSender - Using open Channel [id: 0x972f0b1e, L:/127.0.0.1:61471 - R:localhost/127.0.0.1:54913] for GET '/session/b1e038a64b859fadb70361ac4c1026c4/alert/text'
10:08:30.657 [AsyncHttpClient-1-8] DEBUG org.asynchttpclient.netty.handler.HttpHandler - 

Request DefaultFullHttpRequest(decodeResult: success, version: HTTP/1.1, content: EmptyByteBufBE)
GET /session/b1e038a64b859fadb70361ac4c1026c4/alert/text HTTP/1.1
User-Agent: selenium/4.4.0 (java windows)
Cache-Control: no-cache
Content-Type: application/json; charset=utf-8
host: localhost:54913
accept: */*

Response DefaultHttpResponse(decodeResult: success, version: HTTP/1.1)
HTTP/1.1 404 Not Found
Content-Type: application/json; charset=utf-8
cache-control: no-cache
content-length: 879

10:08:30.658 [AsyncHttpClient-1-8] DEBUG org.asynchttpclient.netty.channel.ChannelManager - Adding key: http://localhost:54913 for channel [id: 0x972f0b1e, L:/127.0.0.1:61471 - R:localhost/127.0.0.1:54913]
10:08:30.663 [Forwarding switchToWindow on session b1e038a64b859fadb70361ac4c1026c4 to remote] DEBUG org.asynchttpclient.netty.request.NettyRequestSender - Using pooled Channel '[id: 0x972f0b1e, L:/127.0.0.1:61471 - R:localhost/127.0.0.1:54913]' for 'POST' to 'http://localhost:54913/session/b1e038a64b859fadb70361ac4c1026c4/window'
10:08:30.663 [Forwarding switchToWindow on session b1e038a64b859fadb70361ac4c1026c4 to remote] DEBUG org.asynchttpclient.netty.request.NettyRequestSender - Using open Channel [id: 0x972f0b1e, L:/127.0.0.1:61471 - R:localhost/127.0.0.1:54913] for POST '/session/b1e038a64b859fadb70361ac4c1026c4/window'
10:08:30.665 [AsyncHttpClient-1-8] DEBUG org.asynchttpclient.netty.handler.HttpHandler - 

Request DefaultHttpRequest(decodeResult: success, version: HTTP/1.1)
POST /session/b1e038a64b859fadb70361ac4c1026c4/window HTTP/1.1
User-Agent: selenium/4.4.0 (java windows)
Content-Length: 59
Content-Type: application/json; charset=utf-8
host: localhost:54913
accept: */*

Response DefaultHttpResponse(decodeResult: success, version: HTTP/1.1)
HTTP/1.1 200 OK
Content-Type: application/json; charset=utf-8
cache-control: no-cache
content-length: 14

10:08:30.665 [AsyncHttpClient-1-8] DEBUG org.asynchttpclient.netty.channel.ChannelManager - Adding key: http://localhost:54913 for channel [id: 0x972f0b1e, L:/127.0.0.1:61471 - R:localhost/127.0.0.1:54913]
10:08:30.666 [Forwarding getCurrentUrl on session b1e038a64b859fadb70361ac4c1026c4 to remote] DEBUG org.asynchttpclient.netty.request.NettyRequestSender - Using pooled Channel '[id: 0x972f0b1e, L:/127.0.0.1:61471 - R:localhost/127.0.0.1:54913]' for 'GET' to 'http://localhost:54913/session/b1e038a64b859fadb70361ac4c1026c4/url'
10:08:30.666 [Forwarding getCurrentUrl on session b1e038a64b859fadb70361ac4c1026c4 to remote] DEBUG org.asynchttpclient.netty.request.NettyRequestSender - Using open Channel [id: 0x972f0b1e, L:/127.0.0.1:61471 - R:localhost/127.0.0.1:54913] for GET '/session/b1e038a64b859fadb70361ac4c1026c4/url'
10:08:30.668 [AsyncHttpClient-1-8] DEBUG org.asynchttpclient.netty.handler.HttpHandler - 

Request DefaultFullHttpRequest(decodeResult: success, version: HTTP/1.1, content: EmptyByteBufBE)
GET /session/b1e038a64b859fadb70361ac4c1026c4/url HTTP/1.1
User-Agent: selenium/4.4.0 (java windows)
Cache-Control: no-cache
Content-Type: application/json; charset=utf-8
host: localhost:54913
accept: */*

Response DefaultHttpResponse(decodeResult: success, version: HTTP/1.1)
HTTP/1.1 200 OK
Content-Type: application/json; charset=utf-8
cache-control: no-cache
content-length: 38

10:08:30.668 [AsyncHttpClient-1-8] DEBUG org.asynchttpclient.netty.channel.ChannelManager - Adding key: http://localhost:54913 for channel [id: 0x972f0b1e, L:/127.0.0.1:61471 - R:localhost/127.0.0.1:54913]
10:08:30.668 [Forwarding screenshot on session b1e038a64b859fadb70361ac4c1026c4 to remote] DEBUG org.asynchttpclient.netty.request.NettyRequestSender - Using pooled Channel '[id: 0x972f0b1e, L:/127.0.0.1:61471 - R:localhost/127.0.0.1:54913]' for 'GET' to 'http://localhost:54913/session/b1e038a64b859fadb70361ac4c1026c4/screenshot'
10:08:30.669 [Forwarding screenshot on session b1e038a64b859fadb70361ac4c1026c4 to remote] DEBUG org.asynchttpclient.netty.request.NettyRequestSender - Using open Channel [id: 0x972f0b1e, L:/127.0.0.1:61471 - R:localhost/127.0.0.1:54913] for GET '/session/b1e038a64b859fadb70361ac4c1026c4/screenshot'
10:08:30.704 [AsyncHttpClient-1-1] DEBUG org.asynchttpclient.netty.channel.DefaultChannelPool - Entry count for : http://localhost:61472 : 1
10:08:30.740 [AsyncHttpClient-1-8] DEBUG org.asynchttpclient.netty.handler.HttpHandler - 

Request DefaultFullHttpRequest(decodeResult: success, version: HTTP/1.1, content: EmptyByteBufBE)
GET /session/b1e038a64b859fadb70361ac4c1026c4/screenshot HTTP/1.1
User-Agent: selenium/4.4.0 (java windows)
Cache-Control: no-cache
Content-Type: application/json; charset=utf-8
host: localhost:54913
accept: */*

Response DefaultHttpResponse(decodeResult: success, version: HTTP/1.1)
HTTP/1.1 200 OK
Content-Type: application/json; charset=utf-8
cache-control: no-cache
content-length: 59108

10:08:30.741 [AsyncHttpClient-1-8] DEBUG org.asynchttpclient.netty.channel.ChannelManager - Adding key: http://localhost:54913 for channel [id: 0x972f0b1e, L:/127.0.0.1:61471 - R:localhost/127.0.0.1:54913]
10:08:30.742 [Test worker] DEBUG net.serenitybdd.core.photography.Darkroom - Send negative for processing for C:\Users\juan.gomezv\IdeaProjects\sura\target\site\serenity\60e3c498caf7a8fcf635471a5092c247627e1395d91e12246eaf1a3e7a34e095.png
10:08:30.749 [Forwarding getPageSource on session b1e038a64b859fadb70361ac4c1026c4 to remote] DEBUG org.asynchttpclient.netty.request.NettyRequestSender - Using pooled Channel '[id: 0x972f0b1e, L:/127.0.0.1:61471 - R:localhost/127.0.0.1:54913]' for 'POST' to 'http://localhost:54913/session/b1e038a64b859fadb70361ac4c1026c4/execute/sync'
10:08:30.749 [Forwarding getPageSource on session b1e038a64b859fadb70361ac4c1026c4 to remote] DEBUG org.asynchttpclient.netty.request.NettyRequestSender - Using open Channel [id: 0x972f0b1e, L:/127.0.0.1:61471 - R:localhost/127.0.0.1:54913] for POST '/session/b1e038a64b859fadb70361ac4c1026c4/execute/sync'
10:08:30.752 [AsyncHttpClient-1-8] DEBUG org.asynchttpclient.netty.handler.HttpHandler - 

Request DefaultHttpRequest(decodeResult: success, version: HTTP/1.1)
POST /session/b1e038a64b859fadb70361ac4c1026c4/execute/sync HTTP/1.1
User-Agent: selenium/4.4.0 (java windows)
Content-Length: 176
Content-Type: application/json; charset=utf-8
host: localhost:54913
accept: */*

Response DefaultHttpResponse(decodeResult: success, version: HTTP/1.1)
HTTP/1.1 200 OK
Content-Type: application/json; charset=utf-8
cache-control: no-cache
content-length: 4160

10:08:30.753 [AsyncHttpClient-1-8] DEBUG org.asynchttpclient.netty.channel.ChannelManager - Adding key: http://localhost:54913 for channel [id: 0x972f0b1e, L:/127.0.0.1:61471 - R:localhost/127.0.0.1:54913]
10:08:30.754 [Forwarding getCurrentUrl on session b1e038a64b859fadb70361ac4c1026c4 to remote] DEBUG org.asynchttpclient.netty.request.NettyRequestSender - Using pooled Channel '[id: 0x972f0b1e, L:/127.0.0.1:61471 - R:localhost/127.0.0.1:54913]' for 'GET' to 'http://localhost:54913/session/b1e038a64b859fadb70361ac4c1026c4/url'
10:08:30.754 [Forwarding getCurrentUrl on session b1e038a64b859fadb70361ac4c1026c4 to remote] DEBUG org.asynchttpclient.netty.request.NettyRequestSender - Using open Channel [id: 0x972f0b1e, L:/127.0.0.1:61471 - R:localhost/127.0.0.1:54913] for GET '/session/b1e038a64b859fadb70361ac4c1026c4/url'
10:08:30.757 [AsyncHttpClient-1-8] DEBUG org.asynchttpclient.netty.handler.HttpHandler - 

Request DefaultFullHttpRequest(decodeResult: success, version: HTTP/1.1, content: EmptyByteBufBE)
GET /session/b1e038a64b859fadb70361ac4c1026c4/url HTTP/1.1
User-Agent: selenium/4.4.0 (java windows)
Cache-Control: no-cache
Content-Type: application/json; charset=utf-8
host: localhost:54913
accept: */*

Response DefaultHttpResponse(decodeResult: success, version: HTTP/1.1)
HTTP/1.1 200 OK
Content-Type: application/json; charset=utf-8
cache-control: no-cache
content-length: 38

10:08:30.757 [AsyncHttpClient-1-8] DEBUG org.asynchttpclient.netty.channel.ChannelManager - Adding key: http://localhost:54913 for channel [id: 0x972f0b1e, L:/127.0.0.1:61471 - R:localhost/127.0.0.1:54913]
10:08:30.758 [Test worker] DEBUG net.thucydides.core.steps.StepInterceptor - STARTING STEP: LogIn.performAs - {0} enters #theTextAsAString into #target
10:08:30.761 [Test worker] DEBUG net.serenitybdd.screenplay.targets.IFrameSwitcher - default content already selected for UsernameTextBox
10:08:30.775 [Forwarding findElement on session b1e038a64b859fadb70361ac4c1026c4 to remote] DEBUG org.asynchttpclient.netty.request.NettyRequestSender - Using pooled Channel '[id: 0x972f0b1e, L:/127.0.0.1:61471 - R:localhost/127.0.0.1:54913]' for 'POST' to 'http://localhost:54913/session/b1e038a64b859fadb70361ac4c1026c4/element'
10:08:30.775 [Forwarding findElement on session b1e038a64b859fadb70361ac4c1026c4 to remote] DEBUG org.asynchttpclient.netty.request.NettyRequestSender - Using open Channel [id: 0x972f0b1e, L:/127.0.0.1:61471 - R:localhost/127.0.0.1:54913] for POST '/session/b1e038a64b859fadb70361ac4c1026c4/element'
10:08:30.784 [AsyncHttpClient-1-8] DEBUG org.asynchttpclient.netty.handler.HttpHandler - 

Request DefaultHttpRequest(decodeResult: success, version: HTTP/1.1)
POST /session/b1e038a64b859fadb70361ac4c1026c4/element HTTP/1.1
User-Agent: selenium/4.4.0 (java windows)
Content-Length: 67
Content-Type: application/json; charset=utf-8
host: localhost:54913
accept: */*

Response DefaultHttpResponse(decodeResult: success, version: HTTP/1.1)
HTTP/1.1 200 OK
Content-Type: application/json; charset=utf-8
cache-control: no-cache
content-length: 88

10:08:30.784 [AsyncHttpClient-1-8] DEBUG org.asynchttpclient.netty.channel.ChannelManager - Adding key: http://localhost:54913 for channel [id: 0x972f0b1e, L:/127.0.0.1:61471 - R:localhost/127.0.0.1:54913]
10:08:30.785 [Forwarding clearElement on session b1e038a64b859fadb70361ac4c1026c4 to remote] DEBUG org.asynchttpclient.netty.request.NettyRequestSender - Using pooled Channel '[id: 0x972f0b1e, L:/127.0.0.1:61471 - R:localhost/127.0.0.1:54913]' for 'POST' to 'http://localhost:54913/session/b1e038a64b859fadb70361ac4c1026c4/element/2d6252aa-8bdd-4861-a79a-4232027c9c65/clear'
10:08:30.786 [Forwarding clearElement on session b1e038a64b859fadb70361ac4c1026c4 to remote] DEBUG org.asynchttpclient.netty.request.NettyRequestSender - Using open Channel [id: 0x972f0b1e, L:/127.0.0.1:61471 - R:localhost/127.0.0.1:54913] for POST '/session/b1e038a64b859fadb70361ac4c1026c4/element/2d6252aa-8bdd-4861-a79a-4232027c9c65/clear'
10:08:30.811 [AsyncHttpClient-1-8] DEBUG org.asynchttpclient.netty.handler.HttpHandler - 

Request DefaultHttpRequest(decodeResult: success, version: HTTP/1.1)
POST /session/b1e038a64b859fadb70361ac4c1026c4/element/2d6252aa-8bdd-4861-a79a-4232027c9c65/clear HTTP/1.1
User-Agent: selenium/4.4.0 (java windows)
Content-Length: 50
Content-Type: application/json; charset=utf-8
host: localhost:54913
accept: */*

Response DefaultHttpResponse(decodeResult: success, version: HTTP/1.1)
HTTP/1.1 200 OK
Content-Type: application/json; charset=utf-8
cache-control: no-cache
content-length: 14

10:08:30.811 [AsyncHttpClient-1-8] DEBUG org.asynchttpclient.netty.channel.ChannelManager - Adding key: http://localhost:54913 for channel [id: 0x972f0b1e, L:/127.0.0.1:61471 - R:localhost/127.0.0.1:54913]
10:08:30.815 [Forwarding sendKeysToElement on session b1e038a64b859fadb70361ac4c1026c4 to remote] DEBUG org.asynchttpclient.netty.request.NettyRequestSender - Using pooled Channel '[id: 0x972f0b1e, L:/127.0.0.1:61471 - R:localhost/127.0.0.1:54913]' for 'POST' to 'http://localhost:54913/session/b1e038a64b859fadb70361ac4c1026c4/element/2d6252aa-8bdd-4861-a79a-4232027c9c65/value'
10:08:30.815 [Forwarding sendKeysToElement on session b1e038a64b859fadb70361ac4c1026c4 to remote] DEBUG org.asynchttpclient.netty.request.NettyRequestSender - Using open Channel [id: 0x972f0b1e, L:/127.0.0.1:61471 - R:localhost/127.0.0.1:54913] for POST '/session/b1e038a64b859fadb70361ac4c1026c4/element/2d6252aa-8bdd-4861-a79a-4232027c9c65/value'
10:08:30.874 [AsyncHttpClient-1-8] DEBUG org.asynchttpclient.netty.handler.HttpHandler - 

Request DefaultHttpRequest(decodeResult: success, version: HTTP/1.1)
POST /session/b1e038a64b859fadb70361ac4c1026c4/element/2d6252aa-8bdd-4861-a79a-4232027c9c65/value HTTP/1.1
User-Agent: selenium/4.4.0 (java windows)
Content-Length: 311
Content-Type: application/json; charset=utf-8
host: localhost:54913
accept: */*

Response DefaultHttpResponse(decodeResult: success, version: HTTP/1.1)
HTTP/1.1 200 OK
Content-Type: application/json; charset=utf-8
cache-control: no-cache
content-length: 14

10:08:30.874 [AsyncHttpClient-1-8] DEBUG org.asynchttpclient.netty.channel.ChannelManager - Adding key: http://localhost:54913 for channel [id: 0x972f0b1e, L:/127.0.0.1:61471 - R:localhost/127.0.0.1:54913]
10:08:30.887 [Forwarding getCurrentWindowHandle on session b1e038a64b859fadb70361ac4c1026c4 to remote] DEBUG org.asynchttpclient.netty.request.NettyRequestSender - Using pooled Channel '[id: 0x972f0b1e, L:/127.0.0.1:61471 - R:localhost/127.0.0.1:54913]' for 'GET' to 'http://localhost:54913/session/b1e038a64b859fadb70361ac4c1026c4/window'
10:08:30.887 [Forwarding getCurrentWindowHandle on session b1e038a64b859fadb70361ac4c1026c4 to remote] DEBUG org.asynchttpclient.netty.request.NettyRequestSender - Using open Channel [id: 0x972f0b1e, L:/127.0.0.1:61471 - R:localhost/127.0.0.1:54913] for GET '/session/b1e038a64b859fadb70361ac4c1026c4/window'
10:08:30.888 [AsyncHttpClient-1-8] DEBUG org.asynchttpclient.netty.handler.HttpHandler - 

Request DefaultFullHttpRequest(decodeResult: success, version: HTTP/1.1, content: EmptyByteBufBE)
GET /session/b1e038a64b859fadb70361ac4c1026c4/window HTTP/1.1
User-Agent: selenium/4.4.0 (java windows)
Cache-Control: no-cache
Content-Type: application/json; charset=utf-8
host: localhost:54913
accept: */*

Response DefaultHttpResponse(decodeResult: success, version: HTTP/1.1)
HTTP/1.1 200 OK
Content-Type: application/json; charset=utf-8
cache-control: no-cache
content-length: 53

10:08:30.888 [AsyncHttpClient-1-8] DEBUG org.asynchttpclient.netty.channel.ChannelManager - Adding key: http://localhost:54913 for channel [id: 0x972f0b1e, L:/127.0.0.1:61471 - R:localhost/127.0.0.1:54913]
10:08:30.892 [Forwarding getAlertText on session b1e038a64b859fadb70361ac4c1026c4 to remote] DEBUG org.asynchttpclient.netty.request.NettyRequestSender - Using pooled Channel '[id: 0x972f0b1e, L:/127.0.0.1:61471 - R:localhost/127.0.0.1:54913]' for 'GET' to 'http://localhost:54913/session/b1e038a64b859fadb70361ac4c1026c4/alert/text'
10:08:30.892 [Forwarding getAlertText on session b1e038a64b859fadb70361ac4c1026c4 to remote] DEBUG org.asynchttpclient.netty.request.NettyRequestSender - Using open Channel [id: 0x972f0b1e, L:/127.0.0.1:61471 - R:localhost/127.0.0.1:54913] for GET '/session/b1e038a64b859fadb70361ac4c1026c4/alert/text'
10:08:30.893 [AsyncHttpClient-1-8] DEBUG org.asynchttpclient.netty.handler.HttpHandler - 

Request DefaultFullHttpRequest(decodeResult: success, version: HTTP/1.1, content: EmptyByteBufBE)
GET /session/b1e038a64b859fadb70361ac4c1026c4/alert/text HTTP/1.1
User-Agent: selenium/4.4.0 (java windows)
Cache-Control: no-cache
Content-Type: application/json; charset=utf-8
host: localhost:54913
accept: */*

Response DefaultHttpResponse(decodeResult: success, version: HTTP/1.1)
HTTP/1.1 404 Not Found
Content-Type: application/json; charset=utf-8
cache-control: no-cache
content-length: 879

10:08:30.893 [AsyncHttpClient-1-8] DEBUG org.asynchttpclient.netty.channel.ChannelManager - Adding key: http://localhost:54913 for channel [id: 0x972f0b1e, L:/127.0.0.1:61471 - R:localhost/127.0.0.1:54913]
10:08:30.898 [Forwarding switchToWindow on session b1e038a64b859fadb70361ac4c1026c4 to remote] DEBUG org.asynchttpclient.netty.request.NettyRequestSender - Using pooled Channel '[id: 0x972f0b1e, L:/127.0.0.1:61471 - R:localhost/127.0.0.1:54913]' for 'POST' to 'http://localhost:54913/session/b1e038a64b859fadb70361ac4c1026c4/window'
10:08:30.898 [Forwarding switchToWindow on session b1e038a64b859fadb70361ac4c1026c4 to remote] DEBUG org.asynchttpclient.netty.request.NettyRequestSender - Using open Channel [id: 0x972f0b1e, L:/127.0.0.1:61471 - R:localhost/127.0.0.1:54913] for POST '/session/b1e038a64b859fadb70361ac4c1026c4/window'
10:08:30.900 [AsyncHttpClient-1-8] DEBUG org.asynchttpclient.netty.handler.HttpHandler - 

Request DefaultHttpRequest(decodeResult: success, version: HTTP/1.1)
POST /session/b1e038a64b859fadb70361ac4c1026c4/window HTTP/1.1
User-Agent: selenium/4.4.0 (java windows)
Content-Length: 59
Content-Type: application/json; charset=utf-8
host: localhost:54913
accept: */*

Response DefaultHttpResponse(decodeResult: success, version: HTTP/1.1)
HTTP/1.1 200 OK
Content-Type: application/json; charset=utf-8
cache-control: no-cache
content-length: 14

10:08:30.900 [AsyncHttpClient-1-8] DEBUG org.asynchttpclient.netty.channel.ChannelManager - Adding key: http://localhost:54913 for channel [id: 0x972f0b1e, L:/127.0.0.1:61471 - R:localhost/127.0.0.1:54913]
10:08:30.901 [Forwarding getCurrentUrl on session b1e038a64b859fadb70361ac4c1026c4 to remote] DEBUG org.asynchttpclient.netty.request.NettyRequestSender - Using pooled Channel '[id: 0x972f0b1e, L:/127.0.0.1:61471 - R:localhost/127.0.0.1:54913]' for 'GET' to 'http://localhost:54913/session/b1e038a64b859fadb70361ac4c1026c4/url'
10:08:30.901 [Forwarding getCurrentUrl on session b1e038a64b859fadb70361ac4c1026c4 to remote] DEBUG org.asynchttpclient.netty.request.NettyRequestSender - Using open Channel [id: 0x972f0b1e, L:/127.0.0.1:61471 - R:localhost/127.0.0.1:54913] for GET '/session/b1e038a64b859fadb70361ac4c1026c4/url'
10:08:30.905 [AsyncHttpClient-1-8] DEBUG org.asynchttpclient.netty.handler.HttpHandler - 

Request DefaultFullHttpRequest(decodeResult: success, version: HTTP/1.1, content: EmptyByteBufBE)
GET /session/b1e038a64b859fadb70361ac4c1026c4/url HTTP/1.1
User-Agent: selenium/4.4.0 (java windows)
Cache-Control: no-cache
Content-Type: application/json; charset=utf-8
host: localhost:54913
accept: */*

Response DefaultHttpResponse(decodeResult: success, version: HTTP/1.1)
HTTP/1.1 200 OK
Content-Type: application/json; charset=utf-8
cache-control: no-cache
content-length: 38

10:08:30.905 [AsyncHttpClient-1-8] DEBUG org.asynchttpclient.netty.channel.ChannelManager - Adding key: http://localhost:54913 for channel [id: 0x972f0b1e, L:/127.0.0.1:61471 - R:localhost/127.0.0.1:54913]
10:08:30.906 [Forwarding screenshot on session b1e038a64b859fadb70361ac4c1026c4 to remote] DEBUG org.asynchttpclient.netty.request.NettyRequestSender - Using pooled Channel '[id: 0x972f0b1e, L:/127.0.0.1:61471 - R:localhost/127.0.0.1:54913]' for 'GET' to 'http://localhost:54913/session/b1e038a64b859fadb70361ac4c1026c4/screenshot'
10:08:30.906 [Forwarding screenshot on session b1e038a64b859fadb70361ac4c1026c4 to remote] DEBUG org.asynchttpclient.netty.request.NettyRequestSender - Using open Channel [id: 0x972f0b1e, L:/127.0.0.1:61471 - R:localhost/127.0.0.1:54913] for GET '/session/b1e038a64b859fadb70361ac4c1026c4/screenshot'
10:08:30.989 [AsyncHttpClient-1-8] DEBUG org.asynchttpclient.netty.handler.HttpHandler - 

Request DefaultFullHttpRequest(decodeResult: success, version: HTTP/1.1, content: EmptyByteBufBE)
GET /session/b1e038a64b859fadb70361ac4c1026c4/screenshot HTTP/1.1
User-Agent: selenium/4.4.0 (java windows)
Cache-Control: no-cache
Content-Type: application/json; charset=utf-8
host: localhost:54913
accept: */*

Response DefaultHttpResponse(decodeResult: success, version: HTTP/1.1)
HTTP/1.1 200 OK
Content-Type: application/json; charset=utf-8
cache-control: no-cache
content-length: 61952

10:08:30.989 [AsyncHttpClient-1-8] DEBUG org.asynchttpclient.netty.channel.ChannelManager - Adding key: http://localhost:54913 for channel [id: 0x972f0b1e, L:/127.0.0.1:61471 - R:localhost/127.0.0.1:54913]
10:08:30.991 [Test worker] DEBUG net.serenitybdd.core.photography.Darkroom - Send negative for processing for C:\Users\juan.gomezv\IdeaProjects\sura\target\site\serenity\06379d0dd60ca10933d0d0095981420149bb0afb8b223af5a95477a1547d850d.png
10:08:30.992 [Test worker] DEBUG net.thucydides.core.steps.StepInterceptor - STEP DONE: {0} enters #theTextAsAString into #target
10:08:31.003 [Forwarding getPageSource on session b1e038a64b859fadb70361ac4c1026c4 to remote] DEBUG org.asynchttpclient.netty.request.NettyRequestSender - Using pooled Channel '[id: 0x972f0b1e, L:/127.0.0.1:61471 - R:localhost/127.0.0.1:54913]' for 'POST' to 'http://localhost:54913/session/b1e038a64b859fadb70361ac4c1026c4/execute/sync'
10:08:31.003 [Forwarding getPageSource on session b1e038a64b859fadb70361ac4c1026c4 to remote] DEBUG org.asynchttpclient.netty.request.NettyRequestSender - Using open Channel [id: 0x972f0b1e, L:/127.0.0.1:61471 - R:localhost/127.0.0.1:54913] for POST '/session/b1e038a64b859fadb70361ac4c1026c4/execute/sync'
10:08:31.009 [AsyncHttpClient-1-8] DEBUG org.asynchttpclient.netty.handler.HttpHandler - 

Request DefaultHttpRequest(decodeResult: success, version: HTTP/1.1)
POST /session/b1e038a64b859fadb70361ac4c1026c4/execute/sync HTTP/1.1
User-Agent: selenium/4.4.0 (java windows)
Content-Length: 176
Content-Type: application/json; charset=utf-8
host: localhost:54913
accept: */*

Response DefaultHttpResponse(decodeResult: success, version: HTTP/1.1)
HTTP/1.1 200 OK
Content-Type: application/json; charset=utf-8
cache-control: no-cache
content-length: 4183

10:08:31.009 [AsyncHttpClient-1-8] DEBUG org.asynchttpclient.netty.channel.ChannelManager - Adding key: http://localhost:54913 for channel [id: 0x972f0b1e, L:/127.0.0.1:61471 - R:localhost/127.0.0.1:54913]
10:08:31.011 [Forwarding getCurrentUrl on session b1e038a64b859fadb70361ac4c1026c4 to remote] DEBUG org.asynchttpclient.netty.request.NettyRequestSender - Using pooled Channel '[id: 0x972f0b1e, L:/127.0.0.1:61471 - R:localhost/127.0.0.1:54913]' for 'GET' to 'http://localhost:54913/session/b1e038a64b859fadb70361ac4c1026c4/url'
10:08:31.011 [Forwarding getCurrentUrl on session b1e038a64b859fadb70361ac4c1026c4 to remote] DEBUG org.asynchttpclient.netty.request.NettyRequestSender - Using open Channel [id: 0x972f0b1e, L:/127.0.0.1:61471 - R:localhost/127.0.0.1:54913] for GET '/session/b1e038a64b859fadb70361ac4c1026c4/url'
10:08:31.015 [AsyncHttpClient-1-8] DEBUG org.asynchttpclient.netty.handler.HttpHandler - 

Request DefaultFullHttpRequest(decodeResult: success, version: HTTP/1.1, content: EmptyByteBufBE)
GET /session/b1e038a64b859fadb70361ac4c1026c4/url HTTP/1.1
User-Agent: selenium/4.4.0 (java windows)
Cache-Control: no-cache
Content-Type: application/json; charset=utf-8
host: localhost:54913
accept: */*

Response DefaultHttpResponse(decodeResult: success, version: HTTP/1.1)
HTTP/1.1 200 OK
Content-Type: application/json; charset=utf-8
cache-control: no-cache
content-length: 38

10:08:31.016 [AsyncHttpClient-1-8] DEBUG org.asynchttpclient.netty.channel.ChannelManager - Adding key: http://localhost:54913 for channel [id: 0x972f0b1e, L:/127.0.0.1:61471 - R:localhost/127.0.0.1:54913]
10:08:31.017 [Test worker] DEBUG net.thucydides.core.steps.StepInterceptor - STARTING STEP: LogIn.performAs - {0} enters #theTextAsAString into #target
10:08:31.020 [Test worker] DEBUG net.serenitybdd.screenplay.targets.IFrameSwitcher - default content already selected for PasswordTextBox
10:08:31.031 [Forwarding findElement on session b1e038a64b859fadb70361ac4c1026c4 to remote] DEBUG org.asynchttpclient.netty.request.NettyRequestSender - Using pooled Channel '[id: 0x972f0b1e, L:/127.0.0.1:61471 - R:localhost/127.0.0.1:54913]' for 'POST' to 'http://localhost:54913/session/b1e038a64b859fadb70361ac4c1026c4/element'
10:08:31.031 [Forwarding findElement on session b1e038a64b859fadb70361ac4c1026c4 to remote] DEBUG org.asynchttpclient.netty.request.NettyRequestSender - Using open Channel [id: 0x972f0b1e, L:/127.0.0.1:61471 - R:localhost/127.0.0.1:54913] for POST '/session/b1e038a64b859fadb70361ac4c1026c4/element'
10:08:31.040 [AsyncHttpClient-1-8] DEBUG org.asynchttpclient.netty.handler.HttpHandler - 

Request DefaultHttpRequest(decodeResult: success, version: HTTP/1.1)
POST /session/b1e038a64b859fadb70361ac4c1026c4/element HTTP/1.1
User-Agent: selenium/4.4.0 (java windows)
Content-Length: 66
Content-Type: application/json; charset=utf-8
host: localhost:54913
accept: */*

Response DefaultHttpResponse(decodeResult: success, version: HTTP/1.1)
HTTP/1.1 200 OK
Content-Type: application/json; charset=utf-8
cache-control: no-cache
content-length: 88

10:08:31.040 [AsyncHttpClient-1-8] DEBUG org.asynchttpclient.netty.channel.ChannelManager - Adding key: http://localhost:54913 for channel [id: 0x972f0b1e, L:/127.0.0.1:61471 - R:localhost/127.0.0.1:54913]
10:08:31.041 [Forwarding clearElement on session b1e038a64b859fadb70361ac4c1026c4 to remote] DEBUG org.asynchttpclient.netty.request.NettyRequestSender - Using pooled Channel '[id: 0x972f0b1e, L:/127.0.0.1:61471 - R:localhost/127.0.0.1:54913]' for 'POST' to 'http://localhost:54913/session/b1e038a64b859fadb70361ac4c1026c4/element/0a61fd66-f153-4fd1-a362-c3b493c658cf/clear'
10:08:31.041 [Forwarding clearElement on session b1e038a64b859fadb70361ac4c1026c4 to remote] DEBUG org.asynchttpclient.netty.request.NettyRequestSender - Using open Channel [id: 0x972f0b1e, L:/127.0.0.1:61471 - R:localhost/127.0.0.1:54913] for POST '/session/b1e038a64b859fadb70361ac4c1026c4/element/0a61fd66-f153-4fd1-a362-c3b493c658cf/clear'
10:08:31.062 [AsyncHttpClient-1-8] DEBUG org.asynchttpclient.netty.handler.HttpHandler - 

Request DefaultHttpRequest(decodeResult: success, version: HTTP/1.1)
POST /session/b1e038a64b859fadb70361ac4c1026c4/element/0a61fd66-f153-4fd1-a362-c3b493c658cf/clear HTTP/1.1
User-Agent: selenium/4.4.0 (java windows)
Content-Length: 50
Content-Type: application/json; charset=utf-8
host: localhost:54913
accept: */*

Response DefaultHttpResponse(decodeResult: success, version: HTTP/1.1)
HTTP/1.1 200 OK
Content-Type: application/json; charset=utf-8
cache-control: no-cache
content-length: 14

10:08:31.063 [AsyncHttpClient-1-8] DEBUG org.asynchttpclient.netty.channel.ChannelManager - Adding key: http://localhost:54913 for channel [id: 0x972f0b1e, L:/127.0.0.1:61471 - R:localhost/127.0.0.1:54913]
10:08:31.067 [Forwarding sendKeysToElement on session b1e038a64b859fadb70361ac4c1026c4 to remote] DEBUG org.asynchttpclient.netty.request.NettyRequestSender - Using pooled Channel '[id: 0x972f0b1e, L:/127.0.0.1:61471 - R:localhost/127.0.0.1:54913]' for 'POST' to 'http://localhost:54913/session/b1e038a64b859fadb70361ac4c1026c4/element/0a61fd66-f153-4fd1-a362-c3b493c658cf/value'
10:08:31.067 [Forwarding sendKeysToElement on session b1e038a64b859fadb70361ac4c1026c4 to remote] DEBUG org.asynchttpclient.netty.request.NettyRequestSender - Using open Channel [id: 0x972f0b1e, L:/127.0.0.1:61471 - R:localhost/127.0.0.1:54913] for POST '/session/b1e038a64b859fadb70361ac4c1026c4/element/0a61fd66-f153-4fd1-a362-c3b493c658cf/value'
10:08:31.101 [AsyncHttpClient-1-8] DEBUG org.asynchttpclient.netty.handler.HttpHandler - 

Request DefaultHttpRequest(decodeResult: success, version: HTTP/1.1)
POST /session/b1e038a64b859fadb70361ac4c1026c4/element/0a61fd66-f153-4fd1-a362-c3b493c658cf/value HTTP/1.1
User-Agent: selenium/4.4.0 (java windows)
Content-Length: 201
Content-Type: application/json; charset=utf-8
host: localhost:54913
accept: */*

Response DefaultHttpResponse(decodeResult: success, version: HTTP/1.1)
HTTP/1.1 200 OK
Content-Type: application/json; charset=utf-8
cache-control: no-cache
content-length: 14

10:08:31.101 [AsyncHttpClient-1-8] DEBUG org.asynchttpclient.netty.channel.ChannelManager - Adding key: http://localhost:54913 for channel [id: 0x972f0b1e, L:/127.0.0.1:61471 - R:localhost/127.0.0.1:54913]
10:08:31.114 [Forwarding getCurrentWindowHandle on session b1e038a64b859fadb70361ac4c1026c4 to remote] DEBUG org.asynchttpclient.netty.request.NettyRequestSender - Using pooled Channel '[id: 0x972f0b1e, L:/127.0.0.1:61471 - R:localhost/127.0.0.1:54913]' for 'GET' to 'http://localhost:54913/session/b1e038a64b859fadb70361ac4c1026c4/window'
10:08:31.114 [Forwarding getCurrentWindowHandle on session b1e038a64b859fadb70361ac4c1026c4 to remote] DEBUG org.asynchttpclient.netty.request.NettyRequestSender - Using open Channel [id: 0x972f0b1e, L:/127.0.0.1:61471 - R:localhost/127.0.0.1:54913] for GET '/session/b1e038a64b859fadb70361ac4c1026c4/window'
10:08:31.115 [AsyncHttpClient-1-8] DEBUG org.asynchttpclient.netty.handler.HttpHandler - 

Request DefaultFullHttpRequest(decodeResult: success, version: HTTP/1.1, content: EmptyByteBufBE)
GET /session/b1e038a64b859fadb70361ac4c1026c4/window HTTP/1.1
User-Agent: selenium/4.4.0 (java windows)
Cache-Control: no-cache
Content-Type: application/json; charset=utf-8
host: localhost:54913
accept: */*

Response DefaultHttpResponse(decodeResult: success, version: HTTP/1.1)
HTTP/1.1 200 OK
Content-Type: application/json; charset=utf-8
cache-control: no-cache
content-length: 53

10:08:31.115 [AsyncHttpClient-1-8] DEBUG org.asynchttpclient.netty.channel.ChannelManager - Adding key: http://localhost:54913 for channel [id: 0x972f0b1e, L:/127.0.0.1:61471 - R:localhost/127.0.0.1:54913]
10:08:31.119 [Forwarding getAlertText on session b1e038a64b859fadb70361ac4c1026c4 to remote] DEBUG org.asynchttpclient.netty.request.NettyRequestSender - Using pooled Channel '[id: 0x972f0b1e, L:/127.0.0.1:61471 - R:localhost/127.0.0.1:54913]' for 'GET' to 'http://localhost:54913/session/b1e038a64b859fadb70361ac4c1026c4/alert/text'
10:08:31.119 [Forwarding getAlertText on session b1e038a64b859fadb70361ac4c1026c4 to remote] DEBUG org.asynchttpclient.netty.request.NettyRequestSender - Using open Channel [id: 0x972f0b1e, L:/127.0.0.1:61471 - R:localhost/127.0.0.1:54913] for GET '/session/b1e038a64b859fadb70361ac4c1026c4/alert/text'
10:08:31.121 [AsyncHttpClient-1-8] DEBUG org.asynchttpclient.netty.handler.HttpHandler - 

Request DefaultFullHttpRequest(decodeResult: success, version: HTTP/1.1, content: EmptyByteBufBE)
GET /session/b1e038a64b859fadb70361ac4c1026c4/alert/text HTTP/1.1
User-Agent: selenium/4.4.0 (java windows)
Cache-Control: no-cache
Content-Type: application/json; charset=utf-8
host: localhost:54913
accept: */*

Response DefaultHttpResponse(decodeResult: success, version: HTTP/1.1)
HTTP/1.1 404 Not Found
Content-Type: application/json; charset=utf-8
cache-control: no-cache
content-length: 879

10:08:31.121 [AsyncHttpClient-1-8] DEBUG org.asynchttpclient.netty.channel.ChannelManager - Adding key: http://localhost:54913 for channel [id: 0x972f0b1e, L:/127.0.0.1:61471 - R:localhost/127.0.0.1:54913]
10:08:31.126 [Forwarding switchToWindow on session b1e038a64b859fadb70361ac4c1026c4 to remote] DEBUG org.asynchttpclient.netty.request.NettyRequestSender - Using pooled Channel '[id: 0x972f0b1e, L:/127.0.0.1:61471 - R:localhost/127.0.0.1:54913]' for 'POST' to 'http://localhost:54913/session/b1e038a64b859fadb70361ac4c1026c4/window'
10:08:31.126 [Forwarding switchToWindow on session b1e038a64b859fadb70361ac4c1026c4 to remote] DEBUG org.asynchttpclient.netty.request.NettyRequestSender - Using open Channel [id: 0x972f0b1e, L:/127.0.0.1:61471 - R:localhost/127.0.0.1:54913] for POST '/session/b1e038a64b859fadb70361ac4c1026c4/window'
10:08:31.129 [AsyncHttpClient-1-8] DEBUG org.asynchttpclient.netty.handler.HttpHandler - 

Request DefaultHttpRequest(decodeResult: success, version: HTTP/1.1)
POST /session/b1e038a64b859fadb70361ac4c1026c4/window HTTP/1.1
User-Agent: selenium/4.4.0 (java windows)
Content-Length: 59
Content-Type: application/json; charset=utf-8
host: localhost:54913
accept: */*

Response DefaultHttpResponse(decodeResult: success, version: HTTP/1.1)
HTTP/1.1 200 OK
Content-Type: application/json; charset=utf-8
cache-control: no-cache
content-length: 14

10:08:31.129 [AsyncHttpClient-1-8] DEBUG org.asynchttpclient.netty.channel.ChannelManager - Adding key: http://localhost:54913 for channel [id: 0x972f0b1e, L:/127.0.0.1:61471 - R:localhost/127.0.0.1:54913]
10:08:31.130 [Forwarding getCurrentUrl on session b1e038a64b859fadb70361ac4c1026c4 to remote] DEBUG org.asynchttpclient.netty.request.NettyRequestSender - Using pooled Channel '[id: 0x972f0b1e, L:/127.0.0.1:61471 - R:localhost/127.0.0.1:54913]' for 'GET' to 'http://localhost:54913/session/b1e038a64b859fadb70361ac4c1026c4/url'
10:08:31.130 [Forwarding getCurrentUrl on session b1e038a64b859fadb70361ac4c1026c4 to remote] DEBUG org.asynchttpclient.netty.request.NettyRequestSender - Using open Channel [id: 0x972f0b1e, L:/127.0.0.1:61471 - R:localhost/127.0.0.1:54913] for GET '/session/b1e038a64b859fadb70361ac4c1026c4/url'
10:08:31.134 [AsyncHttpClient-1-8] DEBUG org.asynchttpclient.netty.handler.HttpHandler - 

Request DefaultFullHttpRequest(decodeResult: success, version: HTTP/1.1, content: EmptyByteBufBE)
GET /session/b1e038a64b859fadb70361ac4c1026c4/url HTTP/1.1
User-Agent: selenium/4.4.0 (java windows)
Cache-Control: no-cache
Content-Type: application/json; charset=utf-8
host: localhost:54913
accept: */*

Response DefaultHttpResponse(decodeResult: success, version: HTTP/1.1)
HTTP/1.1 200 OK
Content-Type: application/json; charset=utf-8
cache-control: no-cache
content-length: 38

10:08:31.134 [AsyncHttpClient-1-8] DEBUG org.asynchttpclient.netty.channel.ChannelManager - Adding key: http://localhost:54913 for channel [id: 0x972f0b1e, L:/127.0.0.1:61471 - R:localhost/127.0.0.1:54913]
10:08:31.135 [Forwarding screenshot on session b1e038a64b859fadb70361ac4c1026c4 to remote] DEBUG org.asynchttpclient.netty.request.NettyRequestSender - Using pooled Channel '[id: 0x972f0b1e, L:/127.0.0.1:61471 - R:localhost/127.0.0.1:54913]' for 'GET' to 'http://localhost:54913/session/b1e038a64b859fadb70361ac4c1026c4/screenshot'
10:08:31.135 [Forwarding screenshot on session b1e038a64b859fadb70361ac4c1026c4 to remote] DEBUG org.asynchttpclient.netty.request.NettyRequestSender - Using open Channel [id: 0x972f0b1e, L:/127.0.0.1:61471 - R:localhost/127.0.0.1:54913] for GET '/session/b1e038a64b859fadb70361ac4c1026c4/screenshot'
10:08:31.222 [AsyncHttpClient-1-8] DEBUG org.asynchttpclient.netty.handler.HttpHandler - 

Request DefaultFullHttpRequest(decodeResult: success, version: HTTP/1.1, content: EmptyByteBufBE)
GET /session/b1e038a64b859fadb70361ac4c1026c4/screenshot HTTP/1.1
User-Agent: selenium/4.4.0 (java windows)
Cache-Control: no-cache
Content-Type: application/json; charset=utf-8
host: localhost:54913
accept: */*

Response DefaultHttpResponse(decodeResult: success, version: HTTP/1.1)
HTTP/1.1 200 OK
Content-Type: application/json; charset=utf-8
cache-control: no-cache
content-length: 60448

10:08:31.222 [AsyncHttpClient-1-8] DEBUG org.asynchttpclient.netty.channel.ChannelManager - Adding key: http://localhost:54913 for channel [id: 0x972f0b1e, L:/127.0.0.1:61471 - R:localhost/127.0.0.1:54913]
10:08:31.224 [Test worker] DEBUG net.serenitybdd.core.photography.Darkroom - Send negative for processing for C:\Users\juan.gomezv\IdeaProjects\sura\target\site\serenity\eb61683159888eedb0b84c100f9b32bb9eac68bbe778080228262d64d00e7ef7.png
10:08:31.224 [Test worker] DEBUG net.thucydides.core.steps.StepInterceptor - STEP DONE: {0} enters #theTextAsAString into #target
10:08:31.233 [Forwarding getPageSource on session b1e038a64b859fadb70361ac4c1026c4 to remote] DEBUG org.asynchttpclient.netty.request.NettyRequestSender - Using pooled Channel '[id: 0x972f0b1e, L:/127.0.0.1:61471 - R:localhost/127.0.0.1:54913]' for 'POST' to 'http://localhost:54913/session/b1e038a64b859fadb70361ac4c1026c4/execute/sync'
10:08:31.233 [Forwarding getPageSource on session b1e038a64b859fadb70361ac4c1026c4 to remote] DEBUG org.asynchttpclient.netty.request.NettyRequestSender - Using open Channel [id: 0x972f0b1e, L:/127.0.0.1:61471 - R:localhost/127.0.0.1:54913] for POST '/session/b1e038a64b859fadb70361ac4c1026c4/execute/sync'
10:08:31.240 [AsyncHttpClient-1-8] DEBUG org.asynchttpclient.netty.handler.HttpHandler - 

Request DefaultHttpRequest(decodeResult: success, version: HTTP/1.1)
POST /session/b1e038a64b859fadb70361ac4c1026c4/execute/sync HTTP/1.1
User-Agent: selenium/4.4.0 (java windows)
Content-Length: 176
Content-Type: application/json; charset=utf-8
host: localhost:54913
accept: */*

Response DefaultHttpResponse(decodeResult: success, version: HTTP/1.1)
HTTP/1.1 200 OK
Content-Type: application/json; charset=utf-8
cache-control: no-cache
content-length: 4195

10:08:31.240 [AsyncHttpClient-1-8] DEBUG org.asynchttpclient.netty.channel.ChannelManager - Adding key: http://localhost:54913 for channel [id: 0x972f0b1e, L:/127.0.0.1:61471 - R:localhost/127.0.0.1:54913]
10:08:31.241 [Forwarding getCurrentUrl on session b1e038a64b859fadb70361ac4c1026c4 to remote] DEBUG org.asynchttpclient.netty.request.NettyRequestSender - Using pooled Channel '[id: 0x972f0b1e, L:/127.0.0.1:61471 - R:localhost/127.0.0.1:54913]' for 'GET' to 'http://localhost:54913/session/b1e038a64b859fadb70361ac4c1026c4/url'
10:08:31.241 [Forwarding getCurrentUrl on session b1e038a64b859fadb70361ac4c1026c4 to remote] DEBUG org.asynchttpclient.netty.request.NettyRequestSender - Using open Channel [id: 0x972f0b1e, L:/127.0.0.1:61471 - R:localhost/127.0.0.1:54913] for GET '/session/b1e038a64b859fadb70361ac4c1026c4/url'
10:08:31.246 [AsyncHttpClient-1-8] DEBUG org.asynchttpclient.netty.handler.HttpHandler - 

Request DefaultFullHttpRequest(decodeResult: success, version: HTTP/1.1, content: EmptyByteBufBE)
GET /session/b1e038a64b859fadb70361ac4c1026c4/url HTTP/1.1
User-Agent: selenium/4.4.0 (java windows)
Cache-Control: no-cache
Content-Type: application/json; charset=utf-8
host: localhost:54913
accept: */*

Response DefaultHttpResponse(decodeResult: success, version: HTTP/1.1)
HTTP/1.1 200 OK
Content-Type: application/json; charset=utf-8
cache-control: no-cache
content-length: 38

10:08:31.247 [AsyncHttpClient-1-8] DEBUG org.asynchttpclient.netty.channel.ChannelManager - Adding key: http://localhost:54913 for channel [id: 0x972f0b1e, L:/127.0.0.1:61471 - R:localhost/127.0.0.1:54913]
10:08:31.248 [Test worker] DEBUG net.thucydides.core.steps.StepInterceptor - STARTING STEP: LogIn.performAs - {0} clicks on #target
10:08:31.248 [Test worker] DEBUG net.serenitybdd.screenplay.targets.IFrameSwitcher - default content already selected for LogIn Button
10:08:31.275 [Forwarding findElement on session b1e038a64b859fadb70361ac4c1026c4 to remote] DEBUG org.asynchttpclient.netty.request.NettyRequestSender - Using pooled Channel '[id: 0x972f0b1e, L:/127.0.0.1:61471 - R:localhost/127.0.0.1:54913]' for 'POST' to 'http://localhost:54913/session/b1e038a64b859fadb70361ac4c1026c4/element'
10:08:31.276 [Forwarding findElement on session b1e038a64b859fadb70361ac4c1026c4 to remote] DEBUG org.asynchttpclient.netty.request.NettyRequestSender - Using open Channel [id: 0x972f0b1e, L:/127.0.0.1:61471 - R:localhost/127.0.0.1:54913] for POST '/session/b1e038a64b859fadb70361ac4c1026c4/element'
10:08:31.286 [AsyncHttpClient-1-8] DEBUG org.asynchttpclient.netty.handler.HttpHandler - 

Request DefaultHttpRequest(decodeResult: success, version: HTTP/1.1)
POST /session/b1e038a64b859fadb70361ac4c1026c4/element HTTP/1.1
User-Agent: selenium/4.4.0 (java windows)
Content-Length: 70
Content-Type: application/json; charset=utf-8
host: localhost:54913
accept: */*

Response DefaultHttpResponse(decodeResult: success, version: HTTP/1.1)
HTTP/1.1 200 OK
Content-Type: application/json; charset=utf-8
cache-control: no-cache
content-length: 88

10:08:31.286 [AsyncHttpClient-1-8] DEBUG org.asynchttpclient.netty.channel.ChannelManager - Adding key: http://localhost:54913 for channel [id: 0x972f0b1e, L:/127.0.0.1:61471 - R:localhost/127.0.0.1:54913]
10:08:31.294 [Forwarding isElementDisplayed on session b1e038a64b859fadb70361ac4c1026c4 to remote] DEBUG org.asynchttpclient.netty.request.NettyRequestSender - Using pooled Channel '[id: 0x972f0b1e, L:/127.0.0.1:61471 - R:localhost/127.0.0.1:54913]' for 'POST' to 'http://localhost:54913/session/b1e038a64b859fadb70361ac4c1026c4/execute/sync'
10:08:31.294 [Forwarding isElementDisplayed on session b1e038a64b859fadb70361ac4c1026c4 to remote] DEBUG org.asynchttpclient.netty.request.NettyRequestSender - Using open Channel [id: 0x972f0b1e, L:/127.0.0.1:61471 - R:localhost/127.0.0.1:54913] for POST '/session/b1e038a64b859fadb70361ac4c1026c4/execute/sync'
10:08:31.306 [AsyncHttpClient-1-8] DEBUG org.asynchttpclient.netty.handler.HttpHandler - 

Request DefaultHttpRequest(decodeResult: success, version: HTTP/1.1)
POST /session/b1e038a64b859fadb70361ac4c1026c4/execute/sync HTTP/1.1
User-Agent: selenium/4.4.0 (java windows)
Content-Length: 48780
Content-Type: application/json; charset=utf-8
host: localhost:54913
accept: */*

Response DefaultHttpResponse(decodeResult: success, version: HTTP/1.1)
HTTP/1.1 200 OK
Content-Type: application/json; charset=utf-8
cache-control: no-cache
content-length: 14

10:08:31.306 [AsyncHttpClient-1-8] DEBUG org.asynchttpclient.netty.channel.ChannelManager - Adding key: http://localhost:54913 for channel [id: 0x972f0b1e, L:/127.0.0.1:61471 - R:localhost/127.0.0.1:54913]
10:08:31.315 [Forwarding findElement on session b1e038a64b859fadb70361ac4c1026c4 to remote] DEBUG org.asynchttpclient.netty.request.NettyRequestSender - Using pooled Channel '[id: 0x972f0b1e, L:/127.0.0.1:61471 - R:localhost/127.0.0.1:54913]' for 'POST' to 'http://localhost:54913/session/b1e038a64b859fadb70361ac4c1026c4/element'
10:08:31.315 [Forwarding findElement on session b1e038a64b859fadb70361ac4c1026c4 to remote] DEBUG org.asynchttpclient.netty.request.NettyRequestSender - Using open Channel [id: 0x972f0b1e, L:/127.0.0.1:61471 - R:localhost/127.0.0.1:54913] for POST '/session/b1e038a64b859fadb70361ac4c1026c4/element'
10:08:31.322 [AsyncHttpClient-1-8] DEBUG org.asynchttpclient.netty.handler.HttpHandler - 

Request DefaultHttpRequest(decodeResult: success, version: HTTP/1.1)
POST /session/b1e038a64b859fadb70361ac4c1026c4/element HTTP/1.1
User-Agent: selenium/4.4.0 (java windows)
Content-Length: 70
Content-Type: application/json; charset=utf-8
host: localhost:54913
accept: */*

Response DefaultHttpResponse(decodeResult: success, version: HTTP/1.1)
HTTP/1.1 200 OK
Content-Type: application/json; charset=utf-8
cache-control: no-cache
content-length: 88

10:08:31.322 [AsyncHttpClient-1-8] DEBUG org.asynchttpclient.netty.channel.ChannelManager - Adding key: http://localhost:54913 for channel [id: 0x972f0b1e, L:/127.0.0.1:61471 - R:localhost/127.0.0.1:54913]
10:08:31.323 [Forwarding clickElement on session b1e038a64b859fadb70361ac4c1026c4 to remote] DEBUG org.asynchttpclient.netty.request.NettyRequestSender - Using pooled Channel '[id: 0x972f0b1e, L:/127.0.0.1:61471 - R:localhost/127.0.0.1:54913]' for 'POST' to 'http://localhost:54913/session/b1e038a64b859fadb70361ac4c1026c4/element/576b1441-50fa-4784-8b7a-cab7adff39d3/click'
10:08:31.324 [Forwarding clickElement on session b1e038a64b859fadb70361ac4c1026c4 to remote] DEBUG org.asynchttpclient.netty.request.NettyRequestSender - Using open Channel [id: 0x972f0b1e, L:/127.0.0.1:61471 - R:localhost/127.0.0.1:54913] for POST '/session/b1e038a64b859fadb70361ac4c1026c4/element/576b1441-50fa-4784-8b7a-cab7adff39d3/click'
10:08:31.806 [AsyncHttpClient-1-1] DEBUG org.asynchttpclient.netty.channel.DefaultChannelPool - Entry count for : http://localhost:61472 : 1
10:08:32.904 [AsyncHttpClient-1-1] DEBUG org.asynchttpclient.netty.channel.DefaultChannelPool - Entry count for : http://localhost:61472 : 1
10:08:34.005 [AsyncHttpClient-1-1] DEBUG org.asynchttpclient.netty.channel.DefaultChannelPool - Entry count for : http://localhost:61472 : 1
10:08:35.105 [AsyncHttpClient-1-1] DEBUG org.asynchttpclient.netty.channel.DefaultChannelPool - Entry count for : http://localhost:61472 : 1
10:08:36.217 [AsyncHttpClient-1-1] DEBUG org.asynchttpclient.netty.channel.DefaultChannelPool - Entry count for : http://localhost:61472 : 1
10:08:36.405 [AsyncHttpClient-1-8] DEBUG org.asynchttpclient.netty.handler.HttpHandler - 

Request DefaultHttpRequest(decodeResult: success, version: HTTP/1.1)
POST /session/b1e038a64b859fadb70361ac4c1026c4/element/576b1441-50fa-4784-8b7a-cab7adff39d3/click HTTP/1.1
User-Agent: selenium/4.4.0 (java windows)
Content-Length: 50
Content-Type: application/json; charset=utf-8
host: localhost:54913
accept: */*

Response DefaultHttpResponse(decodeResult: success, version: HTTP/1.1)
HTTP/1.1 200 OK
Content-Type: application/json; charset=utf-8
cache-control: no-cache
content-length: 14

10:08:36.405 [AsyncHttpClient-1-8] DEBUG org.asynchttpclient.netty.channel.ChannelManager - Adding key: http://localhost:54913 for channel [id: 0x972f0b1e, L:/127.0.0.1:61471 - R:localhost/127.0.0.1:54913]
10:08:36.424 [Forwarding getCurrentWindowHandle on session b1e038a64b859fadb70361ac4c1026c4 to remote] DEBUG org.asynchttpclient.netty.request.NettyRequestSender - Using pooled Channel '[id: 0x972f0b1e, L:/127.0.0.1:61471 - R:localhost/127.0.0.1:54913]' for 'GET' to 'http://localhost:54913/session/b1e038a64b859fadb70361ac4c1026c4/window'
10:08:36.424 [Forwarding getCurrentWindowHandle on session b1e038a64b859fadb70361ac4c1026c4 to remote] DEBUG org.asynchttpclient.netty.request.NettyRequestSender - Using open Channel [id: 0x972f0b1e, L:/127.0.0.1:61471 - R:localhost/127.0.0.1:54913] for GET '/session/b1e038a64b859fadb70361ac4c1026c4/window'
10:08:36.425 [AsyncHttpClient-1-8] DEBUG org.asynchttpclient.netty.handler.HttpHandler - 

Request DefaultFullHttpRequest(decodeResult: success, version: HTTP/1.1, content: EmptyByteBufBE)
GET /session/b1e038a64b859fadb70361ac4c1026c4/window HTTP/1.1
User-Agent: selenium/4.4.0 (java windows)
Cache-Control: no-cache
Content-Type: application/json; charset=utf-8
host: localhost:54913
accept: */*

Response DefaultHttpResponse(decodeResult: success, version: HTTP/1.1)
HTTP/1.1 200 OK
Content-Type: application/json; charset=utf-8
cache-control: no-cache
content-length: 53

10:08:36.425 [AsyncHttpClient-1-8] DEBUG org.asynchttpclient.netty.channel.ChannelManager - Adding key: http://localhost:54913 for channel [id: 0x972f0b1e, L:/127.0.0.1:61471 - R:localhost/127.0.0.1:54913]
10:08:36.429 [Forwarding getAlertText on session b1e038a64b859fadb70361ac4c1026c4 to remote] DEBUG org.asynchttpclient.netty.request.NettyRequestSender - Using pooled Channel '[id: 0x972f0b1e, L:/127.0.0.1:61471 - R:localhost/127.0.0.1:54913]' for 'GET' to 'http://localhost:54913/session/b1e038a64b859fadb70361ac4c1026c4/alert/text'
10:08:36.429 [Forwarding getAlertText on session b1e038a64b859fadb70361ac4c1026c4 to remote] DEBUG org.asynchttpclient.netty.request.NettyRequestSender - Using open Channel [id: 0x972f0b1e, L:/127.0.0.1:61471 - R:localhost/127.0.0.1:54913] for GET '/session/b1e038a64b859fadb70361ac4c1026c4/alert/text'
10:08:36.431 [AsyncHttpClient-1-8] DEBUG org.asynchttpclient.netty.handler.HttpHandler - 

Request DefaultFullHttpRequest(decodeResult: success, version: HTTP/1.1, content: EmptyByteBufBE)
GET /session/b1e038a64b859fadb70361ac4c1026c4/alert/text HTTP/1.1
User-Agent: selenium/4.4.0 (java windows)
Cache-Control: no-cache
Content-Type: application/json; charset=utf-8
host: localhost:54913
accept: */*

Response DefaultHttpResponse(decodeResult: success, version: HTTP/1.1)
HTTP/1.1 404 Not Found
Content-Type: application/json; charset=utf-8
cache-control: no-cache
content-length: 879

10:08:36.431 [AsyncHttpClient-1-8] DEBUG org.asynchttpclient.netty.channel.ChannelManager - Adding key: http://localhost:54913 for channel [id: 0x972f0b1e, L:/127.0.0.1:61471 - R:localhost/127.0.0.1:54913]
10:08:36.435 [Forwarding switchToWindow on session b1e038a64b859fadb70361ac4c1026c4 to remote] DEBUG org.asynchttpclient.netty.request.NettyRequestSender - Using pooled Channel '[id: 0x972f0b1e, L:/127.0.0.1:61471 - R:localhost/127.0.0.1:54913]' for 'POST' to 'http://localhost:54913/session/b1e038a64b859fadb70361ac4c1026c4/window'
10:08:36.435 [Forwarding switchToWindow on session b1e038a64b859fadb70361ac4c1026c4 to remote] DEBUG org.asynchttpclient.netty.request.NettyRequestSender - Using open Channel [id: 0x972f0b1e, L:/127.0.0.1:61471 - R:localhost/127.0.0.1:54913] for POST '/session/b1e038a64b859fadb70361ac4c1026c4/window'
10:08:36.438 [AsyncHttpClient-1-8] DEBUG org.asynchttpclient.netty.handler.HttpHandler - 

Request DefaultHttpRequest(decodeResult: success, version: HTTP/1.1)
POST /session/b1e038a64b859fadb70361ac4c1026c4/window HTTP/1.1
User-Agent: selenium/4.4.0 (java windows)
Content-Length: 59
Content-Type: application/json; charset=utf-8
host: localhost:54913
accept: */*

Response DefaultHttpResponse(decodeResult: success, version: HTTP/1.1)
HTTP/1.1 200 OK
Content-Type: application/json; charset=utf-8
cache-control: no-cache
content-length: 14

10:08:36.438 [AsyncHttpClient-1-8] DEBUG org.asynchttpclient.netty.channel.ChannelManager - Adding key: http://localhost:54913 for channel [id: 0x972f0b1e, L:/127.0.0.1:61471 - R:localhost/127.0.0.1:54913]
10:08:36.439 [Forwarding getCurrentUrl on session b1e038a64b859fadb70361ac4c1026c4 to remote] DEBUG org.asynchttpclient.netty.request.NettyRequestSender - Using pooled Channel '[id: 0x972f0b1e, L:/127.0.0.1:61471 - R:localhost/127.0.0.1:54913]' for 'GET' to 'http://localhost:54913/session/b1e038a64b859fadb70361ac4c1026c4/url'
10:08:36.439 [Forwarding getCurrentUrl on session b1e038a64b859fadb70361ac4c1026c4 to remote] DEBUG org.asynchttpclient.netty.request.NettyRequestSender - Using open Channel [id: 0x972f0b1e, L:/127.0.0.1:61471 - R:localhost/127.0.0.1:54913] for GET '/session/b1e038a64b859fadb70361ac4c1026c4/url'
10:08:36.443 [AsyncHttpClient-1-8] DEBUG org.asynchttpclient.netty.handler.HttpHandler - 

Request DefaultFullHttpRequest(decodeResult: success, version: HTTP/1.1, content: EmptyByteBufBE)
GET /session/b1e038a64b859fadb70361ac4c1026c4/url HTTP/1.1
User-Agent: selenium/4.4.0 (java windows)
Cache-Control: no-cache
Content-Type: application/json; charset=utf-8
host: localhost:54913
accept: */*

Response DefaultHttpResponse(decodeResult: success, version: HTTP/1.1)
HTTP/1.1 200 OK
Content-Type: application/json; charset=utf-8
cache-control: no-cache
content-length: 52

10:08:36.443 [AsyncHttpClient-1-8] DEBUG org.asynchttpclient.netty.channel.ChannelManager - Adding key: http://localhost:54913 for channel [id: 0x972f0b1e, L:/127.0.0.1:61471 - R:localhost/127.0.0.1:54913]
10:08:36.444 [Forwarding screenshot on session b1e038a64b859fadb70361ac4c1026c4 to remote] DEBUG org.asynchttpclient.netty.request.NettyRequestSender - Using pooled Channel '[id: 0x972f0b1e, L:/127.0.0.1:61471 - R:localhost/127.0.0.1:54913]' for 'GET' to 'http://localhost:54913/session/b1e038a64b859fadb70361ac4c1026c4/screenshot'
10:08:36.444 [Forwarding screenshot on session b1e038a64b859fadb70361ac4c1026c4 to remote] DEBUG org.asynchttpclient.netty.request.NettyRequestSender - Using open Channel [id: 0x972f0b1e, L:/127.0.0.1:61471 - R:localhost/127.0.0.1:54913] for GET '/session/b1e038a64b859fadb70361ac4c1026c4/screenshot'
10:08:36.638 [AsyncHttpClient-1-8] DEBUG org.asynchttpclient.netty.handler.HttpHandler - 

Request DefaultFullHttpRequest(decodeResult: success, version: HTTP/1.1, content: EmptyByteBufBE)
GET /session/b1e038a64b859fadb70361ac4c1026c4/screenshot HTTP/1.1
User-Agent: selenium/4.4.0 (java windows)
Cache-Control: no-cache
Content-Type: application/json; charset=utf-8
host: localhost:54913
accept: */*

Response DefaultHttpResponse(decodeResult: success, version: HTTP/1.1)
HTTP/1.1 200 OK
Content-Type: application/json; charset=utf-8
cache-control: no-cache
content-length: 316072

10:08:36.639 [AsyncHttpClient-1-8] DEBUG org.asynchttpclient.netty.channel.ChannelManager - Adding key: http://localhost:54913 for channel [id: 0x972f0b1e, L:/127.0.0.1:61471 - R:localhost/127.0.0.1:54913]
10:08:36.644 [Test worker] DEBUG net.serenitybdd.core.photography.Darkroom - Send negative for processing for C:\Users\juan.gomezv\IdeaProjects\sura\target\site\serenity\e44069ae212a02c6322b8bddc355adc221270edded46bd42546211af4a56801c.png
10:08:36.644 [Test worker] DEBUG net.thucydides.core.steps.StepInterceptor - STEP DONE: {0} clicks on #target
10:08:36.651 [Test worker] DEBUG net.thucydides.core.steps.StepInterceptor - STEP DONE: performAs
  ?[32mCuando ?[0m?[32m?[0m?[32m?[1mAlberto?[0m?[32m se autentica como un usuario de tipo ?[0m?[32m?[1m"GLITCH_USER"?[0m             ?[90m# sura.stepDefinitions.LoginSteps.elSeAutenticaComoUnUsuario(net.serenitybdd.screenplay.Actor,java.lang.String)?[0m
10:08:36.663 [Forwarding getPageSource on session b1e038a64b859fadb70361ac4c1026c4 to remote] DEBUG org.asynchttpclient.netty.request.NettyRequestSender - Using pooled Channel '[id: 0x972f0b1e, L:/127.0.0.1:61471 - R:localhost/127.0.0.1:54913]' for 'POST' to 'http://localhost:54913/session/b1e038a64b859fadb70361ac4c1026c4/execute/sync'
10:08:36.663 [Forwarding getPageSource on session b1e038a64b859fadb70361ac4c1026c4 to remote] DEBUG org.asynchttpclient.netty.request.NettyRequestSender - Using open Channel [id: 0x972f0b1e, L:/127.0.0.1:61471 - R:localhost/127.0.0.1:54913] for POST '/session/b1e038a64b859fadb70361ac4c1026c4/execute/sync'
10:08:36.668 [AsyncHttpClient-1-8] DEBUG org.asynchttpclient.netty.handler.HttpHandler - 

Request DefaultHttpRequest(decodeResult: success, version: HTTP/1.1)
POST /session/b1e038a64b859fadb70361ac4c1026c4/execute/sync HTTP/1.1
User-Agent: selenium/4.4.0 (java windows)
Content-Length: 176
Content-Type: application/json; charset=utf-8
host: localhost:54913
accept: */*

Response DefaultHttpResponse(decodeResult: success, version: HTTP/1.1)
HTTP/1.1 200 OK
Content-Type: application/json; charset=utf-8
cache-control: no-cache
content-length: 15254

10:08:36.669 [AsyncHttpClient-1-8] DEBUG org.asynchttpclient.netty.channel.ChannelManager - Adding key: http://localhost:54913 for channel [id: 0x972f0b1e, L:/127.0.0.1:61471 - R:localhost/127.0.0.1:54913]
10:08:36.671 [Forwarding getCurrentUrl on session b1e038a64b859fadb70361ac4c1026c4 to remote] DEBUG org.asynchttpclient.netty.request.NettyRequestSender - Using pooled Channel '[id: 0x972f0b1e, L:/127.0.0.1:61471 - R:localhost/127.0.0.1:54913]' for 'GET' to 'http://localhost:54913/session/b1e038a64b859fadb70361ac4c1026c4/url'
10:08:36.671 [Forwarding getCurrentUrl on session b1e038a64b859fadb70361ac4c1026c4 to remote] DEBUG org.asynchttpclient.netty.request.NettyRequestSender - Using open Channel [id: 0x972f0b1e, L:/127.0.0.1:61471 - R:localhost/127.0.0.1:54913] for GET '/session/b1e038a64b859fadb70361ac4c1026c4/url'
10:08:36.675 [AsyncHttpClient-1-8] DEBUG org.asynchttpclient.netty.handler.HttpHandler - 

Request DefaultFullHttpRequest(decodeResult: success, version: HTTP/1.1, content: EmptyByteBufBE)
GET /session/b1e038a64b859fadb70361ac4c1026c4/url HTTP/1.1
User-Agent: selenium/4.4.0 (java windows)
Cache-Control: no-cache
Content-Type: application/json; charset=utf-8
host: localhost:54913
accept: */*

Response DefaultHttpResponse(decodeResult: success, version: HTTP/1.1)
HTTP/1.1 200 OK
Content-Type: application/json; charset=utf-8
cache-control: no-cache
content-length: 52

10:08:36.675 [AsyncHttpClient-1-8] DEBUG org.asynchttpclient.netty.channel.ChannelManager - Adding key: http://localhost:54913 for channel [id: 0x972f0b1e, L:/127.0.0.1:61471 - R:localhost/127.0.0.1:54913]
10:08:36.685 [Forwarding getPageSource on session b1e038a64b859fadb70361ac4c1026c4 to remote] DEBUG org.asynchttpclient.netty.request.NettyRequestSender - Using pooled Channel '[id: 0x972f0b1e, L:/127.0.0.1:61471 - R:localhost/127.0.0.1:54913]' for 'POST' to 'http://localhost:54913/session/b1e038a64b859fadb70361ac4c1026c4/execute/sync'
10:08:36.685 [Forwarding getPageSource on session b1e038a64b859fadb70361ac4c1026c4 to remote] DEBUG org.asynchttpclient.netty.request.NettyRequestSender - Using open Channel [id: 0x972f0b1e, L:/127.0.0.1:61471 - R:localhost/127.0.0.1:54913] for POST '/session/b1e038a64b859fadb70361ac4c1026c4/execute/sync'
10:08:36.691 [AsyncHttpClient-1-8] DEBUG org.asynchttpclient.netty.handler.HttpHandler - 

Request DefaultHttpRequest(decodeResult: success, version: HTTP/1.1)
POST /session/b1e038a64b859fadb70361ac4c1026c4/execute/sync HTTP/1.1
User-Agent: selenium/4.4.0 (java windows)
Content-Length: 176
Content-Type: application/json; charset=utf-8
host: localhost:54913
accept: */*

Response DefaultHttpResponse(decodeResult: success, version: HTTP/1.1)
HTTP/1.1 200 OK
Content-Type: application/json; charset=utf-8
cache-control: no-cache
content-length: 15254

10:08:36.691 [AsyncHttpClient-1-8] DEBUG org.asynchttpclient.netty.channel.ChannelManager - Adding key: http://localhost:54913 for channel [id: 0x972f0b1e, L:/127.0.0.1:61471 - R:localhost/127.0.0.1:54913]
10:08:36.693 [Forwarding getCurrentUrl on session b1e038a64b859fadb70361ac4c1026c4 to remote] DEBUG org.asynchttpclient.netty.request.NettyRequestSender - Using pooled Channel '[id: 0x972f0b1e, L:/127.0.0.1:61471 - R:localhost/127.0.0.1:54913]' for 'GET' to 'http://localhost:54913/session/b1e038a64b859fadb70361ac4c1026c4/url'
10:08:36.693 [Forwarding getCurrentUrl on session b1e038a64b859fadb70361ac4c1026c4 to remote] DEBUG org.asynchttpclient.netty.request.NettyRequestSender - Using open Channel [id: 0x972f0b1e, L:/127.0.0.1:61471 - R:localhost/127.0.0.1:54913] for GET '/session/b1e038a64b859fadb70361ac4c1026c4/url'
10:08:36.696 [AsyncHttpClient-1-8] DEBUG org.asynchttpclient.netty.handler.HttpHandler - 

Request DefaultFullHttpRequest(decodeResult: success, version: HTTP/1.1, content: EmptyByteBufBE)
GET /session/b1e038a64b859fadb70361ac4c1026c4/url HTTP/1.1
User-Agent: selenium/4.4.0 (java windows)
Cache-Control: no-cache
Content-Type: application/json; charset=utf-8
host: localhost:54913
accept: */*

Response DefaultHttpResponse(decodeResult: success, version: HTTP/1.1)
HTTP/1.1 200 OK
Content-Type: application/json; charset=utf-8
cache-control: no-cache
content-length: 52

10:08:36.697 [AsyncHttpClient-1-8] DEBUG org.asynchttpclient.netty.channel.ChannelManager - Adding key: http://localhost:54913 for channel [id: 0x972f0b1e, L:/127.0.0.1:61471 - R:localhost/127.0.0.1:54913]
10:08:36.698 [Test worker] DEBUG net.thucydides.core.steps.StepInterceptor - STARTING STEP: LoginSteps.elDebeSerRedirigidoALaPaginaDe - {0} should see #description
10:08:36.699 [Test worker] DEBUG net.serenitybdd.screenplay.targets.IFrameSwitcher - default content already selected for product title
10:08:36.707 [Forwarding findElement on session b1e038a64b859fadb70361ac4c1026c4 to remote] DEBUG org.asynchttpclient.netty.request.NettyRequestSender - Using pooled Channel '[id: 0x972f0b1e, L:/127.0.0.1:61471 - R:localhost/127.0.0.1:54913]' for 'POST' to 'http://localhost:54913/session/b1e038a64b859fadb70361ac4c1026c4/element'
10:08:36.707 [Forwarding findElement on session b1e038a64b859fadb70361ac4c1026c4 to remote] DEBUG org.asynchttpclient.netty.request.NettyRequestSender - Using open Channel [id: 0x972f0b1e, L:/127.0.0.1:61471 - R:localhost/127.0.0.1:54913] for POST '/session/b1e038a64b859fadb70361ac4c1026c4/element'
10:08:36.716 [AsyncHttpClient-1-8] DEBUG org.asynchttpclient.netty.handler.HttpHandler - 

Request DefaultHttpRequest(decodeResult: success, version: HTTP/1.1)
POST /session/b1e038a64b859fadb70361ac4c1026c4/element HTTP/1.1
User-Agent: selenium/4.4.0 (java windows)
Content-Length: 78
Content-Type: application/json; charset=utf-8
host: localhost:54913
accept: */*

Response DefaultHttpResponse(decodeResult: success, version: HTTP/1.1)
HTTP/1.1 200 OK
Content-Type: application/json; charset=utf-8
cache-control: no-cache
content-length: 88

10:08:36.716 [AsyncHttpClient-1-8] DEBUG org.asynchttpclient.netty.channel.ChannelManager - Adding key: http://localhost:54913 for channel [id: 0x972f0b1e, L:/127.0.0.1:61471 - R:localhost/127.0.0.1:54913]
10:08:36.717 [Forwarding getElementText on session b1e038a64b859fadb70361ac4c1026c4 to remote] DEBUG org.asynchttpclient.netty.request.NettyRequestSender - Using pooled Channel '[id: 0x972f0b1e, L:/127.0.0.1:61471 - R:localhost/127.0.0.1:54913]' for 'GET' to 'http://localhost:54913/session/b1e038a64b859fadb70361ac4c1026c4/element/95e5e67f-37aa-4cc0-bbda-501c55d3fc4c/text'
10:08:36.717 [Forwarding getElementText on session b1e038a64b859fadb70361ac4c1026c4 to remote] DEBUG org.asynchttpclient.netty.request.NettyRequestSender - Using open Channel [id: 0x972f0b1e, L:/127.0.0.1:61471 - R:localhost/127.0.0.1:54913] for GET '/session/b1e038a64b859fadb70361ac4c1026c4/element/95e5e67f-37aa-4cc0-bbda-501c55d3fc4c/text'
10:08:36.727 [AsyncHttpClient-1-8] DEBUG org.asynchttpclient.netty.handler.HttpHandler - 

Request DefaultFullHttpRequest(decodeResult: success, version: HTTP/1.1, content: EmptyByteBufBE)
GET /session/b1e038a64b859fadb70361ac4c1026c4/element/95e5e67f-37aa-4cc0-bbda-501c55d3fc4c/text HTTP/1.1
User-Agent: selenium/4.4.0 (java windows)
Cache-Control: no-cache
Content-Type: application/json; charset=utf-8
host: localhost:54913
accept: */*

Response DefaultHttpResponse(decodeResult: success, version: HTTP/1.1)
HTTP/1.1 200 OK
Content-Type: application/json; charset=utf-8
cache-control: no-cache
content-length: 20

10:08:36.727 [AsyncHttpClient-1-8] DEBUG org.asynchttpclient.netty.channel.ChannelManager - Adding key: http://localhost:54913 for channel [id: 0x972f0b1e, L:/127.0.0.1:61471 - R:localhost/127.0.0.1:54913]
10:08:36.735 [Forwarding getCurrentWindowHandle on session b1e038a64b859fadb70361ac4c1026c4 to remote] DEBUG org.asynchttpclient.netty.request.NettyRequestSender - Using pooled Channel '[id: 0x972f0b1e, L:/127.0.0.1:61471 - R:localhost/127.0.0.1:54913]' for 'GET' to 'http://localhost:54913/session/b1e038a64b859fadb70361ac4c1026c4/window'
10:08:36.735 [Forwarding getCurrentWindowHandle on session b1e038a64b859fadb70361ac4c1026c4 to remote] DEBUG org.asynchttpclient.netty.request.NettyRequestSender - Using open Channel [id: 0x972f0b1e, L:/127.0.0.1:61471 - R:localhost/127.0.0.1:54913] for GET '/session/b1e038a64b859fadb70361ac4c1026c4/window'
10:08:36.737 [AsyncHttpClient-1-8] DEBUG org.asynchttpclient.netty.handler.HttpHandler - 

Request DefaultFullHttpRequest(decodeResult: success, version: HTTP/1.1, content: EmptyByteBufBE)
GET /session/b1e038a64b859fadb70361ac4c1026c4/window HTTP/1.1
User-Agent: selenium/4.4.0 (java windows)
Cache-Control: no-cache
Content-Type: application/json; charset=utf-8
host: localhost:54913
accept: */*

Response DefaultHttpResponse(decodeResult: success, version: HTTP/1.1)
HTTP/1.1 200 OK
Content-Type: application/json; charset=utf-8
cache-control: no-cache
content-length: 53

10:08:36.737 [AsyncHttpClient-1-8] DEBUG org.asynchttpclient.netty.channel.ChannelManager - Adding key: http://localhost:54913 for channel [id: 0x972f0b1e, L:/127.0.0.1:61471 - R:localhost/127.0.0.1:54913]
10:08:36.740 [Forwarding getAlertText on session b1e038a64b859fadb70361ac4c1026c4 to remote] DEBUG org.asynchttpclient.netty.request.NettyRequestSender - Using pooled Channel '[id: 0x972f0b1e, L:/127.0.0.1:61471 - R:localhost/127.0.0.1:54913]' for 'GET' to 'http://localhost:54913/session/b1e038a64b859fadb70361ac4c1026c4/alert/text'
10:08:36.740 [Forwarding getAlertText on session b1e038a64b859fadb70361ac4c1026c4 to remote] DEBUG org.asynchttpclient.netty.request.NettyRequestSender - Using open Channel [id: 0x972f0b1e, L:/127.0.0.1:61471 - R:localhost/127.0.0.1:54913] for GET '/session/b1e038a64b859fadb70361ac4c1026c4/alert/text'
10:08:36.743 [AsyncHttpClient-1-8] DEBUG org.asynchttpclient.netty.handler.HttpHandler - 

Request DefaultFullHttpRequest(decodeResult: success, version: HTTP/1.1, content: EmptyByteBufBE)
GET /session/b1e038a64b859fadb70361ac4c1026c4/alert/text HTTP/1.1
User-Agent: selenium/4.4.0 (java windows)
Cache-Control: no-cache
Content-Type: application/json; charset=utf-8
host: localhost:54913
accept: */*

Response DefaultHttpResponse(decodeResult: success, version: HTTP/1.1)
HTTP/1.1 404 Not Found
Content-Type: application/json; charset=utf-8
cache-control: no-cache
content-length: 879

10:08:36.743 [AsyncHttpClient-1-8] DEBUG org.asynchttpclient.netty.channel.ChannelManager - Adding key: http://localhost:54913 for channel [id: 0x972f0b1e, L:/127.0.0.1:61471 - R:localhost/127.0.0.1:54913]
10:08:36.746 [Forwarding switchToWindow on session b1e038a64b859fadb70361ac4c1026c4 to remote] DEBUG org.asynchttpclient.netty.request.NettyRequestSender - Using pooled Channel '[id: 0x972f0b1e, L:/127.0.0.1:61471 - R:localhost/127.0.0.1:54913]' for 'POST' to 'http://localhost:54913/session/b1e038a64b859fadb70361ac4c1026c4/window'
10:08:36.746 [Forwarding switchToWindow on session b1e038a64b859fadb70361ac4c1026c4 to remote] DEBUG org.asynchttpclient.netty.request.NettyRequestSender - Using open Channel [id: 0x972f0b1e, L:/127.0.0.1:61471 - R:localhost/127.0.0.1:54913] for POST '/session/b1e038a64b859fadb70361ac4c1026c4/window'
10:08:36.750 [AsyncHttpClient-1-8] DEBUG org.asynchttpclient.netty.handler.HttpHandler - 

Request DefaultHttpRequest(decodeResult: success, version: HTTP/1.1)
POST /session/b1e038a64b859fadb70361ac4c1026c4/window HTTP/1.1
User-Agent: selenium/4.4.0 (java windows)
Content-Length: 59
Content-Type: application/json; charset=utf-8
host: localhost:54913
accept: */*

Response DefaultHttpResponse(decodeResult: success, version: HTTP/1.1)
HTTP/1.1 200 OK
Content-Type: application/json; charset=utf-8
cache-control: no-cache
content-length: 14

10:08:36.750 [AsyncHttpClient-1-8] DEBUG org.asynchttpclient.netty.channel.ChannelManager - Adding key: http://localhost:54913 for channel [id: 0x972f0b1e, L:/127.0.0.1:61471 - R:localhost/127.0.0.1:54913]
10:08:36.750 [Forwarding getCurrentUrl on session b1e038a64b859fadb70361ac4c1026c4 to remote] DEBUG org.asynchttpclient.netty.request.NettyRequestSender - Using pooled Channel '[id: 0x972f0b1e, L:/127.0.0.1:61471 - R:localhost/127.0.0.1:54913]' for 'GET' to 'http://localhost:54913/session/b1e038a64b859fadb70361ac4c1026c4/url'
10:08:36.750 [Forwarding getCurrentUrl on session b1e038a64b859fadb70361ac4c1026c4 to remote] DEBUG org.asynchttpclient.netty.request.NettyRequestSender - Using open Channel [id: 0x972f0b1e, L:/127.0.0.1:61471 - R:localhost/127.0.0.1:54913] for GET '/session/b1e038a64b859fadb70361ac4c1026c4/url'
10:08:36.755 [AsyncHttpClient-1-8] DEBUG org.asynchttpclient.netty.handler.HttpHandler - 

Request DefaultFullHttpRequest(decodeResult: success, version: HTTP/1.1, content: EmptyByteBufBE)
GET /session/b1e038a64b859fadb70361ac4c1026c4/url HTTP/1.1
User-Agent: selenium/4.4.0 (java windows)
Cache-Control: no-cache
Content-Type: application/json; charset=utf-8
host: localhost:54913
accept: */*

Response DefaultHttpResponse(decodeResult: success, version: HTTP/1.1)
HTTP/1.1 200 OK
Content-Type: application/json; charset=utf-8
cache-control: no-cache
content-length: 52

10:08:36.755 [AsyncHttpClient-1-8] DEBUG org.asynchttpclient.netty.channel.ChannelManager - Adding key: http://localhost:54913 for channel [id: 0x972f0b1e, L:/127.0.0.1:61471 - R:localhost/127.0.0.1:54913]
10:08:36.756 [Forwarding screenshot on session b1e038a64b859fadb70361ac4c1026c4 to remote] DEBUG org.asynchttpclient.netty.request.NettyRequestSender - Using pooled Channel '[id: 0x972f0b1e, L:/127.0.0.1:61471 - R:localhost/127.0.0.1:54913]' for 'GET' to 'http://localhost:54913/session/b1e038a64b859fadb70361ac4c1026c4/screenshot'
10:08:36.756 [Forwarding screenshot on session b1e038a64b859fadb70361ac4c1026c4 to remote] DEBUG org.asynchttpclient.netty.request.NettyRequestSender - Using open Channel [id: 0x972f0b1e, L:/127.0.0.1:61471 - R:localhost/127.0.0.1:54913] for GET '/session/b1e038a64b859fadb70361ac4c1026c4/screenshot'
10:08:36.855 [AsyncHttpClient-1-8] DEBUG org.asynchttpclient.netty.handler.HttpHandler - 

Request DefaultFullHttpRequest(decodeResult: success, version: HTTP/1.1, content: EmptyByteBufBE)
GET /session/b1e038a64b859fadb70361ac4c1026c4/screenshot HTTP/1.1
User-Agent: selenium/4.4.0 (java windows)
Cache-Control: no-cache
Content-Type: application/json; charset=utf-8
host: localhost:54913
accept: */*

Response DefaultHttpResponse(decodeResult: success, version: HTTP/1.1)
HTTP/1.1 200 OK
Content-Type: application/json; charset=utf-8
cache-control: no-cache
content-length: 316072

10:08:36.856 [AsyncHttpClient-1-8] DEBUG org.asynchttpclient.netty.channel.ChannelManager - Adding key: http://localhost:54913 for channel [id: 0x972f0b1e, L:/127.0.0.1:61471 - R:localhost/127.0.0.1:54913]
10:08:36.863 [Test worker] DEBUG net.serenitybdd.core.photography.Darkroom - Send negative for processing for C:\Users\juan.gomezv\IdeaProjects\sura\target\site\serenity\e44069ae212a02c6322b8bddc355adc221270edded46bd42546211af4a56801c.png
10:08:36.863 [Test worker] DEBUG net.thucydides.core.steps.StepInterceptor - STEP DONE: {0} should see #description
  ?[32mEntonces ?[0m?[32m?[0m?[32m?[1mAlberto?[0m?[32m debe ser redirigido a la pagina de ?[0m?[32m?[1m"PRODUCTS"?[0m                ?[90m# sura.stepDefinitions.LoginSteps.elDebeSerRedirigidoALaPaginaDe(net.serenitybdd.screenplay.Actor,java.lang.String)?[0m
10:08:36.874 [Driver Command Executor] DEBUG org.asynchttpclient.netty.request.NettyRequestSender - Using pooled Channel '[id: 0x972f0b1e, L:/127.0.0.1:61471 - R:localhost/127.0.0.1:54913]' for 'DELETE' to 'http://localhost:54913/session/b1e038a64b859fadb70361ac4c1026c4'
10:08:36.874 [Driver Command Executor] DEBUG org.asynchttpclient.netty.request.NettyRequestSender - Using open Channel [id: 0x972f0b1e, L:/127.0.0.1:61471 - R:localhost/127.0.0.1:54913] for DELETE '/session/b1e038a64b859fadb70361ac4c1026c4'
10:08:36.874 [AsyncHttpClient-1-10] DEBUG org.asynchttpclient.netty.handler.WebSocketHandler - Channel Closed: [id: 0xfac6323e, L:/127.0.0.1:61479 ! R:localhost/127.0.0.1:61472] with attribute NettyResponseFuture{currentRetry=0,
	isDone=1,
	isCancelled=0,
	asyncHandler=org.asynchttpclient.ws.WebSocketUpgradeHandler@1b52bb70,
	nettyRequest=org.asynchttpclient.netty.request.NettyRequest@5e50367e,
	future=java.util.concurrent.CompletableFuture@19bdc764[Completed normally],
	uri=ws://localhost:61472/devtools/browser/115def4e-c682-4254-a87e-a629ea2a4b15,
	keepAlive=true,
	redirectCount=0,
	timeoutsHolder=null,
	inAuth=0,
	touch=1664204910138}
10:08:36.874 [AsyncHttpClient-1-10] DEBUG org.asynchttpclient.netty.channel.ChannelManager - Closing Channel [id: 0xfac6323e, L:/127.0.0.1:61479 ! R:localhost/127.0.0.1:61472] 
10:08:36.894 [AsyncHttpClient-1-9] DEBUG org.asynchttpclient.netty.handler.HttpHandler - Unexpected I/O exception on channel [id: 0x782fc7da, L:/127.0.0.1:61478 - R:localhost/127.0.0.1:61472]
java.net.SocketException: Connection reset
	at java.base/sun.nio.ch.SocketChannelImpl.throwConnectionReset(SocketChannelImpl.java:394)
	at java.base/sun.nio.ch.SocketChannelImpl.read(SocketChannelImpl.java:426)
	at io.netty.buffer.PooledByteBuf.setBytes(PooledByteBuf.java:258)
	at io.netty.buffer.AbstractByteBuf.writeBytes(AbstractByteBuf.java:1132)
	at io.netty.channel.socket.nio.NioSocketChannel.doReadBytes(NioSocketChannel.java:357)
	at io.netty.channel.nio.AbstractNioByteChannel$NioByteUnsafe.read(AbstractNioByteChannel.java:151)
	at io.netty.channel.nio.NioEventLoop.processSelectedKey(NioEventLoop.java:722)
	at io.netty.channel.nio.NioEventLoop.processSelectedKeysOptimized(NioEventLoop.java:658)
	at io.netty.channel.nio.NioEventLoop.processSelectedKeys(NioEventLoop.java:584)
	at io.netty.channel.nio.NioEventLoop.run(NioEventLoop.java:496)
	at io.netty.util.concurrent.SingleThreadEventExecutor$4.run(SingleThreadEventExecutor.java:997)
	at io.netty.util.internal.ThreadExecutorMap$2.run(ThreadExecutorMap.java:74)
	at io.netty.util.concurrent.FastThreadLocalRunnable.run(FastThreadLocalRunnable.java:30)
	at java.base/java.lang.Thread.run(Thread.java:833)
10:08:36.895 [AsyncHttpClient-1-9] DEBUG org.asynchttpclient.netty.channel.ChannelManager - Closing Channel [id: 0x782fc7da, L:/127.0.0.1:61478 - R:localhost/127.0.0.1:61472] 
10:08:36.895 [AsyncHttpClient-1-9] DEBUG org.asynchttpclient.netty.handler.HttpHandler - Channel Closed: [id: 0x782fc7da, L:/127.0.0.1:61478 ! R:localhost/127.0.0.1:61472] with attribute DISCARD
10:08:36.909 [AsyncHttpClient-1-8] DEBUG org.asynchttpclient.netty.handler.HttpHandler - 

Request DefaultFullHttpRequest(decodeResult: success, version: HTTP/1.1, content: EmptyByteBufBE)
DELETE /session/b1e038a64b859fadb70361ac4c1026c4 HTTP/1.1
User-Agent: selenium/4.4.0 (java windows)
Content-Type: application/json; charset=utf-8
host: localhost:54913
accept: */*

Response DefaultHttpResponse(decodeResult: success, version: HTTP/1.1)
HTTP/1.1 200 OK
Content-Type: application/json; charset=utf-8
cache-control: no-cache
content-length: 14

10:08:36.909 [AsyncHttpClient-1-8] DEBUG org.asynchttpclient.netty.channel.ChannelManager - Adding key: http://localhost:54913 for channel [id: 0x972f0b1e, L:/127.0.0.1:61471 - R:localhost/127.0.0.1:54913]
10:08:36.959 [AsyncHttpClient-1-8] DEBUG org.asynchttpclient.netty.handler.HttpHandler - Channel Closed: [id: 0x972f0b1e, L:/127.0.0.1:61471 ! R:localhost/127.0.0.1:54913] with attribute DISCARD

Esquema del escenario: Usuario se autÃ©ntica con una cuenta invÃ¡lida               ?[90m# src/test/resources/features/login.feature:22?[0m
10:08:36.998 [Test worker] INFO io.cucumber.core.plugin.SerenityReporter - Running feature from file:///C:/Users/juan.gomezv/IdeaProjects/sura/src/test/resources/features/login.feature
10:08:36.999 [Test worker] INFO  - 
  _____   ___   ___   _____     ___   _____     _     ___   _____   ___   ___  
 |_   _| | __| / __| |_   _|   / __| |_   _|   /_\   | _ \ |_   _| | __| |   \ 
   | |   | _|  \__ \   | |     \__ \   | |    / _ \  |   /   | |   | _|  | |) |
   |_|   |___| |___/   |_|     |___/   |_|   /_/ \_\ |_|_\   |_|   |___| |___/ 

Usuario se auténtica con una cuenta inválida(autenticación;usuario-se-auténtica-con-una-cuenta-inválida)
--------------------------------------------------------------------------------
10:08:37.009 [Test worker] DEBUG net.thucydides.core.steps.StepInterceptor - STARTING STEP: LoginSteps.albertoQuiereConsultarArticulosDeportivosEnLaWebDeLaMarcaSwag - {0} abre la aplicaciÃ³n
10:08:37.011 [Test worker] DEBUG net.thucydides.core.steps.StepInterceptor - STARTING STEP: NavigateTo.performAs - {0} opens the #targetPageName
10:08:37.048 [Test worker] INFO net.serenitybdd.core.webdriver.driverproviders.ChromeDriverProvider - Starting Chrome driver instance with capabilities:
10:08:37.048 [Test worker] INFO net.serenitybdd.core.webdriver.driverproviders.ChromeDriverProvider - Capabilities {acceptInsecureCerts: false, browserName: chrome, goog:chromeOptions: {args: [], extensions: []}}
10:08:37.096 [AsyncHttpClient-1-11] DEBUG org.asynchttpclient.netty.channel.NettyConnectListener - Using new Channel '[id: 0x700e8406, L:/127.0.0.1:61497 - R:localhost/127.0.0.1:63360]' for 'POST' to '/session'
10:08:37.306 [AsyncHttpClient-1-1] DEBUG org.asynchttpclient.netty.channel.DefaultChannelPool - Entry count for : http://localhost:54913 : 1
10:08:37.307 [AsyncHttpClient-1-1] DEBUG org.asynchttpclient.netty.channel.DefaultChannelPool - Entry count for : http://localhost:61472 : 1
10:08:37.307 [AsyncHttpClient-1-1] DEBUG org.asynchttpclient.netty.channel.DefaultChannelPool - Adding Candidate expired Channel [id: 0x972f0b1e, L:/127.0.0.1:61471 ! R:localhost/127.0.0.1:54913] isIdleTimeoutExpired=false isRemotelyClosed=true isTtlExpired=false
10:08:37.307 [AsyncHttpClient-1-1] DEBUG org.asynchttpclient.netty.channel.DefaultChannelPool - Closing Idle Channel [id: 0x972f0b1e, L:/127.0.0.1:61471 ! R:localhost/127.0.0.1:54913]
10:08:37.307 [AsyncHttpClient-1-1] DEBUG org.asynchttpclient.netty.channel.DefaultChannelPool - Adding Candidate expired Channel [id: 0x782fc7da, L:/127.0.0.1:61478 ! R:localhost/127.0.0.1:61472] isIdleTimeoutExpired=false isRemotelyClosed=true isTtlExpired=false
10:08:37.307 [AsyncHttpClient-1-1] DEBUG org.asynchttpclient.netty.channel.DefaultChannelPool - Closing Idle Channel [id: 0x782fc7da, L:/127.0.0.1:61478 ! R:localhost/127.0.0.1:61472]
10:08:37.307 [AsyncHttpClient-1-1] DEBUG org.asynchttpclient.netty.channel.DefaultChannelPool - Closed 2 connections out of 2 in 0 ms
10:08:37.672 [AsyncHttpClient-1-11] DEBUG org.asynchttpclient.netty.handler.HttpHandler - 

Request DefaultHttpRequest(decodeResult: success, version: HTTP/1.1)
POST /session HTTP/1.1
User-Agent: selenium/4.4.0 (java windows)
Content-Length: 437
Content-Type: application/json; charset=utf-8
host: localhost:63360
accept: */*

Response DefaultHttpResponse(decodeResult: success, version: HTTP/1.1)
HTTP/1.1 200 OK
Content-Type: application/json; charset=utf-8
cache-control: no-cache
content-length: 795

10:08:37.672 [AsyncHttpClient-1-11] DEBUG org.asynchttpclient.netty.channel.ChannelManager - Adding key: http://localhost:63360 for channel [id: 0x700e8406, L:/127.0.0.1:61497 - R:localhost/127.0.0.1:63360]
10:08:37.676 [AsyncHttpClient-1-12] DEBUG org.asynchttpclient.netty.channel.NettyConnectListener - Using new Channel '[id: 0x538ed393, L:/127.0.0.1:61504 - R:localhost/127.0.0.1:61498]' for 'GET' to '/json/version'
10:08:37.677 [AsyncHttpClient-1-12] DEBUG org.asynchttpclient.netty.handler.HttpHandler - 

Request DefaultFullHttpRequest(decodeResult: success, version: HTTP/1.1, content: EmptyByteBufBE)
GET /json/version HTTP/1.1
User-Agent: selenium/4.4.0 (java windows)
host: localhost:61498
accept: */*

Response DefaultHttpResponse(decodeResult: success, version: HTTP/1.1)
HTTP/1.1 200 OK
Content-Type: application/json; charset=UTF-8
content-length: 423

10:08:37.677 [AsyncHttpClient-1-12] DEBUG org.asynchttpclient.netty.channel.ChannelManager - Adding key: http://localhost:61498 for channel [id: 0x538ed393, L:/127.0.0.1:61504 - R:localhost/127.0.0.1:61498]
10:08:37.679 [AsyncHttpClient-1-13] DEBUG org.asynchttpclient.netty.channel.NettyConnectListener - Using new Channel '[id: 0xd14c8e01, L:/127.0.0.1:61505 - R:localhost/127.0.0.1:61498]' for 'GET' to '/devtools/browser/96f91a7d-76e4-4ee3-8da5-4a7bc11fa59b'
10:08:37.680 [AsyncHttpClient-1-13] DEBUG org.asynchttpclient.netty.handler.WebSocketHandler - 

Request DefaultFullHttpRequest(decodeResult: success, version: HTTP/1.1, content: EmptyByteBufBE)
GET /devtools/browser/96f91a7d-76e4-4ee3-8da5-4a7bc11fa59b HTTP/1.1
upgrade: websocket
connection: upgrade
sec-websocket-key: xC6TNQdGfZRitTC3wAM+bw==
sec-websocket-version: 13
origin: http://localhost:61498
host: localhost:61498
accept: */*
user-agent: AHC/2.1

Response DefaultHttpResponse(decodeResult: success, version: HTTP/1.1)
HTTP/1.1 101 WebSocket Protocol Handshake
Upgrade: WebSocket
Connection: Upgrade
Sec-WebSocket-Accept: lgIbnTv8NpZYb2HznQXIjjFOqH4=

10:08:37.683 [Forwarding get on session 47cee59ff530568a463bde953d4b9e68 to remote] DEBUG org.asynchttpclient.netty.request.NettyRequestSender - Using pooled Channel '[id: 0x700e8406, L:/127.0.0.1:61497 - R:localhost/127.0.0.1:63360]' for 'POST' to 'http://localhost:63360/session/47cee59ff530568a463bde953d4b9e68/url'
10:08:37.683 [Forwarding get on session 47cee59ff530568a463bde953d4b9e68 to remote] DEBUG org.asynchttpclient.netty.request.NettyRequestSender - Using open Channel [id: 0x700e8406, L:/127.0.0.1:61497 - R:localhost/127.0.0.1:63360] for POST '/session/47cee59ff530568a463bde953d4b9e68/url'
10:08:37.931 [AsyncHttpClient-1-11] DEBUG org.asynchttpclient.netty.handler.HttpHandler - 

Request DefaultHttpRequest(decodeResult: success, version: HTTP/1.1)
POST /session/47cee59ff530568a463bde953d4b9e68/url HTTP/1.1
User-Agent: selenium/4.4.0 (java windows)
Content-Length: 40
Content-Type: application/json; charset=utf-8
host: localhost:63360
accept: */*

Response DefaultHttpResponse(decodeResult: success, version: HTTP/1.1)
HTTP/1.1 200 OK
Content-Type: application/json; charset=utf-8
cache-control: no-cache
content-length: 14

10:08:37.931 [AsyncHttpClient-1-11] DEBUG org.asynchttpclient.netty.channel.ChannelManager - Adding key: http://localhost:63360 for channel [id: 0x700e8406, L:/127.0.0.1:61497 - R:localhost/127.0.0.1:63360]
10:08:37.932 [Forwarding setTimeout on session 47cee59ff530568a463bde953d4b9e68 to remote] DEBUG org.asynchttpclient.netty.request.NettyRequestSender - Using pooled Channel '[id: 0x700e8406, L:/127.0.0.1:61497 - R:localhost/127.0.0.1:63360]' for 'POST' to 'http://localhost:63360/session/47cee59ff530568a463bde953d4b9e68/timeouts'
10:08:37.932 [Forwarding setTimeout on session 47cee59ff530568a463bde953d4b9e68 to remote] DEBUG org.asynchttpclient.netty.request.NettyRequestSender - Using open Channel [id: 0x700e8406, L:/127.0.0.1:61497 - R:localhost/127.0.0.1:63360] for POST '/session/47cee59ff530568a463bde953d4b9e68/timeouts'
10:08:37.933 [AsyncHttpClient-1-11] DEBUG org.asynchttpclient.netty.handler.HttpHandler - 

Request DefaultHttpRequest(decodeResult: success, version: HTTP/1.1)
POST /session/47cee59ff530568a463bde953d4b9e68/timeouts HTTP/1.1
User-Agent: selenium/4.4.0 (java windows)
Content-Length: 22
Content-Type: application/json; charset=utf-8
host: localhost:63360
accept: */*

Response DefaultHttpResponse(decodeResult: success, version: HTTP/1.1)
HTTP/1.1 200 OK
Content-Type: application/json; charset=utf-8
cache-control: no-cache
content-length: 14

10:08:37.933 [AsyncHttpClient-1-11] DEBUG org.asynchttpclient.netty.channel.ChannelManager - Adding key: http://localhost:63360 for channel [id: 0x700e8406, L:/127.0.0.1:61497 - R:localhost/127.0.0.1:63360]
10:08:37.947 [Forwarding getCurrentUrl on session 47cee59ff530568a463bde953d4b9e68 to remote] DEBUG org.asynchttpclient.netty.request.NettyRequestSender - Using pooled Channel '[id: 0x700e8406, L:/127.0.0.1:61497 - R:localhost/127.0.0.1:63360]' for 'GET' to 'http://localhost:63360/session/47cee59ff530568a463bde953d4b9e68/url'
10:08:37.947 [Forwarding getCurrentUrl on session 47cee59ff530568a463bde953d4b9e68 to remote] DEBUG org.asynchttpclient.netty.request.NettyRequestSender - Using open Channel [id: 0x700e8406, L:/127.0.0.1:61497 - R:localhost/127.0.0.1:63360] for GET '/session/47cee59ff530568a463bde953d4b9e68/url'
10:08:37.954 [AsyncHttpClient-1-11] DEBUG org.asynchttpclient.netty.handler.HttpHandler - 

Request DefaultFullHttpRequest(decodeResult: success, version: HTTP/1.1, content: EmptyByteBufBE)
GET /session/47cee59ff530568a463bde953d4b9e68/url HTTP/1.1
User-Agent: selenium/4.4.0 (java windows)
Cache-Control: no-cache
Content-Type: application/json; charset=utf-8
host: localhost:63360
accept: */*

Response DefaultHttpResponse(decodeResult: success, version: HTTP/1.1)
HTTP/1.1 200 OK
Content-Type: application/json; charset=utf-8
cache-control: no-cache
content-length: 38

10:08:37.955 [AsyncHttpClient-1-11] DEBUG org.asynchttpclient.netty.channel.ChannelManager - Adding key: http://localhost:63360 for channel [id: 0x700e8406, L:/127.0.0.1:61497 - R:localhost/127.0.0.1:63360]
10:08:37.964 [Forwarding getCurrentUrl on session 47cee59ff530568a463bde953d4b9e68 to remote] DEBUG org.asynchttpclient.netty.request.NettyRequestSender - Using pooled Channel '[id: 0x700e8406, L:/127.0.0.1:61497 - R:localhost/127.0.0.1:63360]' for 'GET' to 'http://localhost:63360/session/47cee59ff530568a463bde953d4b9e68/url'
10:08:37.964 [Forwarding getCurrentUrl on session 47cee59ff530568a463bde953d4b9e68 to remote] DEBUG org.asynchttpclient.netty.request.NettyRequestSender - Using open Channel [id: 0x700e8406, L:/127.0.0.1:61497 - R:localhost/127.0.0.1:63360] for GET '/session/47cee59ff530568a463bde953d4b9e68/url'
10:08:37.967 [AsyncHttpClient-1-11] DEBUG org.asynchttpclient.netty.handler.HttpHandler - 

Request DefaultFullHttpRequest(decodeResult: success, version: HTTP/1.1, content: EmptyByteBufBE)
GET /session/47cee59ff530568a463bde953d4b9e68/url HTTP/1.1
User-Agent: selenium/4.4.0 (java windows)
Cache-Control: no-cache
Content-Type: application/json; charset=utf-8
host: localhost:63360
accept: */*

Response DefaultHttpResponse(decodeResult: success, version: HTTP/1.1)
HTTP/1.1 200 OK
Content-Type: application/json; charset=utf-8
cache-control: no-cache
content-length: 38

10:08:37.967 [AsyncHttpClient-1-11] DEBUG org.asynchttpclient.netty.channel.ChannelManager - Adding key: http://localhost:63360 for channel [id: 0x700e8406, L:/127.0.0.1:61497 - R:localhost/127.0.0.1:63360]
10:08:37.981 [Forwarding getCurrentWindowHandle on session 47cee59ff530568a463bde953d4b9e68 to remote] DEBUG org.asynchttpclient.netty.request.NettyRequestSender - Using pooled Channel '[id: 0x700e8406, L:/127.0.0.1:61497 - R:localhost/127.0.0.1:63360]' for 'GET' to 'http://localhost:63360/session/47cee59ff530568a463bde953d4b9e68/window'
10:08:37.981 [Forwarding getCurrentWindowHandle on session 47cee59ff530568a463bde953d4b9e68 to remote] DEBUG org.asynchttpclient.netty.request.NettyRequestSender - Using open Channel [id: 0x700e8406, L:/127.0.0.1:61497 - R:localhost/127.0.0.1:63360] for GET '/session/47cee59ff530568a463bde953d4b9e68/window'
10:08:37.982 [AsyncHttpClient-1-11] DEBUG org.asynchttpclient.netty.handler.HttpHandler - 

Request DefaultFullHttpRequest(decodeResult: success, version: HTTP/1.1, content: EmptyByteBufBE)
GET /session/47cee59ff530568a463bde953d4b9e68/window HTTP/1.1
User-Agent: selenium/4.4.0 (java windows)
Cache-Control: no-cache
Content-Type: application/json; charset=utf-8
host: localhost:63360
accept: */*

Response DefaultHttpResponse(decodeResult: success, version: HTTP/1.1)
HTTP/1.1 200 OK
Content-Type: application/json; charset=utf-8
cache-control: no-cache
content-length: 53

10:08:37.982 [AsyncHttpClient-1-11] DEBUG org.asynchttpclient.netty.channel.ChannelManager - Adding key: http://localhost:63360 for channel [id: 0x700e8406, L:/127.0.0.1:61497 - R:localhost/127.0.0.1:63360]
10:08:37.986 [Forwarding getAlertText on session 47cee59ff530568a463bde953d4b9e68 to remote] DEBUG org.asynchttpclient.netty.request.NettyRequestSender - Using pooled Channel '[id: 0x700e8406, L:/127.0.0.1:61497 - R:localhost/127.0.0.1:63360]' for 'GET' to 'http://localhost:63360/session/47cee59ff530568a463bde953d4b9e68/alert/text'
10:08:37.986 [Forwarding getAlertText on session 47cee59ff530568a463bde953d4b9e68 to remote] DEBUG org.asynchttpclient.netty.request.NettyRequestSender - Using open Channel [id: 0x700e8406, L:/127.0.0.1:61497 - R:localhost/127.0.0.1:63360] for GET '/session/47cee59ff530568a463bde953d4b9e68/alert/text'
10:08:37.987 [AsyncHttpClient-1-11] DEBUG org.asynchttpclient.netty.handler.HttpHandler - 

Request DefaultFullHttpRequest(decodeResult: success, version: HTTP/1.1, content: EmptyByteBufBE)
GET /session/47cee59ff530568a463bde953d4b9e68/alert/text HTTP/1.1
User-Agent: selenium/4.4.0 (java windows)
Cache-Control: no-cache
Content-Type: application/json; charset=utf-8
host: localhost:63360
accept: */*

Response DefaultHttpResponse(decodeResult: success, version: HTTP/1.1)
HTTP/1.1 404 Not Found
Content-Type: application/json; charset=utf-8
cache-control: no-cache
content-length: 879

10:08:37.988 [AsyncHttpClient-1-11] DEBUG org.asynchttpclient.netty.channel.ChannelManager - Adding key: http://localhost:63360 for channel [id: 0x700e8406, L:/127.0.0.1:61497 - R:localhost/127.0.0.1:63360]
10:08:37.996 [Forwarding switchToWindow on session 47cee59ff530568a463bde953d4b9e68 to remote] DEBUG org.asynchttpclient.netty.request.NettyRequestSender - Using pooled Channel '[id: 0x700e8406, L:/127.0.0.1:61497 - R:localhost/127.0.0.1:63360]' for 'POST' to 'http://localhost:63360/session/47cee59ff530568a463bde953d4b9e68/window'
10:08:37.996 [Forwarding switchToWindow on session 47cee59ff530568a463bde953d4b9e68 to remote] DEBUG org.asynchttpclient.netty.request.NettyRequestSender - Using open Channel [id: 0x700e8406, L:/127.0.0.1:61497 - R:localhost/127.0.0.1:63360] for POST '/session/47cee59ff530568a463bde953d4b9e68/window'
10:08:38.002 [AsyncHttpClient-1-11] DEBUG org.asynchttpclient.netty.handler.HttpHandler - 

Request DefaultHttpRequest(decodeResult: success, version: HTTP/1.1)
POST /session/47cee59ff530568a463bde953d4b9e68/window HTTP/1.1
User-Agent: selenium/4.4.0 (java windows)
Content-Length: 59
Content-Type: application/json; charset=utf-8
host: localhost:63360
accept: */*

Response DefaultHttpResponse(decodeResult: success, version: HTTP/1.1)
HTTP/1.1 200 OK
Content-Type: application/json; charset=utf-8
cache-control: no-cache
content-length: 14

10:08:38.002 [AsyncHttpClient-1-11] DEBUG org.asynchttpclient.netty.channel.ChannelManager - Adding key: http://localhost:63360 for channel [id: 0x700e8406, L:/127.0.0.1:61497 - R:localhost/127.0.0.1:63360]
10:08:38.003 [Forwarding getCurrentUrl on session 47cee59ff530568a463bde953d4b9e68 to remote] DEBUG org.asynchttpclient.netty.request.NettyRequestSender - Using pooled Channel '[id: 0x700e8406, L:/127.0.0.1:61497 - R:localhost/127.0.0.1:63360]' for 'GET' to 'http://localhost:63360/session/47cee59ff530568a463bde953d4b9e68/url'
10:08:38.003 [Forwarding getCurrentUrl on session 47cee59ff530568a463bde953d4b9e68 to remote] DEBUG org.asynchttpclient.netty.request.NettyRequestSender - Using open Channel [id: 0x700e8406, L:/127.0.0.1:61497 - R:localhost/127.0.0.1:63360] for GET '/session/47cee59ff530568a463bde953d4b9e68/url'
10:08:38.006 [AsyncHttpClient-1-11] DEBUG org.asynchttpclient.netty.handler.HttpHandler - 

Request DefaultFullHttpRequest(decodeResult: success, version: HTTP/1.1, content: EmptyByteBufBE)
GET /session/47cee59ff530568a463bde953d4b9e68/url HTTP/1.1
User-Agent: selenium/4.4.0 (java windows)
Cache-Control: no-cache
Content-Type: application/json; charset=utf-8
host: localhost:63360
accept: */*

Response DefaultHttpResponse(decodeResult: success, version: HTTP/1.1)
HTTP/1.1 200 OK
Content-Type: application/json; charset=utf-8
cache-control: no-cache
content-length: 38

10:08:38.007 [AsyncHttpClient-1-11] DEBUG org.asynchttpclient.netty.channel.ChannelManager - Adding key: http://localhost:63360 for channel [id: 0x700e8406, L:/127.0.0.1:61497 - R:localhost/127.0.0.1:63360]
10:08:38.008 [Forwarding screenshot on session 47cee59ff530568a463bde953d4b9e68 to remote] DEBUG org.asynchttpclient.netty.request.NettyRequestSender - Using pooled Channel '[id: 0x700e8406, L:/127.0.0.1:61497 - R:localhost/127.0.0.1:63360]' for 'GET' to 'http://localhost:63360/session/47cee59ff530568a463bde953d4b9e68/screenshot'
10:08:38.008 [Forwarding screenshot on session 47cee59ff530568a463bde953d4b9e68 to remote] DEBUG org.asynchttpclient.netty.request.NettyRequestSender - Using open Channel [id: 0x700e8406, L:/127.0.0.1:61497 - R:localhost/127.0.0.1:63360] for GET '/session/47cee59ff530568a463bde953d4b9e68/screenshot'
10:08:38.080 [AsyncHttpClient-1-11] DEBUG org.asynchttpclient.netty.handler.HttpHandler - 

Request DefaultFullHttpRequest(decodeResult: success, version: HTTP/1.1, content: EmptyByteBufBE)
GET /session/47cee59ff530568a463bde953d4b9e68/screenshot HTTP/1.1
User-Agent: selenium/4.4.0 (java windows)
Cache-Control: no-cache
Content-Type: application/json; charset=utf-8
host: localhost:63360
accept: */*

Response DefaultHttpResponse(decodeResult: success, version: HTTP/1.1)
HTTP/1.1 200 OK
Content-Type: application/json; charset=utf-8
cache-control: no-cache
content-length: 59108

10:08:38.081 [AsyncHttpClient-1-11] DEBUG org.asynchttpclient.netty.channel.ChannelManager - Adding key: http://localhost:63360 for channel [id: 0x700e8406, L:/127.0.0.1:61497 - R:localhost/127.0.0.1:63360]
10:08:38.082 [Test worker] DEBUG net.serenitybdd.core.photography.Darkroom - Send negative for processing for C:\Users\juan.gomezv\IdeaProjects\sura\target\site\serenity\60e3c498caf7a8fcf635471a5092c247627e1395d91e12246eaf1a3e7a34e095.png
10:08:38.082 [Test worker] DEBUG net.thucydides.core.steps.StepInterceptor - STEP DONE: {0} opens the #targetPageName
10:08:38.090 [Test worker] DEBUG net.thucydides.core.steps.StepInterceptor - STEP DONE: {0} abre la aplicaciÃ³n
  ?[32mDado ?[0m?[32m?[0m?[32m?[1mAlberto?[0m?[32m quiere consultar articulos deportivos en la web de la marca Swag?[0m   ?[90m# sura.stepDefinitions.LoginSteps.albertoQuiereConsultarArticulosDeportivosEnLaWebDeLaMarcaSwag(net.serenitybdd.screenplay.Actor)?[0m
10:08:38.102 [Forwarding getPageSource on session 47cee59ff530568a463bde953d4b9e68 to remote] DEBUG org.asynchttpclient.netty.request.NettyRequestSender - Using pooled Channel '[id: 0x700e8406, L:/127.0.0.1:61497 - R:localhost/127.0.0.1:63360]' for 'POST' to 'http://localhost:63360/session/47cee59ff530568a463bde953d4b9e68/execute/sync'
10:08:38.103 [Forwarding getPageSource on session 47cee59ff530568a463bde953d4b9e68 to remote] DEBUG org.asynchttpclient.netty.request.NettyRequestSender - Using open Channel [id: 0x700e8406, L:/127.0.0.1:61497 - R:localhost/127.0.0.1:63360] for POST '/session/47cee59ff530568a463bde953d4b9e68/execute/sync'
10:08:38.107 [AsyncHttpClient-1-11] DEBUG org.asynchttpclient.netty.handler.HttpHandler - 

Request DefaultHttpRequest(decodeResult: success, version: HTTP/1.1)
POST /session/47cee59ff530568a463bde953d4b9e68/execute/sync HTTP/1.1
User-Agent: selenium/4.4.0 (java windows)
Content-Length: 176
Content-Type: application/json; charset=utf-8
host: localhost:63360
accept: */*

Response DefaultHttpResponse(decodeResult: success, version: HTTP/1.1)
HTTP/1.1 200 OK
Content-Type: application/json; charset=utf-8
cache-control: no-cache
content-length: 4160

10:08:38.107 [AsyncHttpClient-1-11] DEBUG org.asynchttpclient.netty.channel.ChannelManager - Adding key: http://localhost:63360 for channel [id: 0x700e8406, L:/127.0.0.1:61497 - R:localhost/127.0.0.1:63360]
10:08:38.108 [Forwarding getCurrentUrl on session 47cee59ff530568a463bde953d4b9e68 to remote] DEBUG org.asynchttpclient.netty.request.NettyRequestSender - Using pooled Channel '[id: 0x700e8406, L:/127.0.0.1:61497 - R:localhost/127.0.0.1:63360]' for 'GET' to 'http://localhost:63360/session/47cee59ff530568a463bde953d4b9e68/url'
10:08:38.108 [Forwarding getCurrentUrl on session 47cee59ff530568a463bde953d4b9e68 to remote] DEBUG org.asynchttpclient.netty.request.NettyRequestSender - Using open Channel [id: 0x700e8406, L:/127.0.0.1:61497 - R:localhost/127.0.0.1:63360] for GET '/session/47cee59ff530568a463bde953d4b9e68/url'
10:08:38.110 [AsyncHttpClient-1-11] DEBUG org.asynchttpclient.netty.handler.HttpHandler - 

Request DefaultFullHttpRequest(decodeResult: success, version: HTTP/1.1, content: EmptyByteBufBE)
GET /session/47cee59ff530568a463bde953d4b9e68/url HTTP/1.1
User-Agent: selenium/4.4.0 (java windows)
Cache-Control: no-cache
Content-Type: application/json; charset=utf-8
host: localhost:63360
accept: */*

Response DefaultHttpResponse(decodeResult: success, version: HTTP/1.1)
HTTP/1.1 200 OK
Content-Type: application/json; charset=utf-8
cache-control: no-cache
content-length: 38

10:08:38.111 [AsyncHttpClient-1-11] DEBUG org.asynchttpclient.netty.channel.ChannelManager - Adding key: http://localhost:63360 for channel [id: 0x700e8406, L:/127.0.0.1:61497 - R:localhost/127.0.0.1:63360]
10:08:38.124 [Forwarding getPageSource on session 47cee59ff530568a463bde953d4b9e68 to remote] DEBUG org.asynchttpclient.netty.request.NettyRequestSender - Using pooled Channel '[id: 0x700e8406, L:/127.0.0.1:61497 - R:localhost/127.0.0.1:63360]' for 'POST' to 'http://localhost:63360/session/47cee59ff530568a463bde953d4b9e68/execute/sync'
10:08:38.124 [Forwarding getPageSource on session 47cee59ff530568a463bde953d4b9e68 to remote] DEBUG org.asynchttpclient.netty.request.NettyRequestSender - Using open Channel [id: 0x700e8406, L:/127.0.0.1:61497 - R:localhost/127.0.0.1:63360] for POST '/session/47cee59ff530568a463bde953d4b9e68/execute/sync'
10:08:38.128 [AsyncHttpClient-1-11] DEBUG org.asynchttpclient.netty.handler.HttpHandler - 

Request DefaultHttpRequest(decodeResult: success, version: HTTP/1.1)
POST /session/47cee59ff530568a463bde953d4b9e68/execute/sync HTTP/1.1
User-Agent: selenium/4.4.0 (java windows)
Content-Length: 176
Content-Type: application/json; charset=utf-8
host: localhost:63360
accept: */*

Response DefaultHttpResponse(decodeResult: success, version: HTTP/1.1)
HTTP/1.1 200 OK
Content-Type: application/json; charset=utf-8
cache-control: no-cache
content-length: 4160

10:08:38.128 [AsyncHttpClient-1-11] DEBUG org.asynchttpclient.netty.channel.ChannelManager - Adding key: http://localhost:63360 for channel [id: 0x700e8406, L:/127.0.0.1:61497 - R:localhost/127.0.0.1:63360]
10:08:38.129 [Forwarding getCurrentUrl on session 47cee59ff530568a463bde953d4b9e68 to remote] DEBUG org.asynchttpclient.netty.request.NettyRequestSender - Using pooled Channel '[id: 0x700e8406, L:/127.0.0.1:61497 - R:localhost/127.0.0.1:63360]' for 'GET' to 'http://localhost:63360/session/47cee59ff530568a463bde953d4b9e68/url'
10:08:38.129 [Forwarding getCurrentUrl on session 47cee59ff530568a463bde953d4b9e68 to remote] DEBUG org.asynchttpclient.netty.request.NettyRequestSender - Using open Channel [id: 0x700e8406, L:/127.0.0.1:61497 - R:localhost/127.0.0.1:63360] for GET '/session/47cee59ff530568a463bde953d4b9e68/url'
10:08:38.132 [AsyncHttpClient-1-11] DEBUG org.asynchttpclient.netty.handler.HttpHandler - 

Request DefaultFullHttpRequest(decodeResult: success, version: HTTP/1.1, content: EmptyByteBufBE)
GET /session/47cee59ff530568a463bde953d4b9e68/url HTTP/1.1
User-Agent: selenium/4.4.0 (java windows)
Cache-Control: no-cache
Content-Type: application/json; charset=utf-8
host: localhost:63360
accept: */*

Response DefaultHttpResponse(decodeResult: success, version: HTTP/1.1)
HTTP/1.1 200 OK
Content-Type: application/json; charset=utf-8
cache-control: no-cache
content-length: 38

10:08:38.133 [AsyncHttpClient-1-11] DEBUG org.asynchttpclient.netty.channel.ChannelManager - Adding key: http://localhost:63360 for channel [id: 0x700e8406, L:/127.0.0.1:61497 - R:localhost/127.0.0.1:63360]
10:08:38.134 [Test worker] DEBUG net.thucydides.core.steps.StepInterceptor - STARTING STEP: LoginSteps.elSeAutenticaComoUnUsuario - performAs
10:08:38.156 [Forwarding getCurrentWindowHandle on session 47cee59ff530568a463bde953d4b9e68 to remote] DEBUG org.asynchttpclient.netty.request.NettyRequestSender - Using pooled Channel '[id: 0x700e8406, L:/127.0.0.1:61497 - R:localhost/127.0.0.1:63360]' for 'GET' to 'http://localhost:63360/session/47cee59ff530568a463bde953d4b9e68/window'
10:08:38.156 [Forwarding getCurrentWindowHandle on session 47cee59ff530568a463bde953d4b9e68 to remote] DEBUG org.asynchttpclient.netty.request.NettyRequestSender - Using open Channel [id: 0x700e8406, L:/127.0.0.1:61497 - R:localhost/127.0.0.1:63360] for GET '/session/47cee59ff530568a463bde953d4b9e68/window'
10:08:38.156 [AsyncHttpClient-1-11] DEBUG org.asynchttpclient.netty.handler.HttpHandler - 

Request DefaultFullHttpRequest(decodeResult: success, version: HTTP/1.1, content: EmptyByteBufBE)
GET /session/47cee59ff530568a463bde953d4b9e68/window HTTP/1.1
User-Agent: selenium/4.4.0 (java windows)
Cache-Control: no-cache
Content-Type: application/json; charset=utf-8
host: localhost:63360
accept: */*

Response DefaultHttpResponse(decodeResult: success, version: HTTP/1.1)
HTTP/1.1 200 OK
Content-Type: application/json; charset=utf-8
cache-control: no-cache
content-length: 53

10:08:38.157 [AsyncHttpClient-1-11] DEBUG org.asynchttpclient.netty.channel.ChannelManager - Adding key: http://localhost:63360 for channel [id: 0x700e8406, L:/127.0.0.1:61497 - R:localhost/127.0.0.1:63360]
10:08:38.162 [Forwarding getAlertText on session 47cee59ff530568a463bde953d4b9e68 to remote] DEBUG org.asynchttpclient.netty.request.NettyRequestSender - Using pooled Channel '[id: 0x700e8406, L:/127.0.0.1:61497 - R:localhost/127.0.0.1:63360]' for 'GET' to 'http://localhost:63360/session/47cee59ff530568a463bde953d4b9e68/alert/text'
10:08:38.162 [Forwarding getAlertText on session 47cee59ff530568a463bde953d4b9e68 to remote] DEBUG org.asynchttpclient.netty.request.NettyRequestSender - Using open Channel [id: 0x700e8406, L:/127.0.0.1:61497 - R:localhost/127.0.0.1:63360] for GET '/session/47cee59ff530568a463bde953d4b9e68/alert/text'
10:08:38.163 [AsyncHttpClient-1-11] DEBUG org.asynchttpclient.netty.handler.HttpHandler - 

Request DefaultFullHttpRequest(decodeResult: success, version: HTTP/1.1, content: EmptyByteBufBE)
GET /session/47cee59ff530568a463bde953d4b9e68/alert/text HTTP/1.1
User-Agent: selenium/4.4.0 (java windows)
Cache-Control: no-cache
Content-Type: application/json; charset=utf-8
host: localhost:63360
accept: */*

Response DefaultHttpResponse(decodeResult: success, version: HTTP/1.1)
HTTP/1.1 404 Not Found
Content-Type: application/json; charset=utf-8
cache-control: no-cache
content-length: 879

10:08:38.164 [AsyncHttpClient-1-11] DEBUG org.asynchttpclient.netty.channel.ChannelManager - Adding key: http://localhost:63360 for channel [id: 0x700e8406, L:/127.0.0.1:61497 - R:localhost/127.0.0.1:63360]
10:08:38.170 [Forwarding switchToWindow on session 47cee59ff530568a463bde953d4b9e68 to remote] DEBUG org.asynchttpclient.netty.request.NettyRequestSender - Using pooled Channel '[id: 0x700e8406, L:/127.0.0.1:61497 - R:localhost/127.0.0.1:63360]' for 'POST' to 'http://localhost:63360/session/47cee59ff530568a463bde953d4b9e68/window'
10:08:38.170 [Forwarding switchToWindow on session 47cee59ff530568a463bde953d4b9e68 to remote] DEBUG org.asynchttpclient.netty.request.NettyRequestSender - Using open Channel [id: 0x700e8406, L:/127.0.0.1:61497 - R:localhost/127.0.0.1:63360] for POST '/session/47cee59ff530568a463bde953d4b9e68/window'
10:08:38.173 [AsyncHttpClient-1-11] DEBUG org.asynchttpclient.netty.handler.HttpHandler - 

Request DefaultHttpRequest(decodeResult: success, version: HTTP/1.1)
POST /session/47cee59ff530568a463bde953d4b9e68/window HTTP/1.1
User-Agent: selenium/4.4.0 (java windows)
Content-Length: 59
Content-Type: application/json; charset=utf-8
host: localhost:63360
accept: */*

Response DefaultHttpResponse(decodeResult: success, version: HTTP/1.1)
HTTP/1.1 200 OK
Content-Type: application/json; charset=utf-8
cache-control: no-cache
content-length: 14

10:08:38.173 [AsyncHttpClient-1-11] DEBUG org.asynchttpclient.netty.channel.ChannelManager - Adding key: http://localhost:63360 for channel [id: 0x700e8406, L:/127.0.0.1:61497 - R:localhost/127.0.0.1:63360]
10:08:38.174 [Forwarding getCurrentUrl on session 47cee59ff530568a463bde953d4b9e68 to remote] DEBUG org.asynchttpclient.netty.request.NettyRequestSender - Using pooled Channel '[id: 0x700e8406, L:/127.0.0.1:61497 - R:localhost/127.0.0.1:63360]' for 'GET' to 'http://localhost:63360/session/47cee59ff530568a463bde953d4b9e68/url'
10:08:38.175 [Forwarding getCurrentUrl on session 47cee59ff530568a463bde953d4b9e68 to remote] DEBUG org.asynchttpclient.netty.request.NettyRequestSender - Using open Channel [id: 0x700e8406, L:/127.0.0.1:61497 - R:localhost/127.0.0.1:63360] for GET '/session/47cee59ff530568a463bde953d4b9e68/url'
10:08:38.178 [AsyncHttpClient-1-11] DEBUG org.asynchttpclient.netty.handler.HttpHandler - 

Request DefaultFullHttpRequest(decodeResult: success, version: HTTP/1.1, content: EmptyByteBufBE)
GET /session/47cee59ff530568a463bde953d4b9e68/url HTTP/1.1
User-Agent: selenium/4.4.0 (java windows)
Cache-Control: no-cache
Content-Type: application/json; charset=utf-8
host: localhost:63360
accept: */*

Response DefaultHttpResponse(decodeResult: success, version: HTTP/1.1)
HTTP/1.1 200 OK
Content-Type: application/json; charset=utf-8
cache-control: no-cache
content-length: 38

10:08:38.178 [AsyncHttpClient-1-11] DEBUG org.asynchttpclient.netty.channel.ChannelManager - Adding key: http://localhost:63360 for channel [id: 0x700e8406, L:/127.0.0.1:61497 - R:localhost/127.0.0.1:63360]
10:08:38.179 [Forwarding screenshot on session 47cee59ff530568a463bde953d4b9e68 to remote] DEBUG org.asynchttpclient.netty.request.NettyRequestSender - Using pooled Channel '[id: 0x700e8406, L:/127.0.0.1:61497 - R:localhost/127.0.0.1:63360]' for 'GET' to 'http://localhost:63360/session/47cee59ff530568a463bde953d4b9e68/screenshot'
10:08:38.179 [Forwarding screenshot on session 47cee59ff530568a463bde953d4b9e68 to remote] DEBUG org.asynchttpclient.netty.request.NettyRequestSender - Using open Channel [id: 0x700e8406, L:/127.0.0.1:61497 - R:localhost/127.0.0.1:63360] for GET '/session/47cee59ff530568a463bde953d4b9e68/screenshot'
10:08:38.242 [AsyncHttpClient-1-11] DEBUG org.asynchttpclient.netty.handler.HttpHandler - 

Request DefaultFullHttpRequest(decodeResult: success, version: HTTP/1.1, content: EmptyByteBufBE)
GET /session/47cee59ff530568a463bde953d4b9e68/screenshot HTTP/1.1
User-Agent: selenium/4.4.0 (java windows)
Cache-Control: no-cache
Content-Type: application/json; charset=utf-8
host: localhost:63360
accept: */*

Response DefaultHttpResponse(decodeResult: success, version: HTTP/1.1)
HTTP/1.1 200 OK
Content-Type: application/json; charset=utf-8
cache-control: no-cache
content-length: 59108

10:08:38.243 [AsyncHttpClient-1-11] DEBUG org.asynchttpclient.netty.channel.ChannelManager - Adding key: http://localhost:63360 for channel [id: 0x700e8406, L:/127.0.0.1:61497 - R:localhost/127.0.0.1:63360]
10:08:38.245 [Test worker] DEBUG net.serenitybdd.core.photography.Darkroom - Send negative for processing for C:\Users\juan.gomezv\IdeaProjects\sura\target\site\serenity\60e3c498caf7a8fcf635471a5092c247627e1395d91e12246eaf1a3e7a34e095.png
10:08:38.250 [Forwarding getPageSource on session 47cee59ff530568a463bde953d4b9e68 to remote] DEBUG org.asynchttpclient.netty.request.NettyRequestSender - Using pooled Channel '[id: 0x700e8406, L:/127.0.0.1:61497 - R:localhost/127.0.0.1:63360]' for 'POST' to 'http://localhost:63360/session/47cee59ff530568a463bde953d4b9e68/execute/sync'
10:08:38.251 [Forwarding getPageSource on session 47cee59ff530568a463bde953d4b9e68 to remote] DEBUG org.asynchttpclient.netty.request.NettyRequestSender - Using open Channel [id: 0x700e8406, L:/127.0.0.1:61497 - R:localhost/127.0.0.1:63360] for POST '/session/47cee59ff530568a463bde953d4b9e68/execute/sync'
10:08:38.255 [AsyncHttpClient-1-11] DEBUG org.asynchttpclient.netty.handler.HttpHandler - 

Request DefaultHttpRequest(decodeResult: success, version: HTTP/1.1)
POST /session/47cee59ff530568a463bde953d4b9e68/execute/sync HTTP/1.1
User-Agent: selenium/4.4.0 (java windows)
Content-Length: 176
Content-Type: application/json; charset=utf-8
host: localhost:63360
accept: */*

Response DefaultHttpResponse(decodeResult: success, version: HTTP/1.1)
HTTP/1.1 200 OK
Content-Type: application/json; charset=utf-8
cache-control: no-cache
content-length: 4160

10:08:38.255 [AsyncHttpClient-1-11] DEBUG org.asynchttpclient.netty.channel.ChannelManager - Adding key: http://localhost:63360 for channel [id: 0x700e8406, L:/127.0.0.1:61497 - R:localhost/127.0.0.1:63360]
10:08:38.257 [Forwarding getCurrentUrl on session 47cee59ff530568a463bde953d4b9e68 to remote] DEBUG org.asynchttpclient.netty.request.NettyRequestSender - Using pooled Channel '[id: 0x700e8406, L:/127.0.0.1:61497 - R:localhost/127.0.0.1:63360]' for 'GET' to 'http://localhost:63360/session/47cee59ff530568a463bde953d4b9e68/url'
10:08:38.257 [Forwarding getCurrentUrl on session 47cee59ff530568a463bde953d4b9e68 to remote] DEBUG org.asynchttpclient.netty.request.NettyRequestSender - Using open Channel [id: 0x700e8406, L:/127.0.0.1:61497 - R:localhost/127.0.0.1:63360] for GET '/session/47cee59ff530568a463bde953d4b9e68/url'
10:08:38.259 [AsyncHttpClient-1-11] DEBUG org.asynchttpclient.netty.handler.HttpHandler - 

Request DefaultFullHttpRequest(decodeResult: success, version: HTTP/1.1, content: EmptyByteBufBE)
GET /session/47cee59ff530568a463bde953d4b9e68/url HTTP/1.1
User-Agent: selenium/4.4.0 (java windows)
Cache-Control: no-cache
Content-Type: application/json; charset=utf-8
host: localhost:63360
accept: */*

Response DefaultHttpResponse(decodeResult: success, version: HTTP/1.1)
HTTP/1.1 200 OK
Content-Type: application/json; charset=utf-8
cache-control: no-cache
content-length: 38

10:08:38.259 [AsyncHttpClient-1-11] DEBUG org.asynchttpclient.netty.channel.ChannelManager - Adding key: http://localhost:63360 for channel [id: 0x700e8406, L:/127.0.0.1:61497 - R:localhost/127.0.0.1:63360]
10:08:38.261 [Test worker] DEBUG net.thucydides.core.steps.StepInterceptor - STARTING STEP: LogIn.performAs - {0} enters #theTextAsAString into #target
10:08:38.264 [Test worker] DEBUG net.serenitybdd.screenplay.targets.IFrameSwitcher - default content already selected for UsernameTextBox
10:08:38.275 [Forwarding findElement on session 47cee59ff530568a463bde953d4b9e68 to remote] DEBUG org.asynchttpclient.netty.request.NettyRequestSender - Using pooled Channel '[id: 0x700e8406, L:/127.0.0.1:61497 - R:localhost/127.0.0.1:63360]' for 'POST' to 'http://localhost:63360/session/47cee59ff530568a463bde953d4b9e68/element'
10:08:38.275 [Forwarding findElement on session 47cee59ff530568a463bde953d4b9e68 to remote] DEBUG org.asynchttpclient.netty.request.NettyRequestSender - Using open Channel [id: 0x700e8406, L:/127.0.0.1:61497 - R:localhost/127.0.0.1:63360] for POST '/session/47cee59ff530568a463bde953d4b9e68/element'
10:08:38.282 [AsyncHttpClient-1-11] DEBUG org.asynchttpclient.netty.handler.HttpHandler - 

Request DefaultHttpRequest(decodeResult: success, version: HTTP/1.1)
POST /session/47cee59ff530568a463bde953d4b9e68/element HTTP/1.1
User-Agent: selenium/4.4.0 (java windows)
Content-Length: 67
Content-Type: application/json; charset=utf-8
host: localhost:63360
accept: */*

Response DefaultHttpResponse(decodeResult: success, version: HTTP/1.1)
HTTP/1.1 200 OK
Content-Type: application/json; charset=utf-8
cache-control: no-cache
content-length: 88

10:08:38.282 [AsyncHttpClient-1-11] DEBUG org.asynchttpclient.netty.channel.ChannelManager - Adding key: http://localhost:63360 for channel [id: 0x700e8406, L:/127.0.0.1:61497 - R:localhost/127.0.0.1:63360]
10:08:38.283 [Forwarding clearElement on session 47cee59ff530568a463bde953d4b9e68 to remote] DEBUG org.asynchttpclient.netty.request.NettyRequestSender - Using pooled Channel '[id: 0x700e8406, L:/127.0.0.1:61497 - R:localhost/127.0.0.1:63360]' for 'POST' to 'http://localhost:63360/session/47cee59ff530568a463bde953d4b9e68/element/5fe32024-e225-4def-a824-d98e41f5405d/clear'
10:08:38.283 [Forwarding clearElement on session 47cee59ff530568a463bde953d4b9e68 to remote] DEBUG org.asynchttpclient.netty.request.NettyRequestSender - Using open Channel [id: 0x700e8406, L:/127.0.0.1:61497 - R:localhost/127.0.0.1:63360] for POST '/session/47cee59ff530568a463bde953d4b9e68/element/5fe32024-e225-4def-a824-d98e41f5405d/clear'
10:08:38.304 [AsyncHttpClient-1-11] DEBUG org.asynchttpclient.netty.handler.HttpHandler - 

Request DefaultHttpRequest(decodeResult: success, version: HTTP/1.1)
POST /session/47cee59ff530568a463bde953d4b9e68/element/5fe32024-e225-4def-a824-d98e41f5405d/clear HTTP/1.1
User-Agent: selenium/4.4.0 (java windows)
Content-Length: 50
Content-Type: application/json; charset=utf-8
host: localhost:63360
accept: */*

Response DefaultHttpResponse(decodeResult: success, version: HTTP/1.1)
HTTP/1.1 200 OK
Content-Type: application/json; charset=utf-8
cache-control: no-cache
content-length: 14

10:08:38.304 [AsyncHttpClient-1-11] DEBUG org.asynchttpclient.netty.channel.ChannelManager - Adding key: http://localhost:63360 for channel [id: 0x700e8406, L:/127.0.0.1:61497 - R:localhost/127.0.0.1:63360]
10:08:38.308 [Forwarding sendKeysToElement on session 47cee59ff530568a463bde953d4b9e68 to remote] DEBUG org.asynchttpclient.netty.request.NettyRequestSender - Using pooled Channel '[id: 0x700e8406, L:/127.0.0.1:61497 - R:localhost/127.0.0.1:63360]' for 'POST' to 'http://localhost:63360/session/47cee59ff530568a463bde953d4b9e68/element/5fe32024-e225-4def-a824-d98e41f5405d/value'
10:08:38.308 [Forwarding sendKeysToElement on session 47cee59ff530568a463bde953d4b9e68 to remote] DEBUG org.asynchttpclient.netty.request.NettyRequestSender - Using open Channel [id: 0x700e8406, L:/127.0.0.1:61497 - R:localhost/127.0.0.1:63360] for POST '/session/47cee59ff530568a463bde953d4b9e68/element/5fe32024-e225-4def-a824-d98e41f5405d/value'
10:08:38.353 [AsyncHttpClient-1-11] DEBUG org.asynchttpclient.netty.handler.HttpHandler - 

Request DefaultHttpRequest(decodeResult: success, version: HTTP/1.1)
POST /session/47cee59ff530568a463bde953d4b9e68/element/5fe32024-e225-4def-a824-d98e41f5405d/value HTTP/1.1
User-Agent: selenium/4.4.0 (java windows)
Content-Length: 231
Content-Type: application/json; charset=utf-8
host: localhost:63360
accept: */*

Response DefaultHttpResponse(decodeResult: success, version: HTTP/1.1)
HTTP/1.1 200 OK
Content-Type: application/json; charset=utf-8
cache-control: no-cache
content-length: 14

10:08:38.353 [AsyncHttpClient-1-11] DEBUG org.asynchttpclient.netty.channel.ChannelManager - Adding key: http://localhost:63360 for channel [id: 0x700e8406, L:/127.0.0.1:61497 - R:localhost/127.0.0.1:63360]
10:08:38.366 [Forwarding getCurrentWindowHandle on session 47cee59ff530568a463bde953d4b9e68 to remote] DEBUG org.asynchttpclient.netty.request.NettyRequestSender - Using pooled Channel '[id: 0x700e8406, L:/127.0.0.1:61497 - R:localhost/127.0.0.1:63360]' for 'GET' to 'http://localhost:63360/session/47cee59ff530568a463bde953d4b9e68/window'
10:08:38.366 [Forwarding getCurrentWindowHandle on session 47cee59ff530568a463bde953d4b9e68 to remote] DEBUG org.asynchttpclient.netty.request.NettyRequestSender - Using open Channel [id: 0x700e8406, L:/127.0.0.1:61497 - R:localhost/127.0.0.1:63360] for GET '/session/47cee59ff530568a463bde953d4b9e68/window'
10:08:38.366 [AsyncHttpClient-1-11] DEBUG org.asynchttpclient.netty.handler.HttpHandler - 

Request DefaultFullHttpRequest(decodeResult: success, version: HTTP/1.1, content: EmptyByteBufBE)
GET /session/47cee59ff530568a463bde953d4b9e68/window HTTP/1.1
User-Agent: selenium/4.4.0 (java windows)
Cache-Control: no-cache
Content-Type: application/json; charset=utf-8
host: localhost:63360
accept: */*

Response DefaultHttpResponse(decodeResult: success, version: HTTP/1.1)
HTTP/1.1 200 OK
Content-Type: application/json; charset=utf-8
cache-control: no-cache
content-length: 53

10:08:38.366 [AsyncHttpClient-1-11] DEBUG org.asynchttpclient.netty.channel.ChannelManager - Adding key: http://localhost:63360 for channel [id: 0x700e8406, L:/127.0.0.1:61497 - R:localhost/127.0.0.1:63360]
10:08:38.369 [Forwarding getAlertText on session 47cee59ff530568a463bde953d4b9e68 to remote] DEBUG org.asynchttpclient.netty.request.NettyRequestSender - Using pooled Channel '[id: 0x700e8406, L:/127.0.0.1:61497 - R:localhost/127.0.0.1:63360]' for 'GET' to 'http://localhost:63360/session/47cee59ff530568a463bde953d4b9e68/alert/text'
10:08:38.369 [Forwarding getAlertText on session 47cee59ff530568a463bde953d4b9e68 to remote] DEBUG org.asynchttpclient.netty.request.NettyRequestSender - Using open Channel [id: 0x700e8406, L:/127.0.0.1:61497 - R:localhost/127.0.0.1:63360] for GET '/session/47cee59ff530568a463bde953d4b9e68/alert/text'
10:08:38.371 [AsyncHttpClient-1-11] DEBUG org.asynchttpclient.netty.handler.HttpHandler - 

Request DefaultFullHttpRequest(decodeResult: success, version: HTTP/1.1, content: EmptyByteBufBE)
GET /session/47cee59ff530568a463bde953d4b9e68/alert/text HTTP/1.1
User-Agent: selenium/4.4.0 (java windows)
Cache-Control: no-cache
Content-Type: application/json; charset=utf-8
host: localhost:63360
accept: */*

Response DefaultHttpResponse(decodeResult: success, version: HTTP/1.1)
HTTP/1.1 404 Not Found
Content-Type: application/json; charset=utf-8
cache-control: no-cache
content-length: 879

10:08:38.371 [AsyncHttpClient-1-11] DEBUG org.asynchttpclient.netty.channel.ChannelManager - Adding key: http://localhost:63360 for channel [id: 0x700e8406, L:/127.0.0.1:61497 - R:localhost/127.0.0.1:63360]
10:08:38.375 [Forwarding switchToWindow on session 47cee59ff530568a463bde953d4b9e68 to remote] DEBUG org.asynchttpclient.netty.request.NettyRequestSender - Using pooled Channel '[id: 0x700e8406, L:/127.0.0.1:61497 - R:localhost/127.0.0.1:63360]' for 'POST' to 'http://localhost:63360/session/47cee59ff530568a463bde953d4b9e68/window'
10:08:38.375 [Forwarding switchToWindow on session 47cee59ff530568a463bde953d4b9e68 to remote] DEBUG org.asynchttpclient.netty.request.NettyRequestSender - Using open Channel [id: 0x700e8406, L:/127.0.0.1:61497 - R:localhost/127.0.0.1:63360] for POST '/session/47cee59ff530568a463bde953d4b9e68/window'
10:08:38.376 [AsyncHttpClient-1-11] DEBUG org.asynchttpclient.netty.handler.HttpHandler - 

Request DefaultHttpRequest(decodeResult: success, version: HTTP/1.1)
POST /session/47cee59ff530568a463bde953d4b9e68/window HTTP/1.1
User-Agent: selenium/4.4.0 (java windows)
Content-Length: 59
Content-Type: application/json; charset=utf-8
host: localhost:63360
accept: */*

Response DefaultHttpResponse(decodeResult: success, version: HTTP/1.1)
HTTP/1.1 200 OK
Content-Type: application/json; charset=utf-8
cache-control: no-cache
content-length: 14

10:08:38.377 [AsyncHttpClient-1-11] DEBUG org.asynchttpclient.netty.channel.ChannelManager - Adding key: http://localhost:63360 for channel [id: 0x700e8406, L:/127.0.0.1:61497 - R:localhost/127.0.0.1:63360]
10:08:38.377 [Forwarding getCurrentUrl on session 47cee59ff530568a463bde953d4b9e68 to remote] DEBUG org.asynchttpclient.netty.request.NettyRequestSender - Using pooled Channel '[id: 0x700e8406, L:/127.0.0.1:61497 - R:localhost/127.0.0.1:63360]' for 'GET' to 'http://localhost:63360/session/47cee59ff530568a463bde953d4b9e68/url'
10:08:38.377 [Forwarding getCurrentUrl on session 47cee59ff530568a463bde953d4b9e68 to remote] DEBUG org.asynchttpclient.netty.request.NettyRequestSender - Using open Channel [id: 0x700e8406, L:/127.0.0.1:61497 - R:localhost/127.0.0.1:63360] for GET '/session/47cee59ff530568a463bde953d4b9e68/url'
10:08:38.379 [AsyncHttpClient-1-11] DEBUG org.asynchttpclient.netty.handler.HttpHandler - 

Request DefaultFullHttpRequest(decodeResult: success, version: HTTP/1.1, content: EmptyByteBufBE)
GET /session/47cee59ff530568a463bde953d4b9e68/url HTTP/1.1
User-Agent: selenium/4.4.0 (java windows)
Cache-Control: no-cache
Content-Type: application/json; charset=utf-8
host: localhost:63360
accept: */*

Response DefaultHttpResponse(decodeResult: success, version: HTTP/1.1)
HTTP/1.1 200 OK
Content-Type: application/json; charset=utf-8
cache-control: no-cache
content-length: 38

10:08:38.380 [AsyncHttpClient-1-11] DEBUG org.asynchttpclient.netty.channel.ChannelManager - Adding key: http://localhost:63360 for channel [id: 0x700e8406, L:/127.0.0.1:61497 - R:localhost/127.0.0.1:63360]
10:08:38.380 [Forwarding screenshot on session 47cee59ff530568a463bde953d4b9e68 to remote] DEBUG org.asynchttpclient.netty.request.NettyRequestSender - Using pooled Channel '[id: 0x700e8406, L:/127.0.0.1:61497 - R:localhost/127.0.0.1:63360]' for 'GET' to 'http://localhost:63360/session/47cee59ff530568a463bde953d4b9e68/screenshot'
10:08:38.380 [Forwarding screenshot on session 47cee59ff530568a463bde953d4b9e68 to remote] DEBUG org.asynchttpclient.netty.request.NettyRequestSender - Using open Channel [id: 0x700e8406, L:/127.0.0.1:61497 - R:localhost/127.0.0.1:63360] for GET '/session/47cee59ff530568a463bde953d4b9e68/screenshot'
10:08:38.404 [AsyncHttpClient-1-1] DEBUG org.asynchttpclient.netty.channel.DefaultChannelPool - Entry count for : http://localhost:61498 : 1
10:08:38.458 [AsyncHttpClient-1-11] DEBUG org.asynchttpclient.netty.handler.HttpHandler - 

Request DefaultFullHttpRequest(decodeResult: success, version: HTTP/1.1, content: EmptyByteBufBE)
GET /session/47cee59ff530568a463bde953d4b9e68/screenshot HTTP/1.1
User-Agent: selenium/4.4.0 (java windows)
Cache-Control: no-cache
Content-Type: application/json; charset=utf-8
host: localhost:63360
accept: */*

Response DefaultHttpResponse(decodeResult: success, version: HTTP/1.1)
HTTP/1.1 200 OK
Content-Type: application/json; charset=utf-8
cache-control: no-cache
content-length: 60540

10:08:38.459 [AsyncHttpClient-1-11] DEBUG org.asynchttpclient.netty.channel.ChannelManager - Adding key: http://localhost:63360 for channel [id: 0x700e8406, L:/127.0.0.1:61497 - R:localhost/127.0.0.1:63360]
10:08:38.461 [Test worker] DEBUG net.serenitybdd.core.photography.Darkroom - Send negative for processing for C:\Users\juan.gomezv\IdeaProjects\sura\target\site\serenity\e2ebf64b6dd9f535ffc7d35683a617db818fad7f9cd4f04e95f1cd04eaaa0d05.png
10:08:38.461 [Test worker] DEBUG net.thucydides.core.steps.StepInterceptor - STEP DONE: {0} enters #theTextAsAString into #target
10:08:38.472 [Forwarding getPageSource on session 47cee59ff530568a463bde953d4b9e68 to remote] DEBUG org.asynchttpclient.netty.request.NettyRequestSender - Using pooled Channel '[id: 0x700e8406, L:/127.0.0.1:61497 - R:localhost/127.0.0.1:63360]' for 'POST' to 'http://localhost:63360/session/47cee59ff530568a463bde953d4b9e68/execute/sync'
10:08:38.472 [Forwarding getPageSource on session 47cee59ff530568a463bde953d4b9e68 to remote] DEBUG org.asynchttpclient.netty.request.NettyRequestSender - Using open Channel [id: 0x700e8406, L:/127.0.0.1:61497 - R:localhost/127.0.0.1:63360] for POST '/session/47cee59ff530568a463bde953d4b9e68/execute/sync'
10:08:38.476 [AsyncHttpClient-1-11] DEBUG org.asynchttpclient.netty.handler.HttpHandler - 

Request DefaultHttpRequest(decodeResult: success, version: HTTP/1.1)
POST /session/47cee59ff530568a463bde953d4b9e68/execute/sync HTTP/1.1
User-Agent: selenium/4.4.0 (java windows)
Content-Length: 176
Content-Type: application/json; charset=utf-8
host: localhost:63360
accept: */*

Response DefaultHttpResponse(decodeResult: success, version: HTTP/1.1)
HTTP/1.1 200 OK
Content-Type: application/json; charset=utf-8
cache-control: no-cache
content-length: 4175

10:08:38.477 [AsyncHttpClient-1-11] DEBUG org.asynchttpclient.netty.channel.ChannelManager - Adding key: http://localhost:63360 for channel [id: 0x700e8406, L:/127.0.0.1:61497 - R:localhost/127.0.0.1:63360]
10:08:38.478 [Forwarding getCurrentUrl on session 47cee59ff530568a463bde953d4b9e68 to remote] DEBUG org.asynchttpclient.netty.request.NettyRequestSender - Using pooled Channel '[id: 0x700e8406, L:/127.0.0.1:61497 - R:localhost/127.0.0.1:63360]' for 'GET' to 'http://localhost:63360/session/47cee59ff530568a463bde953d4b9e68/url'
10:08:38.479 [Forwarding getCurrentUrl on session 47cee59ff530568a463bde953d4b9e68 to remote] DEBUG org.asynchttpclient.netty.request.NettyRequestSender - Using open Channel [id: 0x700e8406, L:/127.0.0.1:61497 - R:localhost/127.0.0.1:63360] for GET '/session/47cee59ff530568a463bde953d4b9e68/url'
10:08:38.482 [AsyncHttpClient-1-11] DEBUG org.asynchttpclient.netty.handler.HttpHandler - 

Request DefaultFullHttpRequest(decodeResult: success, version: HTTP/1.1, content: EmptyByteBufBE)
GET /session/47cee59ff530568a463bde953d4b9e68/url HTTP/1.1
User-Agent: selenium/4.4.0 (java windows)
Cache-Control: no-cache
Content-Type: application/json; charset=utf-8
host: localhost:63360
accept: */*

Response DefaultHttpResponse(decodeResult: success, version: HTTP/1.1)
HTTP/1.1 200 OK
Content-Type: application/json; charset=utf-8
cache-control: no-cache
content-length: 38

10:08:38.483 [AsyncHttpClient-1-11] DEBUG org.asynchttpclient.netty.channel.ChannelManager - Adding key: http://localhost:63360 for channel [id: 0x700e8406, L:/127.0.0.1:61497 - R:localhost/127.0.0.1:63360]
10:08:38.485 [Test worker] DEBUG net.thucydides.core.steps.StepInterceptor - STARTING STEP: LogIn.performAs - {0} enters #theTextAsAString into #target
10:08:38.489 [Test worker] DEBUG net.serenitybdd.screenplay.targets.IFrameSwitcher - default content already selected for PasswordTextBox
10:08:38.502 [Forwarding findElement on session 47cee59ff530568a463bde953d4b9e68 to remote] DEBUG org.asynchttpclient.netty.request.NettyRequestSender - Using pooled Channel '[id: 0x700e8406, L:/127.0.0.1:61497 - R:localhost/127.0.0.1:63360]' for 'POST' to 'http://localhost:63360/session/47cee59ff530568a463bde953d4b9e68/element'
10:08:38.502 [Forwarding findElement on session 47cee59ff530568a463bde953d4b9e68 to remote] DEBUG org.asynchttpclient.netty.request.NettyRequestSender - Using open Channel [id: 0x700e8406, L:/127.0.0.1:61497 - R:localhost/127.0.0.1:63360] for POST '/session/47cee59ff530568a463bde953d4b9e68/element'
10:08:38.514 [AsyncHttpClient-1-11] DEBUG org.asynchttpclient.netty.handler.HttpHandler - 

Request DefaultHttpRequest(decodeResult: success, version: HTTP/1.1)
POST /session/47cee59ff530568a463bde953d4b9e68/element HTTP/1.1
User-Agent: selenium/4.4.0 (java windows)
Content-Length: 66
Content-Type: application/json; charset=utf-8
host: localhost:63360
accept: */*

Response DefaultHttpResponse(decodeResult: success, version: HTTP/1.1)
HTTP/1.1 200 OK
Content-Type: application/json; charset=utf-8
cache-control: no-cache
content-length: 88

10:08:38.515 [AsyncHttpClient-1-11] DEBUG org.asynchttpclient.netty.channel.ChannelManager - Adding key: http://localhost:63360 for channel [id: 0x700e8406, L:/127.0.0.1:61497 - R:localhost/127.0.0.1:63360]
10:08:38.516 [Forwarding clearElement on session 47cee59ff530568a463bde953d4b9e68 to remote] DEBUG org.asynchttpclient.netty.request.NettyRequestSender - Using pooled Channel '[id: 0x700e8406, L:/127.0.0.1:61497 - R:localhost/127.0.0.1:63360]' for 'POST' to 'http://localhost:63360/session/47cee59ff530568a463bde953d4b9e68/element/4d39a971-45fc-4e49-92a5-cfdfe9213d59/clear'
10:08:38.516 [Forwarding clearElement on session 47cee59ff530568a463bde953d4b9e68 to remote] DEBUG org.asynchttpclient.netty.request.NettyRequestSender - Using open Channel [id: 0x700e8406, L:/127.0.0.1:61497 - R:localhost/127.0.0.1:63360] for POST '/session/47cee59ff530568a463bde953d4b9e68/element/4d39a971-45fc-4e49-92a5-cfdfe9213d59/clear'
10:08:38.542 [AsyncHttpClient-1-11] DEBUG org.asynchttpclient.netty.handler.HttpHandler - 

Request DefaultHttpRequest(decodeResult: success, version: HTTP/1.1)
POST /session/47cee59ff530568a463bde953d4b9e68/element/4d39a971-45fc-4e49-92a5-cfdfe9213d59/clear HTTP/1.1
User-Agent: selenium/4.4.0 (java windows)
Content-Length: 50
Content-Type: application/json; charset=utf-8
host: localhost:63360
accept: */*

Response DefaultHttpResponse(decodeResult: success, version: HTTP/1.1)
HTTP/1.1 200 OK
Content-Type: application/json; charset=utf-8
cache-control: no-cache
content-length: 14

10:08:38.542 [AsyncHttpClient-1-11] DEBUG org.asynchttpclient.netty.channel.ChannelManager - Adding key: http://localhost:63360 for channel [id: 0x700e8406, L:/127.0.0.1:61497 - R:localhost/127.0.0.1:63360]
10:08:38.547 [Forwarding sendKeysToElement on session 47cee59ff530568a463bde953d4b9e68 to remote] DEBUG org.asynchttpclient.netty.request.NettyRequestSender - Using pooled Channel '[id: 0x700e8406, L:/127.0.0.1:61497 - R:localhost/127.0.0.1:63360]' for 'POST' to 'http://localhost:63360/session/47cee59ff530568a463bde953d4b9e68/element/4d39a971-45fc-4e49-92a5-cfdfe9213d59/value'
10:08:38.547 [Forwarding sendKeysToElement on session 47cee59ff530568a463bde953d4b9e68 to remote] DEBUG org.asynchttpclient.netty.request.NettyRequestSender - Using open Channel [id: 0x700e8406, L:/127.0.0.1:61497 - R:localhost/127.0.0.1:63360] for POST '/session/47cee59ff530568a463bde953d4b9e68/element/4d39a971-45fc-4e49-92a5-cfdfe9213d59/value'
10:08:38.586 [AsyncHttpClient-1-11] DEBUG org.asynchttpclient.netty.handler.HttpHandler - 

Request DefaultHttpRequest(decodeResult: success, version: HTTP/1.1)
POST /session/47cee59ff530568a463bde953d4b9e68/element/4d39a971-45fc-4e49-92a5-cfdfe9213d59/value HTTP/1.1
User-Agent: selenium/4.4.0 (java windows)
Content-Length: 201
Content-Type: application/json; charset=utf-8
host: localhost:63360
accept: */*

Response DefaultHttpResponse(decodeResult: success, version: HTTP/1.1)
HTTP/1.1 200 OK
Content-Type: application/json; charset=utf-8
cache-control: no-cache
content-length: 14

10:08:38.586 [AsyncHttpClient-1-11] DEBUG org.asynchttpclient.netty.channel.ChannelManager - Adding key: http://localhost:63360 for channel [id: 0x700e8406, L:/127.0.0.1:61497 - R:localhost/127.0.0.1:63360]
10:08:38.603 [Forwarding getCurrentWindowHandle on session 47cee59ff530568a463bde953d4b9e68 to remote] DEBUG org.asynchttpclient.netty.request.NettyRequestSender - Using pooled Channel '[id: 0x700e8406, L:/127.0.0.1:61497 - R:localhost/127.0.0.1:63360]' for 'GET' to 'http://localhost:63360/session/47cee59ff530568a463bde953d4b9e68/window'
10:08:38.603 [Forwarding getCurrentWindowHandle on session 47cee59ff530568a463bde953d4b9e68 to remote] DEBUG org.asynchttpclient.netty.request.NettyRequestSender - Using open Channel [id: 0x700e8406, L:/127.0.0.1:61497 - R:localhost/127.0.0.1:63360] for GET '/session/47cee59ff530568a463bde953d4b9e68/window'
10:08:38.604 [AsyncHttpClient-1-11] DEBUG org.asynchttpclient.netty.handler.HttpHandler - 

Request DefaultFullHttpRequest(decodeResult: success, version: HTTP/1.1, content: EmptyByteBufBE)
GET /session/47cee59ff530568a463bde953d4b9e68/window HTTP/1.1
User-Agent: selenium/4.4.0 (java windows)
Cache-Control: no-cache
Content-Type: application/json; charset=utf-8
host: localhost:63360
accept: */*

Response DefaultHttpResponse(decodeResult: success, version: HTTP/1.1)
HTTP/1.1 200 OK
Content-Type: application/json; charset=utf-8
cache-control: no-cache
content-length: 53

10:08:38.604 [AsyncHttpClient-1-11] DEBUG org.asynchttpclient.netty.channel.ChannelManager - Adding key: http://localhost:63360 for channel [id: 0x700e8406, L:/127.0.0.1:61497 - R:localhost/127.0.0.1:63360]
10:08:38.608 [Forwarding getAlertText on session 47cee59ff530568a463bde953d4b9e68 to remote] DEBUG org.asynchttpclient.netty.request.NettyRequestSender - Using pooled Channel '[id: 0x700e8406, L:/127.0.0.1:61497 - R:localhost/127.0.0.1:63360]' for 'GET' to 'http://localhost:63360/session/47cee59ff530568a463bde953d4b9e68/alert/text'
10:08:38.608 [Forwarding getAlertText on session 47cee59ff530568a463bde953d4b9e68 to remote] DEBUG org.asynchttpclient.netty.request.NettyRequestSender - Using open Channel [id: 0x700e8406, L:/127.0.0.1:61497 - R:localhost/127.0.0.1:63360] for GET '/session/47cee59ff530568a463bde953d4b9e68/alert/text'
10:08:38.610 [AsyncHttpClient-1-11] DEBUG org.asynchttpclient.netty.handler.HttpHandler - 

Request DefaultFullHttpRequest(decodeResult: success, version: HTTP/1.1, content: EmptyByteBufBE)
GET /session/47cee59ff530568a463bde953d4b9e68/alert/text HTTP/1.1
User-Agent: selenium/4.4.0 (java windows)
Cache-Control: no-cache
Content-Type: application/json; charset=utf-8
host: localhost:63360
accept: */*

Response DefaultHttpResponse(decodeResult: success, version: HTTP/1.1)
HTTP/1.1 404 Not Found
Content-Type: application/json; charset=utf-8
cache-control: no-cache
content-length: 879

10:08:38.610 [AsyncHttpClient-1-11] DEBUG org.asynchttpclient.netty.channel.ChannelManager - Adding key: http://localhost:63360 for channel [id: 0x700e8406, L:/127.0.0.1:61497 - R:localhost/127.0.0.1:63360]
10:08:38.613 [Forwarding switchToWindow on session 47cee59ff530568a463bde953d4b9e68 to remote] DEBUG org.asynchttpclient.netty.request.NettyRequestSender - Using pooled Channel '[id: 0x700e8406, L:/127.0.0.1:61497 - R:localhost/127.0.0.1:63360]' for 'POST' to 'http://localhost:63360/session/47cee59ff530568a463bde953d4b9e68/window'
10:08:38.614 [Forwarding switchToWindow on session 47cee59ff530568a463bde953d4b9e68 to remote] DEBUG org.asynchttpclient.netty.request.NettyRequestSender - Using open Channel [id: 0x700e8406, L:/127.0.0.1:61497 - R:localhost/127.0.0.1:63360] for POST '/session/47cee59ff530568a463bde953d4b9e68/window'
10:08:38.615 [AsyncHttpClient-1-11] DEBUG org.asynchttpclient.netty.handler.HttpHandler - 

Request DefaultHttpRequest(decodeResult: success, version: HTTP/1.1)
POST /session/47cee59ff530568a463bde953d4b9e68/window HTTP/1.1
User-Agent: selenium/4.4.0 (java windows)
Content-Length: 59
Content-Type: application/json; charset=utf-8
host: localhost:63360
accept: */*

Response DefaultHttpResponse(decodeResult: success, version: HTTP/1.1)
HTTP/1.1 200 OK
Content-Type: application/json; charset=utf-8
cache-control: no-cache
content-length: 14

10:08:38.615 [AsyncHttpClient-1-11] DEBUG org.asynchttpclient.netty.channel.ChannelManager - Adding key: http://localhost:63360 for channel [id: 0x700e8406, L:/127.0.0.1:61497 - R:localhost/127.0.0.1:63360]
10:08:38.616 [Forwarding getCurrentUrl on session 47cee59ff530568a463bde953d4b9e68 to remote] DEBUG org.asynchttpclient.netty.request.NettyRequestSender - Using pooled Channel '[id: 0x700e8406, L:/127.0.0.1:61497 - R:localhost/127.0.0.1:63360]' for 'GET' to 'http://localhost:63360/session/47cee59ff530568a463bde953d4b9e68/url'
10:08:38.616 [Forwarding getCurrentUrl on session 47cee59ff530568a463bde953d4b9e68 to remote] DEBUG org.asynchttpclient.netty.request.NettyRequestSender - Using open Channel [id: 0x700e8406, L:/127.0.0.1:61497 - R:localhost/127.0.0.1:63360] for GET '/session/47cee59ff530568a463bde953d4b9e68/url'
10:08:38.619 [AsyncHttpClient-1-11] DEBUG org.asynchttpclient.netty.handler.HttpHandler - 

Request DefaultFullHttpRequest(decodeResult: success, version: HTTP/1.1, content: EmptyByteBufBE)
GET /session/47cee59ff530568a463bde953d4b9e68/url HTTP/1.1
User-Agent: selenium/4.4.0 (java windows)
Cache-Control: no-cache
Content-Type: application/json; charset=utf-8
host: localhost:63360
accept: */*

Response DefaultHttpResponse(decodeResult: success, version: HTTP/1.1)
HTTP/1.1 200 OK
Content-Type: application/json; charset=utf-8
cache-control: no-cache
content-length: 38

10:08:38.619 [AsyncHttpClient-1-11] DEBUG org.asynchttpclient.netty.channel.ChannelManager - Adding key: http://localhost:63360 for channel [id: 0x700e8406, L:/127.0.0.1:61497 - R:localhost/127.0.0.1:63360]
10:08:38.620 [Forwarding screenshot on session 47cee59ff530568a463bde953d4b9e68 to remote] DEBUG org.asynchttpclient.netty.request.NettyRequestSender - Using pooled Channel '[id: 0x700e8406, L:/127.0.0.1:61497 - R:localhost/127.0.0.1:63360]' for 'GET' to 'http://localhost:63360/session/47cee59ff530568a463bde953d4b9e68/screenshot'
10:08:38.620 [Forwarding screenshot on session 47cee59ff530568a463bde953d4b9e68 to remote] DEBUG org.asynchttpclient.netty.request.NettyRequestSender - Using open Channel [id: 0x700e8406, L:/127.0.0.1:61497 - R:localhost/127.0.0.1:63360] for GET '/session/47cee59ff530568a463bde953d4b9e68/screenshot'
10:08:38.704 [AsyncHttpClient-1-11] DEBUG org.asynchttpclient.netty.handler.HttpHandler - 

Request DefaultFullHttpRequest(decodeResult: success, version: HTTP/1.1, content: EmptyByteBufBE)
GET /session/47cee59ff530568a463bde953d4b9e68/screenshot HTTP/1.1
User-Agent: selenium/4.4.0 (java windows)
Cache-Control: no-cache
Content-Type: application/json; charset=utf-8
host: localhost:63360
accept: */*

Response DefaultHttpResponse(decodeResult: success, version: HTTP/1.1)
HTTP/1.1 200 OK
Content-Type: application/json; charset=utf-8
cache-control: no-cache
content-length: 59020

10:08:38.704 [AsyncHttpClient-1-11] DEBUG org.asynchttpclient.netty.channel.ChannelManager - Adding key: http://localhost:63360 for channel [id: 0x700e8406, L:/127.0.0.1:61497 - R:localhost/127.0.0.1:63360]
10:08:38.706 [Test worker] DEBUG net.serenitybdd.core.photography.Darkroom - Send negative for processing for C:\Users\juan.gomezv\IdeaProjects\sura\target\site\serenity\6657dc90f90623d9f23dd9236027364b5b8f1c0ff81eb00d5f7525700eecb891.png
10:08:38.706 [Test worker] DEBUG net.thucydides.core.steps.StepInterceptor - STEP DONE: {0} enters #theTextAsAString into #target
10:08:38.713 [Forwarding getPageSource on session 47cee59ff530568a463bde953d4b9e68 to remote] DEBUG org.asynchttpclient.netty.request.NettyRequestSender - Using pooled Channel '[id: 0x700e8406, L:/127.0.0.1:61497 - R:localhost/127.0.0.1:63360]' for 'POST' to 'http://localhost:63360/session/47cee59ff530568a463bde953d4b9e68/execute/sync'
10:08:38.713 [Forwarding getPageSource on session 47cee59ff530568a463bde953d4b9e68 to remote] DEBUG org.asynchttpclient.netty.request.NettyRequestSender - Using open Channel [id: 0x700e8406, L:/127.0.0.1:61497 - R:localhost/127.0.0.1:63360] for POST '/session/47cee59ff530568a463bde953d4b9e68/execute/sync'
10:08:38.718 [AsyncHttpClient-1-11] DEBUG org.asynchttpclient.netty.handler.HttpHandler - 

Request DefaultHttpRequest(decodeResult: success, version: HTTP/1.1)
POST /session/47cee59ff530568a463bde953d4b9e68/execute/sync HTTP/1.1
User-Agent: selenium/4.4.0 (java windows)
Content-Length: 176
Content-Type: application/json; charset=utf-8
host: localhost:63360
accept: */*

Response DefaultHttpResponse(decodeResult: success, version: HTTP/1.1)
HTTP/1.1 200 OK
Content-Type: application/json; charset=utf-8
cache-control: no-cache
content-length: 4187

10:08:38.718 [AsyncHttpClient-1-11] DEBUG org.asynchttpclient.netty.channel.ChannelManager - Adding key: http://localhost:63360 for channel [id: 0x700e8406, L:/127.0.0.1:61497 - R:localhost/127.0.0.1:63360]
10:08:38.719 [Forwarding getCurrentUrl on session 47cee59ff530568a463bde953d4b9e68 to remote] DEBUG org.asynchttpclient.netty.request.NettyRequestSender - Using pooled Channel '[id: 0x700e8406, L:/127.0.0.1:61497 - R:localhost/127.0.0.1:63360]' for 'GET' to 'http://localhost:63360/session/47cee59ff530568a463bde953d4b9e68/url'
10:08:38.719 [Forwarding getCurrentUrl on session 47cee59ff530568a463bde953d4b9e68 to remote] DEBUG org.asynchttpclient.netty.request.NettyRequestSender - Using open Channel [id: 0x700e8406, L:/127.0.0.1:61497 - R:localhost/127.0.0.1:63360] for GET '/session/47cee59ff530568a463bde953d4b9e68/url'
10:08:38.723 [AsyncHttpClient-1-11] DEBUG org.asynchttpclient.netty.handler.HttpHandler - 

Request DefaultFullHttpRequest(decodeResult: success, version: HTTP/1.1, content: EmptyByteBufBE)
GET /session/47cee59ff530568a463bde953d4b9e68/url HTTP/1.1
User-Agent: selenium/4.4.0 (java windows)
Cache-Control: no-cache
Content-Type: application/json; charset=utf-8
host: localhost:63360
accept: */*

Response DefaultHttpResponse(decodeResult: success, version: HTTP/1.1)
HTTP/1.1 200 OK
Content-Type: application/json; charset=utf-8
cache-control: no-cache
content-length: 38

10:08:38.723 [AsyncHttpClient-1-11] DEBUG org.asynchttpclient.netty.channel.ChannelManager - Adding key: http://localhost:63360 for channel [id: 0x700e8406, L:/127.0.0.1:61497 - R:localhost/127.0.0.1:63360]
10:08:38.724 [Test worker] DEBUG net.thucydides.core.steps.StepInterceptor - STARTING STEP: LogIn.performAs - {0} clicks on #target
10:08:38.725 [Test worker] DEBUG net.serenitybdd.screenplay.targets.IFrameSwitcher - default content already selected for LogIn Button
10:08:38.740 [Forwarding findElement on session 47cee59ff530568a463bde953d4b9e68 to remote] DEBUG org.asynchttpclient.netty.request.NettyRequestSender - Using pooled Channel '[id: 0x700e8406, L:/127.0.0.1:61497 - R:localhost/127.0.0.1:63360]' for 'POST' to 'http://localhost:63360/session/47cee59ff530568a463bde953d4b9e68/element'
10:08:38.741 [Forwarding findElement on session 47cee59ff530568a463bde953d4b9e68 to remote] DEBUG org.asynchttpclient.netty.request.NettyRequestSender - Using open Channel [id: 0x700e8406, L:/127.0.0.1:61497 - R:localhost/127.0.0.1:63360] for POST '/session/47cee59ff530568a463bde953d4b9e68/element'
10:08:38.749 [AsyncHttpClient-1-11] DEBUG org.asynchttpclient.netty.handler.HttpHandler - 

Request DefaultHttpRequest(decodeResult: success, version: HTTP/1.1)
POST /session/47cee59ff530568a463bde953d4b9e68/element HTTP/1.1
User-Agent: selenium/4.4.0 (java windows)
Content-Length: 70
Content-Type: application/json; charset=utf-8
host: localhost:63360
accept: */*

Response DefaultHttpResponse(decodeResult: success, version: HTTP/1.1)
HTTP/1.1 200 OK
Content-Type: application/json; charset=utf-8
cache-control: no-cache
content-length: 88

10:08:38.749 [AsyncHttpClient-1-11] DEBUG org.asynchttpclient.netty.channel.ChannelManager - Adding key: http://localhost:63360 for channel [id: 0x700e8406, L:/127.0.0.1:61497 - R:localhost/127.0.0.1:63360]
10:08:38.753 [Forwarding isElementDisplayed on session 47cee59ff530568a463bde953d4b9e68 to remote] DEBUG org.asynchttpclient.netty.request.NettyRequestSender - Using pooled Channel '[id: 0x700e8406, L:/127.0.0.1:61497 - R:localhost/127.0.0.1:63360]' for 'POST' to 'http://localhost:63360/session/47cee59ff530568a463bde953d4b9e68/execute/sync'
10:08:38.753 [Forwarding isElementDisplayed on session 47cee59ff530568a463bde953d4b9e68 to remote] DEBUG org.asynchttpclient.netty.request.NettyRequestSender - Using open Channel [id: 0x700e8406, L:/127.0.0.1:61497 - R:localhost/127.0.0.1:63360] for POST '/session/47cee59ff530568a463bde953d4b9e68/execute/sync'
10:08:38.765 [AsyncHttpClient-1-11] DEBUG org.asynchttpclient.netty.handler.HttpHandler - 

Request DefaultHttpRequest(decodeResult: success, version: HTTP/1.1)
POST /session/47cee59ff530568a463bde953d4b9e68/execute/sync HTTP/1.1
User-Agent: selenium/4.4.0 (java windows)
Content-Length: 48780
Content-Type: application/json; charset=utf-8
host: localhost:63360
accept: */*

Response DefaultHttpResponse(decodeResult: success, version: HTTP/1.1)
HTTP/1.1 200 OK
Content-Type: application/json; charset=utf-8
cache-control: no-cache
content-length: 14

10:08:38.765 [AsyncHttpClient-1-11] DEBUG org.asynchttpclient.netty.channel.ChannelManager - Adding key: http://localhost:63360 for channel [id: 0x700e8406, L:/127.0.0.1:61497 - R:localhost/127.0.0.1:63360]
10:08:38.770 [Forwarding findElement on session 47cee59ff530568a463bde953d4b9e68 to remote] DEBUG org.asynchttpclient.netty.request.NettyRequestSender - Using pooled Channel '[id: 0x700e8406, L:/127.0.0.1:61497 - R:localhost/127.0.0.1:63360]' for 'POST' to 'http://localhost:63360/session/47cee59ff530568a463bde953d4b9e68/element'
10:08:38.770 [Forwarding findElement on session 47cee59ff530568a463bde953d4b9e68 to remote] DEBUG org.asynchttpclient.netty.request.NettyRequestSender - Using open Channel [id: 0x700e8406, L:/127.0.0.1:61497 - R:localhost/127.0.0.1:63360] for POST '/session/47cee59ff530568a463bde953d4b9e68/element'
10:08:38.776 [AsyncHttpClient-1-11] DEBUG org.asynchttpclient.netty.handler.HttpHandler - 

Request DefaultHttpRequest(decodeResult: success, version: HTTP/1.1)
POST /session/47cee59ff530568a463bde953d4b9e68/element HTTP/1.1
User-Agent: selenium/4.4.0 (java windows)
Content-Length: 70
Content-Type: application/json; charset=utf-8
host: localhost:63360
accept: */*

Response DefaultHttpResponse(decodeResult: success, version: HTTP/1.1)
HTTP/1.1 200 OK
Content-Type: application/json; charset=utf-8
cache-control: no-cache
content-length: 88

10:08:38.776 [AsyncHttpClient-1-11] DEBUG org.asynchttpclient.netty.channel.ChannelManager - Adding key: http://localhost:63360 for channel [id: 0x700e8406, L:/127.0.0.1:61497 - R:localhost/127.0.0.1:63360]
10:08:38.777 [Forwarding clickElement on session 47cee59ff530568a463bde953d4b9e68 to remote] DEBUG org.asynchttpclient.netty.request.NettyRequestSender - Using pooled Channel '[id: 0x700e8406, L:/127.0.0.1:61497 - R:localhost/127.0.0.1:63360]' for 'POST' to 'http://localhost:63360/session/47cee59ff530568a463bde953d4b9e68/element/1873628c-d5c0-415b-8853-b8b444ff2c15/click'
10:08:38.777 [Forwarding clickElement on session 47cee59ff530568a463bde953d4b9e68 to remote] DEBUG org.asynchttpclient.netty.request.NettyRequestSender - Using open Channel [id: 0x700e8406, L:/127.0.0.1:61497 - R:localhost/127.0.0.1:63360] for POST '/session/47cee59ff530568a463bde953d4b9e68/element/1873628c-d5c0-415b-8853-b8b444ff2c15/click'
10:08:38.811 [AsyncHttpClient-1-11] DEBUG org.asynchttpclient.netty.handler.HttpHandler - 

Request DefaultHttpRequest(decodeResult: success, version: HTTP/1.1)
POST /session/47cee59ff530568a463bde953d4b9e68/element/1873628c-d5c0-415b-8853-b8b444ff2c15/click HTTP/1.1
User-Agent: selenium/4.4.0 (java windows)
Content-Length: 50
Content-Type: application/json; charset=utf-8
host: localhost:63360
accept: */*

Response DefaultHttpResponse(decodeResult: success, version: HTTP/1.1)
HTTP/1.1 200 OK
Content-Type: application/json; charset=utf-8
cache-control: no-cache
content-length: 14

10:08:38.811 [AsyncHttpClient-1-11] DEBUG org.asynchttpclient.netty.channel.ChannelManager - Adding key: http://localhost:63360 for channel [id: 0x700e8406, L:/127.0.0.1:61497 - R:localhost/127.0.0.1:63360]
10:08:38.822 [Forwarding getCurrentWindowHandle on session 47cee59ff530568a463bde953d4b9e68 to remote] DEBUG org.asynchttpclient.netty.request.NettyRequestSender - Using pooled Channel '[id: 0x700e8406, L:/127.0.0.1:61497 - R:localhost/127.0.0.1:63360]' for 'GET' to 'http://localhost:63360/session/47cee59ff530568a463bde953d4b9e68/window'
10:08:38.822 [Forwarding getCurrentWindowHandle on session 47cee59ff530568a463bde953d4b9e68 to remote] DEBUG org.asynchttpclient.netty.request.NettyRequestSender - Using open Channel [id: 0x700e8406, L:/127.0.0.1:61497 - R:localhost/127.0.0.1:63360] for GET '/session/47cee59ff530568a463bde953d4b9e68/window'
10:08:38.823 [AsyncHttpClient-1-11] DEBUG org.asynchttpclient.netty.handler.HttpHandler - 

Request DefaultFullHttpRequest(decodeResult: success, version: HTTP/1.1, content: EmptyByteBufBE)
GET /session/47cee59ff530568a463bde953d4b9e68/window HTTP/1.1
User-Agent: selenium/4.4.0 (java windows)
Cache-Control: no-cache
Content-Type: application/json; charset=utf-8
host: localhost:63360
accept: */*

Response DefaultHttpResponse(decodeResult: success, version: HTTP/1.1)
HTTP/1.1 200 OK
Content-Type: application/json; charset=utf-8
cache-control: no-cache
content-length: 53

10:08:38.823 [AsyncHttpClient-1-11] DEBUG org.asynchttpclient.netty.channel.ChannelManager - Adding key: http://localhost:63360 for channel [id: 0x700e8406, L:/127.0.0.1:61497 - R:localhost/127.0.0.1:63360]
10:08:38.826 [Forwarding getAlertText on session 47cee59ff530568a463bde953d4b9e68 to remote] DEBUG org.asynchttpclient.netty.request.NettyRequestSender - Using pooled Channel '[id: 0x700e8406, L:/127.0.0.1:61497 - R:localhost/127.0.0.1:63360]' for 'GET' to 'http://localhost:63360/session/47cee59ff530568a463bde953d4b9e68/alert/text'
10:08:38.826 [Forwarding getAlertText on session 47cee59ff530568a463bde953d4b9e68 to remote] DEBUG org.asynchttpclient.netty.request.NettyRequestSender - Using open Channel [id: 0x700e8406, L:/127.0.0.1:61497 - R:localhost/127.0.0.1:63360] for GET '/session/47cee59ff530568a463bde953d4b9e68/alert/text'
10:08:38.828 [AsyncHttpClient-1-11] DEBUG org.asynchttpclient.netty.handler.HttpHandler - 

Request DefaultFullHttpRequest(decodeResult: success, version: HTTP/1.1, content: EmptyByteBufBE)
GET /session/47cee59ff530568a463bde953d4b9e68/alert/text HTTP/1.1
User-Agent: selenium/4.4.0 (java windows)
Cache-Control: no-cache
Content-Type: application/json; charset=utf-8
host: localhost:63360
accept: */*

Response DefaultHttpResponse(decodeResult: success, version: HTTP/1.1)
HTTP/1.1 404 Not Found
Content-Type: application/json; charset=utf-8
cache-control: no-cache
content-length: 879

10:08:38.828 [AsyncHttpClient-1-11] DEBUG org.asynchttpclient.netty.channel.ChannelManager - Adding key: http://localhost:63360 for channel [id: 0x700e8406, L:/127.0.0.1:61497 - R:localhost/127.0.0.1:63360]
10:08:38.834 [Forwarding switchToWindow on session 47cee59ff530568a463bde953d4b9e68 to remote] DEBUG org.asynchttpclient.netty.request.NettyRequestSender - Using pooled Channel '[id: 0x700e8406, L:/127.0.0.1:61497 - R:localhost/127.0.0.1:63360]' for 'POST' to 'http://localhost:63360/session/47cee59ff530568a463bde953d4b9e68/window'
10:08:38.834 [Forwarding switchToWindow on session 47cee59ff530568a463bde953d4b9e68 to remote] DEBUG org.asynchttpclient.netty.request.NettyRequestSender - Using open Channel [id: 0x700e8406, L:/127.0.0.1:61497 - R:localhost/127.0.0.1:63360] for POST '/session/47cee59ff530568a463bde953d4b9e68/window'
10:08:38.837 [AsyncHttpClient-1-11] DEBUG org.asynchttpclient.netty.handler.HttpHandler - 

Request DefaultHttpRequest(decodeResult: success, version: HTTP/1.1)
POST /session/47cee59ff530568a463bde953d4b9e68/window HTTP/1.1
User-Agent: selenium/4.4.0 (java windows)
Content-Length: 59
Content-Type: application/json; charset=utf-8
host: localhost:63360
accept: */*

Response DefaultHttpResponse(decodeResult: success, version: HTTP/1.1)
HTTP/1.1 200 OK
Content-Type: application/json; charset=utf-8
cache-control: no-cache
content-length: 14

10:08:38.838 [AsyncHttpClient-1-11] DEBUG org.asynchttpclient.netty.channel.ChannelManager - Adding key: http://localhost:63360 for channel [id: 0x700e8406, L:/127.0.0.1:61497 - R:localhost/127.0.0.1:63360]
10:08:38.838 [Forwarding getCurrentUrl on session 47cee59ff530568a463bde953d4b9e68 to remote] DEBUG org.asynchttpclient.netty.request.NettyRequestSender - Using pooled Channel '[id: 0x700e8406, L:/127.0.0.1:61497 - R:localhost/127.0.0.1:63360]' for 'GET' to 'http://localhost:63360/session/47cee59ff530568a463bde953d4b9e68/url'
10:08:38.838 [Forwarding getCurrentUrl on session 47cee59ff530568a463bde953d4b9e68 to remote] DEBUG org.asynchttpclient.netty.request.NettyRequestSender - Using open Channel [id: 0x700e8406, L:/127.0.0.1:61497 - R:localhost/127.0.0.1:63360] for GET '/session/47cee59ff530568a463bde953d4b9e68/url'
10:08:38.842 [AsyncHttpClient-1-11] DEBUG org.asynchttpclient.netty.handler.HttpHandler - 

Request DefaultFullHttpRequest(decodeResult: success, version: HTTP/1.1, content: EmptyByteBufBE)
GET /session/47cee59ff530568a463bde953d4b9e68/url HTTP/1.1
User-Agent: selenium/4.4.0 (java windows)
Cache-Control: no-cache
Content-Type: application/json; charset=utf-8
host: localhost:63360
accept: */*

Response DefaultHttpResponse(decodeResult: success, version: HTTP/1.1)
HTTP/1.1 200 OK
Content-Type: application/json; charset=utf-8
cache-control: no-cache
content-length: 38

10:08:38.842 [AsyncHttpClient-1-11] DEBUG org.asynchttpclient.netty.channel.ChannelManager - Adding key: http://localhost:63360 for channel [id: 0x700e8406, L:/127.0.0.1:61497 - R:localhost/127.0.0.1:63360]
10:08:38.843 [Forwarding screenshot on session 47cee59ff530568a463bde953d4b9e68 to remote] DEBUG org.asynchttpclient.netty.request.NettyRequestSender - Using pooled Channel '[id: 0x700e8406, L:/127.0.0.1:61497 - R:localhost/127.0.0.1:63360]' for 'GET' to 'http://localhost:63360/session/47cee59ff530568a463bde953d4b9e68/screenshot'
10:08:38.843 [Forwarding screenshot on session 47cee59ff530568a463bde953d4b9e68 to remote] DEBUG org.asynchttpclient.netty.request.NettyRequestSender - Using open Channel [id: 0x700e8406, L:/127.0.0.1:61497 - R:localhost/127.0.0.1:63360] for GET '/session/47cee59ff530568a463bde953d4b9e68/screenshot'
10:08:38.927 [AsyncHttpClient-1-11] DEBUG org.asynchttpclient.netty.handler.HttpHandler - 

Request DefaultFullHttpRequest(decodeResult: success, version: HTTP/1.1, content: EmptyByteBufBE)
GET /session/47cee59ff530568a463bde953d4b9e68/screenshot HTTP/1.1
User-Agent: selenium/4.4.0 (java windows)
Cache-Control: no-cache
Content-Type: application/json; charset=utf-8
host: localhost:63360
accept: */*

Response DefaultHttpResponse(decodeResult: success, version: HTTP/1.1)
HTTP/1.1 200 OK
Content-Type: application/json; charset=utf-8
cache-control: no-cache
content-length: 64916

10:08:38.928 [AsyncHttpClient-1-11] DEBUG org.asynchttpclient.netty.channel.ChannelManager - Adding key: http://localhost:63360 for channel [id: 0x700e8406, L:/127.0.0.1:61497 - R:localhost/127.0.0.1:63360]
10:08:38.929 [Test worker] DEBUG net.serenitybdd.core.photography.Darkroom - Send negative for processing for C:\Users\juan.gomezv\IdeaProjects\sura\target\site\serenity\15d9e9d106993b556c4700ab568b5fb7754405e499d0ef78f6d2530a2e7bfc45.png
10:08:38.929 [Test worker] DEBUG net.thucydides.core.steps.StepInterceptor - STEP DONE: {0} clicks on #target
10:08:38.938 [Test worker] DEBUG net.thucydides.core.steps.StepInterceptor - STEP DONE: performAs
  ?[32mCuando ?[0m?[32m?[0m?[32m?[1mAlberto?[0m?[32m se autentica como un usuario de tipo ?[0m?[32m?[1m"LOCKED_USER"?[0m               ?[90m# sura.stepDefinitions.LoginSteps.elSeAutenticaComoUnUsuario(net.serenitybdd.screenplay.Actor,java.lang.String)?[0m
10:08:38.953 [Forwarding getPageSource on session 47cee59ff530568a463bde953d4b9e68 to remote] DEBUG org.asynchttpclient.netty.request.NettyRequestSender - Using pooled Channel '[id: 0x700e8406, L:/127.0.0.1:61497 - R:localhost/127.0.0.1:63360]' for 'POST' to 'http://localhost:63360/session/47cee59ff530568a463bde953d4b9e68/execute/sync'
10:08:38.953 [Forwarding getPageSource on session 47cee59ff530568a463bde953d4b9e68 to remote] DEBUG org.asynchttpclient.netty.request.NettyRequestSender - Using open Channel [id: 0x700e8406, L:/127.0.0.1:61497 - R:localhost/127.0.0.1:63360] for POST '/session/47cee59ff530568a463bde953d4b9e68/execute/sync'
10:08:38.959 [AsyncHttpClient-1-11] DEBUG org.asynchttpclient.netty.handler.HttpHandler - 

Request DefaultHttpRequest(decodeResult: success, version: HTTP/1.1)
POST /session/47cee59ff530568a463bde953d4b9e68/execute/sync HTTP/1.1
User-Agent: selenium/4.4.0 (java windows)
Content-Length: 176
Content-Type: application/json; charset=utf-8
host: localhost:63360
accept: */*

Response DefaultHttpResponse(decodeResult: success, version: HTTP/1.1)
HTTP/1.1 200 OK
Content-Type: application/json; charset=utf-8
cache-control: no-cache
content-length: 14674

10:08:38.959 [AsyncHttpClient-1-11] DEBUG org.asynchttpclient.netty.channel.ChannelManager - Adding key: http://localhost:63360 for channel [id: 0x700e8406, L:/127.0.0.1:61497 - R:localhost/127.0.0.1:63360]
10:08:38.961 [Forwarding getCurrentUrl on session 47cee59ff530568a463bde953d4b9e68 to remote] DEBUG org.asynchttpclient.netty.request.NettyRequestSender - Using pooled Channel '[id: 0x700e8406, L:/127.0.0.1:61497 - R:localhost/127.0.0.1:63360]' for 'GET' to 'http://localhost:63360/session/47cee59ff530568a463bde953d4b9e68/url'
10:08:38.961 [Forwarding getCurrentUrl on session 47cee59ff530568a463bde953d4b9e68 to remote] DEBUG org.asynchttpclient.netty.request.NettyRequestSender - Using open Channel [id: 0x700e8406, L:/127.0.0.1:61497 - R:localhost/127.0.0.1:63360] for GET '/session/47cee59ff530568a463bde953d4b9e68/url'
10:08:38.965 [AsyncHttpClient-1-11] DEBUG org.asynchttpclient.netty.handler.HttpHandler - 

Request DefaultFullHttpRequest(decodeResult: success, version: HTTP/1.1, content: EmptyByteBufBE)
GET /session/47cee59ff530568a463bde953d4b9e68/url HTTP/1.1
User-Agent: selenium/4.4.0 (java windows)
Cache-Control: no-cache
Content-Type: application/json; charset=utf-8
host: localhost:63360
accept: */*

Response DefaultHttpResponse(decodeResult: success, version: HTTP/1.1)
HTTP/1.1 200 OK
Content-Type: application/json; charset=utf-8
cache-control: no-cache
content-length: 38

10:08:38.965 [AsyncHttpClient-1-11] DEBUG org.asynchttpclient.netty.channel.ChannelManager - Adding key: http://localhost:63360 for channel [id: 0x700e8406, L:/127.0.0.1:61497 - R:localhost/127.0.0.1:63360]
  ?[32mEntonces ?[0m?[32ma ?[0m?[32m?[1mAlberto?[0m?[32m se le deniega el ingreso mostrando el mensaje ?[0m?[32m?[1m"Epic sadface"?[0m ?[90m# sura.stepDefinitions.LoginSteps.laAplicacionDenegaIngresoMostrandoMensaje(net.serenitybdd.screenplay.Actor,java.lang.String)?[0m
10:08:38.979 [AsyncHttpClient-1-13] DEBUG org.asynchttpclient.netty.handler.WebSocketHandler - Channel Closed: [id: 0xd14c8e01, L:/127.0.0.1:61505 ! R:localhost/127.0.0.1:61498] with attribute NettyResponseFuture{currentRetry=0,
	isDone=1,
	isCancelled=0,
	asyncHandler=org.asynchttpclient.ws.WebSocketUpgradeHandler@47cac60,
	nettyRequest=org.asynchttpclient.netty.request.NettyRequest@417e228b,
	future=java.util.concurrent.CompletableFuture@696ad1f3[Completed normally],
	uri=ws://localhost:61498/devtools/browser/96f91a7d-76e4-4ee3-8da5-4a7bc11fa59b,
	keepAlive=true,
	redirectCount=0,
	timeoutsHolder=null,
	inAuth=0,
	touch=1664204917680}
10:08:38.979 [Driver Command Executor] DEBUG org.asynchttpclient.netty.request.NettyRequestSender - Using pooled Channel '[id: 0x700e8406, L:/127.0.0.1:61497 - R:localhost/127.0.0.1:63360]' for 'DELETE' to 'http://localhost:63360/session/47cee59ff530568a463bde953d4b9e68'
10:08:38.979 [AsyncHttpClient-1-13] DEBUG org.asynchttpclient.netty.channel.ChannelManager - Closing Channel [id: 0xd14c8e01, L:/127.0.0.1:61505 ! R:localhost/127.0.0.1:61498] 
10:08:38.979 [Driver Command Executor] DEBUG org.asynchttpclient.netty.request.NettyRequestSender - Using open Channel [id: 0x700e8406, L:/127.0.0.1:61497 - R:localhost/127.0.0.1:63360] for DELETE '/session/47cee59ff530568a463bde953d4b9e68'
10:08:39.000 [AsyncHttpClient-1-12] DEBUG org.asynchttpclient.netty.handler.HttpHandler - Unexpected I/O exception on channel [id: 0x538ed393, L:/127.0.0.1:61504 - R:localhost/127.0.0.1:61498]
java.net.SocketException: Connection reset
	at java.base/sun.nio.ch.SocketChannelImpl.throwConnectionReset(SocketChannelImpl.java:394)
	at java.base/sun.nio.ch.SocketChannelImpl.read(SocketChannelImpl.java:426)
	at io.netty.buffer.PooledByteBuf.setBytes(PooledByteBuf.java:258)
	at io.netty.buffer.AbstractByteBuf.writeBytes(AbstractByteBuf.java:1132)
	at io.netty.channel.socket.nio.NioSocketChannel.doReadBytes(NioSocketChannel.java:357)
	at io.netty.channel.nio.AbstractNioByteChannel$NioByteUnsafe.read(AbstractNioByteChannel.java:151)
	at io.netty.channel.nio.NioEventLoop.processSelectedKey(NioEventLoop.java:722)
	at io.netty.channel.nio.NioEventLoop.processSelectedKeysOptimized(NioEventLoop.java:658)
	at io.netty.channel.nio.NioEventLoop.processSelectedKeys(NioEventLoop.java:584)
	at io.netty.channel.nio.NioEventLoop.run(NioEventLoop.java:496)
	at io.netty.util.concurrent.SingleThreadEventExecutor$4.run(SingleThreadEventExecutor.java:997)
	at io.netty.util.internal.ThreadExecutorMap$2.run(ThreadExecutorMap.java:74)
	at io.netty.util.concurrent.FastThreadLocalRunnable.run(FastThreadLocalRunnable.java:30)
	at java.base/java.lang.Thread.run(Thread.java:833)
10:08:39.000 [AsyncHttpClient-1-12] DEBUG org.asynchttpclient.netty.channel.ChannelManager - Closing Channel [id: 0x538ed393, L:/127.0.0.1:61504 - R:localhost/127.0.0.1:61498] 
10:08:39.000 [AsyncHttpClient-1-12] DEBUG org.asynchttpclient.netty.handler.HttpHandler - Channel Closed: [id: 0x538ed393, L:/127.0.0.1:61504 ! R:localhost/127.0.0.1:61498] with attribute DISCARD
10:08:39.017 [AsyncHttpClient-1-11] DEBUG org.asynchttpclient.netty.handler.HttpHandler - 

Request DefaultFullHttpRequest(decodeResult: success, version: HTTP/1.1, content: EmptyByteBufBE)
DELETE /session/47cee59ff530568a463bde953d4b9e68 HTTP/1.1
User-Agent: selenium/4.4.0 (java windows)
Content-Type: application/json; charset=utf-8
host: localhost:63360
accept: */*

Response DefaultHttpResponse(decodeResult: success, version: HTTP/1.1)
HTTP/1.1 200 OK
Content-Type: application/json; charset=utf-8
cache-control: no-cache
content-length: 14

10:08:39.017 [AsyncHttpClient-1-11] DEBUG org.asynchttpclient.netty.channel.ChannelManager - Adding key: http://localhost:63360 for channel [id: 0x700e8406, L:/127.0.0.1:61497 - R:localhost/127.0.0.1:63360]
10:08:39.063 [AsyncHttpClient-1-11] DEBUG org.asynchttpclient.netty.handler.HttpHandler - Channel Closed: [id: 0x700e8406, L:/127.0.0.1:61497 ! R:localhost/127.0.0.1:63360] with attribute DISCARD
10:08:39.094 [Test worker] INFO  - 
  _____   ___   ___   _____     ___     _     ___   ___   ___   ___  
 |_   _| | __| / __| |_   _|   | _ \   /_\   / __| / __| | __| |   \ 
   | |   | _|  \__ \   | |     |  _/  / _ \  \__ \ \__ \ | _|  | |) |
   |_|   |___| |___/   |_|     |_|   /_/ \_\ |___/ |___/ |___| |___/ 

Usuario se auténtica con una cuenta inválida
----------------------------------------------------------------------

Esquema del escenario: Usuario se autÃ©ntica con una cuenta invÃ¡lida               ?[90m# src/test/resources/features/login.feature:23?[0m
10:08:39.097 [Test worker] INFO io.cucumber.core.plugin.SerenityReporter - Running feature from file:///C:/Users/juan.gomezv/IdeaProjects/sura/src/test/resources/features/login.feature
10:08:39.103 [Test worker] DEBUG net.thucydides.core.steps.StepInterceptor - STARTING STEP: LoginSteps.albertoQuiereConsultarArticulosDeportivosEnLaWebDeLaMarcaSwag - {0} abre la aplicaciÃ³n
10:08:39.105 [Test worker] DEBUG net.thucydides.core.steps.StepInterceptor - STARTING STEP: NavigateTo.performAs - {0} opens the #targetPageName
10:08:39.144 [Test worker] INFO net.serenitybdd.core.webdriver.driverproviders.ChromeDriverProvider - Starting Chrome driver instance with capabilities:
10:08:39.144 [Test worker] INFO net.serenitybdd.core.webdriver.driverproviders.ChromeDriverProvider - Capabilities {acceptInsecureCerts: false, browserName: chrome, goog:chromeOptions: {args: [], extensions: []}}
10:08:39.195 [AsyncHttpClient-1-14] DEBUG org.asynchttpclient.netty.channel.NettyConnectListener - Using new Channel '[id: 0xc4927244, L:/127.0.0.1:61520 - R:localhost/127.0.0.1:59683]' for 'POST' to '/session'
10:08:39.508 [AsyncHttpClient-1-1] DEBUG org.asynchttpclient.netty.channel.DefaultChannelPool - Entry count for : http://localhost:61498 : 1
10:08:39.508 [AsyncHttpClient-1-1] DEBUG org.asynchttpclient.netty.channel.DefaultChannelPool - Entry count for : http://localhost:63360 : 1
10:08:39.508 [AsyncHttpClient-1-1] DEBUG org.asynchttpclient.netty.channel.DefaultChannelPool - Adding Candidate expired Channel [id: 0x538ed393, L:/127.0.0.1:61504 ! R:localhost/127.0.0.1:61498] isIdleTimeoutExpired=false isRemotelyClosed=true isTtlExpired=false
10:08:39.508 [AsyncHttpClient-1-1] DEBUG org.asynchttpclient.netty.channel.DefaultChannelPool - Closing Idle Channel [id: 0x538ed393, L:/127.0.0.1:61504 ! R:localhost/127.0.0.1:61498]
10:08:39.508 [AsyncHttpClient-1-1] DEBUG org.asynchttpclient.netty.channel.DefaultChannelPool - Adding Candidate expired Channel [id: 0x700e8406, L:/127.0.0.1:61497 ! R:localhost/127.0.0.1:63360] isIdleTimeoutExpired=false isRemotelyClosed=true isTtlExpired=false
10:08:39.508 [AsyncHttpClient-1-1] DEBUG org.asynchttpclient.netty.channel.DefaultChannelPool - Closing Idle Channel [id: 0x700e8406, L:/127.0.0.1:61497 ! R:localhost/127.0.0.1:63360]
10:08:39.508 [AsyncHttpClient-1-1] DEBUG org.asynchttpclient.netty.channel.DefaultChannelPool - Closed 2 connections out of 2 in 0 ms
10:08:39.736 [AsyncHttpClient-1-14] DEBUG org.asynchttpclient.netty.handler.HttpHandler - 

Request DefaultHttpRequest(decodeResult: success, version: HTTP/1.1)
POST /session HTTP/1.1
User-Agent: selenium/4.4.0 (java windows)
Content-Length: 437
Content-Type: application/json; charset=utf-8
host: localhost:59683
accept: */*

Response DefaultHttpResponse(decodeResult: success, version: HTTP/1.1)
HTTP/1.1 200 OK
Content-Type: application/json; charset=utf-8
cache-control: no-cache
content-length: 793

10:08:39.736 [AsyncHttpClient-1-14] DEBUG org.asynchttpclient.netty.channel.ChannelManager - Adding key: http://localhost:59683 for channel [id: 0xc4927244, L:/127.0.0.1:61520 - R:localhost/127.0.0.1:59683]
10:08:39.743 [AsyncHttpClient-1-15] DEBUG org.asynchttpclient.netty.channel.NettyConnectListener - Using new Channel '[id: 0xfc1f4211, L:/127.0.0.1:61527 - R:localhost/127.0.0.1:61521]' for 'GET' to '/json/version'
10:08:39.744 [AsyncHttpClient-1-15] DEBUG org.asynchttpclient.netty.handler.HttpHandler - 

Request DefaultFullHttpRequest(decodeResult: success, version: HTTP/1.1, content: EmptyByteBufBE)
GET /json/version HTTP/1.1
User-Agent: selenium/4.4.0 (java windows)
host: localhost:61521
accept: */*

Response DefaultHttpResponse(decodeResult: success, version: HTTP/1.1)
HTTP/1.1 200 OK
Content-Type: application/json; charset=UTF-8
content-length: 423

10:08:39.745 [AsyncHttpClient-1-15] DEBUG org.asynchttpclient.netty.channel.ChannelManager - Adding key: http://localhost:61521 for channel [id: 0xfc1f4211, L:/127.0.0.1:61527 - R:localhost/127.0.0.1:61521]
10:08:39.748 [AsyncHttpClient-1-16] DEBUG org.asynchttpclient.netty.channel.NettyConnectListener - Using new Channel '[id: 0x0eeaa16f, L:/127.0.0.1:61528 - R:localhost/127.0.0.1:61521]' for 'GET' to '/devtools/browser/aa2b2879-5667-46d9-9879-256277d314e6'
10:08:39.749 [AsyncHttpClient-1-16] DEBUG org.asynchttpclient.netty.handler.WebSocketHandler - 

Request DefaultFullHttpRequest(decodeResult: success, version: HTTP/1.1, content: EmptyByteBufBE)
GET /devtools/browser/aa2b2879-5667-46d9-9879-256277d314e6 HTTP/1.1
upgrade: websocket
connection: upgrade
sec-websocket-key: 7p5ViZyDG3cyZyXOn5U4TA==
sec-websocket-version: 13
origin: http://localhost:61521
host: localhost:61521
accept: */*
user-agent: AHC/2.1

Response DefaultHttpResponse(decodeResult: success, version: HTTP/1.1)
HTTP/1.1 101 WebSocket Protocol Handshake
Upgrade: WebSocket
Connection: Upgrade
Sec-WebSocket-Accept: N5DTiDu/J4ydbJ4ycsKdLfwHsN0=

10:08:39.752 [Forwarding get on session a2d01f44d07abddeeac271dbd62a21aa to remote] DEBUG org.asynchttpclient.netty.request.NettyRequestSender - Using pooled Channel '[id: 0xc4927244, L:/127.0.0.1:61520 - R:localhost/127.0.0.1:59683]' for 'POST' to 'http://localhost:59683/session/a2d01f44d07abddeeac271dbd62a21aa/url'
10:08:39.752 [Forwarding get on session a2d01f44d07abddeeac271dbd62a21aa to remote] DEBUG org.asynchttpclient.netty.request.NettyRequestSender - Using open Channel [id: 0xc4927244, L:/127.0.0.1:61520 - R:localhost/127.0.0.1:59683] for POST '/session/a2d01f44d07abddeeac271dbd62a21aa/url'
10:08:40.365 [AsyncHttpClient-1-14] DEBUG org.asynchttpclient.netty.handler.HttpHandler - 

Request DefaultHttpRequest(decodeResult: success, version: HTTP/1.1)
POST /session/a2d01f44d07abddeeac271dbd62a21aa/url HTTP/1.1
User-Agent: selenium/4.4.0 (java windows)
Content-Length: 40
Content-Type: application/json; charset=utf-8
host: localhost:59683
accept: */*

Response DefaultHttpResponse(decodeResult: success, version: HTTP/1.1)
HTTP/1.1 200 OK
Content-Type: application/json; charset=utf-8
cache-control: no-cache
content-length: 14

10:08:40.365 [AsyncHttpClient-1-14] DEBUG org.asynchttpclient.netty.channel.ChannelManager - Adding key: http://localhost:59683 for channel [id: 0xc4927244, L:/127.0.0.1:61520 - R:localhost/127.0.0.1:59683]
10:08:40.366 [Forwarding setTimeout on session a2d01f44d07abddeeac271dbd62a21aa to remote] DEBUG org.asynchttpclient.netty.request.NettyRequestSender - Using pooled Channel '[id: 0xc4927244, L:/127.0.0.1:61520 - R:localhost/127.0.0.1:59683]' for 'POST' to 'http://localhost:59683/session/a2d01f44d07abddeeac271dbd62a21aa/timeouts'
10:08:40.366 [Forwarding setTimeout on session a2d01f44d07abddeeac271dbd62a21aa to remote] DEBUG org.asynchttpclient.netty.request.NettyRequestSender - Using open Channel [id: 0xc4927244, L:/127.0.0.1:61520 - R:localhost/127.0.0.1:59683] for POST '/session/a2d01f44d07abddeeac271dbd62a21aa/timeouts'
10:08:40.367 [AsyncHttpClient-1-14] DEBUG org.asynchttpclient.netty.handler.HttpHandler - 

Request DefaultHttpRequest(decodeResult: success, version: HTTP/1.1)
POST /session/a2d01f44d07abddeeac271dbd62a21aa/timeouts HTTP/1.1
User-Agent: selenium/4.4.0 (java windows)
Content-Length: 22
Content-Type: application/json; charset=utf-8
host: localhost:59683
accept: */*

Response DefaultHttpResponse(decodeResult: success, version: HTTP/1.1)
HTTP/1.1 200 OK
Content-Type: application/json; charset=utf-8
cache-control: no-cache
content-length: 14

10:08:40.367 [AsyncHttpClient-1-14] DEBUG org.asynchttpclient.netty.channel.ChannelManager - Adding key: http://localhost:59683 for channel [id: 0xc4927244, L:/127.0.0.1:61520 - R:localhost/127.0.0.1:59683]
10:08:40.374 [Forwarding getCurrentUrl on session a2d01f44d07abddeeac271dbd62a21aa to remote] DEBUG org.asynchttpclient.netty.request.NettyRequestSender - Using pooled Channel '[id: 0xc4927244, L:/127.0.0.1:61520 - R:localhost/127.0.0.1:59683]' for 'GET' to 'http://localhost:59683/session/a2d01f44d07abddeeac271dbd62a21aa/url'
10:08:40.374 [Forwarding getCurrentUrl on session a2d01f44d07abddeeac271dbd62a21aa to remote] DEBUG org.asynchttpclient.netty.request.NettyRequestSender - Using open Channel [id: 0xc4927244, L:/127.0.0.1:61520 - R:localhost/127.0.0.1:59683] for GET '/session/a2d01f44d07abddeeac271dbd62a21aa/url'
10:08:40.378 [AsyncHttpClient-1-14] DEBUG org.asynchttpclient.netty.handler.HttpHandler - 

Request DefaultFullHttpRequest(decodeResult: success, version: HTTP/1.1, content: EmptyByteBufBE)
GET /session/a2d01f44d07abddeeac271dbd62a21aa/url HTTP/1.1
User-Agent: selenium/4.4.0 (java windows)
Cache-Control: no-cache
Content-Type: application/json; charset=utf-8
host: localhost:59683
accept: */*

Response DefaultHttpResponse(decodeResult: success, version: HTTP/1.1)
HTTP/1.1 200 OK
Content-Type: application/json; charset=utf-8
cache-control: no-cache
content-length: 38

10:08:40.378 [AsyncHttpClient-1-14] DEBUG org.asynchttpclient.netty.channel.ChannelManager - Adding key: http://localhost:59683 for channel [id: 0xc4927244, L:/127.0.0.1:61520 - R:localhost/127.0.0.1:59683]
10:08:40.386 [Forwarding getCurrentUrl on session a2d01f44d07abddeeac271dbd62a21aa to remote] DEBUG org.asynchttpclient.netty.request.NettyRequestSender - Using pooled Channel '[id: 0xc4927244, L:/127.0.0.1:61520 - R:localhost/127.0.0.1:59683]' for 'GET' to 'http://localhost:59683/session/a2d01f44d07abddeeac271dbd62a21aa/url'
10:08:40.387 [Forwarding getCurrentUrl on session a2d01f44d07abddeeac271dbd62a21aa to remote] DEBUG org.asynchttpclient.netty.request.NettyRequestSender - Using open Channel [id: 0xc4927244, L:/127.0.0.1:61520 - R:localhost/127.0.0.1:59683] for GET '/session/a2d01f44d07abddeeac271dbd62a21aa/url'
10:08:40.390 [AsyncHttpClient-1-14] DEBUG org.asynchttpclient.netty.handler.HttpHandler - 

Request DefaultFullHttpRequest(decodeResult: success, version: HTTP/1.1, content: EmptyByteBufBE)
GET /session/a2d01f44d07abddeeac271dbd62a21aa/url HTTP/1.1
User-Agent: selenium/4.4.0 (java windows)
Cache-Control: no-cache
Content-Type: application/json; charset=utf-8
host: localhost:59683
accept: */*

Response DefaultHttpResponse(decodeResult: success, version: HTTP/1.1)
HTTP/1.1 200 OK
Content-Type: application/json; charset=utf-8
cache-control: no-cache
content-length: 38

10:08:40.390 [AsyncHttpClient-1-14] DEBUG org.asynchttpclient.netty.channel.ChannelManager - Adding key: http://localhost:59683 for channel [id: 0xc4927244, L:/127.0.0.1:61520 - R:localhost/127.0.0.1:59683]
10:08:40.402 [Forwarding getCurrentWindowHandle on session a2d01f44d07abddeeac271dbd62a21aa to remote] DEBUG org.asynchttpclient.netty.request.NettyRequestSender - Using pooled Channel '[id: 0xc4927244, L:/127.0.0.1:61520 - R:localhost/127.0.0.1:59683]' for 'GET' to 'http://localhost:59683/session/a2d01f44d07abddeeac271dbd62a21aa/window'
10:08:40.402 [Forwarding getCurrentWindowHandle on session a2d01f44d07abddeeac271dbd62a21aa to remote] DEBUG org.asynchttpclient.netty.request.NettyRequestSender - Using open Channel [id: 0xc4927244, L:/127.0.0.1:61520 - R:localhost/127.0.0.1:59683] for GET '/session/a2d01f44d07abddeeac271dbd62a21aa/window'
10:08:40.403 [AsyncHttpClient-1-14] DEBUG org.asynchttpclient.netty.handler.HttpHandler - 

Request DefaultFullHttpRequest(decodeResult: success, version: HTTP/1.1, content: EmptyByteBufBE)
GET /session/a2d01f44d07abddeeac271dbd62a21aa/window HTTP/1.1
User-Agent: selenium/4.4.0 (java windows)
Cache-Control: no-cache
Content-Type: application/json; charset=utf-8
host: localhost:59683
accept: */*

Response DefaultHttpResponse(decodeResult: success, version: HTTP/1.1)
HTTP/1.1 200 OK
Content-Type: application/json; charset=utf-8
cache-control: no-cache
content-length: 53

10:08:40.403 [AsyncHttpClient-1-14] DEBUG org.asynchttpclient.netty.channel.ChannelManager - Adding key: http://localhost:59683 for channel [id: 0xc4927244, L:/127.0.0.1:61520 - R:localhost/127.0.0.1:59683]
10:08:40.406 [Forwarding getAlertText on session a2d01f44d07abddeeac271dbd62a21aa to remote] DEBUG org.asynchttpclient.netty.request.NettyRequestSender - Using pooled Channel '[id: 0xc4927244, L:/127.0.0.1:61520 - R:localhost/127.0.0.1:59683]' for 'GET' to 'http://localhost:59683/session/a2d01f44d07abddeeac271dbd62a21aa/alert/text'
10:08:40.406 [Forwarding getAlertText on session a2d01f44d07abddeeac271dbd62a21aa to remote] DEBUG org.asynchttpclient.netty.request.NettyRequestSender - Using open Channel [id: 0xc4927244, L:/127.0.0.1:61520 - R:localhost/127.0.0.1:59683] for GET '/session/a2d01f44d07abddeeac271dbd62a21aa/alert/text'
10:08:40.407 [AsyncHttpClient-1-14] DEBUG org.asynchttpclient.netty.handler.HttpHandler - 

Request DefaultFullHttpRequest(decodeResult: success, version: HTTP/1.1, content: EmptyByteBufBE)
GET /session/a2d01f44d07abddeeac271dbd62a21aa/alert/text HTTP/1.1
User-Agent: selenium/4.4.0 (java windows)
Cache-Control: no-cache
Content-Type: application/json; charset=utf-8
host: localhost:59683
accept: */*

Response DefaultHttpResponse(decodeResult: success, version: HTTP/1.1)
HTTP/1.1 404 Not Found
Content-Type: application/json; charset=utf-8
cache-control: no-cache
content-length: 879

10:08:40.408 [AsyncHttpClient-1-14] DEBUG org.asynchttpclient.netty.channel.ChannelManager - Adding key: http://localhost:59683 for channel [id: 0xc4927244, L:/127.0.0.1:61520 - R:localhost/127.0.0.1:59683]
10:08:40.413 [Forwarding switchToWindow on session a2d01f44d07abddeeac271dbd62a21aa to remote] DEBUG org.asynchttpclient.netty.request.NettyRequestSender - Using pooled Channel '[id: 0xc4927244, L:/127.0.0.1:61520 - R:localhost/127.0.0.1:59683]' for 'POST' to 'http://localhost:59683/session/a2d01f44d07abddeeac271dbd62a21aa/window'
10:08:40.413 [Forwarding switchToWindow on session a2d01f44d07abddeeac271dbd62a21aa to remote] DEBUG org.asynchttpclient.netty.request.NettyRequestSender - Using open Channel [id: 0xc4927244, L:/127.0.0.1:61520 - R:localhost/127.0.0.1:59683] for POST '/session/a2d01f44d07abddeeac271dbd62a21aa/window'
10:08:40.417 [AsyncHttpClient-1-14] DEBUG org.asynchttpclient.netty.handler.HttpHandler - 

Request DefaultHttpRequest(decodeResult: success, version: HTTP/1.1)
POST /session/a2d01f44d07abddeeac271dbd62a21aa/window HTTP/1.1
User-Agent: selenium/4.4.0 (java windows)
Content-Length: 59
Content-Type: application/json; charset=utf-8
host: localhost:59683
accept: */*

Response DefaultHttpResponse(decodeResult: success, version: HTTP/1.1)
HTTP/1.1 200 OK
Content-Type: application/json; charset=utf-8
cache-control: no-cache
content-length: 14

10:08:40.417 [AsyncHttpClient-1-14] DEBUG org.asynchttpclient.netty.channel.ChannelManager - Adding key: http://localhost:59683 for channel [id: 0xc4927244, L:/127.0.0.1:61520 - R:localhost/127.0.0.1:59683]
10:08:40.418 [Forwarding getCurrentUrl on session a2d01f44d07abddeeac271dbd62a21aa to remote] DEBUG org.asynchttpclient.netty.request.NettyRequestSender - Using pooled Channel '[id: 0xc4927244, L:/127.0.0.1:61520 - R:localhost/127.0.0.1:59683]' for 'GET' to 'http://localhost:59683/session/a2d01f44d07abddeeac271dbd62a21aa/url'
10:08:40.418 [Forwarding getCurrentUrl on session a2d01f44d07abddeeac271dbd62a21aa to remote] DEBUG org.asynchttpclient.netty.request.NettyRequestSender - Using open Channel [id: 0xc4927244, L:/127.0.0.1:61520 - R:localhost/127.0.0.1:59683] for GET '/session/a2d01f44d07abddeeac271dbd62a21aa/url'
10:08:40.422 [AsyncHttpClient-1-14] DEBUG org.asynchttpclient.netty.handler.HttpHandler - 

Request DefaultFullHttpRequest(decodeResult: success, version: HTTP/1.1, content: EmptyByteBufBE)
GET /session/a2d01f44d07abddeeac271dbd62a21aa/url HTTP/1.1
User-Agent: selenium/4.4.0 (java windows)
Cache-Control: no-cache
Content-Type: application/json; charset=utf-8
host: localhost:59683
accept: */*

Response DefaultHttpResponse(decodeResult: success, version: HTTP/1.1)
HTTP/1.1 200 OK
Content-Type: application/json; charset=utf-8
cache-control: no-cache
content-length: 38

10:08:40.422 [AsyncHttpClient-1-14] DEBUG org.asynchttpclient.netty.channel.ChannelManager - Adding key: http://localhost:59683 for channel [id: 0xc4927244, L:/127.0.0.1:61520 - R:localhost/127.0.0.1:59683]
10:08:40.423 [Forwarding screenshot on session a2d01f44d07abddeeac271dbd62a21aa to remote] DEBUG org.asynchttpclient.netty.request.NettyRequestSender - Using pooled Channel '[id: 0xc4927244, L:/127.0.0.1:61520 - R:localhost/127.0.0.1:59683]' for 'GET' to 'http://localhost:59683/session/a2d01f44d07abddeeac271dbd62a21aa/screenshot'
10:08:40.423 [Forwarding screenshot on session a2d01f44d07abddeeac271dbd62a21aa to remote] DEBUG org.asynchttpclient.netty.request.NettyRequestSender - Using open Channel [id: 0xc4927244, L:/127.0.0.1:61520 - R:localhost/127.0.0.1:59683] for GET '/session/a2d01f44d07abddeeac271dbd62a21aa/screenshot'
10:08:40.514 [AsyncHttpClient-1-14] DEBUG org.asynchttpclient.netty.handler.HttpHandler - 

Request DefaultFullHttpRequest(decodeResult: success, version: HTTP/1.1, content: EmptyByteBufBE)
GET /session/a2d01f44d07abddeeac271dbd62a21aa/screenshot HTTP/1.1
User-Agent: selenium/4.4.0 (java windows)
Cache-Control: no-cache
Content-Type: application/json; charset=utf-8
host: localhost:59683
accept: */*

Response DefaultHttpResponse(decodeResult: success, version: HTTP/1.1)
HTTP/1.1 200 OK
Content-Type: application/json; charset=utf-8
cache-control: no-cache
content-length: 59108

10:08:40.515 [AsyncHttpClient-1-14] DEBUG org.asynchttpclient.netty.channel.ChannelManager - Adding key: http://localhost:59683 for channel [id: 0xc4927244, L:/127.0.0.1:61520 - R:localhost/127.0.0.1:59683]
10:08:40.517 [Test worker] DEBUG net.serenitybdd.core.photography.Darkroom - Send negative for processing for C:\Users\juan.gomezv\IdeaProjects\sura\target\site\serenity\60e3c498caf7a8fcf635471a5092c247627e1395d91e12246eaf1a3e7a34e095.png
10:08:40.517 [Test worker] DEBUG net.thucydides.core.steps.StepInterceptor - STEP DONE: {0} opens the #targetPageName
10:08:40.528 [Test worker] DEBUG net.thucydides.core.steps.StepInterceptor - STEP DONE: {0} abre la aplicaciÃ³n
  ?[32mDado ?[0m?[32m?[0m?[32m?[1mAlberto?[0m?[32m quiere consultar articulos deportivos en la web de la marca Swag?[0m   ?[90m# sura.stepDefinitions.LoginSteps.albertoQuiereConsultarArticulosDeportivosEnLaWebDeLaMarcaSwag(net.serenitybdd.screenplay.Actor)?[0m
10:08:40.544 [Forwarding getPageSource on session a2d01f44d07abddeeac271dbd62a21aa to remote] DEBUG org.asynchttpclient.netty.request.NettyRequestSender - Using pooled Channel '[id: 0xc4927244, L:/127.0.0.1:61520 - R:localhost/127.0.0.1:59683]' for 'POST' to 'http://localhost:59683/session/a2d01f44d07abddeeac271dbd62a21aa/execute/sync'
10:08:40.544 [Forwarding getPageSource on session a2d01f44d07abddeeac271dbd62a21aa to remote] DEBUG org.asynchttpclient.netty.request.NettyRequestSender - Using open Channel [id: 0xc4927244, L:/127.0.0.1:61520 - R:localhost/127.0.0.1:59683] for POST '/session/a2d01f44d07abddeeac271dbd62a21aa/execute/sync'
10:08:40.548 [AsyncHttpClient-1-14] DEBUG org.asynchttpclient.netty.handler.HttpHandler - 

Request DefaultHttpRequest(decodeResult: success, version: HTTP/1.1)
POST /session/a2d01f44d07abddeeac271dbd62a21aa/execute/sync HTTP/1.1
User-Agent: selenium/4.4.0 (java windows)
Content-Length: 176
Content-Type: application/json; charset=utf-8
host: localhost:59683
accept: */*

Response DefaultHttpResponse(decodeResult: success, version: HTTP/1.1)
HTTP/1.1 200 OK
Content-Type: application/json; charset=utf-8
cache-control: no-cache
content-length: 4160

10:08:40.548 [AsyncHttpClient-1-14] DEBUG org.asynchttpclient.netty.channel.ChannelManager - Adding key: http://localhost:59683 for channel [id: 0xc4927244, L:/127.0.0.1:61520 - R:localhost/127.0.0.1:59683]
10:08:40.549 [Forwarding getCurrentUrl on session a2d01f44d07abddeeac271dbd62a21aa to remote] DEBUG org.asynchttpclient.netty.request.NettyRequestSender - Using pooled Channel '[id: 0xc4927244, L:/127.0.0.1:61520 - R:localhost/127.0.0.1:59683]' for 'GET' to 'http://localhost:59683/session/a2d01f44d07abddeeac271dbd62a21aa/url'
10:08:40.549 [Forwarding getCurrentUrl on session a2d01f44d07abddeeac271dbd62a21aa to remote] DEBUG org.asynchttpclient.netty.request.NettyRequestSender - Using open Channel [id: 0xc4927244, L:/127.0.0.1:61520 - R:localhost/127.0.0.1:59683] for GET '/session/a2d01f44d07abddeeac271dbd62a21aa/url'
10:08:40.552 [AsyncHttpClient-1-14] DEBUG org.asynchttpclient.netty.handler.HttpHandler - 

Request DefaultFullHttpRequest(decodeResult: success, version: HTTP/1.1, content: EmptyByteBufBE)
GET /session/a2d01f44d07abddeeac271dbd62a21aa/url HTTP/1.1
User-Agent: selenium/4.4.0 (java windows)
Cache-Control: no-cache
Content-Type: application/json; charset=utf-8
host: localhost:59683
accept: */*

Response DefaultHttpResponse(decodeResult: success, version: HTTP/1.1)
HTTP/1.1 200 OK
Content-Type: application/json; charset=utf-8
cache-control: no-cache
content-length: 38

10:08:40.552 [AsyncHttpClient-1-14] DEBUG org.asynchttpclient.netty.channel.ChannelManager - Adding key: http://localhost:59683 for channel [id: 0xc4927244, L:/127.0.0.1:61520 - R:localhost/127.0.0.1:59683]
10:08:40.577 [Forwarding getCurrentWindowHandle on session a2d01f44d07abddeeac271dbd62a21aa to remote] DEBUG org.asynchttpclient.netty.request.NettyRequestSender - Using pooled Channel '[id: 0xc4927244, L:/127.0.0.1:61520 - R:localhost/127.0.0.1:59683]' for 'GET' to 'http://localhost:59683/session/a2d01f44d07abddeeac271dbd62a21aa/window'
10:08:40.577 [Forwarding getCurrentWindowHandle on session a2d01f44d07abddeeac271dbd62a21aa to remote] DEBUG org.asynchttpclient.netty.request.NettyRequestSender - Using open Channel [id: 0xc4927244, L:/127.0.0.1:61520 - R:localhost/127.0.0.1:59683] for GET '/session/a2d01f44d07abddeeac271dbd62a21aa/window'
10:08:40.578 [AsyncHttpClient-1-14] DEBUG org.asynchttpclient.netty.handler.HttpHandler - 

Request DefaultFullHttpRequest(decodeResult: success, version: HTTP/1.1, content: EmptyByteBufBE)
GET /session/a2d01f44d07abddeeac271dbd62a21aa/window HTTP/1.1
User-Agent: selenium/4.4.0 (java windows)
Cache-Control: no-cache
Content-Type: application/json; charset=utf-8
host: localhost:59683
accept: */*

Response DefaultHttpResponse(decodeResult: success, version: HTTP/1.1)
HTTP/1.1 200 OK
Content-Type: application/json; charset=utf-8
cache-control: no-cache
content-length: 53

10:08:40.578 [AsyncHttpClient-1-14] DEBUG org.asynchttpclient.netty.channel.ChannelManager - Adding key: http://localhost:59683 for channel [id: 0xc4927244, L:/127.0.0.1:61520 - R:localhost/127.0.0.1:59683]
10:08:40.581 [Forwarding getAlertText on session a2d01f44d07abddeeac271dbd62a21aa to remote] DEBUG org.asynchttpclient.netty.request.NettyRequestSender - Using pooled Channel '[id: 0xc4927244, L:/127.0.0.1:61520 - R:localhost/127.0.0.1:59683]' for 'GET' to 'http://localhost:59683/session/a2d01f44d07abddeeac271dbd62a21aa/alert/text'
10:08:40.581 [Forwarding getAlertText on session a2d01f44d07abddeeac271dbd62a21aa to remote] DEBUG org.asynchttpclient.netty.request.NettyRequestSender - Using open Channel [id: 0xc4927244, L:/127.0.0.1:61520 - R:localhost/127.0.0.1:59683] for GET '/session/a2d01f44d07abddeeac271dbd62a21aa/alert/text'
10:08:40.583 [AsyncHttpClient-1-14] DEBUG org.asynchttpclient.netty.handler.HttpHandler - 

Request DefaultFullHttpRequest(decodeResult: success, version: HTTP/1.1, content: EmptyByteBufBE)
GET /session/a2d01f44d07abddeeac271dbd62a21aa/alert/text HTTP/1.1
User-Agent: selenium/4.4.0 (java windows)
Cache-Control: no-cache
Content-Type: application/json; charset=utf-8
host: localhost:59683
accept: */*

Response DefaultHttpResponse(decodeResult: success, version: HTTP/1.1)
HTTP/1.1 404 Not Found
Content-Type: application/json; charset=utf-8
cache-control: no-cache
content-length: 879

10:08:40.583 [AsyncHttpClient-1-14] DEBUG org.asynchttpclient.netty.channel.ChannelManager - Adding key: http://localhost:59683 for channel [id: 0xc4927244, L:/127.0.0.1:61520 - R:localhost/127.0.0.1:59683]
10:08:40.588 [Forwarding switchToWindow on session a2d01f44d07abddeeac271dbd62a21aa to remote] DEBUG org.asynchttpclient.netty.request.NettyRequestSender - Using pooled Channel '[id: 0xc4927244, L:/127.0.0.1:61520 - R:localhost/127.0.0.1:59683]' for 'POST' to 'http://localhost:59683/session/a2d01f44d07abddeeac271dbd62a21aa/window'
10:08:40.588 [Forwarding switchToWindow on session a2d01f44d07abddeeac271dbd62a21aa to remote] DEBUG org.asynchttpclient.netty.request.NettyRequestSender - Using open Channel [id: 0xc4927244, L:/127.0.0.1:61520 - R:localhost/127.0.0.1:59683] for POST '/session/a2d01f44d07abddeeac271dbd62a21aa/window'
10:08:40.590 [AsyncHttpClient-1-14] DEBUG org.asynchttpclient.netty.handler.HttpHandler - 

Request DefaultHttpRequest(decodeResult: success, version: HTTP/1.1)
POST /session/a2d01f44d07abddeeac271dbd62a21aa/window HTTP/1.1
User-Agent: selenium/4.4.0 (java windows)
Content-Length: 59
Content-Type: application/json; charset=utf-8
host: localhost:59683
accept: */*

Response DefaultHttpResponse(decodeResult: success, version: HTTP/1.1)
HTTP/1.1 200 OK
Content-Type: application/json; charset=utf-8
cache-control: no-cache
content-length: 14

10:08:40.591 [AsyncHttpClient-1-14] DEBUG org.asynchttpclient.netty.channel.ChannelManager - Adding key: http://localhost:59683 for channel [id: 0xc4927244, L:/127.0.0.1:61520 - R:localhost/127.0.0.1:59683]
10:08:40.592 [Forwarding getCurrentUrl on session a2d01f44d07abddeeac271dbd62a21aa to remote] DEBUG org.asynchttpclient.netty.request.NettyRequestSender - Using pooled Channel '[id: 0xc4927244, L:/127.0.0.1:61520 - R:localhost/127.0.0.1:59683]' for 'GET' to 'http://localhost:59683/session/a2d01f44d07abddeeac271dbd62a21aa/url'
10:08:40.592 [Forwarding getCurrentUrl on session a2d01f44d07abddeeac271dbd62a21aa to remote] DEBUG org.asynchttpclient.netty.request.NettyRequestSender - Using open Channel [id: 0xc4927244, L:/127.0.0.1:61520 - R:localhost/127.0.0.1:59683] for GET '/session/a2d01f44d07abddeeac271dbd62a21aa/url'
10:08:40.596 [AsyncHttpClient-1-14] DEBUG org.asynchttpclient.netty.handler.HttpHandler - 

Request DefaultFullHttpRequest(decodeResult: success, version: HTTP/1.1, content: EmptyByteBufBE)
GET /session/a2d01f44d07abddeeac271dbd62a21aa/url HTTP/1.1
User-Agent: selenium/4.4.0 (java windows)
Cache-Control: no-cache
Content-Type: application/json; charset=utf-8
host: localhost:59683
accept: */*

Response DefaultHttpResponse(decodeResult: success, version: HTTP/1.1)
HTTP/1.1 200 OK
Content-Type: application/json; charset=utf-8
cache-control: no-cache
content-length: 38

10:08:40.596 [AsyncHttpClient-1-14] DEBUG org.asynchttpclient.netty.channel.ChannelManager - Adding key: http://localhost:59683 for channel [id: 0xc4927244, L:/127.0.0.1:61520 - R:localhost/127.0.0.1:59683]
10:08:40.597 [Forwarding screenshot on session a2d01f44d07abddeeac271dbd62a21aa to remote] DEBUG org.asynchttpclient.netty.request.NettyRequestSender - Using pooled Channel '[id: 0xc4927244, L:/127.0.0.1:61520 - R:localhost/127.0.0.1:59683]' for 'GET' to 'http://localhost:59683/session/a2d01f44d07abddeeac271dbd62a21aa/screenshot'
10:08:40.597 [Forwarding screenshot on session a2d01f44d07abddeeac271dbd62a21aa to remote] DEBUG org.asynchttpclient.netty.request.NettyRequestSender - Using open Channel [id: 0xc4927244, L:/127.0.0.1:61520 - R:localhost/127.0.0.1:59683] for GET '/session/a2d01f44d07abddeeac271dbd62a21aa/screenshot'
10:08:40.604 [AsyncHttpClient-1-1] DEBUG org.asynchttpclient.netty.channel.DefaultChannelPool - Entry count for : http://localhost:61521 : 1
10:08:40.658 [AsyncHttpClient-1-14] DEBUG org.asynchttpclient.netty.handler.HttpHandler - 

Request DefaultFullHttpRequest(decodeResult: success, version: HTTP/1.1, content: EmptyByteBufBE)
GET /session/a2d01f44d07abddeeac271dbd62a21aa/screenshot HTTP/1.1
User-Agent: selenium/4.4.0 (java windows)
Cache-Control: no-cache
Content-Type: application/json; charset=utf-8
host: localhost:59683
accept: */*

Response DefaultHttpResponse(decodeResult: success, version: HTTP/1.1)
HTTP/1.1 200 OK
Content-Type: application/json; charset=utf-8
cache-control: no-cache
content-length: 59108

10:08:40.659 [AsyncHttpClient-1-14] DEBUG org.asynchttpclient.netty.channel.ChannelManager - Adding key: http://localhost:59683 for channel [id: 0xc4927244, L:/127.0.0.1:61520 - R:localhost/127.0.0.1:59683]
10:08:40.660 [Test worker] DEBUG net.serenitybdd.core.photography.Darkroom - Send negative for processing for C:\Users\juan.gomezv\IdeaProjects\sura\target\site\serenity\60e3c498caf7a8fcf635471a5092c247627e1395d91e12246eaf1a3e7a34e095.png
10:08:40.664 [Forwarding getPageSource on session a2d01f44d07abddeeac271dbd62a21aa to remote] DEBUG org.asynchttpclient.netty.request.NettyRequestSender - Using pooled Channel '[id: 0xc4927244, L:/127.0.0.1:61520 - R:localhost/127.0.0.1:59683]' for 'POST' to 'http://localhost:59683/session/a2d01f44d07abddeeac271dbd62a21aa/execute/sync'
10:08:40.664 [Forwarding getPageSource on session a2d01f44d07abddeeac271dbd62a21aa to remote] DEBUG org.asynchttpclient.netty.request.NettyRequestSender - Using open Channel [id: 0xc4927244, L:/127.0.0.1:61520 - R:localhost/127.0.0.1:59683] for POST '/session/a2d01f44d07abddeeac271dbd62a21aa/execute/sync'
10:08:40.667 [AsyncHttpClient-1-14] DEBUG org.asynchttpclient.netty.handler.HttpHandler - 

Request DefaultHttpRequest(decodeResult: success, version: HTTP/1.1)
POST /session/a2d01f44d07abddeeac271dbd62a21aa/execute/sync HTTP/1.1
User-Agent: selenium/4.4.0 (java windows)
Content-Length: 176
Content-Type: application/json; charset=utf-8
host: localhost:59683
accept: */*

Response DefaultHttpResponse(decodeResult: success, version: HTTP/1.1)
HTTP/1.1 200 OK
Content-Type: application/json; charset=utf-8
cache-control: no-cache
content-length: 4160

10:08:40.667 [AsyncHttpClient-1-14] DEBUG org.asynchttpclient.netty.channel.ChannelManager - Adding key: http://localhost:59683 for channel [id: 0xc4927244, L:/127.0.0.1:61520 - R:localhost/127.0.0.1:59683]
10:08:40.668 [Forwarding getCurrentUrl on session a2d01f44d07abddeeac271dbd62a21aa to remote] DEBUG org.asynchttpclient.netty.request.NettyRequestSender - Using pooled Channel '[id: 0xc4927244, L:/127.0.0.1:61520 - R:localhost/127.0.0.1:59683]' for 'GET' to 'http://localhost:59683/session/a2d01f44d07abddeeac271dbd62a21aa/url'
10:08:40.668 [Forwarding getCurrentUrl on session a2d01f44d07abddeeac271dbd62a21aa to remote] DEBUG org.asynchttpclient.netty.request.NettyRequestSender - Using open Channel [id: 0xc4927244, L:/127.0.0.1:61520 - R:localhost/127.0.0.1:59683] for GET '/session/a2d01f44d07abddeeac271dbd62a21aa/url'
10:08:40.671 [AsyncHttpClient-1-14] DEBUG org.asynchttpclient.netty.handler.HttpHandler - 

Request DefaultFullHttpRequest(decodeResult: success, version: HTTP/1.1, content: EmptyByteBufBE)
GET /session/a2d01f44d07abddeeac271dbd62a21aa/url HTTP/1.1
User-Agent: selenium/4.4.0 (java windows)
Cache-Control: no-cache
Content-Type: application/json; charset=utf-8
host: localhost:59683
accept: */*

Response DefaultHttpResponse(decodeResult: success, version: HTTP/1.1)
HTTP/1.1 200 OK
Content-Type: application/json; charset=utf-8
cache-control: no-cache
content-length: 38

10:08:40.671 [AsyncHttpClient-1-14] DEBUG org.asynchttpclient.netty.channel.ChannelManager - Adding key: http://localhost:59683 for channel [id: 0xc4927244, L:/127.0.0.1:61520 - R:localhost/127.0.0.1:59683]
10:08:40.674 [Test worker] DEBUG net.thucydides.core.steps.StepInterceptor - STARTING STEP: LoginSteps.elSeAutenticaComoUnUsuario - performAs
10:08:40.687 [Forwarding getPageSource on session a2d01f44d07abddeeac271dbd62a21aa to remote] DEBUG org.asynchttpclient.netty.request.NettyRequestSender - Using pooled Channel '[id: 0xc4927244, L:/127.0.0.1:61520 - R:localhost/127.0.0.1:59683]' for 'POST' to 'http://localhost:59683/session/a2d01f44d07abddeeac271dbd62a21aa/execute/sync'
10:08:40.687 [Forwarding getPageSource on session a2d01f44d07abddeeac271dbd62a21aa to remote] DEBUG org.asynchttpclient.netty.request.NettyRequestSender - Using open Channel [id: 0xc4927244, L:/127.0.0.1:61520 - R:localhost/127.0.0.1:59683] for POST '/session/a2d01f44d07abddeeac271dbd62a21aa/execute/sync'
10:08:40.691 [AsyncHttpClient-1-14] DEBUG org.asynchttpclient.netty.handler.HttpHandler - 

Request DefaultHttpRequest(decodeResult: success, version: HTTP/1.1)
POST /session/a2d01f44d07abddeeac271dbd62a21aa/execute/sync HTTP/1.1
User-Agent: selenium/4.4.0 (java windows)
Content-Length: 176
Content-Type: application/json; charset=utf-8
host: localhost:59683
accept: */*

Response DefaultHttpResponse(decodeResult: success, version: HTTP/1.1)
HTTP/1.1 200 OK
Content-Type: application/json; charset=utf-8
cache-control: no-cache
content-length: 4160

10:08:40.691 [AsyncHttpClient-1-14] DEBUG org.asynchttpclient.netty.channel.ChannelManager - Adding key: http://localhost:59683 for channel [id: 0xc4927244, L:/127.0.0.1:61520 - R:localhost/127.0.0.1:59683]
10:08:40.692 [Forwarding getCurrentUrl on session a2d01f44d07abddeeac271dbd62a21aa to remote] DEBUG org.asynchttpclient.netty.request.NettyRequestSender - Using pooled Channel '[id: 0xc4927244, L:/127.0.0.1:61520 - R:localhost/127.0.0.1:59683]' for 'GET' to 'http://localhost:59683/session/a2d01f44d07abddeeac271dbd62a21aa/url'
10:08:40.692 [Forwarding getCurrentUrl on session a2d01f44d07abddeeac271dbd62a21aa to remote] DEBUG org.asynchttpclient.netty.request.NettyRequestSender - Using open Channel [id: 0xc4927244, L:/127.0.0.1:61520 - R:localhost/127.0.0.1:59683] for GET '/session/a2d01f44d07abddeeac271dbd62a21aa/url'
10:08:40.703 [AsyncHttpClient-1-14] DEBUG org.asynchttpclient.netty.handler.HttpHandler - 

Request DefaultFullHttpRequest(decodeResult: success, version: HTTP/1.1, content: EmptyByteBufBE)
GET /session/a2d01f44d07abddeeac271dbd62a21aa/url HTTP/1.1
User-Agent: selenium/4.4.0 (java windows)
Cache-Control: no-cache
Content-Type: application/json; charset=utf-8
host: localhost:59683
accept: */*

Response DefaultHttpResponse(decodeResult: success, version: HTTP/1.1)
HTTP/1.1 200 OK
Content-Type: application/json; charset=utf-8
cache-control: no-cache
content-length: 38

10:08:40.703 [AsyncHttpClient-1-14] DEBUG org.asynchttpclient.netty.channel.ChannelManager - Adding key: http://localhost:59683 for channel [id: 0xc4927244, L:/127.0.0.1:61520 - R:localhost/127.0.0.1:59683]
10:08:40.709 [Test worker] DEBUG net.thucydides.core.steps.StepInterceptor - STARTING STEP: LogIn.performAs - {0} enters #theTextAsAString into #target
10:08:40.716 [Test worker] DEBUG net.serenitybdd.screenplay.targets.IFrameSwitcher - default content already selected for UsernameTextBox
10:08:40.726 [Forwarding findElement on session a2d01f44d07abddeeac271dbd62a21aa to remote] DEBUG org.asynchttpclient.netty.request.NettyRequestSender - Using pooled Channel '[id: 0xc4927244, L:/127.0.0.1:61520 - R:localhost/127.0.0.1:59683]' for 'POST' to 'http://localhost:59683/session/a2d01f44d07abddeeac271dbd62a21aa/element'
10:08:40.726 [Forwarding findElement on session a2d01f44d07abddeeac271dbd62a21aa to remote] DEBUG org.asynchttpclient.netty.request.NettyRequestSender - Using open Channel [id: 0xc4927244, L:/127.0.0.1:61520 - R:localhost/127.0.0.1:59683] for POST '/session/a2d01f44d07abddeeac271dbd62a21aa/element'
10:08:40.737 [AsyncHttpClient-1-14] DEBUG org.asynchttpclient.netty.handler.HttpHandler - 

Request DefaultHttpRequest(decodeResult: success, version: HTTP/1.1)
POST /session/a2d01f44d07abddeeac271dbd62a21aa/element HTTP/1.1
User-Agent: selenium/4.4.0 (java windows)
Content-Length: 67
Content-Type: application/json; charset=utf-8
host: localhost:59683
accept: */*

Response DefaultHttpResponse(decodeResult: success, version: HTTP/1.1)
HTTP/1.1 200 OK
Content-Type: application/json; charset=utf-8
cache-control: no-cache
content-length: 88

10:08:40.737 [AsyncHttpClient-1-14] DEBUG org.asynchttpclient.netty.channel.ChannelManager - Adding key: http://localhost:59683 for channel [id: 0xc4927244, L:/127.0.0.1:61520 - R:localhost/127.0.0.1:59683]
10:08:40.739 [Forwarding clearElement on session a2d01f44d07abddeeac271dbd62a21aa to remote] DEBUG org.asynchttpclient.netty.request.NettyRequestSender - Using pooled Channel '[id: 0xc4927244, L:/127.0.0.1:61520 - R:localhost/127.0.0.1:59683]' for 'POST' to 'http://localhost:59683/session/a2d01f44d07abddeeac271dbd62a21aa/element/a7cf8358-b4f9-4b62-888b-425f827156ad/clear'
10:08:40.739 [Forwarding clearElement on session a2d01f44d07abddeeac271dbd62a21aa to remote] DEBUG org.asynchttpclient.netty.request.NettyRequestSender - Using open Channel [id: 0xc4927244, L:/127.0.0.1:61520 - R:localhost/127.0.0.1:59683] for POST '/session/a2d01f44d07abddeeac271dbd62a21aa/element/a7cf8358-b4f9-4b62-888b-425f827156ad/clear'
10:08:40.775 [AsyncHttpClient-1-14] DEBUG org.asynchttpclient.netty.handler.HttpHandler - 

Request DefaultHttpRequest(decodeResult: success, version: HTTP/1.1)
POST /session/a2d01f44d07abddeeac271dbd62a21aa/element/a7cf8358-b4f9-4b62-888b-425f827156ad/clear HTTP/1.1
User-Agent: selenium/4.4.0 (java windows)
Content-Length: 50
Content-Type: application/json; charset=utf-8
host: localhost:59683
accept: */*

Response DefaultHttpResponse(decodeResult: success, version: HTTP/1.1)
HTTP/1.1 200 OK
Content-Type: application/json; charset=utf-8
cache-control: no-cache
content-length: 14

10:08:40.776 [AsyncHttpClient-1-14] DEBUG org.asynchttpclient.netty.channel.ChannelManager - Adding key: http://localhost:59683 for channel [id: 0xc4927244, L:/127.0.0.1:61520 - R:localhost/127.0.0.1:59683]
10:08:40.779 [Forwarding sendKeysToElement on session a2d01f44d07abddeeac271dbd62a21aa to remote] DEBUG org.asynchttpclient.netty.request.NettyRequestSender - Using pooled Channel '[id: 0xc4927244, L:/127.0.0.1:61520 - R:localhost/127.0.0.1:59683]' for 'POST' to 'http://localhost:59683/session/a2d01f44d07abddeeac271dbd62a21aa/element/a7cf8358-b4f9-4b62-888b-425f827156ad/value'
10:08:40.779 [Forwarding sendKeysToElement on session a2d01f44d07abddeeac271dbd62a21aa to remote] DEBUG org.asynchttpclient.netty.request.NettyRequestSender - Using open Channel [id: 0xc4927244, L:/127.0.0.1:61520 - R:localhost/127.0.0.1:59683] for POST '/session/a2d01f44d07abddeeac271dbd62a21aa/element/a7cf8358-b4f9-4b62-888b-425f827156ad/value'
10:08:40.832 [AsyncHttpClient-1-14] DEBUG org.asynchttpclient.netty.handler.HttpHandler - 

Request DefaultHttpRequest(decodeResult: success, version: HTTP/1.1)
POST /session/a2d01f44d07abddeeac271dbd62a21aa/element/a7cf8358-b4f9-4b62-888b-425f827156ad/value HTTP/1.1
User-Agent: selenium/4.4.0 (java windows)
Content-Length: 151
Content-Type: application/json; charset=utf-8
host: localhost:59683
accept: */*

Response DefaultHttpResponse(decodeResult: success, version: HTTP/1.1)
HTTP/1.1 200 OK
Content-Type: application/json; charset=utf-8
cache-control: no-cache
content-length: 14

10:08:40.832 [AsyncHttpClient-1-14] DEBUG org.asynchttpclient.netty.channel.ChannelManager - Adding key: http://localhost:59683 for channel [id: 0xc4927244, L:/127.0.0.1:61520 - R:localhost/127.0.0.1:59683]
10:08:40.855 [Forwarding getCurrentWindowHandle on session a2d01f44d07abddeeac271dbd62a21aa to remote] DEBUG org.asynchttpclient.netty.request.NettyRequestSender - Using pooled Channel '[id: 0xc4927244, L:/127.0.0.1:61520 - R:localhost/127.0.0.1:59683]' for 'GET' to 'http://localhost:59683/session/a2d01f44d07abddeeac271dbd62a21aa/window'
10:08:40.855 [Forwarding getCurrentWindowHandle on session a2d01f44d07abddeeac271dbd62a21aa to remote] DEBUG org.asynchttpclient.netty.request.NettyRequestSender - Using open Channel [id: 0xc4927244, L:/127.0.0.1:61520 - R:localhost/127.0.0.1:59683] for GET '/session/a2d01f44d07abddeeac271dbd62a21aa/window'
10:08:40.856 [AsyncHttpClient-1-14] DEBUG org.asynchttpclient.netty.handler.HttpHandler - 

Request DefaultFullHttpRequest(decodeResult: success, version: HTTP/1.1, content: EmptyByteBufBE)
GET /session/a2d01f44d07abddeeac271dbd62a21aa/window HTTP/1.1
User-Agent: selenium/4.4.0 (java windows)
Cache-Control: no-cache
Content-Type: application/json; charset=utf-8
host: localhost:59683
accept: */*

Response DefaultHttpResponse(decodeResult: success, version: HTTP/1.1)
HTTP/1.1 200 OK
Content-Type: application/json; charset=utf-8
cache-control: no-cache
content-length: 53

10:08:40.856 [AsyncHttpClient-1-14] DEBUG org.asynchttpclient.netty.channel.ChannelManager - Adding key: http://localhost:59683 for channel [id: 0xc4927244, L:/127.0.0.1:61520 - R:localhost/127.0.0.1:59683]
10:08:40.861 [Forwarding getAlertText on session a2d01f44d07abddeeac271dbd62a21aa to remote] DEBUG org.asynchttpclient.netty.request.NettyRequestSender - Using pooled Channel '[id: 0xc4927244, L:/127.0.0.1:61520 - R:localhost/127.0.0.1:59683]' for 'GET' to 'http://localhost:59683/session/a2d01f44d07abddeeac271dbd62a21aa/alert/text'
10:08:40.861 [Forwarding getAlertText on session a2d01f44d07abddeeac271dbd62a21aa to remote] DEBUG org.asynchttpclient.netty.request.NettyRequestSender - Using open Channel [id: 0xc4927244, L:/127.0.0.1:61520 - R:localhost/127.0.0.1:59683] for GET '/session/a2d01f44d07abddeeac271dbd62a21aa/alert/text'
10:08:40.863 [AsyncHttpClient-1-14] DEBUG org.asynchttpclient.netty.handler.HttpHandler - 

Request DefaultFullHttpRequest(decodeResult: success, version: HTTP/1.1, content: EmptyByteBufBE)
GET /session/a2d01f44d07abddeeac271dbd62a21aa/alert/text HTTP/1.1
User-Agent: selenium/4.4.0 (java windows)
Cache-Control: no-cache
Content-Type: application/json; charset=utf-8
host: localhost:59683
accept: */*

Response DefaultHttpResponse(decodeResult: success, version: HTTP/1.1)
HTTP/1.1 404 Not Found
Content-Type: application/json; charset=utf-8
cache-control: no-cache
content-length: 879

10:08:40.863 [AsyncHttpClient-1-14] DEBUG org.asynchttpclient.netty.channel.ChannelManager - Adding key: http://localhost:59683 for channel [id: 0xc4927244, L:/127.0.0.1:61520 - R:localhost/127.0.0.1:59683]
10:08:40.868 [Forwarding switchToWindow on session a2d01f44d07abddeeac271dbd62a21aa to remote] DEBUG org.asynchttpclient.netty.request.NettyRequestSender - Using pooled Channel '[id: 0xc4927244, L:/127.0.0.1:61520 - R:localhost/127.0.0.1:59683]' for 'POST' to 'http://localhost:59683/session/a2d01f44d07abddeeac271dbd62a21aa/window'
10:08:40.868 [Forwarding switchToWindow on session a2d01f44d07abddeeac271dbd62a21aa to remote] DEBUG org.asynchttpclient.netty.request.NettyRequestSender - Using open Channel [id: 0xc4927244, L:/127.0.0.1:61520 - R:localhost/127.0.0.1:59683] for POST '/session/a2d01f44d07abddeeac271dbd62a21aa/window'
10:08:40.871 [AsyncHttpClient-1-14] DEBUG org.asynchttpclient.netty.handler.HttpHandler - 

Request DefaultHttpRequest(decodeResult: success, version: HTTP/1.1)
POST /session/a2d01f44d07abddeeac271dbd62a21aa/window HTTP/1.1
User-Agent: selenium/4.4.0 (java windows)
Content-Length: 59
Content-Type: application/json; charset=utf-8
host: localhost:59683
accept: */*

Response DefaultHttpResponse(decodeResult: success, version: HTTP/1.1)
HTTP/1.1 200 OK
Content-Type: application/json; charset=utf-8
cache-control: no-cache
content-length: 14

10:08:40.871 [AsyncHttpClient-1-14] DEBUG org.asynchttpclient.netty.channel.ChannelManager - Adding key: http://localhost:59683 for channel [id: 0xc4927244, L:/127.0.0.1:61520 - R:localhost/127.0.0.1:59683]
10:08:40.872 [Forwarding getCurrentUrl on session a2d01f44d07abddeeac271dbd62a21aa to remote] DEBUG org.asynchttpclient.netty.request.NettyRequestSender - Using pooled Channel '[id: 0xc4927244, L:/127.0.0.1:61520 - R:localhost/127.0.0.1:59683]' for 'GET' to 'http://localhost:59683/session/a2d01f44d07abddeeac271dbd62a21aa/url'
10:08:40.873 [Forwarding getCurrentUrl on session a2d01f44d07abddeeac271dbd62a21aa to remote] DEBUG org.asynchttpclient.netty.request.NettyRequestSender - Using open Channel [id: 0xc4927244, L:/127.0.0.1:61520 - R:localhost/127.0.0.1:59683] for GET '/session/a2d01f44d07abddeeac271dbd62a21aa/url'
10:08:40.877 [AsyncHttpClient-1-14] DEBUG org.asynchttpclient.netty.handler.HttpHandler - 

Request DefaultFullHttpRequest(decodeResult: success, version: HTTP/1.1, content: EmptyByteBufBE)
GET /session/a2d01f44d07abddeeac271dbd62a21aa/url HTTP/1.1
User-Agent: selenium/4.4.0 (java windows)
Cache-Control: no-cache
Content-Type: application/json; charset=utf-8
host: localhost:59683
accept: */*

Response DefaultHttpResponse(decodeResult: success, version: HTTP/1.1)
HTTP/1.1 200 OK
Content-Type: application/json; charset=utf-8
cache-control: no-cache
content-length: 38

10:08:40.877 [AsyncHttpClient-1-14] DEBUG org.asynchttpclient.netty.channel.ChannelManager - Adding key: http://localhost:59683 for channel [id: 0xc4927244, L:/127.0.0.1:61520 - R:localhost/127.0.0.1:59683]
10:08:40.878 [Forwarding screenshot on session a2d01f44d07abddeeac271dbd62a21aa to remote] DEBUG org.asynchttpclient.netty.request.NettyRequestSender - Using pooled Channel '[id: 0xc4927244, L:/127.0.0.1:61520 - R:localhost/127.0.0.1:59683]' for 'GET' to 'http://localhost:59683/session/a2d01f44d07abddeeac271dbd62a21aa/screenshot'
10:08:40.878 [Forwarding screenshot on session a2d01f44d07abddeeac271dbd62a21aa to remote] DEBUG org.asynchttpclient.netty.request.NettyRequestSender - Using open Channel [id: 0xc4927244, L:/127.0.0.1:61520 - R:localhost/127.0.0.1:59683] for GET '/session/a2d01f44d07abddeeac271dbd62a21aa/screenshot'
10:08:40.937 [AsyncHttpClient-1-14] DEBUG org.asynchttpclient.netty.handler.HttpHandler - 

Request DefaultFullHttpRequest(decodeResult: success, version: HTTP/1.1, content: EmptyByteBufBE)
GET /session/a2d01f44d07abddeeac271dbd62a21aa/screenshot HTTP/1.1
User-Agent: selenium/4.4.0 (java windows)
Cache-Control: no-cache
Content-Type: application/json; charset=utf-8
host: localhost:59683
accept: */*

Response DefaultHttpResponse(decodeResult: success, version: HTTP/1.1)
HTTP/1.1 200 OK
Content-Type: application/json; charset=utf-8
cache-control: no-cache
content-length: 58960

10:08:40.938 [AsyncHttpClient-1-14] DEBUG org.asynchttpclient.netty.channel.ChannelManager - Adding key: http://localhost:59683 for channel [id: 0xc4927244, L:/127.0.0.1:61520 - R:localhost/127.0.0.1:59683]
10:08:40.939 [Test worker] DEBUG net.serenitybdd.core.photography.Darkroom - Send negative for processing for C:\Users\juan.gomezv\IdeaProjects\sura\target\site\serenity\3e1eaa31776a2bdbe51fba415151c0175f31e3887748787d5277a6f82394f205.png
10:08:40.939 [Test worker] DEBUG net.thucydides.core.steps.StepInterceptor - STEP DONE: {0} enters #theTextAsAString into #target
10:08:40.949 [Forwarding getPageSource on session a2d01f44d07abddeeac271dbd62a21aa to remote] DEBUG org.asynchttpclient.netty.request.NettyRequestSender - Using pooled Channel '[id: 0xc4927244, L:/127.0.0.1:61520 - R:localhost/127.0.0.1:59683]' for 'POST' to 'http://localhost:59683/session/a2d01f44d07abddeeac271dbd62a21aa/execute/sync'
10:08:40.949 [Forwarding getPageSource on session a2d01f44d07abddeeac271dbd62a21aa to remote] DEBUG org.asynchttpclient.netty.request.NettyRequestSender - Using open Channel [id: 0xc4927244, L:/127.0.0.1:61520 - R:localhost/127.0.0.1:59683] for POST '/session/a2d01f44d07abddeeac271dbd62a21aa/execute/sync'
10:08:40.952 [AsyncHttpClient-1-14] DEBUG org.asynchttpclient.netty.handler.HttpHandler - 

Request DefaultHttpRequest(decodeResult: success, version: HTTP/1.1)
POST /session/a2d01f44d07abddeeac271dbd62a21aa/execute/sync HTTP/1.1
User-Agent: selenium/4.4.0 (java windows)
Content-Length: 176
Content-Type: application/json; charset=utf-8
host: localhost:59683
accept: */*

Response DefaultHttpResponse(decodeResult: success, version: HTTP/1.1)
HTTP/1.1 200 OK
Content-Type: application/json; charset=utf-8
cache-control: no-cache
content-length: 4167

10:08:40.952 [AsyncHttpClient-1-14] DEBUG org.asynchttpclient.netty.channel.ChannelManager - Adding key: http://localhost:59683 for channel [id: 0xc4927244, L:/127.0.0.1:61520 - R:localhost/127.0.0.1:59683]
10:08:40.953 [Forwarding getCurrentUrl on session a2d01f44d07abddeeac271dbd62a21aa to remote] DEBUG org.asynchttpclient.netty.request.NettyRequestSender - Using pooled Channel '[id: 0xc4927244, L:/127.0.0.1:61520 - R:localhost/127.0.0.1:59683]' for 'GET' to 'http://localhost:59683/session/a2d01f44d07abddeeac271dbd62a21aa/url'
10:08:40.953 [Forwarding getCurrentUrl on session a2d01f44d07abddeeac271dbd62a21aa to remote] DEBUG org.asynchttpclient.netty.request.NettyRequestSender - Using open Channel [id: 0xc4927244, L:/127.0.0.1:61520 - R:localhost/127.0.0.1:59683] for GET '/session/a2d01f44d07abddeeac271dbd62a21aa/url'
10:08:40.955 [AsyncHttpClient-1-14] DEBUG org.asynchttpclient.netty.handler.HttpHandler - 

Request DefaultFullHttpRequest(decodeResult: success, version: HTTP/1.1, content: EmptyByteBufBE)
GET /session/a2d01f44d07abddeeac271dbd62a21aa/url HTTP/1.1
User-Agent: selenium/4.4.0 (java windows)
Cache-Control: no-cache
Content-Type: application/json; charset=utf-8
host: localhost:59683
accept: */*

Response DefaultHttpResponse(decodeResult: success, version: HTTP/1.1)
HTTP/1.1 200 OK
Content-Type: application/json; charset=utf-8
cache-control: no-cache
content-length: 38

10:08:40.955 [AsyncHttpClient-1-14] DEBUG org.asynchttpclient.netty.channel.ChannelManager - Adding key: http://localhost:59683 for channel [id: 0xc4927244, L:/127.0.0.1:61520 - R:localhost/127.0.0.1:59683]
10:08:40.956 [Test worker] DEBUG net.thucydides.core.steps.StepInterceptor - STARTING STEP: LogIn.performAs - {0} enters #theTextAsAString into #target
10:08:40.961 [Test worker] DEBUG net.serenitybdd.screenplay.targets.IFrameSwitcher - default content already selected for PasswordTextBox
10:08:40.972 [Forwarding findElement on session a2d01f44d07abddeeac271dbd62a21aa to remote] DEBUG org.asynchttpclient.netty.request.NettyRequestSender - Using pooled Channel '[id: 0xc4927244, L:/127.0.0.1:61520 - R:localhost/127.0.0.1:59683]' for 'POST' to 'http://localhost:59683/session/a2d01f44d07abddeeac271dbd62a21aa/element'
10:08:40.972 [Forwarding findElement on session a2d01f44d07abddeeac271dbd62a21aa to remote] DEBUG org.asynchttpclient.netty.request.NettyRequestSender - Using open Channel [id: 0xc4927244, L:/127.0.0.1:61520 - R:localhost/127.0.0.1:59683] for POST '/session/a2d01f44d07abddeeac271dbd62a21aa/element'
10:08:40.980 [AsyncHttpClient-1-14] DEBUG org.asynchttpclient.netty.handler.HttpHandler - 

Request DefaultHttpRequest(decodeResult: success, version: HTTP/1.1)
POST /session/a2d01f44d07abddeeac271dbd62a21aa/element HTTP/1.1
User-Agent: selenium/4.4.0 (java windows)
Content-Length: 66
Content-Type: application/json; charset=utf-8
host: localhost:59683
accept: */*

Response DefaultHttpResponse(decodeResult: success, version: HTTP/1.1)
HTTP/1.1 200 OK
Content-Type: application/json; charset=utf-8
cache-control: no-cache
content-length: 88

10:08:40.980 [AsyncHttpClient-1-14] DEBUG org.asynchttpclient.netty.channel.ChannelManager - Adding key: http://localhost:59683 for channel [id: 0xc4927244, L:/127.0.0.1:61520 - R:localhost/127.0.0.1:59683]
10:08:40.981 [Forwarding clearElement on session a2d01f44d07abddeeac271dbd62a21aa to remote] DEBUG org.asynchttpclient.netty.request.NettyRequestSender - Using pooled Channel '[id: 0xc4927244, L:/127.0.0.1:61520 - R:localhost/127.0.0.1:59683]' for 'POST' to 'http://localhost:59683/session/a2d01f44d07abddeeac271dbd62a21aa/element/b9490ebf-d8a6-4886-9ae0-ddd43346ccae/clear'
10:08:40.981 [Forwarding clearElement on session a2d01f44d07abddeeac271dbd62a21aa to remote] DEBUG org.asynchttpclient.netty.request.NettyRequestSender - Using open Channel [id: 0xc4927244, L:/127.0.0.1:61520 - R:localhost/127.0.0.1:59683] for POST '/session/a2d01f44d07abddeeac271dbd62a21aa/element/b9490ebf-d8a6-4886-9ae0-ddd43346ccae/clear'
10:08:41.001 [AsyncHttpClient-1-14] DEBUG org.asynchttpclient.netty.handler.HttpHandler - 

Request DefaultHttpRequest(decodeResult: success, version: HTTP/1.1)
POST /session/a2d01f44d07abddeeac271dbd62a21aa/element/b9490ebf-d8a6-4886-9ae0-ddd43346ccae/clear HTTP/1.1
User-Agent: selenium/4.4.0 (java windows)
Content-Length: 50
Content-Type: application/json; charset=utf-8
host: localhost:59683
accept: */*

Response DefaultHttpResponse(decodeResult: success, version: HTTP/1.1)
HTTP/1.1 200 OK
Content-Type: application/json; charset=utf-8
cache-control: no-cache
content-length: 14

10:08:41.001 [AsyncHttpClient-1-14] DEBUG org.asynchttpclient.netty.channel.ChannelManager - Adding key: http://localhost:59683 for channel [id: 0xc4927244, L:/127.0.0.1:61520 - R:localhost/127.0.0.1:59683]
10:08:41.004 [Forwarding sendKeysToElement on session a2d01f44d07abddeeac271dbd62a21aa to remote] DEBUG org.asynchttpclient.netty.request.NettyRequestSender - Using pooled Channel '[id: 0xc4927244, L:/127.0.0.1:61520 - R:localhost/127.0.0.1:59683]' for 'POST' to 'http://localhost:59683/session/a2d01f44d07abddeeac271dbd62a21aa/element/b9490ebf-d8a6-4886-9ae0-ddd43346ccae/value'
10:08:41.004 [Forwarding sendKeysToElement on session a2d01f44d07abddeeac271dbd62a21aa to remote] DEBUG org.asynchttpclient.netty.request.NettyRequestSender - Using open Channel [id: 0xc4927244, L:/127.0.0.1:61520 - R:localhost/127.0.0.1:59683] for POST '/session/a2d01f44d07abddeeac271dbd62a21aa/element/b9490ebf-d8a6-4886-9ae0-ddd43346ccae/value'
10:08:41.040 [AsyncHttpClient-1-14] DEBUG org.asynchttpclient.netty.handler.HttpHandler - 

Request DefaultHttpRequest(decodeResult: success, version: HTTP/1.1)
POST /session/a2d01f44d07abddeeac271dbd62a21aa/element/b9490ebf-d8a6-4886-9ae0-ddd43346ccae/value HTTP/1.1
User-Agent: selenium/4.4.0 (java windows)
Content-Length: 201
Content-Type: application/json; charset=utf-8
host: localhost:59683
accept: */*

Response DefaultHttpResponse(decodeResult: success, version: HTTP/1.1)
HTTP/1.1 200 OK
Content-Type: application/json; charset=utf-8
cache-control: no-cache
content-length: 14

10:08:41.040 [AsyncHttpClient-1-14] DEBUG org.asynchttpclient.netty.channel.ChannelManager - Adding key: http://localhost:59683 for channel [id: 0xc4927244, L:/127.0.0.1:61520 - R:localhost/127.0.0.1:59683]
10:08:41.052 [Forwarding getCurrentWindowHandle on session a2d01f44d07abddeeac271dbd62a21aa to remote] DEBUG org.asynchttpclient.netty.request.NettyRequestSender - Using pooled Channel '[id: 0xc4927244, L:/127.0.0.1:61520 - R:localhost/127.0.0.1:59683]' for 'GET' to 'http://localhost:59683/session/a2d01f44d07abddeeac271dbd62a21aa/window'
10:08:41.052 [Forwarding getCurrentWindowHandle on session a2d01f44d07abddeeac271dbd62a21aa to remote] DEBUG org.asynchttpclient.netty.request.NettyRequestSender - Using open Channel [id: 0xc4927244, L:/127.0.0.1:61520 - R:localhost/127.0.0.1:59683] for GET '/session/a2d01f44d07abddeeac271dbd62a21aa/window'
10:08:41.052 [AsyncHttpClient-1-14] DEBUG org.asynchttpclient.netty.handler.HttpHandler - 

Request DefaultFullHttpRequest(decodeResult: success, version: HTTP/1.1, content: EmptyByteBufBE)
GET /session/a2d01f44d07abddeeac271dbd62a21aa/window HTTP/1.1
User-Agent: selenium/4.4.0 (java windows)
Cache-Control: no-cache
Content-Type: application/json; charset=utf-8
host: localhost:59683
accept: */*

Response DefaultHttpResponse(decodeResult: success, version: HTTP/1.1)
HTTP/1.1 200 OK
Content-Type: application/json; charset=utf-8
cache-control: no-cache
content-length: 53

10:08:41.052 [AsyncHttpClient-1-14] DEBUG org.asynchttpclient.netty.channel.ChannelManager - Adding key: http://localhost:59683 for channel [id: 0xc4927244, L:/127.0.0.1:61520 - R:localhost/127.0.0.1:59683]
10:08:41.056 [Forwarding getAlertText on session a2d01f44d07abddeeac271dbd62a21aa to remote] DEBUG org.asynchttpclient.netty.request.NettyRequestSender - Using pooled Channel '[id: 0xc4927244, L:/127.0.0.1:61520 - R:localhost/127.0.0.1:59683]' for 'GET' to 'http://localhost:59683/session/a2d01f44d07abddeeac271dbd62a21aa/alert/text'
10:08:41.056 [Forwarding getAlertText on session a2d01f44d07abddeeac271dbd62a21aa to remote] DEBUG org.asynchttpclient.netty.request.NettyRequestSender - Using open Channel [id: 0xc4927244, L:/127.0.0.1:61520 - R:localhost/127.0.0.1:59683] for GET '/session/a2d01f44d07abddeeac271dbd62a21aa/alert/text'
10:08:41.057 [AsyncHttpClient-1-14] DEBUG org.asynchttpclient.netty.handler.HttpHandler - 

Request DefaultFullHttpRequest(decodeResult: success, version: HTTP/1.1, content: EmptyByteBufBE)
GET /session/a2d01f44d07abddeeac271dbd62a21aa/alert/text HTTP/1.1
User-Agent: selenium/4.4.0 (java windows)
Cache-Control: no-cache
Content-Type: application/json; charset=utf-8
host: localhost:59683
accept: */*

Response DefaultHttpResponse(decodeResult: success, version: HTTP/1.1)
HTTP/1.1 404 Not Found
Content-Type: application/json; charset=utf-8
cache-control: no-cache
content-length: 879

10:08:41.057 [AsyncHttpClient-1-14] DEBUG org.asynchttpclient.netty.channel.ChannelManager - Adding key: http://localhost:59683 for channel [id: 0xc4927244, L:/127.0.0.1:61520 - R:localhost/127.0.0.1:59683]
10:08:41.060 [Forwarding switchToWindow on session a2d01f44d07abddeeac271dbd62a21aa to remote] DEBUG org.asynchttpclient.netty.request.NettyRequestSender - Using pooled Channel '[id: 0xc4927244, L:/127.0.0.1:61520 - R:localhost/127.0.0.1:59683]' for 'POST' to 'http://localhost:59683/session/a2d01f44d07abddeeac271dbd62a21aa/window'
10:08:41.060 [Forwarding switchToWindow on session a2d01f44d07abddeeac271dbd62a21aa to remote] DEBUG org.asynchttpclient.netty.request.NettyRequestSender - Using open Channel [id: 0xc4927244, L:/127.0.0.1:61520 - R:localhost/127.0.0.1:59683] for POST '/session/a2d01f44d07abddeeac271dbd62a21aa/window'
10:08:41.063 [AsyncHttpClient-1-14] DEBUG org.asynchttpclient.netty.handler.HttpHandler - 

Request DefaultHttpRequest(decodeResult: success, version: HTTP/1.1)
POST /session/a2d01f44d07abddeeac271dbd62a21aa/window HTTP/1.1
User-Agent: selenium/4.4.0 (java windows)
Content-Length: 59
Content-Type: application/json; charset=utf-8
host: localhost:59683
accept: */*

Response DefaultHttpResponse(decodeResult: success, version: HTTP/1.1)
HTTP/1.1 200 OK
Content-Type: application/json; charset=utf-8
cache-control: no-cache
content-length: 14

10:08:41.064 [AsyncHttpClient-1-14] DEBUG org.asynchttpclient.netty.channel.ChannelManager - Adding key: http://localhost:59683 for channel [id: 0xc4927244, L:/127.0.0.1:61520 - R:localhost/127.0.0.1:59683]
10:08:41.065 [Forwarding getCurrentUrl on session a2d01f44d07abddeeac271dbd62a21aa to remote] DEBUG org.asynchttpclient.netty.request.NettyRequestSender - Using pooled Channel '[id: 0xc4927244, L:/127.0.0.1:61520 - R:localhost/127.0.0.1:59683]' for 'GET' to 'http://localhost:59683/session/a2d01f44d07abddeeac271dbd62a21aa/url'
10:08:41.065 [Forwarding getCurrentUrl on session a2d01f44d07abddeeac271dbd62a21aa to remote] DEBUG org.asynchttpclient.netty.request.NettyRequestSender - Using open Channel [id: 0xc4927244, L:/127.0.0.1:61520 - R:localhost/127.0.0.1:59683] for GET '/session/a2d01f44d07abddeeac271dbd62a21aa/url'
10:08:41.067 [AsyncHttpClient-1-14] DEBUG org.asynchttpclient.netty.handler.HttpHandler - 

Request DefaultFullHttpRequest(decodeResult: success, version: HTTP/1.1, content: EmptyByteBufBE)
GET /session/a2d01f44d07abddeeac271dbd62a21aa/url HTTP/1.1
User-Agent: selenium/4.4.0 (java windows)
Cache-Control: no-cache
Content-Type: application/json; charset=utf-8
host: localhost:59683
accept: */*

Response DefaultHttpResponse(decodeResult: success, version: HTTP/1.1)
HTTP/1.1 200 OK
Content-Type: application/json; charset=utf-8
cache-control: no-cache
content-length: 38

10:08:41.067 [AsyncHttpClient-1-14] DEBUG org.asynchttpclient.netty.channel.ChannelManager - Adding key: http://localhost:59683 for channel [id: 0xc4927244, L:/127.0.0.1:61520 - R:localhost/127.0.0.1:59683]
10:08:41.067 [Forwarding screenshot on session a2d01f44d07abddeeac271dbd62a21aa to remote] DEBUG org.asynchttpclient.netty.request.NettyRequestSender - Using pooled Channel '[id: 0xc4927244, L:/127.0.0.1:61520 - R:localhost/127.0.0.1:59683]' for 'GET' to 'http://localhost:59683/session/a2d01f44d07abddeeac271dbd62a21aa/screenshot'
10:08:41.067 [Forwarding screenshot on session a2d01f44d07abddeeac271dbd62a21aa to remote] DEBUG org.asynchttpclient.netty.request.NettyRequestSender - Using open Channel [id: 0xc4927244, L:/127.0.0.1:61520 - R:localhost/127.0.0.1:59683] for GET '/session/a2d01f44d07abddeeac271dbd62a21aa/screenshot'
10:08:41.140 [AsyncHttpClient-1-14] DEBUG org.asynchttpclient.netty.handler.HttpHandler - 

Request DefaultFullHttpRequest(decodeResult: success, version: HTTP/1.1, content: EmptyByteBufBE)
GET /session/a2d01f44d07abddeeac271dbd62a21aa/screenshot HTTP/1.1
User-Agent: selenium/4.4.0 (java windows)
Cache-Control: no-cache
Content-Type: application/json; charset=utf-8
host: localhost:59683
accept: */*

Response DefaultHttpResponse(decodeResult: success, version: HTTP/1.1)
HTTP/1.1 200 OK
Content-Type: application/json; charset=utf-8
cache-control: no-cache
content-length: 57444

10:08:41.140 [AsyncHttpClient-1-14] DEBUG org.asynchttpclient.netty.channel.ChannelManager - Adding key: http://localhost:59683 for channel [id: 0xc4927244, L:/127.0.0.1:61520 - R:localhost/127.0.0.1:59683]
10:08:41.142 [Test worker] DEBUG net.serenitybdd.core.photography.Darkroom - Send negative for processing for C:\Users\juan.gomezv\IdeaProjects\sura\target\site\serenity\e69945a17b5850214ba2ab318373ba4c9be91d0667d71c2fcc65c1c9d573b6ed.png
10:08:41.142 [Test worker] DEBUG net.thucydides.core.steps.StepInterceptor - STEP DONE: {0} enters #theTextAsAString into #target
10:08:41.152 [Forwarding getPageSource on session a2d01f44d07abddeeac271dbd62a21aa to remote] DEBUG org.asynchttpclient.netty.request.NettyRequestSender - Using pooled Channel '[id: 0xc4927244, L:/127.0.0.1:61520 - R:localhost/127.0.0.1:59683]' for 'POST' to 'http://localhost:59683/session/a2d01f44d07abddeeac271dbd62a21aa/execute/sync'
10:08:41.152 [Forwarding getPageSource on session a2d01f44d07abddeeac271dbd62a21aa to remote] DEBUG org.asynchttpclient.netty.request.NettyRequestSender - Using open Channel [id: 0xc4927244, L:/127.0.0.1:61520 - R:localhost/127.0.0.1:59683] for POST '/session/a2d01f44d07abddeeac271dbd62a21aa/execute/sync'
10:08:41.158 [AsyncHttpClient-1-14] DEBUG org.asynchttpclient.netty.handler.HttpHandler - 

Request DefaultHttpRequest(decodeResult: success, version: HTTP/1.1)
POST /session/a2d01f44d07abddeeac271dbd62a21aa/execute/sync HTTP/1.1
User-Agent: selenium/4.4.0 (java windows)
Content-Length: 176
Content-Type: application/json; charset=utf-8
host: localhost:59683
accept: */*

Response DefaultHttpResponse(decodeResult: success, version: HTTP/1.1)
HTTP/1.1 200 OK
Content-Type: application/json; charset=utf-8
cache-control: no-cache
content-length: 4179

10:08:41.158 [AsyncHttpClient-1-14] DEBUG org.asynchttpclient.netty.channel.ChannelManager - Adding key: http://localhost:59683 for channel [id: 0xc4927244, L:/127.0.0.1:61520 - R:localhost/127.0.0.1:59683]
10:08:41.159 [Forwarding getCurrentUrl on session a2d01f44d07abddeeac271dbd62a21aa to remote] DEBUG org.asynchttpclient.netty.request.NettyRequestSender - Using pooled Channel '[id: 0xc4927244, L:/127.0.0.1:61520 - R:localhost/127.0.0.1:59683]' for 'GET' to 'http://localhost:59683/session/a2d01f44d07abddeeac271dbd62a21aa/url'
10:08:41.159 [Forwarding getCurrentUrl on session a2d01f44d07abddeeac271dbd62a21aa to remote] DEBUG org.asynchttpclient.netty.request.NettyRequestSender - Using open Channel [id: 0xc4927244, L:/127.0.0.1:61520 - R:localhost/127.0.0.1:59683] for GET '/session/a2d01f44d07abddeeac271dbd62a21aa/url'
10:08:41.161 [AsyncHttpClient-1-14] DEBUG org.asynchttpclient.netty.handler.HttpHandler - 

Request DefaultFullHttpRequest(decodeResult: success, version: HTTP/1.1, content: EmptyByteBufBE)
GET /session/a2d01f44d07abddeeac271dbd62a21aa/url HTTP/1.1
User-Agent: selenium/4.4.0 (java windows)
Cache-Control: no-cache
Content-Type: application/json; charset=utf-8
host: localhost:59683
accept: */*

Response DefaultHttpResponse(decodeResult: success, version: HTTP/1.1)
HTTP/1.1 200 OK
Content-Type: application/json; charset=utf-8
cache-control: no-cache
content-length: 38

10:08:41.162 [AsyncHttpClient-1-14] DEBUG org.asynchttpclient.netty.channel.ChannelManager - Adding key: http://localhost:59683 for channel [id: 0xc4927244, L:/127.0.0.1:61520 - R:localhost/127.0.0.1:59683]
10:08:41.163 [Test worker] DEBUG net.thucydides.core.steps.StepInterceptor - STARTING STEP: LogIn.performAs - {0} clicks on #target
10:08:41.163 [Test worker] DEBUG net.serenitybdd.screenplay.targets.IFrameSwitcher - default content already selected for LogIn Button
10:08:41.180 [Forwarding findElement on session a2d01f44d07abddeeac271dbd62a21aa to remote] DEBUG org.asynchttpclient.netty.request.NettyRequestSender - Using pooled Channel '[id: 0xc4927244, L:/127.0.0.1:61520 - R:localhost/127.0.0.1:59683]' for 'POST' to 'http://localhost:59683/session/a2d01f44d07abddeeac271dbd62a21aa/element'
10:08:41.180 [Forwarding findElement on session a2d01f44d07abddeeac271dbd62a21aa to remote] DEBUG org.asynchttpclient.netty.request.NettyRequestSender - Using open Channel [id: 0xc4927244, L:/127.0.0.1:61520 - R:localhost/127.0.0.1:59683] for POST '/session/a2d01f44d07abddeeac271dbd62a21aa/element'
10:08:41.189 [AsyncHttpClient-1-14] DEBUG org.asynchttpclient.netty.handler.HttpHandler - 

Request DefaultHttpRequest(decodeResult: success, version: HTTP/1.1)
POST /session/a2d01f44d07abddeeac271dbd62a21aa/element HTTP/1.1
User-Agent: selenium/4.4.0 (java windows)
Content-Length: 70
Content-Type: application/json; charset=utf-8
host: localhost:59683
accept: */*

Response DefaultHttpResponse(decodeResult: success, version: HTTP/1.1)
HTTP/1.1 200 OK
Content-Type: application/json; charset=utf-8
cache-control: no-cache
content-length: 88

10:08:41.189 [AsyncHttpClient-1-14] DEBUG org.asynchttpclient.netty.channel.ChannelManager - Adding key: http://localhost:59683 for channel [id: 0xc4927244, L:/127.0.0.1:61520 - R:localhost/127.0.0.1:59683]
10:08:41.194 [Forwarding isElementDisplayed on session a2d01f44d07abddeeac271dbd62a21aa to remote] DEBUG org.asynchttpclient.netty.request.NettyRequestSender - Using pooled Channel '[id: 0xc4927244, L:/127.0.0.1:61520 - R:localhost/127.0.0.1:59683]' for 'POST' to 'http://localhost:59683/session/a2d01f44d07abddeeac271dbd62a21aa/execute/sync'
10:08:41.194 [Forwarding isElementDisplayed on session a2d01f44d07abddeeac271dbd62a21aa to remote] DEBUG org.asynchttpclient.netty.request.NettyRequestSender - Using open Channel [id: 0xc4927244, L:/127.0.0.1:61520 - R:localhost/127.0.0.1:59683] for POST '/session/a2d01f44d07abddeeac271dbd62a21aa/execute/sync'
10:08:41.205 [AsyncHttpClient-1-14] DEBUG org.asynchttpclient.netty.handler.HttpHandler - 

Request DefaultHttpRequest(decodeResult: success, version: HTTP/1.1)
POST /session/a2d01f44d07abddeeac271dbd62a21aa/execute/sync HTTP/1.1
User-Agent: selenium/4.4.0 (java windows)
Content-Length: 48780
Content-Type: application/json; charset=utf-8
host: localhost:59683
accept: */*

Response DefaultHttpResponse(decodeResult: success, version: HTTP/1.1)
HTTP/1.1 200 OK
Content-Type: application/json; charset=utf-8
cache-control: no-cache
content-length: 14

10:08:41.205 [AsyncHttpClient-1-14] DEBUG org.asynchttpclient.netty.channel.ChannelManager - Adding key: http://localhost:59683 for channel [id: 0xc4927244, L:/127.0.0.1:61520 - R:localhost/127.0.0.1:59683]
10:08:41.210 [Forwarding findElement on session a2d01f44d07abddeeac271dbd62a21aa to remote] DEBUG org.asynchttpclient.netty.request.NettyRequestSender - Using pooled Channel '[id: 0xc4927244, L:/127.0.0.1:61520 - R:localhost/127.0.0.1:59683]' for 'POST' to 'http://localhost:59683/session/a2d01f44d07abddeeac271dbd62a21aa/element'
10:08:41.210 [Forwarding findElement on session a2d01f44d07abddeeac271dbd62a21aa to remote] DEBUG org.asynchttpclient.netty.request.NettyRequestSender - Using open Channel [id: 0xc4927244, L:/127.0.0.1:61520 - R:localhost/127.0.0.1:59683] for POST '/session/a2d01f44d07abddeeac271dbd62a21aa/element'
10:08:41.216 [AsyncHttpClient-1-14] DEBUG org.asynchttpclient.netty.handler.HttpHandler - 

Request DefaultHttpRequest(decodeResult: success, version: HTTP/1.1)
POST /session/a2d01f44d07abddeeac271dbd62a21aa/element HTTP/1.1
User-Agent: selenium/4.4.0 (java windows)
Content-Length: 70
Content-Type: application/json; charset=utf-8
host: localhost:59683
accept: */*

Response DefaultHttpResponse(decodeResult: success, version: HTTP/1.1)
HTTP/1.1 200 OK
Content-Type: application/json; charset=utf-8
cache-control: no-cache
content-length: 88

10:08:41.216 [AsyncHttpClient-1-14] DEBUG org.asynchttpclient.netty.channel.ChannelManager - Adding key: http://localhost:59683 for channel [id: 0xc4927244, L:/127.0.0.1:61520 - R:localhost/127.0.0.1:59683]
10:08:41.217 [Forwarding clickElement on session a2d01f44d07abddeeac271dbd62a21aa to remote] DEBUG org.asynchttpclient.netty.request.NettyRequestSender - Using pooled Channel '[id: 0xc4927244, L:/127.0.0.1:61520 - R:localhost/127.0.0.1:59683]' for 'POST' to 'http://localhost:59683/session/a2d01f44d07abddeeac271dbd62a21aa/element/176b754d-f0ef-447d-899e-729352eeb0c2/click'
10:08:41.217 [Forwarding clickElement on session a2d01f44d07abddeeac271dbd62a21aa to remote] DEBUG org.asynchttpclient.netty.request.NettyRequestSender - Using open Channel [id: 0xc4927244, L:/127.0.0.1:61520 - R:localhost/127.0.0.1:59683] for POST '/session/a2d01f44d07abddeeac271dbd62a21aa/element/176b754d-f0ef-447d-899e-729352eeb0c2/click'
10:08:41.251 [AsyncHttpClient-1-14] DEBUG org.asynchttpclient.netty.handler.HttpHandler - 

Request DefaultHttpRequest(decodeResult: success, version: HTTP/1.1)
POST /session/a2d01f44d07abddeeac271dbd62a21aa/element/176b754d-f0ef-447d-899e-729352eeb0c2/click HTTP/1.1
User-Agent: selenium/4.4.0 (java windows)
Content-Length: 50
Content-Type: application/json; charset=utf-8
host: localhost:59683
accept: */*

Response DefaultHttpResponse(decodeResult: success, version: HTTP/1.1)
HTTP/1.1 200 OK
Content-Type: application/json; charset=utf-8
cache-control: no-cache
content-length: 14

10:08:41.251 [AsyncHttpClient-1-14] DEBUG org.asynchttpclient.netty.channel.ChannelManager - Adding key: http://localhost:59683 for channel [id: 0xc4927244, L:/127.0.0.1:61520 - R:localhost/127.0.0.1:59683]
10:08:41.263 [Forwarding getCurrentWindowHandle on session a2d01f44d07abddeeac271dbd62a21aa to remote] DEBUG org.asynchttpclient.netty.request.NettyRequestSender - Using pooled Channel '[id: 0xc4927244, L:/127.0.0.1:61520 - R:localhost/127.0.0.1:59683]' for 'GET' to 'http://localhost:59683/session/a2d01f44d07abddeeac271dbd62a21aa/window'
10:08:41.263 [Forwarding getCurrentWindowHandle on session a2d01f44d07abddeeac271dbd62a21aa to remote] DEBUG org.asynchttpclient.netty.request.NettyRequestSender - Using open Channel [id: 0xc4927244, L:/127.0.0.1:61520 - R:localhost/127.0.0.1:59683] for GET '/session/a2d01f44d07abddeeac271dbd62a21aa/window'
10:08:41.264 [AsyncHttpClient-1-14] DEBUG org.asynchttpclient.netty.handler.HttpHandler - 

Request DefaultFullHttpRequest(decodeResult: success, version: HTTP/1.1, content: EmptyByteBufBE)
GET /session/a2d01f44d07abddeeac271dbd62a21aa/window HTTP/1.1
User-Agent: selenium/4.4.0 (java windows)
Cache-Control: no-cache
Content-Type: application/json; charset=utf-8
host: localhost:59683
accept: */*

Response DefaultHttpResponse(decodeResult: success, version: HTTP/1.1)
HTTP/1.1 200 OK
Content-Type: application/json; charset=utf-8
cache-control: no-cache
content-length: 53

10:08:41.264 [AsyncHttpClient-1-14] DEBUG org.asynchttpclient.netty.channel.ChannelManager - Adding key: http://localhost:59683 for channel [id: 0xc4927244, L:/127.0.0.1:61520 - R:localhost/127.0.0.1:59683]
10:08:41.267 [Forwarding getAlertText on session a2d01f44d07abddeeac271dbd62a21aa to remote] DEBUG org.asynchttpclient.netty.request.NettyRequestSender - Using pooled Channel '[id: 0xc4927244, L:/127.0.0.1:61520 - R:localhost/127.0.0.1:59683]' for 'GET' to 'http://localhost:59683/session/a2d01f44d07abddeeac271dbd62a21aa/alert/text'
10:08:41.267 [Forwarding getAlertText on session a2d01f44d07abddeeac271dbd62a21aa to remote] DEBUG org.asynchttpclient.netty.request.NettyRequestSender - Using open Channel [id: 0xc4927244, L:/127.0.0.1:61520 - R:localhost/127.0.0.1:59683] for GET '/session/a2d01f44d07abddeeac271dbd62a21aa/alert/text'
10:08:41.269 [AsyncHttpClient-1-14] DEBUG org.asynchttpclient.netty.handler.HttpHandler - 

Request DefaultFullHttpRequest(decodeResult: success, version: HTTP/1.1, content: EmptyByteBufBE)
GET /session/a2d01f44d07abddeeac271dbd62a21aa/alert/text HTTP/1.1
User-Agent: selenium/4.4.0 (java windows)
Cache-Control: no-cache
Content-Type: application/json; charset=utf-8
host: localhost:59683
accept: */*

Response DefaultHttpResponse(decodeResult: success, version: HTTP/1.1)
HTTP/1.1 404 Not Found
Content-Type: application/json; charset=utf-8
cache-control: no-cache
content-length: 879

10:08:41.269 [AsyncHttpClient-1-14] DEBUG org.asynchttpclient.netty.channel.ChannelManager - Adding key: http://localhost:59683 for channel [id: 0xc4927244, L:/127.0.0.1:61520 - R:localhost/127.0.0.1:59683]
10:08:41.275 [Forwarding switchToWindow on session a2d01f44d07abddeeac271dbd62a21aa to remote] DEBUG org.asynchttpclient.netty.request.NettyRequestSender - Using pooled Channel '[id: 0xc4927244, L:/127.0.0.1:61520 - R:localhost/127.0.0.1:59683]' for 'POST' to 'http://localhost:59683/session/a2d01f44d07abddeeac271dbd62a21aa/window'
10:08:41.275 [Forwarding switchToWindow on session a2d01f44d07abddeeac271dbd62a21aa to remote] DEBUG org.asynchttpclient.netty.request.NettyRequestSender - Using open Channel [id: 0xc4927244, L:/127.0.0.1:61520 - R:localhost/127.0.0.1:59683] for POST '/session/a2d01f44d07abddeeac271dbd62a21aa/window'
10:08:41.278 [AsyncHttpClient-1-14] DEBUG org.asynchttpclient.netty.handler.HttpHandler - 

Request DefaultHttpRequest(decodeResult: success, version: HTTP/1.1)
POST /session/a2d01f44d07abddeeac271dbd62a21aa/window HTTP/1.1
User-Agent: selenium/4.4.0 (java windows)
Content-Length: 59
Content-Type: application/json; charset=utf-8
host: localhost:59683
accept: */*

Response DefaultHttpResponse(decodeResult: success, version: HTTP/1.1)
HTTP/1.1 200 OK
Content-Type: application/json; charset=utf-8
cache-control: no-cache
content-length: 14

10:08:41.279 [AsyncHttpClient-1-14] DEBUG org.asynchttpclient.netty.channel.ChannelManager - Adding key: http://localhost:59683 for channel [id: 0xc4927244, L:/127.0.0.1:61520 - R:localhost/127.0.0.1:59683]
10:08:41.279 [Forwarding getCurrentUrl on session a2d01f44d07abddeeac271dbd62a21aa to remote] DEBUG org.asynchttpclient.netty.request.NettyRequestSender - Using pooled Channel '[id: 0xc4927244, L:/127.0.0.1:61520 - R:localhost/127.0.0.1:59683]' for 'GET' to 'http://localhost:59683/session/a2d01f44d07abddeeac271dbd62a21aa/url'
10:08:41.279 [Forwarding getCurrentUrl on session a2d01f44d07abddeeac271dbd62a21aa to remote] DEBUG org.asynchttpclient.netty.request.NettyRequestSender - Using open Channel [id: 0xc4927244, L:/127.0.0.1:61520 - R:localhost/127.0.0.1:59683] for GET '/session/a2d01f44d07abddeeac271dbd62a21aa/url'
10:08:41.284 [AsyncHttpClient-1-14] DEBUG org.asynchttpclient.netty.handler.HttpHandler - 

Request DefaultFullHttpRequest(decodeResult: success, version: HTTP/1.1, content: EmptyByteBufBE)
GET /session/a2d01f44d07abddeeac271dbd62a21aa/url HTTP/1.1
User-Agent: selenium/4.4.0 (java windows)
Cache-Control: no-cache
Content-Type: application/json; charset=utf-8
host: localhost:59683
accept: */*

Response DefaultHttpResponse(decodeResult: success, version: HTTP/1.1)
HTTP/1.1 200 OK
Content-Type: application/json; charset=utf-8
cache-control: no-cache
content-length: 38

10:08:41.284 [AsyncHttpClient-1-14] DEBUG org.asynchttpclient.netty.channel.ChannelManager - Adding key: http://localhost:59683 for channel [id: 0xc4927244, L:/127.0.0.1:61520 - R:localhost/127.0.0.1:59683]
10:08:41.285 [Forwarding screenshot on session a2d01f44d07abddeeac271dbd62a21aa to remote] DEBUG org.asynchttpclient.netty.request.NettyRequestSender - Using pooled Channel '[id: 0xc4927244, L:/127.0.0.1:61520 - R:localhost/127.0.0.1:59683]' for 'GET' to 'http://localhost:59683/session/a2d01f44d07abddeeac271dbd62a21aa/screenshot'
10:08:41.285 [Forwarding screenshot on session a2d01f44d07abddeeac271dbd62a21aa to remote] DEBUG org.asynchttpclient.netty.request.NettyRequestSender - Using open Channel [id: 0xc4927244, L:/127.0.0.1:61520 - R:localhost/127.0.0.1:59683] for GET '/session/a2d01f44d07abddeeac271dbd62a21aa/screenshot'
10:08:41.373 [AsyncHttpClient-1-14] DEBUG org.asynchttpclient.netty.handler.HttpHandler - 

Request DefaultFullHttpRequest(decodeResult: success, version: HTTP/1.1, content: EmptyByteBufBE)
GET /session/a2d01f44d07abddeeac271dbd62a21aa/screenshot HTTP/1.1
User-Agent: selenium/4.4.0 (java windows)
Cache-Control: no-cache
Content-Type: application/json; charset=utf-8
host: localhost:59683
accept: */*

Response DefaultHttpResponse(decodeResult: success, version: HTTP/1.1)
HTTP/1.1 200 OK
Content-Type: application/json; charset=utf-8
cache-control: no-cache
content-length: 64848

10:08:41.373 [AsyncHttpClient-1-14] DEBUG org.asynchttpclient.netty.channel.ChannelManager - Adding key: http://localhost:59683 for channel [id: 0xc4927244, L:/127.0.0.1:61520 - R:localhost/127.0.0.1:59683]
10:08:41.375 [Test worker] DEBUG net.serenitybdd.core.photography.Darkroom - Send negative for processing for C:\Users\juan.gomezv\IdeaProjects\sura\target\site\serenity\aa1382dc4cd257771547933173a9ef690f84ec2ef8a1b874f347b450e9d2ba40.png
10:08:41.375 [Test worker] DEBUG net.thucydides.core.steps.StepInterceptor - STEP DONE: {0} clicks on #target
10:08:41.381 [Test worker] DEBUG net.thucydides.core.steps.StepInterceptor - STEP DONE: performAs
  ?[32mCuando ?[0m?[32m?[0m?[32m?[1mAlberto?[0m?[32m se autentica como un usuario de tipo ?[0m?[32m?[1m"INEXISTENT"?[0m                ?[90m# sura.stepDefinitions.LoginSteps.elSeAutenticaComoUnUsuario(net.serenitybdd.screenplay.Actor,java.lang.String)?[0m
10:08:41.395 [Forwarding getPageSource on session a2d01f44d07abddeeac271dbd62a21aa to remote] DEBUG org.asynchttpclient.netty.request.NettyRequestSender - Using pooled Channel '[id: 0xc4927244, L:/127.0.0.1:61520 - R:localhost/127.0.0.1:59683]' for 'POST' to 'http://localhost:59683/session/a2d01f44d07abddeeac271dbd62a21aa/execute/sync'
10:08:41.395 [Forwarding getPageSource on session a2d01f44d07abddeeac271dbd62a21aa to remote] DEBUG org.asynchttpclient.netty.request.NettyRequestSender - Using open Channel [id: 0xc4927244, L:/127.0.0.1:61520 - R:localhost/127.0.0.1:59683] for POST '/session/a2d01f44d07abddeeac271dbd62a21aa/execute/sync'
10:08:41.401 [AsyncHttpClient-1-14] DEBUG org.asynchttpclient.netty.handler.HttpHandler - 

Request DefaultHttpRequest(decodeResult: success, version: HTTP/1.1)
POST /session/a2d01f44d07abddeeac271dbd62a21aa/execute/sync HTTP/1.1
User-Agent: selenium/4.4.0 (java windows)
Content-Length: 176
Content-Type: application/json; charset=utf-8
host: localhost:59683
accept: */*

Response DefaultHttpResponse(decodeResult: success, version: HTTP/1.1)
HTTP/1.1 200 OK
Content-Type: application/json; charset=utf-8
cache-control: no-cache
content-length: 14688

10:08:41.401 [AsyncHttpClient-1-14] DEBUG org.asynchttpclient.netty.channel.ChannelManager - Adding key: http://localhost:59683 for channel [id: 0xc4927244, L:/127.0.0.1:61520 - R:localhost/127.0.0.1:59683]
10:08:41.402 [Forwarding getCurrentUrl on session a2d01f44d07abddeeac271dbd62a21aa to remote] DEBUG org.asynchttpclient.netty.request.NettyRequestSender - Using pooled Channel '[id: 0xc4927244, L:/127.0.0.1:61520 - R:localhost/127.0.0.1:59683]' for 'GET' to 'http://localhost:59683/session/a2d01f44d07abddeeac271dbd62a21aa/url'
10:08:41.402 [Forwarding getCurrentUrl on session a2d01f44d07abddeeac271dbd62a21aa to remote] DEBUG org.asynchttpclient.netty.request.NettyRequestSender - Using open Channel [id: 0xc4927244, L:/127.0.0.1:61520 - R:localhost/127.0.0.1:59683] for GET '/session/a2d01f44d07abddeeac271dbd62a21aa/url'
10:08:41.406 [AsyncHttpClient-1-14] DEBUG org.asynchttpclient.netty.handler.HttpHandler - 

Request DefaultFullHttpRequest(decodeResult: success, version: HTTP/1.1, content: EmptyByteBufBE)
GET /session/a2d01f44d07abddeeac271dbd62a21aa/url HTTP/1.1
User-Agent: selenium/4.4.0 (java windows)
Cache-Control: no-cache
Content-Type: application/json; charset=utf-8
host: localhost:59683
accept: */*

Response DefaultHttpResponse(decodeResult: success, version: HTTP/1.1)
HTTP/1.1 200 OK
Content-Type: application/json; charset=utf-8
cache-control: no-cache
content-length: 38

10:08:41.406 [AsyncHttpClient-1-14] DEBUG org.asynchttpclient.netty.channel.ChannelManager - Adding key: http://localhost:59683 for channel [id: 0xc4927244, L:/127.0.0.1:61520 - R:localhost/127.0.0.1:59683]
  ?[32mEntonces ?[0m?[32ma ?[0m?[32m?[1mAlberto?[0m?[32m se le deniega el ingreso mostrando el mensaje ?[0m?[32m?[1m"Epic sadface"?[0m ?[90m# sura.stepDefinitions.LoginSteps.laAplicacionDenegaIngresoMostrandoMensaje(net.serenitybdd.screenplay.Actor,java.lang.String)?[0m
10:08:41.418 [AsyncHttpClient-1-16] DEBUG org.asynchttpclient.netty.handler.WebSocketHandler - Channel Closed: [id: 0x0eeaa16f, L:/127.0.0.1:61528 ! R:localhost/127.0.0.1:61521] with attribute NettyResponseFuture{currentRetry=0,
	isDone=1,
	isCancelled=0,
	asyncHandler=org.asynchttpclient.ws.WebSocketUpgradeHandler@1781f08a,
	nettyRequest=org.asynchttpclient.netty.request.NettyRequest@52836c1e,
	future=java.util.concurrent.CompletableFuture@3f49bff[Completed normally],
	uri=ws://localhost:61521/devtools/browser/aa2b2879-5667-46d9-9879-256277d314e6,
	keepAlive=true,
	redirectCount=0,
	timeoutsHolder=null,
	inAuth=0,
	touch=1664204919749}
10:08:41.418 [AsyncHttpClient-1-16] DEBUG org.asynchttpclient.netty.channel.ChannelManager - Closing Channel [id: 0x0eeaa16f, L:/127.0.0.1:61528 ! R:localhost/127.0.0.1:61521] 
10:08:41.418 [Driver Command Executor] DEBUG org.asynchttpclient.netty.request.NettyRequestSender - Using pooled Channel '[id: 0xc4927244, L:/127.0.0.1:61520 - R:localhost/127.0.0.1:59683]' for 'DELETE' to 'http://localhost:59683/session/a2d01f44d07abddeeac271dbd62a21aa'
10:08:41.418 [Driver Command Executor] DEBUG org.asynchttpclient.netty.request.NettyRequestSender - Using open Channel [id: 0xc4927244, L:/127.0.0.1:61520 - R:localhost/127.0.0.1:59683] for DELETE '/session/a2d01f44d07abddeeac271dbd62a21aa'
10:08:41.453 [AsyncHttpClient-1-15] DEBUG org.asynchttpclient.netty.handler.HttpHandler - Unexpected I/O exception on channel [id: 0xfc1f4211, L:/127.0.0.1:61527 - R:localhost/127.0.0.1:61521]
java.net.SocketException: Connection reset
	at java.base/sun.nio.ch.SocketChannelImpl.throwConnectionReset(SocketChannelImpl.java:394)
	at java.base/sun.nio.ch.SocketChannelImpl.read(SocketChannelImpl.java:426)
	at io.netty.buffer.PooledByteBuf.setBytes(PooledByteBuf.java:258)
	at io.netty.buffer.AbstractByteBuf.writeBytes(AbstractByteBuf.java:1132)
	at io.netty.channel.socket.nio.NioSocketChannel.doReadBytes(NioSocketChannel.java:357)
	at io.netty.channel.nio.AbstractNioByteChannel$NioByteUnsafe.read(AbstractNioByteChannel.java:151)
	at io.netty.channel.nio.NioEventLoop.processSelectedKey(NioEventLoop.java:722)
	at io.netty.channel.nio.NioEventLoop.processSelectedKeysOptimized(NioEventLoop.java:658)
	at io.netty.channel.nio.NioEventLoop.processSelectedKeys(NioEventLoop.java:584)
	at io.netty.channel.nio.NioEventLoop.run(NioEventLoop.java:496)
	at io.netty.util.concurrent.SingleThreadEventExecutor$4.run(SingleThreadEventExecutor.java:997)
	at io.netty.util.internal.ThreadExecutorMap$2.run(ThreadExecutorMap.java:74)
	at io.netty.util.concurrent.FastThreadLocalRunnable.run(FastThreadLocalRunnable.java:30)
	at java.base/java.lang.Thread.run(Thread.java:833)
10:08:41.453 [AsyncHttpClient-1-15] DEBUG org.asynchttpclient.netty.channel.ChannelManager - Closing Channel [id: 0xfc1f4211, L:/127.0.0.1:61527 - R:localhost/127.0.0.1:61521] 
10:08:41.454 [AsyncHttpClient-1-15] DEBUG org.asynchttpclient.netty.handler.HttpHandler - Channel Closed: [id: 0xfc1f4211, L:/127.0.0.1:61527 ! R:localhost/127.0.0.1:61521] with attribute DISCARD
10:08:41.471 [AsyncHttpClient-1-14] DEBUG org.asynchttpclient.netty.handler.HttpHandler - 

Request DefaultFullHttpRequest(decodeResult: success, version: HTTP/1.1, content: EmptyByteBufBE)
DELETE /session/a2d01f44d07abddeeac271dbd62a21aa HTTP/1.1
User-Agent: selenium/4.4.0 (java windows)
Content-Type: application/json; charset=utf-8
host: localhost:59683
accept: */*

Response DefaultHttpResponse(decodeResult: success, version: HTTP/1.1)
HTTP/1.1 200 OK
Content-Type: application/json; charset=utf-8
cache-control: no-cache
content-length: 14

10:08:41.471 [AsyncHttpClient-1-14] DEBUG org.asynchttpclient.netty.channel.ChannelManager - Adding key: http://localhost:59683 for channel [id: 0xc4927244, L:/127.0.0.1:61520 - R:localhost/127.0.0.1:59683]
10:08:41.513 [AsyncHttpClient-1-14] DEBUG org.asynchttpclient.netty.handler.HttpHandler - Channel Closed: [id: 0xc4927244, L:/127.0.0.1:61520 ! R:localhost/127.0.0.1:59683] with attribute DISCARD
10:08:41.547 [Test worker] INFO  - 
  _____   ___   ___   _____     ___     _     ___   ___   ___   ___  
 |_   _| | __| / __| |_   _|   | _ \   /_\   / __| / __| | __| |   \ 
   | |   | _|  \__ \   | |     |  _/  / _ \  \__ \ \__ \ | _|  | |) |
   |_|   |___| |___/   |_|     |_|   /_/ \_\ |___/ |___/ |___| |___/ 

Usuario se auténtica con una cuenta inválida
----------------------------------------------------------------------

Esquema del escenario: Usuario trata autenticarse con informaciÃ³n incompleta      ?[90m# src/test/resources/features/login.feature:30?[0m
10:08:41.550 [Test worker] INFO io.cucumber.core.plugin.SerenityReporter - Running feature from file:///C:/Users/juan.gomezv/IdeaProjects/sura/src/test/resources/features/login.feature
10:08:41.551 [Test worker] INFO  - 
  _____   ___   ___   _____     ___   _____     _     ___   _____   ___   ___  
 |_   _| | __| / __| |_   _|   / __| |_   _|   /_\   | _ \ |_   _| | __| |   \ 
   | |   | _|  \__ \   | |     \__ \   | |    / _ \  |   /   | |   | _|  | |) |
   |_|   |___| |___/   |_|     |___/   |_|   /_/ \_\ |_|_\   |_|   |___| |___/ 

Usuario trata autenticarse con información incompleta(autenticación;usuario-trata-autenticarse-con-información-incompleta)
--------------------------------------------------------------------------------
10:08:41.559 [Test worker] DEBUG net.thucydides.core.steps.StepInterceptor - STARTING STEP: LoginSteps.albertoQuiereConsultarArticulosDeportivosEnLaWebDeLaMarcaSwag - {0} abre la aplicaciÃ³n
10:08:41.560 [Test worker] DEBUG net.thucydides.core.steps.StepInterceptor - STARTING STEP: NavigateTo.performAs - {0} opens the #targetPageName
10:08:41.598 [Test worker] INFO net.serenitybdd.core.webdriver.driverproviders.ChromeDriverProvider - Starting Chrome driver instance with capabilities:
10:08:41.599 [Test worker] INFO net.serenitybdd.core.webdriver.driverproviders.ChromeDriverProvider - Capabilities {acceptInsecureCerts: false, browserName: chrome, goog:chromeOptions: {args: [], extensions: []}}
10:08:41.646 [AsyncHttpClient-1-17] DEBUG org.asynchttpclient.netty.channel.NettyConnectListener - Using new Channel '[id: 0x64fbd79a, L:/127.0.0.1:61543 - R:localhost/127.0.0.1:59398]' for 'POST' to '/session'
10:08:41.705 [AsyncHttpClient-1-1] DEBUG org.asynchttpclient.netty.channel.DefaultChannelPool - Entry count for : http://localhost:59683 : 1
10:08:41.705 [AsyncHttpClient-1-1] DEBUG org.asynchttpclient.netty.channel.DefaultChannelPool - Entry count for : http://localhost:61521 : 1
10:08:41.705 [AsyncHttpClient-1-1] DEBUG org.asynchttpclient.netty.channel.DefaultChannelPool - Adding Candidate expired Channel [id: 0xc4927244, L:/127.0.0.1:61520 ! R:localhost/127.0.0.1:59683] isIdleTimeoutExpired=false isRemotelyClosed=true isTtlExpired=false
10:08:41.705 [AsyncHttpClient-1-1] DEBUG org.asynchttpclient.netty.channel.DefaultChannelPool - Closing Idle Channel [id: 0xc4927244, L:/127.0.0.1:61520 ! R:localhost/127.0.0.1:59683]
10:08:41.705 [AsyncHttpClient-1-1] DEBUG org.asynchttpclient.netty.channel.DefaultChannelPool - Adding Candidate expired Channel [id: 0xfc1f4211, L:/127.0.0.1:61527 ! R:localhost/127.0.0.1:61521] isIdleTimeoutExpired=false isRemotelyClosed=true isTtlExpired=false
10:08:41.705 [AsyncHttpClient-1-1] DEBUG org.asynchttpclient.netty.channel.DefaultChannelPool - Closing Idle Channel [id: 0xfc1f4211, L:/127.0.0.1:61527 ! R:localhost/127.0.0.1:61521]
10:08:41.705 [AsyncHttpClient-1-1] DEBUG org.asynchttpclient.netty.channel.DefaultChannelPool - Closed 2 connections out of 2 in 0 ms
10:08:42.236 [AsyncHttpClient-1-17] DEBUG org.asynchttpclient.netty.handler.HttpHandler - 

Request DefaultHttpRequest(decodeResult: success, version: HTTP/1.1)
POST /session HTTP/1.1
User-Agent: selenium/4.4.0 (java windows)
Content-Length: 437
Content-Type: application/json; charset=utf-8
host: localhost:59398
accept: */*

Response DefaultHttpResponse(decodeResult: success, version: HTTP/1.1)
HTTP/1.1 200 OK
Content-Type: application/json; charset=utf-8
cache-control: no-cache
content-length: 794

10:08:42.236 [AsyncHttpClient-1-17] DEBUG org.asynchttpclient.netty.channel.ChannelManager - Adding key: http://localhost:59398 for channel [id: 0x64fbd79a, L:/127.0.0.1:61543 - R:localhost/127.0.0.1:59398]
10:08:42.241 [AsyncHttpClient-1-2] DEBUG org.asynchttpclient.netty.channel.NettyConnectListener - Using new Channel '[id: 0xe794037b, L:/127.0.0.1:61550 - R:localhost/127.0.0.1:61544]' for 'GET' to '/json/version'
10:08:42.242 [AsyncHttpClient-1-2] DEBUG org.asynchttpclient.netty.handler.HttpHandler - 

Request DefaultFullHttpRequest(decodeResult: success, version: HTTP/1.1, content: EmptyByteBufBE)
GET /json/version HTTP/1.1
User-Agent: selenium/4.4.0 (java windows)
host: localhost:61544
accept: */*

Response DefaultHttpResponse(decodeResult: success, version: HTTP/1.1)
HTTP/1.1 200 OK
Content-Type: application/json; charset=UTF-8
content-length: 423

10:08:42.242 [AsyncHttpClient-1-2] DEBUG org.asynchttpclient.netty.channel.ChannelManager - Adding key: http://localhost:61544 for channel [id: 0xe794037b, L:/127.0.0.1:61550 - R:localhost/127.0.0.1:61544]
10:08:42.244 [AsyncHttpClient-1-3] DEBUG org.asynchttpclient.netty.channel.NettyConnectListener - Using new Channel '[id: 0x0eb6fee9, L:/127.0.0.1:61551 - R:localhost/127.0.0.1:61544]' for 'GET' to '/devtools/browser/2d95e9d4-dc3e-4c58-9993-58797b8e8337'
10:08:42.244 [AsyncHttpClient-1-3] DEBUG org.asynchttpclient.netty.handler.WebSocketHandler - 

Request DefaultFullHttpRequest(decodeResult: success, version: HTTP/1.1, content: EmptyByteBufBE)
GET /devtools/browser/2d95e9d4-dc3e-4c58-9993-58797b8e8337 HTTP/1.1
upgrade: websocket
connection: upgrade
sec-websocket-key: pVsmAKSoIvqeQqc0TbzH/Q==
sec-websocket-version: 13
origin: http://localhost:61544
host: localhost:61544
accept: */*
user-agent: AHC/2.1

Response DefaultHttpResponse(decodeResult: success, version: HTTP/1.1)
HTTP/1.1 101 WebSocket Protocol Handshake
Upgrade: WebSocket
Connection: Upgrade
Sec-WebSocket-Accept: ApvpodZIO2RsKhg8sHxmDrqkpzg=

10:08:42.246 [Forwarding get on session 837b9c31197c1bd892b113949a980f4e to remote] DEBUG org.asynchttpclient.netty.request.NettyRequestSender - Using pooled Channel '[id: 0x64fbd79a, L:/127.0.0.1:61543 - R:localhost/127.0.0.1:59398]' for 'POST' to 'http://localhost:59398/session/837b9c31197c1bd892b113949a980f4e/url'
10:08:42.246 [Forwarding get on session 837b9c31197c1bd892b113949a980f4e to remote] DEBUG org.asynchttpclient.netty.request.NettyRequestSender - Using open Channel [id: 0x64fbd79a, L:/127.0.0.1:61543 - R:localhost/127.0.0.1:59398] for POST '/session/837b9c31197c1bd892b113949a980f4e/url'
10:08:42.561 [AsyncHttpClient-1-17] DEBUG org.asynchttpclient.netty.handler.HttpHandler - 

Request DefaultHttpRequest(decodeResult: success, version: HTTP/1.1)
POST /session/837b9c31197c1bd892b113949a980f4e/url HTTP/1.1
User-Agent: selenium/4.4.0 (java windows)
Content-Length: 40
Content-Type: application/json; charset=utf-8
host: localhost:59398
accept: */*

Response DefaultHttpResponse(decodeResult: success, version: HTTP/1.1)
HTTP/1.1 200 OK
Content-Type: application/json; charset=utf-8
cache-control: no-cache
content-length: 14

10:08:42.561 [AsyncHttpClient-1-17] DEBUG org.asynchttpclient.netty.channel.ChannelManager - Adding key: http://localhost:59398 for channel [id: 0x64fbd79a, L:/127.0.0.1:61543 - R:localhost/127.0.0.1:59398]
10:08:42.563 [Forwarding setTimeout on session 837b9c31197c1bd892b113949a980f4e to remote] DEBUG org.asynchttpclient.netty.request.NettyRequestSender - Using pooled Channel '[id: 0x64fbd79a, L:/127.0.0.1:61543 - R:localhost/127.0.0.1:59398]' for 'POST' to 'http://localhost:59398/session/837b9c31197c1bd892b113949a980f4e/timeouts'
10:08:42.563 [Forwarding setTimeout on session 837b9c31197c1bd892b113949a980f4e to remote] DEBUG org.asynchttpclient.netty.request.NettyRequestSender - Using open Channel [id: 0x64fbd79a, L:/127.0.0.1:61543 - R:localhost/127.0.0.1:59398] for POST '/session/837b9c31197c1bd892b113949a980f4e/timeouts'
10:08:42.564 [AsyncHttpClient-1-17] DEBUG org.asynchttpclient.netty.handler.HttpHandler - 

Request DefaultHttpRequest(decodeResult: success, version: HTTP/1.1)
POST /session/837b9c31197c1bd892b113949a980f4e/timeouts HTTP/1.1
User-Agent: selenium/4.4.0 (java windows)
Content-Length: 22
Content-Type: application/json; charset=utf-8
host: localhost:59398
accept: */*

Response DefaultHttpResponse(decodeResult: success, version: HTTP/1.1)
HTTP/1.1 200 OK
Content-Type: application/json; charset=utf-8
cache-control: no-cache
content-length: 14

10:08:42.564 [AsyncHttpClient-1-17] DEBUG org.asynchttpclient.netty.channel.ChannelManager - Adding key: http://localhost:59398 for channel [id: 0x64fbd79a, L:/127.0.0.1:61543 - R:localhost/127.0.0.1:59398]
10:08:42.581 [Forwarding getCurrentUrl on session 837b9c31197c1bd892b113949a980f4e to remote] DEBUG org.asynchttpclient.netty.request.NettyRequestSender - Using pooled Channel '[id: 0x64fbd79a, L:/127.0.0.1:61543 - R:localhost/127.0.0.1:59398]' for 'GET' to 'http://localhost:59398/session/837b9c31197c1bd892b113949a980f4e/url'
10:08:42.581 [Forwarding getCurrentUrl on session 837b9c31197c1bd892b113949a980f4e to remote] DEBUG org.asynchttpclient.netty.request.NettyRequestSender - Using open Channel [id: 0x64fbd79a, L:/127.0.0.1:61543 - R:localhost/127.0.0.1:59398] for GET '/session/837b9c31197c1bd892b113949a980f4e/url'
10:08:42.588 [AsyncHttpClient-1-17] DEBUG org.asynchttpclient.netty.handler.HttpHandler - 

Request DefaultFullHttpRequest(decodeResult: success, version: HTTP/1.1, content: EmptyByteBufBE)
GET /session/837b9c31197c1bd892b113949a980f4e/url HTTP/1.1
User-Agent: selenium/4.4.0 (java windows)
Cache-Control: no-cache
Content-Type: application/json; charset=utf-8
host: localhost:59398
accept: */*

Response DefaultHttpResponse(decodeResult: success, version: HTTP/1.1)
HTTP/1.1 200 OK
Content-Type: application/json; charset=utf-8
cache-control: no-cache
content-length: 38

10:08:42.588 [AsyncHttpClient-1-17] DEBUG org.asynchttpclient.netty.channel.ChannelManager - Adding key: http://localhost:59398 for channel [id: 0x64fbd79a, L:/127.0.0.1:61543 - R:localhost/127.0.0.1:59398]
10:08:42.596 [Forwarding getCurrentUrl on session 837b9c31197c1bd892b113949a980f4e to remote] DEBUG org.asynchttpclient.netty.request.NettyRequestSender - Using pooled Channel '[id: 0x64fbd79a, L:/127.0.0.1:61543 - R:localhost/127.0.0.1:59398]' for 'GET' to 'http://localhost:59398/session/837b9c31197c1bd892b113949a980f4e/url'
10:08:42.596 [Forwarding getCurrentUrl on session 837b9c31197c1bd892b113949a980f4e to remote] DEBUG org.asynchttpclient.netty.request.NettyRequestSender - Using open Channel [id: 0x64fbd79a, L:/127.0.0.1:61543 - R:localhost/127.0.0.1:59398] for GET '/session/837b9c31197c1bd892b113949a980f4e/url'
10:08:42.599 [AsyncHttpClient-1-17] DEBUG org.asynchttpclient.netty.handler.HttpHandler - 

Request DefaultFullHttpRequest(decodeResult: success, version: HTTP/1.1, content: EmptyByteBufBE)
GET /session/837b9c31197c1bd892b113949a980f4e/url HTTP/1.1
User-Agent: selenium/4.4.0 (java windows)
Cache-Control: no-cache
Content-Type: application/json; charset=utf-8
host: localhost:59398
accept: */*

Response DefaultHttpResponse(decodeResult: success, version: HTTP/1.1)
HTTP/1.1 200 OK
Content-Type: application/json; charset=utf-8
cache-control: no-cache
content-length: 38

10:08:42.599 [AsyncHttpClient-1-17] DEBUG org.asynchttpclient.netty.channel.ChannelManager - Adding key: http://localhost:59398 for channel [id: 0x64fbd79a, L:/127.0.0.1:61543 - R:localhost/127.0.0.1:59398]
10:08:42.618 [Forwarding getCurrentWindowHandle on session 837b9c31197c1bd892b113949a980f4e to remote] DEBUG org.asynchttpclient.netty.request.NettyRequestSender - Using pooled Channel '[id: 0x64fbd79a, L:/127.0.0.1:61543 - R:localhost/127.0.0.1:59398]' for 'GET' to 'http://localhost:59398/session/837b9c31197c1bd892b113949a980f4e/window'
10:08:42.618 [Forwarding getCurrentWindowHandle on session 837b9c31197c1bd892b113949a980f4e to remote] DEBUG org.asynchttpclient.netty.request.NettyRequestSender - Using open Channel [id: 0x64fbd79a, L:/127.0.0.1:61543 - R:localhost/127.0.0.1:59398] for GET '/session/837b9c31197c1bd892b113949a980f4e/window'
10:08:42.619 [AsyncHttpClient-1-17] DEBUG org.asynchttpclient.netty.handler.HttpHandler - 

Request DefaultFullHttpRequest(decodeResult: success, version: HTTP/1.1, content: EmptyByteBufBE)
GET /session/837b9c31197c1bd892b113949a980f4e/window HTTP/1.1
User-Agent: selenium/4.4.0 (java windows)
Cache-Control: no-cache
Content-Type: application/json; charset=utf-8
host: localhost:59398
accept: */*

Response DefaultHttpResponse(decodeResult: success, version: HTTP/1.1)
HTTP/1.1 200 OK
Content-Type: application/json; charset=utf-8
cache-control: no-cache
content-length: 53

10:08:42.619 [AsyncHttpClient-1-17] DEBUG org.asynchttpclient.netty.channel.ChannelManager - Adding key: http://localhost:59398 for channel [id: 0x64fbd79a, L:/127.0.0.1:61543 - R:localhost/127.0.0.1:59398]
10:08:42.624 [Forwarding getAlertText on session 837b9c31197c1bd892b113949a980f4e to remote] DEBUG org.asynchttpclient.netty.request.NettyRequestSender - Using pooled Channel '[id: 0x64fbd79a, L:/127.0.0.1:61543 - R:localhost/127.0.0.1:59398]' for 'GET' to 'http://localhost:59398/session/837b9c31197c1bd892b113949a980f4e/alert/text'
10:08:42.624 [Forwarding getAlertText on session 837b9c31197c1bd892b113949a980f4e to remote] DEBUG org.asynchttpclient.netty.request.NettyRequestSender - Using open Channel [id: 0x64fbd79a, L:/127.0.0.1:61543 - R:localhost/127.0.0.1:59398] for GET '/session/837b9c31197c1bd892b113949a980f4e/alert/text'
10:08:42.626 [AsyncHttpClient-1-17] DEBUG org.asynchttpclient.netty.handler.HttpHandler - 

Request DefaultFullHttpRequest(decodeResult: success, version: HTTP/1.1, content: EmptyByteBufBE)
GET /session/837b9c31197c1bd892b113949a980f4e/alert/text HTTP/1.1
User-Agent: selenium/4.4.0 (java windows)
Cache-Control: no-cache
Content-Type: application/json; charset=utf-8
host: localhost:59398
accept: */*

Response DefaultHttpResponse(decodeResult: success, version: HTTP/1.1)
HTTP/1.1 404 Not Found
Content-Type: application/json; charset=utf-8
cache-control: no-cache
content-length: 879

10:08:42.626 [AsyncHttpClient-1-17] DEBUG org.asynchttpclient.netty.channel.ChannelManager - Adding key: http://localhost:59398 for channel [id: 0x64fbd79a, L:/127.0.0.1:61543 - R:localhost/127.0.0.1:59398]
10:08:42.633 [Forwarding switchToWindow on session 837b9c31197c1bd892b113949a980f4e to remote] DEBUG org.asynchttpclient.netty.request.NettyRequestSender - Using pooled Channel '[id: 0x64fbd79a, L:/127.0.0.1:61543 - R:localhost/127.0.0.1:59398]' for 'POST' to 'http://localhost:59398/session/837b9c31197c1bd892b113949a980f4e/window'
10:08:42.633 [Forwarding switchToWindow on session 837b9c31197c1bd892b113949a980f4e to remote] DEBUG org.asynchttpclient.netty.request.NettyRequestSender - Using open Channel [id: 0x64fbd79a, L:/127.0.0.1:61543 - R:localhost/127.0.0.1:59398] for POST '/session/837b9c31197c1bd892b113949a980f4e/window'
10:08:42.637 [AsyncHttpClient-1-17] DEBUG org.asynchttpclient.netty.handler.HttpHandler - 

Request DefaultHttpRequest(decodeResult: success, version: HTTP/1.1)
POST /session/837b9c31197c1bd892b113949a980f4e/window HTTP/1.1
User-Agent: selenium/4.4.0 (java windows)
Content-Length: 59
Content-Type: application/json; charset=utf-8
host: localhost:59398
accept: */*

Response DefaultHttpResponse(decodeResult: success, version: HTTP/1.1)
HTTP/1.1 200 OK
Content-Type: application/json; charset=utf-8
cache-control: no-cache
content-length: 14

10:08:42.637 [AsyncHttpClient-1-17] DEBUG org.asynchttpclient.netty.channel.ChannelManager - Adding key: http://localhost:59398 for channel [id: 0x64fbd79a, L:/127.0.0.1:61543 - R:localhost/127.0.0.1:59398]
10:08:42.639 [Forwarding getCurrentUrl on session 837b9c31197c1bd892b113949a980f4e to remote] DEBUG org.asynchttpclient.netty.request.NettyRequestSender - Using pooled Channel '[id: 0x64fbd79a, L:/127.0.0.1:61543 - R:localhost/127.0.0.1:59398]' for 'GET' to 'http://localhost:59398/session/837b9c31197c1bd892b113949a980f4e/url'
10:08:42.639 [Forwarding getCurrentUrl on session 837b9c31197c1bd892b113949a980f4e to remote] DEBUG org.asynchttpclient.netty.request.NettyRequestSender - Using open Channel [id: 0x64fbd79a, L:/127.0.0.1:61543 - R:localhost/127.0.0.1:59398] for GET '/session/837b9c31197c1bd892b113949a980f4e/url'
10:08:42.642 [AsyncHttpClient-1-17] DEBUG org.asynchttpclient.netty.handler.HttpHandler - 

Request DefaultFullHttpRequest(decodeResult: success, version: HTTP/1.1, content: EmptyByteBufBE)
GET /session/837b9c31197c1bd892b113949a980f4e/url HTTP/1.1
User-Agent: selenium/4.4.0 (java windows)
Cache-Control: no-cache
Content-Type: application/json; charset=utf-8
host: localhost:59398
accept: */*

Response DefaultHttpResponse(decodeResult: success, version: HTTP/1.1)
HTTP/1.1 200 OK
Content-Type: application/json; charset=utf-8
cache-control: no-cache
content-length: 38

10:08:42.642 [AsyncHttpClient-1-17] DEBUG org.asynchttpclient.netty.channel.ChannelManager - Adding key: http://localhost:59398 for channel [id: 0x64fbd79a, L:/127.0.0.1:61543 - R:localhost/127.0.0.1:59398]
10:08:42.643 [Forwarding screenshot on session 837b9c31197c1bd892b113949a980f4e to remote] DEBUG org.asynchttpclient.netty.request.NettyRequestSender - Using pooled Channel '[id: 0x64fbd79a, L:/127.0.0.1:61543 - R:localhost/127.0.0.1:59398]' for 'GET' to 'http://localhost:59398/session/837b9c31197c1bd892b113949a980f4e/screenshot'
10:08:42.643 [Forwarding screenshot on session 837b9c31197c1bd892b113949a980f4e to remote] DEBUG org.asynchttpclient.netty.request.NettyRequestSender - Using open Channel [id: 0x64fbd79a, L:/127.0.0.1:61543 - R:localhost/127.0.0.1:59398] for GET '/session/837b9c31197c1bd892b113949a980f4e/screenshot'
10:08:42.732 [AsyncHttpClient-1-17] DEBUG org.asynchttpclient.netty.handler.HttpHandler - 

Request DefaultFullHttpRequest(decodeResult: success, version: HTTP/1.1, content: EmptyByteBufBE)
GET /session/837b9c31197c1bd892b113949a980f4e/screenshot HTTP/1.1
User-Agent: selenium/4.4.0 (java windows)
Cache-Control: no-cache
Content-Type: application/json; charset=utf-8
host: localhost:59398
accept: */*

Response DefaultHttpResponse(decodeResult: success, version: HTTP/1.1)
HTTP/1.1 200 OK
Content-Type: application/json; charset=utf-8
cache-control: no-cache
content-length: 59108

10:08:42.732 [AsyncHttpClient-1-17] DEBUG org.asynchttpclient.netty.channel.ChannelManager - Adding key: http://localhost:59398 for channel [id: 0x64fbd79a, L:/127.0.0.1:61543 - R:localhost/127.0.0.1:59398]
10:08:42.734 [Test worker] DEBUG net.serenitybdd.core.photography.Darkroom - Send negative for processing for C:\Users\juan.gomezv\IdeaProjects\sura\target\site\serenity\60e3c498caf7a8fcf635471a5092c247627e1395d91e12246eaf1a3e7a34e095.png
10:08:42.734 [Test worker] DEBUG net.thucydides.core.steps.StepInterceptor - STEP DONE: {0} opens the #targetPageName
10:08:42.741 [Test worker] DEBUG net.thucydides.core.steps.StepInterceptor - STEP DONE: {0} abre la aplicaciÃ³n
  ?[32mDado ?[0m?[32m?[0m?[32m?[1mAlberto?[0m?[32m quiere consultar articulos deportivos en la web de la marca Swag?[0m   ?[90m# sura.stepDefinitions.LoginSteps.albertoQuiereConsultarArticulosDeportivosEnLaWebDeLaMarcaSwag(net.serenitybdd.screenplay.Actor)?[0m
10:08:42.754 [Forwarding getPageSource on session 837b9c31197c1bd892b113949a980f4e to remote] DEBUG org.asynchttpclient.netty.request.NettyRequestSender - Using pooled Channel '[id: 0x64fbd79a, L:/127.0.0.1:61543 - R:localhost/127.0.0.1:59398]' for 'POST' to 'http://localhost:59398/session/837b9c31197c1bd892b113949a980f4e/execute/sync'
10:08:42.754 [Forwarding getPageSource on session 837b9c31197c1bd892b113949a980f4e to remote] DEBUG org.asynchttpclient.netty.request.NettyRequestSender - Using open Channel [id: 0x64fbd79a, L:/127.0.0.1:61543 - R:localhost/127.0.0.1:59398] for POST '/session/837b9c31197c1bd892b113949a980f4e/execute/sync'
10:08:42.758 [AsyncHttpClient-1-17] DEBUG org.asynchttpclient.netty.handler.HttpHandler - 

Request DefaultHttpRequest(decodeResult: success, version: HTTP/1.1)
POST /session/837b9c31197c1bd892b113949a980f4e/execute/sync HTTP/1.1
User-Agent: selenium/4.4.0 (java windows)
Content-Length: 176
Content-Type: application/json; charset=utf-8
host: localhost:59398
accept: */*

Response DefaultHttpResponse(decodeResult: success, version: HTTP/1.1)
HTTP/1.1 200 OK
Content-Type: application/json; charset=utf-8
cache-control: no-cache
content-length: 4160

10:08:42.758 [AsyncHttpClient-1-17] DEBUG org.asynchttpclient.netty.channel.ChannelManager - Adding key: http://localhost:59398 for channel [id: 0x64fbd79a, L:/127.0.0.1:61543 - R:localhost/127.0.0.1:59398]
10:08:42.759 [Forwarding getCurrentUrl on session 837b9c31197c1bd892b113949a980f4e to remote] DEBUG org.asynchttpclient.netty.request.NettyRequestSender - Using pooled Channel '[id: 0x64fbd79a, L:/127.0.0.1:61543 - R:localhost/127.0.0.1:59398]' for 'GET' to 'http://localhost:59398/session/837b9c31197c1bd892b113949a980f4e/url'
10:08:42.759 [Forwarding getCurrentUrl on session 837b9c31197c1bd892b113949a980f4e to remote] DEBUG org.asynchttpclient.netty.request.NettyRequestSender - Using open Channel [id: 0x64fbd79a, L:/127.0.0.1:61543 - R:localhost/127.0.0.1:59398] for GET '/session/837b9c31197c1bd892b113949a980f4e/url'
10:08:42.762 [AsyncHttpClient-1-17] DEBUG org.asynchttpclient.netty.handler.HttpHandler - 

Request DefaultFullHttpRequest(decodeResult: success, version: HTTP/1.1, content: EmptyByteBufBE)
GET /session/837b9c31197c1bd892b113949a980f4e/url HTTP/1.1
User-Agent: selenium/4.4.0 (java windows)
Cache-Control: no-cache
Content-Type: application/json; charset=utf-8
host: localhost:59398
accept: */*

Response DefaultHttpResponse(decodeResult: success, version: HTTP/1.1)
HTTP/1.1 200 OK
Content-Type: application/json; charset=utf-8
cache-control: no-cache
content-length: 38

10:08:42.762 [AsyncHttpClient-1-17] DEBUG org.asynchttpclient.netty.channel.ChannelManager - Adding key: http://localhost:59398 for channel [id: 0x64fbd79a, L:/127.0.0.1:61543 - R:localhost/127.0.0.1:59398]
10:08:42.771 [Forwarding getPageSource on session 837b9c31197c1bd892b113949a980f4e to remote] DEBUG org.asynchttpclient.netty.request.NettyRequestSender - Using pooled Channel '[id: 0x64fbd79a, L:/127.0.0.1:61543 - R:localhost/127.0.0.1:59398]' for 'POST' to 'http://localhost:59398/session/837b9c31197c1bd892b113949a980f4e/execute/sync'
10:08:42.771 [Forwarding getPageSource on session 837b9c31197c1bd892b113949a980f4e to remote] DEBUG org.asynchttpclient.netty.request.NettyRequestSender - Using open Channel [id: 0x64fbd79a, L:/127.0.0.1:61543 - R:localhost/127.0.0.1:59398] for POST '/session/837b9c31197c1bd892b113949a980f4e/execute/sync'
10:08:42.775 [AsyncHttpClient-1-17] DEBUG org.asynchttpclient.netty.handler.HttpHandler - 

Request DefaultHttpRequest(decodeResult: success, version: HTTP/1.1)
POST /session/837b9c31197c1bd892b113949a980f4e/execute/sync HTTP/1.1
User-Agent: selenium/4.4.0 (java windows)
Content-Length: 176
Content-Type: application/json; charset=utf-8
host: localhost:59398
accept: */*

Response DefaultHttpResponse(decodeResult: success, version: HTTP/1.1)
HTTP/1.1 200 OK
Content-Type: application/json; charset=utf-8
cache-control: no-cache
content-length: 4160

10:08:42.775 [AsyncHttpClient-1-17] DEBUG org.asynchttpclient.netty.channel.ChannelManager - Adding key: http://localhost:59398 for channel [id: 0x64fbd79a, L:/127.0.0.1:61543 - R:localhost/127.0.0.1:59398]
10:08:42.776 [Forwarding getCurrentUrl on session 837b9c31197c1bd892b113949a980f4e to remote] DEBUG org.asynchttpclient.netty.request.NettyRequestSender - Using pooled Channel '[id: 0x64fbd79a, L:/127.0.0.1:61543 - R:localhost/127.0.0.1:59398]' for 'GET' to 'http://localhost:59398/session/837b9c31197c1bd892b113949a980f4e/url'
10:08:42.776 [Forwarding getCurrentUrl on session 837b9c31197c1bd892b113949a980f4e to remote] DEBUG org.asynchttpclient.netty.request.NettyRequestSender - Using open Channel [id: 0x64fbd79a, L:/127.0.0.1:61543 - R:localhost/127.0.0.1:59398] for GET '/session/837b9c31197c1bd892b113949a980f4e/url'
10:08:42.778 [AsyncHttpClient-1-17] DEBUG org.asynchttpclient.netty.handler.HttpHandler - 

Request DefaultFullHttpRequest(decodeResult: success, version: HTTP/1.1, content: EmptyByteBufBE)
GET /session/837b9c31197c1bd892b113949a980f4e/url HTTP/1.1
User-Agent: selenium/4.4.0 (java windows)
Cache-Control: no-cache
Content-Type: application/json; charset=utf-8
host: localhost:59398
accept: */*

Response DefaultHttpResponse(decodeResult: success, version: HTTP/1.1)
HTTP/1.1 200 OK
Content-Type: application/json; charset=utf-8
cache-control: no-cache
content-length: 38

10:08:42.778 [AsyncHttpClient-1-17] DEBUG org.asynchttpclient.netty.channel.ChannelManager - Adding key: http://localhost:59398 for channel [id: 0x64fbd79a, L:/127.0.0.1:61543 - R:localhost/127.0.0.1:59398]
10:08:42.780 [Test worker] DEBUG net.thucydides.core.steps.StepInterceptor - STARTING STEP: LoginSteps.elSeAutenticaComoUnUsuario - performAs
10:08:42.793 [Forwarding getCurrentWindowHandle on session 837b9c31197c1bd892b113949a980f4e to remote] DEBUG org.asynchttpclient.netty.request.NettyRequestSender - Using pooled Channel '[id: 0x64fbd79a, L:/127.0.0.1:61543 - R:localhost/127.0.0.1:59398]' for 'GET' to 'http://localhost:59398/session/837b9c31197c1bd892b113949a980f4e/window'
10:08:42.793 [Forwarding getCurrentWindowHandle on session 837b9c31197c1bd892b113949a980f4e to remote] DEBUG org.asynchttpclient.netty.request.NettyRequestSender - Using open Channel [id: 0x64fbd79a, L:/127.0.0.1:61543 - R:localhost/127.0.0.1:59398] for GET '/session/837b9c31197c1bd892b113949a980f4e/window'
10:08:42.794 [AsyncHttpClient-1-17] DEBUG org.asynchttpclient.netty.handler.HttpHandler - 

Request DefaultFullHttpRequest(decodeResult: success, version: HTTP/1.1, content: EmptyByteBufBE)
GET /session/837b9c31197c1bd892b113949a980f4e/window HTTP/1.1
User-Agent: selenium/4.4.0 (java windows)
Cache-Control: no-cache
Content-Type: application/json; charset=utf-8
host: localhost:59398
accept: */*

Response DefaultHttpResponse(decodeResult: success, version: HTTP/1.1)
HTTP/1.1 200 OK
Content-Type: application/json; charset=utf-8
cache-control: no-cache
content-length: 53

10:08:42.794 [AsyncHttpClient-1-17] DEBUG org.asynchttpclient.netty.channel.ChannelManager - Adding key: http://localhost:59398 for channel [id: 0x64fbd79a, L:/127.0.0.1:61543 - R:localhost/127.0.0.1:59398]
10:08:42.797 [Forwarding getAlertText on session 837b9c31197c1bd892b113949a980f4e to remote] DEBUG org.asynchttpclient.netty.request.NettyRequestSender - Using pooled Channel '[id: 0x64fbd79a, L:/127.0.0.1:61543 - R:localhost/127.0.0.1:59398]' for 'GET' to 'http://localhost:59398/session/837b9c31197c1bd892b113949a980f4e/alert/text'
10:08:42.797 [Forwarding getAlertText on session 837b9c31197c1bd892b113949a980f4e to remote] DEBUG org.asynchttpclient.netty.request.NettyRequestSender - Using open Channel [id: 0x64fbd79a, L:/127.0.0.1:61543 - R:localhost/127.0.0.1:59398] for GET '/session/837b9c31197c1bd892b113949a980f4e/alert/text'
10:08:42.799 [AsyncHttpClient-1-17] DEBUG org.asynchttpclient.netty.handler.HttpHandler - 

Request DefaultFullHttpRequest(decodeResult: success, version: HTTP/1.1, content: EmptyByteBufBE)
GET /session/837b9c31197c1bd892b113949a980f4e/alert/text HTTP/1.1
User-Agent: selenium/4.4.0 (java windows)
Cache-Control: no-cache
Content-Type: application/json; charset=utf-8
host: localhost:59398
accept: */*

Response DefaultHttpResponse(decodeResult: success, version: HTTP/1.1)
HTTP/1.1 404 Not Found
Content-Type: application/json; charset=utf-8
cache-control: no-cache
content-length: 879

10:08:42.799 [AsyncHttpClient-1-17] DEBUG org.asynchttpclient.netty.channel.ChannelManager - Adding key: http://localhost:59398 for channel [id: 0x64fbd79a, L:/127.0.0.1:61543 - R:localhost/127.0.0.1:59398]
10:08:42.802 [Forwarding switchToWindow on session 837b9c31197c1bd892b113949a980f4e to remote] DEBUG org.asynchttpclient.netty.request.NettyRequestSender - Using pooled Channel '[id: 0x64fbd79a, L:/127.0.0.1:61543 - R:localhost/127.0.0.1:59398]' for 'POST' to 'http://localhost:59398/session/837b9c31197c1bd892b113949a980f4e/window'
10:08:42.802 [Forwarding switchToWindow on session 837b9c31197c1bd892b113949a980f4e to remote] DEBUG org.asynchttpclient.netty.request.NettyRequestSender - Using open Channel [id: 0x64fbd79a, L:/127.0.0.1:61543 - R:localhost/127.0.0.1:59398] for POST '/session/837b9c31197c1bd892b113949a980f4e/window'
10:08:42.804 [AsyncHttpClient-1-17] DEBUG org.asynchttpclient.netty.handler.HttpHandler - 

Request DefaultHttpRequest(decodeResult: success, version: HTTP/1.1)
POST /session/837b9c31197c1bd892b113949a980f4e/window HTTP/1.1
User-Agent: selenium/4.4.0 (java windows)
Content-Length: 59
Content-Type: application/json; charset=utf-8
host: localhost:59398
accept: */*

Response DefaultHttpResponse(decodeResult: success, version: HTTP/1.1)
HTTP/1.1 200 OK
Content-Type: application/json; charset=utf-8
cache-control: no-cache
content-length: 14

10:08:42.805 [AsyncHttpClient-1-17] DEBUG org.asynchttpclient.netty.channel.ChannelManager - Adding key: http://localhost:59398 for channel [id: 0x64fbd79a, L:/127.0.0.1:61543 - R:localhost/127.0.0.1:59398]
10:08:42.805 [AsyncHttpClient-1-1] DEBUG org.asynchttpclient.netty.channel.DefaultChannelPool - Entry count for : http://localhost:59398 : 1
10:08:42.805 [AsyncHttpClient-1-1] DEBUG org.asynchttpclient.netty.channel.DefaultChannelPool - Entry count for : http://localhost:61544 : 1
10:08:42.805 [Forwarding getCurrentUrl on session 837b9c31197c1bd892b113949a980f4e to remote] DEBUG org.asynchttpclient.netty.request.NettyRequestSender - Using pooled Channel '[id: 0x64fbd79a, L:/127.0.0.1:61543 - R:localhost/127.0.0.1:59398]' for 'GET' to 'http://localhost:59398/session/837b9c31197c1bd892b113949a980f4e/url'
10:08:42.805 [Forwarding getCurrentUrl on session 837b9c31197c1bd892b113949a980f4e to remote] DEBUG org.asynchttpclient.netty.request.NettyRequestSender - Using open Channel [id: 0x64fbd79a, L:/127.0.0.1:61543 - R:localhost/127.0.0.1:59398] for GET '/session/837b9c31197c1bd892b113949a980f4e/url'
10:08:42.809 [AsyncHttpClient-1-17] DEBUG org.asynchttpclient.netty.handler.HttpHandler - 

Request DefaultFullHttpRequest(decodeResult: success, version: HTTP/1.1, content: EmptyByteBufBE)
GET /session/837b9c31197c1bd892b113949a980f4e/url HTTP/1.1
User-Agent: selenium/4.4.0 (java windows)
Cache-Control: no-cache
Content-Type: application/json; charset=utf-8
host: localhost:59398
accept: */*

Response DefaultHttpResponse(decodeResult: success, version: HTTP/1.1)
HTTP/1.1 200 OK
Content-Type: application/json; charset=utf-8
cache-control: no-cache
content-length: 38

10:08:42.809 [AsyncHttpClient-1-17] DEBUG org.asynchttpclient.netty.channel.ChannelManager - Adding key: http://localhost:59398 for channel [id: 0x64fbd79a, L:/127.0.0.1:61543 - R:localhost/127.0.0.1:59398]
10:08:42.810 [Forwarding screenshot on session 837b9c31197c1bd892b113949a980f4e to remote] DEBUG org.asynchttpclient.netty.request.NettyRequestSender - Using pooled Channel '[id: 0x64fbd79a, L:/127.0.0.1:61543 - R:localhost/127.0.0.1:59398]' for 'GET' to 'http://localhost:59398/session/837b9c31197c1bd892b113949a980f4e/screenshot'
10:08:42.810 [Forwarding screenshot on session 837b9c31197c1bd892b113949a980f4e to remote] DEBUG org.asynchttpclient.netty.request.NettyRequestSender - Using open Channel [id: 0x64fbd79a, L:/127.0.0.1:61543 - R:localhost/127.0.0.1:59398] for GET '/session/837b9c31197c1bd892b113949a980f4e/screenshot'
10:08:42.870 [AsyncHttpClient-1-17] DEBUG org.asynchttpclient.netty.handler.HttpHandler - 

Request DefaultFullHttpRequest(decodeResult: success, version: HTTP/1.1, content: EmptyByteBufBE)
GET /session/837b9c31197c1bd892b113949a980f4e/screenshot HTTP/1.1
User-Agent: selenium/4.4.0 (java windows)
Cache-Control: no-cache
Content-Type: application/json; charset=utf-8
host: localhost:59398
accept: */*

Response DefaultHttpResponse(decodeResult: success, version: HTTP/1.1)
HTTP/1.1 200 OK
Content-Type: application/json; charset=utf-8
cache-control: no-cache
content-length: 59108

10:08:42.870 [AsyncHttpClient-1-17] DEBUG org.asynchttpclient.netty.channel.ChannelManager - Adding key: http://localhost:59398 for channel [id: 0x64fbd79a, L:/127.0.0.1:61543 - R:localhost/127.0.0.1:59398]
10:08:42.871 [Test worker] DEBUG net.serenitybdd.core.photography.Darkroom - Send negative for processing for C:\Users\juan.gomezv\IdeaProjects\sura\target\site\serenity\60e3c498caf7a8fcf635471a5092c247627e1395d91e12246eaf1a3e7a34e095.png
10:08:42.875 [Forwarding getPageSource on session 837b9c31197c1bd892b113949a980f4e to remote] DEBUG org.asynchttpclient.netty.request.NettyRequestSender - Using pooled Channel '[id: 0x64fbd79a, L:/127.0.0.1:61543 - R:localhost/127.0.0.1:59398]' for 'POST' to 'http://localhost:59398/session/837b9c31197c1bd892b113949a980f4e/execute/sync'
10:08:42.875 [Forwarding getPageSource on session 837b9c31197c1bd892b113949a980f4e to remote] DEBUG org.asynchttpclient.netty.request.NettyRequestSender - Using open Channel [id: 0x64fbd79a, L:/127.0.0.1:61543 - R:localhost/127.0.0.1:59398] for POST '/session/837b9c31197c1bd892b113949a980f4e/execute/sync'
10:08:42.880 [AsyncHttpClient-1-17] DEBUG org.asynchttpclient.netty.handler.HttpHandler - 

Request DefaultHttpRequest(decodeResult: success, version: HTTP/1.1)
POST /session/837b9c31197c1bd892b113949a980f4e/execute/sync HTTP/1.1
User-Agent: selenium/4.4.0 (java windows)
Content-Length: 176
Content-Type: application/json; charset=utf-8
host: localhost:59398
accept: */*

Response DefaultHttpResponse(decodeResult: success, version: HTTP/1.1)
HTTP/1.1 200 OK
Content-Type: application/json; charset=utf-8
cache-control: no-cache
content-length: 4160

10:08:42.880 [AsyncHttpClient-1-17] DEBUG org.asynchttpclient.netty.channel.ChannelManager - Adding key: http://localhost:59398 for channel [id: 0x64fbd79a, L:/127.0.0.1:61543 - R:localhost/127.0.0.1:59398]
10:08:42.881 [Forwarding getCurrentUrl on session 837b9c31197c1bd892b113949a980f4e to remote] DEBUG org.asynchttpclient.netty.request.NettyRequestSender - Using pooled Channel '[id: 0x64fbd79a, L:/127.0.0.1:61543 - R:localhost/127.0.0.1:59398]' for 'GET' to 'http://localhost:59398/session/837b9c31197c1bd892b113949a980f4e/url'
10:08:42.881 [Forwarding getCurrentUrl on session 837b9c31197c1bd892b113949a980f4e to remote] DEBUG org.asynchttpclient.netty.request.NettyRequestSender - Using open Channel [id: 0x64fbd79a, L:/127.0.0.1:61543 - R:localhost/127.0.0.1:59398] for GET '/session/837b9c31197c1bd892b113949a980f4e/url'
10:08:42.885 [AsyncHttpClient-1-17] DEBUG org.asynchttpclient.netty.handler.HttpHandler - 

Request DefaultFullHttpRequest(decodeResult: success, version: HTTP/1.1, content: EmptyByteBufBE)
GET /session/837b9c31197c1bd892b113949a980f4e/url HTTP/1.1
User-Agent: selenium/4.4.0 (java windows)
Cache-Control: no-cache
Content-Type: application/json; charset=utf-8
host: localhost:59398
accept: */*

Response DefaultHttpResponse(decodeResult: success, version: HTTP/1.1)
HTTP/1.1 200 OK
Content-Type: application/json; charset=utf-8
cache-control: no-cache
content-length: 38

10:08:42.885 [AsyncHttpClient-1-17] DEBUG org.asynchttpclient.netty.channel.ChannelManager - Adding key: http://localhost:59398 for channel [id: 0x64fbd79a, L:/127.0.0.1:61543 - R:localhost/127.0.0.1:59398]
10:08:42.887 [Test worker] DEBUG net.thucydides.core.steps.StepInterceptor - STARTING STEP: LogIn.performAs - {0} enters #theTextAsAString into #target
10:08:42.890 [Test worker] DEBUG net.serenitybdd.screenplay.targets.IFrameSwitcher - default content already selected for UsernameTextBox
10:08:42.901 [Forwarding findElement on session 837b9c31197c1bd892b113949a980f4e to remote] DEBUG org.asynchttpclient.netty.request.NettyRequestSender - Using pooled Channel '[id: 0x64fbd79a, L:/127.0.0.1:61543 - R:localhost/127.0.0.1:59398]' for 'POST' to 'http://localhost:59398/session/837b9c31197c1bd892b113949a980f4e/element'
10:08:42.902 [Forwarding findElement on session 837b9c31197c1bd892b113949a980f4e to remote] DEBUG org.asynchttpclient.netty.request.NettyRequestSender - Using open Channel [id: 0x64fbd79a, L:/127.0.0.1:61543 - R:localhost/127.0.0.1:59398] for POST '/session/837b9c31197c1bd892b113949a980f4e/element'
10:08:42.911 [AsyncHttpClient-1-17] DEBUG org.asynchttpclient.netty.handler.HttpHandler - 

Request DefaultHttpRequest(decodeResult: success, version: HTTP/1.1)
POST /session/837b9c31197c1bd892b113949a980f4e/element HTTP/1.1
User-Agent: selenium/4.4.0 (java windows)
Content-Length: 67
Content-Type: application/json; charset=utf-8
host: localhost:59398
accept: */*

Response DefaultHttpResponse(decodeResult: success, version: HTTP/1.1)
HTTP/1.1 200 OK
Content-Type: application/json; charset=utf-8
cache-control: no-cache
content-length: 88

10:08:42.912 [AsyncHttpClient-1-17] DEBUG org.asynchttpclient.netty.channel.ChannelManager - Adding key: http://localhost:59398 for channel [id: 0x64fbd79a, L:/127.0.0.1:61543 - R:localhost/127.0.0.1:59398]
10:08:42.912 [Forwarding clearElement on session 837b9c31197c1bd892b113949a980f4e to remote] DEBUG org.asynchttpclient.netty.request.NettyRequestSender - Using pooled Channel '[id: 0x64fbd79a, L:/127.0.0.1:61543 - R:localhost/127.0.0.1:59398]' for 'POST' to 'http://localhost:59398/session/837b9c31197c1bd892b113949a980f4e/element/57895a7e-41af-4137-9f5a-a727b267125d/clear'
10:08:42.912 [Forwarding clearElement on session 837b9c31197c1bd892b113949a980f4e to remote] DEBUG org.asynchttpclient.netty.request.NettyRequestSender - Using open Channel [id: 0x64fbd79a, L:/127.0.0.1:61543 - R:localhost/127.0.0.1:59398] for POST '/session/837b9c31197c1bd892b113949a980f4e/element/57895a7e-41af-4137-9f5a-a727b267125d/clear'
10:08:42.937 [AsyncHttpClient-1-17] DEBUG org.asynchttpclient.netty.handler.HttpHandler - 

Request DefaultHttpRequest(decodeResult: success, version: HTTP/1.1)
POST /session/837b9c31197c1bd892b113949a980f4e/element/57895a7e-41af-4137-9f5a-a727b267125d/clear HTTP/1.1
User-Agent: selenium/4.4.0 (java windows)
Content-Length: 50
Content-Type: application/json; charset=utf-8
host: localhost:59398
accept: */*

Response DefaultHttpResponse(decodeResult: success, version: HTTP/1.1)
HTTP/1.1 200 OK
Content-Type: application/json; charset=utf-8
cache-control: no-cache
content-length: 14

10:08:42.937 [AsyncHttpClient-1-17] DEBUG org.asynchttpclient.netty.channel.ChannelManager - Adding key: http://localhost:59398 for channel [id: 0x64fbd79a, L:/127.0.0.1:61543 - R:localhost/127.0.0.1:59398]
10:08:42.941 [Forwarding sendKeysToElement on session 837b9c31197c1bd892b113949a980f4e to remote] DEBUG org.asynchttpclient.netty.request.NettyRequestSender - Using pooled Channel '[id: 0x64fbd79a, L:/127.0.0.1:61543 - R:localhost/127.0.0.1:59398]' for 'POST' to 'http://localhost:59398/session/837b9c31197c1bd892b113949a980f4e/element/57895a7e-41af-4137-9f5a-a727b267125d/value'
10:08:42.941 [Forwarding sendKeysToElement on session 837b9c31197c1bd892b113949a980f4e to remote] DEBUG org.asynchttpclient.netty.request.NettyRequestSender - Using open Channel [id: 0x64fbd79a, L:/127.0.0.1:61543 - R:localhost/127.0.0.1:59398] for POST '/session/837b9c31197c1bd892b113949a980f4e/element/57895a7e-41af-4137-9f5a-a727b267125d/value'
10:08:42.984 [AsyncHttpClient-1-17] DEBUG org.asynchttpclient.netty.handler.HttpHandler - 

Request DefaultHttpRequest(decodeResult: success, version: HTTP/1.1)
POST /session/837b9c31197c1bd892b113949a980f4e/element/57895a7e-41af-4137-9f5a-a727b267125d/value HTTP/1.1
User-Agent: selenium/4.4.0 (java windows)
Content-Length: 151
Content-Type: application/json; charset=utf-8
host: localhost:59398
accept: */*

Response DefaultHttpResponse(decodeResult: success, version: HTTP/1.1)
HTTP/1.1 200 OK
Content-Type: application/json; charset=utf-8
cache-control: no-cache
content-length: 14

10:08:42.984 [AsyncHttpClient-1-17] DEBUG org.asynchttpclient.netty.channel.ChannelManager - Adding key: http://localhost:59398 for channel [id: 0x64fbd79a, L:/127.0.0.1:61543 - R:localhost/127.0.0.1:59398]
10:08:43.003 [Forwarding getCurrentWindowHandle on session 837b9c31197c1bd892b113949a980f4e to remote] DEBUG org.asynchttpclient.netty.request.NettyRequestSender - Using pooled Channel '[id: 0x64fbd79a, L:/127.0.0.1:61543 - R:localhost/127.0.0.1:59398]' for 'GET' to 'http://localhost:59398/session/837b9c31197c1bd892b113949a980f4e/window'
10:08:43.003 [Forwarding getCurrentWindowHandle on session 837b9c31197c1bd892b113949a980f4e to remote] DEBUG org.asynchttpclient.netty.request.NettyRequestSender - Using open Channel [id: 0x64fbd79a, L:/127.0.0.1:61543 - R:localhost/127.0.0.1:59398] for GET '/session/837b9c31197c1bd892b113949a980f4e/window'
10:08:43.003 [AsyncHttpClient-1-17] DEBUG org.asynchttpclient.netty.handler.HttpHandler - 

Request DefaultFullHttpRequest(decodeResult: success, version: HTTP/1.1, content: EmptyByteBufBE)
GET /session/837b9c31197c1bd892b113949a980f4e/window HTTP/1.1
User-Agent: selenium/4.4.0 (java windows)
Cache-Control: no-cache
Content-Type: application/json; charset=utf-8
host: localhost:59398
accept: */*

Response DefaultHttpResponse(decodeResult: success, version: HTTP/1.1)
HTTP/1.1 200 OK
Content-Type: application/json; charset=utf-8
cache-control: no-cache
content-length: 53

10:08:43.004 [AsyncHttpClient-1-17] DEBUG org.asynchttpclient.netty.channel.ChannelManager - Adding key: http://localhost:59398 for channel [id: 0x64fbd79a, L:/127.0.0.1:61543 - R:localhost/127.0.0.1:59398]
10:08:43.006 [Forwarding getAlertText on session 837b9c31197c1bd892b113949a980f4e to remote] DEBUG org.asynchttpclient.netty.request.NettyRequestSender - Using pooled Channel '[id: 0x64fbd79a, L:/127.0.0.1:61543 - R:localhost/127.0.0.1:59398]' for 'GET' to 'http://localhost:59398/session/837b9c31197c1bd892b113949a980f4e/alert/text'
10:08:43.007 [Forwarding getAlertText on session 837b9c31197c1bd892b113949a980f4e to remote] DEBUG org.asynchttpclient.netty.request.NettyRequestSender - Using open Channel [id: 0x64fbd79a, L:/127.0.0.1:61543 - R:localhost/127.0.0.1:59398] for GET '/session/837b9c31197c1bd892b113949a980f4e/alert/text'
10:08:43.008 [AsyncHttpClient-1-17] DEBUG org.asynchttpclient.netty.handler.HttpHandler - 

Request DefaultFullHttpRequest(decodeResult: success, version: HTTP/1.1, content: EmptyByteBufBE)
GET /session/837b9c31197c1bd892b113949a980f4e/alert/text HTTP/1.1
User-Agent: selenium/4.4.0 (java windows)
Cache-Control: no-cache
Content-Type: application/json; charset=utf-8
host: localhost:59398
accept: */*

Response DefaultHttpResponse(decodeResult: success, version: HTTP/1.1)
HTTP/1.1 404 Not Found
Content-Type: application/json; charset=utf-8
cache-control: no-cache
content-length: 879

10:08:43.008 [AsyncHttpClient-1-17] DEBUG org.asynchttpclient.netty.channel.ChannelManager - Adding key: http://localhost:59398 for channel [id: 0x64fbd79a, L:/127.0.0.1:61543 - R:localhost/127.0.0.1:59398]
10:08:43.012 [Forwarding switchToWindow on session 837b9c31197c1bd892b113949a980f4e to remote] DEBUG org.asynchttpclient.netty.request.NettyRequestSender - Using pooled Channel '[id: 0x64fbd79a, L:/127.0.0.1:61543 - R:localhost/127.0.0.1:59398]' for 'POST' to 'http://localhost:59398/session/837b9c31197c1bd892b113949a980f4e/window'
10:08:43.012 [Forwarding switchToWindow on session 837b9c31197c1bd892b113949a980f4e to remote] DEBUG org.asynchttpclient.netty.request.NettyRequestSender - Using open Channel [id: 0x64fbd79a, L:/127.0.0.1:61543 - R:localhost/127.0.0.1:59398] for POST '/session/837b9c31197c1bd892b113949a980f4e/window'
10:08:43.015 [AsyncHttpClient-1-17] DEBUG org.asynchttpclient.netty.handler.HttpHandler - 

Request DefaultHttpRequest(decodeResult: success, version: HTTP/1.1)
POST /session/837b9c31197c1bd892b113949a980f4e/window HTTP/1.1
User-Agent: selenium/4.4.0 (java windows)
Content-Length: 59
Content-Type: application/json; charset=utf-8
host: localhost:59398
accept: */*

Response DefaultHttpResponse(decodeResult: success, version: HTTP/1.1)
HTTP/1.1 200 OK
Content-Type: application/json; charset=utf-8
cache-control: no-cache
content-length: 14

10:08:43.015 [AsyncHttpClient-1-17] DEBUG org.asynchttpclient.netty.channel.ChannelManager - Adding key: http://localhost:59398 for channel [id: 0x64fbd79a, L:/127.0.0.1:61543 - R:localhost/127.0.0.1:59398]
10:08:43.015 [Forwarding getCurrentUrl on session 837b9c31197c1bd892b113949a980f4e to remote] DEBUG org.asynchttpclient.netty.request.NettyRequestSender - Using pooled Channel '[id: 0x64fbd79a, L:/127.0.0.1:61543 - R:localhost/127.0.0.1:59398]' for 'GET' to 'http://localhost:59398/session/837b9c31197c1bd892b113949a980f4e/url'
10:08:43.015 [Forwarding getCurrentUrl on session 837b9c31197c1bd892b113949a980f4e to remote] DEBUG org.asynchttpclient.netty.request.NettyRequestSender - Using open Channel [id: 0x64fbd79a, L:/127.0.0.1:61543 - R:localhost/127.0.0.1:59398] for GET '/session/837b9c31197c1bd892b113949a980f4e/url'
10:08:43.019 [AsyncHttpClient-1-17] DEBUG org.asynchttpclient.netty.handler.HttpHandler - 

Request DefaultFullHttpRequest(decodeResult: success, version: HTTP/1.1, content: EmptyByteBufBE)
GET /session/837b9c31197c1bd892b113949a980f4e/url HTTP/1.1
User-Agent: selenium/4.4.0 (java windows)
Cache-Control: no-cache
Content-Type: application/json; charset=utf-8
host: localhost:59398
accept: */*

Response DefaultHttpResponse(decodeResult: success, version: HTTP/1.1)
HTTP/1.1 200 OK
Content-Type: application/json; charset=utf-8
cache-control: no-cache
content-length: 38

10:08:43.020 [AsyncHttpClient-1-17] DEBUG org.asynchttpclient.netty.channel.ChannelManager - Adding key: http://localhost:59398 for channel [id: 0x64fbd79a, L:/127.0.0.1:61543 - R:localhost/127.0.0.1:59398]
10:08:43.020 [Forwarding screenshot on session 837b9c31197c1bd892b113949a980f4e to remote] DEBUG org.asynchttpclient.netty.request.NettyRequestSender - Using pooled Channel '[id: 0x64fbd79a, L:/127.0.0.1:61543 - R:localhost/127.0.0.1:59398]' for 'GET' to 'http://localhost:59398/session/837b9c31197c1bd892b113949a980f4e/screenshot'
10:08:43.020 [Forwarding screenshot on session 837b9c31197c1bd892b113949a980f4e to remote] DEBUG org.asynchttpclient.netty.request.NettyRequestSender - Using open Channel [id: 0x64fbd79a, L:/127.0.0.1:61543 - R:localhost/127.0.0.1:59398] for GET '/session/837b9c31197c1bd892b113949a980f4e/screenshot'
10:08:43.106 [AsyncHttpClient-1-17] DEBUG org.asynchttpclient.netty.handler.HttpHandler - 

Request DefaultFullHttpRequest(decodeResult: success, version: HTTP/1.1, content: EmptyByteBufBE)
GET /session/837b9c31197c1bd892b113949a980f4e/screenshot HTTP/1.1
User-Agent: selenium/4.4.0 (java windows)
Cache-Control: no-cache
Content-Type: application/json; charset=utf-8
host: localhost:59398
accept: */*

Response DefaultHttpResponse(decodeResult: success, version: HTTP/1.1)
HTTP/1.1 200 OK
Content-Type: application/json; charset=utf-8
cache-control: no-cache
content-length: 58960

10:08:43.107 [AsyncHttpClient-1-17] DEBUG org.asynchttpclient.netty.channel.ChannelManager - Adding key: http://localhost:59398 for channel [id: 0x64fbd79a, L:/127.0.0.1:61543 - R:localhost/127.0.0.1:59398]
10:08:43.108 [Test worker] DEBUG net.serenitybdd.core.photography.Darkroom - Send negative for processing for C:\Users\juan.gomezv\IdeaProjects\sura\target\site\serenity\3e1eaa31776a2bdbe51fba415151c0175f31e3887748787d5277a6f82394f205.png
10:08:43.108 [Test worker] DEBUG net.thucydides.core.steps.StepInterceptor - STEP DONE: {0} enters #theTextAsAString into #target
10:08:43.118 [Forwarding getPageSource on session 837b9c31197c1bd892b113949a980f4e to remote] DEBUG org.asynchttpclient.netty.request.NettyRequestSender - Using pooled Channel '[id: 0x64fbd79a, L:/127.0.0.1:61543 - R:localhost/127.0.0.1:59398]' for 'POST' to 'http://localhost:59398/session/837b9c31197c1bd892b113949a980f4e/execute/sync'
10:08:43.118 [Forwarding getPageSource on session 837b9c31197c1bd892b113949a980f4e to remote] DEBUG org.asynchttpclient.netty.request.NettyRequestSender - Using open Channel [id: 0x64fbd79a, L:/127.0.0.1:61543 - R:localhost/127.0.0.1:59398] for POST '/session/837b9c31197c1bd892b113949a980f4e/execute/sync'
10:08:43.124 [AsyncHttpClient-1-17] DEBUG org.asynchttpclient.netty.handler.HttpHandler - 

Request DefaultHttpRequest(decodeResult: success, version: HTTP/1.1)
POST /session/837b9c31197c1bd892b113949a980f4e/execute/sync HTTP/1.1
User-Agent: selenium/4.4.0 (java windows)
Content-Length: 176
Content-Type: application/json; charset=utf-8
host: localhost:59398
accept: */*

Response DefaultHttpResponse(decodeResult: success, version: HTTP/1.1)
HTTP/1.1 200 OK
Content-Type: application/json; charset=utf-8
cache-control: no-cache
content-length: 4167

10:08:43.125 [AsyncHttpClient-1-17] DEBUG org.asynchttpclient.netty.channel.ChannelManager - Adding key: http://localhost:59398 for channel [id: 0x64fbd79a, L:/127.0.0.1:61543 - R:localhost/127.0.0.1:59398]
10:08:43.126 [Forwarding getCurrentUrl on session 837b9c31197c1bd892b113949a980f4e to remote] DEBUG org.asynchttpclient.netty.request.NettyRequestSender - Using pooled Channel '[id: 0x64fbd79a, L:/127.0.0.1:61543 - R:localhost/127.0.0.1:59398]' for 'GET' to 'http://localhost:59398/session/837b9c31197c1bd892b113949a980f4e/url'
10:08:43.126 [Forwarding getCurrentUrl on session 837b9c31197c1bd892b113949a980f4e to remote] DEBUG org.asynchttpclient.netty.request.NettyRequestSender - Using open Channel [id: 0x64fbd79a, L:/127.0.0.1:61543 - R:localhost/127.0.0.1:59398] for GET '/session/837b9c31197c1bd892b113949a980f4e/url'
10:08:43.130 [AsyncHttpClient-1-17] DEBUG org.asynchttpclient.netty.handler.HttpHandler - 

Request DefaultFullHttpRequest(decodeResult: success, version: HTTP/1.1, content: EmptyByteBufBE)
GET /session/837b9c31197c1bd892b113949a980f4e/url HTTP/1.1
User-Agent: selenium/4.4.0 (java windows)
Cache-Control: no-cache
Content-Type: application/json; charset=utf-8
host: localhost:59398
accept: */*

Response DefaultHttpResponse(decodeResult: success, version: HTTP/1.1)
HTTP/1.1 200 OK
Content-Type: application/json; charset=utf-8
cache-control: no-cache
content-length: 38

10:08:43.132 [AsyncHttpClient-1-17] DEBUG org.asynchttpclient.netty.channel.ChannelManager - Adding key: http://localhost:59398 for channel [id: 0x64fbd79a, L:/127.0.0.1:61543 - R:localhost/127.0.0.1:59398]
10:08:43.133 [Test worker] DEBUG net.thucydides.core.steps.StepInterceptor - STARTING STEP: LogIn.performAs - {0} enters #theTextAsAString into #target
10:08:43.136 [Test worker] DEBUG net.serenitybdd.screenplay.targets.IFrameSwitcher - default content already selected for PasswordTextBox
10:08:43.146 [Forwarding findElement on session 837b9c31197c1bd892b113949a980f4e to remote] DEBUG org.asynchttpclient.netty.request.NettyRequestSender - Using pooled Channel '[id: 0x64fbd79a, L:/127.0.0.1:61543 - R:localhost/127.0.0.1:59398]' for 'POST' to 'http://localhost:59398/session/837b9c31197c1bd892b113949a980f4e/element'
10:08:43.146 [Forwarding findElement on session 837b9c31197c1bd892b113949a980f4e to remote] DEBUG org.asynchttpclient.netty.request.NettyRequestSender - Using open Channel [id: 0x64fbd79a, L:/127.0.0.1:61543 - R:localhost/127.0.0.1:59398] for POST '/session/837b9c31197c1bd892b113949a980f4e/element'
10:08:43.155 [AsyncHttpClient-1-17] DEBUG org.asynchttpclient.netty.handler.HttpHandler - 

Request DefaultHttpRequest(decodeResult: success, version: HTTP/1.1)
POST /session/837b9c31197c1bd892b113949a980f4e/element HTTP/1.1
User-Agent: selenium/4.4.0 (java windows)
Content-Length: 66
Content-Type: application/json; charset=utf-8
host: localhost:59398
accept: */*

Response DefaultHttpResponse(decodeResult: success, version: HTTP/1.1)
HTTP/1.1 200 OK
Content-Type: application/json; charset=utf-8
cache-control: no-cache
content-length: 88

10:08:43.156 [AsyncHttpClient-1-17] DEBUG org.asynchttpclient.netty.channel.ChannelManager - Adding key: http://localhost:59398 for channel [id: 0x64fbd79a, L:/127.0.0.1:61543 - R:localhost/127.0.0.1:59398]
10:08:43.157 [Forwarding clearElement on session 837b9c31197c1bd892b113949a980f4e to remote] DEBUG org.asynchttpclient.netty.request.NettyRequestSender - Using pooled Channel '[id: 0x64fbd79a, L:/127.0.0.1:61543 - R:localhost/127.0.0.1:59398]' for 'POST' to 'http://localhost:59398/session/837b9c31197c1bd892b113949a980f4e/element/1fe8ecae-6527-4b97-a9c5-d48b444a4d2d/clear'
10:08:43.157 [Forwarding clearElement on session 837b9c31197c1bd892b113949a980f4e to remote] DEBUG org.asynchttpclient.netty.request.NettyRequestSender - Using open Channel [id: 0x64fbd79a, L:/127.0.0.1:61543 - R:localhost/127.0.0.1:59398] for POST '/session/837b9c31197c1bd892b113949a980f4e/element/1fe8ecae-6527-4b97-a9c5-d48b444a4d2d/clear'
10:08:43.179 [AsyncHttpClient-1-17] DEBUG org.asynchttpclient.netty.handler.HttpHandler - 

Request DefaultHttpRequest(decodeResult: success, version: HTTP/1.1)
POST /session/837b9c31197c1bd892b113949a980f4e/element/1fe8ecae-6527-4b97-a9c5-d48b444a4d2d/clear HTTP/1.1
User-Agent: selenium/4.4.0 (java windows)
Content-Length: 50
Content-Type: application/json; charset=utf-8
host: localhost:59398
accept: */*

Response DefaultHttpResponse(decodeResult: success, version: HTTP/1.1)
HTTP/1.1 200 OK
Content-Type: application/json; charset=utf-8
cache-control: no-cache
content-length: 14

10:08:43.179 [AsyncHttpClient-1-17] DEBUG org.asynchttpclient.netty.channel.ChannelManager - Adding key: http://localhost:59398 for channel [id: 0x64fbd79a, L:/127.0.0.1:61543 - R:localhost/127.0.0.1:59398]
10:08:43.182 [Forwarding sendKeysToElement on session 837b9c31197c1bd892b113949a980f4e to remote] DEBUG org.asynchttpclient.netty.request.NettyRequestSender - Using pooled Channel '[id: 0x64fbd79a, L:/127.0.0.1:61543 - R:localhost/127.0.0.1:59398]' for 'POST' to 'http://localhost:59398/session/837b9c31197c1bd892b113949a980f4e/element/1fe8ecae-6527-4b97-a9c5-d48b444a4d2d/value'
10:08:43.182 [Forwarding sendKeysToElement on session 837b9c31197c1bd892b113949a980f4e to remote] DEBUG org.asynchttpclient.netty.request.NettyRequestSender - Using open Channel [id: 0x64fbd79a, L:/127.0.0.1:61543 - R:localhost/127.0.0.1:59398] for POST '/session/837b9c31197c1bd892b113949a980f4e/element/1fe8ecae-6527-4b97-a9c5-d48b444a4d2d/value'
10:08:43.209 [AsyncHttpClient-1-17] DEBUG org.asynchttpclient.netty.handler.HttpHandler - 

Request DefaultHttpRequest(decodeResult: success, version: HTTP/1.1)
POST /session/837b9c31197c1bd892b113949a980f4e/element/1fe8ecae-6527-4b97-a9c5-d48b444a4d2d/value HTTP/1.1
User-Agent: selenium/4.4.0 (java windows)
Content-Length: 82
Content-Type: application/json; charset=utf-8
host: localhost:59398
accept: */*

Response DefaultHttpResponse(decodeResult: success, version: HTTP/1.1)
HTTP/1.1 200 OK
Content-Type: application/json; charset=utf-8
cache-control: no-cache
content-length: 14

10:08:43.209 [AsyncHttpClient-1-17] DEBUG org.asynchttpclient.netty.channel.ChannelManager - Adding key: http://localhost:59398 for channel [id: 0x64fbd79a, L:/127.0.0.1:61543 - R:localhost/127.0.0.1:59398]
10:08:43.222 [Forwarding getCurrentWindowHandle on session 837b9c31197c1bd892b113949a980f4e to remote] DEBUG org.asynchttpclient.netty.request.NettyRequestSender - Using pooled Channel '[id: 0x64fbd79a, L:/127.0.0.1:61543 - R:localhost/127.0.0.1:59398]' for 'GET' to 'http://localhost:59398/session/837b9c31197c1bd892b113949a980f4e/window'
10:08:43.222 [Forwarding getCurrentWindowHandle on session 837b9c31197c1bd892b113949a980f4e to remote] DEBUG org.asynchttpclient.netty.request.NettyRequestSender - Using open Channel [id: 0x64fbd79a, L:/127.0.0.1:61543 - R:localhost/127.0.0.1:59398] for GET '/session/837b9c31197c1bd892b113949a980f4e/window'
10:08:43.223 [AsyncHttpClient-1-17] DEBUG org.asynchttpclient.netty.handler.HttpHandler - 

Request DefaultFullHttpRequest(decodeResult: success, version: HTTP/1.1, content: EmptyByteBufBE)
GET /session/837b9c31197c1bd892b113949a980f4e/window HTTP/1.1
User-Agent: selenium/4.4.0 (java windows)
Cache-Control: no-cache
Content-Type: application/json; charset=utf-8
host: localhost:59398
accept: */*

Response DefaultHttpResponse(decodeResult: success, version: HTTP/1.1)
HTTP/1.1 200 OK
Content-Type: application/json; charset=utf-8
cache-control: no-cache
content-length: 53

10:08:43.223 [AsyncHttpClient-1-17] DEBUG org.asynchttpclient.netty.channel.ChannelManager - Adding key: http://localhost:59398 for channel [id: 0x64fbd79a, L:/127.0.0.1:61543 - R:localhost/127.0.0.1:59398]
10:08:43.226 [Forwarding getAlertText on session 837b9c31197c1bd892b113949a980f4e to remote] DEBUG org.asynchttpclient.netty.request.NettyRequestSender - Using pooled Channel '[id: 0x64fbd79a, L:/127.0.0.1:61543 - R:localhost/127.0.0.1:59398]' for 'GET' to 'http://localhost:59398/session/837b9c31197c1bd892b113949a980f4e/alert/text'
10:08:43.226 [Forwarding getAlertText on session 837b9c31197c1bd892b113949a980f4e to remote] DEBUG org.asynchttpclient.netty.request.NettyRequestSender - Using open Channel [id: 0x64fbd79a, L:/127.0.0.1:61543 - R:localhost/127.0.0.1:59398] for GET '/session/837b9c31197c1bd892b113949a980f4e/alert/text'
10:08:43.227 [AsyncHttpClient-1-17] DEBUG org.asynchttpclient.netty.handler.HttpHandler - 

Request DefaultFullHttpRequest(decodeResult: success, version: HTTP/1.1, content: EmptyByteBufBE)
GET /session/837b9c31197c1bd892b113949a980f4e/alert/text HTTP/1.1
User-Agent: selenium/4.4.0 (java windows)
Cache-Control: no-cache
Content-Type: application/json; charset=utf-8
host: localhost:59398
accept: */*

Response DefaultHttpResponse(decodeResult: success, version: HTTP/1.1)
HTTP/1.1 404 Not Found
Content-Type: application/json; charset=utf-8
cache-control: no-cache
content-length: 879

10:08:43.227 [AsyncHttpClient-1-17] DEBUG org.asynchttpclient.netty.channel.ChannelManager - Adding key: http://localhost:59398 for channel [id: 0x64fbd79a, L:/127.0.0.1:61543 - R:localhost/127.0.0.1:59398]
10:08:43.230 [Forwarding switchToWindow on session 837b9c31197c1bd892b113949a980f4e to remote] DEBUG org.asynchttpclient.netty.request.NettyRequestSender - Using pooled Channel '[id: 0x64fbd79a, L:/127.0.0.1:61543 - R:localhost/127.0.0.1:59398]' for 'POST' to 'http://localhost:59398/session/837b9c31197c1bd892b113949a980f4e/window'
10:08:43.230 [Forwarding switchToWindow on session 837b9c31197c1bd892b113949a980f4e to remote] DEBUG org.asynchttpclient.netty.request.NettyRequestSender - Using open Channel [id: 0x64fbd79a, L:/127.0.0.1:61543 - R:localhost/127.0.0.1:59398] for POST '/session/837b9c31197c1bd892b113949a980f4e/window'
10:08:43.233 [AsyncHttpClient-1-17] DEBUG org.asynchttpclient.netty.handler.HttpHandler - 

Request DefaultHttpRequest(decodeResult: success, version: HTTP/1.1)
POST /session/837b9c31197c1bd892b113949a980f4e/window HTTP/1.1
User-Agent: selenium/4.4.0 (java windows)
Content-Length: 59
Content-Type: application/json; charset=utf-8
host: localhost:59398
accept: */*

Response DefaultHttpResponse(decodeResult: success, version: HTTP/1.1)
HTTP/1.1 200 OK
Content-Type: application/json; charset=utf-8
cache-control: no-cache
content-length: 14

10:08:43.233 [AsyncHttpClient-1-17] DEBUG org.asynchttpclient.netty.channel.ChannelManager - Adding key: http://localhost:59398 for channel [id: 0x64fbd79a, L:/127.0.0.1:61543 - R:localhost/127.0.0.1:59398]
10:08:43.233 [Forwarding getCurrentUrl on session 837b9c31197c1bd892b113949a980f4e to remote] DEBUG org.asynchttpclient.netty.request.NettyRequestSender - Using pooled Channel '[id: 0x64fbd79a, L:/127.0.0.1:61543 - R:localhost/127.0.0.1:59398]' for 'GET' to 'http://localhost:59398/session/837b9c31197c1bd892b113949a980f4e/url'
10:08:43.233 [Forwarding getCurrentUrl on session 837b9c31197c1bd892b113949a980f4e to remote] DEBUG org.asynchttpclient.netty.request.NettyRequestSender - Using open Channel [id: 0x64fbd79a, L:/127.0.0.1:61543 - R:localhost/127.0.0.1:59398] for GET '/session/837b9c31197c1bd892b113949a980f4e/url'
10:08:43.236 [AsyncHttpClient-1-17] DEBUG org.asynchttpclient.netty.handler.HttpHandler - 

Request DefaultFullHttpRequest(decodeResult: success, version: HTTP/1.1, content: EmptyByteBufBE)
GET /session/837b9c31197c1bd892b113949a980f4e/url HTTP/1.1
User-Agent: selenium/4.4.0 (java windows)
Cache-Control: no-cache
Content-Type: application/json; charset=utf-8
host: localhost:59398
accept: */*

Response DefaultHttpResponse(decodeResult: success, version: HTTP/1.1)
HTTP/1.1 200 OK
Content-Type: application/json; charset=utf-8
cache-control: no-cache
content-length: 38

10:08:43.236 [AsyncHttpClient-1-17] DEBUG org.asynchttpclient.netty.channel.ChannelManager - Adding key: http://localhost:59398 for channel [id: 0x64fbd79a, L:/127.0.0.1:61543 - R:localhost/127.0.0.1:59398]
10:08:43.237 [Forwarding screenshot on session 837b9c31197c1bd892b113949a980f4e to remote] DEBUG org.asynchttpclient.netty.request.NettyRequestSender - Using pooled Channel '[id: 0x64fbd79a, L:/127.0.0.1:61543 - R:localhost/127.0.0.1:59398]' for 'GET' to 'http://localhost:59398/session/837b9c31197c1bd892b113949a980f4e/screenshot'
10:08:43.237 [Forwarding screenshot on session 837b9c31197c1bd892b113949a980f4e to remote] DEBUG org.asynchttpclient.netty.request.NettyRequestSender - Using open Channel [id: 0x64fbd79a, L:/127.0.0.1:61543 - R:localhost/127.0.0.1:59398] for GET '/session/837b9c31197c1bd892b113949a980f4e/screenshot'
10:08:43.324 [AsyncHttpClient-1-17] DEBUG org.asynchttpclient.netty.handler.HttpHandler - 

Request DefaultFullHttpRequest(decodeResult: success, version: HTTP/1.1, content: EmptyByteBufBE)
GET /session/837b9c31197c1bd892b113949a980f4e/screenshot HTTP/1.1
User-Agent: selenium/4.4.0 (java windows)
Cache-Control: no-cache
Content-Type: application/json; charset=utf-8
host: localhost:59398
accept: */*

Response DefaultHttpResponse(decodeResult: success, version: HTTP/1.1)
HTTP/1.1 200 OK
Content-Type: application/json; charset=utf-8
cache-control: no-cache
content-length: 58956

10:08:43.325 [AsyncHttpClient-1-17] DEBUG org.asynchttpclient.netty.channel.ChannelManager - Adding key: http://localhost:59398 for channel [id: 0x64fbd79a, L:/127.0.0.1:61543 - R:localhost/127.0.0.1:59398]
10:08:43.327 [Test worker] DEBUG net.serenitybdd.core.photography.Darkroom - Send negative for processing for C:\Users\juan.gomezv\IdeaProjects\sura\target\site\serenity\70587c245357053c558fb6ae5624b6ab62500f84f95ffb9ff0276e8c3ef939da.png
10:08:43.327 [Test worker] DEBUG net.thucydides.core.steps.StepInterceptor - STEP DONE: {0} enters #theTextAsAString into #target
10:08:43.335 [Forwarding getPageSource on session 837b9c31197c1bd892b113949a980f4e to remote] DEBUG org.asynchttpclient.netty.request.NettyRequestSender - Using pooled Channel '[id: 0x64fbd79a, L:/127.0.0.1:61543 - R:localhost/127.0.0.1:59398]' for 'POST' to 'http://localhost:59398/session/837b9c31197c1bd892b113949a980f4e/execute/sync'
10:08:43.335 [Forwarding getPageSource on session 837b9c31197c1bd892b113949a980f4e to remote] DEBUG org.asynchttpclient.netty.request.NettyRequestSender - Using open Channel [id: 0x64fbd79a, L:/127.0.0.1:61543 - R:localhost/127.0.0.1:59398] for POST '/session/837b9c31197c1bd892b113949a980f4e/execute/sync'
10:08:43.340 [AsyncHttpClient-1-17] DEBUG org.asynchttpclient.netty.handler.HttpHandler - 

Request DefaultHttpRequest(decodeResult: success, version: HTTP/1.1)
POST /session/837b9c31197c1bd892b113949a980f4e/execute/sync HTTP/1.1
User-Agent: selenium/4.4.0 (java windows)
Content-Length: 176
Content-Type: application/json; charset=utf-8
host: localhost:59398
accept: */*

Response DefaultHttpResponse(decodeResult: success, version: HTTP/1.1)
HTTP/1.1 200 OK
Content-Type: application/json; charset=utf-8
cache-control: no-cache
content-length: 4167

10:08:43.340 [AsyncHttpClient-1-17] DEBUG org.asynchttpclient.netty.channel.ChannelManager - Adding key: http://localhost:59398 for channel [id: 0x64fbd79a, L:/127.0.0.1:61543 - R:localhost/127.0.0.1:59398]
10:08:43.341 [Forwarding getCurrentUrl on session 837b9c31197c1bd892b113949a980f4e to remote] DEBUG org.asynchttpclient.netty.request.NettyRequestSender - Using pooled Channel '[id: 0x64fbd79a, L:/127.0.0.1:61543 - R:localhost/127.0.0.1:59398]' for 'GET' to 'http://localhost:59398/session/837b9c31197c1bd892b113949a980f4e/url'
10:08:43.341 [Forwarding getCurrentUrl on session 837b9c31197c1bd892b113949a980f4e to remote] DEBUG org.asynchttpclient.netty.request.NettyRequestSender - Using open Channel [id: 0x64fbd79a, L:/127.0.0.1:61543 - R:localhost/127.0.0.1:59398] for GET '/session/837b9c31197c1bd892b113949a980f4e/url'
10:08:43.346 [AsyncHttpClient-1-17] DEBUG org.asynchttpclient.netty.handler.HttpHandler - 

Request DefaultFullHttpRequest(decodeResult: success, version: HTTP/1.1, content: EmptyByteBufBE)
GET /session/837b9c31197c1bd892b113949a980f4e/url HTTP/1.1
User-Agent: selenium/4.4.0 (java windows)
Cache-Control: no-cache
Content-Type: application/json; charset=utf-8
host: localhost:59398
accept: */*

Response DefaultHttpResponse(decodeResult: success, version: HTTP/1.1)
HTTP/1.1 200 OK
Content-Type: application/json; charset=utf-8
cache-control: no-cache
content-length: 38

10:08:43.346 [AsyncHttpClient-1-17] DEBUG org.asynchttpclient.netty.channel.ChannelManager - Adding key: http://localhost:59398 for channel [id: 0x64fbd79a, L:/127.0.0.1:61543 - R:localhost/127.0.0.1:59398]
10:08:43.348 [Test worker] DEBUG net.thucydides.core.steps.StepInterceptor - STARTING STEP: LogIn.performAs - {0} clicks on #target
10:08:43.348 [Test worker] DEBUG net.serenitybdd.screenplay.targets.IFrameSwitcher - default content already selected for LogIn Button
10:08:43.366 [Forwarding findElement on session 837b9c31197c1bd892b113949a980f4e to remote] DEBUG org.asynchttpclient.netty.request.NettyRequestSender - Using pooled Channel '[id: 0x64fbd79a, L:/127.0.0.1:61543 - R:localhost/127.0.0.1:59398]' for 'POST' to 'http://localhost:59398/session/837b9c31197c1bd892b113949a980f4e/element'
10:08:43.366 [Forwarding findElement on session 837b9c31197c1bd892b113949a980f4e to remote] DEBUG org.asynchttpclient.netty.request.NettyRequestSender - Using open Channel [id: 0x64fbd79a, L:/127.0.0.1:61543 - R:localhost/127.0.0.1:59398] for POST '/session/837b9c31197c1bd892b113949a980f4e/element'
10:08:43.376 [AsyncHttpClient-1-17] DEBUG org.asynchttpclient.netty.handler.HttpHandler - 

Request DefaultHttpRequest(decodeResult: success, version: HTTP/1.1)
POST /session/837b9c31197c1bd892b113949a980f4e/element HTTP/1.1
User-Agent: selenium/4.4.0 (java windows)
Content-Length: 70
Content-Type: application/json; charset=utf-8
host: localhost:59398
accept: */*

Response DefaultHttpResponse(decodeResult: success, version: HTTP/1.1)
HTTP/1.1 200 OK
Content-Type: application/json; charset=utf-8
cache-control: no-cache
content-length: 88

10:08:43.376 [AsyncHttpClient-1-17] DEBUG org.asynchttpclient.netty.channel.ChannelManager - Adding key: http://localhost:59398 for channel [id: 0x64fbd79a, L:/127.0.0.1:61543 - R:localhost/127.0.0.1:59398]
10:08:43.381 [Forwarding isElementDisplayed on session 837b9c31197c1bd892b113949a980f4e to remote] DEBUG org.asynchttpclient.netty.request.NettyRequestSender - Using pooled Channel '[id: 0x64fbd79a, L:/127.0.0.1:61543 - R:localhost/127.0.0.1:59398]' for 'POST' to 'http://localhost:59398/session/837b9c31197c1bd892b113949a980f4e/execute/sync'
10:08:43.381 [Forwarding isElementDisplayed on session 837b9c31197c1bd892b113949a980f4e to remote] DEBUG org.asynchttpclient.netty.request.NettyRequestSender - Using open Channel [id: 0x64fbd79a, L:/127.0.0.1:61543 - R:localhost/127.0.0.1:59398] for POST '/session/837b9c31197c1bd892b113949a980f4e/execute/sync'
10:08:43.393 [AsyncHttpClient-1-17] DEBUG org.asynchttpclient.netty.handler.HttpHandler - 

Request DefaultHttpRequest(decodeResult: success, version: HTTP/1.1)
POST /session/837b9c31197c1bd892b113949a980f4e/execute/sync HTTP/1.1
User-Agent: selenium/4.4.0 (java windows)
Content-Length: 48780
Content-Type: application/json; charset=utf-8
host: localhost:59398
accept: */*

Response DefaultHttpResponse(decodeResult: success, version: HTTP/1.1)
HTTP/1.1 200 OK
Content-Type: application/json; charset=utf-8
cache-control: no-cache
content-length: 14

10:08:43.393 [AsyncHttpClient-1-17] DEBUG org.asynchttpclient.netty.channel.ChannelManager - Adding key: http://localhost:59398 for channel [id: 0x64fbd79a, L:/127.0.0.1:61543 - R:localhost/127.0.0.1:59398]
10:08:43.398 [Forwarding findElement on session 837b9c31197c1bd892b113949a980f4e to remote] DEBUG org.asynchttpclient.netty.request.NettyRequestSender - Using pooled Channel '[id: 0x64fbd79a, L:/127.0.0.1:61543 - R:localhost/127.0.0.1:59398]' for 'POST' to 'http://localhost:59398/session/837b9c31197c1bd892b113949a980f4e/element'
10:08:43.398 [Forwarding findElement on session 837b9c31197c1bd892b113949a980f4e to remote] DEBUG org.asynchttpclient.netty.request.NettyRequestSender - Using open Channel [id: 0x64fbd79a, L:/127.0.0.1:61543 - R:localhost/127.0.0.1:59398] for POST '/session/837b9c31197c1bd892b113949a980f4e/element'
10:08:43.404 [AsyncHttpClient-1-17] DEBUG org.asynchttpclient.netty.handler.HttpHandler - 

Request DefaultHttpRequest(decodeResult: success, version: HTTP/1.1)
POST /session/837b9c31197c1bd892b113949a980f4e/element HTTP/1.1
User-Agent: selenium/4.4.0 (java windows)
Content-Length: 70
Content-Type: application/json; charset=utf-8
host: localhost:59398
accept: */*

Response DefaultHttpResponse(decodeResult: success, version: HTTP/1.1)
HTTP/1.1 200 OK
Content-Type: application/json; charset=utf-8
cache-control: no-cache
content-length: 88

10:08:43.404 [AsyncHttpClient-1-17] DEBUG org.asynchttpclient.netty.channel.ChannelManager - Adding key: http://localhost:59398 for channel [id: 0x64fbd79a, L:/127.0.0.1:61543 - R:localhost/127.0.0.1:59398]
10:08:43.405 [Forwarding clickElement on session 837b9c31197c1bd892b113949a980f4e to remote] DEBUG org.asynchttpclient.netty.request.NettyRequestSender - Using pooled Channel '[id: 0x64fbd79a, L:/127.0.0.1:61543 - R:localhost/127.0.0.1:59398]' for 'POST' to 'http://localhost:59398/session/837b9c31197c1bd892b113949a980f4e/element/8c93fffa-cf80-446b-ae48-6c8c68f123a0/click'
10:08:43.405 [Forwarding clickElement on session 837b9c31197c1bd892b113949a980f4e to remote] DEBUG org.asynchttpclient.netty.request.NettyRequestSender - Using open Channel [id: 0x64fbd79a, L:/127.0.0.1:61543 - R:localhost/127.0.0.1:59398] for POST '/session/837b9c31197c1bd892b113949a980f4e/element/8c93fffa-cf80-446b-ae48-6c8c68f123a0/click'
10:08:43.439 [AsyncHttpClient-1-17] DEBUG org.asynchttpclient.netty.handler.HttpHandler - 

Request DefaultHttpRequest(decodeResult: success, version: HTTP/1.1)
POST /session/837b9c31197c1bd892b113949a980f4e/element/8c93fffa-cf80-446b-ae48-6c8c68f123a0/click HTTP/1.1
User-Agent: selenium/4.4.0 (java windows)
Content-Length: 50
Content-Type: application/json; charset=utf-8
host: localhost:59398
accept: */*

Response DefaultHttpResponse(decodeResult: success, version: HTTP/1.1)
HTTP/1.1 200 OK
Content-Type: application/json; charset=utf-8
cache-control: no-cache
content-length: 14

10:08:43.440 [AsyncHttpClient-1-17] DEBUG org.asynchttpclient.netty.channel.ChannelManager - Adding key: http://localhost:59398 for channel [id: 0x64fbd79a, L:/127.0.0.1:61543 - R:localhost/127.0.0.1:59398]
10:08:43.454 [Forwarding getCurrentWindowHandle on session 837b9c31197c1bd892b113949a980f4e to remote] DEBUG org.asynchttpclient.netty.request.NettyRequestSender - Using pooled Channel '[id: 0x64fbd79a, L:/127.0.0.1:61543 - R:localhost/127.0.0.1:59398]' for 'GET' to 'http://localhost:59398/session/837b9c31197c1bd892b113949a980f4e/window'
10:08:43.454 [Forwarding getCurrentWindowHandle on session 837b9c31197c1bd892b113949a980f4e to remote] DEBUG org.asynchttpclient.netty.request.NettyRequestSender - Using open Channel [id: 0x64fbd79a, L:/127.0.0.1:61543 - R:localhost/127.0.0.1:59398] for GET '/session/837b9c31197c1bd892b113949a980f4e/window'
10:08:43.455 [AsyncHttpClient-1-17] DEBUG org.asynchttpclient.netty.handler.HttpHandler - 

Request DefaultFullHttpRequest(decodeResult: success, version: HTTP/1.1, content: EmptyByteBufBE)
GET /session/837b9c31197c1bd892b113949a980f4e/window HTTP/1.1
User-Agent: selenium/4.4.0 (java windows)
Cache-Control: no-cache
Content-Type: application/json; charset=utf-8
host: localhost:59398
accept: */*

Response DefaultHttpResponse(decodeResult: success, version: HTTP/1.1)
HTTP/1.1 200 OK
Content-Type: application/json; charset=utf-8
cache-control: no-cache
content-length: 53

10:08:43.455 [AsyncHttpClient-1-17] DEBUG org.asynchttpclient.netty.channel.ChannelManager - Adding key: http://localhost:59398 for channel [id: 0x64fbd79a, L:/127.0.0.1:61543 - R:localhost/127.0.0.1:59398]
10:08:43.459 [Forwarding getAlertText on session 837b9c31197c1bd892b113949a980f4e to remote] DEBUG org.asynchttpclient.netty.request.NettyRequestSender - Using pooled Channel '[id: 0x64fbd79a, L:/127.0.0.1:61543 - R:localhost/127.0.0.1:59398]' for 'GET' to 'http://localhost:59398/session/837b9c31197c1bd892b113949a980f4e/alert/text'
10:08:43.459 [Forwarding getAlertText on session 837b9c31197c1bd892b113949a980f4e to remote] DEBUG org.asynchttpclient.netty.request.NettyRequestSender - Using open Channel [id: 0x64fbd79a, L:/127.0.0.1:61543 - R:localhost/127.0.0.1:59398] for GET '/session/837b9c31197c1bd892b113949a980f4e/alert/text'
10:08:43.461 [AsyncHttpClient-1-17] DEBUG org.asynchttpclient.netty.handler.HttpHandler - 

Request DefaultFullHttpRequest(decodeResult: success, version: HTTP/1.1, content: EmptyByteBufBE)
GET /session/837b9c31197c1bd892b113949a980f4e/alert/text HTTP/1.1
User-Agent: selenium/4.4.0 (java windows)
Cache-Control: no-cache
Content-Type: application/json; charset=utf-8
host: localhost:59398
accept: */*

Response DefaultHttpResponse(decodeResult: success, version: HTTP/1.1)
HTTP/1.1 404 Not Found
Content-Type: application/json; charset=utf-8
cache-control: no-cache
content-length: 879

10:08:43.461 [AsyncHttpClient-1-17] DEBUG org.asynchttpclient.netty.channel.ChannelManager - Adding key: http://localhost:59398 for channel [id: 0x64fbd79a, L:/127.0.0.1:61543 - R:localhost/127.0.0.1:59398]
10:08:43.465 [Forwarding switchToWindow on session 837b9c31197c1bd892b113949a980f4e to remote] DEBUG org.asynchttpclient.netty.request.NettyRequestSender - Using pooled Channel '[id: 0x64fbd79a, L:/127.0.0.1:61543 - R:localhost/127.0.0.1:59398]' for 'POST' to 'http://localhost:59398/session/837b9c31197c1bd892b113949a980f4e/window'
10:08:43.465 [Forwarding switchToWindow on session 837b9c31197c1bd892b113949a980f4e to remote] DEBUG org.asynchttpclient.netty.request.NettyRequestSender - Using open Channel [id: 0x64fbd79a, L:/127.0.0.1:61543 - R:localhost/127.0.0.1:59398] for POST '/session/837b9c31197c1bd892b113949a980f4e/window'
10:08:43.468 [AsyncHttpClient-1-17] DEBUG org.asynchttpclient.netty.handler.HttpHandler - 

Request DefaultHttpRequest(decodeResult: success, version: HTTP/1.1)
POST /session/837b9c31197c1bd892b113949a980f4e/window HTTP/1.1
User-Agent: selenium/4.4.0 (java windows)
Content-Length: 59
Content-Type: application/json; charset=utf-8
host: localhost:59398
accept: */*

Response DefaultHttpResponse(decodeResult: success, version: HTTP/1.1)
HTTP/1.1 200 OK
Content-Type: application/json; charset=utf-8
cache-control: no-cache
content-length: 14

10:08:43.469 [AsyncHttpClient-1-17] DEBUG org.asynchttpclient.netty.channel.ChannelManager - Adding key: http://localhost:59398 for channel [id: 0x64fbd79a, L:/127.0.0.1:61543 - R:localhost/127.0.0.1:59398]
10:08:43.469 [Forwarding getCurrentUrl on session 837b9c31197c1bd892b113949a980f4e to remote] DEBUG org.asynchttpclient.netty.request.NettyRequestSender - Using pooled Channel '[id: 0x64fbd79a, L:/127.0.0.1:61543 - R:localhost/127.0.0.1:59398]' for 'GET' to 'http://localhost:59398/session/837b9c31197c1bd892b113949a980f4e/url'
10:08:43.469 [Forwarding getCurrentUrl on session 837b9c31197c1bd892b113949a980f4e to remote] DEBUG org.asynchttpclient.netty.request.NettyRequestSender - Using open Channel [id: 0x64fbd79a, L:/127.0.0.1:61543 - R:localhost/127.0.0.1:59398] for GET '/session/837b9c31197c1bd892b113949a980f4e/url'
10:08:43.472 [AsyncHttpClient-1-17] DEBUG org.asynchttpclient.netty.handler.HttpHandler - 

Request DefaultFullHttpRequest(decodeResult: success, version: HTTP/1.1, content: EmptyByteBufBE)
GET /session/837b9c31197c1bd892b113949a980f4e/url HTTP/1.1
User-Agent: selenium/4.4.0 (java windows)
Cache-Control: no-cache
Content-Type: application/json; charset=utf-8
host: localhost:59398
accept: */*

Response DefaultHttpResponse(decodeResult: success, version: HTTP/1.1)
HTTP/1.1 200 OK
Content-Type: application/json; charset=utf-8
cache-control: no-cache
content-length: 38

10:08:43.472 [AsyncHttpClient-1-17] DEBUG org.asynchttpclient.netty.channel.ChannelManager - Adding key: http://localhost:59398 for channel [id: 0x64fbd79a, L:/127.0.0.1:61543 - R:localhost/127.0.0.1:59398]
10:08:43.473 [Forwarding screenshot on session 837b9c31197c1bd892b113949a980f4e to remote] DEBUG org.asynchttpclient.netty.request.NettyRequestSender - Using pooled Channel '[id: 0x64fbd79a, L:/127.0.0.1:61543 - R:localhost/127.0.0.1:59398]' for 'GET' to 'http://localhost:59398/session/837b9c31197c1bd892b113949a980f4e/screenshot'
10:08:43.473 [Forwarding screenshot on session 837b9c31197c1bd892b113949a980f4e to remote] DEBUG org.asynchttpclient.netty.request.NettyRequestSender - Using open Channel [id: 0x64fbd79a, L:/127.0.0.1:61543 - R:localhost/127.0.0.1:59398] for GET '/session/837b9c31197c1bd892b113949a980f4e/screenshot'
10:08:43.570 [AsyncHttpClient-1-17] DEBUG org.asynchttpclient.netty.handler.HttpHandler - 

Request DefaultFullHttpRequest(decodeResult: success, version: HTTP/1.1, content: EmptyByteBufBE)
GET /session/837b9c31197c1bd892b113949a980f4e/screenshot HTTP/1.1
User-Agent: selenium/4.4.0 (java windows)
Cache-Control: no-cache
Content-Type: application/json; charset=utf-8
host: localhost:59398
accept: */*

Response DefaultHttpResponse(decodeResult: success, version: HTTP/1.1)
HTTP/1.1 200 OK
Content-Type: application/json; charset=utf-8
cache-control: no-cache
content-length: 63992

10:08:43.570 [AsyncHttpClient-1-17] DEBUG org.asynchttpclient.netty.channel.ChannelManager - Adding key: http://localhost:59398 for channel [id: 0x64fbd79a, L:/127.0.0.1:61543 - R:localhost/127.0.0.1:59398]
10:08:43.573 [Test worker] DEBUG net.serenitybdd.core.photography.Darkroom - Send negative for processing for C:\Users\juan.gomezv\IdeaProjects\sura\target\site\serenity\7bf758da079e2c719024ede0af87b09e15b0a073db01e3c7d2fee27d47b15f60.png
10:08:43.574 [Test worker] DEBUG net.thucydides.core.steps.StepInterceptor - STEP DONE: {0} clicks on #target
10:08:43.584 [Test worker] DEBUG net.thucydides.core.steps.StepInterceptor - STEP DONE: performAs
  ?[32mCuando ?[0m?[32m?[0m?[32m?[1mAlberto?[0m?[32m se autentica como un usuario de tipo ?[0m?[32m?[1m"ONLY_WITH_USERNAME"?[0m        ?[90m# sura.stepDefinitions.LoginSteps.elSeAutenticaComoUnUsuario(net.serenitybdd.screenplay.Actor,java.lang.String)?[0m
10:08:43.600 [Forwarding getPageSource on session 837b9c31197c1bd892b113949a980f4e to remote] DEBUG org.asynchttpclient.netty.request.NettyRequestSender - Using pooled Channel '[id: 0x64fbd79a, L:/127.0.0.1:61543 - R:localhost/127.0.0.1:59398]' for 'POST' to 'http://localhost:59398/session/837b9c31197c1bd892b113949a980f4e/execute/sync'
10:08:43.600 [Forwarding getPageSource on session 837b9c31197c1bd892b113949a980f4e to remote] DEBUG org.asynchttpclient.netty.request.NettyRequestSender - Using open Channel [id: 0x64fbd79a, L:/127.0.0.1:61543 - R:localhost/127.0.0.1:59398] for POST '/session/837b9c31197c1bd892b113949a980f4e/execute/sync'
10:08:43.604 [AsyncHttpClient-1-17] DEBUG org.asynchttpclient.netty.handler.HttpHandler - 

Request DefaultHttpRequest(decodeResult: success, version: HTTP/1.1)
POST /session/837b9c31197c1bd892b113949a980f4e/execute/sync HTTP/1.1
User-Agent: selenium/4.4.0 (java windows)
Content-Length: 176
Content-Type: application/json; charset=utf-8
host: localhost:59398
accept: */*

Response DefaultHttpResponse(decodeResult: success, version: HTTP/1.1)
HTTP/1.1 200 OK
Content-Type: application/json; charset=utf-8
cache-control: no-cache
content-length: 14637

10:08:43.604 [AsyncHttpClient-1-17] DEBUG org.asynchttpclient.netty.channel.ChannelManager - Adding key: http://localhost:59398 for channel [id: 0x64fbd79a, L:/127.0.0.1:61543 - R:localhost/127.0.0.1:59398]
10:08:43.607 [Forwarding getCurrentUrl on session 837b9c31197c1bd892b113949a980f4e to remote] DEBUG org.asynchttpclient.netty.request.NettyRequestSender - Using pooled Channel '[id: 0x64fbd79a, L:/127.0.0.1:61543 - R:localhost/127.0.0.1:59398]' for 'GET' to 'http://localhost:59398/session/837b9c31197c1bd892b113949a980f4e/url'
10:08:43.607 [Forwarding getCurrentUrl on session 837b9c31197c1bd892b113949a980f4e to remote] DEBUG org.asynchttpclient.netty.request.NettyRequestSender - Using open Channel [id: 0x64fbd79a, L:/127.0.0.1:61543 - R:localhost/127.0.0.1:59398] for GET '/session/837b9c31197c1bd892b113949a980f4e/url'
10:08:43.609 [AsyncHttpClient-1-17] DEBUG org.asynchttpclient.netty.handler.HttpHandler - 

Request DefaultFullHttpRequest(decodeResult: success, version: HTTP/1.1, content: EmptyByteBufBE)
GET /session/837b9c31197c1bd892b113949a980f4e/url HTTP/1.1
User-Agent: selenium/4.4.0 (java windows)
Cache-Control: no-cache
Content-Type: application/json; charset=utf-8
host: localhost:59398
accept: */*

Response DefaultHttpResponse(decodeResult: success, version: HTTP/1.1)
HTTP/1.1 200 OK
Content-Type: application/json; charset=utf-8
cache-control: no-cache
content-length: 38

10:08:43.610 [AsyncHttpClient-1-17] DEBUG org.asynchttpclient.netty.channel.ChannelManager - Adding key: http://localhost:59398 for channel [id: 0x64fbd79a, L:/127.0.0.1:61543 - R:localhost/127.0.0.1:59398]
  ?[32mEntonces ?[0m?[32ma ?[0m?[32m?[1mAlberto?[0m?[32m se le deniega el ingreso mostrando el mensaje ?[0m?[32m?[1m"Epic sadface"?[0m ?[90m# sura.stepDefinitions.LoginSteps.laAplicacionDenegaIngresoMostrandoMensaje(net.serenitybdd.screenplay.Actor,java.lang.String)?[0m
10:08:43.628 [Forwarding getCurrentWindowHandle on session 837b9c31197c1bd892b113949a980f4e to remote] DEBUG org.asynchttpclient.netty.request.NettyRequestSender - Using pooled Channel '[id: 0x64fbd79a, L:/127.0.0.1:61543 - R:localhost/127.0.0.1:59398]' for 'GET' to 'http://localhost:59398/session/837b9c31197c1bd892b113949a980f4e/window'
10:08:43.628 [Forwarding getCurrentWindowHandle on session 837b9c31197c1bd892b113949a980f4e to remote] DEBUG org.asynchttpclient.netty.request.NettyRequestSender - Using open Channel [id: 0x64fbd79a, L:/127.0.0.1:61543 - R:localhost/127.0.0.1:59398] for GET '/session/837b9c31197c1bd892b113949a980f4e/window'
10:08:43.628 [AsyncHttpClient-1-17] DEBUG org.asynchttpclient.netty.handler.HttpHandler - 

Request DefaultFullHttpRequest(decodeResult: success, version: HTTP/1.1, content: EmptyByteBufBE)
GET /session/837b9c31197c1bd892b113949a980f4e/window HTTP/1.1
User-Agent: selenium/4.4.0 (java windows)
Cache-Control: no-cache
Content-Type: application/json; charset=utf-8
host: localhost:59398
accept: */*

Response DefaultHttpResponse(decodeResult: success, version: HTTP/1.1)
HTTP/1.1 200 OK
Content-Type: application/json; charset=utf-8
cache-control: no-cache
content-length: 53

10:08:43.629 [AsyncHttpClient-1-17] DEBUG org.asynchttpclient.netty.channel.ChannelManager - Adding key: http://localhost:59398 for channel [id: 0x64fbd79a, L:/127.0.0.1:61543 - R:localhost/127.0.0.1:59398]
10:08:43.632 [Forwarding getAlertText on session 837b9c31197c1bd892b113949a980f4e to remote] DEBUG org.asynchttpclient.netty.request.NettyRequestSender - Using pooled Channel '[id: 0x64fbd79a, L:/127.0.0.1:61543 - R:localhost/127.0.0.1:59398]' for 'GET' to 'http://localhost:59398/session/837b9c31197c1bd892b113949a980f4e/alert/text'
10:08:43.632 [Forwarding getAlertText on session 837b9c31197c1bd892b113949a980f4e to remote] DEBUG org.asynchttpclient.netty.request.NettyRequestSender - Using open Channel [id: 0x64fbd79a, L:/127.0.0.1:61543 - R:localhost/127.0.0.1:59398] for GET '/session/837b9c31197c1bd892b113949a980f4e/alert/text'
10:08:43.633 [AsyncHttpClient-1-17] DEBUG org.asynchttpclient.netty.handler.HttpHandler - 

Request DefaultFullHttpRequest(decodeResult: success, version: HTTP/1.1, content: EmptyByteBufBE)
GET /session/837b9c31197c1bd892b113949a980f4e/alert/text HTTP/1.1
User-Agent: selenium/4.4.0 (java windows)
Cache-Control: no-cache
Content-Type: application/json; charset=utf-8
host: localhost:59398
accept: */*

Response DefaultHttpResponse(decodeResult: success, version: HTTP/1.1)
HTTP/1.1 404 Not Found
Content-Type: application/json; charset=utf-8
cache-control: no-cache
content-length: 879

10:08:43.633 [AsyncHttpClient-1-17] DEBUG org.asynchttpclient.netty.channel.ChannelManager - Adding key: http://localhost:59398 for channel [id: 0x64fbd79a, L:/127.0.0.1:61543 - R:localhost/127.0.0.1:59398]
10:08:43.636 [Forwarding switchToWindow on session 837b9c31197c1bd892b113949a980f4e to remote] DEBUG org.asynchttpclient.netty.request.NettyRequestSender - Using pooled Channel '[id: 0x64fbd79a, L:/127.0.0.1:61543 - R:localhost/127.0.0.1:59398]' for 'POST' to 'http://localhost:59398/session/837b9c31197c1bd892b113949a980f4e/window'
10:08:43.636 [Forwarding switchToWindow on session 837b9c31197c1bd892b113949a980f4e to remote] DEBUG org.asynchttpclient.netty.request.NettyRequestSender - Using open Channel [id: 0x64fbd79a, L:/127.0.0.1:61543 - R:localhost/127.0.0.1:59398] for POST '/session/837b9c31197c1bd892b113949a980f4e/window'
10:08:43.638 [AsyncHttpClient-1-17] DEBUG org.asynchttpclient.netty.handler.HttpHandler - 

Request DefaultHttpRequest(decodeResult: success, version: HTTP/1.1)
POST /session/837b9c31197c1bd892b113949a980f4e/window HTTP/1.1
User-Agent: selenium/4.4.0 (java windows)
Content-Length: 59
Content-Type: application/json; charset=utf-8
host: localhost:59398
accept: */*

Response DefaultHttpResponse(decodeResult: success, version: HTTP/1.1)
HTTP/1.1 200 OK
Content-Type: application/json; charset=utf-8
cache-control: no-cache
content-length: 14

10:08:43.638 [AsyncHttpClient-1-17] DEBUG org.asynchttpclient.netty.channel.ChannelManager - Adding key: http://localhost:59398 for channel [id: 0x64fbd79a, L:/127.0.0.1:61543 - R:localhost/127.0.0.1:59398]
10:08:43.639 [Forwarding getCurrentUrl on session 837b9c31197c1bd892b113949a980f4e to remote] DEBUG org.asynchttpclient.netty.request.NettyRequestSender - Using pooled Channel '[id: 0x64fbd79a, L:/127.0.0.1:61543 - R:localhost/127.0.0.1:59398]' for 'GET' to 'http://localhost:59398/session/837b9c31197c1bd892b113949a980f4e/url'
10:08:43.639 [Forwarding getCurrentUrl on session 837b9c31197c1bd892b113949a980f4e to remote] DEBUG org.asynchttpclient.netty.request.NettyRequestSender - Using open Channel [id: 0x64fbd79a, L:/127.0.0.1:61543 - R:localhost/127.0.0.1:59398] for GET '/session/837b9c31197c1bd892b113949a980f4e/url'
10:08:43.642 [AsyncHttpClient-1-17] DEBUG org.asynchttpclient.netty.handler.HttpHandler - 

Request DefaultFullHttpRequest(decodeResult: success, version: HTTP/1.1, content: EmptyByteBufBE)
GET /session/837b9c31197c1bd892b113949a980f4e/url HTTP/1.1
User-Agent: selenium/4.4.0 (java windows)
Cache-Control: no-cache
Content-Type: application/json; charset=utf-8
host: localhost:59398
accept: */*

Response DefaultHttpResponse(decodeResult: success, version: HTTP/1.1)
HTTP/1.1 200 OK
Content-Type: application/json; charset=utf-8
cache-control: no-cache
content-length: 38

10:08:43.642 [AsyncHttpClient-1-17] DEBUG org.asynchttpclient.netty.channel.ChannelManager - Adding key: http://localhost:59398 for channel [id: 0x64fbd79a, L:/127.0.0.1:61543 - R:localhost/127.0.0.1:59398]
10:08:43.643 [Forwarding screenshot on session 837b9c31197c1bd892b113949a980f4e to remote] DEBUG org.asynchttpclient.netty.request.NettyRequestSender - Using pooled Channel '[id: 0x64fbd79a, L:/127.0.0.1:61543 - R:localhost/127.0.0.1:59398]' for 'GET' to 'http://localhost:59398/session/837b9c31197c1bd892b113949a980f4e/screenshot'
10:08:43.643 [Forwarding screenshot on session 837b9c31197c1bd892b113949a980f4e to remote] DEBUG org.asynchttpclient.netty.request.NettyRequestSender - Using open Channel [id: 0x64fbd79a, L:/127.0.0.1:61543 - R:localhost/127.0.0.1:59398] for GET '/session/837b9c31197c1bd892b113949a980f4e/screenshot'
10:08:43.723 [AsyncHttpClient-1-17] DEBUG org.asynchttpclient.netty.handler.HttpHandler - 

Request DefaultFullHttpRequest(decodeResult: success, version: HTTP/1.1, content: EmptyByteBufBE)
GET /session/837b9c31197c1bd892b113949a980f4e/screenshot HTTP/1.1
User-Agent: selenium/4.4.0 (java windows)
Cache-Control: no-cache
Content-Type: application/json; charset=utf-8
host: localhost:59398
accept: */*

Response DefaultHttpResponse(decodeResult: success, version: HTTP/1.1)
HTTP/1.1 200 OK
Content-Type: application/json; charset=utf-8
cache-control: no-cache
content-length: 63992

10:08:43.723 [AsyncHttpClient-1-17] DEBUG org.asynchttpclient.netty.channel.ChannelManager - Adding key: http://localhost:59398 for channel [id: 0x64fbd79a, L:/127.0.0.1:61543 - R:localhost/127.0.0.1:59398]
10:08:43.725 [Test worker] DEBUG net.serenitybdd.core.photography.Darkroom - Send negative for processing for C:\Users\juan.gomezv\IdeaProjects\sura\target\site\serenity\7bf758da079e2c719024ede0af87b09e15b0a073db01e3c7d2fee27d47b15f60.png
10:08:43.726 [Driver Command Executor] DEBUG org.asynchttpclient.netty.request.NettyRequestSender - Using pooled Channel '[id: 0x64fbd79a, L:/127.0.0.1:61543 - R:localhost/127.0.0.1:59398]' for 'DELETE' to 'http://localhost:59398/session/837b9c31197c1bd892b113949a980f4e'
10:08:43.726 [AsyncHttpClient-1-3] DEBUG org.asynchttpclient.netty.handler.WebSocketHandler - Channel Closed: [id: 0x0eb6fee9, L:/127.0.0.1:61551 ! R:localhost/127.0.0.1:61544] with attribute NettyResponseFuture{currentRetry=0,
	isDone=1,
	isCancelled=0,
	asyncHandler=org.asynchttpclient.ws.WebSocketUpgradeHandler@3deeaf8a,
	nettyRequest=org.asynchttpclient.netty.request.NettyRequest@413162a,
	future=java.util.concurrent.CompletableFuture@4a7ad19d[Completed normally],
	uri=ws://localhost:61544/devtools/browser/2d95e9d4-dc3e-4c58-9993-58797b8e8337,
	keepAlive=true,
	redirectCount=0,
	timeoutsHolder=null,
	inAuth=0,
	touch=1664204922244}
10:08:43.727 [Driver Command Executor] DEBUG org.asynchttpclient.netty.request.NettyRequestSender - Using open Channel [id: 0x64fbd79a, L:/127.0.0.1:61543 - R:localhost/127.0.0.1:59398] for DELETE '/session/837b9c31197c1bd892b113949a980f4e'
10:08:43.727 [AsyncHttpClient-1-3] DEBUG org.asynchttpclient.netty.channel.ChannelManager - Closing Channel [id: 0x0eb6fee9, L:/127.0.0.1:61551 ! R:localhost/127.0.0.1:61544] 
10:08:43.744 [AsyncHttpClient-1-2] DEBUG org.asynchttpclient.netty.handler.HttpHandler - Unexpected I/O exception on channel [id: 0xe794037b, L:/127.0.0.1:61550 - R:localhost/127.0.0.1:61544]
java.net.SocketException: Connection reset
	at java.base/sun.nio.ch.SocketChannelImpl.throwConnectionReset(SocketChannelImpl.java:394)
	at java.base/sun.nio.ch.SocketChannelImpl.read(SocketChannelImpl.java:426)
	at io.netty.buffer.PooledByteBuf.setBytes(PooledByteBuf.java:258)
	at io.netty.buffer.AbstractByteBuf.writeBytes(AbstractByteBuf.java:1132)
	at io.netty.channel.socket.nio.NioSocketChannel.doReadBytes(NioSocketChannel.java:357)
	at io.netty.channel.nio.AbstractNioByteChannel$NioByteUnsafe.read(AbstractNioByteChannel.java:151)
	at io.netty.channel.nio.NioEventLoop.processSelectedKey(NioEventLoop.java:722)
	at io.netty.channel.nio.NioEventLoop.processSelectedKeysOptimized(NioEventLoop.java:658)
	at io.netty.channel.nio.NioEventLoop.processSelectedKeys(NioEventLoop.java:584)
	at io.netty.channel.nio.NioEventLoop.run(NioEventLoop.java:496)
	at io.netty.util.concurrent.SingleThreadEventExecutor$4.run(SingleThreadEventExecutor.java:997)
	at io.netty.util.internal.ThreadExecutorMap$2.run(ThreadExecutorMap.java:74)
	at io.netty.util.concurrent.FastThreadLocalRunnable.run(FastThreadLocalRunnable.java:30)
	at java.base/java.lang.Thread.run(Thread.java:833)
10:08:43.744 [AsyncHttpClient-1-2] DEBUG org.asynchttpclient.netty.channel.ChannelManager - Closing Channel [id: 0xe794037b, L:/127.0.0.1:61550 - R:localhost/127.0.0.1:61544] 
10:08:43.744 [AsyncHttpClient-1-2] DEBUG org.asynchttpclient.netty.handler.HttpHandler - Channel Closed: [id: 0xe794037b, L:/127.0.0.1:61550 ! R:localhost/127.0.0.1:61544] with attribute DISCARD
10:08:43.754 [AsyncHttpClient-1-17] DEBUG org.asynchttpclient.netty.handler.HttpHandler - 

Request DefaultFullHttpRequest(decodeResult: success, version: HTTP/1.1, content: EmptyByteBufBE)
DELETE /session/837b9c31197c1bd892b113949a980f4e HTTP/1.1
User-Agent: selenium/4.4.0 (java windows)
Content-Type: application/json; charset=utf-8
host: localhost:59398
accept: */*

Response DefaultHttpResponse(decodeResult: success, version: HTTP/1.1)
HTTP/1.1 200 OK
Content-Type: application/json; charset=utf-8
cache-control: no-cache
content-length: 14

10:08:43.754 [AsyncHttpClient-1-17] DEBUG org.asynchttpclient.netty.channel.ChannelManager - Adding key: http://localhost:59398 for channel [id: 0x64fbd79a, L:/127.0.0.1:61543 - R:localhost/127.0.0.1:59398]
10:08:43.821 [AsyncHttpClient-1-17] DEBUG org.asynchttpclient.netty.handler.HttpHandler - Channel Closed: [id: 0x64fbd79a, L:/127.0.0.1:61543 ! R:localhost/127.0.0.1:59398] with attribute DISCARD
10:08:43.853 [Test worker] INFO  - 
  _____   ___   ___   _____     ___     _     ___   ___   ___   ___  
 |_   _| | __| / __| |_   _|   | _ \   /_\   / __| / __| | __| |   \ 
   | |   | _|  \__ \   | |     |  _/  / _ \  \__ \ \__ \ | _|  | |) |
   |_|   |___| |___/   |_|     |_|   /_/ \_\ |___/ |___/ |___| |___/ 

Usuario trata autenticarse con información incompleta
----------------------------------------------------------------------

Esquema del escenario: Usuario trata autenticarse con informaciÃ³n incompleta      ?[90m# src/test/resources/features/login.feature:31?[0m
10:08:43.857 [Test worker] INFO io.cucumber.core.plugin.SerenityReporter - Running feature from file:///C:/Users/juan.gomezv/IdeaProjects/sura/src/test/resources/features/login.feature
10:08:43.862 [Test worker] DEBUG net.thucydides.core.steps.StepInterceptor - STARTING STEP: LoginSteps.albertoQuiereConsultarArticulosDeportivosEnLaWebDeLaMarcaSwag - {0} abre la aplicaciÃ³n
10:08:43.864 [Test worker] DEBUG net.thucydides.core.steps.StepInterceptor - STARTING STEP: NavigateTo.performAs - {0} opens the #targetPageName
10:08:43.901 [Test worker] INFO net.serenitybdd.core.webdriver.driverproviders.ChromeDriverProvider - Starting Chrome driver instance with capabilities:
10:08:43.901 [Test worker] INFO net.serenitybdd.core.webdriver.driverproviders.ChromeDriverProvider - Capabilities {acceptInsecureCerts: false, browserName: chrome, goog:chromeOptions: {args: [], extensions: []}}
10:08:43.912 [AsyncHttpClient-1-1] DEBUG org.asynchttpclient.netty.channel.DefaultChannelPool - Entry count for : http://localhost:59398 : 1
10:08:43.912 [AsyncHttpClient-1-1] DEBUG org.asynchttpclient.netty.channel.DefaultChannelPool - Entry count for : http://localhost:61544 : 1
10:08:43.912 [AsyncHttpClient-1-1] DEBUG org.asynchttpclient.netty.channel.DefaultChannelPool - Adding Candidate expired Channel [id: 0x64fbd79a, L:/127.0.0.1:61543 ! R:localhost/127.0.0.1:59398] isIdleTimeoutExpired=false isRemotelyClosed=true isTtlExpired=false
10:08:43.912 [AsyncHttpClient-1-1] DEBUG org.asynchttpclient.netty.channel.DefaultChannelPool - Closing Idle Channel [id: 0x64fbd79a, L:/127.0.0.1:61543 ! R:localhost/127.0.0.1:59398]
10:08:43.912 [AsyncHttpClient-1-1] DEBUG org.asynchttpclient.netty.channel.DefaultChannelPool - Adding Candidate expired Channel [id: 0xe794037b, L:/127.0.0.1:61550 ! R:localhost/127.0.0.1:61544] isIdleTimeoutExpired=false isRemotelyClosed=true isTtlExpired=false
10:08:43.912 [AsyncHttpClient-1-1] DEBUG org.asynchttpclient.netty.channel.DefaultChannelPool - Closing Idle Channel [id: 0xe794037b, L:/127.0.0.1:61550 ! R:localhost/127.0.0.1:61544]
10:08:43.912 [AsyncHttpClient-1-1] DEBUG org.asynchttpclient.netty.channel.DefaultChannelPool - Closed 2 connections out of 2 in 0 ms
10:08:43.979 [AsyncHttpClient-1-4] DEBUG org.asynchttpclient.netty.channel.NettyConnectListener - Using new Channel '[id: 0x846811c8, L:/127.0.0.1:61567 - R:localhost/127.0.0.1:59927]' for 'POST' to '/session'
10:08:44.552 [AsyncHttpClient-1-4] DEBUG org.asynchttpclient.netty.handler.HttpHandler - 

Request DefaultHttpRequest(decodeResult: success, version: HTTP/1.1)
POST /session HTTP/1.1
User-Agent: selenium/4.4.0 (java windows)
Content-Length: 437
Content-Type: application/json; charset=utf-8
host: localhost:59927
accept: */*

Response DefaultHttpResponse(decodeResult: success, version: HTTP/1.1)
HTTP/1.1 200 OK
Content-Type: application/json; charset=utf-8
cache-control: no-cache
content-length: 796

10:08:44.552 [AsyncHttpClient-1-4] DEBUG org.asynchttpclient.netty.channel.ChannelManager - Adding key: http://localhost:59927 for channel [id: 0x846811c8, L:/127.0.0.1:61567 - R:localhost/127.0.0.1:59927]
10:08:44.555 [AsyncHttpClient-1-5] DEBUG org.asynchttpclient.netty.channel.NettyConnectListener - Using new Channel '[id: 0x4ebf2ba5, L:/127.0.0.1:61574 - R:localhost/127.0.0.1:61568]' for 'GET' to '/json/version'
10:08:44.556 [AsyncHttpClient-1-5] DEBUG org.asynchttpclient.netty.handler.HttpHandler - 

Request DefaultFullHttpRequest(decodeResult: success, version: HTTP/1.1, content: EmptyByteBufBE)
GET /json/version HTTP/1.1
User-Agent: selenium/4.4.0 (java windows)
host: localhost:61568
accept: */*

Response DefaultHttpResponse(decodeResult: success, version: HTTP/1.1)
HTTP/1.1 200 OK
Content-Type: application/json; charset=UTF-8
content-length: 423

10:08:44.556 [AsyncHttpClient-1-5] DEBUG org.asynchttpclient.netty.channel.ChannelManager - Adding key: http://localhost:61568 for channel [id: 0x4ebf2ba5, L:/127.0.0.1:61574 - R:localhost/127.0.0.1:61568]
10:08:44.557 [AsyncHttpClient-1-6] DEBUG org.asynchttpclient.netty.channel.NettyConnectListener - Using new Channel '[id: 0x13e0aa6f, L:/127.0.0.1:61575 - R:localhost/127.0.0.1:61568]' for 'GET' to '/devtools/browser/807d7ff0-c8c7-41ec-b40c-4c2475f788cb'
10:08:44.557 [AsyncHttpClient-1-6] DEBUG org.asynchttpclient.netty.handler.WebSocketHandler - 

Request DefaultFullHttpRequest(decodeResult: success, version: HTTP/1.1, content: EmptyByteBufBE)
GET /devtools/browser/807d7ff0-c8c7-41ec-b40c-4c2475f788cb HTTP/1.1
upgrade: websocket
connection: upgrade
sec-websocket-key: NClumP6elrJys0+GUAvfsA==
sec-websocket-version: 13
origin: http://localhost:61568
host: localhost:61568
accept: */*
user-agent: AHC/2.1

Response DefaultHttpResponse(decodeResult: success, version: HTTP/1.1)
HTTP/1.1 101 WebSocket Protocol Handshake
Upgrade: WebSocket
Connection: Upgrade
Sec-WebSocket-Accept: tqQ+6oei3QYDu5lyNTBRFqmHI3E=

10:08:44.561 [Forwarding get on session 6ef603274331100b8198eed74f95c3ca to remote] DEBUG org.asynchttpclient.netty.request.NettyRequestSender - Using pooled Channel '[id: 0x846811c8, L:/127.0.0.1:61567 - R:localhost/127.0.0.1:59927]' for 'POST' to 'http://localhost:59927/session/6ef603274331100b8198eed74f95c3ca/url'
10:08:44.561 [Forwarding get on session 6ef603274331100b8198eed74f95c3ca to remote] DEBUG org.asynchttpclient.netty.request.NettyRequestSender - Using open Channel [id: 0x846811c8, L:/127.0.0.1:61567 - R:localhost/127.0.0.1:59927] for POST '/session/6ef603274331100b8198eed74f95c3ca/url'
10:08:44.867 [AsyncHttpClient-1-4] DEBUG org.asynchttpclient.netty.handler.HttpHandler - 

Request DefaultHttpRequest(decodeResult: success, version: HTTP/1.1)
POST /session/6ef603274331100b8198eed74f95c3ca/url HTTP/1.1
User-Agent: selenium/4.4.0 (java windows)
Content-Length: 40
Content-Type: application/json; charset=utf-8
host: localhost:59927
accept: */*

Response DefaultHttpResponse(decodeResult: success, version: HTTP/1.1)
HTTP/1.1 200 OK
Content-Type: application/json; charset=utf-8
cache-control: no-cache
content-length: 14

10:08:44.867 [AsyncHttpClient-1-4] DEBUG org.asynchttpclient.netty.channel.ChannelManager - Adding key: http://localhost:59927 for channel [id: 0x846811c8, L:/127.0.0.1:61567 - R:localhost/127.0.0.1:59927]
10:08:44.869 [Forwarding setTimeout on session 6ef603274331100b8198eed74f95c3ca to remote] DEBUG org.asynchttpclient.netty.request.NettyRequestSender - Using pooled Channel '[id: 0x846811c8, L:/127.0.0.1:61567 - R:localhost/127.0.0.1:59927]' for 'POST' to 'http://localhost:59927/session/6ef603274331100b8198eed74f95c3ca/timeouts'
10:08:44.869 [Forwarding setTimeout on session 6ef603274331100b8198eed74f95c3ca to remote] DEBUG org.asynchttpclient.netty.request.NettyRequestSender - Using open Channel [id: 0x846811c8, L:/127.0.0.1:61567 - R:localhost/127.0.0.1:59927] for POST '/session/6ef603274331100b8198eed74f95c3ca/timeouts'
10:08:44.870 [AsyncHttpClient-1-4] DEBUG org.asynchttpclient.netty.handler.HttpHandler - 

Request DefaultHttpRequest(decodeResult: success, version: HTTP/1.1)
POST /session/6ef603274331100b8198eed74f95c3ca/timeouts HTTP/1.1
User-Agent: selenium/4.4.0 (java windows)
Content-Length: 22
Content-Type: application/json; charset=utf-8
host: localhost:59927
accept: */*

Response DefaultHttpResponse(decodeResult: success, version: HTTP/1.1)
HTTP/1.1 200 OK
Content-Type: application/json; charset=utf-8
cache-control: no-cache
content-length: 14

10:08:44.870 [AsyncHttpClient-1-4] DEBUG org.asynchttpclient.netty.channel.ChannelManager - Adding key: http://localhost:59927 for channel [id: 0x846811c8, L:/127.0.0.1:61567 - R:localhost/127.0.0.1:59927]
10:08:44.879 [Forwarding getCurrentUrl on session 6ef603274331100b8198eed74f95c3ca to remote] DEBUG org.asynchttpclient.netty.request.NettyRequestSender - Using pooled Channel '[id: 0x846811c8, L:/127.0.0.1:61567 - R:localhost/127.0.0.1:59927]' for 'GET' to 'http://localhost:59927/session/6ef603274331100b8198eed74f95c3ca/url'
10:08:44.880 [Forwarding getCurrentUrl on session 6ef603274331100b8198eed74f95c3ca to remote] DEBUG org.asynchttpclient.netty.request.NettyRequestSender - Using open Channel [id: 0x846811c8, L:/127.0.0.1:61567 - R:localhost/127.0.0.1:59927] for GET '/session/6ef603274331100b8198eed74f95c3ca/url'
10:08:44.883 [AsyncHttpClient-1-4] DEBUG org.asynchttpclient.netty.handler.HttpHandler - 

Request DefaultFullHttpRequest(decodeResult: success, version: HTTP/1.1, content: EmptyByteBufBE)
GET /session/6ef603274331100b8198eed74f95c3ca/url HTTP/1.1
User-Agent: selenium/4.4.0 (java windows)
Cache-Control: no-cache
Content-Type: application/json; charset=utf-8
host: localhost:59927
accept: */*

Response DefaultHttpResponse(decodeResult: success, version: HTTP/1.1)
HTTP/1.1 200 OK
Content-Type: application/json; charset=utf-8
cache-control: no-cache
content-length: 38

10:08:44.884 [AsyncHttpClient-1-4] DEBUG org.asynchttpclient.netty.channel.ChannelManager - Adding key: http://localhost:59927 for channel [id: 0x846811c8, L:/127.0.0.1:61567 - R:localhost/127.0.0.1:59927]
10:08:44.892 [Forwarding getCurrentUrl on session 6ef603274331100b8198eed74f95c3ca to remote] DEBUG org.asynchttpclient.netty.request.NettyRequestSender - Using pooled Channel '[id: 0x846811c8, L:/127.0.0.1:61567 - R:localhost/127.0.0.1:59927]' for 'GET' to 'http://localhost:59927/session/6ef603274331100b8198eed74f95c3ca/url'
10:08:44.892 [Forwarding getCurrentUrl on session 6ef603274331100b8198eed74f95c3ca to remote] DEBUG org.asynchttpclient.netty.request.NettyRequestSender - Using open Channel [id: 0x846811c8, L:/127.0.0.1:61567 - R:localhost/127.0.0.1:59927] for GET '/session/6ef603274331100b8198eed74f95c3ca/url'
10:08:44.895 [AsyncHttpClient-1-4] DEBUG org.asynchttpclient.netty.handler.HttpHandler - 

Request DefaultFullHttpRequest(decodeResult: success, version: HTTP/1.1, content: EmptyByteBufBE)
GET /session/6ef603274331100b8198eed74f95c3ca/url HTTP/1.1
User-Agent: selenium/4.4.0 (java windows)
Cache-Control: no-cache
Content-Type: application/json; charset=utf-8
host: localhost:59927
accept: */*

Response DefaultHttpResponse(decodeResult: success, version: HTTP/1.1)
HTTP/1.1 200 OK
Content-Type: application/json; charset=utf-8
cache-control: no-cache
content-length: 38

10:08:44.895 [AsyncHttpClient-1-4] DEBUG org.asynchttpclient.netty.channel.ChannelManager - Adding key: http://localhost:59927 for channel [id: 0x846811c8, L:/127.0.0.1:61567 - R:localhost/127.0.0.1:59927]
10:08:44.906 [Forwarding getCurrentWindowHandle on session 6ef603274331100b8198eed74f95c3ca to remote] DEBUG org.asynchttpclient.netty.request.NettyRequestSender - Using pooled Channel '[id: 0x846811c8, L:/127.0.0.1:61567 - R:localhost/127.0.0.1:59927]' for 'GET' to 'http://localhost:59927/session/6ef603274331100b8198eed74f95c3ca/window'
10:08:44.907 [Forwarding getCurrentWindowHandle on session 6ef603274331100b8198eed74f95c3ca to remote] DEBUG org.asynchttpclient.netty.request.NettyRequestSender - Using open Channel [id: 0x846811c8, L:/127.0.0.1:61567 - R:localhost/127.0.0.1:59927] for GET '/session/6ef603274331100b8198eed74f95c3ca/window'
10:08:44.907 [AsyncHttpClient-1-4] DEBUG org.asynchttpclient.netty.handler.HttpHandler - 

Request DefaultFullHttpRequest(decodeResult: success, version: HTTP/1.1, content: EmptyByteBufBE)
GET /session/6ef603274331100b8198eed74f95c3ca/window HTTP/1.1
User-Agent: selenium/4.4.0 (java windows)
Cache-Control: no-cache
Content-Type: application/json; charset=utf-8
host: localhost:59927
accept: */*

Response DefaultHttpResponse(decodeResult: success, version: HTTP/1.1)
HTTP/1.1 200 OK
Content-Type: application/json; charset=utf-8
cache-control: no-cache
content-length: 53

10:08:44.907 [AsyncHttpClient-1-4] DEBUG org.asynchttpclient.netty.channel.ChannelManager - Adding key: http://localhost:59927 for channel [id: 0x846811c8, L:/127.0.0.1:61567 - R:localhost/127.0.0.1:59927]
10:08:44.910 [Forwarding getAlertText on session 6ef603274331100b8198eed74f95c3ca to remote] DEBUG org.asynchttpclient.netty.request.NettyRequestSender - Using pooled Channel '[id: 0x846811c8, L:/127.0.0.1:61567 - R:localhost/127.0.0.1:59927]' for 'GET' to 'http://localhost:59927/session/6ef603274331100b8198eed74f95c3ca/alert/text'
10:08:44.910 [Forwarding getAlertText on session 6ef603274331100b8198eed74f95c3ca to remote] DEBUG org.asynchttpclient.netty.request.NettyRequestSender - Using open Channel [id: 0x846811c8, L:/127.0.0.1:61567 - R:localhost/127.0.0.1:59927] for GET '/session/6ef603274331100b8198eed74f95c3ca/alert/text'
10:08:44.911 [AsyncHttpClient-1-4] DEBUG org.asynchttpclient.netty.handler.HttpHandler - 

Request DefaultFullHttpRequest(decodeResult: success, version: HTTP/1.1, content: EmptyByteBufBE)
GET /session/6ef603274331100b8198eed74f95c3ca/alert/text HTTP/1.1
User-Agent: selenium/4.4.0 (java windows)
Cache-Control: no-cache
Content-Type: application/json; charset=utf-8
host: localhost:59927
accept: */*

Response DefaultHttpResponse(decodeResult: success, version: HTTP/1.1)
HTTP/1.1 404 Not Found
Content-Type: application/json; charset=utf-8
cache-control: no-cache
content-length: 879

10:08:44.911 [AsyncHttpClient-1-4] DEBUG org.asynchttpclient.netty.channel.ChannelManager - Adding key: http://localhost:59927 for channel [id: 0x846811c8, L:/127.0.0.1:61567 - R:localhost/127.0.0.1:59927]
10:08:44.916 [Forwarding switchToWindow on session 6ef603274331100b8198eed74f95c3ca to remote] DEBUG org.asynchttpclient.netty.request.NettyRequestSender - Using pooled Channel '[id: 0x846811c8, L:/127.0.0.1:61567 - R:localhost/127.0.0.1:59927]' for 'POST' to 'http://localhost:59927/session/6ef603274331100b8198eed74f95c3ca/window'
10:08:44.916 [Forwarding switchToWindow on session 6ef603274331100b8198eed74f95c3ca to remote] DEBUG org.asynchttpclient.netty.request.NettyRequestSender - Using open Channel [id: 0x846811c8, L:/127.0.0.1:61567 - R:localhost/127.0.0.1:59927] for POST '/session/6ef603274331100b8198eed74f95c3ca/window'
10:08:44.919 [AsyncHttpClient-1-4] DEBUG org.asynchttpclient.netty.handler.HttpHandler - 

Request DefaultHttpRequest(decodeResult: success, version: HTTP/1.1)
POST /session/6ef603274331100b8198eed74f95c3ca/window HTTP/1.1
User-Agent: selenium/4.4.0 (java windows)
Content-Length: 59
Content-Type: application/json; charset=utf-8
host: localhost:59927
accept: */*

Response DefaultHttpResponse(decodeResult: success, version: HTTP/1.1)
HTTP/1.1 200 OK
Content-Type: application/json; charset=utf-8
cache-control: no-cache
content-length: 14

10:08:44.919 [AsyncHttpClient-1-4] DEBUG org.asynchttpclient.netty.channel.ChannelManager - Adding key: http://localhost:59927 for channel [id: 0x846811c8, L:/127.0.0.1:61567 - R:localhost/127.0.0.1:59927]
10:08:44.920 [Forwarding getCurrentUrl on session 6ef603274331100b8198eed74f95c3ca to remote] DEBUG org.asynchttpclient.netty.request.NettyRequestSender - Using pooled Channel '[id: 0x846811c8, L:/127.0.0.1:61567 - R:localhost/127.0.0.1:59927]' for 'GET' to 'http://localhost:59927/session/6ef603274331100b8198eed74f95c3ca/url'
10:08:44.920 [Forwarding getCurrentUrl on session 6ef603274331100b8198eed74f95c3ca to remote] DEBUG org.asynchttpclient.netty.request.NettyRequestSender - Using open Channel [id: 0x846811c8, L:/127.0.0.1:61567 - R:localhost/127.0.0.1:59927] for GET '/session/6ef603274331100b8198eed74f95c3ca/url'
10:08:44.923 [AsyncHttpClient-1-4] DEBUG org.asynchttpclient.netty.handler.HttpHandler - 

Request DefaultFullHttpRequest(decodeResult: success, version: HTTP/1.1, content: EmptyByteBufBE)
GET /session/6ef603274331100b8198eed74f95c3ca/url HTTP/1.1
User-Agent: selenium/4.4.0 (java windows)
Cache-Control: no-cache
Content-Type: application/json; charset=utf-8
host: localhost:59927
accept: */*

Response DefaultHttpResponse(decodeResult: success, version: HTTP/1.1)
HTTP/1.1 200 OK
Content-Type: application/json; charset=utf-8
cache-control: no-cache
content-length: 38

10:08:44.923 [AsyncHttpClient-1-4] DEBUG org.asynchttpclient.netty.channel.ChannelManager - Adding key: http://localhost:59927 for channel [id: 0x846811c8, L:/127.0.0.1:61567 - R:localhost/127.0.0.1:59927]
10:08:44.924 [Forwarding screenshot on session 6ef603274331100b8198eed74f95c3ca to remote] DEBUG org.asynchttpclient.netty.request.NettyRequestSender - Using pooled Channel '[id: 0x846811c8, L:/127.0.0.1:61567 - R:localhost/127.0.0.1:59927]' for 'GET' to 'http://localhost:59927/session/6ef603274331100b8198eed74f95c3ca/screenshot'
10:08:44.924 [Forwarding screenshot on session 6ef603274331100b8198eed74f95c3ca to remote] DEBUG org.asynchttpclient.netty.request.NettyRequestSender - Using open Channel [id: 0x846811c8, L:/127.0.0.1:61567 - R:localhost/127.0.0.1:59927] for GET '/session/6ef603274331100b8198eed74f95c3ca/screenshot'
10:08:45.015 [AsyncHttpClient-1-1] DEBUG org.asynchttpclient.netty.channel.DefaultChannelPool - Entry count for : http://localhost:61568 : 1
10:08:45.017 [AsyncHttpClient-1-4] DEBUG org.asynchttpclient.netty.handler.HttpHandler - 

Request DefaultFullHttpRequest(decodeResult: success, version: HTTP/1.1, content: EmptyByteBufBE)
GET /session/6ef603274331100b8198eed74f95c3ca/screenshot HTTP/1.1
User-Agent: selenium/4.4.0 (java windows)
Cache-Control: no-cache
Content-Type: application/json; charset=utf-8
host: localhost:59927
accept: */*

Response DefaultHttpResponse(decodeResult: success, version: HTTP/1.1)
HTTP/1.1 200 OK
Content-Type: application/json; charset=utf-8
cache-control: no-cache
content-length: 59108

10:08:45.017 [AsyncHttpClient-1-4] DEBUG org.asynchttpclient.netty.channel.ChannelManager - Adding key: http://localhost:59927 for channel [id: 0x846811c8, L:/127.0.0.1:61567 - R:localhost/127.0.0.1:59927]
10:08:45.018 [Test worker] DEBUG net.serenitybdd.core.photography.Darkroom - Send negative for processing for C:\Users\juan.gomezv\IdeaProjects\sura\target\site\serenity\60e3c498caf7a8fcf635471a5092c247627e1395d91e12246eaf1a3e7a34e095.png
10:08:45.019 [Test worker] DEBUG net.thucydides.core.steps.StepInterceptor - STEP DONE: {0} opens the #targetPageName
10:08:45.026 [Test worker] DEBUG net.thucydides.core.steps.StepInterceptor - STEP DONE: {0} abre la aplicaciÃ³n
  ?[32mDado ?[0m?[32m?[0m?[32m?[1mAlberto?[0m?[32m quiere consultar articulos deportivos en la web de la marca Swag?[0m   ?[90m# sura.stepDefinitions.LoginSteps.albertoQuiereConsultarArticulosDeportivosEnLaWebDeLaMarcaSwag(net.serenitybdd.screenplay.Actor)?[0m
10:08:45.039 [Forwarding getPageSource on session 6ef603274331100b8198eed74f95c3ca to remote] DEBUG org.asynchttpclient.netty.request.NettyRequestSender - Using pooled Channel '[id: 0x846811c8, L:/127.0.0.1:61567 - R:localhost/127.0.0.1:59927]' for 'POST' to 'http://localhost:59927/session/6ef603274331100b8198eed74f95c3ca/execute/sync'
10:08:45.039 [Forwarding getPageSource on session 6ef603274331100b8198eed74f95c3ca to remote] DEBUG org.asynchttpclient.netty.request.NettyRequestSender - Using open Channel [id: 0x846811c8, L:/127.0.0.1:61567 - R:localhost/127.0.0.1:59927] for POST '/session/6ef603274331100b8198eed74f95c3ca/execute/sync'
10:08:45.043 [AsyncHttpClient-1-4] DEBUG org.asynchttpclient.netty.handler.HttpHandler - 

Request DefaultHttpRequest(decodeResult: success, version: HTTP/1.1)
POST /session/6ef603274331100b8198eed74f95c3ca/execute/sync HTTP/1.1
User-Agent: selenium/4.4.0 (java windows)
Content-Length: 176
Content-Type: application/json; charset=utf-8
host: localhost:59927
accept: */*

Response DefaultHttpResponse(decodeResult: success, version: HTTP/1.1)
HTTP/1.1 200 OK
Content-Type: application/json; charset=utf-8
cache-control: no-cache
content-length: 4160

10:08:45.044 [AsyncHttpClient-1-4] DEBUG org.asynchttpclient.netty.channel.ChannelManager - Adding key: http://localhost:59927 for channel [id: 0x846811c8, L:/127.0.0.1:61567 - R:localhost/127.0.0.1:59927]
10:08:45.044 [Forwarding getCurrentUrl on session 6ef603274331100b8198eed74f95c3ca to remote] DEBUG org.asynchttpclient.netty.request.NettyRequestSender - Using pooled Channel '[id: 0x846811c8, L:/127.0.0.1:61567 - R:localhost/127.0.0.1:59927]' for 'GET' to 'http://localhost:59927/session/6ef603274331100b8198eed74f95c3ca/url'
10:08:45.045 [Forwarding getCurrentUrl on session 6ef603274331100b8198eed74f95c3ca to remote] DEBUG org.asynchttpclient.netty.request.NettyRequestSender - Using open Channel [id: 0x846811c8, L:/127.0.0.1:61567 - R:localhost/127.0.0.1:59927] for GET '/session/6ef603274331100b8198eed74f95c3ca/url'
10:08:45.047 [AsyncHttpClient-1-4] DEBUG org.asynchttpclient.netty.handler.HttpHandler - 

Request DefaultFullHttpRequest(decodeResult: success, version: HTTP/1.1, content: EmptyByteBufBE)
GET /session/6ef603274331100b8198eed74f95c3ca/url HTTP/1.1
User-Agent: selenium/4.4.0 (java windows)
Cache-Control: no-cache
Content-Type: application/json; charset=utf-8
host: localhost:59927
accept: */*

Response DefaultHttpResponse(decodeResult: success, version: HTTP/1.1)
HTTP/1.1 200 OK
Content-Type: application/json; charset=utf-8
cache-control: no-cache
content-length: 38

10:08:45.047 [AsyncHttpClient-1-4] DEBUG org.asynchttpclient.netty.channel.ChannelManager - Adding key: http://localhost:59927 for channel [id: 0x846811c8, L:/127.0.0.1:61567 - R:localhost/127.0.0.1:59927]
10:08:45.060 [Forwarding getPageSource on session 6ef603274331100b8198eed74f95c3ca to remote] DEBUG org.asynchttpclient.netty.request.NettyRequestSender - Using pooled Channel '[id: 0x846811c8, L:/127.0.0.1:61567 - R:localhost/127.0.0.1:59927]' for 'POST' to 'http://localhost:59927/session/6ef603274331100b8198eed74f95c3ca/execute/sync'
10:08:45.060 [Forwarding getPageSource on session 6ef603274331100b8198eed74f95c3ca to remote] DEBUG org.asynchttpclient.netty.request.NettyRequestSender - Using open Channel [id: 0x846811c8, L:/127.0.0.1:61567 - R:localhost/127.0.0.1:59927] for POST '/session/6ef603274331100b8198eed74f95c3ca/execute/sync'
10:08:45.063 [AsyncHttpClient-1-4] DEBUG org.asynchttpclient.netty.handler.HttpHandler - 

Request DefaultHttpRequest(decodeResult: success, version: HTTP/1.1)
POST /session/6ef603274331100b8198eed74f95c3ca/execute/sync HTTP/1.1
User-Agent: selenium/4.4.0 (java windows)
Content-Length: 176
Content-Type: application/json; charset=utf-8
host: localhost:59927
accept: */*

Response DefaultHttpResponse(decodeResult: success, version: HTTP/1.1)
HTTP/1.1 200 OK
Content-Type: application/json; charset=utf-8
cache-control: no-cache
content-length: 4160

10:08:45.063 [AsyncHttpClient-1-4] DEBUG org.asynchttpclient.netty.channel.ChannelManager - Adding key: http://localhost:59927 for channel [id: 0x846811c8, L:/127.0.0.1:61567 - R:localhost/127.0.0.1:59927]
10:08:45.064 [Forwarding getCurrentUrl on session 6ef603274331100b8198eed74f95c3ca to remote] DEBUG org.asynchttpclient.netty.request.NettyRequestSender - Using pooled Channel '[id: 0x846811c8, L:/127.0.0.1:61567 - R:localhost/127.0.0.1:59927]' for 'GET' to 'http://localhost:59927/session/6ef603274331100b8198eed74f95c3ca/url'
10:08:45.064 [Forwarding getCurrentUrl on session 6ef603274331100b8198eed74f95c3ca to remote] DEBUG org.asynchttpclient.netty.request.NettyRequestSender - Using open Channel [id: 0x846811c8, L:/127.0.0.1:61567 - R:localhost/127.0.0.1:59927] for GET '/session/6ef603274331100b8198eed74f95c3ca/url'
10:08:45.066 [AsyncHttpClient-1-4] DEBUG org.asynchttpclient.netty.handler.HttpHandler - 

Request DefaultFullHttpRequest(decodeResult: success, version: HTTP/1.1, content: EmptyByteBufBE)
GET /session/6ef603274331100b8198eed74f95c3ca/url HTTP/1.1
User-Agent: selenium/4.4.0 (java windows)
Cache-Control: no-cache
Content-Type: application/json; charset=utf-8
host: localhost:59927
accept: */*

Response DefaultHttpResponse(decodeResult: success, version: HTTP/1.1)
HTTP/1.1 200 OK
Content-Type: application/json; charset=utf-8
cache-control: no-cache
content-length: 38

10:08:45.066 [AsyncHttpClient-1-4] DEBUG org.asynchttpclient.netty.channel.ChannelManager - Adding key: http://localhost:59927 for channel [id: 0x846811c8, L:/127.0.0.1:61567 - R:localhost/127.0.0.1:59927]
10:08:45.067 [Test worker] DEBUG net.thucydides.core.steps.StepInterceptor - STARTING STEP: LoginSteps.elSeAutenticaComoUnUsuario - performAs
10:08:45.081 [Forwarding getCurrentWindowHandle on session 6ef603274331100b8198eed74f95c3ca to remote] DEBUG org.asynchttpclient.netty.request.NettyRequestSender - Using pooled Channel '[id: 0x846811c8, L:/127.0.0.1:61567 - R:localhost/127.0.0.1:59927]' for 'GET' to 'http://localhost:59927/session/6ef603274331100b8198eed74f95c3ca/window'
10:08:45.081 [Forwarding getCurrentWindowHandle on session 6ef603274331100b8198eed74f95c3ca to remote] DEBUG org.asynchttpclient.netty.request.NettyRequestSender - Using open Channel [id: 0x846811c8, L:/127.0.0.1:61567 - R:localhost/127.0.0.1:59927] for GET '/session/6ef603274331100b8198eed74f95c3ca/window'
10:08:45.082 [AsyncHttpClient-1-4] DEBUG org.asynchttpclient.netty.handler.HttpHandler - 

Request DefaultFullHttpRequest(decodeResult: success, version: HTTP/1.1, content: EmptyByteBufBE)
GET /session/6ef603274331100b8198eed74f95c3ca/window HTTP/1.1
User-Agent: selenium/4.4.0 (java windows)
Cache-Control: no-cache
Content-Type: application/json; charset=utf-8
host: localhost:59927
accept: */*

Response DefaultHttpResponse(decodeResult: success, version: HTTP/1.1)
HTTP/1.1 200 OK
Content-Type: application/json; charset=utf-8
cache-control: no-cache
content-length: 53

10:08:45.082 [AsyncHttpClient-1-4] DEBUG org.asynchttpclient.netty.channel.ChannelManager - Adding key: http://localhost:59927 for channel [id: 0x846811c8, L:/127.0.0.1:61567 - R:localhost/127.0.0.1:59927]
10:08:45.085 [Forwarding getAlertText on session 6ef603274331100b8198eed74f95c3ca to remote] DEBUG org.asynchttpclient.netty.request.NettyRequestSender - Using pooled Channel '[id: 0x846811c8, L:/127.0.0.1:61567 - R:localhost/127.0.0.1:59927]' for 'GET' to 'http://localhost:59927/session/6ef603274331100b8198eed74f95c3ca/alert/text'
10:08:45.085 [Forwarding getAlertText on session 6ef603274331100b8198eed74f95c3ca to remote] DEBUG org.asynchttpclient.netty.request.NettyRequestSender - Using open Channel [id: 0x846811c8, L:/127.0.0.1:61567 - R:localhost/127.0.0.1:59927] for GET '/session/6ef603274331100b8198eed74f95c3ca/alert/text'
10:08:45.086 [AsyncHttpClient-1-4] DEBUG org.asynchttpclient.netty.handler.HttpHandler - 

Request DefaultFullHttpRequest(decodeResult: success, version: HTTP/1.1, content: EmptyByteBufBE)
GET /session/6ef603274331100b8198eed74f95c3ca/alert/text HTTP/1.1
User-Agent: selenium/4.4.0 (java windows)
Cache-Control: no-cache
Content-Type: application/json; charset=utf-8
host: localhost:59927
accept: */*

Response DefaultHttpResponse(decodeResult: success, version: HTTP/1.1)
HTTP/1.1 404 Not Found
Content-Type: application/json; charset=utf-8
cache-control: no-cache
content-length: 879

10:08:45.086 [AsyncHttpClient-1-4] DEBUG org.asynchttpclient.netty.channel.ChannelManager - Adding key: http://localhost:59927 for channel [id: 0x846811c8, L:/127.0.0.1:61567 - R:localhost/127.0.0.1:59927]
10:08:45.090 [Forwarding switchToWindow on session 6ef603274331100b8198eed74f95c3ca to remote] DEBUG org.asynchttpclient.netty.request.NettyRequestSender - Using pooled Channel '[id: 0x846811c8, L:/127.0.0.1:61567 - R:localhost/127.0.0.1:59927]' for 'POST' to 'http://localhost:59927/session/6ef603274331100b8198eed74f95c3ca/window'
10:08:45.090 [Forwarding switchToWindow on session 6ef603274331100b8198eed74f95c3ca to remote] DEBUG org.asynchttpclient.netty.request.NettyRequestSender - Using open Channel [id: 0x846811c8, L:/127.0.0.1:61567 - R:localhost/127.0.0.1:59927] for POST '/session/6ef603274331100b8198eed74f95c3ca/window'
10:08:45.092 [AsyncHttpClient-1-4] DEBUG org.asynchttpclient.netty.handler.HttpHandler - 

Request DefaultHttpRequest(decodeResult: success, version: HTTP/1.1)
POST /session/6ef603274331100b8198eed74f95c3ca/window HTTP/1.1
User-Agent: selenium/4.4.0 (java windows)
Content-Length: 59
Content-Type: application/json; charset=utf-8
host: localhost:59927
accept: */*

Response DefaultHttpResponse(decodeResult: success, version: HTTP/1.1)
HTTP/1.1 200 OK
Content-Type: application/json; charset=utf-8
cache-control: no-cache
content-length: 14

10:08:45.092 [AsyncHttpClient-1-4] DEBUG org.asynchttpclient.netty.channel.ChannelManager - Adding key: http://localhost:59927 for channel [id: 0x846811c8, L:/127.0.0.1:61567 - R:localhost/127.0.0.1:59927]
10:08:45.092 [Forwarding getCurrentUrl on session 6ef603274331100b8198eed74f95c3ca to remote] DEBUG org.asynchttpclient.netty.request.NettyRequestSender - Using pooled Channel '[id: 0x846811c8, L:/127.0.0.1:61567 - R:localhost/127.0.0.1:59927]' for 'GET' to 'http://localhost:59927/session/6ef603274331100b8198eed74f95c3ca/url'
10:08:45.092 [Forwarding getCurrentUrl on session 6ef603274331100b8198eed74f95c3ca to remote] DEBUG org.asynchttpclient.netty.request.NettyRequestSender - Using open Channel [id: 0x846811c8, L:/127.0.0.1:61567 - R:localhost/127.0.0.1:59927] for GET '/session/6ef603274331100b8198eed74f95c3ca/url'
10:08:45.095 [AsyncHttpClient-1-4] DEBUG org.asynchttpclient.netty.handler.HttpHandler - 

Request DefaultFullHttpRequest(decodeResult: success, version: HTTP/1.1, content: EmptyByteBufBE)
GET /session/6ef603274331100b8198eed74f95c3ca/url HTTP/1.1
User-Agent: selenium/4.4.0 (java windows)
Cache-Control: no-cache
Content-Type: application/json; charset=utf-8
host: localhost:59927
accept: */*

Response DefaultHttpResponse(decodeResult: success, version: HTTP/1.1)
HTTP/1.1 200 OK
Content-Type: application/json; charset=utf-8
cache-control: no-cache
content-length: 38

10:08:45.095 [AsyncHttpClient-1-4] DEBUG org.asynchttpclient.netty.channel.ChannelManager - Adding key: http://localhost:59927 for channel [id: 0x846811c8, L:/127.0.0.1:61567 - R:localhost/127.0.0.1:59927]
10:08:45.096 [Forwarding screenshot on session 6ef603274331100b8198eed74f95c3ca to remote] DEBUG org.asynchttpclient.netty.request.NettyRequestSender - Using pooled Channel '[id: 0x846811c8, L:/127.0.0.1:61567 - R:localhost/127.0.0.1:59927]' for 'GET' to 'http://localhost:59927/session/6ef603274331100b8198eed74f95c3ca/screenshot'
10:08:45.096 [Forwarding screenshot on session 6ef603274331100b8198eed74f95c3ca to remote] DEBUG org.asynchttpclient.netty.request.NettyRequestSender - Using open Channel [id: 0x846811c8, L:/127.0.0.1:61567 - R:localhost/127.0.0.1:59927] for GET '/session/6ef603274331100b8198eed74f95c3ca/screenshot'
10:08:45.160 [AsyncHttpClient-1-4] DEBUG org.asynchttpclient.netty.handler.HttpHandler - 

Request DefaultFullHttpRequest(decodeResult: success, version: HTTP/1.1, content: EmptyByteBufBE)
GET /session/6ef603274331100b8198eed74f95c3ca/screenshot HTTP/1.1
User-Agent: selenium/4.4.0 (java windows)
Cache-Control: no-cache
Content-Type: application/json; charset=utf-8
host: localhost:59927
accept: */*

Response DefaultHttpResponse(decodeResult: success, version: HTTP/1.1)
HTTP/1.1 200 OK
Content-Type: application/json; charset=utf-8
cache-control: no-cache
content-length: 59108

10:08:45.161 [AsyncHttpClient-1-4] DEBUG org.asynchttpclient.netty.channel.ChannelManager - Adding key: http://localhost:59927 for channel [id: 0x846811c8, L:/127.0.0.1:61567 - R:localhost/127.0.0.1:59927]
10:08:45.162 [Test worker] DEBUG net.serenitybdd.core.photography.Darkroom - Send negative for processing for C:\Users\juan.gomezv\IdeaProjects\sura\target\site\serenity\60e3c498caf7a8fcf635471a5092c247627e1395d91e12246eaf1a3e7a34e095.png
10:08:45.166 [Forwarding getPageSource on session 6ef603274331100b8198eed74f95c3ca to remote] DEBUG org.asynchttpclient.netty.request.NettyRequestSender - Using pooled Channel '[id: 0x846811c8, L:/127.0.0.1:61567 - R:localhost/127.0.0.1:59927]' for 'POST' to 'http://localhost:59927/session/6ef603274331100b8198eed74f95c3ca/execute/sync'
10:08:45.166 [Forwarding getPageSource on session 6ef603274331100b8198eed74f95c3ca to remote] DEBUG org.asynchttpclient.netty.request.NettyRequestSender - Using open Channel [id: 0x846811c8, L:/127.0.0.1:61567 - R:localhost/127.0.0.1:59927] for POST '/session/6ef603274331100b8198eed74f95c3ca/execute/sync'
10:08:45.169 [AsyncHttpClient-1-4] DEBUG org.asynchttpclient.netty.handler.HttpHandler - 

Request DefaultHttpRequest(decodeResult: success, version: HTTP/1.1)
POST /session/6ef603274331100b8198eed74f95c3ca/execute/sync HTTP/1.1
User-Agent: selenium/4.4.0 (java windows)
Content-Length: 176
Content-Type: application/json; charset=utf-8
host: localhost:59927
accept: */*

Response DefaultHttpResponse(decodeResult: success, version: HTTP/1.1)
HTTP/1.1 200 OK
Content-Type: application/json; charset=utf-8
cache-control: no-cache
content-length: 4160

10:08:45.169 [AsyncHttpClient-1-4] DEBUG org.asynchttpclient.netty.channel.ChannelManager - Adding key: http://localhost:59927 for channel [id: 0x846811c8, L:/127.0.0.1:61567 - R:localhost/127.0.0.1:59927]
10:08:45.171 [Forwarding getCurrentUrl on session 6ef603274331100b8198eed74f95c3ca to remote] DEBUG org.asynchttpclient.netty.request.NettyRequestSender - Using pooled Channel '[id: 0x846811c8, L:/127.0.0.1:61567 - R:localhost/127.0.0.1:59927]' for 'GET' to 'http://localhost:59927/session/6ef603274331100b8198eed74f95c3ca/url'
10:08:45.171 [Forwarding getCurrentUrl on session 6ef603274331100b8198eed74f95c3ca to remote] DEBUG org.asynchttpclient.netty.request.NettyRequestSender - Using open Channel [id: 0x846811c8, L:/127.0.0.1:61567 - R:localhost/127.0.0.1:59927] for GET '/session/6ef603274331100b8198eed74f95c3ca/url'
10:08:45.175 [AsyncHttpClient-1-4] DEBUG org.asynchttpclient.netty.handler.HttpHandler - 

Request DefaultFullHttpRequest(decodeResult: success, version: HTTP/1.1, content: EmptyByteBufBE)
GET /session/6ef603274331100b8198eed74f95c3ca/url HTTP/1.1
User-Agent: selenium/4.4.0 (java windows)
Cache-Control: no-cache
Content-Type: application/json; charset=utf-8
host: localhost:59927
accept: */*

Response DefaultHttpResponse(decodeResult: success, version: HTTP/1.1)
HTTP/1.1 200 OK
Content-Type: application/json; charset=utf-8
cache-control: no-cache
content-length: 38

10:08:45.176 [AsyncHttpClient-1-4] DEBUG org.asynchttpclient.netty.channel.ChannelManager - Adding key: http://localhost:59927 for channel [id: 0x846811c8, L:/127.0.0.1:61567 - R:localhost/127.0.0.1:59927]
10:08:45.177 [Test worker] DEBUG net.thucydides.core.steps.StepInterceptor - STARTING STEP: LogIn.performAs - {0} enters #theTextAsAString into #target
10:08:45.182 [Test worker] DEBUG net.serenitybdd.screenplay.targets.IFrameSwitcher - default content already selected for UsernameTextBox
10:08:45.193 [Forwarding findElement on session 6ef603274331100b8198eed74f95c3ca to remote] DEBUG org.asynchttpclient.netty.request.NettyRequestSender - Using pooled Channel '[id: 0x846811c8, L:/127.0.0.1:61567 - R:localhost/127.0.0.1:59927]' for 'POST' to 'http://localhost:59927/session/6ef603274331100b8198eed74f95c3ca/element'
10:08:45.193 [Forwarding findElement on session 6ef603274331100b8198eed74f95c3ca to remote] DEBUG org.asynchttpclient.netty.request.NettyRequestSender - Using open Channel [id: 0x846811c8, L:/127.0.0.1:61567 - R:localhost/127.0.0.1:59927] for POST '/session/6ef603274331100b8198eed74f95c3ca/element'
10:08:45.203 [AsyncHttpClient-1-4] DEBUG org.asynchttpclient.netty.handler.HttpHandler - 

Request DefaultHttpRequest(decodeResult: success, version: HTTP/1.1)
POST /session/6ef603274331100b8198eed74f95c3ca/element HTTP/1.1
User-Agent: selenium/4.4.0 (java windows)
Content-Length: 67
Content-Type: application/json; charset=utf-8
host: localhost:59927
accept: */*

Response DefaultHttpResponse(decodeResult: success, version: HTTP/1.1)
HTTP/1.1 200 OK
Content-Type: application/json; charset=utf-8
cache-control: no-cache
content-length: 88

10:08:45.203 [AsyncHttpClient-1-4] DEBUG org.asynchttpclient.netty.channel.ChannelManager - Adding key: http://localhost:59927 for channel [id: 0x846811c8, L:/127.0.0.1:61567 - R:localhost/127.0.0.1:59927]
10:08:45.204 [Forwarding clearElement on session 6ef603274331100b8198eed74f95c3ca to remote] DEBUG org.asynchttpclient.netty.request.NettyRequestSender - Using pooled Channel '[id: 0x846811c8, L:/127.0.0.1:61567 - R:localhost/127.0.0.1:59927]' for 'POST' to 'http://localhost:59927/session/6ef603274331100b8198eed74f95c3ca/element/663d9633-b03b-41b4-a449-857a9a228a67/clear'
10:08:45.204 [Forwarding clearElement on session 6ef603274331100b8198eed74f95c3ca to remote] DEBUG org.asynchttpclient.netty.request.NettyRequestSender - Using open Channel [id: 0x846811c8, L:/127.0.0.1:61567 - R:localhost/127.0.0.1:59927] for POST '/session/6ef603274331100b8198eed74f95c3ca/element/663d9633-b03b-41b4-a449-857a9a228a67/clear'
10:08:45.228 [AsyncHttpClient-1-4] DEBUG org.asynchttpclient.netty.handler.HttpHandler - 

Request DefaultHttpRequest(decodeResult: success, version: HTTP/1.1)
POST /session/6ef603274331100b8198eed74f95c3ca/element/663d9633-b03b-41b4-a449-857a9a228a67/clear HTTP/1.1
User-Agent: selenium/4.4.0 (java windows)
Content-Length: 50
Content-Type: application/json; charset=utf-8
host: localhost:59927
accept: */*

Response DefaultHttpResponse(decodeResult: success, version: HTTP/1.1)
HTTP/1.1 200 OK
Content-Type: application/json; charset=utf-8
cache-control: no-cache
content-length: 14

10:08:45.228 [AsyncHttpClient-1-4] DEBUG org.asynchttpclient.netty.channel.ChannelManager - Adding key: http://localhost:59927 for channel [id: 0x846811c8, L:/127.0.0.1:61567 - R:localhost/127.0.0.1:59927]
10:08:45.231 [Forwarding sendKeysToElement on session 6ef603274331100b8198eed74f95c3ca to remote] DEBUG org.asynchttpclient.netty.request.NettyRequestSender - Using pooled Channel '[id: 0x846811c8, L:/127.0.0.1:61567 - R:localhost/127.0.0.1:59927]' for 'POST' to 'http://localhost:59927/session/6ef603274331100b8198eed74f95c3ca/element/663d9633-b03b-41b4-a449-857a9a228a67/value'
10:08:45.231 [Forwarding sendKeysToElement on session 6ef603274331100b8198eed74f95c3ca to remote] DEBUG org.asynchttpclient.netty.request.NettyRequestSender - Using open Channel [id: 0x846811c8, L:/127.0.0.1:61567 - R:localhost/127.0.0.1:59927] for POST '/session/6ef603274331100b8198eed74f95c3ca/element/663d9633-b03b-41b4-a449-857a9a228a67/value'
10:08:45.259 [AsyncHttpClient-1-4] DEBUG org.asynchttpclient.netty.handler.HttpHandler - 

Request DefaultHttpRequest(decodeResult: success, version: HTTP/1.1)
POST /session/6ef603274331100b8198eed74f95c3ca/element/663d9633-b03b-41b4-a449-857a9a228a67/value HTTP/1.1
User-Agent: selenium/4.4.0 (java windows)
Content-Length: 82
Content-Type: application/json; charset=utf-8
host: localhost:59927
accept: */*

Response DefaultHttpResponse(decodeResult: success, version: HTTP/1.1)
HTTP/1.1 200 OK
Content-Type: application/json; charset=utf-8
cache-control: no-cache
content-length: 14

10:08:45.259 [AsyncHttpClient-1-4] DEBUG org.asynchttpclient.netty.channel.ChannelManager - Adding key: http://localhost:59927 for channel [id: 0x846811c8, L:/127.0.0.1:61567 - R:localhost/127.0.0.1:59927]
10:08:45.272 [Forwarding getCurrentWindowHandle on session 6ef603274331100b8198eed74f95c3ca to remote] DEBUG org.asynchttpclient.netty.request.NettyRequestSender - Using pooled Channel '[id: 0x846811c8, L:/127.0.0.1:61567 - R:localhost/127.0.0.1:59927]' for 'GET' to 'http://localhost:59927/session/6ef603274331100b8198eed74f95c3ca/window'
10:08:45.273 [Forwarding getCurrentWindowHandle on session 6ef603274331100b8198eed74f95c3ca to remote] DEBUG org.asynchttpclient.netty.request.NettyRequestSender - Using open Channel [id: 0x846811c8, L:/127.0.0.1:61567 - R:localhost/127.0.0.1:59927] for GET '/session/6ef603274331100b8198eed74f95c3ca/window'
10:08:45.274 [AsyncHttpClient-1-4] DEBUG org.asynchttpclient.netty.handler.HttpHandler - 

Request DefaultFullHttpRequest(decodeResult: success, version: HTTP/1.1, content: EmptyByteBufBE)
GET /session/6ef603274331100b8198eed74f95c3ca/window HTTP/1.1
User-Agent: selenium/4.4.0 (java windows)
Cache-Control: no-cache
Content-Type: application/json; charset=utf-8
host: localhost:59927
accept: */*

Response DefaultHttpResponse(decodeResult: success, version: HTTP/1.1)
HTTP/1.1 200 OK
Content-Type: application/json; charset=utf-8
cache-control: no-cache
content-length: 53

10:08:45.274 [AsyncHttpClient-1-4] DEBUG org.asynchttpclient.netty.channel.ChannelManager - Adding key: http://localhost:59927 for channel [id: 0x846811c8, L:/127.0.0.1:61567 - R:localhost/127.0.0.1:59927]
10:08:45.276 [Forwarding getAlertText on session 6ef603274331100b8198eed74f95c3ca to remote] DEBUG org.asynchttpclient.netty.request.NettyRequestSender - Using pooled Channel '[id: 0x846811c8, L:/127.0.0.1:61567 - R:localhost/127.0.0.1:59927]' for 'GET' to 'http://localhost:59927/session/6ef603274331100b8198eed74f95c3ca/alert/text'
10:08:45.276 [Forwarding getAlertText on session 6ef603274331100b8198eed74f95c3ca to remote] DEBUG org.asynchttpclient.netty.request.NettyRequestSender - Using open Channel [id: 0x846811c8, L:/127.0.0.1:61567 - R:localhost/127.0.0.1:59927] for GET '/session/6ef603274331100b8198eed74f95c3ca/alert/text'
10:08:45.278 [AsyncHttpClient-1-4] DEBUG org.asynchttpclient.netty.handler.HttpHandler - 

Request DefaultFullHttpRequest(decodeResult: success, version: HTTP/1.1, content: EmptyByteBufBE)
GET /session/6ef603274331100b8198eed74f95c3ca/alert/text HTTP/1.1
User-Agent: selenium/4.4.0 (java windows)
Cache-Control: no-cache
Content-Type: application/json; charset=utf-8
host: localhost:59927
accept: */*

Response DefaultHttpResponse(decodeResult: success, version: HTTP/1.1)
HTTP/1.1 404 Not Found
Content-Type: application/json; charset=utf-8
cache-control: no-cache
content-length: 879

10:08:45.278 [AsyncHttpClient-1-4] DEBUG org.asynchttpclient.netty.channel.ChannelManager - Adding key: http://localhost:59927 for channel [id: 0x846811c8, L:/127.0.0.1:61567 - R:localhost/127.0.0.1:59927]
10:08:45.281 [Forwarding switchToWindow on session 6ef603274331100b8198eed74f95c3ca to remote] DEBUG org.asynchttpclient.netty.request.NettyRequestSender - Using pooled Channel '[id: 0x846811c8, L:/127.0.0.1:61567 - R:localhost/127.0.0.1:59927]' for 'POST' to 'http://localhost:59927/session/6ef603274331100b8198eed74f95c3ca/window'
10:08:45.281 [Forwarding switchToWindow on session 6ef603274331100b8198eed74f95c3ca to remote] DEBUG org.asynchttpclient.netty.request.NettyRequestSender - Using open Channel [id: 0x846811c8, L:/127.0.0.1:61567 - R:localhost/127.0.0.1:59927] for POST '/session/6ef603274331100b8198eed74f95c3ca/window'
10:08:45.284 [AsyncHttpClient-1-4] DEBUG org.asynchttpclient.netty.handler.HttpHandler - 

Request DefaultHttpRequest(decodeResult: success, version: HTTP/1.1)
POST /session/6ef603274331100b8198eed74f95c3ca/window HTTP/1.1
User-Agent: selenium/4.4.0 (java windows)
Content-Length: 59
Content-Type: application/json; charset=utf-8
host: localhost:59927
accept: */*

Response DefaultHttpResponse(decodeResult: success, version: HTTP/1.1)
HTTP/1.1 200 OK
Content-Type: application/json; charset=utf-8
cache-control: no-cache
content-length: 14

10:08:45.284 [AsyncHttpClient-1-4] DEBUG org.asynchttpclient.netty.channel.ChannelManager - Adding key: http://localhost:59927 for channel [id: 0x846811c8, L:/127.0.0.1:61567 - R:localhost/127.0.0.1:59927]
10:08:45.285 [Forwarding getCurrentUrl on session 6ef603274331100b8198eed74f95c3ca to remote] DEBUG org.asynchttpclient.netty.request.NettyRequestSender - Using pooled Channel '[id: 0x846811c8, L:/127.0.0.1:61567 - R:localhost/127.0.0.1:59927]' for 'GET' to 'http://localhost:59927/session/6ef603274331100b8198eed74f95c3ca/url'
10:08:45.285 [Forwarding getCurrentUrl on session 6ef603274331100b8198eed74f95c3ca to remote] DEBUG org.asynchttpclient.netty.request.NettyRequestSender - Using open Channel [id: 0x846811c8, L:/127.0.0.1:61567 - R:localhost/127.0.0.1:59927] for GET '/session/6ef603274331100b8198eed74f95c3ca/url'
10:08:45.289 [AsyncHttpClient-1-4] DEBUG org.asynchttpclient.netty.handler.HttpHandler - 

Request DefaultFullHttpRequest(decodeResult: success, version: HTTP/1.1, content: EmptyByteBufBE)
GET /session/6ef603274331100b8198eed74f95c3ca/url HTTP/1.1
User-Agent: selenium/4.4.0 (java windows)
Cache-Control: no-cache
Content-Type: application/json; charset=utf-8
host: localhost:59927
accept: */*

Response DefaultHttpResponse(decodeResult: success, version: HTTP/1.1)
HTTP/1.1 200 OK
Content-Type: application/json; charset=utf-8
cache-control: no-cache
content-length: 38

10:08:45.289 [AsyncHttpClient-1-4] DEBUG org.asynchttpclient.netty.channel.ChannelManager - Adding key: http://localhost:59927 for channel [id: 0x846811c8, L:/127.0.0.1:61567 - R:localhost/127.0.0.1:59927]
10:08:45.290 [Forwarding screenshot on session 6ef603274331100b8198eed74f95c3ca to remote] DEBUG org.asynchttpclient.netty.request.NettyRequestSender - Using pooled Channel '[id: 0x846811c8, L:/127.0.0.1:61567 - R:localhost/127.0.0.1:59927]' for 'GET' to 'http://localhost:59927/session/6ef603274331100b8198eed74f95c3ca/screenshot'
10:08:45.290 [Forwarding screenshot on session 6ef603274331100b8198eed74f95c3ca to remote] DEBUG org.asynchttpclient.netty.request.NettyRequestSender - Using open Channel [id: 0x846811c8, L:/127.0.0.1:61567 - R:localhost/127.0.0.1:59927] for GET '/session/6ef603274331100b8198eed74f95c3ca/screenshot'
10:08:45.373 [AsyncHttpClient-1-4] DEBUG org.asynchttpclient.netty.handler.HttpHandler - 

Request DefaultFullHttpRequest(decodeResult: success, version: HTTP/1.1, content: EmptyByteBufBE)
GET /session/6ef603274331100b8198eed74f95c3ca/screenshot HTTP/1.1
User-Agent: selenium/4.4.0 (java windows)
Cache-Control: no-cache
Content-Type: application/json; charset=utf-8
host: localhost:59927
accept: */*

Response DefaultHttpResponse(decodeResult: success, version: HTTP/1.1)
HTTP/1.1 200 OK
Content-Type: application/json; charset=utf-8
cache-control: no-cache
content-length: 59132

10:08:45.374 [AsyncHttpClient-1-4] DEBUG org.asynchttpclient.netty.channel.ChannelManager - Adding key: http://localhost:59927 for channel [id: 0x846811c8, L:/127.0.0.1:61567 - R:localhost/127.0.0.1:59927]
10:08:45.375 [Test worker] DEBUG net.serenitybdd.core.photography.Darkroom - Send negative for processing for C:\Users\juan.gomezv\IdeaProjects\sura\target\site\serenity\5ce50cb1a5ed31074c82f119d5f16420b9be3b49e4f4846f8cfb1d47c1c53b5f.png
10:08:45.376 [Test worker] DEBUG net.thucydides.core.steps.StepInterceptor - STEP DONE: {0} enters #theTextAsAString into #target
10:08:45.384 [Forwarding getPageSource on session 6ef603274331100b8198eed74f95c3ca to remote] DEBUG org.asynchttpclient.netty.request.NettyRequestSender - Using pooled Channel '[id: 0x846811c8, L:/127.0.0.1:61567 - R:localhost/127.0.0.1:59927]' for 'POST' to 'http://localhost:59927/session/6ef603274331100b8198eed74f95c3ca/execute/sync'
10:08:45.384 [Forwarding getPageSource on session 6ef603274331100b8198eed74f95c3ca to remote] DEBUG org.asynchttpclient.netty.request.NettyRequestSender - Using open Channel [id: 0x846811c8, L:/127.0.0.1:61567 - R:localhost/127.0.0.1:59927] for POST '/session/6ef603274331100b8198eed74f95c3ca/execute/sync'
10:08:45.390 [AsyncHttpClient-1-4] DEBUG org.asynchttpclient.netty.handler.HttpHandler - 

Request DefaultHttpRequest(decodeResult: success, version: HTTP/1.1)
POST /session/6ef603274331100b8198eed74f95c3ca/execute/sync HTTP/1.1
User-Agent: selenium/4.4.0 (java windows)
Content-Length: 176
Content-Type: application/json; charset=utf-8
host: localhost:59927
accept: */*

Response DefaultHttpResponse(decodeResult: success, version: HTTP/1.1)
HTTP/1.1 200 OK
Content-Type: application/json; charset=utf-8
cache-control: no-cache
content-length: 4160

10:08:45.390 [AsyncHttpClient-1-4] DEBUG org.asynchttpclient.netty.channel.ChannelManager - Adding key: http://localhost:59927 for channel [id: 0x846811c8, L:/127.0.0.1:61567 - R:localhost/127.0.0.1:59927]
10:08:45.391 [Forwarding getCurrentUrl on session 6ef603274331100b8198eed74f95c3ca to remote] DEBUG org.asynchttpclient.netty.request.NettyRequestSender - Using pooled Channel '[id: 0x846811c8, L:/127.0.0.1:61567 - R:localhost/127.0.0.1:59927]' for 'GET' to 'http://localhost:59927/session/6ef603274331100b8198eed74f95c3ca/url'
10:08:45.391 [Forwarding getCurrentUrl on session 6ef603274331100b8198eed74f95c3ca to remote] DEBUG org.asynchttpclient.netty.request.NettyRequestSender - Using open Channel [id: 0x846811c8, L:/127.0.0.1:61567 - R:localhost/127.0.0.1:59927] for GET '/session/6ef603274331100b8198eed74f95c3ca/url'
10:08:45.394 [AsyncHttpClient-1-4] DEBUG org.asynchttpclient.netty.handler.HttpHandler - 

Request DefaultFullHttpRequest(decodeResult: success, version: HTTP/1.1, content: EmptyByteBufBE)
GET /session/6ef603274331100b8198eed74f95c3ca/url HTTP/1.1
User-Agent: selenium/4.4.0 (java windows)
Cache-Control: no-cache
Content-Type: application/json; charset=utf-8
host: localhost:59927
accept: */*

Response DefaultHttpResponse(decodeResult: success, version: HTTP/1.1)
HTTP/1.1 200 OK
Content-Type: application/json; charset=utf-8
cache-control: no-cache
content-length: 38

10:08:45.394 [AsyncHttpClient-1-4] DEBUG org.asynchttpclient.netty.channel.ChannelManager - Adding key: http://localhost:59927 for channel [id: 0x846811c8, L:/127.0.0.1:61567 - R:localhost/127.0.0.1:59927]
10:08:45.396 [Test worker] DEBUG net.thucydides.core.steps.StepInterceptor - STARTING STEP: LogIn.performAs - {0} enters #theTextAsAString into #target
10:08:45.400 [Test worker] DEBUG net.serenitybdd.screenplay.targets.IFrameSwitcher - default content already selected for PasswordTextBox
10:08:45.410 [Forwarding findElement on session 6ef603274331100b8198eed74f95c3ca to remote] DEBUG org.asynchttpclient.netty.request.NettyRequestSender - Using pooled Channel '[id: 0x846811c8, L:/127.0.0.1:61567 - R:localhost/127.0.0.1:59927]' for 'POST' to 'http://localhost:59927/session/6ef603274331100b8198eed74f95c3ca/element'
10:08:45.410 [Forwarding findElement on session 6ef603274331100b8198eed74f95c3ca to remote] DEBUG org.asynchttpclient.netty.request.NettyRequestSender - Using open Channel [id: 0x846811c8, L:/127.0.0.1:61567 - R:localhost/127.0.0.1:59927] for POST '/session/6ef603274331100b8198eed74f95c3ca/element'
10:08:45.419 [AsyncHttpClient-1-4] DEBUG org.asynchttpclient.netty.handler.HttpHandler - 

Request DefaultHttpRequest(decodeResult: success, version: HTTP/1.1)
POST /session/6ef603274331100b8198eed74f95c3ca/element HTTP/1.1
User-Agent: selenium/4.4.0 (java windows)
Content-Length: 66
Content-Type: application/json; charset=utf-8
host: localhost:59927
accept: */*

Response DefaultHttpResponse(decodeResult: success, version: HTTP/1.1)
HTTP/1.1 200 OK
Content-Type: application/json; charset=utf-8
cache-control: no-cache
content-length: 88

10:08:45.419 [AsyncHttpClient-1-4] DEBUG org.asynchttpclient.netty.channel.ChannelManager - Adding key: http://localhost:59927 for channel [id: 0x846811c8, L:/127.0.0.1:61567 - R:localhost/127.0.0.1:59927]
10:08:45.420 [Forwarding clearElement on session 6ef603274331100b8198eed74f95c3ca to remote] DEBUG org.asynchttpclient.netty.request.NettyRequestSender - Using pooled Channel '[id: 0x846811c8, L:/127.0.0.1:61567 - R:localhost/127.0.0.1:59927]' for 'POST' to 'http://localhost:59927/session/6ef603274331100b8198eed74f95c3ca/element/3e79a32b-0d4d-4198-b598-6a4b31ea4468/clear'
10:08:45.420 [Forwarding clearElement on session 6ef603274331100b8198eed74f95c3ca to remote] DEBUG org.asynchttpclient.netty.request.NettyRequestSender - Using open Channel [id: 0x846811c8, L:/127.0.0.1:61567 - R:localhost/127.0.0.1:59927] for POST '/session/6ef603274331100b8198eed74f95c3ca/element/3e79a32b-0d4d-4198-b598-6a4b31ea4468/clear'
10:08:45.446 [AsyncHttpClient-1-4] DEBUG org.asynchttpclient.netty.handler.HttpHandler - 

Request DefaultHttpRequest(decodeResult: success, version: HTTP/1.1)
POST /session/6ef603274331100b8198eed74f95c3ca/element/3e79a32b-0d4d-4198-b598-6a4b31ea4468/clear HTTP/1.1
User-Agent: selenium/4.4.0 (java windows)
Content-Length: 50
Content-Type: application/json; charset=utf-8
host: localhost:59927
accept: */*

Response DefaultHttpResponse(decodeResult: success, version: HTTP/1.1)
HTTP/1.1 200 OK
Content-Type: application/json; charset=utf-8
cache-control: no-cache
content-length: 14

10:08:45.446 [AsyncHttpClient-1-4] DEBUG org.asynchttpclient.netty.channel.ChannelManager - Adding key: http://localhost:59927 for channel [id: 0x846811c8, L:/127.0.0.1:61567 - R:localhost/127.0.0.1:59927]
10:08:45.449 [Forwarding sendKeysToElement on session 6ef603274331100b8198eed74f95c3ca to remote] DEBUG org.asynchttpclient.netty.request.NettyRequestSender - Using pooled Channel '[id: 0x846811c8, L:/127.0.0.1:61567 - R:localhost/127.0.0.1:59927]' for 'POST' to 'http://localhost:59927/session/6ef603274331100b8198eed74f95c3ca/element/3e79a32b-0d4d-4198-b598-6a4b31ea4468/value'
10:08:45.450 [Forwarding sendKeysToElement on session 6ef603274331100b8198eed74f95c3ca to remote] DEBUG org.asynchttpclient.netty.request.NettyRequestSender - Using open Channel [id: 0x846811c8, L:/127.0.0.1:61567 - R:localhost/127.0.0.1:59927] for POST '/session/6ef603274331100b8198eed74f95c3ca/element/3e79a32b-0d4d-4198-b598-6a4b31ea4468/value'
10:08:45.490 [AsyncHttpClient-1-4] DEBUG org.asynchttpclient.netty.handler.HttpHandler - 

Request DefaultHttpRequest(decodeResult: success, version: HTTP/1.1)
POST /session/6ef603274331100b8198eed74f95c3ca/element/3e79a32b-0d4d-4198-b598-6a4b31ea4468/value HTTP/1.1
User-Agent: selenium/4.4.0 (java windows)
Content-Length: 161
Content-Type: application/json; charset=utf-8
host: localhost:59927
accept: */*

Response DefaultHttpResponse(decodeResult: success, version: HTTP/1.1)
HTTP/1.1 200 OK
Content-Type: application/json; charset=utf-8
cache-control: no-cache
content-length: 14

10:08:45.490 [AsyncHttpClient-1-4] DEBUG org.asynchttpclient.netty.channel.ChannelManager - Adding key: http://localhost:59927 for channel [id: 0x846811c8, L:/127.0.0.1:61567 - R:localhost/127.0.0.1:59927]
10:08:45.502 [Forwarding getCurrentWindowHandle on session 6ef603274331100b8198eed74f95c3ca to remote] DEBUG org.asynchttpclient.netty.request.NettyRequestSender - Using pooled Channel '[id: 0x846811c8, L:/127.0.0.1:61567 - R:localhost/127.0.0.1:59927]' for 'GET' to 'http://localhost:59927/session/6ef603274331100b8198eed74f95c3ca/window'
10:08:45.502 [Forwarding getCurrentWindowHandle on session 6ef603274331100b8198eed74f95c3ca to remote] DEBUG org.asynchttpclient.netty.request.NettyRequestSender - Using open Channel [id: 0x846811c8, L:/127.0.0.1:61567 - R:localhost/127.0.0.1:59927] for GET '/session/6ef603274331100b8198eed74f95c3ca/window'
10:08:45.503 [AsyncHttpClient-1-4] DEBUG org.asynchttpclient.netty.handler.HttpHandler - 

Request DefaultFullHttpRequest(decodeResult: success, version: HTTP/1.1, content: EmptyByteBufBE)
GET /session/6ef603274331100b8198eed74f95c3ca/window HTTP/1.1
User-Agent: selenium/4.4.0 (java windows)
Cache-Control: no-cache
Content-Type: application/json; charset=utf-8
host: localhost:59927
accept: */*

Response DefaultHttpResponse(decodeResult: success, version: HTTP/1.1)
HTTP/1.1 200 OK
Content-Type: application/json; charset=utf-8
cache-control: no-cache
content-length: 53

10:08:45.503 [AsyncHttpClient-1-4] DEBUG org.asynchttpclient.netty.channel.ChannelManager - Adding key: http://localhost:59927 for channel [id: 0x846811c8, L:/127.0.0.1:61567 - R:localhost/127.0.0.1:59927]
10:08:45.506 [Forwarding getAlertText on session 6ef603274331100b8198eed74f95c3ca to remote] DEBUG org.asynchttpclient.netty.request.NettyRequestSender - Using pooled Channel '[id: 0x846811c8, L:/127.0.0.1:61567 - R:localhost/127.0.0.1:59927]' for 'GET' to 'http://localhost:59927/session/6ef603274331100b8198eed74f95c3ca/alert/text'
10:08:45.506 [Forwarding getAlertText on session 6ef603274331100b8198eed74f95c3ca to remote] DEBUG org.asynchttpclient.netty.request.NettyRequestSender - Using open Channel [id: 0x846811c8, L:/127.0.0.1:61567 - R:localhost/127.0.0.1:59927] for GET '/session/6ef603274331100b8198eed74f95c3ca/alert/text'
10:08:45.508 [AsyncHttpClient-1-4] DEBUG org.asynchttpclient.netty.handler.HttpHandler - 

Request DefaultFullHttpRequest(decodeResult: success, version: HTTP/1.1, content: EmptyByteBufBE)
GET /session/6ef603274331100b8198eed74f95c3ca/alert/text HTTP/1.1
User-Agent: selenium/4.4.0 (java windows)
Cache-Control: no-cache
Content-Type: application/json; charset=utf-8
host: localhost:59927
accept: */*

Response DefaultHttpResponse(decodeResult: success, version: HTTP/1.1)
HTTP/1.1 404 Not Found
Content-Type: application/json; charset=utf-8
cache-control: no-cache
content-length: 879

10:08:45.508 [AsyncHttpClient-1-4] DEBUG org.asynchttpclient.netty.channel.ChannelManager - Adding key: http://localhost:59927 for channel [id: 0x846811c8, L:/127.0.0.1:61567 - R:localhost/127.0.0.1:59927]
10:08:45.512 [Forwarding switchToWindow on session 6ef603274331100b8198eed74f95c3ca to remote] DEBUG org.asynchttpclient.netty.request.NettyRequestSender - Using pooled Channel '[id: 0x846811c8, L:/127.0.0.1:61567 - R:localhost/127.0.0.1:59927]' for 'POST' to 'http://localhost:59927/session/6ef603274331100b8198eed74f95c3ca/window'
10:08:45.512 [Forwarding switchToWindow on session 6ef603274331100b8198eed74f95c3ca to remote] DEBUG org.asynchttpclient.netty.request.NettyRequestSender - Using open Channel [id: 0x846811c8, L:/127.0.0.1:61567 - R:localhost/127.0.0.1:59927] for POST '/session/6ef603274331100b8198eed74f95c3ca/window'
10:08:45.515 [AsyncHttpClient-1-4] DEBUG org.asynchttpclient.netty.handler.HttpHandler - 

Request DefaultHttpRequest(decodeResult: success, version: HTTP/1.1)
POST /session/6ef603274331100b8198eed74f95c3ca/window HTTP/1.1
User-Agent: selenium/4.4.0 (java windows)
Content-Length: 59
Content-Type: application/json; charset=utf-8
host: localhost:59927
accept: */*

Response DefaultHttpResponse(decodeResult: success, version: HTTP/1.1)
HTTP/1.1 200 OK
Content-Type: application/json; charset=utf-8
cache-control: no-cache
content-length: 14

10:08:45.515 [AsyncHttpClient-1-4] DEBUG org.asynchttpclient.netty.channel.ChannelManager - Adding key: http://localhost:59927 for channel [id: 0x846811c8, L:/127.0.0.1:61567 - R:localhost/127.0.0.1:59927]
10:08:45.515 [Forwarding getCurrentUrl on session 6ef603274331100b8198eed74f95c3ca to remote] DEBUG org.asynchttpclient.netty.request.NettyRequestSender - Using pooled Channel '[id: 0x846811c8, L:/127.0.0.1:61567 - R:localhost/127.0.0.1:59927]' for 'GET' to 'http://localhost:59927/session/6ef603274331100b8198eed74f95c3ca/url'
10:08:45.515 [Forwarding getCurrentUrl on session 6ef603274331100b8198eed74f95c3ca to remote] DEBUG org.asynchttpclient.netty.request.NettyRequestSender - Using open Channel [id: 0x846811c8, L:/127.0.0.1:61567 - R:localhost/127.0.0.1:59927] for GET '/session/6ef603274331100b8198eed74f95c3ca/url'
10:08:45.517 [AsyncHttpClient-1-4] DEBUG org.asynchttpclient.netty.handler.HttpHandler - 

Request DefaultFullHttpRequest(decodeResult: success, version: HTTP/1.1, content: EmptyByteBufBE)
GET /session/6ef603274331100b8198eed74f95c3ca/url HTTP/1.1
User-Agent: selenium/4.4.0 (java windows)
Cache-Control: no-cache
Content-Type: application/json; charset=utf-8
host: localhost:59927
accept: */*

Response DefaultHttpResponse(decodeResult: success, version: HTTP/1.1)
HTTP/1.1 200 OK
Content-Type: application/json; charset=utf-8
cache-control: no-cache
content-length: 38

10:08:45.518 [AsyncHttpClient-1-4] DEBUG org.asynchttpclient.netty.channel.ChannelManager - Adding key: http://localhost:59927 for channel [id: 0x846811c8, L:/127.0.0.1:61567 - R:localhost/127.0.0.1:59927]
10:08:45.518 [Forwarding screenshot on session 6ef603274331100b8198eed74f95c3ca to remote] DEBUG org.asynchttpclient.netty.request.NettyRequestSender - Using pooled Channel '[id: 0x846811c8, L:/127.0.0.1:61567 - R:localhost/127.0.0.1:59927]' for 'GET' to 'http://localhost:59927/session/6ef603274331100b8198eed74f95c3ca/screenshot'
10:08:45.518 [Forwarding screenshot on session 6ef603274331100b8198eed74f95c3ca to remote] DEBUG org.asynchttpclient.netty.request.NettyRequestSender - Using open Channel [id: 0x846811c8, L:/127.0.0.1:61567 - R:localhost/127.0.0.1:59927] for GET '/session/6ef603274331100b8198eed74f95c3ca/screenshot'
10:08:45.588 [AsyncHttpClient-1-4] DEBUG org.asynchttpclient.netty.handler.HttpHandler - 

Request DefaultFullHttpRequest(decodeResult: success, version: HTTP/1.1, content: EmptyByteBufBE)
GET /session/6ef603274331100b8198eed74f95c3ca/screenshot HTTP/1.1
User-Agent: selenium/4.4.0 (java windows)
Cache-Control: no-cache
Content-Type: application/json; charset=utf-8
host: localhost:59927
accept: */*

Response DefaultHttpResponse(decodeResult: success, version: HTTP/1.1)
HTTP/1.1 200 OK
Content-Type: application/json; charset=utf-8
cache-control: no-cache
content-length: 57612

10:08:45.588 [AsyncHttpClient-1-4] DEBUG org.asynchttpclient.netty.channel.ChannelManager - Adding key: http://localhost:59927 for channel [id: 0x846811c8, L:/127.0.0.1:61567 - R:localhost/127.0.0.1:59927]
10:08:45.590 [Test worker] DEBUG net.serenitybdd.core.photography.Darkroom - Send negative for processing for C:\Users\juan.gomezv\IdeaProjects\sura\target\site\serenity\0c9aba6c258ea48848644781fc210daf3eab50d2644ca6bededc8da202f4e4e4.png
10:08:45.590 [Test worker] DEBUG net.thucydides.core.steps.StepInterceptor - STEP DONE: {0} enters #theTextAsAString into #target
10:08:45.599 [Forwarding getPageSource on session 6ef603274331100b8198eed74f95c3ca to remote] DEBUG org.asynchttpclient.netty.request.NettyRequestSender - Using pooled Channel '[id: 0x846811c8, L:/127.0.0.1:61567 - R:localhost/127.0.0.1:59927]' for 'POST' to 'http://localhost:59927/session/6ef603274331100b8198eed74f95c3ca/execute/sync'
10:08:45.599 [Forwarding getPageSource on session 6ef603274331100b8198eed74f95c3ca to remote] DEBUG org.asynchttpclient.netty.request.NettyRequestSender - Using open Channel [id: 0x846811c8, L:/127.0.0.1:61567 - R:localhost/127.0.0.1:59927] for POST '/session/6ef603274331100b8198eed74f95c3ca/execute/sync'
10:08:45.605 [AsyncHttpClient-1-4] DEBUG org.asynchttpclient.netty.handler.HttpHandler - 

Request DefaultHttpRequest(decodeResult: success, version: HTTP/1.1)
POST /session/6ef603274331100b8198eed74f95c3ca/execute/sync HTTP/1.1
User-Agent: selenium/4.4.0 (java windows)
Content-Length: 176
Content-Type: application/json; charset=utf-8
host: localhost:59927
accept: */*

Response DefaultHttpResponse(decodeResult: success, version: HTTP/1.1)
HTTP/1.1 200 OK
Content-Type: application/json; charset=utf-8
cache-control: no-cache
content-length: 4168

10:08:45.606 [AsyncHttpClient-1-4] DEBUG org.asynchttpclient.netty.channel.ChannelManager - Adding key: http://localhost:59927 for channel [id: 0x846811c8, L:/127.0.0.1:61567 - R:localhost/127.0.0.1:59927]
10:08:45.607 [Forwarding getCurrentUrl on session 6ef603274331100b8198eed74f95c3ca to remote] DEBUG org.asynchttpclient.netty.request.NettyRequestSender - Using pooled Channel '[id: 0x846811c8, L:/127.0.0.1:61567 - R:localhost/127.0.0.1:59927]' for 'GET' to 'http://localhost:59927/session/6ef603274331100b8198eed74f95c3ca/url'
10:08:45.607 [Forwarding getCurrentUrl on session 6ef603274331100b8198eed74f95c3ca to remote] DEBUG org.asynchttpclient.netty.request.NettyRequestSender - Using open Channel [id: 0x846811c8, L:/127.0.0.1:61567 - R:localhost/127.0.0.1:59927] for GET '/session/6ef603274331100b8198eed74f95c3ca/url'
10:08:45.611 [AsyncHttpClient-1-4] DEBUG org.asynchttpclient.netty.handler.HttpHandler - 

Request DefaultFullHttpRequest(decodeResult: success, version: HTTP/1.1, content: EmptyByteBufBE)
GET /session/6ef603274331100b8198eed74f95c3ca/url HTTP/1.1
User-Agent: selenium/4.4.0 (java windows)
Cache-Control: no-cache
Content-Type: application/json; charset=utf-8
host: localhost:59927
accept: */*

Response DefaultHttpResponse(decodeResult: success, version: HTTP/1.1)
HTTP/1.1 200 OK
Content-Type: application/json; charset=utf-8
cache-control: no-cache
content-length: 38

10:08:45.611 [AsyncHttpClient-1-4] DEBUG org.asynchttpclient.netty.channel.ChannelManager - Adding key: http://localhost:59927 for channel [id: 0x846811c8, L:/127.0.0.1:61567 - R:localhost/127.0.0.1:59927]
10:08:45.612 [Test worker] DEBUG net.thucydides.core.steps.StepInterceptor - STARTING STEP: LogIn.performAs - {0} clicks on #target
10:08:45.612 [Test worker] DEBUG net.serenitybdd.screenplay.targets.IFrameSwitcher - default content already selected for LogIn Button
10:08:45.629 [Forwarding findElement on session 6ef603274331100b8198eed74f95c3ca to remote] DEBUG org.asynchttpclient.netty.request.NettyRequestSender - Using pooled Channel '[id: 0x846811c8, L:/127.0.0.1:61567 - R:localhost/127.0.0.1:59927]' for 'POST' to 'http://localhost:59927/session/6ef603274331100b8198eed74f95c3ca/element'
10:08:45.629 [Forwarding findElement on session 6ef603274331100b8198eed74f95c3ca to remote] DEBUG org.asynchttpclient.netty.request.NettyRequestSender - Using open Channel [id: 0x846811c8, L:/127.0.0.1:61567 - R:localhost/127.0.0.1:59927] for POST '/session/6ef603274331100b8198eed74f95c3ca/element'
10:08:45.640 [AsyncHttpClient-1-4] DEBUG org.asynchttpclient.netty.handler.HttpHandler - 

Request DefaultHttpRequest(decodeResult: success, version: HTTP/1.1)
POST /session/6ef603274331100b8198eed74f95c3ca/element HTTP/1.1
User-Agent: selenium/4.4.0 (java windows)
Content-Length: 70
Content-Type: application/json; charset=utf-8
host: localhost:59927
accept: */*

Response DefaultHttpResponse(decodeResult: success, version: HTTP/1.1)
HTTP/1.1 200 OK
Content-Type: application/json; charset=utf-8
cache-control: no-cache
content-length: 88

10:08:45.640 [AsyncHttpClient-1-4] DEBUG org.asynchttpclient.netty.channel.ChannelManager - Adding key: http://localhost:59927 for channel [id: 0x846811c8, L:/127.0.0.1:61567 - R:localhost/127.0.0.1:59927]
10:08:45.644 [Forwarding isElementDisplayed on session 6ef603274331100b8198eed74f95c3ca to remote] DEBUG org.asynchttpclient.netty.request.NettyRequestSender - Using pooled Channel '[id: 0x846811c8, L:/127.0.0.1:61567 - R:localhost/127.0.0.1:59927]' for 'POST' to 'http://localhost:59927/session/6ef603274331100b8198eed74f95c3ca/execute/sync'
10:08:45.644 [Forwarding isElementDisplayed on session 6ef603274331100b8198eed74f95c3ca to remote] DEBUG org.asynchttpclient.netty.request.NettyRequestSender - Using open Channel [id: 0x846811c8, L:/127.0.0.1:61567 - R:localhost/127.0.0.1:59927] for POST '/session/6ef603274331100b8198eed74f95c3ca/execute/sync'
10:08:45.655 [AsyncHttpClient-1-4] DEBUG org.asynchttpclient.netty.handler.HttpHandler - 

Request DefaultHttpRequest(decodeResult: success, version: HTTP/1.1)
POST /session/6ef603274331100b8198eed74f95c3ca/execute/sync HTTP/1.1
User-Agent: selenium/4.4.0 (java windows)
Content-Length: 48780
Content-Type: application/json; charset=utf-8
host: localhost:59927
accept: */*

Response DefaultHttpResponse(decodeResult: success, version: HTTP/1.1)
HTTP/1.1 200 OK
Content-Type: application/json; charset=utf-8
cache-control: no-cache
content-length: 14

10:08:45.655 [AsyncHttpClient-1-4] DEBUG org.asynchttpclient.netty.channel.ChannelManager - Adding key: http://localhost:59927 for channel [id: 0x846811c8, L:/127.0.0.1:61567 - R:localhost/127.0.0.1:59927]
10:08:45.660 [Forwarding findElement on session 6ef603274331100b8198eed74f95c3ca to remote] DEBUG org.asynchttpclient.netty.request.NettyRequestSender - Using pooled Channel '[id: 0x846811c8, L:/127.0.0.1:61567 - R:localhost/127.0.0.1:59927]' for 'POST' to 'http://localhost:59927/session/6ef603274331100b8198eed74f95c3ca/element'
10:08:45.660 [Forwarding findElement on session 6ef603274331100b8198eed74f95c3ca to remote] DEBUG org.asynchttpclient.netty.request.NettyRequestSender - Using open Channel [id: 0x846811c8, L:/127.0.0.1:61567 - R:localhost/127.0.0.1:59927] for POST '/session/6ef603274331100b8198eed74f95c3ca/element'
10:08:45.667 [AsyncHttpClient-1-4] DEBUG org.asynchttpclient.netty.handler.HttpHandler - 

Request DefaultHttpRequest(decodeResult: success, version: HTTP/1.1)
POST /session/6ef603274331100b8198eed74f95c3ca/element HTTP/1.1
User-Agent: selenium/4.4.0 (java windows)
Content-Length: 70
Content-Type: application/json; charset=utf-8
host: localhost:59927
accept: */*

Response DefaultHttpResponse(decodeResult: success, version: HTTP/1.1)
HTTP/1.1 200 OK
Content-Type: application/json; charset=utf-8
cache-control: no-cache
content-length: 88

10:08:45.667 [AsyncHttpClient-1-4] DEBUG org.asynchttpclient.netty.channel.ChannelManager - Adding key: http://localhost:59927 for channel [id: 0x846811c8, L:/127.0.0.1:61567 - R:localhost/127.0.0.1:59927]
10:08:45.668 [Forwarding clickElement on session 6ef603274331100b8198eed74f95c3ca to remote] DEBUG org.asynchttpclient.netty.request.NettyRequestSender - Using pooled Channel '[id: 0x846811c8, L:/127.0.0.1:61567 - R:localhost/127.0.0.1:59927]' for 'POST' to 'http://localhost:59927/session/6ef603274331100b8198eed74f95c3ca/element/d17ca6c5-0996-444a-b7ce-2807a300aa07/click'
10:08:45.668 [Forwarding clickElement on session 6ef603274331100b8198eed74f95c3ca to remote] DEBUG org.asynchttpclient.netty.request.NettyRequestSender - Using open Channel [id: 0x846811c8, L:/127.0.0.1:61567 - R:localhost/127.0.0.1:59927] for POST '/session/6ef603274331100b8198eed74f95c3ca/element/d17ca6c5-0996-444a-b7ce-2807a300aa07/click'
10:08:45.706 [AsyncHttpClient-1-4] DEBUG org.asynchttpclient.netty.handler.HttpHandler - 

Request DefaultHttpRequest(decodeResult: success, version: HTTP/1.1)
POST /session/6ef603274331100b8198eed74f95c3ca/element/d17ca6c5-0996-444a-b7ce-2807a300aa07/click HTTP/1.1
User-Agent: selenium/4.4.0 (java windows)
Content-Length: 50
Content-Type: application/json; charset=utf-8
host: localhost:59927
accept: */*

Response DefaultHttpResponse(decodeResult: success, version: HTTP/1.1)
HTTP/1.1 200 OK
Content-Type: application/json; charset=utf-8
cache-control: no-cache
content-length: 14

10:08:45.706 [AsyncHttpClient-1-4] DEBUG org.asynchttpclient.netty.channel.ChannelManager - Adding key: http://localhost:59927 for channel [id: 0x846811c8, L:/127.0.0.1:61567 - R:localhost/127.0.0.1:59927]
10:08:45.721 [Forwarding getCurrentWindowHandle on session 6ef603274331100b8198eed74f95c3ca to remote] DEBUG org.asynchttpclient.netty.request.NettyRequestSender - Using pooled Channel '[id: 0x846811c8, L:/127.0.0.1:61567 - R:localhost/127.0.0.1:59927]' for 'GET' to 'http://localhost:59927/session/6ef603274331100b8198eed74f95c3ca/window'
10:08:45.721 [Forwarding getCurrentWindowHandle on session 6ef603274331100b8198eed74f95c3ca to remote] DEBUG org.asynchttpclient.netty.request.NettyRequestSender - Using open Channel [id: 0x846811c8, L:/127.0.0.1:61567 - R:localhost/127.0.0.1:59927] for GET '/session/6ef603274331100b8198eed74f95c3ca/window'
10:08:45.722 [AsyncHttpClient-1-4] DEBUG org.asynchttpclient.netty.handler.HttpHandler - 

Request DefaultFullHttpRequest(decodeResult: success, version: HTTP/1.1, content: EmptyByteBufBE)
GET /session/6ef603274331100b8198eed74f95c3ca/window HTTP/1.1
User-Agent: selenium/4.4.0 (java windows)
Cache-Control: no-cache
Content-Type: application/json; charset=utf-8
host: localhost:59927
accept: */*

Response DefaultHttpResponse(decodeResult: success, version: HTTP/1.1)
HTTP/1.1 200 OK
Content-Type: application/json; charset=utf-8
cache-control: no-cache
content-length: 53

10:08:45.722 [AsyncHttpClient-1-4] DEBUG org.asynchttpclient.netty.channel.ChannelManager - Adding key: http://localhost:59927 for channel [id: 0x846811c8, L:/127.0.0.1:61567 - R:localhost/127.0.0.1:59927]
10:08:45.725 [Forwarding getAlertText on session 6ef603274331100b8198eed74f95c3ca to remote] DEBUG org.asynchttpclient.netty.request.NettyRequestSender - Using pooled Channel '[id: 0x846811c8, L:/127.0.0.1:61567 - R:localhost/127.0.0.1:59927]' for 'GET' to 'http://localhost:59927/session/6ef603274331100b8198eed74f95c3ca/alert/text'
10:08:45.725 [Forwarding getAlertText on session 6ef603274331100b8198eed74f95c3ca to remote] DEBUG org.asynchttpclient.netty.request.NettyRequestSender - Using open Channel [id: 0x846811c8, L:/127.0.0.1:61567 - R:localhost/127.0.0.1:59927] for GET '/session/6ef603274331100b8198eed74f95c3ca/alert/text'
10:08:45.726 [AsyncHttpClient-1-4] DEBUG org.asynchttpclient.netty.handler.HttpHandler - 

Request DefaultFullHttpRequest(decodeResult: success, version: HTTP/1.1, content: EmptyByteBufBE)
GET /session/6ef603274331100b8198eed74f95c3ca/alert/text HTTP/1.1
User-Agent: selenium/4.4.0 (java windows)
Cache-Control: no-cache
Content-Type: application/json; charset=utf-8
host: localhost:59927
accept: */*

Response DefaultHttpResponse(decodeResult: success, version: HTTP/1.1)
HTTP/1.1 404 Not Found
Content-Type: application/json; charset=utf-8
cache-control: no-cache
content-length: 879

10:08:45.726 [AsyncHttpClient-1-4] DEBUG org.asynchttpclient.netty.channel.ChannelManager - Adding key: http://localhost:59927 for channel [id: 0x846811c8, L:/127.0.0.1:61567 - R:localhost/127.0.0.1:59927]
10:08:45.729 [Forwarding switchToWindow on session 6ef603274331100b8198eed74f95c3ca to remote] DEBUG org.asynchttpclient.netty.request.NettyRequestSender - Using pooled Channel '[id: 0x846811c8, L:/127.0.0.1:61567 - R:localhost/127.0.0.1:59927]' for 'POST' to 'http://localhost:59927/session/6ef603274331100b8198eed74f95c3ca/window'
10:08:45.729 [Forwarding switchToWindow on session 6ef603274331100b8198eed74f95c3ca to remote] DEBUG org.asynchttpclient.netty.request.NettyRequestSender - Using open Channel [id: 0x846811c8, L:/127.0.0.1:61567 - R:localhost/127.0.0.1:59927] for POST '/session/6ef603274331100b8198eed74f95c3ca/window'
10:08:45.732 [AsyncHttpClient-1-4] DEBUG org.asynchttpclient.netty.handler.HttpHandler - 

Request DefaultHttpRequest(decodeResult: success, version: HTTP/1.1)
POST /session/6ef603274331100b8198eed74f95c3ca/window HTTP/1.1
User-Agent: selenium/4.4.0 (java windows)
Content-Length: 59
Content-Type: application/json; charset=utf-8
host: localhost:59927
accept: */*

Response DefaultHttpResponse(decodeResult: success, version: HTTP/1.1)
HTTP/1.1 200 OK
Content-Type: application/json; charset=utf-8
cache-control: no-cache
content-length: 14

10:08:45.732 [AsyncHttpClient-1-4] DEBUG org.asynchttpclient.netty.channel.ChannelManager - Adding key: http://localhost:59927 for channel [id: 0x846811c8, L:/127.0.0.1:61567 - R:localhost/127.0.0.1:59927]
10:08:45.732 [Forwarding getCurrentUrl on session 6ef603274331100b8198eed74f95c3ca to remote] DEBUG org.asynchttpclient.netty.request.NettyRequestSender - Using pooled Channel '[id: 0x846811c8, L:/127.0.0.1:61567 - R:localhost/127.0.0.1:59927]' for 'GET' to 'http://localhost:59927/session/6ef603274331100b8198eed74f95c3ca/url'
10:08:45.732 [Forwarding getCurrentUrl on session 6ef603274331100b8198eed74f95c3ca to remote] DEBUG org.asynchttpclient.netty.request.NettyRequestSender - Using open Channel [id: 0x846811c8, L:/127.0.0.1:61567 - R:localhost/127.0.0.1:59927] for GET '/session/6ef603274331100b8198eed74f95c3ca/url'
10:08:45.735 [AsyncHttpClient-1-4] DEBUG org.asynchttpclient.netty.handler.HttpHandler - 

Request DefaultFullHttpRequest(decodeResult: success, version: HTTP/1.1, content: EmptyByteBufBE)
GET /session/6ef603274331100b8198eed74f95c3ca/url HTTP/1.1
User-Agent: selenium/4.4.0 (java windows)
Cache-Control: no-cache
Content-Type: application/json; charset=utf-8
host: localhost:59927
accept: */*

Response DefaultHttpResponse(decodeResult: success, version: HTTP/1.1)
HTTP/1.1 200 OK
Content-Type: application/json; charset=utf-8
cache-control: no-cache
content-length: 38

10:08:45.735 [AsyncHttpClient-1-4] DEBUG org.asynchttpclient.netty.channel.ChannelManager - Adding key: http://localhost:59927 for channel [id: 0x846811c8, L:/127.0.0.1:61567 - R:localhost/127.0.0.1:59927]
10:08:45.736 [Forwarding screenshot on session 6ef603274331100b8198eed74f95c3ca to remote] DEBUG org.asynchttpclient.netty.request.NettyRequestSender - Using pooled Channel '[id: 0x846811c8, L:/127.0.0.1:61567 - R:localhost/127.0.0.1:59927]' for 'GET' to 'http://localhost:59927/session/6ef603274331100b8198eed74f95c3ca/screenshot'
10:08:45.736 [Forwarding screenshot on session 6ef603274331100b8198eed74f95c3ca to remote] DEBUG org.asynchttpclient.netty.request.NettyRequestSender - Using open Channel [id: 0x846811c8, L:/127.0.0.1:61567 - R:localhost/127.0.0.1:59927] for GET '/session/6ef603274331100b8198eed74f95c3ca/screenshot'
10:08:45.824 [AsyncHttpClient-1-4] DEBUG org.asynchttpclient.netty.handler.HttpHandler - 

Request DefaultFullHttpRequest(decodeResult: success, version: HTTP/1.1, content: EmptyByteBufBE)
GET /session/6ef603274331100b8198eed74f95c3ca/screenshot HTTP/1.1
User-Agent: selenium/4.4.0 (java windows)
Cache-Control: no-cache
Content-Type: application/json; charset=utf-8
host: localhost:59927
accept: */*

Response DefaultHttpResponse(decodeResult: success, version: HTTP/1.1)
HTTP/1.1 200 OK
Content-Type: application/json; charset=utf-8
cache-control: no-cache
content-length: 62128

10:08:45.825 [AsyncHttpClient-1-4] DEBUG org.asynchttpclient.netty.channel.ChannelManager - Adding key: http://localhost:59927 for channel [id: 0x846811c8, L:/127.0.0.1:61567 - R:localhost/127.0.0.1:59927]
10:08:45.827 [Test worker] DEBUG net.serenitybdd.core.photography.Darkroom - Send negative for processing for C:\Users\juan.gomezv\IdeaProjects\sura\target\site\serenity\aa1e367e3b9485f6a9f30cec2e09e8c9fdf6c961e7d0cc172909dabee0d77f8a.png
10:08:45.827 [Test worker] DEBUG net.thucydides.core.steps.StepInterceptor - STEP DONE: {0} clicks on #target
10:08:45.833 [Test worker] DEBUG net.thucydides.core.steps.StepInterceptor - STEP DONE: performAs
  ?[32mCuando ?[0m?[32m?[0m?[32m?[1mAlberto?[0m?[32m se autentica como un usuario de tipo ?[0m?[32m?[1m"ONLY_WITH_PASSWORD"?[0m        ?[90m# sura.stepDefinitions.LoginSteps.elSeAutenticaComoUnUsuario(net.serenitybdd.screenplay.Actor,java.lang.String)?[0m
10:08:45.847 [Forwarding getPageSource on session 6ef603274331100b8198eed74f95c3ca to remote] DEBUG org.asynchttpclient.netty.request.NettyRequestSender - Using pooled Channel '[id: 0x846811c8, L:/127.0.0.1:61567 - R:localhost/127.0.0.1:59927]' for 'POST' to 'http://localhost:59927/session/6ef603274331100b8198eed74f95c3ca/execute/sync'
10:08:45.847 [Forwarding getPageSource on session 6ef603274331100b8198eed74f95c3ca to remote] DEBUG org.asynchttpclient.netty.request.NettyRequestSender - Using open Channel [id: 0x846811c8, L:/127.0.0.1:61567 - R:localhost/127.0.0.1:59927] for POST '/session/6ef603274331100b8198eed74f95c3ca/execute/sync'
10:08:45.853 [AsyncHttpClient-1-4] DEBUG org.asynchttpclient.netty.handler.HttpHandler - 

Request DefaultHttpRequest(decodeResult: success, version: HTTP/1.1)
POST /session/6ef603274331100b8198eed74f95c3ca/execute/sync HTTP/1.1
User-Agent: selenium/4.4.0 (java windows)
Content-Length: 176
Content-Type: application/json; charset=utf-8
host: localhost:59927
accept: */*

Response DefaultHttpResponse(decodeResult: success, version: HTTP/1.1)
HTTP/1.1 200 OK
Content-Type: application/json; charset=utf-8
cache-control: no-cache
content-length: 14638

10:08:45.854 [AsyncHttpClient-1-4] DEBUG org.asynchttpclient.netty.channel.ChannelManager - Adding key: http://localhost:59927 for channel [id: 0x846811c8, L:/127.0.0.1:61567 - R:localhost/127.0.0.1:59927]
10:08:45.855 [Forwarding getCurrentUrl on session 6ef603274331100b8198eed74f95c3ca to remote] DEBUG org.asynchttpclient.netty.request.NettyRequestSender - Using pooled Channel '[id: 0x846811c8, L:/127.0.0.1:61567 - R:localhost/127.0.0.1:59927]' for 'GET' to 'http://localhost:59927/session/6ef603274331100b8198eed74f95c3ca/url'
10:08:45.855 [Forwarding getCurrentUrl on session 6ef603274331100b8198eed74f95c3ca to remote] DEBUG org.asynchttpclient.netty.request.NettyRequestSender - Using open Channel [id: 0x846811c8, L:/127.0.0.1:61567 - R:localhost/127.0.0.1:59927] for GET '/session/6ef603274331100b8198eed74f95c3ca/url'
10:08:45.858 [AsyncHttpClient-1-4] DEBUG org.asynchttpclient.netty.handler.HttpHandler - 

Request DefaultFullHttpRequest(decodeResult: success, version: HTTP/1.1, content: EmptyByteBufBE)
GET /session/6ef603274331100b8198eed74f95c3ca/url HTTP/1.1
User-Agent: selenium/4.4.0 (java windows)
Cache-Control: no-cache
Content-Type: application/json; charset=utf-8
host: localhost:59927
accept: */*

Response DefaultHttpResponse(decodeResult: success, version: HTTP/1.1)
HTTP/1.1 200 OK
Content-Type: application/json; charset=utf-8
cache-control: no-cache
content-length: 38

10:08:45.858 [AsyncHttpClient-1-4] DEBUG org.asynchttpclient.netty.channel.ChannelManager - Adding key: http://localhost:59927 for channel [id: 0x846811c8, L:/127.0.0.1:61567 - R:localhost/127.0.0.1:59927]
  ?[32mEntonces ?[0m?[32ma ?[0m?[32m?[1mAlberto?[0m?[32m se le deniega el ingreso mostrando el mensaje ?[0m?[32m?[1m"Epic sadface"?[0m ?[90m# sura.stepDefinitions.LoginSteps.laAplicacionDenegaIngresoMostrandoMensaje(net.serenitybdd.screenplay.Actor,java.lang.String)?[0m
10:08:45.870 [AsyncHttpClient-1-6] DEBUG org.asynchttpclient.netty.handler.WebSocketHandler - Channel Closed: [id: 0x13e0aa6f, L:/127.0.0.1:61575 ! R:localhost/127.0.0.1:61568] with attribute NettyResponseFuture{currentRetry=0,
	isDone=1,
	isCancelled=0,
	asyncHandler=org.asynchttpclient.ws.WebSocketUpgradeHandler@2d3b4567,
	nettyRequest=org.asynchttpclient.netty.request.NettyRequest@a83819c,
	future=java.util.concurrent.CompletableFuture@7c42a414[Completed normally],
	uri=ws://localhost:61568/devtools/browser/807d7ff0-c8c7-41ec-b40c-4c2475f788cb,
	keepAlive=true,
	redirectCount=0,
	timeoutsHolder=null,
	inAuth=0,
	touch=1664204924558}
10:08:45.870 [Driver Command Executor] DEBUG org.asynchttpclient.netty.request.NettyRequestSender - Using pooled Channel '[id: 0x846811c8, L:/127.0.0.1:61567 - R:localhost/127.0.0.1:59927]' for 'DELETE' to 'http://localhost:59927/session/6ef603274331100b8198eed74f95c3ca'
10:08:45.870 [AsyncHttpClient-1-6] DEBUG org.asynchttpclient.netty.channel.ChannelManager - Closing Channel [id: 0x13e0aa6f, L:/127.0.0.1:61575 ! R:localhost/127.0.0.1:61568] 
10:08:45.870 [Driver Command Executor] DEBUG org.asynchttpclient.netty.request.NettyRequestSender - Using open Channel [id: 0x846811c8, L:/127.0.0.1:61567 - R:localhost/127.0.0.1:59927] for DELETE '/session/6ef603274331100b8198eed74f95c3ca'
10:08:45.900 [AsyncHttpClient-1-5] DEBUG org.asynchttpclient.netty.handler.HttpHandler - Unexpected I/O exception on channel [id: 0x4ebf2ba5, L:/127.0.0.1:61574 - R:localhost/127.0.0.1:61568]
java.net.SocketException: Connection reset
	at java.base/sun.nio.ch.SocketChannelImpl.throwConnectionReset(SocketChannelImpl.java:394)
	at java.base/sun.nio.ch.SocketChannelImpl.read(SocketChannelImpl.java:426)
	at io.netty.buffer.PooledByteBuf.setBytes(PooledByteBuf.java:258)
	at io.netty.buffer.AbstractByteBuf.writeBytes(AbstractByteBuf.java:1132)
	at io.netty.channel.socket.nio.NioSocketChannel.doReadBytes(NioSocketChannel.java:357)
	at io.netty.channel.nio.AbstractNioByteChannel$NioByteUnsafe.read(AbstractNioByteChannel.java:151)
	at io.netty.channel.nio.NioEventLoop.processSelectedKey(NioEventLoop.java:722)
	at io.netty.channel.nio.NioEventLoop.processSelectedKeysOptimized(NioEventLoop.java:658)
	at io.netty.channel.nio.NioEventLoop.processSelectedKeys(NioEventLoop.java:584)
	at io.netty.channel.nio.NioEventLoop.run(NioEventLoop.java:496)
	at io.netty.util.concurrent.SingleThreadEventExecutor$4.run(SingleThreadEventExecutor.java:997)
	at io.netty.util.internal.ThreadExecutorMap$2.run(ThreadExecutorMap.java:74)
	at io.netty.util.concurrent.FastThreadLocalRunnable.run(FastThreadLocalRunnable.java:30)
	at java.base/java.lang.Thread.run(Thread.java:833)
10:08:45.900 [AsyncHttpClient-1-5] DEBUG org.asynchttpclient.netty.channel.ChannelManager - Closing Channel [id: 0x4ebf2ba5, L:/127.0.0.1:61574 - R:localhost/127.0.0.1:61568] 
10:08:45.900 [AsyncHttpClient-1-5] DEBUG org.asynchttpclient.netty.handler.HttpHandler - Channel Closed: [id: 0x4ebf2ba5, L:/127.0.0.1:61574 ! R:localhost/127.0.0.1:61568] with attribute DISCARD
10:08:45.912 [AsyncHttpClient-1-4] DEBUG org.asynchttpclient.netty.handler.HttpHandler - 

Request DefaultFullHttpRequest(decodeResult: success, version: HTTP/1.1, content: EmptyByteBufBE)
DELETE /session/6ef603274331100b8198eed74f95c3ca HTTP/1.1
User-Agent: selenium/4.4.0 (java windows)
Content-Type: application/json; charset=utf-8
host: localhost:59927
accept: */*

Response DefaultHttpResponse(decodeResult: success, version: HTTP/1.1)
HTTP/1.1 200 OK
Content-Type: application/json; charset=utf-8
cache-control: no-cache
content-length: 14

10:08:45.913 [AsyncHttpClient-1-4] DEBUG org.asynchttpclient.netty.channel.ChannelManager - Adding key: http://localhost:59927 for channel [id: 0x846811c8, L:/127.0.0.1:61567 - R:localhost/127.0.0.1:59927]
10:08:45.945 [AsyncHttpClient-1-4] DEBUG org.asynchttpclient.netty.handler.HttpHandler - Channel Closed: [id: 0x846811c8, L:/127.0.0.1:61567 ! R:localhost/127.0.0.1:59927] with attribute DISCARD
10:08:45.995 [Test worker] INFO  - 
  _____   ___   ___   _____     ___     _     ___   ___   ___   ___  
 |_   _| | __| / __| |_   _|   | _ \   /_\   / __| / __| | __| |   \ 
   | |   | _|  \__ \   | |     |  _/  / _ \  \__ \ \__ \ | _|  | |) |
   |_|   |___| |___/   |_|     |_|   /_/ \_\ |___/ |___/ |___| |___/ 

Usuario trata autenticarse con información incompleta
----------------------------------------------------------------------

Esquema del escenario: Usuario trata autenticarse con informaciÃ³n incompleta      ?[90m# src/test/resources/features/login.feature:32?[0m
10:08:45.998 [Test worker] INFO io.cucumber.core.plugin.SerenityReporter - Running feature from file:///C:/Users/juan.gomezv/IdeaProjects/sura/src/test/resources/features/login.feature
10:08:46.003 [Test worker] DEBUG net.thucydides.core.steps.StepInterceptor - STARTING STEP: LoginSteps.albertoQuiereConsultarArticulosDeportivosEnLaWebDeLaMarcaSwag - {0} abre la aplicaciÃ³n
10:08:46.005 [Test worker] DEBUG net.thucydides.core.steps.StepInterceptor - STARTING STEP: NavigateTo.performAs - {0} opens the #targetPageName
10:08:46.042 [Test worker] INFO net.serenitybdd.core.webdriver.driverproviders.ChromeDriverProvider - Starting Chrome driver instance with capabilities:
10:08:46.042 [Test worker] INFO net.serenitybdd.core.webdriver.driverproviders.ChromeDriverProvider - Capabilities {acceptInsecureCerts: false, browserName: chrome, goog:chromeOptions: {args: [], extensions: []}}
10:08:46.106 [AsyncHttpClient-1-1] DEBUG org.asynchttpclient.netty.channel.DefaultChannelPool - Entry count for : http://localhost:59927 : 1
10:08:46.106 [AsyncHttpClient-1-1] DEBUG org.asynchttpclient.netty.channel.DefaultChannelPool - Entry count for : http://localhost:61568 : 1
10:08:46.106 [AsyncHttpClient-1-1] DEBUG org.asynchttpclient.netty.channel.DefaultChannelPool - Adding Candidate expired Channel [id: 0x846811c8, L:/127.0.0.1:61567 ! R:localhost/127.0.0.1:59927] isIdleTimeoutExpired=false isRemotelyClosed=true isTtlExpired=false
10:08:46.106 [AsyncHttpClient-1-1] DEBUG org.asynchttpclient.netty.channel.DefaultChannelPool - Closing Idle Channel [id: 0x846811c8, L:/127.0.0.1:61567 ! R:localhost/127.0.0.1:59927]
10:08:46.106 [AsyncHttpClient-1-1] DEBUG org.asynchttpclient.netty.channel.DefaultChannelPool - Adding Candidate expired Channel [id: 0x4ebf2ba5, L:/127.0.0.1:61574 ! R:localhost/127.0.0.1:61568] isIdleTimeoutExpired=false isRemotelyClosed=true isTtlExpired=false
10:08:46.106 [AsyncHttpClient-1-1] DEBUG org.asynchttpclient.netty.channel.DefaultChannelPool - Closing Idle Channel [id: 0x4ebf2ba5, L:/127.0.0.1:61574 ! R:localhost/127.0.0.1:61568]
10:08:46.106 [AsyncHttpClient-1-1] DEBUG org.asynchttpclient.netty.channel.DefaultChannelPool - Closed 2 connections out of 2 in 0 ms
10:08:46.128 [AsyncHttpClient-1-7] DEBUG org.asynchttpclient.netty.channel.NettyConnectListener - Using new Channel '[id: 0x57be3d56, L:/127.0.0.1:61589 - R:localhost/127.0.0.1:53165]' for 'POST' to '/session'
10:08:46.718 [AsyncHttpClient-1-7] DEBUG org.asynchttpclient.netty.handler.HttpHandler - 

Request DefaultHttpRequest(decodeResult: success, version: HTTP/1.1)
POST /session HTTP/1.1
User-Agent: selenium/4.4.0 (java windows)
Content-Length: 437
Content-Type: application/json; charset=utf-8
host: localhost:53165
accept: */*

Response DefaultHttpResponse(decodeResult: success, version: HTTP/1.1)
HTTP/1.1 200 OK
Content-Type: application/json; charset=utf-8
cache-control: no-cache
content-length: 793

10:08:46.718 [AsyncHttpClient-1-7] DEBUG org.asynchttpclient.netty.channel.ChannelManager - Adding key: http://localhost:53165 for channel [id: 0x57be3d56, L:/127.0.0.1:61589 - R:localhost/127.0.0.1:53165]
10:08:46.723 [AsyncHttpClient-1-8] DEBUG org.asynchttpclient.netty.channel.NettyConnectListener - Using new Channel '[id: 0x940cf21e, L:/127.0.0.1:61596 - R:localhost/127.0.0.1:61590]' for 'GET' to '/json/version'
10:08:46.724 [AsyncHttpClient-1-8] DEBUG org.asynchttpclient.netty.handler.HttpHandler - 

Request DefaultFullHttpRequest(decodeResult: success, version: HTTP/1.1, content: EmptyByteBufBE)
GET /json/version HTTP/1.1
User-Agent: selenium/4.4.0 (java windows)
host: localhost:61590
accept: */*

Response DefaultHttpResponse(decodeResult: success, version: HTTP/1.1)
HTTP/1.1 200 OK
Content-Type: application/json; charset=UTF-8
content-length: 423

10:08:46.724 [AsyncHttpClient-1-8] DEBUG org.asynchttpclient.netty.channel.ChannelManager - Adding key: http://localhost:61590 for channel [id: 0x940cf21e, L:/127.0.0.1:61596 - R:localhost/127.0.0.1:61590]
10:08:46.726 [AsyncHttpClient-1-9] DEBUG org.asynchttpclient.netty.channel.NettyConnectListener - Using new Channel '[id: 0xde690f09, L:/127.0.0.1:61597 - R:localhost/127.0.0.1:61590]' for 'GET' to '/devtools/browser/51caf6c7-9a2d-4bc2-ae5a-c71b9d3d286a'
10:08:46.727 [AsyncHttpClient-1-9] DEBUG org.asynchttpclient.netty.handler.WebSocketHandler - 

Request DefaultFullHttpRequest(decodeResult: success, version: HTTP/1.1, content: EmptyByteBufBE)
GET /devtools/browser/51caf6c7-9a2d-4bc2-ae5a-c71b9d3d286a HTTP/1.1
upgrade: websocket
connection: upgrade
sec-websocket-key: foDKW64Nqb1it+4ReLPpcw==
sec-websocket-version: 13
origin: http://localhost:61590
host: localhost:61590
accept: */*
user-agent: AHC/2.1

Response DefaultHttpResponse(decodeResult: success, version: HTTP/1.1)
HTTP/1.1 101 WebSocket Protocol Handshake
Upgrade: WebSocket
Connection: Upgrade
Sec-WebSocket-Accept: MRTjdKxkakJ4Dq5X09qaPR2Zz+c=

10:08:46.730 [Forwarding get on session 68ff8fbd2c2d334a54ee55988e5f3cb5 to remote] DEBUG org.asynchttpclient.netty.request.NettyRequestSender - Using pooled Channel '[id: 0x57be3d56, L:/127.0.0.1:61589 - R:localhost/127.0.0.1:53165]' for 'POST' to 'http://localhost:53165/session/68ff8fbd2c2d334a54ee55988e5f3cb5/url'
10:08:46.730 [Forwarding get on session 68ff8fbd2c2d334a54ee55988e5f3cb5 to remote] DEBUG org.asynchttpclient.netty.request.NettyRequestSender - Using open Channel [id: 0x57be3d56, L:/127.0.0.1:61589 - R:localhost/127.0.0.1:53165] for POST '/session/68ff8fbd2c2d334a54ee55988e5f3cb5/url'
10:08:46.990 [AsyncHttpClient-1-7] DEBUG org.asynchttpclient.netty.handler.HttpHandler - 

Request DefaultHttpRequest(decodeResult: success, version: HTTP/1.1)
POST /session/68ff8fbd2c2d334a54ee55988e5f3cb5/url HTTP/1.1
User-Agent: selenium/4.4.0 (java windows)
Content-Length: 40
Content-Type: application/json; charset=utf-8
host: localhost:53165
accept: */*

Response DefaultHttpResponse(decodeResult: success, version: HTTP/1.1)
HTTP/1.1 200 OK
Content-Type: application/json; charset=utf-8
cache-control: no-cache
content-length: 14

10:08:46.990 [AsyncHttpClient-1-7] DEBUG org.asynchttpclient.netty.channel.ChannelManager - Adding key: http://localhost:53165 for channel [id: 0x57be3d56, L:/127.0.0.1:61589 - R:localhost/127.0.0.1:53165]
10:08:46.991 [Forwarding setTimeout on session 68ff8fbd2c2d334a54ee55988e5f3cb5 to remote] DEBUG org.asynchttpclient.netty.request.NettyRequestSender - Using pooled Channel '[id: 0x57be3d56, L:/127.0.0.1:61589 - R:localhost/127.0.0.1:53165]' for 'POST' to 'http://localhost:53165/session/68ff8fbd2c2d334a54ee55988e5f3cb5/timeouts'
10:08:46.991 [Forwarding setTimeout on session 68ff8fbd2c2d334a54ee55988e5f3cb5 to remote] DEBUG org.asynchttpclient.netty.request.NettyRequestSender - Using open Channel [id: 0x57be3d56, L:/127.0.0.1:61589 - R:localhost/127.0.0.1:53165] for POST '/session/68ff8fbd2c2d334a54ee55988e5f3cb5/timeouts'
10:08:46.991 [AsyncHttpClient-1-7] DEBUG org.asynchttpclient.netty.handler.HttpHandler - 

Request DefaultHttpRequest(decodeResult: success, version: HTTP/1.1)
POST /session/68ff8fbd2c2d334a54ee55988e5f3cb5/timeouts HTTP/1.1
User-Agent: selenium/4.4.0 (java windows)
Content-Length: 22
Content-Type: application/json; charset=utf-8
host: localhost:53165
accept: */*

Response DefaultHttpResponse(decodeResult: success, version: HTTP/1.1)
HTTP/1.1 200 OK
Content-Type: application/json; charset=utf-8
cache-control: no-cache
content-length: 14

10:08:46.991 [AsyncHttpClient-1-7] DEBUG org.asynchttpclient.netty.channel.ChannelManager - Adding key: http://localhost:53165 for channel [id: 0x57be3d56, L:/127.0.0.1:61589 - R:localhost/127.0.0.1:53165]
10:08:47.002 [Forwarding getCurrentUrl on session 68ff8fbd2c2d334a54ee55988e5f3cb5 to remote] DEBUG org.asynchttpclient.netty.request.NettyRequestSender - Using pooled Channel '[id: 0x57be3d56, L:/127.0.0.1:61589 - R:localhost/127.0.0.1:53165]' for 'GET' to 'http://localhost:53165/session/68ff8fbd2c2d334a54ee55988e5f3cb5/url'
10:08:47.002 [Forwarding getCurrentUrl on session 68ff8fbd2c2d334a54ee55988e5f3cb5 to remote] DEBUG org.asynchttpclient.netty.request.NettyRequestSender - Using open Channel [id: 0x57be3d56, L:/127.0.0.1:61589 - R:localhost/127.0.0.1:53165] for GET '/session/68ff8fbd2c2d334a54ee55988e5f3cb5/url'
10:08:47.007 [AsyncHttpClient-1-7] DEBUG org.asynchttpclient.netty.handler.HttpHandler - 

Request DefaultFullHttpRequest(decodeResult: success, version: HTTP/1.1, content: EmptyByteBufBE)
GET /session/68ff8fbd2c2d334a54ee55988e5f3cb5/url HTTP/1.1
User-Agent: selenium/4.4.0 (java windows)
Cache-Control: no-cache
Content-Type: application/json; charset=utf-8
host: localhost:53165
accept: */*

Response DefaultHttpResponse(decodeResult: success, version: HTTP/1.1)
HTTP/1.1 200 OK
Content-Type: application/json; charset=utf-8
cache-control: no-cache
content-length: 38

10:08:47.007 [AsyncHttpClient-1-7] DEBUG org.asynchttpclient.netty.channel.ChannelManager - Adding key: http://localhost:53165 for channel [id: 0x57be3d56, L:/127.0.0.1:61589 - R:localhost/127.0.0.1:53165]
10:08:47.015 [Forwarding getCurrentUrl on session 68ff8fbd2c2d334a54ee55988e5f3cb5 to remote] DEBUG org.asynchttpclient.netty.request.NettyRequestSender - Using pooled Channel '[id: 0x57be3d56, L:/127.0.0.1:61589 - R:localhost/127.0.0.1:53165]' for 'GET' to 'http://localhost:53165/session/68ff8fbd2c2d334a54ee55988e5f3cb5/url'
10:08:47.015 [Forwarding getCurrentUrl on session 68ff8fbd2c2d334a54ee55988e5f3cb5 to remote] DEBUG org.asynchttpclient.netty.request.NettyRequestSender - Using open Channel [id: 0x57be3d56, L:/127.0.0.1:61589 - R:localhost/127.0.0.1:53165] for GET '/session/68ff8fbd2c2d334a54ee55988e5f3cb5/url'
10:08:47.018 [AsyncHttpClient-1-7] DEBUG org.asynchttpclient.netty.handler.HttpHandler - 

Request DefaultFullHttpRequest(decodeResult: success, version: HTTP/1.1, content: EmptyByteBufBE)
GET /session/68ff8fbd2c2d334a54ee55988e5f3cb5/url HTTP/1.1
User-Agent: selenium/4.4.0 (java windows)
Cache-Control: no-cache
Content-Type: application/json; charset=utf-8
host: localhost:53165
accept: */*

Response DefaultHttpResponse(decodeResult: success, version: HTTP/1.1)
HTTP/1.1 200 OK
Content-Type: application/json; charset=utf-8
cache-control: no-cache
content-length: 38

10:08:47.018 [AsyncHttpClient-1-7] DEBUG org.asynchttpclient.netty.channel.ChannelManager - Adding key: http://localhost:53165 for channel [id: 0x57be3d56, L:/127.0.0.1:61589 - R:localhost/127.0.0.1:53165]
10:08:47.031 [Forwarding getCurrentWindowHandle on session 68ff8fbd2c2d334a54ee55988e5f3cb5 to remote] DEBUG org.asynchttpclient.netty.request.NettyRequestSender - Using pooled Channel '[id: 0x57be3d56, L:/127.0.0.1:61589 - R:localhost/127.0.0.1:53165]' for 'GET' to 'http://localhost:53165/session/68ff8fbd2c2d334a54ee55988e5f3cb5/window'
10:08:47.031 [Forwarding getCurrentWindowHandle on session 68ff8fbd2c2d334a54ee55988e5f3cb5 to remote] DEBUG org.asynchttpclient.netty.request.NettyRequestSender - Using open Channel [id: 0x57be3d56, L:/127.0.0.1:61589 - R:localhost/127.0.0.1:53165] for GET '/session/68ff8fbd2c2d334a54ee55988e5f3cb5/window'
10:08:47.032 [AsyncHttpClient-1-7] DEBUG org.asynchttpclient.netty.handler.HttpHandler - 

Request DefaultFullHttpRequest(decodeResult: success, version: HTTP/1.1, content: EmptyByteBufBE)
GET /session/68ff8fbd2c2d334a54ee55988e5f3cb5/window HTTP/1.1
User-Agent: selenium/4.4.0 (java windows)
Cache-Control: no-cache
Content-Type: application/json; charset=utf-8
host: localhost:53165
accept: */*

Response DefaultHttpResponse(decodeResult: success, version: HTTP/1.1)
HTTP/1.1 200 OK
Content-Type: application/json; charset=utf-8
cache-control: no-cache
content-length: 53

10:08:47.032 [AsyncHttpClient-1-7] DEBUG org.asynchttpclient.netty.channel.ChannelManager - Adding key: http://localhost:53165 for channel [id: 0x57be3d56, L:/127.0.0.1:61589 - R:localhost/127.0.0.1:53165]
10:08:47.035 [Forwarding getAlertText on session 68ff8fbd2c2d334a54ee55988e5f3cb5 to remote] DEBUG org.asynchttpclient.netty.request.NettyRequestSender - Using pooled Channel '[id: 0x57be3d56, L:/127.0.0.1:61589 - R:localhost/127.0.0.1:53165]' for 'GET' to 'http://localhost:53165/session/68ff8fbd2c2d334a54ee55988e5f3cb5/alert/text'
10:08:47.035 [Forwarding getAlertText on session 68ff8fbd2c2d334a54ee55988e5f3cb5 to remote] DEBUG org.asynchttpclient.netty.request.NettyRequestSender - Using open Channel [id: 0x57be3d56, L:/127.0.0.1:61589 - R:localhost/127.0.0.1:53165] for GET '/session/68ff8fbd2c2d334a54ee55988e5f3cb5/alert/text'
10:08:47.038 [AsyncHttpClient-1-7] DEBUG org.asynchttpclient.netty.handler.HttpHandler - 

Request DefaultFullHttpRequest(decodeResult: success, version: HTTP/1.1, content: EmptyByteBufBE)
GET /session/68ff8fbd2c2d334a54ee55988e5f3cb5/alert/text HTTP/1.1
User-Agent: selenium/4.4.0 (java windows)
Cache-Control: no-cache
Content-Type: application/json; charset=utf-8
host: localhost:53165
accept: */*

Response DefaultHttpResponse(decodeResult: success, version: HTTP/1.1)
HTTP/1.1 404 Not Found
Content-Type: application/json; charset=utf-8
cache-control: no-cache
content-length: 879

10:08:47.038 [AsyncHttpClient-1-7] DEBUG org.asynchttpclient.netty.channel.ChannelManager - Adding key: http://localhost:53165 for channel [id: 0x57be3d56, L:/127.0.0.1:61589 - R:localhost/127.0.0.1:53165]
10:08:47.044 [Forwarding switchToWindow on session 68ff8fbd2c2d334a54ee55988e5f3cb5 to remote] DEBUG org.asynchttpclient.netty.request.NettyRequestSender - Using pooled Channel '[id: 0x57be3d56, L:/127.0.0.1:61589 - R:localhost/127.0.0.1:53165]' for 'POST' to 'http://localhost:53165/session/68ff8fbd2c2d334a54ee55988e5f3cb5/window'
10:08:47.044 [Forwarding switchToWindow on session 68ff8fbd2c2d334a54ee55988e5f3cb5 to remote] DEBUG org.asynchttpclient.netty.request.NettyRequestSender - Using open Channel [id: 0x57be3d56, L:/127.0.0.1:61589 - R:localhost/127.0.0.1:53165] for POST '/session/68ff8fbd2c2d334a54ee55988e5f3cb5/window'
10:08:47.048 [AsyncHttpClient-1-7] DEBUG org.asynchttpclient.netty.handler.HttpHandler - 

Request DefaultHttpRequest(decodeResult: success, version: HTTP/1.1)
POST /session/68ff8fbd2c2d334a54ee55988e5f3cb5/window HTTP/1.1
User-Agent: selenium/4.4.0 (java windows)
Content-Length: 59
Content-Type: application/json; charset=utf-8
host: localhost:53165
accept: */*

Response DefaultHttpResponse(decodeResult: success, version: HTTP/1.1)
HTTP/1.1 200 OK
Content-Type: application/json; charset=utf-8
cache-control: no-cache
content-length: 14

10:08:47.048 [AsyncHttpClient-1-7] DEBUG org.asynchttpclient.netty.channel.ChannelManager - Adding key: http://localhost:53165 for channel [id: 0x57be3d56, L:/127.0.0.1:61589 - R:localhost/127.0.0.1:53165]
10:08:47.049 [Forwarding getCurrentUrl on session 68ff8fbd2c2d334a54ee55988e5f3cb5 to remote] DEBUG org.asynchttpclient.netty.request.NettyRequestSender - Using pooled Channel '[id: 0x57be3d56, L:/127.0.0.1:61589 - R:localhost/127.0.0.1:53165]' for 'GET' to 'http://localhost:53165/session/68ff8fbd2c2d334a54ee55988e5f3cb5/url'
10:08:47.049 [Forwarding getCurrentUrl on session 68ff8fbd2c2d334a54ee55988e5f3cb5 to remote] DEBUG org.asynchttpclient.netty.request.NettyRequestSender - Using open Channel [id: 0x57be3d56, L:/127.0.0.1:61589 - R:localhost/127.0.0.1:53165] for GET '/session/68ff8fbd2c2d334a54ee55988e5f3cb5/url'
10:08:47.060 [AsyncHttpClient-1-7] DEBUG org.asynchttpclient.netty.handler.HttpHandler - 

Request DefaultFullHttpRequest(decodeResult: success, version: HTTP/1.1, content: EmptyByteBufBE)
GET /session/68ff8fbd2c2d334a54ee55988e5f3cb5/url HTTP/1.1
User-Agent: selenium/4.4.0 (java windows)
Cache-Control: no-cache
Content-Type: application/json; charset=utf-8
host: localhost:53165
accept: */*

Response DefaultHttpResponse(decodeResult: success, version: HTTP/1.1)
HTTP/1.1 200 OK
Content-Type: application/json; charset=utf-8
cache-control: no-cache
content-length: 38

10:08:47.060 [AsyncHttpClient-1-7] DEBUG org.asynchttpclient.netty.channel.ChannelManager - Adding key: http://localhost:53165 for channel [id: 0x57be3d56, L:/127.0.0.1:61589 - R:localhost/127.0.0.1:53165]
10:08:47.061 [Forwarding screenshot on session 68ff8fbd2c2d334a54ee55988e5f3cb5 to remote] DEBUG org.asynchttpclient.netty.request.NettyRequestSender - Using pooled Channel '[id: 0x57be3d56, L:/127.0.0.1:61589 - R:localhost/127.0.0.1:53165]' for 'GET' to 'http://localhost:53165/session/68ff8fbd2c2d334a54ee55988e5f3cb5/screenshot'
10:08:47.061 [Forwarding screenshot on session 68ff8fbd2c2d334a54ee55988e5f3cb5 to remote] DEBUG org.asynchttpclient.netty.request.NettyRequestSender - Using open Channel [id: 0x57be3d56, L:/127.0.0.1:61589 - R:localhost/127.0.0.1:53165] for GET '/session/68ff8fbd2c2d334a54ee55988e5f3cb5/screenshot'
10:08:47.151 [AsyncHttpClient-1-7] DEBUG org.asynchttpclient.netty.handler.HttpHandler - 

Request DefaultFullHttpRequest(decodeResult: success, version: HTTP/1.1, content: EmptyByteBufBE)
GET /session/68ff8fbd2c2d334a54ee55988e5f3cb5/screenshot HTTP/1.1
User-Agent: selenium/4.4.0 (java windows)
Cache-Control: no-cache
Content-Type: application/json; charset=utf-8
host: localhost:53165
accept: */*

Response DefaultHttpResponse(decodeResult: success, version: HTTP/1.1)
HTTP/1.1 200 OK
Content-Type: application/json; charset=utf-8
cache-control: no-cache
content-length: 59108

10:08:47.151 [AsyncHttpClient-1-7] DEBUG org.asynchttpclient.netty.channel.ChannelManager - Adding key: http://localhost:53165 for channel [id: 0x57be3d56, L:/127.0.0.1:61589 - R:localhost/127.0.0.1:53165]
10:08:47.153 [Test worker] DEBUG net.serenitybdd.core.photography.Darkroom - Send negative for processing for C:\Users\juan.gomezv\IdeaProjects\sura\target\site\serenity\60e3c498caf7a8fcf635471a5092c247627e1395d91e12246eaf1a3e7a34e095.png
10:08:47.153 [Test worker] DEBUG net.thucydides.core.steps.StepInterceptor - STEP DONE: {0} opens the #targetPageName
10:08:47.162 [Test worker] DEBUG net.thucydides.core.steps.StepInterceptor - STEP DONE: {0} abre la aplicaciÃ³n
  ?[32mDado ?[0m?[32m?[0m?[32m?[1mAlberto?[0m?[32m quiere consultar articulos deportivos en la web de la marca Swag?[0m   ?[90m# sura.stepDefinitions.LoginSteps.albertoQuiereConsultarArticulosDeportivosEnLaWebDeLaMarcaSwag(net.serenitybdd.screenplay.Actor)?[0m
10:08:47.177 [Forwarding getPageSource on session 68ff8fbd2c2d334a54ee55988e5f3cb5 to remote] DEBUG org.asynchttpclient.netty.request.NettyRequestSender - Using pooled Channel '[id: 0x57be3d56, L:/127.0.0.1:61589 - R:localhost/127.0.0.1:53165]' for 'POST' to 'http://localhost:53165/session/68ff8fbd2c2d334a54ee55988e5f3cb5/execute/sync'
10:08:47.177 [Forwarding getPageSource on session 68ff8fbd2c2d334a54ee55988e5f3cb5 to remote] DEBUG org.asynchttpclient.netty.request.NettyRequestSender - Using open Channel [id: 0x57be3d56, L:/127.0.0.1:61589 - R:localhost/127.0.0.1:53165] for POST '/session/68ff8fbd2c2d334a54ee55988e5f3cb5/execute/sync'
10:08:47.182 [AsyncHttpClient-1-7] DEBUG org.asynchttpclient.netty.handler.HttpHandler - 

Request DefaultHttpRequest(decodeResult: success, version: HTTP/1.1)
POST /session/68ff8fbd2c2d334a54ee55988e5f3cb5/execute/sync HTTP/1.1
User-Agent: selenium/4.4.0 (java windows)
Content-Length: 176
Content-Type: application/json; charset=utf-8
host: localhost:53165
accept: */*

Response DefaultHttpResponse(decodeResult: success, version: HTTP/1.1)
HTTP/1.1 200 OK
Content-Type: application/json; charset=utf-8
cache-control: no-cache
content-length: 4160

10:08:47.182 [AsyncHttpClient-1-7] DEBUG org.asynchttpclient.netty.channel.ChannelManager - Adding key: http://localhost:53165 for channel [id: 0x57be3d56, L:/127.0.0.1:61589 - R:localhost/127.0.0.1:53165]
10:08:47.183 [Forwarding getCurrentUrl on session 68ff8fbd2c2d334a54ee55988e5f3cb5 to remote] DEBUG org.asynchttpclient.netty.request.NettyRequestSender - Using pooled Channel '[id: 0x57be3d56, L:/127.0.0.1:61589 - R:localhost/127.0.0.1:53165]' for 'GET' to 'http://localhost:53165/session/68ff8fbd2c2d334a54ee55988e5f3cb5/url'
10:08:47.183 [Forwarding getCurrentUrl on session 68ff8fbd2c2d334a54ee55988e5f3cb5 to remote] DEBUG org.asynchttpclient.netty.request.NettyRequestSender - Using open Channel [id: 0x57be3d56, L:/127.0.0.1:61589 - R:localhost/127.0.0.1:53165] for GET '/session/68ff8fbd2c2d334a54ee55988e5f3cb5/url'
10:08:47.186 [AsyncHttpClient-1-7] DEBUG org.asynchttpclient.netty.handler.HttpHandler - 

Request DefaultFullHttpRequest(decodeResult: success, version: HTTP/1.1, content: EmptyByteBufBE)
GET /session/68ff8fbd2c2d334a54ee55988e5f3cb5/url HTTP/1.1
User-Agent: selenium/4.4.0 (java windows)
Cache-Control: no-cache
Content-Type: application/json; charset=utf-8
host: localhost:53165
accept: */*

Response DefaultHttpResponse(decodeResult: success, version: HTTP/1.1)
HTTP/1.1 200 OK
Content-Type: application/json; charset=utf-8
cache-control: no-cache
content-length: 38

10:08:47.186 [AsyncHttpClient-1-7] DEBUG org.asynchttpclient.netty.channel.ChannelManager - Adding key: http://localhost:53165 for channel [id: 0x57be3d56, L:/127.0.0.1:61589 - R:localhost/127.0.0.1:53165]
10:08:47.196 [Forwarding getPageSource on session 68ff8fbd2c2d334a54ee55988e5f3cb5 to remote] DEBUG org.asynchttpclient.netty.request.NettyRequestSender - Using pooled Channel '[id: 0x57be3d56, L:/127.0.0.1:61589 - R:localhost/127.0.0.1:53165]' for 'POST' to 'http://localhost:53165/session/68ff8fbd2c2d334a54ee55988e5f3cb5/execute/sync'
10:08:47.196 [Forwarding getPageSource on session 68ff8fbd2c2d334a54ee55988e5f3cb5 to remote] DEBUG org.asynchttpclient.netty.request.NettyRequestSender - Using open Channel [id: 0x57be3d56, L:/127.0.0.1:61589 - R:localhost/127.0.0.1:53165] for POST '/session/68ff8fbd2c2d334a54ee55988e5f3cb5/execute/sync'
10:08:47.201 [AsyncHttpClient-1-7] DEBUG org.asynchttpclient.netty.handler.HttpHandler - 

Request DefaultHttpRequest(decodeResult: success, version: HTTP/1.1)
POST /session/68ff8fbd2c2d334a54ee55988e5f3cb5/execute/sync HTTP/1.1
User-Agent: selenium/4.4.0 (java windows)
Content-Length: 176
Content-Type: application/json; charset=utf-8
host: localhost:53165
accept: */*

Response DefaultHttpResponse(decodeResult: success, version: HTTP/1.1)
HTTP/1.1 200 OK
Content-Type: application/json; charset=utf-8
cache-control: no-cache
content-length: 4160

10:08:47.201 [AsyncHttpClient-1-7] DEBUG org.asynchttpclient.netty.channel.ChannelManager - Adding key: http://localhost:53165 for channel [id: 0x57be3d56, L:/127.0.0.1:61589 - R:localhost/127.0.0.1:53165]
10:08:47.202 [Forwarding getCurrentUrl on session 68ff8fbd2c2d334a54ee55988e5f3cb5 to remote] DEBUG org.asynchttpclient.netty.request.NettyRequestSender - Using pooled Channel '[id: 0x57be3d56, L:/127.0.0.1:61589 - R:localhost/127.0.0.1:53165]' for 'GET' to 'http://localhost:53165/session/68ff8fbd2c2d334a54ee55988e5f3cb5/url'
10:08:47.202 [Forwarding getCurrentUrl on session 68ff8fbd2c2d334a54ee55988e5f3cb5 to remote] DEBUG org.asynchttpclient.netty.request.NettyRequestSender - Using open Channel [id: 0x57be3d56, L:/127.0.0.1:61589 - R:localhost/127.0.0.1:53165] for GET '/session/68ff8fbd2c2d334a54ee55988e5f3cb5/url'
10:08:47.204 [AsyncHttpClient-1-1] DEBUG org.asynchttpclient.netty.channel.DefaultChannelPool - Entry count for : http://localhost:61590 : 1
10:08:47.205 [AsyncHttpClient-1-7] DEBUG org.asynchttpclient.netty.handler.HttpHandler - 

Request DefaultFullHttpRequest(decodeResult: success, version: HTTP/1.1, content: EmptyByteBufBE)
GET /session/68ff8fbd2c2d334a54ee55988e5f3cb5/url HTTP/1.1
User-Agent: selenium/4.4.0 (java windows)
Cache-Control: no-cache
Content-Type: application/json; charset=utf-8
host: localhost:53165
accept: */*

Response DefaultHttpResponse(decodeResult: success, version: HTTP/1.1)
HTTP/1.1 200 OK
Content-Type: application/json; charset=utf-8
cache-control: no-cache
content-length: 38

10:08:47.205 [AsyncHttpClient-1-7] DEBUG org.asynchttpclient.netty.channel.ChannelManager - Adding key: http://localhost:53165 for channel [id: 0x57be3d56, L:/127.0.0.1:61589 - R:localhost/127.0.0.1:53165]
10:08:47.207 [Test worker] DEBUG net.thucydides.core.steps.StepInterceptor - STARTING STEP: LoginSteps.elSeAutenticaComoUnUsuario - performAs
10:08:47.220 [Forwarding getCurrentWindowHandle on session 68ff8fbd2c2d334a54ee55988e5f3cb5 to remote] DEBUG org.asynchttpclient.netty.request.NettyRequestSender - Using pooled Channel '[id: 0x57be3d56, L:/127.0.0.1:61589 - R:localhost/127.0.0.1:53165]' for 'GET' to 'http://localhost:53165/session/68ff8fbd2c2d334a54ee55988e5f3cb5/window'
10:08:47.220 [Forwarding getCurrentWindowHandle on session 68ff8fbd2c2d334a54ee55988e5f3cb5 to remote] DEBUG org.asynchttpclient.netty.request.NettyRequestSender - Using open Channel [id: 0x57be3d56, L:/127.0.0.1:61589 - R:localhost/127.0.0.1:53165] for GET '/session/68ff8fbd2c2d334a54ee55988e5f3cb5/window'
10:08:47.221 [AsyncHttpClient-1-7] DEBUG org.asynchttpclient.netty.handler.HttpHandler - 

Request DefaultFullHttpRequest(decodeResult: success, version: HTTP/1.1, content: EmptyByteBufBE)
GET /session/68ff8fbd2c2d334a54ee55988e5f3cb5/window HTTP/1.1
User-Agent: selenium/4.4.0 (java windows)
Cache-Control: no-cache
Content-Type: application/json; charset=utf-8
host: localhost:53165
accept: */*

Response DefaultHttpResponse(decodeResult: success, version: HTTP/1.1)
HTTP/1.1 200 OK
Content-Type: application/json; charset=utf-8
cache-control: no-cache
content-length: 53

10:08:47.221 [AsyncHttpClient-1-7] DEBUG org.asynchttpclient.netty.channel.ChannelManager - Adding key: http://localhost:53165 for channel [id: 0x57be3d56, L:/127.0.0.1:61589 - R:localhost/127.0.0.1:53165]
10:08:47.226 [Forwarding getAlertText on session 68ff8fbd2c2d334a54ee55988e5f3cb5 to remote] DEBUG org.asynchttpclient.netty.request.NettyRequestSender - Using pooled Channel '[id: 0x57be3d56, L:/127.0.0.1:61589 - R:localhost/127.0.0.1:53165]' for 'GET' to 'http://localhost:53165/session/68ff8fbd2c2d334a54ee55988e5f3cb5/alert/text'
10:08:47.226 [Forwarding getAlertText on session 68ff8fbd2c2d334a54ee55988e5f3cb5 to remote] DEBUG org.asynchttpclient.netty.request.NettyRequestSender - Using open Channel [id: 0x57be3d56, L:/127.0.0.1:61589 - R:localhost/127.0.0.1:53165] for GET '/session/68ff8fbd2c2d334a54ee55988e5f3cb5/alert/text'
10:08:47.228 [AsyncHttpClient-1-7] DEBUG org.asynchttpclient.netty.handler.HttpHandler - 

Request DefaultFullHttpRequest(decodeResult: success, version: HTTP/1.1, content: EmptyByteBufBE)
GET /session/68ff8fbd2c2d334a54ee55988e5f3cb5/alert/text HTTP/1.1
User-Agent: selenium/4.4.0 (java windows)
Cache-Control: no-cache
Content-Type: application/json; charset=utf-8
host: localhost:53165
accept: */*

Response DefaultHttpResponse(decodeResult: success, version: HTTP/1.1)
HTTP/1.1 404 Not Found
Content-Type: application/json; charset=utf-8
cache-control: no-cache
content-length: 879

10:08:47.228 [AsyncHttpClient-1-7] DEBUG org.asynchttpclient.netty.channel.ChannelManager - Adding key: http://localhost:53165 for channel [id: 0x57be3d56, L:/127.0.0.1:61589 - R:localhost/127.0.0.1:53165]
10:08:47.232 [Forwarding switchToWindow on session 68ff8fbd2c2d334a54ee55988e5f3cb5 to remote] DEBUG org.asynchttpclient.netty.request.NettyRequestSender - Using pooled Channel '[id: 0x57be3d56, L:/127.0.0.1:61589 - R:localhost/127.0.0.1:53165]' for 'POST' to 'http://localhost:53165/session/68ff8fbd2c2d334a54ee55988e5f3cb5/window'
10:08:47.232 [Forwarding switchToWindow on session 68ff8fbd2c2d334a54ee55988e5f3cb5 to remote] DEBUG org.asynchttpclient.netty.request.NettyRequestSender - Using open Channel [id: 0x57be3d56, L:/127.0.0.1:61589 - R:localhost/127.0.0.1:53165] for POST '/session/68ff8fbd2c2d334a54ee55988e5f3cb5/window'
10:08:47.235 [AsyncHttpClient-1-7] DEBUG org.asynchttpclient.netty.handler.HttpHandler - 

Request DefaultHttpRequest(decodeResult: success, version: HTTP/1.1)
POST /session/68ff8fbd2c2d334a54ee55988e5f3cb5/window HTTP/1.1
User-Agent: selenium/4.4.0 (java windows)
Content-Length: 59
Content-Type: application/json; charset=utf-8
host: localhost:53165
accept: */*

Response DefaultHttpResponse(decodeResult: success, version: HTTP/1.1)
HTTP/1.1 200 OK
Content-Type: application/json; charset=utf-8
cache-control: no-cache
content-length: 14

10:08:47.236 [AsyncHttpClient-1-7] DEBUG org.asynchttpclient.netty.channel.ChannelManager - Adding key: http://localhost:53165 for channel [id: 0x57be3d56, L:/127.0.0.1:61589 - R:localhost/127.0.0.1:53165]
10:08:47.236 [Forwarding getCurrentUrl on session 68ff8fbd2c2d334a54ee55988e5f3cb5 to remote] DEBUG org.asynchttpclient.netty.request.NettyRequestSender - Using pooled Channel '[id: 0x57be3d56, L:/127.0.0.1:61589 - R:localhost/127.0.0.1:53165]' for 'GET' to 'http://localhost:53165/session/68ff8fbd2c2d334a54ee55988e5f3cb5/url'
10:08:47.236 [Forwarding getCurrentUrl on session 68ff8fbd2c2d334a54ee55988e5f3cb5 to remote] DEBUG org.asynchttpclient.netty.request.NettyRequestSender - Using open Channel [id: 0x57be3d56, L:/127.0.0.1:61589 - R:localhost/127.0.0.1:53165] for GET '/session/68ff8fbd2c2d334a54ee55988e5f3cb5/url'
10:08:47.240 [AsyncHttpClient-1-7] DEBUG org.asynchttpclient.netty.handler.HttpHandler - 

Request DefaultFullHttpRequest(decodeResult: success, version: HTTP/1.1, content: EmptyByteBufBE)
GET /session/68ff8fbd2c2d334a54ee55988e5f3cb5/url HTTP/1.1
User-Agent: selenium/4.4.0 (java windows)
Cache-Control: no-cache
Content-Type: application/json; charset=utf-8
host: localhost:53165
accept: */*

Response DefaultHttpResponse(decodeResult: success, version: HTTP/1.1)
HTTP/1.1 200 OK
Content-Type: application/json; charset=utf-8
cache-control: no-cache
content-length: 38

10:08:47.240 [AsyncHttpClient-1-7] DEBUG org.asynchttpclient.netty.channel.ChannelManager - Adding key: http://localhost:53165 for channel [id: 0x57be3d56, L:/127.0.0.1:61589 - R:localhost/127.0.0.1:53165]
10:08:47.241 [Forwarding screenshot on session 68ff8fbd2c2d334a54ee55988e5f3cb5 to remote] DEBUG org.asynchttpclient.netty.request.NettyRequestSender - Using pooled Channel '[id: 0x57be3d56, L:/127.0.0.1:61589 - R:localhost/127.0.0.1:53165]' for 'GET' to 'http://localhost:53165/session/68ff8fbd2c2d334a54ee55988e5f3cb5/screenshot'
10:08:47.241 [Forwarding screenshot on session 68ff8fbd2c2d334a54ee55988e5f3cb5 to remote] DEBUG org.asynchttpclient.netty.request.NettyRequestSender - Using open Channel [id: 0x57be3d56, L:/127.0.0.1:61589 - R:localhost/127.0.0.1:53165] for GET '/session/68ff8fbd2c2d334a54ee55988e5f3cb5/screenshot'
10:08:47.311 [AsyncHttpClient-1-7] DEBUG org.asynchttpclient.netty.handler.HttpHandler - 

Request DefaultFullHttpRequest(decodeResult: success, version: HTTP/1.1, content: EmptyByteBufBE)
GET /session/68ff8fbd2c2d334a54ee55988e5f3cb5/screenshot HTTP/1.1
User-Agent: selenium/4.4.0 (java windows)
Cache-Control: no-cache
Content-Type: application/json; charset=utf-8
host: localhost:53165
accept: */*

Response DefaultHttpResponse(decodeResult: success, version: HTTP/1.1)
HTTP/1.1 200 OK
Content-Type: application/json; charset=utf-8
cache-control: no-cache
content-length: 59108

10:08:47.311 [AsyncHttpClient-1-7] DEBUG org.asynchttpclient.netty.channel.ChannelManager - Adding key: http://localhost:53165 for channel [id: 0x57be3d56, L:/127.0.0.1:61589 - R:localhost/127.0.0.1:53165]
10:08:47.313 [Test worker] DEBUG net.serenitybdd.core.photography.Darkroom - Send negative for processing for C:\Users\juan.gomezv\IdeaProjects\sura\target\site\serenity\60e3c498caf7a8fcf635471a5092c247627e1395d91e12246eaf1a3e7a34e095.png
10:08:47.316 [Forwarding getPageSource on session 68ff8fbd2c2d334a54ee55988e5f3cb5 to remote] DEBUG org.asynchttpclient.netty.request.NettyRequestSender - Using pooled Channel '[id: 0x57be3d56, L:/127.0.0.1:61589 - R:localhost/127.0.0.1:53165]' for 'POST' to 'http://localhost:53165/session/68ff8fbd2c2d334a54ee55988e5f3cb5/execute/sync'
10:08:47.316 [Forwarding getPageSource on session 68ff8fbd2c2d334a54ee55988e5f3cb5 to remote] DEBUG org.asynchttpclient.netty.request.NettyRequestSender - Using open Channel [id: 0x57be3d56, L:/127.0.0.1:61589 - R:localhost/127.0.0.1:53165] for POST '/session/68ff8fbd2c2d334a54ee55988e5f3cb5/execute/sync'
10:08:47.321 [AsyncHttpClient-1-7] DEBUG org.asynchttpclient.netty.handler.HttpHandler - 

Request DefaultHttpRequest(decodeResult: success, version: HTTP/1.1)
POST /session/68ff8fbd2c2d334a54ee55988e5f3cb5/execute/sync HTTP/1.1
User-Agent: selenium/4.4.0 (java windows)
Content-Length: 176
Content-Type: application/json; charset=utf-8
host: localhost:53165
accept: */*

Response DefaultHttpResponse(decodeResult: success, version: HTTP/1.1)
HTTP/1.1 200 OK
Content-Type: application/json; charset=utf-8
cache-control: no-cache
content-length: 4160

10:08:47.321 [AsyncHttpClient-1-7] DEBUG org.asynchttpclient.netty.channel.ChannelManager - Adding key: http://localhost:53165 for channel [id: 0x57be3d56, L:/127.0.0.1:61589 - R:localhost/127.0.0.1:53165]
10:08:47.322 [Forwarding getCurrentUrl on session 68ff8fbd2c2d334a54ee55988e5f3cb5 to remote] DEBUG org.asynchttpclient.netty.request.NettyRequestSender - Using pooled Channel '[id: 0x57be3d56, L:/127.0.0.1:61589 - R:localhost/127.0.0.1:53165]' for 'GET' to 'http://localhost:53165/session/68ff8fbd2c2d334a54ee55988e5f3cb5/url'
10:08:47.322 [Forwarding getCurrentUrl on session 68ff8fbd2c2d334a54ee55988e5f3cb5 to remote] DEBUG org.asynchttpclient.netty.request.NettyRequestSender - Using open Channel [id: 0x57be3d56, L:/127.0.0.1:61589 - R:localhost/127.0.0.1:53165] for GET '/session/68ff8fbd2c2d334a54ee55988e5f3cb5/url'
10:08:47.325 [AsyncHttpClient-1-7] DEBUG org.asynchttpclient.netty.handler.HttpHandler - 

Request DefaultFullHttpRequest(decodeResult: success, version: HTTP/1.1, content: EmptyByteBufBE)
GET /session/68ff8fbd2c2d334a54ee55988e5f3cb5/url HTTP/1.1
User-Agent: selenium/4.4.0 (java windows)
Cache-Control: no-cache
Content-Type: application/json; charset=utf-8
host: localhost:53165
accept: */*

Response DefaultHttpResponse(decodeResult: success, version: HTTP/1.1)
HTTP/1.1 200 OK
Content-Type: application/json; charset=utf-8
cache-control: no-cache
content-length: 38

10:08:47.325 [AsyncHttpClient-1-7] DEBUG org.asynchttpclient.netty.channel.ChannelManager - Adding key: http://localhost:53165 for channel [id: 0x57be3d56, L:/127.0.0.1:61589 - R:localhost/127.0.0.1:53165]
10:08:47.326 [Test worker] DEBUG net.thucydides.core.steps.StepInterceptor - STARTING STEP: LogIn.performAs - {0} enters #theTextAsAString into #target
10:08:47.329 [Test worker] DEBUG net.serenitybdd.screenplay.targets.IFrameSwitcher - default content already selected for UsernameTextBox
10:08:47.337 [Forwarding findElement on session 68ff8fbd2c2d334a54ee55988e5f3cb5 to remote] DEBUG org.asynchttpclient.netty.request.NettyRequestSender - Using pooled Channel '[id: 0x57be3d56, L:/127.0.0.1:61589 - R:localhost/127.0.0.1:53165]' for 'POST' to 'http://localhost:53165/session/68ff8fbd2c2d334a54ee55988e5f3cb5/element'
10:08:47.337 [Forwarding findElement on session 68ff8fbd2c2d334a54ee55988e5f3cb5 to remote] DEBUG org.asynchttpclient.netty.request.NettyRequestSender - Using open Channel [id: 0x57be3d56, L:/127.0.0.1:61589 - R:localhost/127.0.0.1:53165] for POST '/session/68ff8fbd2c2d334a54ee55988e5f3cb5/element'
10:08:47.346 [AsyncHttpClient-1-7] DEBUG org.asynchttpclient.netty.handler.HttpHandler - 

Request DefaultHttpRequest(decodeResult: success, version: HTTP/1.1)
POST /session/68ff8fbd2c2d334a54ee55988e5f3cb5/element HTTP/1.1
User-Agent: selenium/4.4.0 (java windows)
Content-Length: 67
Content-Type: application/json; charset=utf-8
host: localhost:53165
accept: */*

Response DefaultHttpResponse(decodeResult: success, version: HTTP/1.1)
HTTP/1.1 200 OK
Content-Type: application/json; charset=utf-8
cache-control: no-cache
content-length: 88

10:08:47.346 [AsyncHttpClient-1-7] DEBUG org.asynchttpclient.netty.channel.ChannelManager - Adding key: http://localhost:53165 for channel [id: 0x57be3d56, L:/127.0.0.1:61589 - R:localhost/127.0.0.1:53165]
10:08:47.347 [Forwarding clearElement on session 68ff8fbd2c2d334a54ee55988e5f3cb5 to remote] DEBUG org.asynchttpclient.netty.request.NettyRequestSender - Using pooled Channel '[id: 0x57be3d56, L:/127.0.0.1:61589 - R:localhost/127.0.0.1:53165]' for 'POST' to 'http://localhost:53165/session/68ff8fbd2c2d334a54ee55988e5f3cb5/element/9adf2a00-4991-4199-91c7-5ff52db24bbb/clear'
10:08:47.347 [Forwarding clearElement on session 68ff8fbd2c2d334a54ee55988e5f3cb5 to remote] DEBUG org.asynchttpclient.netty.request.NettyRequestSender - Using open Channel [id: 0x57be3d56, L:/127.0.0.1:61589 - R:localhost/127.0.0.1:53165] for POST '/session/68ff8fbd2c2d334a54ee55988e5f3cb5/element/9adf2a00-4991-4199-91c7-5ff52db24bbb/clear'
10:08:47.371 [AsyncHttpClient-1-7] DEBUG org.asynchttpclient.netty.handler.HttpHandler - 

Request DefaultHttpRequest(decodeResult: success, version: HTTP/1.1)
POST /session/68ff8fbd2c2d334a54ee55988e5f3cb5/element/9adf2a00-4991-4199-91c7-5ff52db24bbb/clear HTTP/1.1
User-Agent: selenium/4.4.0 (java windows)
Content-Length: 50
Content-Type: application/json; charset=utf-8
host: localhost:53165
accept: */*

Response DefaultHttpResponse(decodeResult: success, version: HTTP/1.1)
HTTP/1.1 200 OK
Content-Type: application/json; charset=utf-8
cache-control: no-cache
content-length: 14

10:08:47.372 [AsyncHttpClient-1-7] DEBUG org.asynchttpclient.netty.channel.ChannelManager - Adding key: http://localhost:53165 for channel [id: 0x57be3d56, L:/127.0.0.1:61589 - R:localhost/127.0.0.1:53165]
10:08:47.375 [Forwarding sendKeysToElement on session 68ff8fbd2c2d334a54ee55988e5f3cb5 to remote] DEBUG org.asynchttpclient.netty.request.NettyRequestSender - Using pooled Channel '[id: 0x57be3d56, L:/127.0.0.1:61589 - R:localhost/127.0.0.1:53165]' for 'POST' to 'http://localhost:53165/session/68ff8fbd2c2d334a54ee55988e5f3cb5/element/9adf2a00-4991-4199-91c7-5ff52db24bbb/value'
10:08:47.375 [Forwarding sendKeysToElement on session 68ff8fbd2c2d334a54ee55988e5f3cb5 to remote] DEBUG org.asynchttpclient.netty.request.NettyRequestSender - Using open Channel [id: 0x57be3d56, L:/127.0.0.1:61589 - R:localhost/127.0.0.1:53165] for POST '/session/68ff8fbd2c2d334a54ee55988e5f3cb5/element/9adf2a00-4991-4199-91c7-5ff52db24bbb/value'
10:08:47.403 [AsyncHttpClient-1-7] DEBUG org.asynchttpclient.netty.handler.HttpHandler - 

Request DefaultHttpRequest(decodeResult: success, version: HTTP/1.1)
POST /session/68ff8fbd2c2d334a54ee55988e5f3cb5/element/9adf2a00-4991-4199-91c7-5ff52db24bbb/value HTTP/1.1
User-Agent: selenium/4.4.0 (java windows)
Content-Length: 82
Content-Type: application/json; charset=utf-8
host: localhost:53165
accept: */*

Response DefaultHttpResponse(decodeResult: success, version: HTTP/1.1)
HTTP/1.1 200 OK
Content-Type: application/json; charset=utf-8
cache-control: no-cache
content-length: 14

10:08:47.403 [AsyncHttpClient-1-7] DEBUG org.asynchttpclient.netty.channel.ChannelManager - Adding key: http://localhost:53165 for channel [id: 0x57be3d56, L:/127.0.0.1:61589 - R:localhost/127.0.0.1:53165]
10:08:47.416 [Forwarding getCurrentWindowHandle on session 68ff8fbd2c2d334a54ee55988e5f3cb5 to remote] DEBUG org.asynchttpclient.netty.request.NettyRequestSender - Using pooled Channel '[id: 0x57be3d56, L:/127.0.0.1:61589 - R:localhost/127.0.0.1:53165]' for 'GET' to 'http://localhost:53165/session/68ff8fbd2c2d334a54ee55988e5f3cb5/window'
10:08:47.416 [Forwarding getCurrentWindowHandle on session 68ff8fbd2c2d334a54ee55988e5f3cb5 to remote] DEBUG org.asynchttpclient.netty.request.NettyRequestSender - Using open Channel [id: 0x57be3d56, L:/127.0.0.1:61589 - R:localhost/127.0.0.1:53165] for GET '/session/68ff8fbd2c2d334a54ee55988e5f3cb5/window'
10:08:47.417 [AsyncHttpClient-1-7] DEBUG org.asynchttpclient.netty.handler.HttpHandler - 

Request DefaultFullHttpRequest(decodeResult: success, version: HTTP/1.1, content: EmptyByteBufBE)
GET /session/68ff8fbd2c2d334a54ee55988e5f3cb5/window HTTP/1.1
User-Agent: selenium/4.4.0 (java windows)
Cache-Control: no-cache
Content-Type: application/json; charset=utf-8
host: localhost:53165
accept: */*

Response DefaultHttpResponse(decodeResult: success, version: HTTP/1.1)
HTTP/1.1 200 OK
Content-Type: application/json; charset=utf-8
cache-control: no-cache
content-length: 53

10:08:47.417 [AsyncHttpClient-1-7] DEBUG org.asynchttpclient.netty.channel.ChannelManager - Adding key: http://localhost:53165 for channel [id: 0x57be3d56, L:/127.0.0.1:61589 - R:localhost/127.0.0.1:53165]
10:08:47.420 [Forwarding getAlertText on session 68ff8fbd2c2d334a54ee55988e5f3cb5 to remote] DEBUG org.asynchttpclient.netty.request.NettyRequestSender - Using pooled Channel '[id: 0x57be3d56, L:/127.0.0.1:61589 - R:localhost/127.0.0.1:53165]' for 'GET' to 'http://localhost:53165/session/68ff8fbd2c2d334a54ee55988e5f3cb5/alert/text'
10:08:47.420 [Forwarding getAlertText on session 68ff8fbd2c2d334a54ee55988e5f3cb5 to remote] DEBUG org.asynchttpclient.netty.request.NettyRequestSender - Using open Channel [id: 0x57be3d56, L:/127.0.0.1:61589 - R:localhost/127.0.0.1:53165] for GET '/session/68ff8fbd2c2d334a54ee55988e5f3cb5/alert/text'
10:08:47.422 [AsyncHttpClient-1-7] DEBUG org.asynchttpclient.netty.handler.HttpHandler - 

Request DefaultFullHttpRequest(decodeResult: success, version: HTTP/1.1, content: EmptyByteBufBE)
GET /session/68ff8fbd2c2d334a54ee55988e5f3cb5/alert/text HTTP/1.1
User-Agent: selenium/4.4.0 (java windows)
Cache-Control: no-cache
Content-Type: application/json; charset=utf-8
host: localhost:53165
accept: */*

Response DefaultHttpResponse(decodeResult: success, version: HTTP/1.1)
HTTP/1.1 404 Not Found
Content-Type: application/json; charset=utf-8
cache-control: no-cache
content-length: 879

10:08:47.422 [AsyncHttpClient-1-7] DEBUG org.asynchttpclient.netty.channel.ChannelManager - Adding key: http://localhost:53165 for channel [id: 0x57be3d56, L:/127.0.0.1:61589 - R:localhost/127.0.0.1:53165]
10:08:47.426 [Forwarding switchToWindow on session 68ff8fbd2c2d334a54ee55988e5f3cb5 to remote] DEBUG org.asynchttpclient.netty.request.NettyRequestSender - Using pooled Channel '[id: 0x57be3d56, L:/127.0.0.1:61589 - R:localhost/127.0.0.1:53165]' for 'POST' to 'http://localhost:53165/session/68ff8fbd2c2d334a54ee55988e5f3cb5/window'
10:08:47.426 [Forwarding switchToWindow on session 68ff8fbd2c2d334a54ee55988e5f3cb5 to remote] DEBUG org.asynchttpclient.netty.request.NettyRequestSender - Using open Channel [id: 0x57be3d56, L:/127.0.0.1:61589 - R:localhost/127.0.0.1:53165] for POST '/session/68ff8fbd2c2d334a54ee55988e5f3cb5/window'
10:08:47.428 [AsyncHttpClient-1-7] DEBUG org.asynchttpclient.netty.handler.HttpHandler - 

Request DefaultHttpRequest(decodeResult: success, version: HTTP/1.1)
POST /session/68ff8fbd2c2d334a54ee55988e5f3cb5/window HTTP/1.1
User-Agent: selenium/4.4.0 (java windows)
Content-Length: 59
Content-Type: application/json; charset=utf-8
host: localhost:53165
accept: */*

Response DefaultHttpResponse(decodeResult: success, version: HTTP/1.1)
HTTP/1.1 200 OK
Content-Type: application/json; charset=utf-8
cache-control: no-cache
content-length: 14

10:08:47.428 [AsyncHttpClient-1-7] DEBUG org.asynchttpclient.netty.channel.ChannelManager - Adding key: http://localhost:53165 for channel [id: 0x57be3d56, L:/127.0.0.1:61589 - R:localhost/127.0.0.1:53165]
10:08:47.428 [Forwarding getCurrentUrl on session 68ff8fbd2c2d334a54ee55988e5f3cb5 to remote] DEBUG org.asynchttpclient.netty.request.NettyRequestSender - Using pooled Channel '[id: 0x57be3d56, L:/127.0.0.1:61589 - R:localhost/127.0.0.1:53165]' for 'GET' to 'http://localhost:53165/session/68ff8fbd2c2d334a54ee55988e5f3cb5/url'
10:08:47.428 [Forwarding getCurrentUrl on session 68ff8fbd2c2d334a54ee55988e5f3cb5 to remote] DEBUG org.asynchttpclient.netty.request.NettyRequestSender - Using open Channel [id: 0x57be3d56, L:/127.0.0.1:61589 - R:localhost/127.0.0.1:53165] for GET '/session/68ff8fbd2c2d334a54ee55988e5f3cb5/url'
10:08:47.432 [AsyncHttpClient-1-7] DEBUG org.asynchttpclient.netty.handler.HttpHandler - 

Request DefaultFullHttpRequest(decodeResult: success, version: HTTP/1.1, content: EmptyByteBufBE)
GET /session/68ff8fbd2c2d334a54ee55988e5f3cb5/url HTTP/1.1
User-Agent: selenium/4.4.0 (java windows)
Cache-Control: no-cache
Content-Type: application/json; charset=utf-8
host: localhost:53165
accept: */*

Response DefaultHttpResponse(decodeResult: success, version: HTTP/1.1)
HTTP/1.1 200 OK
Content-Type: application/json; charset=utf-8
cache-control: no-cache
content-length: 38

10:08:47.432 [AsyncHttpClient-1-7] DEBUG org.asynchttpclient.netty.channel.ChannelManager - Adding key: http://localhost:53165 for channel [id: 0x57be3d56, L:/127.0.0.1:61589 - R:localhost/127.0.0.1:53165]
10:08:47.433 [Forwarding screenshot on session 68ff8fbd2c2d334a54ee55988e5f3cb5 to remote] DEBUG org.asynchttpclient.netty.request.NettyRequestSender - Using pooled Channel '[id: 0x57be3d56, L:/127.0.0.1:61589 - R:localhost/127.0.0.1:53165]' for 'GET' to 'http://localhost:53165/session/68ff8fbd2c2d334a54ee55988e5f3cb5/screenshot'
10:08:47.433 [Forwarding screenshot on session 68ff8fbd2c2d334a54ee55988e5f3cb5 to remote] DEBUG org.asynchttpclient.netty.request.NettyRequestSender - Using open Channel [id: 0x57be3d56, L:/127.0.0.1:61589 - R:localhost/127.0.0.1:53165] for GET '/session/68ff8fbd2c2d334a54ee55988e5f3cb5/screenshot'
10:08:47.503 [AsyncHttpClient-1-7] DEBUG org.asynchttpclient.netty.handler.HttpHandler - 

Request DefaultFullHttpRequest(decodeResult: success, version: HTTP/1.1, content: EmptyByteBufBE)
GET /session/68ff8fbd2c2d334a54ee55988e5f3cb5/screenshot HTTP/1.1
User-Agent: selenium/4.4.0 (java windows)
Cache-Control: no-cache
Content-Type: application/json; charset=utf-8
host: localhost:53165
accept: */*

Response DefaultHttpResponse(decodeResult: success, version: HTTP/1.1)
HTTP/1.1 200 OK
Content-Type: application/json; charset=utf-8
cache-control: no-cache
content-length: 59132

10:08:47.503 [AsyncHttpClient-1-7] DEBUG org.asynchttpclient.netty.channel.ChannelManager - Adding key: http://localhost:53165 for channel [id: 0x57be3d56, L:/127.0.0.1:61589 - R:localhost/127.0.0.1:53165]
10:08:47.505 [Test worker] DEBUG net.serenitybdd.core.photography.Darkroom - Send negative for processing for C:\Users\juan.gomezv\IdeaProjects\sura\target\site\serenity\5ce50cb1a5ed31074c82f119d5f16420b9be3b49e4f4846f8cfb1d47c1c53b5f.png
10:08:47.505 [Test worker] DEBUG net.thucydides.core.steps.StepInterceptor - STEP DONE: {0} enters #theTextAsAString into #target
10:08:47.514 [Forwarding getPageSource on session 68ff8fbd2c2d334a54ee55988e5f3cb5 to remote] DEBUG org.asynchttpclient.netty.request.NettyRequestSender - Using pooled Channel '[id: 0x57be3d56, L:/127.0.0.1:61589 - R:localhost/127.0.0.1:53165]' for 'POST' to 'http://localhost:53165/session/68ff8fbd2c2d334a54ee55988e5f3cb5/execute/sync'
10:08:47.514 [Forwarding getPageSource on session 68ff8fbd2c2d334a54ee55988e5f3cb5 to remote] DEBUG org.asynchttpclient.netty.request.NettyRequestSender - Using open Channel [id: 0x57be3d56, L:/127.0.0.1:61589 - R:localhost/127.0.0.1:53165] for POST '/session/68ff8fbd2c2d334a54ee55988e5f3cb5/execute/sync'
10:08:47.518 [AsyncHttpClient-1-7] DEBUG org.asynchttpclient.netty.handler.HttpHandler - 

Request DefaultHttpRequest(decodeResult: success, version: HTTP/1.1)
POST /session/68ff8fbd2c2d334a54ee55988e5f3cb5/execute/sync HTTP/1.1
User-Agent: selenium/4.4.0 (java windows)
Content-Length: 176
Content-Type: application/json; charset=utf-8
host: localhost:53165
accept: */*

Response DefaultHttpResponse(decodeResult: success, version: HTTP/1.1)
HTTP/1.1 200 OK
Content-Type: application/json; charset=utf-8
cache-control: no-cache
content-length: 4160

10:08:47.518 [AsyncHttpClient-1-7] DEBUG org.asynchttpclient.netty.channel.ChannelManager - Adding key: http://localhost:53165 for channel [id: 0x57be3d56, L:/127.0.0.1:61589 - R:localhost/127.0.0.1:53165]
10:08:47.519 [Forwarding getCurrentUrl on session 68ff8fbd2c2d334a54ee55988e5f3cb5 to remote] DEBUG org.asynchttpclient.netty.request.NettyRequestSender - Using pooled Channel '[id: 0x57be3d56, L:/127.0.0.1:61589 - R:localhost/127.0.0.1:53165]' for 'GET' to 'http://localhost:53165/session/68ff8fbd2c2d334a54ee55988e5f3cb5/url'
10:08:47.519 [Forwarding getCurrentUrl on session 68ff8fbd2c2d334a54ee55988e5f3cb5 to remote] DEBUG org.asynchttpclient.netty.request.NettyRequestSender - Using open Channel [id: 0x57be3d56, L:/127.0.0.1:61589 - R:localhost/127.0.0.1:53165] for GET '/session/68ff8fbd2c2d334a54ee55988e5f3cb5/url'
10:08:47.523 [AsyncHttpClient-1-7] DEBUG org.asynchttpclient.netty.handler.HttpHandler - 

Request DefaultFullHttpRequest(decodeResult: success, version: HTTP/1.1, content: EmptyByteBufBE)
GET /session/68ff8fbd2c2d334a54ee55988e5f3cb5/url HTTP/1.1
User-Agent: selenium/4.4.0 (java windows)
Cache-Control: no-cache
Content-Type: application/json; charset=utf-8
host: localhost:53165
accept: */*

Response DefaultHttpResponse(decodeResult: success, version: HTTP/1.1)
HTTP/1.1 200 OK
Content-Type: application/json; charset=utf-8
cache-control: no-cache
content-length: 38

10:08:47.523 [AsyncHttpClient-1-7] DEBUG org.asynchttpclient.netty.channel.ChannelManager - Adding key: http://localhost:53165 for channel [id: 0x57be3d56, L:/127.0.0.1:61589 - R:localhost/127.0.0.1:53165]
10:08:47.525 [Test worker] DEBUG net.thucydides.core.steps.StepInterceptor - STARTING STEP: LogIn.performAs - {0} enters #theTextAsAString into #target
10:08:47.528 [Test worker] DEBUG net.serenitybdd.screenplay.targets.IFrameSwitcher - default content already selected for PasswordTextBox
10:08:47.537 [Forwarding findElement on session 68ff8fbd2c2d334a54ee55988e5f3cb5 to remote] DEBUG org.asynchttpclient.netty.request.NettyRequestSender - Using pooled Channel '[id: 0x57be3d56, L:/127.0.0.1:61589 - R:localhost/127.0.0.1:53165]' for 'POST' to 'http://localhost:53165/session/68ff8fbd2c2d334a54ee55988e5f3cb5/element'
10:08:47.537 [Forwarding findElement on session 68ff8fbd2c2d334a54ee55988e5f3cb5 to remote] DEBUG org.asynchttpclient.netty.request.NettyRequestSender - Using open Channel [id: 0x57be3d56, L:/127.0.0.1:61589 - R:localhost/127.0.0.1:53165] for POST '/session/68ff8fbd2c2d334a54ee55988e5f3cb5/element'
10:08:47.547 [AsyncHttpClient-1-7] DEBUG org.asynchttpclient.netty.handler.HttpHandler - 

Request DefaultHttpRequest(decodeResult: success, version: HTTP/1.1)
POST /session/68ff8fbd2c2d334a54ee55988e5f3cb5/element HTTP/1.1
User-Agent: selenium/4.4.0 (java windows)
Content-Length: 66
Content-Type: application/json; charset=utf-8
host: localhost:53165
accept: */*

Response DefaultHttpResponse(decodeResult: success, version: HTTP/1.1)
HTTP/1.1 200 OK
Content-Type: application/json; charset=utf-8
cache-control: no-cache
content-length: 88

10:08:47.547 [AsyncHttpClient-1-7] DEBUG org.asynchttpclient.netty.channel.ChannelManager - Adding key: http://localhost:53165 for channel [id: 0x57be3d56, L:/127.0.0.1:61589 - R:localhost/127.0.0.1:53165]
10:08:47.548 [Forwarding clearElement on session 68ff8fbd2c2d334a54ee55988e5f3cb5 to remote] DEBUG org.asynchttpclient.netty.request.NettyRequestSender - Using pooled Channel '[id: 0x57be3d56, L:/127.0.0.1:61589 - R:localhost/127.0.0.1:53165]' for 'POST' to 'http://localhost:53165/session/68ff8fbd2c2d334a54ee55988e5f3cb5/element/d0ceb57f-cbe8-4da5-b498-f6d735db1c9e/clear'
10:08:47.548 [Forwarding clearElement on session 68ff8fbd2c2d334a54ee55988e5f3cb5 to remote] DEBUG org.asynchttpclient.netty.request.NettyRequestSender - Using open Channel [id: 0x57be3d56, L:/127.0.0.1:61589 - R:localhost/127.0.0.1:53165] for POST '/session/68ff8fbd2c2d334a54ee55988e5f3cb5/element/d0ceb57f-cbe8-4da5-b498-f6d735db1c9e/clear'
10:08:47.570 [AsyncHttpClient-1-7] DEBUG org.asynchttpclient.netty.handler.HttpHandler - 

Request DefaultHttpRequest(decodeResult: success, version: HTTP/1.1)
POST /session/68ff8fbd2c2d334a54ee55988e5f3cb5/element/d0ceb57f-cbe8-4da5-b498-f6d735db1c9e/clear HTTP/1.1
User-Agent: selenium/4.4.0 (java windows)
Content-Length: 50
Content-Type: application/json; charset=utf-8
host: localhost:53165
accept: */*

Response DefaultHttpResponse(decodeResult: success, version: HTTP/1.1)
HTTP/1.1 200 OK
Content-Type: application/json; charset=utf-8
cache-control: no-cache
content-length: 14

10:08:47.570 [AsyncHttpClient-1-7] DEBUG org.asynchttpclient.netty.channel.ChannelManager - Adding key: http://localhost:53165 for channel [id: 0x57be3d56, L:/127.0.0.1:61589 - R:localhost/127.0.0.1:53165]
10:08:47.574 [Forwarding sendKeysToElement on session 68ff8fbd2c2d334a54ee55988e5f3cb5 to remote] DEBUG org.asynchttpclient.netty.request.NettyRequestSender - Using pooled Channel '[id: 0x57be3d56, L:/127.0.0.1:61589 - R:localhost/127.0.0.1:53165]' for 'POST' to 'http://localhost:53165/session/68ff8fbd2c2d334a54ee55988e5f3cb5/element/d0ceb57f-cbe8-4da5-b498-f6d735db1c9e/value'
10:08:47.574 [Forwarding sendKeysToElement on session 68ff8fbd2c2d334a54ee55988e5f3cb5 to remote] DEBUG org.asynchttpclient.netty.request.NettyRequestSender - Using open Channel [id: 0x57be3d56, L:/127.0.0.1:61589 - R:localhost/127.0.0.1:53165] for POST '/session/68ff8fbd2c2d334a54ee55988e5f3cb5/element/d0ceb57f-cbe8-4da5-b498-f6d735db1c9e/value'
10:08:47.603 [AsyncHttpClient-1-7] DEBUG org.asynchttpclient.netty.handler.HttpHandler - 

Request DefaultHttpRequest(decodeResult: success, version: HTTP/1.1)
POST /session/68ff8fbd2c2d334a54ee55988e5f3cb5/element/d0ceb57f-cbe8-4da5-b498-f6d735db1c9e/value HTTP/1.1
User-Agent: selenium/4.4.0 (java windows)
Content-Length: 82
Content-Type: application/json; charset=utf-8
host: localhost:53165
accept: */*

Response DefaultHttpResponse(decodeResult: success, version: HTTP/1.1)
HTTP/1.1 200 OK
Content-Type: application/json; charset=utf-8
cache-control: no-cache
content-length: 14

10:08:47.603 [AsyncHttpClient-1-7] DEBUG org.asynchttpclient.netty.channel.ChannelManager - Adding key: http://localhost:53165 for channel [id: 0x57be3d56, L:/127.0.0.1:61589 - R:localhost/127.0.0.1:53165]
10:08:47.619 [Forwarding getCurrentWindowHandle on session 68ff8fbd2c2d334a54ee55988e5f3cb5 to remote] DEBUG org.asynchttpclient.netty.request.NettyRequestSender - Using pooled Channel '[id: 0x57be3d56, L:/127.0.0.1:61589 - R:localhost/127.0.0.1:53165]' for 'GET' to 'http://localhost:53165/session/68ff8fbd2c2d334a54ee55988e5f3cb5/window'
10:08:47.619 [Forwarding getCurrentWindowHandle on session 68ff8fbd2c2d334a54ee55988e5f3cb5 to remote] DEBUG org.asynchttpclient.netty.request.NettyRequestSender - Using open Channel [id: 0x57be3d56, L:/127.0.0.1:61589 - R:localhost/127.0.0.1:53165] for GET '/session/68ff8fbd2c2d334a54ee55988e5f3cb5/window'
10:08:47.620 [AsyncHttpClient-1-7] DEBUG org.asynchttpclient.netty.handler.HttpHandler - 

Request DefaultFullHttpRequest(decodeResult: success, version: HTTP/1.1, content: EmptyByteBufBE)
GET /session/68ff8fbd2c2d334a54ee55988e5f3cb5/window HTTP/1.1
User-Agent: selenium/4.4.0 (java windows)
Cache-Control: no-cache
Content-Type: application/json; charset=utf-8
host: localhost:53165
accept: */*

Response DefaultHttpResponse(decodeResult: success, version: HTTP/1.1)
HTTP/1.1 200 OK
Content-Type: application/json; charset=utf-8
cache-control: no-cache
content-length: 53

10:08:47.620 [AsyncHttpClient-1-7] DEBUG org.asynchttpclient.netty.channel.ChannelManager - Adding key: http://localhost:53165 for channel [id: 0x57be3d56, L:/127.0.0.1:61589 - R:localhost/127.0.0.1:53165]
10:08:47.624 [Forwarding getAlertText on session 68ff8fbd2c2d334a54ee55988e5f3cb5 to remote] DEBUG org.asynchttpclient.netty.request.NettyRequestSender - Using pooled Channel '[id: 0x57be3d56, L:/127.0.0.1:61589 - R:localhost/127.0.0.1:53165]' for 'GET' to 'http://localhost:53165/session/68ff8fbd2c2d334a54ee55988e5f3cb5/alert/text'
10:08:47.624 [Forwarding getAlertText on session 68ff8fbd2c2d334a54ee55988e5f3cb5 to remote] DEBUG org.asynchttpclient.netty.request.NettyRequestSender - Using open Channel [id: 0x57be3d56, L:/127.0.0.1:61589 - R:localhost/127.0.0.1:53165] for GET '/session/68ff8fbd2c2d334a54ee55988e5f3cb5/alert/text'
10:08:47.626 [AsyncHttpClient-1-7] DEBUG org.asynchttpclient.netty.handler.HttpHandler - 

Request DefaultFullHttpRequest(decodeResult: success, version: HTTP/1.1, content: EmptyByteBufBE)
GET /session/68ff8fbd2c2d334a54ee55988e5f3cb5/alert/text HTTP/1.1
User-Agent: selenium/4.4.0 (java windows)
Cache-Control: no-cache
Content-Type: application/json; charset=utf-8
host: localhost:53165
accept: */*

Response DefaultHttpResponse(decodeResult: success, version: HTTP/1.1)
HTTP/1.1 404 Not Found
Content-Type: application/json; charset=utf-8
cache-control: no-cache
content-length: 879

10:08:47.626 [AsyncHttpClient-1-7] DEBUG org.asynchttpclient.netty.channel.ChannelManager - Adding key: http://localhost:53165 for channel [id: 0x57be3d56, L:/127.0.0.1:61589 - R:localhost/127.0.0.1:53165]
10:08:47.629 [Forwarding switchToWindow on session 68ff8fbd2c2d334a54ee55988e5f3cb5 to remote] DEBUG org.asynchttpclient.netty.request.NettyRequestSender - Using pooled Channel '[id: 0x57be3d56, L:/127.0.0.1:61589 - R:localhost/127.0.0.1:53165]' for 'POST' to 'http://localhost:53165/session/68ff8fbd2c2d334a54ee55988e5f3cb5/window'
10:08:47.629 [Forwarding switchToWindow on session 68ff8fbd2c2d334a54ee55988e5f3cb5 to remote] DEBUG org.asynchttpclient.netty.request.NettyRequestSender - Using open Channel [id: 0x57be3d56, L:/127.0.0.1:61589 - R:localhost/127.0.0.1:53165] for POST '/session/68ff8fbd2c2d334a54ee55988e5f3cb5/window'
10:08:47.632 [AsyncHttpClient-1-7] DEBUG org.asynchttpclient.netty.handler.HttpHandler - 

Request DefaultHttpRequest(decodeResult: success, version: HTTP/1.1)
POST /session/68ff8fbd2c2d334a54ee55988e5f3cb5/window HTTP/1.1
User-Agent: selenium/4.4.0 (java windows)
Content-Length: 59
Content-Type: application/json; charset=utf-8
host: localhost:53165
accept: */*

Response DefaultHttpResponse(decodeResult: success, version: HTTP/1.1)
HTTP/1.1 200 OK
Content-Type: application/json; charset=utf-8
cache-control: no-cache
content-length: 14

10:08:47.632 [AsyncHttpClient-1-7] DEBUG org.asynchttpclient.netty.channel.ChannelManager - Adding key: http://localhost:53165 for channel [id: 0x57be3d56, L:/127.0.0.1:61589 - R:localhost/127.0.0.1:53165]
10:08:47.632 [Forwarding getCurrentUrl on session 68ff8fbd2c2d334a54ee55988e5f3cb5 to remote] DEBUG org.asynchttpclient.netty.request.NettyRequestSender - Using pooled Channel '[id: 0x57be3d56, L:/127.0.0.1:61589 - R:localhost/127.0.0.1:53165]' for 'GET' to 'http://localhost:53165/session/68ff8fbd2c2d334a54ee55988e5f3cb5/url'
10:08:47.632 [Forwarding getCurrentUrl on session 68ff8fbd2c2d334a54ee55988e5f3cb5 to remote] DEBUG org.asynchttpclient.netty.request.NettyRequestSender - Using open Channel [id: 0x57be3d56, L:/127.0.0.1:61589 - R:localhost/127.0.0.1:53165] for GET '/session/68ff8fbd2c2d334a54ee55988e5f3cb5/url'
10:08:47.636 [AsyncHttpClient-1-7] DEBUG org.asynchttpclient.netty.handler.HttpHandler - 

Request DefaultFullHttpRequest(decodeResult: success, version: HTTP/1.1, content: EmptyByteBufBE)
GET /session/68ff8fbd2c2d334a54ee55988e5f3cb5/url HTTP/1.1
User-Agent: selenium/4.4.0 (java windows)
Cache-Control: no-cache
Content-Type: application/json; charset=utf-8
host: localhost:53165
accept: */*

Response DefaultHttpResponse(decodeResult: success, version: HTTP/1.1)
HTTP/1.1 200 OK
Content-Type: application/json; charset=utf-8
cache-control: no-cache
content-length: 38

10:08:47.637 [AsyncHttpClient-1-7] DEBUG org.asynchttpclient.netty.channel.ChannelManager - Adding key: http://localhost:53165 for channel [id: 0x57be3d56, L:/127.0.0.1:61589 - R:localhost/127.0.0.1:53165]
10:08:47.637 [Forwarding screenshot on session 68ff8fbd2c2d334a54ee55988e5f3cb5 to remote] DEBUG org.asynchttpclient.netty.request.NettyRequestSender - Using pooled Channel '[id: 0x57be3d56, L:/127.0.0.1:61589 - R:localhost/127.0.0.1:53165]' for 'GET' to 'http://localhost:53165/session/68ff8fbd2c2d334a54ee55988e5f3cb5/screenshot'
10:08:47.637 [Forwarding screenshot on session 68ff8fbd2c2d334a54ee55988e5f3cb5 to remote] DEBUG org.asynchttpclient.netty.request.NettyRequestSender - Using open Channel [id: 0x57be3d56, L:/127.0.0.1:61589 - R:localhost/127.0.0.1:53165] for GET '/session/68ff8fbd2c2d334a54ee55988e5f3cb5/screenshot'
10:08:47.705 [AsyncHttpClient-1-7] DEBUG org.asynchttpclient.netty.handler.HttpHandler - 

Request DefaultFullHttpRequest(decodeResult: success, version: HTTP/1.1, content: EmptyByteBufBE)
GET /session/68ff8fbd2c2d334a54ee55988e5f3cb5/screenshot HTTP/1.1
User-Agent: selenium/4.4.0 (java windows)
Cache-Control: no-cache
Content-Type: application/json; charset=utf-8
host: localhost:53165
accept: */*

Response DefaultHttpResponse(decodeResult: success, version: HTTP/1.1)
HTTP/1.1 200 OK
Content-Type: application/json; charset=utf-8
cache-control: no-cache
content-length: 59140

10:08:47.705 [AsyncHttpClient-1-7] DEBUG org.asynchttpclient.netty.channel.ChannelManager - Adding key: http://localhost:53165 for channel [id: 0x57be3d56, L:/127.0.0.1:61589 - R:localhost/127.0.0.1:53165]
10:08:47.706 [Test worker] DEBUG net.serenitybdd.core.photography.Darkroom - Send negative for processing for C:\Users\juan.gomezv\IdeaProjects\sura\target\site\serenity\f30e10a05c295d899428bc7b8a974828ff6d98da354dea672841748805539c3e.png
10:08:47.707 [Test worker] DEBUG net.thucydides.core.steps.StepInterceptor - STEP DONE: {0} enters #theTextAsAString into #target
10:08:47.715 [Forwarding getPageSource on session 68ff8fbd2c2d334a54ee55988e5f3cb5 to remote] DEBUG org.asynchttpclient.netty.request.NettyRequestSender - Using pooled Channel '[id: 0x57be3d56, L:/127.0.0.1:61589 - R:localhost/127.0.0.1:53165]' for 'POST' to 'http://localhost:53165/session/68ff8fbd2c2d334a54ee55988e5f3cb5/execute/sync'
10:08:47.715 [Forwarding getPageSource on session 68ff8fbd2c2d334a54ee55988e5f3cb5 to remote] DEBUG org.asynchttpclient.netty.request.NettyRequestSender - Using open Channel [id: 0x57be3d56, L:/127.0.0.1:61589 - R:localhost/127.0.0.1:53165] for POST '/session/68ff8fbd2c2d334a54ee55988e5f3cb5/execute/sync'
10:08:47.720 [AsyncHttpClient-1-7] DEBUG org.asynchttpclient.netty.handler.HttpHandler - 

Request DefaultHttpRequest(decodeResult: success, version: HTTP/1.1)
POST /session/68ff8fbd2c2d334a54ee55988e5f3cb5/execute/sync HTTP/1.1
User-Agent: selenium/4.4.0 (java windows)
Content-Length: 176
Content-Type: application/json; charset=utf-8
host: localhost:53165
accept: */*

Response DefaultHttpResponse(decodeResult: success, version: HTTP/1.1)
HTTP/1.1 200 OK
Content-Type: application/json; charset=utf-8
cache-control: no-cache
content-length: 4160

10:08:47.720 [AsyncHttpClient-1-7] DEBUG org.asynchttpclient.netty.channel.ChannelManager - Adding key: http://localhost:53165 for channel [id: 0x57be3d56, L:/127.0.0.1:61589 - R:localhost/127.0.0.1:53165]
10:08:47.721 [Forwarding getCurrentUrl on session 68ff8fbd2c2d334a54ee55988e5f3cb5 to remote] DEBUG org.asynchttpclient.netty.request.NettyRequestSender - Using pooled Channel '[id: 0x57be3d56, L:/127.0.0.1:61589 - R:localhost/127.0.0.1:53165]' for 'GET' to 'http://localhost:53165/session/68ff8fbd2c2d334a54ee55988e5f3cb5/url'
10:08:47.721 [Forwarding getCurrentUrl on session 68ff8fbd2c2d334a54ee55988e5f3cb5 to remote] DEBUG org.asynchttpclient.netty.request.NettyRequestSender - Using open Channel [id: 0x57be3d56, L:/127.0.0.1:61589 - R:localhost/127.0.0.1:53165] for GET '/session/68ff8fbd2c2d334a54ee55988e5f3cb5/url'
10:08:47.724 [AsyncHttpClient-1-7] DEBUG org.asynchttpclient.netty.handler.HttpHandler - 

Request DefaultFullHttpRequest(decodeResult: success, version: HTTP/1.1, content: EmptyByteBufBE)
GET /session/68ff8fbd2c2d334a54ee55988e5f3cb5/url HTTP/1.1
User-Agent: selenium/4.4.0 (java windows)
Cache-Control: no-cache
Content-Type: application/json; charset=utf-8
host: localhost:53165
accept: */*

Response DefaultHttpResponse(decodeResult: success, version: HTTP/1.1)
HTTP/1.1 200 OK
Content-Type: application/json; charset=utf-8
cache-control: no-cache
content-length: 38

10:08:47.724 [AsyncHttpClient-1-7] DEBUG org.asynchttpclient.netty.channel.ChannelManager - Adding key: http://localhost:53165 for channel [id: 0x57be3d56, L:/127.0.0.1:61589 - R:localhost/127.0.0.1:53165]
10:08:47.726 [Test worker] DEBUG net.thucydides.core.steps.StepInterceptor - STARTING STEP: LogIn.performAs - {0} clicks on #target
10:08:47.726 [Test worker] DEBUG net.serenitybdd.screenplay.targets.IFrameSwitcher - default content already selected for LogIn Button
10:08:47.744 [Forwarding findElement on session 68ff8fbd2c2d334a54ee55988e5f3cb5 to remote] DEBUG org.asynchttpclient.netty.request.NettyRequestSender - Using pooled Channel '[id: 0x57be3d56, L:/127.0.0.1:61589 - R:localhost/127.0.0.1:53165]' for 'POST' to 'http://localhost:53165/session/68ff8fbd2c2d334a54ee55988e5f3cb5/element'
10:08:47.744 [Forwarding findElement on session 68ff8fbd2c2d334a54ee55988e5f3cb5 to remote] DEBUG org.asynchttpclient.netty.request.NettyRequestSender - Using open Channel [id: 0x57be3d56, L:/127.0.0.1:61589 - R:localhost/127.0.0.1:53165] for POST '/session/68ff8fbd2c2d334a54ee55988e5f3cb5/element'
10:08:47.753 [AsyncHttpClient-1-7] DEBUG org.asynchttpclient.netty.handler.HttpHandler - 

Request DefaultHttpRequest(decodeResult: success, version: HTTP/1.1)
POST /session/68ff8fbd2c2d334a54ee55988e5f3cb5/element HTTP/1.1
User-Agent: selenium/4.4.0 (java windows)
Content-Length: 70
Content-Type: application/json; charset=utf-8
host: localhost:53165
accept: */*

Response DefaultHttpResponse(decodeResult: success, version: HTTP/1.1)
HTTP/1.1 200 OK
Content-Type: application/json; charset=utf-8
cache-control: no-cache
content-length: 88

10:08:47.754 [AsyncHttpClient-1-7] DEBUG org.asynchttpclient.netty.channel.ChannelManager - Adding key: http://localhost:53165 for channel [id: 0x57be3d56, L:/127.0.0.1:61589 - R:localhost/127.0.0.1:53165]
10:08:47.758 [Forwarding isElementDisplayed on session 68ff8fbd2c2d334a54ee55988e5f3cb5 to remote] DEBUG org.asynchttpclient.netty.request.NettyRequestSender - Using pooled Channel '[id: 0x57be3d56, L:/127.0.0.1:61589 - R:localhost/127.0.0.1:53165]' for 'POST' to 'http://localhost:53165/session/68ff8fbd2c2d334a54ee55988e5f3cb5/execute/sync'
10:08:47.758 [Forwarding isElementDisplayed on session 68ff8fbd2c2d334a54ee55988e5f3cb5 to remote] DEBUG org.asynchttpclient.netty.request.NettyRequestSender - Using open Channel [id: 0x57be3d56, L:/127.0.0.1:61589 - R:localhost/127.0.0.1:53165] for POST '/session/68ff8fbd2c2d334a54ee55988e5f3cb5/execute/sync'
10:08:47.769 [AsyncHttpClient-1-7] DEBUG org.asynchttpclient.netty.handler.HttpHandler - 

Request DefaultHttpRequest(decodeResult: success, version: HTTP/1.1)
POST /session/68ff8fbd2c2d334a54ee55988e5f3cb5/execute/sync HTTP/1.1
User-Agent: selenium/4.4.0 (java windows)
Content-Length: 48780
Content-Type: application/json; charset=utf-8
host: localhost:53165
accept: */*

Response DefaultHttpResponse(decodeResult: success, version: HTTP/1.1)
HTTP/1.1 200 OK
Content-Type: application/json; charset=utf-8
cache-control: no-cache
content-length: 14

10:08:47.769 [AsyncHttpClient-1-7] DEBUG org.asynchttpclient.netty.channel.ChannelManager - Adding key: http://localhost:53165 for channel [id: 0x57be3d56, L:/127.0.0.1:61589 - R:localhost/127.0.0.1:53165]
10:08:47.775 [Forwarding findElement on session 68ff8fbd2c2d334a54ee55988e5f3cb5 to remote] DEBUG org.asynchttpclient.netty.request.NettyRequestSender - Using pooled Channel '[id: 0x57be3d56, L:/127.0.0.1:61589 - R:localhost/127.0.0.1:53165]' for 'POST' to 'http://localhost:53165/session/68ff8fbd2c2d334a54ee55988e5f3cb5/element'
10:08:47.775 [Forwarding findElement on session 68ff8fbd2c2d334a54ee55988e5f3cb5 to remote] DEBUG org.asynchttpclient.netty.request.NettyRequestSender - Using open Channel [id: 0x57be3d56, L:/127.0.0.1:61589 - R:localhost/127.0.0.1:53165] for POST '/session/68ff8fbd2c2d334a54ee55988e5f3cb5/element'
10:08:47.782 [AsyncHttpClient-1-7] DEBUG org.asynchttpclient.netty.handler.HttpHandler - 

Request DefaultHttpRequest(decodeResult: success, version: HTTP/1.1)
POST /session/68ff8fbd2c2d334a54ee55988e5f3cb5/element HTTP/1.1
User-Agent: selenium/4.4.0 (java windows)
Content-Length: 70
Content-Type: application/json; charset=utf-8
host: localhost:53165
accept: */*

Response DefaultHttpResponse(decodeResult: success, version: HTTP/1.1)
HTTP/1.1 200 OK
Content-Type: application/json; charset=utf-8
cache-control: no-cache
content-length: 88

10:08:47.782 [AsyncHttpClient-1-7] DEBUG org.asynchttpclient.netty.channel.ChannelManager - Adding key: http://localhost:53165 for channel [id: 0x57be3d56, L:/127.0.0.1:61589 - R:localhost/127.0.0.1:53165]
10:08:47.783 [Forwarding clickElement on session 68ff8fbd2c2d334a54ee55988e5f3cb5 to remote] DEBUG org.asynchttpclient.netty.request.NettyRequestSender - Using pooled Channel '[id: 0x57be3d56, L:/127.0.0.1:61589 - R:localhost/127.0.0.1:53165]' for 'POST' to 'http://localhost:53165/session/68ff8fbd2c2d334a54ee55988e5f3cb5/element/913a7a82-eae8-4d83-ace0-8a1d58861c4b/click'
10:08:47.783 [Forwarding clickElement on session 68ff8fbd2c2d334a54ee55988e5f3cb5 to remote] DEBUG org.asynchttpclient.netty.request.NettyRequestSender - Using open Channel [id: 0x57be3d56, L:/127.0.0.1:61589 - R:localhost/127.0.0.1:53165] for POST '/session/68ff8fbd2c2d334a54ee55988e5f3cb5/element/913a7a82-eae8-4d83-ace0-8a1d58861c4b/click'
10:08:47.820 [AsyncHttpClient-1-7] DEBUG org.asynchttpclient.netty.handler.HttpHandler - 

Request DefaultHttpRequest(decodeResult: success, version: HTTP/1.1)
POST /session/68ff8fbd2c2d334a54ee55988e5f3cb5/element/913a7a82-eae8-4d83-ace0-8a1d58861c4b/click HTTP/1.1
User-Agent: selenium/4.4.0 (java windows)
Content-Length: 50
Content-Type: application/json; charset=utf-8
host: localhost:53165
accept: */*

Response DefaultHttpResponse(decodeResult: success, version: HTTP/1.1)
HTTP/1.1 200 OK
Content-Type: application/json; charset=utf-8
cache-control: no-cache
content-length: 14

10:08:47.821 [AsyncHttpClient-1-7] DEBUG org.asynchttpclient.netty.channel.ChannelManager - Adding key: http://localhost:53165 for channel [id: 0x57be3d56, L:/127.0.0.1:61589 - R:localhost/127.0.0.1:53165]
10:08:47.834 [Forwarding getCurrentWindowHandle on session 68ff8fbd2c2d334a54ee55988e5f3cb5 to remote] DEBUG org.asynchttpclient.netty.request.NettyRequestSender - Using pooled Channel '[id: 0x57be3d56, L:/127.0.0.1:61589 - R:localhost/127.0.0.1:53165]' for 'GET' to 'http://localhost:53165/session/68ff8fbd2c2d334a54ee55988e5f3cb5/window'
10:08:47.834 [Forwarding getCurrentWindowHandle on session 68ff8fbd2c2d334a54ee55988e5f3cb5 to remote] DEBUG org.asynchttpclient.netty.request.NettyRequestSender - Using open Channel [id: 0x57be3d56, L:/127.0.0.1:61589 - R:localhost/127.0.0.1:53165] for GET '/session/68ff8fbd2c2d334a54ee55988e5f3cb5/window'
10:08:47.835 [AsyncHttpClient-1-7] DEBUG org.asynchttpclient.netty.handler.HttpHandler - 

Request DefaultFullHttpRequest(decodeResult: success, version: HTTP/1.1, content: EmptyByteBufBE)
GET /session/68ff8fbd2c2d334a54ee55988e5f3cb5/window HTTP/1.1
User-Agent: selenium/4.4.0 (java windows)
Cache-Control: no-cache
Content-Type: application/json; charset=utf-8
host: localhost:53165
accept: */*

Response DefaultHttpResponse(decodeResult: success, version: HTTP/1.1)
HTTP/1.1 200 OK
Content-Type: application/json; charset=utf-8
cache-control: no-cache
content-length: 53

10:08:47.835 [AsyncHttpClient-1-7] DEBUG org.asynchttpclient.netty.channel.ChannelManager - Adding key: http://localhost:53165 for channel [id: 0x57be3d56, L:/127.0.0.1:61589 - R:localhost/127.0.0.1:53165]
10:08:47.839 [Forwarding getAlertText on session 68ff8fbd2c2d334a54ee55988e5f3cb5 to remote] DEBUG org.asynchttpclient.netty.request.NettyRequestSender - Using pooled Channel '[id: 0x57be3d56, L:/127.0.0.1:61589 - R:localhost/127.0.0.1:53165]' for 'GET' to 'http://localhost:53165/session/68ff8fbd2c2d334a54ee55988e5f3cb5/alert/text'
10:08:47.839 [Forwarding getAlertText on session 68ff8fbd2c2d334a54ee55988e5f3cb5 to remote] DEBUG org.asynchttpclient.netty.request.NettyRequestSender - Using open Channel [id: 0x57be3d56, L:/127.0.0.1:61589 - R:localhost/127.0.0.1:53165] for GET '/session/68ff8fbd2c2d334a54ee55988e5f3cb5/alert/text'
10:08:47.841 [AsyncHttpClient-1-7] DEBUG org.asynchttpclient.netty.handler.HttpHandler - 

Request DefaultFullHttpRequest(decodeResult: success, version: HTTP/1.1, content: EmptyByteBufBE)
GET /session/68ff8fbd2c2d334a54ee55988e5f3cb5/alert/text HTTP/1.1
User-Agent: selenium/4.4.0 (java windows)
Cache-Control: no-cache
Content-Type: application/json; charset=utf-8
host: localhost:53165
accept: */*

Response DefaultHttpResponse(decodeResult: success, version: HTTP/1.1)
HTTP/1.1 404 Not Found
Content-Type: application/json; charset=utf-8
cache-control: no-cache
content-length: 879

10:08:47.842 [AsyncHttpClient-1-7] DEBUG org.asynchttpclient.netty.channel.ChannelManager - Adding key: http://localhost:53165 for channel [id: 0x57be3d56, L:/127.0.0.1:61589 - R:localhost/127.0.0.1:53165]
10:08:47.845 [Forwarding switchToWindow on session 68ff8fbd2c2d334a54ee55988e5f3cb5 to remote] DEBUG org.asynchttpclient.netty.request.NettyRequestSender - Using pooled Channel '[id: 0x57be3d56, L:/127.0.0.1:61589 - R:localhost/127.0.0.1:53165]' for 'POST' to 'http://localhost:53165/session/68ff8fbd2c2d334a54ee55988e5f3cb5/window'
10:08:47.845 [Forwarding switchToWindow on session 68ff8fbd2c2d334a54ee55988e5f3cb5 to remote] DEBUG org.asynchttpclient.netty.request.NettyRequestSender - Using open Channel [id: 0x57be3d56, L:/127.0.0.1:61589 - R:localhost/127.0.0.1:53165] for POST '/session/68ff8fbd2c2d334a54ee55988e5f3cb5/window'
10:08:47.848 [AsyncHttpClient-1-7] DEBUG org.asynchttpclient.netty.handler.HttpHandler - 

Request DefaultHttpRequest(decodeResult: success, version: HTTP/1.1)
POST /session/68ff8fbd2c2d334a54ee55988e5f3cb5/window HTTP/1.1
User-Agent: selenium/4.4.0 (java windows)
Content-Length: 59
Content-Type: application/json; charset=utf-8
host: localhost:53165
accept: */*

Response DefaultHttpResponse(decodeResult: success, version: HTTP/1.1)
HTTP/1.1 200 OK
Content-Type: application/json; charset=utf-8
cache-control: no-cache
content-length: 14

10:08:47.848 [AsyncHttpClient-1-7] DEBUG org.asynchttpclient.netty.channel.ChannelManager - Adding key: http://localhost:53165 for channel [id: 0x57be3d56, L:/127.0.0.1:61589 - R:localhost/127.0.0.1:53165]
10:08:47.848 [Forwarding getCurrentUrl on session 68ff8fbd2c2d334a54ee55988e5f3cb5 to remote] DEBUG org.asynchttpclient.netty.request.NettyRequestSender - Using pooled Channel '[id: 0x57be3d56, L:/127.0.0.1:61589 - R:localhost/127.0.0.1:53165]' for 'GET' to 'http://localhost:53165/session/68ff8fbd2c2d334a54ee55988e5f3cb5/url'
10:08:47.848 [Forwarding getCurrentUrl on session 68ff8fbd2c2d334a54ee55988e5f3cb5 to remote] DEBUG org.asynchttpclient.netty.request.NettyRequestSender - Using open Channel [id: 0x57be3d56, L:/127.0.0.1:61589 - R:localhost/127.0.0.1:53165] for GET '/session/68ff8fbd2c2d334a54ee55988e5f3cb5/url'
10:08:47.851 [AsyncHttpClient-1-7] DEBUG org.asynchttpclient.netty.handler.HttpHandler - 

Request DefaultFullHttpRequest(decodeResult: success, version: HTTP/1.1, content: EmptyByteBufBE)
GET /session/68ff8fbd2c2d334a54ee55988e5f3cb5/url HTTP/1.1
User-Agent: selenium/4.4.0 (java windows)
Cache-Control: no-cache
Content-Type: application/json; charset=utf-8
host: localhost:53165
accept: */*

Response DefaultHttpResponse(decodeResult: success, version: HTTP/1.1)
HTTP/1.1 200 OK
Content-Type: application/json; charset=utf-8
cache-control: no-cache
content-length: 38

10:08:47.851 [AsyncHttpClient-1-7] DEBUG org.asynchttpclient.netty.channel.ChannelManager - Adding key: http://localhost:53165 for channel [id: 0x57be3d56, L:/127.0.0.1:61589 - R:localhost/127.0.0.1:53165]
10:08:47.851 [Forwarding screenshot on session 68ff8fbd2c2d334a54ee55988e5f3cb5 to remote] DEBUG org.asynchttpclient.netty.request.NettyRequestSender - Using pooled Channel '[id: 0x57be3d56, L:/127.0.0.1:61589 - R:localhost/127.0.0.1:53165]' for 'GET' to 'http://localhost:53165/session/68ff8fbd2c2d334a54ee55988e5f3cb5/screenshot'
10:08:47.851 [Forwarding screenshot on session 68ff8fbd2c2d334a54ee55988e5f3cb5 to remote] DEBUG org.asynchttpclient.netty.request.NettyRequestSender - Using open Channel [id: 0x57be3d56, L:/127.0.0.1:61589 - R:localhost/127.0.0.1:53165] for GET '/session/68ff8fbd2c2d334a54ee55988e5f3cb5/screenshot'
10:08:47.923 [AsyncHttpClient-1-7] DEBUG org.asynchttpclient.netty.handler.HttpHandler - 

Request DefaultFullHttpRequest(decodeResult: success, version: HTTP/1.1, content: EmptyByteBufBE)
GET /session/68ff8fbd2c2d334a54ee55988e5f3cb5/screenshot HTTP/1.1
User-Agent: selenium/4.4.0 (java windows)
Cache-Control: no-cache
Content-Type: application/json; charset=utf-8
host: localhost:53165
accept: */*

Response DefaultHttpResponse(decodeResult: success, version: HTTP/1.1)
HTTP/1.1 200 OK
Content-Type: application/json; charset=utf-8
cache-control: no-cache
content-length: 63800

10:08:47.924 [AsyncHttpClient-1-7] DEBUG org.asynchttpclient.netty.channel.ChannelManager - Adding key: http://localhost:53165 for channel [id: 0x57be3d56, L:/127.0.0.1:61589 - R:localhost/127.0.0.1:53165]
10:08:47.925 [Test worker] DEBUG net.serenitybdd.core.photography.Darkroom - Send negative for processing for C:\Users\juan.gomezv\IdeaProjects\sura\target\site\serenity\904335eef0827b613c708bbe46df8c0a12fd3b5ed19c38292f1253c91d7b4430.png
10:08:47.925 [Test worker] DEBUG net.thucydides.core.steps.StepInterceptor - STEP DONE: {0} clicks on #target
10:08:47.931 [Test worker] DEBUG net.thucydides.core.steps.StepInterceptor - STEP DONE: performAs
  ?[32mCuando ?[0m?[32m?[0m?[32m?[1mAlberto?[0m?[32m se autentica como un usuario de tipo ?[0m?[32m?[1m"WITH_ALL_FIELDS_EMPTY"?[0m     ?[90m# sura.stepDefinitions.LoginSteps.elSeAutenticaComoUnUsuario(net.serenitybdd.screenplay.Actor,java.lang.String)?[0m
10:08:47.944 [Forwarding getPageSource on session 68ff8fbd2c2d334a54ee55988e5f3cb5 to remote] DEBUG org.asynchttpclient.netty.request.NettyRequestSender - Using pooled Channel '[id: 0x57be3d56, L:/127.0.0.1:61589 - R:localhost/127.0.0.1:53165]' for 'POST' to 'http://localhost:53165/session/68ff8fbd2c2d334a54ee55988e5f3cb5/execute/sync'
10:08:47.944 [Forwarding getPageSource on session 68ff8fbd2c2d334a54ee55988e5f3cb5 to remote] DEBUG org.asynchttpclient.netty.request.NettyRequestSender - Using open Channel [id: 0x57be3d56, L:/127.0.0.1:61589 - R:localhost/127.0.0.1:53165] for POST '/session/68ff8fbd2c2d334a54ee55988e5f3cb5/execute/sync'
10:08:47.950 [AsyncHttpClient-1-7] DEBUG org.asynchttpclient.netty.handler.HttpHandler - 

Request DefaultHttpRequest(decodeResult: success, version: HTTP/1.1)
POST /session/68ff8fbd2c2d334a54ee55988e5f3cb5/execute/sync HTTP/1.1
User-Agent: selenium/4.4.0 (java windows)
Content-Length: 176
Content-Type: application/json; charset=utf-8
host: localhost:53165
accept: */*

Response DefaultHttpResponse(decodeResult: success, version: HTTP/1.1)
HTTP/1.1 200 OK
Content-Type: application/json; charset=utf-8
cache-control: no-cache
content-length: 14630

10:08:47.950 [AsyncHttpClient-1-7] DEBUG org.asynchttpclient.netty.channel.ChannelManager - Adding key: http://localhost:53165 for channel [id: 0x57be3d56, L:/127.0.0.1:61589 - R:localhost/127.0.0.1:53165]
10:08:47.951 [Forwarding getCurrentUrl on session 68ff8fbd2c2d334a54ee55988e5f3cb5 to remote] DEBUG org.asynchttpclient.netty.request.NettyRequestSender - Using pooled Channel '[id: 0x57be3d56, L:/127.0.0.1:61589 - R:localhost/127.0.0.1:53165]' for 'GET' to 'http://localhost:53165/session/68ff8fbd2c2d334a54ee55988e5f3cb5/url'
10:08:47.951 [Forwarding getCurrentUrl on session 68ff8fbd2c2d334a54ee55988e5f3cb5 to remote] DEBUG org.asynchttpclient.netty.request.NettyRequestSender - Using open Channel [id: 0x57be3d56, L:/127.0.0.1:61589 - R:localhost/127.0.0.1:53165] for GET '/session/68ff8fbd2c2d334a54ee55988e5f3cb5/url'
10:08:47.955 [AsyncHttpClient-1-7] DEBUG org.asynchttpclient.netty.handler.HttpHandler - 

Request DefaultFullHttpRequest(decodeResult: success, version: HTTP/1.1, content: EmptyByteBufBE)
GET /session/68ff8fbd2c2d334a54ee55988e5f3cb5/url HTTP/1.1
User-Agent: selenium/4.4.0 (java windows)
Cache-Control: no-cache
Content-Type: application/json; charset=utf-8
host: localhost:53165
accept: */*

Response DefaultHttpResponse(decodeResult: success, version: HTTP/1.1)
HTTP/1.1 200 OK
Content-Type: application/json; charset=utf-8
cache-control: no-cache
content-length: 38

10:08:47.955 [AsyncHttpClient-1-7] DEBUG org.asynchttpclient.netty.channel.ChannelManager - Adding key: http://localhost:53165 for channel [id: 0x57be3d56, L:/127.0.0.1:61589 - R:localhost/127.0.0.1:53165]
  ?[32mEntonces ?[0m?[32ma ?[0m?[32m?[1mAlberto?[0m?[32m se le deniega el ingreso mostrando el mensaje ?[0m?[32m?[1m"Epic sadface"?[0m ?[90m# sura.stepDefinitions.LoginSteps.laAplicacionDenegaIngresoMostrandoMensaje(net.serenitybdd.screenplay.Actor,java.lang.String)?[0m
10:08:47.966 [AsyncHttpClient-1-9] DEBUG org.asynchttpclient.netty.handler.WebSocketHandler - Channel Closed: [id: 0xde690f09, L:/127.0.0.1:61597 ! R:localhost/127.0.0.1:61590] with attribute NettyResponseFuture{currentRetry=0,
	isDone=1,
	isCancelled=0,
	asyncHandler=org.asynchttpclient.ws.WebSocketUpgradeHandler@619ae75c,
	nettyRequest=org.asynchttpclient.netty.request.NettyRequest@627ddbe8,
	future=java.util.concurrent.CompletableFuture@302faf58[Completed normally],
	uri=ws://localhost:61590/devtools/browser/51caf6c7-9a2d-4bc2-ae5a-c71b9d3d286a,
	keepAlive=true,
	redirectCount=0,
	timeoutsHolder=null,
	inAuth=0,
	touch=1664204926727}
10:08:47.966 [AsyncHttpClient-1-9] DEBUG org.asynchttpclient.netty.channel.ChannelManager - Closing Channel [id: 0xde690f09, L:/127.0.0.1:61597 ! R:localhost/127.0.0.1:61590] 
10:08:47.966 [Driver Command Executor] DEBUG org.asynchttpclient.netty.request.NettyRequestSender - Using pooled Channel '[id: 0x57be3d56, L:/127.0.0.1:61589 - R:localhost/127.0.0.1:53165]' for 'DELETE' to 'http://localhost:53165/session/68ff8fbd2c2d334a54ee55988e5f3cb5'
10:08:47.966 [Driver Command Executor] DEBUG org.asynchttpclient.netty.request.NettyRequestSender - Using open Channel [id: 0x57be3d56, L:/127.0.0.1:61589 - R:localhost/127.0.0.1:53165] for DELETE '/session/68ff8fbd2c2d334a54ee55988e5f3cb5'
10:08:47.997 [AsyncHttpClient-1-8] DEBUG org.asynchttpclient.netty.handler.HttpHandler - Unexpected I/O exception on channel [id: 0x940cf21e, L:/127.0.0.1:61596 - R:localhost/127.0.0.1:61590]
java.net.SocketException: Connection reset
	at java.base/sun.nio.ch.SocketChannelImpl.throwConnectionReset(SocketChannelImpl.java:394)
	at java.base/sun.nio.ch.SocketChannelImpl.read(SocketChannelImpl.java:426)
	at io.netty.buffer.PooledByteBuf.setBytes(PooledByteBuf.java:258)
	at io.netty.buffer.AbstractByteBuf.writeBytes(AbstractByteBuf.java:1132)
	at io.netty.channel.socket.nio.NioSocketChannel.doReadBytes(NioSocketChannel.java:357)
	at io.netty.channel.nio.AbstractNioByteChannel$NioByteUnsafe.read(AbstractNioByteChannel.java:151)
	at io.netty.channel.nio.NioEventLoop.processSelectedKey(NioEventLoop.java:722)
	at io.netty.channel.nio.NioEventLoop.processSelectedKeysOptimized(NioEventLoop.java:658)
	at io.netty.channel.nio.NioEventLoop.processSelectedKeys(NioEventLoop.java:584)
	at io.netty.channel.nio.NioEventLoop.run(NioEventLoop.java:496)
	at io.netty.util.concurrent.SingleThreadEventExecutor$4.run(SingleThreadEventExecutor.java:997)
	at io.netty.util.internal.ThreadExecutorMap$2.run(ThreadExecutorMap.java:74)
	at io.netty.util.concurrent.FastThreadLocalRunnable.run(FastThreadLocalRunnable.java:30)
	at java.base/java.lang.Thread.run(Thread.java:833)
10:08:47.997 [AsyncHttpClient-1-8] DEBUG org.asynchttpclient.netty.channel.ChannelManager - Closing Channel [id: 0x940cf21e, L:/127.0.0.1:61596 - R:localhost/127.0.0.1:61590] 
10:08:47.997 [AsyncHttpClient-1-8] DEBUG org.asynchttpclient.netty.handler.HttpHandler - Channel Closed: [id: 0x940cf21e, L:/127.0.0.1:61596 ! R:localhost/127.0.0.1:61590] with attribute DISCARD
10:08:48.009 [AsyncHttpClient-1-7] DEBUG org.asynchttpclient.netty.handler.HttpHandler - 

Request DefaultFullHttpRequest(decodeResult: success, version: HTTP/1.1, content: EmptyByteBufBE)
DELETE /session/68ff8fbd2c2d334a54ee55988e5f3cb5 HTTP/1.1
User-Agent: selenium/4.4.0 (java windows)
Content-Type: application/json; charset=utf-8
host: localhost:53165
accept: */*

Response DefaultHttpResponse(decodeResult: success, version: HTTP/1.1)
HTTP/1.1 200 OK
Content-Type: application/json; charset=utf-8
cache-control: no-cache
content-length: 14

10:08:48.009 [AsyncHttpClient-1-7] DEBUG org.asynchttpclient.netty.channel.ChannelManager - Adding key: http://localhost:53165 for channel [id: 0x57be3d56, L:/127.0.0.1:61589 - R:localhost/127.0.0.1:53165]
10:08:48.052 [AsyncHttpClient-1-7] DEBUG org.asynchttpclient.netty.handler.HttpHandler - Channel Closed: [id: 0x57be3d56, L:/127.0.0.1:61589 ! R:localhost/127.0.0.1:53165] with attribute DISCARD
]]></system-out>
  <system-err><![CDATA[Starting ChromeDriver 105.0.5195.52 (412c95e518836d8a7d97250d62b29c2ae6a26a85-refs/branch-heads/5195@{#853}) on port 50528
Only local connections are allowed.
Please see https://chromedriver.chromium.org/security-considerations for suggestions on keeping ChromeDriver safe.
ChromeDriver was started successfully.
sep. 26, 2022 10:08:20 A. M. org.openqa.selenium.remote.ProtocolHandshake createSession
INFO: Detected upstream dialect: W3C
sep. 26, 2022 10:08:20 A. M. org.openqa.selenium.devtools.CdpVersionFinder findNearestMatch
WARNING: Unable to find an exact match for CDP version 105, so returning the closest version found: 104
sep. 26, 2022 10:08:20 A. M. org.openqa.selenium.devtools.CdpVersionFinder findNearestMatch
INFO: Found CDP implementation for version 105 of 104
Starting ChromeDriver 105.0.5195.52 (412c95e518836d8a7d97250d62b29c2ae6a26a85-refs/branch-heads/5195@{#853}) on port 59486
Only local connections are allowed.
Please see https://chromedriver.chromium.org/security-considerations for suggestions on keeping ChromeDriver safe.
ChromeDriver was started successfully.
sep. 26, 2022 10:08:27 A. M. org.openqa.selenium.remote.ProtocolHandshake createSession
INFO: Detected upstream dialect: W3C
sep. 26, 2022 10:08:27 A. M. org.openqa.selenium.devtools.CdpVersionFinder findNearestMatch
WARNING: Unable to find an exact match for CDP version 105, so returning the closest version found: 104
sep. 26, 2022 10:08:27 A. M. org.openqa.selenium.devtools.CdpVersionFinder findNearestMatch
INFO: Found CDP implementation for version 105 of 104
Starting ChromeDriver 105.0.5195.52 (412c95e518836d8a7d97250d62b29c2ae6a26a85-refs/branch-heads/5195@{#853}) on port 54913
Only local connections are allowed.
Please see https://chromedriver.chromium.org/security-considerations for suggestions on keeping ChromeDriver safe.
ChromeDriver was started successfully.
sep. 26, 2022 10:08:30 A. M. org.openqa.selenium.remote.ProtocolHandshake createSession
INFO: Detected upstream dialect: W3C
sep. 26, 2022 10:08:30 A. M. org.openqa.selenium.devtools.CdpVersionFinder findNearestMatch
WARNING: Unable to find an exact match for CDP version 105, so returning the closest version found: 104
sep. 26, 2022 10:08:30 A. M. org.openqa.selenium.devtools.CdpVersionFinder findNearestMatch
INFO: Found CDP implementation for version 105 of 104
Starting ChromeDriver 105.0.5195.52 (412c95e518836d8a7d97250d62b29c2ae6a26a85-refs/branch-heads/5195@{#853}) on port 63360
Only local connections are allowed.
Please see https://chromedriver.chromium.org/security-considerations for suggestions on keeping ChromeDriver safe.
ChromeDriver was started successfully.
sep. 26, 2022 10:08:37 A. M. org.openqa.selenium.remote.ProtocolHandshake createSession
INFO: Detected upstream dialect: W3C
sep. 26, 2022 10:08:37 A. M. org.openqa.selenium.devtools.CdpVersionFinder findNearestMatch
WARNING: Unable to find an exact match for CDP version 105, so returning the closest version found: 104
sep. 26, 2022 10:08:37 A. M. org.openqa.selenium.devtools.CdpVersionFinder findNearestMatch
INFO: Found CDP implementation for version 105 of 104
Starting ChromeDriver 105.0.5195.52 (412c95e518836d8a7d97250d62b29c2ae6a26a85-refs/branch-heads/5195@{#853}) on port 59683
Only local connections are allowed.
Please see https://chromedriver.chromium.org/security-considerations for suggestions on keeping ChromeDriver safe.
ChromeDriver was started successfully.
sep. 26, 2022 10:08:39 A. M. org.openqa.selenium.remote.ProtocolHandshake createSession
INFO: Detected upstream dialect: W3C
sep. 26, 2022 10:08:39 A. M. org.openqa.selenium.devtools.CdpVersionFinder findNearestMatch
WARNING: Unable to find an exact match for CDP version 105, so returning the closest version found: 104
sep. 26, 2022 10:08:39 A. M. org.openqa.selenium.devtools.CdpVersionFinder findNearestMatch
INFO: Found CDP implementation for version 105 of 104
Starting ChromeDriver 105.0.5195.52 (412c95e518836d8a7d97250d62b29c2ae6a26a85-refs/branch-heads/5195@{#853}) on port 59398
Only local connections are allowed.
Please see https://chromedriver.chromium.org/security-considerations for suggestions on keeping ChromeDriver safe.
ChromeDriver was started successfully.
sep. 26, 2022 10:08:42 A. M. org.openqa.selenium.remote.ProtocolHandshake createSession
INFO: Detected upstream dialect: W3C
sep. 26, 2022 10:08:42 A. M. org.openqa.selenium.devtools.CdpVersionFinder findNearestMatch
WARNING: Unable to find an exact match for CDP version 105, so returning the closest version found: 104
sep. 26, 2022 10:08:42 A. M. org.openqa.selenium.devtools.CdpVersionFinder findNearestMatch
INFO: Found CDP implementation for version 105 of 104
Starting ChromeDriver 105.0.5195.52 (412c95e518836d8a7d97250d62b29c2ae6a26a85-refs/branch-heads/5195@{#853}) on port 59927
Only local connections are allowed.
Please see https://chromedriver.chromium.org/security-considerations for suggestions on keeping ChromeDriver safe.
ChromeDriver was started successfully.
sep. 26, 2022 10:08:44 A. M. org.openqa.selenium.remote.ProtocolHandshake createSession
INFO: Detected upstream dialect: W3C
sep. 26, 2022 10:08:44 A. M. org.openqa.selenium.devtools.CdpVersionFinder findNearestMatch
WARNING: Unable to find an exact match for CDP version 105, so returning the closest version found: 104
sep. 26, 2022 10:08:44 A. M. org.openqa.selenium.devtools.CdpVersionFinder findNearestMatch
INFO: Found CDP implementation for version 105 of 104
Starting ChromeDriver 105.0.5195.52 (412c95e518836d8a7d97250d62b29c2ae6a26a85-refs/branch-heads/5195@{#853}) on port 53165
Only local connections are allowed.
Please see https://chromedriver.chromium.org/security-considerations for suggestions on keeping ChromeDriver safe.
ChromeDriver was started successfully.
sep. 26, 2022 10:08:46 A. M. org.openqa.selenium.remote.ProtocolHandshake createSession
INFO: Detected upstream dialect: W3C
sep. 26, 2022 10:08:46 A. M. org.openqa.selenium.devtools.CdpVersionFinder findNearestMatch
WARNING: Unable to find an exact match for CDP version 105, so returning the closest version found: 104
sep. 26, 2022 10:08:46 A. M. org.openqa.selenium.devtools.CdpVersionFinder findNearestMatch
INFO: Found CDP implementation for version 105 of 104
]]></system-err>
</testsuite>
