<?xml version="1.0" encoding="UTF-8"?>
<testsuite name="Buscar Productos" tests="4" skipped="0" failures="0" errors="0" timestamp="2022-09-26T15:08:55" hostname="PSOFKA01134" time="12.337">
  <properties/>
  <testcase name="Ordenar Productos Alfabeticamente de la A a la Z" classname="Buscar Productos" time="3.136"/>
  <testcase name="Ordenar Productos Alfabeticamente de la Z a la A" classname="Buscar Productos" time="3.029"/>
  <testcase name="Ordenar Productos por costos de menor a mayor valor" classname="Buscar Productos" time="3.047"/>
  <testcase name="Ordenar Productos por costos de mayor a menor" classname="Buscar Productos" time="3.125"/>
  <system-out><![CDATA[
Escenario: Ordenar Productos Alfabeticamente de la A a la Z                        ?[90m# src/test/resources/features/search.feature:7?[0m
10:08:55.940 [Test worker] INFO io.cucumber.core.plugin.SerenityReporter - Running feature from file:///C:/Users/juan.gomezv/IdeaProjects/sura/src/test/resources/features/search.feature
10:08:55.942 [Test worker] INFO  - 
  _____   ___   ___   _____     ___   _____     _     ___   _____   ___   ___  
 |_   _| | __| / __| |_   _|   / __| |_   _|   /_\   | _ \ |_   _| | __| |   \ 
   | |   | _|  \__ \   | |     \__ \   | |    / _ \  |   /   | |   | _|  | |) |
   |_|   |___| |___/   |_|     |___/   |_|   /_/ \_\ |_|_\   |_|   |___| |___/ 

Ordenar Productos Alfabeticamente de la A a la Z(buscar-productos;ordenar-productos-alfabeticamente-de-la-a-a-la-z)
--------------------------------------------------------------------------------
10:08:55.951 [Test worker] DEBUG net.thucydides.core.steps.StepInterceptor - STARTING STEP: SharedBackgroundSteps.ingresaConUnaCuentaValidaASwaglabs - {0} abre la aplicaciÃ³n
10:08:55.952 [Test worker] DEBUG net.thucydides.core.steps.StepInterceptor - STARTING STEP: NavigateTo.performAs - {0} opens the #targetPageName
10:08:56.000 [Test worker] INFO net.serenitybdd.core.webdriver.driverproviders.ChromeDriverProvider - Starting Chrome driver instance with capabilities:
10:08:56.001 [Test worker] INFO net.serenitybdd.core.webdriver.driverproviders.ChromeDriverProvider - Capabilities {acceptInsecureCerts: false, browserName: chrome, goog:chromeOptions: {args: [], extensions: []}}
10:08:56.014 [AsyncHttpClient-1-1] DEBUG org.asynchttpclient.netty.channel.DefaultChannelPool - Entry count for : http://localhost:61640 : 1
10:08:56.014 [AsyncHttpClient-1-1] DEBUG org.asynchttpclient.netty.channel.DefaultChannelPool - Entry count for : http://localhost:53766 : 1
10:08:56.014 [AsyncHttpClient-1-1] DEBUG org.asynchttpclient.netty.channel.DefaultChannelPool - Adding Candidate expired Channel [id: 0x0f1ba8dc, L:/127.0.0.1:61646 ! R:localhost/127.0.0.1:61640] isIdleTimeoutExpired=false isRemotelyClosed=true isTtlExpired=false
10:08:56.014 [AsyncHttpClient-1-1] DEBUG org.asynchttpclient.netty.channel.DefaultChannelPool - Closing Idle Channel [id: 0x0f1ba8dc, L:/127.0.0.1:61646 ! R:localhost/127.0.0.1:61640]
10:08:56.014 [AsyncHttpClient-1-1] DEBUG org.asynchttpclient.netty.channel.DefaultChannelPool - Adding Candidate expired Channel [id: 0x7c11f7a9, L:/127.0.0.1:61639 ! R:localhost/127.0.0.1:53766] isIdleTimeoutExpired=false isRemotelyClosed=true isTtlExpired=false
10:08:56.014 [AsyncHttpClient-1-1] DEBUG org.asynchttpclient.netty.channel.DefaultChannelPool - Closing Idle Channel [id: 0x7c11f7a9, L:/127.0.0.1:61639 ! R:localhost/127.0.0.1:53766]
10:08:56.014 [AsyncHttpClient-1-1] DEBUG org.asynchttpclient.netty.channel.DefaultChannelPool - Closed 2 connections out of 2 in 0 ms
10:08:56.052 [AsyncHttpClient-1-16] DEBUG org.asynchttpclient.netty.channel.NettyConnectListener - Using new Channel '[id: 0x046e9216, L:/127.0.0.1:61664 - R:localhost/127.0.0.1:58961]' for 'POST' to '/session'
10:08:56.579 [AsyncHttpClient-1-16] DEBUG org.asynchttpclient.netty.handler.HttpHandler - 

Request DefaultHttpRequest(decodeResult: success, version: HTTP/1.1)
POST /session HTTP/1.1
User-Agent: selenium/4.4.0 (java windows)
Content-Length: 437
Content-Type: application/json; charset=utf-8
host: localhost:58961
accept: */*

Response DefaultHttpResponse(decodeResult: success, version: HTTP/1.1)
HTTP/1.1 200 OK
Content-Type: application/json; charset=utf-8
cache-control: no-cache
content-length: 796

10:08:56.579 [AsyncHttpClient-1-16] DEBUG org.asynchttpclient.netty.channel.ChannelManager - Adding key: http://localhost:58961 for channel [id: 0x046e9216, L:/127.0.0.1:61664 - R:localhost/127.0.0.1:58961]
10:08:56.582 [AsyncHttpClient-1-17] DEBUG org.asynchttpclient.netty.channel.NettyConnectListener - Using new Channel '[id: 0x1f890daf, L:/127.0.0.1:61671 - R:localhost/127.0.0.1:61665]' for 'GET' to '/json/version'
10:08:56.582 [AsyncHttpClient-1-17] DEBUG org.asynchttpclient.netty.handler.HttpHandler - 

Request DefaultFullHttpRequest(decodeResult: success, version: HTTP/1.1, content: EmptyByteBufBE)
GET /json/version HTTP/1.1
User-Agent: selenium/4.4.0 (java windows)
host: localhost:61665
accept: */*

Response DefaultHttpResponse(decodeResult: success, version: HTTP/1.1)
HTTP/1.1 200 OK
Content-Type: application/json; charset=UTF-8
content-length: 423

10:08:56.582 [AsyncHttpClient-1-17] DEBUG org.asynchttpclient.netty.channel.ChannelManager - Adding key: http://localhost:61665 for channel [id: 0x1f890daf, L:/127.0.0.1:61671 - R:localhost/127.0.0.1:61665]
10:08:56.584 [AsyncHttpClient-1-2] DEBUG org.asynchttpclient.netty.channel.NettyConnectListener - Using new Channel '[id: 0x9e977ebe, L:/127.0.0.1:61672 - R:localhost/127.0.0.1:61665]' for 'GET' to '/devtools/browser/1326c459-2df9-4fef-a598-4d4cdcce0367'
10:08:56.584 [AsyncHttpClient-1-2] DEBUG org.asynchttpclient.netty.handler.WebSocketHandler - 

Request DefaultFullHttpRequest(decodeResult: success, version: HTTP/1.1, content: EmptyByteBufBE)
GET /devtools/browser/1326c459-2df9-4fef-a598-4d4cdcce0367 HTTP/1.1
upgrade: websocket
connection: upgrade
sec-websocket-key: aphCIe14+GUlE9jk88C6Vw==
sec-websocket-version: 13
origin: http://localhost:61665
host: localhost:61665
accept: */*
user-agent: AHC/2.1

Response DefaultHttpResponse(decodeResult: success, version: HTTP/1.1)
HTTP/1.1 101 WebSocket Protocol Handshake
Upgrade: WebSocket
Connection: Upgrade
Sec-WebSocket-Accept: RNrV2nJlg8wABAMmH5nULyDNZDk=

10:08:56.586 [Forwarding get on session f605bb7895b15f8641fdaf23823295db to remote] DEBUG org.asynchttpclient.netty.request.NettyRequestSender - Using pooled Channel '[id: 0x046e9216, L:/127.0.0.1:61664 - R:localhost/127.0.0.1:58961]' for 'POST' to 'http://localhost:58961/session/f605bb7895b15f8641fdaf23823295db/url'
10:08:56.586 [Forwarding get on session f605bb7895b15f8641fdaf23823295db to remote] DEBUG org.asynchttpclient.netty.request.NettyRequestSender - Using open Channel [id: 0x046e9216, L:/127.0.0.1:61664 - R:localhost/127.0.0.1:58961] for POST '/session/f605bb7895b15f8641fdaf23823295db/url'
10:08:56.897 [AsyncHttpClient-1-16] DEBUG org.asynchttpclient.netty.handler.HttpHandler - 

Request DefaultHttpRequest(decodeResult: success, version: HTTP/1.1)
POST /session/f605bb7895b15f8641fdaf23823295db/url HTTP/1.1
User-Agent: selenium/4.4.0 (java windows)
Content-Length: 40
Content-Type: application/json; charset=utf-8
host: localhost:58961
accept: */*

Response DefaultHttpResponse(decodeResult: success, version: HTTP/1.1)
HTTP/1.1 200 OK
Content-Type: application/json; charset=utf-8
cache-control: no-cache
content-length: 14

10:08:56.897 [AsyncHttpClient-1-16] DEBUG org.asynchttpclient.netty.channel.ChannelManager - Adding key: http://localhost:58961 for channel [id: 0x046e9216, L:/127.0.0.1:61664 - R:localhost/127.0.0.1:58961]
10:08:56.898 [Forwarding setTimeout on session f605bb7895b15f8641fdaf23823295db to remote] DEBUG org.asynchttpclient.netty.request.NettyRequestSender - Using pooled Channel '[id: 0x046e9216, L:/127.0.0.1:61664 - R:localhost/127.0.0.1:58961]' for 'POST' to 'http://localhost:58961/session/f605bb7895b15f8641fdaf23823295db/timeouts'
10:08:56.898 [Forwarding setTimeout on session f605bb7895b15f8641fdaf23823295db to remote] DEBUG org.asynchttpclient.netty.request.NettyRequestSender - Using open Channel [id: 0x046e9216, L:/127.0.0.1:61664 - R:localhost/127.0.0.1:58961] for POST '/session/f605bb7895b15f8641fdaf23823295db/timeouts'
10:08:56.899 [AsyncHttpClient-1-16] DEBUG org.asynchttpclient.netty.handler.HttpHandler - 

Request DefaultHttpRequest(decodeResult: success, version: HTTP/1.1)
POST /session/f605bb7895b15f8641fdaf23823295db/timeouts HTTP/1.1
User-Agent: selenium/4.4.0 (java windows)
Content-Length: 22
Content-Type: application/json; charset=utf-8
host: localhost:58961
accept: */*

Response DefaultHttpResponse(decodeResult: success, version: HTTP/1.1)
HTTP/1.1 200 OK
Content-Type: application/json; charset=utf-8
cache-control: no-cache
content-length: 14

10:08:56.899 [AsyncHttpClient-1-16] DEBUG org.asynchttpclient.netty.channel.ChannelManager - Adding key: http://localhost:58961 for channel [id: 0x046e9216, L:/127.0.0.1:61664 - R:localhost/127.0.0.1:58961]
10:08:56.910 [Forwarding getCurrentUrl on session f605bb7895b15f8641fdaf23823295db to remote] DEBUG org.asynchttpclient.netty.request.NettyRequestSender - Using pooled Channel '[id: 0x046e9216, L:/127.0.0.1:61664 - R:localhost/127.0.0.1:58961]' for 'GET' to 'http://localhost:58961/session/f605bb7895b15f8641fdaf23823295db/url'
10:08:56.910 [Forwarding getCurrentUrl on session f605bb7895b15f8641fdaf23823295db to remote] DEBUG org.asynchttpclient.netty.request.NettyRequestSender - Using open Channel [id: 0x046e9216, L:/127.0.0.1:61664 - R:localhost/127.0.0.1:58961] for GET '/session/f605bb7895b15f8641fdaf23823295db/url'
10:08:56.915 [AsyncHttpClient-1-16] DEBUG org.asynchttpclient.netty.handler.HttpHandler - 

Request DefaultFullHttpRequest(decodeResult: success, version: HTTP/1.1, content: EmptyByteBufBE)
GET /session/f605bb7895b15f8641fdaf23823295db/url HTTP/1.1
User-Agent: selenium/4.4.0 (java windows)
Cache-Control: no-cache
Content-Type: application/json; charset=utf-8
host: localhost:58961
accept: */*

Response DefaultHttpResponse(decodeResult: success, version: HTTP/1.1)
HTTP/1.1 200 OK
Content-Type: application/json; charset=utf-8
cache-control: no-cache
content-length: 38

10:08:56.915 [AsyncHttpClient-1-16] DEBUG org.asynchttpclient.netty.channel.ChannelManager - Adding key: http://localhost:58961 for channel [id: 0x046e9216, L:/127.0.0.1:61664 - R:localhost/127.0.0.1:58961]
10:08:56.925 [Forwarding getCurrentUrl on session f605bb7895b15f8641fdaf23823295db to remote] DEBUG org.asynchttpclient.netty.request.NettyRequestSender - Using pooled Channel '[id: 0x046e9216, L:/127.0.0.1:61664 - R:localhost/127.0.0.1:58961]' for 'GET' to 'http://localhost:58961/session/f605bb7895b15f8641fdaf23823295db/url'
10:08:56.925 [Forwarding getCurrentUrl on session f605bb7895b15f8641fdaf23823295db to remote] DEBUG org.asynchttpclient.netty.request.NettyRequestSender - Using open Channel [id: 0x046e9216, L:/127.0.0.1:61664 - R:localhost/127.0.0.1:58961] for GET '/session/f605bb7895b15f8641fdaf23823295db/url'
10:08:56.927 [AsyncHttpClient-1-16] DEBUG org.asynchttpclient.netty.handler.HttpHandler - 

Request DefaultFullHttpRequest(decodeResult: success, version: HTTP/1.1, content: EmptyByteBufBE)
GET /session/f605bb7895b15f8641fdaf23823295db/url HTTP/1.1
User-Agent: selenium/4.4.0 (java windows)
Cache-Control: no-cache
Content-Type: application/json; charset=utf-8
host: localhost:58961
accept: */*

Response DefaultHttpResponse(decodeResult: success, version: HTTP/1.1)
HTTP/1.1 200 OK
Content-Type: application/json; charset=utf-8
cache-control: no-cache
content-length: 38

10:08:56.928 [AsyncHttpClient-1-16] DEBUG org.asynchttpclient.netty.channel.ChannelManager - Adding key: http://localhost:58961 for channel [id: 0x046e9216, L:/127.0.0.1:61664 - R:localhost/127.0.0.1:58961]
10:08:56.934 [Test worker] DEBUG net.serenitybdd.core.photography.Darkroom - Opening darkroom
10:08:56.934 [Darkroom Processing Line] DEBUG net.serenitybdd.core.photography.DarkroomProcessingLine - Darkroom processing line starting up
10:08:56.940 [Forwarding getCurrentWindowHandle on session f605bb7895b15f8641fdaf23823295db to remote] DEBUG org.asynchttpclient.netty.request.NettyRequestSender - Using pooled Channel '[id: 0x046e9216, L:/127.0.0.1:61664 - R:localhost/127.0.0.1:58961]' for 'GET' to 'http://localhost:58961/session/f605bb7895b15f8641fdaf23823295db/window'
10:08:56.941 [Forwarding getCurrentWindowHandle on session f605bb7895b15f8641fdaf23823295db to remote] DEBUG org.asynchttpclient.netty.request.NettyRequestSender - Using open Channel [id: 0x046e9216, L:/127.0.0.1:61664 - R:localhost/127.0.0.1:58961] for GET '/session/f605bb7895b15f8641fdaf23823295db/window'
10:08:56.941 [AsyncHttpClient-1-16] DEBUG org.asynchttpclient.netty.handler.HttpHandler - 

Request DefaultFullHttpRequest(decodeResult: success, version: HTTP/1.1, content: EmptyByteBufBE)
GET /session/f605bb7895b15f8641fdaf23823295db/window HTTP/1.1
User-Agent: selenium/4.4.0 (java windows)
Cache-Control: no-cache
Content-Type: application/json; charset=utf-8
host: localhost:58961
accept: */*

Response DefaultHttpResponse(decodeResult: success, version: HTTP/1.1)
HTTP/1.1 200 OK
Content-Type: application/json; charset=utf-8
cache-control: no-cache
content-length: 53

10:08:56.941 [AsyncHttpClient-1-16] DEBUG org.asynchttpclient.netty.channel.ChannelManager - Adding key: http://localhost:58961 for channel [id: 0x046e9216, L:/127.0.0.1:61664 - R:localhost/127.0.0.1:58961]
10:08:56.945 [Forwarding getAlertText on session f605bb7895b15f8641fdaf23823295db to remote] DEBUG org.asynchttpclient.netty.request.NettyRequestSender - Using pooled Channel '[id: 0x046e9216, L:/127.0.0.1:61664 - R:localhost/127.0.0.1:58961]' for 'GET' to 'http://localhost:58961/session/f605bb7895b15f8641fdaf23823295db/alert/text'
10:08:56.945 [Forwarding getAlertText on session f605bb7895b15f8641fdaf23823295db to remote] DEBUG org.asynchttpclient.netty.request.NettyRequestSender - Using open Channel [id: 0x046e9216, L:/127.0.0.1:61664 - R:localhost/127.0.0.1:58961] for GET '/session/f605bb7895b15f8641fdaf23823295db/alert/text'
10:08:56.947 [AsyncHttpClient-1-16] DEBUG org.asynchttpclient.netty.handler.HttpHandler - 

Request DefaultFullHttpRequest(decodeResult: success, version: HTTP/1.1, content: EmptyByteBufBE)
GET /session/f605bb7895b15f8641fdaf23823295db/alert/text HTTP/1.1
User-Agent: selenium/4.4.0 (java windows)
Cache-Control: no-cache
Content-Type: application/json; charset=utf-8
host: localhost:58961
accept: */*

Response DefaultHttpResponse(decodeResult: success, version: HTTP/1.1)
HTTP/1.1 404 Not Found
Content-Type: application/json; charset=utf-8
cache-control: no-cache
content-length: 879

10:08:56.947 [AsyncHttpClient-1-16] DEBUG org.asynchttpclient.netty.channel.ChannelManager - Adding key: http://localhost:58961 for channel [id: 0x046e9216, L:/127.0.0.1:61664 - R:localhost/127.0.0.1:58961]
10:08:56.952 [Forwarding switchToWindow on session f605bb7895b15f8641fdaf23823295db to remote] DEBUG org.asynchttpclient.netty.request.NettyRequestSender - Using pooled Channel '[id: 0x046e9216, L:/127.0.0.1:61664 - R:localhost/127.0.0.1:58961]' for 'POST' to 'http://localhost:58961/session/f605bb7895b15f8641fdaf23823295db/window'
10:08:56.952 [Forwarding switchToWindow on session f605bb7895b15f8641fdaf23823295db to remote] DEBUG org.asynchttpclient.netty.request.NettyRequestSender - Using open Channel [id: 0x046e9216, L:/127.0.0.1:61664 - R:localhost/127.0.0.1:58961] for POST '/session/f605bb7895b15f8641fdaf23823295db/window'
10:08:56.970 [AsyncHttpClient-1-16] DEBUG org.asynchttpclient.netty.handler.HttpHandler - 

Request DefaultHttpRequest(decodeResult: success, version: HTTP/1.1)
POST /session/f605bb7895b15f8641fdaf23823295db/window HTTP/1.1
User-Agent: selenium/4.4.0 (java windows)
Content-Length: 59
Content-Type: application/json; charset=utf-8
host: localhost:58961
accept: */*

Response DefaultHttpResponse(decodeResult: success, version: HTTP/1.1)
HTTP/1.1 200 OK
Content-Type: application/json; charset=utf-8
cache-control: no-cache
content-length: 14

10:08:56.971 [AsyncHttpClient-1-16] DEBUG org.asynchttpclient.netty.channel.ChannelManager - Adding key: http://localhost:58961 for channel [id: 0x046e9216, L:/127.0.0.1:61664 - R:localhost/127.0.0.1:58961]
10:08:56.971 [Forwarding getCurrentUrl on session f605bb7895b15f8641fdaf23823295db to remote] DEBUG org.asynchttpclient.netty.request.NettyRequestSender - Using pooled Channel '[id: 0x046e9216, L:/127.0.0.1:61664 - R:localhost/127.0.0.1:58961]' for 'GET' to 'http://localhost:58961/session/f605bb7895b15f8641fdaf23823295db/url'
10:08:56.971 [Forwarding getCurrentUrl on session f605bb7895b15f8641fdaf23823295db to remote] DEBUG org.asynchttpclient.netty.request.NettyRequestSender - Using open Channel [id: 0x046e9216, L:/127.0.0.1:61664 - R:localhost/127.0.0.1:58961] for GET '/session/f605bb7895b15f8641fdaf23823295db/url'
10:08:56.975 [AsyncHttpClient-1-16] DEBUG org.asynchttpclient.netty.handler.HttpHandler - 

Request DefaultFullHttpRequest(decodeResult: success, version: HTTP/1.1, content: EmptyByteBufBE)
GET /session/f605bb7895b15f8641fdaf23823295db/url HTTP/1.1
User-Agent: selenium/4.4.0 (java windows)
Cache-Control: no-cache
Content-Type: application/json; charset=utf-8
host: localhost:58961
accept: */*

Response DefaultHttpResponse(decodeResult: success, version: HTTP/1.1)
HTTP/1.1 200 OK
Content-Type: application/json; charset=utf-8
cache-control: no-cache
content-length: 38

10:08:56.975 [AsyncHttpClient-1-16] DEBUG org.asynchttpclient.netty.channel.ChannelManager - Adding key: http://localhost:58961 for channel [id: 0x046e9216, L:/127.0.0.1:61664 - R:localhost/127.0.0.1:58961]
10:08:56.976 [Forwarding screenshot on session f605bb7895b15f8641fdaf23823295db to remote] DEBUG org.asynchttpclient.netty.request.NettyRequestSender - Using pooled Channel '[id: 0x046e9216, L:/127.0.0.1:61664 - R:localhost/127.0.0.1:58961]' for 'GET' to 'http://localhost:58961/session/f605bb7895b15f8641fdaf23823295db/screenshot'
10:08:56.976 [Forwarding screenshot on session f605bb7895b15f8641fdaf23823295db to remote] DEBUG org.asynchttpclient.netty.request.NettyRequestSender - Using open Channel [id: 0x046e9216, L:/127.0.0.1:61664 - R:localhost/127.0.0.1:58961] for GET '/session/f605bb7895b15f8641fdaf23823295db/screenshot'
10:08:57.059 [AsyncHttpClient-1-16] DEBUG org.asynchttpclient.netty.handler.HttpHandler - 

Request DefaultFullHttpRequest(decodeResult: success, version: HTTP/1.1, content: EmptyByteBufBE)
GET /session/f605bb7895b15f8641fdaf23823295db/screenshot HTTP/1.1
User-Agent: selenium/4.4.0 (java windows)
Cache-Control: no-cache
Content-Type: application/json; charset=utf-8
host: localhost:58961
accept: */*

Response DefaultHttpResponse(decodeResult: success, version: HTTP/1.1)
HTTP/1.1 200 OK
Content-Type: application/json; charset=utf-8
cache-control: no-cache
content-length: 59108

10:08:57.059 [AsyncHttpClient-1-16] DEBUG org.asynchttpclient.netty.channel.ChannelManager - Adding key: http://localhost:58961 for channel [id: 0x046e9216, L:/127.0.0.1:61664 - R:localhost/127.0.0.1:58961]
10:08:57.061 [Test worker] DEBUG net.serenitybdd.core.photography.Darkroom - Send negative for processing for C:\Users\juan.gomezv\IdeaProjects\sura\target\site\serenity\60e3c498caf7a8fcf635471a5092c247627e1395d91e12246eaf1a3e7a34e095.png
10:08:57.061 [Test worker] DEBUG net.thucydides.core.steps.StepInterceptor - STEP DONE: {0} opens the #targetPageName
10:08:57.075 [Test worker] DEBUG net.thucydides.core.steps.StepInterceptor - STEP DONE: {0} abre la aplicaciÃ³n
10:08:57.085 [Forwarding getPageSource on session f605bb7895b15f8641fdaf23823295db to remote] DEBUG org.asynchttpclient.netty.request.NettyRequestSender - Using pooled Channel '[id: 0x046e9216, L:/127.0.0.1:61664 - R:localhost/127.0.0.1:58961]' for 'POST' to 'http://localhost:58961/session/f605bb7895b15f8641fdaf23823295db/execute/sync'
10:08:57.085 [Forwarding getPageSource on session f605bb7895b15f8641fdaf23823295db to remote] DEBUG org.asynchttpclient.netty.request.NettyRequestSender - Using open Channel [id: 0x046e9216, L:/127.0.0.1:61664 - R:localhost/127.0.0.1:58961] for POST '/session/f605bb7895b15f8641fdaf23823295db/execute/sync'
10:08:57.090 [AsyncHttpClient-1-16] DEBUG org.asynchttpclient.netty.handler.HttpHandler - 

Request DefaultHttpRequest(decodeResult: success, version: HTTP/1.1)
POST /session/f605bb7895b15f8641fdaf23823295db/execute/sync HTTP/1.1
User-Agent: selenium/4.4.0 (java windows)
Content-Length: 176
Content-Type: application/json; charset=utf-8
host: localhost:58961
accept: */*

Response DefaultHttpResponse(decodeResult: success, version: HTTP/1.1)
HTTP/1.1 200 OK
Content-Type: application/json; charset=utf-8
cache-control: no-cache
content-length: 4160

10:08:57.090 [AsyncHttpClient-1-16] DEBUG org.asynchttpclient.netty.channel.ChannelManager - Adding key: http://localhost:58961 for channel [id: 0x046e9216, L:/127.0.0.1:61664 - R:localhost/127.0.0.1:58961]
10:08:57.091 [Forwarding getCurrentUrl on session f605bb7895b15f8641fdaf23823295db to remote] DEBUG org.asynchttpclient.netty.request.NettyRequestSender - Using pooled Channel '[id: 0x046e9216, L:/127.0.0.1:61664 - R:localhost/127.0.0.1:58961]' for 'GET' to 'http://localhost:58961/session/f605bb7895b15f8641fdaf23823295db/url'
10:08:57.091 [Forwarding getCurrentUrl on session f605bb7895b15f8641fdaf23823295db to remote] DEBUG org.asynchttpclient.netty.request.NettyRequestSender - Using open Channel [id: 0x046e9216, L:/127.0.0.1:61664 - R:localhost/127.0.0.1:58961] for GET '/session/f605bb7895b15f8641fdaf23823295db/url'
10:08:57.094 [AsyncHttpClient-1-16] DEBUG org.asynchttpclient.netty.handler.HttpHandler - 

Request DefaultFullHttpRequest(decodeResult: success, version: HTTP/1.1, content: EmptyByteBufBE)
GET /session/f605bb7895b15f8641fdaf23823295db/url HTTP/1.1
User-Agent: selenium/4.4.0 (java windows)
Cache-Control: no-cache
Content-Type: application/json; charset=utf-8
host: localhost:58961
accept: */*

Response DefaultHttpResponse(decodeResult: success, version: HTTP/1.1)
HTTP/1.1 200 OK
Content-Type: application/json; charset=utf-8
cache-control: no-cache
content-length: 38

10:08:57.094 [AsyncHttpClient-1-16] DEBUG org.asynchttpclient.netty.channel.ChannelManager - Adding key: http://localhost:58961 for channel [id: 0x046e9216, L:/127.0.0.1:61664 - R:localhost/127.0.0.1:58961]
10:08:57.096 [Test worker] DEBUG net.thucydides.core.steps.StepInterceptor - STARTING STEP: SharedBackgroundSteps.ingresaConUnaCuentaValidaASwaglabs - performAs
10:08:57.105 [AsyncHttpClient-1-1] DEBUG org.asynchttpclient.netty.channel.DefaultChannelPool - Entry count for : http://localhost:58961 : 1
10:08:57.105 [AsyncHttpClient-1-1] DEBUG org.asynchttpclient.netty.channel.DefaultChannelPool - Entry count for : http://localhost:61665 : 1
10:08:57.113 [Forwarding getPageSource on session f605bb7895b15f8641fdaf23823295db to remote] DEBUG org.asynchttpclient.netty.request.NettyRequestSender - Using pooled Channel '[id: 0x046e9216, L:/127.0.0.1:61664 - R:localhost/127.0.0.1:58961]' for 'POST' to 'http://localhost:58961/session/f605bb7895b15f8641fdaf23823295db/execute/sync'
10:08:57.113 [Forwarding getPageSource on session f605bb7895b15f8641fdaf23823295db to remote] DEBUG org.asynchttpclient.netty.request.NettyRequestSender - Using open Channel [id: 0x046e9216, L:/127.0.0.1:61664 - R:localhost/127.0.0.1:58961] for POST '/session/f605bb7895b15f8641fdaf23823295db/execute/sync'
10:08:57.117 [AsyncHttpClient-1-16] DEBUG org.asynchttpclient.netty.handler.HttpHandler - 

Request DefaultHttpRequest(decodeResult: success, version: HTTP/1.1)
POST /session/f605bb7895b15f8641fdaf23823295db/execute/sync HTTP/1.1
User-Agent: selenium/4.4.0 (java windows)
Content-Length: 176
Content-Type: application/json; charset=utf-8
host: localhost:58961
accept: */*

Response DefaultHttpResponse(decodeResult: success, version: HTTP/1.1)
HTTP/1.1 200 OK
Content-Type: application/json; charset=utf-8
cache-control: no-cache
content-length: 4160

10:08:57.117 [AsyncHttpClient-1-16] DEBUG org.asynchttpclient.netty.channel.ChannelManager - Adding key: http://localhost:58961 for channel [id: 0x046e9216, L:/127.0.0.1:61664 - R:localhost/127.0.0.1:58961]
10:08:57.118 [Forwarding getCurrentUrl on session f605bb7895b15f8641fdaf23823295db to remote] DEBUG org.asynchttpclient.netty.request.NettyRequestSender - Using pooled Channel '[id: 0x046e9216, L:/127.0.0.1:61664 - R:localhost/127.0.0.1:58961]' for 'GET' to 'http://localhost:58961/session/f605bb7895b15f8641fdaf23823295db/url'
10:08:57.118 [Forwarding getCurrentUrl on session f605bb7895b15f8641fdaf23823295db to remote] DEBUG org.asynchttpclient.netty.request.NettyRequestSender - Using open Channel [id: 0x046e9216, L:/127.0.0.1:61664 - R:localhost/127.0.0.1:58961] for GET '/session/f605bb7895b15f8641fdaf23823295db/url'
10:08:57.121 [AsyncHttpClient-1-16] DEBUG org.asynchttpclient.netty.handler.HttpHandler - 

Request DefaultFullHttpRequest(decodeResult: success, version: HTTP/1.1, content: EmptyByteBufBE)
GET /session/f605bb7895b15f8641fdaf23823295db/url HTTP/1.1
User-Agent: selenium/4.4.0 (java windows)
Cache-Control: no-cache
Content-Type: application/json; charset=utf-8
host: localhost:58961
accept: */*

Response DefaultHttpResponse(decodeResult: success, version: HTTP/1.1)
HTTP/1.1 200 OK
Content-Type: application/json; charset=utf-8
cache-control: no-cache
content-length: 38

10:08:57.121 [AsyncHttpClient-1-16] DEBUG org.asynchttpclient.netty.channel.ChannelManager - Adding key: http://localhost:58961 for channel [id: 0x046e9216, L:/127.0.0.1:61664 - R:localhost/127.0.0.1:58961]
10:08:57.124 [Test worker] DEBUG net.thucydides.core.steps.StepInterceptor - STARTING STEP: LogIn.performAs - {0} enters #theTextAsAString into #target
10:08:57.127 [Test worker] DEBUG net.serenitybdd.screenplay.targets.IFrameSwitcher - default content already selected for UsernameTextBox
10:08:57.144 [Forwarding findElement on session f605bb7895b15f8641fdaf23823295db to remote] DEBUG org.asynchttpclient.netty.request.NettyRequestSender - Using pooled Channel '[id: 0x046e9216, L:/127.0.0.1:61664 - R:localhost/127.0.0.1:58961]' for 'POST' to 'http://localhost:58961/session/f605bb7895b15f8641fdaf23823295db/element'
10:08:57.144 [Forwarding findElement on session f605bb7895b15f8641fdaf23823295db to remote] DEBUG org.asynchttpclient.netty.request.NettyRequestSender - Using open Channel [id: 0x046e9216, L:/127.0.0.1:61664 - R:localhost/127.0.0.1:58961] for POST '/session/f605bb7895b15f8641fdaf23823295db/element'
10:08:57.152 [AsyncHttpClient-1-16] DEBUG org.asynchttpclient.netty.handler.HttpHandler - 

Request DefaultHttpRequest(decodeResult: success, version: HTTP/1.1)
POST /session/f605bb7895b15f8641fdaf23823295db/element HTTP/1.1
User-Agent: selenium/4.4.0 (java windows)
Content-Length: 67
Content-Type: application/json; charset=utf-8
host: localhost:58961
accept: */*

Response DefaultHttpResponse(decodeResult: success, version: HTTP/1.1)
HTTP/1.1 200 OK
Content-Type: application/json; charset=utf-8
cache-control: no-cache
content-length: 88

10:08:57.152 [AsyncHttpClient-1-16] DEBUG org.asynchttpclient.netty.channel.ChannelManager - Adding key: http://localhost:58961 for channel [id: 0x046e9216, L:/127.0.0.1:61664 - R:localhost/127.0.0.1:58961]
10:08:57.153 [Forwarding clearElement on session f605bb7895b15f8641fdaf23823295db to remote] DEBUG org.asynchttpclient.netty.request.NettyRequestSender - Using pooled Channel '[id: 0x046e9216, L:/127.0.0.1:61664 - R:localhost/127.0.0.1:58961]' for 'POST' to 'http://localhost:58961/session/f605bb7895b15f8641fdaf23823295db/element/6a1a3ebc-6d16-4ec0-86d1-620226192214/clear'
10:08:57.153 [Forwarding clearElement on session f605bb7895b15f8641fdaf23823295db to remote] DEBUG org.asynchttpclient.netty.request.NettyRequestSender - Using open Channel [id: 0x046e9216, L:/127.0.0.1:61664 - R:localhost/127.0.0.1:58961] for POST '/session/f605bb7895b15f8641fdaf23823295db/element/6a1a3ebc-6d16-4ec0-86d1-620226192214/clear'
10:08:57.175 [AsyncHttpClient-1-16] DEBUG org.asynchttpclient.netty.handler.HttpHandler - 

Request DefaultHttpRequest(decodeResult: success, version: HTTP/1.1)
POST /session/f605bb7895b15f8641fdaf23823295db/element/6a1a3ebc-6d16-4ec0-86d1-620226192214/clear HTTP/1.1
User-Agent: selenium/4.4.0 (java windows)
Content-Length: 50
Content-Type: application/json; charset=utf-8
host: localhost:58961
accept: */*

Response DefaultHttpResponse(decodeResult: success, version: HTTP/1.1)
HTTP/1.1 200 OK
Content-Type: application/json; charset=utf-8
cache-control: no-cache
content-length: 14

10:08:57.175 [AsyncHttpClient-1-16] DEBUG org.asynchttpclient.netty.channel.ChannelManager - Adding key: http://localhost:58961 for channel [id: 0x046e9216, L:/127.0.0.1:61664 - R:localhost/127.0.0.1:58961]
10:08:57.179 [Forwarding sendKeysToElement on session f605bb7895b15f8641fdaf23823295db to remote] DEBUG org.asynchttpclient.netty.request.NettyRequestSender - Using pooled Channel '[id: 0x046e9216, L:/127.0.0.1:61664 - R:localhost/127.0.0.1:58961]' for 'POST' to 'http://localhost:58961/session/f605bb7895b15f8641fdaf23823295db/element/6a1a3ebc-6d16-4ec0-86d1-620226192214/value'
10:08:57.179 [Forwarding sendKeysToElement on session f605bb7895b15f8641fdaf23823295db to remote] DEBUG org.asynchttpclient.netty.request.NettyRequestSender - Using open Channel [id: 0x046e9216, L:/127.0.0.1:61664 - R:localhost/127.0.0.1:58961] for POST '/session/f605bb7895b15f8641fdaf23823295db/element/6a1a3ebc-6d16-4ec0-86d1-620226192214/value'
10:08:57.247 [AsyncHttpClient-1-16] DEBUG org.asynchttpclient.netty.handler.HttpHandler - 

Request DefaultHttpRequest(decodeResult: success, version: HTTP/1.1)
POST /session/f605bb7895b15f8641fdaf23823295db/element/6a1a3ebc-6d16-4ec0-86d1-620226192214/value HTTP/1.1
User-Agent: selenium/4.4.0 (java windows)
Content-Length: 211
Content-Type: application/json; charset=utf-8
host: localhost:58961
accept: */*

Response DefaultHttpResponse(decodeResult: success, version: HTTP/1.1)
HTTP/1.1 200 OK
Content-Type: application/json; charset=utf-8
cache-control: no-cache
content-length: 14

10:08:57.247 [AsyncHttpClient-1-16] DEBUG org.asynchttpclient.netty.channel.ChannelManager - Adding key: http://localhost:58961 for channel [id: 0x046e9216, L:/127.0.0.1:61664 - R:localhost/127.0.0.1:58961]
10:08:57.265 [Forwarding getCurrentWindowHandle on session f605bb7895b15f8641fdaf23823295db to remote] DEBUG org.asynchttpclient.netty.request.NettyRequestSender - Using pooled Channel '[id: 0x046e9216, L:/127.0.0.1:61664 - R:localhost/127.0.0.1:58961]' for 'GET' to 'http://localhost:58961/session/f605bb7895b15f8641fdaf23823295db/window'
10:08:57.265 [Forwarding getCurrentWindowHandle on session f605bb7895b15f8641fdaf23823295db to remote] DEBUG org.asynchttpclient.netty.request.NettyRequestSender - Using open Channel [id: 0x046e9216, L:/127.0.0.1:61664 - R:localhost/127.0.0.1:58961] for GET '/session/f605bb7895b15f8641fdaf23823295db/window'
10:08:57.265 [AsyncHttpClient-1-16] DEBUG org.asynchttpclient.netty.handler.HttpHandler - 

Request DefaultFullHttpRequest(decodeResult: success, version: HTTP/1.1, content: EmptyByteBufBE)
GET /session/f605bb7895b15f8641fdaf23823295db/window HTTP/1.1
User-Agent: selenium/4.4.0 (java windows)
Cache-Control: no-cache
Content-Type: application/json; charset=utf-8
host: localhost:58961
accept: */*

Response DefaultHttpResponse(decodeResult: success, version: HTTP/1.1)
HTTP/1.1 200 OK
Content-Type: application/json; charset=utf-8
cache-control: no-cache
content-length: 53

10:08:57.265 [AsyncHttpClient-1-16] DEBUG org.asynchttpclient.netty.channel.ChannelManager - Adding key: http://localhost:58961 for channel [id: 0x046e9216, L:/127.0.0.1:61664 - R:localhost/127.0.0.1:58961]
10:08:57.268 [Forwarding getAlertText on session f605bb7895b15f8641fdaf23823295db to remote] DEBUG org.asynchttpclient.netty.request.NettyRequestSender - Using pooled Channel '[id: 0x046e9216, L:/127.0.0.1:61664 - R:localhost/127.0.0.1:58961]' for 'GET' to 'http://localhost:58961/session/f605bb7895b15f8641fdaf23823295db/alert/text'
10:08:57.269 [Forwarding getAlertText on session f605bb7895b15f8641fdaf23823295db to remote] DEBUG org.asynchttpclient.netty.request.NettyRequestSender - Using open Channel [id: 0x046e9216, L:/127.0.0.1:61664 - R:localhost/127.0.0.1:58961] for GET '/session/f605bb7895b15f8641fdaf23823295db/alert/text'
10:08:57.270 [AsyncHttpClient-1-16] DEBUG org.asynchttpclient.netty.handler.HttpHandler - 

Request DefaultFullHttpRequest(decodeResult: success, version: HTTP/1.1, content: EmptyByteBufBE)
GET /session/f605bb7895b15f8641fdaf23823295db/alert/text HTTP/1.1
User-Agent: selenium/4.4.0 (java windows)
Cache-Control: no-cache
Content-Type: application/json; charset=utf-8
host: localhost:58961
accept: */*

Response DefaultHttpResponse(decodeResult: success, version: HTTP/1.1)
HTTP/1.1 404 Not Found
Content-Type: application/json; charset=utf-8
cache-control: no-cache
content-length: 879

10:08:57.270 [AsyncHttpClient-1-16] DEBUG org.asynchttpclient.netty.channel.ChannelManager - Adding key: http://localhost:58961 for channel [id: 0x046e9216, L:/127.0.0.1:61664 - R:localhost/127.0.0.1:58961]
10:08:57.275 [Forwarding switchToWindow on session f605bb7895b15f8641fdaf23823295db to remote] DEBUG org.asynchttpclient.netty.request.NettyRequestSender - Using pooled Channel '[id: 0x046e9216, L:/127.0.0.1:61664 - R:localhost/127.0.0.1:58961]' for 'POST' to 'http://localhost:58961/session/f605bb7895b15f8641fdaf23823295db/window'
10:08:57.275 [Forwarding switchToWindow on session f605bb7895b15f8641fdaf23823295db to remote] DEBUG org.asynchttpclient.netty.request.NettyRequestSender - Using open Channel [id: 0x046e9216, L:/127.0.0.1:61664 - R:localhost/127.0.0.1:58961] for POST '/session/f605bb7895b15f8641fdaf23823295db/window'
10:08:57.277 [AsyncHttpClient-1-16] DEBUG org.asynchttpclient.netty.handler.HttpHandler - 

Request DefaultHttpRequest(decodeResult: success, version: HTTP/1.1)
POST /session/f605bb7895b15f8641fdaf23823295db/window HTTP/1.1
User-Agent: selenium/4.4.0 (java windows)
Content-Length: 59
Content-Type: application/json; charset=utf-8
host: localhost:58961
accept: */*

Response DefaultHttpResponse(decodeResult: success, version: HTTP/1.1)
HTTP/1.1 200 OK
Content-Type: application/json; charset=utf-8
cache-control: no-cache
content-length: 14

10:08:57.277 [AsyncHttpClient-1-16] DEBUG org.asynchttpclient.netty.channel.ChannelManager - Adding key: http://localhost:58961 for channel [id: 0x046e9216, L:/127.0.0.1:61664 - R:localhost/127.0.0.1:58961]
10:08:57.278 [Forwarding getCurrentUrl on session f605bb7895b15f8641fdaf23823295db to remote] DEBUG org.asynchttpclient.netty.request.NettyRequestSender - Using pooled Channel '[id: 0x046e9216, L:/127.0.0.1:61664 - R:localhost/127.0.0.1:58961]' for 'GET' to 'http://localhost:58961/session/f605bb7895b15f8641fdaf23823295db/url'
10:08:57.278 [Forwarding getCurrentUrl on session f605bb7895b15f8641fdaf23823295db to remote] DEBUG org.asynchttpclient.netty.request.NettyRequestSender - Using open Channel [id: 0x046e9216, L:/127.0.0.1:61664 - R:localhost/127.0.0.1:58961] for GET '/session/f605bb7895b15f8641fdaf23823295db/url'
10:08:57.280 [AsyncHttpClient-1-16] DEBUG org.asynchttpclient.netty.handler.HttpHandler - 

Request DefaultFullHttpRequest(decodeResult: success, version: HTTP/1.1, content: EmptyByteBufBE)
GET /session/f605bb7895b15f8641fdaf23823295db/url HTTP/1.1
User-Agent: selenium/4.4.0 (java windows)
Cache-Control: no-cache
Content-Type: application/json; charset=utf-8
host: localhost:58961
accept: */*

Response DefaultHttpResponse(decodeResult: success, version: HTTP/1.1)
HTTP/1.1 200 OK
Content-Type: application/json; charset=utf-8
cache-control: no-cache
content-length: 38

10:08:57.280 [AsyncHttpClient-1-16] DEBUG org.asynchttpclient.netty.channel.ChannelManager - Adding key: http://localhost:58961 for channel [id: 0x046e9216, L:/127.0.0.1:61664 - R:localhost/127.0.0.1:58961]
10:08:57.281 [Forwarding screenshot on session f605bb7895b15f8641fdaf23823295db to remote] DEBUG org.asynchttpclient.netty.request.NettyRequestSender - Using pooled Channel '[id: 0x046e9216, L:/127.0.0.1:61664 - R:localhost/127.0.0.1:58961]' for 'GET' to 'http://localhost:58961/session/f605bb7895b15f8641fdaf23823295db/screenshot'
10:08:57.281 [Forwarding screenshot on session f605bb7895b15f8641fdaf23823295db to remote] DEBUG org.asynchttpclient.netty.request.NettyRequestSender - Using open Channel [id: 0x046e9216, L:/127.0.0.1:61664 - R:localhost/127.0.0.1:58961] for GET '/session/f605bb7895b15f8641fdaf23823295db/screenshot'
10:08:57.356 [AsyncHttpClient-1-16] DEBUG org.asynchttpclient.netty.handler.HttpHandler - 

Request DefaultFullHttpRequest(decodeResult: success, version: HTTP/1.1, content: EmptyByteBufBE)
GET /session/f605bb7895b15f8641fdaf23823295db/screenshot HTTP/1.1
User-Agent: selenium/4.4.0 (java windows)
Cache-Control: no-cache
Content-Type: application/json; charset=utf-8
host: localhost:58961
accept: */*

Response DefaultHttpResponse(decodeResult: success, version: HTTP/1.1)
HTTP/1.1 200 OK
Content-Type: application/json; charset=utf-8
cache-control: no-cache
content-length: 59812

10:08:57.357 [AsyncHttpClient-1-16] DEBUG org.asynchttpclient.netty.channel.ChannelManager - Adding key: http://localhost:58961 for channel [id: 0x046e9216, L:/127.0.0.1:61664 - R:localhost/127.0.0.1:58961]
10:08:57.358 [Test worker] DEBUG net.serenitybdd.core.photography.Darkroom - Send negative for processing for C:\Users\juan.gomezv\IdeaProjects\sura\target\site\serenity\cb904724c11cb1c402bbd44fd4c83dd8993b3b1bfb579cc518ee5232028dbf9b.png
10:08:57.358 [Test worker] DEBUG net.thucydides.core.steps.StepInterceptor - STEP DONE: {0} enters #theTextAsAString into #target
10:08:57.365 [Forwarding getPageSource on session f605bb7895b15f8641fdaf23823295db to remote] DEBUG org.asynchttpclient.netty.request.NettyRequestSender - Using pooled Channel '[id: 0x046e9216, L:/127.0.0.1:61664 - R:localhost/127.0.0.1:58961]' for 'POST' to 'http://localhost:58961/session/f605bb7895b15f8641fdaf23823295db/execute/sync'
10:08:57.365 [Forwarding getPageSource on session f605bb7895b15f8641fdaf23823295db to remote] DEBUG org.asynchttpclient.netty.request.NettyRequestSender - Using open Channel [id: 0x046e9216, L:/127.0.0.1:61664 - R:localhost/127.0.0.1:58961] for POST '/session/f605bb7895b15f8641fdaf23823295db/execute/sync'
10:08:57.370 [AsyncHttpClient-1-16] DEBUG org.asynchttpclient.netty.handler.HttpHandler - 

Request DefaultHttpRequest(decodeResult: success, version: HTTP/1.1)
POST /session/f605bb7895b15f8641fdaf23823295db/execute/sync HTTP/1.1
User-Agent: selenium/4.4.0 (java windows)
Content-Length: 176
Content-Type: application/json; charset=utf-8
host: localhost:58961
accept: */*

Response DefaultHttpResponse(decodeResult: success, version: HTTP/1.1)
HTTP/1.1 200 OK
Content-Type: application/json; charset=utf-8
cache-control: no-cache
content-length: 4173

10:08:57.370 [AsyncHttpClient-1-16] DEBUG org.asynchttpclient.netty.channel.ChannelManager - Adding key: http://localhost:58961 for channel [id: 0x046e9216, L:/127.0.0.1:61664 - R:localhost/127.0.0.1:58961]
10:08:57.371 [Forwarding getCurrentUrl on session f605bb7895b15f8641fdaf23823295db to remote] DEBUG org.asynchttpclient.netty.request.NettyRequestSender - Using pooled Channel '[id: 0x046e9216, L:/127.0.0.1:61664 - R:localhost/127.0.0.1:58961]' for 'GET' to 'http://localhost:58961/session/f605bb7895b15f8641fdaf23823295db/url'
10:08:57.371 [Forwarding getCurrentUrl on session f605bb7895b15f8641fdaf23823295db to remote] DEBUG org.asynchttpclient.netty.request.NettyRequestSender - Using open Channel [id: 0x046e9216, L:/127.0.0.1:61664 - R:localhost/127.0.0.1:58961] for GET '/session/f605bb7895b15f8641fdaf23823295db/url'
10:08:57.375 [AsyncHttpClient-1-16] DEBUG org.asynchttpclient.netty.handler.HttpHandler - 

Request DefaultFullHttpRequest(decodeResult: success, version: HTTP/1.1, content: EmptyByteBufBE)
GET /session/f605bb7895b15f8641fdaf23823295db/url HTTP/1.1
User-Agent: selenium/4.4.0 (java windows)
Cache-Control: no-cache
Content-Type: application/json; charset=utf-8
host: localhost:58961
accept: */*

Response DefaultHttpResponse(decodeResult: success, version: HTTP/1.1)
HTTP/1.1 200 OK
Content-Type: application/json; charset=utf-8
cache-control: no-cache
content-length: 38

10:08:57.375 [AsyncHttpClient-1-16] DEBUG org.asynchttpclient.netty.channel.ChannelManager - Adding key: http://localhost:58961 for channel [id: 0x046e9216, L:/127.0.0.1:61664 - R:localhost/127.0.0.1:58961]
10:08:57.376 [Test worker] DEBUG net.thucydides.core.steps.StepInterceptor - STARTING STEP: LogIn.performAs - {0} enters #theTextAsAString into #target
10:08:57.379 [Test worker] DEBUG net.serenitybdd.screenplay.targets.IFrameSwitcher - default content already selected for PasswordTextBox
10:08:57.388 [Forwarding findElement on session f605bb7895b15f8641fdaf23823295db to remote] DEBUG org.asynchttpclient.netty.request.NettyRequestSender - Using pooled Channel '[id: 0x046e9216, L:/127.0.0.1:61664 - R:localhost/127.0.0.1:58961]' for 'POST' to 'http://localhost:58961/session/f605bb7895b15f8641fdaf23823295db/element'
10:08:57.388 [Forwarding findElement on session f605bb7895b15f8641fdaf23823295db to remote] DEBUG org.asynchttpclient.netty.request.NettyRequestSender - Using open Channel [id: 0x046e9216, L:/127.0.0.1:61664 - R:localhost/127.0.0.1:58961] for POST '/session/f605bb7895b15f8641fdaf23823295db/element'
10:08:57.397 [AsyncHttpClient-1-16] DEBUG org.asynchttpclient.netty.handler.HttpHandler - 

Request DefaultHttpRequest(decodeResult: success, version: HTTP/1.1)
POST /session/f605bb7895b15f8641fdaf23823295db/element HTTP/1.1
User-Agent: selenium/4.4.0 (java windows)
Content-Length: 66
Content-Type: application/json; charset=utf-8
host: localhost:58961
accept: */*

Response DefaultHttpResponse(decodeResult: success, version: HTTP/1.1)
HTTP/1.1 200 OK
Content-Type: application/json; charset=utf-8
cache-control: no-cache
content-length: 88

10:08:57.397 [AsyncHttpClient-1-16] DEBUG org.asynchttpclient.netty.channel.ChannelManager - Adding key: http://localhost:58961 for channel [id: 0x046e9216, L:/127.0.0.1:61664 - R:localhost/127.0.0.1:58961]
10:08:57.397 [Forwarding clearElement on session f605bb7895b15f8641fdaf23823295db to remote] DEBUG org.asynchttpclient.netty.request.NettyRequestSender - Using pooled Channel '[id: 0x046e9216, L:/127.0.0.1:61664 - R:localhost/127.0.0.1:58961]' for 'POST' to 'http://localhost:58961/session/f605bb7895b15f8641fdaf23823295db/element/767b9b1c-883d-4870-bb78-1caf4869508b/clear'
10:08:57.397 [Forwarding clearElement on session f605bb7895b15f8641fdaf23823295db to remote] DEBUG org.asynchttpclient.netty.request.NettyRequestSender - Using open Channel [id: 0x046e9216, L:/127.0.0.1:61664 - R:localhost/127.0.0.1:58961] for POST '/session/f605bb7895b15f8641fdaf23823295db/element/767b9b1c-883d-4870-bb78-1caf4869508b/clear'
10:08:57.420 [AsyncHttpClient-1-16] DEBUG org.asynchttpclient.netty.handler.HttpHandler - 

Request DefaultHttpRequest(decodeResult: success, version: HTTP/1.1)
POST /session/f605bb7895b15f8641fdaf23823295db/element/767b9b1c-883d-4870-bb78-1caf4869508b/clear HTTP/1.1
User-Agent: selenium/4.4.0 (java windows)
Content-Length: 50
Content-Type: application/json; charset=utf-8
host: localhost:58961
accept: */*

Response DefaultHttpResponse(decodeResult: success, version: HTTP/1.1)
HTTP/1.1 200 OK
Content-Type: application/json; charset=utf-8
cache-control: no-cache
content-length: 14

10:08:57.420 [AsyncHttpClient-1-16] DEBUG org.asynchttpclient.netty.channel.ChannelManager - Adding key: http://localhost:58961 for channel [id: 0x046e9216, L:/127.0.0.1:61664 - R:localhost/127.0.0.1:58961]
10:08:57.423 [Forwarding sendKeysToElement on session f605bb7895b15f8641fdaf23823295db to remote] DEBUG org.asynchttpclient.netty.request.NettyRequestSender - Using pooled Channel '[id: 0x046e9216, L:/127.0.0.1:61664 - R:localhost/127.0.0.1:58961]' for 'POST' to 'http://localhost:58961/session/f605bb7895b15f8641fdaf23823295db/element/767b9b1c-883d-4870-bb78-1caf4869508b/value'
10:08:57.423 [Forwarding sendKeysToElement on session f605bb7895b15f8641fdaf23823295db to remote] DEBUG org.asynchttpclient.netty.request.NettyRequestSender - Using open Channel [id: 0x046e9216, L:/127.0.0.1:61664 - R:localhost/127.0.0.1:58961] for POST '/session/f605bb7895b15f8641fdaf23823295db/element/767b9b1c-883d-4870-bb78-1caf4869508b/value'
10:08:57.466 [AsyncHttpClient-1-16] DEBUG org.asynchttpclient.netty.handler.HttpHandler - 

Request DefaultHttpRequest(decodeResult: success, version: HTTP/1.1)
POST /session/f605bb7895b15f8641fdaf23823295db/element/767b9b1c-883d-4870-bb78-1caf4869508b/value HTTP/1.1
User-Agent: selenium/4.4.0 (java windows)
Content-Length: 201
Content-Type: application/json; charset=utf-8
host: localhost:58961
accept: */*

Response DefaultHttpResponse(decodeResult: success, version: HTTP/1.1)
HTTP/1.1 200 OK
Content-Type: application/json; charset=utf-8
cache-control: no-cache
content-length: 14

10:08:57.466 [AsyncHttpClient-1-16] DEBUG org.asynchttpclient.netty.channel.ChannelManager - Adding key: http://localhost:58961 for channel [id: 0x046e9216, L:/127.0.0.1:61664 - R:localhost/127.0.0.1:58961]
10:08:57.478 [Forwarding getCurrentWindowHandle on session f605bb7895b15f8641fdaf23823295db to remote] DEBUG org.asynchttpclient.netty.request.NettyRequestSender - Using pooled Channel '[id: 0x046e9216, L:/127.0.0.1:61664 - R:localhost/127.0.0.1:58961]' for 'GET' to 'http://localhost:58961/session/f605bb7895b15f8641fdaf23823295db/window'
10:08:57.478 [Forwarding getCurrentWindowHandle on session f605bb7895b15f8641fdaf23823295db to remote] DEBUG org.asynchttpclient.netty.request.NettyRequestSender - Using open Channel [id: 0x046e9216, L:/127.0.0.1:61664 - R:localhost/127.0.0.1:58961] for GET '/session/f605bb7895b15f8641fdaf23823295db/window'
10:08:57.479 [AsyncHttpClient-1-16] DEBUG org.asynchttpclient.netty.handler.HttpHandler - 

Request DefaultFullHttpRequest(decodeResult: success, version: HTTP/1.1, content: EmptyByteBufBE)
GET /session/f605bb7895b15f8641fdaf23823295db/window HTTP/1.1
User-Agent: selenium/4.4.0 (java windows)
Cache-Control: no-cache
Content-Type: application/json; charset=utf-8
host: localhost:58961
accept: */*

Response DefaultHttpResponse(decodeResult: success, version: HTTP/1.1)
HTTP/1.1 200 OK
Content-Type: application/json; charset=utf-8
cache-control: no-cache
content-length: 53

10:08:57.479 [AsyncHttpClient-1-16] DEBUG org.asynchttpclient.netty.channel.ChannelManager - Adding key: http://localhost:58961 for channel [id: 0x046e9216, L:/127.0.0.1:61664 - R:localhost/127.0.0.1:58961]
10:08:57.483 [Forwarding getAlertText on session f605bb7895b15f8641fdaf23823295db to remote] DEBUG org.asynchttpclient.netty.request.NettyRequestSender - Using pooled Channel '[id: 0x046e9216, L:/127.0.0.1:61664 - R:localhost/127.0.0.1:58961]' for 'GET' to 'http://localhost:58961/session/f605bb7895b15f8641fdaf23823295db/alert/text'
10:08:57.483 [Forwarding getAlertText on session f605bb7895b15f8641fdaf23823295db to remote] DEBUG org.asynchttpclient.netty.request.NettyRequestSender - Using open Channel [id: 0x046e9216, L:/127.0.0.1:61664 - R:localhost/127.0.0.1:58961] for GET '/session/f605bb7895b15f8641fdaf23823295db/alert/text'
10:08:57.484 [AsyncHttpClient-1-16] DEBUG org.asynchttpclient.netty.handler.HttpHandler - 

Request DefaultFullHttpRequest(decodeResult: success, version: HTTP/1.1, content: EmptyByteBufBE)
GET /session/f605bb7895b15f8641fdaf23823295db/alert/text HTTP/1.1
User-Agent: selenium/4.4.0 (java windows)
Cache-Control: no-cache
Content-Type: application/json; charset=utf-8
host: localhost:58961
accept: */*

Response DefaultHttpResponse(decodeResult: success, version: HTTP/1.1)
HTTP/1.1 404 Not Found
Content-Type: application/json; charset=utf-8
cache-control: no-cache
content-length: 879

10:08:57.484 [AsyncHttpClient-1-16] DEBUG org.asynchttpclient.netty.channel.ChannelManager - Adding key: http://localhost:58961 for channel [id: 0x046e9216, L:/127.0.0.1:61664 - R:localhost/127.0.0.1:58961]
10:08:57.489 [Forwarding switchToWindow on session f605bb7895b15f8641fdaf23823295db to remote] DEBUG org.asynchttpclient.netty.request.NettyRequestSender - Using pooled Channel '[id: 0x046e9216, L:/127.0.0.1:61664 - R:localhost/127.0.0.1:58961]' for 'POST' to 'http://localhost:58961/session/f605bb7895b15f8641fdaf23823295db/window'
10:08:57.489 [Forwarding switchToWindow on session f605bb7895b15f8641fdaf23823295db to remote] DEBUG org.asynchttpclient.netty.request.NettyRequestSender - Using open Channel [id: 0x046e9216, L:/127.0.0.1:61664 - R:localhost/127.0.0.1:58961] for POST '/session/f605bb7895b15f8641fdaf23823295db/window'
10:08:57.492 [AsyncHttpClient-1-16] DEBUG org.asynchttpclient.netty.handler.HttpHandler - 

Request DefaultHttpRequest(decodeResult: success, version: HTTP/1.1)
POST /session/f605bb7895b15f8641fdaf23823295db/window HTTP/1.1
User-Agent: selenium/4.4.0 (java windows)
Content-Length: 59
Content-Type: application/json; charset=utf-8
host: localhost:58961
accept: */*

Response DefaultHttpResponse(decodeResult: success, version: HTTP/1.1)
HTTP/1.1 200 OK
Content-Type: application/json; charset=utf-8
cache-control: no-cache
content-length: 14

10:08:57.492 [AsyncHttpClient-1-16] DEBUG org.asynchttpclient.netty.channel.ChannelManager - Adding key: http://localhost:58961 for channel [id: 0x046e9216, L:/127.0.0.1:61664 - R:localhost/127.0.0.1:58961]
10:08:57.492 [Forwarding getCurrentUrl on session f605bb7895b15f8641fdaf23823295db to remote] DEBUG org.asynchttpclient.netty.request.NettyRequestSender - Using pooled Channel '[id: 0x046e9216, L:/127.0.0.1:61664 - R:localhost/127.0.0.1:58961]' for 'GET' to 'http://localhost:58961/session/f605bb7895b15f8641fdaf23823295db/url'
10:08:57.492 [Forwarding getCurrentUrl on session f605bb7895b15f8641fdaf23823295db to remote] DEBUG org.asynchttpclient.netty.request.NettyRequestSender - Using open Channel [id: 0x046e9216, L:/127.0.0.1:61664 - R:localhost/127.0.0.1:58961] for GET '/session/f605bb7895b15f8641fdaf23823295db/url'
10:08:57.496 [AsyncHttpClient-1-16] DEBUG org.asynchttpclient.netty.handler.HttpHandler - 

Request DefaultFullHttpRequest(decodeResult: success, version: HTTP/1.1, content: EmptyByteBufBE)
GET /session/f605bb7895b15f8641fdaf23823295db/url HTTP/1.1
User-Agent: selenium/4.4.0 (java windows)
Cache-Control: no-cache
Content-Type: application/json; charset=utf-8
host: localhost:58961
accept: */*

Response DefaultHttpResponse(decodeResult: success, version: HTTP/1.1)
HTTP/1.1 200 OK
Content-Type: application/json; charset=utf-8
cache-control: no-cache
content-length: 38

10:08:57.496 [AsyncHttpClient-1-16] DEBUG org.asynchttpclient.netty.channel.ChannelManager - Adding key: http://localhost:58961 for channel [id: 0x046e9216, L:/127.0.0.1:61664 - R:localhost/127.0.0.1:58961]
10:08:57.496 [Forwarding screenshot on session f605bb7895b15f8641fdaf23823295db to remote] DEBUG org.asynchttpclient.netty.request.NettyRequestSender - Using pooled Channel '[id: 0x046e9216, L:/127.0.0.1:61664 - R:localhost/127.0.0.1:58961]' for 'GET' to 'http://localhost:58961/session/f605bb7895b15f8641fdaf23823295db/screenshot'
10:08:57.496 [Forwarding screenshot on session f605bb7895b15f8641fdaf23823295db to remote] DEBUG org.asynchttpclient.netty.request.NettyRequestSender - Using open Channel [id: 0x046e9216, L:/127.0.0.1:61664 - R:localhost/127.0.0.1:58961] for GET '/session/f605bb7895b15f8641fdaf23823295db/screenshot'
10:08:57.573 [AsyncHttpClient-1-16] DEBUG org.asynchttpclient.netty.handler.HttpHandler - 

Request DefaultFullHttpRequest(decodeResult: success, version: HTTP/1.1, content: EmptyByteBufBE)
GET /session/f605bb7895b15f8641fdaf23823295db/screenshot HTTP/1.1
User-Agent: selenium/4.4.0 (java windows)
Cache-Control: no-cache
Content-Type: application/json; charset=utf-8
host: localhost:58961
accept: */*

Response DefaultHttpResponse(decodeResult: success, version: HTTP/1.1)
HTTP/1.1 200 OK
Content-Type: application/json; charset=utf-8
cache-control: no-cache
content-length: 58468

10:08:57.573 [AsyncHttpClient-1-16] DEBUG org.asynchttpclient.netty.channel.ChannelManager - Adding key: http://localhost:58961 for channel [id: 0x046e9216, L:/127.0.0.1:61664 - R:localhost/127.0.0.1:58961]
10:08:57.574 [Test worker] DEBUG net.serenitybdd.core.photography.Darkroom - Send negative for processing for C:\Users\juan.gomezv\IdeaProjects\sura\target\site\serenity\3928254ac939cb654635a6fe0cdcba17cdafb3fae09b0fc2384a6404e2fbc8c4.png
10:08:57.574 [Test worker] DEBUG net.thucydides.core.steps.StepInterceptor - STEP DONE: {0} enters #theTextAsAString into #target
10:08:57.581 [Forwarding getPageSource on session f605bb7895b15f8641fdaf23823295db to remote] DEBUG org.asynchttpclient.netty.request.NettyRequestSender - Using pooled Channel '[id: 0x046e9216, L:/127.0.0.1:61664 - R:localhost/127.0.0.1:58961]' for 'POST' to 'http://localhost:58961/session/f605bb7895b15f8641fdaf23823295db/execute/sync'
10:08:57.582 [Forwarding getPageSource on session f605bb7895b15f8641fdaf23823295db to remote] DEBUG org.asynchttpclient.netty.request.NettyRequestSender - Using open Channel [id: 0x046e9216, L:/127.0.0.1:61664 - R:localhost/127.0.0.1:58961] for POST '/session/f605bb7895b15f8641fdaf23823295db/execute/sync'
10:08:57.587 [AsyncHttpClient-1-16] DEBUG org.asynchttpclient.netty.handler.HttpHandler - 

Request DefaultHttpRequest(decodeResult: success, version: HTTP/1.1)
POST /session/f605bb7895b15f8641fdaf23823295db/execute/sync HTTP/1.1
User-Agent: selenium/4.4.0 (java windows)
Content-Length: 176
Content-Type: application/json; charset=utf-8
host: localhost:58961
accept: */*

Response DefaultHttpResponse(decodeResult: success, version: HTTP/1.1)
HTTP/1.1 200 OK
Content-Type: application/json; charset=utf-8
cache-control: no-cache
content-length: 4185

10:08:57.587 [AsyncHttpClient-1-16] DEBUG org.asynchttpclient.netty.channel.ChannelManager - Adding key: http://localhost:58961 for channel [id: 0x046e9216, L:/127.0.0.1:61664 - R:localhost/127.0.0.1:58961]
10:08:57.588 [Forwarding getCurrentUrl on session f605bb7895b15f8641fdaf23823295db to remote] DEBUG org.asynchttpclient.netty.request.NettyRequestSender - Using pooled Channel '[id: 0x046e9216, L:/127.0.0.1:61664 - R:localhost/127.0.0.1:58961]' for 'GET' to 'http://localhost:58961/session/f605bb7895b15f8641fdaf23823295db/url'
10:08:57.588 [Forwarding getCurrentUrl on session f605bb7895b15f8641fdaf23823295db to remote] DEBUG org.asynchttpclient.netty.request.NettyRequestSender - Using open Channel [id: 0x046e9216, L:/127.0.0.1:61664 - R:localhost/127.0.0.1:58961] for GET '/session/f605bb7895b15f8641fdaf23823295db/url'
10:08:57.592 [AsyncHttpClient-1-16] DEBUG org.asynchttpclient.netty.handler.HttpHandler - 

Request DefaultFullHttpRequest(decodeResult: success, version: HTTP/1.1, content: EmptyByteBufBE)
GET /session/f605bb7895b15f8641fdaf23823295db/url HTTP/1.1
User-Agent: selenium/4.4.0 (java windows)
Cache-Control: no-cache
Content-Type: application/json; charset=utf-8
host: localhost:58961
accept: */*

Response DefaultHttpResponse(decodeResult: success, version: HTTP/1.1)
HTTP/1.1 200 OK
Content-Type: application/json; charset=utf-8
cache-control: no-cache
content-length: 38

10:08:57.592 [AsyncHttpClient-1-16] DEBUG org.asynchttpclient.netty.channel.ChannelManager - Adding key: http://localhost:58961 for channel [id: 0x046e9216, L:/127.0.0.1:61664 - R:localhost/127.0.0.1:58961]
10:08:57.593 [Test worker] DEBUG net.thucydides.core.steps.StepInterceptor - STARTING STEP: LogIn.performAs - {0} clicks on #target
10:08:57.593 [Test worker] DEBUG net.serenitybdd.screenplay.targets.IFrameSwitcher - default content already selected for LogIn Button
10:08:57.610 [Forwarding findElement on session f605bb7895b15f8641fdaf23823295db to remote] DEBUG org.asynchttpclient.netty.request.NettyRequestSender - Using pooled Channel '[id: 0x046e9216, L:/127.0.0.1:61664 - R:localhost/127.0.0.1:58961]' for 'POST' to 'http://localhost:58961/session/f605bb7895b15f8641fdaf23823295db/element'
10:08:57.610 [Forwarding findElement on session f605bb7895b15f8641fdaf23823295db to remote] DEBUG org.asynchttpclient.netty.request.NettyRequestSender - Using open Channel [id: 0x046e9216, L:/127.0.0.1:61664 - R:localhost/127.0.0.1:58961] for POST '/session/f605bb7895b15f8641fdaf23823295db/element'
10:08:57.618 [AsyncHttpClient-1-16] DEBUG org.asynchttpclient.netty.handler.HttpHandler - 

Request DefaultHttpRequest(decodeResult: success, version: HTTP/1.1)
POST /session/f605bb7895b15f8641fdaf23823295db/element HTTP/1.1
User-Agent: selenium/4.4.0 (java windows)
Content-Length: 70
Content-Type: application/json; charset=utf-8
host: localhost:58961
accept: */*

Response DefaultHttpResponse(decodeResult: success, version: HTTP/1.1)
HTTP/1.1 200 OK
Content-Type: application/json; charset=utf-8
cache-control: no-cache
content-length: 88

10:08:57.618 [AsyncHttpClient-1-16] DEBUG org.asynchttpclient.netty.channel.ChannelManager - Adding key: http://localhost:58961 for channel [id: 0x046e9216, L:/127.0.0.1:61664 - R:localhost/127.0.0.1:58961]
10:08:57.622 [Forwarding isElementDisplayed on session f605bb7895b15f8641fdaf23823295db to remote] DEBUG org.asynchttpclient.netty.request.NettyRequestSender - Using pooled Channel '[id: 0x046e9216, L:/127.0.0.1:61664 - R:localhost/127.0.0.1:58961]' for 'POST' to 'http://localhost:58961/session/f605bb7895b15f8641fdaf23823295db/execute/sync'
10:08:57.622 [Forwarding isElementDisplayed on session f605bb7895b15f8641fdaf23823295db to remote] DEBUG org.asynchttpclient.netty.request.NettyRequestSender - Using open Channel [id: 0x046e9216, L:/127.0.0.1:61664 - R:localhost/127.0.0.1:58961] for POST '/session/f605bb7895b15f8641fdaf23823295db/execute/sync'
10:08:57.633 [AsyncHttpClient-1-16] DEBUG org.asynchttpclient.netty.handler.HttpHandler - 

Request DefaultHttpRequest(decodeResult: success, version: HTTP/1.1)
POST /session/f605bb7895b15f8641fdaf23823295db/execute/sync HTTP/1.1
User-Agent: selenium/4.4.0 (java windows)
Content-Length: 48780
Content-Type: application/json; charset=utf-8
host: localhost:58961
accept: */*

Response DefaultHttpResponse(decodeResult: success, version: HTTP/1.1)
HTTP/1.1 200 OK
Content-Type: application/json; charset=utf-8
cache-control: no-cache
content-length: 14

10:08:57.633 [AsyncHttpClient-1-16] DEBUG org.asynchttpclient.netty.channel.ChannelManager - Adding key: http://localhost:58961 for channel [id: 0x046e9216, L:/127.0.0.1:61664 - R:localhost/127.0.0.1:58961]
10:08:57.638 [Forwarding findElement on session f605bb7895b15f8641fdaf23823295db to remote] DEBUG org.asynchttpclient.netty.request.NettyRequestSender - Using pooled Channel '[id: 0x046e9216, L:/127.0.0.1:61664 - R:localhost/127.0.0.1:58961]' for 'POST' to 'http://localhost:58961/session/f605bb7895b15f8641fdaf23823295db/element'
10:08:57.638 [Forwarding findElement on session f605bb7895b15f8641fdaf23823295db to remote] DEBUG org.asynchttpclient.netty.request.NettyRequestSender - Using open Channel [id: 0x046e9216, L:/127.0.0.1:61664 - R:localhost/127.0.0.1:58961] for POST '/session/f605bb7895b15f8641fdaf23823295db/element'
10:08:57.645 [AsyncHttpClient-1-16] DEBUG org.asynchttpclient.netty.handler.HttpHandler - 

Request DefaultHttpRequest(decodeResult: success, version: HTTP/1.1)
POST /session/f605bb7895b15f8641fdaf23823295db/element HTTP/1.1
User-Agent: selenium/4.4.0 (java windows)
Content-Length: 70
Content-Type: application/json; charset=utf-8
host: localhost:58961
accept: */*

Response DefaultHttpResponse(decodeResult: success, version: HTTP/1.1)
HTTP/1.1 200 OK
Content-Type: application/json; charset=utf-8
cache-control: no-cache
content-length: 88

10:08:57.645 [AsyncHttpClient-1-16] DEBUG org.asynchttpclient.netty.channel.ChannelManager - Adding key: http://localhost:58961 for channel [id: 0x046e9216, L:/127.0.0.1:61664 - R:localhost/127.0.0.1:58961]
10:08:57.645 [Forwarding clickElement on session f605bb7895b15f8641fdaf23823295db to remote] DEBUG org.asynchttpclient.netty.request.NettyRequestSender - Using pooled Channel '[id: 0x046e9216, L:/127.0.0.1:61664 - R:localhost/127.0.0.1:58961]' for 'POST' to 'http://localhost:58961/session/f605bb7895b15f8641fdaf23823295db/element/9c2f1971-8bd5-444d-9e8f-62844702a314/click'
10:08:57.645 [Forwarding clickElement on session f605bb7895b15f8641fdaf23823295db to remote] DEBUG org.asynchttpclient.netty.request.NettyRequestSender - Using open Channel [id: 0x046e9216, L:/127.0.0.1:61664 - R:localhost/127.0.0.1:58961] for POST '/session/f605bb7895b15f8641fdaf23823295db/element/9c2f1971-8bd5-444d-9e8f-62844702a314/click'
10:08:57.724 [AsyncHttpClient-1-16] DEBUG org.asynchttpclient.netty.handler.HttpHandler - 

Request DefaultHttpRequest(decodeResult: success, version: HTTP/1.1)
POST /session/f605bb7895b15f8641fdaf23823295db/element/9c2f1971-8bd5-444d-9e8f-62844702a314/click HTTP/1.1
User-Agent: selenium/4.4.0 (java windows)
Content-Length: 50
Content-Type: application/json; charset=utf-8
host: localhost:58961
accept: */*

Response DefaultHttpResponse(decodeResult: success, version: HTTP/1.1)
HTTP/1.1 200 OK
Content-Type: application/json; charset=utf-8
cache-control: no-cache
content-length: 14

10:08:57.724 [AsyncHttpClient-1-16] DEBUG org.asynchttpclient.netty.channel.ChannelManager - Adding key: http://localhost:58961 for channel [id: 0x046e9216, L:/127.0.0.1:61664 - R:localhost/127.0.0.1:58961]
10:08:57.741 [Forwarding getCurrentWindowHandle on session f605bb7895b15f8641fdaf23823295db to remote] DEBUG org.asynchttpclient.netty.request.NettyRequestSender - Using pooled Channel '[id: 0x046e9216, L:/127.0.0.1:61664 - R:localhost/127.0.0.1:58961]' for 'GET' to 'http://localhost:58961/session/f605bb7895b15f8641fdaf23823295db/window'
10:08:57.741 [Forwarding getCurrentWindowHandle on session f605bb7895b15f8641fdaf23823295db to remote] DEBUG org.asynchttpclient.netty.request.NettyRequestSender - Using open Channel [id: 0x046e9216, L:/127.0.0.1:61664 - R:localhost/127.0.0.1:58961] for GET '/session/f605bb7895b15f8641fdaf23823295db/window'
10:08:57.742 [AsyncHttpClient-1-16] DEBUG org.asynchttpclient.netty.handler.HttpHandler - 

Request DefaultFullHttpRequest(decodeResult: success, version: HTTP/1.1, content: EmptyByteBufBE)
GET /session/f605bb7895b15f8641fdaf23823295db/window HTTP/1.1
User-Agent: selenium/4.4.0 (java windows)
Cache-Control: no-cache
Content-Type: application/json; charset=utf-8
host: localhost:58961
accept: */*

Response DefaultHttpResponse(decodeResult: success, version: HTTP/1.1)
HTTP/1.1 200 OK
Content-Type: application/json; charset=utf-8
cache-control: no-cache
content-length: 53

10:08:57.742 [AsyncHttpClient-1-16] DEBUG org.asynchttpclient.netty.channel.ChannelManager - Adding key: http://localhost:58961 for channel [id: 0x046e9216, L:/127.0.0.1:61664 - R:localhost/127.0.0.1:58961]
10:08:57.746 [Forwarding getAlertText on session f605bb7895b15f8641fdaf23823295db to remote] DEBUG org.asynchttpclient.netty.request.NettyRequestSender - Using pooled Channel '[id: 0x046e9216, L:/127.0.0.1:61664 - R:localhost/127.0.0.1:58961]' for 'GET' to 'http://localhost:58961/session/f605bb7895b15f8641fdaf23823295db/alert/text'
10:08:57.746 [Forwarding getAlertText on session f605bb7895b15f8641fdaf23823295db to remote] DEBUG org.asynchttpclient.netty.request.NettyRequestSender - Using open Channel [id: 0x046e9216, L:/127.0.0.1:61664 - R:localhost/127.0.0.1:58961] for GET '/session/f605bb7895b15f8641fdaf23823295db/alert/text'
10:08:57.749 [AsyncHttpClient-1-16] DEBUG org.asynchttpclient.netty.handler.HttpHandler - 

Request DefaultFullHttpRequest(decodeResult: success, version: HTTP/1.1, content: EmptyByteBufBE)
GET /session/f605bb7895b15f8641fdaf23823295db/alert/text HTTP/1.1
User-Agent: selenium/4.4.0 (java windows)
Cache-Control: no-cache
Content-Type: application/json; charset=utf-8
host: localhost:58961
accept: */*

Response DefaultHttpResponse(decodeResult: success, version: HTTP/1.1)
HTTP/1.1 404 Not Found
Content-Type: application/json; charset=utf-8
cache-control: no-cache
content-length: 879

10:08:57.751 [AsyncHttpClient-1-16] DEBUG org.asynchttpclient.netty.channel.ChannelManager - Adding key: http://localhost:58961 for channel [id: 0x046e9216, L:/127.0.0.1:61664 - R:localhost/127.0.0.1:58961]
10:08:57.756 [Forwarding switchToWindow on session f605bb7895b15f8641fdaf23823295db to remote] DEBUG org.asynchttpclient.netty.request.NettyRequestSender - Using pooled Channel '[id: 0x046e9216, L:/127.0.0.1:61664 - R:localhost/127.0.0.1:58961]' for 'POST' to 'http://localhost:58961/session/f605bb7895b15f8641fdaf23823295db/window'
10:08:57.757 [Forwarding switchToWindow on session f605bb7895b15f8641fdaf23823295db to remote] DEBUG org.asynchttpclient.netty.request.NettyRequestSender - Using open Channel [id: 0x046e9216, L:/127.0.0.1:61664 - R:localhost/127.0.0.1:58961] for POST '/session/f605bb7895b15f8641fdaf23823295db/window'
10:08:57.759 [AsyncHttpClient-1-16] DEBUG org.asynchttpclient.netty.handler.HttpHandler - 

Request DefaultHttpRequest(decodeResult: success, version: HTTP/1.1)
POST /session/f605bb7895b15f8641fdaf23823295db/window HTTP/1.1
User-Agent: selenium/4.4.0 (java windows)
Content-Length: 59
Content-Type: application/json; charset=utf-8
host: localhost:58961
accept: */*

Response DefaultHttpResponse(decodeResult: success, version: HTTP/1.1)
HTTP/1.1 200 OK
Content-Type: application/json; charset=utf-8
cache-control: no-cache
content-length: 14

10:08:57.759 [AsyncHttpClient-1-16] DEBUG org.asynchttpclient.netty.channel.ChannelManager - Adding key: http://localhost:58961 for channel [id: 0x046e9216, L:/127.0.0.1:61664 - R:localhost/127.0.0.1:58961]
10:08:57.760 [Forwarding getCurrentUrl on session f605bb7895b15f8641fdaf23823295db to remote] DEBUG org.asynchttpclient.netty.request.NettyRequestSender - Using pooled Channel '[id: 0x046e9216, L:/127.0.0.1:61664 - R:localhost/127.0.0.1:58961]' for 'GET' to 'http://localhost:58961/session/f605bb7895b15f8641fdaf23823295db/url'
10:08:57.760 [Forwarding getCurrentUrl on session f605bb7895b15f8641fdaf23823295db to remote] DEBUG org.asynchttpclient.netty.request.NettyRequestSender - Using open Channel [id: 0x046e9216, L:/127.0.0.1:61664 - R:localhost/127.0.0.1:58961] for GET '/session/f605bb7895b15f8641fdaf23823295db/url'
10:08:57.765 [AsyncHttpClient-1-16] DEBUG org.asynchttpclient.netty.handler.HttpHandler - 

Request DefaultFullHttpRequest(decodeResult: success, version: HTTP/1.1, content: EmptyByteBufBE)
GET /session/f605bb7895b15f8641fdaf23823295db/url HTTP/1.1
User-Agent: selenium/4.4.0 (java windows)
Cache-Control: no-cache
Content-Type: application/json; charset=utf-8
host: localhost:58961
accept: */*

Response DefaultHttpResponse(decodeResult: success, version: HTTP/1.1)
HTTP/1.1 200 OK
Content-Type: application/json; charset=utf-8
cache-control: no-cache
content-length: 52

10:08:57.765 [AsyncHttpClient-1-16] DEBUG org.asynchttpclient.netty.channel.ChannelManager - Adding key: http://localhost:58961 for channel [id: 0x046e9216, L:/127.0.0.1:61664 - R:localhost/127.0.0.1:58961]
10:08:57.765 [Forwarding screenshot on session f605bb7895b15f8641fdaf23823295db to remote] DEBUG org.asynchttpclient.netty.request.NettyRequestSender - Using pooled Channel '[id: 0x046e9216, L:/127.0.0.1:61664 - R:localhost/127.0.0.1:58961]' for 'GET' to 'http://localhost:58961/session/f605bb7895b15f8641fdaf23823295db/screenshot'
10:08:57.765 [Forwarding screenshot on session f605bb7895b15f8641fdaf23823295db to remote] DEBUG org.asynchttpclient.netty.request.NettyRequestSender - Using open Channel [id: 0x046e9216, L:/127.0.0.1:61664 - R:localhost/127.0.0.1:58961] for GET '/session/f605bb7895b15f8641fdaf23823295db/screenshot'
10:08:57.992 [AsyncHttpClient-1-16] DEBUG org.asynchttpclient.netty.handler.HttpHandler - 

Request DefaultFullHttpRequest(decodeResult: success, version: HTTP/1.1, content: EmptyByteBufBE)
GET /session/f605bb7895b15f8641fdaf23823295db/screenshot HTTP/1.1
User-Agent: selenium/4.4.0 (java windows)
Cache-Control: no-cache
Content-Type: application/json; charset=utf-8
host: localhost:58961
accept: */*

Response DefaultHttpResponse(decodeResult: success, version: HTTP/1.1)
HTTP/1.1 200 OK
Content-Type: application/json; charset=utf-8
cache-control: no-cache
content-length: 316072

10:08:57.992 [AsyncHttpClient-1-16] DEBUG org.asynchttpclient.netty.channel.ChannelManager - Adding key: http://localhost:58961 for channel [id: 0x046e9216, L:/127.0.0.1:61664 - R:localhost/127.0.0.1:58961]
10:08:57.996 [Test worker] DEBUG net.serenitybdd.core.photography.Darkroom - Send negative for processing for C:\Users\juan.gomezv\IdeaProjects\sura\target\site\serenity\e44069ae212a02c6322b8bddc355adc221270edded46bd42546211af4a56801c.png
10:08:57.996 [Test worker] DEBUG net.thucydides.core.steps.StepInterceptor - STEP DONE: {0} clicks on #target
10:08:58.005 [Test worker] DEBUG net.thucydides.core.steps.StepInterceptor - STEP DONE: performAs
  ?[32mDado ?[0m?[32mque ?[0m?[32m?[1mAna?[0m?[32m ingresa con una cuenta valida como la de ?[0m?[32m?[1m"STANDARD_USER"?[0m?[32m a Swaglabs?[0m ?[90m# sura.stepDefinitions.SharedBackgroundSteps.ingresaConUnaCuentaValidaASwaglabs(net.serenitybdd.screenplay.Actor,java.lang.String)?[0m
10:08:58.016 [Forwarding getPageSource on session f605bb7895b15f8641fdaf23823295db to remote] DEBUG org.asynchttpclient.netty.request.NettyRequestSender - Using pooled Channel '[id: 0x046e9216, L:/127.0.0.1:61664 - R:localhost/127.0.0.1:58961]' for 'POST' to 'http://localhost:58961/session/f605bb7895b15f8641fdaf23823295db/execute/sync'
10:08:58.016 [Forwarding getPageSource on session f605bb7895b15f8641fdaf23823295db to remote] DEBUG org.asynchttpclient.netty.request.NettyRequestSender - Using open Channel [id: 0x046e9216, L:/127.0.0.1:61664 - R:localhost/127.0.0.1:58961] for POST '/session/f605bb7895b15f8641fdaf23823295db/execute/sync'
10:08:58.022 [AsyncHttpClient-1-16] DEBUG org.asynchttpclient.netty.handler.HttpHandler - 

Request DefaultHttpRequest(decodeResult: success, version: HTTP/1.1)
POST /session/f605bb7895b15f8641fdaf23823295db/execute/sync HTTP/1.1
User-Agent: selenium/4.4.0 (java windows)
Content-Length: 176
Content-Type: application/json; charset=utf-8
host: localhost:58961
accept: */*

Response DefaultHttpResponse(decodeResult: success, version: HTTP/1.1)
HTTP/1.1 200 OK
Content-Type: application/json; charset=utf-8
cache-control: no-cache
content-length: 15254

10:08:58.022 [AsyncHttpClient-1-16] DEBUG org.asynchttpclient.netty.channel.ChannelManager - Adding key: http://localhost:58961 for channel [id: 0x046e9216, L:/127.0.0.1:61664 - R:localhost/127.0.0.1:58961]
10:08:58.023 [Forwarding getCurrentUrl on session f605bb7895b15f8641fdaf23823295db to remote] DEBUG org.asynchttpclient.netty.request.NettyRequestSender - Using pooled Channel '[id: 0x046e9216, L:/127.0.0.1:61664 - R:localhost/127.0.0.1:58961]' for 'GET' to 'http://localhost:58961/session/f605bb7895b15f8641fdaf23823295db/url'
10:08:58.023 [Forwarding getCurrentUrl on session f605bb7895b15f8641fdaf23823295db to remote] DEBUG org.asynchttpclient.netty.request.NettyRequestSender - Using open Channel [id: 0x046e9216, L:/127.0.0.1:61664 - R:localhost/127.0.0.1:58961] for GET '/session/f605bb7895b15f8641fdaf23823295db/url'
10:08:58.026 [AsyncHttpClient-1-16] DEBUG org.asynchttpclient.netty.handler.HttpHandler - 

Request DefaultFullHttpRequest(decodeResult: success, version: HTTP/1.1, content: EmptyByteBufBE)
GET /session/f605bb7895b15f8641fdaf23823295db/url HTTP/1.1
User-Agent: selenium/4.4.0 (java windows)
Cache-Control: no-cache
Content-Type: application/json; charset=utf-8
host: localhost:58961
accept: */*

Response DefaultHttpResponse(decodeResult: success, version: HTTP/1.1)
HTTP/1.1 200 OK
Content-Type: application/json; charset=utf-8
cache-control: no-cache
content-length: 52

10:08:58.026 [AsyncHttpClient-1-16] DEBUG org.asynchttpclient.netty.channel.ChannelManager - Adding key: http://localhost:58961 for channel [id: 0x046e9216, L:/127.0.0.1:61664 - R:localhost/127.0.0.1:58961]
10:08:58.043 [Forwarding getPageSource on session f605bb7895b15f8641fdaf23823295db to remote] DEBUG org.asynchttpclient.netty.request.NettyRequestSender - Using pooled Channel '[id: 0x046e9216, L:/127.0.0.1:61664 - R:localhost/127.0.0.1:58961]' for 'POST' to 'http://localhost:58961/session/f605bb7895b15f8641fdaf23823295db/execute/sync'
10:08:58.044 [Forwarding getPageSource on session f605bb7895b15f8641fdaf23823295db to remote] DEBUG org.asynchttpclient.netty.request.NettyRequestSender - Using open Channel [id: 0x046e9216, L:/127.0.0.1:61664 - R:localhost/127.0.0.1:58961] for POST '/session/f605bb7895b15f8641fdaf23823295db/execute/sync'
10:08:58.049 [AsyncHttpClient-1-16] DEBUG org.asynchttpclient.netty.handler.HttpHandler - 

Request DefaultHttpRequest(decodeResult: success, version: HTTP/1.1)
POST /session/f605bb7895b15f8641fdaf23823295db/execute/sync HTTP/1.1
User-Agent: selenium/4.4.0 (java windows)
Content-Length: 176
Content-Type: application/json; charset=utf-8
host: localhost:58961
accept: */*

Response DefaultHttpResponse(decodeResult: success, version: HTTP/1.1)
HTTP/1.1 200 OK
Content-Type: application/json; charset=utf-8
cache-control: no-cache
content-length: 15254

10:08:58.049 [AsyncHttpClient-1-16] DEBUG org.asynchttpclient.netty.channel.ChannelManager - Adding key: http://localhost:58961 for channel [id: 0x046e9216, L:/127.0.0.1:61664 - R:localhost/127.0.0.1:58961]
10:08:58.050 [Forwarding getCurrentUrl on session f605bb7895b15f8641fdaf23823295db to remote] DEBUG org.asynchttpclient.netty.request.NettyRequestSender - Using pooled Channel '[id: 0x046e9216, L:/127.0.0.1:61664 - R:localhost/127.0.0.1:58961]' for 'GET' to 'http://localhost:58961/session/f605bb7895b15f8641fdaf23823295db/url'
10:08:58.050 [Forwarding getCurrentUrl on session f605bb7895b15f8641fdaf23823295db to remote] DEBUG org.asynchttpclient.netty.request.NettyRequestSender - Using open Channel [id: 0x046e9216, L:/127.0.0.1:61664 - R:localhost/127.0.0.1:58961] for GET '/session/f605bb7895b15f8641fdaf23823295db/url'
10:08:58.053 [AsyncHttpClient-1-16] DEBUG org.asynchttpclient.netty.handler.HttpHandler - 

Request DefaultFullHttpRequest(decodeResult: success, version: HTTP/1.1, content: EmptyByteBufBE)
GET /session/f605bb7895b15f8641fdaf23823295db/url HTTP/1.1
User-Agent: selenium/4.4.0 (java windows)
Cache-Control: no-cache
Content-Type: application/json; charset=utf-8
host: localhost:58961
accept: */*

Response DefaultHttpResponse(decodeResult: success, version: HTTP/1.1)
HTTP/1.1 200 OK
Content-Type: application/json; charset=utf-8
cache-control: no-cache
content-length: 52

10:08:58.053 [AsyncHttpClient-1-16] DEBUG org.asynchttpclient.netty.channel.ChannelManager - Adding key: http://localhost:58961 for channel [id: 0x046e9216, L:/127.0.0.1:61664 - R:localhost/127.0.0.1:58961]
10:08:58.055 [Test worker] DEBUG net.thucydides.core.steps.StepInterceptor - STARTING STEP: SearchSteps.seleccionaLaOpcionDelMenuDesplegable - performAs
10:08:58.069 [Forwarding getCurrentWindowHandle on session f605bb7895b15f8641fdaf23823295db to remote] DEBUG org.asynchttpclient.netty.request.NettyRequestSender - Using pooled Channel '[id: 0x046e9216, L:/127.0.0.1:61664 - R:localhost/127.0.0.1:58961]' for 'GET' to 'http://localhost:58961/session/f605bb7895b15f8641fdaf23823295db/window'
10:08:58.070 [Forwarding getCurrentWindowHandle on session f605bb7895b15f8641fdaf23823295db to remote] DEBUG org.asynchttpclient.netty.request.NettyRequestSender - Using open Channel [id: 0x046e9216, L:/127.0.0.1:61664 - R:localhost/127.0.0.1:58961] for GET '/session/f605bb7895b15f8641fdaf23823295db/window'
10:08:58.071 [AsyncHttpClient-1-16] DEBUG org.asynchttpclient.netty.handler.HttpHandler - 

Request DefaultFullHttpRequest(decodeResult: success, version: HTTP/1.1, content: EmptyByteBufBE)
GET /session/f605bb7895b15f8641fdaf23823295db/window HTTP/1.1
User-Agent: selenium/4.4.0 (java windows)
Cache-Control: no-cache
Content-Type: application/json; charset=utf-8
host: localhost:58961
accept: */*

Response DefaultHttpResponse(decodeResult: success, version: HTTP/1.1)
HTTP/1.1 200 OK
Content-Type: application/json; charset=utf-8
cache-control: no-cache
content-length: 53

10:08:58.071 [AsyncHttpClient-1-16] DEBUG org.asynchttpclient.netty.channel.ChannelManager - Adding key: http://localhost:58961 for channel [id: 0x046e9216, L:/127.0.0.1:61664 - R:localhost/127.0.0.1:58961]
10:08:58.073 [Forwarding getAlertText on session f605bb7895b15f8641fdaf23823295db to remote] DEBUG org.asynchttpclient.netty.request.NettyRequestSender - Using pooled Channel '[id: 0x046e9216, L:/127.0.0.1:61664 - R:localhost/127.0.0.1:58961]' for 'GET' to 'http://localhost:58961/session/f605bb7895b15f8641fdaf23823295db/alert/text'
10:08:58.074 [Forwarding getAlertText on session f605bb7895b15f8641fdaf23823295db to remote] DEBUG org.asynchttpclient.netty.request.NettyRequestSender - Using open Channel [id: 0x046e9216, L:/127.0.0.1:61664 - R:localhost/127.0.0.1:58961] for GET '/session/f605bb7895b15f8641fdaf23823295db/alert/text'
10:08:58.076 [AsyncHttpClient-1-16] DEBUG org.asynchttpclient.netty.handler.HttpHandler - 

Request DefaultFullHttpRequest(decodeResult: success, version: HTTP/1.1, content: EmptyByteBufBE)
GET /session/f605bb7895b15f8641fdaf23823295db/alert/text HTTP/1.1
User-Agent: selenium/4.4.0 (java windows)
Cache-Control: no-cache
Content-Type: application/json; charset=utf-8
host: localhost:58961
accept: */*

Response DefaultHttpResponse(decodeResult: success, version: HTTP/1.1)
HTTP/1.1 404 Not Found
Content-Type: application/json; charset=utf-8
cache-control: no-cache
content-length: 879

10:08:58.076 [AsyncHttpClient-1-16] DEBUG org.asynchttpclient.netty.channel.ChannelManager - Adding key: http://localhost:58961 for channel [id: 0x046e9216, L:/127.0.0.1:61664 - R:localhost/127.0.0.1:58961]
10:08:58.078 [Forwarding switchToWindow on session f605bb7895b15f8641fdaf23823295db to remote] DEBUG org.asynchttpclient.netty.request.NettyRequestSender - Using pooled Channel '[id: 0x046e9216, L:/127.0.0.1:61664 - R:localhost/127.0.0.1:58961]' for 'POST' to 'http://localhost:58961/session/f605bb7895b15f8641fdaf23823295db/window'
10:08:58.078 [Forwarding switchToWindow on session f605bb7895b15f8641fdaf23823295db to remote] DEBUG org.asynchttpclient.netty.request.NettyRequestSender - Using open Channel [id: 0x046e9216, L:/127.0.0.1:61664 - R:localhost/127.0.0.1:58961] for POST '/session/f605bb7895b15f8641fdaf23823295db/window'
10:08:58.081 [AsyncHttpClient-1-16] DEBUG org.asynchttpclient.netty.handler.HttpHandler - 

Request DefaultHttpRequest(decodeResult: success, version: HTTP/1.1)
POST /session/f605bb7895b15f8641fdaf23823295db/window HTTP/1.1
User-Agent: selenium/4.4.0 (java windows)
Content-Length: 59
Content-Type: application/json; charset=utf-8
host: localhost:58961
accept: */*

Response DefaultHttpResponse(decodeResult: success, version: HTTP/1.1)
HTTP/1.1 200 OK
Content-Type: application/json; charset=utf-8
cache-control: no-cache
content-length: 14

10:08:58.082 [AsyncHttpClient-1-16] DEBUG org.asynchttpclient.netty.channel.ChannelManager - Adding key: http://localhost:58961 for channel [id: 0x046e9216, L:/127.0.0.1:61664 - R:localhost/127.0.0.1:58961]
10:08:58.082 [Forwarding getCurrentUrl on session f605bb7895b15f8641fdaf23823295db to remote] DEBUG org.asynchttpclient.netty.request.NettyRequestSender - Using pooled Channel '[id: 0x046e9216, L:/127.0.0.1:61664 - R:localhost/127.0.0.1:58961]' for 'GET' to 'http://localhost:58961/session/f605bb7895b15f8641fdaf23823295db/url'
10:08:58.082 [Forwarding getCurrentUrl on session f605bb7895b15f8641fdaf23823295db to remote] DEBUG org.asynchttpclient.netty.request.NettyRequestSender - Using open Channel [id: 0x046e9216, L:/127.0.0.1:61664 - R:localhost/127.0.0.1:58961] for GET '/session/f605bb7895b15f8641fdaf23823295db/url'
10:08:58.085 [AsyncHttpClient-1-16] DEBUG org.asynchttpclient.netty.handler.HttpHandler - 

Request DefaultFullHttpRequest(decodeResult: success, version: HTTP/1.1, content: EmptyByteBufBE)
GET /session/f605bb7895b15f8641fdaf23823295db/url HTTP/1.1
User-Agent: selenium/4.4.0 (java windows)
Cache-Control: no-cache
Content-Type: application/json; charset=utf-8
host: localhost:58961
accept: */*

Response DefaultHttpResponse(decodeResult: success, version: HTTP/1.1)
HTTP/1.1 200 OK
Content-Type: application/json; charset=utf-8
cache-control: no-cache
content-length: 52

10:08:58.085 [AsyncHttpClient-1-16] DEBUG org.asynchttpclient.netty.channel.ChannelManager - Adding key: http://localhost:58961 for channel [id: 0x046e9216, L:/127.0.0.1:61664 - R:localhost/127.0.0.1:58961]
10:08:58.086 [Forwarding screenshot on session f605bb7895b15f8641fdaf23823295db to remote] DEBUG org.asynchttpclient.netty.request.NettyRequestSender - Using pooled Channel '[id: 0x046e9216, L:/127.0.0.1:61664 - R:localhost/127.0.0.1:58961]' for 'GET' to 'http://localhost:58961/session/f605bb7895b15f8641fdaf23823295db/screenshot'
10:08:58.086 [Forwarding screenshot on session f605bb7895b15f8641fdaf23823295db to remote] DEBUG org.asynchttpclient.netty.request.NettyRequestSender - Using open Channel [id: 0x046e9216, L:/127.0.0.1:61664 - R:localhost/127.0.0.1:58961] for GET '/session/f605bb7895b15f8641fdaf23823295db/screenshot'
10:08:58.205 [AsyncHttpClient-1-1] DEBUG org.asynchttpclient.netty.channel.DefaultChannelPool - Entry count for : http://localhost:61665 : 1
10:08:58.210 [AsyncHttpClient-1-16] DEBUG org.asynchttpclient.netty.handler.HttpHandler - 

Request DefaultFullHttpRequest(decodeResult: success, version: HTTP/1.1, content: EmptyByteBufBE)
GET /session/f605bb7895b15f8641fdaf23823295db/screenshot HTTP/1.1
User-Agent: selenium/4.4.0 (java windows)
Cache-Control: no-cache
Content-Type: application/json; charset=utf-8
host: localhost:58961
accept: */*

Response DefaultHttpResponse(decodeResult: success, version: HTTP/1.1)
HTTP/1.1 200 OK
Content-Type: application/json; charset=utf-8
cache-control: no-cache
content-length: 316072

10:08:58.210 [AsyncHttpClient-1-16] DEBUG org.asynchttpclient.netty.channel.ChannelManager - Adding key: http://localhost:58961 for channel [id: 0x046e9216, L:/127.0.0.1:61664 - R:localhost/127.0.0.1:58961]
10:08:58.214 [Test worker] DEBUG net.serenitybdd.core.photography.Darkroom - Send negative for processing for C:\Users\juan.gomezv\IdeaProjects\sura\target\site\serenity\e44069ae212a02c6322b8bddc355adc221270edded46bd42546211af4a56801c.png
10:08:58.217 [Forwarding getPageSource on session f605bb7895b15f8641fdaf23823295db to remote] DEBUG org.asynchttpclient.netty.request.NettyRequestSender - Using pooled Channel '[id: 0x046e9216, L:/127.0.0.1:61664 - R:localhost/127.0.0.1:58961]' for 'POST' to 'http://localhost:58961/session/f605bb7895b15f8641fdaf23823295db/execute/sync'
10:08:58.217 [Forwarding getPageSource on session f605bb7895b15f8641fdaf23823295db to remote] DEBUG org.asynchttpclient.netty.request.NettyRequestSender - Using open Channel [id: 0x046e9216, L:/127.0.0.1:61664 - R:localhost/127.0.0.1:58961] for POST '/session/f605bb7895b15f8641fdaf23823295db/execute/sync'
10:08:58.222 [AsyncHttpClient-1-16] DEBUG org.asynchttpclient.netty.handler.HttpHandler - 

Request DefaultHttpRequest(decodeResult: success, version: HTTP/1.1)
POST /session/f605bb7895b15f8641fdaf23823295db/execute/sync HTTP/1.1
User-Agent: selenium/4.4.0 (java windows)
Content-Length: 176
Content-Type: application/json; charset=utf-8
host: localhost:58961
accept: */*

Response DefaultHttpResponse(decodeResult: success, version: HTTP/1.1)
HTTP/1.1 200 OK
Content-Type: application/json; charset=utf-8
cache-control: no-cache
content-length: 15270

10:08:58.222 [AsyncHttpClient-1-16] DEBUG org.asynchttpclient.netty.channel.ChannelManager - Adding key: http://localhost:58961 for channel [id: 0x046e9216, L:/127.0.0.1:61664 - R:localhost/127.0.0.1:58961]
10:08:58.223 [Forwarding getCurrentUrl on session f605bb7895b15f8641fdaf23823295db to remote] DEBUG org.asynchttpclient.netty.request.NettyRequestSender - Using pooled Channel '[id: 0x046e9216, L:/127.0.0.1:61664 - R:localhost/127.0.0.1:58961]' for 'GET' to 'http://localhost:58961/session/f605bb7895b15f8641fdaf23823295db/url'
10:08:58.224 [Forwarding getCurrentUrl on session f605bb7895b15f8641fdaf23823295db to remote] DEBUG org.asynchttpclient.netty.request.NettyRequestSender - Using open Channel [id: 0x046e9216, L:/127.0.0.1:61664 - R:localhost/127.0.0.1:58961] for GET '/session/f605bb7895b15f8641fdaf23823295db/url'
10:08:58.227 [AsyncHttpClient-1-16] DEBUG org.asynchttpclient.netty.handler.HttpHandler - 

Request DefaultFullHttpRequest(decodeResult: success, version: HTTP/1.1, content: EmptyByteBufBE)
GET /session/f605bb7895b15f8641fdaf23823295db/url HTTP/1.1
User-Agent: selenium/4.4.0 (java windows)
Cache-Control: no-cache
Content-Type: application/json; charset=utf-8
host: localhost:58961
accept: */*

Response DefaultHttpResponse(decodeResult: success, version: HTTP/1.1)
HTTP/1.1 200 OK
Content-Type: application/json; charset=utf-8
cache-control: no-cache
content-length: 52

10:08:58.227 [AsyncHttpClient-1-16] DEBUG org.asynchttpclient.netty.channel.ChannelManager - Adding key: http://localhost:58961 for channel [id: 0x046e9216, L:/127.0.0.1:61664 - R:localhost/127.0.0.1:58961]
10:08:58.228 [Test worker] DEBUG net.thucydides.core.steps.StepInterceptor - STARTING STEP: SearchForProducts.performAs - performAs
10:08:58.230 [Test worker] DEBUG net.serenitybdd.screenplay.targets.IFrameSwitcher - default content already selected for dropdown menu
10:08:58.234 [Forwarding getCurrentUrl on session f605bb7895b15f8641fdaf23823295db to remote] DEBUG org.asynchttpclient.netty.request.NettyRequestSender - Using pooled Channel '[id: 0x046e9216, L:/127.0.0.1:61664 - R:localhost/127.0.0.1:58961]' for 'GET' to 'http://localhost:58961/session/f605bb7895b15f8641fdaf23823295db/url'
10:08:58.234 [Forwarding getCurrentUrl on session f605bb7895b15f8641fdaf23823295db to remote] DEBUG org.asynchttpclient.netty.request.NettyRequestSender - Using open Channel [id: 0x046e9216, L:/127.0.0.1:61664 - R:localhost/127.0.0.1:58961] for GET '/session/f605bb7895b15f8641fdaf23823295db/url'
10:08:58.238 [AsyncHttpClient-1-16] DEBUG org.asynchttpclient.netty.handler.HttpHandler - 

Request DefaultFullHttpRequest(decodeResult: success, version: HTTP/1.1, content: EmptyByteBufBE)
GET /session/f605bb7895b15f8641fdaf23823295db/url HTTP/1.1
User-Agent: selenium/4.4.0 (java windows)
Cache-Control: no-cache
Content-Type: application/json; charset=utf-8
host: localhost:58961
accept: */*

Response DefaultHttpResponse(decodeResult: success, version: HTTP/1.1)
HTTP/1.1 200 OK
Content-Type: application/json; charset=utf-8
cache-control: no-cache
content-length: 52

10:08:58.238 [AsyncHttpClient-1-16] DEBUG org.asynchttpclient.netty.channel.ChannelManager - Adding key: http://localhost:58961 for channel [id: 0x046e9216, L:/127.0.0.1:61664 - R:localhost/127.0.0.1:58961]
10:08:58.243 [Forwarding findElement on session f605bb7895b15f8641fdaf23823295db to remote] DEBUG org.asynchttpclient.netty.request.NettyRequestSender - Using pooled Channel '[id: 0x046e9216, L:/127.0.0.1:61664 - R:localhost/127.0.0.1:58961]' for 'POST' to 'http://localhost:58961/session/f605bb7895b15f8641fdaf23823295db/element'
10:08:58.243 [Forwarding findElement on session f605bb7895b15f8641fdaf23823295db to remote] DEBUG org.asynchttpclient.netty.request.NettyRequestSender - Using open Channel [id: 0x046e9216, L:/127.0.0.1:61664 - R:localhost/127.0.0.1:58961] for POST '/session/f605bb7895b15f8641fdaf23823295db/element'
10:08:58.251 [AsyncHttpClient-1-16] DEBUG org.asynchttpclient.netty.handler.HttpHandler - 

Request DefaultHttpRequest(decodeResult: success, version: HTTP/1.1)
POST /session/f605bb7895b15f8641fdaf23823295db/element HTTP/1.1
User-Agent: selenium/4.4.0 (java windows)
Content-Length: 81
Content-Type: application/json; charset=utf-8
host: localhost:58961
accept: */*

Response DefaultHttpResponse(decodeResult: success, version: HTTP/1.1)
HTTP/1.1 200 OK
Content-Type: application/json; charset=utf-8
cache-control: no-cache
content-length: 88

10:08:58.251 [AsyncHttpClient-1-16] DEBUG org.asynchttpclient.netty.channel.ChannelManager - Adding key: http://localhost:58961 for channel [id: 0x046e9216, L:/127.0.0.1:61664 - R:localhost/127.0.0.1:58961]
10:08:58.255 [Forwarding executeScript on session f605bb7895b15f8641fdaf23823295db to remote] DEBUG org.asynchttpclient.netty.request.NettyRequestSender - Using pooled Channel '[id: 0x046e9216, L:/127.0.0.1:61664 - R:localhost/127.0.0.1:58961]' for 'POST' to 'http://localhost:58961/session/f605bb7895b15f8641fdaf23823295db/execute/sync'
10:08:58.255 [Forwarding executeScript on session f605bb7895b15f8641fdaf23823295db to remote] DEBUG org.asynchttpclient.netty.request.NettyRequestSender - Using open Channel [id: 0x046e9216, L:/127.0.0.1:61664 - R:localhost/127.0.0.1:58961] for POST '/session/f605bb7895b15f8641fdaf23823295db/execute/sync'
10:08:58.259 [AsyncHttpClient-1-16] DEBUG org.asynchttpclient.netty.handler.HttpHandler - 

Request DefaultHttpRequest(decodeResult: success, version: HTTP/1.1)
POST /session/f605bb7895b15f8641fdaf23823295db/execute/sync HTTP/1.1
User-Agent: selenium/4.4.0 (java windows)
Content-Length: 240
Content-Type: application/json; charset=utf-8
host: localhost:58961
accept: */*

Response DefaultHttpResponse(decodeResult: success, version: HTTP/1.1)
HTTP/1.1 200 OK
Content-Type: application/json; charset=utf-8
cache-control: no-cache
content-length: 14

10:08:58.259 [AsyncHttpClient-1-16] DEBUG org.asynchttpclient.netty.channel.ChannelManager - Adding key: http://localhost:58961 for channel [id: 0x046e9216, L:/127.0.0.1:61664 - R:localhost/127.0.0.1:58961]
10:08:58.275 [Forwarding getCurrentWindowHandle on session f605bb7895b15f8641fdaf23823295db to remote] DEBUG org.asynchttpclient.netty.request.NettyRequestSender - Using pooled Channel '[id: 0x046e9216, L:/127.0.0.1:61664 - R:localhost/127.0.0.1:58961]' for 'GET' to 'http://localhost:58961/session/f605bb7895b15f8641fdaf23823295db/window'
10:08:58.275 [Forwarding getCurrentWindowHandle on session f605bb7895b15f8641fdaf23823295db to remote] DEBUG org.asynchttpclient.netty.request.NettyRequestSender - Using open Channel [id: 0x046e9216, L:/127.0.0.1:61664 - R:localhost/127.0.0.1:58961] for GET '/session/f605bb7895b15f8641fdaf23823295db/window'
10:08:58.278 [AsyncHttpClient-1-16] DEBUG org.asynchttpclient.netty.handler.HttpHandler - 

Request DefaultFullHttpRequest(decodeResult: success, version: HTTP/1.1, content: EmptyByteBufBE)
GET /session/f605bb7895b15f8641fdaf23823295db/window HTTP/1.1
User-Agent: selenium/4.4.0 (java windows)
Cache-Control: no-cache
Content-Type: application/json; charset=utf-8
host: localhost:58961
accept: */*

Response DefaultHttpResponse(decodeResult: success, version: HTTP/1.1)
HTTP/1.1 200 OK
Content-Type: application/json; charset=utf-8
cache-control: no-cache
content-length: 53

10:08:58.279 [AsyncHttpClient-1-16] DEBUG org.asynchttpclient.netty.channel.ChannelManager - Adding key: http://localhost:58961 for channel [id: 0x046e9216, L:/127.0.0.1:61664 - R:localhost/127.0.0.1:58961]
10:08:58.282 [Forwarding getAlertText on session f605bb7895b15f8641fdaf23823295db to remote] DEBUG org.asynchttpclient.netty.request.NettyRequestSender - Using pooled Channel '[id: 0x046e9216, L:/127.0.0.1:61664 - R:localhost/127.0.0.1:58961]' for 'GET' to 'http://localhost:58961/session/f605bb7895b15f8641fdaf23823295db/alert/text'
10:08:58.282 [Forwarding getAlertText on session f605bb7895b15f8641fdaf23823295db to remote] DEBUG org.asynchttpclient.netty.request.NettyRequestSender - Using open Channel [id: 0x046e9216, L:/127.0.0.1:61664 - R:localhost/127.0.0.1:58961] for GET '/session/f605bb7895b15f8641fdaf23823295db/alert/text'
10:08:58.284 [AsyncHttpClient-1-16] DEBUG org.asynchttpclient.netty.handler.HttpHandler - 

Request DefaultFullHttpRequest(decodeResult: success, version: HTTP/1.1, content: EmptyByteBufBE)
GET /session/f605bb7895b15f8641fdaf23823295db/alert/text HTTP/1.1
User-Agent: selenium/4.4.0 (java windows)
Cache-Control: no-cache
Content-Type: application/json; charset=utf-8
host: localhost:58961
accept: */*

Response DefaultHttpResponse(decodeResult: success, version: HTTP/1.1)
HTTP/1.1 404 Not Found
Content-Type: application/json; charset=utf-8
cache-control: no-cache
content-length: 879

10:08:58.284 [AsyncHttpClient-1-16] DEBUG org.asynchttpclient.netty.channel.ChannelManager - Adding key: http://localhost:58961 for channel [id: 0x046e9216, L:/127.0.0.1:61664 - R:localhost/127.0.0.1:58961]
10:08:58.288 [Forwarding switchToWindow on session f605bb7895b15f8641fdaf23823295db to remote] DEBUG org.asynchttpclient.netty.request.NettyRequestSender - Using pooled Channel '[id: 0x046e9216, L:/127.0.0.1:61664 - R:localhost/127.0.0.1:58961]' for 'POST' to 'http://localhost:58961/session/f605bb7895b15f8641fdaf23823295db/window'
10:08:58.288 [Forwarding switchToWindow on session f605bb7895b15f8641fdaf23823295db to remote] DEBUG org.asynchttpclient.netty.request.NettyRequestSender - Using open Channel [id: 0x046e9216, L:/127.0.0.1:61664 - R:localhost/127.0.0.1:58961] for POST '/session/f605bb7895b15f8641fdaf23823295db/window'
10:08:58.291 [AsyncHttpClient-1-16] DEBUG org.asynchttpclient.netty.handler.HttpHandler - 

Request DefaultHttpRequest(decodeResult: success, version: HTTP/1.1)
POST /session/f605bb7895b15f8641fdaf23823295db/window HTTP/1.1
User-Agent: selenium/4.4.0 (java windows)
Content-Length: 59
Content-Type: application/json; charset=utf-8
host: localhost:58961
accept: */*

Response DefaultHttpResponse(decodeResult: success, version: HTTP/1.1)
HTTP/1.1 200 OK
Content-Type: application/json; charset=utf-8
cache-control: no-cache
content-length: 14

10:08:58.291 [AsyncHttpClient-1-16] DEBUG org.asynchttpclient.netty.channel.ChannelManager - Adding key: http://localhost:58961 for channel [id: 0x046e9216, L:/127.0.0.1:61664 - R:localhost/127.0.0.1:58961]
10:08:58.291 [Forwarding getCurrentUrl on session f605bb7895b15f8641fdaf23823295db to remote] DEBUG org.asynchttpclient.netty.request.NettyRequestSender - Using pooled Channel '[id: 0x046e9216, L:/127.0.0.1:61664 - R:localhost/127.0.0.1:58961]' for 'GET' to 'http://localhost:58961/session/f605bb7895b15f8641fdaf23823295db/url'
10:08:58.291 [Forwarding getCurrentUrl on session f605bb7895b15f8641fdaf23823295db to remote] DEBUG org.asynchttpclient.netty.request.NettyRequestSender - Using open Channel [id: 0x046e9216, L:/127.0.0.1:61664 - R:localhost/127.0.0.1:58961] for GET '/session/f605bb7895b15f8641fdaf23823295db/url'
10:08:58.295 [AsyncHttpClient-1-16] DEBUG org.asynchttpclient.netty.handler.HttpHandler - 

Request DefaultFullHttpRequest(decodeResult: success, version: HTTP/1.1, content: EmptyByteBufBE)
GET /session/f605bb7895b15f8641fdaf23823295db/url HTTP/1.1
User-Agent: selenium/4.4.0 (java windows)
Cache-Control: no-cache
Content-Type: application/json; charset=utf-8
host: localhost:58961
accept: */*

Response DefaultHttpResponse(decodeResult: success, version: HTTP/1.1)
HTTP/1.1 200 OK
Content-Type: application/json; charset=utf-8
cache-control: no-cache
content-length: 52

10:08:58.295 [AsyncHttpClient-1-16] DEBUG org.asynchttpclient.netty.channel.ChannelManager - Adding key: http://localhost:58961 for channel [id: 0x046e9216, L:/127.0.0.1:61664 - R:localhost/127.0.0.1:58961]
10:08:58.295 [Forwarding screenshot on session f605bb7895b15f8641fdaf23823295db to remote] DEBUG org.asynchttpclient.netty.request.NettyRequestSender - Using pooled Channel '[id: 0x046e9216, L:/127.0.0.1:61664 - R:localhost/127.0.0.1:58961]' for 'GET' to 'http://localhost:58961/session/f605bb7895b15f8641fdaf23823295db/screenshot'
10:08:58.295 [Forwarding screenshot on session f605bb7895b15f8641fdaf23823295db to remote] DEBUG org.asynchttpclient.netty.request.NettyRequestSender - Using open Channel [id: 0x046e9216, L:/127.0.0.1:61664 - R:localhost/127.0.0.1:58961] for GET '/session/f605bb7895b15f8641fdaf23823295db/screenshot'
10:08:58.415 [AsyncHttpClient-1-16] DEBUG org.asynchttpclient.netty.handler.HttpHandler - 

Request DefaultFullHttpRequest(decodeResult: success, version: HTTP/1.1, content: EmptyByteBufBE)
GET /session/f605bb7895b15f8641fdaf23823295db/screenshot HTTP/1.1
User-Agent: selenium/4.4.0 (java windows)
Cache-Control: no-cache
Content-Type: application/json; charset=utf-8
host: localhost:58961
accept: */*

Response DefaultHttpResponse(decodeResult: success, version: HTTP/1.1)
HTTP/1.1 200 OK
Content-Type: application/json; charset=utf-8
cache-control: no-cache
content-length: 374652

10:08:58.416 [AsyncHttpClient-1-16] DEBUG org.asynchttpclient.netty.channel.ChannelManager - Adding key: http://localhost:58961 for channel [id: 0x046e9216, L:/127.0.0.1:61664 - R:localhost/127.0.0.1:58961]
10:08:58.421 [Test worker] DEBUG net.serenitybdd.core.photography.Darkroom - Send negative for processing for C:\Users\juan.gomezv\IdeaProjects\sura\target\site\serenity\c4defe1e4f71b7a35f22431940f8ddca8b99b97d0068828f0e471a1d2b522635.png
10:08:58.424 [Forwarding getPageSource on session f605bb7895b15f8641fdaf23823295db to remote] DEBUG org.asynchttpclient.netty.request.NettyRequestSender - Using pooled Channel '[id: 0x046e9216, L:/127.0.0.1:61664 - R:localhost/127.0.0.1:58961]' for 'POST' to 'http://localhost:58961/session/f605bb7895b15f8641fdaf23823295db/execute/sync'
10:08:58.424 [Forwarding getPageSource on session f605bb7895b15f8641fdaf23823295db to remote] DEBUG org.asynchttpclient.netty.request.NettyRequestSender - Using open Channel [id: 0x046e9216, L:/127.0.0.1:61664 - R:localhost/127.0.0.1:58961] for POST '/session/f605bb7895b15f8641fdaf23823295db/execute/sync'
10:08:58.430 [AsyncHttpClient-1-16] DEBUG org.asynchttpclient.netty.handler.HttpHandler - 

Request DefaultHttpRequest(decodeResult: success, version: HTTP/1.1)
POST /session/f605bb7895b15f8641fdaf23823295db/execute/sync HTTP/1.1
User-Agent: selenium/4.4.0 (java windows)
Content-Length: 176
Content-Type: application/json; charset=utf-8
host: localhost:58961
accept: */*

Response DefaultHttpResponse(decodeResult: success, version: HTTP/1.1)
HTTP/1.1 200 OK
Content-Type: application/json; charset=utf-8
cache-control: no-cache
content-length: 15270

10:08:58.430 [AsyncHttpClient-1-16] DEBUG org.asynchttpclient.netty.channel.ChannelManager - Adding key: http://localhost:58961 for channel [id: 0x046e9216, L:/127.0.0.1:61664 - R:localhost/127.0.0.1:58961]
10:08:58.431 [Forwarding getCurrentUrl on session f605bb7895b15f8641fdaf23823295db to remote] DEBUG org.asynchttpclient.netty.request.NettyRequestSender - Using pooled Channel '[id: 0x046e9216, L:/127.0.0.1:61664 - R:localhost/127.0.0.1:58961]' for 'GET' to 'http://localhost:58961/session/f605bb7895b15f8641fdaf23823295db/url'
10:08:58.431 [Forwarding getCurrentUrl on session f605bb7895b15f8641fdaf23823295db to remote] DEBUG org.asynchttpclient.netty.request.NettyRequestSender - Using open Channel [id: 0x046e9216, L:/127.0.0.1:61664 - R:localhost/127.0.0.1:58961] for GET '/session/f605bb7895b15f8641fdaf23823295db/url'
10:08:58.434 [AsyncHttpClient-1-16] DEBUG org.asynchttpclient.netty.handler.HttpHandler - 

Request DefaultFullHttpRequest(decodeResult: success, version: HTTP/1.1, content: EmptyByteBufBE)
GET /session/f605bb7895b15f8641fdaf23823295db/url HTTP/1.1
User-Agent: selenium/4.4.0 (java windows)
Cache-Control: no-cache
Content-Type: application/json; charset=utf-8
host: localhost:58961
accept: */*

Response DefaultHttpResponse(decodeResult: success, version: HTTP/1.1)
HTTP/1.1 200 OK
Content-Type: application/json; charset=utf-8
cache-control: no-cache
content-length: 52

10:08:58.435 [AsyncHttpClient-1-16] DEBUG org.asynchttpclient.netty.channel.ChannelManager - Adding key: http://localhost:58961 for channel [id: 0x046e9216, L:/127.0.0.1:61664 - R:localhost/127.0.0.1:58961]
10:08:58.436 [Test worker] DEBUG net.thucydides.core.steps.StepInterceptor - STARTING STEP: Sort.performAs - {0} selects #value in #target
10:08:58.436 [Test worker] DEBUG net.serenitybdd.screenplay.targets.IFrameSwitcher - default content already selected for dropdown menu
10:08:58.448 [Forwarding findElement on session f605bb7895b15f8641fdaf23823295db to remote] DEBUG org.asynchttpclient.netty.request.NettyRequestSender - Using pooled Channel '[id: 0x046e9216, L:/127.0.0.1:61664 - R:localhost/127.0.0.1:58961]' for 'POST' to 'http://localhost:58961/session/f605bb7895b15f8641fdaf23823295db/element'
10:08:58.448 [Forwarding findElement on session f605bb7895b15f8641fdaf23823295db to remote] DEBUG org.asynchttpclient.netty.request.NettyRequestSender - Using open Channel [id: 0x046e9216, L:/127.0.0.1:61664 - R:localhost/127.0.0.1:58961] for POST '/session/f605bb7895b15f8641fdaf23823295db/element'
10:08:58.454 [AsyncHttpClient-1-16] DEBUG org.asynchttpclient.netty.handler.HttpHandler - 

Request DefaultHttpRequest(decodeResult: success, version: HTTP/1.1)
POST /session/f605bb7895b15f8641fdaf23823295db/element HTTP/1.1
User-Agent: selenium/4.4.0 (java windows)
Content-Length: 81
Content-Type: application/json; charset=utf-8
host: localhost:58961
accept: */*

Response DefaultHttpResponse(decodeResult: success, version: HTTP/1.1)
HTTP/1.1 200 OK
Content-Type: application/json; charset=utf-8
cache-control: no-cache
content-length: 88

10:08:58.454 [AsyncHttpClient-1-16] DEBUG org.asynchttpclient.netty.channel.ChannelManager - Adding key: http://localhost:58961 for channel [id: 0x046e9216, L:/127.0.0.1:61664 - R:localhost/127.0.0.1:58961]
10:08:58.458 [Forwarding getElementTagName on session f605bb7895b15f8641fdaf23823295db to remote] DEBUG org.asynchttpclient.netty.request.NettyRequestSender - Using pooled Channel '[id: 0x046e9216, L:/127.0.0.1:61664 - R:localhost/127.0.0.1:58961]' for 'GET' to 'http://localhost:58961/session/f605bb7895b15f8641fdaf23823295db/element/e5f7bd48-4e1f-4201-8705-231a7ae9252f/name'
10:08:58.458 [Forwarding getElementTagName on session f605bb7895b15f8641fdaf23823295db to remote] DEBUG org.asynchttpclient.netty.request.NettyRequestSender - Using open Channel [id: 0x046e9216, L:/127.0.0.1:61664 - R:localhost/127.0.0.1:58961] for GET '/session/f605bb7895b15f8641fdaf23823295db/element/e5f7bd48-4e1f-4201-8705-231a7ae9252f/name'
10:08:58.462 [AsyncHttpClient-1-16] DEBUG org.asynchttpclient.netty.handler.HttpHandler - 

Request DefaultFullHttpRequest(decodeResult: success, version: HTTP/1.1, content: EmptyByteBufBE)
GET /session/f605bb7895b15f8641fdaf23823295db/element/e5f7bd48-4e1f-4201-8705-231a7ae9252f/name HTTP/1.1
User-Agent: selenium/4.4.0 (java windows)
Cache-Control: no-cache
Content-Type: application/json; charset=utf-8
host: localhost:58961
accept: */*

Response DefaultHttpResponse(decodeResult: success, version: HTTP/1.1)
HTTP/1.1 200 OK
Content-Type: application/json; charset=utf-8
cache-control: no-cache
content-length: 18

10:08:58.462 [AsyncHttpClient-1-16] DEBUG org.asynchttpclient.netty.channel.ChannelManager - Adding key: http://localhost:58961 for channel [id: 0x046e9216, L:/127.0.0.1:61664 - R:localhost/127.0.0.1:58961]
10:08:58.465 [Forwarding getElementTagName on session f605bb7895b15f8641fdaf23823295db to remote] DEBUG org.asynchttpclient.netty.request.NettyRequestSender - Using pooled Channel '[id: 0x046e9216, L:/127.0.0.1:61664 - R:localhost/127.0.0.1:58961]' for 'GET' to 'http://localhost:58961/session/f605bb7895b15f8641fdaf23823295db/element/e5f7bd48-4e1f-4201-8705-231a7ae9252f/name'
10:08:58.465 [Forwarding getElementTagName on session f605bb7895b15f8641fdaf23823295db to remote] DEBUG org.asynchttpclient.netty.request.NettyRequestSender - Using open Channel [id: 0x046e9216, L:/127.0.0.1:61664 - R:localhost/127.0.0.1:58961] for GET '/session/f605bb7895b15f8641fdaf23823295db/element/e5f7bd48-4e1f-4201-8705-231a7ae9252f/name'
10:08:58.468 [AsyncHttpClient-1-16] DEBUG org.asynchttpclient.netty.handler.HttpHandler - 

Request DefaultFullHttpRequest(decodeResult: success, version: HTTP/1.1, content: EmptyByteBufBE)
GET /session/f605bb7895b15f8641fdaf23823295db/element/e5f7bd48-4e1f-4201-8705-231a7ae9252f/name HTTP/1.1
User-Agent: selenium/4.4.0 (java windows)
Cache-Control: no-cache
Content-Type: application/json; charset=utf-8
host: localhost:58961
accept: */*

Response DefaultHttpResponse(decodeResult: success, version: HTTP/1.1)
HTTP/1.1 200 OK
Content-Type: application/json; charset=utf-8
cache-control: no-cache
content-length: 18

10:08:58.468 [AsyncHttpClient-1-16] DEBUG org.asynchttpclient.netty.channel.ChannelManager - Adding key: http://localhost:58961 for channel [id: 0x046e9216, L:/127.0.0.1:61664 - R:localhost/127.0.0.1:58961]
10:08:58.477 [Forwarding isElementEnabled on session f605bb7895b15f8641fdaf23823295db to remote] DEBUG org.asynchttpclient.netty.request.NettyRequestSender - Using pooled Channel '[id: 0x046e9216, L:/127.0.0.1:61664 - R:localhost/127.0.0.1:58961]' for 'GET' to 'http://localhost:58961/session/f605bb7895b15f8641fdaf23823295db/element/e5f7bd48-4e1f-4201-8705-231a7ae9252f/enabled'
10:08:58.477 [Forwarding isElementEnabled on session f605bb7895b15f8641fdaf23823295db to remote] DEBUG org.asynchttpclient.netty.request.NettyRequestSender - Using open Channel [id: 0x046e9216, L:/127.0.0.1:61664 - R:localhost/127.0.0.1:58961] for GET '/session/f605bb7895b15f8641fdaf23823295db/element/e5f7bd48-4e1f-4201-8705-231a7ae9252f/enabled'
10:08:58.484 [AsyncHttpClient-1-16] DEBUG org.asynchttpclient.netty.handler.HttpHandler - 

Request DefaultFullHttpRequest(decodeResult: success, version: HTTP/1.1, content: EmptyByteBufBE)
GET /session/f605bb7895b15f8641fdaf23823295db/element/e5f7bd48-4e1f-4201-8705-231a7ae9252f/enabled HTTP/1.1
User-Agent: selenium/4.4.0 (java windows)
Cache-Control: no-cache
Content-Type: application/json; charset=utf-8
host: localhost:58961
accept: */*

Response DefaultHttpResponse(decodeResult: success, version: HTTP/1.1)
HTTP/1.1 200 OK
Content-Type: application/json; charset=utf-8
cache-control: no-cache
content-length: 14

10:08:58.484 [AsyncHttpClient-1-16] DEBUG org.asynchttpclient.netty.channel.ChannelManager - Adding key: http://localhost:58961 for channel [id: 0x046e9216, L:/127.0.0.1:61664 - R:localhost/127.0.0.1:58961]
10:08:58.488 [Forwarding isElementEnabled on session f605bb7895b15f8641fdaf23823295db to remote] DEBUG org.asynchttpclient.netty.request.NettyRequestSender - Using pooled Channel '[id: 0x046e9216, L:/127.0.0.1:61664 - R:localhost/127.0.0.1:58961]' for 'GET' to 'http://localhost:58961/session/f605bb7895b15f8641fdaf23823295db/element/e5f7bd48-4e1f-4201-8705-231a7ae9252f/enabled'
10:08:58.488 [Forwarding isElementEnabled on session f605bb7895b15f8641fdaf23823295db to remote] DEBUG org.asynchttpclient.netty.request.NettyRequestSender - Using open Channel [id: 0x046e9216, L:/127.0.0.1:61664 - R:localhost/127.0.0.1:58961] for GET '/session/f605bb7895b15f8641fdaf23823295db/element/e5f7bd48-4e1f-4201-8705-231a7ae9252f/enabled'
10:08:58.493 [AsyncHttpClient-1-16] DEBUG org.asynchttpclient.netty.handler.HttpHandler - 

Request DefaultFullHttpRequest(decodeResult: success, version: HTTP/1.1, content: EmptyByteBufBE)
GET /session/f605bb7895b15f8641fdaf23823295db/element/e5f7bd48-4e1f-4201-8705-231a7ae9252f/enabled HTTP/1.1
User-Agent: selenium/4.4.0 (java windows)
Cache-Control: no-cache
Content-Type: application/json; charset=utf-8
host: localhost:58961
accept: */*

Response DefaultHttpResponse(decodeResult: success, version: HTTP/1.1)
HTTP/1.1 200 OK
Content-Type: application/json; charset=utf-8
cache-control: no-cache
content-length: 14

10:08:58.493 [AsyncHttpClient-1-16] DEBUG org.asynchttpclient.netty.channel.ChannelManager - Adding key: http://localhost:58961 for channel [id: 0x046e9216, L:/127.0.0.1:61664 - R:localhost/127.0.0.1:58961]
10:08:58.500 [Forwarding findElement on session f605bb7895b15f8641fdaf23823295db to remote] DEBUG org.asynchttpclient.netty.request.NettyRequestSender - Using pooled Channel '[id: 0x046e9216, L:/127.0.0.1:61664 - R:localhost/127.0.0.1:58961]' for 'POST' to 'http://localhost:58961/session/f605bb7895b15f8641fdaf23823295db/element'
10:08:58.500 [Forwarding findElement on session f605bb7895b15f8641fdaf23823295db to remote] DEBUG org.asynchttpclient.netty.request.NettyRequestSender - Using open Channel [id: 0x046e9216, L:/127.0.0.1:61664 - R:localhost/127.0.0.1:58961] for POST '/session/f605bb7895b15f8641fdaf23823295db/element'
10:08:58.506 [AsyncHttpClient-1-16] DEBUG org.asynchttpclient.netty.handler.HttpHandler - 

Request DefaultHttpRequest(decodeResult: success, version: HTTP/1.1)
POST /session/f605bb7895b15f8641fdaf23823295db/element HTTP/1.1
User-Agent: selenium/4.4.0 (java windows)
Content-Length: 81
Content-Type: application/json; charset=utf-8
host: localhost:58961
accept: */*

Response DefaultHttpResponse(decodeResult: success, version: HTTP/1.1)
HTTP/1.1 200 OK
Content-Type: application/json; charset=utf-8
cache-control: no-cache
content-length: 88

10:08:58.506 [AsyncHttpClient-1-16] DEBUG org.asynchttpclient.netty.channel.ChannelManager - Adding key: http://localhost:58961 for channel [id: 0x046e9216, L:/127.0.0.1:61664 - R:localhost/127.0.0.1:58961]
10:08:58.506 [Forwarding getElementTagName on session f605bb7895b15f8641fdaf23823295db to remote] DEBUG org.asynchttpclient.netty.request.NettyRequestSender - Using pooled Channel '[id: 0x046e9216, L:/127.0.0.1:61664 - R:localhost/127.0.0.1:58961]' for 'GET' to 'http://localhost:58961/session/f605bb7895b15f8641fdaf23823295db/element/e5f7bd48-4e1f-4201-8705-231a7ae9252f/name'
10:08:58.506 [Forwarding getElementTagName on session f605bb7895b15f8641fdaf23823295db to remote] DEBUG org.asynchttpclient.netty.request.NettyRequestSender - Using open Channel [id: 0x046e9216, L:/127.0.0.1:61664 - R:localhost/127.0.0.1:58961] for GET '/session/f605bb7895b15f8641fdaf23823295db/element/e5f7bd48-4e1f-4201-8705-231a7ae9252f/name'
10:08:58.509 [AsyncHttpClient-1-16] DEBUG org.asynchttpclient.netty.handler.HttpHandler - 

Request DefaultFullHttpRequest(decodeResult: success, version: HTTP/1.1, content: EmptyByteBufBE)
GET /session/f605bb7895b15f8641fdaf23823295db/element/e5f7bd48-4e1f-4201-8705-231a7ae9252f/name HTTP/1.1
User-Agent: selenium/4.4.0 (java windows)
Cache-Control: no-cache
Content-Type: application/json; charset=utf-8
host: localhost:58961
accept: */*

Response DefaultHttpResponse(decodeResult: success, version: HTTP/1.1)
HTTP/1.1 200 OK
Content-Type: application/json; charset=utf-8
cache-control: no-cache
content-length: 18

10:08:58.509 [AsyncHttpClient-1-16] DEBUG org.asynchttpclient.netty.channel.ChannelManager - Adding key: http://localhost:58961 for channel [id: 0x046e9216, L:/127.0.0.1:61664 - R:localhost/127.0.0.1:58961]
10:08:58.510 [Forwarding getElementDomAttribute on session f605bb7895b15f8641fdaf23823295db to remote] DEBUG org.asynchttpclient.netty.request.NettyRequestSender - Using pooled Channel '[id: 0x046e9216, L:/127.0.0.1:61664 - R:localhost/127.0.0.1:58961]' for 'GET' to 'http://localhost:58961/session/f605bb7895b15f8641fdaf23823295db/element/e5f7bd48-4e1f-4201-8705-231a7ae9252f/attribute/multiple'
10:08:58.510 [Forwarding getElementDomAttribute on session f605bb7895b15f8641fdaf23823295db to remote] DEBUG org.asynchttpclient.netty.request.NettyRequestSender - Using open Channel [id: 0x046e9216, L:/127.0.0.1:61664 - R:localhost/127.0.0.1:58961] for GET '/session/f605bb7895b15f8641fdaf23823295db/element/e5f7bd48-4e1f-4201-8705-231a7ae9252f/attribute/multiple'
10:08:58.513 [AsyncHttpClient-1-16] DEBUG org.asynchttpclient.netty.handler.HttpHandler - 

Request DefaultFullHttpRequest(decodeResult: success, version: HTTP/1.1, content: EmptyByteBufBE)
GET /session/f605bb7895b15f8641fdaf23823295db/element/e5f7bd48-4e1f-4201-8705-231a7ae9252f/attribute/multiple HTTP/1.1
User-Agent: selenium/4.4.0 (java windows)
Cache-Control: no-cache
Content-Type: application/json; charset=utf-8
host: localhost:58961
accept: */*

Response DefaultHttpResponse(decodeResult: success, version: HTTP/1.1)
HTTP/1.1 200 OK
Content-Type: application/json; charset=utf-8
cache-control: no-cache
content-length: 14

10:08:58.513 [AsyncHttpClient-1-16] DEBUG org.asynchttpclient.netty.channel.ChannelManager - Adding key: http://localhost:58961 for channel [id: 0x046e9216, L:/127.0.0.1:61664 - R:localhost/127.0.0.1:58961]
10:08:58.515 [Forwarding findChildElements on session f605bb7895b15f8641fdaf23823295db to remote] DEBUG org.asynchttpclient.netty.request.NettyRequestSender - Using pooled Channel '[id: 0x046e9216, L:/127.0.0.1:61664 - R:localhost/127.0.0.1:58961]' for 'POST' to 'http://localhost:58961/session/f605bb7895b15f8641fdaf23823295db/element/e5f7bd48-4e1f-4201-8705-231a7ae9252f/elements'
10:08:58.515 [Forwarding findChildElements on session f605bb7895b15f8641fdaf23823295db to remote] DEBUG org.asynchttpclient.netty.request.NettyRequestSender - Using open Channel [id: 0x046e9216, L:/127.0.0.1:61664 - R:localhost/127.0.0.1:58961] for POST '/session/f605bb7895b15f8641fdaf23823295db/element/e5f7bd48-4e1f-4201-8705-231a7ae9252f/elements'
10:08:58.523 [AsyncHttpClient-1-16] DEBUG org.asynchttpclient.netty.handler.HttpHandler - 

Request DefaultHttpRequest(decodeResult: success, version: HTTP/1.1)
POST /session/f605bb7895b15f8641fdaf23823295db/element/e5f7bd48-4e1f-4201-8705-231a7ae9252f/elements HTTP/1.1
User-Agent: selenium/4.4.0 (java windows)
Content-Length: 121
Content-Type: application/json; charset=utf-8
host: localhost:58961
accept: */*

Response DefaultHttpResponse(decodeResult: success, version: HTTP/1.1)
HTTP/1.1 200 OK
Content-Type: application/json; charset=utf-8
cache-control: no-cache
content-length: 90

10:08:58.523 [AsyncHttpClient-1-16] DEBUG org.asynchttpclient.netty.channel.ChannelManager - Adding key: http://localhost:58961 for channel [id: 0x046e9216, L:/127.0.0.1:61664 - R:localhost/127.0.0.1:58961]
10:08:58.524 [Forwarding isElementSelected on session f605bb7895b15f8641fdaf23823295db to remote] DEBUG org.asynchttpclient.netty.request.NettyRequestSender - Using pooled Channel '[id: 0x046e9216, L:/127.0.0.1:61664 - R:localhost/127.0.0.1:58961]' for 'GET' to 'http://localhost:58961/session/f605bb7895b15f8641fdaf23823295db/element/4c95687b-1527-416b-8dbc-f1c55971a940/selected'
10:08:58.524 [Forwarding isElementSelected on session f605bb7895b15f8641fdaf23823295db to remote] DEBUG org.asynchttpclient.netty.request.NettyRequestSender - Using open Channel [id: 0x046e9216, L:/127.0.0.1:61664 - R:localhost/127.0.0.1:58961] for GET '/session/f605bb7895b15f8641fdaf23823295db/element/4c95687b-1527-416b-8dbc-f1c55971a940/selected'
10:08:58.531 [AsyncHttpClient-1-16] DEBUG org.asynchttpclient.netty.handler.HttpHandler - 

Request DefaultFullHttpRequest(decodeResult: success, version: HTTP/1.1, content: EmptyByteBufBE)
GET /session/f605bb7895b15f8641fdaf23823295db/element/4c95687b-1527-416b-8dbc-f1c55971a940/selected HTTP/1.1
User-Agent: selenium/4.4.0 (java windows)
Cache-Control: no-cache
Content-Type: application/json; charset=utf-8
host: localhost:58961
accept: */*

Response DefaultHttpResponse(decodeResult: success, version: HTTP/1.1)
HTTP/1.1 200 OK
Content-Type: application/json; charset=utf-8
cache-control: no-cache
content-length: 14

10:08:58.531 [AsyncHttpClient-1-16] DEBUG org.asynchttpclient.netty.channel.ChannelManager - Adding key: http://localhost:58961 for channel [id: 0x046e9216, L:/127.0.0.1:61664 - R:localhost/127.0.0.1:58961]
10:08:58.547 [Forwarding getCurrentWindowHandle on session f605bb7895b15f8641fdaf23823295db to remote] DEBUG org.asynchttpclient.netty.request.NettyRequestSender - Using pooled Channel '[id: 0x046e9216, L:/127.0.0.1:61664 - R:localhost/127.0.0.1:58961]' for 'GET' to 'http://localhost:58961/session/f605bb7895b15f8641fdaf23823295db/window'
10:08:58.547 [Forwarding getCurrentWindowHandle on session f605bb7895b15f8641fdaf23823295db to remote] DEBUG org.asynchttpclient.netty.request.NettyRequestSender - Using open Channel [id: 0x046e9216, L:/127.0.0.1:61664 - R:localhost/127.0.0.1:58961] for GET '/session/f605bb7895b15f8641fdaf23823295db/window'
10:08:58.547 [AsyncHttpClient-1-16] DEBUG org.asynchttpclient.netty.handler.HttpHandler - 

Request DefaultFullHttpRequest(decodeResult: success, version: HTTP/1.1, content: EmptyByteBufBE)
GET /session/f605bb7895b15f8641fdaf23823295db/window HTTP/1.1
User-Agent: selenium/4.4.0 (java windows)
Cache-Control: no-cache
Content-Type: application/json; charset=utf-8
host: localhost:58961
accept: */*

Response DefaultHttpResponse(decodeResult: success, version: HTTP/1.1)
HTTP/1.1 200 OK
Content-Type: application/json; charset=utf-8
cache-control: no-cache
content-length: 53

10:08:58.547 [AsyncHttpClient-1-16] DEBUG org.asynchttpclient.netty.channel.ChannelManager - Adding key: http://localhost:58961 for channel [id: 0x046e9216, L:/127.0.0.1:61664 - R:localhost/127.0.0.1:58961]
10:08:58.553 [Forwarding getAlertText on session f605bb7895b15f8641fdaf23823295db to remote] DEBUG org.asynchttpclient.netty.request.NettyRequestSender - Using pooled Channel '[id: 0x046e9216, L:/127.0.0.1:61664 - R:localhost/127.0.0.1:58961]' for 'GET' to 'http://localhost:58961/session/f605bb7895b15f8641fdaf23823295db/alert/text'
10:08:58.553 [Forwarding getAlertText on session f605bb7895b15f8641fdaf23823295db to remote] DEBUG org.asynchttpclient.netty.request.NettyRequestSender - Using open Channel [id: 0x046e9216, L:/127.0.0.1:61664 - R:localhost/127.0.0.1:58961] for GET '/session/f605bb7895b15f8641fdaf23823295db/alert/text'
10:08:58.559 [AsyncHttpClient-1-16] DEBUG org.asynchttpclient.netty.handler.HttpHandler - 

Request DefaultFullHttpRequest(decodeResult: success, version: HTTP/1.1, content: EmptyByteBufBE)
GET /session/f605bb7895b15f8641fdaf23823295db/alert/text HTTP/1.1
User-Agent: selenium/4.4.0 (java windows)
Cache-Control: no-cache
Content-Type: application/json; charset=utf-8
host: localhost:58961
accept: */*

Response DefaultHttpResponse(decodeResult: success, version: HTTP/1.1)
HTTP/1.1 404 Not Found
Content-Type: application/json; charset=utf-8
cache-control: no-cache
content-length: 879

10:08:58.559 [AsyncHttpClient-1-16] DEBUG org.asynchttpclient.netty.channel.ChannelManager - Adding key: http://localhost:58961 for channel [id: 0x046e9216, L:/127.0.0.1:61664 - R:localhost/127.0.0.1:58961]
10:08:58.568 [Forwarding switchToWindow on session f605bb7895b15f8641fdaf23823295db to remote] DEBUG org.asynchttpclient.netty.request.NettyRequestSender - Using pooled Channel '[id: 0x046e9216, L:/127.0.0.1:61664 - R:localhost/127.0.0.1:58961]' for 'POST' to 'http://localhost:58961/session/f605bb7895b15f8641fdaf23823295db/window'
10:08:58.568 [Forwarding switchToWindow on session f605bb7895b15f8641fdaf23823295db to remote] DEBUG org.asynchttpclient.netty.request.NettyRequestSender - Using open Channel [id: 0x046e9216, L:/127.0.0.1:61664 - R:localhost/127.0.0.1:58961] for POST '/session/f605bb7895b15f8641fdaf23823295db/window'
10:08:58.571 [AsyncHttpClient-1-16] DEBUG org.asynchttpclient.netty.handler.HttpHandler - 

Request DefaultHttpRequest(decodeResult: success, version: HTTP/1.1)
POST /session/f605bb7895b15f8641fdaf23823295db/window HTTP/1.1
User-Agent: selenium/4.4.0 (java windows)
Content-Length: 59
Content-Type: application/json; charset=utf-8
host: localhost:58961
accept: */*

Response DefaultHttpResponse(decodeResult: success, version: HTTP/1.1)
HTTP/1.1 200 OK
Content-Type: application/json; charset=utf-8
cache-control: no-cache
content-length: 14

10:08:58.571 [AsyncHttpClient-1-16] DEBUG org.asynchttpclient.netty.channel.ChannelManager - Adding key: http://localhost:58961 for channel [id: 0x046e9216, L:/127.0.0.1:61664 - R:localhost/127.0.0.1:58961]
10:08:58.572 [Forwarding getCurrentUrl on session f605bb7895b15f8641fdaf23823295db to remote] DEBUG org.asynchttpclient.netty.request.NettyRequestSender - Using pooled Channel '[id: 0x046e9216, L:/127.0.0.1:61664 - R:localhost/127.0.0.1:58961]' for 'GET' to 'http://localhost:58961/session/f605bb7895b15f8641fdaf23823295db/url'
10:08:58.572 [Forwarding getCurrentUrl on session f605bb7895b15f8641fdaf23823295db to remote] DEBUG org.asynchttpclient.netty.request.NettyRequestSender - Using open Channel [id: 0x046e9216, L:/127.0.0.1:61664 - R:localhost/127.0.0.1:58961] for GET '/session/f605bb7895b15f8641fdaf23823295db/url'
10:08:58.579 [AsyncHttpClient-1-16] DEBUG org.asynchttpclient.netty.handler.HttpHandler - 

Request DefaultFullHttpRequest(decodeResult: success, version: HTTP/1.1, content: EmptyByteBufBE)
GET /session/f605bb7895b15f8641fdaf23823295db/url HTTP/1.1
User-Agent: selenium/4.4.0 (java windows)
Cache-Control: no-cache
Content-Type: application/json; charset=utf-8
host: localhost:58961
accept: */*

Response DefaultHttpResponse(decodeResult: success, version: HTTP/1.1)
HTTP/1.1 200 OK
Content-Type: application/json; charset=utf-8
cache-control: no-cache
content-length: 52

10:08:58.579 [AsyncHttpClient-1-16] DEBUG org.asynchttpclient.netty.channel.ChannelManager - Adding key: http://localhost:58961 for channel [id: 0x046e9216, L:/127.0.0.1:61664 - R:localhost/127.0.0.1:58961]
10:08:58.579 [Forwarding screenshot on session f605bb7895b15f8641fdaf23823295db to remote] DEBUG org.asynchttpclient.netty.request.NettyRequestSender - Using pooled Channel '[id: 0x046e9216, L:/127.0.0.1:61664 - R:localhost/127.0.0.1:58961]' for 'GET' to 'http://localhost:58961/session/f605bb7895b15f8641fdaf23823295db/screenshot'
10:08:58.579 [Forwarding screenshot on session f605bb7895b15f8641fdaf23823295db to remote] DEBUG org.asynchttpclient.netty.request.NettyRequestSender - Using open Channel [id: 0x046e9216, L:/127.0.0.1:61664 - R:localhost/127.0.0.1:58961] for GET '/session/f605bb7895b15f8641fdaf23823295db/screenshot'
10:08:58.694 [AsyncHttpClient-1-16] DEBUG org.asynchttpclient.netty.handler.HttpHandler - 

Request DefaultFullHttpRequest(decodeResult: success, version: HTTP/1.1, content: EmptyByteBufBE)
GET /session/f605bb7895b15f8641fdaf23823295db/screenshot HTTP/1.1
User-Agent: selenium/4.4.0 (java windows)
Cache-Control: no-cache
Content-Type: application/json; charset=utf-8
host: localhost:58961
accept: */*

Response DefaultHttpResponse(decodeResult: success, version: HTTP/1.1)
HTTP/1.1 200 OK
Content-Type: application/json; charset=utf-8
cache-control: no-cache
content-length: 374652

10:08:58.694 [AsyncHttpClient-1-16] DEBUG org.asynchttpclient.netty.channel.ChannelManager - Adding key: http://localhost:58961 for channel [id: 0x046e9216, L:/127.0.0.1:61664 - R:localhost/127.0.0.1:58961]
10:08:58.700 [Test worker] DEBUG net.serenitybdd.core.photography.Darkroom - Send negative for processing for C:\Users\juan.gomezv\IdeaProjects\sura\target\site\serenity\c4defe1e4f71b7a35f22431940f8ddca8b99b97d0068828f0e471a1d2b522635.png
10:08:58.700 [Test worker] DEBUG net.thucydides.core.steps.StepInterceptor - STEP DONE: {0} selects #value in #target
10:08:58.708 [Test worker] DEBUG net.thucydides.core.steps.StepInterceptor - STEP DONE: performAs
10:08:58.717 [Test worker] DEBUG net.thucydides.core.steps.StepInterceptor - STEP DONE: performAs
  ?[32mCuando ?[0m?[32m?[0m?[32m?[1mAna?[0m?[32m selecciona la opcion ?[0m?[32m?[1m"FROM_A_TO_Z"?[0m?[32m del menu desplegable?[0m               ?[90m# sura.stepDefinitions.SearchSteps.seleccionaLaOpcionDelMenuDesplegable(net.serenitybdd.screenplay.Actor,java.lang.String)?[0m
10:08:58.730 [Forwarding getPageSource on session f605bb7895b15f8641fdaf23823295db to remote] DEBUG org.asynchttpclient.netty.request.NettyRequestSender - Using pooled Channel '[id: 0x046e9216, L:/127.0.0.1:61664 - R:localhost/127.0.0.1:58961]' for 'POST' to 'http://localhost:58961/session/f605bb7895b15f8641fdaf23823295db/execute/sync'
10:08:58.730 [Forwarding getPageSource on session f605bb7895b15f8641fdaf23823295db to remote] DEBUG org.asynchttpclient.netty.request.NettyRequestSender - Using open Channel [id: 0x046e9216, L:/127.0.0.1:61664 - R:localhost/127.0.0.1:58961] for POST '/session/f605bb7895b15f8641fdaf23823295db/execute/sync'
10:08:58.734 [AsyncHttpClient-1-16] DEBUG org.asynchttpclient.netty.handler.HttpHandler - 

Request DefaultHttpRequest(decodeResult: success, version: HTTP/1.1)
POST /session/f605bb7895b15f8641fdaf23823295db/execute/sync HTTP/1.1
User-Agent: selenium/4.4.0 (java windows)
Content-Length: 176
Content-Type: application/json; charset=utf-8
host: localhost:58961
accept: */*

Response DefaultHttpResponse(decodeResult: success, version: HTTP/1.1)
HTTP/1.1 200 OK
Content-Type: application/json; charset=utf-8
cache-control: no-cache
content-length: 15270

10:08:58.734 [AsyncHttpClient-1-16] DEBUG org.asynchttpclient.netty.channel.ChannelManager - Adding key: http://localhost:58961 for channel [id: 0x046e9216, L:/127.0.0.1:61664 - R:localhost/127.0.0.1:58961]
10:08:58.735 [Forwarding getCurrentUrl on session f605bb7895b15f8641fdaf23823295db to remote] DEBUG org.asynchttpclient.netty.request.NettyRequestSender - Using pooled Channel '[id: 0x046e9216, L:/127.0.0.1:61664 - R:localhost/127.0.0.1:58961]' for 'GET' to 'http://localhost:58961/session/f605bb7895b15f8641fdaf23823295db/url'
10:08:58.735 [Forwarding getCurrentUrl on session f605bb7895b15f8641fdaf23823295db to remote] DEBUG org.asynchttpclient.netty.request.NettyRequestSender - Using open Channel [id: 0x046e9216, L:/127.0.0.1:61664 - R:localhost/127.0.0.1:58961] for GET '/session/f605bb7895b15f8641fdaf23823295db/url'
10:08:58.737 [AsyncHttpClient-1-16] DEBUG org.asynchttpclient.netty.handler.HttpHandler - 

Request DefaultFullHttpRequest(decodeResult: success, version: HTTP/1.1, content: EmptyByteBufBE)
GET /session/f605bb7895b15f8641fdaf23823295db/url HTTP/1.1
User-Agent: selenium/4.4.0 (java windows)
Cache-Control: no-cache
Content-Type: application/json; charset=utf-8
host: localhost:58961
accept: */*

Response DefaultHttpResponse(decodeResult: success, version: HTTP/1.1)
HTTP/1.1 200 OK
Content-Type: application/json; charset=utf-8
cache-control: no-cache
content-length: 52

10:08:58.737 [AsyncHttpClient-1-16] DEBUG org.asynchttpclient.netty.channel.ChannelManager - Adding key: http://localhost:58961 for channel [id: 0x046e9216, L:/127.0.0.1:61664 - R:localhost/127.0.0.1:58961]
10:08:58.741 [Forwarding findElements on session f605bb7895b15f8641fdaf23823295db to remote] DEBUG org.asynchttpclient.netty.request.NettyRequestSender - Using pooled Channel '[id: 0x046e9216, L:/127.0.0.1:61664 - R:localhost/127.0.0.1:58961]' for 'POST' to 'http://localhost:58961/session/f605bb7895b15f8641fdaf23823295db/elements'
10:08:58.742 [Forwarding findElements on session f605bb7895b15f8641fdaf23823295db to remote] DEBUG org.asynchttpclient.netty.request.NettyRequestSender - Using open Channel [id: 0x046e9216, L:/127.0.0.1:61664 - R:localhost/127.0.0.1:58961] for POST '/session/f605bb7895b15f8641fdaf23823295db/elements'
10:08:58.749 [AsyncHttpClient-1-16] DEBUG org.asynchttpclient.netty.handler.HttpHandler - 

Request DefaultHttpRequest(decodeResult: success, version: HTTP/1.1)
POST /session/f605bb7895b15f8641fdaf23823295db/elements HTTP/1.1
User-Agent: selenium/4.4.0 (java windows)
Content-Length: 59
Content-Type: application/json; charset=utf-8
host: localhost:58961
accept: */*

Response DefaultHttpResponse(decodeResult: success, version: HTTP/1.1)
HTTP/1.1 200 OK
Content-Type: application/json; charset=utf-8
cache-control: no-cache
content-length: 90

10:08:58.749 [AsyncHttpClient-1-16] DEBUG org.asynchttpclient.netty.channel.ChannelManager - Adding key: http://localhost:58961 for channel [id: 0x046e9216, L:/127.0.0.1:61664 - R:localhost/127.0.0.1:58961]
10:08:58.756 [Forwarding getElementText on session f605bb7895b15f8641fdaf23823295db to remote] DEBUG org.asynchttpclient.netty.request.NettyRequestSender - Using pooled Channel '[id: 0x046e9216, L:/127.0.0.1:61664 - R:localhost/127.0.0.1:58961]' for 'GET' to 'http://localhost:58961/session/f605bb7895b15f8641fdaf23823295db/element/834671ea-208b-44cf-ab9d-948d32e31b9e/text'
10:08:58.756 [Forwarding getElementText on session f605bb7895b15f8641fdaf23823295db to remote] DEBUG org.asynchttpclient.netty.request.NettyRequestSender - Using open Channel [id: 0x046e9216, L:/127.0.0.1:61664 - R:localhost/127.0.0.1:58961] for GET '/session/f605bb7895b15f8641fdaf23823295db/element/834671ea-208b-44cf-ab9d-948d32e31b9e/text'
10:08:58.777 [AsyncHttpClient-1-16] DEBUG org.asynchttpclient.netty.handler.HttpHandler - 

Request DefaultFullHttpRequest(decodeResult: success, version: HTTP/1.1, content: EmptyByteBufBE)
GET /session/f605bb7895b15f8641fdaf23823295db/element/834671ea-208b-44cf-ab9d-948d32e31b9e/text HTTP/1.1
User-Agent: selenium/4.4.0 (java windows)
Cache-Control: no-cache
Content-Type: application/json; charset=utf-8
host: localhost:58961
accept: */*

Response DefaultHttpResponse(decodeResult: success, version: HTTP/1.1)
HTTP/1.1 200 OK
Content-Type: application/json; charset=utf-8
cache-control: no-cache
content-length: 1209

10:08:58.777 [AsyncHttpClient-1-16] DEBUG org.asynchttpclient.netty.channel.ChannelManager - Adding key: http://localhost:58961 for channel [id: 0x046e9216, L:/127.0.0.1:61664 - R:localhost/127.0.0.1:58961]
  ?[32mEntonces ?[0m?[32m?[0m?[32m?[1mAna?[0m?[32m ve que el primer articulo contiene la palabra ?[0m?[32m?[1m"Backpack"?[0m            ?[90m# sura.stepDefinitions.SearchSteps.anaVeQueElPrimerArticuloContieneLaPalabraJacket(net.serenitybdd.screenplay.Actor,java.lang.String)?[0m
10:08:58.788 [Forwarding getCurrentWindowHandle on session f605bb7895b15f8641fdaf23823295db to remote] DEBUG org.asynchttpclient.netty.request.NettyRequestSender - Using pooled Channel '[id: 0x046e9216, L:/127.0.0.1:61664 - R:localhost/127.0.0.1:58961]' for 'GET' to 'http://localhost:58961/session/f605bb7895b15f8641fdaf23823295db/window'
10:08:58.788 [Forwarding getCurrentWindowHandle on session f605bb7895b15f8641fdaf23823295db to remote] DEBUG org.asynchttpclient.netty.request.NettyRequestSender - Using open Channel [id: 0x046e9216, L:/127.0.0.1:61664 - R:localhost/127.0.0.1:58961] for GET '/session/f605bb7895b15f8641fdaf23823295db/window'
10:08:58.789 [AsyncHttpClient-1-16] DEBUG org.asynchttpclient.netty.handler.HttpHandler - 

Request DefaultFullHttpRequest(decodeResult: success, version: HTTP/1.1, content: EmptyByteBufBE)
GET /session/f605bb7895b15f8641fdaf23823295db/window HTTP/1.1
User-Agent: selenium/4.4.0 (java windows)
Cache-Control: no-cache
Content-Type: application/json; charset=utf-8
host: localhost:58961
accept: */*

Response DefaultHttpResponse(decodeResult: success, version: HTTP/1.1)
HTTP/1.1 200 OK
Content-Type: application/json; charset=utf-8
cache-control: no-cache
content-length: 53

10:08:58.789 [AsyncHttpClient-1-16] DEBUG org.asynchttpclient.netty.channel.ChannelManager - Adding key: http://localhost:58961 for channel [id: 0x046e9216, L:/127.0.0.1:61664 - R:localhost/127.0.0.1:58961]
10:08:58.791 [Forwarding getAlertText on session f605bb7895b15f8641fdaf23823295db to remote] DEBUG org.asynchttpclient.netty.request.NettyRequestSender - Using pooled Channel '[id: 0x046e9216, L:/127.0.0.1:61664 - R:localhost/127.0.0.1:58961]' for 'GET' to 'http://localhost:58961/session/f605bb7895b15f8641fdaf23823295db/alert/text'
10:08:58.791 [Forwarding getAlertText on session f605bb7895b15f8641fdaf23823295db to remote] DEBUG org.asynchttpclient.netty.request.NettyRequestSender - Using open Channel [id: 0x046e9216, L:/127.0.0.1:61664 - R:localhost/127.0.0.1:58961] for GET '/session/f605bb7895b15f8641fdaf23823295db/alert/text'
10:08:58.793 [AsyncHttpClient-1-16] DEBUG org.asynchttpclient.netty.handler.HttpHandler - 

Request DefaultFullHttpRequest(decodeResult: success, version: HTTP/1.1, content: EmptyByteBufBE)
GET /session/f605bb7895b15f8641fdaf23823295db/alert/text HTTP/1.1
User-Agent: selenium/4.4.0 (java windows)
Cache-Control: no-cache
Content-Type: application/json; charset=utf-8
host: localhost:58961
accept: */*

Response DefaultHttpResponse(decodeResult: success, version: HTTP/1.1)
HTTP/1.1 404 Not Found
Content-Type: application/json; charset=utf-8
cache-control: no-cache
content-length: 879

10:08:58.793 [AsyncHttpClient-1-16] DEBUG org.asynchttpclient.netty.channel.ChannelManager - Adding key: http://localhost:58961 for channel [id: 0x046e9216, L:/127.0.0.1:61664 - R:localhost/127.0.0.1:58961]
10:08:58.796 [Forwarding switchToWindow on session f605bb7895b15f8641fdaf23823295db to remote] DEBUG org.asynchttpclient.netty.request.NettyRequestSender - Using pooled Channel '[id: 0x046e9216, L:/127.0.0.1:61664 - R:localhost/127.0.0.1:58961]' for 'POST' to 'http://localhost:58961/session/f605bb7895b15f8641fdaf23823295db/window'
10:08:58.796 [Forwarding switchToWindow on session f605bb7895b15f8641fdaf23823295db to remote] DEBUG org.asynchttpclient.netty.request.NettyRequestSender - Using open Channel [id: 0x046e9216, L:/127.0.0.1:61664 - R:localhost/127.0.0.1:58961] for POST '/session/f605bb7895b15f8641fdaf23823295db/window'
10:08:58.798 [AsyncHttpClient-1-16] DEBUG org.asynchttpclient.netty.handler.HttpHandler - 

Request DefaultHttpRequest(decodeResult: success, version: HTTP/1.1)
POST /session/f605bb7895b15f8641fdaf23823295db/window HTTP/1.1
User-Agent: selenium/4.4.0 (java windows)
Content-Length: 59
Content-Type: application/json; charset=utf-8
host: localhost:58961
accept: */*

Response DefaultHttpResponse(decodeResult: success, version: HTTP/1.1)
HTTP/1.1 200 OK
Content-Type: application/json; charset=utf-8
cache-control: no-cache
content-length: 14

10:08:58.798 [AsyncHttpClient-1-16] DEBUG org.asynchttpclient.netty.channel.ChannelManager - Adding key: http://localhost:58961 for channel [id: 0x046e9216, L:/127.0.0.1:61664 - R:localhost/127.0.0.1:58961]
10:08:58.798 [Forwarding getCurrentUrl on session f605bb7895b15f8641fdaf23823295db to remote] DEBUG org.asynchttpclient.netty.request.NettyRequestSender - Using pooled Channel '[id: 0x046e9216, L:/127.0.0.1:61664 - R:localhost/127.0.0.1:58961]' for 'GET' to 'http://localhost:58961/session/f605bb7895b15f8641fdaf23823295db/url'
10:08:58.798 [Forwarding getCurrentUrl on session f605bb7895b15f8641fdaf23823295db to remote] DEBUG org.asynchttpclient.netty.request.NettyRequestSender - Using open Channel [id: 0x046e9216, L:/127.0.0.1:61664 - R:localhost/127.0.0.1:58961] for GET '/session/f605bb7895b15f8641fdaf23823295db/url'
10:08:58.801 [AsyncHttpClient-1-16] DEBUG org.asynchttpclient.netty.handler.HttpHandler - 

Request DefaultFullHttpRequest(decodeResult: success, version: HTTP/1.1, content: EmptyByteBufBE)
GET /session/f605bb7895b15f8641fdaf23823295db/url HTTP/1.1
User-Agent: selenium/4.4.0 (java windows)
Cache-Control: no-cache
Content-Type: application/json; charset=utf-8
host: localhost:58961
accept: */*

Response DefaultHttpResponse(decodeResult: success, version: HTTP/1.1)
HTTP/1.1 200 OK
Content-Type: application/json; charset=utf-8
cache-control: no-cache
content-length: 52

10:08:58.801 [AsyncHttpClient-1-16] DEBUG org.asynchttpclient.netty.channel.ChannelManager - Adding key: http://localhost:58961 for channel [id: 0x046e9216, L:/127.0.0.1:61664 - R:localhost/127.0.0.1:58961]
10:08:58.802 [Forwarding screenshot on session f605bb7895b15f8641fdaf23823295db to remote] DEBUG org.asynchttpclient.netty.request.NettyRequestSender - Using pooled Channel '[id: 0x046e9216, L:/127.0.0.1:61664 - R:localhost/127.0.0.1:58961]' for 'GET' to 'http://localhost:58961/session/f605bb7895b15f8641fdaf23823295db/screenshot'
10:08:58.802 [Forwarding screenshot on session f605bb7895b15f8641fdaf23823295db to remote] DEBUG org.asynchttpclient.netty.request.NettyRequestSender - Using open Channel [id: 0x046e9216, L:/127.0.0.1:61664 - R:localhost/127.0.0.1:58961] for GET '/session/f605bb7895b15f8641fdaf23823295db/screenshot'
10:08:58.935 [AsyncHttpClient-1-16] DEBUG org.asynchttpclient.netty.handler.HttpHandler - 

Request DefaultFullHttpRequest(decodeResult: success, version: HTTP/1.1, content: EmptyByteBufBE)
GET /session/f605bb7895b15f8641fdaf23823295db/screenshot HTTP/1.1
User-Agent: selenium/4.4.0 (java windows)
Cache-Control: no-cache
Content-Type: application/json; charset=utf-8
host: localhost:58961
accept: */*

Response DefaultHttpResponse(decodeResult: success, version: HTTP/1.1)
HTTP/1.1 200 OK
Content-Type: application/json; charset=utf-8
cache-control: no-cache
content-length: 374652

10:08:58.936 [AsyncHttpClient-1-16] DEBUG org.asynchttpclient.netty.channel.ChannelManager - Adding key: http://localhost:58961 for channel [id: 0x046e9216, L:/127.0.0.1:61664 - R:localhost/127.0.0.1:58961]
10:08:58.940 [Test worker] DEBUG net.serenitybdd.core.photography.Darkroom - Send negative for processing for C:\Users\juan.gomezv\IdeaProjects\sura\target\site\serenity\c4defe1e4f71b7a35f22431940f8ddca8b99b97d0068828f0e471a1d2b522635.png
10:08:58.941 [Test worker] INFO  - 
  _____   ___   ___   _____     ___     _     ___   ___   ___   ___  
 |_   _| | __| / __| |_   _|   | _ \   /_\   / __| / __| | __| |   \ 
   | |   | _|  \__ \   | |     |  _/  / _ \  \__ \ \__ \ | _|  | |) |
   |_|   |___| |___/   |_|     |_|   /_/ \_\ |___/ |___/ |___| |___/ 

Ordenar Productos Alfabeticamente de la A a la Z
----------------------------------------------------------------------
10:08:58.942 [Driver Command Executor] DEBUG org.asynchttpclient.netty.request.NettyRequestSender - Using pooled Channel '[id: 0x046e9216, L:/127.0.0.1:61664 - R:localhost/127.0.0.1:58961]' for 'DELETE' to 'http://localhost:58961/session/f605bb7895b15f8641fdaf23823295db'
10:08:58.942 [Driver Command Executor] DEBUG org.asynchttpclient.netty.request.NettyRequestSender - Using open Channel [id: 0x046e9216, L:/127.0.0.1:61664 - R:localhost/127.0.0.1:58961] for DELETE '/session/f605bb7895b15f8641fdaf23823295db'
10:08:58.942 [AsyncHttpClient-1-2] DEBUG org.asynchttpclient.netty.handler.WebSocketHandler - Channel Closed: [id: 0x9e977ebe, L:/127.0.0.1:61672 ! R:localhost/127.0.0.1:61665] with attribute NettyResponseFuture{currentRetry=0,
	isDone=1,
	isCancelled=0,
	asyncHandler=org.asynchttpclient.ws.WebSocketUpgradeHandler@17993b02,
	nettyRequest=org.asynchttpclient.netty.request.NettyRequest@3e506405,
	future=java.util.concurrent.CompletableFuture@18dd6cc3[Completed normally],
	uri=ws://localhost:61665/devtools/browser/1326c459-2df9-4fef-a598-4d4cdcce0367,
	keepAlive=true,
	redirectCount=0,
	timeoutsHolder=null,
	inAuth=0,
	touch=1664204936584}
10:08:58.942 [AsyncHttpClient-1-2] DEBUG org.asynchttpclient.netty.channel.ChannelManager - Closing Channel [id: 0x9e977ebe, L:/127.0.0.1:61672 ! R:localhost/127.0.0.1:61665] 
10:08:58.961 [AsyncHttpClient-1-17] DEBUG org.asynchttpclient.netty.handler.HttpHandler - Unexpected I/O exception on channel [id: 0x1f890daf, L:/127.0.0.1:61671 - R:localhost/127.0.0.1:61665]
java.net.SocketException: Connection reset
	at java.base/sun.nio.ch.SocketChannelImpl.throwConnectionReset(SocketChannelImpl.java:394)
	at java.base/sun.nio.ch.SocketChannelImpl.read(SocketChannelImpl.java:426)
	at io.netty.buffer.PooledByteBuf.setBytes(PooledByteBuf.java:258)
	at io.netty.buffer.AbstractByteBuf.writeBytes(AbstractByteBuf.java:1132)
	at io.netty.channel.socket.nio.NioSocketChannel.doReadBytes(NioSocketChannel.java:357)
	at io.netty.channel.nio.AbstractNioByteChannel$NioByteUnsafe.read(AbstractNioByteChannel.java:151)
	at io.netty.channel.nio.NioEventLoop.processSelectedKey(NioEventLoop.java:722)
	at io.netty.channel.nio.NioEventLoop.processSelectedKeysOptimized(NioEventLoop.java:658)
	at io.netty.channel.nio.NioEventLoop.processSelectedKeys(NioEventLoop.java:584)
	at io.netty.channel.nio.NioEventLoop.run(NioEventLoop.java:496)
	at io.netty.util.concurrent.SingleThreadEventExecutor$4.run(SingleThreadEventExecutor.java:997)
	at io.netty.util.internal.ThreadExecutorMap$2.run(ThreadExecutorMap.java:74)
	at io.netty.util.concurrent.FastThreadLocalRunnable.run(FastThreadLocalRunnable.java:30)
	at java.base/java.lang.Thread.run(Thread.java:833)
10:08:58.961 [AsyncHttpClient-1-17] DEBUG org.asynchttpclient.netty.channel.ChannelManager - Closing Channel [id: 0x1f890daf, L:/127.0.0.1:61671 - R:localhost/127.0.0.1:61665] 
10:08:58.961 [AsyncHttpClient-1-17] DEBUG org.asynchttpclient.netty.handler.HttpHandler - Channel Closed: [id: 0x1f890daf, L:/127.0.0.1:61671 ! R:localhost/127.0.0.1:61665] with attribute DISCARD
10:08:58.975 [AsyncHttpClient-1-16] DEBUG org.asynchttpclient.netty.handler.HttpHandler - 

Request DefaultFullHttpRequest(decodeResult: success, version: HTTP/1.1, content: EmptyByteBufBE)
DELETE /session/f605bb7895b15f8641fdaf23823295db HTTP/1.1
User-Agent: selenium/4.4.0 (java windows)
Content-Type: application/json; charset=utf-8
host: localhost:58961
accept: */*

Response DefaultHttpResponse(decodeResult: success, version: HTTP/1.1)
HTTP/1.1 200 OK
Content-Type: application/json; charset=utf-8
cache-control: no-cache
content-length: 14

10:08:58.975 [AsyncHttpClient-1-16] DEBUG org.asynchttpclient.netty.channel.ChannelManager - Adding key: http://localhost:58961 for channel [id: 0x046e9216, L:/127.0.0.1:61664 - R:localhost/127.0.0.1:58961]
10:08:59.026 [AsyncHttpClient-1-16] DEBUG org.asynchttpclient.netty.handler.HttpHandler - Channel Closed: [id: 0x046e9216, L:/127.0.0.1:61664 ! R:localhost/127.0.0.1:58961] with attribute DISCARD

Escenario: Ordenar Productos Alfabeticamente de la Z a la A                        ?[90m# src/test/resources/features/search.feature:11?[0m
10:08:59.075 [Test worker] INFO io.cucumber.core.plugin.SerenityReporter - Running feature from file:///C:/Users/juan.gomezv/IdeaProjects/sura/src/test/resources/features/search.feature
10:08:59.077 [Test worker] INFO  - 
  _____   ___   ___   _____     ___   _____     _     ___   _____   ___   ___  
 |_   _| | __| / __| |_   _|   / __| |_   _|   /_\   | _ \ |_   _| | __| |   \ 
   | |   | _|  \__ \   | |     \__ \   | |    / _ \  |   /   | |   | _|  | |) |
   |_|   |___| |___/   |_|     |___/   |_|   /_/ \_\ |_|_\   |_|   |___| |___/ 

Ordenar Productos Alfabeticamente de la Z a la A(buscar-productos;ordenar-productos-alfabeticamente-de-la-z-a-la-a)
--------------------------------------------------------------------------------
10:08:59.082 [Test worker] DEBUG net.thucydides.core.steps.StepInterceptor - STARTING STEP: SharedBackgroundSteps.ingresaConUnaCuentaValidaASwaglabs - {0} abre la aplicaciÃ³n
10:08:59.084 [Test worker] DEBUG net.thucydides.core.steps.StepInterceptor - STARTING STEP: NavigateTo.performAs - {0} opens the #targetPageName
10:08:59.124 [Test worker] INFO net.serenitybdd.core.webdriver.driverproviders.ChromeDriverProvider - Starting Chrome driver instance with capabilities:
10:08:59.124 [Test worker] INFO net.serenitybdd.core.webdriver.driverproviders.ChromeDriverProvider - Capabilities {acceptInsecureCerts: false, browserName: chrome, goog:chromeOptions: {args: [], extensions: []}}
10:08:59.172 [AsyncHttpClient-1-3] DEBUG org.asynchttpclient.netty.channel.NettyConnectListener - Using new Channel '[id: 0x64ab9ebb, L:/127.0.0.1:61687 - R:localhost/127.0.0.1:62832]' for 'POST' to '/session'
10:08:59.308 [AsyncHttpClient-1-1] DEBUG org.asynchttpclient.netty.channel.DefaultChannelPool - Entry count for : http://localhost:58961 : 1
10:08:59.308 [AsyncHttpClient-1-1] DEBUG org.asynchttpclient.netty.channel.DefaultChannelPool - Entry count for : http://localhost:61665 : 1
10:08:59.308 [AsyncHttpClient-1-1] DEBUG org.asynchttpclient.netty.channel.DefaultChannelPool - Adding Candidate expired Channel [id: 0x046e9216, L:/127.0.0.1:61664 ! R:localhost/127.0.0.1:58961] isIdleTimeoutExpired=false isRemotelyClosed=true isTtlExpired=false
10:08:59.308 [AsyncHttpClient-1-1] DEBUG org.asynchttpclient.netty.channel.DefaultChannelPool - Closing Idle Channel [id: 0x046e9216, L:/127.0.0.1:61664 ! R:localhost/127.0.0.1:58961]
10:08:59.308 [AsyncHttpClient-1-1] DEBUG org.asynchttpclient.netty.channel.DefaultChannelPool - Adding Candidate expired Channel [id: 0x1f890daf, L:/127.0.0.1:61671 ! R:localhost/127.0.0.1:61665] isIdleTimeoutExpired=false isRemotelyClosed=true isTtlExpired=false
10:08:59.311 [AsyncHttpClient-1-1] DEBUG org.asynchttpclient.netty.channel.DefaultChannelPool - Closing Idle Channel [id: 0x1f890daf, L:/127.0.0.1:61671 ! R:localhost/127.0.0.1:61665]
10:08:59.311 [AsyncHttpClient-1-1] DEBUG org.asynchttpclient.netty.channel.DefaultChannelPool - Closed 2 connections out of 2 in 3 ms
10:08:59.731 [AsyncHttpClient-1-3] DEBUG org.asynchttpclient.netty.handler.HttpHandler - 

Request DefaultHttpRequest(decodeResult: success, version: HTTP/1.1)
POST /session HTTP/1.1
User-Agent: selenium/4.4.0 (java windows)
Content-Length: 437
Content-Type: application/json; charset=utf-8
host: localhost:62832
accept: */*

Response DefaultHttpResponse(decodeResult: success, version: HTTP/1.1)
HTTP/1.1 200 OK
Content-Type: application/json; charset=utf-8
cache-control: no-cache
content-length: 796

10:08:59.731 [AsyncHttpClient-1-3] DEBUG org.asynchttpclient.netty.channel.ChannelManager - Adding key: http://localhost:62832 for channel [id: 0x64ab9ebb, L:/127.0.0.1:61687 - R:localhost/127.0.0.1:62832]
10:08:59.736 [AsyncHttpClient-1-4] DEBUG org.asynchttpclient.netty.channel.NettyConnectListener - Using new Channel '[id: 0xaabb602b, L:/127.0.0.1:61694 - R:localhost/127.0.0.1:61688]' for 'GET' to '/json/version'
10:08:59.737 [AsyncHttpClient-1-4] DEBUG org.asynchttpclient.netty.handler.HttpHandler - 

Request DefaultFullHttpRequest(decodeResult: success, version: HTTP/1.1, content: EmptyByteBufBE)
GET /json/version HTTP/1.1
User-Agent: selenium/4.4.0 (java windows)
host: localhost:61688
accept: */*

Response DefaultHttpResponse(decodeResult: success, version: HTTP/1.1)
HTTP/1.1 200 OK
Content-Type: application/json; charset=UTF-8
content-length: 423

10:08:59.737 [AsyncHttpClient-1-4] DEBUG org.asynchttpclient.netty.channel.ChannelManager - Adding key: http://localhost:61688 for channel [id: 0xaabb602b, L:/127.0.0.1:61694 - R:localhost/127.0.0.1:61688]
10:08:59.739 [AsyncHttpClient-1-5] DEBUG org.asynchttpclient.netty.channel.NettyConnectListener - Using new Channel '[id: 0xe64c5b85, L:/127.0.0.1:61695 - R:localhost/127.0.0.1:61688]' for 'GET' to '/devtools/browser/5310c291-f7ba-42a7-a5fc-eba4a47e8a76'
10:08:59.739 [AsyncHttpClient-1-5] DEBUG org.asynchttpclient.netty.handler.WebSocketHandler - 

Request DefaultFullHttpRequest(decodeResult: success, version: HTTP/1.1, content: EmptyByteBufBE)
GET /devtools/browser/5310c291-f7ba-42a7-a5fc-eba4a47e8a76 HTTP/1.1
upgrade: websocket
connection: upgrade
sec-websocket-key: 13gpuqL8272w9TLkJaWikA==
sec-websocket-version: 13
origin: http://localhost:61688
host: localhost:61688
accept: */*
user-agent: AHC/2.1

Response DefaultHttpResponse(decodeResult: success, version: HTTP/1.1)
HTTP/1.1 101 WebSocket Protocol Handshake
Upgrade: WebSocket
Connection: Upgrade
Sec-WebSocket-Accept: jd7GnBTWeVsZVnYaEcGuQrPv4CI=

10:08:59.743 [Forwarding get on session 7348ca9d9443a937e66f87a0e6c0bc88 to remote] DEBUG org.asynchttpclient.netty.request.NettyRequestSender - Using pooled Channel '[id: 0x64ab9ebb, L:/127.0.0.1:61687 - R:localhost/127.0.0.1:62832]' for 'POST' to 'http://localhost:62832/session/7348ca9d9443a937e66f87a0e6c0bc88/url'
10:08:59.743 [Forwarding get on session 7348ca9d9443a937e66f87a0e6c0bc88 to remote] DEBUG org.asynchttpclient.netty.request.NettyRequestSender - Using open Channel [id: 0x64ab9ebb, L:/127.0.0.1:61687 - R:localhost/127.0.0.1:62832] for POST '/session/7348ca9d9443a937e66f87a0e6c0bc88/url'
10:09:00.043 [AsyncHttpClient-1-3] DEBUG org.asynchttpclient.netty.handler.HttpHandler - 

Request DefaultHttpRequest(decodeResult: success, version: HTTP/1.1)
POST /session/7348ca9d9443a937e66f87a0e6c0bc88/url HTTP/1.1
User-Agent: selenium/4.4.0 (java windows)
Content-Length: 40
Content-Type: application/json; charset=utf-8
host: localhost:62832
accept: */*

Response DefaultHttpResponse(decodeResult: success, version: HTTP/1.1)
HTTP/1.1 200 OK
Content-Type: application/json; charset=utf-8
cache-control: no-cache
content-length: 14

10:09:00.043 [AsyncHttpClient-1-3] DEBUG org.asynchttpclient.netty.channel.ChannelManager - Adding key: http://localhost:62832 for channel [id: 0x64ab9ebb, L:/127.0.0.1:61687 - R:localhost/127.0.0.1:62832]
10:09:00.044 [Forwarding setTimeout on session 7348ca9d9443a937e66f87a0e6c0bc88 to remote] DEBUG org.asynchttpclient.netty.request.NettyRequestSender - Using pooled Channel '[id: 0x64ab9ebb, L:/127.0.0.1:61687 - R:localhost/127.0.0.1:62832]' for 'POST' to 'http://localhost:62832/session/7348ca9d9443a937e66f87a0e6c0bc88/timeouts'
10:09:00.044 [Forwarding setTimeout on session 7348ca9d9443a937e66f87a0e6c0bc88 to remote] DEBUG org.asynchttpclient.netty.request.NettyRequestSender - Using open Channel [id: 0x64ab9ebb, L:/127.0.0.1:61687 - R:localhost/127.0.0.1:62832] for POST '/session/7348ca9d9443a937e66f87a0e6c0bc88/timeouts'
10:09:00.045 [AsyncHttpClient-1-3] DEBUG org.asynchttpclient.netty.handler.HttpHandler - 

Request DefaultHttpRequest(decodeResult: success, version: HTTP/1.1)
POST /session/7348ca9d9443a937e66f87a0e6c0bc88/timeouts HTTP/1.1
User-Agent: selenium/4.4.0 (java windows)
Content-Length: 22
Content-Type: application/json; charset=utf-8
host: localhost:62832
accept: */*

Response DefaultHttpResponse(decodeResult: success, version: HTTP/1.1)
HTTP/1.1 200 OK
Content-Type: application/json; charset=utf-8
cache-control: no-cache
content-length: 14

10:09:00.045 [AsyncHttpClient-1-3] DEBUG org.asynchttpclient.netty.channel.ChannelManager - Adding key: http://localhost:62832 for channel [id: 0x64ab9ebb, L:/127.0.0.1:61687 - R:localhost/127.0.0.1:62832]
10:09:00.057 [Forwarding getCurrentUrl on session 7348ca9d9443a937e66f87a0e6c0bc88 to remote] DEBUG org.asynchttpclient.netty.request.NettyRequestSender - Using pooled Channel '[id: 0x64ab9ebb, L:/127.0.0.1:61687 - R:localhost/127.0.0.1:62832]' for 'GET' to 'http://localhost:62832/session/7348ca9d9443a937e66f87a0e6c0bc88/url'
10:09:00.057 [Forwarding getCurrentUrl on session 7348ca9d9443a937e66f87a0e6c0bc88 to remote] DEBUG org.asynchttpclient.netty.request.NettyRequestSender - Using open Channel [id: 0x64ab9ebb, L:/127.0.0.1:61687 - R:localhost/127.0.0.1:62832] for GET '/session/7348ca9d9443a937e66f87a0e6c0bc88/url'
10:09:00.062 [AsyncHttpClient-1-3] DEBUG org.asynchttpclient.netty.handler.HttpHandler - 

Request DefaultFullHttpRequest(decodeResult: success, version: HTTP/1.1, content: EmptyByteBufBE)
GET /session/7348ca9d9443a937e66f87a0e6c0bc88/url HTTP/1.1
User-Agent: selenium/4.4.0 (java windows)
Cache-Control: no-cache
Content-Type: application/json; charset=utf-8
host: localhost:62832
accept: */*

Response DefaultHttpResponse(decodeResult: success, version: HTTP/1.1)
HTTP/1.1 200 OK
Content-Type: application/json; charset=utf-8
cache-control: no-cache
content-length: 38

10:09:00.062 [AsyncHttpClient-1-3] DEBUG org.asynchttpclient.netty.channel.ChannelManager - Adding key: http://localhost:62832 for channel [id: 0x64ab9ebb, L:/127.0.0.1:61687 - R:localhost/127.0.0.1:62832]
10:09:00.068 [Forwarding getCurrentUrl on session 7348ca9d9443a937e66f87a0e6c0bc88 to remote] DEBUG org.asynchttpclient.netty.request.NettyRequestSender - Using pooled Channel '[id: 0x64ab9ebb, L:/127.0.0.1:61687 - R:localhost/127.0.0.1:62832]' for 'GET' to 'http://localhost:62832/session/7348ca9d9443a937e66f87a0e6c0bc88/url'
10:09:00.068 [Forwarding getCurrentUrl on session 7348ca9d9443a937e66f87a0e6c0bc88 to remote] DEBUG org.asynchttpclient.netty.request.NettyRequestSender - Using open Channel [id: 0x64ab9ebb, L:/127.0.0.1:61687 - R:localhost/127.0.0.1:62832] for GET '/session/7348ca9d9443a937e66f87a0e6c0bc88/url'
10:09:00.071 [AsyncHttpClient-1-3] DEBUG org.asynchttpclient.netty.handler.HttpHandler - 

Request DefaultFullHttpRequest(decodeResult: success, version: HTTP/1.1, content: EmptyByteBufBE)
GET /session/7348ca9d9443a937e66f87a0e6c0bc88/url HTTP/1.1
User-Agent: selenium/4.4.0 (java windows)
Cache-Control: no-cache
Content-Type: application/json; charset=utf-8
host: localhost:62832
accept: */*

Response DefaultHttpResponse(decodeResult: success, version: HTTP/1.1)
HTTP/1.1 200 OK
Content-Type: application/json; charset=utf-8
cache-control: no-cache
content-length: 38

10:09:00.071 [AsyncHttpClient-1-3] DEBUG org.asynchttpclient.netty.channel.ChannelManager - Adding key: http://localhost:62832 for channel [id: 0x64ab9ebb, L:/127.0.0.1:61687 - R:localhost/127.0.0.1:62832]
10:09:00.083 [Forwarding getCurrentWindowHandle on session 7348ca9d9443a937e66f87a0e6c0bc88 to remote] DEBUG org.asynchttpclient.netty.request.NettyRequestSender - Using pooled Channel '[id: 0x64ab9ebb, L:/127.0.0.1:61687 - R:localhost/127.0.0.1:62832]' for 'GET' to 'http://localhost:62832/session/7348ca9d9443a937e66f87a0e6c0bc88/window'
10:09:00.083 [Forwarding getCurrentWindowHandle on session 7348ca9d9443a937e66f87a0e6c0bc88 to remote] DEBUG org.asynchttpclient.netty.request.NettyRequestSender - Using open Channel [id: 0x64ab9ebb, L:/127.0.0.1:61687 - R:localhost/127.0.0.1:62832] for GET '/session/7348ca9d9443a937e66f87a0e6c0bc88/window'
10:09:00.084 [AsyncHttpClient-1-3] DEBUG org.asynchttpclient.netty.handler.HttpHandler - 

Request DefaultFullHttpRequest(decodeResult: success, version: HTTP/1.1, content: EmptyByteBufBE)
GET /session/7348ca9d9443a937e66f87a0e6c0bc88/window HTTP/1.1
User-Agent: selenium/4.4.0 (java windows)
Cache-Control: no-cache
Content-Type: application/json; charset=utf-8
host: localhost:62832
accept: */*

Response DefaultHttpResponse(decodeResult: success, version: HTTP/1.1)
HTTP/1.1 200 OK
Content-Type: application/json; charset=utf-8
cache-control: no-cache
content-length: 53

10:09:00.085 [AsyncHttpClient-1-3] DEBUG org.asynchttpclient.netty.channel.ChannelManager - Adding key: http://localhost:62832 for channel [id: 0x64ab9ebb, L:/127.0.0.1:61687 - R:localhost/127.0.0.1:62832]
10:09:00.090 [Forwarding getAlertText on session 7348ca9d9443a937e66f87a0e6c0bc88 to remote] DEBUG org.asynchttpclient.netty.request.NettyRequestSender - Using pooled Channel '[id: 0x64ab9ebb, L:/127.0.0.1:61687 - R:localhost/127.0.0.1:62832]' for 'GET' to 'http://localhost:62832/session/7348ca9d9443a937e66f87a0e6c0bc88/alert/text'
10:09:00.090 [Forwarding getAlertText on session 7348ca9d9443a937e66f87a0e6c0bc88 to remote] DEBUG org.asynchttpclient.netty.request.NettyRequestSender - Using open Channel [id: 0x64ab9ebb, L:/127.0.0.1:61687 - R:localhost/127.0.0.1:62832] for GET '/session/7348ca9d9443a937e66f87a0e6c0bc88/alert/text'
10:09:00.091 [AsyncHttpClient-1-3] DEBUG org.asynchttpclient.netty.handler.HttpHandler - 

Request DefaultFullHttpRequest(decodeResult: success, version: HTTP/1.1, content: EmptyByteBufBE)
GET /session/7348ca9d9443a937e66f87a0e6c0bc88/alert/text HTTP/1.1
User-Agent: selenium/4.4.0 (java windows)
Cache-Control: no-cache
Content-Type: application/json; charset=utf-8
host: localhost:62832
accept: */*

Response DefaultHttpResponse(decodeResult: success, version: HTTP/1.1)
HTTP/1.1 404 Not Found
Content-Type: application/json; charset=utf-8
cache-control: no-cache
content-length: 879

10:09:00.092 [AsyncHttpClient-1-3] DEBUG org.asynchttpclient.netty.channel.ChannelManager - Adding key: http://localhost:62832 for channel [id: 0x64ab9ebb, L:/127.0.0.1:61687 - R:localhost/127.0.0.1:62832]
10:09:00.098 [Forwarding switchToWindow on session 7348ca9d9443a937e66f87a0e6c0bc88 to remote] DEBUG org.asynchttpclient.netty.request.NettyRequestSender - Using pooled Channel '[id: 0x64ab9ebb, L:/127.0.0.1:61687 - R:localhost/127.0.0.1:62832]' for 'POST' to 'http://localhost:62832/session/7348ca9d9443a937e66f87a0e6c0bc88/window'
10:09:00.098 [Forwarding switchToWindow on session 7348ca9d9443a937e66f87a0e6c0bc88 to remote] DEBUG org.asynchttpclient.netty.request.NettyRequestSender - Using open Channel [id: 0x64ab9ebb, L:/127.0.0.1:61687 - R:localhost/127.0.0.1:62832] for POST '/session/7348ca9d9443a937e66f87a0e6c0bc88/window'
10:09:00.104 [AsyncHttpClient-1-3] DEBUG org.asynchttpclient.netty.handler.HttpHandler - 

Request DefaultHttpRequest(decodeResult: success, version: HTTP/1.1)
POST /session/7348ca9d9443a937e66f87a0e6c0bc88/window HTTP/1.1
User-Agent: selenium/4.4.0 (java windows)
Content-Length: 59
Content-Type: application/json; charset=utf-8
host: localhost:62832
accept: */*

Response DefaultHttpResponse(decodeResult: success, version: HTTP/1.1)
HTTP/1.1 200 OK
Content-Type: application/json; charset=utf-8
cache-control: no-cache
content-length: 14

10:09:00.104 [AsyncHttpClient-1-3] DEBUG org.asynchttpclient.netty.channel.ChannelManager - Adding key: http://localhost:62832 for channel [id: 0x64ab9ebb, L:/127.0.0.1:61687 - R:localhost/127.0.0.1:62832]
10:09:00.105 [Forwarding getCurrentUrl on session 7348ca9d9443a937e66f87a0e6c0bc88 to remote] DEBUG org.asynchttpclient.netty.request.NettyRequestSender - Using pooled Channel '[id: 0x64ab9ebb, L:/127.0.0.1:61687 - R:localhost/127.0.0.1:62832]' for 'GET' to 'http://localhost:62832/session/7348ca9d9443a937e66f87a0e6c0bc88/url'
10:09:00.105 [Forwarding getCurrentUrl on session 7348ca9d9443a937e66f87a0e6c0bc88 to remote] DEBUG org.asynchttpclient.netty.request.NettyRequestSender - Using open Channel [id: 0x64ab9ebb, L:/127.0.0.1:61687 - R:localhost/127.0.0.1:62832] for GET '/session/7348ca9d9443a937e66f87a0e6c0bc88/url'
10:09:00.110 [AsyncHttpClient-1-3] DEBUG org.asynchttpclient.netty.handler.HttpHandler - 

Request DefaultFullHttpRequest(decodeResult: success, version: HTTP/1.1, content: EmptyByteBufBE)
GET /session/7348ca9d9443a937e66f87a0e6c0bc88/url HTTP/1.1
User-Agent: selenium/4.4.0 (java windows)
Cache-Control: no-cache
Content-Type: application/json; charset=utf-8
host: localhost:62832
accept: */*

Response DefaultHttpResponse(decodeResult: success, version: HTTP/1.1)
HTTP/1.1 200 OK
Content-Type: application/json; charset=utf-8
cache-control: no-cache
content-length: 38

10:09:00.111 [AsyncHttpClient-1-3] DEBUG org.asynchttpclient.netty.channel.ChannelManager - Adding key: http://localhost:62832 for channel [id: 0x64ab9ebb, L:/127.0.0.1:61687 - R:localhost/127.0.0.1:62832]
10:09:00.111 [Forwarding screenshot on session 7348ca9d9443a937e66f87a0e6c0bc88 to remote] DEBUG org.asynchttpclient.netty.request.NettyRequestSender - Using pooled Channel '[id: 0x64ab9ebb, L:/127.0.0.1:61687 - R:localhost/127.0.0.1:62832]' for 'GET' to 'http://localhost:62832/session/7348ca9d9443a937e66f87a0e6c0bc88/screenshot'
10:09:00.111 [Forwarding screenshot on session 7348ca9d9443a937e66f87a0e6c0bc88 to remote] DEBUG org.asynchttpclient.netty.request.NettyRequestSender - Using open Channel [id: 0x64ab9ebb, L:/127.0.0.1:61687 - R:localhost/127.0.0.1:62832] for GET '/session/7348ca9d9443a937e66f87a0e6c0bc88/screenshot'
10:09:00.208 [AsyncHttpClient-1-3] DEBUG org.asynchttpclient.netty.handler.HttpHandler - 

Request DefaultFullHttpRequest(decodeResult: success, version: HTTP/1.1, content: EmptyByteBufBE)
GET /session/7348ca9d9443a937e66f87a0e6c0bc88/screenshot HTTP/1.1
User-Agent: selenium/4.4.0 (java windows)
Cache-Control: no-cache
Content-Type: application/json; charset=utf-8
host: localhost:62832
accept: */*

Response DefaultHttpResponse(decodeResult: success, version: HTTP/1.1)
HTTP/1.1 200 OK
Content-Type: application/json; charset=utf-8
cache-control: no-cache
content-length: 59108

10:09:00.209 [AsyncHttpClient-1-3] DEBUG org.asynchttpclient.netty.channel.ChannelManager - Adding key: http://localhost:62832 for channel [id: 0x64ab9ebb, L:/127.0.0.1:61687 - R:localhost/127.0.0.1:62832]
10:09:00.210 [Test worker] DEBUG net.serenitybdd.core.photography.Darkroom - Send negative for processing for C:\Users\juan.gomezv\IdeaProjects\sura\target\site\serenity\60e3c498caf7a8fcf635471a5092c247627e1395d91e12246eaf1a3e7a34e095.png
10:09:00.211 [Test worker] DEBUG net.thucydides.core.steps.StepInterceptor - STEP DONE: {0} opens the #targetPageName
10:09:00.217 [Test worker] DEBUG net.thucydides.core.steps.StepInterceptor - STEP DONE: {0} abre la aplicaciÃ³n
10:09:00.228 [Forwarding getPageSource on session 7348ca9d9443a937e66f87a0e6c0bc88 to remote] DEBUG org.asynchttpclient.netty.request.NettyRequestSender - Using pooled Channel '[id: 0x64ab9ebb, L:/127.0.0.1:61687 - R:localhost/127.0.0.1:62832]' for 'POST' to 'http://localhost:62832/session/7348ca9d9443a937e66f87a0e6c0bc88/execute/sync'
10:09:00.228 [Forwarding getPageSource on session 7348ca9d9443a937e66f87a0e6c0bc88 to remote] DEBUG org.asynchttpclient.netty.request.NettyRequestSender - Using open Channel [id: 0x64ab9ebb, L:/127.0.0.1:61687 - R:localhost/127.0.0.1:62832] for POST '/session/7348ca9d9443a937e66f87a0e6c0bc88/execute/sync'
10:09:00.232 [AsyncHttpClient-1-3] DEBUG org.asynchttpclient.netty.handler.HttpHandler - 

Request DefaultHttpRequest(decodeResult: success, version: HTTP/1.1)
POST /session/7348ca9d9443a937e66f87a0e6c0bc88/execute/sync HTTP/1.1
User-Agent: selenium/4.4.0 (java windows)
Content-Length: 176
Content-Type: application/json; charset=utf-8
host: localhost:62832
accept: */*

Response DefaultHttpResponse(decodeResult: success, version: HTTP/1.1)
HTTP/1.1 200 OK
Content-Type: application/json; charset=utf-8
cache-control: no-cache
content-length: 4160

10:09:00.232 [AsyncHttpClient-1-3] DEBUG org.asynchttpclient.netty.channel.ChannelManager - Adding key: http://localhost:62832 for channel [id: 0x64ab9ebb, L:/127.0.0.1:61687 - R:localhost/127.0.0.1:62832]
10:09:00.233 [Forwarding getCurrentUrl on session 7348ca9d9443a937e66f87a0e6c0bc88 to remote] DEBUG org.asynchttpclient.netty.request.NettyRequestSender - Using pooled Channel '[id: 0x64ab9ebb, L:/127.0.0.1:61687 - R:localhost/127.0.0.1:62832]' for 'GET' to 'http://localhost:62832/session/7348ca9d9443a937e66f87a0e6c0bc88/url'
10:09:00.233 [Forwarding getCurrentUrl on session 7348ca9d9443a937e66f87a0e6c0bc88 to remote] DEBUG org.asynchttpclient.netty.request.NettyRequestSender - Using open Channel [id: 0x64ab9ebb, L:/127.0.0.1:61687 - R:localhost/127.0.0.1:62832] for GET '/session/7348ca9d9443a937e66f87a0e6c0bc88/url'
10:09:00.235 [AsyncHttpClient-1-3] DEBUG org.asynchttpclient.netty.handler.HttpHandler - 

Request DefaultFullHttpRequest(decodeResult: success, version: HTTP/1.1, content: EmptyByteBufBE)
GET /session/7348ca9d9443a937e66f87a0e6c0bc88/url HTTP/1.1
User-Agent: selenium/4.4.0 (java windows)
Cache-Control: no-cache
Content-Type: application/json; charset=utf-8
host: localhost:62832
accept: */*

Response DefaultHttpResponse(decodeResult: success, version: HTTP/1.1)
HTTP/1.1 200 OK
Content-Type: application/json; charset=utf-8
cache-control: no-cache
content-length: 38

10:09:00.235 [AsyncHttpClient-1-3] DEBUG org.asynchttpclient.netty.channel.ChannelManager - Adding key: http://localhost:62832 for channel [id: 0x64ab9ebb, L:/127.0.0.1:61687 - R:localhost/127.0.0.1:62832]
10:09:00.236 [Test worker] DEBUG net.thucydides.core.steps.StepInterceptor - STARTING STEP: SharedBackgroundSteps.ingresaConUnaCuentaValidaASwaglabs - performAs
10:09:00.248 [Forwarding getPageSource on session 7348ca9d9443a937e66f87a0e6c0bc88 to remote] DEBUG org.asynchttpclient.netty.request.NettyRequestSender - Using pooled Channel '[id: 0x64ab9ebb, L:/127.0.0.1:61687 - R:localhost/127.0.0.1:62832]' for 'POST' to 'http://localhost:62832/session/7348ca9d9443a937e66f87a0e6c0bc88/execute/sync'
10:09:00.248 [Forwarding getPageSource on session 7348ca9d9443a937e66f87a0e6c0bc88 to remote] DEBUG org.asynchttpclient.netty.request.NettyRequestSender - Using open Channel [id: 0x64ab9ebb, L:/127.0.0.1:61687 - R:localhost/127.0.0.1:62832] for POST '/session/7348ca9d9443a937e66f87a0e6c0bc88/execute/sync'
10:09:00.251 [AsyncHttpClient-1-3] DEBUG org.asynchttpclient.netty.handler.HttpHandler - 

Request DefaultHttpRequest(decodeResult: success, version: HTTP/1.1)
POST /session/7348ca9d9443a937e66f87a0e6c0bc88/execute/sync HTTP/1.1
User-Agent: selenium/4.4.0 (java windows)
Content-Length: 176
Content-Type: application/json; charset=utf-8
host: localhost:62832
accept: */*

Response DefaultHttpResponse(decodeResult: success, version: HTTP/1.1)
HTTP/1.1 200 OK
Content-Type: application/json; charset=utf-8
cache-control: no-cache
content-length: 4160

10:09:00.251 [AsyncHttpClient-1-3] DEBUG org.asynchttpclient.netty.channel.ChannelManager - Adding key: http://localhost:62832 for channel [id: 0x64ab9ebb, L:/127.0.0.1:61687 - R:localhost/127.0.0.1:62832]
10:09:00.251 [Forwarding getCurrentUrl on session 7348ca9d9443a937e66f87a0e6c0bc88 to remote] DEBUG org.asynchttpclient.netty.request.NettyRequestSender - Using pooled Channel '[id: 0x64ab9ebb, L:/127.0.0.1:61687 - R:localhost/127.0.0.1:62832]' for 'GET' to 'http://localhost:62832/session/7348ca9d9443a937e66f87a0e6c0bc88/url'
10:09:00.251 [Forwarding getCurrentUrl on session 7348ca9d9443a937e66f87a0e6c0bc88 to remote] DEBUG org.asynchttpclient.netty.request.NettyRequestSender - Using open Channel [id: 0x64ab9ebb, L:/127.0.0.1:61687 - R:localhost/127.0.0.1:62832] for GET '/session/7348ca9d9443a937e66f87a0e6c0bc88/url'
10:09:00.253 [AsyncHttpClient-1-3] DEBUG org.asynchttpclient.netty.handler.HttpHandler - 

Request DefaultFullHttpRequest(decodeResult: success, version: HTTP/1.1, content: EmptyByteBufBE)
GET /session/7348ca9d9443a937e66f87a0e6c0bc88/url HTTP/1.1
User-Agent: selenium/4.4.0 (java windows)
Cache-Control: no-cache
Content-Type: application/json; charset=utf-8
host: localhost:62832
accept: */*

Response DefaultHttpResponse(decodeResult: success, version: HTTP/1.1)
HTTP/1.1 200 OK
Content-Type: application/json; charset=utf-8
cache-control: no-cache
content-length: 38

10:09:00.254 [AsyncHttpClient-1-3] DEBUG org.asynchttpclient.netty.channel.ChannelManager - Adding key: http://localhost:62832 for channel [id: 0x64ab9ebb, L:/127.0.0.1:61687 - R:localhost/127.0.0.1:62832]
10:09:00.255 [Test worker] DEBUG net.thucydides.core.steps.StepInterceptor - STARTING STEP: LogIn.performAs - {0} enters #theTextAsAString into #target
10:09:00.258 [Test worker] DEBUG net.serenitybdd.screenplay.targets.IFrameSwitcher - default content already selected for UsernameTextBox
10:09:00.268 [Forwarding findElement on session 7348ca9d9443a937e66f87a0e6c0bc88 to remote] DEBUG org.asynchttpclient.netty.request.NettyRequestSender - Using pooled Channel '[id: 0x64ab9ebb, L:/127.0.0.1:61687 - R:localhost/127.0.0.1:62832]' for 'POST' to 'http://localhost:62832/session/7348ca9d9443a937e66f87a0e6c0bc88/element'
10:09:00.268 [Forwarding findElement on session 7348ca9d9443a937e66f87a0e6c0bc88 to remote] DEBUG org.asynchttpclient.netty.request.NettyRequestSender - Using open Channel [id: 0x64ab9ebb, L:/127.0.0.1:61687 - R:localhost/127.0.0.1:62832] for POST '/session/7348ca9d9443a937e66f87a0e6c0bc88/element'
10:09:00.275 [AsyncHttpClient-1-3] DEBUG org.asynchttpclient.netty.handler.HttpHandler - 

Request DefaultHttpRequest(decodeResult: success, version: HTTP/1.1)
POST /session/7348ca9d9443a937e66f87a0e6c0bc88/element HTTP/1.1
User-Agent: selenium/4.4.0 (java windows)
Content-Length: 67
Content-Type: application/json; charset=utf-8
host: localhost:62832
accept: */*

Response DefaultHttpResponse(decodeResult: success, version: HTTP/1.1)
HTTP/1.1 200 OK
Content-Type: application/json; charset=utf-8
cache-control: no-cache
content-length: 88

10:09:00.275 [AsyncHttpClient-1-3] DEBUG org.asynchttpclient.netty.channel.ChannelManager - Adding key: http://localhost:62832 for channel [id: 0x64ab9ebb, L:/127.0.0.1:61687 - R:localhost/127.0.0.1:62832]
10:09:00.276 [Forwarding clearElement on session 7348ca9d9443a937e66f87a0e6c0bc88 to remote] DEBUG org.asynchttpclient.netty.request.NettyRequestSender - Using pooled Channel '[id: 0x64ab9ebb, L:/127.0.0.1:61687 - R:localhost/127.0.0.1:62832]' for 'POST' to 'http://localhost:62832/session/7348ca9d9443a937e66f87a0e6c0bc88/element/d91101a2-d228-4c18-8761-9c186a598048/clear'
10:09:00.276 [Forwarding clearElement on session 7348ca9d9443a937e66f87a0e6c0bc88 to remote] DEBUG org.asynchttpclient.netty.request.NettyRequestSender - Using open Channel [id: 0x64ab9ebb, L:/127.0.0.1:61687 - R:localhost/127.0.0.1:62832] for POST '/session/7348ca9d9443a937e66f87a0e6c0bc88/element/d91101a2-d228-4c18-8761-9c186a598048/clear'
10:09:00.295 [AsyncHttpClient-1-3] DEBUG org.asynchttpclient.netty.handler.HttpHandler - 

Request DefaultHttpRequest(decodeResult: success, version: HTTP/1.1)
POST /session/7348ca9d9443a937e66f87a0e6c0bc88/element/d91101a2-d228-4c18-8761-9c186a598048/clear HTTP/1.1
User-Agent: selenium/4.4.0 (java windows)
Content-Length: 50
Content-Type: application/json; charset=utf-8
host: localhost:62832
accept: */*

Response DefaultHttpResponse(decodeResult: success, version: HTTP/1.1)
HTTP/1.1 200 OK
Content-Type: application/json; charset=utf-8
cache-control: no-cache
content-length: 14

10:09:00.295 [AsyncHttpClient-1-3] DEBUG org.asynchttpclient.netty.channel.ChannelManager - Adding key: http://localhost:62832 for channel [id: 0x64ab9ebb, L:/127.0.0.1:61687 - R:localhost/127.0.0.1:62832]
10:09:00.298 [Forwarding sendKeysToElement on session 7348ca9d9443a937e66f87a0e6c0bc88 to remote] DEBUG org.asynchttpclient.netty.request.NettyRequestSender - Using pooled Channel '[id: 0x64ab9ebb, L:/127.0.0.1:61687 - R:localhost/127.0.0.1:62832]' for 'POST' to 'http://localhost:62832/session/7348ca9d9443a937e66f87a0e6c0bc88/element/d91101a2-d228-4c18-8761-9c186a598048/value'
10:09:00.298 [Forwarding sendKeysToElement on session 7348ca9d9443a937e66f87a0e6c0bc88 to remote] DEBUG org.asynchttpclient.netty.request.NettyRequestSender - Using open Channel [id: 0x64ab9ebb, L:/127.0.0.1:61687 - R:localhost/127.0.0.1:62832] for POST '/session/7348ca9d9443a937e66f87a0e6c0bc88/element/d91101a2-d228-4c18-8761-9c186a598048/value'
10:09:00.347 [AsyncHttpClient-1-3] DEBUG org.asynchttpclient.netty.handler.HttpHandler - 

Request DefaultHttpRequest(decodeResult: success, version: HTTP/1.1)
POST /session/7348ca9d9443a937e66f87a0e6c0bc88/element/d91101a2-d228-4c18-8761-9c186a598048/value HTTP/1.1
User-Agent: selenium/4.4.0 (java windows)
Content-Length: 211
Content-Type: application/json; charset=utf-8
host: localhost:62832
accept: */*

Response DefaultHttpResponse(decodeResult: success, version: HTTP/1.1)
HTTP/1.1 200 OK
Content-Type: application/json; charset=utf-8
cache-control: no-cache
content-length: 14

10:09:00.348 [AsyncHttpClient-1-3] DEBUG org.asynchttpclient.netty.channel.ChannelManager - Adding key: http://localhost:62832 for channel [id: 0x64ab9ebb, L:/127.0.0.1:61687 - R:localhost/127.0.0.1:62832]
10:09:00.362 [Forwarding getCurrentWindowHandle on session 7348ca9d9443a937e66f87a0e6c0bc88 to remote] DEBUG org.asynchttpclient.netty.request.NettyRequestSender - Using pooled Channel '[id: 0x64ab9ebb, L:/127.0.0.1:61687 - R:localhost/127.0.0.1:62832]' for 'GET' to 'http://localhost:62832/session/7348ca9d9443a937e66f87a0e6c0bc88/window'
10:09:00.362 [Forwarding getCurrentWindowHandle on session 7348ca9d9443a937e66f87a0e6c0bc88 to remote] DEBUG org.asynchttpclient.netty.request.NettyRequestSender - Using open Channel [id: 0x64ab9ebb, L:/127.0.0.1:61687 - R:localhost/127.0.0.1:62832] for GET '/session/7348ca9d9443a937e66f87a0e6c0bc88/window'
10:09:00.362 [AsyncHttpClient-1-3] DEBUG org.asynchttpclient.netty.handler.HttpHandler - 

Request DefaultFullHttpRequest(decodeResult: success, version: HTTP/1.1, content: EmptyByteBufBE)
GET /session/7348ca9d9443a937e66f87a0e6c0bc88/window HTTP/1.1
User-Agent: selenium/4.4.0 (java windows)
Cache-Control: no-cache
Content-Type: application/json; charset=utf-8
host: localhost:62832
accept: */*

Response DefaultHttpResponse(decodeResult: success, version: HTTP/1.1)
HTTP/1.1 200 OK
Content-Type: application/json; charset=utf-8
cache-control: no-cache
content-length: 53

10:09:00.362 [AsyncHttpClient-1-3] DEBUG org.asynchttpclient.netty.channel.ChannelManager - Adding key: http://localhost:62832 for channel [id: 0x64ab9ebb, L:/127.0.0.1:61687 - R:localhost/127.0.0.1:62832]
10:09:00.366 [Forwarding getAlertText on session 7348ca9d9443a937e66f87a0e6c0bc88 to remote] DEBUG org.asynchttpclient.netty.request.NettyRequestSender - Using pooled Channel '[id: 0x64ab9ebb, L:/127.0.0.1:61687 - R:localhost/127.0.0.1:62832]' for 'GET' to 'http://localhost:62832/session/7348ca9d9443a937e66f87a0e6c0bc88/alert/text'
10:09:00.366 [Forwarding getAlertText on session 7348ca9d9443a937e66f87a0e6c0bc88 to remote] DEBUG org.asynchttpclient.netty.request.NettyRequestSender - Using open Channel [id: 0x64ab9ebb, L:/127.0.0.1:61687 - R:localhost/127.0.0.1:62832] for GET '/session/7348ca9d9443a937e66f87a0e6c0bc88/alert/text'
10:09:00.367 [AsyncHttpClient-1-3] DEBUG org.asynchttpclient.netty.handler.HttpHandler - 

Request DefaultFullHttpRequest(decodeResult: success, version: HTTP/1.1, content: EmptyByteBufBE)
GET /session/7348ca9d9443a937e66f87a0e6c0bc88/alert/text HTTP/1.1
User-Agent: selenium/4.4.0 (java windows)
Cache-Control: no-cache
Content-Type: application/json; charset=utf-8
host: localhost:62832
accept: */*

Response DefaultHttpResponse(decodeResult: success, version: HTTP/1.1)
HTTP/1.1 404 Not Found
Content-Type: application/json; charset=utf-8
cache-control: no-cache
content-length: 879

10:09:00.367 [AsyncHttpClient-1-3] DEBUG org.asynchttpclient.netty.channel.ChannelManager - Adding key: http://localhost:62832 for channel [id: 0x64ab9ebb, L:/127.0.0.1:61687 - R:localhost/127.0.0.1:62832]
10:09:00.372 [Forwarding switchToWindow on session 7348ca9d9443a937e66f87a0e6c0bc88 to remote] DEBUG org.asynchttpclient.netty.request.NettyRequestSender - Using pooled Channel '[id: 0x64ab9ebb, L:/127.0.0.1:61687 - R:localhost/127.0.0.1:62832]' for 'POST' to 'http://localhost:62832/session/7348ca9d9443a937e66f87a0e6c0bc88/window'
10:09:00.372 [Forwarding switchToWindow on session 7348ca9d9443a937e66f87a0e6c0bc88 to remote] DEBUG org.asynchttpclient.netty.request.NettyRequestSender - Using open Channel [id: 0x64ab9ebb, L:/127.0.0.1:61687 - R:localhost/127.0.0.1:62832] for POST '/session/7348ca9d9443a937e66f87a0e6c0bc88/window'
10:09:00.375 [AsyncHttpClient-1-3] DEBUG org.asynchttpclient.netty.handler.HttpHandler - 

Request DefaultHttpRequest(decodeResult: success, version: HTTP/1.1)
POST /session/7348ca9d9443a937e66f87a0e6c0bc88/window HTTP/1.1
User-Agent: selenium/4.4.0 (java windows)
Content-Length: 59
Content-Type: application/json; charset=utf-8
host: localhost:62832
accept: */*

Response DefaultHttpResponse(decodeResult: success, version: HTTP/1.1)
HTTP/1.1 200 OK
Content-Type: application/json; charset=utf-8
cache-control: no-cache
content-length: 14

10:09:00.375 [AsyncHttpClient-1-3] DEBUG org.asynchttpclient.netty.channel.ChannelManager - Adding key: http://localhost:62832 for channel [id: 0x64ab9ebb, L:/127.0.0.1:61687 - R:localhost/127.0.0.1:62832]
10:09:00.375 [Forwarding getCurrentUrl on session 7348ca9d9443a937e66f87a0e6c0bc88 to remote] DEBUG org.asynchttpclient.netty.request.NettyRequestSender - Using pooled Channel '[id: 0x64ab9ebb, L:/127.0.0.1:61687 - R:localhost/127.0.0.1:62832]' for 'GET' to 'http://localhost:62832/session/7348ca9d9443a937e66f87a0e6c0bc88/url'
10:09:00.375 [Forwarding getCurrentUrl on session 7348ca9d9443a937e66f87a0e6c0bc88 to remote] DEBUG org.asynchttpclient.netty.request.NettyRequestSender - Using open Channel [id: 0x64ab9ebb, L:/127.0.0.1:61687 - R:localhost/127.0.0.1:62832] for GET '/session/7348ca9d9443a937e66f87a0e6c0bc88/url'
10:09:00.379 [AsyncHttpClient-1-3] DEBUG org.asynchttpclient.netty.handler.HttpHandler - 

Request DefaultFullHttpRequest(decodeResult: success, version: HTTP/1.1, content: EmptyByteBufBE)
GET /session/7348ca9d9443a937e66f87a0e6c0bc88/url HTTP/1.1
User-Agent: selenium/4.4.0 (java windows)
Cache-Control: no-cache
Content-Type: application/json; charset=utf-8
host: localhost:62832
accept: */*

Response DefaultHttpResponse(decodeResult: success, version: HTTP/1.1)
HTTP/1.1 200 OK
Content-Type: application/json; charset=utf-8
cache-control: no-cache
content-length: 38

10:09:00.379 [AsyncHttpClient-1-3] DEBUG org.asynchttpclient.netty.channel.ChannelManager - Adding key: http://localhost:62832 for channel [id: 0x64ab9ebb, L:/127.0.0.1:61687 - R:localhost/127.0.0.1:62832]
10:09:00.379 [Forwarding screenshot on session 7348ca9d9443a937e66f87a0e6c0bc88 to remote] DEBUG org.asynchttpclient.netty.request.NettyRequestSender - Using pooled Channel '[id: 0x64ab9ebb, L:/127.0.0.1:61687 - R:localhost/127.0.0.1:62832]' for 'GET' to 'http://localhost:62832/session/7348ca9d9443a937e66f87a0e6c0bc88/screenshot'
10:09:00.379 [Forwarding screenshot on session 7348ca9d9443a937e66f87a0e6c0bc88 to remote] DEBUG org.asynchttpclient.netty.request.NettyRequestSender - Using open Channel [id: 0x64ab9ebb, L:/127.0.0.1:61687 - R:localhost/127.0.0.1:62832] for GET '/session/7348ca9d9443a937e66f87a0e6c0bc88/screenshot'
10:09:00.406 [AsyncHttpClient-1-1] DEBUG org.asynchttpclient.netty.channel.DefaultChannelPool - Entry count for : http://localhost:61688 : 1
10:09:00.440 [AsyncHttpClient-1-3] DEBUG org.asynchttpclient.netty.handler.HttpHandler - 

Request DefaultFullHttpRequest(decodeResult: success, version: HTTP/1.1, content: EmptyByteBufBE)
GET /session/7348ca9d9443a937e66f87a0e6c0bc88/screenshot HTTP/1.1
User-Agent: selenium/4.4.0 (java windows)
Cache-Control: no-cache
Content-Type: application/json; charset=utf-8
host: localhost:62832
accept: */*

Response DefaultHttpResponse(decodeResult: success, version: HTTP/1.1)
HTTP/1.1 200 OK
Content-Type: application/json; charset=utf-8
cache-control: no-cache
content-length: 59812

10:09:00.440 [AsyncHttpClient-1-3] DEBUG org.asynchttpclient.netty.channel.ChannelManager - Adding key: http://localhost:62832 for channel [id: 0x64ab9ebb, L:/127.0.0.1:61687 - R:localhost/127.0.0.1:62832]
10:09:00.442 [Test worker] DEBUG net.serenitybdd.core.photography.Darkroom - Send negative for processing for C:\Users\juan.gomezv\IdeaProjects\sura\target\site\serenity\cb904724c11cb1c402bbd44fd4c83dd8993b3b1bfb579cc518ee5232028dbf9b.png
10:09:00.442 [Test worker] DEBUG net.thucydides.core.steps.StepInterceptor - STEP DONE: {0} enters #theTextAsAString into #target
10:09:00.450 [Forwarding getPageSource on session 7348ca9d9443a937e66f87a0e6c0bc88 to remote] DEBUG org.asynchttpclient.netty.request.NettyRequestSender - Using pooled Channel '[id: 0x64ab9ebb, L:/127.0.0.1:61687 - R:localhost/127.0.0.1:62832]' for 'POST' to 'http://localhost:62832/session/7348ca9d9443a937e66f87a0e6c0bc88/execute/sync'
10:09:00.450 [Forwarding getPageSource on session 7348ca9d9443a937e66f87a0e6c0bc88 to remote] DEBUG org.asynchttpclient.netty.request.NettyRequestSender - Using open Channel [id: 0x64ab9ebb, L:/127.0.0.1:61687 - R:localhost/127.0.0.1:62832] for POST '/session/7348ca9d9443a937e66f87a0e6c0bc88/execute/sync'
10:09:00.454 [AsyncHttpClient-1-3] DEBUG org.asynchttpclient.netty.handler.HttpHandler - 

Request DefaultHttpRequest(decodeResult: success, version: HTTP/1.1)
POST /session/7348ca9d9443a937e66f87a0e6c0bc88/execute/sync HTTP/1.1
User-Agent: selenium/4.4.0 (java windows)
Content-Length: 176
Content-Type: application/json; charset=utf-8
host: localhost:62832
accept: */*

Response DefaultHttpResponse(decodeResult: success, version: HTTP/1.1)
HTTP/1.1 200 OK
Content-Type: application/json; charset=utf-8
cache-control: no-cache
content-length: 4173

10:09:00.454 [AsyncHttpClient-1-3] DEBUG org.asynchttpclient.netty.channel.ChannelManager - Adding key: http://localhost:62832 for channel [id: 0x64ab9ebb, L:/127.0.0.1:61687 - R:localhost/127.0.0.1:62832]
10:09:00.455 [Forwarding getCurrentUrl on session 7348ca9d9443a937e66f87a0e6c0bc88 to remote] DEBUG org.asynchttpclient.netty.request.NettyRequestSender - Using pooled Channel '[id: 0x64ab9ebb, L:/127.0.0.1:61687 - R:localhost/127.0.0.1:62832]' for 'GET' to 'http://localhost:62832/session/7348ca9d9443a937e66f87a0e6c0bc88/url'
10:09:00.455 [Forwarding getCurrentUrl on session 7348ca9d9443a937e66f87a0e6c0bc88 to remote] DEBUG org.asynchttpclient.netty.request.NettyRequestSender - Using open Channel [id: 0x64ab9ebb, L:/127.0.0.1:61687 - R:localhost/127.0.0.1:62832] for GET '/session/7348ca9d9443a937e66f87a0e6c0bc88/url'
10:09:00.458 [AsyncHttpClient-1-3] DEBUG org.asynchttpclient.netty.handler.HttpHandler - 

Request DefaultFullHttpRequest(decodeResult: success, version: HTTP/1.1, content: EmptyByteBufBE)
GET /session/7348ca9d9443a937e66f87a0e6c0bc88/url HTTP/1.1
User-Agent: selenium/4.4.0 (java windows)
Cache-Control: no-cache
Content-Type: application/json; charset=utf-8
host: localhost:62832
accept: */*

Response DefaultHttpResponse(decodeResult: success, version: HTTP/1.1)
HTTP/1.1 200 OK
Content-Type: application/json; charset=utf-8
cache-control: no-cache
content-length: 38

10:09:00.458 [AsyncHttpClient-1-3] DEBUG org.asynchttpclient.netty.channel.ChannelManager - Adding key: http://localhost:62832 for channel [id: 0x64ab9ebb, L:/127.0.0.1:61687 - R:localhost/127.0.0.1:62832]
10:09:00.459 [Test worker] DEBUG net.thucydides.core.steps.StepInterceptor - STARTING STEP: LogIn.performAs - {0} enters #theTextAsAString into #target
10:09:00.462 [Test worker] DEBUG net.serenitybdd.screenplay.targets.IFrameSwitcher - default content already selected for PasswordTextBox
10:09:00.471 [Forwarding findElement on session 7348ca9d9443a937e66f87a0e6c0bc88 to remote] DEBUG org.asynchttpclient.netty.request.NettyRequestSender - Using pooled Channel '[id: 0x64ab9ebb, L:/127.0.0.1:61687 - R:localhost/127.0.0.1:62832]' for 'POST' to 'http://localhost:62832/session/7348ca9d9443a937e66f87a0e6c0bc88/element'
10:09:00.471 [Forwarding findElement on session 7348ca9d9443a937e66f87a0e6c0bc88 to remote] DEBUG org.asynchttpclient.netty.request.NettyRequestSender - Using open Channel [id: 0x64ab9ebb, L:/127.0.0.1:61687 - R:localhost/127.0.0.1:62832] for POST '/session/7348ca9d9443a937e66f87a0e6c0bc88/element'
10:09:00.479 [AsyncHttpClient-1-3] DEBUG org.asynchttpclient.netty.handler.HttpHandler - 

Request DefaultHttpRequest(decodeResult: success, version: HTTP/1.1)
POST /session/7348ca9d9443a937e66f87a0e6c0bc88/element HTTP/1.1
User-Agent: selenium/4.4.0 (java windows)
Content-Length: 66
Content-Type: application/json; charset=utf-8
host: localhost:62832
accept: */*

Response DefaultHttpResponse(decodeResult: success, version: HTTP/1.1)
HTTP/1.1 200 OK
Content-Type: application/json; charset=utf-8
cache-control: no-cache
content-length: 88

10:09:00.480 [AsyncHttpClient-1-3] DEBUG org.asynchttpclient.netty.channel.ChannelManager - Adding key: http://localhost:62832 for channel [id: 0x64ab9ebb, L:/127.0.0.1:61687 - R:localhost/127.0.0.1:62832]
10:09:00.480 [Forwarding clearElement on session 7348ca9d9443a937e66f87a0e6c0bc88 to remote] DEBUG org.asynchttpclient.netty.request.NettyRequestSender - Using pooled Channel '[id: 0x64ab9ebb, L:/127.0.0.1:61687 - R:localhost/127.0.0.1:62832]' for 'POST' to 'http://localhost:62832/session/7348ca9d9443a937e66f87a0e6c0bc88/element/7799dd09-51fa-429c-b695-5adb2f4d8412/clear'
10:09:00.480 [Forwarding clearElement on session 7348ca9d9443a937e66f87a0e6c0bc88 to remote] DEBUG org.asynchttpclient.netty.request.NettyRequestSender - Using open Channel [id: 0x64ab9ebb, L:/127.0.0.1:61687 - R:localhost/127.0.0.1:62832] for POST '/session/7348ca9d9443a937e66f87a0e6c0bc88/element/7799dd09-51fa-429c-b695-5adb2f4d8412/clear'
10:09:00.503 [AsyncHttpClient-1-3] DEBUG org.asynchttpclient.netty.handler.HttpHandler - 

Request DefaultHttpRequest(decodeResult: success, version: HTTP/1.1)
POST /session/7348ca9d9443a937e66f87a0e6c0bc88/element/7799dd09-51fa-429c-b695-5adb2f4d8412/clear HTTP/1.1
User-Agent: selenium/4.4.0 (java windows)
Content-Length: 50
Content-Type: application/json; charset=utf-8
host: localhost:62832
accept: */*

Response DefaultHttpResponse(decodeResult: success, version: HTTP/1.1)
HTTP/1.1 200 OK
Content-Type: application/json; charset=utf-8
cache-control: no-cache
content-length: 14

10:09:00.503 [AsyncHttpClient-1-3] DEBUG org.asynchttpclient.netty.channel.ChannelManager - Adding key: http://localhost:62832 for channel [id: 0x64ab9ebb, L:/127.0.0.1:61687 - R:localhost/127.0.0.1:62832]
10:09:00.506 [Forwarding sendKeysToElement on session 7348ca9d9443a937e66f87a0e6c0bc88 to remote] DEBUG org.asynchttpclient.netty.request.NettyRequestSender - Using pooled Channel '[id: 0x64ab9ebb, L:/127.0.0.1:61687 - R:localhost/127.0.0.1:62832]' for 'POST' to 'http://localhost:62832/session/7348ca9d9443a937e66f87a0e6c0bc88/element/7799dd09-51fa-429c-b695-5adb2f4d8412/value'
10:09:00.506 [Forwarding sendKeysToElement on session 7348ca9d9443a937e66f87a0e6c0bc88 to remote] DEBUG org.asynchttpclient.netty.request.NettyRequestSender - Using open Channel [id: 0x64ab9ebb, L:/127.0.0.1:61687 - R:localhost/127.0.0.1:62832] for POST '/session/7348ca9d9443a937e66f87a0e6c0bc88/element/7799dd09-51fa-429c-b695-5adb2f4d8412/value'
10:09:00.545 [AsyncHttpClient-1-3] DEBUG org.asynchttpclient.netty.handler.HttpHandler - 

Request DefaultHttpRequest(decodeResult: success, version: HTTP/1.1)
POST /session/7348ca9d9443a937e66f87a0e6c0bc88/element/7799dd09-51fa-429c-b695-5adb2f4d8412/value HTTP/1.1
User-Agent: selenium/4.4.0 (java windows)
Content-Length: 201
Content-Type: application/json; charset=utf-8
host: localhost:62832
accept: */*

Response DefaultHttpResponse(decodeResult: success, version: HTTP/1.1)
HTTP/1.1 200 OK
Content-Type: application/json; charset=utf-8
cache-control: no-cache
content-length: 14

10:09:00.545 [AsyncHttpClient-1-3] DEBUG org.asynchttpclient.netty.channel.ChannelManager - Adding key: http://localhost:62832 for channel [id: 0x64ab9ebb, L:/127.0.0.1:61687 - R:localhost/127.0.0.1:62832]
10:09:00.558 [Forwarding getCurrentWindowHandle on session 7348ca9d9443a937e66f87a0e6c0bc88 to remote] DEBUG org.asynchttpclient.netty.request.NettyRequestSender - Using pooled Channel '[id: 0x64ab9ebb, L:/127.0.0.1:61687 - R:localhost/127.0.0.1:62832]' for 'GET' to 'http://localhost:62832/session/7348ca9d9443a937e66f87a0e6c0bc88/window'
10:09:00.558 [Forwarding getCurrentWindowHandle on session 7348ca9d9443a937e66f87a0e6c0bc88 to remote] DEBUG org.asynchttpclient.netty.request.NettyRequestSender - Using open Channel [id: 0x64ab9ebb, L:/127.0.0.1:61687 - R:localhost/127.0.0.1:62832] for GET '/session/7348ca9d9443a937e66f87a0e6c0bc88/window'
10:09:00.558 [AsyncHttpClient-1-3] DEBUG org.asynchttpclient.netty.handler.HttpHandler - 

Request DefaultFullHttpRequest(decodeResult: success, version: HTTP/1.1, content: EmptyByteBufBE)
GET /session/7348ca9d9443a937e66f87a0e6c0bc88/window HTTP/1.1
User-Agent: selenium/4.4.0 (java windows)
Cache-Control: no-cache
Content-Type: application/json; charset=utf-8
host: localhost:62832
accept: */*

Response DefaultHttpResponse(decodeResult: success, version: HTTP/1.1)
HTTP/1.1 200 OK
Content-Type: application/json; charset=utf-8
cache-control: no-cache
content-length: 53

10:09:00.559 [AsyncHttpClient-1-3] DEBUG org.asynchttpclient.netty.channel.ChannelManager - Adding key: http://localhost:62832 for channel [id: 0x64ab9ebb, L:/127.0.0.1:61687 - R:localhost/127.0.0.1:62832]
10:09:00.561 [Forwarding getAlertText on session 7348ca9d9443a937e66f87a0e6c0bc88 to remote] DEBUG org.asynchttpclient.netty.request.NettyRequestSender - Using pooled Channel '[id: 0x64ab9ebb, L:/127.0.0.1:61687 - R:localhost/127.0.0.1:62832]' for 'GET' to 'http://localhost:62832/session/7348ca9d9443a937e66f87a0e6c0bc88/alert/text'
10:09:00.561 [Forwarding getAlertText on session 7348ca9d9443a937e66f87a0e6c0bc88 to remote] DEBUG org.asynchttpclient.netty.request.NettyRequestSender - Using open Channel [id: 0x64ab9ebb, L:/127.0.0.1:61687 - R:localhost/127.0.0.1:62832] for GET '/session/7348ca9d9443a937e66f87a0e6c0bc88/alert/text'
10:09:00.563 [AsyncHttpClient-1-3] DEBUG org.asynchttpclient.netty.handler.HttpHandler - 

Request DefaultFullHttpRequest(decodeResult: success, version: HTTP/1.1, content: EmptyByteBufBE)
GET /session/7348ca9d9443a937e66f87a0e6c0bc88/alert/text HTTP/1.1
User-Agent: selenium/4.4.0 (java windows)
Cache-Control: no-cache
Content-Type: application/json; charset=utf-8
host: localhost:62832
accept: */*

Response DefaultHttpResponse(decodeResult: success, version: HTTP/1.1)
HTTP/1.1 404 Not Found
Content-Type: application/json; charset=utf-8
cache-control: no-cache
content-length: 879

10:09:00.563 [AsyncHttpClient-1-3] DEBUG org.asynchttpclient.netty.channel.ChannelManager - Adding key: http://localhost:62832 for channel [id: 0x64ab9ebb, L:/127.0.0.1:61687 - R:localhost/127.0.0.1:62832]
10:09:00.566 [Forwarding switchToWindow on session 7348ca9d9443a937e66f87a0e6c0bc88 to remote] DEBUG org.asynchttpclient.netty.request.NettyRequestSender - Using pooled Channel '[id: 0x64ab9ebb, L:/127.0.0.1:61687 - R:localhost/127.0.0.1:62832]' for 'POST' to 'http://localhost:62832/session/7348ca9d9443a937e66f87a0e6c0bc88/window'
10:09:00.566 [Forwarding switchToWindow on session 7348ca9d9443a937e66f87a0e6c0bc88 to remote] DEBUG org.asynchttpclient.netty.request.NettyRequestSender - Using open Channel [id: 0x64ab9ebb, L:/127.0.0.1:61687 - R:localhost/127.0.0.1:62832] for POST '/session/7348ca9d9443a937e66f87a0e6c0bc88/window'
10:09:00.568 [AsyncHttpClient-1-3] DEBUG org.asynchttpclient.netty.handler.HttpHandler - 

Request DefaultHttpRequest(decodeResult: success, version: HTTP/1.1)
POST /session/7348ca9d9443a937e66f87a0e6c0bc88/window HTTP/1.1
User-Agent: selenium/4.4.0 (java windows)
Content-Length: 59
Content-Type: application/json; charset=utf-8
host: localhost:62832
accept: */*

Response DefaultHttpResponse(decodeResult: success, version: HTTP/1.1)
HTTP/1.1 200 OK
Content-Type: application/json; charset=utf-8
cache-control: no-cache
content-length: 14

10:09:00.568 [AsyncHttpClient-1-3] DEBUG org.asynchttpclient.netty.channel.ChannelManager - Adding key: http://localhost:62832 for channel [id: 0x64ab9ebb, L:/127.0.0.1:61687 - R:localhost/127.0.0.1:62832]
10:09:00.568 [Forwarding getCurrentUrl on session 7348ca9d9443a937e66f87a0e6c0bc88 to remote] DEBUG org.asynchttpclient.netty.request.NettyRequestSender - Using pooled Channel '[id: 0x64ab9ebb, L:/127.0.0.1:61687 - R:localhost/127.0.0.1:62832]' for 'GET' to 'http://localhost:62832/session/7348ca9d9443a937e66f87a0e6c0bc88/url'
10:09:00.568 [Forwarding getCurrentUrl on session 7348ca9d9443a937e66f87a0e6c0bc88 to remote] DEBUG org.asynchttpclient.netty.request.NettyRequestSender - Using open Channel [id: 0x64ab9ebb, L:/127.0.0.1:61687 - R:localhost/127.0.0.1:62832] for GET '/session/7348ca9d9443a937e66f87a0e6c0bc88/url'
10:09:00.570 [AsyncHttpClient-1-3] DEBUG org.asynchttpclient.netty.handler.HttpHandler - 

Request DefaultFullHttpRequest(decodeResult: success, version: HTTP/1.1, content: EmptyByteBufBE)
GET /session/7348ca9d9443a937e66f87a0e6c0bc88/url HTTP/1.1
User-Agent: selenium/4.4.0 (java windows)
Cache-Control: no-cache
Content-Type: application/json; charset=utf-8
host: localhost:62832
accept: */*

Response DefaultHttpResponse(decodeResult: success, version: HTTP/1.1)
HTTP/1.1 200 OK
Content-Type: application/json; charset=utf-8
cache-control: no-cache
content-length: 38

10:09:00.570 [AsyncHttpClient-1-3] DEBUG org.asynchttpclient.netty.channel.ChannelManager - Adding key: http://localhost:62832 for channel [id: 0x64ab9ebb, L:/127.0.0.1:61687 - R:localhost/127.0.0.1:62832]
10:09:00.571 [Forwarding screenshot on session 7348ca9d9443a937e66f87a0e6c0bc88 to remote] DEBUG org.asynchttpclient.netty.request.NettyRequestSender - Using pooled Channel '[id: 0x64ab9ebb, L:/127.0.0.1:61687 - R:localhost/127.0.0.1:62832]' for 'GET' to 'http://localhost:62832/session/7348ca9d9443a937e66f87a0e6c0bc88/screenshot'
10:09:00.571 [Forwarding screenshot on session 7348ca9d9443a937e66f87a0e6c0bc88 to remote] DEBUG org.asynchttpclient.netty.request.NettyRequestSender - Using open Channel [id: 0x64ab9ebb, L:/127.0.0.1:61687 - R:localhost/127.0.0.1:62832] for GET '/session/7348ca9d9443a937e66f87a0e6c0bc88/screenshot'
10:09:00.656 [AsyncHttpClient-1-3] DEBUG org.asynchttpclient.netty.handler.HttpHandler - 

Request DefaultFullHttpRequest(decodeResult: success, version: HTTP/1.1, content: EmptyByteBufBE)
GET /session/7348ca9d9443a937e66f87a0e6c0bc88/screenshot HTTP/1.1
User-Agent: selenium/4.4.0 (java windows)
Cache-Control: no-cache
Content-Type: application/json; charset=utf-8
host: localhost:62832
accept: */*

Response DefaultHttpResponse(decodeResult: success, version: HTTP/1.1)
HTTP/1.1 200 OK
Content-Type: application/json; charset=utf-8
cache-control: no-cache
content-length: 58468

10:09:00.657 [AsyncHttpClient-1-3] DEBUG org.asynchttpclient.netty.channel.ChannelManager - Adding key: http://localhost:62832 for channel [id: 0x64ab9ebb, L:/127.0.0.1:61687 - R:localhost/127.0.0.1:62832]
10:09:00.658 [Test worker] DEBUG net.serenitybdd.core.photography.Darkroom - Send negative for processing for C:\Users\juan.gomezv\IdeaProjects\sura\target\site\serenity\3928254ac939cb654635a6fe0cdcba17cdafb3fae09b0fc2384a6404e2fbc8c4.png
10:09:00.658 [Test worker] DEBUG net.thucydides.core.steps.StepInterceptor - STEP DONE: {0} enters #theTextAsAString into #target
10:09:00.665 [Forwarding getPageSource on session 7348ca9d9443a937e66f87a0e6c0bc88 to remote] DEBUG org.asynchttpclient.netty.request.NettyRequestSender - Using pooled Channel '[id: 0x64ab9ebb, L:/127.0.0.1:61687 - R:localhost/127.0.0.1:62832]' for 'POST' to 'http://localhost:62832/session/7348ca9d9443a937e66f87a0e6c0bc88/execute/sync'
10:09:00.665 [Forwarding getPageSource on session 7348ca9d9443a937e66f87a0e6c0bc88 to remote] DEBUG org.asynchttpclient.netty.request.NettyRequestSender - Using open Channel [id: 0x64ab9ebb, L:/127.0.0.1:61687 - R:localhost/127.0.0.1:62832] for POST '/session/7348ca9d9443a937e66f87a0e6c0bc88/execute/sync'
10:09:00.671 [AsyncHttpClient-1-3] DEBUG org.asynchttpclient.netty.handler.HttpHandler - 

Request DefaultHttpRequest(decodeResult: success, version: HTTP/1.1)
POST /session/7348ca9d9443a937e66f87a0e6c0bc88/execute/sync HTTP/1.1
User-Agent: selenium/4.4.0 (java windows)
Content-Length: 176
Content-Type: application/json; charset=utf-8
host: localhost:62832
accept: */*

Response DefaultHttpResponse(decodeResult: success, version: HTTP/1.1)
HTTP/1.1 200 OK
Content-Type: application/json; charset=utf-8
cache-control: no-cache
content-length: 4185

10:09:00.671 [AsyncHttpClient-1-3] DEBUG org.asynchttpclient.netty.channel.ChannelManager - Adding key: http://localhost:62832 for channel [id: 0x64ab9ebb, L:/127.0.0.1:61687 - R:localhost/127.0.0.1:62832]
10:09:00.672 [Forwarding getCurrentUrl on session 7348ca9d9443a937e66f87a0e6c0bc88 to remote] DEBUG org.asynchttpclient.netty.request.NettyRequestSender - Using pooled Channel '[id: 0x64ab9ebb, L:/127.0.0.1:61687 - R:localhost/127.0.0.1:62832]' for 'GET' to 'http://localhost:62832/session/7348ca9d9443a937e66f87a0e6c0bc88/url'
10:09:00.672 [Forwarding getCurrentUrl on session 7348ca9d9443a937e66f87a0e6c0bc88 to remote] DEBUG org.asynchttpclient.netty.request.NettyRequestSender - Using open Channel [id: 0x64ab9ebb, L:/127.0.0.1:61687 - R:localhost/127.0.0.1:62832] for GET '/session/7348ca9d9443a937e66f87a0e6c0bc88/url'
10:09:00.675 [AsyncHttpClient-1-3] DEBUG org.asynchttpclient.netty.handler.HttpHandler - 

Request DefaultFullHttpRequest(decodeResult: success, version: HTTP/1.1, content: EmptyByteBufBE)
GET /session/7348ca9d9443a937e66f87a0e6c0bc88/url HTTP/1.1
User-Agent: selenium/4.4.0 (java windows)
Cache-Control: no-cache
Content-Type: application/json; charset=utf-8
host: localhost:62832
accept: */*

Response DefaultHttpResponse(decodeResult: success, version: HTTP/1.1)
HTTP/1.1 200 OK
Content-Type: application/json; charset=utf-8
cache-control: no-cache
content-length: 38

10:09:00.677 [AsyncHttpClient-1-3] DEBUG org.asynchttpclient.netty.channel.ChannelManager - Adding key: http://localhost:62832 for channel [id: 0x64ab9ebb, L:/127.0.0.1:61687 - R:localhost/127.0.0.1:62832]
10:09:00.678 [Test worker] DEBUG net.thucydides.core.steps.StepInterceptor - STARTING STEP: LogIn.performAs - {0} clicks on #target
10:09:00.678 [Test worker] DEBUG net.serenitybdd.screenplay.targets.IFrameSwitcher - default content already selected for LogIn Button
10:09:00.693 [Forwarding findElement on session 7348ca9d9443a937e66f87a0e6c0bc88 to remote] DEBUG org.asynchttpclient.netty.request.NettyRequestSender - Using pooled Channel '[id: 0x64ab9ebb, L:/127.0.0.1:61687 - R:localhost/127.0.0.1:62832]' for 'POST' to 'http://localhost:62832/session/7348ca9d9443a937e66f87a0e6c0bc88/element'
10:09:00.693 [Forwarding findElement on session 7348ca9d9443a937e66f87a0e6c0bc88 to remote] DEBUG org.asynchttpclient.netty.request.NettyRequestSender - Using open Channel [id: 0x64ab9ebb, L:/127.0.0.1:61687 - R:localhost/127.0.0.1:62832] for POST '/session/7348ca9d9443a937e66f87a0e6c0bc88/element'
10:09:00.702 [AsyncHttpClient-1-3] DEBUG org.asynchttpclient.netty.handler.HttpHandler - 

Request DefaultHttpRequest(decodeResult: success, version: HTTP/1.1)
POST /session/7348ca9d9443a937e66f87a0e6c0bc88/element HTTP/1.1
User-Agent: selenium/4.4.0 (java windows)
Content-Length: 70
Content-Type: application/json; charset=utf-8
host: localhost:62832
accept: */*

Response DefaultHttpResponse(decodeResult: success, version: HTTP/1.1)
HTTP/1.1 200 OK
Content-Type: application/json; charset=utf-8
cache-control: no-cache
content-length: 88

10:09:00.702 [AsyncHttpClient-1-3] DEBUG org.asynchttpclient.netty.channel.ChannelManager - Adding key: http://localhost:62832 for channel [id: 0x64ab9ebb, L:/127.0.0.1:61687 - R:localhost/127.0.0.1:62832]
10:09:00.706 [Forwarding isElementDisplayed on session 7348ca9d9443a937e66f87a0e6c0bc88 to remote] DEBUG org.asynchttpclient.netty.request.NettyRequestSender - Using pooled Channel '[id: 0x64ab9ebb, L:/127.0.0.1:61687 - R:localhost/127.0.0.1:62832]' for 'POST' to 'http://localhost:62832/session/7348ca9d9443a937e66f87a0e6c0bc88/execute/sync'
10:09:00.706 [Forwarding isElementDisplayed on session 7348ca9d9443a937e66f87a0e6c0bc88 to remote] DEBUG org.asynchttpclient.netty.request.NettyRequestSender - Using open Channel [id: 0x64ab9ebb, L:/127.0.0.1:61687 - R:localhost/127.0.0.1:62832] for POST '/session/7348ca9d9443a937e66f87a0e6c0bc88/execute/sync'
10:09:00.716 [AsyncHttpClient-1-3] DEBUG org.asynchttpclient.netty.handler.HttpHandler - 

Request DefaultHttpRequest(decodeResult: success, version: HTTP/1.1)
POST /session/7348ca9d9443a937e66f87a0e6c0bc88/execute/sync HTTP/1.1
User-Agent: selenium/4.4.0 (java windows)
Content-Length: 48780
Content-Type: application/json; charset=utf-8
host: localhost:62832
accept: */*

Response DefaultHttpResponse(decodeResult: success, version: HTTP/1.1)
HTTP/1.1 200 OK
Content-Type: application/json; charset=utf-8
cache-control: no-cache
content-length: 14

10:09:00.717 [AsyncHttpClient-1-3] DEBUG org.asynchttpclient.netty.channel.ChannelManager - Adding key: http://localhost:62832 for channel [id: 0x64ab9ebb, L:/127.0.0.1:61687 - R:localhost/127.0.0.1:62832]
10:09:00.721 [Forwarding findElement on session 7348ca9d9443a937e66f87a0e6c0bc88 to remote] DEBUG org.asynchttpclient.netty.request.NettyRequestSender - Using pooled Channel '[id: 0x64ab9ebb, L:/127.0.0.1:61687 - R:localhost/127.0.0.1:62832]' for 'POST' to 'http://localhost:62832/session/7348ca9d9443a937e66f87a0e6c0bc88/element'
10:09:00.721 [Forwarding findElement on session 7348ca9d9443a937e66f87a0e6c0bc88 to remote] DEBUG org.asynchttpclient.netty.request.NettyRequestSender - Using open Channel [id: 0x64ab9ebb, L:/127.0.0.1:61687 - R:localhost/127.0.0.1:62832] for POST '/session/7348ca9d9443a937e66f87a0e6c0bc88/element'
10:09:00.728 [AsyncHttpClient-1-3] DEBUG org.asynchttpclient.netty.handler.HttpHandler - 

Request DefaultHttpRequest(decodeResult: success, version: HTTP/1.1)
POST /session/7348ca9d9443a937e66f87a0e6c0bc88/element HTTP/1.1
User-Agent: selenium/4.4.0 (java windows)
Content-Length: 70
Content-Type: application/json; charset=utf-8
host: localhost:62832
accept: */*

Response DefaultHttpResponse(decodeResult: success, version: HTTP/1.1)
HTTP/1.1 200 OK
Content-Type: application/json; charset=utf-8
cache-control: no-cache
content-length: 88

10:09:00.729 [AsyncHttpClient-1-3] DEBUG org.asynchttpclient.netty.channel.ChannelManager - Adding key: http://localhost:62832 for channel [id: 0x64ab9ebb, L:/127.0.0.1:61687 - R:localhost/127.0.0.1:62832]
10:09:00.729 [Forwarding clickElement on session 7348ca9d9443a937e66f87a0e6c0bc88 to remote] DEBUG org.asynchttpclient.netty.request.NettyRequestSender - Using pooled Channel '[id: 0x64ab9ebb, L:/127.0.0.1:61687 - R:localhost/127.0.0.1:62832]' for 'POST' to 'http://localhost:62832/session/7348ca9d9443a937e66f87a0e6c0bc88/element/026e2da1-e4a7-4322-9540-df33602902f2/click'
10:09:00.729 [Forwarding clickElement on session 7348ca9d9443a937e66f87a0e6c0bc88 to remote] DEBUG org.asynchttpclient.netty.request.NettyRequestSender - Using open Channel [id: 0x64ab9ebb, L:/127.0.0.1:61687 - R:localhost/127.0.0.1:62832] for POST '/session/7348ca9d9443a937e66f87a0e6c0bc88/element/026e2da1-e4a7-4322-9540-df33602902f2/click'
10:09:00.806 [AsyncHttpClient-1-3] DEBUG org.asynchttpclient.netty.handler.HttpHandler - 

Request DefaultHttpRequest(decodeResult: success, version: HTTP/1.1)
POST /session/7348ca9d9443a937e66f87a0e6c0bc88/element/026e2da1-e4a7-4322-9540-df33602902f2/click HTTP/1.1
User-Agent: selenium/4.4.0 (java windows)
Content-Length: 50
Content-Type: application/json; charset=utf-8
host: localhost:62832
accept: */*

Response DefaultHttpResponse(decodeResult: success, version: HTTP/1.1)
HTTP/1.1 200 OK
Content-Type: application/json; charset=utf-8
cache-control: no-cache
content-length: 14

10:09:00.806 [AsyncHttpClient-1-3] DEBUG org.asynchttpclient.netty.channel.ChannelManager - Adding key: http://localhost:62832 for channel [id: 0x64ab9ebb, L:/127.0.0.1:61687 - R:localhost/127.0.0.1:62832]
10:09:00.824 [Forwarding getCurrentWindowHandle on session 7348ca9d9443a937e66f87a0e6c0bc88 to remote] DEBUG org.asynchttpclient.netty.request.NettyRequestSender - Using pooled Channel '[id: 0x64ab9ebb, L:/127.0.0.1:61687 - R:localhost/127.0.0.1:62832]' for 'GET' to 'http://localhost:62832/session/7348ca9d9443a937e66f87a0e6c0bc88/window'
10:09:00.824 [Forwarding getCurrentWindowHandle on session 7348ca9d9443a937e66f87a0e6c0bc88 to remote] DEBUG org.asynchttpclient.netty.request.NettyRequestSender - Using open Channel [id: 0x64ab9ebb, L:/127.0.0.1:61687 - R:localhost/127.0.0.1:62832] for GET '/session/7348ca9d9443a937e66f87a0e6c0bc88/window'
10:09:00.825 [AsyncHttpClient-1-3] DEBUG org.asynchttpclient.netty.handler.HttpHandler - 

Request DefaultFullHttpRequest(decodeResult: success, version: HTTP/1.1, content: EmptyByteBufBE)
GET /session/7348ca9d9443a937e66f87a0e6c0bc88/window HTTP/1.1
User-Agent: selenium/4.4.0 (java windows)
Cache-Control: no-cache
Content-Type: application/json; charset=utf-8
host: localhost:62832
accept: */*

Response DefaultHttpResponse(decodeResult: success, version: HTTP/1.1)
HTTP/1.1 200 OK
Content-Type: application/json; charset=utf-8
cache-control: no-cache
content-length: 53

10:09:00.825 [AsyncHttpClient-1-3] DEBUG org.asynchttpclient.netty.channel.ChannelManager - Adding key: http://localhost:62832 for channel [id: 0x64ab9ebb, L:/127.0.0.1:61687 - R:localhost/127.0.0.1:62832]
10:09:00.830 [Forwarding getAlertText on session 7348ca9d9443a937e66f87a0e6c0bc88 to remote] DEBUG org.asynchttpclient.netty.request.NettyRequestSender - Using pooled Channel '[id: 0x64ab9ebb, L:/127.0.0.1:61687 - R:localhost/127.0.0.1:62832]' for 'GET' to 'http://localhost:62832/session/7348ca9d9443a937e66f87a0e6c0bc88/alert/text'
10:09:00.830 [Forwarding getAlertText on session 7348ca9d9443a937e66f87a0e6c0bc88 to remote] DEBUG org.asynchttpclient.netty.request.NettyRequestSender - Using open Channel [id: 0x64ab9ebb, L:/127.0.0.1:61687 - R:localhost/127.0.0.1:62832] for GET '/session/7348ca9d9443a937e66f87a0e6c0bc88/alert/text'
10:09:00.831 [AsyncHttpClient-1-3] DEBUG org.asynchttpclient.netty.handler.HttpHandler - 

Request DefaultFullHttpRequest(decodeResult: success, version: HTTP/1.1, content: EmptyByteBufBE)
GET /session/7348ca9d9443a937e66f87a0e6c0bc88/alert/text HTTP/1.1
User-Agent: selenium/4.4.0 (java windows)
Cache-Control: no-cache
Content-Type: application/json; charset=utf-8
host: localhost:62832
accept: */*

Response DefaultHttpResponse(decodeResult: success, version: HTTP/1.1)
HTTP/1.1 404 Not Found
Content-Type: application/json; charset=utf-8
cache-control: no-cache
content-length: 879

10:09:00.831 [AsyncHttpClient-1-3] DEBUG org.asynchttpclient.netty.channel.ChannelManager - Adding key: http://localhost:62832 for channel [id: 0x64ab9ebb, L:/127.0.0.1:61687 - R:localhost/127.0.0.1:62832]
10:09:00.837 [Forwarding switchToWindow on session 7348ca9d9443a937e66f87a0e6c0bc88 to remote] DEBUG org.asynchttpclient.netty.request.NettyRequestSender - Using pooled Channel '[id: 0x64ab9ebb, L:/127.0.0.1:61687 - R:localhost/127.0.0.1:62832]' for 'POST' to 'http://localhost:62832/session/7348ca9d9443a937e66f87a0e6c0bc88/window'
10:09:00.837 [Forwarding switchToWindow on session 7348ca9d9443a937e66f87a0e6c0bc88 to remote] DEBUG org.asynchttpclient.netty.request.NettyRequestSender - Using open Channel [id: 0x64ab9ebb, L:/127.0.0.1:61687 - R:localhost/127.0.0.1:62832] for POST '/session/7348ca9d9443a937e66f87a0e6c0bc88/window'
10:09:00.839 [AsyncHttpClient-1-3] DEBUG org.asynchttpclient.netty.handler.HttpHandler - 

Request DefaultHttpRequest(decodeResult: success, version: HTTP/1.1)
POST /session/7348ca9d9443a937e66f87a0e6c0bc88/window HTTP/1.1
User-Agent: selenium/4.4.0 (java windows)
Content-Length: 59
Content-Type: application/json; charset=utf-8
host: localhost:62832
accept: */*

Response DefaultHttpResponse(decodeResult: success, version: HTTP/1.1)
HTTP/1.1 200 OK
Content-Type: application/json; charset=utf-8
cache-control: no-cache
content-length: 14

10:09:00.839 [AsyncHttpClient-1-3] DEBUG org.asynchttpclient.netty.channel.ChannelManager - Adding key: http://localhost:62832 for channel [id: 0x64ab9ebb, L:/127.0.0.1:61687 - R:localhost/127.0.0.1:62832]
10:09:00.840 [Forwarding getCurrentUrl on session 7348ca9d9443a937e66f87a0e6c0bc88 to remote] DEBUG org.asynchttpclient.netty.request.NettyRequestSender - Using pooled Channel '[id: 0x64ab9ebb, L:/127.0.0.1:61687 - R:localhost/127.0.0.1:62832]' for 'GET' to 'http://localhost:62832/session/7348ca9d9443a937e66f87a0e6c0bc88/url'
10:09:00.840 [Forwarding getCurrentUrl on session 7348ca9d9443a937e66f87a0e6c0bc88 to remote] DEBUG org.asynchttpclient.netty.request.NettyRequestSender - Using open Channel [id: 0x64ab9ebb, L:/127.0.0.1:61687 - R:localhost/127.0.0.1:62832] for GET '/session/7348ca9d9443a937e66f87a0e6c0bc88/url'
10:09:00.844 [AsyncHttpClient-1-3] DEBUG org.asynchttpclient.netty.handler.HttpHandler - 

Request DefaultFullHttpRequest(decodeResult: success, version: HTTP/1.1, content: EmptyByteBufBE)
GET /session/7348ca9d9443a937e66f87a0e6c0bc88/url HTTP/1.1
User-Agent: selenium/4.4.0 (java windows)
Cache-Control: no-cache
Content-Type: application/json; charset=utf-8
host: localhost:62832
accept: */*

Response DefaultHttpResponse(decodeResult: success, version: HTTP/1.1)
HTTP/1.1 200 OK
Content-Type: application/json; charset=utf-8
cache-control: no-cache
content-length: 52

10:09:00.844 [AsyncHttpClient-1-3] DEBUG org.asynchttpclient.netty.channel.ChannelManager - Adding key: http://localhost:62832 for channel [id: 0x64ab9ebb, L:/127.0.0.1:61687 - R:localhost/127.0.0.1:62832]
10:09:00.845 [Forwarding screenshot on session 7348ca9d9443a937e66f87a0e6c0bc88 to remote] DEBUG org.asynchttpclient.netty.request.NettyRequestSender - Using pooled Channel '[id: 0x64ab9ebb, L:/127.0.0.1:61687 - R:localhost/127.0.0.1:62832]' for 'GET' to 'http://localhost:62832/session/7348ca9d9443a937e66f87a0e6c0bc88/screenshot'
10:09:00.845 [Forwarding screenshot on session 7348ca9d9443a937e66f87a0e6c0bc88 to remote] DEBUG org.asynchttpclient.netty.request.NettyRequestSender - Using open Channel [id: 0x64ab9ebb, L:/127.0.0.1:61687 - R:localhost/127.0.0.1:62832] for GET '/session/7348ca9d9443a937e66f87a0e6c0bc88/screenshot'
10:09:01.076 [AsyncHttpClient-1-3] DEBUG org.asynchttpclient.netty.handler.HttpHandler - 

Request DefaultFullHttpRequest(decodeResult: success, version: HTTP/1.1, content: EmptyByteBufBE)
GET /session/7348ca9d9443a937e66f87a0e6c0bc88/screenshot HTTP/1.1
User-Agent: selenium/4.4.0 (java windows)
Cache-Control: no-cache
Content-Type: application/json; charset=utf-8
host: localhost:62832
accept: */*

Response DefaultHttpResponse(decodeResult: success, version: HTTP/1.1)
HTTP/1.1 200 OK
Content-Type: application/json; charset=utf-8
cache-control: no-cache
content-length: 316072

10:09:01.077 [AsyncHttpClient-1-3] DEBUG org.asynchttpclient.netty.channel.ChannelManager - Adding key: http://localhost:62832 for channel [id: 0x64ab9ebb, L:/127.0.0.1:61687 - R:localhost/127.0.0.1:62832]
10:09:01.081 [Test worker] DEBUG net.serenitybdd.core.photography.Darkroom - Send negative for processing for C:\Users\juan.gomezv\IdeaProjects\sura\target\site\serenity\e44069ae212a02c6322b8bddc355adc221270edded46bd42546211af4a56801c.png
10:09:01.081 [Test worker] DEBUG net.thucydides.core.steps.StepInterceptor - STEP DONE: {0} clicks on #target
10:09:01.087 [Test worker] DEBUG net.thucydides.core.steps.StepInterceptor - STEP DONE: performAs
  ?[32mDado ?[0m?[32mque ?[0m?[32m?[1mAna?[0m?[32m ingresa con una cuenta valida como la de ?[0m?[32m?[1m"STANDARD_USER"?[0m?[32m a Swaglabs?[0m ?[90m# sura.stepDefinitions.SharedBackgroundSteps.ingresaConUnaCuentaValidaASwaglabs(net.serenitybdd.screenplay.Actor,java.lang.String)?[0m
10:09:01.100 [Forwarding getPageSource on session 7348ca9d9443a937e66f87a0e6c0bc88 to remote] DEBUG org.asynchttpclient.netty.request.NettyRequestSender - Using pooled Channel '[id: 0x64ab9ebb, L:/127.0.0.1:61687 - R:localhost/127.0.0.1:62832]' for 'POST' to 'http://localhost:62832/session/7348ca9d9443a937e66f87a0e6c0bc88/execute/sync'
10:09:01.100 [Forwarding getPageSource on session 7348ca9d9443a937e66f87a0e6c0bc88 to remote] DEBUG org.asynchttpclient.netty.request.NettyRequestSender - Using open Channel [id: 0x64ab9ebb, L:/127.0.0.1:61687 - R:localhost/127.0.0.1:62832] for POST '/session/7348ca9d9443a937e66f87a0e6c0bc88/execute/sync'
10:09:01.103 [AsyncHttpClient-1-3] DEBUG org.asynchttpclient.netty.handler.HttpHandler - 

Request DefaultHttpRequest(decodeResult: success, version: HTTP/1.1)
POST /session/7348ca9d9443a937e66f87a0e6c0bc88/execute/sync HTTP/1.1
User-Agent: selenium/4.4.0 (java windows)
Content-Length: 176
Content-Type: application/json; charset=utf-8
host: localhost:62832
accept: */*

Response DefaultHttpResponse(decodeResult: success, version: HTTP/1.1)
HTTP/1.1 200 OK
Content-Type: application/json; charset=utf-8
cache-control: no-cache
content-length: 15254

10:09:01.103 [AsyncHttpClient-1-3] DEBUG org.asynchttpclient.netty.channel.ChannelManager - Adding key: http://localhost:62832 for channel [id: 0x64ab9ebb, L:/127.0.0.1:61687 - R:localhost/127.0.0.1:62832]
10:09:01.105 [Forwarding getCurrentUrl on session 7348ca9d9443a937e66f87a0e6c0bc88 to remote] DEBUG org.asynchttpclient.netty.request.NettyRequestSender - Using pooled Channel '[id: 0x64ab9ebb, L:/127.0.0.1:61687 - R:localhost/127.0.0.1:62832]' for 'GET' to 'http://localhost:62832/session/7348ca9d9443a937e66f87a0e6c0bc88/url'
10:09:01.105 [Forwarding getCurrentUrl on session 7348ca9d9443a937e66f87a0e6c0bc88 to remote] DEBUG org.asynchttpclient.netty.request.NettyRequestSender - Using open Channel [id: 0x64ab9ebb, L:/127.0.0.1:61687 - R:localhost/127.0.0.1:62832] for GET '/session/7348ca9d9443a937e66f87a0e6c0bc88/url'
10:09:01.107 [AsyncHttpClient-1-3] DEBUG org.asynchttpclient.netty.handler.HttpHandler - 

Request DefaultFullHttpRequest(decodeResult: success, version: HTTP/1.1, content: EmptyByteBufBE)
GET /session/7348ca9d9443a937e66f87a0e6c0bc88/url HTTP/1.1
User-Agent: selenium/4.4.0 (java windows)
Cache-Control: no-cache
Content-Type: application/json; charset=utf-8
host: localhost:62832
accept: */*

Response DefaultHttpResponse(decodeResult: success, version: HTTP/1.1)
HTTP/1.1 200 OK
Content-Type: application/json; charset=utf-8
cache-control: no-cache
content-length: 52

10:09:01.108 [AsyncHttpClient-1-3] DEBUG org.asynchttpclient.netty.channel.ChannelManager - Adding key: http://localhost:62832 for channel [id: 0x64ab9ebb, L:/127.0.0.1:61687 - R:localhost/127.0.0.1:62832]
10:09:01.119 [Forwarding getPageSource on session 7348ca9d9443a937e66f87a0e6c0bc88 to remote] DEBUG org.asynchttpclient.netty.request.NettyRequestSender - Using pooled Channel '[id: 0x64ab9ebb, L:/127.0.0.1:61687 - R:localhost/127.0.0.1:62832]' for 'POST' to 'http://localhost:62832/session/7348ca9d9443a937e66f87a0e6c0bc88/execute/sync'
10:09:01.119 [Forwarding getPageSource on session 7348ca9d9443a937e66f87a0e6c0bc88 to remote] DEBUG org.asynchttpclient.netty.request.NettyRequestSender - Using open Channel [id: 0x64ab9ebb, L:/127.0.0.1:61687 - R:localhost/127.0.0.1:62832] for POST '/session/7348ca9d9443a937e66f87a0e6c0bc88/execute/sync'
10:09:01.124 [AsyncHttpClient-1-3] DEBUG org.asynchttpclient.netty.handler.HttpHandler - 

Request DefaultHttpRequest(decodeResult: success, version: HTTP/1.1)
POST /session/7348ca9d9443a937e66f87a0e6c0bc88/execute/sync HTTP/1.1
User-Agent: selenium/4.4.0 (java windows)
Content-Length: 176
Content-Type: application/json; charset=utf-8
host: localhost:62832
accept: */*

Response DefaultHttpResponse(decodeResult: success, version: HTTP/1.1)
HTTP/1.1 200 OK
Content-Type: application/json; charset=utf-8
cache-control: no-cache
content-length: 15254

10:09:01.124 [AsyncHttpClient-1-3] DEBUG org.asynchttpclient.netty.channel.ChannelManager - Adding key: http://localhost:62832 for channel [id: 0x64ab9ebb, L:/127.0.0.1:61687 - R:localhost/127.0.0.1:62832]
10:09:01.125 [Forwarding getCurrentUrl on session 7348ca9d9443a937e66f87a0e6c0bc88 to remote] DEBUG org.asynchttpclient.netty.request.NettyRequestSender - Using pooled Channel '[id: 0x64ab9ebb, L:/127.0.0.1:61687 - R:localhost/127.0.0.1:62832]' for 'GET' to 'http://localhost:62832/session/7348ca9d9443a937e66f87a0e6c0bc88/url'
10:09:01.125 [Forwarding getCurrentUrl on session 7348ca9d9443a937e66f87a0e6c0bc88 to remote] DEBUG org.asynchttpclient.netty.request.NettyRequestSender - Using open Channel [id: 0x64ab9ebb, L:/127.0.0.1:61687 - R:localhost/127.0.0.1:62832] for GET '/session/7348ca9d9443a937e66f87a0e6c0bc88/url'
10:09:01.129 [AsyncHttpClient-1-3] DEBUG org.asynchttpclient.netty.handler.HttpHandler - 

Request DefaultFullHttpRequest(decodeResult: success, version: HTTP/1.1, content: EmptyByteBufBE)
GET /session/7348ca9d9443a937e66f87a0e6c0bc88/url HTTP/1.1
User-Agent: selenium/4.4.0 (java windows)
Cache-Control: no-cache
Content-Type: application/json; charset=utf-8
host: localhost:62832
accept: */*

Response DefaultHttpResponse(decodeResult: success, version: HTTP/1.1)
HTTP/1.1 200 OK
Content-Type: application/json; charset=utf-8
cache-control: no-cache
content-length: 52

10:09:01.129 [AsyncHttpClient-1-3] DEBUG org.asynchttpclient.netty.channel.ChannelManager - Adding key: http://localhost:62832 for channel [id: 0x64ab9ebb, L:/127.0.0.1:61687 - R:localhost/127.0.0.1:62832]
10:09:01.130 [Test worker] DEBUG net.thucydides.core.steps.StepInterceptor - STARTING STEP: SearchSteps.seleccionaLaOpcionDelMenuDesplegable - performAs
10:09:01.143 [Forwarding getCurrentWindowHandle on session 7348ca9d9443a937e66f87a0e6c0bc88 to remote] DEBUG org.asynchttpclient.netty.request.NettyRequestSender - Using pooled Channel '[id: 0x64ab9ebb, L:/127.0.0.1:61687 - R:localhost/127.0.0.1:62832]' for 'GET' to 'http://localhost:62832/session/7348ca9d9443a937e66f87a0e6c0bc88/window'
10:09:01.143 [Forwarding getCurrentWindowHandle on session 7348ca9d9443a937e66f87a0e6c0bc88 to remote] DEBUG org.asynchttpclient.netty.request.NettyRequestSender - Using open Channel [id: 0x64ab9ebb, L:/127.0.0.1:61687 - R:localhost/127.0.0.1:62832] for GET '/session/7348ca9d9443a937e66f87a0e6c0bc88/window'
10:09:01.143 [AsyncHttpClient-1-3] DEBUG org.asynchttpclient.netty.handler.HttpHandler - 

Request DefaultFullHttpRequest(decodeResult: success, version: HTTP/1.1, content: EmptyByteBufBE)
GET /session/7348ca9d9443a937e66f87a0e6c0bc88/window HTTP/1.1
User-Agent: selenium/4.4.0 (java windows)
Cache-Control: no-cache
Content-Type: application/json; charset=utf-8
host: localhost:62832
accept: */*

Response DefaultHttpResponse(decodeResult: success, version: HTTP/1.1)
HTTP/1.1 200 OK
Content-Type: application/json; charset=utf-8
cache-control: no-cache
content-length: 53

10:09:01.144 [AsyncHttpClient-1-3] DEBUG org.asynchttpclient.netty.channel.ChannelManager - Adding key: http://localhost:62832 for channel [id: 0x64ab9ebb, L:/127.0.0.1:61687 - R:localhost/127.0.0.1:62832]
10:09:01.147 [Forwarding getAlertText on session 7348ca9d9443a937e66f87a0e6c0bc88 to remote] DEBUG org.asynchttpclient.netty.request.NettyRequestSender - Using pooled Channel '[id: 0x64ab9ebb, L:/127.0.0.1:61687 - R:localhost/127.0.0.1:62832]' for 'GET' to 'http://localhost:62832/session/7348ca9d9443a937e66f87a0e6c0bc88/alert/text'
10:09:01.147 [Forwarding getAlertText on session 7348ca9d9443a937e66f87a0e6c0bc88 to remote] DEBUG org.asynchttpclient.netty.request.NettyRequestSender - Using open Channel [id: 0x64ab9ebb, L:/127.0.0.1:61687 - R:localhost/127.0.0.1:62832] for GET '/session/7348ca9d9443a937e66f87a0e6c0bc88/alert/text'
10:09:01.149 [AsyncHttpClient-1-3] DEBUG org.asynchttpclient.netty.handler.HttpHandler - 

Request DefaultFullHttpRequest(decodeResult: success, version: HTTP/1.1, content: EmptyByteBufBE)
GET /session/7348ca9d9443a937e66f87a0e6c0bc88/alert/text HTTP/1.1
User-Agent: selenium/4.4.0 (java windows)
Cache-Control: no-cache
Content-Type: application/json; charset=utf-8
host: localhost:62832
accept: */*

Response DefaultHttpResponse(decodeResult: success, version: HTTP/1.1)
HTTP/1.1 404 Not Found
Content-Type: application/json; charset=utf-8
cache-control: no-cache
content-length: 879

10:09:01.149 [AsyncHttpClient-1-3] DEBUG org.asynchttpclient.netty.channel.ChannelManager - Adding key: http://localhost:62832 for channel [id: 0x64ab9ebb, L:/127.0.0.1:61687 - R:localhost/127.0.0.1:62832]
10:09:01.153 [Forwarding switchToWindow on session 7348ca9d9443a937e66f87a0e6c0bc88 to remote] DEBUG org.asynchttpclient.netty.request.NettyRequestSender - Using pooled Channel '[id: 0x64ab9ebb, L:/127.0.0.1:61687 - R:localhost/127.0.0.1:62832]' for 'POST' to 'http://localhost:62832/session/7348ca9d9443a937e66f87a0e6c0bc88/window'
10:09:01.153 [Forwarding switchToWindow on session 7348ca9d9443a937e66f87a0e6c0bc88 to remote] DEBUG org.asynchttpclient.netty.request.NettyRequestSender - Using open Channel [id: 0x64ab9ebb, L:/127.0.0.1:61687 - R:localhost/127.0.0.1:62832] for POST '/session/7348ca9d9443a937e66f87a0e6c0bc88/window'
10:09:01.156 [AsyncHttpClient-1-3] DEBUG org.asynchttpclient.netty.handler.HttpHandler - 

Request DefaultHttpRequest(decodeResult: success, version: HTTP/1.1)
POST /session/7348ca9d9443a937e66f87a0e6c0bc88/window HTTP/1.1
User-Agent: selenium/4.4.0 (java windows)
Content-Length: 59
Content-Type: application/json; charset=utf-8
host: localhost:62832
accept: */*

Response DefaultHttpResponse(decodeResult: success, version: HTTP/1.1)
HTTP/1.1 200 OK
Content-Type: application/json; charset=utf-8
cache-control: no-cache
content-length: 14

10:09:01.156 [AsyncHttpClient-1-3] DEBUG org.asynchttpclient.netty.channel.ChannelManager - Adding key: http://localhost:62832 for channel [id: 0x64ab9ebb, L:/127.0.0.1:61687 - R:localhost/127.0.0.1:62832]
10:09:01.157 [Forwarding getCurrentUrl on session 7348ca9d9443a937e66f87a0e6c0bc88 to remote] DEBUG org.asynchttpclient.netty.request.NettyRequestSender - Using pooled Channel '[id: 0x64ab9ebb, L:/127.0.0.1:61687 - R:localhost/127.0.0.1:62832]' for 'GET' to 'http://localhost:62832/session/7348ca9d9443a937e66f87a0e6c0bc88/url'
10:09:01.157 [Forwarding getCurrentUrl on session 7348ca9d9443a937e66f87a0e6c0bc88 to remote] DEBUG org.asynchttpclient.netty.request.NettyRequestSender - Using open Channel [id: 0x64ab9ebb, L:/127.0.0.1:61687 - R:localhost/127.0.0.1:62832] for GET '/session/7348ca9d9443a937e66f87a0e6c0bc88/url'
10:09:01.159 [AsyncHttpClient-1-3] DEBUG org.asynchttpclient.netty.handler.HttpHandler - 

Request DefaultFullHttpRequest(decodeResult: success, version: HTTP/1.1, content: EmptyByteBufBE)
GET /session/7348ca9d9443a937e66f87a0e6c0bc88/url HTTP/1.1
User-Agent: selenium/4.4.0 (java windows)
Cache-Control: no-cache
Content-Type: application/json; charset=utf-8
host: localhost:62832
accept: */*

Response DefaultHttpResponse(decodeResult: success, version: HTTP/1.1)
HTTP/1.1 200 OK
Content-Type: application/json; charset=utf-8
cache-control: no-cache
content-length: 52

10:09:01.160 [AsyncHttpClient-1-3] DEBUG org.asynchttpclient.netty.channel.ChannelManager - Adding key: http://localhost:62832 for channel [id: 0x64ab9ebb, L:/127.0.0.1:61687 - R:localhost/127.0.0.1:62832]
10:09:01.160 [Forwarding screenshot on session 7348ca9d9443a937e66f87a0e6c0bc88 to remote] DEBUG org.asynchttpclient.netty.request.NettyRequestSender - Using pooled Channel '[id: 0x64ab9ebb, L:/127.0.0.1:61687 - R:localhost/127.0.0.1:62832]' for 'GET' to 'http://localhost:62832/session/7348ca9d9443a937e66f87a0e6c0bc88/screenshot'
10:09:01.160 [Forwarding screenshot on session 7348ca9d9443a937e66f87a0e6c0bc88 to remote] DEBUG org.asynchttpclient.netty.request.NettyRequestSender - Using open Channel [id: 0x64ab9ebb, L:/127.0.0.1:61687 - R:localhost/127.0.0.1:62832] for GET '/session/7348ca9d9443a937e66f87a0e6c0bc88/screenshot'
10:09:01.257 [AsyncHttpClient-1-3] DEBUG org.asynchttpclient.netty.handler.HttpHandler - 

Request DefaultFullHttpRequest(decodeResult: success, version: HTTP/1.1, content: EmptyByteBufBE)
GET /session/7348ca9d9443a937e66f87a0e6c0bc88/screenshot HTTP/1.1
User-Agent: selenium/4.4.0 (java windows)
Cache-Control: no-cache
Content-Type: application/json; charset=utf-8
host: localhost:62832
accept: */*

Response DefaultHttpResponse(decodeResult: success, version: HTTP/1.1)
HTTP/1.1 200 OK
Content-Type: application/json; charset=utf-8
cache-control: no-cache
content-length: 316072

10:09:01.258 [AsyncHttpClient-1-3] DEBUG org.asynchttpclient.netty.channel.ChannelManager - Adding key: http://localhost:62832 for channel [id: 0x64ab9ebb, L:/127.0.0.1:61687 - R:localhost/127.0.0.1:62832]
10:09:01.264 [Test worker] DEBUG net.serenitybdd.core.photography.Darkroom - Send negative for processing for C:\Users\juan.gomezv\IdeaProjects\sura\target\site\serenity\e44069ae212a02c6322b8bddc355adc221270edded46bd42546211af4a56801c.png
10:09:01.268 [Forwarding getPageSource on session 7348ca9d9443a937e66f87a0e6c0bc88 to remote] DEBUG org.asynchttpclient.netty.request.NettyRequestSender - Using pooled Channel '[id: 0x64ab9ebb, L:/127.0.0.1:61687 - R:localhost/127.0.0.1:62832]' for 'POST' to 'http://localhost:62832/session/7348ca9d9443a937e66f87a0e6c0bc88/execute/sync'
10:09:01.268 [Forwarding getPageSource on session 7348ca9d9443a937e66f87a0e6c0bc88 to remote] DEBUG org.asynchttpclient.netty.request.NettyRequestSender - Using open Channel [id: 0x64ab9ebb, L:/127.0.0.1:61687 - R:localhost/127.0.0.1:62832] for POST '/session/7348ca9d9443a937e66f87a0e6c0bc88/execute/sync'
10:09:01.273 [AsyncHttpClient-1-3] DEBUG org.asynchttpclient.netty.handler.HttpHandler - 

Request DefaultHttpRequest(decodeResult: success, version: HTTP/1.1)
POST /session/7348ca9d9443a937e66f87a0e6c0bc88/execute/sync HTTP/1.1
User-Agent: selenium/4.4.0 (java windows)
Content-Length: 176
Content-Type: application/json; charset=utf-8
host: localhost:62832
accept: */*

Response DefaultHttpResponse(decodeResult: success, version: HTTP/1.1)
HTTP/1.1 200 OK
Content-Type: application/json; charset=utf-8
cache-control: no-cache
content-length: 15254

10:09:01.273 [AsyncHttpClient-1-3] DEBUG org.asynchttpclient.netty.channel.ChannelManager - Adding key: http://localhost:62832 for channel [id: 0x64ab9ebb, L:/127.0.0.1:61687 - R:localhost/127.0.0.1:62832]
10:09:01.275 [Forwarding getCurrentUrl on session 7348ca9d9443a937e66f87a0e6c0bc88 to remote] DEBUG org.asynchttpclient.netty.request.NettyRequestSender - Using pooled Channel '[id: 0x64ab9ebb, L:/127.0.0.1:61687 - R:localhost/127.0.0.1:62832]' for 'GET' to 'http://localhost:62832/session/7348ca9d9443a937e66f87a0e6c0bc88/url'
10:09:01.275 [Forwarding getCurrentUrl on session 7348ca9d9443a937e66f87a0e6c0bc88 to remote] DEBUG org.asynchttpclient.netty.request.NettyRequestSender - Using open Channel [id: 0x64ab9ebb, L:/127.0.0.1:61687 - R:localhost/127.0.0.1:62832] for GET '/session/7348ca9d9443a937e66f87a0e6c0bc88/url'
10:09:01.278 [AsyncHttpClient-1-3] DEBUG org.asynchttpclient.netty.handler.HttpHandler - 

Request DefaultFullHttpRequest(decodeResult: success, version: HTTP/1.1, content: EmptyByteBufBE)
GET /session/7348ca9d9443a937e66f87a0e6c0bc88/url HTTP/1.1
User-Agent: selenium/4.4.0 (java windows)
Cache-Control: no-cache
Content-Type: application/json; charset=utf-8
host: localhost:62832
accept: */*

Response DefaultHttpResponse(decodeResult: success, version: HTTP/1.1)
HTTP/1.1 200 OK
Content-Type: application/json; charset=utf-8
cache-control: no-cache
content-length: 52

10:09:01.278 [AsyncHttpClient-1-3] DEBUG org.asynchttpclient.netty.channel.ChannelManager - Adding key: http://localhost:62832 for channel [id: 0x64ab9ebb, L:/127.0.0.1:61687 - R:localhost/127.0.0.1:62832]
10:09:01.279 [Test worker] DEBUG net.thucydides.core.steps.StepInterceptor - STARTING STEP: SearchForProducts.performAs - performAs
10:09:01.280 [Test worker] DEBUG net.serenitybdd.screenplay.targets.IFrameSwitcher - default content already selected for dropdown menu
10:09:01.285 [Forwarding getCurrentUrl on session 7348ca9d9443a937e66f87a0e6c0bc88 to remote] DEBUG org.asynchttpclient.netty.request.NettyRequestSender - Using pooled Channel '[id: 0x64ab9ebb, L:/127.0.0.1:61687 - R:localhost/127.0.0.1:62832]' for 'GET' to 'http://localhost:62832/session/7348ca9d9443a937e66f87a0e6c0bc88/url'
10:09:01.285 [Forwarding getCurrentUrl on session 7348ca9d9443a937e66f87a0e6c0bc88 to remote] DEBUG org.asynchttpclient.netty.request.NettyRequestSender - Using open Channel [id: 0x64ab9ebb, L:/127.0.0.1:61687 - R:localhost/127.0.0.1:62832] for GET '/session/7348ca9d9443a937e66f87a0e6c0bc88/url'
10:09:01.288 [AsyncHttpClient-1-3] DEBUG org.asynchttpclient.netty.handler.HttpHandler - 

Request DefaultFullHttpRequest(decodeResult: success, version: HTTP/1.1, content: EmptyByteBufBE)
GET /session/7348ca9d9443a937e66f87a0e6c0bc88/url HTTP/1.1
User-Agent: selenium/4.4.0 (java windows)
Cache-Control: no-cache
Content-Type: application/json; charset=utf-8
host: localhost:62832
accept: */*

Response DefaultHttpResponse(decodeResult: success, version: HTTP/1.1)
HTTP/1.1 200 OK
Content-Type: application/json; charset=utf-8
cache-control: no-cache
content-length: 52

10:09:01.288 [AsyncHttpClient-1-3] DEBUG org.asynchttpclient.netty.channel.ChannelManager - Adding key: http://localhost:62832 for channel [id: 0x64ab9ebb, L:/127.0.0.1:61687 - R:localhost/127.0.0.1:62832]
10:09:01.294 [Forwarding findElement on session 7348ca9d9443a937e66f87a0e6c0bc88 to remote] DEBUG org.asynchttpclient.netty.request.NettyRequestSender - Using pooled Channel '[id: 0x64ab9ebb, L:/127.0.0.1:61687 - R:localhost/127.0.0.1:62832]' for 'POST' to 'http://localhost:62832/session/7348ca9d9443a937e66f87a0e6c0bc88/element'
10:09:01.294 [Forwarding findElement on session 7348ca9d9443a937e66f87a0e6c0bc88 to remote] DEBUG org.asynchttpclient.netty.request.NettyRequestSender - Using open Channel [id: 0x64ab9ebb, L:/127.0.0.1:61687 - R:localhost/127.0.0.1:62832] for POST '/session/7348ca9d9443a937e66f87a0e6c0bc88/element'
10:09:01.302 [AsyncHttpClient-1-3] DEBUG org.asynchttpclient.netty.handler.HttpHandler - 

Request DefaultHttpRequest(decodeResult: success, version: HTTP/1.1)
POST /session/7348ca9d9443a937e66f87a0e6c0bc88/element HTTP/1.1
User-Agent: selenium/4.4.0 (java windows)
Content-Length: 81
Content-Type: application/json; charset=utf-8
host: localhost:62832
accept: */*

Response DefaultHttpResponse(decodeResult: success, version: HTTP/1.1)
HTTP/1.1 200 OK
Content-Type: application/json; charset=utf-8
cache-control: no-cache
content-length: 88

10:09:01.302 [AsyncHttpClient-1-3] DEBUG org.asynchttpclient.netty.channel.ChannelManager - Adding key: http://localhost:62832 for channel [id: 0x64ab9ebb, L:/127.0.0.1:61687 - R:localhost/127.0.0.1:62832]
10:09:01.305 [Forwarding executeScript on session 7348ca9d9443a937e66f87a0e6c0bc88 to remote] DEBUG org.asynchttpclient.netty.request.NettyRequestSender - Using pooled Channel '[id: 0x64ab9ebb, L:/127.0.0.1:61687 - R:localhost/127.0.0.1:62832]' for 'POST' to 'http://localhost:62832/session/7348ca9d9443a937e66f87a0e6c0bc88/execute/sync'
10:09:01.305 [Forwarding executeScript on session 7348ca9d9443a937e66f87a0e6c0bc88 to remote] DEBUG org.asynchttpclient.netty.request.NettyRequestSender - Using open Channel [id: 0x64ab9ebb, L:/127.0.0.1:61687 - R:localhost/127.0.0.1:62832] for POST '/session/7348ca9d9443a937e66f87a0e6c0bc88/execute/sync'
10:09:01.309 [AsyncHttpClient-1-3] DEBUG org.asynchttpclient.netty.handler.HttpHandler - 

Request DefaultHttpRequest(decodeResult: success, version: HTTP/1.1)
POST /session/7348ca9d9443a937e66f87a0e6c0bc88/execute/sync HTTP/1.1
User-Agent: selenium/4.4.0 (java windows)
Content-Length: 240
Content-Type: application/json; charset=utf-8
host: localhost:62832
accept: */*

Response DefaultHttpResponse(decodeResult: success, version: HTTP/1.1)
HTTP/1.1 200 OK
Content-Type: application/json; charset=utf-8
cache-control: no-cache
content-length: 14

10:09:01.309 [AsyncHttpClient-1-3] DEBUG org.asynchttpclient.netty.channel.ChannelManager - Adding key: http://localhost:62832 for channel [id: 0x64ab9ebb, L:/127.0.0.1:61687 - R:localhost/127.0.0.1:62832]
10:09:01.320 [Forwarding getCurrentWindowHandle on session 7348ca9d9443a937e66f87a0e6c0bc88 to remote] DEBUG org.asynchttpclient.netty.request.NettyRequestSender - Using pooled Channel '[id: 0x64ab9ebb, L:/127.0.0.1:61687 - R:localhost/127.0.0.1:62832]' for 'GET' to 'http://localhost:62832/session/7348ca9d9443a937e66f87a0e6c0bc88/window'
10:09:01.320 [Forwarding getCurrentWindowHandle on session 7348ca9d9443a937e66f87a0e6c0bc88 to remote] DEBUG org.asynchttpclient.netty.request.NettyRequestSender - Using open Channel [id: 0x64ab9ebb, L:/127.0.0.1:61687 - R:localhost/127.0.0.1:62832] for GET '/session/7348ca9d9443a937e66f87a0e6c0bc88/window'
10:09:01.321 [AsyncHttpClient-1-3] DEBUG org.asynchttpclient.netty.handler.HttpHandler - 

Request DefaultFullHttpRequest(decodeResult: success, version: HTTP/1.1, content: EmptyByteBufBE)
GET /session/7348ca9d9443a937e66f87a0e6c0bc88/window HTTP/1.1
User-Agent: selenium/4.4.0 (java windows)
Cache-Control: no-cache
Content-Type: application/json; charset=utf-8
host: localhost:62832
accept: */*

Response DefaultHttpResponse(decodeResult: success, version: HTTP/1.1)
HTTP/1.1 200 OK
Content-Type: application/json; charset=utf-8
cache-control: no-cache
content-length: 53

10:09:01.321 [AsyncHttpClient-1-3] DEBUG org.asynchttpclient.netty.channel.ChannelManager - Adding key: http://localhost:62832 for channel [id: 0x64ab9ebb, L:/127.0.0.1:61687 - R:localhost/127.0.0.1:62832]
10:09:01.324 [Forwarding getAlertText on session 7348ca9d9443a937e66f87a0e6c0bc88 to remote] DEBUG org.asynchttpclient.netty.request.NettyRequestSender - Using pooled Channel '[id: 0x64ab9ebb, L:/127.0.0.1:61687 - R:localhost/127.0.0.1:62832]' for 'GET' to 'http://localhost:62832/session/7348ca9d9443a937e66f87a0e6c0bc88/alert/text'
10:09:01.324 [Forwarding getAlertText on session 7348ca9d9443a937e66f87a0e6c0bc88 to remote] DEBUG org.asynchttpclient.netty.request.NettyRequestSender - Using open Channel [id: 0x64ab9ebb, L:/127.0.0.1:61687 - R:localhost/127.0.0.1:62832] for GET '/session/7348ca9d9443a937e66f87a0e6c0bc88/alert/text'
10:09:01.326 [AsyncHttpClient-1-3] DEBUG org.asynchttpclient.netty.handler.HttpHandler - 

Request DefaultFullHttpRequest(decodeResult: success, version: HTTP/1.1, content: EmptyByteBufBE)
GET /session/7348ca9d9443a937e66f87a0e6c0bc88/alert/text HTTP/1.1
User-Agent: selenium/4.4.0 (java windows)
Cache-Control: no-cache
Content-Type: application/json; charset=utf-8
host: localhost:62832
accept: */*

Response DefaultHttpResponse(decodeResult: success, version: HTTP/1.1)
HTTP/1.1 404 Not Found
Content-Type: application/json; charset=utf-8
cache-control: no-cache
content-length: 879

10:09:01.326 [AsyncHttpClient-1-3] DEBUG org.asynchttpclient.netty.channel.ChannelManager - Adding key: http://localhost:62832 for channel [id: 0x64ab9ebb, L:/127.0.0.1:61687 - R:localhost/127.0.0.1:62832]
10:09:01.329 [Forwarding switchToWindow on session 7348ca9d9443a937e66f87a0e6c0bc88 to remote] DEBUG org.asynchttpclient.netty.request.NettyRequestSender - Using pooled Channel '[id: 0x64ab9ebb, L:/127.0.0.1:61687 - R:localhost/127.0.0.1:62832]' for 'POST' to 'http://localhost:62832/session/7348ca9d9443a937e66f87a0e6c0bc88/window'
10:09:01.329 [Forwarding switchToWindow on session 7348ca9d9443a937e66f87a0e6c0bc88 to remote] DEBUG org.asynchttpclient.netty.request.NettyRequestSender - Using open Channel [id: 0x64ab9ebb, L:/127.0.0.1:61687 - R:localhost/127.0.0.1:62832] for POST '/session/7348ca9d9443a937e66f87a0e6c0bc88/window'
10:09:01.332 [AsyncHttpClient-1-3] DEBUG org.asynchttpclient.netty.handler.HttpHandler - 

Request DefaultHttpRequest(decodeResult: success, version: HTTP/1.1)
POST /session/7348ca9d9443a937e66f87a0e6c0bc88/window HTTP/1.1
User-Agent: selenium/4.4.0 (java windows)
Content-Length: 59
Content-Type: application/json; charset=utf-8
host: localhost:62832
accept: */*

Response DefaultHttpResponse(decodeResult: success, version: HTTP/1.1)
HTTP/1.1 200 OK
Content-Type: application/json; charset=utf-8
cache-control: no-cache
content-length: 14

10:09:01.332 [AsyncHttpClient-1-3] DEBUG org.asynchttpclient.netty.channel.ChannelManager - Adding key: http://localhost:62832 for channel [id: 0x64ab9ebb, L:/127.0.0.1:61687 - R:localhost/127.0.0.1:62832]
10:09:01.333 [Forwarding getCurrentUrl on session 7348ca9d9443a937e66f87a0e6c0bc88 to remote] DEBUG org.asynchttpclient.netty.request.NettyRequestSender - Using pooled Channel '[id: 0x64ab9ebb, L:/127.0.0.1:61687 - R:localhost/127.0.0.1:62832]' for 'GET' to 'http://localhost:62832/session/7348ca9d9443a937e66f87a0e6c0bc88/url'
10:09:01.333 [Forwarding getCurrentUrl on session 7348ca9d9443a937e66f87a0e6c0bc88 to remote] DEBUG org.asynchttpclient.netty.request.NettyRequestSender - Using open Channel [id: 0x64ab9ebb, L:/127.0.0.1:61687 - R:localhost/127.0.0.1:62832] for GET '/session/7348ca9d9443a937e66f87a0e6c0bc88/url'
10:09:01.336 [AsyncHttpClient-1-3] DEBUG org.asynchttpclient.netty.handler.HttpHandler - 

Request DefaultFullHttpRequest(decodeResult: success, version: HTTP/1.1, content: EmptyByteBufBE)
GET /session/7348ca9d9443a937e66f87a0e6c0bc88/url HTTP/1.1
User-Agent: selenium/4.4.0 (java windows)
Cache-Control: no-cache
Content-Type: application/json; charset=utf-8
host: localhost:62832
accept: */*

Response DefaultHttpResponse(decodeResult: success, version: HTTP/1.1)
HTTP/1.1 200 OK
Content-Type: application/json; charset=utf-8
cache-control: no-cache
content-length: 52

10:09:01.336 [AsyncHttpClient-1-3] DEBUG org.asynchttpclient.netty.channel.ChannelManager - Adding key: http://localhost:62832 for channel [id: 0x64ab9ebb, L:/127.0.0.1:61687 - R:localhost/127.0.0.1:62832]
10:09:01.336 [Forwarding screenshot on session 7348ca9d9443a937e66f87a0e6c0bc88 to remote] DEBUG org.asynchttpclient.netty.request.NettyRequestSender - Using pooled Channel '[id: 0x64ab9ebb, L:/127.0.0.1:61687 - R:localhost/127.0.0.1:62832]' for 'GET' to 'http://localhost:62832/session/7348ca9d9443a937e66f87a0e6c0bc88/screenshot'
10:09:01.336 [Forwarding screenshot on session 7348ca9d9443a937e66f87a0e6c0bc88 to remote] DEBUG org.asynchttpclient.netty.request.NettyRequestSender - Using open Channel [id: 0x64ab9ebb, L:/127.0.0.1:61687 - R:localhost/127.0.0.1:62832] for GET '/session/7348ca9d9443a937e66f87a0e6c0bc88/screenshot'
10:09:01.451 [AsyncHttpClient-1-3] DEBUG org.asynchttpclient.netty.handler.HttpHandler - 

Request DefaultFullHttpRequest(decodeResult: success, version: HTTP/1.1, content: EmptyByteBufBE)
GET /session/7348ca9d9443a937e66f87a0e6c0bc88/screenshot HTTP/1.1
User-Agent: selenium/4.4.0 (java windows)
Cache-Control: no-cache
Content-Type: application/json; charset=utf-8
host: localhost:62832
accept: */*

Response DefaultHttpResponse(decodeResult: success, version: HTTP/1.1)
HTTP/1.1 200 OK
Content-Type: application/json; charset=utf-8
cache-control: no-cache
content-length: 374652

10:09:01.451 [AsyncHttpClient-1-3] DEBUG org.asynchttpclient.netty.channel.ChannelManager - Adding key: http://localhost:62832 for channel [id: 0x64ab9ebb, L:/127.0.0.1:61687 - R:localhost/127.0.0.1:62832]
10:09:01.456 [Test worker] DEBUG net.serenitybdd.core.photography.Darkroom - Send negative for processing for C:\Users\juan.gomezv\IdeaProjects\sura\target\site\serenity\c4defe1e4f71b7a35f22431940f8ddca8b99b97d0068828f0e471a1d2b522635.png
10:09:01.460 [Forwarding getPageSource on session 7348ca9d9443a937e66f87a0e6c0bc88 to remote] DEBUG org.asynchttpclient.netty.request.NettyRequestSender - Using pooled Channel '[id: 0x64ab9ebb, L:/127.0.0.1:61687 - R:localhost/127.0.0.1:62832]' for 'POST' to 'http://localhost:62832/session/7348ca9d9443a937e66f87a0e6c0bc88/execute/sync'
10:09:01.460 [Forwarding getPageSource on session 7348ca9d9443a937e66f87a0e6c0bc88 to remote] DEBUG org.asynchttpclient.netty.request.NettyRequestSender - Using open Channel [id: 0x64ab9ebb, L:/127.0.0.1:61687 - R:localhost/127.0.0.1:62832] for POST '/session/7348ca9d9443a937e66f87a0e6c0bc88/execute/sync'
10:09:01.466 [AsyncHttpClient-1-3] DEBUG org.asynchttpclient.netty.handler.HttpHandler - 

Request DefaultHttpRequest(decodeResult: success, version: HTTP/1.1)
POST /session/7348ca9d9443a937e66f87a0e6c0bc88/execute/sync HTTP/1.1
User-Agent: selenium/4.4.0 (java windows)
Content-Length: 176
Content-Type: application/json; charset=utf-8
host: localhost:62832
accept: */*

Response DefaultHttpResponse(decodeResult: success, version: HTTP/1.1)
HTTP/1.1 200 OK
Content-Type: application/json; charset=utf-8
cache-control: no-cache
content-length: 15270

10:09:01.466 [AsyncHttpClient-1-3] DEBUG org.asynchttpclient.netty.channel.ChannelManager - Adding key: http://localhost:62832 for channel [id: 0x64ab9ebb, L:/127.0.0.1:61687 - R:localhost/127.0.0.1:62832]
10:09:01.467 [Forwarding getCurrentUrl on session 7348ca9d9443a937e66f87a0e6c0bc88 to remote] DEBUG org.asynchttpclient.netty.request.NettyRequestSender - Using pooled Channel '[id: 0x64ab9ebb, L:/127.0.0.1:61687 - R:localhost/127.0.0.1:62832]' for 'GET' to 'http://localhost:62832/session/7348ca9d9443a937e66f87a0e6c0bc88/url'
10:09:01.468 [Forwarding getCurrentUrl on session 7348ca9d9443a937e66f87a0e6c0bc88 to remote] DEBUG org.asynchttpclient.netty.request.NettyRequestSender - Using open Channel [id: 0x64ab9ebb, L:/127.0.0.1:61687 - R:localhost/127.0.0.1:62832] for GET '/session/7348ca9d9443a937e66f87a0e6c0bc88/url'
10:09:01.471 [AsyncHttpClient-1-3] DEBUG org.asynchttpclient.netty.handler.HttpHandler - 

Request DefaultFullHttpRequest(decodeResult: success, version: HTTP/1.1, content: EmptyByteBufBE)
GET /session/7348ca9d9443a937e66f87a0e6c0bc88/url HTTP/1.1
User-Agent: selenium/4.4.0 (java windows)
Cache-Control: no-cache
Content-Type: application/json; charset=utf-8
host: localhost:62832
accept: */*

Response DefaultHttpResponse(decodeResult: success, version: HTTP/1.1)
HTTP/1.1 200 OK
Content-Type: application/json; charset=utf-8
cache-control: no-cache
content-length: 52

10:09:01.471 [AsyncHttpClient-1-3] DEBUG org.asynchttpclient.netty.channel.ChannelManager - Adding key: http://localhost:62832 for channel [id: 0x64ab9ebb, L:/127.0.0.1:61687 - R:localhost/127.0.0.1:62832]
10:09:01.473 [Test worker] DEBUG net.thucydides.core.steps.StepInterceptor - STARTING STEP: Sort.performAs - {0} selects #value in #target
10:09:01.473 [Test worker] DEBUG net.serenitybdd.screenplay.targets.IFrameSwitcher - default content already selected for dropdown menu
10:09:01.485 [Forwarding findElement on session 7348ca9d9443a937e66f87a0e6c0bc88 to remote] DEBUG org.asynchttpclient.netty.request.NettyRequestSender - Using pooled Channel '[id: 0x64ab9ebb, L:/127.0.0.1:61687 - R:localhost/127.0.0.1:62832]' for 'POST' to 'http://localhost:62832/session/7348ca9d9443a937e66f87a0e6c0bc88/element'
10:09:01.485 [Forwarding findElement on session 7348ca9d9443a937e66f87a0e6c0bc88 to remote] DEBUG org.asynchttpclient.netty.request.NettyRequestSender - Using open Channel [id: 0x64ab9ebb, L:/127.0.0.1:61687 - R:localhost/127.0.0.1:62832] for POST '/session/7348ca9d9443a937e66f87a0e6c0bc88/element'
10:09:01.492 [AsyncHttpClient-1-3] DEBUG org.asynchttpclient.netty.handler.HttpHandler - 

Request DefaultHttpRequest(decodeResult: success, version: HTTP/1.1)
POST /session/7348ca9d9443a937e66f87a0e6c0bc88/element HTTP/1.1
User-Agent: selenium/4.4.0 (java windows)
Content-Length: 81
Content-Type: application/json; charset=utf-8
host: localhost:62832
accept: */*

Response DefaultHttpResponse(decodeResult: success, version: HTTP/1.1)
HTTP/1.1 200 OK
Content-Type: application/json; charset=utf-8
cache-control: no-cache
content-length: 88

10:09:01.492 [AsyncHttpClient-1-3] DEBUG org.asynchttpclient.netty.channel.ChannelManager - Adding key: http://localhost:62832 for channel [id: 0x64ab9ebb, L:/127.0.0.1:61687 - R:localhost/127.0.0.1:62832]
10:09:01.495 [Forwarding getElementTagName on session 7348ca9d9443a937e66f87a0e6c0bc88 to remote] DEBUG org.asynchttpclient.netty.request.NettyRequestSender - Using pooled Channel '[id: 0x64ab9ebb, L:/127.0.0.1:61687 - R:localhost/127.0.0.1:62832]' for 'GET' to 'http://localhost:62832/session/7348ca9d9443a937e66f87a0e6c0bc88/element/6fc1a729-a3ce-4bc6-8e97-68b9be9833b4/name'
10:09:01.495 [Forwarding getElementTagName on session 7348ca9d9443a937e66f87a0e6c0bc88 to remote] DEBUG org.asynchttpclient.netty.request.NettyRequestSender - Using open Channel [id: 0x64ab9ebb, L:/127.0.0.1:61687 - R:localhost/127.0.0.1:62832] for GET '/session/7348ca9d9443a937e66f87a0e6c0bc88/element/6fc1a729-a3ce-4bc6-8e97-68b9be9833b4/name'
10:09:01.500 [AsyncHttpClient-1-3] DEBUG org.asynchttpclient.netty.handler.HttpHandler - 

Request DefaultFullHttpRequest(decodeResult: success, version: HTTP/1.1, content: EmptyByteBufBE)
GET /session/7348ca9d9443a937e66f87a0e6c0bc88/element/6fc1a729-a3ce-4bc6-8e97-68b9be9833b4/name HTTP/1.1
User-Agent: selenium/4.4.0 (java windows)
Cache-Control: no-cache
Content-Type: application/json; charset=utf-8
host: localhost:62832
accept: */*

Response DefaultHttpResponse(decodeResult: success, version: HTTP/1.1)
HTTP/1.1 200 OK
Content-Type: application/json; charset=utf-8
cache-control: no-cache
content-length: 18

10:09:01.500 [AsyncHttpClient-1-3] DEBUG org.asynchttpclient.netty.channel.ChannelManager - Adding key: http://localhost:62832 for channel [id: 0x64ab9ebb, L:/127.0.0.1:61687 - R:localhost/127.0.0.1:62832]
10:09:01.504 [Forwarding getElementTagName on session 7348ca9d9443a937e66f87a0e6c0bc88 to remote] DEBUG org.asynchttpclient.netty.request.NettyRequestSender - Using pooled Channel '[id: 0x64ab9ebb, L:/127.0.0.1:61687 - R:localhost/127.0.0.1:62832]' for 'GET' to 'http://localhost:62832/session/7348ca9d9443a937e66f87a0e6c0bc88/element/6fc1a729-a3ce-4bc6-8e97-68b9be9833b4/name'
10:09:01.504 [Forwarding getElementTagName on session 7348ca9d9443a937e66f87a0e6c0bc88 to remote] DEBUG org.asynchttpclient.netty.request.NettyRequestSender - Using open Channel [id: 0x64ab9ebb, L:/127.0.0.1:61687 - R:localhost/127.0.0.1:62832] for GET '/session/7348ca9d9443a937e66f87a0e6c0bc88/element/6fc1a729-a3ce-4bc6-8e97-68b9be9833b4/name'
10:09:01.505 [AsyncHttpClient-1-1] DEBUG org.asynchttpclient.netty.channel.DefaultChannelPool - Entry count for : http://localhost:61688 : 1
10:09:01.507 [AsyncHttpClient-1-3] DEBUG org.asynchttpclient.netty.handler.HttpHandler - 

Request DefaultFullHttpRequest(decodeResult: success, version: HTTP/1.1, content: EmptyByteBufBE)
GET /session/7348ca9d9443a937e66f87a0e6c0bc88/element/6fc1a729-a3ce-4bc6-8e97-68b9be9833b4/name HTTP/1.1
User-Agent: selenium/4.4.0 (java windows)
Cache-Control: no-cache
Content-Type: application/json; charset=utf-8
host: localhost:62832
accept: */*

Response DefaultHttpResponse(decodeResult: success, version: HTTP/1.1)
HTTP/1.1 200 OK
Content-Type: application/json; charset=utf-8
cache-control: no-cache
content-length: 18

10:09:01.507 [AsyncHttpClient-1-3] DEBUG org.asynchttpclient.netty.channel.ChannelManager - Adding key: http://localhost:62832 for channel [id: 0x64ab9ebb, L:/127.0.0.1:61687 - R:localhost/127.0.0.1:62832]
10:09:01.514 [Forwarding isElementEnabled on session 7348ca9d9443a937e66f87a0e6c0bc88 to remote] DEBUG org.asynchttpclient.netty.request.NettyRequestSender - Using pooled Channel '[id: 0x64ab9ebb, L:/127.0.0.1:61687 - R:localhost/127.0.0.1:62832]' for 'GET' to 'http://localhost:62832/session/7348ca9d9443a937e66f87a0e6c0bc88/element/6fc1a729-a3ce-4bc6-8e97-68b9be9833b4/enabled'
10:09:01.514 [Forwarding isElementEnabled on session 7348ca9d9443a937e66f87a0e6c0bc88 to remote] DEBUG org.asynchttpclient.netty.request.NettyRequestSender - Using open Channel [id: 0x64ab9ebb, L:/127.0.0.1:61687 - R:localhost/127.0.0.1:62832] for GET '/session/7348ca9d9443a937e66f87a0e6c0bc88/element/6fc1a729-a3ce-4bc6-8e97-68b9be9833b4/enabled'
10:09:01.522 [AsyncHttpClient-1-3] DEBUG org.asynchttpclient.netty.handler.HttpHandler - 

Request DefaultFullHttpRequest(decodeResult: success, version: HTTP/1.1, content: EmptyByteBufBE)
GET /session/7348ca9d9443a937e66f87a0e6c0bc88/element/6fc1a729-a3ce-4bc6-8e97-68b9be9833b4/enabled HTTP/1.1
User-Agent: selenium/4.4.0 (java windows)
Cache-Control: no-cache
Content-Type: application/json; charset=utf-8
host: localhost:62832
accept: */*

Response DefaultHttpResponse(decodeResult: success, version: HTTP/1.1)
HTTP/1.1 200 OK
Content-Type: application/json; charset=utf-8
cache-control: no-cache
content-length: 14

10:09:01.522 [AsyncHttpClient-1-3] DEBUG org.asynchttpclient.netty.channel.ChannelManager - Adding key: http://localhost:62832 for channel [id: 0x64ab9ebb, L:/127.0.0.1:61687 - R:localhost/127.0.0.1:62832]
10:09:01.525 [Forwarding isElementEnabled on session 7348ca9d9443a937e66f87a0e6c0bc88 to remote] DEBUG org.asynchttpclient.netty.request.NettyRequestSender - Using pooled Channel '[id: 0x64ab9ebb, L:/127.0.0.1:61687 - R:localhost/127.0.0.1:62832]' for 'GET' to 'http://localhost:62832/session/7348ca9d9443a937e66f87a0e6c0bc88/element/6fc1a729-a3ce-4bc6-8e97-68b9be9833b4/enabled'
10:09:01.525 [Forwarding isElementEnabled on session 7348ca9d9443a937e66f87a0e6c0bc88 to remote] DEBUG org.asynchttpclient.netty.request.NettyRequestSender - Using open Channel [id: 0x64ab9ebb, L:/127.0.0.1:61687 - R:localhost/127.0.0.1:62832] for GET '/session/7348ca9d9443a937e66f87a0e6c0bc88/element/6fc1a729-a3ce-4bc6-8e97-68b9be9833b4/enabled'
10:09:01.530 [AsyncHttpClient-1-3] DEBUG org.asynchttpclient.netty.handler.HttpHandler - 

Request DefaultFullHttpRequest(decodeResult: success, version: HTTP/1.1, content: EmptyByteBufBE)
GET /session/7348ca9d9443a937e66f87a0e6c0bc88/element/6fc1a729-a3ce-4bc6-8e97-68b9be9833b4/enabled HTTP/1.1
User-Agent: selenium/4.4.0 (java windows)
Cache-Control: no-cache
Content-Type: application/json; charset=utf-8
host: localhost:62832
accept: */*

Response DefaultHttpResponse(decodeResult: success, version: HTTP/1.1)
HTTP/1.1 200 OK
Content-Type: application/json; charset=utf-8
cache-control: no-cache
content-length: 14

10:09:01.531 [AsyncHttpClient-1-3] DEBUG org.asynchttpclient.netty.channel.ChannelManager - Adding key: http://localhost:62832 for channel [id: 0x64ab9ebb, L:/127.0.0.1:61687 - R:localhost/127.0.0.1:62832]
10:09:01.536 [Forwarding findElement on session 7348ca9d9443a937e66f87a0e6c0bc88 to remote] DEBUG org.asynchttpclient.netty.request.NettyRequestSender - Using pooled Channel '[id: 0x64ab9ebb, L:/127.0.0.1:61687 - R:localhost/127.0.0.1:62832]' for 'POST' to 'http://localhost:62832/session/7348ca9d9443a937e66f87a0e6c0bc88/element'
10:09:01.536 [Forwarding findElement on session 7348ca9d9443a937e66f87a0e6c0bc88 to remote] DEBUG org.asynchttpclient.netty.request.NettyRequestSender - Using open Channel [id: 0x64ab9ebb, L:/127.0.0.1:61687 - R:localhost/127.0.0.1:62832] for POST '/session/7348ca9d9443a937e66f87a0e6c0bc88/element'
10:09:01.541 [AsyncHttpClient-1-3] DEBUG org.asynchttpclient.netty.handler.HttpHandler - 

Request DefaultHttpRequest(decodeResult: success, version: HTTP/1.1)
POST /session/7348ca9d9443a937e66f87a0e6c0bc88/element HTTP/1.1
User-Agent: selenium/4.4.0 (java windows)
Content-Length: 81
Content-Type: application/json; charset=utf-8
host: localhost:62832
accept: */*

Response DefaultHttpResponse(decodeResult: success, version: HTTP/1.1)
HTTP/1.1 200 OK
Content-Type: application/json; charset=utf-8
cache-control: no-cache
content-length: 88

10:09:01.541 [AsyncHttpClient-1-3] DEBUG org.asynchttpclient.netty.channel.ChannelManager - Adding key: http://localhost:62832 for channel [id: 0x64ab9ebb, L:/127.0.0.1:61687 - R:localhost/127.0.0.1:62832]
10:09:01.542 [Forwarding getElementTagName on session 7348ca9d9443a937e66f87a0e6c0bc88 to remote] DEBUG org.asynchttpclient.netty.request.NettyRequestSender - Using pooled Channel '[id: 0x64ab9ebb, L:/127.0.0.1:61687 - R:localhost/127.0.0.1:62832]' for 'GET' to 'http://localhost:62832/session/7348ca9d9443a937e66f87a0e6c0bc88/element/6fc1a729-a3ce-4bc6-8e97-68b9be9833b4/name'
10:09:01.542 [Forwarding getElementTagName on session 7348ca9d9443a937e66f87a0e6c0bc88 to remote] DEBUG org.asynchttpclient.netty.request.NettyRequestSender - Using open Channel [id: 0x64ab9ebb, L:/127.0.0.1:61687 - R:localhost/127.0.0.1:62832] for GET '/session/7348ca9d9443a937e66f87a0e6c0bc88/element/6fc1a729-a3ce-4bc6-8e97-68b9be9833b4/name'
10:09:01.544 [AsyncHttpClient-1-3] DEBUG org.asynchttpclient.netty.handler.HttpHandler - 

Request DefaultFullHttpRequest(decodeResult: success, version: HTTP/1.1, content: EmptyByteBufBE)
GET /session/7348ca9d9443a937e66f87a0e6c0bc88/element/6fc1a729-a3ce-4bc6-8e97-68b9be9833b4/name HTTP/1.1
User-Agent: selenium/4.4.0 (java windows)
Cache-Control: no-cache
Content-Type: application/json; charset=utf-8
host: localhost:62832
accept: */*

Response DefaultHttpResponse(decodeResult: success, version: HTTP/1.1)
HTTP/1.1 200 OK
Content-Type: application/json; charset=utf-8
cache-control: no-cache
content-length: 18

10:09:01.544 [AsyncHttpClient-1-3] DEBUG org.asynchttpclient.netty.channel.ChannelManager - Adding key: http://localhost:62832 for channel [id: 0x64ab9ebb, L:/127.0.0.1:61687 - R:localhost/127.0.0.1:62832]
10:09:01.544 [Forwarding getElementDomAttribute on session 7348ca9d9443a937e66f87a0e6c0bc88 to remote] DEBUG org.asynchttpclient.netty.request.NettyRequestSender - Using pooled Channel '[id: 0x64ab9ebb, L:/127.0.0.1:61687 - R:localhost/127.0.0.1:62832]' for 'GET' to 'http://localhost:62832/session/7348ca9d9443a937e66f87a0e6c0bc88/element/6fc1a729-a3ce-4bc6-8e97-68b9be9833b4/attribute/multiple'
10:09:01.544 [Forwarding getElementDomAttribute on session 7348ca9d9443a937e66f87a0e6c0bc88 to remote] DEBUG org.asynchttpclient.netty.request.NettyRequestSender - Using open Channel [id: 0x64ab9ebb, L:/127.0.0.1:61687 - R:localhost/127.0.0.1:62832] for GET '/session/7348ca9d9443a937e66f87a0e6c0bc88/element/6fc1a729-a3ce-4bc6-8e97-68b9be9833b4/attribute/multiple'
10:09:01.546 [AsyncHttpClient-1-3] DEBUG org.asynchttpclient.netty.handler.HttpHandler - 

Request DefaultFullHttpRequest(decodeResult: success, version: HTTP/1.1, content: EmptyByteBufBE)
GET /session/7348ca9d9443a937e66f87a0e6c0bc88/element/6fc1a729-a3ce-4bc6-8e97-68b9be9833b4/attribute/multiple HTTP/1.1
User-Agent: selenium/4.4.0 (java windows)
Cache-Control: no-cache
Content-Type: application/json; charset=utf-8
host: localhost:62832
accept: */*

Response DefaultHttpResponse(decodeResult: success, version: HTTP/1.1)
HTTP/1.1 200 OK
Content-Type: application/json; charset=utf-8
cache-control: no-cache
content-length: 14

10:09:01.546 [AsyncHttpClient-1-3] DEBUG org.asynchttpclient.netty.channel.ChannelManager - Adding key: http://localhost:62832 for channel [id: 0x64ab9ebb, L:/127.0.0.1:61687 - R:localhost/127.0.0.1:62832]
10:09:01.547 [Forwarding findChildElements on session 7348ca9d9443a937e66f87a0e6c0bc88 to remote] DEBUG org.asynchttpclient.netty.request.NettyRequestSender - Using pooled Channel '[id: 0x64ab9ebb, L:/127.0.0.1:61687 - R:localhost/127.0.0.1:62832]' for 'POST' to 'http://localhost:62832/session/7348ca9d9443a937e66f87a0e6c0bc88/element/6fc1a729-a3ce-4bc6-8e97-68b9be9833b4/elements'
10:09:01.547 [Forwarding findChildElements on session 7348ca9d9443a937e66f87a0e6c0bc88 to remote] DEBUG org.asynchttpclient.netty.request.NettyRequestSender - Using open Channel [id: 0x64ab9ebb, L:/127.0.0.1:61687 - R:localhost/127.0.0.1:62832] for POST '/session/7348ca9d9443a937e66f87a0e6c0bc88/element/6fc1a729-a3ce-4bc6-8e97-68b9be9833b4/elements'
10:09:01.554 [AsyncHttpClient-1-3] DEBUG org.asynchttpclient.netty.handler.HttpHandler - 

Request DefaultHttpRequest(decodeResult: success, version: HTTP/1.1)
POST /session/7348ca9d9443a937e66f87a0e6c0bc88/element/6fc1a729-a3ce-4bc6-8e97-68b9be9833b4/elements HTTP/1.1
User-Agent: selenium/4.4.0 (java windows)
Content-Length: 121
Content-Type: application/json; charset=utf-8
host: localhost:62832
accept: */*

Response DefaultHttpResponse(decodeResult: success, version: HTTP/1.1)
HTTP/1.1 200 OK
Content-Type: application/json; charset=utf-8
cache-control: no-cache
content-length: 90

10:09:01.554 [AsyncHttpClient-1-3] DEBUG org.asynchttpclient.netty.channel.ChannelManager - Adding key: http://localhost:62832 for channel [id: 0x64ab9ebb, L:/127.0.0.1:61687 - R:localhost/127.0.0.1:62832]
10:09:01.555 [Forwarding isElementSelected on session 7348ca9d9443a937e66f87a0e6c0bc88 to remote] DEBUG org.asynchttpclient.netty.request.NettyRequestSender - Using pooled Channel '[id: 0x64ab9ebb, L:/127.0.0.1:61687 - R:localhost/127.0.0.1:62832]' for 'GET' to 'http://localhost:62832/session/7348ca9d9443a937e66f87a0e6c0bc88/element/1e8763d8-539f-4100-8390-f728ee80521d/selected'
10:09:01.555 [Forwarding isElementSelected on session 7348ca9d9443a937e66f87a0e6c0bc88 to remote] DEBUG org.asynchttpclient.netty.request.NettyRequestSender - Using open Channel [id: 0x64ab9ebb, L:/127.0.0.1:61687 - R:localhost/127.0.0.1:62832] for GET '/session/7348ca9d9443a937e66f87a0e6c0bc88/element/1e8763d8-539f-4100-8390-f728ee80521d/selected'
10:09:01.560 [AsyncHttpClient-1-3] DEBUG org.asynchttpclient.netty.handler.HttpHandler - 

Request DefaultFullHttpRequest(decodeResult: success, version: HTTP/1.1, content: EmptyByteBufBE)
GET /session/7348ca9d9443a937e66f87a0e6c0bc88/element/1e8763d8-539f-4100-8390-f728ee80521d/selected HTTP/1.1
User-Agent: selenium/4.4.0 (java windows)
Cache-Control: no-cache
Content-Type: application/json; charset=utf-8
host: localhost:62832
accept: */*

Response DefaultHttpResponse(decodeResult: success, version: HTTP/1.1)
HTTP/1.1 200 OK
Content-Type: application/json; charset=utf-8
cache-control: no-cache
content-length: 15

10:09:01.560 [AsyncHttpClient-1-3] DEBUG org.asynchttpclient.netty.channel.ChannelManager - Adding key: http://localhost:62832 for channel [id: 0x64ab9ebb, L:/127.0.0.1:61687 - R:localhost/127.0.0.1:62832]
10:09:01.561 [Forwarding clickElement on session 7348ca9d9443a937e66f87a0e6c0bc88 to remote] DEBUG org.asynchttpclient.netty.request.NettyRequestSender - Using pooled Channel '[id: 0x64ab9ebb, L:/127.0.0.1:61687 - R:localhost/127.0.0.1:62832]' for 'POST' to 'http://localhost:62832/session/7348ca9d9443a937e66f87a0e6c0bc88/element/1e8763d8-539f-4100-8390-f728ee80521d/click'
10:09:01.561 [Forwarding clickElement on session 7348ca9d9443a937e66f87a0e6c0bc88 to remote] DEBUG org.asynchttpclient.netty.request.NettyRequestSender - Using open Channel [id: 0x64ab9ebb, L:/127.0.0.1:61687 - R:localhost/127.0.0.1:62832] for POST '/session/7348ca9d9443a937e66f87a0e6c0bc88/element/1e8763d8-539f-4100-8390-f728ee80521d/click'
10:09:01.579 [AsyncHttpClient-1-3] DEBUG org.asynchttpclient.netty.handler.HttpHandler - 

Request DefaultHttpRequest(decodeResult: success, version: HTTP/1.1)
POST /session/7348ca9d9443a937e66f87a0e6c0bc88/element/1e8763d8-539f-4100-8390-f728ee80521d/click HTTP/1.1
User-Agent: selenium/4.4.0 (java windows)
Content-Length: 50
Content-Type: application/json; charset=utf-8
host: localhost:62832
accept: */*

Response DefaultHttpResponse(decodeResult: success, version: HTTP/1.1)
HTTP/1.1 200 OK
Content-Type: application/json; charset=utf-8
cache-control: no-cache
content-length: 14

10:09:01.579 [AsyncHttpClient-1-3] DEBUG org.asynchttpclient.netty.channel.ChannelManager - Adding key: http://localhost:62832 for channel [id: 0x64ab9ebb, L:/127.0.0.1:61687 - R:localhost/127.0.0.1:62832]
10:09:01.592 [Forwarding getCurrentWindowHandle on session 7348ca9d9443a937e66f87a0e6c0bc88 to remote] DEBUG org.asynchttpclient.netty.request.NettyRequestSender - Using pooled Channel '[id: 0x64ab9ebb, L:/127.0.0.1:61687 - R:localhost/127.0.0.1:62832]' for 'GET' to 'http://localhost:62832/session/7348ca9d9443a937e66f87a0e6c0bc88/window'
10:09:01.592 [Forwarding getCurrentWindowHandle on session 7348ca9d9443a937e66f87a0e6c0bc88 to remote] DEBUG org.asynchttpclient.netty.request.NettyRequestSender - Using open Channel [id: 0x64ab9ebb, L:/127.0.0.1:61687 - R:localhost/127.0.0.1:62832] for GET '/session/7348ca9d9443a937e66f87a0e6c0bc88/window'
10:09:01.593 [AsyncHttpClient-1-3] DEBUG org.asynchttpclient.netty.handler.HttpHandler - 

Request DefaultFullHttpRequest(decodeResult: success, version: HTTP/1.1, content: EmptyByteBufBE)
GET /session/7348ca9d9443a937e66f87a0e6c0bc88/window HTTP/1.1
User-Agent: selenium/4.4.0 (java windows)
Cache-Control: no-cache
Content-Type: application/json; charset=utf-8
host: localhost:62832
accept: */*

Response DefaultHttpResponse(decodeResult: success, version: HTTP/1.1)
HTTP/1.1 200 OK
Content-Type: application/json; charset=utf-8
cache-control: no-cache
content-length: 53

10:09:01.593 [AsyncHttpClient-1-3] DEBUG org.asynchttpclient.netty.channel.ChannelManager - Adding key: http://localhost:62832 for channel [id: 0x64ab9ebb, L:/127.0.0.1:61687 - R:localhost/127.0.0.1:62832]
10:09:01.596 [Forwarding getAlertText on session 7348ca9d9443a937e66f87a0e6c0bc88 to remote] DEBUG org.asynchttpclient.netty.request.NettyRequestSender - Using pooled Channel '[id: 0x64ab9ebb, L:/127.0.0.1:61687 - R:localhost/127.0.0.1:62832]' for 'GET' to 'http://localhost:62832/session/7348ca9d9443a937e66f87a0e6c0bc88/alert/text'
10:09:01.596 [Forwarding getAlertText on session 7348ca9d9443a937e66f87a0e6c0bc88 to remote] DEBUG org.asynchttpclient.netty.request.NettyRequestSender - Using open Channel [id: 0x64ab9ebb, L:/127.0.0.1:61687 - R:localhost/127.0.0.1:62832] for GET '/session/7348ca9d9443a937e66f87a0e6c0bc88/alert/text'
10:09:01.598 [AsyncHttpClient-1-3] DEBUG org.asynchttpclient.netty.handler.HttpHandler - 

Request DefaultFullHttpRequest(decodeResult: success, version: HTTP/1.1, content: EmptyByteBufBE)
GET /session/7348ca9d9443a937e66f87a0e6c0bc88/alert/text HTTP/1.1
User-Agent: selenium/4.4.0 (java windows)
Cache-Control: no-cache
Content-Type: application/json; charset=utf-8
host: localhost:62832
accept: */*

Response DefaultHttpResponse(decodeResult: success, version: HTTP/1.1)
HTTP/1.1 404 Not Found
Content-Type: application/json; charset=utf-8
cache-control: no-cache
content-length: 879

10:09:01.600 [AsyncHttpClient-1-3] DEBUG org.asynchttpclient.netty.channel.ChannelManager - Adding key: http://localhost:62832 for channel [id: 0x64ab9ebb, L:/127.0.0.1:61687 - R:localhost/127.0.0.1:62832]
10:09:01.604 [Forwarding switchToWindow on session 7348ca9d9443a937e66f87a0e6c0bc88 to remote] DEBUG org.asynchttpclient.netty.request.NettyRequestSender - Using pooled Channel '[id: 0x64ab9ebb, L:/127.0.0.1:61687 - R:localhost/127.0.0.1:62832]' for 'POST' to 'http://localhost:62832/session/7348ca9d9443a937e66f87a0e6c0bc88/window'
10:09:01.604 [Forwarding switchToWindow on session 7348ca9d9443a937e66f87a0e6c0bc88 to remote] DEBUG org.asynchttpclient.netty.request.NettyRequestSender - Using open Channel [id: 0x64ab9ebb, L:/127.0.0.1:61687 - R:localhost/127.0.0.1:62832] for POST '/session/7348ca9d9443a937e66f87a0e6c0bc88/window'
10:09:01.606 [AsyncHttpClient-1-3] DEBUG org.asynchttpclient.netty.handler.HttpHandler - 

Request DefaultHttpRequest(decodeResult: success, version: HTTP/1.1)
POST /session/7348ca9d9443a937e66f87a0e6c0bc88/window HTTP/1.1
User-Agent: selenium/4.4.0 (java windows)
Content-Length: 59
Content-Type: application/json; charset=utf-8
host: localhost:62832
accept: */*

Response DefaultHttpResponse(decodeResult: success, version: HTTP/1.1)
HTTP/1.1 200 OK
Content-Type: application/json; charset=utf-8
cache-control: no-cache
content-length: 14

10:09:01.606 [AsyncHttpClient-1-3] DEBUG org.asynchttpclient.netty.channel.ChannelManager - Adding key: http://localhost:62832 for channel [id: 0x64ab9ebb, L:/127.0.0.1:61687 - R:localhost/127.0.0.1:62832]
10:09:01.606 [Forwarding getCurrentUrl on session 7348ca9d9443a937e66f87a0e6c0bc88 to remote] DEBUG org.asynchttpclient.netty.request.NettyRequestSender - Using pooled Channel '[id: 0x64ab9ebb, L:/127.0.0.1:61687 - R:localhost/127.0.0.1:62832]' for 'GET' to 'http://localhost:62832/session/7348ca9d9443a937e66f87a0e6c0bc88/url'
10:09:01.606 [Forwarding getCurrentUrl on session 7348ca9d9443a937e66f87a0e6c0bc88 to remote] DEBUG org.asynchttpclient.netty.request.NettyRequestSender - Using open Channel [id: 0x64ab9ebb, L:/127.0.0.1:61687 - R:localhost/127.0.0.1:62832] for GET '/session/7348ca9d9443a937e66f87a0e6c0bc88/url'
10:09:01.610 [AsyncHttpClient-1-3] DEBUG org.asynchttpclient.netty.handler.HttpHandler - 

Request DefaultFullHttpRequest(decodeResult: success, version: HTTP/1.1, content: EmptyByteBufBE)
GET /session/7348ca9d9443a937e66f87a0e6c0bc88/url HTTP/1.1
User-Agent: selenium/4.4.0 (java windows)
Cache-Control: no-cache
Content-Type: application/json; charset=utf-8
host: localhost:62832
accept: */*

Response DefaultHttpResponse(decodeResult: success, version: HTTP/1.1)
HTTP/1.1 200 OK
Content-Type: application/json; charset=utf-8
cache-control: no-cache
content-length: 52

10:09:01.611 [AsyncHttpClient-1-3] DEBUG org.asynchttpclient.netty.channel.ChannelManager - Adding key: http://localhost:62832 for channel [id: 0x64ab9ebb, L:/127.0.0.1:61687 - R:localhost/127.0.0.1:62832]
10:09:01.611 [Forwarding screenshot on session 7348ca9d9443a937e66f87a0e6c0bc88 to remote] DEBUG org.asynchttpclient.netty.request.NettyRequestSender - Using pooled Channel '[id: 0x64ab9ebb, L:/127.0.0.1:61687 - R:localhost/127.0.0.1:62832]' for 'GET' to 'http://localhost:62832/session/7348ca9d9443a937e66f87a0e6c0bc88/screenshot'
10:09:01.611 [Forwarding screenshot on session 7348ca9d9443a937e66f87a0e6c0bc88 to remote] DEBUG org.asynchttpclient.netty.request.NettyRequestSender - Using open Channel [id: 0x64ab9ebb, L:/127.0.0.1:61687 - R:localhost/127.0.0.1:62832] for GET '/session/7348ca9d9443a937e66f87a0e6c0bc88/screenshot'
10:09:01.726 [AsyncHttpClient-1-3] DEBUG org.asynchttpclient.netty.handler.HttpHandler - 

Request DefaultFullHttpRequest(decodeResult: success, version: HTTP/1.1, content: EmptyByteBufBE)
GET /session/7348ca9d9443a937e66f87a0e6c0bc88/screenshot HTTP/1.1
User-Agent: selenium/4.4.0 (java windows)
Cache-Control: no-cache
Content-Type: application/json; charset=utf-8
host: localhost:62832
accept: */*

Response DefaultHttpResponse(decodeResult: success, version: HTTP/1.1)
HTTP/1.1 200 OK
Content-Type: application/json; charset=utf-8
cache-control: no-cache
content-length: 311348

10:09:01.727 [AsyncHttpClient-1-3] DEBUG org.asynchttpclient.netty.channel.ChannelManager - Adding key: http://localhost:62832 for channel [id: 0x64ab9ebb, L:/127.0.0.1:61687 - R:localhost/127.0.0.1:62832]
10:09:01.732 [Test worker] DEBUG net.serenitybdd.core.photography.Darkroom - Send negative for processing for C:\Users\juan.gomezv\IdeaProjects\sura\target\site\serenity\d3937593616271b98bb87168fcb3e6d03085a6685689ca08810cb13db5a3d4f0.png
10:09:01.732 [Test worker] DEBUG net.thucydides.core.steps.StepInterceptor - STEP DONE: {0} selects #value in #target
10:09:01.742 [Test worker] DEBUG net.thucydides.core.steps.StepInterceptor - STEP DONE: performAs
10:09:01.750 [Test worker] DEBUG net.thucydides.core.steps.StepInterceptor - STEP DONE: performAs
  ?[32mCuando ?[0m?[32m?[0m?[32m?[1mAna?[0m?[32m selecciona la opcion ?[0m?[32m?[1m"FROM_Z_TO_A"?[0m?[32m del menu desplegable?[0m               ?[90m# sura.stepDefinitions.SearchSteps.seleccionaLaOpcionDelMenuDesplegable(net.serenitybdd.screenplay.Actor,java.lang.String)?[0m
10:09:01.766 [Forwarding getPageSource on session 7348ca9d9443a937e66f87a0e6c0bc88 to remote] DEBUG org.asynchttpclient.netty.request.NettyRequestSender - Using pooled Channel '[id: 0x64ab9ebb, L:/127.0.0.1:61687 - R:localhost/127.0.0.1:62832]' for 'POST' to 'http://localhost:62832/session/7348ca9d9443a937e66f87a0e6c0bc88/execute/sync'
10:09:01.766 [Forwarding getPageSource on session 7348ca9d9443a937e66f87a0e6c0bc88 to remote] DEBUG org.asynchttpclient.netty.request.NettyRequestSender - Using open Channel [id: 0x64ab9ebb, L:/127.0.0.1:61687 - R:localhost/127.0.0.1:62832] for POST '/session/7348ca9d9443a937e66f87a0e6c0bc88/execute/sync'
10:09:01.771 [AsyncHttpClient-1-3] DEBUG org.asynchttpclient.netty.handler.HttpHandler - 

Request DefaultHttpRequest(decodeResult: success, version: HTTP/1.1)
POST /session/7348ca9d9443a937e66f87a0e6c0bc88/execute/sync HTTP/1.1
User-Agent: selenium/4.4.0 (java windows)
Content-Length: 176
Content-Type: application/json; charset=utf-8
host: localhost:62832
accept: */*

Response DefaultHttpResponse(decodeResult: success, version: HTTP/1.1)
HTTP/1.1 200 OK
Content-Type: application/json; charset=utf-8
cache-control: no-cache
content-length: 15270

10:09:01.771 [AsyncHttpClient-1-3] DEBUG org.asynchttpclient.netty.channel.ChannelManager - Adding key: http://localhost:62832 for channel [id: 0x64ab9ebb, L:/127.0.0.1:61687 - R:localhost/127.0.0.1:62832]
10:09:01.773 [Forwarding getCurrentUrl on session 7348ca9d9443a937e66f87a0e6c0bc88 to remote] DEBUG org.asynchttpclient.netty.request.NettyRequestSender - Using pooled Channel '[id: 0x64ab9ebb, L:/127.0.0.1:61687 - R:localhost/127.0.0.1:62832]' for 'GET' to 'http://localhost:62832/session/7348ca9d9443a937e66f87a0e6c0bc88/url'
10:09:01.773 [Forwarding getCurrentUrl on session 7348ca9d9443a937e66f87a0e6c0bc88 to remote] DEBUG org.asynchttpclient.netty.request.NettyRequestSender - Using open Channel [id: 0x64ab9ebb, L:/127.0.0.1:61687 - R:localhost/127.0.0.1:62832] for GET '/session/7348ca9d9443a937e66f87a0e6c0bc88/url'
10:09:01.775 [AsyncHttpClient-1-3] DEBUG org.asynchttpclient.netty.handler.HttpHandler - 

Request DefaultFullHttpRequest(decodeResult: success, version: HTTP/1.1, content: EmptyByteBufBE)
GET /session/7348ca9d9443a937e66f87a0e6c0bc88/url HTTP/1.1
User-Agent: selenium/4.4.0 (java windows)
Cache-Control: no-cache
Content-Type: application/json; charset=utf-8
host: localhost:62832
accept: */*

Response DefaultHttpResponse(decodeResult: success, version: HTTP/1.1)
HTTP/1.1 200 OK
Content-Type: application/json; charset=utf-8
cache-control: no-cache
content-length: 52

10:09:01.776 [AsyncHttpClient-1-3] DEBUG org.asynchttpclient.netty.channel.ChannelManager - Adding key: http://localhost:62832 for channel [id: 0x64ab9ebb, L:/127.0.0.1:61687 - R:localhost/127.0.0.1:62832]
10:09:01.781 [Forwarding findElements on session 7348ca9d9443a937e66f87a0e6c0bc88 to remote] DEBUG org.asynchttpclient.netty.request.NettyRequestSender - Using pooled Channel '[id: 0x64ab9ebb, L:/127.0.0.1:61687 - R:localhost/127.0.0.1:62832]' for 'POST' to 'http://localhost:62832/session/7348ca9d9443a937e66f87a0e6c0bc88/elements'
10:09:01.781 [Forwarding findElements on session 7348ca9d9443a937e66f87a0e6c0bc88 to remote] DEBUG org.asynchttpclient.netty.request.NettyRequestSender - Using open Channel [id: 0x64ab9ebb, L:/127.0.0.1:61687 - R:localhost/127.0.0.1:62832] for POST '/session/7348ca9d9443a937e66f87a0e6c0bc88/elements'
10:09:01.790 [AsyncHttpClient-1-3] DEBUG org.asynchttpclient.netty.handler.HttpHandler - 

Request DefaultHttpRequest(decodeResult: success, version: HTTP/1.1)
POST /session/7348ca9d9443a937e66f87a0e6c0bc88/elements HTTP/1.1
User-Agent: selenium/4.4.0 (java windows)
Content-Length: 59
Content-Type: application/json; charset=utf-8
host: localhost:62832
accept: */*

Response DefaultHttpResponse(decodeResult: success, version: HTTP/1.1)
HTTP/1.1 200 OK
Content-Type: application/json; charset=utf-8
cache-control: no-cache
content-length: 90

10:09:01.790 [AsyncHttpClient-1-3] DEBUG org.asynchttpclient.netty.channel.ChannelManager - Adding key: http://localhost:62832 for channel [id: 0x64ab9ebb, L:/127.0.0.1:61687 - R:localhost/127.0.0.1:62832]
10:09:01.795 [Forwarding getElementText on session 7348ca9d9443a937e66f87a0e6c0bc88 to remote] DEBUG org.asynchttpclient.netty.request.NettyRequestSender - Using pooled Channel '[id: 0x64ab9ebb, L:/127.0.0.1:61687 - R:localhost/127.0.0.1:62832]' for 'GET' to 'http://localhost:62832/session/7348ca9d9443a937e66f87a0e6c0bc88/element/92dc1794-b060-436c-971e-ff5f49c3d7a2/text'
10:09:01.796 [Forwarding getElementText on session 7348ca9d9443a937e66f87a0e6c0bc88 to remote] DEBUG org.asynchttpclient.netty.request.NettyRequestSender - Using open Channel [id: 0x64ab9ebb, L:/127.0.0.1:61687 - R:localhost/127.0.0.1:62832] for GET '/session/7348ca9d9443a937e66f87a0e6c0bc88/element/92dc1794-b060-436c-971e-ff5f49c3d7a2/text'
10:09:01.829 [AsyncHttpClient-1-3] DEBUG org.asynchttpclient.netty.handler.HttpHandler - 

Request DefaultFullHttpRequest(decodeResult: success, version: HTTP/1.1, content: EmptyByteBufBE)
GET /session/7348ca9d9443a937e66f87a0e6c0bc88/element/92dc1794-b060-436c-971e-ff5f49c3d7a2/text HTTP/1.1
User-Agent: selenium/4.4.0 (java windows)
Cache-Control: no-cache
Content-Type: application/json; charset=utf-8
host: localhost:62832
accept: */*

Response DefaultHttpResponse(decodeResult: success, version: HTTP/1.1)
HTTP/1.1 200 OK
Content-Type: application/json; charset=utf-8
cache-control: no-cache
content-length: 1209

10:09:01.829 [AsyncHttpClient-1-3] DEBUG org.asynchttpclient.netty.channel.ChannelManager - Adding key: http://localhost:62832 for channel [id: 0x64ab9ebb, L:/127.0.0.1:61687 - R:localhost/127.0.0.1:62832]
  ?[32mEntonces ?[0m?[32m?[0m?[32m?[1mAna?[0m?[32m ve que el primer articulo contiene la palabra ?[0m?[32m?[1m"(Red)"?[0m               ?[90m# sura.stepDefinitions.SearchSteps.anaVeQueElPrimerArticuloContieneLaPalabraJacket(net.serenitybdd.screenplay.Actor,java.lang.String)?[0m
10:09:01.841 [Forwarding getCurrentWindowHandle on session 7348ca9d9443a937e66f87a0e6c0bc88 to remote] DEBUG org.asynchttpclient.netty.request.NettyRequestSender - Using pooled Channel '[id: 0x64ab9ebb, L:/127.0.0.1:61687 - R:localhost/127.0.0.1:62832]' for 'GET' to 'http://localhost:62832/session/7348ca9d9443a937e66f87a0e6c0bc88/window'
10:09:01.841 [Forwarding getCurrentWindowHandle on session 7348ca9d9443a937e66f87a0e6c0bc88 to remote] DEBUG org.asynchttpclient.netty.request.NettyRequestSender - Using open Channel [id: 0x64ab9ebb, L:/127.0.0.1:61687 - R:localhost/127.0.0.1:62832] for GET '/session/7348ca9d9443a937e66f87a0e6c0bc88/window'
10:09:01.841 [AsyncHttpClient-1-3] DEBUG org.asynchttpclient.netty.handler.HttpHandler - 

Request DefaultFullHttpRequest(decodeResult: success, version: HTTP/1.1, content: EmptyByteBufBE)
GET /session/7348ca9d9443a937e66f87a0e6c0bc88/window HTTP/1.1
User-Agent: selenium/4.4.0 (java windows)
Cache-Control: no-cache
Content-Type: application/json; charset=utf-8
host: localhost:62832
accept: */*

Response DefaultHttpResponse(decodeResult: success, version: HTTP/1.1)
HTTP/1.1 200 OK
Content-Type: application/json; charset=utf-8
cache-control: no-cache
content-length: 53

10:09:01.841 [AsyncHttpClient-1-3] DEBUG org.asynchttpclient.netty.channel.ChannelManager - Adding key: http://localhost:62832 for channel [id: 0x64ab9ebb, L:/127.0.0.1:61687 - R:localhost/127.0.0.1:62832]
10:09:01.845 [Forwarding getAlertText on session 7348ca9d9443a937e66f87a0e6c0bc88 to remote] DEBUG org.asynchttpclient.netty.request.NettyRequestSender - Using pooled Channel '[id: 0x64ab9ebb, L:/127.0.0.1:61687 - R:localhost/127.0.0.1:62832]' for 'GET' to 'http://localhost:62832/session/7348ca9d9443a937e66f87a0e6c0bc88/alert/text'
10:09:01.845 [Forwarding getAlertText on session 7348ca9d9443a937e66f87a0e6c0bc88 to remote] DEBUG org.asynchttpclient.netty.request.NettyRequestSender - Using open Channel [id: 0x64ab9ebb, L:/127.0.0.1:61687 - R:localhost/127.0.0.1:62832] for GET '/session/7348ca9d9443a937e66f87a0e6c0bc88/alert/text'
10:09:01.847 [AsyncHttpClient-1-3] DEBUG org.asynchttpclient.netty.handler.HttpHandler - 

Request DefaultFullHttpRequest(decodeResult: success, version: HTTP/1.1, content: EmptyByteBufBE)
GET /session/7348ca9d9443a937e66f87a0e6c0bc88/alert/text HTTP/1.1
User-Agent: selenium/4.4.0 (java windows)
Cache-Control: no-cache
Content-Type: application/json; charset=utf-8
host: localhost:62832
accept: */*

Response DefaultHttpResponse(decodeResult: success, version: HTTP/1.1)
HTTP/1.1 404 Not Found
Content-Type: application/json; charset=utf-8
cache-control: no-cache
content-length: 879

10:09:01.847 [AsyncHttpClient-1-3] DEBUG org.asynchttpclient.netty.channel.ChannelManager - Adding key: http://localhost:62832 for channel [id: 0x64ab9ebb, L:/127.0.0.1:61687 - R:localhost/127.0.0.1:62832]
10:09:01.851 [Forwarding switchToWindow on session 7348ca9d9443a937e66f87a0e6c0bc88 to remote] DEBUG org.asynchttpclient.netty.request.NettyRequestSender - Using pooled Channel '[id: 0x64ab9ebb, L:/127.0.0.1:61687 - R:localhost/127.0.0.1:62832]' for 'POST' to 'http://localhost:62832/session/7348ca9d9443a937e66f87a0e6c0bc88/window'
10:09:01.851 [Forwarding switchToWindow on session 7348ca9d9443a937e66f87a0e6c0bc88 to remote] DEBUG org.asynchttpclient.netty.request.NettyRequestSender - Using open Channel [id: 0x64ab9ebb, L:/127.0.0.1:61687 - R:localhost/127.0.0.1:62832] for POST '/session/7348ca9d9443a937e66f87a0e6c0bc88/window'
10:09:01.854 [AsyncHttpClient-1-3] DEBUG org.asynchttpclient.netty.handler.HttpHandler - 

Request DefaultHttpRequest(decodeResult: success, version: HTTP/1.1)
POST /session/7348ca9d9443a937e66f87a0e6c0bc88/window HTTP/1.1
User-Agent: selenium/4.4.0 (java windows)
Content-Length: 59
Content-Type: application/json; charset=utf-8
host: localhost:62832
accept: */*

Response DefaultHttpResponse(decodeResult: success, version: HTTP/1.1)
HTTP/1.1 200 OK
Content-Type: application/json; charset=utf-8
cache-control: no-cache
content-length: 14

10:09:01.854 [AsyncHttpClient-1-3] DEBUG org.asynchttpclient.netty.channel.ChannelManager - Adding key: http://localhost:62832 for channel [id: 0x64ab9ebb, L:/127.0.0.1:61687 - R:localhost/127.0.0.1:62832]
10:09:01.854 [Forwarding getCurrentUrl on session 7348ca9d9443a937e66f87a0e6c0bc88 to remote] DEBUG org.asynchttpclient.netty.request.NettyRequestSender - Using pooled Channel '[id: 0x64ab9ebb, L:/127.0.0.1:61687 - R:localhost/127.0.0.1:62832]' for 'GET' to 'http://localhost:62832/session/7348ca9d9443a937e66f87a0e6c0bc88/url'
10:09:01.854 [Forwarding getCurrentUrl on session 7348ca9d9443a937e66f87a0e6c0bc88 to remote] DEBUG org.asynchttpclient.netty.request.NettyRequestSender - Using open Channel [id: 0x64ab9ebb, L:/127.0.0.1:61687 - R:localhost/127.0.0.1:62832] for GET '/session/7348ca9d9443a937e66f87a0e6c0bc88/url'
10:09:01.858 [AsyncHttpClient-1-3] DEBUG org.asynchttpclient.netty.handler.HttpHandler - 

Request DefaultFullHttpRequest(decodeResult: success, version: HTTP/1.1, content: EmptyByteBufBE)
GET /session/7348ca9d9443a937e66f87a0e6c0bc88/url HTTP/1.1
User-Agent: selenium/4.4.0 (java windows)
Cache-Control: no-cache
Content-Type: application/json; charset=utf-8
host: localhost:62832
accept: */*

Response DefaultHttpResponse(decodeResult: success, version: HTTP/1.1)
HTTP/1.1 200 OK
Content-Type: application/json; charset=utf-8
cache-control: no-cache
content-length: 52

10:09:01.858 [AsyncHttpClient-1-3] DEBUG org.asynchttpclient.netty.channel.ChannelManager - Adding key: http://localhost:62832 for channel [id: 0x64ab9ebb, L:/127.0.0.1:61687 - R:localhost/127.0.0.1:62832]
10:09:01.859 [Forwarding screenshot on session 7348ca9d9443a937e66f87a0e6c0bc88 to remote] DEBUG org.asynchttpclient.netty.request.NettyRequestSender - Using pooled Channel '[id: 0x64ab9ebb, L:/127.0.0.1:61687 - R:localhost/127.0.0.1:62832]' for 'GET' to 'http://localhost:62832/session/7348ca9d9443a937e66f87a0e6c0bc88/screenshot'
10:09:01.859 [Forwarding screenshot on session 7348ca9d9443a937e66f87a0e6c0bc88 to remote] DEBUG org.asynchttpclient.netty.request.NettyRequestSender - Using open Channel [id: 0x64ab9ebb, L:/127.0.0.1:61687 - R:localhost/127.0.0.1:62832] for GET '/session/7348ca9d9443a937e66f87a0e6c0bc88/screenshot'
10:09:01.965 [AsyncHttpClient-1-3] DEBUG org.asynchttpclient.netty.handler.HttpHandler - 

Request DefaultFullHttpRequest(decodeResult: success, version: HTTP/1.1, content: EmptyByteBufBE)
GET /session/7348ca9d9443a937e66f87a0e6c0bc88/screenshot HTTP/1.1
User-Agent: selenium/4.4.0 (java windows)
Cache-Control: no-cache
Content-Type: application/json; charset=utf-8
host: localhost:62832
accept: */*

Response DefaultHttpResponse(decodeResult: success, version: HTTP/1.1)
HTTP/1.1 200 OK
Content-Type: application/json; charset=utf-8
cache-control: no-cache
content-length: 311348

10:09:01.966 [AsyncHttpClient-1-3] DEBUG org.asynchttpclient.netty.channel.ChannelManager - Adding key: http://localhost:62832 for channel [id: 0x64ab9ebb, L:/127.0.0.1:61687 - R:localhost/127.0.0.1:62832]
10:09:01.971 [Test worker] DEBUG net.serenitybdd.core.photography.Darkroom - Send negative for processing for C:\Users\juan.gomezv\IdeaProjects\sura\target\site\serenity\d3937593616271b98bb87168fcb3e6d03085a6685689ca08810cb13db5a3d4f0.png
10:09:01.972 [Test worker] INFO  - 
  _____   ___   ___   _____     ___     _     ___   ___   ___   ___  
 |_   _| | __| / __| |_   _|   | _ \   /_\   / __| / __| | __| |   \ 
   | |   | _|  \__ \   | |     |  _/  / _ \  \__ \ \__ \ | _|  | |) |
   |_|   |___| |___/   |_|     |_|   /_/ \_\ |___/ |___/ |___| |___/ 

Ordenar Productos Alfabeticamente de la Z a la A
----------------------------------------------------------------------
10:09:01.973 [AsyncHttpClient-1-5] DEBUG org.asynchttpclient.netty.handler.WebSocketHandler - Channel Closed: [id: 0xe64c5b85, L:/127.0.0.1:61695 ! R:localhost/127.0.0.1:61688] with attribute NettyResponseFuture{currentRetry=0,
	isDone=1,
	isCancelled=0,
	asyncHandler=org.asynchttpclient.ws.WebSocketUpgradeHandler@7ef4dbf9,
	nettyRequest=org.asynchttpclient.netty.request.NettyRequest@7fe3eb7a,
	future=java.util.concurrent.CompletableFuture@4ad14802[Completed normally],
	uri=ws://localhost:61688/devtools/browser/5310c291-f7ba-42a7-a5fc-eba4a47e8a76,
	keepAlive=true,
	redirectCount=0,
	timeoutsHolder=null,
	inAuth=0,
	touch=1664204939739}
10:09:01.973 [Driver Command Executor] DEBUG org.asynchttpclient.netty.request.NettyRequestSender - Using pooled Channel '[id: 0x64ab9ebb, L:/127.0.0.1:61687 - R:localhost/127.0.0.1:62832]' for 'DELETE' to 'http://localhost:62832/session/7348ca9d9443a937e66f87a0e6c0bc88'
10:09:01.973 [Driver Command Executor] DEBUG org.asynchttpclient.netty.request.NettyRequestSender - Using open Channel [id: 0x64ab9ebb, L:/127.0.0.1:61687 - R:localhost/127.0.0.1:62832] for DELETE '/session/7348ca9d9443a937e66f87a0e6c0bc88'
10:09:01.973 [AsyncHttpClient-1-5] DEBUG org.asynchttpclient.netty.channel.ChannelManager - Closing Channel [id: 0xe64c5b85, L:/127.0.0.1:61695 ! R:localhost/127.0.0.1:61688] 
10:09:01.990 [AsyncHttpClient-1-4] DEBUG org.asynchttpclient.netty.handler.HttpHandler - Unexpected I/O exception on channel [id: 0xaabb602b, L:/127.0.0.1:61694 - R:localhost/127.0.0.1:61688]
java.net.SocketException: Connection reset
	at java.base/sun.nio.ch.SocketChannelImpl.throwConnectionReset(SocketChannelImpl.java:394)
	at java.base/sun.nio.ch.SocketChannelImpl.read(SocketChannelImpl.java:426)
	at io.netty.buffer.PooledByteBuf.setBytes(PooledByteBuf.java:258)
	at io.netty.buffer.AbstractByteBuf.writeBytes(AbstractByteBuf.java:1132)
	at io.netty.channel.socket.nio.NioSocketChannel.doReadBytes(NioSocketChannel.java:357)
	at io.netty.channel.nio.AbstractNioByteChannel$NioByteUnsafe.read(AbstractNioByteChannel.java:151)
	at io.netty.channel.nio.NioEventLoop.processSelectedKey(NioEventLoop.java:722)
	at io.netty.channel.nio.NioEventLoop.processSelectedKeysOptimized(NioEventLoop.java:658)
	at io.netty.channel.nio.NioEventLoop.processSelectedKeys(NioEventLoop.java:584)
	at io.netty.channel.nio.NioEventLoop.run(NioEventLoop.java:496)
	at io.netty.util.concurrent.SingleThreadEventExecutor$4.run(SingleThreadEventExecutor.java:997)
	at io.netty.util.internal.ThreadExecutorMap$2.run(ThreadExecutorMap.java:74)
	at io.netty.util.concurrent.FastThreadLocalRunnable.run(FastThreadLocalRunnable.java:30)
	at java.base/java.lang.Thread.run(Thread.java:833)
10:09:01.990 [AsyncHttpClient-1-4] DEBUG org.asynchttpclient.netty.channel.ChannelManager - Closing Channel [id: 0xaabb602b, L:/127.0.0.1:61694 - R:localhost/127.0.0.1:61688] 
10:09:01.990 [AsyncHttpClient-1-4] DEBUG org.asynchttpclient.netty.handler.HttpHandler - Channel Closed: [id: 0xaabb602b, L:/127.0.0.1:61694 ! R:localhost/127.0.0.1:61688] with attribute DISCARD
10:09:02.006 [AsyncHttpClient-1-3] DEBUG org.asynchttpclient.netty.handler.HttpHandler - 

Request DefaultFullHttpRequest(decodeResult: success, version: HTTP/1.1, content: EmptyByteBufBE)
DELETE /session/7348ca9d9443a937e66f87a0e6c0bc88 HTTP/1.1
User-Agent: selenium/4.4.0 (java windows)
Content-Type: application/json; charset=utf-8
host: localhost:62832
accept: */*

Response DefaultHttpResponse(decodeResult: success, version: HTTP/1.1)
HTTP/1.1 200 OK
Content-Type: application/json; charset=utf-8
cache-control: no-cache
content-length: 14

10:09:02.006 [AsyncHttpClient-1-3] DEBUG org.asynchttpclient.netty.channel.ChannelManager - Adding key: http://localhost:62832 for channel [id: 0x64ab9ebb, L:/127.0.0.1:61687 - R:localhost/127.0.0.1:62832]
10:09:02.051 [AsyncHttpClient-1-3] DEBUG org.asynchttpclient.netty.handler.HttpHandler - Channel Closed: [id: 0x64ab9ebb, L:/127.0.0.1:61687 ! R:localhost/127.0.0.1:62832] with attribute DISCARD

Escenario: Ordenar Productos por costos de menor a mayor valor                     ?[90m# src/test/resources/features/search.feature:15?[0m
10:09:02.104 [Test worker] INFO io.cucumber.core.plugin.SerenityReporter - Running feature from file:///C:/Users/juan.gomezv/IdeaProjects/sura/src/test/resources/features/search.feature
10:09:02.106 [Test worker] INFO  - 
  _____   ___   ___   _____     ___   _____     _     ___   _____   ___   ___  
 |_   _| | __| / __| |_   _|   / __| |_   _|   /_\   | _ \ |_   _| | __| |   \ 
   | |   | _|  \__ \   | |     \__ \   | |    / _ \  |   /   | |   | _|  | |) |
   |_|   |___| |___/   |_|     |___/   |_|   /_/ \_\ |_|_\   |_|   |___| |___/ 

Ordenar Productos por costos de menor a mayor valor(buscar-productos;ordenar-productos-por-costos-de-menor-a-mayor-valor)
--------------------------------------------------------------------------------
10:09:02.115 [Test worker] DEBUG net.thucydides.core.steps.StepInterceptor - STARTING STEP: SharedBackgroundSteps.ingresaConUnaCuentaValidaASwaglabs - {0} abre la aplicaciÃ³n
10:09:02.116 [Test worker] DEBUG net.thucydides.core.steps.StepInterceptor - STARTING STEP: NavigateTo.performAs - {0} opens the #targetPageName
10:09:02.157 [Test worker] INFO net.serenitybdd.core.webdriver.driverproviders.ChromeDriverProvider - Starting Chrome driver instance with capabilities:
10:09:02.157 [Test worker] INFO net.serenitybdd.core.webdriver.driverproviders.ChromeDriverProvider - Capabilities {acceptInsecureCerts: false, browserName: chrome, goog:chromeOptions: {args: [], extensions: []}}
10:09:02.223 [AsyncHttpClient-1-6] DEBUG org.asynchttpclient.netty.channel.NettyConnectListener - Using new Channel '[id: 0xa92b6a67, L:/127.0.0.1:61710 - R:localhost/127.0.0.1:52649]' for 'POST' to '/session'
10:09:02.607 [AsyncHttpClient-1-1] DEBUG org.asynchttpclient.netty.channel.DefaultChannelPool - Entry count for : http://localhost:61688 : 1
10:09:02.607 [AsyncHttpClient-1-1] DEBUG org.asynchttpclient.netty.channel.DefaultChannelPool - Entry count for : http://localhost:62832 : 1
10:09:02.607 [AsyncHttpClient-1-1] DEBUG org.asynchttpclient.netty.channel.DefaultChannelPool - Adding Candidate expired Channel [id: 0xaabb602b, L:/127.0.0.1:61694 ! R:localhost/127.0.0.1:61688] isIdleTimeoutExpired=false isRemotelyClosed=true isTtlExpired=false
10:09:02.607 [AsyncHttpClient-1-1] DEBUG org.asynchttpclient.netty.channel.DefaultChannelPool - Closing Idle Channel [id: 0xaabb602b, L:/127.0.0.1:61694 ! R:localhost/127.0.0.1:61688]
10:09:02.607 [AsyncHttpClient-1-1] DEBUG org.asynchttpclient.netty.channel.DefaultChannelPool - Adding Candidate expired Channel [id: 0x64ab9ebb, L:/127.0.0.1:61687 ! R:localhost/127.0.0.1:62832] isIdleTimeoutExpired=false isRemotelyClosed=true isTtlExpired=false
10:09:02.607 [AsyncHttpClient-1-1] DEBUG org.asynchttpclient.netty.channel.DefaultChannelPool - Closing Idle Channel [id: 0x64ab9ebb, L:/127.0.0.1:61687 ! R:localhost/127.0.0.1:62832]
10:09:02.607 [AsyncHttpClient-1-1] DEBUG org.asynchttpclient.netty.channel.DefaultChannelPool - Closed 2 connections out of 2 in 0 ms
10:09:02.761 [AsyncHttpClient-1-6] DEBUG org.asynchttpclient.netty.handler.HttpHandler - 

Request DefaultHttpRequest(decodeResult: success, version: HTTP/1.1)
POST /session HTTP/1.1
User-Agent: selenium/4.4.0 (java windows)
Content-Length: 437
Content-Type: application/json; charset=utf-8
host: localhost:52649
accept: */*

Response DefaultHttpResponse(decodeResult: success, version: HTTP/1.1)
HTTP/1.1 200 OK
Content-Type: application/json; charset=utf-8
cache-control: no-cache
content-length: 795

10:09:02.761 [AsyncHttpClient-1-6] DEBUG org.asynchttpclient.netty.channel.ChannelManager - Adding key: http://localhost:52649 for channel [id: 0xa92b6a67, L:/127.0.0.1:61710 - R:localhost/127.0.0.1:52649]
10:09:02.764 [AsyncHttpClient-1-7] DEBUG org.asynchttpclient.netty.channel.NettyConnectListener - Using new Channel '[id: 0x3a9a1d99, L:/127.0.0.1:61717 - R:localhost/127.0.0.1:61711]' for 'GET' to '/json/version'
10:09:02.764 [AsyncHttpClient-1-7] DEBUG org.asynchttpclient.netty.handler.HttpHandler - 

Request DefaultFullHttpRequest(decodeResult: success, version: HTTP/1.1, content: EmptyByteBufBE)
GET /json/version HTTP/1.1
User-Agent: selenium/4.4.0 (java windows)
host: localhost:61711
accept: */*

Response DefaultHttpResponse(decodeResult: success, version: HTTP/1.1)
HTTP/1.1 200 OK
Content-Type: application/json; charset=UTF-8
content-length: 423

10:09:02.764 [AsyncHttpClient-1-7] DEBUG org.asynchttpclient.netty.channel.ChannelManager - Adding key: http://localhost:61711 for channel [id: 0x3a9a1d99, L:/127.0.0.1:61717 - R:localhost/127.0.0.1:61711]
10:09:02.766 [AsyncHttpClient-1-8] DEBUG org.asynchttpclient.netty.channel.NettyConnectListener - Using new Channel '[id: 0x3cae316a, L:/127.0.0.1:61718 - R:localhost/127.0.0.1:61711]' for 'GET' to '/devtools/browser/03f56688-8abf-43c2-a6a1-2759f75d7e17'
10:09:02.766 [AsyncHttpClient-1-8] DEBUG org.asynchttpclient.netty.handler.WebSocketHandler - 

Request DefaultFullHttpRequest(decodeResult: success, version: HTTP/1.1, content: EmptyByteBufBE)
GET /devtools/browser/03f56688-8abf-43c2-a6a1-2759f75d7e17 HTTP/1.1
upgrade: websocket
connection: upgrade
sec-websocket-key: eqo2p+YAeIE/gkr19tzahg==
sec-websocket-version: 13
origin: http://localhost:61711
host: localhost:61711
accept: */*
user-agent: AHC/2.1

Response DefaultHttpResponse(decodeResult: success, version: HTTP/1.1)
HTTP/1.1 101 WebSocket Protocol Handshake
Upgrade: WebSocket
Connection: Upgrade
Sec-WebSocket-Accept: qKZsJ9MVGQn0UXP4BDHzxscFSHQ=

10:09:02.768 [Forwarding get on session 8fe5eb9e283224cdfd33dbbc9bbb0b52 to remote] DEBUG org.asynchttpclient.netty.request.NettyRequestSender - Using pooled Channel '[id: 0xa92b6a67, L:/127.0.0.1:61710 - R:localhost/127.0.0.1:52649]' for 'POST' to 'http://localhost:52649/session/8fe5eb9e283224cdfd33dbbc9bbb0b52/url'
10:09:02.768 [Forwarding get on session 8fe5eb9e283224cdfd33dbbc9bbb0b52 to remote] DEBUG org.asynchttpclient.netty.request.NettyRequestSender - Using open Channel [id: 0xa92b6a67, L:/127.0.0.1:61710 - R:localhost/127.0.0.1:52649] for POST '/session/8fe5eb9e283224cdfd33dbbc9bbb0b52/url'
10:09:03.062 [AsyncHttpClient-1-6] DEBUG org.asynchttpclient.netty.handler.HttpHandler - 

Request DefaultHttpRequest(decodeResult: success, version: HTTP/1.1)
POST /session/8fe5eb9e283224cdfd33dbbc9bbb0b52/url HTTP/1.1
User-Agent: selenium/4.4.0 (java windows)
Content-Length: 40
Content-Type: application/json; charset=utf-8
host: localhost:52649
accept: */*

Response DefaultHttpResponse(decodeResult: success, version: HTTP/1.1)
HTTP/1.1 200 OK
Content-Type: application/json; charset=utf-8
cache-control: no-cache
content-length: 14

10:09:03.062 [AsyncHttpClient-1-6] DEBUG org.asynchttpclient.netty.channel.ChannelManager - Adding key: http://localhost:52649 for channel [id: 0xa92b6a67, L:/127.0.0.1:61710 - R:localhost/127.0.0.1:52649]
10:09:03.062 [Forwarding setTimeout on session 8fe5eb9e283224cdfd33dbbc9bbb0b52 to remote] DEBUG org.asynchttpclient.netty.request.NettyRequestSender - Using pooled Channel '[id: 0xa92b6a67, L:/127.0.0.1:61710 - R:localhost/127.0.0.1:52649]' for 'POST' to 'http://localhost:52649/session/8fe5eb9e283224cdfd33dbbc9bbb0b52/timeouts'
10:09:03.062 [Forwarding setTimeout on session 8fe5eb9e283224cdfd33dbbc9bbb0b52 to remote] DEBUG org.asynchttpclient.netty.request.NettyRequestSender - Using open Channel [id: 0xa92b6a67, L:/127.0.0.1:61710 - R:localhost/127.0.0.1:52649] for POST '/session/8fe5eb9e283224cdfd33dbbc9bbb0b52/timeouts'
10:09:03.063 [AsyncHttpClient-1-6] DEBUG org.asynchttpclient.netty.handler.HttpHandler - 

Request DefaultHttpRequest(decodeResult: success, version: HTTP/1.1)
POST /session/8fe5eb9e283224cdfd33dbbc9bbb0b52/timeouts HTTP/1.1
User-Agent: selenium/4.4.0 (java windows)
Content-Length: 22
Content-Type: application/json; charset=utf-8
host: localhost:52649
accept: */*

Response DefaultHttpResponse(decodeResult: success, version: HTTP/1.1)
HTTP/1.1 200 OK
Content-Type: application/json; charset=utf-8
cache-control: no-cache
content-length: 14

10:09:03.063 [AsyncHttpClient-1-6] DEBUG org.asynchttpclient.netty.channel.ChannelManager - Adding key: http://localhost:52649 for channel [id: 0xa92b6a67, L:/127.0.0.1:61710 - R:localhost/127.0.0.1:52649]
10:09:03.069 [Forwarding getCurrentUrl on session 8fe5eb9e283224cdfd33dbbc9bbb0b52 to remote] DEBUG org.asynchttpclient.netty.request.NettyRequestSender - Using pooled Channel '[id: 0xa92b6a67, L:/127.0.0.1:61710 - R:localhost/127.0.0.1:52649]' for 'GET' to 'http://localhost:52649/session/8fe5eb9e283224cdfd33dbbc9bbb0b52/url'
10:09:03.069 [Forwarding getCurrentUrl on session 8fe5eb9e283224cdfd33dbbc9bbb0b52 to remote] DEBUG org.asynchttpclient.netty.request.NettyRequestSender - Using open Channel [id: 0xa92b6a67, L:/127.0.0.1:61710 - R:localhost/127.0.0.1:52649] for GET '/session/8fe5eb9e283224cdfd33dbbc9bbb0b52/url'
10:09:03.076 [AsyncHttpClient-1-6] DEBUG org.asynchttpclient.netty.handler.HttpHandler - 

Request DefaultFullHttpRequest(decodeResult: success, version: HTTP/1.1, content: EmptyByteBufBE)
GET /session/8fe5eb9e283224cdfd33dbbc9bbb0b52/url HTTP/1.1
User-Agent: selenium/4.4.0 (java windows)
Cache-Control: no-cache
Content-Type: application/json; charset=utf-8
host: localhost:52649
accept: */*

Response DefaultHttpResponse(decodeResult: success, version: HTTP/1.1)
HTTP/1.1 200 OK
Content-Type: application/json; charset=utf-8
cache-control: no-cache
content-length: 38

10:09:03.076 [AsyncHttpClient-1-6] DEBUG org.asynchttpclient.netty.channel.ChannelManager - Adding key: http://localhost:52649 for channel [id: 0xa92b6a67, L:/127.0.0.1:61710 - R:localhost/127.0.0.1:52649]
10:09:03.085 [Forwarding getCurrentUrl on session 8fe5eb9e283224cdfd33dbbc9bbb0b52 to remote] DEBUG org.asynchttpclient.netty.request.NettyRequestSender - Using pooled Channel '[id: 0xa92b6a67, L:/127.0.0.1:61710 - R:localhost/127.0.0.1:52649]' for 'GET' to 'http://localhost:52649/session/8fe5eb9e283224cdfd33dbbc9bbb0b52/url'
10:09:03.085 [Forwarding getCurrentUrl on session 8fe5eb9e283224cdfd33dbbc9bbb0b52 to remote] DEBUG org.asynchttpclient.netty.request.NettyRequestSender - Using open Channel [id: 0xa92b6a67, L:/127.0.0.1:61710 - R:localhost/127.0.0.1:52649] for GET '/session/8fe5eb9e283224cdfd33dbbc9bbb0b52/url'
10:09:03.088 [AsyncHttpClient-1-6] DEBUG org.asynchttpclient.netty.handler.HttpHandler - 

Request DefaultFullHttpRequest(decodeResult: success, version: HTTP/1.1, content: EmptyByteBufBE)
GET /session/8fe5eb9e283224cdfd33dbbc9bbb0b52/url HTTP/1.1
User-Agent: selenium/4.4.0 (java windows)
Cache-Control: no-cache
Content-Type: application/json; charset=utf-8
host: localhost:52649
accept: */*

Response DefaultHttpResponse(decodeResult: success, version: HTTP/1.1)
HTTP/1.1 200 OK
Content-Type: application/json; charset=utf-8
cache-control: no-cache
content-length: 38

10:09:03.088 [AsyncHttpClient-1-6] DEBUG org.asynchttpclient.netty.channel.ChannelManager - Adding key: http://localhost:52649 for channel [id: 0xa92b6a67, L:/127.0.0.1:61710 - R:localhost/127.0.0.1:52649]
10:09:03.100 [Forwarding getCurrentWindowHandle on session 8fe5eb9e283224cdfd33dbbc9bbb0b52 to remote] DEBUG org.asynchttpclient.netty.request.NettyRequestSender - Using pooled Channel '[id: 0xa92b6a67, L:/127.0.0.1:61710 - R:localhost/127.0.0.1:52649]' for 'GET' to 'http://localhost:52649/session/8fe5eb9e283224cdfd33dbbc9bbb0b52/window'
10:09:03.100 [Forwarding getCurrentWindowHandle on session 8fe5eb9e283224cdfd33dbbc9bbb0b52 to remote] DEBUG org.asynchttpclient.netty.request.NettyRequestSender - Using open Channel [id: 0xa92b6a67, L:/127.0.0.1:61710 - R:localhost/127.0.0.1:52649] for GET '/session/8fe5eb9e283224cdfd33dbbc9bbb0b52/window'
10:09:03.101 [AsyncHttpClient-1-6] DEBUG org.asynchttpclient.netty.handler.HttpHandler - 

Request DefaultFullHttpRequest(decodeResult: success, version: HTTP/1.1, content: EmptyByteBufBE)
GET /session/8fe5eb9e283224cdfd33dbbc9bbb0b52/window HTTP/1.1
User-Agent: selenium/4.4.0 (java windows)
Cache-Control: no-cache
Content-Type: application/json; charset=utf-8
host: localhost:52649
accept: */*

Response DefaultHttpResponse(decodeResult: success, version: HTTP/1.1)
HTTP/1.1 200 OK
Content-Type: application/json; charset=utf-8
cache-control: no-cache
content-length: 53

10:09:03.101 [AsyncHttpClient-1-6] DEBUG org.asynchttpclient.netty.channel.ChannelManager - Adding key: http://localhost:52649 for channel [id: 0xa92b6a67, L:/127.0.0.1:61710 - R:localhost/127.0.0.1:52649]
10:09:03.104 [Forwarding getAlertText on session 8fe5eb9e283224cdfd33dbbc9bbb0b52 to remote] DEBUG org.asynchttpclient.netty.request.NettyRequestSender - Using pooled Channel '[id: 0xa92b6a67, L:/127.0.0.1:61710 - R:localhost/127.0.0.1:52649]' for 'GET' to 'http://localhost:52649/session/8fe5eb9e283224cdfd33dbbc9bbb0b52/alert/text'
10:09:03.104 [Forwarding getAlertText on session 8fe5eb9e283224cdfd33dbbc9bbb0b52 to remote] DEBUG org.asynchttpclient.netty.request.NettyRequestSender - Using open Channel [id: 0xa92b6a67, L:/127.0.0.1:61710 - R:localhost/127.0.0.1:52649] for GET '/session/8fe5eb9e283224cdfd33dbbc9bbb0b52/alert/text'
10:09:03.106 [AsyncHttpClient-1-6] DEBUG org.asynchttpclient.netty.handler.HttpHandler - 

Request DefaultFullHttpRequest(decodeResult: success, version: HTTP/1.1, content: EmptyByteBufBE)
GET /session/8fe5eb9e283224cdfd33dbbc9bbb0b52/alert/text HTTP/1.1
User-Agent: selenium/4.4.0 (java windows)
Cache-Control: no-cache
Content-Type: application/json; charset=utf-8
host: localhost:52649
accept: */*

Response DefaultHttpResponse(decodeResult: success, version: HTTP/1.1)
HTTP/1.1 404 Not Found
Content-Type: application/json; charset=utf-8
cache-control: no-cache
content-length: 879

10:09:03.106 [AsyncHttpClient-1-6] DEBUG org.asynchttpclient.netty.channel.ChannelManager - Adding key: http://localhost:52649 for channel [id: 0xa92b6a67, L:/127.0.0.1:61710 - R:localhost/127.0.0.1:52649]
10:09:03.110 [Forwarding switchToWindow on session 8fe5eb9e283224cdfd33dbbc9bbb0b52 to remote] DEBUG org.asynchttpclient.netty.request.NettyRequestSender - Using pooled Channel '[id: 0xa92b6a67, L:/127.0.0.1:61710 - R:localhost/127.0.0.1:52649]' for 'POST' to 'http://localhost:52649/session/8fe5eb9e283224cdfd33dbbc9bbb0b52/window'
10:09:03.110 [Forwarding switchToWindow on session 8fe5eb9e283224cdfd33dbbc9bbb0b52 to remote] DEBUG org.asynchttpclient.netty.request.NettyRequestSender - Using open Channel [id: 0xa92b6a67, L:/127.0.0.1:61710 - R:localhost/127.0.0.1:52649] for POST '/session/8fe5eb9e283224cdfd33dbbc9bbb0b52/window'
10:09:03.114 [AsyncHttpClient-1-6] DEBUG org.asynchttpclient.netty.handler.HttpHandler - 

Request DefaultHttpRequest(decodeResult: success, version: HTTP/1.1)
POST /session/8fe5eb9e283224cdfd33dbbc9bbb0b52/window HTTP/1.1
User-Agent: selenium/4.4.0 (java windows)
Content-Length: 59
Content-Type: application/json; charset=utf-8
host: localhost:52649
accept: */*

Response DefaultHttpResponse(decodeResult: success, version: HTTP/1.1)
HTTP/1.1 200 OK
Content-Type: application/json; charset=utf-8
cache-control: no-cache
content-length: 14

10:09:03.114 [AsyncHttpClient-1-6] DEBUG org.asynchttpclient.netty.channel.ChannelManager - Adding key: http://localhost:52649 for channel [id: 0xa92b6a67, L:/127.0.0.1:61710 - R:localhost/127.0.0.1:52649]
10:09:03.114 [Forwarding getCurrentUrl on session 8fe5eb9e283224cdfd33dbbc9bbb0b52 to remote] DEBUG org.asynchttpclient.netty.request.NettyRequestSender - Using pooled Channel '[id: 0xa92b6a67, L:/127.0.0.1:61710 - R:localhost/127.0.0.1:52649]' for 'GET' to 'http://localhost:52649/session/8fe5eb9e283224cdfd33dbbc9bbb0b52/url'
10:09:03.114 [Forwarding getCurrentUrl on session 8fe5eb9e283224cdfd33dbbc9bbb0b52 to remote] DEBUG org.asynchttpclient.netty.request.NettyRequestSender - Using open Channel [id: 0xa92b6a67, L:/127.0.0.1:61710 - R:localhost/127.0.0.1:52649] for GET '/session/8fe5eb9e283224cdfd33dbbc9bbb0b52/url'
10:09:03.116 [AsyncHttpClient-1-6] DEBUG org.asynchttpclient.netty.handler.HttpHandler - 

Request DefaultFullHttpRequest(decodeResult: success, version: HTTP/1.1, content: EmptyByteBufBE)
GET /session/8fe5eb9e283224cdfd33dbbc9bbb0b52/url HTTP/1.1
User-Agent: selenium/4.4.0 (java windows)
Cache-Control: no-cache
Content-Type: application/json; charset=utf-8
host: localhost:52649
accept: */*

Response DefaultHttpResponse(decodeResult: success, version: HTTP/1.1)
HTTP/1.1 200 OK
Content-Type: application/json; charset=utf-8
cache-control: no-cache
content-length: 38

10:09:03.116 [AsyncHttpClient-1-6] DEBUG org.asynchttpclient.netty.channel.ChannelManager - Adding key: http://localhost:52649 for channel [id: 0xa92b6a67, L:/127.0.0.1:61710 - R:localhost/127.0.0.1:52649]
10:09:03.117 [Forwarding screenshot on session 8fe5eb9e283224cdfd33dbbc9bbb0b52 to remote] DEBUG org.asynchttpclient.netty.request.NettyRequestSender - Using pooled Channel '[id: 0xa92b6a67, L:/127.0.0.1:61710 - R:localhost/127.0.0.1:52649]' for 'GET' to 'http://localhost:52649/session/8fe5eb9e283224cdfd33dbbc9bbb0b52/screenshot'
10:09:03.117 [Forwarding screenshot on session 8fe5eb9e283224cdfd33dbbc9bbb0b52 to remote] DEBUG org.asynchttpclient.netty.request.NettyRequestSender - Using open Channel [id: 0xa92b6a67, L:/127.0.0.1:61710 - R:localhost/127.0.0.1:52649] for GET '/session/8fe5eb9e283224cdfd33dbbc9bbb0b52/screenshot'
10:09:03.209 [AsyncHttpClient-1-6] DEBUG org.asynchttpclient.netty.handler.HttpHandler - 

Request DefaultFullHttpRequest(decodeResult: success, version: HTTP/1.1, content: EmptyByteBufBE)
GET /session/8fe5eb9e283224cdfd33dbbc9bbb0b52/screenshot HTTP/1.1
User-Agent: selenium/4.4.0 (java windows)
Cache-Control: no-cache
Content-Type: application/json; charset=utf-8
host: localhost:52649
accept: */*

Response DefaultHttpResponse(decodeResult: success, version: HTTP/1.1)
HTTP/1.1 200 OK
Content-Type: application/json; charset=utf-8
cache-control: no-cache
content-length: 59108

10:09:03.209 [AsyncHttpClient-1-6] DEBUG org.asynchttpclient.netty.channel.ChannelManager - Adding key: http://localhost:52649 for channel [id: 0xa92b6a67, L:/127.0.0.1:61710 - R:localhost/127.0.0.1:52649]
10:09:03.210 [Test worker] DEBUG net.serenitybdd.core.photography.Darkroom - Send negative for processing for C:\Users\juan.gomezv\IdeaProjects\sura\target\site\serenity\60e3c498caf7a8fcf635471a5092c247627e1395d91e12246eaf1a3e7a34e095.png
10:09:03.211 [Test worker] DEBUG net.thucydides.core.steps.StepInterceptor - STEP DONE: {0} opens the #targetPageName
10:09:03.218 [Test worker] DEBUG net.thucydides.core.steps.StepInterceptor - STEP DONE: {0} abre la aplicaciÃ³n
10:09:03.228 [Forwarding getPageSource on session 8fe5eb9e283224cdfd33dbbc9bbb0b52 to remote] DEBUG org.asynchttpclient.netty.request.NettyRequestSender - Using pooled Channel '[id: 0xa92b6a67, L:/127.0.0.1:61710 - R:localhost/127.0.0.1:52649]' for 'POST' to 'http://localhost:52649/session/8fe5eb9e283224cdfd33dbbc9bbb0b52/execute/sync'
10:09:03.228 [Forwarding getPageSource on session 8fe5eb9e283224cdfd33dbbc9bbb0b52 to remote] DEBUG org.asynchttpclient.netty.request.NettyRequestSender - Using open Channel [id: 0xa92b6a67, L:/127.0.0.1:61710 - R:localhost/127.0.0.1:52649] for POST '/session/8fe5eb9e283224cdfd33dbbc9bbb0b52/execute/sync'
10:09:03.231 [AsyncHttpClient-1-6] DEBUG org.asynchttpclient.netty.handler.HttpHandler - 

Request DefaultHttpRequest(decodeResult: success, version: HTTP/1.1)
POST /session/8fe5eb9e283224cdfd33dbbc9bbb0b52/execute/sync HTTP/1.1
User-Agent: selenium/4.4.0 (java windows)
Content-Length: 176
Content-Type: application/json; charset=utf-8
host: localhost:52649
accept: */*

Response DefaultHttpResponse(decodeResult: success, version: HTTP/1.1)
HTTP/1.1 200 OK
Content-Type: application/json; charset=utf-8
cache-control: no-cache
content-length: 4160

10:09:03.231 [AsyncHttpClient-1-6] DEBUG org.asynchttpclient.netty.channel.ChannelManager - Adding key: http://localhost:52649 for channel [id: 0xa92b6a67, L:/127.0.0.1:61710 - R:localhost/127.0.0.1:52649]
10:09:03.232 [Forwarding getCurrentUrl on session 8fe5eb9e283224cdfd33dbbc9bbb0b52 to remote] DEBUG org.asynchttpclient.netty.request.NettyRequestSender - Using pooled Channel '[id: 0xa92b6a67, L:/127.0.0.1:61710 - R:localhost/127.0.0.1:52649]' for 'GET' to 'http://localhost:52649/session/8fe5eb9e283224cdfd33dbbc9bbb0b52/url'
10:09:03.232 [Forwarding getCurrentUrl on session 8fe5eb9e283224cdfd33dbbc9bbb0b52 to remote] DEBUG org.asynchttpclient.netty.request.NettyRequestSender - Using open Channel [id: 0xa92b6a67, L:/127.0.0.1:61710 - R:localhost/127.0.0.1:52649] for GET '/session/8fe5eb9e283224cdfd33dbbc9bbb0b52/url'
10:09:03.234 [AsyncHttpClient-1-6] DEBUG org.asynchttpclient.netty.handler.HttpHandler - 

Request DefaultFullHttpRequest(decodeResult: success, version: HTTP/1.1, content: EmptyByteBufBE)
GET /session/8fe5eb9e283224cdfd33dbbc9bbb0b52/url HTTP/1.1
User-Agent: selenium/4.4.0 (java windows)
Cache-Control: no-cache
Content-Type: application/json; charset=utf-8
host: localhost:52649
accept: */*

Response DefaultHttpResponse(decodeResult: success, version: HTTP/1.1)
HTTP/1.1 200 OK
Content-Type: application/json; charset=utf-8
cache-control: no-cache
content-length: 38

10:09:03.234 [AsyncHttpClient-1-6] DEBUG org.asynchttpclient.netty.channel.ChannelManager - Adding key: http://localhost:52649 for channel [id: 0xa92b6a67, L:/127.0.0.1:61710 - R:localhost/127.0.0.1:52649]
10:09:03.235 [Test worker] DEBUG net.thucydides.core.steps.StepInterceptor - STARTING STEP: SharedBackgroundSteps.ingresaConUnaCuentaValidaASwaglabs - performAs
10:09:03.246 [Forwarding getPageSource on session 8fe5eb9e283224cdfd33dbbc9bbb0b52 to remote] DEBUG org.asynchttpclient.netty.request.NettyRequestSender - Using pooled Channel '[id: 0xa92b6a67, L:/127.0.0.1:61710 - R:localhost/127.0.0.1:52649]' for 'POST' to 'http://localhost:52649/session/8fe5eb9e283224cdfd33dbbc9bbb0b52/execute/sync'
10:09:03.246 [Forwarding getPageSource on session 8fe5eb9e283224cdfd33dbbc9bbb0b52 to remote] DEBUG org.asynchttpclient.netty.request.NettyRequestSender - Using open Channel [id: 0xa92b6a67, L:/127.0.0.1:61710 - R:localhost/127.0.0.1:52649] for POST '/session/8fe5eb9e283224cdfd33dbbc9bbb0b52/execute/sync'
10:09:03.249 [AsyncHttpClient-1-6] DEBUG org.asynchttpclient.netty.handler.HttpHandler - 

Request DefaultHttpRequest(decodeResult: success, version: HTTP/1.1)
POST /session/8fe5eb9e283224cdfd33dbbc9bbb0b52/execute/sync HTTP/1.1
User-Agent: selenium/4.4.0 (java windows)
Content-Length: 176
Content-Type: application/json; charset=utf-8
host: localhost:52649
accept: */*

Response DefaultHttpResponse(decodeResult: success, version: HTTP/1.1)
HTTP/1.1 200 OK
Content-Type: application/json; charset=utf-8
cache-control: no-cache
content-length: 4160

10:09:03.249 [AsyncHttpClient-1-6] DEBUG org.asynchttpclient.netty.channel.ChannelManager - Adding key: http://localhost:52649 for channel [id: 0xa92b6a67, L:/127.0.0.1:61710 - R:localhost/127.0.0.1:52649]
10:09:03.250 [Forwarding getCurrentUrl on session 8fe5eb9e283224cdfd33dbbc9bbb0b52 to remote] DEBUG org.asynchttpclient.netty.request.NettyRequestSender - Using pooled Channel '[id: 0xa92b6a67, L:/127.0.0.1:61710 - R:localhost/127.0.0.1:52649]' for 'GET' to 'http://localhost:52649/session/8fe5eb9e283224cdfd33dbbc9bbb0b52/url'
10:09:03.250 [Forwarding getCurrentUrl on session 8fe5eb9e283224cdfd33dbbc9bbb0b52 to remote] DEBUG org.asynchttpclient.netty.request.NettyRequestSender - Using open Channel [id: 0xa92b6a67, L:/127.0.0.1:61710 - R:localhost/127.0.0.1:52649] for GET '/session/8fe5eb9e283224cdfd33dbbc9bbb0b52/url'
10:09:03.252 [AsyncHttpClient-1-6] DEBUG org.asynchttpclient.netty.handler.HttpHandler - 

Request DefaultFullHttpRequest(decodeResult: success, version: HTTP/1.1, content: EmptyByteBufBE)
GET /session/8fe5eb9e283224cdfd33dbbc9bbb0b52/url HTTP/1.1
User-Agent: selenium/4.4.0 (java windows)
Cache-Control: no-cache
Content-Type: application/json; charset=utf-8
host: localhost:52649
accept: */*

Response DefaultHttpResponse(decodeResult: success, version: HTTP/1.1)
HTTP/1.1 200 OK
Content-Type: application/json; charset=utf-8
cache-control: no-cache
content-length: 38

10:09:03.252 [AsyncHttpClient-1-6] DEBUG org.asynchttpclient.netty.channel.ChannelManager - Adding key: http://localhost:52649 for channel [id: 0xa92b6a67, L:/127.0.0.1:61710 - R:localhost/127.0.0.1:52649]
10:09:03.253 [Test worker] DEBUG net.thucydides.core.steps.StepInterceptor - STARTING STEP: LogIn.performAs - {0} enters #theTextAsAString into #target
10:09:03.258 [Test worker] DEBUG net.serenitybdd.screenplay.targets.IFrameSwitcher - default content already selected for UsernameTextBox
10:09:03.270 [Forwarding findElement on session 8fe5eb9e283224cdfd33dbbc9bbb0b52 to remote] DEBUG org.asynchttpclient.netty.request.NettyRequestSender - Using pooled Channel '[id: 0xa92b6a67, L:/127.0.0.1:61710 - R:localhost/127.0.0.1:52649]' for 'POST' to 'http://localhost:52649/session/8fe5eb9e283224cdfd33dbbc9bbb0b52/element'
10:09:03.270 [Forwarding findElement on session 8fe5eb9e283224cdfd33dbbc9bbb0b52 to remote] DEBUG org.asynchttpclient.netty.request.NettyRequestSender - Using open Channel [id: 0xa92b6a67, L:/127.0.0.1:61710 - R:localhost/127.0.0.1:52649] for POST '/session/8fe5eb9e283224cdfd33dbbc9bbb0b52/element'
10:09:03.279 [AsyncHttpClient-1-6] DEBUG org.asynchttpclient.netty.handler.HttpHandler - 

Request DefaultHttpRequest(decodeResult: success, version: HTTP/1.1)
POST /session/8fe5eb9e283224cdfd33dbbc9bbb0b52/element HTTP/1.1
User-Agent: selenium/4.4.0 (java windows)
Content-Length: 67
Content-Type: application/json; charset=utf-8
host: localhost:52649
accept: */*

Response DefaultHttpResponse(decodeResult: success, version: HTTP/1.1)
HTTP/1.1 200 OK
Content-Type: application/json; charset=utf-8
cache-control: no-cache
content-length: 88

10:09:03.279 [AsyncHttpClient-1-6] DEBUG org.asynchttpclient.netty.channel.ChannelManager - Adding key: http://localhost:52649 for channel [id: 0xa92b6a67, L:/127.0.0.1:61710 - R:localhost/127.0.0.1:52649]
10:09:03.280 [Forwarding clearElement on session 8fe5eb9e283224cdfd33dbbc9bbb0b52 to remote] DEBUG org.asynchttpclient.netty.request.NettyRequestSender - Using pooled Channel '[id: 0xa92b6a67, L:/127.0.0.1:61710 - R:localhost/127.0.0.1:52649]' for 'POST' to 'http://localhost:52649/session/8fe5eb9e283224cdfd33dbbc9bbb0b52/element/9745d23d-efbd-451f-b1a5-076bfa039120/clear'
10:09:03.280 [Forwarding clearElement on session 8fe5eb9e283224cdfd33dbbc9bbb0b52 to remote] DEBUG org.asynchttpclient.netty.request.NettyRequestSender - Using open Channel [id: 0xa92b6a67, L:/127.0.0.1:61710 - R:localhost/127.0.0.1:52649] for POST '/session/8fe5eb9e283224cdfd33dbbc9bbb0b52/element/9745d23d-efbd-451f-b1a5-076bfa039120/clear'
10:09:03.300 [AsyncHttpClient-1-6] DEBUG org.asynchttpclient.netty.handler.HttpHandler - 

Request DefaultHttpRequest(decodeResult: success, version: HTTP/1.1)
POST /session/8fe5eb9e283224cdfd33dbbc9bbb0b52/element/9745d23d-efbd-451f-b1a5-076bfa039120/clear HTTP/1.1
User-Agent: selenium/4.4.0 (java windows)
Content-Length: 50
Content-Type: application/json; charset=utf-8
host: localhost:52649
accept: */*

Response DefaultHttpResponse(decodeResult: success, version: HTTP/1.1)
HTTP/1.1 200 OK
Content-Type: application/json; charset=utf-8
cache-control: no-cache
content-length: 14

10:09:03.301 [AsyncHttpClient-1-6] DEBUG org.asynchttpclient.netty.channel.ChannelManager - Adding key: http://localhost:52649 for channel [id: 0xa92b6a67, L:/127.0.0.1:61710 - R:localhost/127.0.0.1:52649]
10:09:03.304 [Forwarding sendKeysToElement on session 8fe5eb9e283224cdfd33dbbc9bbb0b52 to remote] DEBUG org.asynchttpclient.netty.request.NettyRequestSender - Using pooled Channel '[id: 0xa92b6a67, L:/127.0.0.1:61710 - R:localhost/127.0.0.1:52649]' for 'POST' to 'http://localhost:52649/session/8fe5eb9e283224cdfd33dbbc9bbb0b52/element/9745d23d-efbd-451f-b1a5-076bfa039120/value'
10:09:03.304 [Forwarding sendKeysToElement on session 8fe5eb9e283224cdfd33dbbc9bbb0b52 to remote] DEBUG org.asynchttpclient.netty.request.NettyRequestSender - Using open Channel [id: 0xa92b6a67, L:/127.0.0.1:61710 - R:localhost/127.0.0.1:52649] for POST '/session/8fe5eb9e283224cdfd33dbbc9bbb0b52/element/9745d23d-efbd-451f-b1a5-076bfa039120/value'
10:09:03.360 [AsyncHttpClient-1-6] DEBUG org.asynchttpclient.netty.handler.HttpHandler - 

Request DefaultHttpRequest(decodeResult: success, version: HTTP/1.1)
POST /session/8fe5eb9e283224cdfd33dbbc9bbb0b52/element/9745d23d-efbd-451f-b1a5-076bfa039120/value HTTP/1.1
User-Agent: selenium/4.4.0 (java windows)
Content-Length: 211
Content-Type: application/json; charset=utf-8
host: localhost:52649
accept: */*

Response DefaultHttpResponse(decodeResult: success, version: HTTP/1.1)
HTTP/1.1 200 OK
Content-Type: application/json; charset=utf-8
cache-control: no-cache
content-length: 14

10:09:03.361 [AsyncHttpClient-1-6] DEBUG org.asynchttpclient.netty.channel.ChannelManager - Adding key: http://localhost:52649 for channel [id: 0xa92b6a67, L:/127.0.0.1:61710 - R:localhost/127.0.0.1:52649]
10:09:03.379 [Forwarding getCurrentWindowHandle on session 8fe5eb9e283224cdfd33dbbc9bbb0b52 to remote] DEBUG org.asynchttpclient.netty.request.NettyRequestSender - Using pooled Channel '[id: 0xa92b6a67, L:/127.0.0.1:61710 - R:localhost/127.0.0.1:52649]' for 'GET' to 'http://localhost:52649/session/8fe5eb9e283224cdfd33dbbc9bbb0b52/window'
10:09:03.379 [Forwarding getCurrentWindowHandle on session 8fe5eb9e283224cdfd33dbbc9bbb0b52 to remote] DEBUG org.asynchttpclient.netty.request.NettyRequestSender - Using open Channel [id: 0xa92b6a67, L:/127.0.0.1:61710 - R:localhost/127.0.0.1:52649] for GET '/session/8fe5eb9e283224cdfd33dbbc9bbb0b52/window'
10:09:03.380 [AsyncHttpClient-1-6] DEBUG org.asynchttpclient.netty.handler.HttpHandler - 

Request DefaultFullHttpRequest(decodeResult: success, version: HTTP/1.1, content: EmptyByteBufBE)
GET /session/8fe5eb9e283224cdfd33dbbc9bbb0b52/window HTTP/1.1
User-Agent: selenium/4.4.0 (java windows)
Cache-Control: no-cache
Content-Type: application/json; charset=utf-8
host: localhost:52649
accept: */*

Response DefaultHttpResponse(decodeResult: success, version: HTTP/1.1)
HTTP/1.1 200 OK
Content-Type: application/json; charset=utf-8
cache-control: no-cache
content-length: 53

10:09:03.380 [AsyncHttpClient-1-6] DEBUG org.asynchttpclient.netty.channel.ChannelManager - Adding key: http://localhost:52649 for channel [id: 0xa92b6a67, L:/127.0.0.1:61710 - R:localhost/127.0.0.1:52649]
10:09:03.383 [Forwarding getAlertText on session 8fe5eb9e283224cdfd33dbbc9bbb0b52 to remote] DEBUG org.asynchttpclient.netty.request.NettyRequestSender - Using pooled Channel '[id: 0xa92b6a67, L:/127.0.0.1:61710 - R:localhost/127.0.0.1:52649]' for 'GET' to 'http://localhost:52649/session/8fe5eb9e283224cdfd33dbbc9bbb0b52/alert/text'
10:09:03.383 [Forwarding getAlertText on session 8fe5eb9e283224cdfd33dbbc9bbb0b52 to remote] DEBUG org.asynchttpclient.netty.request.NettyRequestSender - Using open Channel [id: 0xa92b6a67, L:/127.0.0.1:61710 - R:localhost/127.0.0.1:52649] for GET '/session/8fe5eb9e283224cdfd33dbbc9bbb0b52/alert/text'
10:09:03.384 [AsyncHttpClient-1-6] DEBUG org.asynchttpclient.netty.handler.HttpHandler - 

Request DefaultFullHttpRequest(decodeResult: success, version: HTTP/1.1, content: EmptyByteBufBE)
GET /session/8fe5eb9e283224cdfd33dbbc9bbb0b52/alert/text HTTP/1.1
User-Agent: selenium/4.4.0 (java windows)
Cache-Control: no-cache
Content-Type: application/json; charset=utf-8
host: localhost:52649
accept: */*

Response DefaultHttpResponse(decodeResult: success, version: HTTP/1.1)
HTTP/1.1 404 Not Found
Content-Type: application/json; charset=utf-8
cache-control: no-cache
content-length: 879

10:09:03.384 [AsyncHttpClient-1-6] DEBUG org.asynchttpclient.netty.channel.ChannelManager - Adding key: http://localhost:52649 for channel [id: 0xa92b6a67, L:/127.0.0.1:61710 - R:localhost/127.0.0.1:52649]
10:09:03.388 [Forwarding switchToWindow on session 8fe5eb9e283224cdfd33dbbc9bbb0b52 to remote] DEBUG org.asynchttpclient.netty.request.NettyRequestSender - Using pooled Channel '[id: 0xa92b6a67, L:/127.0.0.1:61710 - R:localhost/127.0.0.1:52649]' for 'POST' to 'http://localhost:52649/session/8fe5eb9e283224cdfd33dbbc9bbb0b52/window'
10:09:03.388 [Forwarding switchToWindow on session 8fe5eb9e283224cdfd33dbbc9bbb0b52 to remote] DEBUG org.asynchttpclient.netty.request.NettyRequestSender - Using open Channel [id: 0xa92b6a67, L:/127.0.0.1:61710 - R:localhost/127.0.0.1:52649] for POST '/session/8fe5eb9e283224cdfd33dbbc9bbb0b52/window'
10:09:03.390 [AsyncHttpClient-1-6] DEBUG org.asynchttpclient.netty.handler.HttpHandler - 

Request DefaultHttpRequest(decodeResult: success, version: HTTP/1.1)
POST /session/8fe5eb9e283224cdfd33dbbc9bbb0b52/window HTTP/1.1
User-Agent: selenium/4.4.0 (java windows)
Content-Length: 59
Content-Type: application/json; charset=utf-8
host: localhost:52649
accept: */*

Response DefaultHttpResponse(decodeResult: success, version: HTTP/1.1)
HTTP/1.1 200 OK
Content-Type: application/json; charset=utf-8
cache-control: no-cache
content-length: 14

10:09:03.390 [AsyncHttpClient-1-6] DEBUG org.asynchttpclient.netty.channel.ChannelManager - Adding key: http://localhost:52649 for channel [id: 0xa92b6a67, L:/127.0.0.1:61710 - R:localhost/127.0.0.1:52649]
10:09:03.390 [Forwarding getCurrentUrl on session 8fe5eb9e283224cdfd33dbbc9bbb0b52 to remote] DEBUG org.asynchttpclient.netty.request.NettyRequestSender - Using pooled Channel '[id: 0xa92b6a67, L:/127.0.0.1:61710 - R:localhost/127.0.0.1:52649]' for 'GET' to 'http://localhost:52649/session/8fe5eb9e283224cdfd33dbbc9bbb0b52/url'
10:09:03.390 [Forwarding getCurrentUrl on session 8fe5eb9e283224cdfd33dbbc9bbb0b52 to remote] DEBUG org.asynchttpclient.netty.request.NettyRequestSender - Using open Channel [id: 0xa92b6a67, L:/127.0.0.1:61710 - R:localhost/127.0.0.1:52649] for GET '/session/8fe5eb9e283224cdfd33dbbc9bbb0b52/url'
10:09:03.392 [AsyncHttpClient-1-6] DEBUG org.asynchttpclient.netty.handler.HttpHandler - 

Request DefaultFullHttpRequest(decodeResult: success, version: HTTP/1.1, content: EmptyByteBufBE)
GET /session/8fe5eb9e283224cdfd33dbbc9bbb0b52/url HTTP/1.1
User-Agent: selenium/4.4.0 (java windows)
Cache-Control: no-cache
Content-Type: application/json; charset=utf-8
host: localhost:52649
accept: */*

Response DefaultHttpResponse(decodeResult: success, version: HTTP/1.1)
HTTP/1.1 200 OK
Content-Type: application/json; charset=utf-8
cache-control: no-cache
content-length: 38

10:09:03.392 [AsyncHttpClient-1-6] DEBUG org.asynchttpclient.netty.channel.ChannelManager - Adding key: http://localhost:52649 for channel [id: 0xa92b6a67, L:/127.0.0.1:61710 - R:localhost/127.0.0.1:52649]
10:09:03.393 [Forwarding screenshot on session 8fe5eb9e283224cdfd33dbbc9bbb0b52 to remote] DEBUG org.asynchttpclient.netty.request.NettyRequestSender - Using pooled Channel '[id: 0xa92b6a67, L:/127.0.0.1:61710 - R:localhost/127.0.0.1:52649]' for 'GET' to 'http://localhost:52649/session/8fe5eb9e283224cdfd33dbbc9bbb0b52/screenshot'
10:09:03.393 [Forwarding screenshot on session 8fe5eb9e283224cdfd33dbbc9bbb0b52 to remote] DEBUG org.asynchttpclient.netty.request.NettyRequestSender - Using open Channel [id: 0xa92b6a67, L:/127.0.0.1:61710 - R:localhost/127.0.0.1:52649] for GET '/session/8fe5eb9e283224cdfd33dbbc9bbb0b52/screenshot'
10:09:03.476 [AsyncHttpClient-1-6] DEBUG org.asynchttpclient.netty.handler.HttpHandler - 

Request DefaultFullHttpRequest(decodeResult: success, version: HTTP/1.1, content: EmptyByteBufBE)
GET /session/8fe5eb9e283224cdfd33dbbc9bbb0b52/screenshot HTTP/1.1
User-Agent: selenium/4.4.0 (java windows)
Cache-Control: no-cache
Content-Type: application/json; charset=utf-8
host: localhost:52649
accept: */*

Response DefaultHttpResponse(decodeResult: success, version: HTTP/1.1)
HTTP/1.1 200 OK
Content-Type: application/json; charset=utf-8
cache-control: no-cache
content-length: 59812

10:09:03.477 [AsyncHttpClient-1-6] DEBUG org.asynchttpclient.netty.channel.ChannelManager - Adding key: http://localhost:52649 for channel [id: 0xa92b6a67, L:/127.0.0.1:61710 - R:localhost/127.0.0.1:52649]
10:09:03.478 [Test worker] DEBUG net.serenitybdd.core.photography.Darkroom - Send negative for processing for C:\Users\juan.gomezv\IdeaProjects\sura\target\site\serenity\cb904724c11cb1c402bbd44fd4c83dd8993b3b1bfb579cc518ee5232028dbf9b.png
10:09:03.478 [Test worker] DEBUG net.thucydides.core.steps.StepInterceptor - STEP DONE: {0} enters #theTextAsAString into #target
10:09:03.488 [Forwarding getPageSource on session 8fe5eb9e283224cdfd33dbbc9bbb0b52 to remote] DEBUG org.asynchttpclient.netty.request.NettyRequestSender - Using pooled Channel '[id: 0xa92b6a67, L:/127.0.0.1:61710 - R:localhost/127.0.0.1:52649]' for 'POST' to 'http://localhost:52649/session/8fe5eb9e283224cdfd33dbbc9bbb0b52/execute/sync'
10:09:03.488 [Forwarding getPageSource on session 8fe5eb9e283224cdfd33dbbc9bbb0b52 to remote] DEBUG org.asynchttpclient.netty.request.NettyRequestSender - Using open Channel [id: 0xa92b6a67, L:/127.0.0.1:61710 - R:localhost/127.0.0.1:52649] for POST '/session/8fe5eb9e283224cdfd33dbbc9bbb0b52/execute/sync'
10:09:03.492 [AsyncHttpClient-1-6] DEBUG org.asynchttpclient.netty.handler.HttpHandler - 

Request DefaultHttpRequest(decodeResult: success, version: HTTP/1.1)
POST /session/8fe5eb9e283224cdfd33dbbc9bbb0b52/execute/sync HTTP/1.1
User-Agent: selenium/4.4.0 (java windows)
Content-Length: 176
Content-Type: application/json; charset=utf-8
host: localhost:52649
accept: */*

Response DefaultHttpResponse(decodeResult: success, version: HTTP/1.1)
HTTP/1.1 200 OK
Content-Type: application/json; charset=utf-8
cache-control: no-cache
content-length: 4173

10:09:03.492 [AsyncHttpClient-1-6] DEBUG org.asynchttpclient.netty.channel.ChannelManager - Adding key: http://localhost:52649 for channel [id: 0xa92b6a67, L:/127.0.0.1:61710 - R:localhost/127.0.0.1:52649]
10:09:03.493 [Forwarding getCurrentUrl on session 8fe5eb9e283224cdfd33dbbc9bbb0b52 to remote] DEBUG org.asynchttpclient.netty.request.NettyRequestSender - Using pooled Channel '[id: 0xa92b6a67, L:/127.0.0.1:61710 - R:localhost/127.0.0.1:52649]' for 'GET' to 'http://localhost:52649/session/8fe5eb9e283224cdfd33dbbc9bbb0b52/url'
10:09:03.493 [Forwarding getCurrentUrl on session 8fe5eb9e283224cdfd33dbbc9bbb0b52 to remote] DEBUG org.asynchttpclient.netty.request.NettyRequestSender - Using open Channel [id: 0xa92b6a67, L:/127.0.0.1:61710 - R:localhost/127.0.0.1:52649] for GET '/session/8fe5eb9e283224cdfd33dbbc9bbb0b52/url'
10:09:03.495 [AsyncHttpClient-1-6] DEBUG org.asynchttpclient.netty.handler.HttpHandler - 

Request DefaultFullHttpRequest(decodeResult: success, version: HTTP/1.1, content: EmptyByteBufBE)
GET /session/8fe5eb9e283224cdfd33dbbc9bbb0b52/url HTTP/1.1
User-Agent: selenium/4.4.0 (java windows)
Cache-Control: no-cache
Content-Type: application/json; charset=utf-8
host: localhost:52649
accept: */*

Response DefaultHttpResponse(decodeResult: success, version: HTTP/1.1)
HTTP/1.1 200 OK
Content-Type: application/json; charset=utf-8
cache-control: no-cache
content-length: 38

10:09:03.495 [AsyncHttpClient-1-6] DEBUG org.asynchttpclient.netty.channel.ChannelManager - Adding key: http://localhost:52649 for channel [id: 0xa92b6a67, L:/127.0.0.1:61710 - R:localhost/127.0.0.1:52649]
10:09:03.497 [Test worker] DEBUG net.thucydides.core.steps.StepInterceptor - STARTING STEP: LogIn.performAs - {0} enters #theTextAsAString into #target
10:09:03.501 [Test worker] DEBUG net.serenitybdd.screenplay.targets.IFrameSwitcher - default content already selected for PasswordTextBox
10:09:03.513 [Forwarding findElement on session 8fe5eb9e283224cdfd33dbbc9bbb0b52 to remote] DEBUG org.asynchttpclient.netty.request.NettyRequestSender - Using pooled Channel '[id: 0xa92b6a67, L:/127.0.0.1:61710 - R:localhost/127.0.0.1:52649]' for 'POST' to 'http://localhost:52649/session/8fe5eb9e283224cdfd33dbbc9bbb0b52/element'
10:09:03.513 [Forwarding findElement on session 8fe5eb9e283224cdfd33dbbc9bbb0b52 to remote] DEBUG org.asynchttpclient.netty.request.NettyRequestSender - Using open Channel [id: 0xa92b6a67, L:/127.0.0.1:61710 - R:localhost/127.0.0.1:52649] for POST '/session/8fe5eb9e283224cdfd33dbbc9bbb0b52/element'
10:09:03.524 [AsyncHttpClient-1-6] DEBUG org.asynchttpclient.netty.handler.HttpHandler - 

Request DefaultHttpRequest(decodeResult: success, version: HTTP/1.1)
POST /session/8fe5eb9e283224cdfd33dbbc9bbb0b52/element HTTP/1.1
User-Agent: selenium/4.4.0 (java windows)
Content-Length: 66
Content-Type: application/json; charset=utf-8
host: localhost:52649
accept: */*

Response DefaultHttpResponse(decodeResult: success, version: HTTP/1.1)
HTTP/1.1 200 OK
Content-Type: application/json; charset=utf-8
cache-control: no-cache
content-length: 88

10:09:03.524 [AsyncHttpClient-1-6] DEBUG org.asynchttpclient.netty.channel.ChannelManager - Adding key: http://localhost:52649 for channel [id: 0xa92b6a67, L:/127.0.0.1:61710 - R:localhost/127.0.0.1:52649]
10:09:03.525 [Forwarding clearElement on session 8fe5eb9e283224cdfd33dbbc9bbb0b52 to remote] DEBUG org.asynchttpclient.netty.request.NettyRequestSender - Using pooled Channel '[id: 0xa92b6a67, L:/127.0.0.1:61710 - R:localhost/127.0.0.1:52649]' for 'POST' to 'http://localhost:52649/session/8fe5eb9e283224cdfd33dbbc9bbb0b52/element/5f30b871-1a2b-4fce-b8f7-d88c960bbef0/clear'
10:09:03.525 [Forwarding clearElement on session 8fe5eb9e283224cdfd33dbbc9bbb0b52 to remote] DEBUG org.asynchttpclient.netty.request.NettyRequestSender - Using open Channel [id: 0xa92b6a67, L:/127.0.0.1:61710 - R:localhost/127.0.0.1:52649] for POST '/session/8fe5eb9e283224cdfd33dbbc9bbb0b52/element/5f30b871-1a2b-4fce-b8f7-d88c960bbef0/clear'
10:09:03.548 [AsyncHttpClient-1-6] DEBUG org.asynchttpclient.netty.handler.HttpHandler - 

Request DefaultHttpRequest(decodeResult: success, version: HTTP/1.1)
POST /session/8fe5eb9e283224cdfd33dbbc9bbb0b52/element/5f30b871-1a2b-4fce-b8f7-d88c960bbef0/clear HTTP/1.1
User-Agent: selenium/4.4.0 (java windows)
Content-Length: 50
Content-Type: application/json; charset=utf-8
host: localhost:52649
accept: */*

Response DefaultHttpResponse(decodeResult: success, version: HTTP/1.1)
HTTP/1.1 200 OK
Content-Type: application/json; charset=utf-8
cache-control: no-cache
content-length: 14

10:09:03.549 [AsyncHttpClient-1-6] DEBUG org.asynchttpclient.netty.channel.ChannelManager - Adding key: http://localhost:52649 for channel [id: 0xa92b6a67, L:/127.0.0.1:61710 - R:localhost/127.0.0.1:52649]
10:09:03.553 [Forwarding sendKeysToElement on session 8fe5eb9e283224cdfd33dbbc9bbb0b52 to remote] DEBUG org.asynchttpclient.netty.request.NettyRequestSender - Using pooled Channel '[id: 0xa92b6a67, L:/127.0.0.1:61710 - R:localhost/127.0.0.1:52649]' for 'POST' to 'http://localhost:52649/session/8fe5eb9e283224cdfd33dbbc9bbb0b52/element/5f30b871-1a2b-4fce-b8f7-d88c960bbef0/value'
10:09:03.553 [Forwarding sendKeysToElement on session 8fe5eb9e283224cdfd33dbbc9bbb0b52 to remote] DEBUG org.asynchttpclient.netty.request.NettyRequestSender - Using open Channel [id: 0xa92b6a67, L:/127.0.0.1:61710 - R:localhost/127.0.0.1:52649] for POST '/session/8fe5eb9e283224cdfd33dbbc9bbb0b52/element/5f30b871-1a2b-4fce-b8f7-d88c960bbef0/value'
10:09:03.596 [AsyncHttpClient-1-6] DEBUG org.asynchttpclient.netty.handler.HttpHandler - 

Request DefaultHttpRequest(decodeResult: success, version: HTTP/1.1)
POST /session/8fe5eb9e283224cdfd33dbbc9bbb0b52/element/5f30b871-1a2b-4fce-b8f7-d88c960bbef0/value HTTP/1.1
User-Agent: selenium/4.4.0 (java windows)
Content-Length: 201
Content-Type: application/json; charset=utf-8
host: localhost:52649
accept: */*

Response DefaultHttpResponse(decodeResult: success, version: HTTP/1.1)
HTTP/1.1 200 OK
Content-Type: application/json; charset=utf-8
cache-control: no-cache
content-length: 14

10:09:03.596 [AsyncHttpClient-1-6] DEBUG org.asynchttpclient.netty.channel.ChannelManager - Adding key: http://localhost:52649 for channel [id: 0xa92b6a67, L:/127.0.0.1:61710 - R:localhost/127.0.0.1:52649]
10:09:03.610 [Forwarding getCurrentWindowHandle on session 8fe5eb9e283224cdfd33dbbc9bbb0b52 to remote] DEBUG org.asynchttpclient.netty.request.NettyRequestSender - Using pooled Channel '[id: 0xa92b6a67, L:/127.0.0.1:61710 - R:localhost/127.0.0.1:52649]' for 'GET' to 'http://localhost:52649/session/8fe5eb9e283224cdfd33dbbc9bbb0b52/window'
10:09:03.610 [Forwarding getCurrentWindowHandle on session 8fe5eb9e283224cdfd33dbbc9bbb0b52 to remote] DEBUG org.asynchttpclient.netty.request.NettyRequestSender - Using open Channel [id: 0xa92b6a67, L:/127.0.0.1:61710 - R:localhost/127.0.0.1:52649] for GET '/session/8fe5eb9e283224cdfd33dbbc9bbb0b52/window'
10:09:03.611 [AsyncHttpClient-1-6] DEBUG org.asynchttpclient.netty.handler.HttpHandler - 

Request DefaultFullHttpRequest(decodeResult: success, version: HTTP/1.1, content: EmptyByteBufBE)
GET /session/8fe5eb9e283224cdfd33dbbc9bbb0b52/window HTTP/1.1
User-Agent: selenium/4.4.0 (java windows)
Cache-Control: no-cache
Content-Type: application/json; charset=utf-8
host: localhost:52649
accept: */*

Response DefaultHttpResponse(decodeResult: success, version: HTTP/1.1)
HTTP/1.1 200 OK
Content-Type: application/json; charset=utf-8
cache-control: no-cache
content-length: 53

10:09:03.611 [AsyncHttpClient-1-6] DEBUG org.asynchttpclient.netty.channel.ChannelManager - Adding key: http://localhost:52649 for channel [id: 0xa92b6a67, L:/127.0.0.1:61710 - R:localhost/127.0.0.1:52649]
10:09:03.614 [Forwarding getAlertText on session 8fe5eb9e283224cdfd33dbbc9bbb0b52 to remote] DEBUG org.asynchttpclient.netty.request.NettyRequestSender - Using pooled Channel '[id: 0xa92b6a67, L:/127.0.0.1:61710 - R:localhost/127.0.0.1:52649]' for 'GET' to 'http://localhost:52649/session/8fe5eb9e283224cdfd33dbbc9bbb0b52/alert/text'
10:09:03.614 [Forwarding getAlertText on session 8fe5eb9e283224cdfd33dbbc9bbb0b52 to remote] DEBUG org.asynchttpclient.netty.request.NettyRequestSender - Using open Channel [id: 0xa92b6a67, L:/127.0.0.1:61710 - R:localhost/127.0.0.1:52649] for GET '/session/8fe5eb9e283224cdfd33dbbc9bbb0b52/alert/text'
10:09:03.616 [AsyncHttpClient-1-6] DEBUG org.asynchttpclient.netty.handler.HttpHandler - 

Request DefaultFullHttpRequest(decodeResult: success, version: HTTP/1.1, content: EmptyByteBufBE)
GET /session/8fe5eb9e283224cdfd33dbbc9bbb0b52/alert/text HTTP/1.1
User-Agent: selenium/4.4.0 (java windows)
Cache-Control: no-cache
Content-Type: application/json; charset=utf-8
host: localhost:52649
accept: */*

Response DefaultHttpResponse(decodeResult: success, version: HTTP/1.1)
HTTP/1.1 404 Not Found
Content-Type: application/json; charset=utf-8
cache-control: no-cache
content-length: 879

10:09:03.616 [AsyncHttpClient-1-6] DEBUG org.asynchttpclient.netty.channel.ChannelManager - Adding key: http://localhost:52649 for channel [id: 0xa92b6a67, L:/127.0.0.1:61710 - R:localhost/127.0.0.1:52649]
10:09:03.619 [Forwarding switchToWindow on session 8fe5eb9e283224cdfd33dbbc9bbb0b52 to remote] DEBUG org.asynchttpclient.netty.request.NettyRequestSender - Using pooled Channel '[id: 0xa92b6a67, L:/127.0.0.1:61710 - R:localhost/127.0.0.1:52649]' for 'POST' to 'http://localhost:52649/session/8fe5eb9e283224cdfd33dbbc9bbb0b52/window'
10:09:03.619 [Forwarding switchToWindow on session 8fe5eb9e283224cdfd33dbbc9bbb0b52 to remote] DEBUG org.asynchttpclient.netty.request.NettyRequestSender - Using open Channel [id: 0xa92b6a67, L:/127.0.0.1:61710 - R:localhost/127.0.0.1:52649] for POST '/session/8fe5eb9e283224cdfd33dbbc9bbb0b52/window'
10:09:03.621 [AsyncHttpClient-1-6] DEBUG org.asynchttpclient.netty.handler.HttpHandler - 

Request DefaultHttpRequest(decodeResult: success, version: HTTP/1.1)
POST /session/8fe5eb9e283224cdfd33dbbc9bbb0b52/window HTTP/1.1
User-Agent: selenium/4.4.0 (java windows)
Content-Length: 59
Content-Type: application/json; charset=utf-8
host: localhost:52649
accept: */*

Response DefaultHttpResponse(decodeResult: success, version: HTTP/1.1)
HTTP/1.1 200 OK
Content-Type: application/json; charset=utf-8
cache-control: no-cache
content-length: 14

10:09:03.622 [AsyncHttpClient-1-6] DEBUG org.asynchttpclient.netty.channel.ChannelManager - Adding key: http://localhost:52649 for channel [id: 0xa92b6a67, L:/127.0.0.1:61710 - R:localhost/127.0.0.1:52649]
10:09:03.622 [Forwarding getCurrentUrl on session 8fe5eb9e283224cdfd33dbbc9bbb0b52 to remote] DEBUG org.asynchttpclient.netty.request.NettyRequestSender - Using pooled Channel '[id: 0xa92b6a67, L:/127.0.0.1:61710 - R:localhost/127.0.0.1:52649]' for 'GET' to 'http://localhost:52649/session/8fe5eb9e283224cdfd33dbbc9bbb0b52/url'
10:09:03.622 [Forwarding getCurrentUrl on session 8fe5eb9e283224cdfd33dbbc9bbb0b52 to remote] DEBUG org.asynchttpclient.netty.request.NettyRequestSender - Using open Channel [id: 0xa92b6a67, L:/127.0.0.1:61710 - R:localhost/127.0.0.1:52649] for GET '/session/8fe5eb9e283224cdfd33dbbc9bbb0b52/url'
10:09:03.625 [AsyncHttpClient-1-6] DEBUG org.asynchttpclient.netty.handler.HttpHandler - 

Request DefaultFullHttpRequest(decodeResult: success, version: HTTP/1.1, content: EmptyByteBufBE)
GET /session/8fe5eb9e283224cdfd33dbbc9bbb0b52/url HTTP/1.1
User-Agent: selenium/4.4.0 (java windows)
Cache-Control: no-cache
Content-Type: application/json; charset=utf-8
host: localhost:52649
accept: */*

Response DefaultHttpResponse(decodeResult: success, version: HTTP/1.1)
HTTP/1.1 200 OK
Content-Type: application/json; charset=utf-8
cache-control: no-cache
content-length: 38

10:09:03.625 [AsyncHttpClient-1-6] DEBUG org.asynchttpclient.netty.channel.ChannelManager - Adding key: http://localhost:52649 for channel [id: 0xa92b6a67, L:/127.0.0.1:61710 - R:localhost/127.0.0.1:52649]
10:09:03.626 [Forwarding screenshot on session 8fe5eb9e283224cdfd33dbbc9bbb0b52 to remote] DEBUG org.asynchttpclient.netty.request.NettyRequestSender - Using pooled Channel '[id: 0xa92b6a67, L:/127.0.0.1:61710 - R:localhost/127.0.0.1:52649]' for 'GET' to 'http://localhost:52649/session/8fe5eb9e283224cdfd33dbbc9bbb0b52/screenshot'
10:09:03.626 [Forwarding screenshot on session 8fe5eb9e283224cdfd33dbbc9bbb0b52 to remote] DEBUG org.asynchttpclient.netty.request.NettyRequestSender - Using open Channel [id: 0xa92b6a67, L:/127.0.0.1:61710 - R:localhost/127.0.0.1:52649] for GET '/session/8fe5eb9e283224cdfd33dbbc9bbb0b52/screenshot'
10:09:03.708 [AsyncHttpClient-1-6] DEBUG org.asynchttpclient.netty.handler.HttpHandler - 

Request DefaultFullHttpRequest(decodeResult: success, version: HTTP/1.1, content: EmptyByteBufBE)
GET /session/8fe5eb9e283224cdfd33dbbc9bbb0b52/screenshot HTTP/1.1
User-Agent: selenium/4.4.0 (java windows)
Cache-Control: no-cache
Content-Type: application/json; charset=utf-8
host: localhost:52649
accept: */*

Response DefaultHttpResponse(decodeResult: success, version: HTTP/1.1)
HTTP/1.1 200 OK
Content-Type: application/json; charset=utf-8
cache-control: no-cache
content-length: 58468

10:09:03.709 [AsyncHttpClient-1-6] DEBUG org.asynchttpclient.netty.channel.ChannelManager - Adding key: http://localhost:52649 for channel [id: 0xa92b6a67, L:/127.0.0.1:61710 - R:localhost/127.0.0.1:52649]
10:09:03.710 [Test worker] DEBUG net.serenitybdd.core.photography.Darkroom - Send negative for processing for C:\Users\juan.gomezv\IdeaProjects\sura\target\site\serenity\3928254ac939cb654635a6fe0cdcba17cdafb3fae09b0fc2384a6404e2fbc8c4.png
10:09:03.710 [Test worker] DEBUG net.thucydides.core.steps.StepInterceptor - STEP DONE: {0} enters #theTextAsAString into #target
10:09:03.712 [AsyncHttpClient-1-1] DEBUG org.asynchttpclient.netty.channel.DefaultChannelPool - Entry count for : http://localhost:52649 : 1
10:09:03.712 [AsyncHttpClient-1-1] DEBUG org.asynchttpclient.netty.channel.DefaultChannelPool - Entry count for : http://localhost:61711 : 1
10:09:03.718 [Forwarding getPageSource on session 8fe5eb9e283224cdfd33dbbc9bbb0b52 to remote] DEBUG org.asynchttpclient.netty.request.NettyRequestSender - Using pooled Channel '[id: 0xa92b6a67, L:/127.0.0.1:61710 - R:localhost/127.0.0.1:52649]' for 'POST' to 'http://localhost:52649/session/8fe5eb9e283224cdfd33dbbc9bbb0b52/execute/sync'
10:09:03.718 [Forwarding getPageSource on session 8fe5eb9e283224cdfd33dbbc9bbb0b52 to remote] DEBUG org.asynchttpclient.netty.request.NettyRequestSender - Using open Channel [id: 0xa92b6a67, L:/127.0.0.1:61710 - R:localhost/127.0.0.1:52649] for POST '/session/8fe5eb9e283224cdfd33dbbc9bbb0b52/execute/sync'
10:09:03.724 [AsyncHttpClient-1-6] DEBUG org.asynchttpclient.netty.handler.HttpHandler - 

Request DefaultHttpRequest(decodeResult: success, version: HTTP/1.1)
POST /session/8fe5eb9e283224cdfd33dbbc9bbb0b52/execute/sync HTTP/1.1
User-Agent: selenium/4.4.0 (java windows)
Content-Length: 176
Content-Type: application/json; charset=utf-8
host: localhost:52649
accept: */*

Response DefaultHttpResponse(decodeResult: success, version: HTTP/1.1)
HTTP/1.1 200 OK
Content-Type: application/json; charset=utf-8
cache-control: no-cache
content-length: 4185

10:09:03.724 [AsyncHttpClient-1-6] DEBUG org.asynchttpclient.netty.channel.ChannelManager - Adding key: http://localhost:52649 for channel [id: 0xa92b6a67, L:/127.0.0.1:61710 - R:localhost/127.0.0.1:52649]
10:09:03.725 [Forwarding getCurrentUrl on session 8fe5eb9e283224cdfd33dbbc9bbb0b52 to remote] DEBUG org.asynchttpclient.netty.request.NettyRequestSender - Using pooled Channel '[id: 0xa92b6a67, L:/127.0.0.1:61710 - R:localhost/127.0.0.1:52649]' for 'GET' to 'http://localhost:52649/session/8fe5eb9e283224cdfd33dbbc9bbb0b52/url'
10:09:03.725 [Forwarding getCurrentUrl on session 8fe5eb9e283224cdfd33dbbc9bbb0b52 to remote] DEBUG org.asynchttpclient.netty.request.NettyRequestSender - Using open Channel [id: 0xa92b6a67, L:/127.0.0.1:61710 - R:localhost/127.0.0.1:52649] for GET '/session/8fe5eb9e283224cdfd33dbbc9bbb0b52/url'
10:09:03.728 [AsyncHttpClient-1-6] DEBUG org.asynchttpclient.netty.handler.HttpHandler - 

Request DefaultFullHttpRequest(decodeResult: success, version: HTTP/1.1, content: EmptyByteBufBE)
GET /session/8fe5eb9e283224cdfd33dbbc9bbb0b52/url HTTP/1.1
User-Agent: selenium/4.4.0 (java windows)
Cache-Control: no-cache
Content-Type: application/json; charset=utf-8
host: localhost:52649
accept: */*

Response DefaultHttpResponse(decodeResult: success, version: HTTP/1.1)
HTTP/1.1 200 OK
Content-Type: application/json; charset=utf-8
cache-control: no-cache
content-length: 38

10:09:03.728 [AsyncHttpClient-1-6] DEBUG org.asynchttpclient.netty.channel.ChannelManager - Adding key: http://localhost:52649 for channel [id: 0xa92b6a67, L:/127.0.0.1:61710 - R:localhost/127.0.0.1:52649]
10:09:03.729 [Test worker] DEBUG net.thucydides.core.steps.StepInterceptor - STARTING STEP: LogIn.performAs - {0} clicks on #target
10:09:03.730 [Test worker] DEBUG net.serenitybdd.screenplay.targets.IFrameSwitcher - default content already selected for LogIn Button
10:09:03.745 [Forwarding findElement on session 8fe5eb9e283224cdfd33dbbc9bbb0b52 to remote] DEBUG org.asynchttpclient.netty.request.NettyRequestSender - Using pooled Channel '[id: 0xa92b6a67, L:/127.0.0.1:61710 - R:localhost/127.0.0.1:52649]' for 'POST' to 'http://localhost:52649/session/8fe5eb9e283224cdfd33dbbc9bbb0b52/element'
10:09:03.745 [Forwarding findElement on session 8fe5eb9e283224cdfd33dbbc9bbb0b52 to remote] DEBUG org.asynchttpclient.netty.request.NettyRequestSender - Using open Channel [id: 0xa92b6a67, L:/127.0.0.1:61710 - R:localhost/127.0.0.1:52649] for POST '/session/8fe5eb9e283224cdfd33dbbc9bbb0b52/element'
10:09:03.754 [AsyncHttpClient-1-6] DEBUG org.asynchttpclient.netty.handler.HttpHandler - 

Request DefaultHttpRequest(decodeResult: success, version: HTTP/1.1)
POST /session/8fe5eb9e283224cdfd33dbbc9bbb0b52/element HTTP/1.1
User-Agent: selenium/4.4.0 (java windows)
Content-Length: 70
Content-Type: application/json; charset=utf-8
host: localhost:52649
accept: */*

Response DefaultHttpResponse(decodeResult: success, version: HTTP/1.1)
HTTP/1.1 200 OK
Content-Type: application/json; charset=utf-8
cache-control: no-cache
content-length: 88

10:09:03.754 [AsyncHttpClient-1-6] DEBUG org.asynchttpclient.netty.channel.ChannelManager - Adding key: http://localhost:52649 for channel [id: 0xa92b6a67, L:/127.0.0.1:61710 - R:localhost/127.0.0.1:52649]
10:09:03.758 [Forwarding isElementDisplayed on session 8fe5eb9e283224cdfd33dbbc9bbb0b52 to remote] DEBUG org.asynchttpclient.netty.request.NettyRequestSender - Using pooled Channel '[id: 0xa92b6a67, L:/127.0.0.1:61710 - R:localhost/127.0.0.1:52649]' for 'POST' to 'http://localhost:52649/session/8fe5eb9e283224cdfd33dbbc9bbb0b52/execute/sync'
10:09:03.758 [Forwarding isElementDisplayed on session 8fe5eb9e283224cdfd33dbbc9bbb0b52 to remote] DEBUG org.asynchttpclient.netty.request.NettyRequestSender - Using open Channel [id: 0xa92b6a67, L:/127.0.0.1:61710 - R:localhost/127.0.0.1:52649] for POST '/session/8fe5eb9e283224cdfd33dbbc9bbb0b52/execute/sync'
10:09:03.767 [AsyncHttpClient-1-6] DEBUG org.asynchttpclient.netty.handler.HttpHandler - 

Request DefaultHttpRequest(decodeResult: success, version: HTTP/1.1)
POST /session/8fe5eb9e283224cdfd33dbbc9bbb0b52/execute/sync HTTP/1.1
User-Agent: selenium/4.4.0 (java windows)
Content-Length: 48780
Content-Type: application/json; charset=utf-8
host: localhost:52649
accept: */*

Response DefaultHttpResponse(decodeResult: success, version: HTTP/1.1)
HTTP/1.1 200 OK
Content-Type: application/json; charset=utf-8
cache-control: no-cache
content-length: 14

10:09:03.767 [AsyncHttpClient-1-6] DEBUG org.asynchttpclient.netty.channel.ChannelManager - Adding key: http://localhost:52649 for channel [id: 0xa92b6a67, L:/127.0.0.1:61710 - R:localhost/127.0.0.1:52649]
10:09:03.771 [Forwarding findElement on session 8fe5eb9e283224cdfd33dbbc9bbb0b52 to remote] DEBUG org.asynchttpclient.netty.request.NettyRequestSender - Using pooled Channel '[id: 0xa92b6a67, L:/127.0.0.1:61710 - R:localhost/127.0.0.1:52649]' for 'POST' to 'http://localhost:52649/session/8fe5eb9e283224cdfd33dbbc9bbb0b52/element'
10:09:03.771 [Forwarding findElement on session 8fe5eb9e283224cdfd33dbbc9bbb0b52 to remote] DEBUG org.asynchttpclient.netty.request.NettyRequestSender - Using open Channel [id: 0xa92b6a67, L:/127.0.0.1:61710 - R:localhost/127.0.0.1:52649] for POST '/session/8fe5eb9e283224cdfd33dbbc9bbb0b52/element'
10:09:03.778 [AsyncHttpClient-1-6] DEBUG org.asynchttpclient.netty.handler.HttpHandler - 

Request DefaultHttpRequest(decodeResult: success, version: HTTP/1.1)
POST /session/8fe5eb9e283224cdfd33dbbc9bbb0b52/element HTTP/1.1
User-Agent: selenium/4.4.0 (java windows)
Content-Length: 70
Content-Type: application/json; charset=utf-8
host: localhost:52649
accept: */*

Response DefaultHttpResponse(decodeResult: success, version: HTTP/1.1)
HTTP/1.1 200 OK
Content-Type: application/json; charset=utf-8
cache-control: no-cache
content-length: 88

10:09:03.778 [AsyncHttpClient-1-6] DEBUG org.asynchttpclient.netty.channel.ChannelManager - Adding key: http://localhost:52649 for channel [id: 0xa92b6a67, L:/127.0.0.1:61710 - R:localhost/127.0.0.1:52649]
10:09:03.779 [Forwarding clickElement on session 8fe5eb9e283224cdfd33dbbc9bbb0b52 to remote] DEBUG org.asynchttpclient.netty.request.NettyRequestSender - Using pooled Channel '[id: 0xa92b6a67, L:/127.0.0.1:61710 - R:localhost/127.0.0.1:52649]' for 'POST' to 'http://localhost:52649/session/8fe5eb9e283224cdfd33dbbc9bbb0b52/element/a180a383-447b-41ea-bb82-4d1843842b2c/click'
10:09:03.779 [Forwarding clickElement on session 8fe5eb9e283224cdfd33dbbc9bbb0b52 to remote] DEBUG org.asynchttpclient.netty.request.NettyRequestSender - Using open Channel [id: 0xa92b6a67, L:/127.0.0.1:61710 - R:localhost/127.0.0.1:52649] for POST '/session/8fe5eb9e283224cdfd33dbbc9bbb0b52/element/a180a383-447b-41ea-bb82-4d1843842b2c/click'
10:09:03.854 [AsyncHttpClient-1-6] DEBUG org.asynchttpclient.netty.handler.HttpHandler - 

Request DefaultHttpRequest(decodeResult: success, version: HTTP/1.1)
POST /session/8fe5eb9e283224cdfd33dbbc9bbb0b52/element/a180a383-447b-41ea-bb82-4d1843842b2c/click HTTP/1.1
User-Agent: selenium/4.4.0 (java windows)
Content-Length: 50
Content-Type: application/json; charset=utf-8
host: localhost:52649
accept: */*

Response DefaultHttpResponse(decodeResult: success, version: HTTP/1.1)
HTTP/1.1 200 OK
Content-Type: application/json; charset=utf-8
cache-control: no-cache
content-length: 14

10:09:03.854 [AsyncHttpClient-1-6] DEBUG org.asynchttpclient.netty.channel.ChannelManager - Adding key: http://localhost:52649 for channel [id: 0xa92b6a67, L:/127.0.0.1:61710 - R:localhost/127.0.0.1:52649]
10:09:03.876 [Forwarding getCurrentWindowHandle on session 8fe5eb9e283224cdfd33dbbc9bbb0b52 to remote] DEBUG org.asynchttpclient.netty.request.NettyRequestSender - Using pooled Channel '[id: 0xa92b6a67, L:/127.0.0.1:61710 - R:localhost/127.0.0.1:52649]' for 'GET' to 'http://localhost:52649/session/8fe5eb9e283224cdfd33dbbc9bbb0b52/window'
10:09:03.876 [Forwarding getCurrentWindowHandle on session 8fe5eb9e283224cdfd33dbbc9bbb0b52 to remote] DEBUG org.asynchttpclient.netty.request.NettyRequestSender - Using open Channel [id: 0xa92b6a67, L:/127.0.0.1:61710 - R:localhost/127.0.0.1:52649] for GET '/session/8fe5eb9e283224cdfd33dbbc9bbb0b52/window'
10:09:03.877 [AsyncHttpClient-1-6] DEBUG org.asynchttpclient.netty.handler.HttpHandler - 

Request DefaultFullHttpRequest(decodeResult: success, version: HTTP/1.1, content: EmptyByteBufBE)
GET /session/8fe5eb9e283224cdfd33dbbc9bbb0b52/window HTTP/1.1
User-Agent: selenium/4.4.0 (java windows)
Cache-Control: no-cache
Content-Type: application/json; charset=utf-8
host: localhost:52649
accept: */*

Response DefaultHttpResponse(decodeResult: success, version: HTTP/1.1)
HTTP/1.1 200 OK
Content-Type: application/json; charset=utf-8
cache-control: no-cache
content-length: 53

10:09:03.877 [AsyncHttpClient-1-6] DEBUG org.asynchttpclient.netty.channel.ChannelManager - Adding key: http://localhost:52649 for channel [id: 0xa92b6a67, L:/127.0.0.1:61710 - R:localhost/127.0.0.1:52649]
10:09:03.881 [Forwarding getAlertText on session 8fe5eb9e283224cdfd33dbbc9bbb0b52 to remote] DEBUG org.asynchttpclient.netty.request.NettyRequestSender - Using pooled Channel '[id: 0xa92b6a67, L:/127.0.0.1:61710 - R:localhost/127.0.0.1:52649]' for 'GET' to 'http://localhost:52649/session/8fe5eb9e283224cdfd33dbbc9bbb0b52/alert/text'
10:09:03.881 [Forwarding getAlertText on session 8fe5eb9e283224cdfd33dbbc9bbb0b52 to remote] DEBUG org.asynchttpclient.netty.request.NettyRequestSender - Using open Channel [id: 0xa92b6a67, L:/127.0.0.1:61710 - R:localhost/127.0.0.1:52649] for GET '/session/8fe5eb9e283224cdfd33dbbc9bbb0b52/alert/text'
10:09:03.883 [AsyncHttpClient-1-6] DEBUG org.asynchttpclient.netty.handler.HttpHandler - 

Request DefaultFullHttpRequest(decodeResult: success, version: HTTP/1.1, content: EmptyByteBufBE)
GET /session/8fe5eb9e283224cdfd33dbbc9bbb0b52/alert/text HTTP/1.1
User-Agent: selenium/4.4.0 (java windows)
Cache-Control: no-cache
Content-Type: application/json; charset=utf-8
host: localhost:52649
accept: */*

Response DefaultHttpResponse(decodeResult: success, version: HTTP/1.1)
HTTP/1.1 404 Not Found
Content-Type: application/json; charset=utf-8
cache-control: no-cache
content-length: 879

10:09:03.883 [AsyncHttpClient-1-6] DEBUG org.asynchttpclient.netty.channel.ChannelManager - Adding key: http://localhost:52649 for channel [id: 0xa92b6a67, L:/127.0.0.1:61710 - R:localhost/127.0.0.1:52649]
10:09:03.888 [Forwarding switchToWindow on session 8fe5eb9e283224cdfd33dbbc9bbb0b52 to remote] DEBUG org.asynchttpclient.netty.request.NettyRequestSender - Using pooled Channel '[id: 0xa92b6a67, L:/127.0.0.1:61710 - R:localhost/127.0.0.1:52649]' for 'POST' to 'http://localhost:52649/session/8fe5eb9e283224cdfd33dbbc9bbb0b52/window'
10:09:03.888 [Forwarding switchToWindow on session 8fe5eb9e283224cdfd33dbbc9bbb0b52 to remote] DEBUG org.asynchttpclient.netty.request.NettyRequestSender - Using open Channel [id: 0xa92b6a67, L:/127.0.0.1:61710 - R:localhost/127.0.0.1:52649] for POST '/session/8fe5eb9e283224cdfd33dbbc9bbb0b52/window'
10:09:03.891 [AsyncHttpClient-1-6] DEBUG org.asynchttpclient.netty.handler.HttpHandler - 

Request DefaultHttpRequest(decodeResult: success, version: HTTP/1.1)
POST /session/8fe5eb9e283224cdfd33dbbc9bbb0b52/window HTTP/1.1
User-Agent: selenium/4.4.0 (java windows)
Content-Length: 59
Content-Type: application/json; charset=utf-8
host: localhost:52649
accept: */*

Response DefaultHttpResponse(decodeResult: success, version: HTTP/1.1)
HTTP/1.1 200 OK
Content-Type: application/json; charset=utf-8
cache-control: no-cache
content-length: 14

10:09:03.892 [AsyncHttpClient-1-6] DEBUG org.asynchttpclient.netty.channel.ChannelManager - Adding key: http://localhost:52649 for channel [id: 0xa92b6a67, L:/127.0.0.1:61710 - R:localhost/127.0.0.1:52649]
10:09:03.892 [Forwarding getCurrentUrl on session 8fe5eb9e283224cdfd33dbbc9bbb0b52 to remote] DEBUG org.asynchttpclient.netty.request.NettyRequestSender - Using pooled Channel '[id: 0xa92b6a67, L:/127.0.0.1:61710 - R:localhost/127.0.0.1:52649]' for 'GET' to 'http://localhost:52649/session/8fe5eb9e283224cdfd33dbbc9bbb0b52/url'
10:09:03.892 [Forwarding getCurrentUrl on session 8fe5eb9e283224cdfd33dbbc9bbb0b52 to remote] DEBUG org.asynchttpclient.netty.request.NettyRequestSender - Using open Channel [id: 0xa92b6a67, L:/127.0.0.1:61710 - R:localhost/127.0.0.1:52649] for GET '/session/8fe5eb9e283224cdfd33dbbc9bbb0b52/url'
10:09:03.896 [AsyncHttpClient-1-6] DEBUG org.asynchttpclient.netty.handler.HttpHandler - 

Request DefaultFullHttpRequest(decodeResult: success, version: HTTP/1.1, content: EmptyByteBufBE)
GET /session/8fe5eb9e283224cdfd33dbbc9bbb0b52/url HTTP/1.1
User-Agent: selenium/4.4.0 (java windows)
Cache-Control: no-cache
Content-Type: application/json; charset=utf-8
host: localhost:52649
accept: */*

Response DefaultHttpResponse(decodeResult: success, version: HTTP/1.1)
HTTP/1.1 200 OK
Content-Type: application/json; charset=utf-8
cache-control: no-cache
content-length: 52

10:09:03.896 [AsyncHttpClient-1-6] DEBUG org.asynchttpclient.netty.channel.ChannelManager - Adding key: http://localhost:52649 for channel [id: 0xa92b6a67, L:/127.0.0.1:61710 - R:localhost/127.0.0.1:52649]
10:09:03.896 [Forwarding screenshot on session 8fe5eb9e283224cdfd33dbbc9bbb0b52 to remote] DEBUG org.asynchttpclient.netty.request.NettyRequestSender - Using pooled Channel '[id: 0xa92b6a67, L:/127.0.0.1:61710 - R:localhost/127.0.0.1:52649]' for 'GET' to 'http://localhost:52649/session/8fe5eb9e283224cdfd33dbbc9bbb0b52/screenshot'
10:09:03.896 [Forwarding screenshot on session 8fe5eb9e283224cdfd33dbbc9bbb0b52 to remote] DEBUG org.asynchttpclient.netty.request.NettyRequestSender - Using open Channel [id: 0xa92b6a67, L:/127.0.0.1:61710 - R:localhost/127.0.0.1:52649] for GET '/session/8fe5eb9e283224cdfd33dbbc9bbb0b52/screenshot'
10:09:04.127 [AsyncHttpClient-1-6] DEBUG org.asynchttpclient.netty.handler.HttpHandler - 

Request DefaultFullHttpRequest(decodeResult: success, version: HTTP/1.1, content: EmptyByteBufBE)
GET /session/8fe5eb9e283224cdfd33dbbc9bbb0b52/screenshot HTTP/1.1
User-Agent: selenium/4.4.0 (java windows)
Cache-Control: no-cache
Content-Type: application/json; charset=utf-8
host: localhost:52649
accept: */*

Response DefaultHttpResponse(decodeResult: success, version: HTTP/1.1)
HTTP/1.1 200 OK
Content-Type: application/json; charset=utf-8
cache-control: no-cache
content-length: 316072

10:09:04.128 [AsyncHttpClient-1-6] DEBUG org.asynchttpclient.netty.channel.ChannelManager - Adding key: http://localhost:52649 for channel [id: 0xa92b6a67, L:/127.0.0.1:61710 - R:localhost/127.0.0.1:52649]
10:09:04.133 [Test worker] DEBUG net.serenitybdd.core.photography.Darkroom - Send negative for processing for C:\Users\juan.gomezv\IdeaProjects\sura\target\site\serenity\e44069ae212a02c6322b8bddc355adc221270edded46bd42546211af4a56801c.png
10:09:04.133 [Test worker] DEBUG net.thucydides.core.steps.StepInterceptor - STEP DONE: {0} clicks on #target
10:09:04.139 [Test worker] DEBUG net.thucydides.core.steps.StepInterceptor - STEP DONE: performAs
  ?[32mDado ?[0m?[32mque ?[0m?[32m?[1mAna?[0m?[32m ingresa con una cuenta valida como la de ?[0m?[32m?[1m"STANDARD_USER"?[0m?[32m a Swaglabs?[0m ?[90m# sura.stepDefinitions.SharedBackgroundSteps.ingresaConUnaCuentaValidaASwaglabs(net.serenitybdd.screenplay.Actor,java.lang.String)?[0m
10:09:04.150 [Forwarding getPageSource on session 8fe5eb9e283224cdfd33dbbc9bbb0b52 to remote] DEBUG org.asynchttpclient.netty.request.NettyRequestSender - Using pooled Channel '[id: 0xa92b6a67, L:/127.0.0.1:61710 - R:localhost/127.0.0.1:52649]' for 'POST' to 'http://localhost:52649/session/8fe5eb9e283224cdfd33dbbc9bbb0b52/execute/sync'
10:09:04.150 [Forwarding getPageSource on session 8fe5eb9e283224cdfd33dbbc9bbb0b52 to remote] DEBUG org.asynchttpclient.netty.request.NettyRequestSender - Using open Channel [id: 0xa92b6a67, L:/127.0.0.1:61710 - R:localhost/127.0.0.1:52649] for POST '/session/8fe5eb9e283224cdfd33dbbc9bbb0b52/execute/sync'
10:09:04.155 [AsyncHttpClient-1-6] DEBUG org.asynchttpclient.netty.handler.HttpHandler - 

Request DefaultHttpRequest(decodeResult: success, version: HTTP/1.1)
POST /session/8fe5eb9e283224cdfd33dbbc9bbb0b52/execute/sync HTTP/1.1
User-Agent: selenium/4.4.0 (java windows)
Content-Length: 176
Content-Type: application/json; charset=utf-8
host: localhost:52649
accept: */*

Response DefaultHttpResponse(decodeResult: success, version: HTTP/1.1)
HTTP/1.1 200 OK
Content-Type: application/json; charset=utf-8
cache-control: no-cache
content-length: 15254

10:09:04.155 [AsyncHttpClient-1-6] DEBUG org.asynchttpclient.netty.channel.ChannelManager - Adding key: http://localhost:52649 for channel [id: 0xa92b6a67, L:/127.0.0.1:61710 - R:localhost/127.0.0.1:52649]
10:09:04.156 [Forwarding getCurrentUrl on session 8fe5eb9e283224cdfd33dbbc9bbb0b52 to remote] DEBUG org.asynchttpclient.netty.request.NettyRequestSender - Using pooled Channel '[id: 0xa92b6a67, L:/127.0.0.1:61710 - R:localhost/127.0.0.1:52649]' for 'GET' to 'http://localhost:52649/session/8fe5eb9e283224cdfd33dbbc9bbb0b52/url'
10:09:04.157 [Forwarding getCurrentUrl on session 8fe5eb9e283224cdfd33dbbc9bbb0b52 to remote] DEBUG org.asynchttpclient.netty.request.NettyRequestSender - Using open Channel [id: 0xa92b6a67, L:/127.0.0.1:61710 - R:localhost/127.0.0.1:52649] for GET '/session/8fe5eb9e283224cdfd33dbbc9bbb0b52/url'
10:09:04.160 [AsyncHttpClient-1-6] DEBUG org.asynchttpclient.netty.handler.HttpHandler - 

Request DefaultFullHttpRequest(decodeResult: success, version: HTTP/1.1, content: EmptyByteBufBE)
GET /session/8fe5eb9e283224cdfd33dbbc9bbb0b52/url HTTP/1.1
User-Agent: selenium/4.4.0 (java windows)
Cache-Control: no-cache
Content-Type: application/json; charset=utf-8
host: localhost:52649
accept: */*

Response DefaultHttpResponse(decodeResult: success, version: HTTP/1.1)
HTTP/1.1 200 OK
Content-Type: application/json; charset=utf-8
cache-control: no-cache
content-length: 52

10:09:04.160 [AsyncHttpClient-1-6] DEBUG org.asynchttpclient.netty.channel.ChannelManager - Adding key: http://localhost:52649 for channel [id: 0xa92b6a67, L:/127.0.0.1:61710 - R:localhost/127.0.0.1:52649]
10:09:04.170 [Forwarding getPageSource on session 8fe5eb9e283224cdfd33dbbc9bbb0b52 to remote] DEBUG org.asynchttpclient.netty.request.NettyRequestSender - Using pooled Channel '[id: 0xa92b6a67, L:/127.0.0.1:61710 - R:localhost/127.0.0.1:52649]' for 'POST' to 'http://localhost:52649/session/8fe5eb9e283224cdfd33dbbc9bbb0b52/execute/sync'
10:09:04.170 [Forwarding getPageSource on session 8fe5eb9e283224cdfd33dbbc9bbb0b52 to remote] DEBUG org.asynchttpclient.netty.request.NettyRequestSender - Using open Channel [id: 0xa92b6a67, L:/127.0.0.1:61710 - R:localhost/127.0.0.1:52649] for POST '/session/8fe5eb9e283224cdfd33dbbc9bbb0b52/execute/sync'
10:09:04.175 [AsyncHttpClient-1-6] DEBUG org.asynchttpclient.netty.handler.HttpHandler - 

Request DefaultHttpRequest(decodeResult: success, version: HTTP/1.1)
POST /session/8fe5eb9e283224cdfd33dbbc9bbb0b52/execute/sync HTTP/1.1
User-Agent: selenium/4.4.0 (java windows)
Content-Length: 176
Content-Type: application/json; charset=utf-8
host: localhost:52649
accept: */*

Response DefaultHttpResponse(decodeResult: success, version: HTTP/1.1)
HTTP/1.1 200 OK
Content-Type: application/json; charset=utf-8
cache-control: no-cache
content-length: 15254

10:09:04.176 [AsyncHttpClient-1-6] DEBUG org.asynchttpclient.netty.channel.ChannelManager - Adding key: http://localhost:52649 for channel [id: 0xa92b6a67, L:/127.0.0.1:61710 - R:localhost/127.0.0.1:52649]
10:09:04.177 [Forwarding getCurrentUrl on session 8fe5eb9e283224cdfd33dbbc9bbb0b52 to remote] DEBUG org.asynchttpclient.netty.request.NettyRequestSender - Using pooled Channel '[id: 0xa92b6a67, L:/127.0.0.1:61710 - R:localhost/127.0.0.1:52649]' for 'GET' to 'http://localhost:52649/session/8fe5eb9e283224cdfd33dbbc9bbb0b52/url'
10:09:04.177 [Forwarding getCurrentUrl on session 8fe5eb9e283224cdfd33dbbc9bbb0b52 to remote] DEBUG org.asynchttpclient.netty.request.NettyRequestSender - Using open Channel [id: 0xa92b6a67, L:/127.0.0.1:61710 - R:localhost/127.0.0.1:52649] for GET '/session/8fe5eb9e283224cdfd33dbbc9bbb0b52/url'
10:09:04.179 [AsyncHttpClient-1-6] DEBUG org.asynchttpclient.netty.handler.HttpHandler - 

Request DefaultFullHttpRequest(decodeResult: success, version: HTTP/1.1, content: EmptyByteBufBE)
GET /session/8fe5eb9e283224cdfd33dbbc9bbb0b52/url HTTP/1.1
User-Agent: selenium/4.4.0 (java windows)
Cache-Control: no-cache
Content-Type: application/json; charset=utf-8
host: localhost:52649
accept: */*

Response DefaultHttpResponse(decodeResult: success, version: HTTP/1.1)
HTTP/1.1 200 OK
Content-Type: application/json; charset=utf-8
cache-control: no-cache
content-length: 52

10:09:04.179 [AsyncHttpClient-1-6] DEBUG org.asynchttpclient.netty.channel.ChannelManager - Adding key: http://localhost:52649 for channel [id: 0xa92b6a67, L:/127.0.0.1:61710 - R:localhost/127.0.0.1:52649]
10:09:04.180 [Test worker] DEBUG net.thucydides.core.steps.StepInterceptor - STARTING STEP: SearchSteps.seleccionaLaOpcionDelMenuDesplegable - performAs
10:09:04.191 [Forwarding getCurrentWindowHandle on session 8fe5eb9e283224cdfd33dbbc9bbb0b52 to remote] DEBUG org.asynchttpclient.netty.request.NettyRequestSender - Using pooled Channel '[id: 0xa92b6a67, L:/127.0.0.1:61710 - R:localhost/127.0.0.1:52649]' for 'GET' to 'http://localhost:52649/session/8fe5eb9e283224cdfd33dbbc9bbb0b52/window'
10:09:04.191 [Forwarding getCurrentWindowHandle on session 8fe5eb9e283224cdfd33dbbc9bbb0b52 to remote] DEBUG org.asynchttpclient.netty.request.NettyRequestSender - Using open Channel [id: 0xa92b6a67, L:/127.0.0.1:61710 - R:localhost/127.0.0.1:52649] for GET '/session/8fe5eb9e283224cdfd33dbbc9bbb0b52/window'
10:09:04.192 [AsyncHttpClient-1-6] DEBUG org.asynchttpclient.netty.handler.HttpHandler - 

Request DefaultFullHttpRequest(decodeResult: success, version: HTTP/1.1, content: EmptyByteBufBE)
GET /session/8fe5eb9e283224cdfd33dbbc9bbb0b52/window HTTP/1.1
User-Agent: selenium/4.4.0 (java windows)
Cache-Control: no-cache
Content-Type: application/json; charset=utf-8
host: localhost:52649
accept: */*

Response DefaultHttpResponse(decodeResult: success, version: HTTP/1.1)
HTTP/1.1 200 OK
Content-Type: application/json; charset=utf-8
cache-control: no-cache
content-length: 53

10:09:04.192 [AsyncHttpClient-1-6] DEBUG org.asynchttpclient.netty.channel.ChannelManager - Adding key: http://localhost:52649 for channel [id: 0xa92b6a67, L:/127.0.0.1:61710 - R:localhost/127.0.0.1:52649]
10:09:04.195 [Forwarding getAlertText on session 8fe5eb9e283224cdfd33dbbc9bbb0b52 to remote] DEBUG org.asynchttpclient.netty.request.NettyRequestSender - Using pooled Channel '[id: 0xa92b6a67, L:/127.0.0.1:61710 - R:localhost/127.0.0.1:52649]' for 'GET' to 'http://localhost:52649/session/8fe5eb9e283224cdfd33dbbc9bbb0b52/alert/text'
10:09:04.195 [Forwarding getAlertText on session 8fe5eb9e283224cdfd33dbbc9bbb0b52 to remote] DEBUG org.asynchttpclient.netty.request.NettyRequestSender - Using open Channel [id: 0xa92b6a67, L:/127.0.0.1:61710 - R:localhost/127.0.0.1:52649] for GET '/session/8fe5eb9e283224cdfd33dbbc9bbb0b52/alert/text'
10:09:04.196 [AsyncHttpClient-1-6] DEBUG org.asynchttpclient.netty.handler.HttpHandler - 

Request DefaultFullHttpRequest(decodeResult: success, version: HTTP/1.1, content: EmptyByteBufBE)
GET /session/8fe5eb9e283224cdfd33dbbc9bbb0b52/alert/text HTTP/1.1
User-Agent: selenium/4.4.0 (java windows)
Cache-Control: no-cache
Content-Type: application/json; charset=utf-8
host: localhost:52649
accept: */*

Response DefaultHttpResponse(decodeResult: success, version: HTTP/1.1)
HTTP/1.1 404 Not Found
Content-Type: application/json; charset=utf-8
cache-control: no-cache
content-length: 879

10:09:04.197 [AsyncHttpClient-1-6] DEBUG org.asynchttpclient.netty.channel.ChannelManager - Adding key: http://localhost:52649 for channel [id: 0xa92b6a67, L:/127.0.0.1:61710 - R:localhost/127.0.0.1:52649]
10:09:04.200 [Forwarding switchToWindow on session 8fe5eb9e283224cdfd33dbbc9bbb0b52 to remote] DEBUG org.asynchttpclient.netty.request.NettyRequestSender - Using pooled Channel '[id: 0xa92b6a67, L:/127.0.0.1:61710 - R:localhost/127.0.0.1:52649]' for 'POST' to 'http://localhost:52649/session/8fe5eb9e283224cdfd33dbbc9bbb0b52/window'
10:09:04.200 [Forwarding switchToWindow on session 8fe5eb9e283224cdfd33dbbc9bbb0b52 to remote] DEBUG org.asynchttpclient.netty.request.NettyRequestSender - Using open Channel [id: 0xa92b6a67, L:/127.0.0.1:61710 - R:localhost/127.0.0.1:52649] for POST '/session/8fe5eb9e283224cdfd33dbbc9bbb0b52/window'
10:09:04.202 [AsyncHttpClient-1-6] DEBUG org.asynchttpclient.netty.handler.HttpHandler - 

Request DefaultHttpRequest(decodeResult: success, version: HTTP/1.1)
POST /session/8fe5eb9e283224cdfd33dbbc9bbb0b52/window HTTP/1.1
User-Agent: selenium/4.4.0 (java windows)
Content-Length: 59
Content-Type: application/json; charset=utf-8
host: localhost:52649
accept: */*

Response DefaultHttpResponse(decodeResult: success, version: HTTP/1.1)
HTTP/1.1 200 OK
Content-Type: application/json; charset=utf-8
cache-control: no-cache
content-length: 14

10:09:04.202 [AsyncHttpClient-1-6] DEBUG org.asynchttpclient.netty.channel.ChannelManager - Adding key: http://localhost:52649 for channel [id: 0xa92b6a67, L:/127.0.0.1:61710 - R:localhost/127.0.0.1:52649]
10:09:04.202 [Forwarding getCurrentUrl on session 8fe5eb9e283224cdfd33dbbc9bbb0b52 to remote] DEBUG org.asynchttpclient.netty.request.NettyRequestSender - Using pooled Channel '[id: 0xa92b6a67, L:/127.0.0.1:61710 - R:localhost/127.0.0.1:52649]' for 'GET' to 'http://localhost:52649/session/8fe5eb9e283224cdfd33dbbc9bbb0b52/url'
10:09:04.202 [Forwarding getCurrentUrl on session 8fe5eb9e283224cdfd33dbbc9bbb0b52 to remote] DEBUG org.asynchttpclient.netty.request.NettyRequestSender - Using open Channel [id: 0xa92b6a67, L:/127.0.0.1:61710 - R:localhost/127.0.0.1:52649] for GET '/session/8fe5eb9e283224cdfd33dbbc9bbb0b52/url'
10:09:04.205 [AsyncHttpClient-1-6] DEBUG org.asynchttpclient.netty.handler.HttpHandler - 

Request DefaultFullHttpRequest(decodeResult: success, version: HTTP/1.1, content: EmptyByteBufBE)
GET /session/8fe5eb9e283224cdfd33dbbc9bbb0b52/url HTTP/1.1
User-Agent: selenium/4.4.0 (java windows)
Cache-Control: no-cache
Content-Type: application/json; charset=utf-8
host: localhost:52649
accept: */*

Response DefaultHttpResponse(decodeResult: success, version: HTTP/1.1)
HTTP/1.1 200 OK
Content-Type: application/json; charset=utf-8
cache-control: no-cache
content-length: 52

10:09:04.205 [AsyncHttpClient-1-6] DEBUG org.asynchttpclient.netty.channel.ChannelManager - Adding key: http://localhost:52649 for channel [id: 0xa92b6a67, L:/127.0.0.1:61710 - R:localhost/127.0.0.1:52649]
10:09:04.205 [Forwarding screenshot on session 8fe5eb9e283224cdfd33dbbc9bbb0b52 to remote] DEBUG org.asynchttpclient.netty.request.NettyRequestSender - Using pooled Channel '[id: 0xa92b6a67, L:/127.0.0.1:61710 - R:localhost/127.0.0.1:52649]' for 'GET' to 'http://localhost:52649/session/8fe5eb9e283224cdfd33dbbc9bbb0b52/screenshot'
10:09:04.205 [Forwarding screenshot on session 8fe5eb9e283224cdfd33dbbc9bbb0b52 to remote] DEBUG org.asynchttpclient.netty.request.NettyRequestSender - Using open Channel [id: 0xa92b6a67, L:/127.0.0.1:61710 - R:localhost/127.0.0.1:52649] for GET '/session/8fe5eb9e283224cdfd33dbbc9bbb0b52/screenshot'
10:09:04.306 [AsyncHttpClient-1-6] DEBUG org.asynchttpclient.netty.handler.HttpHandler - 

Request DefaultFullHttpRequest(decodeResult: success, version: HTTP/1.1, content: EmptyByteBufBE)
GET /session/8fe5eb9e283224cdfd33dbbc9bbb0b52/screenshot HTTP/1.1
User-Agent: selenium/4.4.0 (java windows)
Cache-Control: no-cache
Content-Type: application/json; charset=utf-8
host: localhost:52649
accept: */*

Response DefaultHttpResponse(decodeResult: success, version: HTTP/1.1)
HTTP/1.1 200 OK
Content-Type: application/json; charset=utf-8
cache-control: no-cache
content-length: 316072

10:09:04.306 [AsyncHttpClient-1-6] DEBUG org.asynchttpclient.netty.channel.ChannelManager - Adding key: http://localhost:52649 for channel [id: 0xa92b6a67, L:/127.0.0.1:61710 - R:localhost/127.0.0.1:52649]
10:09:04.310 [Test worker] DEBUG net.serenitybdd.core.photography.Darkroom - Send negative for processing for C:\Users\juan.gomezv\IdeaProjects\sura\target\site\serenity\e44069ae212a02c6322b8bddc355adc221270edded46bd42546211af4a56801c.png
10:09:04.313 [Forwarding getPageSource on session 8fe5eb9e283224cdfd33dbbc9bbb0b52 to remote] DEBUG org.asynchttpclient.netty.request.NettyRequestSender - Using pooled Channel '[id: 0xa92b6a67, L:/127.0.0.1:61710 - R:localhost/127.0.0.1:52649]' for 'POST' to 'http://localhost:52649/session/8fe5eb9e283224cdfd33dbbc9bbb0b52/execute/sync'
10:09:04.313 [Forwarding getPageSource on session 8fe5eb9e283224cdfd33dbbc9bbb0b52 to remote] DEBUG org.asynchttpclient.netty.request.NettyRequestSender - Using open Channel [id: 0xa92b6a67, L:/127.0.0.1:61710 - R:localhost/127.0.0.1:52649] for POST '/session/8fe5eb9e283224cdfd33dbbc9bbb0b52/execute/sync'
10:09:04.319 [AsyncHttpClient-1-6] DEBUG org.asynchttpclient.netty.handler.HttpHandler - 

Request DefaultHttpRequest(decodeResult: success, version: HTTP/1.1)
POST /session/8fe5eb9e283224cdfd33dbbc9bbb0b52/execute/sync HTTP/1.1
User-Agent: selenium/4.4.0 (java windows)
Content-Length: 176
Content-Type: application/json; charset=utf-8
host: localhost:52649
accept: */*

Response DefaultHttpResponse(decodeResult: success, version: HTTP/1.1)
HTTP/1.1 200 OK
Content-Type: application/json; charset=utf-8
cache-control: no-cache
content-length: 15254

10:09:04.319 [AsyncHttpClient-1-6] DEBUG org.asynchttpclient.netty.channel.ChannelManager - Adding key: http://localhost:52649 for channel [id: 0xa92b6a67, L:/127.0.0.1:61710 - R:localhost/127.0.0.1:52649]
10:09:04.320 [Forwarding getCurrentUrl on session 8fe5eb9e283224cdfd33dbbc9bbb0b52 to remote] DEBUG org.asynchttpclient.netty.request.NettyRequestSender - Using pooled Channel '[id: 0xa92b6a67, L:/127.0.0.1:61710 - R:localhost/127.0.0.1:52649]' for 'GET' to 'http://localhost:52649/session/8fe5eb9e283224cdfd33dbbc9bbb0b52/url'
10:09:04.320 [Forwarding getCurrentUrl on session 8fe5eb9e283224cdfd33dbbc9bbb0b52 to remote] DEBUG org.asynchttpclient.netty.request.NettyRequestSender - Using open Channel [id: 0xa92b6a67, L:/127.0.0.1:61710 - R:localhost/127.0.0.1:52649] for GET '/session/8fe5eb9e283224cdfd33dbbc9bbb0b52/url'
10:09:04.323 [AsyncHttpClient-1-6] DEBUG org.asynchttpclient.netty.handler.HttpHandler - 

Request DefaultFullHttpRequest(decodeResult: success, version: HTTP/1.1, content: EmptyByteBufBE)
GET /session/8fe5eb9e283224cdfd33dbbc9bbb0b52/url HTTP/1.1
User-Agent: selenium/4.4.0 (java windows)
Cache-Control: no-cache
Content-Type: application/json; charset=utf-8
host: localhost:52649
accept: */*

Response DefaultHttpResponse(decodeResult: success, version: HTTP/1.1)
HTTP/1.1 200 OK
Content-Type: application/json; charset=utf-8
cache-control: no-cache
content-length: 52

10:09:04.323 [AsyncHttpClient-1-6] DEBUG org.asynchttpclient.netty.channel.ChannelManager - Adding key: http://localhost:52649 for channel [id: 0xa92b6a67, L:/127.0.0.1:61710 - R:localhost/127.0.0.1:52649]
10:09:04.325 [Test worker] DEBUG net.thucydides.core.steps.StepInterceptor - STARTING STEP: SearchForProducts.performAs - performAs
10:09:04.325 [Test worker] DEBUG net.serenitybdd.screenplay.targets.IFrameSwitcher - default content already selected for dropdown menu
10:09:04.330 [Forwarding getCurrentUrl on session 8fe5eb9e283224cdfd33dbbc9bbb0b52 to remote] DEBUG org.asynchttpclient.netty.request.NettyRequestSender - Using pooled Channel '[id: 0xa92b6a67, L:/127.0.0.1:61710 - R:localhost/127.0.0.1:52649]' for 'GET' to 'http://localhost:52649/session/8fe5eb9e283224cdfd33dbbc9bbb0b52/url'
10:09:04.330 [Forwarding getCurrentUrl on session 8fe5eb9e283224cdfd33dbbc9bbb0b52 to remote] DEBUG org.asynchttpclient.netty.request.NettyRequestSender - Using open Channel [id: 0xa92b6a67, L:/127.0.0.1:61710 - R:localhost/127.0.0.1:52649] for GET '/session/8fe5eb9e283224cdfd33dbbc9bbb0b52/url'
10:09:04.334 [AsyncHttpClient-1-6] DEBUG org.asynchttpclient.netty.handler.HttpHandler - 

Request DefaultFullHttpRequest(decodeResult: success, version: HTTP/1.1, content: EmptyByteBufBE)
GET /session/8fe5eb9e283224cdfd33dbbc9bbb0b52/url HTTP/1.1
User-Agent: selenium/4.4.0 (java windows)
Cache-Control: no-cache
Content-Type: application/json; charset=utf-8
host: localhost:52649
accept: */*

Response DefaultHttpResponse(decodeResult: success, version: HTTP/1.1)
HTTP/1.1 200 OK
Content-Type: application/json; charset=utf-8
cache-control: no-cache
content-length: 52

10:09:04.334 [AsyncHttpClient-1-6] DEBUG org.asynchttpclient.netty.channel.ChannelManager - Adding key: http://localhost:52649 for channel [id: 0xa92b6a67, L:/127.0.0.1:61710 - R:localhost/127.0.0.1:52649]
10:09:04.338 [Forwarding findElement on session 8fe5eb9e283224cdfd33dbbc9bbb0b52 to remote] DEBUG org.asynchttpclient.netty.request.NettyRequestSender - Using pooled Channel '[id: 0xa92b6a67, L:/127.0.0.1:61710 - R:localhost/127.0.0.1:52649]' for 'POST' to 'http://localhost:52649/session/8fe5eb9e283224cdfd33dbbc9bbb0b52/element'
10:09:04.338 [Forwarding findElement on session 8fe5eb9e283224cdfd33dbbc9bbb0b52 to remote] DEBUG org.asynchttpclient.netty.request.NettyRequestSender - Using open Channel [id: 0xa92b6a67, L:/127.0.0.1:61710 - R:localhost/127.0.0.1:52649] for POST '/session/8fe5eb9e283224cdfd33dbbc9bbb0b52/element'
10:09:04.347 [AsyncHttpClient-1-6] DEBUG org.asynchttpclient.netty.handler.HttpHandler - 

Request DefaultHttpRequest(decodeResult: success, version: HTTP/1.1)
POST /session/8fe5eb9e283224cdfd33dbbc9bbb0b52/element HTTP/1.1
User-Agent: selenium/4.4.0 (java windows)
Content-Length: 81
Content-Type: application/json; charset=utf-8
host: localhost:52649
accept: */*

Response DefaultHttpResponse(decodeResult: success, version: HTTP/1.1)
HTTP/1.1 200 OK
Content-Type: application/json; charset=utf-8
cache-control: no-cache
content-length: 88

10:09:04.347 [AsyncHttpClient-1-6] DEBUG org.asynchttpclient.netty.channel.ChannelManager - Adding key: http://localhost:52649 for channel [id: 0xa92b6a67, L:/127.0.0.1:61710 - R:localhost/127.0.0.1:52649]
10:09:04.350 [Forwarding executeScript on session 8fe5eb9e283224cdfd33dbbc9bbb0b52 to remote] DEBUG org.asynchttpclient.netty.request.NettyRequestSender - Using pooled Channel '[id: 0xa92b6a67, L:/127.0.0.1:61710 - R:localhost/127.0.0.1:52649]' for 'POST' to 'http://localhost:52649/session/8fe5eb9e283224cdfd33dbbc9bbb0b52/execute/sync'
10:09:04.350 [Forwarding executeScript on session 8fe5eb9e283224cdfd33dbbc9bbb0b52 to remote] DEBUG org.asynchttpclient.netty.request.NettyRequestSender - Using open Channel [id: 0xa92b6a67, L:/127.0.0.1:61710 - R:localhost/127.0.0.1:52649] for POST '/session/8fe5eb9e283224cdfd33dbbc9bbb0b52/execute/sync'
10:09:04.355 [AsyncHttpClient-1-6] DEBUG org.asynchttpclient.netty.handler.HttpHandler - 

Request DefaultHttpRequest(decodeResult: success, version: HTTP/1.1)
POST /session/8fe5eb9e283224cdfd33dbbc9bbb0b52/execute/sync HTTP/1.1
User-Agent: selenium/4.4.0 (java windows)
Content-Length: 240
Content-Type: application/json; charset=utf-8
host: localhost:52649
accept: */*

Response DefaultHttpResponse(decodeResult: success, version: HTTP/1.1)
HTTP/1.1 200 OK
Content-Type: application/json; charset=utf-8
cache-control: no-cache
content-length: 14

10:09:04.355 [AsyncHttpClient-1-6] DEBUG org.asynchttpclient.netty.channel.ChannelManager - Adding key: http://localhost:52649 for channel [id: 0xa92b6a67, L:/127.0.0.1:61710 - R:localhost/127.0.0.1:52649]
10:09:04.366 [Forwarding getCurrentWindowHandle on session 8fe5eb9e283224cdfd33dbbc9bbb0b52 to remote] DEBUG org.asynchttpclient.netty.request.NettyRequestSender - Using pooled Channel '[id: 0xa92b6a67, L:/127.0.0.1:61710 - R:localhost/127.0.0.1:52649]' for 'GET' to 'http://localhost:52649/session/8fe5eb9e283224cdfd33dbbc9bbb0b52/window'
10:09:04.366 [Forwarding getCurrentWindowHandle on session 8fe5eb9e283224cdfd33dbbc9bbb0b52 to remote] DEBUG org.asynchttpclient.netty.request.NettyRequestSender - Using open Channel [id: 0xa92b6a67, L:/127.0.0.1:61710 - R:localhost/127.0.0.1:52649] for GET '/session/8fe5eb9e283224cdfd33dbbc9bbb0b52/window'
10:09:04.367 [AsyncHttpClient-1-6] DEBUG org.asynchttpclient.netty.handler.HttpHandler - 

Request DefaultFullHttpRequest(decodeResult: success, version: HTTP/1.1, content: EmptyByteBufBE)
GET /session/8fe5eb9e283224cdfd33dbbc9bbb0b52/window HTTP/1.1
User-Agent: selenium/4.4.0 (java windows)
Cache-Control: no-cache
Content-Type: application/json; charset=utf-8
host: localhost:52649
accept: */*

Response DefaultHttpResponse(decodeResult: success, version: HTTP/1.1)
HTTP/1.1 200 OK
Content-Type: application/json; charset=utf-8
cache-control: no-cache
content-length: 53

10:09:04.367 [AsyncHttpClient-1-6] DEBUG org.asynchttpclient.netty.channel.ChannelManager - Adding key: http://localhost:52649 for channel [id: 0xa92b6a67, L:/127.0.0.1:61710 - R:localhost/127.0.0.1:52649]
10:09:04.370 [Forwarding getAlertText on session 8fe5eb9e283224cdfd33dbbc9bbb0b52 to remote] DEBUG org.asynchttpclient.netty.request.NettyRequestSender - Using pooled Channel '[id: 0xa92b6a67, L:/127.0.0.1:61710 - R:localhost/127.0.0.1:52649]' for 'GET' to 'http://localhost:52649/session/8fe5eb9e283224cdfd33dbbc9bbb0b52/alert/text'
10:09:04.370 [Forwarding getAlertText on session 8fe5eb9e283224cdfd33dbbc9bbb0b52 to remote] DEBUG org.asynchttpclient.netty.request.NettyRequestSender - Using open Channel [id: 0xa92b6a67, L:/127.0.0.1:61710 - R:localhost/127.0.0.1:52649] for GET '/session/8fe5eb9e283224cdfd33dbbc9bbb0b52/alert/text'
10:09:04.372 [AsyncHttpClient-1-6] DEBUG org.asynchttpclient.netty.handler.HttpHandler - 

Request DefaultFullHttpRequest(decodeResult: success, version: HTTP/1.1, content: EmptyByteBufBE)
GET /session/8fe5eb9e283224cdfd33dbbc9bbb0b52/alert/text HTTP/1.1
User-Agent: selenium/4.4.0 (java windows)
Cache-Control: no-cache
Content-Type: application/json; charset=utf-8
host: localhost:52649
accept: */*

Response DefaultHttpResponse(decodeResult: success, version: HTTP/1.1)
HTTP/1.1 404 Not Found
Content-Type: application/json; charset=utf-8
cache-control: no-cache
content-length: 879

10:09:04.372 [AsyncHttpClient-1-6] DEBUG org.asynchttpclient.netty.channel.ChannelManager - Adding key: http://localhost:52649 for channel [id: 0xa92b6a67, L:/127.0.0.1:61710 - R:localhost/127.0.0.1:52649]
10:09:04.377 [Forwarding switchToWindow on session 8fe5eb9e283224cdfd33dbbc9bbb0b52 to remote] DEBUG org.asynchttpclient.netty.request.NettyRequestSender - Using pooled Channel '[id: 0xa92b6a67, L:/127.0.0.1:61710 - R:localhost/127.0.0.1:52649]' for 'POST' to 'http://localhost:52649/session/8fe5eb9e283224cdfd33dbbc9bbb0b52/window'
10:09:04.377 [Forwarding switchToWindow on session 8fe5eb9e283224cdfd33dbbc9bbb0b52 to remote] DEBUG org.asynchttpclient.netty.request.NettyRequestSender - Using open Channel [id: 0xa92b6a67, L:/127.0.0.1:61710 - R:localhost/127.0.0.1:52649] for POST '/session/8fe5eb9e283224cdfd33dbbc9bbb0b52/window'
10:09:04.379 [AsyncHttpClient-1-6] DEBUG org.asynchttpclient.netty.handler.HttpHandler - 

Request DefaultHttpRequest(decodeResult: success, version: HTTP/1.1)
POST /session/8fe5eb9e283224cdfd33dbbc9bbb0b52/window HTTP/1.1
User-Agent: selenium/4.4.0 (java windows)
Content-Length: 59
Content-Type: application/json; charset=utf-8
host: localhost:52649
accept: */*

Response DefaultHttpResponse(decodeResult: success, version: HTTP/1.1)
HTTP/1.1 200 OK
Content-Type: application/json; charset=utf-8
cache-control: no-cache
content-length: 14

10:09:04.379 [AsyncHttpClient-1-6] DEBUG org.asynchttpclient.netty.channel.ChannelManager - Adding key: http://localhost:52649 for channel [id: 0xa92b6a67, L:/127.0.0.1:61710 - R:localhost/127.0.0.1:52649]
10:09:04.379 [Forwarding getCurrentUrl on session 8fe5eb9e283224cdfd33dbbc9bbb0b52 to remote] DEBUG org.asynchttpclient.netty.request.NettyRequestSender - Using pooled Channel '[id: 0xa92b6a67, L:/127.0.0.1:61710 - R:localhost/127.0.0.1:52649]' for 'GET' to 'http://localhost:52649/session/8fe5eb9e283224cdfd33dbbc9bbb0b52/url'
10:09:04.379 [Forwarding getCurrentUrl on session 8fe5eb9e283224cdfd33dbbc9bbb0b52 to remote] DEBUG org.asynchttpclient.netty.request.NettyRequestSender - Using open Channel [id: 0xa92b6a67, L:/127.0.0.1:61710 - R:localhost/127.0.0.1:52649] for GET '/session/8fe5eb9e283224cdfd33dbbc9bbb0b52/url'
10:09:04.381 [AsyncHttpClient-1-6] DEBUG org.asynchttpclient.netty.handler.HttpHandler - 

Request DefaultFullHttpRequest(decodeResult: success, version: HTTP/1.1, content: EmptyByteBufBE)
GET /session/8fe5eb9e283224cdfd33dbbc9bbb0b52/url HTTP/1.1
User-Agent: selenium/4.4.0 (java windows)
Cache-Control: no-cache
Content-Type: application/json; charset=utf-8
host: localhost:52649
accept: */*

Response DefaultHttpResponse(decodeResult: success, version: HTTP/1.1)
HTTP/1.1 200 OK
Content-Type: application/json; charset=utf-8
cache-control: no-cache
content-length: 52

10:09:04.382 [AsyncHttpClient-1-6] DEBUG org.asynchttpclient.netty.channel.ChannelManager - Adding key: http://localhost:52649 for channel [id: 0xa92b6a67, L:/127.0.0.1:61710 - R:localhost/127.0.0.1:52649]
10:09:04.382 [Forwarding screenshot on session 8fe5eb9e283224cdfd33dbbc9bbb0b52 to remote] DEBUG org.asynchttpclient.netty.request.NettyRequestSender - Using pooled Channel '[id: 0xa92b6a67, L:/127.0.0.1:61710 - R:localhost/127.0.0.1:52649]' for 'GET' to 'http://localhost:52649/session/8fe5eb9e283224cdfd33dbbc9bbb0b52/screenshot'
10:09:04.382 [Forwarding screenshot on session 8fe5eb9e283224cdfd33dbbc9bbb0b52 to remote] DEBUG org.asynchttpclient.netty.request.NettyRequestSender - Using open Channel [id: 0xa92b6a67, L:/127.0.0.1:61710 - R:localhost/127.0.0.1:52649] for GET '/session/8fe5eb9e283224cdfd33dbbc9bbb0b52/screenshot'
10:09:04.483 [AsyncHttpClient-1-6] DEBUG org.asynchttpclient.netty.handler.HttpHandler - 

Request DefaultFullHttpRequest(decodeResult: success, version: HTTP/1.1, content: EmptyByteBufBE)
GET /session/8fe5eb9e283224cdfd33dbbc9bbb0b52/screenshot HTTP/1.1
User-Agent: selenium/4.4.0 (java windows)
Cache-Control: no-cache
Content-Type: application/json; charset=utf-8
host: localhost:52649
accept: */*

Response DefaultHttpResponse(decodeResult: success, version: HTTP/1.1)
HTTP/1.1 200 OK
Content-Type: application/json; charset=utf-8
cache-control: no-cache
content-length: 374652

10:09:04.484 [AsyncHttpClient-1-6] DEBUG org.asynchttpclient.netty.channel.ChannelManager - Adding key: http://localhost:52649 for channel [id: 0xa92b6a67, L:/127.0.0.1:61710 - R:localhost/127.0.0.1:52649]
10:09:04.489 [Test worker] DEBUG net.serenitybdd.core.photography.Darkroom - Send negative for processing for C:\Users\juan.gomezv\IdeaProjects\sura\target\site\serenity\c4defe1e4f71b7a35f22431940f8ddca8b99b97d0068828f0e471a1d2b522635.png
10:09:04.491 [Forwarding getPageSource on session 8fe5eb9e283224cdfd33dbbc9bbb0b52 to remote] DEBUG org.asynchttpclient.netty.request.NettyRequestSender - Using pooled Channel '[id: 0xa92b6a67, L:/127.0.0.1:61710 - R:localhost/127.0.0.1:52649]' for 'POST' to 'http://localhost:52649/session/8fe5eb9e283224cdfd33dbbc9bbb0b52/execute/sync'
10:09:04.491 [Forwarding getPageSource on session 8fe5eb9e283224cdfd33dbbc9bbb0b52 to remote] DEBUG org.asynchttpclient.netty.request.NettyRequestSender - Using open Channel [id: 0xa92b6a67, L:/127.0.0.1:61710 - R:localhost/127.0.0.1:52649] for POST '/session/8fe5eb9e283224cdfd33dbbc9bbb0b52/execute/sync'
10:09:04.497 [AsyncHttpClient-1-6] DEBUG org.asynchttpclient.netty.handler.HttpHandler - 

Request DefaultHttpRequest(decodeResult: success, version: HTTP/1.1)
POST /session/8fe5eb9e283224cdfd33dbbc9bbb0b52/execute/sync HTTP/1.1
User-Agent: selenium/4.4.0 (java windows)
Content-Length: 176
Content-Type: application/json; charset=utf-8
host: localhost:52649
accept: */*

Response DefaultHttpResponse(decodeResult: success, version: HTTP/1.1)
HTTP/1.1 200 OK
Content-Type: application/json; charset=utf-8
cache-control: no-cache
content-length: 15270

10:09:04.497 [AsyncHttpClient-1-6] DEBUG org.asynchttpclient.netty.channel.ChannelManager - Adding key: http://localhost:52649 for channel [id: 0xa92b6a67, L:/127.0.0.1:61710 - R:localhost/127.0.0.1:52649]
10:09:04.499 [Forwarding getCurrentUrl on session 8fe5eb9e283224cdfd33dbbc9bbb0b52 to remote] DEBUG org.asynchttpclient.netty.request.NettyRequestSender - Using pooled Channel '[id: 0xa92b6a67, L:/127.0.0.1:61710 - R:localhost/127.0.0.1:52649]' for 'GET' to 'http://localhost:52649/session/8fe5eb9e283224cdfd33dbbc9bbb0b52/url'
10:09:04.499 [Forwarding getCurrentUrl on session 8fe5eb9e283224cdfd33dbbc9bbb0b52 to remote] DEBUG org.asynchttpclient.netty.request.NettyRequestSender - Using open Channel [id: 0xa92b6a67, L:/127.0.0.1:61710 - R:localhost/127.0.0.1:52649] for GET '/session/8fe5eb9e283224cdfd33dbbc9bbb0b52/url'
10:09:04.503 [AsyncHttpClient-1-6] DEBUG org.asynchttpclient.netty.handler.HttpHandler - 

Request DefaultFullHttpRequest(decodeResult: success, version: HTTP/1.1, content: EmptyByteBufBE)
GET /session/8fe5eb9e283224cdfd33dbbc9bbb0b52/url HTTP/1.1
User-Agent: selenium/4.4.0 (java windows)
Cache-Control: no-cache
Content-Type: application/json; charset=utf-8
host: localhost:52649
accept: */*

Response DefaultHttpResponse(decodeResult: success, version: HTTP/1.1)
HTTP/1.1 200 OK
Content-Type: application/json; charset=utf-8
cache-control: no-cache
content-length: 52

10:09:04.503 [AsyncHttpClient-1-6] DEBUG org.asynchttpclient.netty.channel.ChannelManager - Adding key: http://localhost:52649 for channel [id: 0xa92b6a67, L:/127.0.0.1:61710 - R:localhost/127.0.0.1:52649]
10:09:04.505 [Test worker] DEBUG net.thucydides.core.steps.StepInterceptor - STARTING STEP: Sort.performAs - {0} selects #value in #target
10:09:04.505 [Test worker] DEBUG net.serenitybdd.screenplay.targets.IFrameSwitcher - default content already selected for dropdown menu
10:09:04.516 [Forwarding findElement on session 8fe5eb9e283224cdfd33dbbc9bbb0b52 to remote] DEBUG org.asynchttpclient.netty.request.NettyRequestSender - Using pooled Channel '[id: 0xa92b6a67, L:/127.0.0.1:61710 - R:localhost/127.0.0.1:52649]' for 'POST' to 'http://localhost:52649/session/8fe5eb9e283224cdfd33dbbc9bbb0b52/element'
10:09:04.516 [Forwarding findElement on session 8fe5eb9e283224cdfd33dbbc9bbb0b52 to remote] DEBUG org.asynchttpclient.netty.request.NettyRequestSender - Using open Channel [id: 0xa92b6a67, L:/127.0.0.1:61710 - R:localhost/127.0.0.1:52649] for POST '/session/8fe5eb9e283224cdfd33dbbc9bbb0b52/element'
10:09:04.522 [AsyncHttpClient-1-6] DEBUG org.asynchttpclient.netty.handler.HttpHandler - 

Request DefaultHttpRequest(decodeResult: success, version: HTTP/1.1)
POST /session/8fe5eb9e283224cdfd33dbbc9bbb0b52/element HTTP/1.1
User-Agent: selenium/4.4.0 (java windows)
Content-Length: 81
Content-Type: application/json; charset=utf-8
host: localhost:52649
accept: */*

Response DefaultHttpResponse(decodeResult: success, version: HTTP/1.1)
HTTP/1.1 200 OK
Content-Type: application/json; charset=utf-8
cache-control: no-cache
content-length: 88

10:09:04.523 [AsyncHttpClient-1-6] DEBUG org.asynchttpclient.netty.channel.ChannelManager - Adding key: http://localhost:52649 for channel [id: 0xa92b6a67, L:/127.0.0.1:61710 - R:localhost/127.0.0.1:52649]
10:09:04.525 [Forwarding getElementTagName on session 8fe5eb9e283224cdfd33dbbc9bbb0b52 to remote] DEBUG org.asynchttpclient.netty.request.NettyRequestSender - Using pooled Channel '[id: 0xa92b6a67, L:/127.0.0.1:61710 - R:localhost/127.0.0.1:52649]' for 'GET' to 'http://localhost:52649/session/8fe5eb9e283224cdfd33dbbc9bbb0b52/element/c3b13313-cc9a-439d-8d47-24e4dfdac9c1/name'
10:09:04.525 [Forwarding getElementTagName on session 8fe5eb9e283224cdfd33dbbc9bbb0b52 to remote] DEBUG org.asynchttpclient.netty.request.NettyRequestSender - Using open Channel [id: 0xa92b6a67, L:/127.0.0.1:61710 - R:localhost/127.0.0.1:52649] for GET '/session/8fe5eb9e283224cdfd33dbbc9bbb0b52/element/c3b13313-cc9a-439d-8d47-24e4dfdac9c1/name'
10:09:04.530 [AsyncHttpClient-1-6] DEBUG org.asynchttpclient.netty.handler.HttpHandler - 

Request DefaultFullHttpRequest(decodeResult: success, version: HTTP/1.1, content: EmptyByteBufBE)
GET /session/8fe5eb9e283224cdfd33dbbc9bbb0b52/element/c3b13313-cc9a-439d-8d47-24e4dfdac9c1/name HTTP/1.1
User-Agent: selenium/4.4.0 (java windows)
Cache-Control: no-cache
Content-Type: application/json; charset=utf-8
host: localhost:52649
accept: */*

Response DefaultHttpResponse(decodeResult: success, version: HTTP/1.1)
HTTP/1.1 200 OK
Content-Type: application/json; charset=utf-8
cache-control: no-cache
content-length: 18

10:09:04.530 [AsyncHttpClient-1-6] DEBUG org.asynchttpclient.netty.channel.ChannelManager - Adding key: http://localhost:52649 for channel [id: 0xa92b6a67, L:/127.0.0.1:61710 - R:localhost/127.0.0.1:52649]
10:09:04.533 [Forwarding getElementTagName on session 8fe5eb9e283224cdfd33dbbc9bbb0b52 to remote] DEBUG org.asynchttpclient.netty.request.NettyRequestSender - Using pooled Channel '[id: 0xa92b6a67, L:/127.0.0.1:61710 - R:localhost/127.0.0.1:52649]' for 'GET' to 'http://localhost:52649/session/8fe5eb9e283224cdfd33dbbc9bbb0b52/element/c3b13313-cc9a-439d-8d47-24e4dfdac9c1/name'
10:09:04.533 [Forwarding getElementTagName on session 8fe5eb9e283224cdfd33dbbc9bbb0b52 to remote] DEBUG org.asynchttpclient.netty.request.NettyRequestSender - Using open Channel [id: 0xa92b6a67, L:/127.0.0.1:61710 - R:localhost/127.0.0.1:52649] for GET '/session/8fe5eb9e283224cdfd33dbbc9bbb0b52/element/c3b13313-cc9a-439d-8d47-24e4dfdac9c1/name'
10:09:04.536 [AsyncHttpClient-1-6] DEBUG org.asynchttpclient.netty.handler.HttpHandler - 

Request DefaultFullHttpRequest(decodeResult: success, version: HTTP/1.1, content: EmptyByteBufBE)
GET /session/8fe5eb9e283224cdfd33dbbc9bbb0b52/element/c3b13313-cc9a-439d-8d47-24e4dfdac9c1/name HTTP/1.1
User-Agent: selenium/4.4.0 (java windows)
Cache-Control: no-cache
Content-Type: application/json; charset=utf-8
host: localhost:52649
accept: */*

Response DefaultHttpResponse(decodeResult: success, version: HTTP/1.1)
HTTP/1.1 200 OK
Content-Type: application/json; charset=utf-8
cache-control: no-cache
content-length: 18

10:09:04.536 [AsyncHttpClient-1-6] DEBUG org.asynchttpclient.netty.channel.ChannelManager - Adding key: http://localhost:52649 for channel [id: 0xa92b6a67, L:/127.0.0.1:61710 - R:localhost/127.0.0.1:52649]
10:09:04.543 [Forwarding isElementEnabled on session 8fe5eb9e283224cdfd33dbbc9bbb0b52 to remote] DEBUG org.asynchttpclient.netty.request.NettyRequestSender - Using pooled Channel '[id: 0xa92b6a67, L:/127.0.0.1:61710 - R:localhost/127.0.0.1:52649]' for 'GET' to 'http://localhost:52649/session/8fe5eb9e283224cdfd33dbbc9bbb0b52/element/c3b13313-cc9a-439d-8d47-24e4dfdac9c1/enabled'
10:09:04.543 [Forwarding isElementEnabled on session 8fe5eb9e283224cdfd33dbbc9bbb0b52 to remote] DEBUG org.asynchttpclient.netty.request.NettyRequestSender - Using open Channel [id: 0xa92b6a67, L:/127.0.0.1:61710 - R:localhost/127.0.0.1:52649] for GET '/session/8fe5eb9e283224cdfd33dbbc9bbb0b52/element/c3b13313-cc9a-439d-8d47-24e4dfdac9c1/enabled'
10:09:04.552 [AsyncHttpClient-1-6] DEBUG org.asynchttpclient.netty.handler.HttpHandler - 

Request DefaultFullHttpRequest(decodeResult: success, version: HTTP/1.1, content: EmptyByteBufBE)
GET /session/8fe5eb9e283224cdfd33dbbc9bbb0b52/element/c3b13313-cc9a-439d-8d47-24e4dfdac9c1/enabled HTTP/1.1
User-Agent: selenium/4.4.0 (java windows)
Cache-Control: no-cache
Content-Type: application/json; charset=utf-8
host: localhost:52649
accept: */*

Response DefaultHttpResponse(decodeResult: success, version: HTTP/1.1)
HTTP/1.1 200 OK
Content-Type: application/json; charset=utf-8
cache-control: no-cache
content-length: 14

10:09:04.552 [AsyncHttpClient-1-6] DEBUG org.asynchttpclient.netty.channel.ChannelManager - Adding key: http://localhost:52649 for channel [id: 0xa92b6a67, L:/127.0.0.1:61710 - R:localhost/127.0.0.1:52649]
10:09:04.554 [Forwarding isElementEnabled on session 8fe5eb9e283224cdfd33dbbc9bbb0b52 to remote] DEBUG org.asynchttpclient.netty.request.NettyRequestSender - Using pooled Channel '[id: 0xa92b6a67, L:/127.0.0.1:61710 - R:localhost/127.0.0.1:52649]' for 'GET' to 'http://localhost:52649/session/8fe5eb9e283224cdfd33dbbc9bbb0b52/element/c3b13313-cc9a-439d-8d47-24e4dfdac9c1/enabled'
10:09:04.554 [Forwarding isElementEnabled on session 8fe5eb9e283224cdfd33dbbc9bbb0b52 to remote] DEBUG org.asynchttpclient.netty.request.NettyRequestSender - Using open Channel [id: 0xa92b6a67, L:/127.0.0.1:61710 - R:localhost/127.0.0.1:52649] for GET '/session/8fe5eb9e283224cdfd33dbbc9bbb0b52/element/c3b13313-cc9a-439d-8d47-24e4dfdac9c1/enabled'
10:09:04.559 [AsyncHttpClient-1-6] DEBUG org.asynchttpclient.netty.handler.HttpHandler - 

Request DefaultFullHttpRequest(decodeResult: success, version: HTTP/1.1, content: EmptyByteBufBE)
GET /session/8fe5eb9e283224cdfd33dbbc9bbb0b52/element/c3b13313-cc9a-439d-8d47-24e4dfdac9c1/enabled HTTP/1.1
User-Agent: selenium/4.4.0 (java windows)
Cache-Control: no-cache
Content-Type: application/json; charset=utf-8
host: localhost:52649
accept: */*

Response DefaultHttpResponse(decodeResult: success, version: HTTP/1.1)
HTTP/1.1 200 OK
Content-Type: application/json; charset=utf-8
cache-control: no-cache
content-length: 14

10:09:04.559 [AsyncHttpClient-1-6] DEBUG org.asynchttpclient.netty.channel.ChannelManager - Adding key: http://localhost:52649 for channel [id: 0xa92b6a67, L:/127.0.0.1:61710 - R:localhost/127.0.0.1:52649]
10:09:04.564 [Forwarding findElement on session 8fe5eb9e283224cdfd33dbbc9bbb0b52 to remote] DEBUG org.asynchttpclient.netty.request.NettyRequestSender - Using pooled Channel '[id: 0xa92b6a67, L:/127.0.0.1:61710 - R:localhost/127.0.0.1:52649]' for 'POST' to 'http://localhost:52649/session/8fe5eb9e283224cdfd33dbbc9bbb0b52/element'
10:09:04.564 [Forwarding findElement on session 8fe5eb9e283224cdfd33dbbc9bbb0b52 to remote] DEBUG org.asynchttpclient.netty.request.NettyRequestSender - Using open Channel [id: 0xa92b6a67, L:/127.0.0.1:61710 - R:localhost/127.0.0.1:52649] for POST '/session/8fe5eb9e283224cdfd33dbbc9bbb0b52/element'
10:09:04.569 [AsyncHttpClient-1-6] DEBUG org.asynchttpclient.netty.handler.HttpHandler - 

Request DefaultHttpRequest(decodeResult: success, version: HTTP/1.1)
POST /session/8fe5eb9e283224cdfd33dbbc9bbb0b52/element HTTP/1.1
User-Agent: selenium/4.4.0 (java windows)
Content-Length: 81
Content-Type: application/json; charset=utf-8
host: localhost:52649
accept: */*

Response DefaultHttpResponse(decodeResult: success, version: HTTP/1.1)
HTTP/1.1 200 OK
Content-Type: application/json; charset=utf-8
cache-control: no-cache
content-length: 88

10:09:04.569 [AsyncHttpClient-1-6] DEBUG org.asynchttpclient.netty.channel.ChannelManager - Adding key: http://localhost:52649 for channel [id: 0xa92b6a67, L:/127.0.0.1:61710 - R:localhost/127.0.0.1:52649]
10:09:04.569 [Forwarding getElementTagName on session 8fe5eb9e283224cdfd33dbbc9bbb0b52 to remote] DEBUG org.asynchttpclient.netty.request.NettyRequestSender - Using pooled Channel '[id: 0xa92b6a67, L:/127.0.0.1:61710 - R:localhost/127.0.0.1:52649]' for 'GET' to 'http://localhost:52649/session/8fe5eb9e283224cdfd33dbbc9bbb0b52/element/c3b13313-cc9a-439d-8d47-24e4dfdac9c1/name'
10:09:04.569 [Forwarding getElementTagName on session 8fe5eb9e283224cdfd33dbbc9bbb0b52 to remote] DEBUG org.asynchttpclient.netty.request.NettyRequestSender - Using open Channel [id: 0xa92b6a67, L:/127.0.0.1:61710 - R:localhost/127.0.0.1:52649] for GET '/session/8fe5eb9e283224cdfd33dbbc9bbb0b52/element/c3b13313-cc9a-439d-8d47-24e4dfdac9c1/name'
10:09:04.572 [AsyncHttpClient-1-6] DEBUG org.asynchttpclient.netty.handler.HttpHandler - 

Request DefaultFullHttpRequest(decodeResult: success, version: HTTP/1.1, content: EmptyByteBufBE)
GET /session/8fe5eb9e283224cdfd33dbbc9bbb0b52/element/c3b13313-cc9a-439d-8d47-24e4dfdac9c1/name HTTP/1.1
User-Agent: selenium/4.4.0 (java windows)
Cache-Control: no-cache
Content-Type: application/json; charset=utf-8
host: localhost:52649
accept: */*

Response DefaultHttpResponse(decodeResult: success, version: HTTP/1.1)
HTTP/1.1 200 OK
Content-Type: application/json; charset=utf-8
cache-control: no-cache
content-length: 18

10:09:04.572 [AsyncHttpClient-1-6] DEBUG org.asynchttpclient.netty.channel.ChannelManager - Adding key: http://localhost:52649 for channel [id: 0xa92b6a67, L:/127.0.0.1:61710 - R:localhost/127.0.0.1:52649]
10:09:04.572 [Forwarding getElementDomAttribute on session 8fe5eb9e283224cdfd33dbbc9bbb0b52 to remote] DEBUG org.asynchttpclient.netty.request.NettyRequestSender - Using pooled Channel '[id: 0xa92b6a67, L:/127.0.0.1:61710 - R:localhost/127.0.0.1:52649]' for 'GET' to 'http://localhost:52649/session/8fe5eb9e283224cdfd33dbbc9bbb0b52/element/c3b13313-cc9a-439d-8d47-24e4dfdac9c1/attribute/multiple'
10:09:04.572 [Forwarding getElementDomAttribute on session 8fe5eb9e283224cdfd33dbbc9bbb0b52 to remote] DEBUG org.asynchttpclient.netty.request.NettyRequestSender - Using open Channel [id: 0xa92b6a67, L:/127.0.0.1:61710 - R:localhost/127.0.0.1:52649] for GET '/session/8fe5eb9e283224cdfd33dbbc9bbb0b52/element/c3b13313-cc9a-439d-8d47-24e4dfdac9c1/attribute/multiple'
10:09:04.574 [AsyncHttpClient-1-6] DEBUG org.asynchttpclient.netty.handler.HttpHandler - 

Request DefaultFullHttpRequest(decodeResult: success, version: HTTP/1.1, content: EmptyByteBufBE)
GET /session/8fe5eb9e283224cdfd33dbbc9bbb0b52/element/c3b13313-cc9a-439d-8d47-24e4dfdac9c1/attribute/multiple HTTP/1.1
User-Agent: selenium/4.4.0 (java windows)
Cache-Control: no-cache
Content-Type: application/json; charset=utf-8
host: localhost:52649
accept: */*

Response DefaultHttpResponse(decodeResult: success, version: HTTP/1.1)
HTTP/1.1 200 OK
Content-Type: application/json; charset=utf-8
cache-control: no-cache
content-length: 14

10:09:04.575 [AsyncHttpClient-1-6] DEBUG org.asynchttpclient.netty.channel.ChannelManager - Adding key: http://localhost:52649 for channel [id: 0xa92b6a67, L:/127.0.0.1:61710 - R:localhost/127.0.0.1:52649]
10:09:04.575 [Forwarding findChildElements on session 8fe5eb9e283224cdfd33dbbc9bbb0b52 to remote] DEBUG org.asynchttpclient.netty.request.NettyRequestSender - Using pooled Channel '[id: 0xa92b6a67, L:/127.0.0.1:61710 - R:localhost/127.0.0.1:52649]' for 'POST' to 'http://localhost:52649/session/8fe5eb9e283224cdfd33dbbc9bbb0b52/element/c3b13313-cc9a-439d-8d47-24e4dfdac9c1/elements'
10:09:04.575 [Forwarding findChildElements on session 8fe5eb9e283224cdfd33dbbc9bbb0b52 to remote] DEBUG org.asynchttpclient.netty.request.NettyRequestSender - Using open Channel [id: 0xa92b6a67, L:/127.0.0.1:61710 - R:localhost/127.0.0.1:52649] for POST '/session/8fe5eb9e283224cdfd33dbbc9bbb0b52/element/c3b13313-cc9a-439d-8d47-24e4dfdac9c1/elements'
10:09:04.581 [AsyncHttpClient-1-6] DEBUG org.asynchttpclient.netty.handler.HttpHandler - 

Request DefaultHttpRequest(decodeResult: success, version: HTTP/1.1)
POST /session/8fe5eb9e283224cdfd33dbbc9bbb0b52/element/c3b13313-cc9a-439d-8d47-24e4dfdac9c1/elements HTTP/1.1
User-Agent: selenium/4.4.0 (java windows)
Content-Length: 123
Content-Type: application/json; charset=utf-8
host: localhost:52649
accept: */*

Response DefaultHttpResponse(decodeResult: success, version: HTTP/1.1)
HTTP/1.1 200 OK
Content-Type: application/json; charset=utf-8
cache-control: no-cache
content-length: 90

10:09:04.581 [AsyncHttpClient-1-6] DEBUG org.asynchttpclient.netty.channel.ChannelManager - Adding key: http://localhost:52649 for channel [id: 0xa92b6a67, L:/127.0.0.1:61710 - R:localhost/127.0.0.1:52649]
10:09:04.582 [Forwarding isElementSelected on session 8fe5eb9e283224cdfd33dbbc9bbb0b52 to remote] DEBUG org.asynchttpclient.netty.request.NettyRequestSender - Using pooled Channel '[id: 0xa92b6a67, L:/127.0.0.1:61710 - R:localhost/127.0.0.1:52649]' for 'GET' to 'http://localhost:52649/session/8fe5eb9e283224cdfd33dbbc9bbb0b52/element/2397f506-1853-4141-9b1b-2df769399f9e/selected'
10:09:04.582 [Forwarding isElementSelected on session 8fe5eb9e283224cdfd33dbbc9bbb0b52 to remote] DEBUG org.asynchttpclient.netty.request.NettyRequestSender - Using open Channel [id: 0xa92b6a67, L:/127.0.0.1:61710 - R:localhost/127.0.0.1:52649] for GET '/session/8fe5eb9e283224cdfd33dbbc9bbb0b52/element/2397f506-1853-4141-9b1b-2df769399f9e/selected'
10:09:04.586 [AsyncHttpClient-1-6] DEBUG org.asynchttpclient.netty.handler.HttpHandler - 

Request DefaultFullHttpRequest(decodeResult: success, version: HTTP/1.1, content: EmptyByteBufBE)
GET /session/8fe5eb9e283224cdfd33dbbc9bbb0b52/element/2397f506-1853-4141-9b1b-2df769399f9e/selected HTTP/1.1
User-Agent: selenium/4.4.0 (java windows)
Cache-Control: no-cache
Content-Type: application/json; charset=utf-8
host: localhost:52649
accept: */*

Response DefaultHttpResponse(decodeResult: success, version: HTTP/1.1)
HTTP/1.1 200 OK
Content-Type: application/json; charset=utf-8
cache-control: no-cache
content-length: 15

10:09:04.586 [AsyncHttpClient-1-6] DEBUG org.asynchttpclient.netty.channel.ChannelManager - Adding key: http://localhost:52649 for channel [id: 0xa92b6a67, L:/127.0.0.1:61710 - R:localhost/127.0.0.1:52649]
10:09:04.587 [Forwarding clickElement on session 8fe5eb9e283224cdfd33dbbc9bbb0b52 to remote] DEBUG org.asynchttpclient.netty.request.NettyRequestSender - Using pooled Channel '[id: 0xa92b6a67, L:/127.0.0.1:61710 - R:localhost/127.0.0.1:52649]' for 'POST' to 'http://localhost:52649/session/8fe5eb9e283224cdfd33dbbc9bbb0b52/element/2397f506-1853-4141-9b1b-2df769399f9e/click'
10:09:04.587 [Forwarding clickElement on session 8fe5eb9e283224cdfd33dbbc9bbb0b52 to remote] DEBUG org.asynchttpclient.netty.request.NettyRequestSender - Using open Channel [id: 0xa92b6a67, L:/127.0.0.1:61710 - R:localhost/127.0.0.1:52649] for POST '/session/8fe5eb9e283224cdfd33dbbc9bbb0b52/element/2397f506-1853-4141-9b1b-2df769399f9e/click'
10:09:04.609 [AsyncHttpClient-1-6] DEBUG org.asynchttpclient.netty.handler.HttpHandler - 

Request DefaultHttpRequest(decodeResult: success, version: HTTP/1.1)
POST /session/8fe5eb9e283224cdfd33dbbc9bbb0b52/element/2397f506-1853-4141-9b1b-2df769399f9e/click HTTP/1.1
User-Agent: selenium/4.4.0 (java windows)
Content-Length: 50
Content-Type: application/json; charset=utf-8
host: localhost:52649
accept: */*

Response DefaultHttpResponse(decodeResult: success, version: HTTP/1.1)
HTTP/1.1 200 OK
Content-Type: application/json; charset=utf-8
cache-control: no-cache
content-length: 14

10:09:04.609 [AsyncHttpClient-1-6] DEBUG org.asynchttpclient.netty.channel.ChannelManager - Adding key: http://localhost:52649 for channel [id: 0xa92b6a67, L:/127.0.0.1:61710 - R:localhost/127.0.0.1:52649]
10:09:04.624 [Forwarding getCurrentWindowHandle on session 8fe5eb9e283224cdfd33dbbc9bbb0b52 to remote] DEBUG org.asynchttpclient.netty.request.NettyRequestSender - Using pooled Channel '[id: 0xa92b6a67, L:/127.0.0.1:61710 - R:localhost/127.0.0.1:52649]' for 'GET' to 'http://localhost:52649/session/8fe5eb9e283224cdfd33dbbc9bbb0b52/window'
10:09:04.624 [Forwarding getCurrentWindowHandle on session 8fe5eb9e283224cdfd33dbbc9bbb0b52 to remote] DEBUG org.asynchttpclient.netty.request.NettyRequestSender - Using open Channel [id: 0xa92b6a67, L:/127.0.0.1:61710 - R:localhost/127.0.0.1:52649] for GET '/session/8fe5eb9e283224cdfd33dbbc9bbb0b52/window'
10:09:04.625 [AsyncHttpClient-1-6] DEBUG org.asynchttpclient.netty.handler.HttpHandler - 

Request DefaultFullHttpRequest(decodeResult: success, version: HTTP/1.1, content: EmptyByteBufBE)
GET /session/8fe5eb9e283224cdfd33dbbc9bbb0b52/window HTTP/1.1
User-Agent: selenium/4.4.0 (java windows)
Cache-Control: no-cache
Content-Type: application/json; charset=utf-8
host: localhost:52649
accept: */*

Response DefaultHttpResponse(decodeResult: success, version: HTTP/1.1)
HTTP/1.1 200 OK
Content-Type: application/json; charset=utf-8
cache-control: no-cache
content-length: 53

10:09:04.625 [AsyncHttpClient-1-6] DEBUG org.asynchttpclient.netty.channel.ChannelManager - Adding key: http://localhost:52649 for channel [id: 0xa92b6a67, L:/127.0.0.1:61710 - R:localhost/127.0.0.1:52649]
10:09:04.629 [Forwarding getAlertText on session 8fe5eb9e283224cdfd33dbbc9bbb0b52 to remote] DEBUG org.asynchttpclient.netty.request.NettyRequestSender - Using pooled Channel '[id: 0xa92b6a67, L:/127.0.0.1:61710 - R:localhost/127.0.0.1:52649]' for 'GET' to 'http://localhost:52649/session/8fe5eb9e283224cdfd33dbbc9bbb0b52/alert/text'
10:09:04.629 [Forwarding getAlertText on session 8fe5eb9e283224cdfd33dbbc9bbb0b52 to remote] DEBUG org.asynchttpclient.netty.request.NettyRequestSender - Using open Channel [id: 0xa92b6a67, L:/127.0.0.1:61710 - R:localhost/127.0.0.1:52649] for GET '/session/8fe5eb9e283224cdfd33dbbc9bbb0b52/alert/text'
10:09:04.631 [AsyncHttpClient-1-6] DEBUG org.asynchttpclient.netty.handler.HttpHandler - 

Request DefaultFullHttpRequest(decodeResult: success, version: HTTP/1.1, content: EmptyByteBufBE)
GET /session/8fe5eb9e283224cdfd33dbbc9bbb0b52/alert/text HTTP/1.1
User-Agent: selenium/4.4.0 (java windows)
Cache-Control: no-cache
Content-Type: application/json; charset=utf-8
host: localhost:52649
accept: */*

Response DefaultHttpResponse(decodeResult: success, version: HTTP/1.1)
HTTP/1.1 404 Not Found
Content-Type: application/json; charset=utf-8
cache-control: no-cache
content-length: 879

10:09:04.631 [AsyncHttpClient-1-6] DEBUG org.asynchttpclient.netty.channel.ChannelManager - Adding key: http://localhost:52649 for channel [id: 0xa92b6a67, L:/127.0.0.1:61710 - R:localhost/127.0.0.1:52649]
10:09:04.635 [Forwarding switchToWindow on session 8fe5eb9e283224cdfd33dbbc9bbb0b52 to remote] DEBUG org.asynchttpclient.netty.request.NettyRequestSender - Using pooled Channel '[id: 0xa92b6a67, L:/127.0.0.1:61710 - R:localhost/127.0.0.1:52649]' for 'POST' to 'http://localhost:52649/session/8fe5eb9e283224cdfd33dbbc9bbb0b52/window'
10:09:04.635 [Forwarding switchToWindow on session 8fe5eb9e283224cdfd33dbbc9bbb0b52 to remote] DEBUG org.asynchttpclient.netty.request.NettyRequestSender - Using open Channel [id: 0xa92b6a67, L:/127.0.0.1:61710 - R:localhost/127.0.0.1:52649] for POST '/session/8fe5eb9e283224cdfd33dbbc9bbb0b52/window'
10:09:04.637 [AsyncHttpClient-1-6] DEBUG org.asynchttpclient.netty.handler.HttpHandler - 

Request DefaultHttpRequest(decodeResult: success, version: HTTP/1.1)
POST /session/8fe5eb9e283224cdfd33dbbc9bbb0b52/window HTTP/1.1
User-Agent: selenium/4.4.0 (java windows)
Content-Length: 59
Content-Type: application/json; charset=utf-8
host: localhost:52649
accept: */*

Response DefaultHttpResponse(decodeResult: success, version: HTTP/1.1)
HTTP/1.1 200 OK
Content-Type: application/json; charset=utf-8
cache-control: no-cache
content-length: 14

10:09:04.637 [AsyncHttpClient-1-6] DEBUG org.asynchttpclient.netty.channel.ChannelManager - Adding key: http://localhost:52649 for channel [id: 0xa92b6a67, L:/127.0.0.1:61710 - R:localhost/127.0.0.1:52649]
10:09:04.637 [Forwarding getCurrentUrl on session 8fe5eb9e283224cdfd33dbbc9bbb0b52 to remote] DEBUG org.asynchttpclient.netty.request.NettyRequestSender - Using pooled Channel '[id: 0xa92b6a67, L:/127.0.0.1:61710 - R:localhost/127.0.0.1:52649]' for 'GET' to 'http://localhost:52649/session/8fe5eb9e283224cdfd33dbbc9bbb0b52/url'
10:09:04.637 [Forwarding getCurrentUrl on session 8fe5eb9e283224cdfd33dbbc9bbb0b52 to remote] DEBUG org.asynchttpclient.netty.request.NettyRequestSender - Using open Channel [id: 0xa92b6a67, L:/127.0.0.1:61710 - R:localhost/127.0.0.1:52649] for GET '/session/8fe5eb9e283224cdfd33dbbc9bbb0b52/url'
10:09:04.641 [AsyncHttpClient-1-6] DEBUG org.asynchttpclient.netty.handler.HttpHandler - 

Request DefaultFullHttpRequest(decodeResult: success, version: HTTP/1.1, content: EmptyByteBufBE)
GET /session/8fe5eb9e283224cdfd33dbbc9bbb0b52/url HTTP/1.1
User-Agent: selenium/4.4.0 (java windows)
Cache-Control: no-cache
Content-Type: application/json; charset=utf-8
host: localhost:52649
accept: */*

Response DefaultHttpResponse(decodeResult: success, version: HTTP/1.1)
HTTP/1.1 200 OK
Content-Type: application/json; charset=utf-8
cache-control: no-cache
content-length: 52

10:09:04.641 [AsyncHttpClient-1-6] DEBUG org.asynchttpclient.netty.channel.ChannelManager - Adding key: http://localhost:52649 for channel [id: 0xa92b6a67, L:/127.0.0.1:61710 - R:localhost/127.0.0.1:52649]
10:09:04.642 [Forwarding screenshot on session 8fe5eb9e283224cdfd33dbbc9bbb0b52 to remote] DEBUG org.asynchttpclient.netty.request.NettyRequestSender - Using pooled Channel '[id: 0xa92b6a67, L:/127.0.0.1:61710 - R:localhost/127.0.0.1:52649]' for 'GET' to 'http://localhost:52649/session/8fe5eb9e283224cdfd33dbbc9bbb0b52/screenshot'
10:09:04.642 [Forwarding screenshot on session 8fe5eb9e283224cdfd33dbbc9bbb0b52 to remote] DEBUG org.asynchttpclient.netty.request.NettyRequestSender - Using open Channel [id: 0xa92b6a67, L:/127.0.0.1:61710 - R:localhost/127.0.0.1:52649] for GET '/session/8fe5eb9e283224cdfd33dbbc9bbb0b52/screenshot'
10:09:04.773 [AsyncHttpClient-1-6] DEBUG org.asynchttpclient.netty.handler.HttpHandler - 

Request DefaultFullHttpRequest(decodeResult: success, version: HTTP/1.1, content: EmptyByteBufBE)
GET /session/8fe5eb9e283224cdfd33dbbc9bbb0b52/screenshot HTTP/1.1
User-Agent: selenium/4.4.0 (java windows)
Cache-Control: no-cache
Content-Type: application/json; charset=utf-8
host: localhost:52649
accept: */*

Response DefaultHttpResponse(decodeResult: success, version: HTTP/1.1)
HTTP/1.1 200 OK
Content-Type: application/json; charset=utf-8
cache-control: no-cache
content-length: 340284

10:09:04.773 [AsyncHttpClient-1-6] DEBUG org.asynchttpclient.netty.channel.ChannelManager - Adding key: http://localhost:52649 for channel [id: 0xa92b6a67, L:/127.0.0.1:61710 - R:localhost/127.0.0.1:52649]
10:09:04.778 [Test worker] DEBUG net.serenitybdd.core.photography.Darkroom - Send negative for processing for C:\Users\juan.gomezv\IdeaProjects\sura\target\site\serenity\26e0e232471fa7a84706355d929a68143e47ad5cf42b9c47a2e8c6d0dd982f14.png
10:09:04.778 [Test worker] DEBUG net.thucydides.core.steps.StepInterceptor - STEP DONE: {0} selects #value in #target
10:09:04.787 [Test worker] DEBUG net.thucydides.core.steps.StepInterceptor - STEP DONE: performAs
10:09:04.798 [Test worker] DEBUG net.thucydides.core.steps.StepInterceptor - STEP DONE: performAs
  ?[32mCuando ?[0m?[32m?[0m?[32m?[1mAna?[0m?[32m selecciona la opcion ?[0m?[32m?[1m"FROM_LOW_TO_HIGH"?[0m?[32m del menu desplegable?[0m          ?[90m# sura.stepDefinitions.SearchSteps.seleccionaLaOpcionDelMenuDesplegable(net.serenitybdd.screenplay.Actor,java.lang.String)?[0m
10:09:04.818 [AsyncHttpClient-1-1] DEBUG org.asynchttpclient.netty.channel.DefaultChannelPool - Entry count for : http://localhost:52649 : 1
10:09:04.818 [AsyncHttpClient-1-1] DEBUG org.asynchttpclient.netty.channel.DefaultChannelPool - Entry count for : http://localhost:61711 : 1
10:09:04.821 [Forwarding getPageSource on session 8fe5eb9e283224cdfd33dbbc9bbb0b52 to remote] DEBUG org.asynchttpclient.netty.request.NettyRequestSender - Using pooled Channel '[id: 0xa92b6a67, L:/127.0.0.1:61710 - R:localhost/127.0.0.1:52649]' for 'POST' to 'http://localhost:52649/session/8fe5eb9e283224cdfd33dbbc9bbb0b52/execute/sync'
10:09:04.821 [Forwarding getPageSource on session 8fe5eb9e283224cdfd33dbbc9bbb0b52 to remote] DEBUG org.asynchttpclient.netty.request.NettyRequestSender - Using open Channel [id: 0xa92b6a67, L:/127.0.0.1:61710 - R:localhost/127.0.0.1:52649] for POST '/session/8fe5eb9e283224cdfd33dbbc9bbb0b52/execute/sync'
10:09:04.826 [AsyncHttpClient-1-6] DEBUG org.asynchttpclient.netty.handler.HttpHandler - 

Request DefaultHttpRequest(decodeResult: success, version: HTTP/1.1)
POST /session/8fe5eb9e283224cdfd33dbbc9bbb0b52/execute/sync HTTP/1.1
User-Agent: selenium/4.4.0 (java windows)
Content-Length: 176
Content-Type: application/json; charset=utf-8
host: localhost:52649
accept: */*

Response DefaultHttpResponse(decodeResult: success, version: HTTP/1.1)
HTTP/1.1 200 OK
Content-Type: application/json; charset=utf-8
cache-control: no-cache
content-length: 15276

10:09:04.826 [AsyncHttpClient-1-6] DEBUG org.asynchttpclient.netty.channel.ChannelManager - Adding key: http://localhost:52649 for channel [id: 0xa92b6a67, L:/127.0.0.1:61710 - R:localhost/127.0.0.1:52649]
10:09:04.828 [Forwarding getCurrentUrl on session 8fe5eb9e283224cdfd33dbbc9bbb0b52 to remote] DEBUG org.asynchttpclient.netty.request.NettyRequestSender - Using pooled Channel '[id: 0xa92b6a67, L:/127.0.0.1:61710 - R:localhost/127.0.0.1:52649]' for 'GET' to 'http://localhost:52649/session/8fe5eb9e283224cdfd33dbbc9bbb0b52/url'
10:09:04.828 [Forwarding getCurrentUrl on session 8fe5eb9e283224cdfd33dbbc9bbb0b52 to remote] DEBUG org.asynchttpclient.netty.request.NettyRequestSender - Using open Channel [id: 0xa92b6a67, L:/127.0.0.1:61710 - R:localhost/127.0.0.1:52649] for GET '/session/8fe5eb9e283224cdfd33dbbc9bbb0b52/url'
10:09:04.831 [AsyncHttpClient-1-6] DEBUG org.asynchttpclient.netty.handler.HttpHandler - 

Request DefaultFullHttpRequest(decodeResult: success, version: HTTP/1.1, content: EmptyByteBufBE)
GET /session/8fe5eb9e283224cdfd33dbbc9bbb0b52/url HTTP/1.1
User-Agent: selenium/4.4.0 (java windows)
Cache-Control: no-cache
Content-Type: application/json; charset=utf-8
host: localhost:52649
accept: */*

Response DefaultHttpResponse(decodeResult: success, version: HTTP/1.1)
HTTP/1.1 200 OK
Content-Type: application/json; charset=utf-8
cache-control: no-cache
content-length: 52

10:09:04.831 [AsyncHttpClient-1-6] DEBUG org.asynchttpclient.netty.channel.ChannelManager - Adding key: http://localhost:52649 for channel [id: 0xa92b6a67, L:/127.0.0.1:61710 - R:localhost/127.0.0.1:52649]
10:09:04.836 [Forwarding findElements on session 8fe5eb9e283224cdfd33dbbc9bbb0b52 to remote] DEBUG org.asynchttpclient.netty.request.NettyRequestSender - Using pooled Channel '[id: 0xa92b6a67, L:/127.0.0.1:61710 - R:localhost/127.0.0.1:52649]' for 'POST' to 'http://localhost:52649/session/8fe5eb9e283224cdfd33dbbc9bbb0b52/elements'
10:09:04.836 [Forwarding findElements on session 8fe5eb9e283224cdfd33dbbc9bbb0b52 to remote] DEBUG org.asynchttpclient.netty.request.NettyRequestSender - Using open Channel [id: 0xa92b6a67, L:/127.0.0.1:61710 - R:localhost/127.0.0.1:52649] for POST '/session/8fe5eb9e283224cdfd33dbbc9bbb0b52/elements'
10:09:04.844 [AsyncHttpClient-1-6] DEBUG org.asynchttpclient.netty.handler.HttpHandler - 

Request DefaultHttpRequest(decodeResult: success, version: HTTP/1.1)
POST /session/8fe5eb9e283224cdfd33dbbc9bbb0b52/elements HTTP/1.1
User-Agent: selenium/4.4.0 (java windows)
Content-Length: 59
Content-Type: application/json; charset=utf-8
host: localhost:52649
accept: */*

Response DefaultHttpResponse(decodeResult: success, version: HTTP/1.1)
HTTP/1.1 200 OK
Content-Type: application/json; charset=utf-8
cache-control: no-cache
content-length: 90

10:09:04.844 [AsyncHttpClient-1-6] DEBUG org.asynchttpclient.netty.channel.ChannelManager - Adding key: http://localhost:52649 for channel [id: 0xa92b6a67, L:/127.0.0.1:61710 - R:localhost/127.0.0.1:52649]
10:09:04.851 [Forwarding getElementText on session 8fe5eb9e283224cdfd33dbbc9bbb0b52 to remote] DEBUG org.asynchttpclient.netty.request.NettyRequestSender - Using pooled Channel '[id: 0xa92b6a67, L:/127.0.0.1:61710 - R:localhost/127.0.0.1:52649]' for 'GET' to 'http://localhost:52649/session/8fe5eb9e283224cdfd33dbbc9bbb0b52/element/25c299d0-a978-4468-b067-9c809a015142/text'
10:09:04.851 [Forwarding getElementText on session 8fe5eb9e283224cdfd33dbbc9bbb0b52 to remote] DEBUG org.asynchttpclient.netty.request.NettyRequestSender - Using open Channel [id: 0xa92b6a67, L:/127.0.0.1:61710 - R:localhost/127.0.0.1:52649] for GET '/session/8fe5eb9e283224cdfd33dbbc9bbb0b52/element/25c299d0-a978-4468-b067-9c809a015142/text'
10:09:04.874 [AsyncHttpClient-1-6] DEBUG org.asynchttpclient.netty.handler.HttpHandler - 

Request DefaultFullHttpRequest(decodeResult: success, version: HTTP/1.1, content: EmptyByteBufBE)
GET /session/8fe5eb9e283224cdfd33dbbc9bbb0b52/element/25c299d0-a978-4468-b067-9c809a015142/text HTTP/1.1
User-Agent: selenium/4.4.0 (java windows)
Cache-Control: no-cache
Content-Type: application/json; charset=utf-8
host: localhost:52649
accept: */*

Response DefaultHttpResponse(decodeResult: success, version: HTTP/1.1)
HTTP/1.1 200 OK
Content-Type: application/json; charset=utf-8
cache-control: no-cache
content-length: 1209

10:09:04.874 [AsyncHttpClient-1-6] DEBUG org.asynchttpclient.netty.channel.ChannelManager - Adding key: http://localhost:52649 for channel [id: 0xa92b6a67, L:/127.0.0.1:61710 - R:localhost/127.0.0.1:52649]
  ?[32mEntonces ?[0m?[32m?[0m?[32m?[1mAna?[0m?[32m ve que el primer articulo contiene la palabra ?[0m?[32m?[1m"Onesie"?[0m              ?[90m# sura.stepDefinitions.SearchSteps.anaVeQueElPrimerArticuloContieneLaPalabraJacket(net.serenitybdd.screenplay.Actor,java.lang.String)?[0m
10:09:04.887 [Forwarding getCurrentWindowHandle on session 8fe5eb9e283224cdfd33dbbc9bbb0b52 to remote] DEBUG org.asynchttpclient.netty.request.NettyRequestSender - Using pooled Channel '[id: 0xa92b6a67, L:/127.0.0.1:61710 - R:localhost/127.0.0.1:52649]' for 'GET' to 'http://localhost:52649/session/8fe5eb9e283224cdfd33dbbc9bbb0b52/window'
10:09:04.887 [Forwarding getCurrentWindowHandle on session 8fe5eb9e283224cdfd33dbbc9bbb0b52 to remote] DEBUG org.asynchttpclient.netty.request.NettyRequestSender - Using open Channel [id: 0xa92b6a67, L:/127.0.0.1:61710 - R:localhost/127.0.0.1:52649] for GET '/session/8fe5eb9e283224cdfd33dbbc9bbb0b52/window'
10:09:04.887 [AsyncHttpClient-1-6] DEBUG org.asynchttpclient.netty.handler.HttpHandler - 

Request DefaultFullHttpRequest(decodeResult: success, version: HTTP/1.1, content: EmptyByteBufBE)
GET /session/8fe5eb9e283224cdfd33dbbc9bbb0b52/window HTTP/1.1
User-Agent: selenium/4.4.0 (java windows)
Cache-Control: no-cache
Content-Type: application/json; charset=utf-8
host: localhost:52649
accept: */*

Response DefaultHttpResponse(decodeResult: success, version: HTTP/1.1)
HTTP/1.1 200 OK
Content-Type: application/json; charset=utf-8
cache-control: no-cache
content-length: 53

10:09:04.887 [AsyncHttpClient-1-6] DEBUG org.asynchttpclient.netty.channel.ChannelManager - Adding key: http://localhost:52649 for channel [id: 0xa92b6a67, L:/127.0.0.1:61710 - R:localhost/127.0.0.1:52649]
10:09:04.891 [Forwarding getAlertText on session 8fe5eb9e283224cdfd33dbbc9bbb0b52 to remote] DEBUG org.asynchttpclient.netty.request.NettyRequestSender - Using pooled Channel '[id: 0xa92b6a67, L:/127.0.0.1:61710 - R:localhost/127.0.0.1:52649]' for 'GET' to 'http://localhost:52649/session/8fe5eb9e283224cdfd33dbbc9bbb0b52/alert/text'
10:09:04.891 [Forwarding getAlertText on session 8fe5eb9e283224cdfd33dbbc9bbb0b52 to remote] DEBUG org.asynchttpclient.netty.request.NettyRequestSender - Using open Channel [id: 0xa92b6a67, L:/127.0.0.1:61710 - R:localhost/127.0.0.1:52649] for GET '/session/8fe5eb9e283224cdfd33dbbc9bbb0b52/alert/text'
10:09:04.893 [AsyncHttpClient-1-6] DEBUG org.asynchttpclient.netty.handler.HttpHandler - 

Request DefaultFullHttpRequest(decodeResult: success, version: HTTP/1.1, content: EmptyByteBufBE)
GET /session/8fe5eb9e283224cdfd33dbbc9bbb0b52/alert/text HTTP/1.1
User-Agent: selenium/4.4.0 (java windows)
Cache-Control: no-cache
Content-Type: application/json; charset=utf-8
host: localhost:52649
accept: */*

Response DefaultHttpResponse(decodeResult: success, version: HTTP/1.1)
HTTP/1.1 404 Not Found
Content-Type: application/json; charset=utf-8
cache-control: no-cache
content-length: 879

10:09:04.893 [AsyncHttpClient-1-6] DEBUG org.asynchttpclient.netty.channel.ChannelManager - Adding key: http://localhost:52649 for channel [id: 0xa92b6a67, L:/127.0.0.1:61710 - R:localhost/127.0.0.1:52649]
10:09:04.897 [Forwarding switchToWindow on session 8fe5eb9e283224cdfd33dbbc9bbb0b52 to remote] DEBUG org.asynchttpclient.netty.request.NettyRequestSender - Using pooled Channel '[id: 0xa92b6a67, L:/127.0.0.1:61710 - R:localhost/127.0.0.1:52649]' for 'POST' to 'http://localhost:52649/session/8fe5eb9e283224cdfd33dbbc9bbb0b52/window'
10:09:04.897 [Forwarding switchToWindow on session 8fe5eb9e283224cdfd33dbbc9bbb0b52 to remote] DEBUG org.asynchttpclient.netty.request.NettyRequestSender - Using open Channel [id: 0xa92b6a67, L:/127.0.0.1:61710 - R:localhost/127.0.0.1:52649] for POST '/session/8fe5eb9e283224cdfd33dbbc9bbb0b52/window'
10:09:04.901 [AsyncHttpClient-1-6] DEBUG org.asynchttpclient.netty.handler.HttpHandler - 

Request DefaultHttpRequest(decodeResult: success, version: HTTP/1.1)
POST /session/8fe5eb9e283224cdfd33dbbc9bbb0b52/window HTTP/1.1
User-Agent: selenium/4.4.0 (java windows)
Content-Length: 59
Content-Type: application/json; charset=utf-8
host: localhost:52649
accept: */*

Response DefaultHttpResponse(decodeResult: success, version: HTTP/1.1)
HTTP/1.1 200 OK
Content-Type: application/json; charset=utf-8
cache-control: no-cache
content-length: 14

10:09:04.901 [AsyncHttpClient-1-6] DEBUG org.asynchttpclient.netty.channel.ChannelManager - Adding key: http://localhost:52649 for channel [id: 0xa92b6a67, L:/127.0.0.1:61710 - R:localhost/127.0.0.1:52649]
10:09:04.901 [Forwarding getCurrentUrl on session 8fe5eb9e283224cdfd33dbbc9bbb0b52 to remote] DEBUG org.asynchttpclient.netty.request.NettyRequestSender - Using pooled Channel '[id: 0xa92b6a67, L:/127.0.0.1:61710 - R:localhost/127.0.0.1:52649]' for 'GET' to 'http://localhost:52649/session/8fe5eb9e283224cdfd33dbbc9bbb0b52/url'
10:09:04.901 [Forwarding getCurrentUrl on session 8fe5eb9e283224cdfd33dbbc9bbb0b52 to remote] DEBUG org.asynchttpclient.netty.request.NettyRequestSender - Using open Channel [id: 0xa92b6a67, L:/127.0.0.1:61710 - R:localhost/127.0.0.1:52649] for GET '/session/8fe5eb9e283224cdfd33dbbc9bbb0b52/url'
10:09:04.905 [AsyncHttpClient-1-6] DEBUG org.asynchttpclient.netty.handler.HttpHandler - 

Request DefaultFullHttpRequest(decodeResult: success, version: HTTP/1.1, content: EmptyByteBufBE)
GET /session/8fe5eb9e283224cdfd33dbbc9bbb0b52/url HTTP/1.1
User-Agent: selenium/4.4.0 (java windows)
Cache-Control: no-cache
Content-Type: application/json; charset=utf-8
host: localhost:52649
accept: */*

Response DefaultHttpResponse(decodeResult: success, version: HTTP/1.1)
HTTP/1.1 200 OK
Content-Type: application/json; charset=utf-8
cache-control: no-cache
content-length: 52

10:09:04.905 [AsyncHttpClient-1-6] DEBUG org.asynchttpclient.netty.channel.ChannelManager - Adding key: http://localhost:52649 for channel [id: 0xa92b6a67, L:/127.0.0.1:61710 - R:localhost/127.0.0.1:52649]
10:09:04.905 [Forwarding screenshot on session 8fe5eb9e283224cdfd33dbbc9bbb0b52 to remote] DEBUG org.asynchttpclient.netty.request.NettyRequestSender - Using pooled Channel '[id: 0xa92b6a67, L:/127.0.0.1:61710 - R:localhost/127.0.0.1:52649]' for 'GET' to 'http://localhost:52649/session/8fe5eb9e283224cdfd33dbbc9bbb0b52/screenshot'
10:09:04.905 [Forwarding screenshot on session 8fe5eb9e283224cdfd33dbbc9bbb0b52 to remote] DEBUG org.asynchttpclient.netty.request.NettyRequestSender - Using open Channel [id: 0xa92b6a67, L:/127.0.0.1:61710 - R:localhost/127.0.0.1:52649] for GET '/session/8fe5eb9e283224cdfd33dbbc9bbb0b52/screenshot'
10:09:05.017 [AsyncHttpClient-1-6] DEBUG org.asynchttpclient.netty.handler.HttpHandler - 

Request DefaultFullHttpRequest(decodeResult: success, version: HTTP/1.1, content: EmptyByteBufBE)
GET /session/8fe5eb9e283224cdfd33dbbc9bbb0b52/screenshot HTTP/1.1
User-Agent: selenium/4.4.0 (java windows)
Cache-Control: no-cache
Content-Type: application/json; charset=utf-8
host: localhost:52649
accept: */*

Response DefaultHttpResponse(decodeResult: success, version: HTTP/1.1)
HTTP/1.1 200 OK
Content-Type: application/json; charset=utf-8
cache-control: no-cache
content-length: 340284

10:09:05.017 [AsyncHttpClient-1-6] DEBUG org.asynchttpclient.netty.channel.ChannelManager - Adding key: http://localhost:52649 for channel [id: 0xa92b6a67, L:/127.0.0.1:61710 - R:localhost/127.0.0.1:52649]
10:09:05.022 [Test worker] DEBUG net.serenitybdd.core.photography.Darkroom - Send negative for processing for C:\Users\juan.gomezv\IdeaProjects\sura\target\site\serenity\26e0e232471fa7a84706355d929a68143e47ad5cf42b9c47a2e8c6d0dd982f14.png
10:09:05.023 [Test worker] INFO  - 
  _____   ___   ___   _____     ___     _     ___   ___   ___   ___  
 |_   _| | __| / __| |_   _|   | _ \   /_\   / __| / __| | __| |   \ 
   | |   | _|  \__ \   | |     |  _/  / _ \  \__ \ \__ \ | _|  | |) |
   |_|   |___| |___/   |_|     |_|   /_/ \_\ |___/ |___/ |___| |___/ 

Ordenar Productos por costos de menor a mayor valor
----------------------------------------------------------------------
10:09:05.024 [AsyncHttpClient-1-8] DEBUG org.asynchttpclient.netty.handler.WebSocketHandler - Channel Closed: [id: 0x3cae316a, L:/127.0.0.1:61718 ! R:localhost/127.0.0.1:61711] with attribute NettyResponseFuture{currentRetry=0,
	isDone=1,
	isCancelled=0,
	asyncHandler=org.asynchttpclient.ws.WebSocketUpgradeHandler@328817b4,
	nettyRequest=org.asynchttpclient.netty.request.NettyRequest@29676d9e,
	future=java.util.concurrent.CompletableFuture@3511109f[Completed normally],
	uri=ws://localhost:61711/devtools/browser/03f56688-8abf-43c2-a6a1-2759f75d7e17,
	keepAlive=true,
	redirectCount=0,
	timeoutsHolder=null,
	inAuth=0,
	touch=1664204942766}
10:09:05.024 [Driver Command Executor] DEBUG org.asynchttpclient.netty.request.NettyRequestSender - Using pooled Channel '[id: 0xa92b6a67, L:/127.0.0.1:61710 - R:localhost/127.0.0.1:52649]' for 'DELETE' to 'http://localhost:52649/session/8fe5eb9e283224cdfd33dbbc9bbb0b52'
10:09:05.024 [AsyncHttpClient-1-8] DEBUG org.asynchttpclient.netty.channel.ChannelManager - Closing Channel [id: 0x3cae316a, L:/127.0.0.1:61718 ! R:localhost/127.0.0.1:61711] 
10:09:05.024 [Driver Command Executor] DEBUG org.asynchttpclient.netty.request.NettyRequestSender - Using open Channel [id: 0xa92b6a67, L:/127.0.0.1:61710 - R:localhost/127.0.0.1:52649] for DELETE '/session/8fe5eb9e283224cdfd33dbbc9bbb0b52'
10:09:05.041 [AsyncHttpClient-1-7] DEBUG org.asynchttpclient.netty.handler.HttpHandler - Unexpected I/O exception on channel [id: 0x3a9a1d99, L:/127.0.0.1:61717 - R:localhost/127.0.0.1:61711]
java.net.SocketException: Connection reset
	at java.base/sun.nio.ch.SocketChannelImpl.throwConnectionReset(SocketChannelImpl.java:394)
	at java.base/sun.nio.ch.SocketChannelImpl.read(SocketChannelImpl.java:426)
	at io.netty.buffer.PooledByteBuf.setBytes(PooledByteBuf.java:258)
	at io.netty.buffer.AbstractByteBuf.writeBytes(AbstractByteBuf.java:1132)
	at io.netty.channel.socket.nio.NioSocketChannel.doReadBytes(NioSocketChannel.java:357)
	at io.netty.channel.nio.AbstractNioByteChannel$NioByteUnsafe.read(AbstractNioByteChannel.java:151)
	at io.netty.channel.nio.NioEventLoop.processSelectedKey(NioEventLoop.java:722)
	at io.netty.channel.nio.NioEventLoop.processSelectedKeysOptimized(NioEventLoop.java:658)
	at io.netty.channel.nio.NioEventLoop.processSelectedKeys(NioEventLoop.java:584)
	at io.netty.channel.nio.NioEventLoop.run(NioEventLoop.java:496)
	at io.netty.util.concurrent.SingleThreadEventExecutor$4.run(SingleThreadEventExecutor.java:997)
	at io.netty.util.internal.ThreadExecutorMap$2.run(ThreadExecutorMap.java:74)
	at io.netty.util.concurrent.FastThreadLocalRunnable.run(FastThreadLocalRunnable.java:30)
	at java.base/java.lang.Thread.run(Thread.java:833)
10:09:05.042 [AsyncHttpClient-1-7] DEBUG org.asynchttpclient.netty.channel.ChannelManager - Closing Channel [id: 0x3a9a1d99, L:/127.0.0.1:61717 - R:localhost/127.0.0.1:61711] 
10:09:05.042 [AsyncHttpClient-1-7] DEBUG org.asynchttpclient.netty.handler.HttpHandler - Channel Closed: [id: 0x3a9a1d99, L:/127.0.0.1:61717 ! R:localhost/127.0.0.1:61711] with attribute DISCARD
10:09:05.056 [AsyncHttpClient-1-6] DEBUG org.asynchttpclient.netty.handler.HttpHandler - 

Request DefaultFullHttpRequest(decodeResult: success, version: HTTP/1.1, content: EmptyByteBufBE)
DELETE /session/8fe5eb9e283224cdfd33dbbc9bbb0b52 HTTP/1.1
User-Agent: selenium/4.4.0 (java windows)
Content-Type: application/json; charset=utf-8
host: localhost:52649
accept: */*

Response DefaultHttpResponse(decodeResult: success, version: HTTP/1.1)
HTTP/1.1 200 OK
Content-Type: application/json; charset=utf-8
cache-control: no-cache
content-length: 14

10:09:05.056 [AsyncHttpClient-1-6] DEBUG org.asynchttpclient.netty.channel.ChannelManager - Adding key: http://localhost:52649 for channel [id: 0xa92b6a67, L:/127.0.0.1:61710 - R:localhost/127.0.0.1:52649]
10:09:05.108 [AsyncHttpClient-1-6] DEBUG org.asynchttpclient.netty.handler.HttpHandler - Channel Closed: [id: 0xa92b6a67, L:/127.0.0.1:61710 ! R:localhost/127.0.0.1:52649] with attribute DISCARD

Escenario: Ordenar Productos por costos de mayor a menor                           ?[90m# src/test/resources/features/search.feature:19?[0m
10:09:05.151 [Test worker] INFO io.cucumber.core.plugin.SerenityReporter - Running feature from file:///C:/Users/juan.gomezv/IdeaProjects/sura/src/test/resources/features/search.feature
10:09:05.152 [Test worker] INFO  - 
  _____   ___   ___   _____     ___   _____     _     ___   _____   ___   ___  
 |_   _| | __| / __| |_   _|   / __| |_   _|   /_\   | _ \ |_   _| | __| |   \ 
   | |   | _|  \__ \   | |     \__ \   | |    / _ \  |   /   | |   | _|  | |) |
   |_|   |___| |___/   |_|     |___/   |_|   /_/ \_\ |_|_\   |_|   |___| |___/ 

Ordenar Productos por costos de mayor a menor(buscar-productos;ordenar-productos-por-costos-de-mayor-a-menor)
--------------------------------------------------------------------------------
10:09:05.158 [Test worker] DEBUG net.thucydides.core.steps.StepInterceptor - STARTING STEP: SharedBackgroundSteps.ingresaConUnaCuentaValidaASwaglabs - {0} abre la aplicaciÃ³n
10:09:05.160 [Test worker] DEBUG net.thucydides.core.steps.StepInterceptor - STARTING STEP: NavigateTo.performAs - {0} opens the #targetPageName
10:09:05.204 [Test worker] INFO net.serenitybdd.core.webdriver.driverproviders.ChromeDriverProvider - Starting Chrome driver instance with capabilities:
10:09:05.205 [Test worker] INFO net.serenitybdd.core.webdriver.driverproviders.ChromeDriverProvider - Capabilities {acceptInsecureCerts: false, browserName: chrome, goog:chromeOptions: {args: [], extensions: []}}
10:09:05.281 [AsyncHttpClient-1-9] DEBUG org.asynchttpclient.netty.channel.NettyConnectListener - Using new Channel '[id: 0x33a9e480, L:/127.0.0.1:61735 - R:localhost/127.0.0.1:56732]' for 'POST' to '/session'
10:09:05.840 [AsyncHttpClient-1-9] DEBUG org.asynchttpclient.netty.handler.HttpHandler - 

Request DefaultHttpRequest(decodeResult: success, version: HTTP/1.1)
POST /session HTTP/1.1
User-Agent: selenium/4.4.0 (java windows)
Content-Length: 437
Content-Type: application/json; charset=utf-8
host: localhost:56732
accept: */*

Response DefaultHttpResponse(decodeResult: success, version: HTTP/1.1)
HTTP/1.1 200 OK
Content-Type: application/json; charset=utf-8
cache-control: no-cache
content-length: 796

10:09:05.840 [AsyncHttpClient-1-9] DEBUG org.asynchttpclient.netty.channel.ChannelManager - Adding key: http://localhost:56732 for channel [id: 0x33a9e480, L:/127.0.0.1:61735 - R:localhost/127.0.0.1:56732]
10:09:05.844 [AsyncHttpClient-1-10] DEBUG org.asynchttpclient.netty.channel.NettyConnectListener - Using new Channel '[id: 0x363a0d55, L:/127.0.0.1:61743 - R:localhost/127.0.0.1:61737]' for 'GET' to '/json/version'
10:09:05.844 [AsyncHttpClient-1-10] DEBUG org.asynchttpclient.netty.handler.HttpHandler - 

Request DefaultFullHttpRequest(decodeResult: success, version: HTTP/1.1, content: EmptyByteBufBE)
GET /json/version HTTP/1.1
User-Agent: selenium/4.4.0 (java windows)
host: localhost:61737
accept: */*

Response DefaultHttpResponse(decodeResult: success, version: HTTP/1.1)
HTTP/1.1 200 OK
Content-Type: application/json; charset=UTF-8
content-length: 423

10:09:05.844 [AsyncHttpClient-1-10] DEBUG org.asynchttpclient.netty.channel.ChannelManager - Adding key: http://localhost:61737 for channel [id: 0x363a0d55, L:/127.0.0.1:61743 - R:localhost/127.0.0.1:61737]
10:09:05.846 [AsyncHttpClient-1-11] DEBUG org.asynchttpclient.netty.channel.NettyConnectListener - Using new Channel '[id: 0x3bd7c041, L:/127.0.0.1:61744 - R:localhost/127.0.0.1:61737]' for 'GET' to '/devtools/browser/19f38932-08e8-4d7a-88b4-198c2122575d'
10:09:05.846 [AsyncHttpClient-1-11] DEBUG org.asynchttpclient.netty.handler.WebSocketHandler - 

Request DefaultFullHttpRequest(decodeResult: success, version: HTTP/1.1, content: EmptyByteBufBE)
GET /devtools/browser/19f38932-08e8-4d7a-88b4-198c2122575d HTTP/1.1
upgrade: websocket
connection: upgrade
sec-websocket-key: u+nAz8Im5NGz1vaTEH1tyQ==
sec-websocket-version: 13
origin: http://localhost:61737
host: localhost:61737
accept: */*
user-agent: AHC/2.1

Response DefaultHttpResponse(decodeResult: success, version: HTTP/1.1)
HTTP/1.1 101 WebSocket Protocol Handshake
Upgrade: WebSocket
Connection: Upgrade
Sec-WebSocket-Accept: mf4magaLp3/Ax52cRF0HxiSRQ2I=

10:09:05.848 [Forwarding get on session c3d7967bf0d238ece3df278bb0313c12 to remote] DEBUG org.asynchttpclient.netty.request.NettyRequestSender - Using pooled Channel '[id: 0x33a9e480, L:/127.0.0.1:61735 - R:localhost/127.0.0.1:56732]' for 'POST' to 'http://localhost:56732/session/c3d7967bf0d238ece3df278bb0313c12/url'
10:09:05.848 [Forwarding get on session c3d7967bf0d238ece3df278bb0313c12 to remote] DEBUG org.asynchttpclient.netty.request.NettyRequestSender - Using open Channel [id: 0x33a9e480, L:/127.0.0.1:61735 - R:localhost/127.0.0.1:56732] for POST '/session/c3d7967bf0d238ece3df278bb0313c12/url'
10:09:05.909 [AsyncHttpClient-1-1] DEBUG org.asynchttpclient.netty.channel.DefaultChannelPool - Entry count for : http://localhost:52649 : 1
10:09:05.909 [AsyncHttpClient-1-1] DEBUG org.asynchttpclient.netty.channel.DefaultChannelPool - Entry count for : http://localhost:61737 : 1
10:09:05.909 [AsyncHttpClient-1-1] DEBUG org.asynchttpclient.netty.channel.DefaultChannelPool - Entry count for : http://localhost:61711 : 1
10:09:05.911 [AsyncHttpClient-1-1] DEBUG org.asynchttpclient.netty.channel.DefaultChannelPool - Adding Candidate expired Channel [id: 0xa92b6a67, L:/127.0.0.1:61710 ! R:localhost/127.0.0.1:52649] isIdleTimeoutExpired=false isRemotelyClosed=true isTtlExpired=false
10:09:05.911 [AsyncHttpClient-1-1] DEBUG org.asynchttpclient.netty.channel.DefaultChannelPool - Closing Idle Channel [id: 0xa92b6a67, L:/127.0.0.1:61710 ! R:localhost/127.0.0.1:52649]
10:09:05.911 [AsyncHttpClient-1-1] DEBUG org.asynchttpclient.netty.channel.DefaultChannelPool - Adding Candidate expired Channel [id: 0x3a9a1d99, L:/127.0.0.1:61717 ! R:localhost/127.0.0.1:61711] isIdleTimeoutExpired=false isRemotelyClosed=true isTtlExpired=false
10:09:05.911 [AsyncHttpClient-1-1] DEBUG org.asynchttpclient.netty.channel.DefaultChannelPool - Closing Idle Channel [id: 0x3a9a1d99, L:/127.0.0.1:61717 ! R:localhost/127.0.0.1:61711]
10:09:05.911 [AsyncHttpClient-1-1] DEBUG org.asynchttpclient.netty.channel.DefaultChannelPool - Closed 2 connections out of 3 in 1 ms
10:09:06.155 [AsyncHttpClient-1-9] DEBUG org.asynchttpclient.netty.handler.HttpHandler - 

Request DefaultHttpRequest(decodeResult: success, version: HTTP/1.1)
POST /session/c3d7967bf0d238ece3df278bb0313c12/url HTTP/1.1
User-Agent: selenium/4.4.0 (java windows)
Content-Length: 40
Content-Type: application/json; charset=utf-8
host: localhost:56732
accept: */*

Response DefaultHttpResponse(decodeResult: success, version: HTTP/1.1)
HTTP/1.1 200 OK
Content-Type: application/json; charset=utf-8
cache-control: no-cache
content-length: 14

10:09:06.155 [AsyncHttpClient-1-9] DEBUG org.asynchttpclient.netty.channel.ChannelManager - Adding key: http://localhost:56732 for channel [id: 0x33a9e480, L:/127.0.0.1:61735 - R:localhost/127.0.0.1:56732]
10:09:06.156 [Forwarding setTimeout on session c3d7967bf0d238ece3df278bb0313c12 to remote] DEBUG org.asynchttpclient.netty.request.NettyRequestSender - Using pooled Channel '[id: 0x33a9e480, L:/127.0.0.1:61735 - R:localhost/127.0.0.1:56732]' for 'POST' to 'http://localhost:56732/session/c3d7967bf0d238ece3df278bb0313c12/timeouts'
10:09:06.156 [Forwarding setTimeout on session c3d7967bf0d238ece3df278bb0313c12 to remote] DEBUG org.asynchttpclient.netty.request.NettyRequestSender - Using open Channel [id: 0x33a9e480, L:/127.0.0.1:61735 - R:localhost/127.0.0.1:56732] for POST '/session/c3d7967bf0d238ece3df278bb0313c12/timeouts'
10:09:06.158 [AsyncHttpClient-1-9] DEBUG org.asynchttpclient.netty.handler.HttpHandler - 

Request DefaultHttpRequest(decodeResult: success, version: HTTP/1.1)
POST /session/c3d7967bf0d238ece3df278bb0313c12/timeouts HTTP/1.1
User-Agent: selenium/4.4.0 (java windows)
Content-Length: 22
Content-Type: application/json; charset=utf-8
host: localhost:56732
accept: */*

Response DefaultHttpResponse(decodeResult: success, version: HTTP/1.1)
HTTP/1.1 200 OK
Content-Type: application/json; charset=utf-8
cache-control: no-cache
content-length: 14

10:09:06.158 [AsyncHttpClient-1-9] DEBUG org.asynchttpclient.netty.channel.ChannelManager - Adding key: http://localhost:56732 for channel [id: 0x33a9e480, L:/127.0.0.1:61735 - R:localhost/127.0.0.1:56732]
10:09:06.165 [Forwarding getCurrentUrl on session c3d7967bf0d238ece3df278bb0313c12 to remote] DEBUG org.asynchttpclient.netty.request.NettyRequestSender - Using pooled Channel '[id: 0x33a9e480, L:/127.0.0.1:61735 - R:localhost/127.0.0.1:56732]' for 'GET' to 'http://localhost:56732/session/c3d7967bf0d238ece3df278bb0313c12/url'
10:09:06.165 [Forwarding getCurrentUrl on session c3d7967bf0d238ece3df278bb0313c12 to remote] DEBUG org.asynchttpclient.netty.request.NettyRequestSender - Using open Channel [id: 0x33a9e480, L:/127.0.0.1:61735 - R:localhost/127.0.0.1:56732] for GET '/session/c3d7967bf0d238ece3df278bb0313c12/url'
10:09:06.170 [AsyncHttpClient-1-9] DEBUG org.asynchttpclient.netty.handler.HttpHandler - 

Request DefaultFullHttpRequest(decodeResult: success, version: HTTP/1.1, content: EmptyByteBufBE)
GET /session/c3d7967bf0d238ece3df278bb0313c12/url HTTP/1.1
User-Agent: selenium/4.4.0 (java windows)
Cache-Control: no-cache
Content-Type: application/json; charset=utf-8
host: localhost:56732
accept: */*

Response DefaultHttpResponse(decodeResult: success, version: HTTP/1.1)
HTTP/1.1 200 OK
Content-Type: application/json; charset=utf-8
cache-control: no-cache
content-length: 38

10:09:06.170 [AsyncHttpClient-1-9] DEBUG org.asynchttpclient.netty.channel.ChannelManager - Adding key: http://localhost:56732 for channel [id: 0x33a9e480, L:/127.0.0.1:61735 - R:localhost/127.0.0.1:56732]
10:09:06.180 [Forwarding getCurrentUrl on session c3d7967bf0d238ece3df278bb0313c12 to remote] DEBUG org.asynchttpclient.netty.request.NettyRequestSender - Using pooled Channel '[id: 0x33a9e480, L:/127.0.0.1:61735 - R:localhost/127.0.0.1:56732]' for 'GET' to 'http://localhost:56732/session/c3d7967bf0d238ece3df278bb0313c12/url'
10:09:06.180 [Forwarding getCurrentUrl on session c3d7967bf0d238ece3df278bb0313c12 to remote] DEBUG org.asynchttpclient.netty.request.NettyRequestSender - Using open Channel [id: 0x33a9e480, L:/127.0.0.1:61735 - R:localhost/127.0.0.1:56732] for GET '/session/c3d7967bf0d238ece3df278bb0313c12/url'
10:09:06.183 [AsyncHttpClient-1-9] DEBUG org.asynchttpclient.netty.handler.HttpHandler - 

Request DefaultFullHttpRequest(decodeResult: success, version: HTTP/1.1, content: EmptyByteBufBE)
GET /session/c3d7967bf0d238ece3df278bb0313c12/url HTTP/1.1
User-Agent: selenium/4.4.0 (java windows)
Cache-Control: no-cache
Content-Type: application/json; charset=utf-8
host: localhost:56732
accept: */*

Response DefaultHttpResponse(decodeResult: success, version: HTTP/1.1)
HTTP/1.1 200 OK
Content-Type: application/json; charset=utf-8
cache-control: no-cache
content-length: 38

10:09:06.183 [AsyncHttpClient-1-9] DEBUG org.asynchttpclient.netty.channel.ChannelManager - Adding key: http://localhost:56732 for channel [id: 0x33a9e480, L:/127.0.0.1:61735 - R:localhost/127.0.0.1:56732]
10:09:06.196 [Forwarding getCurrentWindowHandle on session c3d7967bf0d238ece3df278bb0313c12 to remote] DEBUG org.asynchttpclient.netty.request.NettyRequestSender - Using pooled Channel '[id: 0x33a9e480, L:/127.0.0.1:61735 - R:localhost/127.0.0.1:56732]' for 'GET' to 'http://localhost:56732/session/c3d7967bf0d238ece3df278bb0313c12/window'
10:09:06.196 [Forwarding getCurrentWindowHandle on session c3d7967bf0d238ece3df278bb0313c12 to remote] DEBUG org.asynchttpclient.netty.request.NettyRequestSender - Using open Channel [id: 0x33a9e480, L:/127.0.0.1:61735 - R:localhost/127.0.0.1:56732] for GET '/session/c3d7967bf0d238ece3df278bb0313c12/window'
10:09:06.197 [AsyncHttpClient-1-9] DEBUG org.asynchttpclient.netty.handler.HttpHandler - 

Request DefaultFullHttpRequest(decodeResult: success, version: HTTP/1.1, content: EmptyByteBufBE)
GET /session/c3d7967bf0d238ece3df278bb0313c12/window HTTP/1.1
User-Agent: selenium/4.4.0 (java windows)
Cache-Control: no-cache
Content-Type: application/json; charset=utf-8
host: localhost:56732
accept: */*

Response DefaultHttpResponse(decodeResult: success, version: HTTP/1.1)
HTTP/1.1 200 OK
Content-Type: application/json; charset=utf-8
cache-control: no-cache
content-length: 53

10:09:06.197 [AsyncHttpClient-1-9] DEBUG org.asynchttpclient.netty.channel.ChannelManager - Adding key: http://localhost:56732 for channel [id: 0x33a9e480, L:/127.0.0.1:61735 - R:localhost/127.0.0.1:56732]
10:09:06.200 [Forwarding getAlertText on session c3d7967bf0d238ece3df278bb0313c12 to remote] DEBUG org.asynchttpclient.netty.request.NettyRequestSender - Using pooled Channel '[id: 0x33a9e480, L:/127.0.0.1:61735 - R:localhost/127.0.0.1:56732]' for 'GET' to 'http://localhost:56732/session/c3d7967bf0d238ece3df278bb0313c12/alert/text'
10:09:06.200 [Forwarding getAlertText on session c3d7967bf0d238ece3df278bb0313c12 to remote] DEBUG org.asynchttpclient.netty.request.NettyRequestSender - Using open Channel [id: 0x33a9e480, L:/127.0.0.1:61735 - R:localhost/127.0.0.1:56732] for GET '/session/c3d7967bf0d238ece3df278bb0313c12/alert/text'
10:09:06.201 [AsyncHttpClient-1-9] DEBUG org.asynchttpclient.netty.handler.HttpHandler - 

Request DefaultFullHttpRequest(decodeResult: success, version: HTTP/1.1, content: EmptyByteBufBE)
GET /session/c3d7967bf0d238ece3df278bb0313c12/alert/text HTTP/1.1
User-Agent: selenium/4.4.0 (java windows)
Cache-Control: no-cache
Content-Type: application/json; charset=utf-8
host: localhost:56732
accept: */*

Response DefaultHttpResponse(decodeResult: success, version: HTTP/1.1)
HTTP/1.1 404 Not Found
Content-Type: application/json; charset=utf-8
cache-control: no-cache
content-length: 879

10:09:06.201 [AsyncHttpClient-1-9] DEBUG org.asynchttpclient.netty.channel.ChannelManager - Adding key: http://localhost:56732 for channel [id: 0x33a9e480, L:/127.0.0.1:61735 - R:localhost/127.0.0.1:56732]
10:09:06.207 [Forwarding switchToWindow on session c3d7967bf0d238ece3df278bb0313c12 to remote] DEBUG org.asynchttpclient.netty.request.NettyRequestSender - Using pooled Channel '[id: 0x33a9e480, L:/127.0.0.1:61735 - R:localhost/127.0.0.1:56732]' for 'POST' to 'http://localhost:56732/session/c3d7967bf0d238ece3df278bb0313c12/window'
10:09:06.207 [Forwarding switchToWindow on session c3d7967bf0d238ece3df278bb0313c12 to remote] DEBUG org.asynchttpclient.netty.request.NettyRequestSender - Using open Channel [id: 0x33a9e480, L:/127.0.0.1:61735 - R:localhost/127.0.0.1:56732] for POST '/session/c3d7967bf0d238ece3df278bb0313c12/window'
10:09:06.210 [AsyncHttpClient-1-9] DEBUG org.asynchttpclient.netty.handler.HttpHandler - 

Request DefaultHttpRequest(decodeResult: success, version: HTTP/1.1)
POST /session/c3d7967bf0d238ece3df278bb0313c12/window HTTP/1.1
User-Agent: selenium/4.4.0 (java windows)
Content-Length: 59
Content-Type: application/json; charset=utf-8
host: localhost:56732
accept: */*

Response DefaultHttpResponse(decodeResult: success, version: HTTP/1.1)
HTTP/1.1 200 OK
Content-Type: application/json; charset=utf-8
cache-control: no-cache
content-length: 14

10:09:06.210 [AsyncHttpClient-1-9] DEBUG org.asynchttpclient.netty.channel.ChannelManager - Adding key: http://localhost:56732 for channel [id: 0x33a9e480, L:/127.0.0.1:61735 - R:localhost/127.0.0.1:56732]
10:09:06.210 [Forwarding getCurrentUrl on session c3d7967bf0d238ece3df278bb0313c12 to remote] DEBUG org.asynchttpclient.netty.request.NettyRequestSender - Using pooled Channel '[id: 0x33a9e480, L:/127.0.0.1:61735 - R:localhost/127.0.0.1:56732]' for 'GET' to 'http://localhost:56732/session/c3d7967bf0d238ece3df278bb0313c12/url'
10:09:06.210 [Forwarding getCurrentUrl on session c3d7967bf0d238ece3df278bb0313c12 to remote] DEBUG org.asynchttpclient.netty.request.NettyRequestSender - Using open Channel [id: 0x33a9e480, L:/127.0.0.1:61735 - R:localhost/127.0.0.1:56732] for GET '/session/c3d7967bf0d238ece3df278bb0313c12/url'
10:09:06.212 [AsyncHttpClient-1-9] DEBUG org.asynchttpclient.netty.handler.HttpHandler - 

Request DefaultFullHttpRequest(decodeResult: success, version: HTTP/1.1, content: EmptyByteBufBE)
GET /session/c3d7967bf0d238ece3df278bb0313c12/url HTTP/1.1
User-Agent: selenium/4.4.0 (java windows)
Cache-Control: no-cache
Content-Type: application/json; charset=utf-8
host: localhost:56732
accept: */*

Response DefaultHttpResponse(decodeResult: success, version: HTTP/1.1)
HTTP/1.1 200 OK
Content-Type: application/json; charset=utf-8
cache-control: no-cache
content-length: 38

10:09:06.212 [AsyncHttpClient-1-9] DEBUG org.asynchttpclient.netty.channel.ChannelManager - Adding key: http://localhost:56732 for channel [id: 0x33a9e480, L:/127.0.0.1:61735 - R:localhost/127.0.0.1:56732]
10:09:06.213 [Forwarding screenshot on session c3d7967bf0d238ece3df278bb0313c12 to remote] DEBUG org.asynchttpclient.netty.request.NettyRequestSender - Using pooled Channel '[id: 0x33a9e480, L:/127.0.0.1:61735 - R:localhost/127.0.0.1:56732]' for 'GET' to 'http://localhost:56732/session/c3d7967bf0d238ece3df278bb0313c12/screenshot'
10:09:06.213 [Forwarding screenshot on session c3d7967bf0d238ece3df278bb0313c12 to remote] DEBUG org.asynchttpclient.netty.request.NettyRequestSender - Using open Channel [id: 0x33a9e480, L:/127.0.0.1:61735 - R:localhost/127.0.0.1:56732] for GET '/session/c3d7967bf0d238ece3df278bb0313c12/screenshot'
10:09:06.301 [AsyncHttpClient-1-9] DEBUG org.asynchttpclient.netty.handler.HttpHandler - 

Request DefaultFullHttpRequest(decodeResult: success, version: HTTP/1.1, content: EmptyByteBufBE)
GET /session/c3d7967bf0d238ece3df278bb0313c12/screenshot HTTP/1.1
User-Agent: selenium/4.4.0 (java windows)
Cache-Control: no-cache
Content-Type: application/json; charset=utf-8
host: localhost:56732
accept: */*

Response DefaultHttpResponse(decodeResult: success, version: HTTP/1.1)
HTTP/1.1 200 OK
Content-Type: application/json; charset=utf-8
cache-control: no-cache
content-length: 59108

10:09:06.301 [AsyncHttpClient-1-9] DEBUG org.asynchttpclient.netty.channel.ChannelManager - Adding key: http://localhost:56732 for channel [id: 0x33a9e480, L:/127.0.0.1:61735 - R:localhost/127.0.0.1:56732]
10:09:06.303 [Test worker] DEBUG net.serenitybdd.core.photography.Darkroom - Send negative for processing for C:\Users\juan.gomezv\IdeaProjects\sura\target\site\serenity\60e3c498caf7a8fcf635471a5092c247627e1395d91e12246eaf1a3e7a34e095.png
10:09:06.303 [Test worker] DEBUG net.thucydides.core.steps.StepInterceptor - STEP DONE: {0} opens the #targetPageName
10:09:06.311 [Test worker] DEBUG net.thucydides.core.steps.StepInterceptor - STEP DONE: {0} abre la aplicaciÃ³n
10:09:06.319 [Forwarding getPageSource on session c3d7967bf0d238ece3df278bb0313c12 to remote] DEBUG org.asynchttpclient.netty.request.NettyRequestSender - Using pooled Channel '[id: 0x33a9e480, L:/127.0.0.1:61735 - R:localhost/127.0.0.1:56732]' for 'POST' to 'http://localhost:56732/session/c3d7967bf0d238ece3df278bb0313c12/execute/sync'
10:09:06.319 [Forwarding getPageSource on session c3d7967bf0d238ece3df278bb0313c12 to remote] DEBUG org.asynchttpclient.netty.request.NettyRequestSender - Using open Channel [id: 0x33a9e480, L:/127.0.0.1:61735 - R:localhost/127.0.0.1:56732] for POST '/session/c3d7967bf0d238ece3df278bb0313c12/execute/sync'
10:09:06.323 [AsyncHttpClient-1-9] DEBUG org.asynchttpclient.netty.handler.HttpHandler - 

Request DefaultHttpRequest(decodeResult: success, version: HTTP/1.1)
POST /session/c3d7967bf0d238ece3df278bb0313c12/execute/sync HTTP/1.1
User-Agent: selenium/4.4.0 (java windows)
Content-Length: 176
Content-Type: application/json; charset=utf-8
host: localhost:56732
accept: */*

Response DefaultHttpResponse(decodeResult: success, version: HTTP/1.1)
HTTP/1.1 200 OK
Content-Type: application/json; charset=utf-8
cache-control: no-cache
content-length: 4160

10:09:06.323 [AsyncHttpClient-1-9] DEBUG org.asynchttpclient.netty.channel.ChannelManager - Adding key: http://localhost:56732 for channel [id: 0x33a9e480, L:/127.0.0.1:61735 - R:localhost/127.0.0.1:56732]
10:09:06.324 [Forwarding getCurrentUrl on session c3d7967bf0d238ece3df278bb0313c12 to remote] DEBUG org.asynchttpclient.netty.request.NettyRequestSender - Using pooled Channel '[id: 0x33a9e480, L:/127.0.0.1:61735 - R:localhost/127.0.0.1:56732]' for 'GET' to 'http://localhost:56732/session/c3d7967bf0d238ece3df278bb0313c12/url'
10:09:06.324 [Forwarding getCurrentUrl on session c3d7967bf0d238ece3df278bb0313c12 to remote] DEBUG org.asynchttpclient.netty.request.NettyRequestSender - Using open Channel [id: 0x33a9e480, L:/127.0.0.1:61735 - R:localhost/127.0.0.1:56732] for GET '/session/c3d7967bf0d238ece3df278bb0313c12/url'
10:09:06.326 [AsyncHttpClient-1-9] DEBUG org.asynchttpclient.netty.handler.HttpHandler - 

Request DefaultFullHttpRequest(decodeResult: success, version: HTTP/1.1, content: EmptyByteBufBE)
GET /session/c3d7967bf0d238ece3df278bb0313c12/url HTTP/1.1
User-Agent: selenium/4.4.0 (java windows)
Cache-Control: no-cache
Content-Type: application/json; charset=utf-8
host: localhost:56732
accept: */*

Response DefaultHttpResponse(decodeResult: success, version: HTTP/1.1)
HTTP/1.1 200 OK
Content-Type: application/json; charset=utf-8
cache-control: no-cache
content-length: 38

10:09:06.326 [AsyncHttpClient-1-9] DEBUG org.asynchttpclient.netty.channel.ChannelManager - Adding key: http://localhost:56732 for channel [id: 0x33a9e480, L:/127.0.0.1:61735 - R:localhost/127.0.0.1:56732]
10:09:06.328 [Test worker] DEBUG net.thucydides.core.steps.StepInterceptor - STARTING STEP: SharedBackgroundSteps.ingresaConUnaCuentaValidaASwaglabs - performAs
10:09:06.338 [Forwarding getPageSource on session c3d7967bf0d238ece3df278bb0313c12 to remote] DEBUG org.asynchttpclient.netty.request.NettyRequestSender - Using pooled Channel '[id: 0x33a9e480, L:/127.0.0.1:61735 - R:localhost/127.0.0.1:56732]' for 'POST' to 'http://localhost:56732/session/c3d7967bf0d238ece3df278bb0313c12/execute/sync'
10:09:06.338 [Forwarding getPageSource on session c3d7967bf0d238ece3df278bb0313c12 to remote] DEBUG org.asynchttpclient.netty.request.NettyRequestSender - Using open Channel [id: 0x33a9e480, L:/127.0.0.1:61735 - R:localhost/127.0.0.1:56732] for POST '/session/c3d7967bf0d238ece3df278bb0313c12/execute/sync'
10:09:06.341 [AsyncHttpClient-1-9] DEBUG org.asynchttpclient.netty.handler.HttpHandler - 

Request DefaultHttpRequest(decodeResult: success, version: HTTP/1.1)
POST /session/c3d7967bf0d238ece3df278bb0313c12/execute/sync HTTP/1.1
User-Agent: selenium/4.4.0 (java windows)
Content-Length: 176
Content-Type: application/json; charset=utf-8
host: localhost:56732
accept: */*

Response DefaultHttpResponse(decodeResult: success, version: HTTP/1.1)
HTTP/1.1 200 OK
Content-Type: application/json; charset=utf-8
cache-control: no-cache
content-length: 4160

10:09:06.341 [AsyncHttpClient-1-9] DEBUG org.asynchttpclient.netty.channel.ChannelManager - Adding key: http://localhost:56732 for channel [id: 0x33a9e480, L:/127.0.0.1:61735 - R:localhost/127.0.0.1:56732]
10:09:06.342 [Forwarding getCurrentUrl on session c3d7967bf0d238ece3df278bb0313c12 to remote] DEBUG org.asynchttpclient.netty.request.NettyRequestSender - Using pooled Channel '[id: 0x33a9e480, L:/127.0.0.1:61735 - R:localhost/127.0.0.1:56732]' for 'GET' to 'http://localhost:56732/session/c3d7967bf0d238ece3df278bb0313c12/url'
10:09:06.342 [Forwarding getCurrentUrl on session c3d7967bf0d238ece3df278bb0313c12 to remote] DEBUG org.asynchttpclient.netty.request.NettyRequestSender - Using open Channel [id: 0x33a9e480, L:/127.0.0.1:61735 - R:localhost/127.0.0.1:56732] for GET '/session/c3d7967bf0d238ece3df278bb0313c12/url'
10:09:06.345 [AsyncHttpClient-1-9] DEBUG org.asynchttpclient.netty.handler.HttpHandler - 

Request DefaultFullHttpRequest(decodeResult: success, version: HTTP/1.1, content: EmptyByteBufBE)
GET /session/c3d7967bf0d238ece3df278bb0313c12/url HTTP/1.1
User-Agent: selenium/4.4.0 (java windows)
Cache-Control: no-cache
Content-Type: application/json; charset=utf-8
host: localhost:56732
accept: */*

Response DefaultHttpResponse(decodeResult: success, version: HTTP/1.1)
HTTP/1.1 200 OK
Content-Type: application/json; charset=utf-8
cache-control: no-cache
content-length: 38

10:09:06.345 [AsyncHttpClient-1-9] DEBUG org.asynchttpclient.netty.channel.ChannelManager - Adding key: http://localhost:56732 for channel [id: 0x33a9e480, L:/127.0.0.1:61735 - R:localhost/127.0.0.1:56732]
10:09:06.347 [Test worker] DEBUG net.thucydides.core.steps.StepInterceptor - STARTING STEP: LogIn.performAs - {0} enters #theTextAsAString into #target
10:09:06.349 [Test worker] DEBUG net.serenitybdd.screenplay.targets.IFrameSwitcher - default content already selected for UsernameTextBox
10:09:06.360 [Forwarding findElement on session c3d7967bf0d238ece3df278bb0313c12 to remote] DEBUG org.asynchttpclient.netty.request.NettyRequestSender - Using pooled Channel '[id: 0x33a9e480, L:/127.0.0.1:61735 - R:localhost/127.0.0.1:56732]' for 'POST' to 'http://localhost:56732/session/c3d7967bf0d238ece3df278bb0313c12/element'
10:09:06.360 [Forwarding findElement on session c3d7967bf0d238ece3df278bb0313c12 to remote] DEBUG org.asynchttpclient.netty.request.NettyRequestSender - Using open Channel [id: 0x33a9e480, L:/127.0.0.1:61735 - R:localhost/127.0.0.1:56732] for POST '/session/c3d7967bf0d238ece3df278bb0313c12/element'
10:09:06.368 [AsyncHttpClient-1-9] DEBUG org.asynchttpclient.netty.handler.HttpHandler - 

Request DefaultHttpRequest(decodeResult: success, version: HTTP/1.1)
POST /session/c3d7967bf0d238ece3df278bb0313c12/element HTTP/1.1
User-Agent: selenium/4.4.0 (java windows)
Content-Length: 67
Content-Type: application/json; charset=utf-8
host: localhost:56732
accept: */*

Response DefaultHttpResponse(decodeResult: success, version: HTTP/1.1)
HTTP/1.1 200 OK
Content-Type: application/json; charset=utf-8
cache-control: no-cache
content-length: 88

10:09:06.368 [AsyncHttpClient-1-9] DEBUG org.asynchttpclient.netty.channel.ChannelManager - Adding key: http://localhost:56732 for channel [id: 0x33a9e480, L:/127.0.0.1:61735 - R:localhost/127.0.0.1:56732]
10:09:06.369 [Forwarding clearElement on session c3d7967bf0d238ece3df278bb0313c12 to remote] DEBUG org.asynchttpclient.netty.request.NettyRequestSender - Using pooled Channel '[id: 0x33a9e480, L:/127.0.0.1:61735 - R:localhost/127.0.0.1:56732]' for 'POST' to 'http://localhost:56732/session/c3d7967bf0d238ece3df278bb0313c12/element/83ec195a-af0d-45e8-919b-4c6fed968a19/clear'
10:09:06.369 [Forwarding clearElement on session c3d7967bf0d238ece3df278bb0313c12 to remote] DEBUG org.asynchttpclient.netty.request.NettyRequestSender - Using open Channel [id: 0x33a9e480, L:/127.0.0.1:61735 - R:localhost/127.0.0.1:56732] for POST '/session/c3d7967bf0d238ece3df278bb0313c12/element/83ec195a-af0d-45e8-919b-4c6fed968a19/clear'
10:09:06.400 [AsyncHttpClient-1-9] DEBUG org.asynchttpclient.netty.handler.HttpHandler - 

Request DefaultHttpRequest(decodeResult: success, version: HTTP/1.1)
POST /session/c3d7967bf0d238ece3df278bb0313c12/element/83ec195a-af0d-45e8-919b-4c6fed968a19/clear HTTP/1.1
User-Agent: selenium/4.4.0 (java windows)
Content-Length: 50
Content-Type: application/json; charset=utf-8
host: localhost:56732
accept: */*

Response DefaultHttpResponse(decodeResult: success, version: HTTP/1.1)
HTTP/1.1 200 OK
Content-Type: application/json; charset=utf-8
cache-control: no-cache
content-length: 14

10:09:06.400 [AsyncHttpClient-1-9] DEBUG org.asynchttpclient.netty.channel.ChannelManager - Adding key: http://localhost:56732 for channel [id: 0x33a9e480, L:/127.0.0.1:61735 - R:localhost/127.0.0.1:56732]
10:09:06.406 [Forwarding sendKeysToElement on session c3d7967bf0d238ece3df278bb0313c12 to remote] DEBUG org.asynchttpclient.netty.request.NettyRequestSender - Using pooled Channel '[id: 0x33a9e480, L:/127.0.0.1:61735 - R:localhost/127.0.0.1:56732]' for 'POST' to 'http://localhost:56732/session/c3d7967bf0d238ece3df278bb0313c12/element/83ec195a-af0d-45e8-919b-4c6fed968a19/value'
10:09:06.406 [Forwarding sendKeysToElement on session c3d7967bf0d238ece3df278bb0313c12 to remote] DEBUG org.asynchttpclient.netty.request.NettyRequestSender - Using open Channel [id: 0x33a9e480, L:/127.0.0.1:61735 - R:localhost/127.0.0.1:56732] for POST '/session/c3d7967bf0d238ece3df278bb0313c12/element/83ec195a-af0d-45e8-919b-4c6fed968a19/value'
10:09:06.472 [AsyncHttpClient-1-9] DEBUG org.asynchttpclient.netty.handler.HttpHandler - 

Request DefaultHttpRequest(decodeResult: success, version: HTTP/1.1)
POST /session/c3d7967bf0d238ece3df278bb0313c12/element/83ec195a-af0d-45e8-919b-4c6fed968a19/value HTTP/1.1
User-Agent: selenium/4.4.0 (java windows)
Content-Length: 211
Content-Type: application/json; charset=utf-8
host: localhost:56732
accept: */*

Response DefaultHttpResponse(decodeResult: success, version: HTTP/1.1)
HTTP/1.1 200 OK
Content-Type: application/json; charset=utf-8
cache-control: no-cache
content-length: 14

10:09:06.472 [AsyncHttpClient-1-9] DEBUG org.asynchttpclient.netty.channel.ChannelManager - Adding key: http://localhost:56732 for channel [id: 0x33a9e480, L:/127.0.0.1:61735 - R:localhost/127.0.0.1:56732]
10:09:06.493 [Forwarding getCurrentWindowHandle on session c3d7967bf0d238ece3df278bb0313c12 to remote] DEBUG org.asynchttpclient.netty.request.NettyRequestSender - Using pooled Channel '[id: 0x33a9e480, L:/127.0.0.1:61735 - R:localhost/127.0.0.1:56732]' for 'GET' to 'http://localhost:56732/session/c3d7967bf0d238ece3df278bb0313c12/window'
10:09:06.493 [Forwarding getCurrentWindowHandle on session c3d7967bf0d238ece3df278bb0313c12 to remote] DEBUG org.asynchttpclient.netty.request.NettyRequestSender - Using open Channel [id: 0x33a9e480, L:/127.0.0.1:61735 - R:localhost/127.0.0.1:56732] for GET '/session/c3d7967bf0d238ece3df278bb0313c12/window'
10:09:06.493 [AsyncHttpClient-1-9] DEBUG org.asynchttpclient.netty.handler.HttpHandler - 

Request DefaultFullHttpRequest(decodeResult: success, version: HTTP/1.1, content: EmptyByteBufBE)
GET /session/c3d7967bf0d238ece3df278bb0313c12/window HTTP/1.1
User-Agent: selenium/4.4.0 (java windows)
Cache-Control: no-cache
Content-Type: application/json; charset=utf-8
host: localhost:56732
accept: */*

Response DefaultHttpResponse(decodeResult: success, version: HTTP/1.1)
HTTP/1.1 200 OK
Content-Type: application/json; charset=utf-8
cache-control: no-cache
content-length: 53

10:09:06.493 [AsyncHttpClient-1-9] DEBUG org.asynchttpclient.netty.channel.ChannelManager - Adding key: http://localhost:56732 for channel [id: 0x33a9e480, L:/127.0.0.1:61735 - R:localhost/127.0.0.1:56732]
10:09:06.498 [Forwarding getAlertText on session c3d7967bf0d238ece3df278bb0313c12 to remote] DEBUG org.asynchttpclient.netty.request.NettyRequestSender - Using pooled Channel '[id: 0x33a9e480, L:/127.0.0.1:61735 - R:localhost/127.0.0.1:56732]' for 'GET' to 'http://localhost:56732/session/c3d7967bf0d238ece3df278bb0313c12/alert/text'
10:09:06.498 [Forwarding getAlertText on session c3d7967bf0d238ece3df278bb0313c12 to remote] DEBUG org.asynchttpclient.netty.request.NettyRequestSender - Using open Channel [id: 0x33a9e480, L:/127.0.0.1:61735 - R:localhost/127.0.0.1:56732] for GET '/session/c3d7967bf0d238ece3df278bb0313c12/alert/text'
10:09:06.499 [AsyncHttpClient-1-9] DEBUG org.asynchttpclient.netty.handler.HttpHandler - 

Request DefaultFullHttpRequest(decodeResult: success, version: HTTP/1.1, content: EmptyByteBufBE)
GET /session/c3d7967bf0d238ece3df278bb0313c12/alert/text HTTP/1.1
User-Agent: selenium/4.4.0 (java windows)
Cache-Control: no-cache
Content-Type: application/json; charset=utf-8
host: localhost:56732
accept: */*

Response DefaultHttpResponse(decodeResult: success, version: HTTP/1.1)
HTTP/1.1 404 Not Found
Content-Type: application/json; charset=utf-8
cache-control: no-cache
content-length: 879

10:09:06.500 [AsyncHttpClient-1-9] DEBUG org.asynchttpclient.netty.channel.ChannelManager - Adding key: http://localhost:56732 for channel [id: 0x33a9e480, L:/127.0.0.1:61735 - R:localhost/127.0.0.1:56732]
10:09:06.503 [Forwarding switchToWindow on session c3d7967bf0d238ece3df278bb0313c12 to remote] DEBUG org.asynchttpclient.netty.request.NettyRequestSender - Using pooled Channel '[id: 0x33a9e480, L:/127.0.0.1:61735 - R:localhost/127.0.0.1:56732]' for 'POST' to 'http://localhost:56732/session/c3d7967bf0d238ece3df278bb0313c12/window'
10:09:06.503 [Forwarding switchToWindow on session c3d7967bf0d238ece3df278bb0313c12 to remote] DEBUG org.asynchttpclient.netty.request.NettyRequestSender - Using open Channel [id: 0x33a9e480, L:/127.0.0.1:61735 - R:localhost/127.0.0.1:56732] for POST '/session/c3d7967bf0d238ece3df278bb0313c12/window'
10:09:06.506 [AsyncHttpClient-1-9] DEBUG org.asynchttpclient.netty.handler.HttpHandler - 

Request DefaultHttpRequest(decodeResult: success, version: HTTP/1.1)
POST /session/c3d7967bf0d238ece3df278bb0313c12/window HTTP/1.1
User-Agent: selenium/4.4.0 (java windows)
Content-Length: 59
Content-Type: application/json; charset=utf-8
host: localhost:56732
accept: */*

Response DefaultHttpResponse(decodeResult: success, version: HTTP/1.1)
HTTP/1.1 200 OK
Content-Type: application/json; charset=utf-8
cache-control: no-cache
content-length: 14

10:09:06.506 [AsyncHttpClient-1-9] DEBUG org.asynchttpclient.netty.channel.ChannelManager - Adding key: http://localhost:56732 for channel [id: 0x33a9e480, L:/127.0.0.1:61735 - R:localhost/127.0.0.1:56732]
10:09:06.506 [Forwarding getCurrentUrl on session c3d7967bf0d238ece3df278bb0313c12 to remote] DEBUG org.asynchttpclient.netty.request.NettyRequestSender - Using pooled Channel '[id: 0x33a9e480, L:/127.0.0.1:61735 - R:localhost/127.0.0.1:56732]' for 'GET' to 'http://localhost:56732/session/c3d7967bf0d238ece3df278bb0313c12/url'
10:09:06.506 [Forwarding getCurrentUrl on session c3d7967bf0d238ece3df278bb0313c12 to remote] DEBUG org.asynchttpclient.netty.request.NettyRequestSender - Using open Channel [id: 0x33a9e480, L:/127.0.0.1:61735 - R:localhost/127.0.0.1:56732] for GET '/session/c3d7967bf0d238ece3df278bb0313c12/url'
10:09:06.511 [AsyncHttpClient-1-9] DEBUG org.asynchttpclient.netty.handler.HttpHandler - 

Request DefaultFullHttpRequest(decodeResult: success, version: HTTP/1.1, content: EmptyByteBufBE)
GET /session/c3d7967bf0d238ece3df278bb0313c12/url HTTP/1.1
User-Agent: selenium/4.4.0 (java windows)
Cache-Control: no-cache
Content-Type: application/json; charset=utf-8
host: localhost:56732
accept: */*

Response DefaultHttpResponse(decodeResult: success, version: HTTP/1.1)
HTTP/1.1 200 OK
Content-Type: application/json; charset=utf-8
cache-control: no-cache
content-length: 38

10:09:06.511 [AsyncHttpClient-1-9] DEBUG org.asynchttpclient.netty.channel.ChannelManager - Adding key: http://localhost:56732 for channel [id: 0x33a9e480, L:/127.0.0.1:61735 - R:localhost/127.0.0.1:56732]
10:09:06.512 [Forwarding screenshot on session c3d7967bf0d238ece3df278bb0313c12 to remote] DEBUG org.asynchttpclient.netty.request.NettyRequestSender - Using pooled Channel '[id: 0x33a9e480, L:/127.0.0.1:61735 - R:localhost/127.0.0.1:56732]' for 'GET' to 'http://localhost:56732/session/c3d7967bf0d238ece3df278bb0313c12/screenshot'
10:09:06.512 [Forwarding screenshot on session c3d7967bf0d238ece3df278bb0313c12 to remote] DEBUG org.asynchttpclient.netty.request.NettyRequestSender - Using open Channel [id: 0x33a9e480, L:/127.0.0.1:61735 - R:localhost/127.0.0.1:56732] for GET '/session/c3d7967bf0d238ece3df278bb0313c12/screenshot'
10:09:06.589 [AsyncHttpClient-1-9] DEBUG org.asynchttpclient.netty.handler.HttpHandler - 

Request DefaultFullHttpRequest(decodeResult: success, version: HTTP/1.1, content: EmptyByteBufBE)
GET /session/c3d7967bf0d238ece3df278bb0313c12/screenshot HTTP/1.1
User-Agent: selenium/4.4.0 (java windows)
Cache-Control: no-cache
Content-Type: application/json; charset=utf-8
host: localhost:56732
accept: */*

Response DefaultHttpResponse(decodeResult: success, version: HTTP/1.1)
HTTP/1.1 200 OK
Content-Type: application/json; charset=utf-8
cache-control: no-cache
content-length: 59812

10:09:06.590 [AsyncHttpClient-1-9] DEBUG org.asynchttpclient.netty.channel.ChannelManager - Adding key: http://localhost:56732 for channel [id: 0x33a9e480, L:/127.0.0.1:61735 - R:localhost/127.0.0.1:56732]
10:09:06.591 [Test worker] DEBUG net.serenitybdd.core.photography.Darkroom - Send negative for processing for C:\Users\juan.gomezv\IdeaProjects\sura\target\site\serenity\cb904724c11cb1c402bbd44fd4c83dd8993b3b1bfb579cc518ee5232028dbf9b.png
10:09:06.591 [Test worker] DEBUG net.thucydides.core.steps.StepInterceptor - STEP DONE: {0} enters #theTextAsAString into #target
10:09:06.598 [Forwarding getPageSource on session c3d7967bf0d238ece3df278bb0313c12 to remote] DEBUG org.asynchttpclient.netty.request.NettyRequestSender - Using pooled Channel '[id: 0x33a9e480, L:/127.0.0.1:61735 - R:localhost/127.0.0.1:56732]' for 'POST' to 'http://localhost:56732/session/c3d7967bf0d238ece3df278bb0313c12/execute/sync'
10:09:06.598 [Forwarding getPageSource on session c3d7967bf0d238ece3df278bb0313c12 to remote] DEBUG org.asynchttpclient.netty.request.NettyRequestSender - Using open Channel [id: 0x33a9e480, L:/127.0.0.1:61735 - R:localhost/127.0.0.1:56732] for POST '/session/c3d7967bf0d238ece3df278bb0313c12/execute/sync'
10:09:06.603 [AsyncHttpClient-1-9] DEBUG org.asynchttpclient.netty.handler.HttpHandler - 

Request DefaultHttpRequest(decodeResult: success, version: HTTP/1.1)
POST /session/c3d7967bf0d238ece3df278bb0313c12/execute/sync HTTP/1.1
User-Agent: selenium/4.4.0 (java windows)
Content-Length: 176
Content-Type: application/json; charset=utf-8
host: localhost:56732
accept: */*

Response DefaultHttpResponse(decodeResult: success, version: HTTP/1.1)
HTTP/1.1 200 OK
Content-Type: application/json; charset=utf-8
cache-control: no-cache
content-length: 4173

10:09:06.603 [AsyncHttpClient-1-9] DEBUG org.asynchttpclient.netty.channel.ChannelManager - Adding key: http://localhost:56732 for channel [id: 0x33a9e480, L:/127.0.0.1:61735 - R:localhost/127.0.0.1:56732]
10:09:06.604 [Forwarding getCurrentUrl on session c3d7967bf0d238ece3df278bb0313c12 to remote] DEBUG org.asynchttpclient.netty.request.NettyRequestSender - Using pooled Channel '[id: 0x33a9e480, L:/127.0.0.1:61735 - R:localhost/127.0.0.1:56732]' for 'GET' to 'http://localhost:56732/session/c3d7967bf0d238ece3df278bb0313c12/url'
10:09:06.604 [Forwarding getCurrentUrl on session c3d7967bf0d238ece3df278bb0313c12 to remote] DEBUG org.asynchttpclient.netty.request.NettyRequestSender - Using open Channel [id: 0x33a9e480, L:/127.0.0.1:61735 - R:localhost/127.0.0.1:56732] for GET '/session/c3d7967bf0d238ece3df278bb0313c12/url'
10:09:06.608 [AsyncHttpClient-1-9] DEBUG org.asynchttpclient.netty.handler.HttpHandler - 

Request DefaultFullHttpRequest(decodeResult: success, version: HTTP/1.1, content: EmptyByteBufBE)
GET /session/c3d7967bf0d238ece3df278bb0313c12/url HTTP/1.1
User-Agent: selenium/4.4.0 (java windows)
Cache-Control: no-cache
Content-Type: application/json; charset=utf-8
host: localhost:56732
accept: */*

Response DefaultHttpResponse(decodeResult: success, version: HTTP/1.1)
HTTP/1.1 200 OK
Content-Type: application/json; charset=utf-8
cache-control: no-cache
content-length: 38

10:09:06.608 [AsyncHttpClient-1-9] DEBUG org.asynchttpclient.netty.channel.ChannelManager - Adding key: http://localhost:56732 for channel [id: 0x33a9e480, L:/127.0.0.1:61735 - R:localhost/127.0.0.1:56732]
10:09:06.609 [Test worker] DEBUG net.thucydides.core.steps.StepInterceptor - STARTING STEP: LogIn.performAs - {0} enters #theTextAsAString into #target
10:09:06.612 [Test worker] DEBUG net.serenitybdd.screenplay.targets.IFrameSwitcher - default content already selected for PasswordTextBox
10:09:06.620 [Forwarding findElement on session c3d7967bf0d238ece3df278bb0313c12 to remote] DEBUG org.asynchttpclient.netty.request.NettyRequestSender - Using pooled Channel '[id: 0x33a9e480, L:/127.0.0.1:61735 - R:localhost/127.0.0.1:56732]' for 'POST' to 'http://localhost:56732/session/c3d7967bf0d238ece3df278bb0313c12/element'
10:09:06.620 [Forwarding findElement on session c3d7967bf0d238ece3df278bb0313c12 to remote] DEBUG org.asynchttpclient.netty.request.NettyRequestSender - Using open Channel [id: 0x33a9e480, L:/127.0.0.1:61735 - R:localhost/127.0.0.1:56732] for POST '/session/c3d7967bf0d238ece3df278bb0313c12/element'
10:09:06.629 [AsyncHttpClient-1-9] DEBUG org.asynchttpclient.netty.handler.HttpHandler - 

Request DefaultHttpRequest(decodeResult: success, version: HTTP/1.1)
POST /session/c3d7967bf0d238ece3df278bb0313c12/element HTTP/1.1
User-Agent: selenium/4.4.0 (java windows)
Content-Length: 66
Content-Type: application/json; charset=utf-8
host: localhost:56732
accept: */*

Response DefaultHttpResponse(decodeResult: success, version: HTTP/1.1)
HTTP/1.1 200 OK
Content-Type: application/json; charset=utf-8
cache-control: no-cache
content-length: 88

10:09:06.629 [AsyncHttpClient-1-9] DEBUG org.asynchttpclient.netty.channel.ChannelManager - Adding key: http://localhost:56732 for channel [id: 0x33a9e480, L:/127.0.0.1:61735 - R:localhost/127.0.0.1:56732]
10:09:06.630 [Forwarding clearElement on session c3d7967bf0d238ece3df278bb0313c12 to remote] DEBUG org.asynchttpclient.netty.request.NettyRequestSender - Using pooled Channel '[id: 0x33a9e480, L:/127.0.0.1:61735 - R:localhost/127.0.0.1:56732]' for 'POST' to 'http://localhost:56732/session/c3d7967bf0d238ece3df278bb0313c12/element/53ba72de-252a-45e9-9594-708f4e821357/clear'
10:09:06.630 [Forwarding clearElement on session c3d7967bf0d238ece3df278bb0313c12 to remote] DEBUG org.asynchttpclient.netty.request.NettyRequestSender - Using open Channel [id: 0x33a9e480, L:/127.0.0.1:61735 - R:localhost/127.0.0.1:56732] for POST '/session/c3d7967bf0d238ece3df278bb0313c12/element/53ba72de-252a-45e9-9594-708f4e821357/clear'
10:09:06.651 [AsyncHttpClient-1-9] DEBUG org.asynchttpclient.netty.handler.HttpHandler - 

Request DefaultHttpRequest(decodeResult: success, version: HTTP/1.1)
POST /session/c3d7967bf0d238ece3df278bb0313c12/element/53ba72de-252a-45e9-9594-708f4e821357/clear HTTP/1.1
User-Agent: selenium/4.4.0 (java windows)
Content-Length: 50
Content-Type: application/json; charset=utf-8
host: localhost:56732
accept: */*

Response DefaultHttpResponse(decodeResult: success, version: HTTP/1.1)
HTTP/1.1 200 OK
Content-Type: application/json; charset=utf-8
cache-control: no-cache
content-length: 14

10:09:06.651 [AsyncHttpClient-1-9] DEBUG org.asynchttpclient.netty.channel.ChannelManager - Adding key: http://localhost:56732 for channel [id: 0x33a9e480, L:/127.0.0.1:61735 - R:localhost/127.0.0.1:56732]
10:09:06.654 [Forwarding sendKeysToElement on session c3d7967bf0d238ece3df278bb0313c12 to remote] DEBUG org.asynchttpclient.netty.request.NettyRequestSender - Using pooled Channel '[id: 0x33a9e480, L:/127.0.0.1:61735 - R:localhost/127.0.0.1:56732]' for 'POST' to 'http://localhost:56732/session/c3d7967bf0d238ece3df278bb0313c12/element/53ba72de-252a-45e9-9594-708f4e821357/value'
10:09:06.654 [Forwarding sendKeysToElement on session c3d7967bf0d238ece3df278bb0313c12 to remote] DEBUG org.asynchttpclient.netty.request.NettyRequestSender - Using open Channel [id: 0x33a9e480, L:/127.0.0.1:61735 - R:localhost/127.0.0.1:56732] for POST '/session/c3d7967bf0d238ece3df278bb0313c12/element/53ba72de-252a-45e9-9594-708f4e821357/value'
10:09:06.690 [AsyncHttpClient-1-9] DEBUG org.asynchttpclient.netty.handler.HttpHandler - 

Request DefaultHttpRequest(decodeResult: success, version: HTTP/1.1)
POST /session/c3d7967bf0d238ece3df278bb0313c12/element/53ba72de-252a-45e9-9594-708f4e821357/value HTTP/1.1
User-Agent: selenium/4.4.0 (java windows)
Content-Length: 201
Content-Type: application/json; charset=utf-8
host: localhost:56732
accept: */*

Response DefaultHttpResponse(decodeResult: success, version: HTTP/1.1)
HTTP/1.1 200 OK
Content-Type: application/json; charset=utf-8
cache-control: no-cache
content-length: 14

10:09:06.690 [AsyncHttpClient-1-9] DEBUG org.asynchttpclient.netty.channel.ChannelManager - Adding key: http://localhost:56732 for channel [id: 0x33a9e480, L:/127.0.0.1:61735 - R:localhost/127.0.0.1:56732]
10:09:06.703 [Forwarding getCurrentWindowHandle on session c3d7967bf0d238ece3df278bb0313c12 to remote] DEBUG org.asynchttpclient.netty.request.NettyRequestSender - Using pooled Channel '[id: 0x33a9e480, L:/127.0.0.1:61735 - R:localhost/127.0.0.1:56732]' for 'GET' to 'http://localhost:56732/session/c3d7967bf0d238ece3df278bb0313c12/window'
10:09:06.703 [Forwarding getCurrentWindowHandle on session c3d7967bf0d238ece3df278bb0313c12 to remote] DEBUG org.asynchttpclient.netty.request.NettyRequestSender - Using open Channel [id: 0x33a9e480, L:/127.0.0.1:61735 - R:localhost/127.0.0.1:56732] for GET '/session/c3d7967bf0d238ece3df278bb0313c12/window'
10:09:06.704 [AsyncHttpClient-1-9] DEBUG org.asynchttpclient.netty.handler.HttpHandler - 

Request DefaultFullHttpRequest(decodeResult: success, version: HTTP/1.1, content: EmptyByteBufBE)
GET /session/c3d7967bf0d238ece3df278bb0313c12/window HTTP/1.1
User-Agent: selenium/4.4.0 (java windows)
Cache-Control: no-cache
Content-Type: application/json; charset=utf-8
host: localhost:56732
accept: */*

Response DefaultHttpResponse(decodeResult: success, version: HTTP/1.1)
HTTP/1.1 200 OK
Content-Type: application/json; charset=utf-8
cache-control: no-cache
content-length: 53

10:09:06.704 [AsyncHttpClient-1-9] DEBUG org.asynchttpclient.netty.channel.ChannelManager - Adding key: http://localhost:56732 for channel [id: 0x33a9e480, L:/127.0.0.1:61735 - R:localhost/127.0.0.1:56732]
10:09:06.707 [Forwarding getAlertText on session c3d7967bf0d238ece3df278bb0313c12 to remote] DEBUG org.asynchttpclient.netty.request.NettyRequestSender - Using pooled Channel '[id: 0x33a9e480, L:/127.0.0.1:61735 - R:localhost/127.0.0.1:56732]' for 'GET' to 'http://localhost:56732/session/c3d7967bf0d238ece3df278bb0313c12/alert/text'
10:09:06.707 [Forwarding getAlertText on session c3d7967bf0d238ece3df278bb0313c12 to remote] DEBUG org.asynchttpclient.netty.request.NettyRequestSender - Using open Channel [id: 0x33a9e480, L:/127.0.0.1:61735 - R:localhost/127.0.0.1:56732] for GET '/session/c3d7967bf0d238ece3df278bb0313c12/alert/text'
10:09:06.710 [AsyncHttpClient-1-9] DEBUG org.asynchttpclient.netty.handler.HttpHandler - 

Request DefaultFullHttpRequest(decodeResult: success, version: HTTP/1.1, content: EmptyByteBufBE)
GET /session/c3d7967bf0d238ece3df278bb0313c12/alert/text HTTP/1.1
User-Agent: selenium/4.4.0 (java windows)
Cache-Control: no-cache
Content-Type: application/json; charset=utf-8
host: localhost:56732
accept: */*

Response DefaultHttpResponse(decodeResult: success, version: HTTP/1.1)
HTTP/1.1 404 Not Found
Content-Type: application/json; charset=utf-8
cache-control: no-cache
content-length: 879

10:09:06.710 [AsyncHttpClient-1-9] DEBUG org.asynchttpclient.netty.channel.ChannelManager - Adding key: http://localhost:56732 for channel [id: 0x33a9e480, L:/127.0.0.1:61735 - R:localhost/127.0.0.1:56732]
10:09:06.713 [Forwarding switchToWindow on session c3d7967bf0d238ece3df278bb0313c12 to remote] DEBUG org.asynchttpclient.netty.request.NettyRequestSender - Using pooled Channel '[id: 0x33a9e480, L:/127.0.0.1:61735 - R:localhost/127.0.0.1:56732]' for 'POST' to 'http://localhost:56732/session/c3d7967bf0d238ece3df278bb0313c12/window'
10:09:06.713 [Forwarding switchToWindow on session c3d7967bf0d238ece3df278bb0313c12 to remote] DEBUG org.asynchttpclient.netty.request.NettyRequestSender - Using open Channel [id: 0x33a9e480, L:/127.0.0.1:61735 - R:localhost/127.0.0.1:56732] for POST '/session/c3d7967bf0d238ece3df278bb0313c12/window'
10:09:06.715 [AsyncHttpClient-1-9] DEBUG org.asynchttpclient.netty.handler.HttpHandler - 

Request DefaultHttpRequest(decodeResult: success, version: HTTP/1.1)
POST /session/c3d7967bf0d238ece3df278bb0313c12/window HTTP/1.1
User-Agent: selenium/4.4.0 (java windows)
Content-Length: 59
Content-Type: application/json; charset=utf-8
host: localhost:56732
accept: */*

Response DefaultHttpResponse(decodeResult: success, version: HTTP/1.1)
HTTP/1.1 200 OK
Content-Type: application/json; charset=utf-8
cache-control: no-cache
content-length: 14

10:09:06.715 [AsyncHttpClient-1-9] DEBUG org.asynchttpclient.netty.channel.ChannelManager - Adding key: http://localhost:56732 for channel [id: 0x33a9e480, L:/127.0.0.1:61735 - R:localhost/127.0.0.1:56732]
10:09:06.715 [Forwarding getCurrentUrl on session c3d7967bf0d238ece3df278bb0313c12 to remote] DEBUG org.asynchttpclient.netty.request.NettyRequestSender - Using pooled Channel '[id: 0x33a9e480, L:/127.0.0.1:61735 - R:localhost/127.0.0.1:56732]' for 'GET' to 'http://localhost:56732/session/c3d7967bf0d238ece3df278bb0313c12/url'
10:09:06.715 [Forwarding getCurrentUrl on session c3d7967bf0d238ece3df278bb0313c12 to remote] DEBUG org.asynchttpclient.netty.request.NettyRequestSender - Using open Channel [id: 0x33a9e480, L:/127.0.0.1:61735 - R:localhost/127.0.0.1:56732] for GET '/session/c3d7967bf0d238ece3df278bb0313c12/url'
10:09:06.717 [AsyncHttpClient-1-9] DEBUG org.asynchttpclient.netty.handler.HttpHandler - 

Request DefaultFullHttpRequest(decodeResult: success, version: HTTP/1.1, content: EmptyByteBufBE)
GET /session/c3d7967bf0d238ece3df278bb0313c12/url HTTP/1.1
User-Agent: selenium/4.4.0 (java windows)
Cache-Control: no-cache
Content-Type: application/json; charset=utf-8
host: localhost:56732
accept: */*

Response DefaultHttpResponse(decodeResult: success, version: HTTP/1.1)
HTTP/1.1 200 OK
Content-Type: application/json; charset=utf-8
cache-control: no-cache
content-length: 38

10:09:06.717 [AsyncHttpClient-1-9] DEBUG org.asynchttpclient.netty.channel.ChannelManager - Adding key: http://localhost:56732 for channel [id: 0x33a9e480, L:/127.0.0.1:61735 - R:localhost/127.0.0.1:56732]
10:09:06.718 [Forwarding screenshot on session c3d7967bf0d238ece3df278bb0313c12 to remote] DEBUG org.asynchttpclient.netty.request.NettyRequestSender - Using pooled Channel '[id: 0x33a9e480, L:/127.0.0.1:61735 - R:localhost/127.0.0.1:56732]' for 'GET' to 'http://localhost:56732/session/c3d7967bf0d238ece3df278bb0313c12/screenshot'
10:09:06.718 [Forwarding screenshot on session c3d7967bf0d238ece3df278bb0313c12 to remote] DEBUG org.asynchttpclient.netty.request.NettyRequestSender - Using open Channel [id: 0x33a9e480, L:/127.0.0.1:61735 - R:localhost/127.0.0.1:56732] for GET '/session/c3d7967bf0d238ece3df278bb0313c12/screenshot'
10:09:06.792 [AsyncHttpClient-1-9] DEBUG org.asynchttpclient.netty.handler.HttpHandler - 

Request DefaultFullHttpRequest(decodeResult: success, version: HTTP/1.1, content: EmptyByteBufBE)
GET /session/c3d7967bf0d238ece3df278bb0313c12/screenshot HTTP/1.1
User-Agent: selenium/4.4.0 (java windows)
Cache-Control: no-cache
Content-Type: application/json; charset=utf-8
host: localhost:56732
accept: */*

Response DefaultHttpResponse(decodeResult: success, version: HTTP/1.1)
HTTP/1.1 200 OK
Content-Type: application/json; charset=utf-8
cache-control: no-cache
content-length: 58468

10:09:06.792 [AsyncHttpClient-1-9] DEBUG org.asynchttpclient.netty.channel.ChannelManager - Adding key: http://localhost:56732 for channel [id: 0x33a9e480, L:/127.0.0.1:61735 - R:localhost/127.0.0.1:56732]
10:09:06.793 [Test worker] DEBUG net.serenitybdd.core.photography.Darkroom - Send negative for processing for C:\Users\juan.gomezv\IdeaProjects\sura\target\site\serenity\3928254ac939cb654635a6fe0cdcba17cdafb3fae09b0fc2384a6404e2fbc8c4.png
10:09:06.794 [Test worker] DEBUG net.thucydides.core.steps.StepInterceptor - STEP DONE: {0} enters #theTextAsAString into #target
10:09:06.801 [Forwarding getPageSource on session c3d7967bf0d238ece3df278bb0313c12 to remote] DEBUG org.asynchttpclient.netty.request.NettyRequestSender - Using pooled Channel '[id: 0x33a9e480, L:/127.0.0.1:61735 - R:localhost/127.0.0.1:56732]' for 'POST' to 'http://localhost:56732/session/c3d7967bf0d238ece3df278bb0313c12/execute/sync'
10:09:06.801 [Forwarding getPageSource on session c3d7967bf0d238ece3df278bb0313c12 to remote] DEBUG org.asynchttpclient.netty.request.NettyRequestSender - Using open Channel [id: 0x33a9e480, L:/127.0.0.1:61735 - R:localhost/127.0.0.1:56732] for POST '/session/c3d7967bf0d238ece3df278bb0313c12/execute/sync'
10:09:06.806 [AsyncHttpClient-1-9] DEBUG org.asynchttpclient.netty.handler.HttpHandler - 

Request DefaultHttpRequest(decodeResult: success, version: HTTP/1.1)
POST /session/c3d7967bf0d238ece3df278bb0313c12/execute/sync HTTP/1.1
User-Agent: selenium/4.4.0 (java windows)
Content-Length: 176
Content-Type: application/json; charset=utf-8
host: localhost:56732
accept: */*

Response DefaultHttpResponse(decodeResult: success, version: HTTP/1.1)
HTTP/1.1 200 OK
Content-Type: application/json; charset=utf-8
cache-control: no-cache
content-length: 4185

10:09:06.807 [AsyncHttpClient-1-9] DEBUG org.asynchttpclient.netty.channel.ChannelManager - Adding key: http://localhost:56732 for channel [id: 0x33a9e480, L:/127.0.0.1:61735 - R:localhost/127.0.0.1:56732]
10:09:06.807 [Forwarding getCurrentUrl on session c3d7967bf0d238ece3df278bb0313c12 to remote] DEBUG org.asynchttpclient.netty.request.NettyRequestSender - Using pooled Channel '[id: 0x33a9e480, L:/127.0.0.1:61735 - R:localhost/127.0.0.1:56732]' for 'GET' to 'http://localhost:56732/session/c3d7967bf0d238ece3df278bb0313c12/url'
10:09:06.807 [Forwarding getCurrentUrl on session c3d7967bf0d238ece3df278bb0313c12 to remote] DEBUG org.asynchttpclient.netty.request.NettyRequestSender - Using open Channel [id: 0x33a9e480, L:/127.0.0.1:61735 - R:localhost/127.0.0.1:56732] for GET '/session/c3d7967bf0d238ece3df278bb0313c12/url'
10:09:06.811 [AsyncHttpClient-1-9] DEBUG org.asynchttpclient.netty.handler.HttpHandler - 

Request DefaultFullHttpRequest(decodeResult: success, version: HTTP/1.1, content: EmptyByteBufBE)
GET /session/c3d7967bf0d238ece3df278bb0313c12/url HTTP/1.1
User-Agent: selenium/4.4.0 (java windows)
Cache-Control: no-cache
Content-Type: application/json; charset=utf-8
host: localhost:56732
accept: */*

Response DefaultHttpResponse(decodeResult: success, version: HTTP/1.1)
HTTP/1.1 200 OK
Content-Type: application/json; charset=utf-8
cache-control: no-cache
content-length: 38

10:09:06.811 [AsyncHttpClient-1-9] DEBUG org.asynchttpclient.netty.channel.ChannelManager - Adding key: http://localhost:56732 for channel [id: 0x33a9e480, L:/127.0.0.1:61735 - R:localhost/127.0.0.1:56732]
10:09:06.812 [Test worker] DEBUG net.thucydides.core.steps.StepInterceptor - STARTING STEP: LogIn.performAs - {0} clicks on #target
10:09:06.812 [Test worker] DEBUG net.serenitybdd.screenplay.targets.IFrameSwitcher - default content already selected for LogIn Button
10:09:06.827 [Forwarding findElement on session c3d7967bf0d238ece3df278bb0313c12 to remote] DEBUG org.asynchttpclient.netty.request.NettyRequestSender - Using pooled Channel '[id: 0x33a9e480, L:/127.0.0.1:61735 - R:localhost/127.0.0.1:56732]' for 'POST' to 'http://localhost:56732/session/c3d7967bf0d238ece3df278bb0313c12/element'
10:09:06.827 [Forwarding findElement on session c3d7967bf0d238ece3df278bb0313c12 to remote] DEBUG org.asynchttpclient.netty.request.NettyRequestSender - Using open Channel [id: 0x33a9e480, L:/127.0.0.1:61735 - R:localhost/127.0.0.1:56732] for POST '/session/c3d7967bf0d238ece3df278bb0313c12/element'
10:09:06.837 [AsyncHttpClient-1-9] DEBUG org.asynchttpclient.netty.handler.HttpHandler - 

Request DefaultHttpRequest(decodeResult: success, version: HTTP/1.1)
POST /session/c3d7967bf0d238ece3df278bb0313c12/element HTTP/1.1
User-Agent: selenium/4.4.0 (java windows)
Content-Length: 70
Content-Type: application/json; charset=utf-8
host: localhost:56732
accept: */*

Response DefaultHttpResponse(decodeResult: success, version: HTTP/1.1)
HTTP/1.1 200 OK
Content-Type: application/json; charset=utf-8
cache-control: no-cache
content-length: 88

10:09:06.837 [AsyncHttpClient-1-9] DEBUG org.asynchttpclient.netty.channel.ChannelManager - Adding key: http://localhost:56732 for channel [id: 0x33a9e480, L:/127.0.0.1:61735 - R:localhost/127.0.0.1:56732]
10:09:06.843 [Forwarding isElementDisplayed on session c3d7967bf0d238ece3df278bb0313c12 to remote] DEBUG org.asynchttpclient.netty.request.NettyRequestSender - Using pooled Channel '[id: 0x33a9e480, L:/127.0.0.1:61735 - R:localhost/127.0.0.1:56732]' for 'POST' to 'http://localhost:56732/session/c3d7967bf0d238ece3df278bb0313c12/execute/sync'
10:09:06.843 [Forwarding isElementDisplayed on session c3d7967bf0d238ece3df278bb0313c12 to remote] DEBUG org.asynchttpclient.netty.request.NettyRequestSender - Using open Channel [id: 0x33a9e480, L:/127.0.0.1:61735 - R:localhost/127.0.0.1:56732] for POST '/session/c3d7967bf0d238ece3df278bb0313c12/execute/sync'
10:09:06.854 [AsyncHttpClient-1-9] DEBUG org.asynchttpclient.netty.handler.HttpHandler - 

Request DefaultHttpRequest(decodeResult: success, version: HTTP/1.1)
POST /session/c3d7967bf0d238ece3df278bb0313c12/execute/sync HTTP/1.1
User-Agent: selenium/4.4.0 (java windows)
Content-Length: 48780
Content-Type: application/json; charset=utf-8
host: localhost:56732
accept: */*

Response DefaultHttpResponse(decodeResult: success, version: HTTP/1.1)
HTTP/1.1 200 OK
Content-Type: application/json; charset=utf-8
cache-control: no-cache
content-length: 14

10:09:06.854 [AsyncHttpClient-1-9] DEBUG org.asynchttpclient.netty.channel.ChannelManager - Adding key: http://localhost:56732 for channel [id: 0x33a9e480, L:/127.0.0.1:61735 - R:localhost/127.0.0.1:56732]
10:09:06.860 [Forwarding findElement on session c3d7967bf0d238ece3df278bb0313c12 to remote] DEBUG org.asynchttpclient.netty.request.NettyRequestSender - Using pooled Channel '[id: 0x33a9e480, L:/127.0.0.1:61735 - R:localhost/127.0.0.1:56732]' for 'POST' to 'http://localhost:56732/session/c3d7967bf0d238ece3df278bb0313c12/element'
10:09:06.861 [Forwarding findElement on session c3d7967bf0d238ece3df278bb0313c12 to remote] DEBUG org.asynchttpclient.netty.request.NettyRequestSender - Using open Channel [id: 0x33a9e480, L:/127.0.0.1:61735 - R:localhost/127.0.0.1:56732] for POST '/session/c3d7967bf0d238ece3df278bb0313c12/element'
10:09:06.867 [AsyncHttpClient-1-9] DEBUG org.asynchttpclient.netty.handler.HttpHandler - 

Request DefaultHttpRequest(decodeResult: success, version: HTTP/1.1)
POST /session/c3d7967bf0d238ece3df278bb0313c12/element HTTP/1.1
User-Agent: selenium/4.4.0 (java windows)
Content-Length: 70
Content-Type: application/json; charset=utf-8
host: localhost:56732
accept: */*

Response DefaultHttpResponse(decodeResult: success, version: HTTP/1.1)
HTTP/1.1 200 OK
Content-Type: application/json; charset=utf-8
cache-control: no-cache
content-length: 88

10:09:06.867 [AsyncHttpClient-1-9] DEBUG org.asynchttpclient.netty.channel.ChannelManager - Adding key: http://localhost:56732 for channel [id: 0x33a9e480, L:/127.0.0.1:61735 - R:localhost/127.0.0.1:56732]
10:09:06.868 [Forwarding clickElement on session c3d7967bf0d238ece3df278bb0313c12 to remote] DEBUG org.asynchttpclient.netty.request.NettyRequestSender - Using pooled Channel '[id: 0x33a9e480, L:/127.0.0.1:61735 - R:localhost/127.0.0.1:56732]' for 'POST' to 'http://localhost:56732/session/c3d7967bf0d238ece3df278bb0313c12/element/8e3570ae-bdd8-420a-8d08-314a5986b080/click'
10:09:06.868 [Forwarding clickElement on session c3d7967bf0d238ece3df278bb0313c12 to remote] DEBUG org.asynchttpclient.netty.request.NettyRequestSender - Using open Channel [id: 0x33a9e480, L:/127.0.0.1:61735 - R:localhost/127.0.0.1:56732] for POST '/session/c3d7967bf0d238ece3df278bb0313c12/element/8e3570ae-bdd8-420a-8d08-314a5986b080/click'
10:09:06.946 [AsyncHttpClient-1-9] DEBUG org.asynchttpclient.netty.handler.HttpHandler - 

Request DefaultHttpRequest(decodeResult: success, version: HTTP/1.1)
POST /session/c3d7967bf0d238ece3df278bb0313c12/element/8e3570ae-bdd8-420a-8d08-314a5986b080/click HTTP/1.1
User-Agent: selenium/4.4.0 (java windows)
Content-Length: 50
Content-Type: application/json; charset=utf-8
host: localhost:56732
accept: */*

Response DefaultHttpResponse(decodeResult: success, version: HTTP/1.1)
HTTP/1.1 200 OK
Content-Type: application/json; charset=utf-8
cache-control: no-cache
content-length: 14

10:09:06.946 [AsyncHttpClient-1-9] DEBUG org.asynchttpclient.netty.channel.ChannelManager - Adding key: http://localhost:56732 for channel [id: 0x33a9e480, L:/127.0.0.1:61735 - R:localhost/127.0.0.1:56732]
10:09:06.966 [Forwarding getCurrentWindowHandle on session c3d7967bf0d238ece3df278bb0313c12 to remote] DEBUG org.asynchttpclient.netty.request.NettyRequestSender - Using pooled Channel '[id: 0x33a9e480, L:/127.0.0.1:61735 - R:localhost/127.0.0.1:56732]' for 'GET' to 'http://localhost:56732/session/c3d7967bf0d238ece3df278bb0313c12/window'
10:09:06.966 [Forwarding getCurrentWindowHandle on session c3d7967bf0d238ece3df278bb0313c12 to remote] DEBUG org.asynchttpclient.netty.request.NettyRequestSender - Using open Channel [id: 0x33a9e480, L:/127.0.0.1:61735 - R:localhost/127.0.0.1:56732] for GET '/session/c3d7967bf0d238ece3df278bb0313c12/window'
10:09:06.967 [AsyncHttpClient-1-9] DEBUG org.asynchttpclient.netty.handler.HttpHandler - 

Request DefaultFullHttpRequest(decodeResult: success, version: HTTP/1.1, content: EmptyByteBufBE)
GET /session/c3d7967bf0d238ece3df278bb0313c12/window HTTP/1.1
User-Agent: selenium/4.4.0 (java windows)
Cache-Control: no-cache
Content-Type: application/json; charset=utf-8
host: localhost:56732
accept: */*

Response DefaultHttpResponse(decodeResult: success, version: HTTP/1.1)
HTTP/1.1 200 OK
Content-Type: application/json; charset=utf-8
cache-control: no-cache
content-length: 53

10:09:06.967 [AsyncHttpClient-1-9] DEBUG org.asynchttpclient.netty.channel.ChannelManager - Adding key: http://localhost:56732 for channel [id: 0x33a9e480, L:/127.0.0.1:61735 - R:localhost/127.0.0.1:56732]
10:09:06.970 [Forwarding getAlertText on session c3d7967bf0d238ece3df278bb0313c12 to remote] DEBUG org.asynchttpclient.netty.request.NettyRequestSender - Using pooled Channel '[id: 0x33a9e480, L:/127.0.0.1:61735 - R:localhost/127.0.0.1:56732]' for 'GET' to 'http://localhost:56732/session/c3d7967bf0d238ece3df278bb0313c12/alert/text'
10:09:06.970 [Forwarding getAlertText on session c3d7967bf0d238ece3df278bb0313c12 to remote] DEBUG org.asynchttpclient.netty.request.NettyRequestSender - Using open Channel [id: 0x33a9e480, L:/127.0.0.1:61735 - R:localhost/127.0.0.1:56732] for GET '/session/c3d7967bf0d238ece3df278bb0313c12/alert/text'
10:09:06.972 [AsyncHttpClient-1-9] DEBUG org.asynchttpclient.netty.handler.HttpHandler - 

Request DefaultFullHttpRequest(decodeResult: success, version: HTTP/1.1, content: EmptyByteBufBE)
GET /session/c3d7967bf0d238ece3df278bb0313c12/alert/text HTTP/1.1
User-Agent: selenium/4.4.0 (java windows)
Cache-Control: no-cache
Content-Type: application/json; charset=utf-8
host: localhost:56732
accept: */*

Response DefaultHttpResponse(decodeResult: success, version: HTTP/1.1)
HTTP/1.1 404 Not Found
Content-Type: application/json; charset=utf-8
cache-control: no-cache
content-length: 879

10:09:06.972 [AsyncHttpClient-1-9] DEBUG org.asynchttpclient.netty.channel.ChannelManager - Adding key: http://localhost:56732 for channel [id: 0x33a9e480, L:/127.0.0.1:61735 - R:localhost/127.0.0.1:56732]
10:09:06.977 [Forwarding switchToWindow on session c3d7967bf0d238ece3df278bb0313c12 to remote] DEBUG org.asynchttpclient.netty.request.NettyRequestSender - Using pooled Channel '[id: 0x33a9e480, L:/127.0.0.1:61735 - R:localhost/127.0.0.1:56732]' for 'POST' to 'http://localhost:56732/session/c3d7967bf0d238ece3df278bb0313c12/window'
10:09:06.977 [Forwarding switchToWindow on session c3d7967bf0d238ece3df278bb0313c12 to remote] DEBUG org.asynchttpclient.netty.request.NettyRequestSender - Using open Channel [id: 0x33a9e480, L:/127.0.0.1:61735 - R:localhost/127.0.0.1:56732] for POST '/session/c3d7967bf0d238ece3df278bb0313c12/window'
10:09:06.980 [AsyncHttpClient-1-9] DEBUG org.asynchttpclient.netty.handler.HttpHandler - 

Request DefaultHttpRequest(decodeResult: success, version: HTTP/1.1)
POST /session/c3d7967bf0d238ece3df278bb0313c12/window HTTP/1.1
User-Agent: selenium/4.4.0 (java windows)
Content-Length: 59
Content-Type: application/json; charset=utf-8
host: localhost:56732
accept: */*

Response DefaultHttpResponse(decodeResult: success, version: HTTP/1.1)
HTTP/1.1 200 OK
Content-Type: application/json; charset=utf-8
cache-control: no-cache
content-length: 14

10:09:06.980 [AsyncHttpClient-1-9] DEBUG org.asynchttpclient.netty.channel.ChannelManager - Adding key: http://localhost:56732 for channel [id: 0x33a9e480, L:/127.0.0.1:61735 - R:localhost/127.0.0.1:56732]
10:09:06.981 [Forwarding getCurrentUrl on session c3d7967bf0d238ece3df278bb0313c12 to remote] DEBUG org.asynchttpclient.netty.request.NettyRequestSender - Using pooled Channel '[id: 0x33a9e480, L:/127.0.0.1:61735 - R:localhost/127.0.0.1:56732]' for 'GET' to 'http://localhost:56732/session/c3d7967bf0d238ece3df278bb0313c12/url'
10:09:06.981 [Forwarding getCurrentUrl on session c3d7967bf0d238ece3df278bb0313c12 to remote] DEBUG org.asynchttpclient.netty.request.NettyRequestSender - Using open Channel [id: 0x33a9e480, L:/127.0.0.1:61735 - R:localhost/127.0.0.1:56732] for GET '/session/c3d7967bf0d238ece3df278bb0313c12/url'
10:09:06.984 [AsyncHttpClient-1-9] DEBUG org.asynchttpclient.netty.handler.HttpHandler - 

Request DefaultFullHttpRequest(decodeResult: success, version: HTTP/1.1, content: EmptyByteBufBE)
GET /session/c3d7967bf0d238ece3df278bb0313c12/url HTTP/1.1
User-Agent: selenium/4.4.0 (java windows)
Cache-Control: no-cache
Content-Type: application/json; charset=utf-8
host: localhost:56732
accept: */*

Response DefaultHttpResponse(decodeResult: success, version: HTTP/1.1)
HTTP/1.1 200 OK
Content-Type: application/json; charset=utf-8
cache-control: no-cache
content-length: 52

10:09:06.984 [AsyncHttpClient-1-9] DEBUG org.asynchttpclient.netty.channel.ChannelManager - Adding key: http://localhost:56732 for channel [id: 0x33a9e480, L:/127.0.0.1:61735 - R:localhost/127.0.0.1:56732]
10:09:06.985 [Forwarding screenshot on session c3d7967bf0d238ece3df278bb0313c12 to remote] DEBUG org.asynchttpclient.netty.request.NettyRequestSender - Using pooled Channel '[id: 0x33a9e480, L:/127.0.0.1:61735 - R:localhost/127.0.0.1:56732]' for 'GET' to 'http://localhost:56732/session/c3d7967bf0d238ece3df278bb0313c12/screenshot'
10:09:06.985 [Forwarding screenshot on session c3d7967bf0d238ece3df278bb0313c12 to remote] DEBUG org.asynchttpclient.netty.request.NettyRequestSender - Using open Channel [id: 0x33a9e480, L:/127.0.0.1:61735 - R:localhost/127.0.0.1:56732] for GET '/session/c3d7967bf0d238ece3df278bb0313c12/screenshot'
10:09:07.006 [AsyncHttpClient-1-1] DEBUG org.asynchttpclient.netty.channel.DefaultChannelPool - Entry count for : http://localhost:61737 : 1
10:09:07.214 [AsyncHttpClient-1-9] DEBUG org.asynchttpclient.netty.handler.HttpHandler - 

Request DefaultFullHttpRequest(decodeResult: success, version: HTTP/1.1, content: EmptyByteBufBE)
GET /session/c3d7967bf0d238ece3df278bb0313c12/screenshot HTTP/1.1
User-Agent: selenium/4.4.0 (java windows)
Cache-Control: no-cache
Content-Type: application/json; charset=utf-8
host: localhost:56732
accept: */*

Response DefaultHttpResponse(decodeResult: success, version: HTTP/1.1)
HTTP/1.1 200 OK
Content-Type: application/json; charset=utf-8
cache-control: no-cache
content-length: 316072

10:09:07.215 [AsyncHttpClient-1-9] DEBUG org.asynchttpclient.netty.channel.ChannelManager - Adding key: http://localhost:56732 for channel [id: 0x33a9e480, L:/127.0.0.1:61735 - R:localhost/127.0.0.1:56732]
10:09:07.219 [Test worker] DEBUG net.serenitybdd.core.photography.Darkroom - Send negative for processing for C:\Users\juan.gomezv\IdeaProjects\sura\target\site\serenity\e44069ae212a02c6322b8bddc355adc221270edded46bd42546211af4a56801c.png
10:09:07.219 [Test worker] DEBUG net.thucydides.core.steps.StepInterceptor - STEP DONE: {0} clicks on #target
10:09:07.226 [Test worker] DEBUG net.thucydides.core.steps.StepInterceptor - STEP DONE: performAs
  ?[32mDado ?[0m?[32mque ?[0m?[32m?[1mAna?[0m?[32m ingresa con una cuenta valida como la de ?[0m?[32m?[1m"STANDARD_USER"?[0m?[32m a Swaglabs?[0m ?[90m# sura.stepDefinitions.SharedBackgroundSteps.ingresaConUnaCuentaValidaASwaglabs(net.serenitybdd.screenplay.Actor,java.lang.String)?[0m
10:09:07.238 [Forwarding getPageSource on session c3d7967bf0d238ece3df278bb0313c12 to remote] DEBUG org.asynchttpclient.netty.request.NettyRequestSender - Using pooled Channel '[id: 0x33a9e480, L:/127.0.0.1:61735 - R:localhost/127.0.0.1:56732]' for 'POST' to 'http://localhost:56732/session/c3d7967bf0d238ece3df278bb0313c12/execute/sync'
10:09:07.238 [Forwarding getPageSource on session c3d7967bf0d238ece3df278bb0313c12 to remote] DEBUG org.asynchttpclient.netty.request.NettyRequestSender - Using open Channel [id: 0x33a9e480, L:/127.0.0.1:61735 - R:localhost/127.0.0.1:56732] for POST '/session/c3d7967bf0d238ece3df278bb0313c12/execute/sync'
10:09:07.244 [AsyncHttpClient-1-9] DEBUG org.asynchttpclient.netty.handler.HttpHandler - 

Request DefaultHttpRequest(decodeResult: success, version: HTTP/1.1)
POST /session/c3d7967bf0d238ece3df278bb0313c12/execute/sync HTTP/1.1
User-Agent: selenium/4.4.0 (java windows)
Content-Length: 176
Content-Type: application/json; charset=utf-8
host: localhost:56732
accept: */*

Response DefaultHttpResponse(decodeResult: success, version: HTTP/1.1)
HTTP/1.1 200 OK
Content-Type: application/json; charset=utf-8
cache-control: no-cache
content-length: 15254

10:09:07.244 [AsyncHttpClient-1-9] DEBUG org.asynchttpclient.netty.channel.ChannelManager - Adding key: http://localhost:56732 for channel [id: 0x33a9e480, L:/127.0.0.1:61735 - R:localhost/127.0.0.1:56732]
10:09:07.245 [Forwarding getCurrentUrl on session c3d7967bf0d238ece3df278bb0313c12 to remote] DEBUG org.asynchttpclient.netty.request.NettyRequestSender - Using pooled Channel '[id: 0x33a9e480, L:/127.0.0.1:61735 - R:localhost/127.0.0.1:56732]' for 'GET' to 'http://localhost:56732/session/c3d7967bf0d238ece3df278bb0313c12/url'
10:09:07.245 [Forwarding getCurrentUrl on session c3d7967bf0d238ece3df278bb0313c12 to remote] DEBUG org.asynchttpclient.netty.request.NettyRequestSender - Using open Channel [id: 0x33a9e480, L:/127.0.0.1:61735 - R:localhost/127.0.0.1:56732] for GET '/session/c3d7967bf0d238ece3df278bb0313c12/url'
10:09:07.250 [AsyncHttpClient-1-9] DEBUG org.asynchttpclient.netty.handler.HttpHandler - 

Request DefaultFullHttpRequest(decodeResult: success, version: HTTP/1.1, content: EmptyByteBufBE)
GET /session/c3d7967bf0d238ece3df278bb0313c12/url HTTP/1.1
User-Agent: selenium/4.4.0 (java windows)
Cache-Control: no-cache
Content-Type: application/json; charset=utf-8
host: localhost:56732
accept: */*

Response DefaultHttpResponse(decodeResult: success, version: HTTP/1.1)
HTTP/1.1 200 OK
Content-Type: application/json; charset=utf-8
cache-control: no-cache
content-length: 52

10:09:07.250 [AsyncHttpClient-1-9] DEBUG org.asynchttpclient.netty.channel.ChannelManager - Adding key: http://localhost:56732 for channel [id: 0x33a9e480, L:/127.0.0.1:61735 - R:localhost/127.0.0.1:56732]
10:09:07.260 [Forwarding getPageSource on session c3d7967bf0d238ece3df278bb0313c12 to remote] DEBUG org.asynchttpclient.netty.request.NettyRequestSender - Using pooled Channel '[id: 0x33a9e480, L:/127.0.0.1:61735 - R:localhost/127.0.0.1:56732]' for 'POST' to 'http://localhost:56732/session/c3d7967bf0d238ece3df278bb0313c12/execute/sync'
10:09:07.260 [Forwarding getPageSource on session c3d7967bf0d238ece3df278bb0313c12 to remote] DEBUG org.asynchttpclient.netty.request.NettyRequestSender - Using open Channel [id: 0x33a9e480, L:/127.0.0.1:61735 - R:localhost/127.0.0.1:56732] for POST '/session/c3d7967bf0d238ece3df278bb0313c12/execute/sync'
10:09:07.265 [AsyncHttpClient-1-9] DEBUG org.asynchttpclient.netty.handler.HttpHandler - 

Request DefaultHttpRequest(decodeResult: success, version: HTTP/1.1)
POST /session/c3d7967bf0d238ece3df278bb0313c12/execute/sync HTTP/1.1
User-Agent: selenium/4.4.0 (java windows)
Content-Length: 176
Content-Type: application/json; charset=utf-8
host: localhost:56732
accept: */*

Response DefaultHttpResponse(decodeResult: success, version: HTTP/1.1)
HTTP/1.1 200 OK
Content-Type: application/json; charset=utf-8
cache-control: no-cache
content-length: 15254

10:09:07.265 [AsyncHttpClient-1-9] DEBUG org.asynchttpclient.netty.channel.ChannelManager - Adding key: http://localhost:56732 for channel [id: 0x33a9e480, L:/127.0.0.1:61735 - R:localhost/127.0.0.1:56732]
10:09:07.267 [Forwarding getCurrentUrl on session c3d7967bf0d238ece3df278bb0313c12 to remote] DEBUG org.asynchttpclient.netty.request.NettyRequestSender - Using pooled Channel '[id: 0x33a9e480, L:/127.0.0.1:61735 - R:localhost/127.0.0.1:56732]' for 'GET' to 'http://localhost:56732/session/c3d7967bf0d238ece3df278bb0313c12/url'
10:09:07.267 [Forwarding getCurrentUrl on session c3d7967bf0d238ece3df278bb0313c12 to remote] DEBUG org.asynchttpclient.netty.request.NettyRequestSender - Using open Channel [id: 0x33a9e480, L:/127.0.0.1:61735 - R:localhost/127.0.0.1:56732] for GET '/session/c3d7967bf0d238ece3df278bb0313c12/url'
10:09:07.270 [AsyncHttpClient-1-9] DEBUG org.asynchttpclient.netty.handler.HttpHandler - 

Request DefaultFullHttpRequest(decodeResult: success, version: HTTP/1.1, content: EmptyByteBufBE)
GET /session/c3d7967bf0d238ece3df278bb0313c12/url HTTP/1.1
User-Agent: selenium/4.4.0 (java windows)
Cache-Control: no-cache
Content-Type: application/json; charset=utf-8
host: localhost:56732
accept: */*

Response DefaultHttpResponse(decodeResult: success, version: HTTP/1.1)
HTTP/1.1 200 OK
Content-Type: application/json; charset=utf-8
cache-control: no-cache
content-length: 52

10:09:07.270 [AsyncHttpClient-1-9] DEBUG org.asynchttpclient.netty.channel.ChannelManager - Adding key: http://localhost:56732 for channel [id: 0x33a9e480, L:/127.0.0.1:61735 - R:localhost/127.0.0.1:56732]
10:09:07.271 [Test worker] DEBUG net.thucydides.core.steps.StepInterceptor - STARTING STEP: SearchSteps.seleccionaLaOpcionDelMenuDesplegable - performAs
10:09:07.283 [Forwarding getCurrentWindowHandle on session c3d7967bf0d238ece3df278bb0313c12 to remote] DEBUG org.asynchttpclient.netty.request.NettyRequestSender - Using pooled Channel '[id: 0x33a9e480, L:/127.0.0.1:61735 - R:localhost/127.0.0.1:56732]' for 'GET' to 'http://localhost:56732/session/c3d7967bf0d238ece3df278bb0313c12/window'
10:09:07.283 [Forwarding getCurrentWindowHandle on session c3d7967bf0d238ece3df278bb0313c12 to remote] DEBUG org.asynchttpclient.netty.request.NettyRequestSender - Using open Channel [id: 0x33a9e480, L:/127.0.0.1:61735 - R:localhost/127.0.0.1:56732] for GET '/session/c3d7967bf0d238ece3df278bb0313c12/window'
10:09:07.284 [AsyncHttpClient-1-9] DEBUG org.asynchttpclient.netty.handler.HttpHandler - 

Request DefaultFullHttpRequest(decodeResult: success, version: HTTP/1.1, content: EmptyByteBufBE)
GET /session/c3d7967bf0d238ece3df278bb0313c12/window HTTP/1.1
User-Agent: selenium/4.4.0 (java windows)
Cache-Control: no-cache
Content-Type: application/json; charset=utf-8
host: localhost:56732
accept: */*

Response DefaultHttpResponse(decodeResult: success, version: HTTP/1.1)
HTTP/1.1 200 OK
Content-Type: application/json; charset=utf-8
cache-control: no-cache
content-length: 53

10:09:07.284 [AsyncHttpClient-1-9] DEBUG org.asynchttpclient.netty.channel.ChannelManager - Adding key: http://localhost:56732 for channel [id: 0x33a9e480, L:/127.0.0.1:61735 - R:localhost/127.0.0.1:56732]
10:09:07.287 [Forwarding getAlertText on session c3d7967bf0d238ece3df278bb0313c12 to remote] DEBUG org.asynchttpclient.netty.request.NettyRequestSender - Using pooled Channel '[id: 0x33a9e480, L:/127.0.0.1:61735 - R:localhost/127.0.0.1:56732]' for 'GET' to 'http://localhost:56732/session/c3d7967bf0d238ece3df278bb0313c12/alert/text'
10:09:07.287 [Forwarding getAlertText on session c3d7967bf0d238ece3df278bb0313c12 to remote] DEBUG org.asynchttpclient.netty.request.NettyRequestSender - Using open Channel [id: 0x33a9e480, L:/127.0.0.1:61735 - R:localhost/127.0.0.1:56732] for GET '/session/c3d7967bf0d238ece3df278bb0313c12/alert/text'
10:09:07.289 [AsyncHttpClient-1-9] DEBUG org.asynchttpclient.netty.handler.HttpHandler - 

Request DefaultFullHttpRequest(decodeResult: success, version: HTTP/1.1, content: EmptyByteBufBE)
GET /session/c3d7967bf0d238ece3df278bb0313c12/alert/text HTTP/1.1
User-Agent: selenium/4.4.0 (java windows)
Cache-Control: no-cache
Content-Type: application/json; charset=utf-8
host: localhost:56732
accept: */*

Response DefaultHttpResponse(decodeResult: success, version: HTTP/1.1)
HTTP/1.1 404 Not Found
Content-Type: application/json; charset=utf-8
cache-control: no-cache
content-length: 879

10:09:07.289 [AsyncHttpClient-1-9] DEBUG org.asynchttpclient.netty.channel.ChannelManager - Adding key: http://localhost:56732 for channel [id: 0x33a9e480, L:/127.0.0.1:61735 - R:localhost/127.0.0.1:56732]
10:09:07.292 [Forwarding switchToWindow on session c3d7967bf0d238ece3df278bb0313c12 to remote] DEBUG org.asynchttpclient.netty.request.NettyRequestSender - Using pooled Channel '[id: 0x33a9e480, L:/127.0.0.1:61735 - R:localhost/127.0.0.1:56732]' for 'POST' to 'http://localhost:56732/session/c3d7967bf0d238ece3df278bb0313c12/window'
10:09:07.292 [Forwarding switchToWindow on session c3d7967bf0d238ece3df278bb0313c12 to remote] DEBUG org.asynchttpclient.netty.request.NettyRequestSender - Using open Channel [id: 0x33a9e480, L:/127.0.0.1:61735 - R:localhost/127.0.0.1:56732] for POST '/session/c3d7967bf0d238ece3df278bb0313c12/window'
10:09:07.295 [AsyncHttpClient-1-9] DEBUG org.asynchttpclient.netty.handler.HttpHandler - 

Request DefaultHttpRequest(decodeResult: success, version: HTTP/1.1)
POST /session/c3d7967bf0d238ece3df278bb0313c12/window HTTP/1.1
User-Agent: selenium/4.4.0 (java windows)
Content-Length: 59
Content-Type: application/json; charset=utf-8
host: localhost:56732
accept: */*

Response DefaultHttpResponse(decodeResult: success, version: HTTP/1.1)
HTTP/1.1 200 OK
Content-Type: application/json; charset=utf-8
cache-control: no-cache
content-length: 14

10:09:07.295 [AsyncHttpClient-1-9] DEBUG org.asynchttpclient.netty.channel.ChannelManager - Adding key: http://localhost:56732 for channel [id: 0x33a9e480, L:/127.0.0.1:61735 - R:localhost/127.0.0.1:56732]
10:09:07.296 [Forwarding getCurrentUrl on session c3d7967bf0d238ece3df278bb0313c12 to remote] DEBUG org.asynchttpclient.netty.request.NettyRequestSender - Using pooled Channel '[id: 0x33a9e480, L:/127.0.0.1:61735 - R:localhost/127.0.0.1:56732]' for 'GET' to 'http://localhost:56732/session/c3d7967bf0d238ece3df278bb0313c12/url'
10:09:07.296 [Forwarding getCurrentUrl on session c3d7967bf0d238ece3df278bb0313c12 to remote] DEBUG org.asynchttpclient.netty.request.NettyRequestSender - Using open Channel [id: 0x33a9e480, L:/127.0.0.1:61735 - R:localhost/127.0.0.1:56732] for GET '/session/c3d7967bf0d238ece3df278bb0313c12/url'
10:09:07.300 [AsyncHttpClient-1-9] DEBUG org.asynchttpclient.netty.handler.HttpHandler - 

Request DefaultFullHttpRequest(decodeResult: success, version: HTTP/1.1, content: EmptyByteBufBE)
GET /session/c3d7967bf0d238ece3df278bb0313c12/url HTTP/1.1
User-Agent: selenium/4.4.0 (java windows)
Cache-Control: no-cache
Content-Type: application/json; charset=utf-8
host: localhost:56732
accept: */*

Response DefaultHttpResponse(decodeResult: success, version: HTTP/1.1)
HTTP/1.1 200 OK
Content-Type: application/json; charset=utf-8
cache-control: no-cache
content-length: 52

10:09:07.300 [AsyncHttpClient-1-9] DEBUG org.asynchttpclient.netty.channel.ChannelManager - Adding key: http://localhost:56732 for channel [id: 0x33a9e480, L:/127.0.0.1:61735 - R:localhost/127.0.0.1:56732]
10:09:07.300 [Forwarding screenshot on session c3d7967bf0d238ece3df278bb0313c12 to remote] DEBUG org.asynchttpclient.netty.request.NettyRequestSender - Using pooled Channel '[id: 0x33a9e480, L:/127.0.0.1:61735 - R:localhost/127.0.0.1:56732]' for 'GET' to 'http://localhost:56732/session/c3d7967bf0d238ece3df278bb0313c12/screenshot'
10:09:07.300 [Forwarding screenshot on session c3d7967bf0d238ece3df278bb0313c12 to remote] DEBUG org.asynchttpclient.netty.request.NettyRequestSender - Using open Channel [id: 0x33a9e480, L:/127.0.0.1:61735 - R:localhost/127.0.0.1:56732] for GET '/session/c3d7967bf0d238ece3df278bb0313c12/screenshot'
10:09:07.389 [AsyncHttpClient-1-9] DEBUG org.asynchttpclient.netty.handler.HttpHandler - 

Request DefaultFullHttpRequest(decodeResult: success, version: HTTP/1.1, content: EmptyByteBufBE)
GET /session/c3d7967bf0d238ece3df278bb0313c12/screenshot HTTP/1.1
User-Agent: selenium/4.4.0 (java windows)
Cache-Control: no-cache
Content-Type: application/json; charset=utf-8
host: localhost:56732
accept: */*

Response DefaultHttpResponse(decodeResult: success, version: HTTP/1.1)
HTTP/1.1 200 OK
Content-Type: application/json; charset=utf-8
cache-control: no-cache
content-length: 316072

10:09:07.390 [AsyncHttpClient-1-9] DEBUG org.asynchttpclient.netty.channel.ChannelManager - Adding key: http://localhost:56732 for channel [id: 0x33a9e480, L:/127.0.0.1:61735 - R:localhost/127.0.0.1:56732]
10:09:07.394 [Test worker] DEBUG net.serenitybdd.core.photography.Darkroom - Send negative for processing for C:\Users\juan.gomezv\IdeaProjects\sura\target\site\serenity\e44069ae212a02c6322b8bddc355adc221270edded46bd42546211af4a56801c.png
10:09:07.397 [Forwarding getPageSource on session c3d7967bf0d238ece3df278bb0313c12 to remote] DEBUG org.asynchttpclient.netty.request.NettyRequestSender - Using pooled Channel '[id: 0x33a9e480, L:/127.0.0.1:61735 - R:localhost/127.0.0.1:56732]' for 'POST' to 'http://localhost:56732/session/c3d7967bf0d238ece3df278bb0313c12/execute/sync'
10:09:07.397 [Forwarding getPageSource on session c3d7967bf0d238ece3df278bb0313c12 to remote] DEBUG org.asynchttpclient.netty.request.NettyRequestSender - Using open Channel [id: 0x33a9e480, L:/127.0.0.1:61735 - R:localhost/127.0.0.1:56732] for POST '/session/c3d7967bf0d238ece3df278bb0313c12/execute/sync'
10:09:07.403 [AsyncHttpClient-1-9] DEBUG org.asynchttpclient.netty.handler.HttpHandler - 

Request DefaultHttpRequest(decodeResult: success, version: HTTP/1.1)
POST /session/c3d7967bf0d238ece3df278bb0313c12/execute/sync HTTP/1.1
User-Agent: selenium/4.4.0 (java windows)
Content-Length: 176
Content-Type: application/json; charset=utf-8
host: localhost:56732
accept: */*

Response DefaultHttpResponse(decodeResult: success, version: HTTP/1.1)
HTTP/1.1 200 OK
Content-Type: application/json; charset=utf-8
cache-control: no-cache
content-length: 15254

10:09:07.403 [AsyncHttpClient-1-9] DEBUG org.asynchttpclient.netty.channel.ChannelManager - Adding key: http://localhost:56732 for channel [id: 0x33a9e480, L:/127.0.0.1:61735 - R:localhost/127.0.0.1:56732]
10:09:07.404 [Forwarding getCurrentUrl on session c3d7967bf0d238ece3df278bb0313c12 to remote] DEBUG org.asynchttpclient.netty.request.NettyRequestSender - Using pooled Channel '[id: 0x33a9e480, L:/127.0.0.1:61735 - R:localhost/127.0.0.1:56732]' for 'GET' to 'http://localhost:56732/session/c3d7967bf0d238ece3df278bb0313c12/url'
10:09:07.404 [Forwarding getCurrentUrl on session c3d7967bf0d238ece3df278bb0313c12 to remote] DEBUG org.asynchttpclient.netty.request.NettyRequestSender - Using open Channel [id: 0x33a9e480, L:/127.0.0.1:61735 - R:localhost/127.0.0.1:56732] for GET '/session/c3d7967bf0d238ece3df278bb0313c12/url'
10:09:07.408 [AsyncHttpClient-1-9] DEBUG org.asynchttpclient.netty.handler.HttpHandler - 

Request DefaultFullHttpRequest(decodeResult: success, version: HTTP/1.1, content: EmptyByteBufBE)
GET /session/c3d7967bf0d238ece3df278bb0313c12/url HTTP/1.1
User-Agent: selenium/4.4.0 (java windows)
Cache-Control: no-cache
Content-Type: application/json; charset=utf-8
host: localhost:56732
accept: */*

Response DefaultHttpResponse(decodeResult: success, version: HTTP/1.1)
HTTP/1.1 200 OK
Content-Type: application/json; charset=utf-8
cache-control: no-cache
content-length: 52

10:09:07.408 [AsyncHttpClient-1-9] DEBUG org.asynchttpclient.netty.channel.ChannelManager - Adding key: http://localhost:56732 for channel [id: 0x33a9e480, L:/127.0.0.1:61735 - R:localhost/127.0.0.1:56732]
10:09:07.409 [Test worker] DEBUG net.thucydides.core.steps.StepInterceptor - STARTING STEP: SearchForProducts.performAs - performAs
10:09:07.410 [Test worker] DEBUG net.serenitybdd.screenplay.targets.IFrameSwitcher - default content already selected for dropdown menu
10:09:07.415 [Forwarding getCurrentUrl on session c3d7967bf0d238ece3df278bb0313c12 to remote] DEBUG org.asynchttpclient.netty.request.NettyRequestSender - Using pooled Channel '[id: 0x33a9e480, L:/127.0.0.1:61735 - R:localhost/127.0.0.1:56732]' for 'GET' to 'http://localhost:56732/session/c3d7967bf0d238ece3df278bb0313c12/url'
10:09:07.415 [Forwarding getCurrentUrl on session c3d7967bf0d238ece3df278bb0313c12 to remote] DEBUG org.asynchttpclient.netty.request.NettyRequestSender - Using open Channel [id: 0x33a9e480, L:/127.0.0.1:61735 - R:localhost/127.0.0.1:56732] for GET '/session/c3d7967bf0d238ece3df278bb0313c12/url'
10:09:07.418 [AsyncHttpClient-1-9] DEBUG org.asynchttpclient.netty.handler.HttpHandler - 

Request DefaultFullHttpRequest(decodeResult: success, version: HTTP/1.1, content: EmptyByteBufBE)
GET /session/c3d7967bf0d238ece3df278bb0313c12/url HTTP/1.1
User-Agent: selenium/4.4.0 (java windows)
Cache-Control: no-cache
Content-Type: application/json; charset=utf-8
host: localhost:56732
accept: */*

Response DefaultHttpResponse(decodeResult: success, version: HTTP/1.1)
HTTP/1.1 200 OK
Content-Type: application/json; charset=utf-8
cache-control: no-cache
content-length: 52

10:09:07.418 [AsyncHttpClient-1-9] DEBUG org.asynchttpclient.netty.channel.ChannelManager - Adding key: http://localhost:56732 for channel [id: 0x33a9e480, L:/127.0.0.1:61735 - R:localhost/127.0.0.1:56732]
10:09:07.425 [Forwarding findElement on session c3d7967bf0d238ece3df278bb0313c12 to remote] DEBUG org.asynchttpclient.netty.request.NettyRequestSender - Using pooled Channel '[id: 0x33a9e480, L:/127.0.0.1:61735 - R:localhost/127.0.0.1:56732]' for 'POST' to 'http://localhost:56732/session/c3d7967bf0d238ece3df278bb0313c12/element'
10:09:07.425 [Forwarding findElement on session c3d7967bf0d238ece3df278bb0313c12 to remote] DEBUG org.asynchttpclient.netty.request.NettyRequestSender - Using open Channel [id: 0x33a9e480, L:/127.0.0.1:61735 - R:localhost/127.0.0.1:56732] for POST '/session/c3d7967bf0d238ece3df278bb0313c12/element'
10:09:07.432 [AsyncHttpClient-1-9] DEBUG org.asynchttpclient.netty.handler.HttpHandler - 

Request DefaultHttpRequest(decodeResult: success, version: HTTP/1.1)
POST /session/c3d7967bf0d238ece3df278bb0313c12/element HTTP/1.1
User-Agent: selenium/4.4.0 (java windows)
Content-Length: 81
Content-Type: application/json; charset=utf-8
host: localhost:56732
accept: */*

Response DefaultHttpResponse(decodeResult: success, version: HTTP/1.1)
HTTP/1.1 200 OK
Content-Type: application/json; charset=utf-8
cache-control: no-cache
content-length: 88

10:09:07.432 [AsyncHttpClient-1-9] DEBUG org.asynchttpclient.netty.channel.ChannelManager - Adding key: http://localhost:56732 for channel [id: 0x33a9e480, L:/127.0.0.1:61735 - R:localhost/127.0.0.1:56732]
10:09:07.436 [Forwarding executeScript on session c3d7967bf0d238ece3df278bb0313c12 to remote] DEBUG org.asynchttpclient.netty.request.NettyRequestSender - Using pooled Channel '[id: 0x33a9e480, L:/127.0.0.1:61735 - R:localhost/127.0.0.1:56732]' for 'POST' to 'http://localhost:56732/session/c3d7967bf0d238ece3df278bb0313c12/execute/sync'
10:09:07.436 [Forwarding executeScript on session c3d7967bf0d238ece3df278bb0313c12 to remote] DEBUG org.asynchttpclient.netty.request.NettyRequestSender - Using open Channel [id: 0x33a9e480, L:/127.0.0.1:61735 - R:localhost/127.0.0.1:56732] for POST '/session/c3d7967bf0d238ece3df278bb0313c12/execute/sync'
10:09:07.440 [AsyncHttpClient-1-9] DEBUG org.asynchttpclient.netty.handler.HttpHandler - 

Request DefaultHttpRequest(decodeResult: success, version: HTTP/1.1)
POST /session/c3d7967bf0d238ece3df278bb0313c12/execute/sync HTTP/1.1
User-Agent: selenium/4.4.0 (java windows)
Content-Length: 240
Content-Type: application/json; charset=utf-8
host: localhost:56732
accept: */*

Response DefaultHttpResponse(decodeResult: success, version: HTTP/1.1)
HTTP/1.1 200 OK
Content-Type: application/json; charset=utf-8
cache-control: no-cache
content-length: 14

10:09:07.441 [AsyncHttpClient-1-9] DEBUG org.asynchttpclient.netty.channel.ChannelManager - Adding key: http://localhost:56732 for channel [id: 0x33a9e480, L:/127.0.0.1:61735 - R:localhost/127.0.0.1:56732]
10:09:07.450 [Forwarding getCurrentWindowHandle on session c3d7967bf0d238ece3df278bb0313c12 to remote] DEBUG org.asynchttpclient.netty.request.NettyRequestSender - Using pooled Channel '[id: 0x33a9e480, L:/127.0.0.1:61735 - R:localhost/127.0.0.1:56732]' for 'GET' to 'http://localhost:56732/session/c3d7967bf0d238ece3df278bb0313c12/window'
10:09:07.450 [Forwarding getCurrentWindowHandle on session c3d7967bf0d238ece3df278bb0313c12 to remote] DEBUG org.asynchttpclient.netty.request.NettyRequestSender - Using open Channel [id: 0x33a9e480, L:/127.0.0.1:61735 - R:localhost/127.0.0.1:56732] for GET '/session/c3d7967bf0d238ece3df278bb0313c12/window'
10:09:07.451 [AsyncHttpClient-1-9] DEBUG org.asynchttpclient.netty.handler.HttpHandler - 

Request DefaultFullHttpRequest(decodeResult: success, version: HTTP/1.1, content: EmptyByteBufBE)
GET /session/c3d7967bf0d238ece3df278bb0313c12/window HTTP/1.1
User-Agent: selenium/4.4.0 (java windows)
Cache-Control: no-cache
Content-Type: application/json; charset=utf-8
host: localhost:56732
accept: */*

Response DefaultHttpResponse(decodeResult: success, version: HTTP/1.1)
HTTP/1.1 200 OK
Content-Type: application/json; charset=utf-8
cache-control: no-cache
content-length: 53

10:09:07.452 [AsyncHttpClient-1-9] DEBUG org.asynchttpclient.netty.channel.ChannelManager - Adding key: http://localhost:56732 for channel [id: 0x33a9e480, L:/127.0.0.1:61735 - R:localhost/127.0.0.1:56732]
10:09:07.453 [Forwarding getAlertText on session c3d7967bf0d238ece3df278bb0313c12 to remote] DEBUG org.asynchttpclient.netty.request.NettyRequestSender - Using pooled Channel '[id: 0x33a9e480, L:/127.0.0.1:61735 - R:localhost/127.0.0.1:56732]' for 'GET' to 'http://localhost:56732/session/c3d7967bf0d238ece3df278bb0313c12/alert/text'
10:09:07.453 [Forwarding getAlertText on session c3d7967bf0d238ece3df278bb0313c12 to remote] DEBUG org.asynchttpclient.netty.request.NettyRequestSender - Using open Channel [id: 0x33a9e480, L:/127.0.0.1:61735 - R:localhost/127.0.0.1:56732] for GET '/session/c3d7967bf0d238ece3df278bb0313c12/alert/text'
10:09:07.456 [AsyncHttpClient-1-9] DEBUG org.asynchttpclient.netty.handler.HttpHandler - 

Request DefaultFullHttpRequest(decodeResult: success, version: HTTP/1.1, content: EmptyByteBufBE)
GET /session/c3d7967bf0d238ece3df278bb0313c12/alert/text HTTP/1.1
User-Agent: selenium/4.4.0 (java windows)
Cache-Control: no-cache
Content-Type: application/json; charset=utf-8
host: localhost:56732
accept: */*

Response DefaultHttpResponse(decodeResult: success, version: HTTP/1.1)
HTTP/1.1 404 Not Found
Content-Type: application/json; charset=utf-8
cache-control: no-cache
content-length: 879

10:09:07.456 [AsyncHttpClient-1-9] DEBUG org.asynchttpclient.netty.channel.ChannelManager - Adding key: http://localhost:56732 for channel [id: 0x33a9e480, L:/127.0.0.1:61735 - R:localhost/127.0.0.1:56732]
10:09:07.460 [Forwarding switchToWindow on session c3d7967bf0d238ece3df278bb0313c12 to remote] DEBUG org.asynchttpclient.netty.request.NettyRequestSender - Using pooled Channel '[id: 0x33a9e480, L:/127.0.0.1:61735 - R:localhost/127.0.0.1:56732]' for 'POST' to 'http://localhost:56732/session/c3d7967bf0d238ece3df278bb0313c12/window'
10:09:07.460 [Forwarding switchToWindow on session c3d7967bf0d238ece3df278bb0313c12 to remote] DEBUG org.asynchttpclient.netty.request.NettyRequestSender - Using open Channel [id: 0x33a9e480, L:/127.0.0.1:61735 - R:localhost/127.0.0.1:56732] for POST '/session/c3d7967bf0d238ece3df278bb0313c12/window'
10:09:07.463 [AsyncHttpClient-1-9] DEBUG org.asynchttpclient.netty.handler.HttpHandler - 

Request DefaultHttpRequest(decodeResult: success, version: HTTP/1.1)
POST /session/c3d7967bf0d238ece3df278bb0313c12/window HTTP/1.1
User-Agent: selenium/4.4.0 (java windows)
Content-Length: 59
Content-Type: application/json; charset=utf-8
host: localhost:56732
accept: */*

Response DefaultHttpResponse(decodeResult: success, version: HTTP/1.1)
HTTP/1.1 200 OK
Content-Type: application/json; charset=utf-8
cache-control: no-cache
content-length: 14

10:09:07.464 [AsyncHttpClient-1-9] DEBUG org.asynchttpclient.netty.channel.ChannelManager - Adding key: http://localhost:56732 for channel [id: 0x33a9e480, L:/127.0.0.1:61735 - R:localhost/127.0.0.1:56732]
10:09:07.464 [Forwarding getCurrentUrl on session c3d7967bf0d238ece3df278bb0313c12 to remote] DEBUG org.asynchttpclient.netty.request.NettyRequestSender - Using pooled Channel '[id: 0x33a9e480, L:/127.0.0.1:61735 - R:localhost/127.0.0.1:56732]' for 'GET' to 'http://localhost:56732/session/c3d7967bf0d238ece3df278bb0313c12/url'
10:09:07.464 [Forwarding getCurrentUrl on session c3d7967bf0d238ece3df278bb0313c12 to remote] DEBUG org.asynchttpclient.netty.request.NettyRequestSender - Using open Channel [id: 0x33a9e480, L:/127.0.0.1:61735 - R:localhost/127.0.0.1:56732] for GET '/session/c3d7967bf0d238ece3df278bb0313c12/url'
10:09:07.468 [AsyncHttpClient-1-9] DEBUG org.asynchttpclient.netty.handler.HttpHandler - 

Request DefaultFullHttpRequest(decodeResult: success, version: HTTP/1.1, content: EmptyByteBufBE)
GET /session/c3d7967bf0d238ece3df278bb0313c12/url HTTP/1.1
User-Agent: selenium/4.4.0 (java windows)
Cache-Control: no-cache
Content-Type: application/json; charset=utf-8
host: localhost:56732
accept: */*

Response DefaultHttpResponse(decodeResult: success, version: HTTP/1.1)
HTTP/1.1 200 OK
Content-Type: application/json; charset=utf-8
cache-control: no-cache
content-length: 52

10:09:07.468 [AsyncHttpClient-1-9] DEBUG org.asynchttpclient.netty.channel.ChannelManager - Adding key: http://localhost:56732 for channel [id: 0x33a9e480, L:/127.0.0.1:61735 - R:localhost/127.0.0.1:56732]
10:09:07.468 [Forwarding screenshot on session c3d7967bf0d238ece3df278bb0313c12 to remote] DEBUG org.asynchttpclient.netty.request.NettyRequestSender - Using pooled Channel '[id: 0x33a9e480, L:/127.0.0.1:61735 - R:localhost/127.0.0.1:56732]' for 'GET' to 'http://localhost:56732/session/c3d7967bf0d238ece3df278bb0313c12/screenshot'
10:09:07.468 [Forwarding screenshot on session c3d7967bf0d238ece3df278bb0313c12 to remote] DEBUG org.asynchttpclient.netty.request.NettyRequestSender - Using open Channel [id: 0x33a9e480, L:/127.0.0.1:61735 - R:localhost/127.0.0.1:56732] for GET '/session/c3d7967bf0d238ece3df278bb0313c12/screenshot'
10:09:07.583 [AsyncHttpClient-1-9] DEBUG org.asynchttpclient.netty.handler.HttpHandler - 

Request DefaultFullHttpRequest(decodeResult: success, version: HTTP/1.1, content: EmptyByteBufBE)
GET /session/c3d7967bf0d238ece3df278bb0313c12/screenshot HTTP/1.1
User-Agent: selenium/4.4.0 (java windows)
Cache-Control: no-cache
Content-Type: application/json; charset=utf-8
host: localhost:56732
accept: */*

Response DefaultHttpResponse(decodeResult: success, version: HTTP/1.1)
HTTP/1.1 200 OK
Content-Type: application/json; charset=utf-8
cache-control: no-cache
content-length: 374652

10:09:07.583 [AsyncHttpClient-1-9] DEBUG org.asynchttpclient.netty.channel.ChannelManager - Adding key: http://localhost:56732 for channel [id: 0x33a9e480, L:/127.0.0.1:61735 - R:localhost/127.0.0.1:56732]
10:09:07.588 [Test worker] DEBUG net.serenitybdd.core.photography.Darkroom - Send negative for processing for C:\Users\juan.gomezv\IdeaProjects\sura\target\site\serenity\c4defe1e4f71b7a35f22431940f8ddca8b99b97d0068828f0e471a1d2b522635.png
10:09:07.592 [Forwarding getPageSource on session c3d7967bf0d238ece3df278bb0313c12 to remote] DEBUG org.asynchttpclient.netty.request.NettyRequestSender - Using pooled Channel '[id: 0x33a9e480, L:/127.0.0.1:61735 - R:localhost/127.0.0.1:56732]' for 'POST' to 'http://localhost:56732/session/c3d7967bf0d238ece3df278bb0313c12/execute/sync'
10:09:07.592 [Forwarding getPageSource on session c3d7967bf0d238ece3df278bb0313c12 to remote] DEBUG org.asynchttpclient.netty.request.NettyRequestSender - Using open Channel [id: 0x33a9e480, L:/127.0.0.1:61735 - R:localhost/127.0.0.1:56732] for POST '/session/c3d7967bf0d238ece3df278bb0313c12/execute/sync'
10:09:07.598 [AsyncHttpClient-1-9] DEBUG org.asynchttpclient.netty.handler.HttpHandler - 

Request DefaultHttpRequest(decodeResult: success, version: HTTP/1.1)
POST /session/c3d7967bf0d238ece3df278bb0313c12/execute/sync HTTP/1.1
User-Agent: selenium/4.4.0 (java windows)
Content-Length: 176
Content-Type: application/json; charset=utf-8
host: localhost:56732
accept: */*

Response DefaultHttpResponse(decodeResult: success, version: HTTP/1.1)
HTTP/1.1 200 OK
Content-Type: application/json; charset=utf-8
cache-control: no-cache
content-length: 15270

10:09:07.598 [AsyncHttpClient-1-9] DEBUG org.asynchttpclient.netty.channel.ChannelManager - Adding key: http://localhost:56732 for channel [id: 0x33a9e480, L:/127.0.0.1:61735 - R:localhost/127.0.0.1:56732]
10:09:07.599 [Forwarding getCurrentUrl on session c3d7967bf0d238ece3df278bb0313c12 to remote] DEBUG org.asynchttpclient.netty.request.NettyRequestSender - Using pooled Channel '[id: 0x33a9e480, L:/127.0.0.1:61735 - R:localhost/127.0.0.1:56732]' for 'GET' to 'http://localhost:56732/session/c3d7967bf0d238ece3df278bb0313c12/url'
10:09:07.599 [Forwarding getCurrentUrl on session c3d7967bf0d238ece3df278bb0313c12 to remote] DEBUG org.asynchttpclient.netty.request.NettyRequestSender - Using open Channel [id: 0x33a9e480, L:/127.0.0.1:61735 - R:localhost/127.0.0.1:56732] for GET '/session/c3d7967bf0d238ece3df278bb0313c12/url'
10:09:07.603 [AsyncHttpClient-1-9] DEBUG org.asynchttpclient.netty.handler.HttpHandler - 

Request DefaultFullHttpRequest(decodeResult: success, version: HTTP/1.1, content: EmptyByteBufBE)
GET /session/c3d7967bf0d238ece3df278bb0313c12/url HTTP/1.1
User-Agent: selenium/4.4.0 (java windows)
Cache-Control: no-cache
Content-Type: application/json; charset=utf-8
host: localhost:56732
accept: */*

Response DefaultHttpResponse(decodeResult: success, version: HTTP/1.1)
HTTP/1.1 200 OK
Content-Type: application/json; charset=utf-8
cache-control: no-cache
content-length: 52

10:09:07.603 [AsyncHttpClient-1-9] DEBUG org.asynchttpclient.netty.channel.ChannelManager - Adding key: http://localhost:56732 for channel [id: 0x33a9e480, L:/127.0.0.1:61735 - R:localhost/127.0.0.1:56732]
10:09:07.605 [Test worker] DEBUG net.thucydides.core.steps.StepInterceptor - STARTING STEP: Sort.performAs - {0} selects #value in #target
10:09:07.605 [Test worker] DEBUG net.serenitybdd.screenplay.targets.IFrameSwitcher - default content already selected for dropdown menu
10:09:07.616 [Forwarding findElement on session c3d7967bf0d238ece3df278bb0313c12 to remote] DEBUG org.asynchttpclient.netty.request.NettyRequestSender - Using pooled Channel '[id: 0x33a9e480, L:/127.0.0.1:61735 - R:localhost/127.0.0.1:56732]' for 'POST' to 'http://localhost:56732/session/c3d7967bf0d238ece3df278bb0313c12/element'
10:09:07.616 [Forwarding findElement on session c3d7967bf0d238ece3df278bb0313c12 to remote] DEBUG org.asynchttpclient.netty.request.NettyRequestSender - Using open Channel [id: 0x33a9e480, L:/127.0.0.1:61735 - R:localhost/127.0.0.1:56732] for POST '/session/c3d7967bf0d238ece3df278bb0313c12/element'
10:09:07.624 [AsyncHttpClient-1-9] DEBUG org.asynchttpclient.netty.handler.HttpHandler - 

Request DefaultHttpRequest(decodeResult: success, version: HTTP/1.1)
POST /session/c3d7967bf0d238ece3df278bb0313c12/element HTTP/1.1
User-Agent: selenium/4.4.0 (java windows)
Content-Length: 81
Content-Type: application/json; charset=utf-8
host: localhost:56732
accept: */*

Response DefaultHttpResponse(decodeResult: success, version: HTTP/1.1)
HTTP/1.1 200 OK
Content-Type: application/json; charset=utf-8
cache-control: no-cache
content-length: 88

10:09:07.624 [AsyncHttpClient-1-9] DEBUG org.asynchttpclient.netty.channel.ChannelManager - Adding key: http://localhost:56732 for channel [id: 0x33a9e480, L:/127.0.0.1:61735 - R:localhost/127.0.0.1:56732]
10:09:07.626 [Forwarding getElementTagName on session c3d7967bf0d238ece3df278bb0313c12 to remote] DEBUG org.asynchttpclient.netty.request.NettyRequestSender - Using pooled Channel '[id: 0x33a9e480, L:/127.0.0.1:61735 - R:localhost/127.0.0.1:56732]' for 'GET' to 'http://localhost:56732/session/c3d7967bf0d238ece3df278bb0313c12/element/35f281e2-d70c-4352-aa2e-15fe6a03b59a/name'
10:09:07.626 [Forwarding getElementTagName on session c3d7967bf0d238ece3df278bb0313c12 to remote] DEBUG org.asynchttpclient.netty.request.NettyRequestSender - Using open Channel [id: 0x33a9e480, L:/127.0.0.1:61735 - R:localhost/127.0.0.1:56732] for GET '/session/c3d7967bf0d238ece3df278bb0313c12/element/35f281e2-d70c-4352-aa2e-15fe6a03b59a/name'
10:09:07.631 [AsyncHttpClient-1-9] DEBUG org.asynchttpclient.netty.handler.HttpHandler - 

Request DefaultFullHttpRequest(decodeResult: success, version: HTTP/1.1, content: EmptyByteBufBE)
GET /session/c3d7967bf0d238ece3df278bb0313c12/element/35f281e2-d70c-4352-aa2e-15fe6a03b59a/name HTTP/1.1
User-Agent: selenium/4.4.0 (java windows)
Cache-Control: no-cache
Content-Type: application/json; charset=utf-8
host: localhost:56732
accept: */*

Response DefaultHttpResponse(decodeResult: success, version: HTTP/1.1)
HTTP/1.1 200 OK
Content-Type: application/json; charset=utf-8
cache-control: no-cache
content-length: 18

10:09:07.632 [AsyncHttpClient-1-9] DEBUG org.asynchttpclient.netty.channel.ChannelManager - Adding key: http://localhost:56732 for channel [id: 0x33a9e480, L:/127.0.0.1:61735 - R:localhost/127.0.0.1:56732]
10:09:07.634 [Forwarding getElementTagName on session c3d7967bf0d238ece3df278bb0313c12 to remote] DEBUG org.asynchttpclient.netty.request.NettyRequestSender - Using pooled Channel '[id: 0x33a9e480, L:/127.0.0.1:61735 - R:localhost/127.0.0.1:56732]' for 'GET' to 'http://localhost:56732/session/c3d7967bf0d238ece3df278bb0313c12/element/35f281e2-d70c-4352-aa2e-15fe6a03b59a/name'
10:09:07.634 [Forwarding getElementTagName on session c3d7967bf0d238ece3df278bb0313c12 to remote] DEBUG org.asynchttpclient.netty.request.NettyRequestSender - Using open Channel [id: 0x33a9e480, L:/127.0.0.1:61735 - R:localhost/127.0.0.1:56732] for GET '/session/c3d7967bf0d238ece3df278bb0313c12/element/35f281e2-d70c-4352-aa2e-15fe6a03b59a/name'
10:09:07.638 [AsyncHttpClient-1-9] DEBUG org.asynchttpclient.netty.handler.HttpHandler - 

Request DefaultFullHttpRequest(decodeResult: success, version: HTTP/1.1, content: EmptyByteBufBE)
GET /session/c3d7967bf0d238ece3df278bb0313c12/element/35f281e2-d70c-4352-aa2e-15fe6a03b59a/name HTTP/1.1
User-Agent: selenium/4.4.0 (java windows)
Cache-Control: no-cache
Content-Type: application/json; charset=utf-8
host: localhost:56732
accept: */*

Response DefaultHttpResponse(decodeResult: success, version: HTTP/1.1)
HTTP/1.1 200 OK
Content-Type: application/json; charset=utf-8
cache-control: no-cache
content-length: 18

10:09:07.638 [AsyncHttpClient-1-9] DEBUG org.asynchttpclient.netty.channel.ChannelManager - Adding key: http://localhost:56732 for channel [id: 0x33a9e480, L:/127.0.0.1:61735 - R:localhost/127.0.0.1:56732]
10:09:07.645 [Forwarding isElementEnabled on session c3d7967bf0d238ece3df278bb0313c12 to remote] DEBUG org.asynchttpclient.netty.request.NettyRequestSender - Using pooled Channel '[id: 0x33a9e480, L:/127.0.0.1:61735 - R:localhost/127.0.0.1:56732]' for 'GET' to 'http://localhost:56732/session/c3d7967bf0d238ece3df278bb0313c12/element/35f281e2-d70c-4352-aa2e-15fe6a03b59a/enabled'
10:09:07.645 [Forwarding isElementEnabled on session c3d7967bf0d238ece3df278bb0313c12 to remote] DEBUG org.asynchttpclient.netty.request.NettyRequestSender - Using open Channel [id: 0x33a9e480, L:/127.0.0.1:61735 - R:localhost/127.0.0.1:56732] for GET '/session/c3d7967bf0d238ece3df278bb0313c12/element/35f281e2-d70c-4352-aa2e-15fe6a03b59a/enabled'
10:09:07.652 [AsyncHttpClient-1-9] DEBUG org.asynchttpclient.netty.handler.HttpHandler - 

Request DefaultFullHttpRequest(decodeResult: success, version: HTTP/1.1, content: EmptyByteBufBE)
GET /session/c3d7967bf0d238ece3df278bb0313c12/element/35f281e2-d70c-4352-aa2e-15fe6a03b59a/enabled HTTP/1.1
User-Agent: selenium/4.4.0 (java windows)
Cache-Control: no-cache
Content-Type: application/json; charset=utf-8
host: localhost:56732
accept: */*

Response DefaultHttpResponse(decodeResult: success, version: HTTP/1.1)
HTTP/1.1 200 OK
Content-Type: application/json; charset=utf-8
cache-control: no-cache
content-length: 14

10:09:07.652 [AsyncHttpClient-1-9] DEBUG org.asynchttpclient.netty.channel.ChannelManager - Adding key: http://localhost:56732 for channel [id: 0x33a9e480, L:/127.0.0.1:61735 - R:localhost/127.0.0.1:56732]
10:09:07.655 [Forwarding isElementEnabled on session c3d7967bf0d238ece3df278bb0313c12 to remote] DEBUG org.asynchttpclient.netty.request.NettyRequestSender - Using pooled Channel '[id: 0x33a9e480, L:/127.0.0.1:61735 - R:localhost/127.0.0.1:56732]' for 'GET' to 'http://localhost:56732/session/c3d7967bf0d238ece3df278bb0313c12/element/35f281e2-d70c-4352-aa2e-15fe6a03b59a/enabled'
10:09:07.655 [Forwarding isElementEnabled on session c3d7967bf0d238ece3df278bb0313c12 to remote] DEBUG org.asynchttpclient.netty.request.NettyRequestSender - Using open Channel [id: 0x33a9e480, L:/127.0.0.1:61735 - R:localhost/127.0.0.1:56732] for GET '/session/c3d7967bf0d238ece3df278bb0313c12/element/35f281e2-d70c-4352-aa2e-15fe6a03b59a/enabled'
10:09:07.661 [AsyncHttpClient-1-9] DEBUG org.asynchttpclient.netty.handler.HttpHandler - 

Request DefaultFullHttpRequest(decodeResult: success, version: HTTP/1.1, content: EmptyByteBufBE)
GET /session/c3d7967bf0d238ece3df278bb0313c12/element/35f281e2-d70c-4352-aa2e-15fe6a03b59a/enabled HTTP/1.1
User-Agent: selenium/4.4.0 (java windows)
Cache-Control: no-cache
Content-Type: application/json; charset=utf-8
host: localhost:56732
accept: */*

Response DefaultHttpResponse(decodeResult: success, version: HTTP/1.1)
HTTP/1.1 200 OK
Content-Type: application/json; charset=utf-8
cache-control: no-cache
content-length: 14

10:09:07.661 [AsyncHttpClient-1-9] DEBUG org.asynchttpclient.netty.channel.ChannelManager - Adding key: http://localhost:56732 for channel [id: 0x33a9e480, L:/127.0.0.1:61735 - R:localhost/127.0.0.1:56732]
10:09:07.665 [Forwarding findElement on session c3d7967bf0d238ece3df278bb0313c12 to remote] DEBUG org.asynchttpclient.netty.request.NettyRequestSender - Using pooled Channel '[id: 0x33a9e480, L:/127.0.0.1:61735 - R:localhost/127.0.0.1:56732]' for 'POST' to 'http://localhost:56732/session/c3d7967bf0d238ece3df278bb0313c12/element'
10:09:07.665 [Forwarding findElement on session c3d7967bf0d238ece3df278bb0313c12 to remote] DEBUG org.asynchttpclient.netty.request.NettyRequestSender - Using open Channel [id: 0x33a9e480, L:/127.0.0.1:61735 - R:localhost/127.0.0.1:56732] for POST '/session/c3d7967bf0d238ece3df278bb0313c12/element'
10:09:07.671 [AsyncHttpClient-1-9] DEBUG org.asynchttpclient.netty.handler.HttpHandler - 

Request DefaultHttpRequest(decodeResult: success, version: HTTP/1.1)
POST /session/c3d7967bf0d238ece3df278bb0313c12/element HTTP/1.1
User-Agent: selenium/4.4.0 (java windows)
Content-Length: 81
Content-Type: application/json; charset=utf-8
host: localhost:56732
accept: */*

Response DefaultHttpResponse(decodeResult: success, version: HTTP/1.1)
HTTP/1.1 200 OK
Content-Type: application/json; charset=utf-8
cache-control: no-cache
content-length: 88

10:09:07.671 [AsyncHttpClient-1-9] DEBUG org.asynchttpclient.netty.channel.ChannelManager - Adding key: http://localhost:56732 for channel [id: 0x33a9e480, L:/127.0.0.1:61735 - R:localhost/127.0.0.1:56732]
10:09:07.672 [Forwarding getElementTagName on session c3d7967bf0d238ece3df278bb0313c12 to remote] DEBUG org.asynchttpclient.netty.request.NettyRequestSender - Using pooled Channel '[id: 0x33a9e480, L:/127.0.0.1:61735 - R:localhost/127.0.0.1:56732]' for 'GET' to 'http://localhost:56732/session/c3d7967bf0d238ece3df278bb0313c12/element/35f281e2-d70c-4352-aa2e-15fe6a03b59a/name'
10:09:07.672 [Forwarding getElementTagName on session c3d7967bf0d238ece3df278bb0313c12 to remote] DEBUG org.asynchttpclient.netty.request.NettyRequestSender - Using open Channel [id: 0x33a9e480, L:/127.0.0.1:61735 - R:localhost/127.0.0.1:56732] for GET '/session/c3d7967bf0d238ece3df278bb0313c12/element/35f281e2-d70c-4352-aa2e-15fe6a03b59a/name'
10:09:07.676 [AsyncHttpClient-1-9] DEBUG org.asynchttpclient.netty.handler.HttpHandler - 

Request DefaultFullHttpRequest(decodeResult: success, version: HTTP/1.1, content: EmptyByteBufBE)
GET /session/c3d7967bf0d238ece3df278bb0313c12/element/35f281e2-d70c-4352-aa2e-15fe6a03b59a/name HTTP/1.1
User-Agent: selenium/4.4.0 (java windows)
Cache-Control: no-cache
Content-Type: application/json; charset=utf-8
host: localhost:56732
accept: */*

Response DefaultHttpResponse(decodeResult: success, version: HTTP/1.1)
HTTP/1.1 200 OK
Content-Type: application/json; charset=utf-8
cache-control: no-cache
content-length: 18

10:09:07.676 [AsyncHttpClient-1-9] DEBUG org.asynchttpclient.netty.channel.ChannelManager - Adding key: http://localhost:56732 for channel [id: 0x33a9e480, L:/127.0.0.1:61735 - R:localhost/127.0.0.1:56732]
10:09:07.677 [Forwarding getElementDomAttribute on session c3d7967bf0d238ece3df278bb0313c12 to remote] DEBUG org.asynchttpclient.netty.request.NettyRequestSender - Using pooled Channel '[id: 0x33a9e480, L:/127.0.0.1:61735 - R:localhost/127.0.0.1:56732]' for 'GET' to 'http://localhost:56732/session/c3d7967bf0d238ece3df278bb0313c12/element/35f281e2-d70c-4352-aa2e-15fe6a03b59a/attribute/multiple'
10:09:07.677 [Forwarding getElementDomAttribute on session c3d7967bf0d238ece3df278bb0313c12 to remote] DEBUG org.asynchttpclient.netty.request.NettyRequestSender - Using open Channel [id: 0x33a9e480, L:/127.0.0.1:61735 - R:localhost/127.0.0.1:56732] for GET '/session/c3d7967bf0d238ece3df278bb0313c12/element/35f281e2-d70c-4352-aa2e-15fe6a03b59a/attribute/multiple'
10:09:07.679 [AsyncHttpClient-1-9] DEBUG org.asynchttpclient.netty.handler.HttpHandler - 

Request DefaultFullHttpRequest(decodeResult: success, version: HTTP/1.1, content: EmptyByteBufBE)
GET /session/c3d7967bf0d238ece3df278bb0313c12/element/35f281e2-d70c-4352-aa2e-15fe6a03b59a/attribute/multiple HTTP/1.1
User-Agent: selenium/4.4.0 (java windows)
Cache-Control: no-cache
Content-Type: application/json; charset=utf-8
host: localhost:56732
accept: */*

Response DefaultHttpResponse(decodeResult: success, version: HTTP/1.1)
HTTP/1.1 200 OK
Content-Type: application/json; charset=utf-8
cache-control: no-cache
content-length: 14

10:09:07.679 [AsyncHttpClient-1-9] DEBUG org.asynchttpclient.netty.channel.ChannelManager - Adding key: http://localhost:56732 for channel [id: 0x33a9e480, L:/127.0.0.1:61735 - R:localhost/127.0.0.1:56732]
10:09:07.680 [Forwarding findChildElements on session c3d7967bf0d238ece3df278bb0313c12 to remote] DEBUG org.asynchttpclient.netty.request.NettyRequestSender - Using pooled Channel '[id: 0x33a9e480, L:/127.0.0.1:61735 - R:localhost/127.0.0.1:56732]' for 'POST' to 'http://localhost:56732/session/c3d7967bf0d238ece3df278bb0313c12/element/35f281e2-d70c-4352-aa2e-15fe6a03b59a/elements'
10:09:07.680 [Forwarding findChildElements on session c3d7967bf0d238ece3df278bb0313c12 to remote] DEBUG org.asynchttpclient.netty.request.NettyRequestSender - Using open Channel [id: 0x33a9e480, L:/127.0.0.1:61735 - R:localhost/127.0.0.1:56732] for POST '/session/c3d7967bf0d238ece3df278bb0313c12/element/35f281e2-d70c-4352-aa2e-15fe6a03b59a/elements'
10:09:07.686 [AsyncHttpClient-1-9] DEBUG org.asynchttpclient.netty.handler.HttpHandler - 

Request DefaultHttpRequest(decodeResult: success, version: HTTP/1.1)
POST /session/c3d7967bf0d238ece3df278bb0313c12/element/35f281e2-d70c-4352-aa2e-15fe6a03b59a/elements HTTP/1.1
User-Agent: selenium/4.4.0 (java windows)
Content-Length: 123
Content-Type: application/json; charset=utf-8
host: localhost:56732
accept: */*

Response DefaultHttpResponse(decodeResult: success, version: HTTP/1.1)
HTTP/1.1 200 OK
Content-Type: application/json; charset=utf-8
cache-control: no-cache
content-length: 90

10:09:07.686 [AsyncHttpClient-1-9] DEBUG org.asynchttpclient.netty.channel.ChannelManager - Adding key: http://localhost:56732 for channel [id: 0x33a9e480, L:/127.0.0.1:61735 - R:localhost/127.0.0.1:56732]
10:09:07.687 [Forwarding isElementSelected on session c3d7967bf0d238ece3df278bb0313c12 to remote] DEBUG org.asynchttpclient.netty.request.NettyRequestSender - Using pooled Channel '[id: 0x33a9e480, L:/127.0.0.1:61735 - R:localhost/127.0.0.1:56732]' for 'GET' to 'http://localhost:56732/session/c3d7967bf0d238ece3df278bb0313c12/element/b333dbd2-30a3-4fa4-9ca5-2176bd1546c0/selected'
10:09:07.687 [Forwarding isElementSelected on session c3d7967bf0d238ece3df278bb0313c12 to remote] DEBUG org.asynchttpclient.netty.request.NettyRequestSender - Using open Channel [id: 0x33a9e480, L:/127.0.0.1:61735 - R:localhost/127.0.0.1:56732] for GET '/session/c3d7967bf0d238ece3df278bb0313c12/element/b333dbd2-30a3-4fa4-9ca5-2176bd1546c0/selected'
10:09:07.691 [AsyncHttpClient-1-9] DEBUG org.asynchttpclient.netty.handler.HttpHandler - 

Request DefaultFullHttpRequest(decodeResult: success, version: HTTP/1.1, content: EmptyByteBufBE)
GET /session/c3d7967bf0d238ece3df278bb0313c12/element/b333dbd2-30a3-4fa4-9ca5-2176bd1546c0/selected HTTP/1.1
User-Agent: selenium/4.4.0 (java windows)
Cache-Control: no-cache
Content-Type: application/json; charset=utf-8
host: localhost:56732
accept: */*

Response DefaultHttpResponse(decodeResult: success, version: HTTP/1.1)
HTTP/1.1 200 OK
Content-Type: application/json; charset=utf-8
cache-control: no-cache
content-length: 15

10:09:07.691 [AsyncHttpClient-1-9] DEBUG org.asynchttpclient.netty.channel.ChannelManager - Adding key: http://localhost:56732 for channel [id: 0x33a9e480, L:/127.0.0.1:61735 - R:localhost/127.0.0.1:56732]
10:09:07.692 [Forwarding clickElement on session c3d7967bf0d238ece3df278bb0313c12 to remote] DEBUG org.asynchttpclient.netty.request.NettyRequestSender - Using pooled Channel '[id: 0x33a9e480, L:/127.0.0.1:61735 - R:localhost/127.0.0.1:56732]' for 'POST' to 'http://localhost:56732/session/c3d7967bf0d238ece3df278bb0313c12/element/b333dbd2-30a3-4fa4-9ca5-2176bd1546c0/click'
10:09:07.692 [Forwarding clickElement on session c3d7967bf0d238ece3df278bb0313c12 to remote] DEBUG org.asynchttpclient.netty.request.NettyRequestSender - Using open Channel [id: 0x33a9e480, L:/127.0.0.1:61735 - R:localhost/127.0.0.1:56732] for POST '/session/c3d7967bf0d238ece3df278bb0313c12/element/b333dbd2-30a3-4fa4-9ca5-2176bd1546c0/click'
10:09:07.712 [AsyncHttpClient-1-9] DEBUG org.asynchttpclient.netty.handler.HttpHandler - 

Request DefaultHttpRequest(decodeResult: success, version: HTTP/1.1)
POST /session/c3d7967bf0d238ece3df278bb0313c12/element/b333dbd2-30a3-4fa4-9ca5-2176bd1546c0/click HTTP/1.1
User-Agent: selenium/4.4.0 (java windows)
Content-Length: 50
Content-Type: application/json; charset=utf-8
host: localhost:56732
accept: */*

Response DefaultHttpResponse(decodeResult: success, version: HTTP/1.1)
HTTP/1.1 200 OK
Content-Type: application/json; charset=utf-8
cache-control: no-cache
content-length: 14

10:09:07.712 [AsyncHttpClient-1-9] DEBUG org.asynchttpclient.netty.channel.ChannelManager - Adding key: http://localhost:56732 for channel [id: 0x33a9e480, L:/127.0.0.1:61735 - R:localhost/127.0.0.1:56732]
10:09:07.724 [Forwarding getCurrentWindowHandle on session c3d7967bf0d238ece3df278bb0313c12 to remote] DEBUG org.asynchttpclient.netty.request.NettyRequestSender - Using pooled Channel '[id: 0x33a9e480, L:/127.0.0.1:61735 - R:localhost/127.0.0.1:56732]' for 'GET' to 'http://localhost:56732/session/c3d7967bf0d238ece3df278bb0313c12/window'
10:09:07.724 [Forwarding getCurrentWindowHandle on session c3d7967bf0d238ece3df278bb0313c12 to remote] DEBUG org.asynchttpclient.netty.request.NettyRequestSender - Using open Channel [id: 0x33a9e480, L:/127.0.0.1:61735 - R:localhost/127.0.0.1:56732] for GET '/session/c3d7967bf0d238ece3df278bb0313c12/window'
10:09:07.724 [AsyncHttpClient-1-9] DEBUG org.asynchttpclient.netty.handler.HttpHandler - 

Request DefaultFullHttpRequest(decodeResult: success, version: HTTP/1.1, content: EmptyByteBufBE)
GET /session/c3d7967bf0d238ece3df278bb0313c12/window HTTP/1.1
User-Agent: selenium/4.4.0 (java windows)
Cache-Control: no-cache
Content-Type: application/json; charset=utf-8
host: localhost:56732
accept: */*

Response DefaultHttpResponse(decodeResult: success, version: HTTP/1.1)
HTTP/1.1 200 OK
Content-Type: application/json; charset=utf-8
cache-control: no-cache
content-length: 53

10:09:07.724 [AsyncHttpClient-1-9] DEBUG org.asynchttpclient.netty.channel.ChannelManager - Adding key: http://localhost:56732 for channel [id: 0x33a9e480, L:/127.0.0.1:61735 - R:localhost/127.0.0.1:56732]
10:09:07.727 [Forwarding getAlertText on session c3d7967bf0d238ece3df278bb0313c12 to remote] DEBUG org.asynchttpclient.netty.request.NettyRequestSender - Using pooled Channel '[id: 0x33a9e480, L:/127.0.0.1:61735 - R:localhost/127.0.0.1:56732]' for 'GET' to 'http://localhost:56732/session/c3d7967bf0d238ece3df278bb0313c12/alert/text'
10:09:07.727 [Forwarding getAlertText on session c3d7967bf0d238ece3df278bb0313c12 to remote] DEBUG org.asynchttpclient.netty.request.NettyRequestSender - Using open Channel [id: 0x33a9e480, L:/127.0.0.1:61735 - R:localhost/127.0.0.1:56732] for GET '/session/c3d7967bf0d238ece3df278bb0313c12/alert/text'
10:09:07.729 [AsyncHttpClient-1-9] DEBUG org.asynchttpclient.netty.handler.HttpHandler - 

Request DefaultFullHttpRequest(decodeResult: success, version: HTTP/1.1, content: EmptyByteBufBE)
GET /session/c3d7967bf0d238ece3df278bb0313c12/alert/text HTTP/1.1
User-Agent: selenium/4.4.0 (java windows)
Cache-Control: no-cache
Content-Type: application/json; charset=utf-8
host: localhost:56732
accept: */*

Response DefaultHttpResponse(decodeResult: success, version: HTTP/1.1)
HTTP/1.1 404 Not Found
Content-Type: application/json; charset=utf-8
cache-control: no-cache
content-length: 879

10:09:07.729 [AsyncHttpClient-1-9] DEBUG org.asynchttpclient.netty.channel.ChannelManager - Adding key: http://localhost:56732 for channel [id: 0x33a9e480, L:/127.0.0.1:61735 - R:localhost/127.0.0.1:56732]
10:09:07.732 [Forwarding switchToWindow on session c3d7967bf0d238ece3df278bb0313c12 to remote] DEBUG org.asynchttpclient.netty.request.NettyRequestSender - Using pooled Channel '[id: 0x33a9e480, L:/127.0.0.1:61735 - R:localhost/127.0.0.1:56732]' for 'POST' to 'http://localhost:56732/session/c3d7967bf0d238ece3df278bb0313c12/window'
10:09:07.732 [Forwarding switchToWindow on session c3d7967bf0d238ece3df278bb0313c12 to remote] DEBUG org.asynchttpclient.netty.request.NettyRequestSender - Using open Channel [id: 0x33a9e480, L:/127.0.0.1:61735 - R:localhost/127.0.0.1:56732] for POST '/session/c3d7967bf0d238ece3df278bb0313c12/window'
10:09:07.734 [AsyncHttpClient-1-9] DEBUG org.asynchttpclient.netty.handler.HttpHandler - 

Request DefaultHttpRequest(decodeResult: success, version: HTTP/1.1)
POST /session/c3d7967bf0d238ece3df278bb0313c12/window HTTP/1.1
User-Agent: selenium/4.4.0 (java windows)
Content-Length: 59
Content-Type: application/json; charset=utf-8
host: localhost:56732
accept: */*

Response DefaultHttpResponse(decodeResult: success, version: HTTP/1.1)
HTTP/1.1 200 OK
Content-Type: application/json; charset=utf-8
cache-control: no-cache
content-length: 14

10:09:07.735 [AsyncHttpClient-1-9] DEBUG org.asynchttpclient.netty.channel.ChannelManager - Adding key: http://localhost:56732 for channel [id: 0x33a9e480, L:/127.0.0.1:61735 - R:localhost/127.0.0.1:56732]
10:09:07.735 [Forwarding getCurrentUrl on session c3d7967bf0d238ece3df278bb0313c12 to remote] DEBUG org.asynchttpclient.netty.request.NettyRequestSender - Using pooled Channel '[id: 0x33a9e480, L:/127.0.0.1:61735 - R:localhost/127.0.0.1:56732]' for 'GET' to 'http://localhost:56732/session/c3d7967bf0d238ece3df278bb0313c12/url'
10:09:07.735 [Forwarding getCurrentUrl on session c3d7967bf0d238ece3df278bb0313c12 to remote] DEBUG org.asynchttpclient.netty.request.NettyRequestSender - Using open Channel [id: 0x33a9e480, L:/127.0.0.1:61735 - R:localhost/127.0.0.1:56732] for GET '/session/c3d7967bf0d238ece3df278bb0313c12/url'
10:09:07.737 [AsyncHttpClient-1-9] DEBUG org.asynchttpclient.netty.handler.HttpHandler - 

Request DefaultFullHttpRequest(decodeResult: success, version: HTTP/1.1, content: EmptyByteBufBE)
GET /session/c3d7967bf0d238ece3df278bb0313c12/url HTTP/1.1
User-Agent: selenium/4.4.0 (java windows)
Cache-Control: no-cache
Content-Type: application/json; charset=utf-8
host: localhost:56732
accept: */*

Response DefaultHttpResponse(decodeResult: success, version: HTTP/1.1)
HTTP/1.1 200 OK
Content-Type: application/json; charset=utf-8
cache-control: no-cache
content-length: 52

10:09:07.737 [AsyncHttpClient-1-9] DEBUG org.asynchttpclient.netty.channel.ChannelManager - Adding key: http://localhost:56732 for channel [id: 0x33a9e480, L:/127.0.0.1:61735 - R:localhost/127.0.0.1:56732]
10:09:07.738 [Forwarding screenshot on session c3d7967bf0d238ece3df278bb0313c12 to remote] DEBUG org.asynchttpclient.netty.request.NettyRequestSender - Using pooled Channel '[id: 0x33a9e480, L:/127.0.0.1:61735 - R:localhost/127.0.0.1:56732]' for 'GET' to 'http://localhost:56732/session/c3d7967bf0d238ece3df278bb0313c12/screenshot'
10:09:07.738 [Forwarding screenshot on session c3d7967bf0d238ece3df278bb0313c12 to remote] DEBUG org.asynchttpclient.netty.request.NettyRequestSender - Using open Channel [id: 0x33a9e480, L:/127.0.0.1:61735 - R:localhost/127.0.0.1:56732] for GET '/session/c3d7967bf0d238ece3df278bb0313c12/screenshot'
10:09:07.872 [AsyncHttpClient-1-9] DEBUG org.asynchttpclient.netty.handler.HttpHandler - 

Request DefaultFullHttpRequest(decodeResult: success, version: HTTP/1.1, content: EmptyByteBufBE)
GET /session/c3d7967bf0d238ece3df278bb0313c12/screenshot HTTP/1.1
User-Agent: selenium/4.4.0 (java windows)
Cache-Control: no-cache
Content-Type: application/json; charset=utf-8
host: localhost:56732
accept: */*

Response DefaultHttpResponse(decodeResult: success, version: HTTP/1.1)
HTTP/1.1 200 OK
Content-Type: application/json; charset=utf-8
cache-control: no-cache
content-length: 346576

10:09:07.872 [AsyncHttpClient-1-9] DEBUG org.asynchttpclient.netty.channel.ChannelManager - Adding key: http://localhost:56732 for channel [id: 0x33a9e480, L:/127.0.0.1:61735 - R:localhost/127.0.0.1:56732]
10:09:07.877 [Test worker] DEBUG net.serenitybdd.core.photography.Darkroom - Send negative for processing for C:\Users\juan.gomezv\IdeaProjects\sura\target\site\serenity\e2317da50166f9a4669bbde69c1dd371df5ac41f356f4e8fbce8d1f06a32f424.png
10:09:07.878 [Test worker] DEBUG net.thucydides.core.steps.StepInterceptor - STEP DONE: {0} selects #value in #target
10:09:07.891 [Test worker] DEBUG net.thucydides.core.steps.StepInterceptor - STEP DONE: performAs
10:09:07.897 [Test worker] DEBUG net.thucydides.core.steps.StepInterceptor - STEP DONE: performAs
  ?[32mCuando ?[0m?[32m?[0m?[32m?[1mAna?[0m?[32m selecciona la opcion ?[0m?[32m?[1m"FROM_HIGH_TO_LOW"?[0m?[32m del menu desplegable?[0m          ?[90m# sura.stepDefinitions.SearchSteps.seleccionaLaOpcionDelMenuDesplegable(net.serenitybdd.screenplay.Actor,java.lang.String)?[0m
10:09:07.916 [Forwarding getPageSource on session c3d7967bf0d238ece3df278bb0313c12 to remote] DEBUG org.asynchttpclient.netty.request.NettyRequestSender - Using pooled Channel '[id: 0x33a9e480, L:/127.0.0.1:61735 - R:localhost/127.0.0.1:56732]' for 'POST' to 'http://localhost:56732/session/c3d7967bf0d238ece3df278bb0313c12/execute/sync'
10:09:07.916 [Forwarding getPageSource on session c3d7967bf0d238ece3df278bb0313c12 to remote] DEBUG org.asynchttpclient.netty.request.NettyRequestSender - Using open Channel [id: 0x33a9e480, L:/127.0.0.1:61735 - R:localhost/127.0.0.1:56732] for POST '/session/c3d7967bf0d238ece3df278bb0313c12/execute/sync'
10:09:07.921 [AsyncHttpClient-1-9] DEBUG org.asynchttpclient.netty.handler.HttpHandler - 

Request DefaultHttpRequest(decodeResult: success, version: HTTP/1.1)
POST /session/c3d7967bf0d238ece3df278bb0313c12/execute/sync HTTP/1.1
User-Agent: selenium/4.4.0 (java windows)
Content-Length: 176
Content-Type: application/json; charset=utf-8
host: localhost:56732
accept: */*

Response DefaultHttpResponse(decodeResult: success, version: HTTP/1.1)
HTTP/1.1 200 OK
Content-Type: application/json; charset=utf-8
cache-control: no-cache
content-length: 15276

10:09:07.921 [AsyncHttpClient-1-9] DEBUG org.asynchttpclient.netty.channel.ChannelManager - Adding key: http://localhost:56732 for channel [id: 0x33a9e480, L:/127.0.0.1:61735 - R:localhost/127.0.0.1:56732]
10:09:07.923 [Forwarding getCurrentUrl on session c3d7967bf0d238ece3df278bb0313c12 to remote] DEBUG org.asynchttpclient.netty.request.NettyRequestSender - Using pooled Channel '[id: 0x33a9e480, L:/127.0.0.1:61735 - R:localhost/127.0.0.1:56732]' for 'GET' to 'http://localhost:56732/session/c3d7967bf0d238ece3df278bb0313c12/url'
10:09:07.923 [Forwarding getCurrentUrl on session c3d7967bf0d238ece3df278bb0313c12 to remote] DEBUG org.asynchttpclient.netty.request.NettyRequestSender - Using open Channel [id: 0x33a9e480, L:/127.0.0.1:61735 - R:localhost/127.0.0.1:56732] for GET '/session/c3d7967bf0d238ece3df278bb0313c12/url'
10:09:07.927 [AsyncHttpClient-1-9] DEBUG org.asynchttpclient.netty.handler.HttpHandler - 

Request DefaultFullHttpRequest(decodeResult: success, version: HTTP/1.1, content: EmptyByteBufBE)
GET /session/c3d7967bf0d238ece3df278bb0313c12/url HTTP/1.1
User-Agent: selenium/4.4.0 (java windows)
Cache-Control: no-cache
Content-Type: application/json; charset=utf-8
host: localhost:56732
accept: */*

Response DefaultHttpResponse(decodeResult: success, version: HTTP/1.1)
HTTP/1.1 200 OK
Content-Type: application/json; charset=utf-8
cache-control: no-cache
content-length: 52

10:09:07.927 [AsyncHttpClient-1-9] DEBUG org.asynchttpclient.netty.channel.ChannelManager - Adding key: http://localhost:56732 for channel [id: 0x33a9e480, L:/127.0.0.1:61735 - R:localhost/127.0.0.1:56732]
10:09:07.936 [Forwarding findElements on session c3d7967bf0d238ece3df278bb0313c12 to remote] DEBUG org.asynchttpclient.netty.request.NettyRequestSender - Using pooled Channel '[id: 0x33a9e480, L:/127.0.0.1:61735 - R:localhost/127.0.0.1:56732]' for 'POST' to 'http://localhost:56732/session/c3d7967bf0d238ece3df278bb0313c12/elements'
10:09:07.936 [Forwarding findElements on session c3d7967bf0d238ece3df278bb0313c12 to remote] DEBUG org.asynchttpclient.netty.request.NettyRequestSender - Using open Channel [id: 0x33a9e480, L:/127.0.0.1:61735 - R:localhost/127.0.0.1:56732] for POST '/session/c3d7967bf0d238ece3df278bb0313c12/elements'
10:09:07.949 [AsyncHttpClient-1-9] DEBUG org.asynchttpclient.netty.handler.HttpHandler - 

Request DefaultHttpRequest(decodeResult: success, version: HTTP/1.1)
POST /session/c3d7967bf0d238ece3df278bb0313c12/elements HTTP/1.1
User-Agent: selenium/4.4.0 (java windows)
Content-Length: 59
Content-Type: application/json; charset=utf-8
host: localhost:56732
accept: */*

Response DefaultHttpResponse(decodeResult: success, version: HTTP/1.1)
HTTP/1.1 200 OK
Content-Type: application/json; charset=utf-8
cache-control: no-cache
content-length: 90

10:09:07.949 [AsyncHttpClient-1-9] DEBUG org.asynchttpclient.netty.channel.ChannelManager - Adding key: http://localhost:56732 for channel [id: 0x33a9e480, L:/127.0.0.1:61735 - R:localhost/127.0.0.1:56732]
10:09:07.959 [Forwarding getElementText on session c3d7967bf0d238ece3df278bb0313c12 to remote] DEBUG org.asynchttpclient.netty.request.NettyRequestSender - Using pooled Channel '[id: 0x33a9e480, L:/127.0.0.1:61735 - R:localhost/127.0.0.1:56732]' for 'GET' to 'http://localhost:56732/session/c3d7967bf0d238ece3df278bb0313c12/element/4997664b-1b55-4b94-b606-ead6018b0960/text'
10:09:07.959 [Forwarding getElementText on session c3d7967bf0d238ece3df278bb0313c12 to remote] DEBUG org.asynchttpclient.netty.request.NettyRequestSender - Using open Channel [id: 0x33a9e480, L:/127.0.0.1:61735 - R:localhost/127.0.0.1:56732] for GET '/session/c3d7967bf0d238ece3df278bb0313c12/element/4997664b-1b55-4b94-b606-ead6018b0960/text'
10:09:07.990 [AsyncHttpClient-1-9] DEBUG org.asynchttpclient.netty.handler.HttpHandler - 

Request DefaultFullHttpRequest(decodeResult: success, version: HTTP/1.1, content: EmptyByteBufBE)
GET /session/c3d7967bf0d238ece3df278bb0313c12/element/4997664b-1b55-4b94-b606-ead6018b0960/text HTTP/1.1
User-Agent: selenium/4.4.0 (java windows)
Cache-Control: no-cache
Content-Type: application/json; charset=utf-8
host: localhost:56732
accept: */*

Response DefaultHttpResponse(decodeResult: success, version: HTTP/1.1)
HTTP/1.1 200 OK
Content-Type: application/json; charset=utf-8
cache-control: no-cache
content-length: 1209

10:09:07.990 [AsyncHttpClient-1-9] DEBUG org.asynchttpclient.netty.channel.ChannelManager - Adding key: http://localhost:56732 for channel [id: 0x33a9e480, L:/127.0.0.1:61735 - R:localhost/127.0.0.1:56732]
  ?[32mEntonces ?[0m?[32m?[0m?[32m?[1mAna?[0m?[32m ve que el primer articulo contiene la palabra ?[0m?[32m?[1m"Jacket"?[0m              ?[90m# sura.stepDefinitions.SearchSteps.anaVeQueElPrimerArticuloContieneLaPalabraJacket(net.serenitybdd.screenplay.Actor,java.lang.String)?[0m
10:09:08.004 [Forwarding getCurrentWindowHandle on session c3d7967bf0d238ece3df278bb0313c12 to remote] DEBUG org.asynchttpclient.netty.request.NettyRequestSender - Using pooled Channel '[id: 0x33a9e480, L:/127.0.0.1:61735 - R:localhost/127.0.0.1:56732]' for 'GET' to 'http://localhost:56732/session/c3d7967bf0d238ece3df278bb0313c12/window'
10:09:08.004 [Forwarding getCurrentWindowHandle on session c3d7967bf0d238ece3df278bb0313c12 to remote] DEBUG org.asynchttpclient.netty.request.NettyRequestSender - Using open Channel [id: 0x33a9e480, L:/127.0.0.1:61735 - R:localhost/127.0.0.1:56732] for GET '/session/c3d7967bf0d238ece3df278bb0313c12/window'
10:09:08.005 [AsyncHttpClient-1-9] DEBUG org.asynchttpclient.netty.handler.HttpHandler - 

Request DefaultFullHttpRequest(decodeResult: success, version: HTTP/1.1, content: EmptyByteBufBE)
GET /session/c3d7967bf0d238ece3df278bb0313c12/window HTTP/1.1
User-Agent: selenium/4.4.0 (java windows)
Cache-Control: no-cache
Content-Type: application/json; charset=utf-8
host: localhost:56732
accept: */*

Response DefaultHttpResponse(decodeResult: success, version: HTTP/1.1)
HTTP/1.1 200 OK
Content-Type: application/json; charset=utf-8
cache-control: no-cache
content-length: 53

10:09:08.005 [AsyncHttpClient-1-9] DEBUG org.asynchttpclient.netty.channel.ChannelManager - Adding key: http://localhost:56732 for channel [id: 0x33a9e480, L:/127.0.0.1:61735 - R:localhost/127.0.0.1:56732]
10:09:08.009 [Forwarding getAlertText on session c3d7967bf0d238ece3df278bb0313c12 to remote] DEBUG org.asynchttpclient.netty.request.NettyRequestSender - Using pooled Channel '[id: 0x33a9e480, L:/127.0.0.1:61735 - R:localhost/127.0.0.1:56732]' for 'GET' to 'http://localhost:56732/session/c3d7967bf0d238ece3df278bb0313c12/alert/text'
10:09:08.009 [Forwarding getAlertText on session c3d7967bf0d238ece3df278bb0313c12 to remote] DEBUG org.asynchttpclient.netty.request.NettyRequestSender - Using open Channel [id: 0x33a9e480, L:/127.0.0.1:61735 - R:localhost/127.0.0.1:56732] for GET '/session/c3d7967bf0d238ece3df278bb0313c12/alert/text'
10:09:08.010 [AsyncHttpClient-1-9] DEBUG org.asynchttpclient.netty.handler.HttpHandler - 

Request DefaultFullHttpRequest(decodeResult: success, version: HTTP/1.1, content: EmptyByteBufBE)
GET /session/c3d7967bf0d238ece3df278bb0313c12/alert/text HTTP/1.1
User-Agent: selenium/4.4.0 (java windows)
Cache-Control: no-cache
Content-Type: application/json; charset=utf-8
host: localhost:56732
accept: */*

Response DefaultHttpResponse(decodeResult: success, version: HTTP/1.1)
HTTP/1.1 404 Not Found
Content-Type: application/json; charset=utf-8
cache-control: no-cache
content-length: 879

10:09:08.010 [AsyncHttpClient-1-9] DEBUG org.asynchttpclient.netty.channel.ChannelManager - Adding key: http://localhost:56732 for channel [id: 0x33a9e480, L:/127.0.0.1:61735 - R:localhost/127.0.0.1:56732]
10:09:08.013 [Forwarding switchToWindow on session c3d7967bf0d238ece3df278bb0313c12 to remote] DEBUG org.asynchttpclient.netty.request.NettyRequestSender - Using pooled Channel '[id: 0x33a9e480, L:/127.0.0.1:61735 - R:localhost/127.0.0.1:56732]' for 'POST' to 'http://localhost:56732/session/c3d7967bf0d238ece3df278bb0313c12/window'
10:09:08.013 [Forwarding switchToWindow on session c3d7967bf0d238ece3df278bb0313c12 to remote] DEBUG org.asynchttpclient.netty.request.NettyRequestSender - Using open Channel [id: 0x33a9e480, L:/127.0.0.1:61735 - R:localhost/127.0.0.1:56732] for POST '/session/c3d7967bf0d238ece3df278bb0313c12/window'
10:09:08.015 [AsyncHttpClient-1-9] DEBUG org.asynchttpclient.netty.handler.HttpHandler - 

Request DefaultHttpRequest(decodeResult: success, version: HTTP/1.1)
POST /session/c3d7967bf0d238ece3df278bb0313c12/window HTTP/1.1
User-Agent: selenium/4.4.0 (java windows)
Content-Length: 59
Content-Type: application/json; charset=utf-8
host: localhost:56732
accept: */*

Response DefaultHttpResponse(decodeResult: success, version: HTTP/1.1)
HTTP/1.1 200 OK
Content-Type: application/json; charset=utf-8
cache-control: no-cache
content-length: 14

10:09:08.015 [AsyncHttpClient-1-9] DEBUG org.asynchttpclient.netty.channel.ChannelManager - Adding key: http://localhost:56732 for channel [id: 0x33a9e480, L:/127.0.0.1:61735 - R:localhost/127.0.0.1:56732]
10:09:08.015 [Forwarding getCurrentUrl on session c3d7967bf0d238ece3df278bb0313c12 to remote] DEBUG org.asynchttpclient.netty.request.NettyRequestSender - Using pooled Channel '[id: 0x33a9e480, L:/127.0.0.1:61735 - R:localhost/127.0.0.1:56732]' for 'GET' to 'http://localhost:56732/session/c3d7967bf0d238ece3df278bb0313c12/url'
10:09:08.015 [Forwarding getCurrentUrl on session c3d7967bf0d238ece3df278bb0313c12 to remote] DEBUG org.asynchttpclient.netty.request.NettyRequestSender - Using open Channel [id: 0x33a9e480, L:/127.0.0.1:61735 - R:localhost/127.0.0.1:56732] for GET '/session/c3d7967bf0d238ece3df278bb0313c12/url'
10:09:08.017 [AsyncHttpClient-1-9] DEBUG org.asynchttpclient.netty.handler.HttpHandler - 

Request DefaultFullHttpRequest(decodeResult: success, version: HTTP/1.1, content: EmptyByteBufBE)
GET /session/c3d7967bf0d238ece3df278bb0313c12/url HTTP/1.1
User-Agent: selenium/4.4.0 (java windows)
Cache-Control: no-cache
Content-Type: application/json; charset=utf-8
host: localhost:56732
accept: */*

Response DefaultHttpResponse(decodeResult: success, version: HTTP/1.1)
HTTP/1.1 200 OK
Content-Type: application/json; charset=utf-8
cache-control: no-cache
content-length: 52

10:09:08.018 [AsyncHttpClient-1-9] DEBUG org.asynchttpclient.netty.channel.ChannelManager - Adding key: http://localhost:56732 for channel [id: 0x33a9e480, L:/127.0.0.1:61735 - R:localhost/127.0.0.1:56732]
10:09:08.018 [Forwarding screenshot on session c3d7967bf0d238ece3df278bb0313c12 to remote] DEBUG org.asynchttpclient.netty.request.NettyRequestSender - Using pooled Channel '[id: 0x33a9e480, L:/127.0.0.1:61735 - R:localhost/127.0.0.1:56732]' for 'GET' to 'http://localhost:56732/session/c3d7967bf0d238ece3df278bb0313c12/screenshot'
10:09:08.018 [Forwarding screenshot on session c3d7967bf0d238ece3df278bb0313c12 to remote] DEBUG org.asynchttpclient.netty.request.NettyRequestSender - Using open Channel [id: 0x33a9e480, L:/127.0.0.1:61735 - R:localhost/127.0.0.1:56732] for GET '/session/c3d7967bf0d238ece3df278bb0313c12/screenshot'
10:09:08.106 [AsyncHttpClient-1-1] DEBUG org.asynchttpclient.netty.channel.DefaultChannelPool - Entry count for : http://localhost:61737 : 1
10:09:08.122 [AsyncHttpClient-1-9] DEBUG org.asynchttpclient.netty.handler.HttpHandler - 

Request DefaultFullHttpRequest(decodeResult: success, version: HTTP/1.1, content: EmptyByteBufBE)
GET /session/c3d7967bf0d238ece3df278bb0313c12/screenshot HTTP/1.1
User-Agent: selenium/4.4.0 (java windows)
Cache-Control: no-cache
Content-Type: application/json; charset=utf-8
host: localhost:56732
accept: */*

Response DefaultHttpResponse(decodeResult: success, version: HTTP/1.1)
HTTP/1.1 200 OK
Content-Type: application/json; charset=utf-8
cache-control: no-cache
content-length: 346576

10:09:08.123 [AsyncHttpClient-1-9] DEBUG org.asynchttpclient.netty.channel.ChannelManager - Adding key: http://localhost:56732 for channel [id: 0x33a9e480, L:/127.0.0.1:61735 - R:localhost/127.0.0.1:56732]
10:09:08.129 [Test worker] DEBUG net.serenitybdd.core.photography.Darkroom - Send negative for processing for C:\Users\juan.gomezv\IdeaProjects\sura\target\site\serenity\e2317da50166f9a4669bbde69c1dd371df5ac41f356f4e8fbce8d1f06a32f424.png
10:09:08.130 [Test worker] INFO  - 
  _____   ___   ___   _____     ___     _     ___   ___   ___   ___  
 |_   _| | __| / __| |_   _|   | _ \   /_\   / __| / __| | __| |   \ 
   | |   | _|  \__ \   | |     |  _/  / _ \  \__ \ \__ \ | _|  | |) |
   |_|   |___| |___/   |_|     |_|   /_/ \_\ |___/ |___/ |___| |___/ 

Ordenar Productos por costos de mayor a menor
----------------------------------------------------------------------
10:09:08.131 [Driver Command Executor] DEBUG org.asynchttpclient.netty.request.NettyRequestSender - Using pooled Channel '[id: 0x33a9e480, L:/127.0.0.1:61735 - R:localhost/127.0.0.1:56732]' for 'DELETE' to 'http://localhost:56732/session/c3d7967bf0d238ece3df278bb0313c12'
10:09:08.131 [Driver Command Executor] DEBUG org.asynchttpclient.netty.request.NettyRequestSender - Using open Channel [id: 0x33a9e480, L:/127.0.0.1:61735 - R:localhost/127.0.0.1:56732] for DELETE '/session/c3d7967bf0d238ece3df278bb0313c12'
10:09:08.131 [AsyncHttpClient-1-11] DEBUG org.asynchttpclient.netty.handler.WebSocketHandler - Channel Closed: [id: 0x3bd7c041, L:/127.0.0.1:61744 ! R:localhost/127.0.0.1:61737] with attribute NettyResponseFuture{currentRetry=0,
	isDone=1,
	isCancelled=0,
	asyncHandler=org.asynchttpclient.ws.WebSocketUpgradeHandler@2efb4f2b,
	nettyRequest=org.asynchttpclient.netty.request.NettyRequest@27754dd2,
	future=java.util.concurrent.CompletableFuture@7a35086b[Completed normally],
	uri=ws://localhost:61737/devtools/browser/19f38932-08e8-4d7a-88b4-198c2122575d,
	keepAlive=true,
	redirectCount=0,
	timeoutsHolder=null,
	inAuth=0,
	touch=1664204945846}
10:09:08.131 [AsyncHttpClient-1-11] DEBUG org.asynchttpclient.netty.channel.ChannelManager - Closing Channel [id: 0x3bd7c041, L:/127.0.0.1:61744 ! R:localhost/127.0.0.1:61737] 
10:09:08.148 [AsyncHttpClient-1-10] DEBUG org.asynchttpclient.netty.handler.HttpHandler - Unexpected I/O exception on channel [id: 0x363a0d55, L:/127.0.0.1:61743 - R:localhost/127.0.0.1:61737]
java.net.SocketException: Connection reset
	at java.base/sun.nio.ch.SocketChannelImpl.throwConnectionReset(SocketChannelImpl.java:394)
	at java.base/sun.nio.ch.SocketChannelImpl.read(SocketChannelImpl.java:426)
	at io.netty.buffer.PooledByteBuf.setBytes(PooledByteBuf.java:258)
	at io.netty.buffer.AbstractByteBuf.writeBytes(AbstractByteBuf.java:1132)
	at io.netty.channel.socket.nio.NioSocketChannel.doReadBytes(NioSocketChannel.java:357)
	at io.netty.channel.nio.AbstractNioByteChannel$NioByteUnsafe.read(AbstractNioByteChannel.java:151)
	at io.netty.channel.nio.NioEventLoop.processSelectedKey(NioEventLoop.java:722)
	at io.netty.channel.nio.NioEventLoop.processSelectedKeysOptimized(NioEventLoop.java:658)
	at io.netty.channel.nio.NioEventLoop.processSelectedKeys(NioEventLoop.java:584)
	at io.netty.channel.nio.NioEventLoop.run(NioEventLoop.java:496)
	at io.netty.util.concurrent.SingleThreadEventExecutor$4.run(SingleThreadEventExecutor.java:997)
	at io.netty.util.internal.ThreadExecutorMap$2.run(ThreadExecutorMap.java:74)
	at io.netty.util.concurrent.FastThreadLocalRunnable.run(FastThreadLocalRunnable.java:30)
	at java.base/java.lang.Thread.run(Thread.java:833)
10:09:08.149 [AsyncHttpClient-1-10] DEBUG org.asynchttpclient.netty.channel.ChannelManager - Closing Channel [id: 0x363a0d55, L:/127.0.0.1:61743 - R:localhost/127.0.0.1:61737] 
10:09:08.149 [AsyncHttpClient-1-10] DEBUG org.asynchttpclient.netty.handler.HttpHandler - Channel Closed: [id: 0x363a0d55, L:/127.0.0.1:61743 ! R:localhost/127.0.0.1:61737] with attribute DISCARD
10:09:08.165 [AsyncHttpClient-1-9] DEBUG org.asynchttpclient.netty.handler.HttpHandler - 

Request DefaultFullHttpRequest(decodeResult: success, version: HTTP/1.1, content: EmptyByteBufBE)
DELETE /session/c3d7967bf0d238ece3df278bb0313c12 HTTP/1.1
User-Agent: selenium/4.4.0 (java windows)
Content-Type: application/json; charset=utf-8
host: localhost:56732
accept: */*

Response DefaultHttpResponse(decodeResult: success, version: HTTP/1.1)
HTTP/1.1 200 OK
Content-Type: application/json; charset=utf-8
cache-control: no-cache
content-length: 14

10:09:08.165 [AsyncHttpClient-1-9] DEBUG org.asynchttpclient.netty.channel.ChannelManager - Adding key: http://localhost:56732 for channel [id: 0x33a9e480, L:/127.0.0.1:61735 - R:localhost/127.0.0.1:56732]
10:09:08.217 [AsyncHttpClient-1-9] DEBUG org.asynchttpclient.netty.handler.HttpHandler - Channel Closed: [id: 0x33a9e480, L:/127.0.0.1:61735 ! R:localhost/127.0.0.1:56732] with attribute DISCARD
]]></system-out>
  <system-err><![CDATA[Starting ChromeDriver 105.0.5195.52 (412c95e518836d8a7d97250d62b29c2ae6a26a85-refs/branch-heads/5195@{#853}) on port 58961
Only local connections are allowed.
Please see https://chromedriver.chromium.org/security-considerations for suggestions on keeping ChromeDriver safe.
ChromeDriver was started successfully.
sep. 26, 2022 10:08:56 A. M. org.openqa.selenium.remote.ProtocolHandshake createSession
INFO: Detected upstream dialect: W3C
sep. 26, 2022 10:08:56 A. M. org.openqa.selenium.devtools.CdpVersionFinder findNearestMatch
WARNING: Unable to find an exact match for CDP version 105, so returning the closest version found: 104
sep. 26, 2022 10:08:56 A. M. org.openqa.selenium.devtools.CdpVersionFinder findNearestMatch
INFO: Found CDP implementation for version 105 of 104
Starting ChromeDriver 105.0.5195.52 (412c95e518836d8a7d97250d62b29c2ae6a26a85-refs/branch-heads/5195@{#853}) on port 62832
Only local connections are allowed.
Please see https://chromedriver.chromium.org/security-considerations for suggestions on keeping ChromeDriver safe.
ChromeDriver was started successfully.
sep. 26, 2022 10:08:59 A. M. org.openqa.selenium.remote.ProtocolHandshake createSession
INFO: Detected upstream dialect: W3C
sep. 26, 2022 10:08:59 A. M. org.openqa.selenium.devtools.CdpVersionFinder findNearestMatch
WARNING: Unable to find an exact match for CDP version 105, so returning the closest version found: 104
sep. 26, 2022 10:08:59 A. M. org.openqa.selenium.devtools.CdpVersionFinder findNearestMatch
INFO: Found CDP implementation for version 105 of 104
Starting ChromeDriver 105.0.5195.52 (412c95e518836d8a7d97250d62b29c2ae6a26a85-refs/branch-heads/5195@{#853}) on port 52649
Only local connections are allowed.
Please see https://chromedriver.chromium.org/security-considerations for suggestions on keeping ChromeDriver safe.
ChromeDriver was started successfully.
sep. 26, 2022 10:09:02 A. M. org.openqa.selenium.remote.ProtocolHandshake createSession
INFO: Detected upstream dialect: W3C
sep. 26, 2022 10:09:02 A. M. org.openqa.selenium.devtools.CdpVersionFinder findNearestMatch
WARNING: Unable to find an exact match for CDP version 105, so returning the closest version found: 104
sep. 26, 2022 10:09:02 A. M. org.openqa.selenium.devtools.CdpVersionFinder findNearestMatch
INFO: Found CDP implementation for version 105 of 104
Starting ChromeDriver 105.0.5195.52 (412c95e518836d8a7d97250d62b29c2ae6a26a85-refs/branch-heads/5195@{#853}) on port 56732
Only local connections are allowed.
Please see https://chromedriver.chromium.org/security-considerations for suggestions on keeping ChromeDriver safe.
ChromeDriver was started successfully.
sep. 26, 2022 10:09:05 A. M. org.openqa.selenium.remote.ProtocolHandshake createSession
INFO: Detected upstream dialect: W3C
sep. 26, 2022 10:09:05 A. M. org.openqa.selenium.devtools.CdpVersionFinder findNearestMatch
WARNING: Unable to find an exact match for CDP version 105, so returning the closest version found: 104
sep. 26, 2022 10:09:05 A. M. org.openqa.selenium.devtools.CdpVersionFinder findNearestMatch
INFO: Found CDP implementation for version 105 of 104
]]></system-err>
</testsuite>
