<?xml version="1.0" encoding="UTF-8"?>
<testsuite name="Comprar Productos" tests="2" skipped="0" failures="0" errors="0" timestamp="2022-09-26T15:08:48" hostname="PSOFKA01134" time="7.842">
  <properties/>
  <testcase name="Añadir articulos al carrito de compras" classname="Comprar Productos" time="4.021"/>
  <testcase name="Quitar articulos al carrito de compras" classname="Comprar Productos" time="3.821"/>
  <system-out><![CDATA[
Escenario: AÃ±adir articulos al carrito de compras                                  ?[90m# src/test/resources/features/purchase.feature:7?[0m
10:08:48.097 [Test worker] INFO io.cucumber.core.plugin.SerenityReporter - Running feature from file:///C:/Users/juan.gomezv/IdeaProjects/sura/src/test/resources/features/purchase.feature
10:08:48.098 [Test worker] INFO  - 
  _____   ___   ___   _____     ___   _____     _     ___   _____   ___   ___  
 |_   _| | __| / __| |_   _|   / __| |_   _|   /_\   | _ \ |_   _| | __| |   \ 
   | |   | _|  \__ \   | |     \__ \   | |    / _ \  |   /   | |   | _|  | |) |
   |_|   |___| |___/   |_|     |___/   |_|   /_/ \_\ |_|_\   |_|   |___| |___/ 

Añadir articulos al carrito de compras(comprar-productos;añadir-articulos-al-carrito-de-compras)
--------------------------------------------------------------------------------
10:08:48.108 [Test worker] DEBUG net.thucydides.core.steps.StepInterceptor - STARTING STEP: SharedBackgroundSteps.ingresaConUnaCuentaValidaASwaglabs - {0} abre la aplicaciÃ³n
10:08:48.110 [Test worker] DEBUG net.thucydides.core.steps.StepInterceptor - STARTING STEP: NavigateTo.performAs - {0} opens the #targetPageName
10:08:48.148 [Test worker] INFO net.serenitybdd.core.webdriver.driverproviders.ChromeDriverProvider - Starting Chrome driver instance with capabilities:
10:08:48.148 [Test worker] INFO net.serenitybdd.core.webdriver.driverproviders.ChromeDriverProvider - Capabilities {acceptInsecureCerts: false, browserName: chrome, goog:chromeOptions: {args: [], extensions: []}}
10:08:48.222 [AsyncHttpClient-1-10] DEBUG org.asynchttpclient.netty.channel.NettyConnectListener - Using new Channel '[id: 0xe92133be, L:/127.0.0.1:61613 - R:localhost/127.0.0.1:57773]' for 'POST' to '/session'
10:08:48.310 [AsyncHttpClient-1-1] DEBUG org.asynchttpclient.netty.channel.DefaultChannelPool - Entry count for : http://localhost:61590 : 1
10:08:48.310 [AsyncHttpClient-1-1] DEBUG org.asynchttpclient.netty.channel.DefaultChannelPool - Entry count for : http://localhost:53165 : 1
10:08:48.310 [AsyncHttpClient-1-1] DEBUG org.asynchttpclient.netty.channel.DefaultChannelPool - Adding Candidate expired Channel [id: 0x940cf21e, L:/127.0.0.1:61596 ! R:localhost/127.0.0.1:61590] isIdleTimeoutExpired=false isRemotelyClosed=true isTtlExpired=false
10:08:48.310 [AsyncHttpClient-1-1] DEBUG org.asynchttpclient.netty.channel.DefaultChannelPool - Closing Idle Channel [id: 0x940cf21e, L:/127.0.0.1:61596 ! R:localhost/127.0.0.1:61590]
10:08:48.310 [AsyncHttpClient-1-1] DEBUG org.asynchttpclient.netty.channel.DefaultChannelPool - Adding Candidate expired Channel [id: 0x57be3d56, L:/127.0.0.1:61589 ! R:localhost/127.0.0.1:53165] isIdleTimeoutExpired=false isRemotelyClosed=true isTtlExpired=false
10:08:48.310 [AsyncHttpClient-1-1] DEBUG org.asynchttpclient.netty.channel.DefaultChannelPool - Closing Idle Channel [id: 0x57be3d56, L:/127.0.0.1:61589 ! R:localhost/127.0.0.1:53165]
10:08:48.310 [AsyncHttpClient-1-1] DEBUG org.asynchttpclient.netty.channel.DefaultChannelPool - Closed 2 connections out of 2 in 0 ms
10:08:48.811 [AsyncHttpClient-1-10] DEBUG org.asynchttpclient.netty.handler.HttpHandler - 

Request DefaultHttpRequest(decodeResult: success, version: HTTP/1.1)
POST /session HTTP/1.1
User-Agent: selenium/4.4.0 (java windows)
Content-Length: 437
Content-Type: application/json; charset=utf-8
host: localhost:57773
accept: */*

Response DefaultHttpResponse(decodeResult: success, version: HTTP/1.1)
HTTP/1.1 200 OK
Content-Type: application/json; charset=utf-8
cache-control: no-cache
content-length: 795

10:08:48.811 [AsyncHttpClient-1-10] DEBUG org.asynchttpclient.netty.channel.ChannelManager - Adding key: http://localhost:57773 for channel [id: 0xe92133be, L:/127.0.0.1:61613 - R:localhost/127.0.0.1:57773]
10:08:48.815 [AsyncHttpClient-1-11] DEBUG org.asynchttpclient.netty.channel.NettyConnectListener - Using new Channel '[id: 0x3b241a42, L:/127.0.0.1:61620 - R:localhost/127.0.0.1:61614]' for 'GET' to '/json/version'
10:08:48.816 [AsyncHttpClient-1-11] DEBUG org.asynchttpclient.netty.handler.HttpHandler - 

Request DefaultFullHttpRequest(decodeResult: success, version: HTTP/1.1, content: EmptyByteBufBE)
GET /json/version HTTP/1.1
User-Agent: selenium/4.4.0 (java windows)
host: localhost:61614
accept: */*

Response DefaultHttpResponse(decodeResult: success, version: HTTP/1.1)
HTTP/1.1 200 OK
Content-Type: application/json; charset=UTF-8
content-length: 423

10:08:48.816 [AsyncHttpClient-1-11] DEBUG org.asynchttpclient.netty.channel.ChannelManager - Adding key: http://localhost:61614 for channel [id: 0x3b241a42, L:/127.0.0.1:61620 - R:localhost/127.0.0.1:61614]
10:08:48.818 [AsyncHttpClient-1-12] DEBUG org.asynchttpclient.netty.channel.NettyConnectListener - Using new Channel '[id: 0xe26a2063, L:/127.0.0.1:61621 - R:localhost/127.0.0.1:61614]' for 'GET' to '/devtools/browser/a03c0da3-23c3-433e-9b1b-e00d831bd490'
10:08:48.818 [AsyncHttpClient-1-12] DEBUG org.asynchttpclient.netty.handler.WebSocketHandler - 

Request DefaultFullHttpRequest(decodeResult: success, version: HTTP/1.1, content: EmptyByteBufBE)
GET /devtools/browser/a03c0da3-23c3-433e-9b1b-e00d831bd490 HTTP/1.1
upgrade: websocket
connection: upgrade
sec-websocket-key: WT0S8JId5HkVc/YHTqMwMg==
sec-websocket-version: 13
origin: http://localhost:61614
host: localhost:61614
accept: */*
user-agent: AHC/2.1

Response DefaultHttpResponse(decodeResult: success, version: HTTP/1.1)
HTTP/1.1 101 WebSocket Protocol Handshake
Upgrade: WebSocket
Connection: Upgrade
Sec-WebSocket-Accept: daCJ2hAxajmUazoclZ0cVuL3OVw=

10:08:48.822 [Forwarding get on session bc854607942dfbab35e417489e35434d to remote] DEBUG org.asynchttpclient.netty.request.NettyRequestSender - Using pooled Channel '[id: 0xe92133be, L:/127.0.0.1:61613 - R:localhost/127.0.0.1:57773]' for 'POST' to 'http://localhost:57773/session/bc854607942dfbab35e417489e35434d/url'
10:08:48.822 [Forwarding get on session bc854607942dfbab35e417489e35434d to remote] DEBUG org.asynchttpclient.netty.request.NettyRequestSender - Using open Channel [id: 0xe92133be, L:/127.0.0.1:61613 - R:localhost/127.0.0.1:57773] for POST '/session/bc854607942dfbab35e417489e35434d/url'
10:08:49.158 [AsyncHttpClient-1-10] DEBUG org.asynchttpclient.netty.handler.HttpHandler - 

Request DefaultHttpRequest(decodeResult: success, version: HTTP/1.1)
POST /session/bc854607942dfbab35e417489e35434d/url HTTP/1.1
User-Agent: selenium/4.4.0 (java windows)
Content-Length: 40
Content-Type: application/json; charset=utf-8
host: localhost:57773
accept: */*

Response DefaultHttpResponse(decodeResult: success, version: HTTP/1.1)
HTTP/1.1 200 OK
Content-Type: application/json; charset=utf-8
cache-control: no-cache
content-length: 14

10:08:49.159 [AsyncHttpClient-1-10] DEBUG org.asynchttpclient.netty.channel.ChannelManager - Adding key: http://localhost:57773 for channel [id: 0xe92133be, L:/127.0.0.1:61613 - R:localhost/127.0.0.1:57773]
10:08:49.160 [Forwarding setTimeout on session bc854607942dfbab35e417489e35434d to remote] DEBUG org.asynchttpclient.netty.request.NettyRequestSender - Using pooled Channel '[id: 0xe92133be, L:/127.0.0.1:61613 - R:localhost/127.0.0.1:57773]' for 'POST' to 'http://localhost:57773/session/bc854607942dfbab35e417489e35434d/timeouts'
10:08:49.160 [Forwarding setTimeout on session bc854607942dfbab35e417489e35434d to remote] DEBUG org.asynchttpclient.netty.request.NettyRequestSender - Using open Channel [id: 0xe92133be, L:/127.0.0.1:61613 - R:localhost/127.0.0.1:57773] for POST '/session/bc854607942dfbab35e417489e35434d/timeouts'
10:08:49.162 [AsyncHttpClient-1-10] DEBUG org.asynchttpclient.netty.handler.HttpHandler - 

Request DefaultHttpRequest(decodeResult: success, version: HTTP/1.1)
POST /session/bc854607942dfbab35e417489e35434d/timeouts HTTP/1.1
User-Agent: selenium/4.4.0 (java windows)
Content-Length: 22
Content-Type: application/json; charset=utf-8
host: localhost:57773
accept: */*

Response DefaultHttpResponse(decodeResult: success, version: HTTP/1.1)
HTTP/1.1 200 OK
Content-Type: application/json; charset=utf-8
cache-control: no-cache
content-length: 14

10:08:49.163 [AsyncHttpClient-1-10] DEBUG org.asynchttpclient.netty.channel.ChannelManager - Adding key: http://localhost:57773 for channel [id: 0xe92133be, L:/127.0.0.1:61613 - R:localhost/127.0.0.1:57773]
10:08:49.206 [Forwarding getCurrentUrl on session bc854607942dfbab35e417489e35434d to remote] DEBUG org.asynchttpclient.netty.request.NettyRequestSender - Using pooled Channel '[id: 0xe92133be, L:/127.0.0.1:61613 - R:localhost/127.0.0.1:57773]' for 'GET' to 'http://localhost:57773/session/bc854607942dfbab35e417489e35434d/url'
10:08:49.206 [Forwarding getCurrentUrl on session bc854607942dfbab35e417489e35434d to remote] DEBUG org.asynchttpclient.netty.request.NettyRequestSender - Using open Channel [id: 0xe92133be, L:/127.0.0.1:61613 - R:localhost/127.0.0.1:57773] for GET '/session/bc854607942dfbab35e417489e35434d/url'
10:08:49.211 [AsyncHttpClient-1-10] DEBUG org.asynchttpclient.netty.handler.HttpHandler - 

Request DefaultFullHttpRequest(decodeResult: success, version: HTTP/1.1, content: EmptyByteBufBE)
GET /session/bc854607942dfbab35e417489e35434d/url HTTP/1.1
User-Agent: selenium/4.4.0 (java windows)
Cache-Control: no-cache
Content-Type: application/json; charset=utf-8
host: localhost:57773
accept: */*

Response DefaultHttpResponse(decodeResult: success, version: HTTP/1.1)
HTTP/1.1 200 OK
Content-Type: application/json; charset=utf-8
cache-control: no-cache
content-length: 38

10:08:49.212 [AsyncHttpClient-1-10] DEBUG org.asynchttpclient.netty.channel.ChannelManager - Adding key: http://localhost:57773 for channel [id: 0xe92133be, L:/127.0.0.1:61613 - R:localhost/127.0.0.1:57773]
10:08:49.222 [Forwarding getCurrentUrl on session bc854607942dfbab35e417489e35434d to remote] DEBUG org.asynchttpclient.netty.request.NettyRequestSender - Using pooled Channel '[id: 0xe92133be, L:/127.0.0.1:61613 - R:localhost/127.0.0.1:57773]' for 'GET' to 'http://localhost:57773/session/bc854607942dfbab35e417489e35434d/url'
10:08:49.222 [Forwarding getCurrentUrl on session bc854607942dfbab35e417489e35434d to remote] DEBUG org.asynchttpclient.netty.request.NettyRequestSender - Using open Channel [id: 0xe92133be, L:/127.0.0.1:61613 - R:localhost/127.0.0.1:57773] for GET '/session/bc854607942dfbab35e417489e35434d/url'
10:08:49.226 [AsyncHttpClient-1-10] DEBUG org.asynchttpclient.netty.handler.HttpHandler - 

Request DefaultFullHttpRequest(decodeResult: success, version: HTTP/1.1, content: EmptyByteBufBE)
GET /session/bc854607942dfbab35e417489e35434d/url HTTP/1.1
User-Agent: selenium/4.4.0 (java windows)
Cache-Control: no-cache
Content-Type: application/json; charset=utf-8
host: localhost:57773
accept: */*

Response DefaultHttpResponse(decodeResult: success, version: HTTP/1.1)
HTTP/1.1 200 OK
Content-Type: application/json; charset=utf-8
cache-control: no-cache
content-length: 38

10:08:49.226 [AsyncHttpClient-1-10] DEBUG org.asynchttpclient.netty.channel.ChannelManager - Adding key: http://localhost:57773 for channel [id: 0xe92133be, L:/127.0.0.1:61613 - R:localhost/127.0.0.1:57773]
10:08:49.237 [Test worker] DEBUG net.serenitybdd.core.photography.Darkroom - Opening darkroom
10:08:49.237 [Darkroom Processing Line] DEBUG net.serenitybdd.core.photography.DarkroomProcessingLine - Darkroom processing line starting up
10:08:49.246 [Forwarding getCurrentWindowHandle on session bc854607942dfbab35e417489e35434d to remote] DEBUG org.asynchttpclient.netty.request.NettyRequestSender - Using pooled Channel '[id: 0xe92133be, L:/127.0.0.1:61613 - R:localhost/127.0.0.1:57773]' for 'GET' to 'http://localhost:57773/session/bc854607942dfbab35e417489e35434d/window'
10:08:49.246 [Forwarding getCurrentWindowHandle on session bc854607942dfbab35e417489e35434d to remote] DEBUG org.asynchttpclient.netty.request.NettyRequestSender - Using open Channel [id: 0xe92133be, L:/127.0.0.1:61613 - R:localhost/127.0.0.1:57773] for GET '/session/bc854607942dfbab35e417489e35434d/window'
10:08:49.246 [AsyncHttpClient-1-10] DEBUG org.asynchttpclient.netty.handler.HttpHandler - 

Request DefaultFullHttpRequest(decodeResult: success, version: HTTP/1.1, content: EmptyByteBufBE)
GET /session/bc854607942dfbab35e417489e35434d/window HTTP/1.1
User-Agent: selenium/4.4.0 (java windows)
Cache-Control: no-cache
Content-Type: application/json; charset=utf-8
host: localhost:57773
accept: */*

Response DefaultHttpResponse(decodeResult: success, version: HTTP/1.1)
HTTP/1.1 200 OK
Content-Type: application/json; charset=utf-8
cache-control: no-cache
content-length: 53

10:08:49.246 [AsyncHttpClient-1-10] DEBUG org.asynchttpclient.netty.channel.ChannelManager - Adding key: http://localhost:57773 for channel [id: 0xe92133be, L:/127.0.0.1:61613 - R:localhost/127.0.0.1:57773]
10:08:49.251 [Forwarding getAlertText on session bc854607942dfbab35e417489e35434d to remote] DEBUG org.asynchttpclient.netty.request.NettyRequestSender - Using pooled Channel '[id: 0xe92133be, L:/127.0.0.1:61613 - R:localhost/127.0.0.1:57773]' for 'GET' to 'http://localhost:57773/session/bc854607942dfbab35e417489e35434d/alert/text'
10:08:49.251 [Forwarding getAlertText on session bc854607942dfbab35e417489e35434d to remote] DEBUG org.asynchttpclient.netty.request.NettyRequestSender - Using open Channel [id: 0xe92133be, L:/127.0.0.1:61613 - R:localhost/127.0.0.1:57773] for GET '/session/bc854607942dfbab35e417489e35434d/alert/text'
10:08:49.253 [AsyncHttpClient-1-10] DEBUG org.asynchttpclient.netty.handler.HttpHandler - 

Request DefaultFullHttpRequest(decodeResult: success, version: HTTP/1.1, content: EmptyByteBufBE)
GET /session/bc854607942dfbab35e417489e35434d/alert/text HTTP/1.1
User-Agent: selenium/4.4.0 (java windows)
Cache-Control: no-cache
Content-Type: application/json; charset=utf-8
host: localhost:57773
accept: */*

Response DefaultHttpResponse(decodeResult: success, version: HTTP/1.1)
HTTP/1.1 404 Not Found
Content-Type: application/json; charset=utf-8
cache-control: no-cache
content-length: 879

10:08:49.253 [AsyncHttpClient-1-10] DEBUG org.asynchttpclient.netty.channel.ChannelManager - Adding key: http://localhost:57773 for channel [id: 0xe92133be, L:/127.0.0.1:61613 - R:localhost/127.0.0.1:57773]
10:08:49.259 [Forwarding switchToWindow on session bc854607942dfbab35e417489e35434d to remote] DEBUG org.asynchttpclient.netty.request.NettyRequestSender - Using pooled Channel '[id: 0xe92133be, L:/127.0.0.1:61613 - R:localhost/127.0.0.1:57773]' for 'POST' to 'http://localhost:57773/session/bc854607942dfbab35e417489e35434d/window'
10:08:49.259 [Forwarding switchToWindow on session bc854607942dfbab35e417489e35434d to remote] DEBUG org.asynchttpclient.netty.request.NettyRequestSender - Using open Channel [id: 0xe92133be, L:/127.0.0.1:61613 - R:localhost/127.0.0.1:57773] for POST '/session/bc854607942dfbab35e417489e35434d/window'
10:08:49.262 [AsyncHttpClient-1-10] DEBUG org.asynchttpclient.netty.handler.HttpHandler - 

Request DefaultHttpRequest(decodeResult: success, version: HTTP/1.1)
POST /session/bc854607942dfbab35e417489e35434d/window HTTP/1.1
User-Agent: selenium/4.4.0 (java windows)
Content-Length: 59
Content-Type: application/json; charset=utf-8
host: localhost:57773
accept: */*

Response DefaultHttpResponse(decodeResult: success, version: HTTP/1.1)
HTTP/1.1 200 OK
Content-Type: application/json; charset=utf-8
cache-control: no-cache
content-length: 14

10:08:49.263 [AsyncHttpClient-1-10] DEBUG org.asynchttpclient.netty.channel.ChannelManager - Adding key: http://localhost:57773 for channel [id: 0xe92133be, L:/127.0.0.1:61613 - R:localhost/127.0.0.1:57773]
10:08:49.263 [Forwarding getCurrentUrl on session bc854607942dfbab35e417489e35434d to remote] DEBUG org.asynchttpclient.netty.request.NettyRequestSender - Using pooled Channel '[id: 0xe92133be, L:/127.0.0.1:61613 - R:localhost/127.0.0.1:57773]' for 'GET' to 'http://localhost:57773/session/bc854607942dfbab35e417489e35434d/url'
10:08:49.263 [Forwarding getCurrentUrl on session bc854607942dfbab35e417489e35434d to remote] DEBUG org.asynchttpclient.netty.request.NettyRequestSender - Using open Channel [id: 0xe92133be, L:/127.0.0.1:61613 - R:localhost/127.0.0.1:57773] for GET '/session/bc854607942dfbab35e417489e35434d/url'
10:08:49.266 [AsyncHttpClient-1-10] DEBUG org.asynchttpclient.netty.handler.HttpHandler - 

Request DefaultFullHttpRequest(decodeResult: success, version: HTTP/1.1, content: EmptyByteBufBE)
GET /session/bc854607942dfbab35e417489e35434d/url HTTP/1.1
User-Agent: selenium/4.4.0 (java windows)
Cache-Control: no-cache
Content-Type: application/json; charset=utf-8
host: localhost:57773
accept: */*

Response DefaultHttpResponse(decodeResult: success, version: HTTP/1.1)
HTTP/1.1 200 OK
Content-Type: application/json; charset=utf-8
cache-control: no-cache
content-length: 38

10:08:49.266 [AsyncHttpClient-1-10] DEBUG org.asynchttpclient.netty.channel.ChannelManager - Adding key: http://localhost:57773 for channel [id: 0xe92133be, L:/127.0.0.1:61613 - R:localhost/127.0.0.1:57773]
10:08:49.267 [Forwarding screenshot on session bc854607942dfbab35e417489e35434d to remote] DEBUG org.asynchttpclient.netty.request.NettyRequestSender - Using pooled Channel '[id: 0xe92133be, L:/127.0.0.1:61613 - R:localhost/127.0.0.1:57773]' for 'GET' to 'http://localhost:57773/session/bc854607942dfbab35e417489e35434d/screenshot'
10:08:49.267 [Forwarding screenshot on session bc854607942dfbab35e417489e35434d to remote] DEBUG org.asynchttpclient.netty.request.NettyRequestSender - Using open Channel [id: 0xe92133be, L:/127.0.0.1:61613 - R:localhost/127.0.0.1:57773] for GET '/session/bc854607942dfbab35e417489e35434d/screenshot'
10:08:49.343 [AsyncHttpClient-1-10] DEBUG org.asynchttpclient.netty.handler.HttpHandler - 

Request DefaultFullHttpRequest(decodeResult: success, version: HTTP/1.1, content: EmptyByteBufBE)
GET /session/bc854607942dfbab35e417489e35434d/screenshot HTTP/1.1
User-Agent: selenium/4.4.0 (java windows)
Cache-Control: no-cache
Content-Type: application/json; charset=utf-8
host: localhost:57773
accept: */*

Response DefaultHttpResponse(decodeResult: success, version: HTTP/1.1)
HTTP/1.1 200 OK
Content-Type: application/json; charset=utf-8
cache-control: no-cache
content-length: 59108

10:08:49.344 [AsyncHttpClient-1-10] DEBUG org.asynchttpclient.netty.channel.ChannelManager - Adding key: http://localhost:57773 for channel [id: 0xe92133be, L:/127.0.0.1:61613 - R:localhost/127.0.0.1:57773]
10:08:49.347 [Test worker] DEBUG net.serenitybdd.core.photography.Darkroom - Send negative for processing for C:\Users\juan.gomezv\IdeaProjects\sura\target\site\serenity\60e3c498caf7a8fcf635471a5092c247627e1395d91e12246eaf1a3e7a34e095.png
10:08:49.347 [Test worker] DEBUG net.thucydides.core.steps.StepInterceptor - STEP DONE: {0} opens the #targetPageName
10:08:49.360 [Test worker] DEBUG net.thucydides.core.steps.StepInterceptor - STEP DONE: {0} abre la aplicaciÃ³n
10:08:49.373 [Forwarding getPageSource on session bc854607942dfbab35e417489e35434d to remote] DEBUG org.asynchttpclient.netty.request.NettyRequestSender - Using pooled Channel '[id: 0xe92133be, L:/127.0.0.1:61613 - R:localhost/127.0.0.1:57773]' for 'POST' to 'http://localhost:57773/session/bc854607942dfbab35e417489e35434d/execute/sync'
10:08:49.373 [Forwarding getPageSource on session bc854607942dfbab35e417489e35434d to remote] DEBUG org.asynchttpclient.netty.request.NettyRequestSender - Using open Channel [id: 0xe92133be, L:/127.0.0.1:61613 - R:localhost/127.0.0.1:57773] for POST '/session/bc854607942dfbab35e417489e35434d/execute/sync'
10:08:49.376 [AsyncHttpClient-1-10] DEBUG org.asynchttpclient.netty.handler.HttpHandler - 

Request DefaultHttpRequest(decodeResult: success, version: HTTP/1.1)
POST /session/bc854607942dfbab35e417489e35434d/execute/sync HTTP/1.1
User-Agent: selenium/4.4.0 (java windows)
Content-Length: 176
Content-Type: application/json; charset=utf-8
host: localhost:57773
accept: */*

Response DefaultHttpResponse(decodeResult: success, version: HTTP/1.1)
HTTP/1.1 200 OK
Content-Type: application/json; charset=utf-8
cache-control: no-cache
content-length: 4160

10:08:49.376 [AsyncHttpClient-1-10] DEBUG org.asynchttpclient.netty.channel.ChannelManager - Adding key: http://localhost:57773 for channel [id: 0xe92133be, L:/127.0.0.1:61613 - R:localhost/127.0.0.1:57773]
10:08:49.378 [Forwarding getCurrentUrl on session bc854607942dfbab35e417489e35434d to remote] DEBUG org.asynchttpclient.netty.request.NettyRequestSender - Using pooled Channel '[id: 0xe92133be, L:/127.0.0.1:61613 - R:localhost/127.0.0.1:57773]' for 'GET' to 'http://localhost:57773/session/bc854607942dfbab35e417489e35434d/url'
10:08:49.378 [Forwarding getCurrentUrl on session bc854607942dfbab35e417489e35434d to remote] DEBUG org.asynchttpclient.netty.request.NettyRequestSender - Using open Channel [id: 0xe92133be, L:/127.0.0.1:61613 - R:localhost/127.0.0.1:57773] for GET '/session/bc854607942dfbab35e417489e35434d/url'
10:08:49.381 [AsyncHttpClient-1-10] DEBUG org.asynchttpclient.netty.handler.HttpHandler - 

Request DefaultFullHttpRequest(decodeResult: success, version: HTTP/1.1, content: EmptyByteBufBE)
GET /session/bc854607942dfbab35e417489e35434d/url HTTP/1.1
User-Agent: selenium/4.4.0 (java windows)
Cache-Control: no-cache
Content-Type: application/json; charset=utf-8
host: localhost:57773
accept: */*

Response DefaultHttpResponse(decodeResult: success, version: HTTP/1.1)
HTTP/1.1 200 OK
Content-Type: application/json; charset=utf-8
cache-control: no-cache
content-length: 38

10:08:49.381 [AsyncHttpClient-1-10] DEBUG org.asynchttpclient.netty.channel.ChannelManager - Adding key: http://localhost:57773 for channel [id: 0xe92133be, L:/127.0.0.1:61613 - R:localhost/127.0.0.1:57773]
10:08:49.382 [Test worker] DEBUG net.thucydides.core.steps.StepInterceptor - STARTING STEP: SharedBackgroundSteps.ingresaConUnaCuentaValidaASwaglabs - performAs
10:08:49.395 [Forwarding getPageSource on session bc854607942dfbab35e417489e35434d to remote] DEBUG org.asynchttpclient.netty.request.NettyRequestSender - Using pooled Channel '[id: 0xe92133be, L:/127.0.0.1:61613 - R:localhost/127.0.0.1:57773]' for 'POST' to 'http://localhost:57773/session/bc854607942dfbab35e417489e35434d/execute/sync'
10:08:49.395 [Forwarding getPageSource on session bc854607942dfbab35e417489e35434d to remote] DEBUG org.asynchttpclient.netty.request.NettyRequestSender - Using open Channel [id: 0xe92133be, L:/127.0.0.1:61613 - R:localhost/127.0.0.1:57773] for POST '/session/bc854607942dfbab35e417489e35434d/execute/sync'
10:08:49.398 [AsyncHttpClient-1-10] DEBUG org.asynchttpclient.netty.handler.HttpHandler - 

Request DefaultHttpRequest(decodeResult: success, version: HTTP/1.1)
POST /session/bc854607942dfbab35e417489e35434d/execute/sync HTTP/1.1
User-Agent: selenium/4.4.0 (java windows)
Content-Length: 176
Content-Type: application/json; charset=utf-8
host: localhost:57773
accept: */*

Response DefaultHttpResponse(decodeResult: success, version: HTTP/1.1)
HTTP/1.1 200 OK
Content-Type: application/json; charset=utf-8
cache-control: no-cache
content-length: 4160

10:08:49.398 [AsyncHttpClient-1-10] DEBUG org.asynchttpclient.netty.channel.ChannelManager - Adding key: http://localhost:57773 for channel [id: 0xe92133be, L:/127.0.0.1:61613 - R:localhost/127.0.0.1:57773]
10:08:49.399 [Forwarding getCurrentUrl on session bc854607942dfbab35e417489e35434d to remote] DEBUG org.asynchttpclient.netty.request.NettyRequestSender - Using pooled Channel '[id: 0xe92133be, L:/127.0.0.1:61613 - R:localhost/127.0.0.1:57773]' for 'GET' to 'http://localhost:57773/session/bc854607942dfbab35e417489e35434d/url'
10:08:49.399 [Forwarding getCurrentUrl on session bc854607942dfbab35e417489e35434d to remote] DEBUG org.asynchttpclient.netty.request.NettyRequestSender - Using open Channel [id: 0xe92133be, L:/127.0.0.1:61613 - R:localhost/127.0.0.1:57773] for GET '/session/bc854607942dfbab35e417489e35434d/url'
10:08:49.402 [AsyncHttpClient-1-10] DEBUG org.asynchttpclient.netty.handler.HttpHandler - 

Request DefaultFullHttpRequest(decodeResult: success, version: HTTP/1.1, content: EmptyByteBufBE)
GET /session/bc854607942dfbab35e417489e35434d/url HTTP/1.1
User-Agent: selenium/4.4.0 (java windows)
Cache-Control: no-cache
Content-Type: application/json; charset=utf-8
host: localhost:57773
accept: */*

Response DefaultHttpResponse(decodeResult: success, version: HTTP/1.1)
HTTP/1.1 200 OK
Content-Type: application/json; charset=utf-8
cache-control: no-cache
content-length: 38

10:08:49.402 [AsyncHttpClient-1-10] DEBUG org.asynchttpclient.netty.channel.ChannelManager - Adding key: http://localhost:57773 for channel [id: 0xe92133be, L:/127.0.0.1:61613 - R:localhost/127.0.0.1:57773]
10:08:49.404 [Test worker] DEBUG net.thucydides.core.steps.StepInterceptor - STARTING STEP: LogIn.performAs - {0} enters #theTextAsAString into #target
10:08:49.405 [AsyncHttpClient-1-1] DEBUG org.asynchttpclient.netty.channel.DefaultChannelPool - Entry count for : http://localhost:57773 : 1
10:08:49.405 [AsyncHttpClient-1-1] DEBUG org.asynchttpclient.netty.channel.DefaultChannelPool - Entry count for : http://localhost:61614 : 1
10:08:49.407 [Test worker] DEBUG net.serenitybdd.screenplay.targets.IFrameSwitcher - default content already selected for UsernameTextBox
10:08:49.420 [Forwarding findElement on session bc854607942dfbab35e417489e35434d to remote] DEBUG org.asynchttpclient.netty.request.NettyRequestSender - Using pooled Channel '[id: 0xe92133be, L:/127.0.0.1:61613 - R:localhost/127.0.0.1:57773]' for 'POST' to 'http://localhost:57773/session/bc854607942dfbab35e417489e35434d/element'
10:08:49.420 [Forwarding findElement on session bc854607942dfbab35e417489e35434d to remote] DEBUG org.asynchttpclient.netty.request.NettyRequestSender - Using open Channel [id: 0xe92133be, L:/127.0.0.1:61613 - R:localhost/127.0.0.1:57773] for POST '/session/bc854607942dfbab35e417489e35434d/element'
10:08:49.430 [AsyncHttpClient-1-10] DEBUG org.asynchttpclient.netty.handler.HttpHandler - 

Request DefaultHttpRequest(decodeResult: success, version: HTTP/1.1)
POST /session/bc854607942dfbab35e417489e35434d/element HTTP/1.1
User-Agent: selenium/4.4.0 (java windows)
Content-Length: 67
Content-Type: application/json; charset=utf-8
host: localhost:57773
accept: */*

Response DefaultHttpResponse(decodeResult: success, version: HTTP/1.1)
HTTP/1.1 200 OK
Content-Type: application/json; charset=utf-8
cache-control: no-cache
content-length: 88

10:08:49.430 [AsyncHttpClient-1-10] DEBUG org.asynchttpclient.netty.channel.ChannelManager - Adding key: http://localhost:57773 for channel [id: 0xe92133be, L:/127.0.0.1:61613 - R:localhost/127.0.0.1:57773]
10:08:49.431 [Forwarding clearElement on session bc854607942dfbab35e417489e35434d to remote] DEBUG org.asynchttpclient.netty.request.NettyRequestSender - Using pooled Channel '[id: 0xe92133be, L:/127.0.0.1:61613 - R:localhost/127.0.0.1:57773]' for 'POST' to 'http://localhost:57773/session/bc854607942dfbab35e417489e35434d/element/bc33e7cd-bdf9-46a4-8e8f-1090c4f293bf/clear'
10:08:49.431 [Forwarding clearElement on session bc854607942dfbab35e417489e35434d to remote] DEBUG org.asynchttpclient.netty.request.NettyRequestSender - Using open Channel [id: 0xe92133be, L:/127.0.0.1:61613 - R:localhost/127.0.0.1:57773] for POST '/session/bc854607942dfbab35e417489e35434d/element/bc33e7cd-bdf9-46a4-8e8f-1090c4f293bf/clear'
10:08:49.459 [AsyncHttpClient-1-10] DEBUG org.asynchttpclient.netty.handler.HttpHandler - 

Request DefaultHttpRequest(decodeResult: success, version: HTTP/1.1)
POST /session/bc854607942dfbab35e417489e35434d/element/bc33e7cd-bdf9-46a4-8e8f-1090c4f293bf/clear HTTP/1.1
User-Agent: selenium/4.4.0 (java windows)
Content-Length: 50
Content-Type: application/json; charset=utf-8
host: localhost:57773
accept: */*

Response DefaultHttpResponse(decodeResult: success, version: HTTP/1.1)
HTTP/1.1 200 OK
Content-Type: application/json; charset=utf-8
cache-control: no-cache
content-length: 14

10:08:49.459 [AsyncHttpClient-1-10] DEBUG org.asynchttpclient.netty.channel.ChannelManager - Adding key: http://localhost:57773 for channel [id: 0xe92133be, L:/127.0.0.1:61613 - R:localhost/127.0.0.1:57773]
10:08:49.463 [Forwarding sendKeysToElement on session bc854607942dfbab35e417489e35434d to remote] DEBUG org.asynchttpclient.netty.request.NettyRequestSender - Using pooled Channel '[id: 0xe92133be, L:/127.0.0.1:61613 - R:localhost/127.0.0.1:57773]' for 'POST' to 'http://localhost:57773/session/bc854607942dfbab35e417489e35434d/element/bc33e7cd-bdf9-46a4-8e8f-1090c4f293bf/value'
10:08:49.463 [Forwarding sendKeysToElement on session bc854607942dfbab35e417489e35434d to remote] DEBUG org.asynchttpclient.netty.request.NettyRequestSender - Using open Channel [id: 0xe92133be, L:/127.0.0.1:61613 - R:localhost/127.0.0.1:57773] for POST '/session/bc854607942dfbab35e417489e35434d/element/bc33e7cd-bdf9-46a4-8e8f-1090c4f293bf/value'
10:08:49.518 [AsyncHttpClient-1-10] DEBUG org.asynchttpclient.netty.handler.HttpHandler - 

Request DefaultHttpRequest(decodeResult: success, version: HTTP/1.1)
POST /session/bc854607942dfbab35e417489e35434d/element/bc33e7cd-bdf9-46a4-8e8f-1090c4f293bf/value HTTP/1.1
User-Agent: selenium/4.4.0 (java windows)
Content-Length: 211
Content-Type: application/json; charset=utf-8
host: localhost:57773
accept: */*

Response DefaultHttpResponse(decodeResult: success, version: HTTP/1.1)
HTTP/1.1 200 OK
Content-Type: application/json; charset=utf-8
cache-control: no-cache
content-length: 14

10:08:49.518 [AsyncHttpClient-1-10] DEBUG org.asynchttpclient.netty.channel.ChannelManager - Adding key: http://localhost:57773 for channel [id: 0xe92133be, L:/127.0.0.1:61613 - R:localhost/127.0.0.1:57773]
10:08:49.534 [Forwarding getCurrentWindowHandle on session bc854607942dfbab35e417489e35434d to remote] DEBUG org.asynchttpclient.netty.request.NettyRequestSender - Using pooled Channel '[id: 0xe92133be, L:/127.0.0.1:61613 - R:localhost/127.0.0.1:57773]' for 'GET' to 'http://localhost:57773/session/bc854607942dfbab35e417489e35434d/window'
10:08:49.534 [Forwarding getCurrentWindowHandle on session bc854607942dfbab35e417489e35434d to remote] DEBUG org.asynchttpclient.netty.request.NettyRequestSender - Using open Channel [id: 0xe92133be, L:/127.0.0.1:61613 - R:localhost/127.0.0.1:57773] for GET '/session/bc854607942dfbab35e417489e35434d/window'
10:08:49.535 [AsyncHttpClient-1-10] DEBUG org.asynchttpclient.netty.handler.HttpHandler - 

Request DefaultFullHttpRequest(decodeResult: success, version: HTTP/1.1, content: EmptyByteBufBE)
GET /session/bc854607942dfbab35e417489e35434d/window HTTP/1.1
User-Agent: selenium/4.4.0 (java windows)
Cache-Control: no-cache
Content-Type: application/json; charset=utf-8
host: localhost:57773
accept: */*

Response DefaultHttpResponse(decodeResult: success, version: HTTP/1.1)
HTTP/1.1 200 OK
Content-Type: application/json; charset=utf-8
cache-control: no-cache
content-length: 53

10:08:49.535 [AsyncHttpClient-1-10] DEBUG org.asynchttpclient.netty.channel.ChannelManager - Adding key: http://localhost:57773 for channel [id: 0xe92133be, L:/127.0.0.1:61613 - R:localhost/127.0.0.1:57773]
10:08:49.538 [Forwarding getAlertText on session bc854607942dfbab35e417489e35434d to remote] DEBUG org.asynchttpclient.netty.request.NettyRequestSender - Using pooled Channel '[id: 0xe92133be, L:/127.0.0.1:61613 - R:localhost/127.0.0.1:57773]' for 'GET' to 'http://localhost:57773/session/bc854607942dfbab35e417489e35434d/alert/text'
10:08:49.538 [Forwarding getAlertText on session bc854607942dfbab35e417489e35434d to remote] DEBUG org.asynchttpclient.netty.request.NettyRequestSender - Using open Channel [id: 0xe92133be, L:/127.0.0.1:61613 - R:localhost/127.0.0.1:57773] for GET '/session/bc854607942dfbab35e417489e35434d/alert/text'
10:08:49.539 [AsyncHttpClient-1-10] DEBUG org.asynchttpclient.netty.handler.HttpHandler - 

Request DefaultFullHttpRequest(decodeResult: success, version: HTTP/1.1, content: EmptyByteBufBE)
GET /session/bc854607942dfbab35e417489e35434d/alert/text HTTP/1.1
User-Agent: selenium/4.4.0 (java windows)
Cache-Control: no-cache
Content-Type: application/json; charset=utf-8
host: localhost:57773
accept: */*

Response DefaultHttpResponse(decodeResult: success, version: HTTP/1.1)
HTTP/1.1 404 Not Found
Content-Type: application/json; charset=utf-8
cache-control: no-cache
content-length: 879

10:08:49.539 [AsyncHttpClient-1-10] DEBUG org.asynchttpclient.netty.channel.ChannelManager - Adding key: http://localhost:57773 for channel [id: 0xe92133be, L:/127.0.0.1:61613 - R:localhost/127.0.0.1:57773]
10:08:49.543 [Forwarding switchToWindow on session bc854607942dfbab35e417489e35434d to remote] DEBUG org.asynchttpclient.netty.request.NettyRequestSender - Using pooled Channel '[id: 0xe92133be, L:/127.0.0.1:61613 - R:localhost/127.0.0.1:57773]' for 'POST' to 'http://localhost:57773/session/bc854607942dfbab35e417489e35434d/window'
10:08:49.543 [Forwarding switchToWindow on session bc854607942dfbab35e417489e35434d to remote] DEBUG org.asynchttpclient.netty.request.NettyRequestSender - Using open Channel [id: 0xe92133be, L:/127.0.0.1:61613 - R:localhost/127.0.0.1:57773] for POST '/session/bc854607942dfbab35e417489e35434d/window'
10:08:49.545 [AsyncHttpClient-1-10] DEBUG org.asynchttpclient.netty.handler.HttpHandler - 

Request DefaultHttpRequest(decodeResult: success, version: HTTP/1.1)
POST /session/bc854607942dfbab35e417489e35434d/window HTTP/1.1
User-Agent: selenium/4.4.0 (java windows)
Content-Length: 59
Content-Type: application/json; charset=utf-8
host: localhost:57773
accept: */*

Response DefaultHttpResponse(decodeResult: success, version: HTTP/1.1)
HTTP/1.1 200 OK
Content-Type: application/json; charset=utf-8
cache-control: no-cache
content-length: 14

10:08:49.545 [AsyncHttpClient-1-10] DEBUG org.asynchttpclient.netty.channel.ChannelManager - Adding key: http://localhost:57773 for channel [id: 0xe92133be, L:/127.0.0.1:61613 - R:localhost/127.0.0.1:57773]
10:08:49.545 [Forwarding getCurrentUrl on session bc854607942dfbab35e417489e35434d to remote] DEBUG org.asynchttpclient.netty.request.NettyRequestSender - Using pooled Channel '[id: 0xe92133be, L:/127.0.0.1:61613 - R:localhost/127.0.0.1:57773]' for 'GET' to 'http://localhost:57773/session/bc854607942dfbab35e417489e35434d/url'
10:08:49.545 [Forwarding getCurrentUrl on session bc854607942dfbab35e417489e35434d to remote] DEBUG org.asynchttpclient.netty.request.NettyRequestSender - Using open Channel [id: 0xe92133be, L:/127.0.0.1:61613 - R:localhost/127.0.0.1:57773] for GET '/session/bc854607942dfbab35e417489e35434d/url'
10:08:49.548 [AsyncHttpClient-1-10] DEBUG org.asynchttpclient.netty.handler.HttpHandler - 

Request DefaultFullHttpRequest(decodeResult: success, version: HTTP/1.1, content: EmptyByteBufBE)
GET /session/bc854607942dfbab35e417489e35434d/url HTTP/1.1
User-Agent: selenium/4.4.0 (java windows)
Cache-Control: no-cache
Content-Type: application/json; charset=utf-8
host: localhost:57773
accept: */*

Response DefaultHttpResponse(decodeResult: success, version: HTTP/1.1)
HTTP/1.1 200 OK
Content-Type: application/json; charset=utf-8
cache-control: no-cache
content-length: 38

10:08:49.548 [AsyncHttpClient-1-10] DEBUG org.asynchttpclient.netty.channel.ChannelManager - Adding key: http://localhost:57773 for channel [id: 0xe92133be, L:/127.0.0.1:61613 - R:localhost/127.0.0.1:57773]
10:08:49.548 [Forwarding screenshot on session bc854607942dfbab35e417489e35434d to remote] DEBUG org.asynchttpclient.netty.request.NettyRequestSender - Using pooled Channel '[id: 0xe92133be, L:/127.0.0.1:61613 - R:localhost/127.0.0.1:57773]' for 'GET' to 'http://localhost:57773/session/bc854607942dfbab35e417489e35434d/screenshot'
10:08:49.548 [Forwarding screenshot on session bc854607942dfbab35e417489e35434d to remote] DEBUG org.asynchttpclient.netty.request.NettyRequestSender - Using open Channel [id: 0xe92133be, L:/127.0.0.1:61613 - R:localhost/127.0.0.1:57773] for GET '/session/bc854607942dfbab35e417489e35434d/screenshot'
10:08:49.621 [AsyncHttpClient-1-10] DEBUG org.asynchttpclient.netty.handler.HttpHandler - 

Request DefaultFullHttpRequest(decodeResult: success, version: HTTP/1.1, content: EmptyByteBufBE)
GET /session/bc854607942dfbab35e417489e35434d/screenshot HTTP/1.1
User-Agent: selenium/4.4.0 (java windows)
Cache-Control: no-cache
Content-Type: application/json; charset=utf-8
host: localhost:57773
accept: */*

Response DefaultHttpResponse(decodeResult: success, version: HTTP/1.1)
HTTP/1.1 200 OK
Content-Type: application/json; charset=utf-8
cache-control: no-cache
content-length: 59812

10:08:49.622 [AsyncHttpClient-1-10] DEBUG org.asynchttpclient.netty.channel.ChannelManager - Adding key: http://localhost:57773 for channel [id: 0xe92133be, L:/127.0.0.1:61613 - R:localhost/127.0.0.1:57773]
10:08:49.623 [Test worker] DEBUG net.serenitybdd.core.photography.Darkroom - Send negative for processing for C:\Users\juan.gomezv\IdeaProjects\sura\target\site\serenity\cb904724c11cb1c402bbd44fd4c83dd8993b3b1bfb579cc518ee5232028dbf9b.png
10:08:49.623 [Test worker] DEBUG net.thucydides.core.steps.StepInterceptor - STEP DONE: {0} enters #theTextAsAString into #target
10:08:49.631 [Forwarding getPageSource on session bc854607942dfbab35e417489e35434d to remote] DEBUG org.asynchttpclient.netty.request.NettyRequestSender - Using pooled Channel '[id: 0xe92133be, L:/127.0.0.1:61613 - R:localhost/127.0.0.1:57773]' for 'POST' to 'http://localhost:57773/session/bc854607942dfbab35e417489e35434d/execute/sync'
10:08:49.631 [Forwarding getPageSource on session bc854607942dfbab35e417489e35434d to remote] DEBUG org.asynchttpclient.netty.request.NettyRequestSender - Using open Channel [id: 0xe92133be, L:/127.0.0.1:61613 - R:localhost/127.0.0.1:57773] for POST '/session/bc854607942dfbab35e417489e35434d/execute/sync'
10:08:49.635 [AsyncHttpClient-1-10] DEBUG org.asynchttpclient.netty.handler.HttpHandler - 

Request DefaultHttpRequest(decodeResult: success, version: HTTP/1.1)
POST /session/bc854607942dfbab35e417489e35434d/execute/sync HTTP/1.1
User-Agent: selenium/4.4.0 (java windows)
Content-Length: 176
Content-Type: application/json; charset=utf-8
host: localhost:57773
accept: */*

Response DefaultHttpResponse(decodeResult: success, version: HTTP/1.1)
HTTP/1.1 200 OK
Content-Type: application/json; charset=utf-8
cache-control: no-cache
content-length: 4173

10:08:49.635 [AsyncHttpClient-1-10] DEBUG org.asynchttpclient.netty.channel.ChannelManager - Adding key: http://localhost:57773 for channel [id: 0xe92133be, L:/127.0.0.1:61613 - R:localhost/127.0.0.1:57773]
10:08:49.636 [Forwarding getCurrentUrl on session bc854607942dfbab35e417489e35434d to remote] DEBUG org.asynchttpclient.netty.request.NettyRequestSender - Using pooled Channel '[id: 0xe92133be, L:/127.0.0.1:61613 - R:localhost/127.0.0.1:57773]' for 'GET' to 'http://localhost:57773/session/bc854607942dfbab35e417489e35434d/url'
10:08:49.636 [Forwarding getCurrentUrl on session bc854607942dfbab35e417489e35434d to remote] DEBUG org.asynchttpclient.netty.request.NettyRequestSender - Using open Channel [id: 0xe92133be, L:/127.0.0.1:61613 - R:localhost/127.0.0.1:57773] for GET '/session/bc854607942dfbab35e417489e35434d/url'
10:08:49.641 [AsyncHttpClient-1-10] DEBUG org.asynchttpclient.netty.handler.HttpHandler - 

Request DefaultFullHttpRequest(decodeResult: success, version: HTTP/1.1, content: EmptyByteBufBE)
GET /session/bc854607942dfbab35e417489e35434d/url HTTP/1.1
User-Agent: selenium/4.4.0 (java windows)
Cache-Control: no-cache
Content-Type: application/json; charset=utf-8
host: localhost:57773
accept: */*

Response DefaultHttpResponse(decodeResult: success, version: HTTP/1.1)
HTTP/1.1 200 OK
Content-Type: application/json; charset=utf-8
cache-control: no-cache
content-length: 38

10:08:49.641 [AsyncHttpClient-1-10] DEBUG org.asynchttpclient.netty.channel.ChannelManager - Adding key: http://localhost:57773 for channel [id: 0xe92133be, L:/127.0.0.1:61613 - R:localhost/127.0.0.1:57773]
10:08:49.642 [Test worker] DEBUG net.thucydides.core.steps.StepInterceptor - STARTING STEP: LogIn.performAs - {0} enters #theTextAsAString into #target
10:08:49.645 [Test worker] DEBUG net.serenitybdd.screenplay.targets.IFrameSwitcher - default content already selected for PasswordTextBox
10:08:49.656 [Forwarding findElement on session bc854607942dfbab35e417489e35434d to remote] DEBUG org.asynchttpclient.netty.request.NettyRequestSender - Using pooled Channel '[id: 0xe92133be, L:/127.0.0.1:61613 - R:localhost/127.0.0.1:57773]' for 'POST' to 'http://localhost:57773/session/bc854607942dfbab35e417489e35434d/element'
10:08:49.656 [Forwarding findElement on session bc854607942dfbab35e417489e35434d to remote] DEBUG org.asynchttpclient.netty.request.NettyRequestSender - Using open Channel [id: 0xe92133be, L:/127.0.0.1:61613 - R:localhost/127.0.0.1:57773] for POST '/session/bc854607942dfbab35e417489e35434d/element'
10:08:49.665 [AsyncHttpClient-1-10] DEBUG org.asynchttpclient.netty.handler.HttpHandler - 

Request DefaultHttpRequest(decodeResult: success, version: HTTP/1.1)
POST /session/bc854607942dfbab35e417489e35434d/element HTTP/1.1
User-Agent: selenium/4.4.0 (java windows)
Content-Length: 66
Content-Type: application/json; charset=utf-8
host: localhost:57773
accept: */*

Response DefaultHttpResponse(decodeResult: success, version: HTTP/1.1)
HTTP/1.1 200 OK
Content-Type: application/json; charset=utf-8
cache-control: no-cache
content-length: 88

10:08:49.665 [AsyncHttpClient-1-10] DEBUG org.asynchttpclient.netty.channel.ChannelManager - Adding key: http://localhost:57773 for channel [id: 0xe92133be, L:/127.0.0.1:61613 - R:localhost/127.0.0.1:57773]
10:08:49.666 [Forwarding clearElement on session bc854607942dfbab35e417489e35434d to remote] DEBUG org.asynchttpclient.netty.request.NettyRequestSender - Using pooled Channel '[id: 0xe92133be, L:/127.0.0.1:61613 - R:localhost/127.0.0.1:57773]' for 'POST' to 'http://localhost:57773/session/bc854607942dfbab35e417489e35434d/element/47d9d501-8315-4950-a0ec-cc88b757dbd1/clear'
10:08:49.666 [Forwarding clearElement on session bc854607942dfbab35e417489e35434d to remote] DEBUG org.asynchttpclient.netty.request.NettyRequestSender - Using open Channel [id: 0xe92133be, L:/127.0.0.1:61613 - R:localhost/127.0.0.1:57773] for POST '/session/bc854607942dfbab35e417489e35434d/element/47d9d501-8315-4950-a0ec-cc88b757dbd1/clear'
10:08:49.691 [AsyncHttpClient-1-10] DEBUG org.asynchttpclient.netty.handler.HttpHandler - 

Request DefaultHttpRequest(decodeResult: success, version: HTTP/1.1)
POST /session/bc854607942dfbab35e417489e35434d/element/47d9d501-8315-4950-a0ec-cc88b757dbd1/clear HTTP/1.1
User-Agent: selenium/4.4.0 (java windows)
Content-Length: 50
Content-Type: application/json; charset=utf-8
host: localhost:57773
accept: */*

Response DefaultHttpResponse(decodeResult: success, version: HTTP/1.1)
HTTP/1.1 200 OK
Content-Type: application/json; charset=utf-8
cache-control: no-cache
content-length: 14

10:08:49.691 [AsyncHttpClient-1-10] DEBUG org.asynchttpclient.netty.channel.ChannelManager - Adding key: http://localhost:57773 for channel [id: 0xe92133be, L:/127.0.0.1:61613 - R:localhost/127.0.0.1:57773]
10:08:49.694 [Forwarding sendKeysToElement on session bc854607942dfbab35e417489e35434d to remote] DEBUG org.asynchttpclient.netty.request.NettyRequestSender - Using pooled Channel '[id: 0xe92133be, L:/127.0.0.1:61613 - R:localhost/127.0.0.1:57773]' for 'POST' to 'http://localhost:57773/session/bc854607942dfbab35e417489e35434d/element/47d9d501-8315-4950-a0ec-cc88b757dbd1/value'
10:08:49.694 [Forwarding sendKeysToElement on session bc854607942dfbab35e417489e35434d to remote] DEBUG org.asynchttpclient.netty.request.NettyRequestSender - Using open Channel [id: 0xe92133be, L:/127.0.0.1:61613 - R:localhost/127.0.0.1:57773] for POST '/session/bc854607942dfbab35e417489e35434d/element/47d9d501-8315-4950-a0ec-cc88b757dbd1/value'
10:08:49.730 [AsyncHttpClient-1-10] DEBUG org.asynchttpclient.netty.handler.HttpHandler - 

Request DefaultHttpRequest(decodeResult: success, version: HTTP/1.1)
POST /session/bc854607942dfbab35e417489e35434d/element/47d9d501-8315-4950-a0ec-cc88b757dbd1/value HTTP/1.1
User-Agent: selenium/4.4.0 (java windows)
Content-Length: 201
Content-Type: application/json; charset=utf-8
host: localhost:57773
accept: */*

Response DefaultHttpResponse(decodeResult: success, version: HTTP/1.1)
HTTP/1.1 200 OK
Content-Type: application/json; charset=utf-8
cache-control: no-cache
content-length: 14

10:08:49.731 [AsyncHttpClient-1-10] DEBUG org.asynchttpclient.netty.channel.ChannelManager - Adding key: http://localhost:57773 for channel [id: 0xe92133be, L:/127.0.0.1:61613 - R:localhost/127.0.0.1:57773]
10:08:49.746 [Forwarding getCurrentWindowHandle on session bc854607942dfbab35e417489e35434d to remote] DEBUG org.asynchttpclient.netty.request.NettyRequestSender - Using pooled Channel '[id: 0xe92133be, L:/127.0.0.1:61613 - R:localhost/127.0.0.1:57773]' for 'GET' to 'http://localhost:57773/session/bc854607942dfbab35e417489e35434d/window'
10:08:49.746 [Forwarding getCurrentWindowHandle on session bc854607942dfbab35e417489e35434d to remote] DEBUG org.asynchttpclient.netty.request.NettyRequestSender - Using open Channel [id: 0xe92133be, L:/127.0.0.1:61613 - R:localhost/127.0.0.1:57773] for GET '/session/bc854607942dfbab35e417489e35434d/window'
10:08:49.746 [AsyncHttpClient-1-10] DEBUG org.asynchttpclient.netty.handler.HttpHandler - 

Request DefaultFullHttpRequest(decodeResult: success, version: HTTP/1.1, content: EmptyByteBufBE)
GET /session/bc854607942dfbab35e417489e35434d/window HTTP/1.1
User-Agent: selenium/4.4.0 (java windows)
Cache-Control: no-cache
Content-Type: application/json; charset=utf-8
host: localhost:57773
accept: */*

Response DefaultHttpResponse(decodeResult: success, version: HTTP/1.1)
HTTP/1.1 200 OK
Content-Type: application/json; charset=utf-8
cache-control: no-cache
content-length: 53

10:08:49.746 [AsyncHttpClient-1-10] DEBUG org.asynchttpclient.netty.channel.ChannelManager - Adding key: http://localhost:57773 for channel [id: 0xe92133be, L:/127.0.0.1:61613 - R:localhost/127.0.0.1:57773]
10:08:49.749 [Forwarding getAlertText on session bc854607942dfbab35e417489e35434d to remote] DEBUG org.asynchttpclient.netty.request.NettyRequestSender - Using pooled Channel '[id: 0xe92133be, L:/127.0.0.1:61613 - R:localhost/127.0.0.1:57773]' for 'GET' to 'http://localhost:57773/session/bc854607942dfbab35e417489e35434d/alert/text'
10:08:49.749 [Forwarding getAlertText on session bc854607942dfbab35e417489e35434d to remote] DEBUG org.asynchttpclient.netty.request.NettyRequestSender - Using open Channel [id: 0xe92133be, L:/127.0.0.1:61613 - R:localhost/127.0.0.1:57773] for GET '/session/bc854607942dfbab35e417489e35434d/alert/text'
10:08:49.751 [AsyncHttpClient-1-10] DEBUG org.asynchttpclient.netty.handler.HttpHandler - 

Request DefaultFullHttpRequest(decodeResult: success, version: HTTP/1.1, content: EmptyByteBufBE)
GET /session/bc854607942dfbab35e417489e35434d/alert/text HTTP/1.1
User-Agent: selenium/4.4.0 (java windows)
Cache-Control: no-cache
Content-Type: application/json; charset=utf-8
host: localhost:57773
accept: */*

Response DefaultHttpResponse(decodeResult: success, version: HTTP/1.1)
HTTP/1.1 404 Not Found
Content-Type: application/json; charset=utf-8
cache-control: no-cache
content-length: 879

10:08:49.751 [AsyncHttpClient-1-10] DEBUG org.asynchttpclient.netty.channel.ChannelManager - Adding key: http://localhost:57773 for channel [id: 0xe92133be, L:/127.0.0.1:61613 - R:localhost/127.0.0.1:57773]
10:08:49.756 [Forwarding switchToWindow on session bc854607942dfbab35e417489e35434d to remote] DEBUG org.asynchttpclient.netty.request.NettyRequestSender - Using pooled Channel '[id: 0xe92133be, L:/127.0.0.1:61613 - R:localhost/127.0.0.1:57773]' for 'POST' to 'http://localhost:57773/session/bc854607942dfbab35e417489e35434d/window'
10:08:49.756 [Forwarding switchToWindow on session bc854607942dfbab35e417489e35434d to remote] DEBUG org.asynchttpclient.netty.request.NettyRequestSender - Using open Channel [id: 0xe92133be, L:/127.0.0.1:61613 - R:localhost/127.0.0.1:57773] for POST '/session/bc854607942dfbab35e417489e35434d/window'
10:08:49.759 [AsyncHttpClient-1-10] DEBUG org.asynchttpclient.netty.handler.HttpHandler - 

Request DefaultHttpRequest(decodeResult: success, version: HTTP/1.1)
POST /session/bc854607942dfbab35e417489e35434d/window HTTP/1.1
User-Agent: selenium/4.4.0 (java windows)
Content-Length: 59
Content-Type: application/json; charset=utf-8
host: localhost:57773
accept: */*

Response DefaultHttpResponse(decodeResult: success, version: HTTP/1.1)
HTTP/1.1 200 OK
Content-Type: application/json; charset=utf-8
cache-control: no-cache
content-length: 14

10:08:49.759 [AsyncHttpClient-1-10] DEBUG org.asynchttpclient.netty.channel.ChannelManager - Adding key: http://localhost:57773 for channel [id: 0xe92133be, L:/127.0.0.1:61613 - R:localhost/127.0.0.1:57773]
10:08:49.759 [Forwarding getCurrentUrl on session bc854607942dfbab35e417489e35434d to remote] DEBUG org.asynchttpclient.netty.request.NettyRequestSender - Using pooled Channel '[id: 0xe92133be, L:/127.0.0.1:61613 - R:localhost/127.0.0.1:57773]' for 'GET' to 'http://localhost:57773/session/bc854607942dfbab35e417489e35434d/url'
10:08:49.759 [Forwarding getCurrentUrl on session bc854607942dfbab35e417489e35434d to remote] DEBUG org.asynchttpclient.netty.request.NettyRequestSender - Using open Channel [id: 0xe92133be, L:/127.0.0.1:61613 - R:localhost/127.0.0.1:57773] for GET '/session/bc854607942dfbab35e417489e35434d/url'
10:08:49.762 [AsyncHttpClient-1-10] DEBUG org.asynchttpclient.netty.handler.HttpHandler - 

Request DefaultFullHttpRequest(decodeResult: success, version: HTTP/1.1, content: EmptyByteBufBE)
GET /session/bc854607942dfbab35e417489e35434d/url HTTP/1.1
User-Agent: selenium/4.4.0 (java windows)
Cache-Control: no-cache
Content-Type: application/json; charset=utf-8
host: localhost:57773
accept: */*

Response DefaultHttpResponse(decodeResult: success, version: HTTP/1.1)
HTTP/1.1 200 OK
Content-Type: application/json; charset=utf-8
cache-control: no-cache
content-length: 38

10:08:49.762 [AsyncHttpClient-1-10] DEBUG org.asynchttpclient.netty.channel.ChannelManager - Adding key: http://localhost:57773 for channel [id: 0xe92133be, L:/127.0.0.1:61613 - R:localhost/127.0.0.1:57773]
10:08:49.762 [Forwarding screenshot on session bc854607942dfbab35e417489e35434d to remote] DEBUG org.asynchttpclient.netty.request.NettyRequestSender - Using pooled Channel '[id: 0xe92133be, L:/127.0.0.1:61613 - R:localhost/127.0.0.1:57773]' for 'GET' to 'http://localhost:57773/session/bc854607942dfbab35e417489e35434d/screenshot'
10:08:49.762 [Forwarding screenshot on session bc854607942dfbab35e417489e35434d to remote] DEBUG org.asynchttpclient.netty.request.NettyRequestSender - Using open Channel [id: 0xe92133be, L:/127.0.0.1:61613 - R:localhost/127.0.0.1:57773] for GET '/session/bc854607942dfbab35e417489e35434d/screenshot'
10:08:49.842 [AsyncHttpClient-1-10] DEBUG org.asynchttpclient.netty.handler.HttpHandler - 

Request DefaultFullHttpRequest(decodeResult: success, version: HTTP/1.1, content: EmptyByteBufBE)
GET /session/bc854607942dfbab35e417489e35434d/screenshot HTTP/1.1
User-Agent: selenium/4.4.0 (java windows)
Cache-Control: no-cache
Content-Type: application/json; charset=utf-8
host: localhost:57773
accept: */*

Response DefaultHttpResponse(decodeResult: success, version: HTTP/1.1)
HTTP/1.1 200 OK
Content-Type: application/json; charset=utf-8
cache-control: no-cache
content-length: 58468

10:08:49.843 [AsyncHttpClient-1-10] DEBUG org.asynchttpclient.netty.channel.ChannelManager - Adding key: http://localhost:57773 for channel [id: 0xe92133be, L:/127.0.0.1:61613 - R:localhost/127.0.0.1:57773]
10:08:49.844 [Test worker] DEBUG net.serenitybdd.core.photography.Darkroom - Send negative for processing for C:\Users\juan.gomezv\IdeaProjects\sura\target\site\serenity\3928254ac939cb654635a6fe0cdcba17cdafb3fae09b0fc2384a6404e2fbc8c4.png
10:08:49.844 [Test worker] DEBUG net.thucydides.core.steps.StepInterceptor - STEP DONE: {0} enters #theTextAsAString into #target
10:08:49.853 [Forwarding getPageSource on session bc854607942dfbab35e417489e35434d to remote] DEBUG org.asynchttpclient.netty.request.NettyRequestSender - Using pooled Channel '[id: 0xe92133be, L:/127.0.0.1:61613 - R:localhost/127.0.0.1:57773]' for 'POST' to 'http://localhost:57773/session/bc854607942dfbab35e417489e35434d/execute/sync'
10:08:49.853 [Forwarding getPageSource on session bc854607942dfbab35e417489e35434d to remote] DEBUG org.asynchttpclient.netty.request.NettyRequestSender - Using open Channel [id: 0xe92133be, L:/127.0.0.1:61613 - R:localhost/127.0.0.1:57773] for POST '/session/bc854607942dfbab35e417489e35434d/execute/sync'
10:08:49.858 [AsyncHttpClient-1-10] DEBUG org.asynchttpclient.netty.handler.HttpHandler - 

Request DefaultHttpRequest(decodeResult: success, version: HTTP/1.1)
POST /session/bc854607942dfbab35e417489e35434d/execute/sync HTTP/1.1
User-Agent: selenium/4.4.0 (java windows)
Content-Length: 176
Content-Type: application/json; charset=utf-8
host: localhost:57773
accept: */*

Response DefaultHttpResponse(decodeResult: success, version: HTTP/1.1)
HTTP/1.1 200 OK
Content-Type: application/json; charset=utf-8
cache-control: no-cache
content-length: 4185

10:08:49.858 [AsyncHttpClient-1-10] DEBUG org.asynchttpclient.netty.channel.ChannelManager - Adding key: http://localhost:57773 for channel [id: 0xe92133be, L:/127.0.0.1:61613 - R:localhost/127.0.0.1:57773]
10:08:49.859 [Forwarding getCurrentUrl on session bc854607942dfbab35e417489e35434d to remote] DEBUG org.asynchttpclient.netty.request.NettyRequestSender - Using pooled Channel '[id: 0xe92133be, L:/127.0.0.1:61613 - R:localhost/127.0.0.1:57773]' for 'GET' to 'http://localhost:57773/session/bc854607942dfbab35e417489e35434d/url'
10:08:49.859 [Forwarding getCurrentUrl on session bc854607942dfbab35e417489e35434d to remote] DEBUG org.asynchttpclient.netty.request.NettyRequestSender - Using open Channel [id: 0xe92133be, L:/127.0.0.1:61613 - R:localhost/127.0.0.1:57773] for GET '/session/bc854607942dfbab35e417489e35434d/url'
10:08:49.862 [AsyncHttpClient-1-10] DEBUG org.asynchttpclient.netty.handler.HttpHandler - 

Request DefaultFullHttpRequest(decodeResult: success, version: HTTP/1.1, content: EmptyByteBufBE)
GET /session/bc854607942dfbab35e417489e35434d/url HTTP/1.1
User-Agent: selenium/4.4.0 (java windows)
Cache-Control: no-cache
Content-Type: application/json; charset=utf-8
host: localhost:57773
accept: */*

Response DefaultHttpResponse(decodeResult: success, version: HTTP/1.1)
HTTP/1.1 200 OK
Content-Type: application/json; charset=utf-8
cache-control: no-cache
content-length: 38

10:08:49.862 [AsyncHttpClient-1-10] DEBUG org.asynchttpclient.netty.channel.ChannelManager - Adding key: http://localhost:57773 for channel [id: 0xe92133be, L:/127.0.0.1:61613 - R:localhost/127.0.0.1:57773]
10:08:49.863 [Test worker] DEBUG net.thucydides.core.steps.StepInterceptor - STARTING STEP: LogIn.performAs - {0} clicks on #target
10:08:49.864 [Test worker] DEBUG net.serenitybdd.screenplay.targets.IFrameSwitcher - default content already selected for LogIn Button
10:08:49.885 [Forwarding findElement on session bc854607942dfbab35e417489e35434d to remote] DEBUG org.asynchttpclient.netty.request.NettyRequestSender - Using pooled Channel '[id: 0xe92133be, L:/127.0.0.1:61613 - R:localhost/127.0.0.1:57773]' for 'POST' to 'http://localhost:57773/session/bc854607942dfbab35e417489e35434d/element'
10:08:49.885 [Forwarding findElement on session bc854607942dfbab35e417489e35434d to remote] DEBUG org.asynchttpclient.netty.request.NettyRequestSender - Using open Channel [id: 0xe92133be, L:/127.0.0.1:61613 - R:localhost/127.0.0.1:57773] for POST '/session/bc854607942dfbab35e417489e35434d/element'
10:08:49.894 [AsyncHttpClient-1-10] DEBUG org.asynchttpclient.netty.handler.HttpHandler - 

Request DefaultHttpRequest(decodeResult: success, version: HTTP/1.1)
POST /session/bc854607942dfbab35e417489e35434d/element HTTP/1.1
User-Agent: selenium/4.4.0 (java windows)
Content-Length: 70
Content-Type: application/json; charset=utf-8
host: localhost:57773
accept: */*

Response DefaultHttpResponse(decodeResult: success, version: HTTP/1.1)
HTTP/1.1 200 OK
Content-Type: application/json; charset=utf-8
cache-control: no-cache
content-length: 88

10:08:49.894 [AsyncHttpClient-1-10] DEBUG org.asynchttpclient.netty.channel.ChannelManager - Adding key: http://localhost:57773 for channel [id: 0xe92133be, L:/127.0.0.1:61613 - R:localhost/127.0.0.1:57773]
10:08:49.898 [Forwarding isElementDisplayed on session bc854607942dfbab35e417489e35434d to remote] DEBUG org.asynchttpclient.netty.request.NettyRequestSender - Using pooled Channel '[id: 0xe92133be, L:/127.0.0.1:61613 - R:localhost/127.0.0.1:57773]' for 'POST' to 'http://localhost:57773/session/bc854607942dfbab35e417489e35434d/execute/sync'
10:08:49.898 [Forwarding isElementDisplayed on session bc854607942dfbab35e417489e35434d to remote] DEBUG org.asynchttpclient.netty.request.NettyRequestSender - Using open Channel [id: 0xe92133be, L:/127.0.0.1:61613 - R:localhost/127.0.0.1:57773] for POST '/session/bc854607942dfbab35e417489e35434d/execute/sync'
10:08:49.910 [AsyncHttpClient-1-10] DEBUG org.asynchttpclient.netty.handler.HttpHandler - 

Request DefaultHttpRequest(decodeResult: success, version: HTTP/1.1)
POST /session/bc854607942dfbab35e417489e35434d/execute/sync HTTP/1.1
User-Agent: selenium/4.4.0 (java windows)
Content-Length: 48780
Content-Type: application/json; charset=utf-8
host: localhost:57773
accept: */*

Response DefaultHttpResponse(decodeResult: success, version: HTTP/1.1)
HTTP/1.1 200 OK
Content-Type: application/json; charset=utf-8
cache-control: no-cache
content-length: 14

10:08:49.910 [AsyncHttpClient-1-10] DEBUG org.asynchttpclient.netty.channel.ChannelManager - Adding key: http://localhost:57773 for channel [id: 0xe92133be, L:/127.0.0.1:61613 - R:localhost/127.0.0.1:57773]
10:08:49.915 [Forwarding findElement on session bc854607942dfbab35e417489e35434d to remote] DEBUG org.asynchttpclient.netty.request.NettyRequestSender - Using pooled Channel '[id: 0xe92133be, L:/127.0.0.1:61613 - R:localhost/127.0.0.1:57773]' for 'POST' to 'http://localhost:57773/session/bc854607942dfbab35e417489e35434d/element'
10:08:49.915 [Forwarding findElement on session bc854607942dfbab35e417489e35434d to remote] DEBUG org.asynchttpclient.netty.request.NettyRequestSender - Using open Channel [id: 0xe92133be, L:/127.0.0.1:61613 - R:localhost/127.0.0.1:57773] for POST '/session/bc854607942dfbab35e417489e35434d/element'
10:08:49.922 [AsyncHttpClient-1-10] DEBUG org.asynchttpclient.netty.handler.HttpHandler - 

Request DefaultHttpRequest(decodeResult: success, version: HTTP/1.1)
POST /session/bc854607942dfbab35e417489e35434d/element HTTP/1.1
User-Agent: selenium/4.4.0 (java windows)
Content-Length: 70
Content-Type: application/json; charset=utf-8
host: localhost:57773
accept: */*

Response DefaultHttpResponse(decodeResult: success, version: HTTP/1.1)
HTTP/1.1 200 OK
Content-Type: application/json; charset=utf-8
cache-control: no-cache
content-length: 88

10:08:49.922 [AsyncHttpClient-1-10] DEBUG org.asynchttpclient.netty.channel.ChannelManager - Adding key: http://localhost:57773 for channel [id: 0xe92133be, L:/127.0.0.1:61613 - R:localhost/127.0.0.1:57773]
10:08:49.922 [Forwarding clickElement on session bc854607942dfbab35e417489e35434d to remote] DEBUG org.asynchttpclient.netty.request.NettyRequestSender - Using pooled Channel '[id: 0xe92133be, L:/127.0.0.1:61613 - R:localhost/127.0.0.1:57773]' for 'POST' to 'http://localhost:57773/session/bc854607942dfbab35e417489e35434d/element/8b1b3b70-1c40-46e1-8876-e1300dc39240/click'
10:08:49.922 [Forwarding clickElement on session bc854607942dfbab35e417489e35434d to remote] DEBUG org.asynchttpclient.netty.request.NettyRequestSender - Using open Channel [id: 0xe92133be, L:/127.0.0.1:61613 - R:localhost/127.0.0.1:57773] for POST '/session/bc854607942dfbab35e417489e35434d/element/8b1b3b70-1c40-46e1-8876-e1300dc39240/click'
10:08:49.994 [AsyncHttpClient-1-10] DEBUG org.asynchttpclient.netty.handler.HttpHandler - 

Request DefaultHttpRequest(decodeResult: success, version: HTTP/1.1)
POST /session/bc854607942dfbab35e417489e35434d/element/8b1b3b70-1c40-46e1-8876-e1300dc39240/click HTTP/1.1
User-Agent: selenium/4.4.0 (java windows)
Content-Length: 50
Content-Type: application/json; charset=utf-8
host: localhost:57773
accept: */*

Response DefaultHttpResponse(decodeResult: success, version: HTTP/1.1)
HTTP/1.1 200 OK
Content-Type: application/json; charset=utf-8
cache-control: no-cache
content-length: 14

10:08:49.994 [AsyncHttpClient-1-10] DEBUG org.asynchttpclient.netty.channel.ChannelManager - Adding key: http://localhost:57773 for channel [id: 0xe92133be, L:/127.0.0.1:61613 - R:localhost/127.0.0.1:57773]
10:08:50.014 [Forwarding getCurrentWindowHandle on session bc854607942dfbab35e417489e35434d to remote] DEBUG org.asynchttpclient.netty.request.NettyRequestSender - Using pooled Channel '[id: 0xe92133be, L:/127.0.0.1:61613 - R:localhost/127.0.0.1:57773]' for 'GET' to 'http://localhost:57773/session/bc854607942dfbab35e417489e35434d/window'
10:08:50.014 [Forwarding getCurrentWindowHandle on session bc854607942dfbab35e417489e35434d to remote] DEBUG org.asynchttpclient.netty.request.NettyRequestSender - Using open Channel [id: 0xe92133be, L:/127.0.0.1:61613 - R:localhost/127.0.0.1:57773] for GET '/session/bc854607942dfbab35e417489e35434d/window'
10:08:50.015 [AsyncHttpClient-1-10] DEBUG org.asynchttpclient.netty.handler.HttpHandler - 

Request DefaultFullHttpRequest(decodeResult: success, version: HTTP/1.1, content: EmptyByteBufBE)
GET /session/bc854607942dfbab35e417489e35434d/window HTTP/1.1
User-Agent: selenium/4.4.0 (java windows)
Cache-Control: no-cache
Content-Type: application/json; charset=utf-8
host: localhost:57773
accept: */*

Response DefaultHttpResponse(decodeResult: success, version: HTTP/1.1)
HTTP/1.1 200 OK
Content-Type: application/json; charset=utf-8
cache-control: no-cache
content-length: 53

10:08:50.015 [AsyncHttpClient-1-10] DEBUG org.asynchttpclient.netty.channel.ChannelManager - Adding key: http://localhost:57773 for channel [id: 0xe92133be, L:/127.0.0.1:61613 - R:localhost/127.0.0.1:57773]
10:08:50.020 [Forwarding getAlertText on session bc854607942dfbab35e417489e35434d to remote] DEBUG org.asynchttpclient.netty.request.NettyRequestSender - Using pooled Channel '[id: 0xe92133be, L:/127.0.0.1:61613 - R:localhost/127.0.0.1:57773]' for 'GET' to 'http://localhost:57773/session/bc854607942dfbab35e417489e35434d/alert/text'
10:08:50.020 [Forwarding getAlertText on session bc854607942dfbab35e417489e35434d to remote] DEBUG org.asynchttpclient.netty.request.NettyRequestSender - Using open Channel [id: 0xe92133be, L:/127.0.0.1:61613 - R:localhost/127.0.0.1:57773] for GET '/session/bc854607942dfbab35e417489e35434d/alert/text'
10:08:50.022 [AsyncHttpClient-1-10] DEBUG org.asynchttpclient.netty.handler.HttpHandler - 

Request DefaultFullHttpRequest(decodeResult: success, version: HTTP/1.1, content: EmptyByteBufBE)
GET /session/bc854607942dfbab35e417489e35434d/alert/text HTTP/1.1
User-Agent: selenium/4.4.0 (java windows)
Cache-Control: no-cache
Content-Type: application/json; charset=utf-8
host: localhost:57773
accept: */*

Response DefaultHttpResponse(decodeResult: success, version: HTTP/1.1)
HTTP/1.1 404 Not Found
Content-Type: application/json; charset=utf-8
cache-control: no-cache
content-length: 879

10:08:50.022 [AsyncHttpClient-1-10] DEBUG org.asynchttpclient.netty.channel.ChannelManager - Adding key: http://localhost:57773 for channel [id: 0xe92133be, L:/127.0.0.1:61613 - R:localhost/127.0.0.1:57773]
10:08:50.028 [Forwarding switchToWindow on session bc854607942dfbab35e417489e35434d to remote] DEBUG org.asynchttpclient.netty.request.NettyRequestSender - Using pooled Channel '[id: 0xe92133be, L:/127.0.0.1:61613 - R:localhost/127.0.0.1:57773]' for 'POST' to 'http://localhost:57773/session/bc854607942dfbab35e417489e35434d/window'
10:08:50.028 [Forwarding switchToWindow on session bc854607942dfbab35e417489e35434d to remote] DEBUG org.asynchttpclient.netty.request.NettyRequestSender - Using open Channel [id: 0xe92133be, L:/127.0.0.1:61613 - R:localhost/127.0.0.1:57773] for POST '/session/bc854607942dfbab35e417489e35434d/window'
10:08:50.031 [AsyncHttpClient-1-10] DEBUG org.asynchttpclient.netty.handler.HttpHandler - 

Request DefaultHttpRequest(decodeResult: success, version: HTTP/1.1)
POST /session/bc854607942dfbab35e417489e35434d/window HTTP/1.1
User-Agent: selenium/4.4.0 (java windows)
Content-Length: 59
Content-Type: application/json; charset=utf-8
host: localhost:57773
accept: */*

Response DefaultHttpResponse(decodeResult: success, version: HTTP/1.1)
HTTP/1.1 200 OK
Content-Type: application/json; charset=utf-8
cache-control: no-cache
content-length: 14

10:08:50.031 [AsyncHttpClient-1-10] DEBUG org.asynchttpclient.netty.channel.ChannelManager - Adding key: http://localhost:57773 for channel [id: 0xe92133be, L:/127.0.0.1:61613 - R:localhost/127.0.0.1:57773]
10:08:50.032 [Forwarding getCurrentUrl on session bc854607942dfbab35e417489e35434d to remote] DEBUG org.asynchttpclient.netty.request.NettyRequestSender - Using pooled Channel '[id: 0xe92133be, L:/127.0.0.1:61613 - R:localhost/127.0.0.1:57773]' for 'GET' to 'http://localhost:57773/session/bc854607942dfbab35e417489e35434d/url'
10:08:50.032 [Forwarding getCurrentUrl on session bc854607942dfbab35e417489e35434d to remote] DEBUG org.asynchttpclient.netty.request.NettyRequestSender - Using open Channel [id: 0xe92133be, L:/127.0.0.1:61613 - R:localhost/127.0.0.1:57773] for GET '/session/bc854607942dfbab35e417489e35434d/url'
10:08:50.036 [AsyncHttpClient-1-10] DEBUG org.asynchttpclient.netty.handler.HttpHandler - 

Request DefaultFullHttpRequest(decodeResult: success, version: HTTP/1.1, content: EmptyByteBufBE)
GET /session/bc854607942dfbab35e417489e35434d/url HTTP/1.1
User-Agent: selenium/4.4.0 (java windows)
Cache-Control: no-cache
Content-Type: application/json; charset=utf-8
host: localhost:57773
accept: */*

Response DefaultHttpResponse(decodeResult: success, version: HTTP/1.1)
HTTP/1.1 200 OK
Content-Type: application/json; charset=utf-8
cache-control: no-cache
content-length: 52

10:08:50.036 [AsyncHttpClient-1-10] DEBUG org.asynchttpclient.netty.channel.ChannelManager - Adding key: http://localhost:57773 for channel [id: 0xe92133be, L:/127.0.0.1:61613 - R:localhost/127.0.0.1:57773]
10:08:50.037 [Forwarding screenshot on session bc854607942dfbab35e417489e35434d to remote] DEBUG org.asynchttpclient.netty.request.NettyRequestSender - Using pooled Channel '[id: 0xe92133be, L:/127.0.0.1:61613 - R:localhost/127.0.0.1:57773]' for 'GET' to 'http://localhost:57773/session/bc854607942dfbab35e417489e35434d/screenshot'
10:08:50.037 [Forwarding screenshot on session bc854607942dfbab35e417489e35434d to remote] DEBUG org.asynchttpclient.netty.request.NettyRequestSender - Using open Channel [id: 0xe92133be, L:/127.0.0.1:61613 - R:localhost/127.0.0.1:57773] for GET '/session/bc854607942dfbab35e417489e35434d/screenshot'
10:08:50.259 [AsyncHttpClient-1-10] DEBUG org.asynchttpclient.netty.handler.HttpHandler - 

Request DefaultFullHttpRequest(decodeResult: success, version: HTTP/1.1, content: EmptyByteBufBE)
GET /session/bc854607942dfbab35e417489e35434d/screenshot HTTP/1.1
User-Agent: selenium/4.4.0 (java windows)
Cache-Control: no-cache
Content-Type: application/json; charset=utf-8
host: localhost:57773
accept: */*

Response DefaultHttpResponse(decodeResult: success, version: HTTP/1.1)
HTTP/1.1 200 OK
Content-Type: application/json; charset=utf-8
cache-control: no-cache
content-length: 316072

10:08:50.260 [AsyncHttpClient-1-10] DEBUG org.asynchttpclient.netty.channel.ChannelManager - Adding key: http://localhost:57773 for channel [id: 0xe92133be, L:/127.0.0.1:61613 - R:localhost/127.0.0.1:57773]
10:08:50.264 [Test worker] DEBUG net.serenitybdd.core.photography.Darkroom - Send negative for processing for C:\Users\juan.gomezv\IdeaProjects\sura\target\site\serenity\e44069ae212a02c6322b8bddc355adc221270edded46bd42546211af4a56801c.png
10:08:50.264 [Test worker] DEBUG net.thucydides.core.steps.StepInterceptor - STEP DONE: {0} clicks on #target
10:08:50.271 [Test worker] DEBUG net.thucydides.core.steps.StepInterceptor - STEP DONE: performAs
  ?[32mDado ?[0m?[32mque ?[0m?[32m?[1mAna?[0m?[32m ingresa con una cuenta valida como la de ?[0m?[32m?[1m"STANDARD_USER"?[0m?[32m a Swaglabs?[0m ?[90m# sura.stepDefinitions.SharedBackgroundSteps.ingresaConUnaCuentaValidaASwaglabs(net.serenitybdd.screenplay.Actor,java.lang.String)?[0m
10:08:50.284 [Forwarding getPageSource on session bc854607942dfbab35e417489e35434d to remote] DEBUG org.asynchttpclient.netty.request.NettyRequestSender - Using pooled Channel '[id: 0xe92133be, L:/127.0.0.1:61613 - R:localhost/127.0.0.1:57773]' for 'POST' to 'http://localhost:57773/session/bc854607942dfbab35e417489e35434d/execute/sync'
10:08:50.284 [Forwarding getPageSource on session bc854607942dfbab35e417489e35434d to remote] DEBUG org.asynchttpclient.netty.request.NettyRequestSender - Using open Channel [id: 0xe92133be, L:/127.0.0.1:61613 - R:localhost/127.0.0.1:57773] for POST '/session/bc854607942dfbab35e417489e35434d/execute/sync'
10:08:50.291 [AsyncHttpClient-1-10] DEBUG org.asynchttpclient.netty.handler.HttpHandler - 

Request DefaultHttpRequest(decodeResult: success, version: HTTP/1.1)
POST /session/bc854607942dfbab35e417489e35434d/execute/sync HTTP/1.1
User-Agent: selenium/4.4.0 (java windows)
Content-Length: 176
Content-Type: application/json; charset=utf-8
host: localhost:57773
accept: */*

Response DefaultHttpResponse(decodeResult: success, version: HTTP/1.1)
HTTP/1.1 200 OK
Content-Type: application/json; charset=utf-8
cache-control: no-cache
content-length: 15254

10:08:50.291 [AsyncHttpClient-1-10] DEBUG org.asynchttpclient.netty.channel.ChannelManager - Adding key: http://localhost:57773 for channel [id: 0xe92133be, L:/127.0.0.1:61613 - R:localhost/127.0.0.1:57773]
10:08:50.292 [Forwarding getCurrentUrl on session bc854607942dfbab35e417489e35434d to remote] DEBUG org.asynchttpclient.netty.request.NettyRequestSender - Using pooled Channel '[id: 0xe92133be, L:/127.0.0.1:61613 - R:localhost/127.0.0.1:57773]' for 'GET' to 'http://localhost:57773/session/bc854607942dfbab35e417489e35434d/url'
10:08:50.292 [Forwarding getCurrentUrl on session bc854607942dfbab35e417489e35434d to remote] DEBUG org.asynchttpclient.netty.request.NettyRequestSender - Using open Channel [id: 0xe92133be, L:/127.0.0.1:61613 - R:localhost/127.0.0.1:57773] for GET '/session/bc854607942dfbab35e417489e35434d/url'
10:08:50.295 [AsyncHttpClient-1-10] DEBUG org.asynchttpclient.netty.handler.HttpHandler - 

Request DefaultFullHttpRequest(decodeResult: success, version: HTTP/1.1, content: EmptyByteBufBE)
GET /session/bc854607942dfbab35e417489e35434d/url HTTP/1.1
User-Agent: selenium/4.4.0 (java windows)
Cache-Control: no-cache
Content-Type: application/json; charset=utf-8
host: localhost:57773
accept: */*

Response DefaultHttpResponse(decodeResult: success, version: HTTP/1.1)
HTTP/1.1 200 OK
Content-Type: application/json; charset=utf-8
cache-control: no-cache
content-length: 52

10:08:50.295 [AsyncHttpClient-1-10] DEBUG org.asynchttpclient.netty.channel.ChannelManager - Adding key: http://localhost:57773 for channel [id: 0xe92133be, L:/127.0.0.1:61613 - R:localhost/127.0.0.1:57773]
10:08:50.312 [Forwarding getPageSource on session bc854607942dfbab35e417489e35434d to remote] DEBUG org.asynchttpclient.netty.request.NettyRequestSender - Using pooled Channel '[id: 0xe92133be, L:/127.0.0.1:61613 - R:localhost/127.0.0.1:57773]' for 'POST' to 'http://localhost:57773/session/bc854607942dfbab35e417489e35434d/execute/sync'
10:08:50.312 [Forwarding getPageSource on session bc854607942dfbab35e417489e35434d to remote] DEBUG org.asynchttpclient.netty.request.NettyRequestSender - Using open Channel [id: 0xe92133be, L:/127.0.0.1:61613 - R:localhost/127.0.0.1:57773] for POST '/session/bc854607942dfbab35e417489e35434d/execute/sync'
10:08:50.317 [AsyncHttpClient-1-10] DEBUG org.asynchttpclient.netty.handler.HttpHandler - 

Request DefaultHttpRequest(decodeResult: success, version: HTTP/1.1)
POST /session/bc854607942dfbab35e417489e35434d/execute/sync HTTP/1.1
User-Agent: selenium/4.4.0 (java windows)
Content-Length: 176
Content-Type: application/json; charset=utf-8
host: localhost:57773
accept: */*

Response DefaultHttpResponse(decodeResult: success, version: HTTP/1.1)
HTTP/1.1 200 OK
Content-Type: application/json; charset=utf-8
cache-control: no-cache
content-length: 15254

10:08:50.318 [AsyncHttpClient-1-10] DEBUG org.asynchttpclient.netty.channel.ChannelManager - Adding key: http://localhost:57773 for channel [id: 0xe92133be, L:/127.0.0.1:61613 - R:localhost/127.0.0.1:57773]
10:08:50.319 [Forwarding getCurrentUrl on session bc854607942dfbab35e417489e35434d to remote] DEBUG org.asynchttpclient.netty.request.NettyRequestSender - Using pooled Channel '[id: 0xe92133be, L:/127.0.0.1:61613 - R:localhost/127.0.0.1:57773]' for 'GET' to 'http://localhost:57773/session/bc854607942dfbab35e417489e35434d/url'
10:08:50.319 [Forwarding getCurrentUrl on session bc854607942dfbab35e417489e35434d to remote] DEBUG org.asynchttpclient.netty.request.NettyRequestSender - Using open Channel [id: 0xe92133be, L:/127.0.0.1:61613 - R:localhost/127.0.0.1:57773] for GET '/session/bc854607942dfbab35e417489e35434d/url'
10:08:50.323 [AsyncHttpClient-1-10] DEBUG org.asynchttpclient.netty.handler.HttpHandler - 

Request DefaultFullHttpRequest(decodeResult: success, version: HTTP/1.1, content: EmptyByteBufBE)
GET /session/bc854607942dfbab35e417489e35434d/url HTTP/1.1
User-Agent: selenium/4.4.0 (java windows)
Cache-Control: no-cache
Content-Type: application/json; charset=utf-8
host: localhost:57773
accept: */*

Response DefaultHttpResponse(decodeResult: success, version: HTTP/1.1)
HTTP/1.1 200 OK
Content-Type: application/json; charset=utf-8
cache-control: no-cache
content-length: 52

10:08:50.323 [AsyncHttpClient-1-10] DEBUG org.asynchttpclient.netty.channel.ChannelManager - Adding key: http://localhost:57773 for channel [id: 0xe92133be, L:/127.0.0.1:61613 - R:localhost/127.0.0.1:57773]
10:08:50.324 [Test worker] DEBUG net.thucydides.core.steps.StepInterceptor - STARTING STEP: PurchaseSteps.haceClickEnElBotonDelArticulo - performAs
10:08:50.340 [Forwarding getCurrentWindowHandle on session bc854607942dfbab35e417489e35434d to remote] DEBUG org.asynchttpclient.netty.request.NettyRequestSender - Using pooled Channel '[id: 0xe92133be, L:/127.0.0.1:61613 - R:localhost/127.0.0.1:57773]' for 'GET' to 'http://localhost:57773/session/bc854607942dfbab35e417489e35434d/window'
10:08:50.340 [Forwarding getCurrentWindowHandle on session bc854607942dfbab35e417489e35434d to remote] DEBUG org.asynchttpclient.netty.request.NettyRequestSender - Using open Channel [id: 0xe92133be, L:/127.0.0.1:61613 - R:localhost/127.0.0.1:57773] for GET '/session/bc854607942dfbab35e417489e35434d/window'
10:08:50.341 [AsyncHttpClient-1-10] DEBUG org.asynchttpclient.netty.handler.HttpHandler - 

Request DefaultFullHttpRequest(decodeResult: success, version: HTTP/1.1, content: EmptyByteBufBE)
GET /session/bc854607942dfbab35e417489e35434d/window HTTP/1.1
User-Agent: selenium/4.4.0 (java windows)
Cache-Control: no-cache
Content-Type: application/json; charset=utf-8
host: localhost:57773
accept: */*

Response DefaultHttpResponse(decodeResult: success, version: HTTP/1.1)
HTTP/1.1 200 OK
Content-Type: application/json; charset=utf-8
cache-control: no-cache
content-length: 53

10:08:50.341 [AsyncHttpClient-1-10] DEBUG org.asynchttpclient.netty.channel.ChannelManager - Adding key: http://localhost:57773 for channel [id: 0xe92133be, L:/127.0.0.1:61613 - R:localhost/127.0.0.1:57773]
10:08:50.344 [Forwarding getAlertText on session bc854607942dfbab35e417489e35434d to remote] DEBUG org.asynchttpclient.netty.request.NettyRequestSender - Using pooled Channel '[id: 0xe92133be, L:/127.0.0.1:61613 - R:localhost/127.0.0.1:57773]' for 'GET' to 'http://localhost:57773/session/bc854607942dfbab35e417489e35434d/alert/text'
10:08:50.344 [Forwarding getAlertText on session bc854607942dfbab35e417489e35434d to remote] DEBUG org.asynchttpclient.netty.request.NettyRequestSender - Using open Channel [id: 0xe92133be, L:/127.0.0.1:61613 - R:localhost/127.0.0.1:57773] for GET '/session/bc854607942dfbab35e417489e35434d/alert/text'
10:08:50.346 [AsyncHttpClient-1-10] DEBUG org.asynchttpclient.netty.handler.HttpHandler - 

Request DefaultFullHttpRequest(decodeResult: success, version: HTTP/1.1, content: EmptyByteBufBE)
GET /session/bc854607942dfbab35e417489e35434d/alert/text HTTP/1.1
User-Agent: selenium/4.4.0 (java windows)
Cache-Control: no-cache
Content-Type: application/json; charset=utf-8
host: localhost:57773
accept: */*

Response DefaultHttpResponse(decodeResult: success, version: HTTP/1.1)
HTTP/1.1 404 Not Found
Content-Type: application/json; charset=utf-8
cache-control: no-cache
content-length: 879

10:08:50.346 [AsyncHttpClient-1-10] DEBUG org.asynchttpclient.netty.channel.ChannelManager - Adding key: http://localhost:57773 for channel [id: 0xe92133be, L:/127.0.0.1:61613 - R:localhost/127.0.0.1:57773]
10:08:50.349 [Forwarding switchToWindow on session bc854607942dfbab35e417489e35434d to remote] DEBUG org.asynchttpclient.netty.request.NettyRequestSender - Using pooled Channel '[id: 0xe92133be, L:/127.0.0.1:61613 - R:localhost/127.0.0.1:57773]' for 'POST' to 'http://localhost:57773/session/bc854607942dfbab35e417489e35434d/window'
10:08:50.349 [Forwarding switchToWindow on session bc854607942dfbab35e417489e35434d to remote] DEBUG org.asynchttpclient.netty.request.NettyRequestSender - Using open Channel [id: 0xe92133be, L:/127.0.0.1:61613 - R:localhost/127.0.0.1:57773] for POST '/session/bc854607942dfbab35e417489e35434d/window'
10:08:50.353 [AsyncHttpClient-1-10] DEBUG org.asynchttpclient.netty.handler.HttpHandler - 

Request DefaultHttpRequest(decodeResult: success, version: HTTP/1.1)
POST /session/bc854607942dfbab35e417489e35434d/window HTTP/1.1
User-Agent: selenium/4.4.0 (java windows)
Content-Length: 59
Content-Type: application/json; charset=utf-8
host: localhost:57773
accept: */*

Response DefaultHttpResponse(decodeResult: success, version: HTTP/1.1)
HTTP/1.1 200 OK
Content-Type: application/json; charset=utf-8
cache-control: no-cache
content-length: 14

10:08:50.353 [AsyncHttpClient-1-10] DEBUG org.asynchttpclient.netty.channel.ChannelManager - Adding key: http://localhost:57773 for channel [id: 0xe92133be, L:/127.0.0.1:61613 - R:localhost/127.0.0.1:57773]
10:08:50.353 [Forwarding getCurrentUrl on session bc854607942dfbab35e417489e35434d to remote] DEBUG org.asynchttpclient.netty.request.NettyRequestSender - Using pooled Channel '[id: 0xe92133be, L:/127.0.0.1:61613 - R:localhost/127.0.0.1:57773]' for 'GET' to 'http://localhost:57773/session/bc854607942dfbab35e417489e35434d/url'
10:08:50.353 [Forwarding getCurrentUrl on session bc854607942dfbab35e417489e35434d to remote] DEBUG org.asynchttpclient.netty.request.NettyRequestSender - Using open Channel [id: 0xe92133be, L:/127.0.0.1:61613 - R:localhost/127.0.0.1:57773] for GET '/session/bc854607942dfbab35e417489e35434d/url'
10:08:50.357 [AsyncHttpClient-1-10] DEBUG org.asynchttpclient.netty.handler.HttpHandler - 

Request DefaultFullHttpRequest(decodeResult: success, version: HTTP/1.1, content: EmptyByteBufBE)
GET /session/bc854607942dfbab35e417489e35434d/url HTTP/1.1
User-Agent: selenium/4.4.0 (java windows)
Cache-Control: no-cache
Content-Type: application/json; charset=utf-8
host: localhost:57773
accept: */*

Response DefaultHttpResponse(decodeResult: success, version: HTTP/1.1)
HTTP/1.1 200 OK
Content-Type: application/json; charset=utf-8
cache-control: no-cache
content-length: 52

10:08:50.357 [AsyncHttpClient-1-10] DEBUG org.asynchttpclient.netty.channel.ChannelManager - Adding key: http://localhost:57773 for channel [id: 0xe92133be, L:/127.0.0.1:61613 - R:localhost/127.0.0.1:57773]
10:08:50.358 [Forwarding screenshot on session bc854607942dfbab35e417489e35434d to remote] DEBUG org.asynchttpclient.netty.request.NettyRequestSender - Using pooled Channel '[id: 0xe92133be, L:/127.0.0.1:61613 - R:localhost/127.0.0.1:57773]' for 'GET' to 'http://localhost:57773/session/bc854607942dfbab35e417489e35434d/screenshot'
10:08:50.358 [Forwarding screenshot on session bc854607942dfbab35e417489e35434d to remote] DEBUG org.asynchttpclient.netty.request.NettyRequestSender - Using open Channel [id: 0xe92133be, L:/127.0.0.1:61613 - R:localhost/127.0.0.1:57773] for GET '/session/bc854607942dfbab35e417489e35434d/screenshot'
10:08:50.461 [AsyncHttpClient-1-10] DEBUG org.asynchttpclient.netty.handler.HttpHandler - 

Request DefaultFullHttpRequest(decodeResult: success, version: HTTP/1.1, content: EmptyByteBufBE)
GET /session/bc854607942dfbab35e417489e35434d/screenshot HTTP/1.1
User-Agent: selenium/4.4.0 (java windows)
Cache-Control: no-cache
Content-Type: application/json; charset=utf-8
host: localhost:57773
accept: */*

Response DefaultHttpResponse(decodeResult: success, version: HTTP/1.1)
HTTP/1.1 200 OK
Content-Type: application/json; charset=utf-8
cache-control: no-cache
content-length: 316072

10:08:50.461 [AsyncHttpClient-1-10] DEBUG org.asynchttpclient.netty.channel.ChannelManager - Adding key: http://localhost:57773 for channel [id: 0xe92133be, L:/127.0.0.1:61613 - R:localhost/127.0.0.1:57773]
10:08:50.468 [Test worker] DEBUG net.serenitybdd.core.photography.Darkroom - Send negative for processing for C:\Users\juan.gomezv\IdeaProjects\sura\target\site\serenity\e44069ae212a02c6322b8bddc355adc221270edded46bd42546211af4a56801c.png
10:08:50.472 [Forwarding getPageSource on session bc854607942dfbab35e417489e35434d to remote] DEBUG org.asynchttpclient.netty.request.NettyRequestSender - Using pooled Channel '[id: 0xe92133be, L:/127.0.0.1:61613 - R:localhost/127.0.0.1:57773]' for 'POST' to 'http://localhost:57773/session/bc854607942dfbab35e417489e35434d/execute/sync'
10:08:50.472 [Forwarding getPageSource on session bc854607942dfbab35e417489e35434d to remote] DEBUG org.asynchttpclient.netty.request.NettyRequestSender - Using open Channel [id: 0xe92133be, L:/127.0.0.1:61613 - R:localhost/127.0.0.1:57773] for POST '/session/bc854607942dfbab35e417489e35434d/execute/sync'
10:08:50.477 [AsyncHttpClient-1-10] DEBUG org.asynchttpclient.netty.handler.HttpHandler - 

Request DefaultHttpRequest(decodeResult: success, version: HTTP/1.1)
POST /session/bc854607942dfbab35e417489e35434d/execute/sync HTTP/1.1
User-Agent: selenium/4.4.0 (java windows)
Content-Length: 176
Content-Type: application/json; charset=utf-8
host: localhost:57773
accept: */*

Response DefaultHttpResponse(decodeResult: success, version: HTTP/1.1)
HTTP/1.1 200 OK
Content-Type: application/json; charset=utf-8
cache-control: no-cache
content-length: 15254

10:08:50.477 [AsyncHttpClient-1-10] DEBUG org.asynchttpclient.netty.channel.ChannelManager - Adding key: http://localhost:57773 for channel [id: 0xe92133be, L:/127.0.0.1:61613 - R:localhost/127.0.0.1:57773]
10:08:50.478 [Forwarding getCurrentUrl on session bc854607942dfbab35e417489e35434d to remote] DEBUG org.asynchttpclient.netty.request.NettyRequestSender - Using pooled Channel '[id: 0xe92133be, L:/127.0.0.1:61613 - R:localhost/127.0.0.1:57773]' for 'GET' to 'http://localhost:57773/session/bc854607942dfbab35e417489e35434d/url'
10:08:50.478 [Forwarding getCurrentUrl on session bc854607942dfbab35e417489e35434d to remote] DEBUG org.asynchttpclient.netty.request.NettyRequestSender - Using open Channel [id: 0xe92133be, L:/127.0.0.1:61613 - R:localhost/127.0.0.1:57773] for GET '/session/bc854607942dfbab35e417489e35434d/url'
10:08:50.481 [AsyncHttpClient-1-10] DEBUG org.asynchttpclient.netty.handler.HttpHandler - 

Request DefaultFullHttpRequest(decodeResult: success, version: HTTP/1.1, content: EmptyByteBufBE)
GET /session/bc854607942dfbab35e417489e35434d/url HTTP/1.1
User-Agent: selenium/4.4.0 (java windows)
Cache-Control: no-cache
Content-Type: application/json; charset=utf-8
host: localhost:57773
accept: */*

Response DefaultHttpResponse(decodeResult: success, version: HTTP/1.1)
HTTP/1.1 200 OK
Content-Type: application/json; charset=utf-8
cache-control: no-cache
content-length: 52

10:08:50.481 [AsyncHttpClient-1-10] DEBUG org.asynchttpclient.netty.channel.ChannelManager - Adding key: http://localhost:57773 for channel [id: 0xe92133be, L:/127.0.0.1:61613 - R:localhost/127.0.0.1:57773]
10:08:50.482 [Test worker] DEBUG net.thucydides.core.steps.StepInterceptor - STARTING STEP: Purchase.performAs - performAs
10:08:50.486 [Forwarding findElements on session bc854607942dfbab35e417489e35434d to remote] DEBUG org.asynchttpclient.netty.request.NettyRequestSender - Using pooled Channel '[id: 0xe92133be, L:/127.0.0.1:61613 - R:localhost/127.0.0.1:57773]' for 'POST' to 'http://localhost:57773/session/bc854607942dfbab35e417489e35434d/elements'
10:08:50.486 [Forwarding findElements on session bc854607942dfbab35e417489e35434d to remote] DEBUG org.asynchttpclient.netty.request.NettyRequestSender - Using open Channel [id: 0xe92133be, L:/127.0.0.1:61613 - R:localhost/127.0.0.1:57773] for POST '/session/bc854607942dfbab35e417489e35434d/elements'
10:08:50.494 [AsyncHttpClient-1-10] DEBUG org.asynchttpclient.netty.handler.HttpHandler - 

Request DefaultHttpRequest(decodeResult: success, version: HTTP/1.1)
POST /session/bc854607942dfbab35e417489e35434d/elements HTTP/1.1
User-Agent: selenium/4.4.0 (java windows)
Content-Length: 92
Content-Type: application/json; charset=utf-8
host: localhost:57773
accept: */*

Response DefaultHttpResponse(decodeResult: success, version: HTTP/1.1)
HTTP/1.1 200 OK
Content-Type: application/json; charset=utf-8
cache-control: no-cache
content-length: 485

10:08:50.494 [AsyncHttpClient-1-10] DEBUG org.asynchttpclient.netty.channel.ChannelManager - Adding key: http://localhost:57773 for channel [id: 0xe92133be, L:/127.0.0.1:61613 - R:localhost/127.0.0.1:57773]
10:08:50.504 [AsyncHttpClient-1-1] DEBUG org.asynchttpclient.netty.channel.DefaultChannelPool - Entry count for : http://localhost:57773 : 1
10:08:50.504 [AsyncHttpClient-1-1] DEBUG org.asynchttpclient.netty.channel.DefaultChannelPool - Entry count for : http://localhost:61614 : 1
10:08:50.514 [Forwarding getPageSource on session bc854607942dfbab35e417489e35434d to remote] DEBUG org.asynchttpclient.netty.request.NettyRequestSender - Using pooled Channel '[id: 0xe92133be, L:/127.0.0.1:61613 - R:localhost/127.0.0.1:57773]' for 'POST' to 'http://localhost:57773/session/bc854607942dfbab35e417489e35434d/execute/sync'
10:08:50.514 [Forwarding getPageSource on session bc854607942dfbab35e417489e35434d to remote] DEBUG org.asynchttpclient.netty.request.NettyRequestSender - Using open Channel [id: 0xe92133be, L:/127.0.0.1:61613 - R:localhost/127.0.0.1:57773] for POST '/session/bc854607942dfbab35e417489e35434d/execute/sync'
10:08:50.520 [AsyncHttpClient-1-10] DEBUG org.asynchttpclient.netty.handler.HttpHandler - 

Request DefaultHttpRequest(decodeResult: success, version: HTTP/1.1)
POST /session/bc854607942dfbab35e417489e35434d/execute/sync HTTP/1.1
User-Agent: selenium/4.4.0 (java windows)
Content-Length: 176
Content-Type: application/json; charset=utf-8
host: localhost:57773
accept: */*

Response DefaultHttpResponse(decodeResult: success, version: HTTP/1.1)
HTTP/1.1 200 OK
Content-Type: application/json; charset=utf-8
cache-control: no-cache
content-length: 15270

10:08:50.520 [AsyncHttpClient-1-10] DEBUG org.asynchttpclient.netty.channel.ChannelManager - Adding key: http://localhost:57773 for channel [id: 0xe92133be, L:/127.0.0.1:61613 - R:localhost/127.0.0.1:57773]
10:08:50.522 [Forwarding getCurrentUrl on session bc854607942dfbab35e417489e35434d to remote] DEBUG org.asynchttpclient.netty.request.NettyRequestSender - Using pooled Channel '[id: 0xe92133be, L:/127.0.0.1:61613 - R:localhost/127.0.0.1:57773]' for 'GET' to 'http://localhost:57773/session/bc854607942dfbab35e417489e35434d/url'
10:08:50.522 [Forwarding getCurrentUrl on session bc854607942dfbab35e417489e35434d to remote] DEBUG org.asynchttpclient.netty.request.NettyRequestSender - Using open Channel [id: 0xe92133be, L:/127.0.0.1:61613 - R:localhost/127.0.0.1:57773] for GET '/session/bc854607942dfbab35e417489e35434d/url'
10:08:50.525 [AsyncHttpClient-1-10] DEBUG org.asynchttpclient.netty.handler.HttpHandler - 

Request DefaultFullHttpRequest(decodeResult: success, version: HTTP/1.1, content: EmptyByteBufBE)
GET /session/bc854607942dfbab35e417489e35434d/url HTTP/1.1
User-Agent: selenium/4.4.0 (java windows)
Cache-Control: no-cache
Content-Type: application/json; charset=utf-8
host: localhost:57773
accept: */*

Response DefaultHttpResponse(decodeResult: success, version: HTTP/1.1)
HTTP/1.1 200 OK
Content-Type: application/json; charset=utf-8
cache-control: no-cache
content-length: 52

10:08:50.525 [AsyncHttpClient-1-10] DEBUG org.asynchttpclient.netty.channel.ChannelManager - Adding key: http://localhost:57773 for channel [id: 0xe92133be, L:/127.0.0.1:61613 - R:localhost/127.0.0.1:57773]
10:08:50.527 [Test worker] DEBUG net.thucydides.core.steps.StepInterceptor - STARTING STEP: AddOrRemoveFromCart.performAs - {0} clicks on #element
10:08:50.545 [Forwarding isElementDisplayed on session bc854607942dfbab35e417489e35434d to remote] DEBUG org.asynchttpclient.netty.request.NettyRequestSender - Using pooled Channel '[id: 0xe92133be, L:/127.0.0.1:61613 - R:localhost/127.0.0.1:57773]' for 'POST' to 'http://localhost:57773/session/bc854607942dfbab35e417489e35434d/execute/sync'
10:08:50.545 [Forwarding isElementDisplayed on session bc854607942dfbab35e417489e35434d to remote] DEBUG org.asynchttpclient.netty.request.NettyRequestSender - Using open Channel [id: 0xe92133be, L:/127.0.0.1:61613 - R:localhost/127.0.0.1:57773] for POST '/session/bc854607942dfbab35e417489e35434d/execute/sync'
10:08:50.557 [AsyncHttpClient-1-10] DEBUG org.asynchttpclient.netty.handler.HttpHandler - 

Request DefaultHttpRequest(decodeResult: success, version: HTTP/1.1)
POST /session/bc854607942dfbab35e417489e35434d/execute/sync HTTP/1.1
User-Agent: selenium/4.4.0 (java windows)
Content-Length: 48780
Content-Type: application/json; charset=utf-8
host: localhost:57773
accept: */*

Response DefaultHttpResponse(decodeResult: success, version: HTTP/1.1)
HTTP/1.1 200 OK
Content-Type: application/json; charset=utf-8
cache-control: no-cache
content-length: 14

10:08:50.557 [AsyncHttpClient-1-10] DEBUG org.asynchttpclient.netty.channel.ChannelManager - Adding key: http://localhost:57773 for channel [id: 0xe92133be, L:/127.0.0.1:61613 - R:localhost/127.0.0.1:57773]
10:08:50.561 [Forwarding clickElement on session bc854607942dfbab35e417489e35434d to remote] DEBUG org.asynchttpclient.netty.request.NettyRequestSender - Using pooled Channel '[id: 0xe92133be, L:/127.0.0.1:61613 - R:localhost/127.0.0.1:57773]' for 'POST' to 'http://localhost:57773/session/bc854607942dfbab35e417489e35434d/element/3bbf2ad9-36e2-46aa-83ba-f959895d5a16/click'
10:08:50.561 [Forwarding clickElement on session bc854607942dfbab35e417489e35434d to remote] DEBUG org.asynchttpclient.netty.request.NettyRequestSender - Using open Channel [id: 0xe92133be, L:/127.0.0.1:61613 - R:localhost/127.0.0.1:57773] for POST '/session/bc854607942dfbab35e417489e35434d/element/3bbf2ad9-36e2-46aa-83ba-f959895d5a16/click'
10:08:50.587 [AsyncHttpClient-1-10] DEBUG org.asynchttpclient.netty.handler.HttpHandler - 

Request DefaultHttpRequest(decodeResult: success, version: HTTP/1.1)
POST /session/bc854607942dfbab35e417489e35434d/element/3bbf2ad9-36e2-46aa-83ba-f959895d5a16/click HTTP/1.1
User-Agent: selenium/4.4.0 (java windows)
Content-Length: 50
Content-Type: application/json; charset=utf-8
host: localhost:57773
accept: */*

Response DefaultHttpResponse(decodeResult: success, version: HTTP/1.1)
HTTP/1.1 200 OK
Content-Type: application/json; charset=utf-8
cache-control: no-cache
content-length: 14

10:08:50.587 [AsyncHttpClient-1-10] DEBUG org.asynchttpclient.netty.channel.ChannelManager - Adding key: http://localhost:57773 for channel [id: 0xe92133be, L:/127.0.0.1:61613 - R:localhost/127.0.0.1:57773]
10:08:50.600 [Forwarding getCurrentWindowHandle on session bc854607942dfbab35e417489e35434d to remote] DEBUG org.asynchttpclient.netty.request.NettyRequestSender - Using pooled Channel '[id: 0xe92133be, L:/127.0.0.1:61613 - R:localhost/127.0.0.1:57773]' for 'GET' to 'http://localhost:57773/session/bc854607942dfbab35e417489e35434d/window'
10:08:50.600 [Forwarding getCurrentWindowHandle on session bc854607942dfbab35e417489e35434d to remote] DEBUG org.asynchttpclient.netty.request.NettyRequestSender - Using open Channel [id: 0xe92133be, L:/127.0.0.1:61613 - R:localhost/127.0.0.1:57773] for GET '/session/bc854607942dfbab35e417489e35434d/window'
10:08:50.601 [AsyncHttpClient-1-10] DEBUG org.asynchttpclient.netty.handler.HttpHandler - 

Request DefaultFullHttpRequest(decodeResult: success, version: HTTP/1.1, content: EmptyByteBufBE)
GET /session/bc854607942dfbab35e417489e35434d/window HTTP/1.1
User-Agent: selenium/4.4.0 (java windows)
Cache-Control: no-cache
Content-Type: application/json; charset=utf-8
host: localhost:57773
accept: */*

Response DefaultHttpResponse(decodeResult: success, version: HTTP/1.1)
HTTP/1.1 200 OK
Content-Type: application/json; charset=utf-8
cache-control: no-cache
content-length: 53

10:08:50.601 [AsyncHttpClient-1-10] DEBUG org.asynchttpclient.netty.channel.ChannelManager - Adding key: http://localhost:57773 for channel [id: 0xe92133be, L:/127.0.0.1:61613 - R:localhost/127.0.0.1:57773]
10:08:50.604 [Forwarding getAlertText on session bc854607942dfbab35e417489e35434d to remote] DEBUG org.asynchttpclient.netty.request.NettyRequestSender - Using pooled Channel '[id: 0xe92133be, L:/127.0.0.1:61613 - R:localhost/127.0.0.1:57773]' for 'GET' to 'http://localhost:57773/session/bc854607942dfbab35e417489e35434d/alert/text'
10:08:50.605 [Forwarding getAlertText on session bc854607942dfbab35e417489e35434d to remote] DEBUG org.asynchttpclient.netty.request.NettyRequestSender - Using open Channel [id: 0xe92133be, L:/127.0.0.1:61613 - R:localhost/127.0.0.1:57773] for GET '/session/bc854607942dfbab35e417489e35434d/alert/text'
10:08:50.607 [AsyncHttpClient-1-10] DEBUG org.asynchttpclient.netty.handler.HttpHandler - 

Request DefaultFullHttpRequest(decodeResult: success, version: HTTP/1.1, content: EmptyByteBufBE)
GET /session/bc854607942dfbab35e417489e35434d/alert/text HTTP/1.1
User-Agent: selenium/4.4.0 (java windows)
Cache-Control: no-cache
Content-Type: application/json; charset=utf-8
host: localhost:57773
accept: */*

Response DefaultHttpResponse(decodeResult: success, version: HTTP/1.1)
HTTP/1.1 404 Not Found
Content-Type: application/json; charset=utf-8
cache-control: no-cache
content-length: 879

10:08:50.607 [AsyncHttpClient-1-10] DEBUG org.asynchttpclient.netty.channel.ChannelManager - Adding key: http://localhost:57773 for channel [id: 0xe92133be, L:/127.0.0.1:61613 - R:localhost/127.0.0.1:57773]
10:08:50.610 [Forwarding switchToWindow on session bc854607942dfbab35e417489e35434d to remote] DEBUG org.asynchttpclient.netty.request.NettyRequestSender - Using pooled Channel '[id: 0xe92133be, L:/127.0.0.1:61613 - R:localhost/127.0.0.1:57773]' for 'POST' to 'http://localhost:57773/session/bc854607942dfbab35e417489e35434d/window'
10:08:50.610 [Forwarding switchToWindow on session bc854607942dfbab35e417489e35434d to remote] DEBUG org.asynchttpclient.netty.request.NettyRequestSender - Using open Channel [id: 0xe92133be, L:/127.0.0.1:61613 - R:localhost/127.0.0.1:57773] for POST '/session/bc854607942dfbab35e417489e35434d/window'
10:08:50.613 [AsyncHttpClient-1-10] DEBUG org.asynchttpclient.netty.handler.HttpHandler - 

Request DefaultHttpRequest(decodeResult: success, version: HTTP/1.1)
POST /session/bc854607942dfbab35e417489e35434d/window HTTP/1.1
User-Agent: selenium/4.4.0 (java windows)
Content-Length: 59
Content-Type: application/json; charset=utf-8
host: localhost:57773
accept: */*

Response DefaultHttpResponse(decodeResult: success, version: HTTP/1.1)
HTTP/1.1 200 OK
Content-Type: application/json; charset=utf-8
cache-control: no-cache
content-length: 14

10:08:50.613 [AsyncHttpClient-1-10] DEBUG org.asynchttpclient.netty.channel.ChannelManager - Adding key: http://localhost:57773 for channel [id: 0xe92133be, L:/127.0.0.1:61613 - R:localhost/127.0.0.1:57773]
10:08:50.613 [Forwarding getCurrentUrl on session bc854607942dfbab35e417489e35434d to remote] DEBUG org.asynchttpclient.netty.request.NettyRequestSender - Using pooled Channel '[id: 0xe92133be, L:/127.0.0.1:61613 - R:localhost/127.0.0.1:57773]' for 'GET' to 'http://localhost:57773/session/bc854607942dfbab35e417489e35434d/url'
10:08:50.613 [Forwarding getCurrentUrl on session bc854607942dfbab35e417489e35434d to remote] DEBUG org.asynchttpclient.netty.request.NettyRequestSender - Using open Channel [id: 0xe92133be, L:/127.0.0.1:61613 - R:localhost/127.0.0.1:57773] for GET '/session/bc854607942dfbab35e417489e35434d/url'
10:08:50.617 [AsyncHttpClient-1-10] DEBUG org.asynchttpclient.netty.handler.HttpHandler - 

Request DefaultFullHttpRequest(decodeResult: success, version: HTTP/1.1, content: EmptyByteBufBE)
GET /session/bc854607942dfbab35e417489e35434d/url HTTP/1.1
User-Agent: selenium/4.4.0 (java windows)
Cache-Control: no-cache
Content-Type: application/json; charset=utf-8
host: localhost:57773
accept: */*

Response DefaultHttpResponse(decodeResult: success, version: HTTP/1.1)
HTTP/1.1 200 OK
Content-Type: application/json; charset=utf-8
cache-control: no-cache
content-length: 52

10:08:50.617 [AsyncHttpClient-1-10] DEBUG org.asynchttpclient.netty.channel.ChannelManager - Adding key: http://localhost:57773 for channel [id: 0xe92133be, L:/127.0.0.1:61613 - R:localhost/127.0.0.1:57773]
10:08:50.617 [Forwarding screenshot on session bc854607942dfbab35e417489e35434d to remote] DEBUG org.asynchttpclient.netty.request.NettyRequestSender - Using pooled Channel '[id: 0xe92133be, L:/127.0.0.1:61613 - R:localhost/127.0.0.1:57773]' for 'GET' to 'http://localhost:57773/session/bc854607942dfbab35e417489e35434d/screenshot'
10:08:50.618 [Forwarding screenshot on session bc854607942dfbab35e417489e35434d to remote] DEBUG org.asynchttpclient.netty.request.NettyRequestSender - Using open Channel [id: 0xe92133be, L:/127.0.0.1:61613 - R:localhost/127.0.0.1:57773] for GET '/session/bc854607942dfbab35e417489e35434d/screenshot'
10:08:50.725 [AsyncHttpClient-1-10] DEBUG org.asynchttpclient.netty.handler.HttpHandler - 

Request DefaultFullHttpRequest(decodeResult: success, version: HTTP/1.1, content: EmptyByteBufBE)
GET /session/bc854607942dfbab35e417489e35434d/screenshot HTTP/1.1
User-Agent: selenium/4.4.0 (java windows)
Cache-Control: no-cache
Content-Type: application/json; charset=utf-8
host: localhost:57773
accept: */*

Response DefaultHttpResponse(decodeResult: success, version: HTTP/1.1)
HTTP/1.1 200 OK
Content-Type: application/json; charset=utf-8
cache-control: no-cache
content-length: 316892

10:08:50.725 [AsyncHttpClient-1-10] DEBUG org.asynchttpclient.netty.channel.ChannelManager - Adding key: http://localhost:57773 for channel [id: 0xe92133be, L:/127.0.0.1:61613 - R:localhost/127.0.0.1:57773]
10:08:50.732 [Test worker] DEBUG net.serenitybdd.core.photography.Darkroom - Send negative for processing for C:\Users\juan.gomezv\IdeaProjects\sura\target\site\serenity\783a8390056e07a7db435fbc31a3d25038a0dd02f13e1964bb9ed6c42fdcfbee.png
10:08:50.732 [Test worker] DEBUG net.thucydides.core.steps.StepInterceptor - STEP DONE: {0} clicks on #element
10:08:50.739 [Test worker] DEBUG net.thucydides.core.steps.StepInterceptor - STEP DONE: performAs
10:08:50.746 [Test worker] DEBUG net.thucydides.core.steps.StepInterceptor - STEP DONE: performAs
  ?[32mCuando ?[0m?[32m?[0m?[32m?[1mAna?[0m?[32m hace click en el boton del ?[0m?[32m?[1m1?[0m?[32m articulo?[0m                                 ?[90m# sura.stepDefinitions.PurchaseSteps.haceClickEnElBotonDelArticulo(net.serenitybdd.screenplay.Actor,java.lang.Integer)?[0m
10:08:50.758 [Forwarding getPageSource on session bc854607942dfbab35e417489e35434d to remote] DEBUG org.asynchttpclient.netty.request.NettyRequestSender - Using pooled Channel '[id: 0xe92133be, L:/127.0.0.1:61613 - R:localhost/127.0.0.1:57773]' for 'POST' to 'http://localhost:57773/session/bc854607942dfbab35e417489e35434d/execute/sync'
10:08:50.758 [Forwarding getPageSource on session bc854607942dfbab35e417489e35434d to remote] DEBUG org.asynchttpclient.netty.request.NettyRequestSender - Using open Channel [id: 0xe92133be, L:/127.0.0.1:61613 - R:localhost/127.0.0.1:57773] for POST '/session/bc854607942dfbab35e417489e35434d/execute/sync'
10:08:50.763 [AsyncHttpClient-1-10] DEBUG org.asynchttpclient.netty.handler.HttpHandler - 

Request DefaultHttpRequest(decodeResult: success, version: HTTP/1.1)
POST /session/bc854607942dfbab35e417489e35434d/execute/sync HTTP/1.1
User-Agent: selenium/4.4.0 (java windows)
Content-Length: 176
Content-Type: application/json; charset=utf-8
host: localhost:57773
accept: */*

Response DefaultHttpResponse(decodeResult: success, version: HTTP/1.1)
HTTP/1.1 200 OK
Content-Type: application/json; charset=utf-8
cache-control: no-cache
content-length: 15306

10:08:50.763 [AsyncHttpClient-1-10] DEBUG org.asynchttpclient.netty.channel.ChannelManager - Adding key: http://localhost:57773 for channel [id: 0xe92133be, L:/127.0.0.1:61613 - R:localhost/127.0.0.1:57773]
10:08:50.765 [Forwarding getCurrentUrl on session bc854607942dfbab35e417489e35434d to remote] DEBUG org.asynchttpclient.netty.request.NettyRequestSender - Using pooled Channel '[id: 0xe92133be, L:/127.0.0.1:61613 - R:localhost/127.0.0.1:57773]' for 'GET' to 'http://localhost:57773/session/bc854607942dfbab35e417489e35434d/url'
10:08:50.765 [Forwarding getCurrentUrl on session bc854607942dfbab35e417489e35434d to remote] DEBUG org.asynchttpclient.netty.request.NettyRequestSender - Using open Channel [id: 0xe92133be, L:/127.0.0.1:61613 - R:localhost/127.0.0.1:57773] for GET '/session/bc854607942dfbab35e417489e35434d/url'
10:08:50.769 [AsyncHttpClient-1-10] DEBUG org.asynchttpclient.netty.handler.HttpHandler - 

Request DefaultFullHttpRequest(decodeResult: success, version: HTTP/1.1, content: EmptyByteBufBE)
GET /session/bc854607942dfbab35e417489e35434d/url HTTP/1.1
User-Agent: selenium/4.4.0 (java windows)
Cache-Control: no-cache
Content-Type: application/json; charset=utf-8
host: localhost:57773
accept: */*

Response DefaultHttpResponse(decodeResult: success, version: HTTP/1.1)
HTTP/1.1 200 OK
Content-Type: application/json; charset=utf-8
cache-control: no-cache
content-length: 52

10:08:50.769 [AsyncHttpClient-1-10] DEBUG org.asynchttpclient.netty.channel.ChannelManager - Adding key: http://localhost:57773 for channel [id: 0xe92133be, L:/127.0.0.1:61613 - R:localhost/127.0.0.1:57773]
10:08:50.778 [Forwarding getPageSource on session bc854607942dfbab35e417489e35434d to remote] DEBUG org.asynchttpclient.netty.request.NettyRequestSender - Using pooled Channel '[id: 0xe92133be, L:/127.0.0.1:61613 - R:localhost/127.0.0.1:57773]' for 'POST' to 'http://localhost:57773/session/bc854607942dfbab35e417489e35434d/execute/sync'
10:08:50.778 [Forwarding getPageSource on session bc854607942dfbab35e417489e35434d to remote] DEBUG org.asynchttpclient.netty.request.NettyRequestSender - Using open Channel [id: 0xe92133be, L:/127.0.0.1:61613 - R:localhost/127.0.0.1:57773] for POST '/session/bc854607942dfbab35e417489e35434d/execute/sync'
10:08:50.784 [AsyncHttpClient-1-10] DEBUG org.asynchttpclient.netty.handler.HttpHandler - 

Request DefaultHttpRequest(decodeResult: success, version: HTTP/1.1)
POST /session/bc854607942dfbab35e417489e35434d/execute/sync HTTP/1.1
User-Agent: selenium/4.4.0 (java windows)
Content-Length: 176
Content-Type: application/json; charset=utf-8
host: localhost:57773
accept: */*

Response DefaultHttpResponse(decodeResult: success, version: HTTP/1.1)
HTTP/1.1 200 OK
Content-Type: application/json; charset=utf-8
cache-control: no-cache
content-length: 15306

10:08:50.784 [AsyncHttpClient-1-10] DEBUG org.asynchttpclient.netty.channel.ChannelManager - Adding key: http://localhost:57773 for channel [id: 0xe92133be, L:/127.0.0.1:61613 - R:localhost/127.0.0.1:57773]
10:08:50.786 [Forwarding getCurrentUrl on session bc854607942dfbab35e417489e35434d to remote] DEBUG org.asynchttpclient.netty.request.NettyRequestSender - Using pooled Channel '[id: 0xe92133be, L:/127.0.0.1:61613 - R:localhost/127.0.0.1:57773]' for 'GET' to 'http://localhost:57773/session/bc854607942dfbab35e417489e35434d/url'
10:08:50.786 [Forwarding getCurrentUrl on session bc854607942dfbab35e417489e35434d to remote] DEBUG org.asynchttpclient.netty.request.NettyRequestSender - Using open Channel [id: 0xe92133be, L:/127.0.0.1:61613 - R:localhost/127.0.0.1:57773] for GET '/session/bc854607942dfbab35e417489e35434d/url'
10:08:50.790 [AsyncHttpClient-1-10] DEBUG org.asynchttpclient.netty.handler.HttpHandler - 

Request DefaultFullHttpRequest(decodeResult: success, version: HTTP/1.1, content: EmptyByteBufBE)
GET /session/bc854607942dfbab35e417489e35434d/url HTTP/1.1
User-Agent: selenium/4.4.0 (java windows)
Cache-Control: no-cache
Content-Type: application/json; charset=utf-8
host: localhost:57773
accept: */*

Response DefaultHttpResponse(decodeResult: success, version: HTTP/1.1)
HTTP/1.1 200 OK
Content-Type: application/json; charset=utf-8
cache-control: no-cache
content-length: 52

10:08:50.791 [AsyncHttpClient-1-10] DEBUG org.asynchttpclient.netty.channel.ChannelManager - Adding key: http://localhost:57773 for channel [id: 0xe92133be, L:/127.0.0.1:61613 - R:localhost/127.0.0.1:57773]
10:08:50.792 [Test worker] DEBUG net.thucydides.core.steps.StepInterceptor - STARTING STEP: PurchaseSteps.haceClickEnElBotonDelArticulo - performAs
10:08:50.810 [Forwarding getCurrentWindowHandle on session bc854607942dfbab35e417489e35434d to remote] DEBUG org.asynchttpclient.netty.request.NettyRequestSender - Using pooled Channel '[id: 0xe92133be, L:/127.0.0.1:61613 - R:localhost/127.0.0.1:57773]' for 'GET' to 'http://localhost:57773/session/bc854607942dfbab35e417489e35434d/window'
10:08:50.810 [Forwarding getCurrentWindowHandle on session bc854607942dfbab35e417489e35434d to remote] DEBUG org.asynchttpclient.netty.request.NettyRequestSender - Using open Channel [id: 0xe92133be, L:/127.0.0.1:61613 - R:localhost/127.0.0.1:57773] for GET '/session/bc854607942dfbab35e417489e35434d/window'
10:08:50.811 [AsyncHttpClient-1-10] DEBUG org.asynchttpclient.netty.handler.HttpHandler - 

Request DefaultFullHttpRequest(decodeResult: success, version: HTTP/1.1, content: EmptyByteBufBE)
GET /session/bc854607942dfbab35e417489e35434d/window HTTP/1.1
User-Agent: selenium/4.4.0 (java windows)
Cache-Control: no-cache
Content-Type: application/json; charset=utf-8
host: localhost:57773
accept: */*

Response DefaultHttpResponse(decodeResult: success, version: HTTP/1.1)
HTTP/1.1 200 OK
Content-Type: application/json; charset=utf-8
cache-control: no-cache
content-length: 53

10:08:50.811 [AsyncHttpClient-1-10] DEBUG org.asynchttpclient.netty.channel.ChannelManager - Adding key: http://localhost:57773 for channel [id: 0xe92133be, L:/127.0.0.1:61613 - R:localhost/127.0.0.1:57773]
10:08:50.816 [Forwarding getAlertText on session bc854607942dfbab35e417489e35434d to remote] DEBUG org.asynchttpclient.netty.request.NettyRequestSender - Using pooled Channel '[id: 0xe92133be, L:/127.0.0.1:61613 - R:localhost/127.0.0.1:57773]' for 'GET' to 'http://localhost:57773/session/bc854607942dfbab35e417489e35434d/alert/text'
10:08:50.816 [Forwarding getAlertText on session bc854607942dfbab35e417489e35434d to remote] DEBUG org.asynchttpclient.netty.request.NettyRequestSender - Using open Channel [id: 0xe92133be, L:/127.0.0.1:61613 - R:localhost/127.0.0.1:57773] for GET '/session/bc854607942dfbab35e417489e35434d/alert/text'
10:08:50.819 [AsyncHttpClient-1-10] DEBUG org.asynchttpclient.netty.handler.HttpHandler - 

Request DefaultFullHttpRequest(decodeResult: success, version: HTTP/1.1, content: EmptyByteBufBE)
GET /session/bc854607942dfbab35e417489e35434d/alert/text HTTP/1.1
User-Agent: selenium/4.4.0 (java windows)
Cache-Control: no-cache
Content-Type: application/json; charset=utf-8
host: localhost:57773
accept: */*

Response DefaultHttpResponse(decodeResult: success, version: HTTP/1.1)
HTTP/1.1 404 Not Found
Content-Type: application/json; charset=utf-8
cache-control: no-cache
content-length: 879

10:08:50.819 [AsyncHttpClient-1-10] DEBUG org.asynchttpclient.netty.channel.ChannelManager - Adding key: http://localhost:57773 for channel [id: 0xe92133be, L:/127.0.0.1:61613 - R:localhost/127.0.0.1:57773]
10:08:50.825 [Forwarding switchToWindow on session bc854607942dfbab35e417489e35434d to remote] DEBUG org.asynchttpclient.netty.request.NettyRequestSender - Using pooled Channel '[id: 0xe92133be, L:/127.0.0.1:61613 - R:localhost/127.0.0.1:57773]' for 'POST' to 'http://localhost:57773/session/bc854607942dfbab35e417489e35434d/window'
10:08:50.825 [Forwarding switchToWindow on session bc854607942dfbab35e417489e35434d to remote] DEBUG org.asynchttpclient.netty.request.NettyRequestSender - Using open Channel [id: 0xe92133be, L:/127.0.0.1:61613 - R:localhost/127.0.0.1:57773] for POST '/session/bc854607942dfbab35e417489e35434d/window'
10:08:50.828 [AsyncHttpClient-1-10] DEBUG org.asynchttpclient.netty.handler.HttpHandler - 

Request DefaultHttpRequest(decodeResult: success, version: HTTP/1.1)
POST /session/bc854607942dfbab35e417489e35434d/window HTTP/1.1
User-Agent: selenium/4.4.0 (java windows)
Content-Length: 59
Content-Type: application/json; charset=utf-8
host: localhost:57773
accept: */*

Response DefaultHttpResponse(decodeResult: success, version: HTTP/1.1)
HTTP/1.1 200 OK
Content-Type: application/json; charset=utf-8
cache-control: no-cache
content-length: 14

10:08:50.828 [AsyncHttpClient-1-10] DEBUG org.asynchttpclient.netty.channel.ChannelManager - Adding key: http://localhost:57773 for channel [id: 0xe92133be, L:/127.0.0.1:61613 - R:localhost/127.0.0.1:57773]
10:08:50.829 [Forwarding getCurrentUrl on session bc854607942dfbab35e417489e35434d to remote] DEBUG org.asynchttpclient.netty.request.NettyRequestSender - Using pooled Channel '[id: 0xe92133be, L:/127.0.0.1:61613 - R:localhost/127.0.0.1:57773]' for 'GET' to 'http://localhost:57773/session/bc854607942dfbab35e417489e35434d/url'
10:08:50.829 [Forwarding getCurrentUrl on session bc854607942dfbab35e417489e35434d to remote] DEBUG org.asynchttpclient.netty.request.NettyRequestSender - Using open Channel [id: 0xe92133be, L:/127.0.0.1:61613 - R:localhost/127.0.0.1:57773] for GET '/session/bc854607942dfbab35e417489e35434d/url'
10:08:50.833 [AsyncHttpClient-1-10] DEBUG org.asynchttpclient.netty.handler.HttpHandler - 

Request DefaultFullHttpRequest(decodeResult: success, version: HTTP/1.1, content: EmptyByteBufBE)
GET /session/bc854607942dfbab35e417489e35434d/url HTTP/1.1
User-Agent: selenium/4.4.0 (java windows)
Cache-Control: no-cache
Content-Type: application/json; charset=utf-8
host: localhost:57773
accept: */*

Response DefaultHttpResponse(decodeResult: success, version: HTTP/1.1)
HTTP/1.1 200 OK
Content-Type: application/json; charset=utf-8
cache-control: no-cache
content-length: 52

10:08:50.833 [AsyncHttpClient-1-10] DEBUG org.asynchttpclient.netty.channel.ChannelManager - Adding key: http://localhost:57773 for channel [id: 0xe92133be, L:/127.0.0.1:61613 - R:localhost/127.0.0.1:57773]
10:08:50.834 [Forwarding screenshot on session bc854607942dfbab35e417489e35434d to remote] DEBUG org.asynchttpclient.netty.request.NettyRequestSender - Using pooled Channel '[id: 0xe92133be, L:/127.0.0.1:61613 - R:localhost/127.0.0.1:57773]' for 'GET' to 'http://localhost:57773/session/bc854607942dfbab35e417489e35434d/screenshot'
10:08:50.834 [Forwarding screenshot on session bc854607942dfbab35e417489e35434d to remote] DEBUG org.asynchttpclient.netty.request.NettyRequestSender - Using open Channel [id: 0xe92133be, L:/127.0.0.1:61613 - R:localhost/127.0.0.1:57773] for GET '/session/bc854607942dfbab35e417489e35434d/screenshot'
10:08:50.949 [AsyncHttpClient-1-10] DEBUG org.asynchttpclient.netty.handler.HttpHandler - 

Request DefaultFullHttpRequest(decodeResult: success, version: HTTP/1.1, content: EmptyByteBufBE)
GET /session/bc854607942dfbab35e417489e35434d/screenshot HTTP/1.1
User-Agent: selenium/4.4.0 (java windows)
Cache-Control: no-cache
Content-Type: application/json; charset=utf-8
host: localhost:57773
accept: */*

Response DefaultHttpResponse(decodeResult: success, version: HTTP/1.1)
HTTP/1.1 200 OK
Content-Type: application/json; charset=utf-8
cache-control: no-cache
content-length: 316892

10:08:50.950 [AsyncHttpClient-1-10] DEBUG org.asynchttpclient.netty.channel.ChannelManager - Adding key: http://localhost:57773 for channel [id: 0xe92133be, L:/127.0.0.1:61613 - R:localhost/127.0.0.1:57773]
10:08:50.954 [Test worker] DEBUG net.serenitybdd.core.photography.Darkroom - Send negative for processing for C:\Users\juan.gomezv\IdeaProjects\sura\target\site\serenity\783a8390056e07a7db435fbc31a3d25038a0dd02f13e1964bb9ed6c42fdcfbee.png
10:08:50.957 [Forwarding getPageSource on session bc854607942dfbab35e417489e35434d to remote] DEBUG org.asynchttpclient.netty.request.NettyRequestSender - Using pooled Channel '[id: 0xe92133be, L:/127.0.0.1:61613 - R:localhost/127.0.0.1:57773]' for 'POST' to 'http://localhost:57773/session/bc854607942dfbab35e417489e35434d/execute/sync'
10:08:50.957 [Forwarding getPageSource on session bc854607942dfbab35e417489e35434d to remote] DEBUG org.asynchttpclient.netty.request.NettyRequestSender - Using open Channel [id: 0xe92133be, L:/127.0.0.1:61613 - R:localhost/127.0.0.1:57773] for POST '/session/bc854607942dfbab35e417489e35434d/execute/sync'
10:08:50.960 [AsyncHttpClient-1-10] DEBUG org.asynchttpclient.netty.handler.HttpHandler - 

Request DefaultHttpRequest(decodeResult: success, version: HTTP/1.1)
POST /session/bc854607942dfbab35e417489e35434d/execute/sync HTTP/1.1
User-Agent: selenium/4.4.0 (java windows)
Content-Length: 176
Content-Type: application/json; charset=utf-8
host: localhost:57773
accept: */*

Response DefaultHttpResponse(decodeResult: success, version: HTTP/1.1)
HTTP/1.1 200 OK
Content-Type: application/json; charset=utf-8
cache-control: no-cache
content-length: 15306

10:08:50.960 [AsyncHttpClient-1-10] DEBUG org.asynchttpclient.netty.channel.ChannelManager - Adding key: http://localhost:57773 for channel [id: 0xe92133be, L:/127.0.0.1:61613 - R:localhost/127.0.0.1:57773]
10:08:50.962 [Forwarding getCurrentUrl on session bc854607942dfbab35e417489e35434d to remote] DEBUG org.asynchttpclient.netty.request.NettyRequestSender - Using pooled Channel '[id: 0xe92133be, L:/127.0.0.1:61613 - R:localhost/127.0.0.1:57773]' for 'GET' to 'http://localhost:57773/session/bc854607942dfbab35e417489e35434d/url'
10:08:50.962 [Forwarding getCurrentUrl on session bc854607942dfbab35e417489e35434d to remote] DEBUG org.asynchttpclient.netty.request.NettyRequestSender - Using open Channel [id: 0xe92133be, L:/127.0.0.1:61613 - R:localhost/127.0.0.1:57773] for GET '/session/bc854607942dfbab35e417489e35434d/url'
10:08:50.964 [AsyncHttpClient-1-10] DEBUG org.asynchttpclient.netty.handler.HttpHandler - 

Request DefaultFullHttpRequest(decodeResult: success, version: HTTP/1.1, content: EmptyByteBufBE)
GET /session/bc854607942dfbab35e417489e35434d/url HTTP/1.1
User-Agent: selenium/4.4.0 (java windows)
Cache-Control: no-cache
Content-Type: application/json; charset=utf-8
host: localhost:57773
accept: */*

Response DefaultHttpResponse(decodeResult: success, version: HTTP/1.1)
HTTP/1.1 200 OK
Content-Type: application/json; charset=utf-8
cache-control: no-cache
content-length: 52

10:08:50.964 [AsyncHttpClient-1-10] DEBUG org.asynchttpclient.netty.channel.ChannelManager - Adding key: http://localhost:57773 for channel [id: 0xe92133be, L:/127.0.0.1:61613 - R:localhost/127.0.0.1:57773]
10:08:50.965 [Test worker] DEBUG net.thucydides.core.steps.StepInterceptor - STARTING STEP: Purchase.performAs - performAs
10:08:50.968 [Forwarding findElements on session bc854607942dfbab35e417489e35434d to remote] DEBUG org.asynchttpclient.netty.request.NettyRequestSender - Using pooled Channel '[id: 0xe92133be, L:/127.0.0.1:61613 - R:localhost/127.0.0.1:57773]' for 'POST' to 'http://localhost:57773/session/bc854607942dfbab35e417489e35434d/elements'
10:08:50.968 [Forwarding findElements on session bc854607942dfbab35e417489e35434d to remote] DEBUG org.asynchttpclient.netty.request.NettyRequestSender - Using open Channel [id: 0xe92133be, L:/127.0.0.1:61613 - R:localhost/127.0.0.1:57773] for POST '/session/bc854607942dfbab35e417489e35434d/elements'
10:08:50.972 [AsyncHttpClient-1-10] DEBUG org.asynchttpclient.netty.handler.HttpHandler - 

Request DefaultHttpRequest(decodeResult: success, version: HTTP/1.1)
POST /session/bc854607942dfbab35e417489e35434d/elements HTTP/1.1
User-Agent: selenium/4.4.0 (java windows)
Content-Length: 92
Content-Type: application/json; charset=utf-8
host: localhost:57773
accept: */*

Response DefaultHttpResponse(decodeResult: success, version: HTTP/1.1)
HTTP/1.1 200 OK
Content-Type: application/json; charset=utf-8
cache-control: no-cache
content-length: 485

10:08:50.972 [AsyncHttpClient-1-10] DEBUG org.asynchttpclient.netty.channel.ChannelManager - Adding key: http://localhost:57773 for channel [id: 0xe92133be, L:/127.0.0.1:61613 - R:localhost/127.0.0.1:57773]
10:08:50.985 [Forwarding getPageSource on session bc854607942dfbab35e417489e35434d to remote] DEBUG org.asynchttpclient.netty.request.NettyRequestSender - Using pooled Channel '[id: 0xe92133be, L:/127.0.0.1:61613 - R:localhost/127.0.0.1:57773]' for 'POST' to 'http://localhost:57773/session/bc854607942dfbab35e417489e35434d/execute/sync'
10:08:50.985 [Forwarding getPageSource on session bc854607942dfbab35e417489e35434d to remote] DEBUG org.asynchttpclient.netty.request.NettyRequestSender - Using open Channel [id: 0xe92133be, L:/127.0.0.1:61613 - R:localhost/127.0.0.1:57773] for POST '/session/bc854607942dfbab35e417489e35434d/execute/sync'
10:08:50.988 [AsyncHttpClient-1-10] DEBUG org.asynchttpclient.netty.handler.HttpHandler - 

Request DefaultHttpRequest(decodeResult: success, version: HTTP/1.1)
POST /session/bc854607942dfbab35e417489e35434d/execute/sync HTTP/1.1
User-Agent: selenium/4.4.0 (java windows)
Content-Length: 176
Content-Type: application/json; charset=utf-8
host: localhost:57773
accept: */*

Response DefaultHttpResponse(decodeResult: success, version: HTTP/1.1)
HTTP/1.1 200 OK
Content-Type: application/json; charset=utf-8
cache-control: no-cache
content-length: 15306

10:08:50.988 [AsyncHttpClient-1-10] DEBUG org.asynchttpclient.netty.channel.ChannelManager - Adding key: http://localhost:57773 for channel [id: 0xe92133be, L:/127.0.0.1:61613 - R:localhost/127.0.0.1:57773]
10:08:50.990 [Forwarding getCurrentUrl on session bc854607942dfbab35e417489e35434d to remote] DEBUG org.asynchttpclient.netty.request.NettyRequestSender - Using pooled Channel '[id: 0xe92133be, L:/127.0.0.1:61613 - R:localhost/127.0.0.1:57773]' for 'GET' to 'http://localhost:57773/session/bc854607942dfbab35e417489e35434d/url'
10:08:50.990 [Forwarding getCurrentUrl on session bc854607942dfbab35e417489e35434d to remote] DEBUG org.asynchttpclient.netty.request.NettyRequestSender - Using open Channel [id: 0xe92133be, L:/127.0.0.1:61613 - R:localhost/127.0.0.1:57773] for GET '/session/bc854607942dfbab35e417489e35434d/url'
10:08:50.992 [AsyncHttpClient-1-10] DEBUG org.asynchttpclient.netty.handler.HttpHandler - 

Request DefaultFullHttpRequest(decodeResult: success, version: HTTP/1.1, content: EmptyByteBufBE)
GET /session/bc854607942dfbab35e417489e35434d/url HTTP/1.1
User-Agent: selenium/4.4.0 (java windows)
Cache-Control: no-cache
Content-Type: application/json; charset=utf-8
host: localhost:57773
accept: */*

Response DefaultHttpResponse(decodeResult: success, version: HTTP/1.1)
HTTP/1.1 200 OK
Content-Type: application/json; charset=utf-8
cache-control: no-cache
content-length: 52

10:08:50.993 [AsyncHttpClient-1-10] DEBUG org.asynchttpclient.netty.channel.ChannelManager - Adding key: http://localhost:57773 for channel [id: 0xe92133be, L:/127.0.0.1:61613 - R:localhost/127.0.0.1:57773]
10:08:50.994 [Test worker] DEBUG net.thucydides.core.steps.StepInterceptor - STARTING STEP: AddOrRemoveFromCart.performAs - {0} clicks on #element
10:08:51.020 [Forwarding isElementDisplayed on session bc854607942dfbab35e417489e35434d to remote] DEBUG org.asynchttpclient.netty.request.NettyRequestSender - Using pooled Channel '[id: 0xe92133be, L:/127.0.0.1:61613 - R:localhost/127.0.0.1:57773]' for 'POST' to 'http://localhost:57773/session/bc854607942dfbab35e417489e35434d/execute/sync'
10:08:51.020 [Forwarding isElementDisplayed on session bc854607942dfbab35e417489e35434d to remote] DEBUG org.asynchttpclient.netty.request.NettyRequestSender - Using open Channel [id: 0xe92133be, L:/127.0.0.1:61613 - R:localhost/127.0.0.1:57773] for POST '/session/bc854607942dfbab35e417489e35434d/execute/sync'
10:08:51.027 [AsyncHttpClient-1-10] DEBUG org.asynchttpclient.netty.handler.HttpHandler - 

Request DefaultHttpRequest(decodeResult: success, version: HTTP/1.1)
POST /session/bc854607942dfbab35e417489e35434d/execute/sync HTTP/1.1
User-Agent: selenium/4.4.0 (java windows)
Content-Length: 48780
Content-Type: application/json; charset=utf-8
host: localhost:57773
accept: */*

Response DefaultHttpResponse(decodeResult: success, version: HTTP/1.1)
HTTP/1.1 200 OK
Content-Type: application/json; charset=utf-8
cache-control: no-cache
content-length: 14

10:08:51.028 [AsyncHttpClient-1-10] DEBUG org.asynchttpclient.netty.channel.ChannelManager - Adding key: http://localhost:57773 for channel [id: 0xe92133be, L:/127.0.0.1:61613 - R:localhost/127.0.0.1:57773]
10:08:51.033 [Forwarding clickElement on session bc854607942dfbab35e417489e35434d to remote] DEBUG org.asynchttpclient.netty.request.NettyRequestSender - Using pooled Channel '[id: 0xe92133be, L:/127.0.0.1:61613 - R:localhost/127.0.0.1:57773]' for 'POST' to 'http://localhost:57773/session/bc854607942dfbab35e417489e35434d/element/d94ed147-771f-4c94-973e-a8db2399de1f/click'
10:08:51.033 [Forwarding clickElement on session bc854607942dfbab35e417489e35434d to remote] DEBUG org.asynchttpclient.netty.request.NettyRequestSender - Using open Channel [id: 0xe92133be, L:/127.0.0.1:61613 - R:localhost/127.0.0.1:57773] for POST '/session/bc854607942dfbab35e417489e35434d/element/d94ed147-771f-4c94-973e-a8db2399de1f/click'
10:08:51.058 [AsyncHttpClient-1-10] DEBUG org.asynchttpclient.netty.handler.HttpHandler - 

Request DefaultHttpRequest(decodeResult: success, version: HTTP/1.1)
POST /session/bc854607942dfbab35e417489e35434d/element/d94ed147-771f-4c94-973e-a8db2399de1f/click HTTP/1.1
User-Agent: selenium/4.4.0 (java windows)
Content-Length: 50
Content-Type: application/json; charset=utf-8
host: localhost:57773
accept: */*

Response DefaultHttpResponse(decodeResult: success, version: HTTP/1.1)
HTTP/1.1 200 OK
Content-Type: application/json; charset=utf-8
cache-control: no-cache
content-length: 14

10:08:51.058 [AsyncHttpClient-1-10] DEBUG org.asynchttpclient.netty.channel.ChannelManager - Adding key: http://localhost:57773 for channel [id: 0xe92133be, L:/127.0.0.1:61613 - R:localhost/127.0.0.1:57773]
10:08:51.071 [Forwarding getCurrentWindowHandle on session bc854607942dfbab35e417489e35434d to remote] DEBUG org.asynchttpclient.netty.request.NettyRequestSender - Using pooled Channel '[id: 0xe92133be, L:/127.0.0.1:61613 - R:localhost/127.0.0.1:57773]' for 'GET' to 'http://localhost:57773/session/bc854607942dfbab35e417489e35434d/window'
10:08:51.071 [Forwarding getCurrentWindowHandle on session bc854607942dfbab35e417489e35434d to remote] DEBUG org.asynchttpclient.netty.request.NettyRequestSender - Using open Channel [id: 0xe92133be, L:/127.0.0.1:61613 - R:localhost/127.0.0.1:57773] for GET '/session/bc854607942dfbab35e417489e35434d/window'
10:08:51.072 [AsyncHttpClient-1-10] DEBUG org.asynchttpclient.netty.handler.HttpHandler - 

Request DefaultFullHttpRequest(decodeResult: success, version: HTTP/1.1, content: EmptyByteBufBE)
GET /session/bc854607942dfbab35e417489e35434d/window HTTP/1.1
User-Agent: selenium/4.4.0 (java windows)
Cache-Control: no-cache
Content-Type: application/json; charset=utf-8
host: localhost:57773
accept: */*

Response DefaultHttpResponse(decodeResult: success, version: HTTP/1.1)
HTTP/1.1 200 OK
Content-Type: application/json; charset=utf-8
cache-control: no-cache
content-length: 53

10:08:51.072 [AsyncHttpClient-1-10] DEBUG org.asynchttpclient.netty.channel.ChannelManager - Adding key: http://localhost:57773 for channel [id: 0xe92133be, L:/127.0.0.1:61613 - R:localhost/127.0.0.1:57773]
10:08:51.075 [Forwarding getAlertText on session bc854607942dfbab35e417489e35434d to remote] DEBUG org.asynchttpclient.netty.request.NettyRequestSender - Using pooled Channel '[id: 0xe92133be, L:/127.0.0.1:61613 - R:localhost/127.0.0.1:57773]' for 'GET' to 'http://localhost:57773/session/bc854607942dfbab35e417489e35434d/alert/text'
10:08:51.075 [Forwarding getAlertText on session bc854607942dfbab35e417489e35434d to remote] DEBUG org.asynchttpclient.netty.request.NettyRequestSender - Using open Channel [id: 0xe92133be, L:/127.0.0.1:61613 - R:localhost/127.0.0.1:57773] for GET '/session/bc854607942dfbab35e417489e35434d/alert/text'
10:08:51.076 [AsyncHttpClient-1-10] DEBUG org.asynchttpclient.netty.handler.HttpHandler - 

Request DefaultFullHttpRequest(decodeResult: success, version: HTTP/1.1, content: EmptyByteBufBE)
GET /session/bc854607942dfbab35e417489e35434d/alert/text HTTP/1.1
User-Agent: selenium/4.4.0 (java windows)
Cache-Control: no-cache
Content-Type: application/json; charset=utf-8
host: localhost:57773
accept: */*

Response DefaultHttpResponse(decodeResult: success, version: HTTP/1.1)
HTTP/1.1 404 Not Found
Content-Type: application/json; charset=utf-8
cache-control: no-cache
content-length: 879

10:08:51.076 [AsyncHttpClient-1-10] DEBUG org.asynchttpclient.netty.channel.ChannelManager - Adding key: http://localhost:57773 for channel [id: 0xe92133be, L:/127.0.0.1:61613 - R:localhost/127.0.0.1:57773]
10:08:51.079 [Forwarding switchToWindow on session bc854607942dfbab35e417489e35434d to remote] DEBUG org.asynchttpclient.netty.request.NettyRequestSender - Using pooled Channel '[id: 0xe92133be, L:/127.0.0.1:61613 - R:localhost/127.0.0.1:57773]' for 'POST' to 'http://localhost:57773/session/bc854607942dfbab35e417489e35434d/window'
10:08:51.079 [Forwarding switchToWindow on session bc854607942dfbab35e417489e35434d to remote] DEBUG org.asynchttpclient.netty.request.NettyRequestSender - Using open Channel [id: 0xe92133be, L:/127.0.0.1:61613 - R:localhost/127.0.0.1:57773] for POST '/session/bc854607942dfbab35e417489e35434d/window'
10:08:51.081 [AsyncHttpClient-1-10] DEBUG org.asynchttpclient.netty.handler.HttpHandler - 

Request DefaultHttpRequest(decodeResult: success, version: HTTP/1.1)
POST /session/bc854607942dfbab35e417489e35434d/window HTTP/1.1
User-Agent: selenium/4.4.0 (java windows)
Content-Length: 59
Content-Type: application/json; charset=utf-8
host: localhost:57773
accept: */*

Response DefaultHttpResponse(decodeResult: success, version: HTTP/1.1)
HTTP/1.1 200 OK
Content-Type: application/json; charset=utf-8
cache-control: no-cache
content-length: 14

10:08:51.081 [AsyncHttpClient-1-10] DEBUG org.asynchttpclient.netty.channel.ChannelManager - Adding key: http://localhost:57773 for channel [id: 0xe92133be, L:/127.0.0.1:61613 - R:localhost/127.0.0.1:57773]
10:08:51.082 [Forwarding getCurrentUrl on session bc854607942dfbab35e417489e35434d to remote] DEBUG org.asynchttpclient.netty.request.NettyRequestSender - Using pooled Channel '[id: 0xe92133be, L:/127.0.0.1:61613 - R:localhost/127.0.0.1:57773]' for 'GET' to 'http://localhost:57773/session/bc854607942dfbab35e417489e35434d/url'
10:08:51.082 [Forwarding getCurrentUrl on session bc854607942dfbab35e417489e35434d to remote] DEBUG org.asynchttpclient.netty.request.NettyRequestSender - Using open Channel [id: 0xe92133be, L:/127.0.0.1:61613 - R:localhost/127.0.0.1:57773] for GET '/session/bc854607942dfbab35e417489e35434d/url'
10:08:51.084 [AsyncHttpClient-1-10] DEBUG org.asynchttpclient.netty.handler.HttpHandler - 

Request DefaultFullHttpRequest(decodeResult: success, version: HTTP/1.1, content: EmptyByteBufBE)
GET /session/bc854607942dfbab35e417489e35434d/url HTTP/1.1
User-Agent: selenium/4.4.0 (java windows)
Cache-Control: no-cache
Content-Type: application/json; charset=utf-8
host: localhost:57773
accept: */*

Response DefaultHttpResponse(decodeResult: success, version: HTTP/1.1)
HTTP/1.1 200 OK
Content-Type: application/json; charset=utf-8
cache-control: no-cache
content-length: 52

10:08:51.084 [AsyncHttpClient-1-10] DEBUG org.asynchttpclient.netty.channel.ChannelManager - Adding key: http://localhost:57773 for channel [id: 0xe92133be, L:/127.0.0.1:61613 - R:localhost/127.0.0.1:57773]
10:08:51.085 [Forwarding screenshot on session bc854607942dfbab35e417489e35434d to remote] DEBUG org.asynchttpclient.netty.request.NettyRequestSender - Using pooled Channel '[id: 0xe92133be, L:/127.0.0.1:61613 - R:localhost/127.0.0.1:57773]' for 'GET' to 'http://localhost:57773/session/bc854607942dfbab35e417489e35434d/screenshot'
10:08:51.085 [Forwarding screenshot on session bc854607942dfbab35e417489e35434d to remote] DEBUG org.asynchttpclient.netty.request.NettyRequestSender - Using open Channel [id: 0xe92133be, L:/127.0.0.1:61613 - R:localhost/127.0.0.1:57773] for GET '/session/bc854607942dfbab35e417489e35434d/screenshot'
10:08:51.202 [AsyncHttpClient-1-10] DEBUG org.asynchttpclient.netty.handler.HttpHandler - 

Request DefaultFullHttpRequest(decodeResult: success, version: HTTP/1.1, content: EmptyByteBufBE)
GET /session/bc854607942dfbab35e417489e35434d/screenshot HTTP/1.1
User-Agent: selenium/4.4.0 (java windows)
Cache-Control: no-cache
Content-Type: application/json; charset=utf-8
host: localhost:57773
accept: */*

Response DefaultHttpResponse(decodeResult: success, version: HTTP/1.1)
HTTP/1.1 200 OK
Content-Type: application/json; charset=utf-8
cache-control: no-cache
content-length: 387992

10:08:51.202 [AsyncHttpClient-1-10] DEBUG org.asynchttpclient.netty.channel.ChannelManager - Adding key: http://localhost:57773 for channel [id: 0xe92133be, L:/127.0.0.1:61613 - R:localhost/127.0.0.1:57773]
10:08:51.208 [Test worker] DEBUG net.serenitybdd.core.photography.Darkroom - Send negative for processing for C:\Users\juan.gomezv\IdeaProjects\sura\target\site\serenity\149ecf47af372be220580357871aaad4e872833d04d70688e65b25f1bdf1b10b.png
10:08:51.208 [Test worker] DEBUG net.thucydides.core.steps.StepInterceptor - STEP DONE: {0} clicks on #element
10:08:51.215 [Test worker] DEBUG net.thucydides.core.steps.StepInterceptor - STEP DONE: performAs
10:08:51.223 [Test worker] DEBUG net.thucydides.core.steps.StepInterceptor - STEP DONE: performAs
  ?[32mY ?[0m?[32m?[0m?[32m?[1mAna?[0m?[32m hace click en el boton del ?[0m?[32m?[1m3?[0m?[32m articulo?[0m                                      ?[90m# sura.stepDefinitions.PurchaseSteps.haceClickEnElBotonDelArticulo(net.serenitybdd.screenplay.Actor,java.lang.Integer)?[0m
10:08:51.236 [Forwarding getPageSource on session bc854607942dfbab35e417489e35434d to remote] DEBUG org.asynchttpclient.netty.request.NettyRequestSender - Using pooled Channel '[id: 0xe92133be, L:/127.0.0.1:61613 - R:localhost/127.0.0.1:57773]' for 'POST' to 'http://localhost:57773/session/bc854607942dfbab35e417489e35434d/execute/sync'
10:08:51.236 [Forwarding getPageSource on session bc854607942dfbab35e417489e35434d to remote] DEBUG org.asynchttpclient.netty.request.NettyRequestSender - Using open Channel [id: 0xe92133be, L:/127.0.0.1:61613 - R:localhost/127.0.0.1:57773] for POST '/session/bc854607942dfbab35e417489e35434d/execute/sync'
10:08:51.242 [AsyncHttpClient-1-10] DEBUG org.asynchttpclient.netty.handler.HttpHandler - 

Request DefaultHttpRequest(decodeResult: success, version: HTTP/1.1)
POST /session/bc854607942dfbab35e417489e35434d/execute/sync HTTP/1.1
User-Agent: selenium/4.4.0 (java windows)
Content-Length: 176
Content-Type: application/json; charset=utf-8
host: localhost:57773
accept: */*

Response DefaultHttpResponse(decodeResult: success, version: HTTP/1.1)
HTTP/1.1 200 OK
Content-Type: application/json; charset=utf-8
cache-control: no-cache
content-length: 15288

10:08:51.242 [AsyncHttpClient-1-10] DEBUG org.asynchttpclient.netty.channel.ChannelManager - Adding key: http://localhost:57773 for channel [id: 0xe92133be, L:/127.0.0.1:61613 - R:localhost/127.0.0.1:57773]
10:08:51.245 [Forwarding getCurrentUrl on session bc854607942dfbab35e417489e35434d to remote] DEBUG org.asynchttpclient.netty.request.NettyRequestSender - Using pooled Channel '[id: 0xe92133be, L:/127.0.0.1:61613 - R:localhost/127.0.0.1:57773]' for 'GET' to 'http://localhost:57773/session/bc854607942dfbab35e417489e35434d/url'
10:08:51.245 [Forwarding getCurrentUrl on session bc854607942dfbab35e417489e35434d to remote] DEBUG org.asynchttpclient.netty.request.NettyRequestSender - Using open Channel [id: 0xe92133be, L:/127.0.0.1:61613 - R:localhost/127.0.0.1:57773] for GET '/session/bc854607942dfbab35e417489e35434d/url'
10:08:51.248 [AsyncHttpClient-1-10] DEBUG org.asynchttpclient.netty.handler.HttpHandler - 

Request DefaultFullHttpRequest(decodeResult: success, version: HTTP/1.1, content: EmptyByteBufBE)
GET /session/bc854607942dfbab35e417489e35434d/url HTTP/1.1
User-Agent: selenium/4.4.0 (java windows)
Cache-Control: no-cache
Content-Type: application/json; charset=utf-8
host: localhost:57773
accept: */*

Response DefaultHttpResponse(decodeResult: success, version: HTTP/1.1)
HTTP/1.1 200 OK
Content-Type: application/json; charset=utf-8
cache-control: no-cache
content-length: 52

10:08:51.249 [AsyncHttpClient-1-10] DEBUG org.asynchttpclient.netty.channel.ChannelManager - Adding key: http://localhost:57773 for channel [id: 0xe92133be, L:/127.0.0.1:61613 - R:localhost/127.0.0.1:57773]
10:08:51.268 [Forwarding getCurrentWindowHandle on session bc854607942dfbab35e417489e35434d to remote] DEBUG org.asynchttpclient.netty.request.NettyRequestSender - Using pooled Channel '[id: 0xe92133be, L:/127.0.0.1:61613 - R:localhost/127.0.0.1:57773]' for 'GET' to 'http://localhost:57773/session/bc854607942dfbab35e417489e35434d/window'
10:08:51.268 [Forwarding getCurrentWindowHandle on session bc854607942dfbab35e417489e35434d to remote] DEBUG org.asynchttpclient.netty.request.NettyRequestSender - Using open Channel [id: 0xe92133be, L:/127.0.0.1:61613 - R:localhost/127.0.0.1:57773] for GET '/session/bc854607942dfbab35e417489e35434d/window'
10:08:51.269 [AsyncHttpClient-1-10] DEBUG org.asynchttpclient.netty.handler.HttpHandler - 

Request DefaultFullHttpRequest(decodeResult: success, version: HTTP/1.1, content: EmptyByteBufBE)
GET /session/bc854607942dfbab35e417489e35434d/window HTTP/1.1
User-Agent: selenium/4.4.0 (java windows)
Cache-Control: no-cache
Content-Type: application/json; charset=utf-8
host: localhost:57773
accept: */*

Response DefaultHttpResponse(decodeResult: success, version: HTTP/1.1)
HTTP/1.1 200 OK
Content-Type: application/json; charset=utf-8
cache-control: no-cache
content-length: 53

10:08:51.269 [AsyncHttpClient-1-10] DEBUG org.asynchttpclient.netty.channel.ChannelManager - Adding key: http://localhost:57773 for channel [id: 0xe92133be, L:/127.0.0.1:61613 - R:localhost/127.0.0.1:57773]
10:08:51.273 [Forwarding getAlertText on session bc854607942dfbab35e417489e35434d to remote] DEBUG org.asynchttpclient.netty.request.NettyRequestSender - Using pooled Channel '[id: 0xe92133be, L:/127.0.0.1:61613 - R:localhost/127.0.0.1:57773]' for 'GET' to 'http://localhost:57773/session/bc854607942dfbab35e417489e35434d/alert/text'
10:08:51.273 [Forwarding getAlertText on session bc854607942dfbab35e417489e35434d to remote] DEBUG org.asynchttpclient.netty.request.NettyRequestSender - Using open Channel [id: 0xe92133be, L:/127.0.0.1:61613 - R:localhost/127.0.0.1:57773] for GET '/session/bc854607942dfbab35e417489e35434d/alert/text'
10:08:51.275 [AsyncHttpClient-1-10] DEBUG org.asynchttpclient.netty.handler.HttpHandler - 

Request DefaultFullHttpRequest(decodeResult: success, version: HTTP/1.1, content: EmptyByteBufBE)
GET /session/bc854607942dfbab35e417489e35434d/alert/text HTTP/1.1
User-Agent: selenium/4.4.0 (java windows)
Cache-Control: no-cache
Content-Type: application/json; charset=utf-8
host: localhost:57773
accept: */*

Response DefaultHttpResponse(decodeResult: success, version: HTTP/1.1)
HTTP/1.1 404 Not Found
Content-Type: application/json; charset=utf-8
cache-control: no-cache
content-length: 879

10:08:51.275 [AsyncHttpClient-1-10] DEBUG org.asynchttpclient.netty.channel.ChannelManager - Adding key: http://localhost:57773 for channel [id: 0xe92133be, L:/127.0.0.1:61613 - R:localhost/127.0.0.1:57773]
10:08:51.279 [Forwarding switchToWindow on session bc854607942dfbab35e417489e35434d to remote] DEBUG org.asynchttpclient.netty.request.NettyRequestSender - Using pooled Channel '[id: 0xe92133be, L:/127.0.0.1:61613 - R:localhost/127.0.0.1:57773]' for 'POST' to 'http://localhost:57773/session/bc854607942dfbab35e417489e35434d/window'
10:08:51.279 [Forwarding switchToWindow on session bc854607942dfbab35e417489e35434d to remote] DEBUG org.asynchttpclient.netty.request.NettyRequestSender - Using open Channel [id: 0xe92133be, L:/127.0.0.1:61613 - R:localhost/127.0.0.1:57773] for POST '/session/bc854607942dfbab35e417489e35434d/window'
10:08:51.282 [AsyncHttpClient-1-10] DEBUG org.asynchttpclient.netty.handler.HttpHandler - 

Request DefaultHttpRequest(decodeResult: success, version: HTTP/1.1)
POST /session/bc854607942dfbab35e417489e35434d/window HTTP/1.1
User-Agent: selenium/4.4.0 (java windows)
Content-Length: 59
Content-Type: application/json; charset=utf-8
host: localhost:57773
accept: */*

Response DefaultHttpResponse(decodeResult: success, version: HTTP/1.1)
HTTP/1.1 200 OK
Content-Type: application/json; charset=utf-8
cache-control: no-cache
content-length: 14

10:08:51.282 [AsyncHttpClient-1-10] DEBUG org.asynchttpclient.netty.channel.ChannelManager - Adding key: http://localhost:57773 for channel [id: 0xe92133be, L:/127.0.0.1:61613 - R:localhost/127.0.0.1:57773]
10:08:51.283 [Forwarding getCurrentUrl on session bc854607942dfbab35e417489e35434d to remote] DEBUG org.asynchttpclient.netty.request.NettyRequestSender - Using pooled Channel '[id: 0xe92133be, L:/127.0.0.1:61613 - R:localhost/127.0.0.1:57773]' for 'GET' to 'http://localhost:57773/session/bc854607942dfbab35e417489e35434d/url'
10:08:51.283 [Forwarding getCurrentUrl on session bc854607942dfbab35e417489e35434d to remote] DEBUG org.asynchttpclient.netty.request.NettyRequestSender - Using open Channel [id: 0xe92133be, L:/127.0.0.1:61613 - R:localhost/127.0.0.1:57773] for GET '/session/bc854607942dfbab35e417489e35434d/url'
10:08:51.287 [AsyncHttpClient-1-10] DEBUG org.asynchttpclient.netty.handler.HttpHandler - 

Request DefaultFullHttpRequest(decodeResult: success, version: HTTP/1.1, content: EmptyByteBufBE)
GET /session/bc854607942dfbab35e417489e35434d/url HTTP/1.1
User-Agent: selenium/4.4.0 (java windows)
Cache-Control: no-cache
Content-Type: application/json; charset=utf-8
host: localhost:57773
accept: */*

Response DefaultHttpResponse(decodeResult: success, version: HTTP/1.1)
HTTP/1.1 200 OK
Content-Type: application/json; charset=utf-8
cache-control: no-cache
content-length: 52

10:08:51.287 [AsyncHttpClient-1-10] DEBUG org.asynchttpclient.netty.channel.ChannelManager - Adding key: http://localhost:57773 for channel [id: 0xe92133be, L:/127.0.0.1:61613 - R:localhost/127.0.0.1:57773]
10:08:51.288 [Forwarding screenshot on session bc854607942dfbab35e417489e35434d to remote] DEBUG org.asynchttpclient.netty.request.NettyRequestSender - Using pooled Channel '[id: 0xe92133be, L:/127.0.0.1:61613 - R:localhost/127.0.0.1:57773]' for 'GET' to 'http://localhost:57773/session/bc854607942dfbab35e417489e35434d/screenshot'
10:08:51.288 [Forwarding screenshot on session bc854607942dfbab35e417489e35434d to remote] DEBUG org.asynchttpclient.netty.request.NettyRequestSender - Using open Channel [id: 0xe92133be, L:/127.0.0.1:61613 - R:localhost/127.0.0.1:57773] for GET '/session/bc854607942dfbab35e417489e35434d/screenshot'
10:08:51.408 [AsyncHttpClient-1-10] DEBUG org.asynchttpclient.netty.handler.HttpHandler - 

Request DefaultFullHttpRequest(decodeResult: success, version: HTTP/1.1, content: EmptyByteBufBE)
GET /session/bc854607942dfbab35e417489e35434d/screenshot HTTP/1.1
User-Agent: selenium/4.4.0 (java windows)
Cache-Control: no-cache
Content-Type: application/json; charset=utf-8
host: localhost:57773
accept: */*

Response DefaultHttpResponse(decodeResult: success, version: HTTP/1.1)
HTTP/1.1 200 OK
Content-Type: application/json; charset=utf-8
cache-control: no-cache
content-length: 387992

10:08:51.409 [AsyncHttpClient-1-10] DEBUG org.asynchttpclient.netty.channel.ChannelManager - Adding key: http://localhost:57773 for channel [id: 0xe92133be, L:/127.0.0.1:61613 - R:localhost/127.0.0.1:57773]
10:08:51.417 [Test worker] DEBUG net.serenitybdd.core.photography.Darkroom - Send negative for processing for C:\Users\juan.gomezv\IdeaProjects\sura\target\site\serenity\149ecf47af372be220580357871aaad4e872833d04d70688e65b25f1bdf1b10b.png
10:08:51.420 [Forwarding getPageSource on session bc854607942dfbab35e417489e35434d to remote] DEBUG org.asynchttpclient.netty.request.NettyRequestSender - Using pooled Channel '[id: 0xe92133be, L:/127.0.0.1:61613 - R:localhost/127.0.0.1:57773]' for 'POST' to 'http://localhost:57773/session/bc854607942dfbab35e417489e35434d/execute/sync'
10:08:51.420 [Forwarding getPageSource on session bc854607942dfbab35e417489e35434d to remote] DEBUG org.asynchttpclient.netty.request.NettyRequestSender - Using open Channel [id: 0xe92133be, L:/127.0.0.1:61613 - R:localhost/127.0.0.1:57773] for POST '/session/bc854607942dfbab35e417489e35434d/execute/sync'
10:08:51.425 [AsyncHttpClient-1-10] DEBUG org.asynchttpclient.netty.handler.HttpHandler - 

Request DefaultHttpRequest(decodeResult: success, version: HTTP/1.1)
POST /session/bc854607942dfbab35e417489e35434d/execute/sync HTTP/1.1
User-Agent: selenium/4.4.0 (java windows)
Content-Length: 176
Content-Type: application/json; charset=utf-8
host: localhost:57773
accept: */*

Response DefaultHttpResponse(decodeResult: success, version: HTTP/1.1)
HTTP/1.1 200 OK
Content-Type: application/json; charset=utf-8
cache-control: no-cache
content-length: 15288

10:08:51.425 [AsyncHttpClient-1-10] DEBUG org.asynchttpclient.netty.channel.ChannelManager - Adding key: http://localhost:57773 for channel [id: 0xe92133be, L:/127.0.0.1:61613 - R:localhost/127.0.0.1:57773]
10:08:51.428 [Forwarding getCurrentUrl on session bc854607942dfbab35e417489e35434d to remote] DEBUG org.asynchttpclient.netty.request.NettyRequestSender - Using pooled Channel '[id: 0xe92133be, L:/127.0.0.1:61613 - R:localhost/127.0.0.1:57773]' for 'GET' to 'http://localhost:57773/session/bc854607942dfbab35e417489e35434d/url'
10:08:51.428 [Forwarding getCurrentUrl on session bc854607942dfbab35e417489e35434d to remote] DEBUG org.asynchttpclient.netty.request.NettyRequestSender - Using open Channel [id: 0xe92133be, L:/127.0.0.1:61613 - R:localhost/127.0.0.1:57773] for GET '/session/bc854607942dfbab35e417489e35434d/url'
10:08:51.431 [AsyncHttpClient-1-10] DEBUG org.asynchttpclient.netty.handler.HttpHandler - 

Request DefaultFullHttpRequest(decodeResult: success, version: HTTP/1.1, content: EmptyByteBufBE)
GET /session/bc854607942dfbab35e417489e35434d/url HTTP/1.1
User-Agent: selenium/4.4.0 (java windows)
Cache-Control: no-cache
Content-Type: application/json; charset=utf-8
host: localhost:57773
accept: */*

Response DefaultHttpResponse(decodeResult: success, version: HTTP/1.1)
HTTP/1.1 200 OK
Content-Type: application/json; charset=utf-8
cache-control: no-cache
content-length: 52

10:08:51.431 [AsyncHttpClient-1-10] DEBUG org.asynchttpclient.netty.channel.ChannelManager - Adding key: http://localhost:57773 for channel [id: 0xe92133be, L:/127.0.0.1:61613 - R:localhost/127.0.0.1:57773]
10:08:51.433 [Test worker] DEBUG net.thucydides.core.steps.StepInterceptor - STARTING STEP: PurchaseSteps.haceClickEnElBotonDelArticulo - performAs
10:08:51.442 [Forwarding getPageSource on session bc854607942dfbab35e417489e35434d to remote] DEBUG org.asynchttpclient.netty.request.NettyRequestSender - Using pooled Channel '[id: 0xe92133be, L:/127.0.0.1:61613 - R:localhost/127.0.0.1:57773]' for 'POST' to 'http://localhost:57773/session/bc854607942dfbab35e417489e35434d/execute/sync'
10:08:51.442 [Forwarding getPageSource on session bc854607942dfbab35e417489e35434d to remote] DEBUG org.asynchttpclient.netty.request.NettyRequestSender - Using open Channel [id: 0xe92133be, L:/127.0.0.1:61613 - R:localhost/127.0.0.1:57773] for POST '/session/bc854607942dfbab35e417489e35434d/execute/sync'
10:08:51.447 [AsyncHttpClient-1-10] DEBUG org.asynchttpclient.netty.handler.HttpHandler - 

Request DefaultHttpRequest(decodeResult: success, version: HTTP/1.1)
POST /session/bc854607942dfbab35e417489e35434d/execute/sync HTTP/1.1
User-Agent: selenium/4.4.0 (java windows)
Content-Length: 176
Content-Type: application/json; charset=utf-8
host: localhost:57773
accept: */*

Response DefaultHttpResponse(decodeResult: success, version: HTTP/1.1)
HTTP/1.1 200 OK
Content-Type: application/json; charset=utf-8
cache-control: no-cache
content-length: 15288

10:08:51.447 [AsyncHttpClient-1-10] DEBUG org.asynchttpclient.netty.channel.ChannelManager - Adding key: http://localhost:57773 for channel [id: 0xe92133be, L:/127.0.0.1:61613 - R:localhost/127.0.0.1:57773]
10:08:51.449 [Forwarding getCurrentUrl on session bc854607942dfbab35e417489e35434d to remote] DEBUG org.asynchttpclient.netty.request.NettyRequestSender - Using pooled Channel '[id: 0xe92133be, L:/127.0.0.1:61613 - R:localhost/127.0.0.1:57773]' for 'GET' to 'http://localhost:57773/session/bc854607942dfbab35e417489e35434d/url'
10:08:51.449 [Forwarding getCurrentUrl on session bc854607942dfbab35e417489e35434d to remote] DEBUG org.asynchttpclient.netty.request.NettyRequestSender - Using open Channel [id: 0xe92133be, L:/127.0.0.1:61613 - R:localhost/127.0.0.1:57773] for GET '/session/bc854607942dfbab35e417489e35434d/url'
10:08:51.453 [AsyncHttpClient-1-10] DEBUG org.asynchttpclient.netty.handler.HttpHandler - 

Request DefaultFullHttpRequest(decodeResult: success, version: HTTP/1.1, content: EmptyByteBufBE)
GET /session/bc854607942dfbab35e417489e35434d/url HTTP/1.1
User-Agent: selenium/4.4.0 (java windows)
Cache-Control: no-cache
Content-Type: application/json; charset=utf-8
host: localhost:57773
accept: */*

Response DefaultHttpResponse(decodeResult: success, version: HTTP/1.1)
HTTP/1.1 200 OK
Content-Type: application/json; charset=utf-8
cache-control: no-cache
content-length: 52

10:08:51.453 [AsyncHttpClient-1-10] DEBUG org.asynchttpclient.netty.channel.ChannelManager - Adding key: http://localhost:57773 for channel [id: 0xe92133be, L:/127.0.0.1:61613 - R:localhost/127.0.0.1:57773]
10:08:51.455 [Test worker] DEBUG net.thucydides.core.steps.StepInterceptor - STARTING STEP: Purchase.performAs - performAs
10:08:51.460 [Forwarding findElements on session bc854607942dfbab35e417489e35434d to remote] DEBUG org.asynchttpclient.netty.request.NettyRequestSender - Using pooled Channel '[id: 0xe92133be, L:/127.0.0.1:61613 - R:localhost/127.0.0.1:57773]' for 'POST' to 'http://localhost:57773/session/bc854607942dfbab35e417489e35434d/elements'
10:08:51.460 [Forwarding findElements on session bc854607942dfbab35e417489e35434d to remote] DEBUG org.asynchttpclient.netty.request.NettyRequestSender - Using open Channel [id: 0xe92133be, L:/127.0.0.1:61613 - R:localhost/127.0.0.1:57773] for POST '/session/bc854607942dfbab35e417489e35434d/elements'
10:08:51.467 [AsyncHttpClient-1-10] DEBUG org.asynchttpclient.netty.handler.HttpHandler - 

Request DefaultHttpRequest(decodeResult: success, version: HTTP/1.1)
POST /session/bc854607942dfbab35e417489e35434d/elements HTTP/1.1
User-Agent: selenium/4.4.0 (java windows)
Content-Length: 92
Content-Type: application/json; charset=utf-8
host: localhost:57773
accept: */*

Response DefaultHttpResponse(decodeResult: success, version: HTTP/1.1)
HTTP/1.1 200 OK
Content-Type: application/json; charset=utf-8
cache-control: no-cache
content-length: 485

10:08:51.467 [AsyncHttpClient-1-10] DEBUG org.asynchttpclient.netty.channel.ChannelManager - Adding key: http://localhost:57773 for channel [id: 0xe92133be, L:/127.0.0.1:61613 - R:localhost/127.0.0.1:57773]
10:08:51.483 [Forwarding getCurrentWindowHandle on session bc854607942dfbab35e417489e35434d to remote] DEBUG org.asynchttpclient.netty.request.NettyRequestSender - Using pooled Channel '[id: 0xe92133be, L:/127.0.0.1:61613 - R:localhost/127.0.0.1:57773]' for 'GET' to 'http://localhost:57773/session/bc854607942dfbab35e417489e35434d/window'
10:08:51.483 [Forwarding getCurrentWindowHandle on session bc854607942dfbab35e417489e35434d to remote] DEBUG org.asynchttpclient.netty.request.NettyRequestSender - Using open Channel [id: 0xe92133be, L:/127.0.0.1:61613 - R:localhost/127.0.0.1:57773] for GET '/session/bc854607942dfbab35e417489e35434d/window'
10:08:51.484 [AsyncHttpClient-1-10] DEBUG org.asynchttpclient.netty.handler.HttpHandler - 

Request DefaultFullHttpRequest(decodeResult: success, version: HTTP/1.1, content: EmptyByteBufBE)
GET /session/bc854607942dfbab35e417489e35434d/window HTTP/1.1
User-Agent: selenium/4.4.0 (java windows)
Cache-Control: no-cache
Content-Type: application/json; charset=utf-8
host: localhost:57773
accept: */*

Response DefaultHttpResponse(decodeResult: success, version: HTTP/1.1)
HTTP/1.1 200 OK
Content-Type: application/json; charset=utf-8
cache-control: no-cache
content-length: 53

10:08:51.484 [AsyncHttpClient-1-10] DEBUG org.asynchttpclient.netty.channel.ChannelManager - Adding key: http://localhost:57773 for channel [id: 0xe92133be, L:/127.0.0.1:61613 - R:localhost/127.0.0.1:57773]
10:08:51.487 [Forwarding getAlertText on session bc854607942dfbab35e417489e35434d to remote] DEBUG org.asynchttpclient.netty.request.NettyRequestSender - Using pooled Channel '[id: 0xe92133be, L:/127.0.0.1:61613 - R:localhost/127.0.0.1:57773]' for 'GET' to 'http://localhost:57773/session/bc854607942dfbab35e417489e35434d/alert/text'
10:08:51.487 [Forwarding getAlertText on session bc854607942dfbab35e417489e35434d to remote] DEBUG org.asynchttpclient.netty.request.NettyRequestSender - Using open Channel [id: 0xe92133be, L:/127.0.0.1:61613 - R:localhost/127.0.0.1:57773] for GET '/session/bc854607942dfbab35e417489e35434d/alert/text'
10:08:51.489 [AsyncHttpClient-1-10] DEBUG org.asynchttpclient.netty.handler.HttpHandler - 

Request DefaultFullHttpRequest(decodeResult: success, version: HTTP/1.1, content: EmptyByteBufBE)
GET /session/bc854607942dfbab35e417489e35434d/alert/text HTTP/1.1
User-Agent: selenium/4.4.0 (java windows)
Cache-Control: no-cache
Content-Type: application/json; charset=utf-8
host: localhost:57773
accept: */*

Response DefaultHttpResponse(decodeResult: success, version: HTTP/1.1)
HTTP/1.1 404 Not Found
Content-Type: application/json; charset=utf-8
cache-control: no-cache
content-length: 879

10:08:51.489 [AsyncHttpClient-1-10] DEBUG org.asynchttpclient.netty.channel.ChannelManager - Adding key: http://localhost:57773 for channel [id: 0xe92133be, L:/127.0.0.1:61613 - R:localhost/127.0.0.1:57773]
10:08:51.493 [Forwarding switchToWindow on session bc854607942dfbab35e417489e35434d to remote] DEBUG org.asynchttpclient.netty.request.NettyRequestSender - Using pooled Channel '[id: 0xe92133be, L:/127.0.0.1:61613 - R:localhost/127.0.0.1:57773]' for 'POST' to 'http://localhost:57773/session/bc854607942dfbab35e417489e35434d/window'
10:08:51.493 [Forwarding switchToWindow on session bc854607942dfbab35e417489e35434d to remote] DEBUG org.asynchttpclient.netty.request.NettyRequestSender - Using open Channel [id: 0xe92133be, L:/127.0.0.1:61613 - R:localhost/127.0.0.1:57773] for POST '/session/bc854607942dfbab35e417489e35434d/window'
10:08:51.496 [AsyncHttpClient-1-10] DEBUG org.asynchttpclient.netty.handler.HttpHandler - 

Request DefaultHttpRequest(decodeResult: success, version: HTTP/1.1)
POST /session/bc854607942dfbab35e417489e35434d/window HTTP/1.1
User-Agent: selenium/4.4.0 (java windows)
Content-Length: 59
Content-Type: application/json; charset=utf-8
host: localhost:57773
accept: */*

Response DefaultHttpResponse(decodeResult: success, version: HTTP/1.1)
HTTP/1.1 200 OK
Content-Type: application/json; charset=utf-8
cache-control: no-cache
content-length: 14

10:08:51.496 [AsyncHttpClient-1-10] DEBUG org.asynchttpclient.netty.channel.ChannelManager - Adding key: http://localhost:57773 for channel [id: 0xe92133be, L:/127.0.0.1:61613 - R:localhost/127.0.0.1:57773]
10:08:51.497 [Forwarding getCurrentUrl on session bc854607942dfbab35e417489e35434d to remote] DEBUG org.asynchttpclient.netty.request.NettyRequestSender - Using pooled Channel '[id: 0xe92133be, L:/127.0.0.1:61613 - R:localhost/127.0.0.1:57773]' for 'GET' to 'http://localhost:57773/session/bc854607942dfbab35e417489e35434d/url'
10:08:51.497 [Forwarding getCurrentUrl on session bc854607942dfbab35e417489e35434d to remote] DEBUG org.asynchttpclient.netty.request.NettyRequestSender - Using open Channel [id: 0xe92133be, L:/127.0.0.1:61613 - R:localhost/127.0.0.1:57773] for GET '/session/bc854607942dfbab35e417489e35434d/url'
10:08:51.500 [AsyncHttpClient-1-10] DEBUG org.asynchttpclient.netty.handler.HttpHandler - 

Request DefaultFullHttpRequest(decodeResult: success, version: HTTP/1.1, content: EmptyByteBufBE)
GET /session/bc854607942dfbab35e417489e35434d/url HTTP/1.1
User-Agent: selenium/4.4.0 (java windows)
Cache-Control: no-cache
Content-Type: application/json; charset=utf-8
host: localhost:57773
accept: */*

Response DefaultHttpResponse(decodeResult: success, version: HTTP/1.1)
HTTP/1.1 200 OK
Content-Type: application/json; charset=utf-8
cache-control: no-cache
content-length: 52

10:08:51.500 [AsyncHttpClient-1-10] DEBUG org.asynchttpclient.netty.channel.ChannelManager - Adding key: http://localhost:57773 for channel [id: 0xe92133be, L:/127.0.0.1:61613 - R:localhost/127.0.0.1:57773]
10:08:51.501 [Forwarding screenshot on session bc854607942dfbab35e417489e35434d to remote] DEBUG org.asynchttpclient.netty.request.NettyRequestSender - Using pooled Channel '[id: 0xe92133be, L:/127.0.0.1:61613 - R:localhost/127.0.0.1:57773]' for 'GET' to 'http://localhost:57773/session/bc854607942dfbab35e417489e35434d/screenshot'
10:08:51.501 [Forwarding screenshot on session bc854607942dfbab35e417489e35434d to remote] DEBUG org.asynchttpclient.netty.request.NettyRequestSender - Using open Channel [id: 0xe92133be, L:/127.0.0.1:61613 - R:localhost/127.0.0.1:57773] for GET '/session/bc854607942dfbab35e417489e35434d/screenshot'
10:08:51.607 [AsyncHttpClient-1-1] DEBUG org.asynchttpclient.netty.channel.DefaultChannelPool - Entry count for : http://localhost:61614 : 1
10:08:51.647 [AsyncHttpClient-1-10] DEBUG org.asynchttpclient.netty.handler.HttpHandler - 

Request DefaultFullHttpRequest(decodeResult: success, version: HTTP/1.1, content: EmptyByteBufBE)
GET /session/bc854607942dfbab35e417489e35434d/screenshot HTTP/1.1
User-Agent: selenium/4.4.0 (java windows)
Cache-Control: no-cache
Content-Type: application/json; charset=utf-8
host: localhost:57773
accept: */*

Response DefaultHttpResponse(decodeResult: success, version: HTTP/1.1)
HTTP/1.1 200 OK
Content-Type: application/json; charset=utf-8
cache-control: no-cache
content-length: 387992

10:08:51.648 [AsyncHttpClient-1-10] DEBUG org.asynchttpclient.netty.channel.ChannelManager - Adding key: http://localhost:57773 for channel [id: 0xe92133be, L:/127.0.0.1:61613 - R:localhost/127.0.0.1:57773]
10:08:51.655 [Test worker] DEBUG net.serenitybdd.core.photography.Darkroom - Send negative for processing for C:\Users\juan.gomezv\IdeaProjects\sura\target\site\serenity\149ecf47af372be220580357871aaad4e872833d04d70688e65b25f1bdf1b10b.png
10:08:51.659 [Forwarding getPageSource on session bc854607942dfbab35e417489e35434d to remote] DEBUG org.asynchttpclient.netty.request.NettyRequestSender - Using pooled Channel '[id: 0xe92133be, L:/127.0.0.1:61613 - R:localhost/127.0.0.1:57773]' for 'POST' to 'http://localhost:57773/session/bc854607942dfbab35e417489e35434d/execute/sync'
10:08:51.659 [Forwarding getPageSource on session bc854607942dfbab35e417489e35434d to remote] DEBUG org.asynchttpclient.netty.request.NettyRequestSender - Using open Channel [id: 0xe92133be, L:/127.0.0.1:61613 - R:localhost/127.0.0.1:57773] for POST '/session/bc854607942dfbab35e417489e35434d/execute/sync'
10:08:51.662 [AsyncHttpClient-1-10] DEBUG org.asynchttpclient.netty.handler.HttpHandler - 

Request DefaultHttpRequest(decodeResult: success, version: HTTP/1.1)
POST /session/bc854607942dfbab35e417489e35434d/execute/sync HTTP/1.1
User-Agent: selenium/4.4.0 (java windows)
Content-Length: 176
Content-Type: application/json; charset=utf-8
host: localhost:57773
accept: */*

Response DefaultHttpResponse(decodeResult: success, version: HTTP/1.1)
HTTP/1.1 200 OK
Content-Type: application/json; charset=utf-8
cache-control: no-cache
content-length: 15288

10:08:51.663 [AsyncHttpClient-1-10] DEBUG org.asynchttpclient.netty.channel.ChannelManager - Adding key: http://localhost:57773 for channel [id: 0xe92133be, L:/127.0.0.1:61613 - R:localhost/127.0.0.1:57773]
10:08:51.664 [Forwarding getCurrentUrl on session bc854607942dfbab35e417489e35434d to remote] DEBUG org.asynchttpclient.netty.request.NettyRequestSender - Using pooled Channel '[id: 0xe92133be, L:/127.0.0.1:61613 - R:localhost/127.0.0.1:57773]' for 'GET' to 'http://localhost:57773/session/bc854607942dfbab35e417489e35434d/url'
10:08:51.664 [Forwarding getCurrentUrl on session bc854607942dfbab35e417489e35434d to remote] DEBUG org.asynchttpclient.netty.request.NettyRequestSender - Using open Channel [id: 0xe92133be, L:/127.0.0.1:61613 - R:localhost/127.0.0.1:57773] for GET '/session/bc854607942dfbab35e417489e35434d/url'
10:08:51.666 [AsyncHttpClient-1-10] DEBUG org.asynchttpclient.netty.handler.HttpHandler - 

Request DefaultFullHttpRequest(decodeResult: success, version: HTTP/1.1, content: EmptyByteBufBE)
GET /session/bc854607942dfbab35e417489e35434d/url HTTP/1.1
User-Agent: selenium/4.4.0 (java windows)
Cache-Control: no-cache
Content-Type: application/json; charset=utf-8
host: localhost:57773
accept: */*

Response DefaultHttpResponse(decodeResult: success, version: HTTP/1.1)
HTTP/1.1 200 OK
Content-Type: application/json; charset=utf-8
cache-control: no-cache
content-length: 52

10:08:51.666 [AsyncHttpClient-1-10] DEBUG org.asynchttpclient.netty.channel.ChannelManager - Adding key: http://localhost:57773 for channel [id: 0xe92133be, L:/127.0.0.1:61613 - R:localhost/127.0.0.1:57773]
10:08:51.668 [Test worker] DEBUG net.thucydides.core.steps.StepInterceptor - STARTING STEP: AddOrRemoveFromCart.performAs - {0} clicks on #element
10:08:51.686 [Forwarding isElementDisplayed on session bc854607942dfbab35e417489e35434d to remote] DEBUG org.asynchttpclient.netty.request.NettyRequestSender - Using pooled Channel '[id: 0xe92133be, L:/127.0.0.1:61613 - R:localhost/127.0.0.1:57773]' for 'POST' to 'http://localhost:57773/session/bc854607942dfbab35e417489e35434d/execute/sync'
10:08:51.686 [Forwarding isElementDisplayed on session bc854607942dfbab35e417489e35434d to remote] DEBUG org.asynchttpclient.netty.request.NettyRequestSender - Using open Channel [id: 0xe92133be, L:/127.0.0.1:61613 - R:localhost/127.0.0.1:57773] for POST '/session/bc854607942dfbab35e417489e35434d/execute/sync'
10:08:51.693 [AsyncHttpClient-1-10] DEBUG org.asynchttpclient.netty.handler.HttpHandler - 

Request DefaultHttpRequest(decodeResult: success, version: HTTP/1.1)
POST /session/bc854607942dfbab35e417489e35434d/execute/sync HTTP/1.1
User-Agent: selenium/4.4.0 (java windows)
Content-Length: 48780
Content-Type: application/json; charset=utf-8
host: localhost:57773
accept: */*

Response DefaultHttpResponse(decodeResult: success, version: HTTP/1.1)
HTTP/1.1 200 OK
Content-Type: application/json; charset=utf-8
cache-control: no-cache
content-length: 14

10:08:51.693 [AsyncHttpClient-1-10] DEBUG org.asynchttpclient.netty.channel.ChannelManager - Adding key: http://localhost:57773 for channel [id: 0xe92133be, L:/127.0.0.1:61613 - R:localhost/127.0.0.1:57773]
10:08:51.696 [Forwarding clickElement on session bc854607942dfbab35e417489e35434d to remote] DEBUG org.asynchttpclient.netty.request.NettyRequestSender - Using pooled Channel '[id: 0xe92133be, L:/127.0.0.1:61613 - R:localhost/127.0.0.1:57773]' for 'POST' to 'http://localhost:57773/session/bc854607942dfbab35e417489e35434d/element/98720f75-4957-48c9-8b1e-5624d7128474/click'
10:08:51.696 [Forwarding clickElement on session bc854607942dfbab35e417489e35434d to remote] DEBUG org.asynchttpclient.netty.request.NettyRequestSender - Using open Channel [id: 0xe92133be, L:/127.0.0.1:61613 - R:localhost/127.0.0.1:57773] for POST '/session/bc854607942dfbab35e417489e35434d/element/98720f75-4957-48c9-8b1e-5624d7128474/click'
10:08:51.721 [AsyncHttpClient-1-10] DEBUG org.asynchttpclient.netty.handler.HttpHandler - 

Request DefaultHttpRequest(decodeResult: success, version: HTTP/1.1)
POST /session/bc854607942dfbab35e417489e35434d/element/98720f75-4957-48c9-8b1e-5624d7128474/click HTTP/1.1
User-Agent: selenium/4.4.0 (java windows)
Content-Length: 50
Content-Type: application/json; charset=utf-8
host: localhost:57773
accept: */*

Response DefaultHttpResponse(decodeResult: success, version: HTTP/1.1)
HTTP/1.1 200 OK
Content-Type: application/json; charset=utf-8
cache-control: no-cache
content-length: 14

10:08:51.721 [AsyncHttpClient-1-10] DEBUG org.asynchttpclient.netty.channel.ChannelManager - Adding key: http://localhost:57773 for channel [id: 0xe92133be, L:/127.0.0.1:61613 - R:localhost/127.0.0.1:57773]
10:08:51.736 [Forwarding getCurrentWindowHandle on session bc854607942dfbab35e417489e35434d to remote] DEBUG org.asynchttpclient.netty.request.NettyRequestSender - Using pooled Channel '[id: 0xe92133be, L:/127.0.0.1:61613 - R:localhost/127.0.0.1:57773]' for 'GET' to 'http://localhost:57773/session/bc854607942dfbab35e417489e35434d/window'
10:08:51.736 [Forwarding getCurrentWindowHandle on session bc854607942dfbab35e417489e35434d to remote] DEBUG org.asynchttpclient.netty.request.NettyRequestSender - Using open Channel [id: 0xe92133be, L:/127.0.0.1:61613 - R:localhost/127.0.0.1:57773] for GET '/session/bc854607942dfbab35e417489e35434d/window'
10:08:51.737 [AsyncHttpClient-1-10] DEBUG org.asynchttpclient.netty.handler.HttpHandler - 

Request DefaultFullHttpRequest(decodeResult: success, version: HTTP/1.1, content: EmptyByteBufBE)
GET /session/bc854607942dfbab35e417489e35434d/window HTTP/1.1
User-Agent: selenium/4.4.0 (java windows)
Cache-Control: no-cache
Content-Type: application/json; charset=utf-8
host: localhost:57773
accept: */*

Response DefaultHttpResponse(decodeResult: success, version: HTTP/1.1)
HTTP/1.1 200 OK
Content-Type: application/json; charset=utf-8
cache-control: no-cache
content-length: 53

10:08:51.737 [AsyncHttpClient-1-10] DEBUG org.asynchttpclient.netty.channel.ChannelManager - Adding key: http://localhost:57773 for channel [id: 0xe92133be, L:/127.0.0.1:61613 - R:localhost/127.0.0.1:57773]
10:08:51.740 [Forwarding getAlertText on session bc854607942dfbab35e417489e35434d to remote] DEBUG org.asynchttpclient.netty.request.NettyRequestSender - Using pooled Channel '[id: 0xe92133be, L:/127.0.0.1:61613 - R:localhost/127.0.0.1:57773]' for 'GET' to 'http://localhost:57773/session/bc854607942dfbab35e417489e35434d/alert/text'
10:08:51.740 [Forwarding getAlertText on session bc854607942dfbab35e417489e35434d to remote] DEBUG org.asynchttpclient.netty.request.NettyRequestSender - Using open Channel [id: 0xe92133be, L:/127.0.0.1:61613 - R:localhost/127.0.0.1:57773] for GET '/session/bc854607942dfbab35e417489e35434d/alert/text'
10:08:51.742 [AsyncHttpClient-1-10] DEBUG org.asynchttpclient.netty.handler.HttpHandler - 

Request DefaultFullHttpRequest(decodeResult: success, version: HTTP/1.1, content: EmptyByteBufBE)
GET /session/bc854607942dfbab35e417489e35434d/alert/text HTTP/1.1
User-Agent: selenium/4.4.0 (java windows)
Cache-Control: no-cache
Content-Type: application/json; charset=utf-8
host: localhost:57773
accept: */*

Response DefaultHttpResponse(decodeResult: success, version: HTTP/1.1)
HTTP/1.1 404 Not Found
Content-Type: application/json; charset=utf-8
cache-control: no-cache
content-length: 879

10:08:51.742 [AsyncHttpClient-1-10] DEBUG org.asynchttpclient.netty.channel.ChannelManager - Adding key: http://localhost:57773 for channel [id: 0xe92133be, L:/127.0.0.1:61613 - R:localhost/127.0.0.1:57773]
10:08:51.746 [Forwarding switchToWindow on session bc854607942dfbab35e417489e35434d to remote] DEBUG org.asynchttpclient.netty.request.NettyRequestSender - Using pooled Channel '[id: 0xe92133be, L:/127.0.0.1:61613 - R:localhost/127.0.0.1:57773]' for 'POST' to 'http://localhost:57773/session/bc854607942dfbab35e417489e35434d/window'
10:08:51.746 [Forwarding switchToWindow on session bc854607942dfbab35e417489e35434d to remote] DEBUG org.asynchttpclient.netty.request.NettyRequestSender - Using open Channel [id: 0xe92133be, L:/127.0.0.1:61613 - R:localhost/127.0.0.1:57773] for POST '/session/bc854607942dfbab35e417489e35434d/window'
10:08:51.748 [AsyncHttpClient-1-10] DEBUG org.asynchttpclient.netty.handler.HttpHandler - 

Request DefaultHttpRequest(decodeResult: success, version: HTTP/1.1)
POST /session/bc854607942dfbab35e417489e35434d/window HTTP/1.1
User-Agent: selenium/4.4.0 (java windows)
Content-Length: 59
Content-Type: application/json; charset=utf-8
host: localhost:57773
accept: */*

Response DefaultHttpResponse(decodeResult: success, version: HTTP/1.1)
HTTP/1.1 200 OK
Content-Type: application/json; charset=utf-8
cache-control: no-cache
content-length: 14

10:08:51.748 [AsyncHttpClient-1-10] DEBUG org.asynchttpclient.netty.channel.ChannelManager - Adding key: http://localhost:57773 for channel [id: 0xe92133be, L:/127.0.0.1:61613 - R:localhost/127.0.0.1:57773]
10:08:51.749 [Forwarding getCurrentUrl on session bc854607942dfbab35e417489e35434d to remote] DEBUG org.asynchttpclient.netty.request.NettyRequestSender - Using pooled Channel '[id: 0xe92133be, L:/127.0.0.1:61613 - R:localhost/127.0.0.1:57773]' for 'GET' to 'http://localhost:57773/session/bc854607942dfbab35e417489e35434d/url'
10:08:51.749 [Forwarding getCurrentUrl on session bc854607942dfbab35e417489e35434d to remote] DEBUG org.asynchttpclient.netty.request.NettyRequestSender - Using open Channel [id: 0xe92133be, L:/127.0.0.1:61613 - R:localhost/127.0.0.1:57773] for GET '/session/bc854607942dfbab35e417489e35434d/url'
10:08:51.752 [AsyncHttpClient-1-10] DEBUG org.asynchttpclient.netty.handler.HttpHandler - 

Request DefaultFullHttpRequest(decodeResult: success, version: HTTP/1.1, content: EmptyByteBufBE)
GET /session/bc854607942dfbab35e417489e35434d/url HTTP/1.1
User-Agent: selenium/4.4.0 (java windows)
Cache-Control: no-cache
Content-Type: application/json; charset=utf-8
host: localhost:57773
accept: */*

Response DefaultHttpResponse(decodeResult: success, version: HTTP/1.1)
HTTP/1.1 200 OK
Content-Type: application/json; charset=utf-8
cache-control: no-cache
content-length: 52

10:08:51.752 [AsyncHttpClient-1-10] DEBUG org.asynchttpclient.netty.channel.ChannelManager - Adding key: http://localhost:57773 for channel [id: 0xe92133be, L:/127.0.0.1:61613 - R:localhost/127.0.0.1:57773]
10:08:51.753 [Forwarding screenshot on session bc854607942dfbab35e417489e35434d to remote] DEBUG org.asynchttpclient.netty.request.NettyRequestSender - Using pooled Channel '[id: 0xe92133be, L:/127.0.0.1:61613 - R:localhost/127.0.0.1:57773]' for 'GET' to 'http://localhost:57773/session/bc854607942dfbab35e417489e35434d/screenshot'
10:08:51.753 [Forwarding screenshot on session bc854607942dfbab35e417489e35434d to remote] DEBUG org.asynchttpclient.netty.request.NettyRequestSender - Using open Channel [id: 0xe92133be, L:/127.0.0.1:61613 - R:localhost/127.0.0.1:57773] for GET '/session/bc854607942dfbab35e417489e35434d/screenshot'
10:08:51.891 [AsyncHttpClient-1-10] DEBUG org.asynchttpclient.netty.handler.HttpHandler - 

Request DefaultFullHttpRequest(decodeResult: success, version: HTTP/1.1, content: EmptyByteBufBE)
GET /session/bc854607942dfbab35e417489e35434d/screenshot HTTP/1.1
User-Agent: selenium/4.4.0 (java windows)
Cache-Control: no-cache
Content-Type: application/json; charset=utf-8
host: localhost:57773
accept: */*

Response DefaultHttpResponse(decodeResult: success, version: HTTP/1.1)
HTTP/1.1 200 OK
Content-Type: application/json; charset=utf-8
cache-control: no-cache
content-length: 366332

10:08:51.891 [AsyncHttpClient-1-10] DEBUG org.asynchttpclient.netty.channel.ChannelManager - Adding key: http://localhost:57773 for channel [id: 0xe92133be, L:/127.0.0.1:61613 - R:localhost/127.0.0.1:57773]
10:08:51.897 [Test worker] DEBUG net.serenitybdd.core.photography.Darkroom - Send negative for processing for C:\Users\juan.gomezv\IdeaProjects\sura\target\site\serenity\02c0b79d13182df194e54b2fd17f1c65d9b1f19100fd72c594d7ac5f247f8171.png
10:08:51.897 [Test worker] DEBUG net.thucydides.core.steps.StepInterceptor - STEP DONE: {0} clicks on #element
10:08:51.904 [Test worker] DEBUG net.thucydides.core.steps.StepInterceptor - STEP DONE: performAs
10:08:51.910 [Test worker] DEBUG net.thucydides.core.steps.StepInterceptor - STEP DONE: performAs
  ?[32mY ?[0m?[32m?[0m?[32m?[1mAna?[0m?[32m hace click en el boton del ?[0m?[32m?[1m5?[0m?[32m articulo?[0m                                      ?[90m# sura.stepDefinitions.PurchaseSteps.haceClickEnElBotonDelArticulo(net.serenitybdd.screenplay.Actor,java.lang.Integer)?[0m
10:08:51.922 [Forwarding getPageSource on session bc854607942dfbab35e417489e35434d to remote] DEBUG org.asynchttpclient.netty.request.NettyRequestSender - Using pooled Channel '[id: 0xe92133be, L:/127.0.0.1:61613 - R:localhost/127.0.0.1:57773]' for 'POST' to 'http://localhost:57773/session/bc854607942dfbab35e417489e35434d/execute/sync'
10:08:51.922 [Forwarding getPageSource on session bc854607942dfbab35e417489e35434d to remote] DEBUG org.asynchttpclient.netty.request.NettyRequestSender - Using open Channel [id: 0xe92133be, L:/127.0.0.1:61613 - R:localhost/127.0.0.1:57773] for POST '/session/bc854607942dfbab35e417489e35434d/execute/sync'
10:08:51.926 [AsyncHttpClient-1-10] DEBUG org.asynchttpclient.netty.handler.HttpHandler - 

Request DefaultHttpRequest(decodeResult: success, version: HTTP/1.1)
POST /session/bc854607942dfbab35e417489e35434d/execute/sync HTTP/1.1
User-Agent: selenium/4.4.0 (java windows)
Content-Length: 176
Content-Type: application/json; charset=utf-8
host: localhost:57773
accept: */*

Response DefaultHttpResponse(decodeResult: success, version: HTTP/1.1)
HTTP/1.1 200 OK
Content-Type: application/json; charset=utf-8
cache-control: no-cache
content-length: 15270

10:08:51.926 [AsyncHttpClient-1-10] DEBUG org.asynchttpclient.netty.channel.ChannelManager - Adding key: http://localhost:57773 for channel [id: 0xe92133be, L:/127.0.0.1:61613 - R:localhost/127.0.0.1:57773]
10:08:51.928 [Forwarding getCurrentUrl on session bc854607942dfbab35e417489e35434d to remote] DEBUG org.asynchttpclient.netty.request.NettyRequestSender - Using pooled Channel '[id: 0xe92133be, L:/127.0.0.1:61613 - R:localhost/127.0.0.1:57773]' for 'GET' to 'http://localhost:57773/session/bc854607942dfbab35e417489e35434d/url'
10:08:51.928 [Forwarding getCurrentUrl on session bc854607942dfbab35e417489e35434d to remote] DEBUG org.asynchttpclient.netty.request.NettyRequestSender - Using open Channel [id: 0xe92133be, L:/127.0.0.1:61613 - R:localhost/127.0.0.1:57773] for GET '/session/bc854607942dfbab35e417489e35434d/url'
10:08:51.932 [AsyncHttpClient-1-10] DEBUG org.asynchttpclient.netty.handler.HttpHandler - 

Request DefaultFullHttpRequest(decodeResult: success, version: HTTP/1.1, content: EmptyByteBufBE)
GET /session/bc854607942dfbab35e417489e35434d/url HTTP/1.1
User-Agent: selenium/4.4.0 (java windows)
Cache-Control: no-cache
Content-Type: application/json; charset=utf-8
host: localhost:57773
accept: */*

Response DefaultHttpResponse(decodeResult: success, version: HTTP/1.1)
HTTP/1.1 200 OK
Content-Type: application/json; charset=utf-8
cache-control: no-cache
content-length: 52

10:08:51.932 [AsyncHttpClient-1-10] DEBUG org.asynchttpclient.netty.channel.ChannelManager - Adding key: http://localhost:57773 for channel [id: 0xe92133be, L:/127.0.0.1:61613 - R:localhost/127.0.0.1:57773]
  ?[32mEntonces ?[0m?[32mve ?[0m?[32m?[1m"3"?[0m?[32m items en el icono del carrito de compras?[0m                         ?[90m# sura.stepDefinitions.PurchaseSteps.veQueElIconoDelCarritoMuestraProductosEnLaBolsa(java.lang.String)?[0m
10:08:51.940 [Test worker] INFO  - 
  _____   ___   ___   _____     ___     _     ___   ___   ___   ___  
 |_   _| | __| / __| |_   _|   | _ \   /_\   / __| / __| | __| |   \ 
   | |   | _|  \__ \   | |     |  _/  / _ \  \__ \ \__ \ | _|  | |) |
   |_|   |___| |___/   |_|     |_|   /_/ \_\ |___/ |___/ |___| |___/ 

Añadir articulos al carrito de compras
----------------------------------------------------------------------
10:08:51.941 [Driver Command Executor] DEBUG org.asynchttpclient.netty.request.NettyRequestSender - Using pooled Channel '[id: 0xe92133be, L:/127.0.0.1:61613 - R:localhost/127.0.0.1:57773]' for 'DELETE' to 'http://localhost:57773/session/bc854607942dfbab35e417489e35434d'
10:08:51.941 [Driver Command Executor] DEBUG org.asynchttpclient.netty.request.NettyRequestSender - Using open Channel [id: 0xe92133be, L:/127.0.0.1:61613 - R:localhost/127.0.0.1:57773] for DELETE '/session/bc854607942dfbab35e417489e35434d'
10:08:51.941 [AsyncHttpClient-1-12] DEBUG org.asynchttpclient.netty.handler.WebSocketHandler - Channel Closed: [id: 0xe26a2063, L:/127.0.0.1:61621 ! R:localhost/127.0.0.1:61614] with attribute NettyResponseFuture{currentRetry=0,
	isDone=1,
	isCancelled=0,
	asyncHandler=org.asynchttpclient.ws.WebSocketUpgradeHandler@75504f3c,
	nettyRequest=org.asynchttpclient.netty.request.NettyRequest@11c83994,
	future=java.util.concurrent.CompletableFuture@2471d516[Completed normally],
	uri=ws://localhost:61614/devtools/browser/a03c0da3-23c3-433e-9b1b-e00d831bd490,
	keepAlive=true,
	redirectCount=0,
	timeoutsHolder=null,
	inAuth=0,
	touch=1664204928819}
10:08:51.941 [AsyncHttpClient-1-12] DEBUG org.asynchttpclient.netty.channel.ChannelManager - Closing Channel [id: 0xe26a2063, L:/127.0.0.1:61621 ! R:localhost/127.0.0.1:61614] 
10:08:51.973 [AsyncHttpClient-1-11] DEBUG org.asynchttpclient.netty.handler.HttpHandler - Unexpected I/O exception on channel [id: 0x3b241a42, L:/127.0.0.1:61620 - R:localhost/127.0.0.1:61614]
java.net.SocketException: Connection reset
	at java.base/sun.nio.ch.SocketChannelImpl.throwConnectionReset(SocketChannelImpl.java:394)
	at java.base/sun.nio.ch.SocketChannelImpl.read(SocketChannelImpl.java:426)
	at io.netty.buffer.PooledByteBuf.setBytes(PooledByteBuf.java:258)
	at io.netty.buffer.AbstractByteBuf.writeBytes(AbstractByteBuf.java:1132)
	at io.netty.channel.socket.nio.NioSocketChannel.doReadBytes(NioSocketChannel.java:357)
	at io.netty.channel.nio.AbstractNioByteChannel$NioByteUnsafe.read(AbstractNioByteChannel.java:151)
	at io.netty.channel.nio.NioEventLoop.processSelectedKey(NioEventLoop.java:722)
	at io.netty.channel.nio.NioEventLoop.processSelectedKeysOptimized(NioEventLoop.java:658)
	at io.netty.channel.nio.NioEventLoop.processSelectedKeys(NioEventLoop.java:584)
	at io.netty.channel.nio.NioEventLoop.run(NioEventLoop.java:496)
	at io.netty.util.concurrent.SingleThreadEventExecutor$4.run(SingleThreadEventExecutor.java:997)
	at io.netty.util.internal.ThreadExecutorMap$2.run(ThreadExecutorMap.java:74)
	at io.netty.util.concurrent.FastThreadLocalRunnable.run(FastThreadLocalRunnable.java:30)
	at java.base/java.lang.Thread.run(Thread.java:833)
10:08:51.974 [AsyncHttpClient-1-11] DEBUG org.asynchttpclient.netty.channel.ChannelManager - Closing Channel [id: 0x3b241a42, L:/127.0.0.1:61620 - R:localhost/127.0.0.1:61614] 
10:08:51.974 [AsyncHttpClient-1-11] DEBUG org.asynchttpclient.netty.handler.HttpHandler - Channel Closed: [id: 0x3b241a42, L:/127.0.0.1:61620 ! R:localhost/127.0.0.1:61614] with attribute DISCARD
10:08:51.994 [AsyncHttpClient-1-10] DEBUG org.asynchttpclient.netty.handler.HttpHandler - 

Request DefaultFullHttpRequest(decodeResult: success, version: HTTP/1.1, content: EmptyByteBufBE)
DELETE /session/bc854607942dfbab35e417489e35434d HTTP/1.1
User-Agent: selenium/4.4.0 (java windows)
Content-Type: application/json; charset=utf-8
host: localhost:57773
accept: */*

Response DefaultHttpResponse(decodeResult: success, version: HTTP/1.1)
HTTP/1.1 200 OK
Content-Type: application/json; charset=utf-8
cache-control: no-cache
content-length: 14

10:08:51.994 [AsyncHttpClient-1-10] DEBUG org.asynchttpclient.netty.channel.ChannelManager - Adding key: http://localhost:57773 for channel [id: 0xe92133be, L:/127.0.0.1:61613 - R:localhost/127.0.0.1:57773]
10:08:52.050 [AsyncHttpClient-1-10] DEBUG org.asynchttpclient.netty.handler.HttpHandler - Channel Closed: [id: 0xe92133be, L:/127.0.0.1:61613 ! R:localhost/127.0.0.1:57773] with attribute DISCARD

Escenario: Quitar articulos al carrito de compras                                  ?[90m# src/test/resources/features/purchase.feature:13?[0m
10:08:52.117 [Test worker] INFO io.cucumber.core.plugin.SerenityReporter - Running feature from file:///C:/Users/juan.gomezv/IdeaProjects/sura/src/test/resources/features/purchase.feature
10:08:52.118 [Test worker] INFO  - 
  _____   ___   ___   _____     ___   _____     _     ___   _____   ___   ___  
 |_   _| | __| / __| |_   _|   / __| |_   _|   /_\   | _ \ |_   _| | __| |   \ 
   | |   | _|  \__ \   | |     \__ \   | |    / _ \  |   /   | |   | _|  | |) |
   |_|   |___| |___/   |_|     |___/   |_|   /_/ \_\ |_|_\   |_|   |___| |___/ 

Quitar articulos al carrito de compras(comprar-productos;quitar-articulos-al-carrito-de-compras)
--------------------------------------------------------------------------------
10:08:52.126 [Test worker] DEBUG net.thucydides.core.steps.StepInterceptor - STARTING STEP: SharedBackgroundSteps.ingresaConUnaCuentaValidaASwaglabs - {0} abre la aplicaciÃ³n
10:08:52.128 [Test worker] DEBUG net.thucydides.core.steps.StepInterceptor - STARTING STEP: NavigateTo.performAs - {0} opens the #targetPageName
10:08:52.171 [Test worker] INFO net.serenitybdd.core.webdriver.driverproviders.ChromeDriverProvider - Starting Chrome driver instance with capabilities:
10:08:52.172 [Test worker] INFO net.serenitybdd.core.webdriver.driverproviders.ChromeDriverProvider - Capabilities {acceptInsecureCerts: false, browserName: chrome, goog:chromeOptions: {args: [], extensions: []}}
10:08:52.245 [AsyncHttpClient-1-13] DEBUG org.asynchttpclient.netty.channel.NettyConnectListener - Using new Channel '[id: 0x7c11f7a9, L:/127.0.0.1:61639 - R:localhost/127.0.0.1:53766]' for 'POST' to '/session'
10:08:52.713 [AsyncHttpClient-1-1] DEBUG org.asynchttpclient.netty.channel.DefaultChannelPool - Entry count for : http://localhost:57773 : 1
10:08:52.713 [AsyncHttpClient-1-1] DEBUG org.asynchttpclient.netty.channel.DefaultChannelPool - Entry count for : http://localhost:61614 : 1
10:08:52.713 [AsyncHttpClient-1-1] DEBUG org.asynchttpclient.netty.channel.DefaultChannelPool - Adding Candidate expired Channel [id: 0xe92133be, L:/127.0.0.1:61613 ! R:localhost/127.0.0.1:57773] isIdleTimeoutExpired=false isRemotelyClosed=true isTtlExpired=false
10:08:52.713 [AsyncHttpClient-1-1] DEBUG org.asynchttpclient.netty.channel.DefaultChannelPool - Closing Idle Channel [id: 0xe92133be, L:/127.0.0.1:61613 ! R:localhost/127.0.0.1:57773]
10:08:52.713 [AsyncHttpClient-1-1] DEBUG org.asynchttpclient.netty.channel.DefaultChannelPool - Adding Candidate expired Channel [id: 0x3b241a42, L:/127.0.0.1:61620 ! R:localhost/127.0.0.1:61614] isIdleTimeoutExpired=false isRemotelyClosed=true isTtlExpired=false
10:08:52.713 [AsyncHttpClient-1-1] DEBUG org.asynchttpclient.netty.channel.DefaultChannelPool - Closing Idle Channel [id: 0x3b241a42, L:/127.0.0.1:61620 ! R:localhost/127.0.0.1:61614]
10:08:52.713 [AsyncHttpClient-1-1] DEBUG org.asynchttpclient.netty.channel.DefaultChannelPool - Closed 2 connections out of 2 in 0 ms
10:08:52.836 [AsyncHttpClient-1-13] DEBUG org.asynchttpclient.netty.handler.HttpHandler - 

Request DefaultHttpRequest(decodeResult: success, version: HTTP/1.1)
POST /session HTTP/1.1
User-Agent: selenium/4.4.0 (java windows)
Content-Length: 437
Content-Type: application/json; charset=utf-8
host: localhost:53766
accept: */*

Response DefaultHttpResponse(decodeResult: success, version: HTTP/1.1)
HTTP/1.1 200 OK
Content-Type: application/json; charset=utf-8
cache-control: no-cache
content-length: 794

10:08:52.837 [AsyncHttpClient-1-13] DEBUG org.asynchttpclient.netty.channel.ChannelManager - Adding key: http://localhost:53766 for channel [id: 0x7c11f7a9, L:/127.0.0.1:61639 - R:localhost/127.0.0.1:53766]
10:08:52.844 [AsyncHttpClient-1-14] DEBUG org.asynchttpclient.netty.channel.NettyConnectListener - Using new Channel '[id: 0x0f1ba8dc, L:/127.0.0.1:61646 - R:localhost/127.0.0.1:61640]' for 'GET' to '/json/version'
10:08:52.845 [AsyncHttpClient-1-14] DEBUG org.asynchttpclient.netty.handler.HttpHandler - 

Request DefaultFullHttpRequest(decodeResult: success, version: HTTP/1.1, content: EmptyByteBufBE)
GET /json/version HTTP/1.1
User-Agent: selenium/4.4.0 (java windows)
host: localhost:61640
accept: */*

Response DefaultHttpResponse(decodeResult: success, version: HTTP/1.1)
HTTP/1.1 200 OK
Content-Type: application/json; charset=UTF-8
content-length: 423

10:08:52.845 [AsyncHttpClient-1-14] DEBUG org.asynchttpclient.netty.channel.ChannelManager - Adding key: http://localhost:61640 for channel [id: 0x0f1ba8dc, L:/127.0.0.1:61646 - R:localhost/127.0.0.1:61640]
10:08:52.848 [AsyncHttpClient-1-15] DEBUG org.asynchttpclient.netty.channel.NettyConnectListener - Using new Channel '[id: 0x9ded97bf, L:/127.0.0.1:61647 - R:localhost/127.0.0.1:61640]' for 'GET' to '/devtools/browser/a781a1a3-eb66-4c2b-972e-dfcd182b7d27'
10:08:52.849 [AsyncHttpClient-1-15] DEBUG org.asynchttpclient.netty.handler.WebSocketHandler - 

Request DefaultFullHttpRequest(decodeResult: success, version: HTTP/1.1, content: EmptyByteBufBE)
GET /devtools/browser/a781a1a3-eb66-4c2b-972e-dfcd182b7d27 HTTP/1.1
upgrade: websocket
connection: upgrade
sec-websocket-key: vPz2DofRXAFnc80+7sCs9A==
sec-websocket-version: 13
origin: http://localhost:61640
host: localhost:61640
accept: */*
user-agent: AHC/2.1

Response DefaultHttpResponse(decodeResult: success, version: HTTP/1.1)
HTTP/1.1 101 WebSocket Protocol Handshake
Upgrade: WebSocket
Connection: Upgrade
Sec-WebSocket-Accept: vhezMhoGUCDlkqwq3pp594sfpQA=

10:08:52.853 [Forwarding get on session 2089d4a5154639406bcb77e81f190746 to remote] DEBUG org.asynchttpclient.netty.request.NettyRequestSender - Using pooled Channel '[id: 0x7c11f7a9, L:/127.0.0.1:61639 - R:localhost/127.0.0.1:53766]' for 'POST' to 'http://localhost:53766/session/2089d4a5154639406bcb77e81f190746/url'
10:08:52.854 [Forwarding get on session 2089d4a5154639406bcb77e81f190746 to remote] DEBUG org.asynchttpclient.netty.request.NettyRequestSender - Using open Channel [id: 0x7c11f7a9, L:/127.0.0.1:61639 - R:localhost/127.0.0.1:53766] for POST '/session/2089d4a5154639406bcb77e81f190746/url'
10:08:53.124 [AsyncHttpClient-1-13] DEBUG org.asynchttpclient.netty.handler.HttpHandler - 

Request DefaultHttpRequest(decodeResult: success, version: HTTP/1.1)
POST /session/2089d4a5154639406bcb77e81f190746/url HTTP/1.1
User-Agent: selenium/4.4.0 (java windows)
Content-Length: 40
Content-Type: application/json; charset=utf-8
host: localhost:53766
accept: */*

Response DefaultHttpResponse(decodeResult: success, version: HTTP/1.1)
HTTP/1.1 200 OK
Content-Type: application/json; charset=utf-8
cache-control: no-cache
content-length: 14

10:08:53.124 [AsyncHttpClient-1-13] DEBUG org.asynchttpclient.netty.channel.ChannelManager - Adding key: http://localhost:53766 for channel [id: 0x7c11f7a9, L:/127.0.0.1:61639 - R:localhost/127.0.0.1:53766]
10:08:53.125 [Forwarding setTimeout on session 2089d4a5154639406bcb77e81f190746 to remote] DEBUG org.asynchttpclient.netty.request.NettyRequestSender - Using pooled Channel '[id: 0x7c11f7a9, L:/127.0.0.1:61639 - R:localhost/127.0.0.1:53766]' for 'POST' to 'http://localhost:53766/session/2089d4a5154639406bcb77e81f190746/timeouts'
10:08:53.125 [Forwarding setTimeout on session 2089d4a5154639406bcb77e81f190746 to remote] DEBUG org.asynchttpclient.netty.request.NettyRequestSender - Using open Channel [id: 0x7c11f7a9, L:/127.0.0.1:61639 - R:localhost/127.0.0.1:53766] for POST '/session/2089d4a5154639406bcb77e81f190746/timeouts'
10:08:53.126 [AsyncHttpClient-1-13] DEBUG org.asynchttpclient.netty.handler.HttpHandler - 

Request DefaultHttpRequest(decodeResult: success, version: HTTP/1.1)
POST /session/2089d4a5154639406bcb77e81f190746/timeouts HTTP/1.1
User-Agent: selenium/4.4.0 (java windows)
Content-Length: 22
Content-Type: application/json; charset=utf-8
host: localhost:53766
accept: */*

Response DefaultHttpResponse(decodeResult: success, version: HTTP/1.1)
HTTP/1.1 200 OK
Content-Type: application/json; charset=utf-8
cache-control: no-cache
content-length: 14

10:08:53.126 [AsyncHttpClient-1-13] DEBUG org.asynchttpclient.netty.channel.ChannelManager - Adding key: http://localhost:53766 for channel [id: 0x7c11f7a9, L:/127.0.0.1:61639 - R:localhost/127.0.0.1:53766]
10:08:53.133 [Forwarding getCurrentUrl on session 2089d4a5154639406bcb77e81f190746 to remote] DEBUG org.asynchttpclient.netty.request.NettyRequestSender - Using pooled Channel '[id: 0x7c11f7a9, L:/127.0.0.1:61639 - R:localhost/127.0.0.1:53766]' for 'GET' to 'http://localhost:53766/session/2089d4a5154639406bcb77e81f190746/url'
10:08:53.133 [Forwarding getCurrentUrl on session 2089d4a5154639406bcb77e81f190746 to remote] DEBUG org.asynchttpclient.netty.request.NettyRequestSender - Using open Channel [id: 0x7c11f7a9, L:/127.0.0.1:61639 - R:localhost/127.0.0.1:53766] for GET '/session/2089d4a5154639406bcb77e81f190746/url'
10:08:53.139 [AsyncHttpClient-1-13] DEBUG org.asynchttpclient.netty.handler.HttpHandler - 

Request DefaultFullHttpRequest(decodeResult: success, version: HTTP/1.1, content: EmptyByteBufBE)
GET /session/2089d4a5154639406bcb77e81f190746/url HTTP/1.1
User-Agent: selenium/4.4.0 (java windows)
Cache-Control: no-cache
Content-Type: application/json; charset=utf-8
host: localhost:53766
accept: */*

Response DefaultHttpResponse(decodeResult: success, version: HTTP/1.1)
HTTP/1.1 200 OK
Content-Type: application/json; charset=utf-8
cache-control: no-cache
content-length: 38

10:08:53.139 [AsyncHttpClient-1-13] DEBUG org.asynchttpclient.netty.channel.ChannelManager - Adding key: http://localhost:53766 for channel [id: 0x7c11f7a9, L:/127.0.0.1:61639 - R:localhost/127.0.0.1:53766]
10:08:53.148 [Forwarding getCurrentUrl on session 2089d4a5154639406bcb77e81f190746 to remote] DEBUG org.asynchttpclient.netty.request.NettyRequestSender - Using pooled Channel '[id: 0x7c11f7a9, L:/127.0.0.1:61639 - R:localhost/127.0.0.1:53766]' for 'GET' to 'http://localhost:53766/session/2089d4a5154639406bcb77e81f190746/url'
10:08:53.149 [Forwarding getCurrentUrl on session 2089d4a5154639406bcb77e81f190746 to remote] DEBUG org.asynchttpclient.netty.request.NettyRequestSender - Using open Channel [id: 0x7c11f7a9, L:/127.0.0.1:61639 - R:localhost/127.0.0.1:53766] for GET '/session/2089d4a5154639406bcb77e81f190746/url'
10:08:53.152 [AsyncHttpClient-1-13] DEBUG org.asynchttpclient.netty.handler.HttpHandler - 

Request DefaultFullHttpRequest(decodeResult: success, version: HTTP/1.1, content: EmptyByteBufBE)
GET /session/2089d4a5154639406bcb77e81f190746/url HTTP/1.1
User-Agent: selenium/4.4.0 (java windows)
Cache-Control: no-cache
Content-Type: application/json; charset=utf-8
host: localhost:53766
accept: */*

Response DefaultHttpResponse(decodeResult: success, version: HTTP/1.1)
HTTP/1.1 200 OK
Content-Type: application/json; charset=utf-8
cache-control: no-cache
content-length: 38

10:08:53.152 [AsyncHttpClient-1-13] DEBUG org.asynchttpclient.netty.channel.ChannelManager - Adding key: http://localhost:53766 for channel [id: 0x7c11f7a9, L:/127.0.0.1:61639 - R:localhost/127.0.0.1:53766]
10:08:53.164 [Forwarding getCurrentWindowHandle on session 2089d4a5154639406bcb77e81f190746 to remote] DEBUG org.asynchttpclient.netty.request.NettyRequestSender - Using pooled Channel '[id: 0x7c11f7a9, L:/127.0.0.1:61639 - R:localhost/127.0.0.1:53766]' for 'GET' to 'http://localhost:53766/session/2089d4a5154639406bcb77e81f190746/window'
10:08:53.164 [Forwarding getCurrentWindowHandle on session 2089d4a5154639406bcb77e81f190746 to remote] DEBUG org.asynchttpclient.netty.request.NettyRequestSender - Using open Channel [id: 0x7c11f7a9, L:/127.0.0.1:61639 - R:localhost/127.0.0.1:53766] for GET '/session/2089d4a5154639406bcb77e81f190746/window'
10:08:53.165 [AsyncHttpClient-1-13] DEBUG org.asynchttpclient.netty.handler.HttpHandler - 

Request DefaultFullHttpRequest(decodeResult: success, version: HTTP/1.1, content: EmptyByteBufBE)
GET /session/2089d4a5154639406bcb77e81f190746/window HTTP/1.1
User-Agent: selenium/4.4.0 (java windows)
Cache-Control: no-cache
Content-Type: application/json; charset=utf-8
host: localhost:53766
accept: */*

Response DefaultHttpResponse(decodeResult: success, version: HTTP/1.1)
HTTP/1.1 200 OK
Content-Type: application/json; charset=utf-8
cache-control: no-cache
content-length: 53

10:08:53.165 [AsyncHttpClient-1-13] DEBUG org.asynchttpclient.netty.channel.ChannelManager - Adding key: http://localhost:53766 for channel [id: 0x7c11f7a9, L:/127.0.0.1:61639 - R:localhost/127.0.0.1:53766]
10:08:53.169 [Forwarding getAlertText on session 2089d4a5154639406bcb77e81f190746 to remote] DEBUG org.asynchttpclient.netty.request.NettyRequestSender - Using pooled Channel '[id: 0x7c11f7a9, L:/127.0.0.1:61639 - R:localhost/127.0.0.1:53766]' for 'GET' to 'http://localhost:53766/session/2089d4a5154639406bcb77e81f190746/alert/text'
10:08:53.169 [Forwarding getAlertText on session 2089d4a5154639406bcb77e81f190746 to remote] DEBUG org.asynchttpclient.netty.request.NettyRequestSender - Using open Channel [id: 0x7c11f7a9, L:/127.0.0.1:61639 - R:localhost/127.0.0.1:53766] for GET '/session/2089d4a5154639406bcb77e81f190746/alert/text'
10:08:53.170 [AsyncHttpClient-1-13] DEBUG org.asynchttpclient.netty.handler.HttpHandler - 

Request DefaultFullHttpRequest(decodeResult: success, version: HTTP/1.1, content: EmptyByteBufBE)
GET /session/2089d4a5154639406bcb77e81f190746/alert/text HTTP/1.1
User-Agent: selenium/4.4.0 (java windows)
Cache-Control: no-cache
Content-Type: application/json; charset=utf-8
host: localhost:53766
accept: */*

Response DefaultHttpResponse(decodeResult: success, version: HTTP/1.1)
HTTP/1.1 404 Not Found
Content-Type: application/json; charset=utf-8
cache-control: no-cache
content-length: 879

10:08:53.170 [AsyncHttpClient-1-13] DEBUG org.asynchttpclient.netty.channel.ChannelManager - Adding key: http://localhost:53766 for channel [id: 0x7c11f7a9, L:/127.0.0.1:61639 - R:localhost/127.0.0.1:53766]
10:08:53.175 [Forwarding switchToWindow on session 2089d4a5154639406bcb77e81f190746 to remote] DEBUG org.asynchttpclient.netty.request.NettyRequestSender - Using pooled Channel '[id: 0x7c11f7a9, L:/127.0.0.1:61639 - R:localhost/127.0.0.1:53766]' for 'POST' to 'http://localhost:53766/session/2089d4a5154639406bcb77e81f190746/window'
10:08:53.175 [Forwarding switchToWindow on session 2089d4a5154639406bcb77e81f190746 to remote] DEBUG org.asynchttpclient.netty.request.NettyRequestSender - Using open Channel [id: 0x7c11f7a9, L:/127.0.0.1:61639 - R:localhost/127.0.0.1:53766] for POST '/session/2089d4a5154639406bcb77e81f190746/window'
10:08:53.179 [AsyncHttpClient-1-13] DEBUG org.asynchttpclient.netty.handler.HttpHandler - 

Request DefaultHttpRequest(decodeResult: success, version: HTTP/1.1)
POST /session/2089d4a5154639406bcb77e81f190746/window HTTP/1.1
User-Agent: selenium/4.4.0 (java windows)
Content-Length: 59
Content-Type: application/json; charset=utf-8
host: localhost:53766
accept: */*

Response DefaultHttpResponse(decodeResult: success, version: HTTP/1.1)
HTTP/1.1 200 OK
Content-Type: application/json; charset=utf-8
cache-control: no-cache
content-length: 14

10:08:53.180 [AsyncHttpClient-1-13] DEBUG org.asynchttpclient.netty.channel.ChannelManager - Adding key: http://localhost:53766 for channel [id: 0x7c11f7a9, L:/127.0.0.1:61639 - R:localhost/127.0.0.1:53766]
10:08:53.181 [Forwarding getCurrentUrl on session 2089d4a5154639406bcb77e81f190746 to remote] DEBUG org.asynchttpclient.netty.request.NettyRequestSender - Using pooled Channel '[id: 0x7c11f7a9, L:/127.0.0.1:61639 - R:localhost/127.0.0.1:53766]' for 'GET' to 'http://localhost:53766/session/2089d4a5154639406bcb77e81f190746/url'
10:08:53.181 [Forwarding getCurrentUrl on session 2089d4a5154639406bcb77e81f190746 to remote] DEBUG org.asynchttpclient.netty.request.NettyRequestSender - Using open Channel [id: 0x7c11f7a9, L:/127.0.0.1:61639 - R:localhost/127.0.0.1:53766] for GET '/session/2089d4a5154639406bcb77e81f190746/url'
10:08:53.184 [AsyncHttpClient-1-13] DEBUG org.asynchttpclient.netty.handler.HttpHandler - 

Request DefaultFullHttpRequest(decodeResult: success, version: HTTP/1.1, content: EmptyByteBufBE)
GET /session/2089d4a5154639406bcb77e81f190746/url HTTP/1.1
User-Agent: selenium/4.4.0 (java windows)
Cache-Control: no-cache
Content-Type: application/json; charset=utf-8
host: localhost:53766
accept: */*

Response DefaultHttpResponse(decodeResult: success, version: HTTP/1.1)
HTTP/1.1 200 OK
Content-Type: application/json; charset=utf-8
cache-control: no-cache
content-length: 38

10:08:53.184 [AsyncHttpClient-1-13] DEBUG org.asynchttpclient.netty.channel.ChannelManager - Adding key: http://localhost:53766 for channel [id: 0x7c11f7a9, L:/127.0.0.1:61639 - R:localhost/127.0.0.1:53766]
10:08:53.185 [Forwarding screenshot on session 2089d4a5154639406bcb77e81f190746 to remote] DEBUG org.asynchttpclient.netty.request.NettyRequestSender - Using pooled Channel '[id: 0x7c11f7a9, L:/127.0.0.1:61639 - R:localhost/127.0.0.1:53766]' for 'GET' to 'http://localhost:53766/session/2089d4a5154639406bcb77e81f190746/screenshot'
10:08:53.185 [Forwarding screenshot on session 2089d4a5154639406bcb77e81f190746 to remote] DEBUG org.asynchttpclient.netty.request.NettyRequestSender - Using open Channel [id: 0x7c11f7a9, L:/127.0.0.1:61639 - R:localhost/127.0.0.1:53766] for GET '/session/2089d4a5154639406bcb77e81f190746/screenshot'
10:08:53.281 [AsyncHttpClient-1-13] DEBUG org.asynchttpclient.netty.handler.HttpHandler - 

Request DefaultFullHttpRequest(decodeResult: success, version: HTTP/1.1, content: EmptyByteBufBE)
GET /session/2089d4a5154639406bcb77e81f190746/screenshot HTTP/1.1
User-Agent: selenium/4.4.0 (java windows)
Cache-Control: no-cache
Content-Type: application/json; charset=utf-8
host: localhost:53766
accept: */*

Response DefaultHttpResponse(decodeResult: success, version: HTTP/1.1)
HTTP/1.1 200 OK
Content-Type: application/json; charset=utf-8
cache-control: no-cache
content-length: 59108

10:08:53.282 [AsyncHttpClient-1-13] DEBUG org.asynchttpclient.netty.channel.ChannelManager - Adding key: http://localhost:53766 for channel [id: 0x7c11f7a9, L:/127.0.0.1:61639 - R:localhost/127.0.0.1:53766]
10:08:53.283 [Test worker] DEBUG net.serenitybdd.core.photography.Darkroom - Send negative for processing for C:\Users\juan.gomezv\IdeaProjects\sura\target\site\serenity\60e3c498caf7a8fcf635471a5092c247627e1395d91e12246eaf1a3e7a34e095.png
10:08:53.283 [Test worker] DEBUG net.thucydides.core.steps.StepInterceptor - STEP DONE: {0} opens the #targetPageName
10:08:53.291 [Test worker] DEBUG net.thucydides.core.steps.StepInterceptor - STEP DONE: {0} abre la aplicaciÃ³n
10:08:53.298 [Forwarding getPageSource on session 2089d4a5154639406bcb77e81f190746 to remote] DEBUG org.asynchttpclient.netty.request.NettyRequestSender - Using pooled Channel '[id: 0x7c11f7a9, L:/127.0.0.1:61639 - R:localhost/127.0.0.1:53766]' for 'POST' to 'http://localhost:53766/session/2089d4a5154639406bcb77e81f190746/execute/sync'
10:08:53.298 [Forwarding getPageSource on session 2089d4a5154639406bcb77e81f190746 to remote] DEBUG org.asynchttpclient.netty.request.NettyRequestSender - Using open Channel [id: 0x7c11f7a9, L:/127.0.0.1:61639 - R:localhost/127.0.0.1:53766] for POST '/session/2089d4a5154639406bcb77e81f190746/execute/sync'
10:08:53.303 [AsyncHttpClient-1-13] DEBUG org.asynchttpclient.netty.handler.HttpHandler - 

Request DefaultHttpRequest(decodeResult: success, version: HTTP/1.1)
POST /session/2089d4a5154639406bcb77e81f190746/execute/sync HTTP/1.1
User-Agent: selenium/4.4.0 (java windows)
Content-Length: 176
Content-Type: application/json; charset=utf-8
host: localhost:53766
accept: */*

Response DefaultHttpResponse(decodeResult: success, version: HTTP/1.1)
HTTP/1.1 200 OK
Content-Type: application/json; charset=utf-8
cache-control: no-cache
content-length: 4160

10:08:53.303 [AsyncHttpClient-1-13] DEBUG org.asynchttpclient.netty.channel.ChannelManager - Adding key: http://localhost:53766 for channel [id: 0x7c11f7a9, L:/127.0.0.1:61639 - R:localhost/127.0.0.1:53766]
10:08:53.304 [Forwarding getCurrentUrl on session 2089d4a5154639406bcb77e81f190746 to remote] DEBUG org.asynchttpclient.netty.request.NettyRequestSender - Using pooled Channel '[id: 0x7c11f7a9, L:/127.0.0.1:61639 - R:localhost/127.0.0.1:53766]' for 'GET' to 'http://localhost:53766/session/2089d4a5154639406bcb77e81f190746/url'
10:08:53.304 [Forwarding getCurrentUrl on session 2089d4a5154639406bcb77e81f190746 to remote] DEBUG org.asynchttpclient.netty.request.NettyRequestSender - Using open Channel [id: 0x7c11f7a9, L:/127.0.0.1:61639 - R:localhost/127.0.0.1:53766] for GET '/session/2089d4a5154639406bcb77e81f190746/url'
10:08:53.308 [AsyncHttpClient-1-13] DEBUG org.asynchttpclient.netty.handler.HttpHandler - 

Request DefaultFullHttpRequest(decodeResult: success, version: HTTP/1.1, content: EmptyByteBufBE)
GET /session/2089d4a5154639406bcb77e81f190746/url HTTP/1.1
User-Agent: selenium/4.4.0 (java windows)
Cache-Control: no-cache
Content-Type: application/json; charset=utf-8
host: localhost:53766
accept: */*

Response DefaultHttpResponse(decodeResult: success, version: HTTP/1.1)
HTTP/1.1 200 OK
Content-Type: application/json; charset=utf-8
cache-control: no-cache
content-length: 38

10:08:53.308 [AsyncHttpClient-1-13] DEBUG org.asynchttpclient.netty.channel.ChannelManager - Adding key: http://localhost:53766 for channel [id: 0x7c11f7a9, L:/127.0.0.1:61639 - R:localhost/127.0.0.1:53766]
10:08:53.310 [Test worker] DEBUG net.thucydides.core.steps.StepInterceptor - STARTING STEP: SharedBackgroundSteps.ingresaConUnaCuentaValidaASwaglabs - performAs
10:08:53.320 [Forwarding getPageSource on session 2089d4a5154639406bcb77e81f190746 to remote] DEBUG org.asynchttpclient.netty.request.NettyRequestSender - Using pooled Channel '[id: 0x7c11f7a9, L:/127.0.0.1:61639 - R:localhost/127.0.0.1:53766]' for 'POST' to 'http://localhost:53766/session/2089d4a5154639406bcb77e81f190746/execute/sync'
10:08:53.320 [Forwarding getPageSource on session 2089d4a5154639406bcb77e81f190746 to remote] DEBUG org.asynchttpclient.netty.request.NettyRequestSender - Using open Channel [id: 0x7c11f7a9, L:/127.0.0.1:61639 - R:localhost/127.0.0.1:53766] for POST '/session/2089d4a5154639406bcb77e81f190746/execute/sync'
10:08:53.325 [AsyncHttpClient-1-13] DEBUG org.asynchttpclient.netty.handler.HttpHandler - 

Request DefaultHttpRequest(decodeResult: success, version: HTTP/1.1)
POST /session/2089d4a5154639406bcb77e81f190746/execute/sync HTTP/1.1
User-Agent: selenium/4.4.0 (java windows)
Content-Length: 176
Content-Type: application/json; charset=utf-8
host: localhost:53766
accept: */*

Response DefaultHttpResponse(decodeResult: success, version: HTTP/1.1)
HTTP/1.1 200 OK
Content-Type: application/json; charset=utf-8
cache-control: no-cache
content-length: 4160

10:08:53.325 [AsyncHttpClient-1-13] DEBUG org.asynchttpclient.netty.channel.ChannelManager - Adding key: http://localhost:53766 for channel [id: 0x7c11f7a9, L:/127.0.0.1:61639 - R:localhost/127.0.0.1:53766]
10:08:53.326 [Forwarding getCurrentUrl on session 2089d4a5154639406bcb77e81f190746 to remote] DEBUG org.asynchttpclient.netty.request.NettyRequestSender - Using pooled Channel '[id: 0x7c11f7a9, L:/127.0.0.1:61639 - R:localhost/127.0.0.1:53766]' for 'GET' to 'http://localhost:53766/session/2089d4a5154639406bcb77e81f190746/url'
10:08:53.326 [Forwarding getCurrentUrl on session 2089d4a5154639406bcb77e81f190746 to remote] DEBUG org.asynchttpclient.netty.request.NettyRequestSender - Using open Channel [id: 0x7c11f7a9, L:/127.0.0.1:61639 - R:localhost/127.0.0.1:53766] for GET '/session/2089d4a5154639406bcb77e81f190746/url'
10:08:53.329 [AsyncHttpClient-1-13] DEBUG org.asynchttpclient.netty.handler.HttpHandler - 

Request DefaultFullHttpRequest(decodeResult: success, version: HTTP/1.1, content: EmptyByteBufBE)
GET /session/2089d4a5154639406bcb77e81f190746/url HTTP/1.1
User-Agent: selenium/4.4.0 (java windows)
Cache-Control: no-cache
Content-Type: application/json; charset=utf-8
host: localhost:53766
accept: */*

Response DefaultHttpResponse(decodeResult: success, version: HTTP/1.1)
HTTP/1.1 200 OK
Content-Type: application/json; charset=utf-8
cache-control: no-cache
content-length: 38

10:08:53.329 [AsyncHttpClient-1-13] DEBUG org.asynchttpclient.netty.channel.ChannelManager - Adding key: http://localhost:53766 for channel [id: 0x7c11f7a9, L:/127.0.0.1:61639 - R:localhost/127.0.0.1:53766]
10:08:53.331 [Test worker] DEBUG net.thucydides.core.steps.StepInterceptor - STARTING STEP: LogIn.performAs - {0} enters #theTextAsAString into #target
10:08:53.335 [Test worker] DEBUG net.serenitybdd.screenplay.targets.IFrameSwitcher - default content already selected for UsernameTextBox
10:08:53.344 [Forwarding findElement on session 2089d4a5154639406bcb77e81f190746 to remote] DEBUG org.asynchttpclient.netty.request.NettyRequestSender - Using pooled Channel '[id: 0x7c11f7a9, L:/127.0.0.1:61639 - R:localhost/127.0.0.1:53766]' for 'POST' to 'http://localhost:53766/session/2089d4a5154639406bcb77e81f190746/element'
10:08:53.344 [Forwarding findElement on session 2089d4a5154639406bcb77e81f190746 to remote] DEBUG org.asynchttpclient.netty.request.NettyRequestSender - Using open Channel [id: 0x7c11f7a9, L:/127.0.0.1:61639 - R:localhost/127.0.0.1:53766] for POST '/session/2089d4a5154639406bcb77e81f190746/element'
10:08:53.353 [AsyncHttpClient-1-13] DEBUG org.asynchttpclient.netty.handler.HttpHandler - 

Request DefaultHttpRequest(decodeResult: success, version: HTTP/1.1)
POST /session/2089d4a5154639406bcb77e81f190746/element HTTP/1.1
User-Agent: selenium/4.4.0 (java windows)
Content-Length: 67
Content-Type: application/json; charset=utf-8
host: localhost:53766
accept: */*

Response DefaultHttpResponse(decodeResult: success, version: HTTP/1.1)
HTTP/1.1 200 OK
Content-Type: application/json; charset=utf-8
cache-control: no-cache
content-length: 88

10:08:53.353 [AsyncHttpClient-1-13] DEBUG org.asynchttpclient.netty.channel.ChannelManager - Adding key: http://localhost:53766 for channel [id: 0x7c11f7a9, L:/127.0.0.1:61639 - R:localhost/127.0.0.1:53766]
10:08:53.354 [Forwarding clearElement on session 2089d4a5154639406bcb77e81f190746 to remote] DEBUG org.asynchttpclient.netty.request.NettyRequestSender - Using pooled Channel '[id: 0x7c11f7a9, L:/127.0.0.1:61639 - R:localhost/127.0.0.1:53766]' for 'POST' to 'http://localhost:53766/session/2089d4a5154639406bcb77e81f190746/element/eab861c9-6d9c-4252-80a2-b50714943cdb/clear'
10:08:53.354 [Forwarding clearElement on session 2089d4a5154639406bcb77e81f190746 to remote] DEBUG org.asynchttpclient.netty.request.NettyRequestSender - Using open Channel [id: 0x7c11f7a9, L:/127.0.0.1:61639 - R:localhost/127.0.0.1:53766] for POST '/session/2089d4a5154639406bcb77e81f190746/element/eab861c9-6d9c-4252-80a2-b50714943cdb/clear'
10:08:53.375 [AsyncHttpClient-1-13] DEBUG org.asynchttpclient.netty.handler.HttpHandler - 

Request DefaultHttpRequest(decodeResult: success, version: HTTP/1.1)
POST /session/2089d4a5154639406bcb77e81f190746/element/eab861c9-6d9c-4252-80a2-b50714943cdb/clear HTTP/1.1
User-Agent: selenium/4.4.0 (java windows)
Content-Length: 50
Content-Type: application/json; charset=utf-8
host: localhost:53766
accept: */*

Response DefaultHttpResponse(decodeResult: success, version: HTTP/1.1)
HTTP/1.1 200 OK
Content-Type: application/json; charset=utf-8
cache-control: no-cache
content-length: 14

10:08:53.375 [AsyncHttpClient-1-13] DEBUG org.asynchttpclient.netty.channel.ChannelManager - Adding key: http://localhost:53766 for channel [id: 0x7c11f7a9, L:/127.0.0.1:61639 - R:localhost/127.0.0.1:53766]
10:08:53.378 [Forwarding sendKeysToElement on session 2089d4a5154639406bcb77e81f190746 to remote] DEBUG org.asynchttpclient.netty.request.NettyRequestSender - Using pooled Channel '[id: 0x7c11f7a9, L:/127.0.0.1:61639 - R:localhost/127.0.0.1:53766]' for 'POST' to 'http://localhost:53766/session/2089d4a5154639406bcb77e81f190746/element/eab861c9-6d9c-4252-80a2-b50714943cdb/value'
10:08:53.378 [Forwarding sendKeysToElement on session 2089d4a5154639406bcb77e81f190746 to remote] DEBUG org.asynchttpclient.netty.request.NettyRequestSender - Using open Channel [id: 0x7c11f7a9, L:/127.0.0.1:61639 - R:localhost/127.0.0.1:53766] for POST '/session/2089d4a5154639406bcb77e81f190746/element/eab861c9-6d9c-4252-80a2-b50714943cdb/value'
10:08:53.431 [AsyncHttpClient-1-13] DEBUG org.asynchttpclient.netty.handler.HttpHandler - 

Request DefaultHttpRequest(decodeResult: success, version: HTTP/1.1)
POST /session/2089d4a5154639406bcb77e81f190746/element/eab861c9-6d9c-4252-80a2-b50714943cdb/value HTTP/1.1
User-Agent: selenium/4.4.0 (java windows)
Content-Length: 211
Content-Type: application/json; charset=utf-8
host: localhost:53766
accept: */*

Response DefaultHttpResponse(decodeResult: success, version: HTTP/1.1)
HTTP/1.1 200 OK
Content-Type: application/json; charset=utf-8
cache-control: no-cache
content-length: 14

10:08:53.431 [AsyncHttpClient-1-13] DEBUG org.asynchttpclient.netty.channel.ChannelManager - Adding key: http://localhost:53766 for channel [id: 0x7c11f7a9, L:/127.0.0.1:61639 - R:localhost/127.0.0.1:53766]
10:08:53.446 [Forwarding getCurrentWindowHandle on session 2089d4a5154639406bcb77e81f190746 to remote] DEBUG org.asynchttpclient.netty.request.NettyRequestSender - Using pooled Channel '[id: 0x7c11f7a9, L:/127.0.0.1:61639 - R:localhost/127.0.0.1:53766]' for 'GET' to 'http://localhost:53766/session/2089d4a5154639406bcb77e81f190746/window'
10:08:53.447 [Forwarding getCurrentWindowHandle on session 2089d4a5154639406bcb77e81f190746 to remote] DEBUG org.asynchttpclient.netty.request.NettyRequestSender - Using open Channel [id: 0x7c11f7a9, L:/127.0.0.1:61639 - R:localhost/127.0.0.1:53766] for GET '/session/2089d4a5154639406bcb77e81f190746/window'
10:08:53.447 [AsyncHttpClient-1-13] DEBUG org.asynchttpclient.netty.handler.HttpHandler - 

Request DefaultFullHttpRequest(decodeResult: success, version: HTTP/1.1, content: EmptyByteBufBE)
GET /session/2089d4a5154639406bcb77e81f190746/window HTTP/1.1
User-Agent: selenium/4.4.0 (java windows)
Cache-Control: no-cache
Content-Type: application/json; charset=utf-8
host: localhost:53766
accept: */*

Response DefaultHttpResponse(decodeResult: success, version: HTTP/1.1)
HTTP/1.1 200 OK
Content-Type: application/json; charset=utf-8
cache-control: no-cache
content-length: 53

10:08:53.447 [AsyncHttpClient-1-13] DEBUG org.asynchttpclient.netty.channel.ChannelManager - Adding key: http://localhost:53766 for channel [id: 0x7c11f7a9, L:/127.0.0.1:61639 - R:localhost/127.0.0.1:53766]
10:08:53.452 [Forwarding getAlertText on session 2089d4a5154639406bcb77e81f190746 to remote] DEBUG org.asynchttpclient.netty.request.NettyRequestSender - Using pooled Channel '[id: 0x7c11f7a9, L:/127.0.0.1:61639 - R:localhost/127.0.0.1:53766]' for 'GET' to 'http://localhost:53766/session/2089d4a5154639406bcb77e81f190746/alert/text'
10:08:53.452 [Forwarding getAlertText on session 2089d4a5154639406bcb77e81f190746 to remote] DEBUG org.asynchttpclient.netty.request.NettyRequestSender - Using open Channel [id: 0x7c11f7a9, L:/127.0.0.1:61639 - R:localhost/127.0.0.1:53766] for GET '/session/2089d4a5154639406bcb77e81f190746/alert/text'
10:08:53.453 [AsyncHttpClient-1-13] DEBUG org.asynchttpclient.netty.handler.HttpHandler - 

Request DefaultFullHttpRequest(decodeResult: success, version: HTTP/1.1, content: EmptyByteBufBE)
GET /session/2089d4a5154639406bcb77e81f190746/alert/text HTTP/1.1
User-Agent: selenium/4.4.0 (java windows)
Cache-Control: no-cache
Content-Type: application/json; charset=utf-8
host: localhost:53766
accept: */*

Response DefaultHttpResponse(decodeResult: success, version: HTTP/1.1)
HTTP/1.1 404 Not Found
Content-Type: application/json; charset=utf-8
cache-control: no-cache
content-length: 879

10:08:53.453 [AsyncHttpClient-1-13] DEBUG org.asynchttpclient.netty.channel.ChannelManager - Adding key: http://localhost:53766 for channel [id: 0x7c11f7a9, L:/127.0.0.1:61639 - R:localhost/127.0.0.1:53766]
10:08:53.457 [Forwarding switchToWindow on session 2089d4a5154639406bcb77e81f190746 to remote] DEBUG org.asynchttpclient.netty.request.NettyRequestSender - Using pooled Channel '[id: 0x7c11f7a9, L:/127.0.0.1:61639 - R:localhost/127.0.0.1:53766]' for 'POST' to 'http://localhost:53766/session/2089d4a5154639406bcb77e81f190746/window'
10:08:53.458 [Forwarding switchToWindow on session 2089d4a5154639406bcb77e81f190746 to remote] DEBUG org.asynchttpclient.netty.request.NettyRequestSender - Using open Channel [id: 0x7c11f7a9, L:/127.0.0.1:61639 - R:localhost/127.0.0.1:53766] for POST '/session/2089d4a5154639406bcb77e81f190746/window'
10:08:53.460 [AsyncHttpClient-1-13] DEBUG org.asynchttpclient.netty.handler.HttpHandler - 

Request DefaultHttpRequest(decodeResult: success, version: HTTP/1.1)
POST /session/2089d4a5154639406bcb77e81f190746/window HTTP/1.1
User-Agent: selenium/4.4.0 (java windows)
Content-Length: 59
Content-Type: application/json; charset=utf-8
host: localhost:53766
accept: */*

Response DefaultHttpResponse(decodeResult: success, version: HTTP/1.1)
HTTP/1.1 200 OK
Content-Type: application/json; charset=utf-8
cache-control: no-cache
content-length: 14

10:08:53.460 [AsyncHttpClient-1-13] DEBUG org.asynchttpclient.netty.channel.ChannelManager - Adding key: http://localhost:53766 for channel [id: 0x7c11f7a9, L:/127.0.0.1:61639 - R:localhost/127.0.0.1:53766]
10:08:53.461 [Forwarding getCurrentUrl on session 2089d4a5154639406bcb77e81f190746 to remote] DEBUG org.asynchttpclient.netty.request.NettyRequestSender - Using pooled Channel '[id: 0x7c11f7a9, L:/127.0.0.1:61639 - R:localhost/127.0.0.1:53766]' for 'GET' to 'http://localhost:53766/session/2089d4a5154639406bcb77e81f190746/url'
10:08:53.461 [Forwarding getCurrentUrl on session 2089d4a5154639406bcb77e81f190746 to remote] DEBUG org.asynchttpclient.netty.request.NettyRequestSender - Using open Channel [id: 0x7c11f7a9, L:/127.0.0.1:61639 - R:localhost/127.0.0.1:53766] for GET '/session/2089d4a5154639406bcb77e81f190746/url'
10:08:53.464 [AsyncHttpClient-1-13] DEBUG org.asynchttpclient.netty.handler.HttpHandler - 

Request DefaultFullHttpRequest(decodeResult: success, version: HTTP/1.1, content: EmptyByteBufBE)
GET /session/2089d4a5154639406bcb77e81f190746/url HTTP/1.1
User-Agent: selenium/4.4.0 (java windows)
Cache-Control: no-cache
Content-Type: application/json; charset=utf-8
host: localhost:53766
accept: */*

Response DefaultHttpResponse(decodeResult: success, version: HTTP/1.1)
HTTP/1.1 200 OK
Content-Type: application/json; charset=utf-8
cache-control: no-cache
content-length: 38

10:08:53.464 [AsyncHttpClient-1-13] DEBUG org.asynchttpclient.netty.channel.ChannelManager - Adding key: http://localhost:53766 for channel [id: 0x7c11f7a9, L:/127.0.0.1:61639 - R:localhost/127.0.0.1:53766]
10:08:53.465 [Forwarding screenshot on session 2089d4a5154639406bcb77e81f190746 to remote] DEBUG org.asynchttpclient.netty.request.NettyRequestSender - Using pooled Channel '[id: 0x7c11f7a9, L:/127.0.0.1:61639 - R:localhost/127.0.0.1:53766]' for 'GET' to 'http://localhost:53766/session/2089d4a5154639406bcb77e81f190746/screenshot'
10:08:53.465 [Forwarding screenshot on session 2089d4a5154639406bcb77e81f190746 to remote] DEBUG org.asynchttpclient.netty.request.NettyRequestSender - Using open Channel [id: 0x7c11f7a9, L:/127.0.0.1:61639 - R:localhost/127.0.0.1:53766] for GET '/session/2089d4a5154639406bcb77e81f190746/screenshot'
10:08:53.546 [AsyncHttpClient-1-13] DEBUG org.asynchttpclient.netty.handler.HttpHandler - 

Request DefaultFullHttpRequest(decodeResult: success, version: HTTP/1.1, content: EmptyByteBufBE)
GET /session/2089d4a5154639406bcb77e81f190746/screenshot HTTP/1.1
User-Agent: selenium/4.4.0 (java windows)
Cache-Control: no-cache
Content-Type: application/json; charset=utf-8
host: localhost:53766
accept: */*

Response DefaultHttpResponse(decodeResult: success, version: HTTP/1.1)
HTTP/1.1 200 OK
Content-Type: application/json; charset=utf-8
cache-control: no-cache
content-length: 59812

10:08:53.546 [AsyncHttpClient-1-13] DEBUG org.asynchttpclient.netty.channel.ChannelManager - Adding key: http://localhost:53766 for channel [id: 0x7c11f7a9, L:/127.0.0.1:61639 - R:localhost/127.0.0.1:53766]
10:08:53.548 [Test worker] DEBUG net.serenitybdd.core.photography.Darkroom - Send negative for processing for C:\Users\juan.gomezv\IdeaProjects\sura\target\site\serenity\cb904724c11cb1c402bbd44fd4c83dd8993b3b1bfb579cc518ee5232028dbf9b.png
10:08:53.548 [Test worker] DEBUG net.thucydides.core.steps.StepInterceptor - STEP DONE: {0} enters #theTextAsAString into #target
10:08:53.561 [Forwarding getPageSource on session 2089d4a5154639406bcb77e81f190746 to remote] DEBUG org.asynchttpclient.netty.request.NettyRequestSender - Using pooled Channel '[id: 0x7c11f7a9, L:/127.0.0.1:61639 - R:localhost/127.0.0.1:53766]' for 'POST' to 'http://localhost:53766/session/2089d4a5154639406bcb77e81f190746/execute/sync'
10:08:53.561 [Forwarding getPageSource on session 2089d4a5154639406bcb77e81f190746 to remote] DEBUG org.asynchttpclient.netty.request.NettyRequestSender - Using open Channel [id: 0x7c11f7a9, L:/127.0.0.1:61639 - R:localhost/127.0.0.1:53766] for POST '/session/2089d4a5154639406bcb77e81f190746/execute/sync'
10:08:53.564 [AsyncHttpClient-1-13] DEBUG org.asynchttpclient.netty.handler.HttpHandler - 

Request DefaultHttpRequest(decodeResult: success, version: HTTP/1.1)
POST /session/2089d4a5154639406bcb77e81f190746/execute/sync HTTP/1.1
User-Agent: selenium/4.4.0 (java windows)
Content-Length: 176
Content-Type: application/json; charset=utf-8
host: localhost:53766
accept: */*

Response DefaultHttpResponse(decodeResult: success, version: HTTP/1.1)
HTTP/1.1 200 OK
Content-Type: application/json; charset=utf-8
cache-control: no-cache
content-length: 4173

10:08:53.564 [AsyncHttpClient-1-13] DEBUG org.asynchttpclient.netty.channel.ChannelManager - Adding key: http://localhost:53766 for channel [id: 0x7c11f7a9, L:/127.0.0.1:61639 - R:localhost/127.0.0.1:53766]
10:08:53.565 [Forwarding getCurrentUrl on session 2089d4a5154639406bcb77e81f190746 to remote] DEBUG org.asynchttpclient.netty.request.NettyRequestSender - Using pooled Channel '[id: 0x7c11f7a9, L:/127.0.0.1:61639 - R:localhost/127.0.0.1:53766]' for 'GET' to 'http://localhost:53766/session/2089d4a5154639406bcb77e81f190746/url'
10:08:53.565 [Forwarding getCurrentUrl on session 2089d4a5154639406bcb77e81f190746 to remote] DEBUG org.asynchttpclient.netty.request.NettyRequestSender - Using open Channel [id: 0x7c11f7a9, L:/127.0.0.1:61639 - R:localhost/127.0.0.1:53766] for GET '/session/2089d4a5154639406bcb77e81f190746/url'
10:08:53.567 [AsyncHttpClient-1-13] DEBUG org.asynchttpclient.netty.handler.HttpHandler - 

Request DefaultFullHttpRequest(decodeResult: success, version: HTTP/1.1, content: EmptyByteBufBE)
GET /session/2089d4a5154639406bcb77e81f190746/url HTTP/1.1
User-Agent: selenium/4.4.0 (java windows)
Cache-Control: no-cache
Content-Type: application/json; charset=utf-8
host: localhost:53766
accept: */*

Response DefaultHttpResponse(decodeResult: success, version: HTTP/1.1)
HTTP/1.1 200 OK
Content-Type: application/json; charset=utf-8
cache-control: no-cache
content-length: 38

10:08:53.567 [AsyncHttpClient-1-13] DEBUG org.asynchttpclient.netty.channel.ChannelManager - Adding key: http://localhost:53766 for channel [id: 0x7c11f7a9, L:/127.0.0.1:61639 - R:localhost/127.0.0.1:53766]
10:08:53.569 [Test worker] DEBUG net.thucydides.core.steps.StepInterceptor - STARTING STEP: LogIn.performAs - {0} enters #theTextAsAString into #target
10:08:53.572 [Test worker] DEBUG net.serenitybdd.screenplay.targets.IFrameSwitcher - default content already selected for PasswordTextBox
10:08:53.585 [Forwarding findElement on session 2089d4a5154639406bcb77e81f190746 to remote] DEBUG org.asynchttpclient.netty.request.NettyRequestSender - Using pooled Channel '[id: 0x7c11f7a9, L:/127.0.0.1:61639 - R:localhost/127.0.0.1:53766]' for 'POST' to 'http://localhost:53766/session/2089d4a5154639406bcb77e81f190746/element'
10:08:53.585 [Forwarding findElement on session 2089d4a5154639406bcb77e81f190746 to remote] DEBUG org.asynchttpclient.netty.request.NettyRequestSender - Using open Channel [id: 0x7c11f7a9, L:/127.0.0.1:61639 - R:localhost/127.0.0.1:53766] for POST '/session/2089d4a5154639406bcb77e81f190746/element'
10:08:53.592 [AsyncHttpClient-1-13] DEBUG org.asynchttpclient.netty.handler.HttpHandler - 

Request DefaultHttpRequest(decodeResult: success, version: HTTP/1.1)
POST /session/2089d4a5154639406bcb77e81f190746/element HTTP/1.1
User-Agent: selenium/4.4.0 (java windows)
Content-Length: 66
Content-Type: application/json; charset=utf-8
host: localhost:53766
accept: */*

Response DefaultHttpResponse(decodeResult: success, version: HTTP/1.1)
HTTP/1.1 200 OK
Content-Type: application/json; charset=utf-8
cache-control: no-cache
content-length: 88

10:08:53.593 [AsyncHttpClient-1-13] DEBUG org.asynchttpclient.netty.channel.ChannelManager - Adding key: http://localhost:53766 for channel [id: 0x7c11f7a9, L:/127.0.0.1:61639 - R:localhost/127.0.0.1:53766]
10:08:53.593 [Forwarding clearElement on session 2089d4a5154639406bcb77e81f190746 to remote] DEBUG org.asynchttpclient.netty.request.NettyRequestSender - Using pooled Channel '[id: 0x7c11f7a9, L:/127.0.0.1:61639 - R:localhost/127.0.0.1:53766]' for 'POST' to 'http://localhost:53766/session/2089d4a5154639406bcb77e81f190746/element/0c1ff218-f864-4779-b75d-d1464fbf7c3e/clear'
10:08:53.593 [Forwarding clearElement on session 2089d4a5154639406bcb77e81f190746 to remote] DEBUG org.asynchttpclient.netty.request.NettyRequestSender - Using open Channel [id: 0x7c11f7a9, L:/127.0.0.1:61639 - R:localhost/127.0.0.1:53766] for POST '/session/2089d4a5154639406bcb77e81f190746/element/0c1ff218-f864-4779-b75d-d1464fbf7c3e/clear'
10:08:53.615 [AsyncHttpClient-1-13] DEBUG org.asynchttpclient.netty.handler.HttpHandler - 

Request DefaultHttpRequest(decodeResult: success, version: HTTP/1.1)
POST /session/2089d4a5154639406bcb77e81f190746/element/0c1ff218-f864-4779-b75d-d1464fbf7c3e/clear HTTP/1.1
User-Agent: selenium/4.4.0 (java windows)
Content-Length: 50
Content-Type: application/json; charset=utf-8
host: localhost:53766
accept: */*

Response DefaultHttpResponse(decodeResult: success, version: HTTP/1.1)
HTTP/1.1 200 OK
Content-Type: application/json; charset=utf-8
cache-control: no-cache
content-length: 14

10:08:53.615 [AsyncHttpClient-1-13] DEBUG org.asynchttpclient.netty.channel.ChannelManager - Adding key: http://localhost:53766 for channel [id: 0x7c11f7a9, L:/127.0.0.1:61639 - R:localhost/127.0.0.1:53766]
10:08:53.618 [Forwarding sendKeysToElement on session 2089d4a5154639406bcb77e81f190746 to remote] DEBUG org.asynchttpclient.netty.request.NettyRequestSender - Using pooled Channel '[id: 0x7c11f7a9, L:/127.0.0.1:61639 - R:localhost/127.0.0.1:53766]' for 'POST' to 'http://localhost:53766/session/2089d4a5154639406bcb77e81f190746/element/0c1ff218-f864-4779-b75d-d1464fbf7c3e/value'
10:08:53.618 [Forwarding sendKeysToElement on session 2089d4a5154639406bcb77e81f190746 to remote] DEBUG org.asynchttpclient.netty.request.NettyRequestSender - Using open Channel [id: 0x7c11f7a9, L:/127.0.0.1:61639 - R:localhost/127.0.0.1:53766] for POST '/session/2089d4a5154639406bcb77e81f190746/element/0c1ff218-f864-4779-b75d-d1464fbf7c3e/value'
10:08:53.658 [AsyncHttpClient-1-13] DEBUG org.asynchttpclient.netty.handler.HttpHandler - 

Request DefaultHttpRequest(decodeResult: success, version: HTTP/1.1)
POST /session/2089d4a5154639406bcb77e81f190746/element/0c1ff218-f864-4779-b75d-d1464fbf7c3e/value HTTP/1.1
User-Agent: selenium/4.4.0 (java windows)
Content-Length: 201
Content-Type: application/json; charset=utf-8
host: localhost:53766
accept: */*

Response DefaultHttpResponse(decodeResult: success, version: HTTP/1.1)
HTTP/1.1 200 OK
Content-Type: application/json; charset=utf-8
cache-control: no-cache
content-length: 14

10:08:53.658 [AsyncHttpClient-1-13] DEBUG org.asynchttpclient.netty.channel.ChannelManager - Adding key: http://localhost:53766 for channel [id: 0x7c11f7a9, L:/127.0.0.1:61639 - R:localhost/127.0.0.1:53766]
10:08:53.672 [Forwarding getCurrentWindowHandle on session 2089d4a5154639406bcb77e81f190746 to remote] DEBUG org.asynchttpclient.netty.request.NettyRequestSender - Using pooled Channel '[id: 0x7c11f7a9, L:/127.0.0.1:61639 - R:localhost/127.0.0.1:53766]' for 'GET' to 'http://localhost:53766/session/2089d4a5154639406bcb77e81f190746/window'
10:08:53.672 [Forwarding getCurrentWindowHandle on session 2089d4a5154639406bcb77e81f190746 to remote] DEBUG org.asynchttpclient.netty.request.NettyRequestSender - Using open Channel [id: 0x7c11f7a9, L:/127.0.0.1:61639 - R:localhost/127.0.0.1:53766] for GET '/session/2089d4a5154639406bcb77e81f190746/window'
10:08:53.672 [AsyncHttpClient-1-13] DEBUG org.asynchttpclient.netty.handler.HttpHandler - 

Request DefaultFullHttpRequest(decodeResult: success, version: HTTP/1.1, content: EmptyByteBufBE)
GET /session/2089d4a5154639406bcb77e81f190746/window HTTP/1.1
User-Agent: selenium/4.4.0 (java windows)
Cache-Control: no-cache
Content-Type: application/json; charset=utf-8
host: localhost:53766
accept: */*

Response DefaultHttpResponse(decodeResult: success, version: HTTP/1.1)
HTTP/1.1 200 OK
Content-Type: application/json; charset=utf-8
cache-control: no-cache
content-length: 53

10:08:53.673 [AsyncHttpClient-1-13] DEBUG org.asynchttpclient.netty.channel.ChannelManager - Adding key: http://localhost:53766 for channel [id: 0x7c11f7a9, L:/127.0.0.1:61639 - R:localhost/127.0.0.1:53766]
10:08:53.677 [Forwarding getAlertText on session 2089d4a5154639406bcb77e81f190746 to remote] DEBUG org.asynchttpclient.netty.request.NettyRequestSender - Using pooled Channel '[id: 0x7c11f7a9, L:/127.0.0.1:61639 - R:localhost/127.0.0.1:53766]' for 'GET' to 'http://localhost:53766/session/2089d4a5154639406bcb77e81f190746/alert/text'
10:08:53.677 [Forwarding getAlertText on session 2089d4a5154639406bcb77e81f190746 to remote] DEBUG org.asynchttpclient.netty.request.NettyRequestSender - Using open Channel [id: 0x7c11f7a9, L:/127.0.0.1:61639 - R:localhost/127.0.0.1:53766] for GET '/session/2089d4a5154639406bcb77e81f190746/alert/text'
10:08:53.679 [AsyncHttpClient-1-13] DEBUG org.asynchttpclient.netty.handler.HttpHandler - 

Request DefaultFullHttpRequest(decodeResult: success, version: HTTP/1.1, content: EmptyByteBufBE)
GET /session/2089d4a5154639406bcb77e81f190746/alert/text HTTP/1.1
User-Agent: selenium/4.4.0 (java windows)
Cache-Control: no-cache
Content-Type: application/json; charset=utf-8
host: localhost:53766
accept: */*

Response DefaultHttpResponse(decodeResult: success, version: HTTP/1.1)
HTTP/1.1 404 Not Found
Content-Type: application/json; charset=utf-8
cache-control: no-cache
content-length: 879

10:08:53.679 [AsyncHttpClient-1-13] DEBUG org.asynchttpclient.netty.channel.ChannelManager - Adding key: http://localhost:53766 for channel [id: 0x7c11f7a9, L:/127.0.0.1:61639 - R:localhost/127.0.0.1:53766]
10:08:53.683 [Forwarding switchToWindow on session 2089d4a5154639406bcb77e81f190746 to remote] DEBUG org.asynchttpclient.netty.request.NettyRequestSender - Using pooled Channel '[id: 0x7c11f7a9, L:/127.0.0.1:61639 - R:localhost/127.0.0.1:53766]' for 'POST' to 'http://localhost:53766/session/2089d4a5154639406bcb77e81f190746/window'
10:08:53.683 [Forwarding switchToWindow on session 2089d4a5154639406bcb77e81f190746 to remote] DEBUG org.asynchttpclient.netty.request.NettyRequestSender - Using open Channel [id: 0x7c11f7a9, L:/127.0.0.1:61639 - R:localhost/127.0.0.1:53766] for POST '/session/2089d4a5154639406bcb77e81f190746/window'
10:08:53.685 [AsyncHttpClient-1-13] DEBUG org.asynchttpclient.netty.handler.HttpHandler - 

Request DefaultHttpRequest(decodeResult: success, version: HTTP/1.1)
POST /session/2089d4a5154639406bcb77e81f190746/window HTTP/1.1
User-Agent: selenium/4.4.0 (java windows)
Content-Length: 59
Content-Type: application/json; charset=utf-8
host: localhost:53766
accept: */*

Response DefaultHttpResponse(decodeResult: success, version: HTTP/1.1)
HTTP/1.1 200 OK
Content-Type: application/json; charset=utf-8
cache-control: no-cache
content-length: 14

10:08:53.685 [AsyncHttpClient-1-13] DEBUG org.asynchttpclient.netty.channel.ChannelManager - Adding key: http://localhost:53766 for channel [id: 0x7c11f7a9, L:/127.0.0.1:61639 - R:localhost/127.0.0.1:53766]
10:08:53.686 [Forwarding getCurrentUrl on session 2089d4a5154639406bcb77e81f190746 to remote] DEBUG org.asynchttpclient.netty.request.NettyRequestSender - Using pooled Channel '[id: 0x7c11f7a9, L:/127.0.0.1:61639 - R:localhost/127.0.0.1:53766]' for 'GET' to 'http://localhost:53766/session/2089d4a5154639406bcb77e81f190746/url'
10:08:53.686 [Forwarding getCurrentUrl on session 2089d4a5154639406bcb77e81f190746 to remote] DEBUG org.asynchttpclient.netty.request.NettyRequestSender - Using open Channel [id: 0x7c11f7a9, L:/127.0.0.1:61639 - R:localhost/127.0.0.1:53766] for GET '/session/2089d4a5154639406bcb77e81f190746/url'
10:08:53.689 [AsyncHttpClient-1-13] DEBUG org.asynchttpclient.netty.handler.HttpHandler - 

Request DefaultFullHttpRequest(decodeResult: success, version: HTTP/1.1, content: EmptyByteBufBE)
GET /session/2089d4a5154639406bcb77e81f190746/url HTTP/1.1
User-Agent: selenium/4.4.0 (java windows)
Cache-Control: no-cache
Content-Type: application/json; charset=utf-8
host: localhost:53766
accept: */*

Response DefaultHttpResponse(decodeResult: success, version: HTTP/1.1)
HTTP/1.1 200 OK
Content-Type: application/json; charset=utf-8
cache-control: no-cache
content-length: 38

10:08:53.689 [AsyncHttpClient-1-13] DEBUG org.asynchttpclient.netty.channel.ChannelManager - Adding key: http://localhost:53766 for channel [id: 0x7c11f7a9, L:/127.0.0.1:61639 - R:localhost/127.0.0.1:53766]
10:08:53.690 [Forwarding screenshot on session 2089d4a5154639406bcb77e81f190746 to remote] DEBUG org.asynchttpclient.netty.request.NettyRequestSender - Using pooled Channel '[id: 0x7c11f7a9, L:/127.0.0.1:61639 - R:localhost/127.0.0.1:53766]' for 'GET' to 'http://localhost:53766/session/2089d4a5154639406bcb77e81f190746/screenshot'
10:08:53.690 [Forwarding screenshot on session 2089d4a5154639406bcb77e81f190746 to remote] DEBUG org.asynchttpclient.netty.request.NettyRequestSender - Using open Channel [id: 0x7c11f7a9, L:/127.0.0.1:61639 - R:localhost/127.0.0.1:53766] for GET '/session/2089d4a5154639406bcb77e81f190746/screenshot'
10:08:53.772 [AsyncHttpClient-1-13] DEBUG org.asynchttpclient.netty.handler.HttpHandler - 

Request DefaultFullHttpRequest(decodeResult: success, version: HTTP/1.1, content: EmptyByteBufBE)
GET /session/2089d4a5154639406bcb77e81f190746/screenshot HTTP/1.1
User-Agent: selenium/4.4.0 (java windows)
Cache-Control: no-cache
Content-Type: application/json; charset=utf-8
host: localhost:53766
accept: */*

Response DefaultHttpResponse(decodeResult: success, version: HTTP/1.1)
HTTP/1.1 200 OK
Content-Type: application/json; charset=utf-8
cache-control: no-cache
content-length: 58468

10:08:53.773 [AsyncHttpClient-1-13] DEBUG org.asynchttpclient.netty.channel.ChannelManager - Adding key: http://localhost:53766 for channel [id: 0x7c11f7a9, L:/127.0.0.1:61639 - R:localhost/127.0.0.1:53766]
10:08:53.774 [Test worker] DEBUG net.serenitybdd.core.photography.Darkroom - Send negative for processing for C:\Users\juan.gomezv\IdeaProjects\sura\target\site\serenity\3928254ac939cb654635a6fe0cdcba17cdafb3fae09b0fc2384a6404e2fbc8c4.png
10:08:53.774 [Test worker] DEBUG net.thucydides.core.steps.StepInterceptor - STEP DONE: {0} enters #theTextAsAString into #target
10:08:53.782 [Forwarding getPageSource on session 2089d4a5154639406bcb77e81f190746 to remote] DEBUG org.asynchttpclient.netty.request.NettyRequestSender - Using pooled Channel '[id: 0x7c11f7a9, L:/127.0.0.1:61639 - R:localhost/127.0.0.1:53766]' for 'POST' to 'http://localhost:53766/session/2089d4a5154639406bcb77e81f190746/execute/sync'
10:08:53.782 [Forwarding getPageSource on session 2089d4a5154639406bcb77e81f190746 to remote] DEBUG org.asynchttpclient.netty.request.NettyRequestSender - Using open Channel [id: 0x7c11f7a9, L:/127.0.0.1:61639 - R:localhost/127.0.0.1:53766] for POST '/session/2089d4a5154639406bcb77e81f190746/execute/sync'
10:08:53.787 [AsyncHttpClient-1-13] DEBUG org.asynchttpclient.netty.handler.HttpHandler - 

Request DefaultHttpRequest(decodeResult: success, version: HTTP/1.1)
POST /session/2089d4a5154639406bcb77e81f190746/execute/sync HTTP/1.1
User-Agent: selenium/4.4.0 (java windows)
Content-Length: 176
Content-Type: application/json; charset=utf-8
host: localhost:53766
accept: */*

Response DefaultHttpResponse(decodeResult: success, version: HTTP/1.1)
HTTP/1.1 200 OK
Content-Type: application/json; charset=utf-8
cache-control: no-cache
content-length: 4185

10:08:53.787 [AsyncHttpClient-1-13] DEBUG org.asynchttpclient.netty.channel.ChannelManager - Adding key: http://localhost:53766 for channel [id: 0x7c11f7a9, L:/127.0.0.1:61639 - R:localhost/127.0.0.1:53766]
10:08:53.788 [Forwarding getCurrentUrl on session 2089d4a5154639406bcb77e81f190746 to remote] DEBUG org.asynchttpclient.netty.request.NettyRequestSender - Using pooled Channel '[id: 0x7c11f7a9, L:/127.0.0.1:61639 - R:localhost/127.0.0.1:53766]' for 'GET' to 'http://localhost:53766/session/2089d4a5154639406bcb77e81f190746/url'
10:08:53.788 [Forwarding getCurrentUrl on session 2089d4a5154639406bcb77e81f190746 to remote] DEBUG org.asynchttpclient.netty.request.NettyRequestSender - Using open Channel [id: 0x7c11f7a9, L:/127.0.0.1:61639 - R:localhost/127.0.0.1:53766] for GET '/session/2089d4a5154639406bcb77e81f190746/url'
10:08:53.791 [AsyncHttpClient-1-13] DEBUG org.asynchttpclient.netty.handler.HttpHandler - 

Request DefaultFullHttpRequest(decodeResult: success, version: HTTP/1.1, content: EmptyByteBufBE)
GET /session/2089d4a5154639406bcb77e81f190746/url HTTP/1.1
User-Agent: selenium/4.4.0 (java windows)
Cache-Control: no-cache
Content-Type: application/json; charset=utf-8
host: localhost:53766
accept: */*

Response DefaultHttpResponse(decodeResult: success, version: HTTP/1.1)
HTTP/1.1 200 OK
Content-Type: application/json; charset=utf-8
cache-control: no-cache
content-length: 38

10:08:53.792 [AsyncHttpClient-1-13] DEBUG org.asynchttpclient.netty.channel.ChannelManager - Adding key: http://localhost:53766 for channel [id: 0x7c11f7a9, L:/127.0.0.1:61639 - R:localhost/127.0.0.1:53766]
10:08:53.794 [Test worker] DEBUG net.thucydides.core.steps.StepInterceptor - STARTING STEP: LogIn.performAs - {0} clicks on #target
10:08:53.794 [Test worker] DEBUG net.serenitybdd.screenplay.targets.IFrameSwitcher - default content already selected for LogIn Button
10:08:53.808 [Forwarding findElement on session 2089d4a5154639406bcb77e81f190746 to remote] DEBUG org.asynchttpclient.netty.request.NettyRequestSender - Using pooled Channel '[id: 0x7c11f7a9, L:/127.0.0.1:61639 - R:localhost/127.0.0.1:53766]' for 'POST' to 'http://localhost:53766/session/2089d4a5154639406bcb77e81f190746/element'
10:08:53.808 [Forwarding findElement on session 2089d4a5154639406bcb77e81f190746 to remote] DEBUG org.asynchttpclient.netty.request.NettyRequestSender - Using open Channel [id: 0x7c11f7a9, L:/127.0.0.1:61639 - R:localhost/127.0.0.1:53766] for POST '/session/2089d4a5154639406bcb77e81f190746/element'
10:08:53.815 [AsyncHttpClient-1-1] DEBUG org.asynchttpclient.netty.channel.DefaultChannelPool - Entry count for : http://localhost:61640 : 1
10:08:53.816 [AsyncHttpClient-1-13] DEBUG org.asynchttpclient.netty.handler.HttpHandler - 

Request DefaultHttpRequest(decodeResult: success, version: HTTP/1.1)
POST /session/2089d4a5154639406bcb77e81f190746/element HTTP/1.1
User-Agent: selenium/4.4.0 (java windows)
Content-Length: 70
Content-Type: application/json; charset=utf-8
host: localhost:53766
accept: */*

Response DefaultHttpResponse(decodeResult: success, version: HTTP/1.1)
HTTP/1.1 200 OK
Content-Type: application/json; charset=utf-8
cache-control: no-cache
content-length: 88

10:08:53.816 [AsyncHttpClient-1-13] DEBUG org.asynchttpclient.netty.channel.ChannelManager - Adding key: http://localhost:53766 for channel [id: 0x7c11f7a9, L:/127.0.0.1:61639 - R:localhost/127.0.0.1:53766]
10:08:53.820 [Forwarding isElementDisplayed on session 2089d4a5154639406bcb77e81f190746 to remote] DEBUG org.asynchttpclient.netty.request.NettyRequestSender - Using pooled Channel '[id: 0x7c11f7a9, L:/127.0.0.1:61639 - R:localhost/127.0.0.1:53766]' for 'POST' to 'http://localhost:53766/session/2089d4a5154639406bcb77e81f190746/execute/sync'
10:08:53.820 [Forwarding isElementDisplayed on session 2089d4a5154639406bcb77e81f190746 to remote] DEBUG org.asynchttpclient.netty.request.NettyRequestSender - Using open Channel [id: 0x7c11f7a9, L:/127.0.0.1:61639 - R:localhost/127.0.0.1:53766] for POST '/session/2089d4a5154639406bcb77e81f190746/execute/sync'
10:08:53.831 [AsyncHttpClient-1-13] DEBUG org.asynchttpclient.netty.handler.HttpHandler - 

Request DefaultHttpRequest(decodeResult: success, version: HTTP/1.1)
POST /session/2089d4a5154639406bcb77e81f190746/execute/sync HTTP/1.1
User-Agent: selenium/4.4.0 (java windows)
Content-Length: 48780
Content-Type: application/json; charset=utf-8
host: localhost:53766
accept: */*

Response DefaultHttpResponse(decodeResult: success, version: HTTP/1.1)
HTTP/1.1 200 OK
Content-Type: application/json; charset=utf-8
cache-control: no-cache
content-length: 14

10:08:53.831 [AsyncHttpClient-1-13] DEBUG org.asynchttpclient.netty.channel.ChannelManager - Adding key: http://localhost:53766 for channel [id: 0x7c11f7a9, L:/127.0.0.1:61639 - R:localhost/127.0.0.1:53766]
10:08:53.836 [Forwarding findElement on session 2089d4a5154639406bcb77e81f190746 to remote] DEBUG org.asynchttpclient.netty.request.NettyRequestSender - Using pooled Channel '[id: 0x7c11f7a9, L:/127.0.0.1:61639 - R:localhost/127.0.0.1:53766]' for 'POST' to 'http://localhost:53766/session/2089d4a5154639406bcb77e81f190746/element'
10:08:53.836 [Forwarding findElement on session 2089d4a5154639406bcb77e81f190746 to remote] DEBUG org.asynchttpclient.netty.request.NettyRequestSender - Using open Channel [id: 0x7c11f7a9, L:/127.0.0.1:61639 - R:localhost/127.0.0.1:53766] for POST '/session/2089d4a5154639406bcb77e81f190746/element'
10:08:53.842 [AsyncHttpClient-1-13] DEBUG org.asynchttpclient.netty.handler.HttpHandler - 

Request DefaultHttpRequest(decodeResult: success, version: HTTP/1.1)
POST /session/2089d4a5154639406bcb77e81f190746/element HTTP/1.1
User-Agent: selenium/4.4.0 (java windows)
Content-Length: 70
Content-Type: application/json; charset=utf-8
host: localhost:53766
accept: */*

Response DefaultHttpResponse(decodeResult: success, version: HTTP/1.1)
HTTP/1.1 200 OK
Content-Type: application/json; charset=utf-8
cache-control: no-cache
content-length: 88

10:08:53.843 [AsyncHttpClient-1-13] DEBUG org.asynchttpclient.netty.channel.ChannelManager - Adding key: http://localhost:53766 for channel [id: 0x7c11f7a9, L:/127.0.0.1:61639 - R:localhost/127.0.0.1:53766]
10:08:53.843 [Forwarding clickElement on session 2089d4a5154639406bcb77e81f190746 to remote] DEBUG org.asynchttpclient.netty.request.NettyRequestSender - Using pooled Channel '[id: 0x7c11f7a9, L:/127.0.0.1:61639 - R:localhost/127.0.0.1:53766]' for 'POST' to 'http://localhost:53766/session/2089d4a5154639406bcb77e81f190746/element/0ba1cdc7-b8d0-45c3-a379-0665ce72861d/click'
10:08:53.843 [Forwarding clickElement on session 2089d4a5154639406bcb77e81f190746 to remote] DEBUG org.asynchttpclient.netty.request.NettyRequestSender - Using open Channel [id: 0x7c11f7a9, L:/127.0.0.1:61639 - R:localhost/127.0.0.1:53766] for POST '/session/2089d4a5154639406bcb77e81f190746/element/0ba1cdc7-b8d0-45c3-a379-0665ce72861d/click'
10:08:53.920 [AsyncHttpClient-1-13] DEBUG org.asynchttpclient.netty.handler.HttpHandler - 

Request DefaultHttpRequest(decodeResult: success, version: HTTP/1.1)
POST /session/2089d4a5154639406bcb77e81f190746/element/0ba1cdc7-b8d0-45c3-a379-0665ce72861d/click HTTP/1.1
User-Agent: selenium/4.4.0 (java windows)
Content-Length: 50
Content-Type: application/json; charset=utf-8
host: localhost:53766
accept: */*

Response DefaultHttpResponse(decodeResult: success, version: HTTP/1.1)
HTTP/1.1 200 OK
Content-Type: application/json; charset=utf-8
cache-control: no-cache
content-length: 14

10:08:53.920 [AsyncHttpClient-1-13] DEBUG org.asynchttpclient.netty.channel.ChannelManager - Adding key: http://localhost:53766 for channel [id: 0x7c11f7a9, L:/127.0.0.1:61639 - R:localhost/127.0.0.1:53766]
10:08:53.940 [Forwarding getCurrentWindowHandle on session 2089d4a5154639406bcb77e81f190746 to remote] DEBUG org.asynchttpclient.netty.request.NettyRequestSender - Using pooled Channel '[id: 0x7c11f7a9, L:/127.0.0.1:61639 - R:localhost/127.0.0.1:53766]' for 'GET' to 'http://localhost:53766/session/2089d4a5154639406bcb77e81f190746/window'
10:08:53.940 [Forwarding getCurrentWindowHandle on session 2089d4a5154639406bcb77e81f190746 to remote] DEBUG org.asynchttpclient.netty.request.NettyRequestSender - Using open Channel [id: 0x7c11f7a9, L:/127.0.0.1:61639 - R:localhost/127.0.0.1:53766] for GET '/session/2089d4a5154639406bcb77e81f190746/window'
10:08:53.941 [AsyncHttpClient-1-13] DEBUG org.asynchttpclient.netty.handler.HttpHandler - 

Request DefaultFullHttpRequest(decodeResult: success, version: HTTP/1.1, content: EmptyByteBufBE)
GET /session/2089d4a5154639406bcb77e81f190746/window HTTP/1.1
User-Agent: selenium/4.4.0 (java windows)
Cache-Control: no-cache
Content-Type: application/json; charset=utf-8
host: localhost:53766
accept: */*

Response DefaultHttpResponse(decodeResult: success, version: HTTP/1.1)
HTTP/1.1 200 OK
Content-Type: application/json; charset=utf-8
cache-control: no-cache
content-length: 53

10:08:53.941 [AsyncHttpClient-1-13] DEBUG org.asynchttpclient.netty.channel.ChannelManager - Adding key: http://localhost:53766 for channel [id: 0x7c11f7a9, L:/127.0.0.1:61639 - R:localhost/127.0.0.1:53766]
10:08:53.946 [Forwarding getAlertText on session 2089d4a5154639406bcb77e81f190746 to remote] DEBUG org.asynchttpclient.netty.request.NettyRequestSender - Using pooled Channel '[id: 0x7c11f7a9, L:/127.0.0.1:61639 - R:localhost/127.0.0.1:53766]' for 'GET' to 'http://localhost:53766/session/2089d4a5154639406bcb77e81f190746/alert/text'
10:08:53.946 [Forwarding getAlertText on session 2089d4a5154639406bcb77e81f190746 to remote] DEBUG org.asynchttpclient.netty.request.NettyRequestSender - Using open Channel [id: 0x7c11f7a9, L:/127.0.0.1:61639 - R:localhost/127.0.0.1:53766] for GET '/session/2089d4a5154639406bcb77e81f190746/alert/text'
10:08:53.948 [AsyncHttpClient-1-13] DEBUG org.asynchttpclient.netty.handler.HttpHandler - 

Request DefaultFullHttpRequest(decodeResult: success, version: HTTP/1.1, content: EmptyByteBufBE)
GET /session/2089d4a5154639406bcb77e81f190746/alert/text HTTP/1.1
User-Agent: selenium/4.4.0 (java windows)
Cache-Control: no-cache
Content-Type: application/json; charset=utf-8
host: localhost:53766
accept: */*

Response DefaultHttpResponse(decodeResult: success, version: HTTP/1.1)
HTTP/1.1 404 Not Found
Content-Type: application/json; charset=utf-8
cache-control: no-cache
content-length: 879

10:08:53.948 [AsyncHttpClient-1-13] DEBUG org.asynchttpclient.netty.channel.ChannelManager - Adding key: http://localhost:53766 for channel [id: 0x7c11f7a9, L:/127.0.0.1:61639 - R:localhost/127.0.0.1:53766]
10:08:53.953 [Forwarding switchToWindow on session 2089d4a5154639406bcb77e81f190746 to remote] DEBUG org.asynchttpclient.netty.request.NettyRequestSender - Using pooled Channel '[id: 0x7c11f7a9, L:/127.0.0.1:61639 - R:localhost/127.0.0.1:53766]' for 'POST' to 'http://localhost:53766/session/2089d4a5154639406bcb77e81f190746/window'
10:08:53.953 [Forwarding switchToWindow on session 2089d4a5154639406bcb77e81f190746 to remote] DEBUG org.asynchttpclient.netty.request.NettyRequestSender - Using open Channel [id: 0x7c11f7a9, L:/127.0.0.1:61639 - R:localhost/127.0.0.1:53766] for POST '/session/2089d4a5154639406bcb77e81f190746/window'
10:08:53.956 [AsyncHttpClient-1-13] DEBUG org.asynchttpclient.netty.handler.HttpHandler - 

Request DefaultHttpRequest(decodeResult: success, version: HTTP/1.1)
POST /session/2089d4a5154639406bcb77e81f190746/window HTTP/1.1
User-Agent: selenium/4.4.0 (java windows)
Content-Length: 59
Content-Type: application/json; charset=utf-8
host: localhost:53766
accept: */*

Response DefaultHttpResponse(decodeResult: success, version: HTTP/1.1)
HTTP/1.1 200 OK
Content-Type: application/json; charset=utf-8
cache-control: no-cache
content-length: 14

10:08:53.956 [AsyncHttpClient-1-13] DEBUG org.asynchttpclient.netty.channel.ChannelManager - Adding key: http://localhost:53766 for channel [id: 0x7c11f7a9, L:/127.0.0.1:61639 - R:localhost/127.0.0.1:53766]
10:08:53.957 [Forwarding getCurrentUrl on session 2089d4a5154639406bcb77e81f190746 to remote] DEBUG org.asynchttpclient.netty.request.NettyRequestSender - Using pooled Channel '[id: 0x7c11f7a9, L:/127.0.0.1:61639 - R:localhost/127.0.0.1:53766]' for 'GET' to 'http://localhost:53766/session/2089d4a5154639406bcb77e81f190746/url'
10:08:53.957 [Forwarding getCurrentUrl on session 2089d4a5154639406bcb77e81f190746 to remote] DEBUG org.asynchttpclient.netty.request.NettyRequestSender - Using open Channel [id: 0x7c11f7a9, L:/127.0.0.1:61639 - R:localhost/127.0.0.1:53766] for GET '/session/2089d4a5154639406bcb77e81f190746/url'
10:08:53.960 [AsyncHttpClient-1-13] DEBUG org.asynchttpclient.netty.handler.HttpHandler - 

Request DefaultFullHttpRequest(decodeResult: success, version: HTTP/1.1, content: EmptyByteBufBE)
GET /session/2089d4a5154639406bcb77e81f190746/url HTTP/1.1
User-Agent: selenium/4.4.0 (java windows)
Cache-Control: no-cache
Content-Type: application/json; charset=utf-8
host: localhost:53766
accept: */*

Response DefaultHttpResponse(decodeResult: success, version: HTTP/1.1)
HTTP/1.1 200 OK
Content-Type: application/json; charset=utf-8
cache-control: no-cache
content-length: 52

10:08:53.961 [AsyncHttpClient-1-13] DEBUG org.asynchttpclient.netty.channel.ChannelManager - Adding key: http://localhost:53766 for channel [id: 0x7c11f7a9, L:/127.0.0.1:61639 - R:localhost/127.0.0.1:53766]
10:08:53.961 [Forwarding screenshot on session 2089d4a5154639406bcb77e81f190746 to remote] DEBUG org.asynchttpclient.netty.request.NettyRequestSender - Using pooled Channel '[id: 0x7c11f7a9, L:/127.0.0.1:61639 - R:localhost/127.0.0.1:53766]' for 'GET' to 'http://localhost:53766/session/2089d4a5154639406bcb77e81f190746/screenshot'
10:08:53.961 [Forwarding screenshot on session 2089d4a5154639406bcb77e81f190746 to remote] DEBUG org.asynchttpclient.netty.request.NettyRequestSender - Using open Channel [id: 0x7c11f7a9, L:/127.0.0.1:61639 - R:localhost/127.0.0.1:53766] for GET '/session/2089d4a5154639406bcb77e81f190746/screenshot'
10:08:54.172 [AsyncHttpClient-1-13] DEBUG org.asynchttpclient.netty.handler.HttpHandler - 

Request DefaultFullHttpRequest(decodeResult: success, version: HTTP/1.1, content: EmptyByteBufBE)
GET /session/2089d4a5154639406bcb77e81f190746/screenshot HTTP/1.1
User-Agent: selenium/4.4.0 (java windows)
Cache-Control: no-cache
Content-Type: application/json; charset=utf-8
host: localhost:53766
accept: */*

Response DefaultHttpResponse(decodeResult: success, version: HTTP/1.1)
HTTP/1.1 200 OK
Content-Type: application/json; charset=utf-8
cache-control: no-cache
content-length: 316072

10:08:54.173 [AsyncHttpClient-1-13] DEBUG org.asynchttpclient.netty.channel.ChannelManager - Adding key: http://localhost:53766 for channel [id: 0x7c11f7a9, L:/127.0.0.1:61639 - R:localhost/127.0.0.1:53766]
10:08:54.177 [Test worker] DEBUG net.serenitybdd.core.photography.Darkroom - Send negative for processing for C:\Users\juan.gomezv\IdeaProjects\sura\target\site\serenity\e44069ae212a02c6322b8bddc355adc221270edded46bd42546211af4a56801c.png
10:08:54.177 [Test worker] DEBUG net.thucydides.core.steps.StepInterceptor - STEP DONE: {0} clicks on #target
10:08:54.183 [Test worker] DEBUG net.thucydides.core.steps.StepInterceptor - STEP DONE: performAs
  ?[32mDado ?[0m?[32mque ?[0m?[32m?[1mAna?[0m?[32m ingresa con una cuenta valida como la de ?[0m?[32m?[1m"STANDARD_USER"?[0m?[32m a Swaglabs?[0m ?[90m# sura.stepDefinitions.SharedBackgroundSteps.ingresaConUnaCuentaValidaASwaglabs(net.serenitybdd.screenplay.Actor,java.lang.String)?[0m
10:08:54.194 [Forwarding getPageSource on session 2089d4a5154639406bcb77e81f190746 to remote] DEBUG org.asynchttpclient.netty.request.NettyRequestSender - Using pooled Channel '[id: 0x7c11f7a9, L:/127.0.0.1:61639 - R:localhost/127.0.0.1:53766]' for 'POST' to 'http://localhost:53766/session/2089d4a5154639406bcb77e81f190746/execute/sync'
10:08:54.194 [Forwarding getPageSource on session 2089d4a5154639406bcb77e81f190746 to remote] DEBUG org.asynchttpclient.netty.request.NettyRequestSender - Using open Channel [id: 0x7c11f7a9, L:/127.0.0.1:61639 - R:localhost/127.0.0.1:53766] for POST '/session/2089d4a5154639406bcb77e81f190746/execute/sync'
10:08:54.200 [AsyncHttpClient-1-13] DEBUG org.asynchttpclient.netty.handler.HttpHandler - 

Request DefaultHttpRequest(decodeResult: success, version: HTTP/1.1)
POST /session/2089d4a5154639406bcb77e81f190746/execute/sync HTTP/1.1
User-Agent: selenium/4.4.0 (java windows)
Content-Length: 176
Content-Type: application/json; charset=utf-8
host: localhost:53766
accept: */*

Response DefaultHttpResponse(decodeResult: success, version: HTTP/1.1)
HTTP/1.1 200 OK
Content-Type: application/json; charset=utf-8
cache-control: no-cache
content-length: 15254

10:08:54.200 [AsyncHttpClient-1-13] DEBUG org.asynchttpclient.netty.channel.ChannelManager - Adding key: http://localhost:53766 for channel [id: 0x7c11f7a9, L:/127.0.0.1:61639 - R:localhost/127.0.0.1:53766]
10:08:54.201 [Forwarding getCurrentUrl on session 2089d4a5154639406bcb77e81f190746 to remote] DEBUG org.asynchttpclient.netty.request.NettyRequestSender - Using pooled Channel '[id: 0x7c11f7a9, L:/127.0.0.1:61639 - R:localhost/127.0.0.1:53766]' for 'GET' to 'http://localhost:53766/session/2089d4a5154639406bcb77e81f190746/url'
10:08:54.201 [Forwarding getCurrentUrl on session 2089d4a5154639406bcb77e81f190746 to remote] DEBUG org.asynchttpclient.netty.request.NettyRequestSender - Using open Channel [id: 0x7c11f7a9, L:/127.0.0.1:61639 - R:localhost/127.0.0.1:53766] for GET '/session/2089d4a5154639406bcb77e81f190746/url'
10:08:54.205 [AsyncHttpClient-1-13] DEBUG org.asynchttpclient.netty.handler.HttpHandler - 

Request DefaultFullHttpRequest(decodeResult: success, version: HTTP/1.1, content: EmptyByteBufBE)
GET /session/2089d4a5154639406bcb77e81f190746/url HTTP/1.1
User-Agent: selenium/4.4.0 (java windows)
Cache-Control: no-cache
Content-Type: application/json; charset=utf-8
host: localhost:53766
accept: */*

Response DefaultHttpResponse(decodeResult: success, version: HTTP/1.1)
HTTP/1.1 200 OK
Content-Type: application/json; charset=utf-8
cache-control: no-cache
content-length: 52

10:08:54.205 [AsyncHttpClient-1-13] DEBUG org.asynchttpclient.netty.channel.ChannelManager - Adding key: http://localhost:53766 for channel [id: 0x7c11f7a9, L:/127.0.0.1:61639 - R:localhost/127.0.0.1:53766]
10:08:54.216 [Forwarding getPageSource on session 2089d4a5154639406bcb77e81f190746 to remote] DEBUG org.asynchttpclient.netty.request.NettyRequestSender - Using pooled Channel '[id: 0x7c11f7a9, L:/127.0.0.1:61639 - R:localhost/127.0.0.1:53766]' for 'POST' to 'http://localhost:53766/session/2089d4a5154639406bcb77e81f190746/execute/sync'
10:08:54.217 [Forwarding getPageSource on session 2089d4a5154639406bcb77e81f190746 to remote] DEBUG org.asynchttpclient.netty.request.NettyRequestSender - Using open Channel [id: 0x7c11f7a9, L:/127.0.0.1:61639 - R:localhost/127.0.0.1:53766] for POST '/session/2089d4a5154639406bcb77e81f190746/execute/sync'
10:08:54.221 [AsyncHttpClient-1-13] DEBUG org.asynchttpclient.netty.handler.HttpHandler - 

Request DefaultHttpRequest(decodeResult: success, version: HTTP/1.1)
POST /session/2089d4a5154639406bcb77e81f190746/execute/sync HTTP/1.1
User-Agent: selenium/4.4.0 (java windows)
Content-Length: 176
Content-Type: application/json; charset=utf-8
host: localhost:53766
accept: */*

Response DefaultHttpResponse(decodeResult: success, version: HTTP/1.1)
HTTP/1.1 200 OK
Content-Type: application/json; charset=utf-8
cache-control: no-cache
content-length: 15254

10:08:54.222 [AsyncHttpClient-1-13] DEBUG org.asynchttpclient.netty.channel.ChannelManager - Adding key: http://localhost:53766 for channel [id: 0x7c11f7a9, L:/127.0.0.1:61639 - R:localhost/127.0.0.1:53766]
10:08:54.223 [Forwarding getCurrentUrl on session 2089d4a5154639406bcb77e81f190746 to remote] DEBUG org.asynchttpclient.netty.request.NettyRequestSender - Using pooled Channel '[id: 0x7c11f7a9, L:/127.0.0.1:61639 - R:localhost/127.0.0.1:53766]' for 'GET' to 'http://localhost:53766/session/2089d4a5154639406bcb77e81f190746/url'
10:08:54.223 [Forwarding getCurrentUrl on session 2089d4a5154639406bcb77e81f190746 to remote] DEBUG org.asynchttpclient.netty.request.NettyRequestSender - Using open Channel [id: 0x7c11f7a9, L:/127.0.0.1:61639 - R:localhost/127.0.0.1:53766] for GET '/session/2089d4a5154639406bcb77e81f190746/url'
10:08:54.226 [AsyncHttpClient-1-13] DEBUG org.asynchttpclient.netty.handler.HttpHandler - 

Request DefaultFullHttpRequest(decodeResult: success, version: HTTP/1.1, content: EmptyByteBufBE)
GET /session/2089d4a5154639406bcb77e81f190746/url HTTP/1.1
User-Agent: selenium/4.4.0 (java windows)
Cache-Control: no-cache
Content-Type: application/json; charset=utf-8
host: localhost:53766
accept: */*

Response DefaultHttpResponse(decodeResult: success, version: HTTP/1.1)
HTTP/1.1 200 OK
Content-Type: application/json; charset=utf-8
cache-control: no-cache
content-length: 52

10:08:54.226 [AsyncHttpClient-1-13] DEBUG org.asynchttpclient.netty.channel.ChannelManager - Adding key: http://localhost:53766 for channel [id: 0x7c11f7a9, L:/127.0.0.1:61639 - R:localhost/127.0.0.1:53766]
10:08:54.227 [Test worker] DEBUG net.thucydides.core.steps.StepInterceptor - STARTING STEP: PurchaseSteps.haceClickEnElBotonDelArticulo - performAs
10:08:54.237 [Forwarding getCurrentWindowHandle on session 2089d4a5154639406bcb77e81f190746 to remote] DEBUG org.asynchttpclient.netty.request.NettyRequestSender - Using pooled Channel '[id: 0x7c11f7a9, L:/127.0.0.1:61639 - R:localhost/127.0.0.1:53766]' for 'GET' to 'http://localhost:53766/session/2089d4a5154639406bcb77e81f190746/window'
10:08:54.237 [Forwarding getCurrentWindowHandle on session 2089d4a5154639406bcb77e81f190746 to remote] DEBUG org.asynchttpclient.netty.request.NettyRequestSender - Using open Channel [id: 0x7c11f7a9, L:/127.0.0.1:61639 - R:localhost/127.0.0.1:53766] for GET '/session/2089d4a5154639406bcb77e81f190746/window'
10:08:54.237 [AsyncHttpClient-1-13] DEBUG org.asynchttpclient.netty.handler.HttpHandler - 

Request DefaultFullHttpRequest(decodeResult: success, version: HTTP/1.1, content: EmptyByteBufBE)
GET /session/2089d4a5154639406bcb77e81f190746/window HTTP/1.1
User-Agent: selenium/4.4.0 (java windows)
Cache-Control: no-cache
Content-Type: application/json; charset=utf-8
host: localhost:53766
accept: */*

Response DefaultHttpResponse(decodeResult: success, version: HTTP/1.1)
HTTP/1.1 200 OK
Content-Type: application/json; charset=utf-8
cache-control: no-cache
content-length: 53

10:08:54.237 [AsyncHttpClient-1-13] DEBUG org.asynchttpclient.netty.channel.ChannelManager - Adding key: http://localhost:53766 for channel [id: 0x7c11f7a9, L:/127.0.0.1:61639 - R:localhost/127.0.0.1:53766]
10:08:54.241 [Forwarding getAlertText on session 2089d4a5154639406bcb77e81f190746 to remote] DEBUG org.asynchttpclient.netty.request.NettyRequestSender - Using pooled Channel '[id: 0x7c11f7a9, L:/127.0.0.1:61639 - R:localhost/127.0.0.1:53766]' for 'GET' to 'http://localhost:53766/session/2089d4a5154639406bcb77e81f190746/alert/text'
10:08:54.241 [Forwarding getAlertText on session 2089d4a5154639406bcb77e81f190746 to remote] DEBUG org.asynchttpclient.netty.request.NettyRequestSender - Using open Channel [id: 0x7c11f7a9, L:/127.0.0.1:61639 - R:localhost/127.0.0.1:53766] for GET '/session/2089d4a5154639406bcb77e81f190746/alert/text'
10:08:54.242 [AsyncHttpClient-1-13] DEBUG org.asynchttpclient.netty.handler.HttpHandler - 

Request DefaultFullHttpRequest(decodeResult: success, version: HTTP/1.1, content: EmptyByteBufBE)
GET /session/2089d4a5154639406bcb77e81f190746/alert/text HTTP/1.1
User-Agent: selenium/4.4.0 (java windows)
Cache-Control: no-cache
Content-Type: application/json; charset=utf-8
host: localhost:53766
accept: */*

Response DefaultHttpResponse(decodeResult: success, version: HTTP/1.1)
HTTP/1.1 404 Not Found
Content-Type: application/json; charset=utf-8
cache-control: no-cache
content-length: 879

10:08:54.242 [AsyncHttpClient-1-13] DEBUG org.asynchttpclient.netty.channel.ChannelManager - Adding key: http://localhost:53766 for channel [id: 0x7c11f7a9, L:/127.0.0.1:61639 - R:localhost/127.0.0.1:53766]
10:08:54.245 [Forwarding switchToWindow on session 2089d4a5154639406bcb77e81f190746 to remote] DEBUG org.asynchttpclient.netty.request.NettyRequestSender - Using pooled Channel '[id: 0x7c11f7a9, L:/127.0.0.1:61639 - R:localhost/127.0.0.1:53766]' for 'POST' to 'http://localhost:53766/session/2089d4a5154639406bcb77e81f190746/window'
10:08:54.245 [Forwarding switchToWindow on session 2089d4a5154639406bcb77e81f190746 to remote] DEBUG org.asynchttpclient.netty.request.NettyRequestSender - Using open Channel [id: 0x7c11f7a9, L:/127.0.0.1:61639 - R:localhost/127.0.0.1:53766] for POST '/session/2089d4a5154639406bcb77e81f190746/window'
10:08:54.248 [AsyncHttpClient-1-13] DEBUG org.asynchttpclient.netty.handler.HttpHandler - 

Request DefaultHttpRequest(decodeResult: success, version: HTTP/1.1)
POST /session/2089d4a5154639406bcb77e81f190746/window HTTP/1.1
User-Agent: selenium/4.4.0 (java windows)
Content-Length: 59
Content-Type: application/json; charset=utf-8
host: localhost:53766
accept: */*

Response DefaultHttpResponse(decodeResult: success, version: HTTP/1.1)
HTTP/1.1 200 OK
Content-Type: application/json; charset=utf-8
cache-control: no-cache
content-length: 14

10:08:54.248 [AsyncHttpClient-1-13] DEBUG org.asynchttpclient.netty.channel.ChannelManager - Adding key: http://localhost:53766 for channel [id: 0x7c11f7a9, L:/127.0.0.1:61639 - R:localhost/127.0.0.1:53766]
10:08:54.248 [Forwarding getCurrentUrl on session 2089d4a5154639406bcb77e81f190746 to remote] DEBUG org.asynchttpclient.netty.request.NettyRequestSender - Using pooled Channel '[id: 0x7c11f7a9, L:/127.0.0.1:61639 - R:localhost/127.0.0.1:53766]' for 'GET' to 'http://localhost:53766/session/2089d4a5154639406bcb77e81f190746/url'
10:08:54.248 [Forwarding getCurrentUrl on session 2089d4a5154639406bcb77e81f190746 to remote] DEBUG org.asynchttpclient.netty.request.NettyRequestSender - Using open Channel [id: 0x7c11f7a9, L:/127.0.0.1:61639 - R:localhost/127.0.0.1:53766] for GET '/session/2089d4a5154639406bcb77e81f190746/url'
10:08:54.251 [AsyncHttpClient-1-13] DEBUG org.asynchttpclient.netty.handler.HttpHandler - 

Request DefaultFullHttpRequest(decodeResult: success, version: HTTP/1.1, content: EmptyByteBufBE)
GET /session/2089d4a5154639406bcb77e81f190746/url HTTP/1.1
User-Agent: selenium/4.4.0 (java windows)
Cache-Control: no-cache
Content-Type: application/json; charset=utf-8
host: localhost:53766
accept: */*

Response DefaultHttpResponse(decodeResult: success, version: HTTP/1.1)
HTTP/1.1 200 OK
Content-Type: application/json; charset=utf-8
cache-control: no-cache
content-length: 52

10:08:54.251 [AsyncHttpClient-1-13] DEBUG org.asynchttpclient.netty.channel.ChannelManager - Adding key: http://localhost:53766 for channel [id: 0x7c11f7a9, L:/127.0.0.1:61639 - R:localhost/127.0.0.1:53766]
10:08:54.252 [Forwarding screenshot on session 2089d4a5154639406bcb77e81f190746 to remote] DEBUG org.asynchttpclient.netty.request.NettyRequestSender - Using pooled Channel '[id: 0x7c11f7a9, L:/127.0.0.1:61639 - R:localhost/127.0.0.1:53766]' for 'GET' to 'http://localhost:53766/session/2089d4a5154639406bcb77e81f190746/screenshot'
10:08:54.252 [Forwarding screenshot on session 2089d4a5154639406bcb77e81f190746 to remote] DEBUG org.asynchttpclient.netty.request.NettyRequestSender - Using open Channel [id: 0x7c11f7a9, L:/127.0.0.1:61639 - R:localhost/127.0.0.1:53766] for GET '/session/2089d4a5154639406bcb77e81f190746/screenshot'
10:08:54.358 [AsyncHttpClient-1-13] DEBUG org.asynchttpclient.netty.handler.HttpHandler - 

Request DefaultFullHttpRequest(decodeResult: success, version: HTTP/1.1, content: EmptyByteBufBE)
GET /session/2089d4a5154639406bcb77e81f190746/screenshot HTTP/1.1
User-Agent: selenium/4.4.0 (java windows)
Cache-Control: no-cache
Content-Type: application/json; charset=utf-8
host: localhost:53766
accept: */*

Response DefaultHttpResponse(decodeResult: success, version: HTTP/1.1)
HTTP/1.1 200 OK
Content-Type: application/json; charset=utf-8
cache-control: no-cache
content-length: 316072

10:08:54.358 [AsyncHttpClient-1-13] DEBUG org.asynchttpclient.netty.channel.ChannelManager - Adding key: http://localhost:53766 for channel [id: 0x7c11f7a9, L:/127.0.0.1:61639 - R:localhost/127.0.0.1:53766]
10:08:54.365 [Test worker] DEBUG net.serenitybdd.core.photography.Darkroom - Send negative for processing for C:\Users\juan.gomezv\IdeaProjects\sura\target\site\serenity\e44069ae212a02c6322b8bddc355adc221270edded46bd42546211af4a56801c.png
10:08:54.367 [Forwarding getPageSource on session 2089d4a5154639406bcb77e81f190746 to remote] DEBUG org.asynchttpclient.netty.request.NettyRequestSender - Using pooled Channel '[id: 0x7c11f7a9, L:/127.0.0.1:61639 - R:localhost/127.0.0.1:53766]' for 'POST' to 'http://localhost:53766/session/2089d4a5154639406bcb77e81f190746/execute/sync'
10:08:54.368 [Forwarding getPageSource on session 2089d4a5154639406bcb77e81f190746 to remote] DEBUG org.asynchttpclient.netty.request.NettyRequestSender - Using open Channel [id: 0x7c11f7a9, L:/127.0.0.1:61639 - R:localhost/127.0.0.1:53766] for POST '/session/2089d4a5154639406bcb77e81f190746/execute/sync'
10:08:54.373 [AsyncHttpClient-1-13] DEBUG org.asynchttpclient.netty.handler.HttpHandler - 

Request DefaultHttpRequest(decodeResult: success, version: HTTP/1.1)
POST /session/2089d4a5154639406bcb77e81f190746/execute/sync HTTP/1.1
User-Agent: selenium/4.4.0 (java windows)
Content-Length: 176
Content-Type: application/json; charset=utf-8
host: localhost:53766
accept: */*

Response DefaultHttpResponse(decodeResult: success, version: HTTP/1.1)
HTTP/1.1 200 OK
Content-Type: application/json; charset=utf-8
cache-control: no-cache
content-length: 15254

10:08:54.373 [AsyncHttpClient-1-13] DEBUG org.asynchttpclient.netty.channel.ChannelManager - Adding key: http://localhost:53766 for channel [id: 0x7c11f7a9, L:/127.0.0.1:61639 - R:localhost/127.0.0.1:53766]
10:08:54.374 [Forwarding getCurrentUrl on session 2089d4a5154639406bcb77e81f190746 to remote] DEBUG org.asynchttpclient.netty.request.NettyRequestSender - Using pooled Channel '[id: 0x7c11f7a9, L:/127.0.0.1:61639 - R:localhost/127.0.0.1:53766]' for 'GET' to 'http://localhost:53766/session/2089d4a5154639406bcb77e81f190746/url'
10:08:54.374 [Forwarding getCurrentUrl on session 2089d4a5154639406bcb77e81f190746 to remote] DEBUG org.asynchttpclient.netty.request.NettyRequestSender - Using open Channel [id: 0x7c11f7a9, L:/127.0.0.1:61639 - R:localhost/127.0.0.1:53766] for GET '/session/2089d4a5154639406bcb77e81f190746/url'
10:08:54.377 [AsyncHttpClient-1-13] DEBUG org.asynchttpclient.netty.handler.HttpHandler - 

Request DefaultFullHttpRequest(decodeResult: success, version: HTTP/1.1, content: EmptyByteBufBE)
GET /session/2089d4a5154639406bcb77e81f190746/url HTTP/1.1
User-Agent: selenium/4.4.0 (java windows)
Cache-Control: no-cache
Content-Type: application/json; charset=utf-8
host: localhost:53766
accept: */*

Response DefaultHttpResponse(decodeResult: success, version: HTTP/1.1)
HTTP/1.1 200 OK
Content-Type: application/json; charset=utf-8
cache-control: no-cache
content-length: 52

10:08:54.377 [AsyncHttpClient-1-13] DEBUG org.asynchttpclient.netty.channel.ChannelManager - Adding key: http://localhost:53766 for channel [id: 0x7c11f7a9, L:/127.0.0.1:61639 - R:localhost/127.0.0.1:53766]
10:08:54.378 [Test worker] DEBUG net.thucydides.core.steps.StepInterceptor - STARTING STEP: Purchase.performAs - performAs
10:08:54.381 [Forwarding findElements on session 2089d4a5154639406bcb77e81f190746 to remote] DEBUG org.asynchttpclient.netty.request.NettyRequestSender - Using pooled Channel '[id: 0x7c11f7a9, L:/127.0.0.1:61639 - R:localhost/127.0.0.1:53766]' for 'POST' to 'http://localhost:53766/session/2089d4a5154639406bcb77e81f190746/elements'
10:08:54.381 [Forwarding findElements on session 2089d4a5154639406bcb77e81f190746 to remote] DEBUG org.asynchttpclient.netty.request.NettyRequestSender - Using open Channel [id: 0x7c11f7a9, L:/127.0.0.1:61639 - R:localhost/127.0.0.1:53766] for POST '/session/2089d4a5154639406bcb77e81f190746/elements'
10:08:54.389 [AsyncHttpClient-1-13] DEBUG org.asynchttpclient.netty.handler.HttpHandler - 

Request DefaultHttpRequest(decodeResult: success, version: HTTP/1.1)
POST /session/2089d4a5154639406bcb77e81f190746/elements HTTP/1.1
User-Agent: selenium/4.4.0 (java windows)
Content-Length: 92
Content-Type: application/json; charset=utf-8
host: localhost:53766
accept: */*

Response DefaultHttpResponse(decodeResult: success, version: HTTP/1.1)
HTTP/1.1 200 OK
Content-Type: application/json; charset=utf-8
cache-control: no-cache
content-length: 485

10:08:54.389 [AsyncHttpClient-1-13] DEBUG org.asynchttpclient.netty.channel.ChannelManager - Adding key: http://localhost:53766 for channel [id: 0x7c11f7a9, L:/127.0.0.1:61639 - R:localhost/127.0.0.1:53766]
10:08:54.400 [Forwarding getPageSource on session 2089d4a5154639406bcb77e81f190746 to remote] DEBUG org.asynchttpclient.netty.request.NettyRequestSender - Using pooled Channel '[id: 0x7c11f7a9, L:/127.0.0.1:61639 - R:localhost/127.0.0.1:53766]' for 'POST' to 'http://localhost:53766/session/2089d4a5154639406bcb77e81f190746/execute/sync'
10:08:54.401 [Forwarding getPageSource on session 2089d4a5154639406bcb77e81f190746 to remote] DEBUG org.asynchttpclient.netty.request.NettyRequestSender - Using open Channel [id: 0x7c11f7a9, L:/127.0.0.1:61639 - R:localhost/127.0.0.1:53766] for POST '/session/2089d4a5154639406bcb77e81f190746/execute/sync'
10:08:54.405 [AsyncHttpClient-1-13] DEBUG org.asynchttpclient.netty.handler.HttpHandler - 

Request DefaultHttpRequest(decodeResult: success, version: HTTP/1.1)
POST /session/2089d4a5154639406bcb77e81f190746/execute/sync HTTP/1.1
User-Agent: selenium/4.4.0 (java windows)
Content-Length: 176
Content-Type: application/json; charset=utf-8
host: localhost:53766
accept: */*

Response DefaultHttpResponse(decodeResult: success, version: HTTP/1.1)
HTTP/1.1 200 OK
Content-Type: application/json; charset=utf-8
cache-control: no-cache
content-length: 15254

10:08:54.405 [AsyncHttpClient-1-13] DEBUG org.asynchttpclient.netty.channel.ChannelManager - Adding key: http://localhost:53766 for channel [id: 0x7c11f7a9, L:/127.0.0.1:61639 - R:localhost/127.0.0.1:53766]
10:08:54.407 [Forwarding getCurrentUrl on session 2089d4a5154639406bcb77e81f190746 to remote] DEBUG org.asynchttpclient.netty.request.NettyRequestSender - Using pooled Channel '[id: 0x7c11f7a9, L:/127.0.0.1:61639 - R:localhost/127.0.0.1:53766]' for 'GET' to 'http://localhost:53766/session/2089d4a5154639406bcb77e81f190746/url'
10:08:54.407 [Forwarding getCurrentUrl on session 2089d4a5154639406bcb77e81f190746 to remote] DEBUG org.asynchttpclient.netty.request.NettyRequestSender - Using open Channel [id: 0x7c11f7a9, L:/127.0.0.1:61639 - R:localhost/127.0.0.1:53766] for GET '/session/2089d4a5154639406bcb77e81f190746/url'
10:08:54.410 [AsyncHttpClient-1-13] DEBUG org.asynchttpclient.netty.handler.HttpHandler - 

Request DefaultFullHttpRequest(decodeResult: success, version: HTTP/1.1, content: EmptyByteBufBE)
GET /session/2089d4a5154639406bcb77e81f190746/url HTTP/1.1
User-Agent: selenium/4.4.0 (java windows)
Cache-Control: no-cache
Content-Type: application/json; charset=utf-8
host: localhost:53766
accept: */*

Response DefaultHttpResponse(decodeResult: success, version: HTTP/1.1)
HTTP/1.1 200 OK
Content-Type: application/json; charset=utf-8
cache-control: no-cache
content-length: 52

10:08:54.410 [AsyncHttpClient-1-13] DEBUG org.asynchttpclient.netty.channel.ChannelManager - Adding key: http://localhost:53766 for channel [id: 0x7c11f7a9, L:/127.0.0.1:61639 - R:localhost/127.0.0.1:53766]
10:08:54.411 [Test worker] DEBUG net.thucydides.core.steps.StepInterceptor - STARTING STEP: AddOrRemoveFromCart.performAs - {0} clicks on #element
10:08:54.429 [Forwarding isElementDisplayed on session 2089d4a5154639406bcb77e81f190746 to remote] DEBUG org.asynchttpclient.netty.request.NettyRequestSender - Using pooled Channel '[id: 0x7c11f7a9, L:/127.0.0.1:61639 - R:localhost/127.0.0.1:53766]' for 'POST' to 'http://localhost:53766/session/2089d4a5154639406bcb77e81f190746/execute/sync'
10:08:54.429 [Forwarding isElementDisplayed on session 2089d4a5154639406bcb77e81f190746 to remote] DEBUG org.asynchttpclient.netty.request.NettyRequestSender - Using open Channel [id: 0x7c11f7a9, L:/127.0.0.1:61639 - R:localhost/127.0.0.1:53766] for POST '/session/2089d4a5154639406bcb77e81f190746/execute/sync'
10:08:54.440 [AsyncHttpClient-1-13] DEBUG org.asynchttpclient.netty.handler.HttpHandler - 

Request DefaultHttpRequest(decodeResult: success, version: HTTP/1.1)
POST /session/2089d4a5154639406bcb77e81f190746/execute/sync HTTP/1.1
User-Agent: selenium/4.4.0 (java windows)
Content-Length: 48780
Content-Type: application/json; charset=utf-8
host: localhost:53766
accept: */*

Response DefaultHttpResponse(decodeResult: success, version: HTTP/1.1)
HTTP/1.1 200 OK
Content-Type: application/json; charset=utf-8
cache-control: no-cache
content-length: 14

10:08:54.440 [AsyncHttpClient-1-13] DEBUG org.asynchttpclient.netty.channel.ChannelManager - Adding key: http://localhost:53766 for channel [id: 0x7c11f7a9, L:/127.0.0.1:61639 - R:localhost/127.0.0.1:53766]
10:08:54.444 [Forwarding clickElement on session 2089d4a5154639406bcb77e81f190746 to remote] DEBUG org.asynchttpclient.netty.request.NettyRequestSender - Using pooled Channel '[id: 0x7c11f7a9, L:/127.0.0.1:61639 - R:localhost/127.0.0.1:53766]' for 'POST' to 'http://localhost:53766/session/2089d4a5154639406bcb77e81f190746/element/65f01a13-9c35-431f-bdec-8259f206c15b/click'
10:08:54.444 [Forwarding clickElement on session 2089d4a5154639406bcb77e81f190746 to remote] DEBUG org.asynchttpclient.netty.request.NettyRequestSender - Using open Channel [id: 0x7c11f7a9, L:/127.0.0.1:61639 - R:localhost/127.0.0.1:53766] for POST '/session/2089d4a5154639406bcb77e81f190746/element/65f01a13-9c35-431f-bdec-8259f206c15b/click'
10:08:54.473 [AsyncHttpClient-1-13] DEBUG org.asynchttpclient.netty.handler.HttpHandler - 

Request DefaultHttpRequest(decodeResult: success, version: HTTP/1.1)
POST /session/2089d4a5154639406bcb77e81f190746/element/65f01a13-9c35-431f-bdec-8259f206c15b/click HTTP/1.1
User-Agent: selenium/4.4.0 (java windows)
Content-Length: 50
Content-Type: application/json; charset=utf-8
host: localhost:53766
accept: */*

Response DefaultHttpResponse(decodeResult: success, version: HTTP/1.1)
HTTP/1.1 200 OK
Content-Type: application/json; charset=utf-8
cache-control: no-cache
content-length: 14

10:08:54.473 [AsyncHttpClient-1-13] DEBUG org.asynchttpclient.netty.channel.ChannelManager - Adding key: http://localhost:53766 for channel [id: 0x7c11f7a9, L:/127.0.0.1:61639 - R:localhost/127.0.0.1:53766]
10:08:54.488 [Forwarding getCurrentWindowHandle on session 2089d4a5154639406bcb77e81f190746 to remote] DEBUG org.asynchttpclient.netty.request.NettyRequestSender - Using pooled Channel '[id: 0x7c11f7a9, L:/127.0.0.1:61639 - R:localhost/127.0.0.1:53766]' for 'GET' to 'http://localhost:53766/session/2089d4a5154639406bcb77e81f190746/window'
10:08:54.488 [Forwarding getCurrentWindowHandle on session 2089d4a5154639406bcb77e81f190746 to remote] DEBUG org.asynchttpclient.netty.request.NettyRequestSender - Using open Channel [id: 0x7c11f7a9, L:/127.0.0.1:61639 - R:localhost/127.0.0.1:53766] for GET '/session/2089d4a5154639406bcb77e81f190746/window'
10:08:54.489 [AsyncHttpClient-1-13] DEBUG org.asynchttpclient.netty.handler.HttpHandler - 

Request DefaultFullHttpRequest(decodeResult: success, version: HTTP/1.1, content: EmptyByteBufBE)
GET /session/2089d4a5154639406bcb77e81f190746/window HTTP/1.1
User-Agent: selenium/4.4.0 (java windows)
Cache-Control: no-cache
Content-Type: application/json; charset=utf-8
host: localhost:53766
accept: */*

Response DefaultHttpResponse(decodeResult: success, version: HTTP/1.1)
HTTP/1.1 200 OK
Content-Type: application/json; charset=utf-8
cache-control: no-cache
content-length: 53

10:08:54.489 [AsyncHttpClient-1-13] DEBUG org.asynchttpclient.netty.channel.ChannelManager - Adding key: http://localhost:53766 for channel [id: 0x7c11f7a9, L:/127.0.0.1:61639 - R:localhost/127.0.0.1:53766]
10:08:54.492 [Forwarding getAlertText on session 2089d4a5154639406bcb77e81f190746 to remote] DEBUG org.asynchttpclient.netty.request.NettyRequestSender - Using pooled Channel '[id: 0x7c11f7a9, L:/127.0.0.1:61639 - R:localhost/127.0.0.1:53766]' for 'GET' to 'http://localhost:53766/session/2089d4a5154639406bcb77e81f190746/alert/text'
10:08:54.492 [Forwarding getAlertText on session 2089d4a5154639406bcb77e81f190746 to remote] DEBUG org.asynchttpclient.netty.request.NettyRequestSender - Using open Channel [id: 0x7c11f7a9, L:/127.0.0.1:61639 - R:localhost/127.0.0.1:53766] for GET '/session/2089d4a5154639406bcb77e81f190746/alert/text'
10:08:54.495 [AsyncHttpClient-1-13] DEBUG org.asynchttpclient.netty.handler.HttpHandler - 

Request DefaultFullHttpRequest(decodeResult: success, version: HTTP/1.1, content: EmptyByteBufBE)
GET /session/2089d4a5154639406bcb77e81f190746/alert/text HTTP/1.1
User-Agent: selenium/4.4.0 (java windows)
Cache-Control: no-cache
Content-Type: application/json; charset=utf-8
host: localhost:53766
accept: */*

Response DefaultHttpResponse(decodeResult: success, version: HTTP/1.1)
HTTP/1.1 404 Not Found
Content-Type: application/json; charset=utf-8
cache-control: no-cache
content-length: 879

10:08:54.495 [AsyncHttpClient-1-13] DEBUG org.asynchttpclient.netty.channel.ChannelManager - Adding key: http://localhost:53766 for channel [id: 0x7c11f7a9, L:/127.0.0.1:61639 - R:localhost/127.0.0.1:53766]
10:08:54.499 [Forwarding switchToWindow on session 2089d4a5154639406bcb77e81f190746 to remote] DEBUG org.asynchttpclient.netty.request.NettyRequestSender - Using pooled Channel '[id: 0x7c11f7a9, L:/127.0.0.1:61639 - R:localhost/127.0.0.1:53766]' for 'POST' to 'http://localhost:53766/session/2089d4a5154639406bcb77e81f190746/window'
10:08:54.499 [Forwarding switchToWindow on session 2089d4a5154639406bcb77e81f190746 to remote] DEBUG org.asynchttpclient.netty.request.NettyRequestSender - Using open Channel [id: 0x7c11f7a9, L:/127.0.0.1:61639 - R:localhost/127.0.0.1:53766] for POST '/session/2089d4a5154639406bcb77e81f190746/window'
10:08:54.502 [AsyncHttpClient-1-13] DEBUG org.asynchttpclient.netty.handler.HttpHandler - 

Request DefaultHttpRequest(decodeResult: success, version: HTTP/1.1)
POST /session/2089d4a5154639406bcb77e81f190746/window HTTP/1.1
User-Agent: selenium/4.4.0 (java windows)
Content-Length: 59
Content-Type: application/json; charset=utf-8
host: localhost:53766
accept: */*

Response DefaultHttpResponse(decodeResult: success, version: HTTP/1.1)
HTTP/1.1 200 OK
Content-Type: application/json; charset=utf-8
cache-control: no-cache
content-length: 14

10:08:54.502 [AsyncHttpClient-1-13] DEBUG org.asynchttpclient.netty.channel.ChannelManager - Adding key: http://localhost:53766 for channel [id: 0x7c11f7a9, L:/127.0.0.1:61639 - R:localhost/127.0.0.1:53766]
10:08:54.502 [Forwarding getCurrentUrl on session 2089d4a5154639406bcb77e81f190746 to remote] DEBUG org.asynchttpclient.netty.request.NettyRequestSender - Using pooled Channel '[id: 0x7c11f7a9, L:/127.0.0.1:61639 - R:localhost/127.0.0.1:53766]' for 'GET' to 'http://localhost:53766/session/2089d4a5154639406bcb77e81f190746/url'
10:08:54.502 [Forwarding getCurrentUrl on session 2089d4a5154639406bcb77e81f190746 to remote] DEBUG org.asynchttpclient.netty.request.NettyRequestSender - Using open Channel [id: 0x7c11f7a9, L:/127.0.0.1:61639 - R:localhost/127.0.0.1:53766] for GET '/session/2089d4a5154639406bcb77e81f190746/url'
10:08:54.506 [AsyncHttpClient-1-13] DEBUG org.asynchttpclient.netty.handler.HttpHandler - 

Request DefaultFullHttpRequest(decodeResult: success, version: HTTP/1.1, content: EmptyByteBufBE)
GET /session/2089d4a5154639406bcb77e81f190746/url HTTP/1.1
User-Agent: selenium/4.4.0 (java windows)
Cache-Control: no-cache
Content-Type: application/json; charset=utf-8
host: localhost:53766
accept: */*

Response DefaultHttpResponse(decodeResult: success, version: HTTP/1.1)
HTTP/1.1 200 OK
Content-Type: application/json; charset=utf-8
cache-control: no-cache
content-length: 52

10:08:54.506 [AsyncHttpClient-1-13] DEBUG org.asynchttpclient.netty.channel.ChannelManager - Adding key: http://localhost:53766 for channel [id: 0x7c11f7a9, L:/127.0.0.1:61639 - R:localhost/127.0.0.1:53766]
10:08:54.506 [Forwarding screenshot on session 2089d4a5154639406bcb77e81f190746 to remote] DEBUG org.asynchttpclient.netty.request.NettyRequestSender - Using pooled Channel '[id: 0x7c11f7a9, L:/127.0.0.1:61639 - R:localhost/127.0.0.1:53766]' for 'GET' to 'http://localhost:53766/session/2089d4a5154639406bcb77e81f190746/screenshot'
10:08:54.506 [Forwarding screenshot on session 2089d4a5154639406bcb77e81f190746 to remote] DEBUG org.asynchttpclient.netty.request.NettyRequestSender - Using open Channel [id: 0x7c11f7a9, L:/127.0.0.1:61639 - R:localhost/127.0.0.1:53766] for GET '/session/2089d4a5154639406bcb77e81f190746/screenshot'
10:08:54.628 [AsyncHttpClient-1-13] DEBUG org.asynchttpclient.netty.handler.HttpHandler - 

Request DefaultFullHttpRequest(decodeResult: success, version: HTTP/1.1, content: EmptyByteBufBE)
GET /session/2089d4a5154639406bcb77e81f190746/screenshot HTTP/1.1
User-Agent: selenium/4.4.0 (java windows)
Cache-Control: no-cache
Content-Type: application/json; charset=utf-8
host: localhost:53766
accept: */*

Response DefaultHttpResponse(decodeResult: success, version: HTTP/1.1)
HTTP/1.1 200 OK
Content-Type: application/json; charset=utf-8
cache-control: no-cache
content-length: 316804

10:08:54.629 [AsyncHttpClient-1-13] DEBUG org.asynchttpclient.netty.channel.ChannelManager - Adding key: http://localhost:53766 for channel [id: 0x7c11f7a9, L:/127.0.0.1:61639 - R:localhost/127.0.0.1:53766]
10:08:54.633 [Test worker] DEBUG net.serenitybdd.core.photography.Darkroom - Send negative for processing for C:\Users\juan.gomezv\IdeaProjects\sura\target\site\serenity\98a2f7a4257e1989b38856848a681c2935280a85bed3379561138466c7e889d9.png
10:08:54.634 [Test worker] DEBUG net.thucydides.core.steps.StepInterceptor - STEP DONE: {0} clicks on #element
10:08:54.643 [Test worker] DEBUG net.thucydides.core.steps.StepInterceptor - STEP DONE: performAs
10:08:54.651 [Test worker] DEBUG net.thucydides.core.steps.StepInterceptor - STEP DONE: performAs
  ?[32mCuando ?[0m?[32m?[0m?[32m?[1mAna?[0m?[32m hace click en el boton del ?[0m?[32m?[1m2?[0m?[32m articulo?[0m                                 ?[90m# sura.stepDefinitions.PurchaseSteps.haceClickEnElBotonDelArticulo(net.serenitybdd.screenplay.Actor,java.lang.Integer)?[0m
10:08:54.667 [Forwarding getPageSource on session 2089d4a5154639406bcb77e81f190746 to remote] DEBUG org.asynchttpclient.netty.request.NettyRequestSender - Using pooled Channel '[id: 0x7c11f7a9, L:/127.0.0.1:61639 - R:localhost/127.0.0.1:53766]' for 'POST' to 'http://localhost:53766/session/2089d4a5154639406bcb77e81f190746/execute/sync'
10:08:54.667 [Forwarding getPageSource on session 2089d4a5154639406bcb77e81f190746 to remote] DEBUG org.asynchttpclient.netty.request.NettyRequestSender - Using open Channel [id: 0x7c11f7a9, L:/127.0.0.1:61639 - R:localhost/127.0.0.1:53766] for POST '/session/2089d4a5154639406bcb77e81f190746/execute/sync'
10:08:54.672 [AsyncHttpClient-1-13] DEBUG org.asynchttpclient.netty.handler.HttpHandler - 

Request DefaultHttpRequest(decodeResult: success, version: HTTP/1.1)
POST /session/2089d4a5154639406bcb77e81f190746/execute/sync HTTP/1.1
User-Agent: selenium/4.4.0 (java windows)
Content-Length: 176
Content-Type: application/json; charset=utf-8
host: localhost:53766
accept: */*

Response DefaultHttpResponse(decodeResult: success, version: HTTP/1.1)
HTTP/1.1 200 OK
Content-Type: application/json; charset=utf-8
cache-control: no-cache
content-length: 15306

10:08:54.672 [AsyncHttpClient-1-13] DEBUG org.asynchttpclient.netty.channel.ChannelManager - Adding key: http://localhost:53766 for channel [id: 0x7c11f7a9, L:/127.0.0.1:61639 - R:localhost/127.0.0.1:53766]
10:08:54.673 [Forwarding getCurrentUrl on session 2089d4a5154639406bcb77e81f190746 to remote] DEBUG org.asynchttpclient.netty.request.NettyRequestSender - Using pooled Channel '[id: 0x7c11f7a9, L:/127.0.0.1:61639 - R:localhost/127.0.0.1:53766]' for 'GET' to 'http://localhost:53766/session/2089d4a5154639406bcb77e81f190746/url'
10:08:54.673 [Forwarding getCurrentUrl on session 2089d4a5154639406bcb77e81f190746 to remote] DEBUG org.asynchttpclient.netty.request.NettyRequestSender - Using open Channel [id: 0x7c11f7a9, L:/127.0.0.1:61639 - R:localhost/127.0.0.1:53766] for GET '/session/2089d4a5154639406bcb77e81f190746/url'
10:08:54.676 [AsyncHttpClient-1-13] DEBUG org.asynchttpclient.netty.handler.HttpHandler - 

Request DefaultFullHttpRequest(decodeResult: success, version: HTTP/1.1, content: EmptyByteBufBE)
GET /session/2089d4a5154639406bcb77e81f190746/url HTTP/1.1
User-Agent: selenium/4.4.0 (java windows)
Cache-Control: no-cache
Content-Type: application/json; charset=utf-8
host: localhost:53766
accept: */*

Response DefaultHttpResponse(decodeResult: success, version: HTTP/1.1)
HTTP/1.1 200 OK
Content-Type: application/json; charset=utf-8
cache-control: no-cache
content-length: 52

10:08:54.676 [AsyncHttpClient-1-13] DEBUG org.asynchttpclient.netty.channel.ChannelManager - Adding key: http://localhost:53766 for channel [id: 0x7c11f7a9, L:/127.0.0.1:61639 - R:localhost/127.0.0.1:53766]
10:08:54.691 [Forwarding getCurrentWindowHandle on session 2089d4a5154639406bcb77e81f190746 to remote] DEBUG org.asynchttpclient.netty.request.NettyRequestSender - Using pooled Channel '[id: 0x7c11f7a9, L:/127.0.0.1:61639 - R:localhost/127.0.0.1:53766]' for 'GET' to 'http://localhost:53766/session/2089d4a5154639406bcb77e81f190746/window'
10:08:54.691 [Forwarding getCurrentWindowHandle on session 2089d4a5154639406bcb77e81f190746 to remote] DEBUG org.asynchttpclient.netty.request.NettyRequestSender - Using open Channel [id: 0x7c11f7a9, L:/127.0.0.1:61639 - R:localhost/127.0.0.1:53766] for GET '/session/2089d4a5154639406bcb77e81f190746/window'
10:08:54.691 [AsyncHttpClient-1-13] DEBUG org.asynchttpclient.netty.handler.HttpHandler - 

Request DefaultFullHttpRequest(decodeResult: success, version: HTTP/1.1, content: EmptyByteBufBE)
GET /session/2089d4a5154639406bcb77e81f190746/window HTTP/1.1
User-Agent: selenium/4.4.0 (java windows)
Cache-Control: no-cache
Content-Type: application/json; charset=utf-8
host: localhost:53766
accept: */*

Response DefaultHttpResponse(decodeResult: success, version: HTTP/1.1)
HTTP/1.1 200 OK
Content-Type: application/json; charset=utf-8
cache-control: no-cache
content-length: 53

10:08:54.691 [AsyncHttpClient-1-13] DEBUG org.asynchttpclient.netty.channel.ChannelManager - Adding key: http://localhost:53766 for channel [id: 0x7c11f7a9, L:/127.0.0.1:61639 - R:localhost/127.0.0.1:53766]
10:08:54.694 [Forwarding getAlertText on session 2089d4a5154639406bcb77e81f190746 to remote] DEBUG org.asynchttpclient.netty.request.NettyRequestSender - Using pooled Channel '[id: 0x7c11f7a9, L:/127.0.0.1:61639 - R:localhost/127.0.0.1:53766]' for 'GET' to 'http://localhost:53766/session/2089d4a5154639406bcb77e81f190746/alert/text'
10:08:54.694 [Forwarding getAlertText on session 2089d4a5154639406bcb77e81f190746 to remote] DEBUG org.asynchttpclient.netty.request.NettyRequestSender - Using open Channel [id: 0x7c11f7a9, L:/127.0.0.1:61639 - R:localhost/127.0.0.1:53766] for GET '/session/2089d4a5154639406bcb77e81f190746/alert/text'
10:08:54.696 [AsyncHttpClient-1-13] DEBUG org.asynchttpclient.netty.handler.HttpHandler - 

Request DefaultFullHttpRequest(decodeResult: success, version: HTTP/1.1, content: EmptyByteBufBE)
GET /session/2089d4a5154639406bcb77e81f190746/alert/text HTTP/1.1
User-Agent: selenium/4.4.0 (java windows)
Cache-Control: no-cache
Content-Type: application/json; charset=utf-8
host: localhost:53766
accept: */*

Response DefaultHttpResponse(decodeResult: success, version: HTTP/1.1)
HTTP/1.1 404 Not Found
Content-Type: application/json; charset=utf-8
cache-control: no-cache
content-length: 879

10:08:54.696 [AsyncHttpClient-1-13] DEBUG org.asynchttpclient.netty.channel.ChannelManager - Adding key: http://localhost:53766 for channel [id: 0x7c11f7a9, L:/127.0.0.1:61639 - R:localhost/127.0.0.1:53766]
10:08:54.699 [Forwarding switchToWindow on session 2089d4a5154639406bcb77e81f190746 to remote] DEBUG org.asynchttpclient.netty.request.NettyRequestSender - Using pooled Channel '[id: 0x7c11f7a9, L:/127.0.0.1:61639 - R:localhost/127.0.0.1:53766]' for 'POST' to 'http://localhost:53766/session/2089d4a5154639406bcb77e81f190746/window'
10:08:54.699 [Forwarding switchToWindow on session 2089d4a5154639406bcb77e81f190746 to remote] DEBUG org.asynchttpclient.netty.request.NettyRequestSender - Using open Channel [id: 0x7c11f7a9, L:/127.0.0.1:61639 - R:localhost/127.0.0.1:53766] for POST '/session/2089d4a5154639406bcb77e81f190746/window'
10:08:54.702 [AsyncHttpClient-1-13] DEBUG org.asynchttpclient.netty.handler.HttpHandler - 

Request DefaultHttpRequest(decodeResult: success, version: HTTP/1.1)
POST /session/2089d4a5154639406bcb77e81f190746/window HTTP/1.1
User-Agent: selenium/4.4.0 (java windows)
Content-Length: 59
Content-Type: application/json; charset=utf-8
host: localhost:53766
accept: */*

Response DefaultHttpResponse(decodeResult: success, version: HTTP/1.1)
HTTP/1.1 200 OK
Content-Type: application/json; charset=utf-8
cache-control: no-cache
content-length: 14

10:08:54.702 [AsyncHttpClient-1-13] DEBUG org.asynchttpclient.netty.channel.ChannelManager - Adding key: http://localhost:53766 for channel [id: 0x7c11f7a9, L:/127.0.0.1:61639 - R:localhost/127.0.0.1:53766]
10:08:54.702 [Forwarding getCurrentUrl on session 2089d4a5154639406bcb77e81f190746 to remote] DEBUG org.asynchttpclient.netty.request.NettyRequestSender - Using pooled Channel '[id: 0x7c11f7a9, L:/127.0.0.1:61639 - R:localhost/127.0.0.1:53766]' for 'GET' to 'http://localhost:53766/session/2089d4a5154639406bcb77e81f190746/url'
10:08:54.702 [Forwarding getCurrentUrl on session 2089d4a5154639406bcb77e81f190746 to remote] DEBUG org.asynchttpclient.netty.request.NettyRequestSender - Using open Channel [id: 0x7c11f7a9, L:/127.0.0.1:61639 - R:localhost/127.0.0.1:53766] for GET '/session/2089d4a5154639406bcb77e81f190746/url'
10:08:54.705 [AsyncHttpClient-1-13] DEBUG org.asynchttpclient.netty.handler.HttpHandler - 

Request DefaultFullHttpRequest(decodeResult: success, version: HTTP/1.1, content: EmptyByteBufBE)
GET /session/2089d4a5154639406bcb77e81f190746/url HTTP/1.1
User-Agent: selenium/4.4.0 (java windows)
Cache-Control: no-cache
Content-Type: application/json; charset=utf-8
host: localhost:53766
accept: */*

Response DefaultHttpResponse(decodeResult: success, version: HTTP/1.1)
HTTP/1.1 200 OK
Content-Type: application/json; charset=utf-8
cache-control: no-cache
content-length: 52

10:08:54.705 [AsyncHttpClient-1-13] DEBUG org.asynchttpclient.netty.channel.ChannelManager - Adding key: http://localhost:53766 for channel [id: 0x7c11f7a9, L:/127.0.0.1:61639 - R:localhost/127.0.0.1:53766]
10:08:54.706 [Forwarding screenshot on session 2089d4a5154639406bcb77e81f190746 to remote] DEBUG org.asynchttpclient.netty.request.NettyRequestSender - Using pooled Channel '[id: 0x7c11f7a9, L:/127.0.0.1:61639 - R:localhost/127.0.0.1:53766]' for 'GET' to 'http://localhost:53766/session/2089d4a5154639406bcb77e81f190746/screenshot'
10:08:54.706 [Forwarding screenshot on session 2089d4a5154639406bcb77e81f190746 to remote] DEBUG org.asynchttpclient.netty.request.NettyRequestSender - Using open Channel [id: 0x7c11f7a9, L:/127.0.0.1:61639 - R:localhost/127.0.0.1:53766] for GET '/session/2089d4a5154639406bcb77e81f190746/screenshot'
10:08:54.817 [AsyncHttpClient-1-13] DEBUG org.asynchttpclient.netty.handler.HttpHandler - 

Request DefaultFullHttpRequest(decodeResult: success, version: HTTP/1.1, content: EmptyByteBufBE)
GET /session/2089d4a5154639406bcb77e81f190746/screenshot HTTP/1.1
User-Agent: selenium/4.4.0 (java windows)
Cache-Control: no-cache
Content-Type: application/json; charset=utf-8
host: localhost:53766
accept: */*

Response DefaultHttpResponse(decodeResult: success, version: HTTP/1.1)
HTTP/1.1 200 OK
Content-Type: application/json; charset=utf-8
cache-control: no-cache
content-length: 316804

10:08:54.817 [AsyncHttpClient-1-13] DEBUG org.asynchttpclient.netty.channel.ChannelManager - Adding key: http://localhost:53766 for channel [id: 0x7c11f7a9, L:/127.0.0.1:61639 - R:localhost/127.0.0.1:53766]
10:08:54.823 [Test worker] DEBUG net.serenitybdd.core.photography.Darkroom - Send negative for processing for C:\Users\juan.gomezv\IdeaProjects\sura\target\site\serenity\98a2f7a4257e1989b38856848a681c2935280a85bed3379561138466c7e889d9.png
10:08:54.827 [Forwarding getPageSource on session 2089d4a5154639406bcb77e81f190746 to remote] DEBUG org.asynchttpclient.netty.request.NettyRequestSender - Using pooled Channel '[id: 0x7c11f7a9, L:/127.0.0.1:61639 - R:localhost/127.0.0.1:53766]' for 'POST' to 'http://localhost:53766/session/2089d4a5154639406bcb77e81f190746/execute/sync'
10:08:54.827 [Forwarding getPageSource on session 2089d4a5154639406bcb77e81f190746 to remote] DEBUG org.asynchttpclient.netty.request.NettyRequestSender - Using open Channel [id: 0x7c11f7a9, L:/127.0.0.1:61639 - R:localhost/127.0.0.1:53766] for POST '/session/2089d4a5154639406bcb77e81f190746/execute/sync'
10:08:54.832 [AsyncHttpClient-1-13] DEBUG org.asynchttpclient.netty.handler.HttpHandler - 

Request DefaultHttpRequest(decodeResult: success, version: HTTP/1.1)
POST /session/2089d4a5154639406bcb77e81f190746/execute/sync HTTP/1.1
User-Agent: selenium/4.4.0 (java windows)
Content-Length: 176
Content-Type: application/json; charset=utf-8
host: localhost:53766
accept: */*

Response DefaultHttpResponse(decodeResult: success, version: HTTP/1.1)
HTTP/1.1 200 OK
Content-Type: application/json; charset=utf-8
cache-control: no-cache
content-length: 15306

10:08:54.832 [AsyncHttpClient-1-13] DEBUG org.asynchttpclient.netty.channel.ChannelManager - Adding key: http://localhost:53766 for channel [id: 0x7c11f7a9, L:/127.0.0.1:61639 - R:localhost/127.0.0.1:53766]
10:08:54.834 [Forwarding getCurrentUrl on session 2089d4a5154639406bcb77e81f190746 to remote] DEBUG org.asynchttpclient.netty.request.NettyRequestSender - Using pooled Channel '[id: 0x7c11f7a9, L:/127.0.0.1:61639 - R:localhost/127.0.0.1:53766]' for 'GET' to 'http://localhost:53766/session/2089d4a5154639406bcb77e81f190746/url'
10:08:54.834 [Forwarding getCurrentUrl on session 2089d4a5154639406bcb77e81f190746 to remote] DEBUG org.asynchttpclient.netty.request.NettyRequestSender - Using open Channel [id: 0x7c11f7a9, L:/127.0.0.1:61639 - R:localhost/127.0.0.1:53766] for GET '/session/2089d4a5154639406bcb77e81f190746/url'
10:08:54.839 [AsyncHttpClient-1-13] DEBUG org.asynchttpclient.netty.handler.HttpHandler - 

Request DefaultFullHttpRequest(decodeResult: success, version: HTTP/1.1, content: EmptyByteBufBE)
GET /session/2089d4a5154639406bcb77e81f190746/url HTTP/1.1
User-Agent: selenium/4.4.0 (java windows)
Cache-Control: no-cache
Content-Type: application/json; charset=utf-8
host: localhost:53766
accept: */*

Response DefaultHttpResponse(decodeResult: success, version: HTTP/1.1)
HTTP/1.1 200 OK
Content-Type: application/json; charset=utf-8
cache-control: no-cache
content-length: 52

10:08:54.839 [AsyncHttpClient-1-13] DEBUG org.asynchttpclient.netty.channel.ChannelManager - Adding key: http://localhost:53766 for channel [id: 0x7c11f7a9, L:/127.0.0.1:61639 - R:localhost/127.0.0.1:53766]
10:08:54.842 [Test worker] DEBUG net.thucydides.core.steps.StepInterceptor - STARTING STEP: PurchaseSteps.haceClickEnElBotonDelArticulo - performAs
10:08:54.854 [Forwarding getPageSource on session 2089d4a5154639406bcb77e81f190746 to remote] DEBUG org.asynchttpclient.netty.request.NettyRequestSender - Using pooled Channel '[id: 0x7c11f7a9, L:/127.0.0.1:61639 - R:localhost/127.0.0.1:53766]' for 'POST' to 'http://localhost:53766/session/2089d4a5154639406bcb77e81f190746/execute/sync'
10:08:54.854 [Forwarding getPageSource on session 2089d4a5154639406bcb77e81f190746 to remote] DEBUG org.asynchttpclient.netty.request.NettyRequestSender - Using open Channel [id: 0x7c11f7a9, L:/127.0.0.1:61639 - R:localhost/127.0.0.1:53766] for POST '/session/2089d4a5154639406bcb77e81f190746/execute/sync'
10:08:54.859 [AsyncHttpClient-1-13] DEBUG org.asynchttpclient.netty.handler.HttpHandler - 

Request DefaultHttpRequest(decodeResult: success, version: HTTP/1.1)
POST /session/2089d4a5154639406bcb77e81f190746/execute/sync HTTP/1.1
User-Agent: selenium/4.4.0 (java windows)
Content-Length: 176
Content-Type: application/json; charset=utf-8
host: localhost:53766
accept: */*

Response DefaultHttpResponse(decodeResult: success, version: HTTP/1.1)
HTTP/1.1 200 OK
Content-Type: application/json; charset=utf-8
cache-control: no-cache
content-length: 15306

10:08:54.859 [AsyncHttpClient-1-13] DEBUG org.asynchttpclient.netty.channel.ChannelManager - Adding key: http://localhost:53766 for channel [id: 0x7c11f7a9, L:/127.0.0.1:61639 - R:localhost/127.0.0.1:53766]
10:08:54.861 [Forwarding getCurrentUrl on session 2089d4a5154639406bcb77e81f190746 to remote] DEBUG org.asynchttpclient.netty.request.NettyRequestSender - Using pooled Channel '[id: 0x7c11f7a9, L:/127.0.0.1:61639 - R:localhost/127.0.0.1:53766]' for 'GET' to 'http://localhost:53766/session/2089d4a5154639406bcb77e81f190746/url'
10:08:54.861 [Forwarding getCurrentUrl on session 2089d4a5154639406bcb77e81f190746 to remote] DEBUG org.asynchttpclient.netty.request.NettyRequestSender - Using open Channel [id: 0x7c11f7a9, L:/127.0.0.1:61639 - R:localhost/127.0.0.1:53766] for GET '/session/2089d4a5154639406bcb77e81f190746/url'
10:08:54.865 [AsyncHttpClient-1-13] DEBUG org.asynchttpclient.netty.handler.HttpHandler - 

Request DefaultFullHttpRequest(decodeResult: success, version: HTTP/1.1, content: EmptyByteBufBE)
GET /session/2089d4a5154639406bcb77e81f190746/url HTTP/1.1
User-Agent: selenium/4.4.0 (java windows)
Cache-Control: no-cache
Content-Type: application/json; charset=utf-8
host: localhost:53766
accept: */*

Response DefaultHttpResponse(decodeResult: success, version: HTTP/1.1)
HTTP/1.1 200 OK
Content-Type: application/json; charset=utf-8
cache-control: no-cache
content-length: 52

10:08:54.865 [AsyncHttpClient-1-13] DEBUG org.asynchttpclient.netty.channel.ChannelManager - Adding key: http://localhost:53766 for channel [id: 0x7c11f7a9, L:/127.0.0.1:61639 - R:localhost/127.0.0.1:53766]
10:08:54.867 [Test worker] DEBUG net.thucydides.core.steps.StepInterceptor - STARTING STEP: Purchase.performAs - performAs
10:08:54.872 [Forwarding findElements on session 2089d4a5154639406bcb77e81f190746 to remote] DEBUG org.asynchttpclient.netty.request.NettyRequestSender - Using pooled Channel '[id: 0x7c11f7a9, L:/127.0.0.1:61639 - R:localhost/127.0.0.1:53766]' for 'POST' to 'http://localhost:53766/session/2089d4a5154639406bcb77e81f190746/elements'
10:08:54.872 [Forwarding findElements on session 2089d4a5154639406bcb77e81f190746 to remote] DEBUG org.asynchttpclient.netty.request.NettyRequestSender - Using open Channel [id: 0x7c11f7a9, L:/127.0.0.1:61639 - R:localhost/127.0.0.1:53766] for POST '/session/2089d4a5154639406bcb77e81f190746/elements'
10:08:54.878 [AsyncHttpClient-1-13] DEBUG org.asynchttpclient.netty.handler.HttpHandler - 

Request DefaultHttpRequest(decodeResult: success, version: HTTP/1.1)
POST /session/2089d4a5154639406bcb77e81f190746/elements HTTP/1.1
User-Agent: selenium/4.4.0 (java windows)
Content-Length: 92
Content-Type: application/json; charset=utf-8
host: localhost:53766
accept: */*

Response DefaultHttpResponse(decodeResult: success, version: HTTP/1.1)
HTTP/1.1 200 OK
Content-Type: application/json; charset=utf-8
cache-control: no-cache
content-length: 485

10:08:54.878 [AsyncHttpClient-1-13] DEBUG org.asynchttpclient.netty.channel.ChannelManager - Adding key: http://localhost:53766 for channel [id: 0x7c11f7a9, L:/127.0.0.1:61639 - R:localhost/127.0.0.1:53766]
10:08:54.901 [Forwarding getCurrentWindowHandle on session 2089d4a5154639406bcb77e81f190746 to remote] DEBUG org.asynchttpclient.netty.request.NettyRequestSender - Using pooled Channel '[id: 0x7c11f7a9, L:/127.0.0.1:61639 - R:localhost/127.0.0.1:53766]' for 'GET' to 'http://localhost:53766/session/2089d4a5154639406bcb77e81f190746/window'
10:08:54.901 [Forwarding getCurrentWindowHandle on session 2089d4a5154639406bcb77e81f190746 to remote] DEBUG org.asynchttpclient.netty.request.NettyRequestSender - Using open Channel [id: 0x7c11f7a9, L:/127.0.0.1:61639 - R:localhost/127.0.0.1:53766] for GET '/session/2089d4a5154639406bcb77e81f190746/window'
10:08:54.902 [AsyncHttpClient-1-13] DEBUG org.asynchttpclient.netty.handler.HttpHandler - 

Request DefaultFullHttpRequest(decodeResult: success, version: HTTP/1.1, content: EmptyByteBufBE)
GET /session/2089d4a5154639406bcb77e81f190746/window HTTP/1.1
User-Agent: selenium/4.4.0 (java windows)
Cache-Control: no-cache
Content-Type: application/json; charset=utf-8
host: localhost:53766
accept: */*

Response DefaultHttpResponse(decodeResult: success, version: HTTP/1.1)
HTTP/1.1 200 OK
Content-Type: application/json; charset=utf-8
cache-control: no-cache
content-length: 53

10:08:54.902 [AsyncHttpClient-1-13] DEBUG org.asynchttpclient.netty.channel.ChannelManager - Adding key: http://localhost:53766 for channel [id: 0x7c11f7a9, L:/127.0.0.1:61639 - R:localhost/127.0.0.1:53766]
10:08:54.906 [Forwarding getAlertText on session 2089d4a5154639406bcb77e81f190746 to remote] DEBUG org.asynchttpclient.netty.request.NettyRequestSender - Using pooled Channel '[id: 0x7c11f7a9, L:/127.0.0.1:61639 - R:localhost/127.0.0.1:53766]' for 'GET' to 'http://localhost:53766/session/2089d4a5154639406bcb77e81f190746/alert/text'
10:08:54.906 [Forwarding getAlertText on session 2089d4a5154639406bcb77e81f190746 to remote] DEBUG org.asynchttpclient.netty.request.NettyRequestSender - Using open Channel [id: 0x7c11f7a9, L:/127.0.0.1:61639 - R:localhost/127.0.0.1:53766] for GET '/session/2089d4a5154639406bcb77e81f190746/alert/text'
10:08:54.907 [AsyncHttpClient-1-1] DEBUG org.asynchttpclient.netty.channel.DefaultChannelPool - Entry count for : http://localhost:61640 : 1
10:08:54.908 [AsyncHttpClient-1-13] DEBUG org.asynchttpclient.netty.handler.HttpHandler - 

Request DefaultFullHttpRequest(decodeResult: success, version: HTTP/1.1, content: EmptyByteBufBE)
GET /session/2089d4a5154639406bcb77e81f190746/alert/text HTTP/1.1
User-Agent: selenium/4.4.0 (java windows)
Cache-Control: no-cache
Content-Type: application/json; charset=utf-8
host: localhost:53766
accept: */*

Response DefaultHttpResponse(decodeResult: success, version: HTTP/1.1)
HTTP/1.1 404 Not Found
Content-Type: application/json; charset=utf-8
cache-control: no-cache
content-length: 879

10:08:54.908 [AsyncHttpClient-1-13] DEBUG org.asynchttpclient.netty.channel.ChannelManager - Adding key: http://localhost:53766 for channel [id: 0x7c11f7a9, L:/127.0.0.1:61639 - R:localhost/127.0.0.1:53766]
10:08:54.913 [Forwarding switchToWindow on session 2089d4a5154639406bcb77e81f190746 to remote] DEBUG org.asynchttpclient.netty.request.NettyRequestSender - Using pooled Channel '[id: 0x7c11f7a9, L:/127.0.0.1:61639 - R:localhost/127.0.0.1:53766]' for 'POST' to 'http://localhost:53766/session/2089d4a5154639406bcb77e81f190746/window'
10:08:54.913 [Forwarding switchToWindow on session 2089d4a5154639406bcb77e81f190746 to remote] DEBUG org.asynchttpclient.netty.request.NettyRequestSender - Using open Channel [id: 0x7c11f7a9, L:/127.0.0.1:61639 - R:localhost/127.0.0.1:53766] for POST '/session/2089d4a5154639406bcb77e81f190746/window'
10:08:54.915 [AsyncHttpClient-1-13] DEBUG org.asynchttpclient.netty.handler.HttpHandler - 

Request DefaultHttpRequest(decodeResult: success, version: HTTP/1.1)
POST /session/2089d4a5154639406bcb77e81f190746/window HTTP/1.1
User-Agent: selenium/4.4.0 (java windows)
Content-Length: 59
Content-Type: application/json; charset=utf-8
host: localhost:53766
accept: */*

Response DefaultHttpResponse(decodeResult: success, version: HTTP/1.1)
HTTP/1.1 200 OK
Content-Type: application/json; charset=utf-8
cache-control: no-cache
content-length: 14

10:08:54.915 [AsyncHttpClient-1-13] DEBUG org.asynchttpclient.netty.channel.ChannelManager - Adding key: http://localhost:53766 for channel [id: 0x7c11f7a9, L:/127.0.0.1:61639 - R:localhost/127.0.0.1:53766]
10:08:54.916 [Forwarding getCurrentUrl on session 2089d4a5154639406bcb77e81f190746 to remote] DEBUG org.asynchttpclient.netty.request.NettyRequestSender - Using pooled Channel '[id: 0x7c11f7a9, L:/127.0.0.1:61639 - R:localhost/127.0.0.1:53766]' for 'GET' to 'http://localhost:53766/session/2089d4a5154639406bcb77e81f190746/url'
10:08:54.916 [Forwarding getCurrentUrl on session 2089d4a5154639406bcb77e81f190746 to remote] DEBUG org.asynchttpclient.netty.request.NettyRequestSender - Using open Channel [id: 0x7c11f7a9, L:/127.0.0.1:61639 - R:localhost/127.0.0.1:53766] for GET '/session/2089d4a5154639406bcb77e81f190746/url'
10:08:54.918 [AsyncHttpClient-1-13] DEBUG org.asynchttpclient.netty.handler.HttpHandler - 

Request DefaultFullHttpRequest(decodeResult: success, version: HTTP/1.1, content: EmptyByteBufBE)
GET /session/2089d4a5154639406bcb77e81f190746/url HTTP/1.1
User-Agent: selenium/4.4.0 (java windows)
Cache-Control: no-cache
Content-Type: application/json; charset=utf-8
host: localhost:53766
accept: */*

Response DefaultHttpResponse(decodeResult: success, version: HTTP/1.1)
HTTP/1.1 200 OK
Content-Type: application/json; charset=utf-8
cache-control: no-cache
content-length: 52

10:08:54.918 [AsyncHttpClient-1-13] DEBUG org.asynchttpclient.netty.channel.ChannelManager - Adding key: http://localhost:53766 for channel [id: 0x7c11f7a9, L:/127.0.0.1:61639 - R:localhost/127.0.0.1:53766]
10:08:54.919 [Forwarding screenshot on session 2089d4a5154639406bcb77e81f190746 to remote] DEBUG org.asynchttpclient.netty.request.NettyRequestSender - Using pooled Channel '[id: 0x7c11f7a9, L:/127.0.0.1:61639 - R:localhost/127.0.0.1:53766]' for 'GET' to 'http://localhost:53766/session/2089d4a5154639406bcb77e81f190746/screenshot'
10:08:54.919 [Forwarding screenshot on session 2089d4a5154639406bcb77e81f190746 to remote] DEBUG org.asynchttpclient.netty.request.NettyRequestSender - Using open Channel [id: 0x7c11f7a9, L:/127.0.0.1:61639 - R:localhost/127.0.0.1:53766] for GET '/session/2089d4a5154639406bcb77e81f190746/screenshot'
10:08:55.033 [AsyncHttpClient-1-13] DEBUG org.asynchttpclient.netty.handler.HttpHandler - 

Request DefaultFullHttpRequest(decodeResult: success, version: HTTP/1.1, content: EmptyByteBufBE)
GET /session/2089d4a5154639406bcb77e81f190746/screenshot HTTP/1.1
User-Agent: selenium/4.4.0 (java windows)
Cache-Control: no-cache
Content-Type: application/json; charset=utf-8
host: localhost:53766
accept: */*

Response DefaultHttpResponse(decodeResult: success, version: HTTP/1.1)
HTTP/1.1 200 OK
Content-Type: application/json; charset=utf-8
cache-control: no-cache
content-length: 316804

10:08:55.033 [AsyncHttpClient-1-13] DEBUG org.asynchttpclient.netty.channel.ChannelManager - Adding key: http://localhost:53766 for channel [id: 0x7c11f7a9, L:/127.0.0.1:61639 - R:localhost/127.0.0.1:53766]
10:08:55.038 [Test worker] DEBUG net.serenitybdd.core.photography.Darkroom - Send negative for processing for C:\Users\juan.gomezv\IdeaProjects\sura\target\site\serenity\98a2f7a4257e1989b38856848a681c2935280a85bed3379561138466c7e889d9.png
10:08:55.041 [Forwarding getPageSource on session 2089d4a5154639406bcb77e81f190746 to remote] DEBUG org.asynchttpclient.netty.request.NettyRequestSender - Using pooled Channel '[id: 0x7c11f7a9, L:/127.0.0.1:61639 - R:localhost/127.0.0.1:53766]' for 'POST' to 'http://localhost:53766/session/2089d4a5154639406bcb77e81f190746/execute/sync'
10:08:55.041 [Forwarding getPageSource on session 2089d4a5154639406bcb77e81f190746 to remote] DEBUG org.asynchttpclient.netty.request.NettyRequestSender - Using open Channel [id: 0x7c11f7a9, L:/127.0.0.1:61639 - R:localhost/127.0.0.1:53766] for POST '/session/2089d4a5154639406bcb77e81f190746/execute/sync'
10:08:55.045 [AsyncHttpClient-1-13] DEBUG org.asynchttpclient.netty.handler.HttpHandler - 

Request DefaultHttpRequest(decodeResult: success, version: HTTP/1.1)
POST /session/2089d4a5154639406bcb77e81f190746/execute/sync HTTP/1.1
User-Agent: selenium/4.4.0 (java windows)
Content-Length: 176
Content-Type: application/json; charset=utf-8
host: localhost:53766
accept: */*

Response DefaultHttpResponse(decodeResult: success, version: HTTP/1.1)
HTTP/1.1 200 OK
Content-Type: application/json; charset=utf-8
cache-control: no-cache
content-length: 15306

10:08:55.045 [AsyncHttpClient-1-13] DEBUG org.asynchttpclient.netty.channel.ChannelManager - Adding key: http://localhost:53766 for channel [id: 0x7c11f7a9, L:/127.0.0.1:61639 - R:localhost/127.0.0.1:53766]
10:08:55.047 [Forwarding getCurrentUrl on session 2089d4a5154639406bcb77e81f190746 to remote] DEBUG org.asynchttpclient.netty.request.NettyRequestSender - Using pooled Channel '[id: 0x7c11f7a9, L:/127.0.0.1:61639 - R:localhost/127.0.0.1:53766]' for 'GET' to 'http://localhost:53766/session/2089d4a5154639406bcb77e81f190746/url'
10:08:55.047 [Forwarding getCurrentUrl on session 2089d4a5154639406bcb77e81f190746 to remote] DEBUG org.asynchttpclient.netty.request.NettyRequestSender - Using open Channel [id: 0x7c11f7a9, L:/127.0.0.1:61639 - R:localhost/127.0.0.1:53766] for GET '/session/2089d4a5154639406bcb77e81f190746/url'
10:08:55.049 [AsyncHttpClient-1-13] DEBUG org.asynchttpclient.netty.handler.HttpHandler - 

Request DefaultFullHttpRequest(decodeResult: success, version: HTTP/1.1, content: EmptyByteBufBE)
GET /session/2089d4a5154639406bcb77e81f190746/url HTTP/1.1
User-Agent: selenium/4.4.0 (java windows)
Cache-Control: no-cache
Content-Type: application/json; charset=utf-8
host: localhost:53766
accept: */*

Response DefaultHttpResponse(decodeResult: success, version: HTTP/1.1)
HTTP/1.1 200 OK
Content-Type: application/json; charset=utf-8
cache-control: no-cache
content-length: 52

10:08:55.049 [AsyncHttpClient-1-13] DEBUG org.asynchttpclient.netty.channel.ChannelManager - Adding key: http://localhost:53766 for channel [id: 0x7c11f7a9, L:/127.0.0.1:61639 - R:localhost/127.0.0.1:53766]
10:08:55.050 [Test worker] DEBUG net.thucydides.core.steps.StepInterceptor - STARTING STEP: AddOrRemoveFromCart.performAs - {0} clicks on #element
10:08:55.068 [Forwarding isElementDisplayed on session 2089d4a5154639406bcb77e81f190746 to remote] DEBUG org.asynchttpclient.netty.request.NettyRequestSender - Using pooled Channel '[id: 0x7c11f7a9, L:/127.0.0.1:61639 - R:localhost/127.0.0.1:53766]' for 'POST' to 'http://localhost:53766/session/2089d4a5154639406bcb77e81f190746/execute/sync'
10:08:55.068 [Forwarding isElementDisplayed on session 2089d4a5154639406bcb77e81f190746 to remote] DEBUG org.asynchttpclient.netty.request.NettyRequestSender - Using open Channel [id: 0x7c11f7a9, L:/127.0.0.1:61639 - R:localhost/127.0.0.1:53766] for POST '/session/2089d4a5154639406bcb77e81f190746/execute/sync'
10:08:55.076 [AsyncHttpClient-1-13] DEBUG org.asynchttpclient.netty.handler.HttpHandler - 

Request DefaultHttpRequest(decodeResult: success, version: HTTP/1.1)
POST /session/2089d4a5154639406bcb77e81f190746/execute/sync HTTP/1.1
User-Agent: selenium/4.4.0 (java windows)
Content-Length: 48780
Content-Type: application/json; charset=utf-8
host: localhost:53766
accept: */*

Response DefaultHttpResponse(decodeResult: success, version: HTTP/1.1)
HTTP/1.1 200 OK
Content-Type: application/json; charset=utf-8
cache-control: no-cache
content-length: 14

10:08:55.077 [AsyncHttpClient-1-13] DEBUG org.asynchttpclient.netty.channel.ChannelManager - Adding key: http://localhost:53766 for channel [id: 0x7c11f7a9, L:/127.0.0.1:61639 - R:localhost/127.0.0.1:53766]
10:08:55.080 [Forwarding clickElement on session 2089d4a5154639406bcb77e81f190746 to remote] DEBUG org.asynchttpclient.netty.request.NettyRequestSender - Using pooled Channel '[id: 0x7c11f7a9, L:/127.0.0.1:61639 - R:localhost/127.0.0.1:53766]' for 'POST' to 'http://localhost:53766/session/2089d4a5154639406bcb77e81f190746/element/10e93ed7-bf91-43e9-93da-23ca44f6ff16/click'
10:08:55.080 [Forwarding clickElement on session 2089d4a5154639406bcb77e81f190746 to remote] DEBUG org.asynchttpclient.netty.request.NettyRequestSender - Using open Channel [id: 0x7c11f7a9, L:/127.0.0.1:61639 - R:localhost/127.0.0.1:53766] for POST '/session/2089d4a5154639406bcb77e81f190746/element/10e93ed7-bf91-43e9-93da-23ca44f6ff16/click'
10:08:55.106 [AsyncHttpClient-1-13] DEBUG org.asynchttpclient.netty.handler.HttpHandler - 

Request DefaultHttpRequest(decodeResult: success, version: HTTP/1.1)
POST /session/2089d4a5154639406bcb77e81f190746/element/10e93ed7-bf91-43e9-93da-23ca44f6ff16/click HTTP/1.1
User-Agent: selenium/4.4.0 (java windows)
Content-Length: 50
Content-Type: application/json; charset=utf-8
host: localhost:53766
accept: */*

Response DefaultHttpResponse(decodeResult: success, version: HTTP/1.1)
HTTP/1.1 200 OK
Content-Type: application/json; charset=utf-8
cache-control: no-cache
content-length: 14

10:08:55.106 [AsyncHttpClient-1-13] DEBUG org.asynchttpclient.netty.channel.ChannelManager - Adding key: http://localhost:53766 for channel [id: 0x7c11f7a9, L:/127.0.0.1:61639 - R:localhost/127.0.0.1:53766]
10:08:55.120 [Forwarding getCurrentWindowHandle on session 2089d4a5154639406bcb77e81f190746 to remote] DEBUG org.asynchttpclient.netty.request.NettyRequestSender - Using pooled Channel '[id: 0x7c11f7a9, L:/127.0.0.1:61639 - R:localhost/127.0.0.1:53766]' for 'GET' to 'http://localhost:53766/session/2089d4a5154639406bcb77e81f190746/window'
10:08:55.120 [Forwarding getCurrentWindowHandle on session 2089d4a5154639406bcb77e81f190746 to remote] DEBUG org.asynchttpclient.netty.request.NettyRequestSender - Using open Channel [id: 0x7c11f7a9, L:/127.0.0.1:61639 - R:localhost/127.0.0.1:53766] for GET '/session/2089d4a5154639406bcb77e81f190746/window'
10:08:55.121 [AsyncHttpClient-1-13] DEBUG org.asynchttpclient.netty.handler.HttpHandler - 

Request DefaultFullHttpRequest(decodeResult: success, version: HTTP/1.1, content: EmptyByteBufBE)
GET /session/2089d4a5154639406bcb77e81f190746/window HTTP/1.1
User-Agent: selenium/4.4.0 (java windows)
Cache-Control: no-cache
Content-Type: application/json; charset=utf-8
host: localhost:53766
accept: */*

Response DefaultHttpResponse(decodeResult: success, version: HTTP/1.1)
HTTP/1.1 200 OK
Content-Type: application/json; charset=utf-8
cache-control: no-cache
content-length: 53

10:08:55.121 [AsyncHttpClient-1-13] DEBUG org.asynchttpclient.netty.channel.ChannelManager - Adding key: http://localhost:53766 for channel [id: 0x7c11f7a9, L:/127.0.0.1:61639 - R:localhost/127.0.0.1:53766]
10:08:55.124 [Forwarding getAlertText on session 2089d4a5154639406bcb77e81f190746 to remote] DEBUG org.asynchttpclient.netty.request.NettyRequestSender - Using pooled Channel '[id: 0x7c11f7a9, L:/127.0.0.1:61639 - R:localhost/127.0.0.1:53766]' for 'GET' to 'http://localhost:53766/session/2089d4a5154639406bcb77e81f190746/alert/text'
10:08:55.124 [Forwarding getAlertText on session 2089d4a5154639406bcb77e81f190746 to remote] DEBUG org.asynchttpclient.netty.request.NettyRequestSender - Using open Channel [id: 0x7c11f7a9, L:/127.0.0.1:61639 - R:localhost/127.0.0.1:53766] for GET '/session/2089d4a5154639406bcb77e81f190746/alert/text'
10:08:55.126 [AsyncHttpClient-1-13] DEBUG org.asynchttpclient.netty.handler.HttpHandler - 

Request DefaultFullHttpRequest(decodeResult: success, version: HTTP/1.1, content: EmptyByteBufBE)
GET /session/2089d4a5154639406bcb77e81f190746/alert/text HTTP/1.1
User-Agent: selenium/4.4.0 (java windows)
Cache-Control: no-cache
Content-Type: application/json; charset=utf-8
host: localhost:53766
accept: */*

Response DefaultHttpResponse(decodeResult: success, version: HTTP/1.1)
HTTP/1.1 404 Not Found
Content-Type: application/json; charset=utf-8
cache-control: no-cache
content-length: 879

10:08:55.126 [AsyncHttpClient-1-13] DEBUG org.asynchttpclient.netty.channel.ChannelManager - Adding key: http://localhost:53766 for channel [id: 0x7c11f7a9, L:/127.0.0.1:61639 - R:localhost/127.0.0.1:53766]
10:08:55.130 [Forwarding switchToWindow on session 2089d4a5154639406bcb77e81f190746 to remote] DEBUG org.asynchttpclient.netty.request.NettyRequestSender - Using pooled Channel '[id: 0x7c11f7a9, L:/127.0.0.1:61639 - R:localhost/127.0.0.1:53766]' for 'POST' to 'http://localhost:53766/session/2089d4a5154639406bcb77e81f190746/window'
10:08:55.130 [Forwarding switchToWindow on session 2089d4a5154639406bcb77e81f190746 to remote] DEBUG org.asynchttpclient.netty.request.NettyRequestSender - Using open Channel [id: 0x7c11f7a9, L:/127.0.0.1:61639 - R:localhost/127.0.0.1:53766] for POST '/session/2089d4a5154639406bcb77e81f190746/window'
10:08:55.132 [AsyncHttpClient-1-13] DEBUG org.asynchttpclient.netty.handler.HttpHandler - 

Request DefaultHttpRequest(decodeResult: success, version: HTTP/1.1)
POST /session/2089d4a5154639406bcb77e81f190746/window HTTP/1.1
User-Agent: selenium/4.4.0 (java windows)
Content-Length: 59
Content-Type: application/json; charset=utf-8
host: localhost:53766
accept: */*

Response DefaultHttpResponse(decodeResult: success, version: HTTP/1.1)
HTTP/1.1 200 OK
Content-Type: application/json; charset=utf-8
cache-control: no-cache
content-length: 14

10:08:55.132 [AsyncHttpClient-1-13] DEBUG org.asynchttpclient.netty.channel.ChannelManager - Adding key: http://localhost:53766 for channel [id: 0x7c11f7a9, L:/127.0.0.1:61639 - R:localhost/127.0.0.1:53766]
10:08:55.132 [Forwarding getCurrentUrl on session 2089d4a5154639406bcb77e81f190746 to remote] DEBUG org.asynchttpclient.netty.request.NettyRequestSender - Using pooled Channel '[id: 0x7c11f7a9, L:/127.0.0.1:61639 - R:localhost/127.0.0.1:53766]' for 'GET' to 'http://localhost:53766/session/2089d4a5154639406bcb77e81f190746/url'
10:08:55.132 [Forwarding getCurrentUrl on session 2089d4a5154639406bcb77e81f190746 to remote] DEBUG org.asynchttpclient.netty.request.NettyRequestSender - Using open Channel [id: 0x7c11f7a9, L:/127.0.0.1:61639 - R:localhost/127.0.0.1:53766] for GET '/session/2089d4a5154639406bcb77e81f190746/url'
10:08:55.136 [AsyncHttpClient-1-13] DEBUG org.asynchttpclient.netty.handler.HttpHandler - 

Request DefaultFullHttpRequest(decodeResult: success, version: HTTP/1.1, content: EmptyByteBufBE)
GET /session/2089d4a5154639406bcb77e81f190746/url HTTP/1.1
User-Agent: selenium/4.4.0 (java windows)
Cache-Control: no-cache
Content-Type: application/json; charset=utf-8
host: localhost:53766
accept: */*

Response DefaultHttpResponse(decodeResult: success, version: HTTP/1.1)
HTTP/1.1 200 OK
Content-Type: application/json; charset=utf-8
cache-control: no-cache
content-length: 52

10:08:55.136 [AsyncHttpClient-1-13] DEBUG org.asynchttpclient.netty.channel.ChannelManager - Adding key: http://localhost:53766 for channel [id: 0x7c11f7a9, L:/127.0.0.1:61639 - R:localhost/127.0.0.1:53766]
10:08:55.137 [Forwarding screenshot on session 2089d4a5154639406bcb77e81f190746 to remote] DEBUG org.asynchttpclient.netty.request.NettyRequestSender - Using pooled Channel '[id: 0x7c11f7a9, L:/127.0.0.1:61639 - R:localhost/127.0.0.1:53766]' for 'GET' to 'http://localhost:53766/session/2089d4a5154639406bcb77e81f190746/screenshot'
10:08:55.137 [Forwarding screenshot on session 2089d4a5154639406bcb77e81f190746 to remote] DEBUG org.asynchttpclient.netty.request.NettyRequestSender - Using open Channel [id: 0x7c11f7a9, L:/127.0.0.1:61639 - R:localhost/127.0.0.1:53766] for GET '/session/2089d4a5154639406bcb77e81f190746/screenshot'
10:08:55.274 [AsyncHttpClient-1-13] DEBUG org.asynchttpclient.netty.handler.HttpHandler - 

Request DefaultFullHttpRequest(decodeResult: success, version: HTTP/1.1, content: EmptyByteBufBE)
GET /session/2089d4a5154639406bcb77e81f190746/screenshot HTTP/1.1
User-Agent: selenium/4.4.0 (java windows)
Cache-Control: no-cache
Content-Type: application/json; charset=utf-8
host: localhost:53766
accept: */*

Response DefaultHttpResponse(decodeResult: success, version: HTTP/1.1)
HTTP/1.1 200 OK
Content-Type: application/json; charset=utf-8
cache-control: no-cache
content-length: 387904

10:08:55.274 [AsyncHttpClient-1-13] DEBUG org.asynchttpclient.netty.channel.ChannelManager - Adding key: http://localhost:53766 for channel [id: 0x7c11f7a9, L:/127.0.0.1:61639 - R:localhost/127.0.0.1:53766]
10:08:55.280 [Test worker] DEBUG net.serenitybdd.core.photography.Darkroom - Send negative for processing for C:\Users\juan.gomezv\IdeaProjects\sura\target\site\serenity\388cd7305863411845f89c0acb195fb6c155db9c8c6c5fc14f1e085b91c4b0a7.png
10:08:55.280 [Test worker] DEBUG net.thucydides.core.steps.StepInterceptor - STEP DONE: {0} clicks on #element
10:08:55.287 [Test worker] DEBUG net.thucydides.core.steps.StepInterceptor - STEP DONE: performAs
10:08:55.292 [Test worker] DEBUG net.thucydides.core.steps.StepInterceptor - STEP DONE: performAs
  ?[32mY ?[0m?[32m?[0m?[32m?[1mAna?[0m?[32m hace click en el boton del ?[0m?[32m?[1m4?[0m?[32m articulo?[0m                                      ?[90m# sura.stepDefinitions.PurchaseSteps.haceClickEnElBotonDelArticulo(net.serenitybdd.screenplay.Actor,java.lang.Integer)?[0m
10:08:55.305 [Forwarding getPageSource on session 2089d4a5154639406bcb77e81f190746 to remote] DEBUG org.asynchttpclient.netty.request.NettyRequestSender - Using pooled Channel '[id: 0x7c11f7a9, L:/127.0.0.1:61639 - R:localhost/127.0.0.1:53766]' for 'POST' to 'http://localhost:53766/session/2089d4a5154639406bcb77e81f190746/execute/sync'
10:08:55.305 [Forwarding getPageSource on session 2089d4a5154639406bcb77e81f190746 to remote] DEBUG org.asynchttpclient.netty.request.NettyRequestSender - Using open Channel [id: 0x7c11f7a9, L:/127.0.0.1:61639 - R:localhost/127.0.0.1:53766] for POST '/session/2089d4a5154639406bcb77e81f190746/execute/sync'
10:08:55.311 [AsyncHttpClient-1-13] DEBUG org.asynchttpclient.netty.handler.HttpHandler - 

Request DefaultHttpRequest(decodeResult: success, version: HTTP/1.1)
POST /session/2089d4a5154639406bcb77e81f190746/execute/sync HTTP/1.1
User-Agent: selenium/4.4.0 (java windows)
Content-Length: 176
Content-Type: application/json; charset=utf-8
host: localhost:53766
accept: */*

Response DefaultHttpResponse(decodeResult: success, version: HTTP/1.1)
HTTP/1.1 200 OK
Content-Type: application/json; charset=utf-8
cache-control: no-cache
content-length: 15288

10:08:55.311 [AsyncHttpClient-1-13] DEBUG org.asynchttpclient.netty.channel.ChannelManager - Adding key: http://localhost:53766 for channel [id: 0x7c11f7a9, L:/127.0.0.1:61639 - R:localhost/127.0.0.1:53766]
10:08:55.312 [Forwarding getCurrentUrl on session 2089d4a5154639406bcb77e81f190746 to remote] DEBUG org.asynchttpclient.netty.request.NettyRequestSender - Using pooled Channel '[id: 0x7c11f7a9, L:/127.0.0.1:61639 - R:localhost/127.0.0.1:53766]' for 'GET' to 'http://localhost:53766/session/2089d4a5154639406bcb77e81f190746/url'
10:08:55.312 [Forwarding getCurrentUrl on session 2089d4a5154639406bcb77e81f190746 to remote] DEBUG org.asynchttpclient.netty.request.NettyRequestSender - Using open Channel [id: 0x7c11f7a9, L:/127.0.0.1:61639 - R:localhost/127.0.0.1:53766] for GET '/session/2089d4a5154639406bcb77e81f190746/url'
10:08:55.316 [AsyncHttpClient-1-13] DEBUG org.asynchttpclient.netty.handler.HttpHandler - 

Request DefaultFullHttpRequest(decodeResult: success, version: HTTP/1.1, content: EmptyByteBufBE)
GET /session/2089d4a5154639406bcb77e81f190746/url HTTP/1.1
User-Agent: selenium/4.4.0 (java windows)
Cache-Control: no-cache
Content-Type: application/json; charset=utf-8
host: localhost:53766
accept: */*

Response DefaultHttpResponse(decodeResult: success, version: HTTP/1.1)
HTTP/1.1 200 OK
Content-Type: application/json; charset=utf-8
cache-control: no-cache
content-length: 52

10:08:55.316 [AsyncHttpClient-1-13] DEBUG org.asynchttpclient.netty.channel.ChannelManager - Adding key: http://localhost:53766 for channel [id: 0x7c11f7a9, L:/127.0.0.1:61639 - R:localhost/127.0.0.1:53766]
10:08:55.325 [Forwarding getPageSource on session 2089d4a5154639406bcb77e81f190746 to remote] DEBUG org.asynchttpclient.netty.request.NettyRequestSender - Using pooled Channel '[id: 0x7c11f7a9, L:/127.0.0.1:61639 - R:localhost/127.0.0.1:53766]' for 'POST' to 'http://localhost:53766/session/2089d4a5154639406bcb77e81f190746/execute/sync'
10:08:55.326 [Forwarding getPageSource on session 2089d4a5154639406bcb77e81f190746 to remote] DEBUG org.asynchttpclient.netty.request.NettyRequestSender - Using open Channel [id: 0x7c11f7a9, L:/127.0.0.1:61639 - R:localhost/127.0.0.1:53766] for POST '/session/2089d4a5154639406bcb77e81f190746/execute/sync'
10:08:55.329 [AsyncHttpClient-1-13] DEBUG org.asynchttpclient.netty.handler.HttpHandler - 

Request DefaultHttpRequest(decodeResult: success, version: HTTP/1.1)
POST /session/2089d4a5154639406bcb77e81f190746/execute/sync HTTP/1.1
User-Agent: selenium/4.4.0 (java windows)
Content-Length: 176
Content-Type: application/json; charset=utf-8
host: localhost:53766
accept: */*

Response DefaultHttpResponse(decodeResult: success, version: HTTP/1.1)
HTTP/1.1 200 OK
Content-Type: application/json; charset=utf-8
cache-control: no-cache
content-length: 15288

10:08:55.329 [AsyncHttpClient-1-13] DEBUG org.asynchttpclient.netty.channel.ChannelManager - Adding key: http://localhost:53766 for channel [id: 0x7c11f7a9, L:/127.0.0.1:61639 - R:localhost/127.0.0.1:53766]
10:08:55.330 [Forwarding getCurrentUrl on session 2089d4a5154639406bcb77e81f190746 to remote] DEBUG org.asynchttpclient.netty.request.NettyRequestSender - Using pooled Channel '[id: 0x7c11f7a9, L:/127.0.0.1:61639 - R:localhost/127.0.0.1:53766]' for 'GET' to 'http://localhost:53766/session/2089d4a5154639406bcb77e81f190746/url'
10:08:55.330 [Forwarding getCurrentUrl on session 2089d4a5154639406bcb77e81f190746 to remote] DEBUG org.asynchttpclient.netty.request.NettyRequestSender - Using open Channel [id: 0x7c11f7a9, L:/127.0.0.1:61639 - R:localhost/127.0.0.1:53766] for GET '/session/2089d4a5154639406bcb77e81f190746/url'
10:08:55.332 [AsyncHttpClient-1-13] DEBUG org.asynchttpclient.netty.handler.HttpHandler - 

Request DefaultFullHttpRequest(decodeResult: success, version: HTTP/1.1, content: EmptyByteBufBE)
GET /session/2089d4a5154639406bcb77e81f190746/url HTTP/1.1
User-Agent: selenium/4.4.0 (java windows)
Cache-Control: no-cache
Content-Type: application/json; charset=utf-8
host: localhost:53766
accept: */*

Response DefaultHttpResponse(decodeResult: success, version: HTTP/1.1)
HTTP/1.1 200 OK
Content-Type: application/json; charset=utf-8
cache-control: no-cache
content-length: 52

10:08:55.332 [AsyncHttpClient-1-13] DEBUG org.asynchttpclient.netty.channel.ChannelManager - Adding key: http://localhost:53766 for channel [id: 0x7c11f7a9, L:/127.0.0.1:61639 - R:localhost/127.0.0.1:53766]
10:08:55.334 [Test worker] DEBUG net.thucydides.core.steps.StepInterceptor - STARTING STEP: PurchaseSteps.haceClickEnElBotonDelArticulo - performAs
10:08:55.345 [Forwarding getCurrentWindowHandle on session 2089d4a5154639406bcb77e81f190746 to remote] DEBUG org.asynchttpclient.netty.request.NettyRequestSender - Using pooled Channel '[id: 0x7c11f7a9, L:/127.0.0.1:61639 - R:localhost/127.0.0.1:53766]' for 'GET' to 'http://localhost:53766/session/2089d4a5154639406bcb77e81f190746/window'
10:08:55.345 [Forwarding getCurrentWindowHandle on session 2089d4a5154639406bcb77e81f190746 to remote] DEBUG org.asynchttpclient.netty.request.NettyRequestSender - Using open Channel [id: 0x7c11f7a9, L:/127.0.0.1:61639 - R:localhost/127.0.0.1:53766] for GET '/session/2089d4a5154639406bcb77e81f190746/window'
10:08:55.346 [AsyncHttpClient-1-13] DEBUG org.asynchttpclient.netty.handler.HttpHandler - 

Request DefaultFullHttpRequest(decodeResult: success, version: HTTP/1.1, content: EmptyByteBufBE)
GET /session/2089d4a5154639406bcb77e81f190746/window HTTP/1.1
User-Agent: selenium/4.4.0 (java windows)
Cache-Control: no-cache
Content-Type: application/json; charset=utf-8
host: localhost:53766
accept: */*

Response DefaultHttpResponse(decodeResult: success, version: HTTP/1.1)
HTTP/1.1 200 OK
Content-Type: application/json; charset=utf-8
cache-control: no-cache
content-length: 53

10:08:55.346 [AsyncHttpClient-1-13] DEBUG org.asynchttpclient.netty.channel.ChannelManager - Adding key: http://localhost:53766 for channel [id: 0x7c11f7a9, L:/127.0.0.1:61639 - R:localhost/127.0.0.1:53766]
10:08:55.348 [Forwarding getAlertText on session 2089d4a5154639406bcb77e81f190746 to remote] DEBUG org.asynchttpclient.netty.request.NettyRequestSender - Using pooled Channel '[id: 0x7c11f7a9, L:/127.0.0.1:61639 - R:localhost/127.0.0.1:53766]' for 'GET' to 'http://localhost:53766/session/2089d4a5154639406bcb77e81f190746/alert/text'
10:08:55.349 [Forwarding getAlertText on session 2089d4a5154639406bcb77e81f190746 to remote] DEBUG org.asynchttpclient.netty.request.NettyRequestSender - Using open Channel [id: 0x7c11f7a9, L:/127.0.0.1:61639 - R:localhost/127.0.0.1:53766] for GET '/session/2089d4a5154639406bcb77e81f190746/alert/text'
10:08:55.350 [AsyncHttpClient-1-13] DEBUG org.asynchttpclient.netty.handler.HttpHandler - 

Request DefaultFullHttpRequest(decodeResult: success, version: HTTP/1.1, content: EmptyByteBufBE)
GET /session/2089d4a5154639406bcb77e81f190746/alert/text HTTP/1.1
User-Agent: selenium/4.4.0 (java windows)
Cache-Control: no-cache
Content-Type: application/json; charset=utf-8
host: localhost:53766
accept: */*

Response DefaultHttpResponse(decodeResult: success, version: HTTP/1.1)
HTTP/1.1 404 Not Found
Content-Type: application/json; charset=utf-8
cache-control: no-cache
content-length: 879

10:08:55.350 [AsyncHttpClient-1-13] DEBUG org.asynchttpclient.netty.channel.ChannelManager - Adding key: http://localhost:53766 for channel [id: 0x7c11f7a9, L:/127.0.0.1:61639 - R:localhost/127.0.0.1:53766]
10:08:55.353 [Forwarding switchToWindow on session 2089d4a5154639406bcb77e81f190746 to remote] DEBUG org.asynchttpclient.netty.request.NettyRequestSender - Using pooled Channel '[id: 0x7c11f7a9, L:/127.0.0.1:61639 - R:localhost/127.0.0.1:53766]' for 'POST' to 'http://localhost:53766/session/2089d4a5154639406bcb77e81f190746/window'
10:08:55.354 [Forwarding switchToWindow on session 2089d4a5154639406bcb77e81f190746 to remote] DEBUG org.asynchttpclient.netty.request.NettyRequestSender - Using open Channel [id: 0x7c11f7a9, L:/127.0.0.1:61639 - R:localhost/127.0.0.1:53766] for POST '/session/2089d4a5154639406bcb77e81f190746/window'
10:08:55.355 [AsyncHttpClient-1-13] DEBUG org.asynchttpclient.netty.handler.HttpHandler - 

Request DefaultHttpRequest(decodeResult: success, version: HTTP/1.1)
POST /session/2089d4a5154639406bcb77e81f190746/window HTTP/1.1
User-Agent: selenium/4.4.0 (java windows)
Content-Length: 59
Content-Type: application/json; charset=utf-8
host: localhost:53766
accept: */*

Response DefaultHttpResponse(decodeResult: success, version: HTTP/1.1)
HTTP/1.1 200 OK
Content-Type: application/json; charset=utf-8
cache-control: no-cache
content-length: 14

10:08:55.355 [AsyncHttpClient-1-13] DEBUG org.asynchttpclient.netty.channel.ChannelManager - Adding key: http://localhost:53766 for channel [id: 0x7c11f7a9, L:/127.0.0.1:61639 - R:localhost/127.0.0.1:53766]
10:08:55.356 [Forwarding getCurrentUrl on session 2089d4a5154639406bcb77e81f190746 to remote] DEBUG org.asynchttpclient.netty.request.NettyRequestSender - Using pooled Channel '[id: 0x7c11f7a9, L:/127.0.0.1:61639 - R:localhost/127.0.0.1:53766]' for 'GET' to 'http://localhost:53766/session/2089d4a5154639406bcb77e81f190746/url'
10:08:55.356 [Forwarding getCurrentUrl on session 2089d4a5154639406bcb77e81f190746 to remote] DEBUG org.asynchttpclient.netty.request.NettyRequestSender - Using open Channel [id: 0x7c11f7a9, L:/127.0.0.1:61639 - R:localhost/127.0.0.1:53766] for GET '/session/2089d4a5154639406bcb77e81f190746/url'
10:08:55.358 [AsyncHttpClient-1-13] DEBUG org.asynchttpclient.netty.handler.HttpHandler - 

Request DefaultFullHttpRequest(decodeResult: success, version: HTTP/1.1, content: EmptyByteBufBE)
GET /session/2089d4a5154639406bcb77e81f190746/url HTTP/1.1
User-Agent: selenium/4.4.0 (java windows)
Cache-Control: no-cache
Content-Type: application/json; charset=utf-8
host: localhost:53766
accept: */*

Response DefaultHttpResponse(decodeResult: success, version: HTTP/1.1)
HTTP/1.1 200 OK
Content-Type: application/json; charset=utf-8
cache-control: no-cache
content-length: 52

10:08:55.358 [AsyncHttpClient-1-13] DEBUG org.asynchttpclient.netty.channel.ChannelManager - Adding key: http://localhost:53766 for channel [id: 0x7c11f7a9, L:/127.0.0.1:61639 - R:localhost/127.0.0.1:53766]
10:08:55.358 [Forwarding screenshot on session 2089d4a5154639406bcb77e81f190746 to remote] DEBUG org.asynchttpclient.netty.request.NettyRequestSender - Using pooled Channel '[id: 0x7c11f7a9, L:/127.0.0.1:61639 - R:localhost/127.0.0.1:53766]' for 'GET' to 'http://localhost:53766/session/2089d4a5154639406bcb77e81f190746/screenshot'
10:08:55.358 [Forwarding screenshot on session 2089d4a5154639406bcb77e81f190746 to remote] DEBUG org.asynchttpclient.netty.request.NettyRequestSender - Using open Channel [id: 0x7c11f7a9, L:/127.0.0.1:61639 - R:localhost/127.0.0.1:53766] for GET '/session/2089d4a5154639406bcb77e81f190746/screenshot'
10:08:55.474 [AsyncHttpClient-1-13] DEBUG org.asynchttpclient.netty.handler.HttpHandler - 

Request DefaultFullHttpRequest(decodeResult: success, version: HTTP/1.1, content: EmptyByteBufBE)
GET /session/2089d4a5154639406bcb77e81f190746/screenshot HTTP/1.1
User-Agent: selenium/4.4.0 (java windows)
Cache-Control: no-cache
Content-Type: application/json; charset=utf-8
host: localhost:53766
accept: */*

Response DefaultHttpResponse(decodeResult: success, version: HTTP/1.1)
HTTP/1.1 200 OK
Content-Type: application/json; charset=utf-8
cache-control: no-cache
content-length: 387904

10:08:55.475 [AsyncHttpClient-1-13] DEBUG org.asynchttpclient.netty.channel.ChannelManager - Adding key: http://localhost:53766 for channel [id: 0x7c11f7a9, L:/127.0.0.1:61639 - R:localhost/127.0.0.1:53766]
10:08:55.484 [Test worker] DEBUG net.serenitybdd.core.photography.Darkroom - Send negative for processing for C:\Users\juan.gomezv\IdeaProjects\sura\target\site\serenity\388cd7305863411845f89c0acb195fb6c155db9c8c6c5fc14f1e085b91c4b0a7.png
10:08:55.488 [Forwarding getPageSource on session 2089d4a5154639406bcb77e81f190746 to remote] DEBUG org.asynchttpclient.netty.request.NettyRequestSender - Using pooled Channel '[id: 0x7c11f7a9, L:/127.0.0.1:61639 - R:localhost/127.0.0.1:53766]' for 'POST' to 'http://localhost:53766/session/2089d4a5154639406bcb77e81f190746/execute/sync'
10:08:55.488 [Forwarding getPageSource on session 2089d4a5154639406bcb77e81f190746 to remote] DEBUG org.asynchttpclient.netty.request.NettyRequestSender - Using open Channel [id: 0x7c11f7a9, L:/127.0.0.1:61639 - R:localhost/127.0.0.1:53766] for POST '/session/2089d4a5154639406bcb77e81f190746/execute/sync'
10:08:55.493 [AsyncHttpClient-1-13] DEBUG org.asynchttpclient.netty.handler.HttpHandler - 

Request DefaultHttpRequest(decodeResult: success, version: HTTP/1.1)
POST /session/2089d4a5154639406bcb77e81f190746/execute/sync HTTP/1.1
User-Agent: selenium/4.4.0 (java windows)
Content-Length: 176
Content-Type: application/json; charset=utf-8
host: localhost:53766
accept: */*

Response DefaultHttpResponse(decodeResult: success, version: HTTP/1.1)
HTTP/1.1 200 OK
Content-Type: application/json; charset=utf-8
cache-control: no-cache
content-length: 15288

10:08:55.493 [AsyncHttpClient-1-13] DEBUG org.asynchttpclient.netty.channel.ChannelManager - Adding key: http://localhost:53766 for channel [id: 0x7c11f7a9, L:/127.0.0.1:61639 - R:localhost/127.0.0.1:53766]
10:08:55.495 [Forwarding getCurrentUrl on session 2089d4a5154639406bcb77e81f190746 to remote] DEBUG org.asynchttpclient.netty.request.NettyRequestSender - Using pooled Channel '[id: 0x7c11f7a9, L:/127.0.0.1:61639 - R:localhost/127.0.0.1:53766]' for 'GET' to 'http://localhost:53766/session/2089d4a5154639406bcb77e81f190746/url'
10:08:55.495 [Forwarding getCurrentUrl on session 2089d4a5154639406bcb77e81f190746 to remote] DEBUG org.asynchttpclient.netty.request.NettyRequestSender - Using open Channel [id: 0x7c11f7a9, L:/127.0.0.1:61639 - R:localhost/127.0.0.1:53766] for GET '/session/2089d4a5154639406bcb77e81f190746/url'
10:08:55.499 [AsyncHttpClient-1-13] DEBUG org.asynchttpclient.netty.handler.HttpHandler - 

Request DefaultFullHttpRequest(decodeResult: success, version: HTTP/1.1, content: EmptyByteBufBE)
GET /session/2089d4a5154639406bcb77e81f190746/url HTTP/1.1
User-Agent: selenium/4.4.0 (java windows)
Cache-Control: no-cache
Content-Type: application/json; charset=utf-8
host: localhost:53766
accept: */*

Response DefaultHttpResponse(decodeResult: success, version: HTTP/1.1)
HTTP/1.1 200 OK
Content-Type: application/json; charset=utf-8
cache-control: no-cache
content-length: 52

10:08:55.499 [AsyncHttpClient-1-13] DEBUG org.asynchttpclient.netty.channel.ChannelManager - Adding key: http://localhost:53766 for channel [id: 0x7c11f7a9, L:/127.0.0.1:61639 - R:localhost/127.0.0.1:53766]
10:08:55.501 [Test worker] DEBUG net.thucydides.core.steps.StepInterceptor - STARTING STEP: Purchase.performAs - performAs
10:08:55.505 [Forwarding findElements on session 2089d4a5154639406bcb77e81f190746 to remote] DEBUG org.asynchttpclient.netty.request.NettyRequestSender - Using pooled Channel '[id: 0x7c11f7a9, L:/127.0.0.1:61639 - R:localhost/127.0.0.1:53766]' for 'POST' to 'http://localhost:53766/session/2089d4a5154639406bcb77e81f190746/elements'
10:08:55.505 [Forwarding findElements on session 2089d4a5154639406bcb77e81f190746 to remote] DEBUG org.asynchttpclient.netty.request.NettyRequestSender - Using open Channel [id: 0x7c11f7a9, L:/127.0.0.1:61639 - R:localhost/127.0.0.1:53766] for POST '/session/2089d4a5154639406bcb77e81f190746/elements'
10:08:55.511 [AsyncHttpClient-1-13] DEBUG org.asynchttpclient.netty.handler.HttpHandler - 

Request DefaultHttpRequest(decodeResult: success, version: HTTP/1.1)
POST /session/2089d4a5154639406bcb77e81f190746/elements HTTP/1.1
User-Agent: selenium/4.4.0 (java windows)
Content-Length: 92
Content-Type: application/json; charset=utf-8
host: localhost:53766
accept: */*

Response DefaultHttpResponse(decodeResult: success, version: HTTP/1.1)
HTTP/1.1 200 OK
Content-Type: application/json; charset=utf-8
cache-control: no-cache
content-length: 485

10:08:55.511 [AsyncHttpClient-1-13] DEBUG org.asynchttpclient.netty.channel.ChannelManager - Adding key: http://localhost:53766 for channel [id: 0x7c11f7a9, L:/127.0.0.1:61639 - R:localhost/127.0.0.1:53766]
10:08:55.529 [Forwarding getPageSource on session 2089d4a5154639406bcb77e81f190746 to remote] DEBUG org.asynchttpclient.netty.request.NettyRequestSender - Using pooled Channel '[id: 0x7c11f7a9, L:/127.0.0.1:61639 - R:localhost/127.0.0.1:53766]' for 'POST' to 'http://localhost:53766/session/2089d4a5154639406bcb77e81f190746/execute/sync'
10:08:55.529 [Forwarding getPageSource on session 2089d4a5154639406bcb77e81f190746 to remote] DEBUG org.asynchttpclient.netty.request.NettyRequestSender - Using open Channel [id: 0x7c11f7a9, L:/127.0.0.1:61639 - R:localhost/127.0.0.1:53766] for POST '/session/2089d4a5154639406bcb77e81f190746/execute/sync'
10:08:55.534 [AsyncHttpClient-1-13] DEBUG org.asynchttpclient.netty.handler.HttpHandler - 

Request DefaultHttpRequest(decodeResult: success, version: HTTP/1.1)
POST /session/2089d4a5154639406bcb77e81f190746/execute/sync HTTP/1.1
User-Agent: selenium/4.4.0 (java windows)
Content-Length: 176
Content-Type: application/json; charset=utf-8
host: localhost:53766
accept: */*

Response DefaultHttpResponse(decodeResult: success, version: HTTP/1.1)
HTTP/1.1 200 OK
Content-Type: application/json; charset=utf-8
cache-control: no-cache
content-length: 15288

10:08:55.534 [AsyncHttpClient-1-13] DEBUG org.asynchttpclient.netty.channel.ChannelManager - Adding key: http://localhost:53766 for channel [id: 0x7c11f7a9, L:/127.0.0.1:61639 - R:localhost/127.0.0.1:53766]
10:08:55.535 [Forwarding getCurrentUrl on session 2089d4a5154639406bcb77e81f190746 to remote] DEBUG org.asynchttpclient.netty.request.NettyRequestSender - Using pooled Channel '[id: 0x7c11f7a9, L:/127.0.0.1:61639 - R:localhost/127.0.0.1:53766]' for 'GET' to 'http://localhost:53766/session/2089d4a5154639406bcb77e81f190746/url'
10:08:55.535 [Forwarding getCurrentUrl on session 2089d4a5154639406bcb77e81f190746 to remote] DEBUG org.asynchttpclient.netty.request.NettyRequestSender - Using open Channel [id: 0x7c11f7a9, L:/127.0.0.1:61639 - R:localhost/127.0.0.1:53766] for GET '/session/2089d4a5154639406bcb77e81f190746/url'
10:08:55.539 [AsyncHttpClient-1-13] DEBUG org.asynchttpclient.netty.handler.HttpHandler - 

Request DefaultFullHttpRequest(decodeResult: success, version: HTTP/1.1, content: EmptyByteBufBE)
GET /session/2089d4a5154639406bcb77e81f190746/url HTTP/1.1
User-Agent: selenium/4.4.0 (java windows)
Cache-Control: no-cache
Content-Type: application/json; charset=utf-8
host: localhost:53766
accept: */*

Response DefaultHttpResponse(decodeResult: success, version: HTTP/1.1)
HTTP/1.1 200 OK
Content-Type: application/json; charset=utf-8
cache-control: no-cache
content-length: 52

10:08:55.540 [AsyncHttpClient-1-13] DEBUG org.asynchttpclient.netty.channel.ChannelManager - Adding key: http://localhost:53766 for channel [id: 0x7c11f7a9, L:/127.0.0.1:61639 - R:localhost/127.0.0.1:53766]
10:08:55.541 [Test worker] DEBUG net.thucydides.core.steps.StepInterceptor - STARTING STEP: AddOrRemoveFromCart.performAs - {0} clicks on #element
10:08:55.559 [Forwarding isElementDisplayed on session 2089d4a5154639406bcb77e81f190746 to remote] DEBUG org.asynchttpclient.netty.request.NettyRequestSender - Using pooled Channel '[id: 0x7c11f7a9, L:/127.0.0.1:61639 - R:localhost/127.0.0.1:53766]' for 'POST' to 'http://localhost:53766/session/2089d4a5154639406bcb77e81f190746/execute/sync'
10:08:55.559 [Forwarding isElementDisplayed on session 2089d4a5154639406bcb77e81f190746 to remote] DEBUG org.asynchttpclient.netty.request.NettyRequestSender - Using open Channel [id: 0x7c11f7a9, L:/127.0.0.1:61639 - R:localhost/127.0.0.1:53766] for POST '/session/2089d4a5154639406bcb77e81f190746/execute/sync'
10:08:55.565 [AsyncHttpClient-1-13] DEBUG org.asynchttpclient.netty.handler.HttpHandler - 

Request DefaultHttpRequest(decodeResult: success, version: HTTP/1.1)
POST /session/2089d4a5154639406bcb77e81f190746/execute/sync HTTP/1.1
User-Agent: selenium/4.4.0 (java windows)
Content-Length: 48780
Content-Type: application/json; charset=utf-8
host: localhost:53766
accept: */*

Response DefaultHttpResponse(decodeResult: success, version: HTTP/1.1)
HTTP/1.1 200 OK
Content-Type: application/json; charset=utf-8
cache-control: no-cache
content-length: 14

10:08:55.566 [AsyncHttpClient-1-13] DEBUG org.asynchttpclient.netty.channel.ChannelManager - Adding key: http://localhost:53766 for channel [id: 0x7c11f7a9, L:/127.0.0.1:61639 - R:localhost/127.0.0.1:53766]
10:08:55.569 [Forwarding clickElement on session 2089d4a5154639406bcb77e81f190746 to remote] DEBUG org.asynchttpclient.netty.request.NettyRequestSender - Using pooled Channel '[id: 0x7c11f7a9, L:/127.0.0.1:61639 - R:localhost/127.0.0.1:53766]' for 'POST' to 'http://localhost:53766/session/2089d4a5154639406bcb77e81f190746/element/65f01a13-9c35-431f-bdec-8259f206c15b/click'
10:08:55.569 [Forwarding clickElement on session 2089d4a5154639406bcb77e81f190746 to remote] DEBUG org.asynchttpclient.netty.request.NettyRequestSender - Using open Channel [id: 0x7c11f7a9, L:/127.0.0.1:61639 - R:localhost/127.0.0.1:53766] for POST '/session/2089d4a5154639406bcb77e81f190746/element/65f01a13-9c35-431f-bdec-8259f206c15b/click'
10:08:55.586 [AsyncHttpClient-1-13] DEBUG org.asynchttpclient.netty.handler.HttpHandler - 

Request DefaultHttpRequest(decodeResult: success, version: HTTP/1.1)
POST /session/2089d4a5154639406bcb77e81f190746/element/65f01a13-9c35-431f-bdec-8259f206c15b/click HTTP/1.1
User-Agent: selenium/4.4.0 (java windows)
Content-Length: 50
Content-Type: application/json; charset=utf-8
host: localhost:53766
accept: */*

Response DefaultHttpResponse(decodeResult: success, version: HTTP/1.1)
HTTP/1.1 200 OK
Content-Type: application/json; charset=utf-8
cache-control: no-cache
content-length: 14

10:08:55.586 [AsyncHttpClient-1-13] DEBUG org.asynchttpclient.netty.channel.ChannelManager - Adding key: http://localhost:53766 for channel [id: 0x7c11f7a9, L:/127.0.0.1:61639 - R:localhost/127.0.0.1:53766]
10:08:55.598 [Forwarding getCurrentWindowHandle on session 2089d4a5154639406bcb77e81f190746 to remote] DEBUG org.asynchttpclient.netty.request.NettyRequestSender - Using pooled Channel '[id: 0x7c11f7a9, L:/127.0.0.1:61639 - R:localhost/127.0.0.1:53766]' for 'GET' to 'http://localhost:53766/session/2089d4a5154639406bcb77e81f190746/window'
10:08:55.598 [Forwarding getCurrentWindowHandle on session 2089d4a5154639406bcb77e81f190746 to remote] DEBUG org.asynchttpclient.netty.request.NettyRequestSender - Using open Channel [id: 0x7c11f7a9, L:/127.0.0.1:61639 - R:localhost/127.0.0.1:53766] for GET '/session/2089d4a5154639406bcb77e81f190746/window'
10:08:55.599 [AsyncHttpClient-1-13] DEBUG org.asynchttpclient.netty.handler.HttpHandler - 

Request DefaultFullHttpRequest(decodeResult: success, version: HTTP/1.1, content: EmptyByteBufBE)
GET /session/2089d4a5154639406bcb77e81f190746/window HTTP/1.1
User-Agent: selenium/4.4.0 (java windows)
Cache-Control: no-cache
Content-Type: application/json; charset=utf-8
host: localhost:53766
accept: */*

Response DefaultHttpResponse(decodeResult: success, version: HTTP/1.1)
HTTP/1.1 200 OK
Content-Type: application/json; charset=utf-8
cache-control: no-cache
content-length: 53

10:08:55.599 [AsyncHttpClient-1-13] DEBUG org.asynchttpclient.netty.channel.ChannelManager - Adding key: http://localhost:53766 for channel [id: 0x7c11f7a9, L:/127.0.0.1:61639 - R:localhost/127.0.0.1:53766]
10:08:55.603 [Forwarding getAlertText on session 2089d4a5154639406bcb77e81f190746 to remote] DEBUG org.asynchttpclient.netty.request.NettyRequestSender - Using pooled Channel '[id: 0x7c11f7a9, L:/127.0.0.1:61639 - R:localhost/127.0.0.1:53766]' for 'GET' to 'http://localhost:53766/session/2089d4a5154639406bcb77e81f190746/alert/text'
10:08:55.603 [Forwarding getAlertText on session 2089d4a5154639406bcb77e81f190746 to remote] DEBUG org.asynchttpclient.netty.request.NettyRequestSender - Using open Channel [id: 0x7c11f7a9, L:/127.0.0.1:61639 - R:localhost/127.0.0.1:53766] for GET '/session/2089d4a5154639406bcb77e81f190746/alert/text'
10:08:55.604 [AsyncHttpClient-1-13] DEBUG org.asynchttpclient.netty.handler.HttpHandler - 

Request DefaultFullHttpRequest(decodeResult: success, version: HTTP/1.1, content: EmptyByteBufBE)
GET /session/2089d4a5154639406bcb77e81f190746/alert/text HTTP/1.1
User-Agent: selenium/4.4.0 (java windows)
Cache-Control: no-cache
Content-Type: application/json; charset=utf-8
host: localhost:53766
accept: */*

Response DefaultHttpResponse(decodeResult: success, version: HTTP/1.1)
HTTP/1.1 404 Not Found
Content-Type: application/json; charset=utf-8
cache-control: no-cache
content-length: 879

10:08:55.604 [AsyncHttpClient-1-13] DEBUG org.asynchttpclient.netty.channel.ChannelManager - Adding key: http://localhost:53766 for channel [id: 0x7c11f7a9, L:/127.0.0.1:61639 - R:localhost/127.0.0.1:53766]
10:08:55.608 [Forwarding switchToWindow on session 2089d4a5154639406bcb77e81f190746 to remote] DEBUG org.asynchttpclient.netty.request.NettyRequestSender - Using pooled Channel '[id: 0x7c11f7a9, L:/127.0.0.1:61639 - R:localhost/127.0.0.1:53766]' for 'POST' to 'http://localhost:53766/session/2089d4a5154639406bcb77e81f190746/window'
10:08:55.608 [Forwarding switchToWindow on session 2089d4a5154639406bcb77e81f190746 to remote] DEBUG org.asynchttpclient.netty.request.NettyRequestSender - Using open Channel [id: 0x7c11f7a9, L:/127.0.0.1:61639 - R:localhost/127.0.0.1:53766] for POST '/session/2089d4a5154639406bcb77e81f190746/window'
10:08:55.610 [AsyncHttpClient-1-13] DEBUG org.asynchttpclient.netty.handler.HttpHandler - 

Request DefaultHttpRequest(decodeResult: success, version: HTTP/1.1)
POST /session/2089d4a5154639406bcb77e81f190746/window HTTP/1.1
User-Agent: selenium/4.4.0 (java windows)
Content-Length: 59
Content-Type: application/json; charset=utf-8
host: localhost:53766
accept: */*

Response DefaultHttpResponse(decodeResult: success, version: HTTP/1.1)
HTTP/1.1 200 OK
Content-Type: application/json; charset=utf-8
cache-control: no-cache
content-length: 14

10:08:55.610 [AsyncHttpClient-1-13] DEBUG org.asynchttpclient.netty.channel.ChannelManager - Adding key: http://localhost:53766 for channel [id: 0x7c11f7a9, L:/127.0.0.1:61639 - R:localhost/127.0.0.1:53766]
10:08:55.610 [Forwarding getCurrentUrl on session 2089d4a5154639406bcb77e81f190746 to remote] DEBUG org.asynchttpclient.netty.request.NettyRequestSender - Using pooled Channel '[id: 0x7c11f7a9, L:/127.0.0.1:61639 - R:localhost/127.0.0.1:53766]' for 'GET' to 'http://localhost:53766/session/2089d4a5154639406bcb77e81f190746/url'
10:08:55.610 [Forwarding getCurrentUrl on session 2089d4a5154639406bcb77e81f190746 to remote] DEBUG org.asynchttpclient.netty.request.NettyRequestSender - Using open Channel [id: 0x7c11f7a9, L:/127.0.0.1:61639 - R:localhost/127.0.0.1:53766] for GET '/session/2089d4a5154639406bcb77e81f190746/url'
10:08:55.613 [AsyncHttpClient-1-13] DEBUG org.asynchttpclient.netty.handler.HttpHandler - 

Request DefaultFullHttpRequest(decodeResult: success, version: HTTP/1.1, content: EmptyByteBufBE)
GET /session/2089d4a5154639406bcb77e81f190746/url HTTP/1.1
User-Agent: selenium/4.4.0 (java windows)
Cache-Control: no-cache
Content-Type: application/json; charset=utf-8
host: localhost:53766
accept: */*

Response DefaultHttpResponse(decodeResult: success, version: HTTP/1.1)
HTTP/1.1 200 OK
Content-Type: application/json; charset=utf-8
cache-control: no-cache
content-length: 52

10:08:55.613 [AsyncHttpClient-1-13] DEBUG org.asynchttpclient.netty.channel.ChannelManager - Adding key: http://localhost:53766 for channel [id: 0x7c11f7a9, L:/127.0.0.1:61639 - R:localhost/127.0.0.1:53766]
10:08:55.614 [Forwarding screenshot on session 2089d4a5154639406bcb77e81f190746 to remote] DEBUG org.asynchttpclient.netty.request.NettyRequestSender - Using pooled Channel '[id: 0x7c11f7a9, L:/127.0.0.1:61639 - R:localhost/127.0.0.1:53766]' for 'GET' to 'http://localhost:53766/session/2089d4a5154639406bcb77e81f190746/screenshot'
10:08:55.614 [Forwarding screenshot on session 2089d4a5154639406bcb77e81f190746 to remote] DEBUG org.asynchttpclient.netty.request.NettyRequestSender - Using open Channel [id: 0x7c11f7a9, L:/127.0.0.1:61639 - R:localhost/127.0.0.1:53766] for GET '/session/2089d4a5154639406bcb77e81f190746/screenshot'
10:08:55.745 [AsyncHttpClient-1-13] DEBUG org.asynchttpclient.netty.handler.HttpHandler - 

Request DefaultFullHttpRequest(decodeResult: success, version: HTTP/1.1, content: EmptyByteBufBE)
GET /session/2089d4a5154639406bcb77e81f190746/screenshot HTTP/1.1
User-Agent: selenium/4.4.0 (java windows)
Cache-Control: no-cache
Content-Type: application/json; charset=utf-8
host: localhost:53766
accept: */*

Response DefaultHttpResponse(decodeResult: success, version: HTTP/1.1)
HTTP/1.1 200 OK
Content-Type: application/json; charset=utf-8
cache-control: no-cache
content-length: 387628

10:08:55.745 [AsyncHttpClient-1-13] DEBUG org.asynchttpclient.netty.channel.ChannelManager - Adding key: http://localhost:53766 for channel [id: 0x7c11f7a9, L:/127.0.0.1:61639 - R:localhost/127.0.0.1:53766]
10:08:55.751 [Test worker] DEBUG net.serenitybdd.core.photography.Darkroom - Send negative for processing for C:\Users\juan.gomezv\IdeaProjects\sura\target\site\serenity\f91164a022b8b8dfabddd0c8ea56ffe700366fa3f4d3b85ef7f3d0f8df841637.png
10:08:55.751 [Test worker] DEBUG net.thucydides.core.steps.StepInterceptor - STEP DONE: {0} clicks on #element
10:08:55.759 [Test worker] DEBUG net.thucydides.core.steps.StepInterceptor - STEP DONE: performAs
10:08:55.765 [Test worker] DEBUG net.thucydides.core.steps.StepInterceptor - STEP DONE: performAs
  ?[32mY ?[0m?[32m?[0m?[32m?[1mAna?[0m?[32m hace click en el boton del ?[0m?[32m?[1m2?[0m?[32m articulo?[0m                                      ?[90m# sura.stepDefinitions.PurchaseSteps.haceClickEnElBotonDelArticulo(net.serenitybdd.screenplay.Actor,java.lang.Integer)?[0m
10:08:55.781 [Forwarding getPageSource on session 2089d4a5154639406bcb77e81f190746 to remote] DEBUG org.asynchttpclient.netty.request.NettyRequestSender - Using pooled Channel '[id: 0x7c11f7a9, L:/127.0.0.1:61639 - R:localhost/127.0.0.1:53766]' for 'POST' to 'http://localhost:53766/session/2089d4a5154639406bcb77e81f190746/execute/sync'
10:08:55.781 [Forwarding getPageSource on session 2089d4a5154639406bcb77e81f190746 to remote] DEBUG org.asynchttpclient.netty.request.NettyRequestSender - Using open Channel [id: 0x7c11f7a9, L:/127.0.0.1:61639 - R:localhost/127.0.0.1:53766] for POST '/session/2089d4a5154639406bcb77e81f190746/execute/sync'
10:08:55.786 [AsyncHttpClient-1-13] DEBUG org.asynchttpclient.netty.handler.HttpHandler - 

Request DefaultHttpRequest(decodeResult: success, version: HTTP/1.1)
POST /session/2089d4a5154639406bcb77e81f190746/execute/sync HTTP/1.1
User-Agent: selenium/4.4.0 (java windows)
Content-Length: 176
Content-Type: application/json; charset=utf-8
host: localhost:53766
accept: */*

Response DefaultHttpResponse(decodeResult: success, version: HTTP/1.1)
HTTP/1.1 200 OK
Content-Type: application/json; charset=utf-8
cache-control: no-cache
content-length: 15306

10:08:55.787 [AsyncHttpClient-1-13] DEBUG org.asynchttpclient.netty.channel.ChannelManager - Adding key: http://localhost:53766 for channel [id: 0x7c11f7a9, L:/127.0.0.1:61639 - R:localhost/127.0.0.1:53766]
10:08:55.788 [Forwarding getCurrentUrl on session 2089d4a5154639406bcb77e81f190746 to remote] DEBUG org.asynchttpclient.netty.request.NettyRequestSender - Using pooled Channel '[id: 0x7c11f7a9, L:/127.0.0.1:61639 - R:localhost/127.0.0.1:53766]' for 'GET' to 'http://localhost:53766/session/2089d4a5154639406bcb77e81f190746/url'
10:08:55.788 [Forwarding getCurrentUrl on session 2089d4a5154639406bcb77e81f190746 to remote] DEBUG org.asynchttpclient.netty.request.NettyRequestSender - Using open Channel [id: 0x7c11f7a9, L:/127.0.0.1:61639 - R:localhost/127.0.0.1:53766] for GET '/session/2089d4a5154639406bcb77e81f190746/url'
10:08:55.792 [AsyncHttpClient-1-13] DEBUG org.asynchttpclient.netty.handler.HttpHandler - 

Request DefaultFullHttpRequest(decodeResult: success, version: HTTP/1.1, content: EmptyByteBufBE)
GET /session/2089d4a5154639406bcb77e81f190746/url HTTP/1.1
User-Agent: selenium/4.4.0 (java windows)
Cache-Control: no-cache
Content-Type: application/json; charset=utf-8
host: localhost:53766
accept: */*

Response DefaultHttpResponse(decodeResult: success, version: HTTP/1.1)
HTTP/1.1 200 OK
Content-Type: application/json; charset=utf-8
cache-control: no-cache
content-length: 52

10:08:55.792 [AsyncHttpClient-1-13] DEBUG org.asynchttpclient.netty.channel.ChannelManager - Adding key: http://localhost:53766 for channel [id: 0x7c11f7a9, L:/127.0.0.1:61639 - R:localhost/127.0.0.1:53766]
  ?[32mEntonces ?[0m?[32mve ?[0m?[32m?[1m"1"?[0m?[32m items en el icono del carrito de compras?[0m                         ?[90m# sura.stepDefinitions.PurchaseSteps.veQueElIconoDelCarritoMuestraProductosEnLaBolsa(java.lang.String)?[0m
10:08:55.798 [Test worker] INFO  - 
  _____   ___   ___   _____     ___     _     ___   ___   ___   ___  
 |_   _| | __| / __| |_   _|   | _ \   /_\   / __| / __| | __| |   \ 
   | |   | _|  \__ \   | |     |  _/  / _ \  \__ \ \__ \ | _|  | |) |
   |_|   |___| |___/   |_|     |_|   /_/ \_\ |___/ |___/ |___| |___/ 

Quitar articulos al carrito de compras
----------------------------------------------------------------------
10:08:55.799 [AsyncHttpClient-1-15] DEBUG org.asynchttpclient.netty.handler.WebSocketHandler - Channel Closed: [id: 0x9ded97bf, L:/127.0.0.1:61647 ! R:localhost/127.0.0.1:61640] with attribute NettyResponseFuture{currentRetry=0,
	isDone=1,
	isCancelled=0,
	asyncHandler=org.asynchttpclient.ws.WebSocketUpgradeHandler@5a8b6edd,
	nettyRequest=org.asynchttpclient.netty.request.NettyRequest@596d90d3,
	future=java.util.concurrent.CompletableFuture@71d47a3f[Completed normally],
	uri=ws://localhost:61640/devtools/browser/a781a1a3-eb66-4c2b-972e-dfcd182b7d27,
	keepAlive=true,
	redirectCount=0,
	timeoutsHolder=null,
	inAuth=0,
	touch=1664204932850}
10:08:55.799 [AsyncHttpClient-1-15] DEBUG org.asynchttpclient.netty.channel.ChannelManager - Closing Channel [id: 0x9ded97bf, L:/127.0.0.1:61647 ! R:localhost/127.0.0.1:61640] 
10:08:55.799 [Driver Command Executor] DEBUG org.asynchttpclient.netty.request.NettyRequestSender - Using pooled Channel '[id: 0x7c11f7a9, L:/127.0.0.1:61639 - R:localhost/127.0.0.1:53766]' for 'DELETE' to 'http://localhost:53766/session/2089d4a5154639406bcb77e81f190746'
10:08:55.799 [Driver Command Executor] DEBUG org.asynchttpclient.netty.request.NettyRequestSender - Using open Channel [id: 0x7c11f7a9, L:/127.0.0.1:61639 - R:localhost/127.0.0.1:53766] for DELETE '/session/2089d4a5154639406bcb77e81f190746'
10:08:55.818 [AsyncHttpClient-1-14] DEBUG org.asynchttpclient.netty.handler.HttpHandler - Unexpected I/O exception on channel [id: 0x0f1ba8dc, L:/127.0.0.1:61646 - R:localhost/127.0.0.1:61640]
java.net.SocketException: Connection reset
	at java.base/sun.nio.ch.SocketChannelImpl.throwConnectionReset(SocketChannelImpl.java:394)
	at java.base/sun.nio.ch.SocketChannelImpl.read(SocketChannelImpl.java:426)
	at io.netty.buffer.PooledByteBuf.setBytes(PooledByteBuf.java:258)
	at io.netty.buffer.AbstractByteBuf.writeBytes(AbstractByteBuf.java:1132)
	at io.netty.channel.socket.nio.NioSocketChannel.doReadBytes(NioSocketChannel.java:357)
	at io.netty.channel.nio.AbstractNioByteChannel$NioByteUnsafe.read(AbstractNioByteChannel.java:151)
	at io.netty.channel.nio.NioEventLoop.processSelectedKey(NioEventLoop.java:722)
	at io.netty.channel.nio.NioEventLoop.processSelectedKeysOptimized(NioEventLoop.java:658)
	at io.netty.channel.nio.NioEventLoop.processSelectedKeys(NioEventLoop.java:584)
	at io.netty.channel.nio.NioEventLoop.run(NioEventLoop.java:496)
	at io.netty.util.concurrent.SingleThreadEventExecutor$4.run(SingleThreadEventExecutor.java:997)
	at io.netty.util.internal.ThreadExecutorMap$2.run(ThreadExecutorMap.java:74)
	at io.netty.util.concurrent.FastThreadLocalRunnable.run(FastThreadLocalRunnable.java:30)
	at java.base/java.lang.Thread.run(Thread.java:833)
10:08:55.819 [AsyncHttpClient-1-14] DEBUG org.asynchttpclient.netty.channel.ChannelManager - Closing Channel [id: 0x0f1ba8dc, L:/127.0.0.1:61646 - R:localhost/127.0.0.1:61640] 
10:08:55.821 [AsyncHttpClient-1-14] DEBUG org.asynchttpclient.netty.handler.HttpHandler - Channel Closed: [id: 0x0f1ba8dc, L:/127.0.0.1:61646 ! R:localhost/127.0.0.1:61640] with attribute DISCARD
10:08:55.832 [AsyncHttpClient-1-13] DEBUG org.asynchttpclient.netty.handler.HttpHandler - 

Request DefaultFullHttpRequest(decodeResult: success, version: HTTP/1.1, content: EmptyByteBufBE)
DELETE /session/2089d4a5154639406bcb77e81f190746 HTTP/1.1
User-Agent: selenium/4.4.0 (java windows)
Content-Type: application/json; charset=utf-8
host: localhost:53766
accept: */*

Response DefaultHttpResponse(decodeResult: success, version: HTTP/1.1)
HTTP/1.1 200 OK
Content-Type: application/json; charset=utf-8
cache-control: no-cache
content-length: 14

10:08:55.833 [AsyncHttpClient-1-13] DEBUG org.asynchttpclient.netty.channel.ChannelManager - Adding key: http://localhost:53766 for channel [id: 0x7c11f7a9, L:/127.0.0.1:61639 - R:localhost/127.0.0.1:53766]
10:08:55.889 [AsyncHttpClient-1-13] DEBUG org.asynchttpclient.netty.handler.HttpHandler - Channel Closed: [id: 0x7c11f7a9, L:/127.0.0.1:61639 ! R:localhost/127.0.0.1:53766] with attribute DISCARD
]]></system-out>
  <system-err><![CDATA[Starting ChromeDriver 105.0.5195.52 (412c95e518836d8a7d97250d62b29c2ae6a26a85-refs/branch-heads/5195@{#853}) on port 57773
Only local connections are allowed.
Please see https://chromedriver.chromium.org/security-considerations for suggestions on keeping ChromeDriver safe.
ChromeDriver was started successfully.
sep. 26, 2022 10:08:48 A. M. org.openqa.selenium.remote.ProtocolHandshake createSession
INFO: Detected upstream dialect: W3C
sep. 26, 2022 10:08:48 A. M. org.openqa.selenium.devtools.CdpVersionFinder findNearestMatch
WARNING: Unable to find an exact match for CDP version 105, so returning the closest version found: 104
sep. 26, 2022 10:08:48 A. M. org.openqa.selenium.devtools.CdpVersionFinder findNearestMatch
INFO: Found CDP implementation for version 105 of 104
Starting ChromeDriver 105.0.5195.52 (412c95e518836d8a7d97250d62b29c2ae6a26a85-refs/branch-heads/5195@{#853}) on port 53766
Only local connections are allowed.
Please see https://chromedriver.chromium.org/security-considerations for suggestions on keeping ChromeDriver safe.
ChromeDriver was started successfully.
sep. 26, 2022 10:08:52 A. M. org.openqa.selenium.remote.ProtocolHandshake createSession
INFO: Detected upstream dialect: W3C
sep. 26, 2022 10:08:52 A. M. org.openqa.selenium.devtools.CdpVersionFinder findNearestMatch
WARNING: Unable to find an exact match for CDP version 105, so returning the closest version found: 104
sep. 26, 2022 10:08:52 A. M. org.openqa.selenium.devtools.CdpVersionFinder findNearestMatch
INFO: Found CDP implementation for version 105 of 104
]]></system-err>
</testsuite>
