<?xml version="1.0" encoding="UTF-8"?>
<testsuite name="Adicionar/remover productos del catálogo a la lista de compras" tests="3" skipped="0" failures="0" errors="0" timestamp="2022-09-29T17:31:21" hostname="PSOFKA01134" time="14.045">
  <properties/>
  <testcase name="Añadir articulos al carrito de compras" classname="Adicionar/remover productos del catálogo a la lista de compras" time="5.296"/>
  <testcase name="Quitar articulos al carrito de compras" classname="Adicionar/remover productos del catálogo a la lista de compras" time="5.139"/>
  <testcase name="Añadir articulos al carrito de compras y pasar al lista de compras" classname="Adicionar/remover productos del catálogo a la lista de compras" time="3.61"/>
  <system-out><![CDATA[
Escenario: Añadir articulos al carrito de compras                           ?[90m# src/test/resources/features/browse_items_in_catalogue/selecting_products.feature:8?[0m
12:31:21.044 [Test worker] INFO io.cucumber.core.plugin.SerenityReporter - Running feature from file:///C:/Users/juan.gomezv/IdeaProjects/sura/src/test/resources/features/browse_items_in_catalogue/selecting_products.feature
12:31:21.045 [Test worker] INFO  - 
  _____   ___   ___   _____     ___   _____     _     ___   _____   ___   ___  
 |_   _| | __| / __| |_   _|   / __| |_   _|   /_\   | _ \ |_   _| | __| |   \ 
   | |   | _|  \__ \   | |     \__ \   | |    / _ \  |   /   | |   | _|  | |) |
   |_|   |___| |___/   |_|     |___/   |_|   /_/ \_\ |_|_\   |_|   |___| |___/ 

Añadir articulos al carrito de compras(adicionar/remover-productos-del-catálogo-a-la-lista-de-compras;añadir-articulos-al-carrito-de-compras)
--------------------------------------------------------------------------------
12:31:21.051 [Test worker] DEBUG net.thucydides.core.steps.StepInterceptor - STARTING STEP: LoginSteps.quiereConsultarArticulosDeportivosEnLaWebDeLaMarcaSwag - {0} abre la aplicación
12:31:21.053 [Test worker] DEBUG net.thucydides.core.steps.StepInterceptor - STARTING STEP: NavigateTo.performAs - {0} opens the #targetPageName
12:31:21.090 [Test worker] INFO net.serenitybdd.core.webdriver.driverproviders.ChromeDriverProvider - Starting Chrome driver instance with capabilities:
12:31:21.090 [Test worker] INFO net.serenitybdd.core.webdriver.driverproviders.ChromeDriverProvider - Capabilities {acceptInsecureCerts: false, browserName: chrome, goog:chromeOptions: {args: [], extensions: []}}
12:31:21.148 [AsyncHttpClient-1-10] DEBUG org.asynchttpclient.netty.channel.NettyConnectListener - Using new Channel '[id: 0x9eaa4fca, L:/127.0.0.1:60138 - R:localhost/127.0.0.1:64949]' for 'POST' to '/session'
12:31:21.700 [AsyncHttpClient-1-10] DEBUG org.asynchttpclient.netty.handler.HttpHandler - 

Request DefaultHttpRequest(decodeResult: success, version: HTTP/1.1)
POST /session HTTP/1.1
User-Agent: selenium/4.4.0 (java windows)
Content-Length: 437
Content-Type: application/json; charset=utf-8
host: localhost:64949
accept: */*

Response DefaultHttpResponse(decodeResult: success, version: HTTP/1.1)
HTTP/1.1 200 OK
Content-Type: application/json; charset=utf-8
cache-control: no-cache
content-length: 796

12:31:21.700 [AsyncHttpClient-1-10] DEBUG org.asynchttpclient.netty.channel.ChannelManager - Adding key: http://localhost:64949 for channel [id: 0x9eaa4fca, L:/127.0.0.1:60138 - R:localhost/127.0.0.1:64949]
12:31:21.704 [AsyncHttpClient-1-11] DEBUG org.asynchttpclient.netty.channel.NettyConnectListener - Using new Channel '[id: 0xa9bf1c8c, L:/127.0.0.1:60145 - R:localhost/127.0.0.1:60139]' for 'GET' to '/json/version'
12:31:21.705 [AsyncHttpClient-1-11] DEBUG org.asynchttpclient.netty.handler.HttpHandler - 

Request DefaultFullHttpRequest(decodeResult: success, version: HTTP/1.1, content: EmptyByteBufBE)
GET /json/version HTTP/1.1
User-Agent: selenium/4.4.0 (java windows)
host: localhost:60139
accept: */*

Response DefaultHttpResponse(decodeResult: success, version: HTTP/1.1)
HTTP/1.1 200 OK
Content-Type: application/json; charset=UTF-8
content-length: 423

12:31:21.705 [AsyncHttpClient-1-11] DEBUG org.asynchttpclient.netty.channel.ChannelManager - Adding key: http://localhost:60139 for channel [id: 0xa9bf1c8c, L:/127.0.0.1:60145 - R:localhost/127.0.0.1:60139]
12:31:21.707 [AsyncHttpClient-1-12] DEBUG org.asynchttpclient.netty.channel.NettyConnectListener - Using new Channel '[id: 0x1b84d528, L:/127.0.0.1:60146 - R:localhost/127.0.0.1:60139]' for 'GET' to '/devtools/browser/5a9eef25-dce0-4bfc-b314-e9ea29f7cdbf'
12:31:21.707 [AsyncHttpClient-1-12] DEBUG org.asynchttpclient.netty.handler.WebSocketHandler - 

Request DefaultFullHttpRequest(decodeResult: success, version: HTTP/1.1, content: EmptyByteBufBE)
GET /devtools/browser/5a9eef25-dce0-4bfc-b314-e9ea29f7cdbf HTTP/1.1
upgrade: websocket
connection: upgrade
sec-websocket-key: yT3Yi9nu7D1hdjyyoM8SYw==
sec-websocket-version: 13
origin: http://localhost:60139
host: localhost:60139
accept: */*
user-agent: AHC/2.1

Response DefaultHttpResponse(decodeResult: success, version: HTTP/1.1)
HTTP/1.1 101 WebSocket Protocol Handshake
Upgrade: WebSocket
Connection: Upgrade
Sec-WebSocket-Accept: tOZp1A0FRdauca3UeSyUc5rARvk=

12:31:21.710 [Forwarding get on session d294cb3a30cab430e1bc72181bdbd78d to remote] DEBUG org.asynchttpclient.netty.request.NettyRequestSender - Using pooled Channel '[id: 0x9eaa4fca, L:/127.0.0.1:60138 - R:localhost/127.0.0.1:64949]' for 'POST' to 'http://localhost:64949/session/d294cb3a30cab430e1bc72181bdbd78d/url'
12:31:21.710 [Forwarding get on session d294cb3a30cab430e1bc72181bdbd78d to remote] DEBUG org.asynchttpclient.netty.request.NettyRequestSender - Using open Channel [id: 0x9eaa4fca, L:/127.0.0.1:60138 - R:localhost/127.0.0.1:64949] for POST '/session/d294cb3a30cab430e1bc72181bdbd78d/url'
12:31:21.752 [AsyncHttpClient-1-1] DEBUG org.asynchttpclient.netty.channel.DefaultChannelPool - Entry count for : http://localhost:60117 : 1
12:31:21.752 [AsyncHttpClient-1-1] DEBUG org.asynchttpclient.netty.channel.DefaultChannelPool - Entry count for : http://localhost:60139 : 1
12:31:21.752 [AsyncHttpClient-1-1] DEBUG org.asynchttpclient.netty.channel.DefaultChannelPool - Entry count for : http://localhost:63658 : 1
12:31:21.752 [AsyncHttpClient-1-1] DEBUG org.asynchttpclient.netty.channel.DefaultChannelPool - Adding Candidate expired Channel [id: 0x0aaf9d97, L:/127.0.0.1:60123 ! R:localhost/127.0.0.1:60117] isIdleTimeoutExpired=false isRemotelyClosed=true isTtlExpired=false
12:31:21.752 [AsyncHttpClient-1-1] DEBUG org.asynchttpclient.netty.channel.DefaultChannelPool - Closing Idle Channel [id: 0x0aaf9d97, L:/127.0.0.1:60123 ! R:localhost/127.0.0.1:60117]
12:31:21.752 [AsyncHttpClient-1-1] DEBUG org.asynchttpclient.netty.channel.DefaultChannelPool - Adding Candidate expired Channel [id: 0x2156af3c, L:/127.0.0.1:60116 ! R:localhost/127.0.0.1:63658] isIdleTimeoutExpired=false isRemotelyClosed=true isTtlExpired=false
12:31:21.752 [AsyncHttpClient-1-1] DEBUG org.asynchttpclient.netty.channel.DefaultChannelPool - Closing Idle Channel [id: 0x2156af3c, L:/127.0.0.1:60116 ! R:localhost/127.0.0.1:63658]
12:31:21.752 [AsyncHttpClient-1-1] DEBUG org.asynchttpclient.netty.channel.DefaultChannelPool - Closed 2 connections out of 3 in 0 ms
12:31:21.994 [AsyncHttpClient-1-10] DEBUG org.asynchttpclient.netty.handler.HttpHandler - 

Request DefaultHttpRequest(decodeResult: success, version: HTTP/1.1)
POST /session/d294cb3a30cab430e1bc72181bdbd78d/url HTTP/1.1
User-Agent: selenium/4.4.0 (java windows)
Content-Length: 40
Content-Type: application/json; charset=utf-8
host: localhost:64949
accept: */*

Response DefaultHttpResponse(decodeResult: success, version: HTTP/1.1)
HTTP/1.1 200 OK
Content-Type: application/json; charset=utf-8
cache-control: no-cache
content-length: 14

12:31:21.994 [AsyncHttpClient-1-10] DEBUG org.asynchttpclient.netty.channel.ChannelManager - Adding key: http://localhost:64949 for channel [id: 0x9eaa4fca, L:/127.0.0.1:60138 - R:localhost/127.0.0.1:64949]
12:31:21.995 [Forwarding setTimeout on session d294cb3a30cab430e1bc72181bdbd78d to remote] DEBUG org.asynchttpclient.netty.request.NettyRequestSender - Using pooled Channel '[id: 0x9eaa4fca, L:/127.0.0.1:60138 - R:localhost/127.0.0.1:64949]' for 'POST' to 'http://localhost:64949/session/d294cb3a30cab430e1bc72181bdbd78d/timeouts'
12:31:21.995 [Forwarding setTimeout on session d294cb3a30cab430e1bc72181bdbd78d to remote] DEBUG org.asynchttpclient.netty.request.NettyRequestSender - Using open Channel [id: 0x9eaa4fca, L:/127.0.0.1:60138 - R:localhost/127.0.0.1:64949] for POST '/session/d294cb3a30cab430e1bc72181bdbd78d/timeouts'
12:31:21.996 [AsyncHttpClient-1-10] DEBUG org.asynchttpclient.netty.handler.HttpHandler - 

Request DefaultHttpRequest(decodeResult: success, version: HTTP/1.1)
POST /session/d294cb3a30cab430e1bc72181bdbd78d/timeouts HTTP/1.1
User-Agent: selenium/4.4.0 (java windows)
Content-Length: 22
Content-Type: application/json; charset=utf-8
host: localhost:64949
accept: */*

Response DefaultHttpResponse(decodeResult: success, version: HTTP/1.1)
HTTP/1.1 200 OK
Content-Type: application/json; charset=utf-8
cache-control: no-cache
content-length: 14

12:31:21.996 [AsyncHttpClient-1-10] DEBUG org.asynchttpclient.netty.channel.ChannelManager - Adding key: http://localhost:64949 for channel [id: 0x9eaa4fca, L:/127.0.0.1:60138 - R:localhost/127.0.0.1:64949]
12:31:22.006 [Forwarding getCurrentUrl on session d294cb3a30cab430e1bc72181bdbd78d to remote] DEBUG org.asynchttpclient.netty.request.NettyRequestSender - Using pooled Channel '[id: 0x9eaa4fca, L:/127.0.0.1:60138 - R:localhost/127.0.0.1:64949]' for 'GET' to 'http://localhost:64949/session/d294cb3a30cab430e1bc72181bdbd78d/url'
12:31:22.006 [Forwarding getCurrentUrl on session d294cb3a30cab430e1bc72181bdbd78d to remote] DEBUG org.asynchttpclient.netty.request.NettyRequestSender - Using open Channel [id: 0x9eaa4fca, L:/127.0.0.1:60138 - R:localhost/127.0.0.1:64949] for GET '/session/d294cb3a30cab430e1bc72181bdbd78d/url'
12:31:22.010 [AsyncHttpClient-1-10] DEBUG org.asynchttpclient.netty.handler.HttpHandler - 

Request DefaultFullHttpRequest(decodeResult: success, version: HTTP/1.1, content: EmptyByteBufBE)
GET /session/d294cb3a30cab430e1bc72181bdbd78d/url HTTP/1.1
User-Agent: selenium/4.4.0 (java windows)
Cache-Control: no-cache
Content-Type: application/json; charset=utf-8
host: localhost:64949
accept: */*

Response DefaultHttpResponse(decodeResult: success, version: HTTP/1.1)
HTTP/1.1 200 OK
Content-Type: application/json; charset=utf-8
cache-control: no-cache
content-length: 38

12:31:22.010 [AsyncHttpClient-1-10] DEBUG org.asynchttpclient.netty.channel.ChannelManager - Adding key: http://localhost:64949 for channel [id: 0x9eaa4fca, L:/127.0.0.1:60138 - R:localhost/127.0.0.1:64949]
12:31:22.016 [Forwarding getCurrentUrl on session d294cb3a30cab430e1bc72181bdbd78d to remote] DEBUG org.asynchttpclient.netty.request.NettyRequestSender - Using pooled Channel '[id: 0x9eaa4fca, L:/127.0.0.1:60138 - R:localhost/127.0.0.1:64949]' for 'GET' to 'http://localhost:64949/session/d294cb3a30cab430e1bc72181bdbd78d/url'
12:31:22.016 [Forwarding getCurrentUrl on session d294cb3a30cab430e1bc72181bdbd78d to remote] DEBUG org.asynchttpclient.netty.request.NettyRequestSender - Using open Channel [id: 0x9eaa4fca, L:/127.0.0.1:60138 - R:localhost/127.0.0.1:64949] for GET '/session/d294cb3a30cab430e1bc72181bdbd78d/url'
12:31:22.020 [AsyncHttpClient-1-10] DEBUG org.asynchttpclient.netty.handler.HttpHandler - 

Request DefaultFullHttpRequest(decodeResult: success, version: HTTP/1.1, content: EmptyByteBufBE)
GET /session/d294cb3a30cab430e1bc72181bdbd78d/url HTTP/1.1
User-Agent: selenium/4.4.0 (java windows)
Cache-Control: no-cache
Content-Type: application/json; charset=utf-8
host: localhost:64949
accept: */*

Response DefaultHttpResponse(decodeResult: success, version: HTTP/1.1)
HTTP/1.1 200 OK
Content-Type: application/json; charset=utf-8
cache-control: no-cache
content-length: 38

12:31:22.020 [AsyncHttpClient-1-10] DEBUG org.asynchttpclient.netty.channel.ChannelManager - Adding key: http://localhost:64949 for channel [id: 0x9eaa4fca, L:/127.0.0.1:60138 - R:localhost/127.0.0.1:64949]
12:31:22.025 [Test worker] DEBUG net.serenitybdd.core.photography.Darkroom - Opening darkroom
12:31:22.025 [Darkroom Processing Line] DEBUG net.serenitybdd.core.photography.DarkroomProcessingLine - Darkroom processing line starting up
12:31:22.030 [Forwarding getCurrentWindowHandle on session d294cb3a30cab430e1bc72181bdbd78d to remote] DEBUG org.asynchttpclient.netty.request.NettyRequestSender - Using pooled Channel '[id: 0x9eaa4fca, L:/127.0.0.1:60138 - R:localhost/127.0.0.1:64949]' for 'GET' to 'http://localhost:64949/session/d294cb3a30cab430e1bc72181bdbd78d/window'
12:31:22.030 [Forwarding getCurrentWindowHandle on session d294cb3a30cab430e1bc72181bdbd78d to remote] DEBUG org.asynchttpclient.netty.request.NettyRequestSender - Using open Channel [id: 0x9eaa4fca, L:/127.0.0.1:60138 - R:localhost/127.0.0.1:64949] for GET '/session/d294cb3a30cab430e1bc72181bdbd78d/window'
12:31:22.030 [AsyncHttpClient-1-10] DEBUG org.asynchttpclient.netty.handler.HttpHandler - 

Request DefaultFullHttpRequest(decodeResult: success, version: HTTP/1.1, content: EmptyByteBufBE)
GET /session/d294cb3a30cab430e1bc72181bdbd78d/window HTTP/1.1
User-Agent: selenium/4.4.0 (java windows)
Cache-Control: no-cache
Content-Type: application/json; charset=utf-8
host: localhost:64949
accept: */*

Response DefaultHttpResponse(decodeResult: success, version: HTTP/1.1)
HTTP/1.1 200 OK
Content-Type: application/json; charset=utf-8
cache-control: no-cache
content-length: 53

12:31:22.030 [AsyncHttpClient-1-10] DEBUG org.asynchttpclient.netty.channel.ChannelManager - Adding key: http://localhost:64949 for channel [id: 0x9eaa4fca, L:/127.0.0.1:60138 - R:localhost/127.0.0.1:64949]
12:31:22.035 [Forwarding getAlertText on session d294cb3a30cab430e1bc72181bdbd78d to remote] DEBUG org.asynchttpclient.netty.request.NettyRequestSender - Using pooled Channel '[id: 0x9eaa4fca, L:/127.0.0.1:60138 - R:localhost/127.0.0.1:64949]' for 'GET' to 'http://localhost:64949/session/d294cb3a30cab430e1bc72181bdbd78d/alert/text'
12:31:22.035 [Forwarding getAlertText on session d294cb3a30cab430e1bc72181bdbd78d to remote] DEBUG org.asynchttpclient.netty.request.NettyRequestSender - Using open Channel [id: 0x9eaa4fca, L:/127.0.0.1:60138 - R:localhost/127.0.0.1:64949] for GET '/session/d294cb3a30cab430e1bc72181bdbd78d/alert/text'
12:31:22.037 [AsyncHttpClient-1-10] DEBUG org.asynchttpclient.netty.handler.HttpHandler - 

Request DefaultFullHttpRequest(decodeResult: success, version: HTTP/1.1, content: EmptyByteBufBE)
GET /session/d294cb3a30cab430e1bc72181bdbd78d/alert/text HTTP/1.1
User-Agent: selenium/4.4.0 (java windows)
Cache-Control: no-cache
Content-Type: application/json; charset=utf-8
host: localhost:64949
accept: */*

Response DefaultHttpResponse(decodeResult: success, version: HTTP/1.1)
HTTP/1.1 404 Not Found
Content-Type: application/json; charset=utf-8
cache-control: no-cache
content-length: 879

12:31:22.038 [AsyncHttpClient-1-10] DEBUG org.asynchttpclient.netty.channel.ChannelManager - Adding key: http://localhost:64949 for channel [id: 0x9eaa4fca, L:/127.0.0.1:60138 - R:localhost/127.0.0.1:64949]
12:31:22.043 [Forwarding switchToWindow on session d294cb3a30cab430e1bc72181bdbd78d to remote] DEBUG org.asynchttpclient.netty.request.NettyRequestSender - Using pooled Channel '[id: 0x9eaa4fca, L:/127.0.0.1:60138 - R:localhost/127.0.0.1:64949]' for 'POST' to 'http://localhost:64949/session/d294cb3a30cab430e1bc72181bdbd78d/window'
12:31:22.043 [Forwarding switchToWindow on session d294cb3a30cab430e1bc72181bdbd78d to remote] DEBUG org.asynchttpclient.netty.request.NettyRequestSender - Using open Channel [id: 0x9eaa4fca, L:/127.0.0.1:60138 - R:localhost/127.0.0.1:64949] for POST '/session/d294cb3a30cab430e1bc72181bdbd78d/window'
12:31:22.049 [AsyncHttpClient-1-10] DEBUG org.asynchttpclient.netty.handler.HttpHandler - 

Request DefaultHttpRequest(decodeResult: success, version: HTTP/1.1)
POST /session/d294cb3a30cab430e1bc72181bdbd78d/window HTTP/1.1
User-Agent: selenium/4.4.0 (java windows)
Content-Length: 59
Content-Type: application/json; charset=utf-8
host: localhost:64949
accept: */*

Response DefaultHttpResponse(decodeResult: success, version: HTTP/1.1)
HTTP/1.1 200 OK
Content-Type: application/json; charset=utf-8
cache-control: no-cache
content-length: 14

12:31:22.050 [AsyncHttpClient-1-10] DEBUG org.asynchttpclient.netty.channel.ChannelManager - Adding key: http://localhost:64949 for channel [id: 0x9eaa4fca, L:/127.0.0.1:60138 - R:localhost/127.0.0.1:64949]
12:31:22.051 [Forwarding getCurrentUrl on session d294cb3a30cab430e1bc72181bdbd78d to remote] DEBUG org.asynchttpclient.netty.request.NettyRequestSender - Using pooled Channel '[id: 0x9eaa4fca, L:/127.0.0.1:60138 - R:localhost/127.0.0.1:64949]' for 'GET' to 'http://localhost:64949/session/d294cb3a30cab430e1bc72181bdbd78d/url'
12:31:22.051 [Forwarding getCurrentUrl on session d294cb3a30cab430e1bc72181bdbd78d to remote] DEBUG org.asynchttpclient.netty.request.NettyRequestSender - Using open Channel [id: 0x9eaa4fca, L:/127.0.0.1:60138 - R:localhost/127.0.0.1:64949] for GET '/session/d294cb3a30cab430e1bc72181bdbd78d/url'
12:31:22.056 [AsyncHttpClient-1-10] DEBUG org.asynchttpclient.netty.handler.HttpHandler - 

Request DefaultFullHttpRequest(decodeResult: success, version: HTTP/1.1, content: EmptyByteBufBE)
GET /session/d294cb3a30cab430e1bc72181bdbd78d/url HTTP/1.1
User-Agent: selenium/4.4.0 (java windows)
Cache-Control: no-cache
Content-Type: application/json; charset=utf-8
host: localhost:64949
accept: */*

Response DefaultHttpResponse(decodeResult: success, version: HTTP/1.1)
HTTP/1.1 200 OK
Content-Type: application/json; charset=utf-8
cache-control: no-cache
content-length: 38

12:31:22.056 [AsyncHttpClient-1-10] DEBUG org.asynchttpclient.netty.channel.ChannelManager - Adding key: http://localhost:64949 for channel [id: 0x9eaa4fca, L:/127.0.0.1:60138 - R:localhost/127.0.0.1:64949]
12:31:22.057 [Forwarding screenshot on session d294cb3a30cab430e1bc72181bdbd78d to remote] DEBUG org.asynchttpclient.netty.request.NettyRequestSender - Using pooled Channel '[id: 0x9eaa4fca, L:/127.0.0.1:60138 - R:localhost/127.0.0.1:64949]' for 'GET' to 'http://localhost:64949/session/d294cb3a30cab430e1bc72181bdbd78d/screenshot'
12:31:22.057 [Forwarding screenshot on session d294cb3a30cab430e1bc72181bdbd78d to remote] DEBUG org.asynchttpclient.netty.request.NettyRequestSender - Using open Channel [id: 0x9eaa4fca, L:/127.0.0.1:60138 - R:localhost/127.0.0.1:64949] for GET '/session/d294cb3a30cab430e1bc72181bdbd78d/screenshot'
12:31:22.156 [AsyncHttpClient-1-10] DEBUG org.asynchttpclient.netty.handler.HttpHandler - 

Request DefaultFullHttpRequest(decodeResult: success, version: HTTP/1.1, content: EmptyByteBufBE)
GET /session/d294cb3a30cab430e1bc72181bdbd78d/screenshot HTTP/1.1
User-Agent: selenium/4.4.0 (java windows)
Cache-Control: no-cache
Content-Type: application/json; charset=utf-8
host: localhost:64949
accept: */*

Response DefaultHttpResponse(decodeResult: success, version: HTTP/1.1)
HTTP/1.1 200 OK
Content-Type: application/json; charset=utf-8
cache-control: no-cache
content-length: 59108

12:31:22.156 [AsyncHttpClient-1-10] DEBUG org.asynchttpclient.netty.channel.ChannelManager - Adding key: http://localhost:64949 for channel [id: 0x9eaa4fca, L:/127.0.0.1:60138 - R:localhost/127.0.0.1:64949]
12:31:22.157 [Test worker] DEBUG net.serenitybdd.core.photography.Darkroom - Send negative for processing for C:\Users\juan.gomezv\IdeaProjects\sura\target\site\serenity\60e3c498caf7a8fcf635471a5092c247627e1395d91e12246eaf1a3e7a34e095.png
12:31:22.158 [Test worker] DEBUG net.thucydides.core.steps.StepInterceptor - STEP DONE: {0} opens the #targetPageName
12:31:22.165 [Test worker] DEBUG net.thucydides.core.steps.StepInterceptor - STEP DONE: {0} abre la aplicación
  ?[32mDado ?[0m?[32m?[0m?[32m?[1mAna?[0m?[32m quiere consultar articulos deportivos en la web de la marca Swag?[0m ?[90m# sura.stepDefinitions.LoginSteps.quiereConsultarArticulosDeportivosEnLaWebDeLaMarcaSwag(net.serenitybdd.screenplay.Actor)?[0m
12:31:22.181 [Forwarding getPageSource on session d294cb3a30cab430e1bc72181bdbd78d to remote] DEBUG org.asynchttpclient.netty.request.NettyRequestSender - Using pooled Channel '[id: 0x9eaa4fca, L:/127.0.0.1:60138 - R:localhost/127.0.0.1:64949]' for 'POST' to 'http://localhost:64949/session/d294cb3a30cab430e1bc72181bdbd78d/execute/sync'
12:31:22.181 [Forwarding getPageSource on session d294cb3a30cab430e1bc72181bdbd78d to remote] DEBUG org.asynchttpclient.netty.request.NettyRequestSender - Using open Channel [id: 0x9eaa4fca, L:/127.0.0.1:60138 - R:localhost/127.0.0.1:64949] for POST '/session/d294cb3a30cab430e1bc72181bdbd78d/execute/sync'
12:31:22.184 [AsyncHttpClient-1-10] DEBUG org.asynchttpclient.netty.handler.HttpHandler - 

Request DefaultHttpRequest(decodeResult: success, version: HTTP/1.1)
POST /session/d294cb3a30cab430e1bc72181bdbd78d/execute/sync HTTP/1.1
User-Agent: selenium/4.4.0 (java windows)
Content-Length: 176
Content-Type: application/json; charset=utf-8
host: localhost:64949
accept: */*

Response DefaultHttpResponse(decodeResult: success, version: HTTP/1.1)
HTTP/1.1 200 OK
Content-Type: application/json; charset=utf-8
cache-control: no-cache
content-length: 4160

12:31:22.184 [AsyncHttpClient-1-10] DEBUG org.asynchttpclient.netty.channel.ChannelManager - Adding key: http://localhost:64949 for channel [id: 0x9eaa4fca, L:/127.0.0.1:60138 - R:localhost/127.0.0.1:64949]
12:31:22.185 [Forwarding getCurrentUrl on session d294cb3a30cab430e1bc72181bdbd78d to remote] DEBUG org.asynchttpclient.netty.request.NettyRequestSender - Using pooled Channel '[id: 0x9eaa4fca, L:/127.0.0.1:60138 - R:localhost/127.0.0.1:64949]' for 'GET' to 'http://localhost:64949/session/d294cb3a30cab430e1bc72181bdbd78d/url'
12:31:22.185 [Forwarding getCurrentUrl on session d294cb3a30cab430e1bc72181bdbd78d to remote] DEBUG org.asynchttpclient.netty.request.NettyRequestSender - Using open Channel [id: 0x9eaa4fca, L:/127.0.0.1:60138 - R:localhost/127.0.0.1:64949] for GET '/session/d294cb3a30cab430e1bc72181bdbd78d/url'
12:31:22.189 [AsyncHttpClient-1-10] DEBUG org.asynchttpclient.netty.handler.HttpHandler - 

Request DefaultFullHttpRequest(decodeResult: success, version: HTTP/1.1, content: EmptyByteBufBE)
GET /session/d294cb3a30cab430e1bc72181bdbd78d/url HTTP/1.1
User-Agent: selenium/4.4.0 (java windows)
Cache-Control: no-cache
Content-Type: application/json; charset=utf-8
host: localhost:64949
accept: */*

Response DefaultHttpResponse(decodeResult: success, version: HTTP/1.1)
HTTP/1.1 200 OK
Content-Type: application/json; charset=utf-8
cache-control: no-cache
content-length: 38

12:31:22.189 [AsyncHttpClient-1-10] DEBUG org.asynchttpclient.netty.channel.ChannelManager - Adding key: http://localhost:64949 for channel [id: 0x9eaa4fca, L:/127.0.0.1:60138 - R:localhost/127.0.0.1:64949]
12:31:22.203 [Forwarding getPageSource on session d294cb3a30cab430e1bc72181bdbd78d to remote] DEBUG org.asynchttpclient.netty.request.NettyRequestSender - Using pooled Channel '[id: 0x9eaa4fca, L:/127.0.0.1:60138 - R:localhost/127.0.0.1:64949]' for 'POST' to 'http://localhost:64949/session/d294cb3a30cab430e1bc72181bdbd78d/execute/sync'
12:31:22.203 [Forwarding getPageSource on session d294cb3a30cab430e1bc72181bdbd78d to remote] DEBUG org.asynchttpclient.netty.request.NettyRequestSender - Using open Channel [id: 0x9eaa4fca, L:/127.0.0.1:60138 - R:localhost/127.0.0.1:64949] for POST '/session/d294cb3a30cab430e1bc72181bdbd78d/execute/sync'
12:31:22.208 [AsyncHttpClient-1-10] DEBUG org.asynchttpclient.netty.handler.HttpHandler - 

Request DefaultHttpRequest(decodeResult: success, version: HTTP/1.1)
POST /session/d294cb3a30cab430e1bc72181bdbd78d/execute/sync HTTP/1.1
User-Agent: selenium/4.4.0 (java windows)
Content-Length: 176
Content-Type: application/json; charset=utf-8
host: localhost:64949
accept: */*

Response DefaultHttpResponse(decodeResult: success, version: HTTP/1.1)
HTTP/1.1 200 OK
Content-Type: application/json; charset=utf-8
cache-control: no-cache
content-length: 4160

12:31:22.208 [AsyncHttpClient-1-10] DEBUG org.asynchttpclient.netty.channel.ChannelManager - Adding key: http://localhost:64949 for channel [id: 0x9eaa4fca, L:/127.0.0.1:60138 - R:localhost/127.0.0.1:64949]
12:31:22.209 [Forwarding getCurrentUrl on session d294cb3a30cab430e1bc72181bdbd78d to remote] DEBUG org.asynchttpclient.netty.request.NettyRequestSender - Using pooled Channel '[id: 0x9eaa4fca, L:/127.0.0.1:60138 - R:localhost/127.0.0.1:64949]' for 'GET' to 'http://localhost:64949/session/d294cb3a30cab430e1bc72181bdbd78d/url'
12:31:22.209 [Forwarding getCurrentUrl on session d294cb3a30cab430e1bc72181bdbd78d to remote] DEBUG org.asynchttpclient.netty.request.NettyRequestSender - Using open Channel [id: 0x9eaa4fca, L:/127.0.0.1:60138 - R:localhost/127.0.0.1:64949] for GET '/session/d294cb3a30cab430e1bc72181bdbd78d/url'
12:31:22.213 [AsyncHttpClient-1-10] DEBUG org.asynchttpclient.netty.handler.HttpHandler - 

Request DefaultFullHttpRequest(decodeResult: success, version: HTTP/1.1, content: EmptyByteBufBE)
GET /session/d294cb3a30cab430e1bc72181bdbd78d/url HTTP/1.1
User-Agent: selenium/4.4.0 (java windows)
Cache-Control: no-cache
Content-Type: application/json; charset=utf-8
host: localhost:64949
accept: */*

Response DefaultHttpResponse(decodeResult: success, version: HTTP/1.1)
HTTP/1.1 200 OK
Content-Type: application/json; charset=utf-8
cache-control: no-cache
content-length: 38

12:31:22.213 [AsyncHttpClient-1-10] DEBUG org.asynchttpclient.netty.channel.ChannelManager - Adding key: http://localhost:64949 for channel [id: 0x9eaa4fca, L:/127.0.0.1:60138 - R:localhost/127.0.0.1:64949]
12:31:22.215 [Test worker] DEBUG net.thucydides.core.steps.StepInterceptor - STARTING STEP: LoginSteps.elSeAutenticaComoUnUsuario - performAs
12:31:22.232 [Forwarding getCurrentWindowHandle on session d294cb3a30cab430e1bc72181bdbd78d to remote] DEBUG org.asynchttpclient.netty.request.NettyRequestSender - Using pooled Channel '[id: 0x9eaa4fca, L:/127.0.0.1:60138 - R:localhost/127.0.0.1:64949]' for 'GET' to 'http://localhost:64949/session/d294cb3a30cab430e1bc72181bdbd78d/window'
12:31:22.232 [Forwarding getCurrentWindowHandle on session d294cb3a30cab430e1bc72181bdbd78d to remote] DEBUG org.asynchttpclient.netty.request.NettyRequestSender - Using open Channel [id: 0x9eaa4fca, L:/127.0.0.1:60138 - R:localhost/127.0.0.1:64949] for GET '/session/d294cb3a30cab430e1bc72181bdbd78d/window'
12:31:22.233 [AsyncHttpClient-1-10] DEBUG org.asynchttpclient.netty.handler.HttpHandler - 

Request DefaultFullHttpRequest(decodeResult: success, version: HTTP/1.1, content: EmptyByteBufBE)
GET /session/d294cb3a30cab430e1bc72181bdbd78d/window HTTP/1.1
User-Agent: selenium/4.4.0 (java windows)
Cache-Control: no-cache
Content-Type: application/json; charset=utf-8
host: localhost:64949
accept: */*

Response DefaultHttpResponse(decodeResult: success, version: HTTP/1.1)
HTTP/1.1 200 OK
Content-Type: application/json; charset=utf-8
cache-control: no-cache
content-length: 53

12:31:22.233 [AsyncHttpClient-1-10] DEBUG org.asynchttpclient.netty.channel.ChannelManager - Adding key: http://localhost:64949 for channel [id: 0x9eaa4fca, L:/127.0.0.1:60138 - R:localhost/127.0.0.1:64949]
12:31:22.236 [Forwarding getAlertText on session d294cb3a30cab430e1bc72181bdbd78d to remote] DEBUG org.asynchttpclient.netty.request.NettyRequestSender - Using pooled Channel '[id: 0x9eaa4fca, L:/127.0.0.1:60138 - R:localhost/127.0.0.1:64949]' for 'GET' to 'http://localhost:64949/session/d294cb3a30cab430e1bc72181bdbd78d/alert/text'
12:31:22.236 [Forwarding getAlertText on session d294cb3a30cab430e1bc72181bdbd78d to remote] DEBUG org.asynchttpclient.netty.request.NettyRequestSender - Using open Channel [id: 0x9eaa4fca, L:/127.0.0.1:60138 - R:localhost/127.0.0.1:64949] for GET '/session/d294cb3a30cab430e1bc72181bdbd78d/alert/text'
12:31:22.238 [AsyncHttpClient-1-10] DEBUG org.asynchttpclient.netty.handler.HttpHandler - 

Request DefaultFullHttpRequest(decodeResult: success, version: HTTP/1.1, content: EmptyByteBufBE)
GET /session/d294cb3a30cab430e1bc72181bdbd78d/alert/text HTTP/1.1
User-Agent: selenium/4.4.0 (java windows)
Cache-Control: no-cache
Content-Type: application/json; charset=utf-8
host: localhost:64949
accept: */*

Response DefaultHttpResponse(decodeResult: success, version: HTTP/1.1)
HTTP/1.1 404 Not Found
Content-Type: application/json; charset=utf-8
cache-control: no-cache
content-length: 879

12:31:22.238 [AsyncHttpClient-1-10] DEBUG org.asynchttpclient.netty.channel.ChannelManager - Adding key: http://localhost:64949 for channel [id: 0x9eaa4fca, L:/127.0.0.1:60138 - R:localhost/127.0.0.1:64949]
12:31:22.241 [Forwarding switchToWindow on session d294cb3a30cab430e1bc72181bdbd78d to remote] DEBUG org.asynchttpclient.netty.request.NettyRequestSender - Using pooled Channel '[id: 0x9eaa4fca, L:/127.0.0.1:60138 - R:localhost/127.0.0.1:64949]' for 'POST' to 'http://localhost:64949/session/d294cb3a30cab430e1bc72181bdbd78d/window'
12:31:22.241 [Forwarding switchToWindow on session d294cb3a30cab430e1bc72181bdbd78d to remote] DEBUG org.asynchttpclient.netty.request.NettyRequestSender - Using open Channel [id: 0x9eaa4fca, L:/127.0.0.1:60138 - R:localhost/127.0.0.1:64949] for POST '/session/d294cb3a30cab430e1bc72181bdbd78d/window'
12:31:22.245 [AsyncHttpClient-1-10] DEBUG org.asynchttpclient.netty.handler.HttpHandler - 

Request DefaultHttpRequest(decodeResult: success, version: HTTP/1.1)
POST /session/d294cb3a30cab430e1bc72181bdbd78d/window HTTP/1.1
User-Agent: selenium/4.4.0 (java windows)
Content-Length: 59
Content-Type: application/json; charset=utf-8
host: localhost:64949
accept: */*

Response DefaultHttpResponse(decodeResult: success, version: HTTP/1.1)
HTTP/1.1 200 OK
Content-Type: application/json; charset=utf-8
cache-control: no-cache
content-length: 14

12:31:22.245 [AsyncHttpClient-1-10] DEBUG org.asynchttpclient.netty.channel.ChannelManager - Adding key: http://localhost:64949 for channel [id: 0x9eaa4fca, L:/127.0.0.1:60138 - R:localhost/127.0.0.1:64949]
12:31:22.246 [Forwarding getCurrentUrl on session d294cb3a30cab430e1bc72181bdbd78d to remote] DEBUG org.asynchttpclient.netty.request.NettyRequestSender - Using pooled Channel '[id: 0x9eaa4fca, L:/127.0.0.1:60138 - R:localhost/127.0.0.1:64949]' for 'GET' to 'http://localhost:64949/session/d294cb3a30cab430e1bc72181bdbd78d/url'
12:31:22.246 [Forwarding getCurrentUrl on session d294cb3a30cab430e1bc72181bdbd78d to remote] DEBUG org.asynchttpclient.netty.request.NettyRequestSender - Using open Channel [id: 0x9eaa4fca, L:/127.0.0.1:60138 - R:localhost/127.0.0.1:64949] for GET '/session/d294cb3a30cab430e1bc72181bdbd78d/url'
12:31:22.251 [AsyncHttpClient-1-10] DEBUG org.asynchttpclient.netty.handler.HttpHandler - 

Request DefaultFullHttpRequest(decodeResult: success, version: HTTP/1.1, content: EmptyByteBufBE)
GET /session/d294cb3a30cab430e1bc72181bdbd78d/url HTTP/1.1
User-Agent: selenium/4.4.0 (java windows)
Cache-Control: no-cache
Content-Type: application/json; charset=utf-8
host: localhost:64949
accept: */*

Response DefaultHttpResponse(decodeResult: success, version: HTTP/1.1)
HTTP/1.1 200 OK
Content-Type: application/json; charset=utf-8
cache-control: no-cache
content-length: 38

12:31:22.252 [AsyncHttpClient-1-10] DEBUG org.asynchttpclient.netty.channel.ChannelManager - Adding key: http://localhost:64949 for channel [id: 0x9eaa4fca, L:/127.0.0.1:60138 - R:localhost/127.0.0.1:64949]
12:31:22.253 [Forwarding screenshot on session d294cb3a30cab430e1bc72181bdbd78d to remote] DEBUG org.asynchttpclient.netty.request.NettyRequestSender - Using pooled Channel '[id: 0x9eaa4fca, L:/127.0.0.1:60138 - R:localhost/127.0.0.1:64949]' for 'GET' to 'http://localhost:64949/session/d294cb3a30cab430e1bc72181bdbd78d/screenshot'
12:31:22.253 [Forwarding screenshot on session d294cb3a30cab430e1bc72181bdbd78d to remote] DEBUG org.asynchttpclient.netty.request.NettyRequestSender - Using open Channel [id: 0x9eaa4fca, L:/127.0.0.1:60138 - R:localhost/127.0.0.1:64949] for GET '/session/d294cb3a30cab430e1bc72181bdbd78d/screenshot'
12:31:22.318 [AsyncHttpClient-1-10] DEBUG org.asynchttpclient.netty.handler.HttpHandler - 

Request DefaultFullHttpRequest(decodeResult: success, version: HTTP/1.1, content: EmptyByteBufBE)
GET /session/d294cb3a30cab430e1bc72181bdbd78d/screenshot HTTP/1.1
User-Agent: selenium/4.4.0 (java windows)
Cache-Control: no-cache
Content-Type: application/json; charset=utf-8
host: localhost:64949
accept: */*

Response DefaultHttpResponse(decodeResult: success, version: HTTP/1.1)
HTTP/1.1 200 OK
Content-Type: application/json; charset=utf-8
cache-control: no-cache
content-length: 59108

12:31:22.318 [AsyncHttpClient-1-10] DEBUG org.asynchttpclient.netty.channel.ChannelManager - Adding key: http://localhost:64949 for channel [id: 0x9eaa4fca, L:/127.0.0.1:60138 - R:localhost/127.0.0.1:64949]
12:31:22.319 [Test worker] DEBUG net.serenitybdd.core.photography.Darkroom - Send negative for processing for C:\Users\juan.gomezv\IdeaProjects\sura\target\site\serenity\60e3c498caf7a8fcf635471a5092c247627e1395d91e12246eaf1a3e7a34e095.png
12:31:22.322 [Forwarding getPageSource on session d294cb3a30cab430e1bc72181bdbd78d to remote] DEBUG org.asynchttpclient.netty.request.NettyRequestSender - Using pooled Channel '[id: 0x9eaa4fca, L:/127.0.0.1:60138 - R:localhost/127.0.0.1:64949]' for 'POST' to 'http://localhost:64949/session/d294cb3a30cab430e1bc72181bdbd78d/execute/sync'
12:31:22.322 [Forwarding getPageSource on session d294cb3a30cab430e1bc72181bdbd78d to remote] DEBUG org.asynchttpclient.netty.request.NettyRequestSender - Using open Channel [id: 0x9eaa4fca, L:/127.0.0.1:60138 - R:localhost/127.0.0.1:64949] for POST '/session/d294cb3a30cab430e1bc72181bdbd78d/execute/sync'
12:31:22.326 [AsyncHttpClient-1-10] DEBUG org.asynchttpclient.netty.handler.HttpHandler - 

Request DefaultHttpRequest(decodeResult: success, version: HTTP/1.1)
POST /session/d294cb3a30cab430e1bc72181bdbd78d/execute/sync HTTP/1.1
User-Agent: selenium/4.4.0 (java windows)
Content-Length: 176
Content-Type: application/json; charset=utf-8
host: localhost:64949
accept: */*

Response DefaultHttpResponse(decodeResult: success, version: HTTP/1.1)
HTTP/1.1 200 OK
Content-Type: application/json; charset=utf-8
cache-control: no-cache
content-length: 4160

12:31:22.327 [AsyncHttpClient-1-10] DEBUG org.asynchttpclient.netty.channel.ChannelManager - Adding key: http://localhost:64949 for channel [id: 0x9eaa4fca, L:/127.0.0.1:60138 - R:localhost/127.0.0.1:64949]
12:31:22.327 [Forwarding getCurrentUrl on session d294cb3a30cab430e1bc72181bdbd78d to remote] DEBUG org.asynchttpclient.netty.request.NettyRequestSender - Using pooled Channel '[id: 0x9eaa4fca, L:/127.0.0.1:60138 - R:localhost/127.0.0.1:64949]' for 'GET' to 'http://localhost:64949/session/d294cb3a30cab430e1bc72181bdbd78d/url'
12:31:22.328 [Forwarding getCurrentUrl on session d294cb3a30cab430e1bc72181bdbd78d to remote] DEBUG org.asynchttpclient.netty.request.NettyRequestSender - Using open Channel [id: 0x9eaa4fca, L:/127.0.0.1:60138 - R:localhost/127.0.0.1:64949] for GET '/session/d294cb3a30cab430e1bc72181bdbd78d/url'
12:31:22.331 [AsyncHttpClient-1-10] DEBUG org.asynchttpclient.netty.handler.HttpHandler - 

Request DefaultFullHttpRequest(decodeResult: success, version: HTTP/1.1, content: EmptyByteBufBE)
GET /session/d294cb3a30cab430e1bc72181bdbd78d/url HTTP/1.1
User-Agent: selenium/4.4.0 (java windows)
Cache-Control: no-cache
Content-Type: application/json; charset=utf-8
host: localhost:64949
accept: */*

Response DefaultHttpResponse(decodeResult: success, version: HTTP/1.1)
HTTP/1.1 200 OK
Content-Type: application/json; charset=utf-8
cache-control: no-cache
content-length: 38

12:31:22.331 [AsyncHttpClient-1-10] DEBUG org.asynchttpclient.netty.channel.ChannelManager - Adding key: http://localhost:64949 for channel [id: 0x9eaa4fca, L:/127.0.0.1:60138 - R:localhost/127.0.0.1:64949]
12:31:22.333 [Test worker] DEBUG net.thucydides.core.steps.StepInterceptor - STARTING STEP: LogIn.performAs - {0} enters #theTextAsAString into #target
12:31:22.339 [Test worker] DEBUG net.serenitybdd.screenplay.targets.IFrameSwitcher - default content already selected for usernameTextBox
12:31:22.357 [Forwarding findElement on session d294cb3a30cab430e1bc72181bdbd78d to remote] DEBUG org.asynchttpclient.netty.request.NettyRequestSender - Using pooled Channel '[id: 0x9eaa4fca, L:/127.0.0.1:60138 - R:localhost/127.0.0.1:64949]' for 'POST' to 'http://localhost:64949/session/d294cb3a30cab430e1bc72181bdbd78d/element'
12:31:22.357 [Forwarding findElement on session d294cb3a30cab430e1bc72181bdbd78d to remote] DEBUG org.asynchttpclient.netty.request.NettyRequestSender - Using open Channel [id: 0x9eaa4fca, L:/127.0.0.1:60138 - R:localhost/127.0.0.1:64949] for POST '/session/d294cb3a30cab430e1bc72181bdbd78d/element'
12:31:22.368 [AsyncHttpClient-1-10] DEBUG org.asynchttpclient.netty.handler.HttpHandler - 

Request DefaultHttpRequest(decodeResult: success, version: HTTP/1.1)
POST /session/d294cb3a30cab430e1bc72181bdbd78d/element HTTP/1.1
User-Agent: selenium/4.4.0 (java windows)
Content-Length: 67
Content-Type: application/json; charset=utf-8
host: localhost:64949
accept: */*

Response DefaultHttpResponse(decodeResult: success, version: HTTP/1.1)
HTTP/1.1 200 OK
Content-Type: application/json; charset=utf-8
cache-control: no-cache
content-length: 88

12:31:22.368 [AsyncHttpClient-1-10] DEBUG org.asynchttpclient.netty.channel.ChannelManager - Adding key: http://localhost:64949 for channel [id: 0x9eaa4fca, L:/127.0.0.1:60138 - R:localhost/127.0.0.1:64949]
12:31:22.369 [Forwarding clearElement on session d294cb3a30cab430e1bc72181bdbd78d to remote] DEBUG org.asynchttpclient.netty.request.NettyRequestSender - Using pooled Channel '[id: 0x9eaa4fca, L:/127.0.0.1:60138 - R:localhost/127.0.0.1:64949]' for 'POST' to 'http://localhost:64949/session/d294cb3a30cab430e1bc72181bdbd78d/element/e7c9a138-814a-40bd-8d4b-5bfdb507d652/clear'
12:31:22.369 [Forwarding clearElement on session d294cb3a30cab430e1bc72181bdbd78d to remote] DEBUG org.asynchttpclient.netty.request.NettyRequestSender - Using open Channel [id: 0x9eaa4fca, L:/127.0.0.1:60138 - R:localhost/127.0.0.1:64949] for POST '/session/d294cb3a30cab430e1bc72181bdbd78d/element/e7c9a138-814a-40bd-8d4b-5bfdb507d652/clear'
12:31:22.394 [AsyncHttpClient-1-10] DEBUG org.asynchttpclient.netty.handler.HttpHandler - 

Request DefaultHttpRequest(decodeResult: success, version: HTTP/1.1)
POST /session/d294cb3a30cab430e1bc72181bdbd78d/element/e7c9a138-814a-40bd-8d4b-5bfdb507d652/clear HTTP/1.1
User-Agent: selenium/4.4.0 (java windows)
Content-Length: 50
Content-Type: application/json; charset=utf-8
host: localhost:64949
accept: */*

Response DefaultHttpResponse(decodeResult: success, version: HTTP/1.1)
HTTP/1.1 200 OK
Content-Type: application/json; charset=utf-8
cache-control: no-cache
content-length: 14

12:31:22.394 [AsyncHttpClient-1-10] DEBUG org.asynchttpclient.netty.channel.ChannelManager - Adding key: http://localhost:64949 for channel [id: 0x9eaa4fca, L:/127.0.0.1:60138 - R:localhost/127.0.0.1:64949]
12:31:22.397 [Forwarding sendKeysToElement on session d294cb3a30cab430e1bc72181bdbd78d to remote] DEBUG org.asynchttpclient.netty.request.NettyRequestSender - Using pooled Channel '[id: 0x9eaa4fca, L:/127.0.0.1:60138 - R:localhost/127.0.0.1:64949]' for 'POST' to 'http://localhost:64949/session/d294cb3a30cab430e1bc72181bdbd78d/element/e7c9a138-814a-40bd-8d4b-5bfdb507d652/value'
12:31:22.397 [Forwarding sendKeysToElement on session d294cb3a30cab430e1bc72181bdbd78d to remote] DEBUG org.asynchttpclient.netty.request.NettyRequestSender - Using open Channel [id: 0x9eaa4fca, L:/127.0.0.1:60138 - R:localhost/127.0.0.1:64949] for POST '/session/d294cb3a30cab430e1bc72181bdbd78d/element/e7c9a138-814a-40bd-8d4b-5bfdb507d652/value'
12:31:22.451 [AsyncHttpClient-1-10] DEBUG org.asynchttpclient.netty.handler.HttpHandler - 

Request DefaultHttpRequest(decodeResult: success, version: HTTP/1.1)
POST /session/d294cb3a30cab430e1bc72181bdbd78d/element/e7c9a138-814a-40bd-8d4b-5bfdb507d652/value HTTP/1.1
User-Agent: selenium/4.4.0 (java windows)
Content-Length: 211
Content-Type: application/json; charset=utf-8
host: localhost:64949
accept: */*

Response DefaultHttpResponse(decodeResult: success, version: HTTP/1.1)
HTTP/1.1 200 OK
Content-Type: application/json; charset=utf-8
cache-control: no-cache
content-length: 14

12:31:22.451 [AsyncHttpClient-1-10] DEBUG org.asynchttpclient.netty.channel.ChannelManager - Adding key: http://localhost:64949 for channel [id: 0x9eaa4fca, L:/127.0.0.1:60138 - R:localhost/127.0.0.1:64949]
12:31:22.464 [Forwarding getCurrentWindowHandle on session d294cb3a30cab430e1bc72181bdbd78d to remote] DEBUG org.asynchttpclient.netty.request.NettyRequestSender - Using pooled Channel '[id: 0x9eaa4fca, L:/127.0.0.1:60138 - R:localhost/127.0.0.1:64949]' for 'GET' to 'http://localhost:64949/session/d294cb3a30cab430e1bc72181bdbd78d/window'
12:31:22.464 [Forwarding getCurrentWindowHandle on session d294cb3a30cab430e1bc72181bdbd78d to remote] DEBUG org.asynchttpclient.netty.request.NettyRequestSender - Using open Channel [id: 0x9eaa4fca, L:/127.0.0.1:60138 - R:localhost/127.0.0.1:64949] for GET '/session/d294cb3a30cab430e1bc72181bdbd78d/window'
12:31:22.465 [AsyncHttpClient-1-10] DEBUG org.asynchttpclient.netty.handler.HttpHandler - 

Request DefaultFullHttpRequest(decodeResult: success, version: HTTP/1.1, content: EmptyByteBufBE)
GET /session/d294cb3a30cab430e1bc72181bdbd78d/window HTTP/1.1
User-Agent: selenium/4.4.0 (java windows)
Cache-Control: no-cache
Content-Type: application/json; charset=utf-8
host: localhost:64949
accept: */*

Response DefaultHttpResponse(decodeResult: success, version: HTTP/1.1)
HTTP/1.1 200 OK
Content-Type: application/json; charset=utf-8
cache-control: no-cache
content-length: 53

12:31:22.465 [AsyncHttpClient-1-10] DEBUG org.asynchttpclient.netty.channel.ChannelManager - Adding key: http://localhost:64949 for channel [id: 0x9eaa4fca, L:/127.0.0.1:60138 - R:localhost/127.0.0.1:64949]
12:31:22.469 [Forwarding getAlertText on session d294cb3a30cab430e1bc72181bdbd78d to remote] DEBUG org.asynchttpclient.netty.request.NettyRequestSender - Using pooled Channel '[id: 0x9eaa4fca, L:/127.0.0.1:60138 - R:localhost/127.0.0.1:64949]' for 'GET' to 'http://localhost:64949/session/d294cb3a30cab430e1bc72181bdbd78d/alert/text'
12:31:22.469 [Forwarding getAlertText on session d294cb3a30cab430e1bc72181bdbd78d to remote] DEBUG org.asynchttpclient.netty.request.NettyRequestSender - Using open Channel [id: 0x9eaa4fca, L:/127.0.0.1:60138 - R:localhost/127.0.0.1:64949] for GET '/session/d294cb3a30cab430e1bc72181bdbd78d/alert/text'
12:31:22.472 [AsyncHttpClient-1-10] DEBUG org.asynchttpclient.netty.handler.HttpHandler - 

Request DefaultFullHttpRequest(decodeResult: success, version: HTTP/1.1, content: EmptyByteBufBE)
GET /session/d294cb3a30cab430e1bc72181bdbd78d/alert/text HTTP/1.1
User-Agent: selenium/4.4.0 (java windows)
Cache-Control: no-cache
Content-Type: application/json; charset=utf-8
host: localhost:64949
accept: */*

Response DefaultHttpResponse(decodeResult: success, version: HTTP/1.1)
HTTP/1.1 404 Not Found
Content-Type: application/json; charset=utf-8
cache-control: no-cache
content-length: 879

12:31:22.472 [AsyncHttpClient-1-10] DEBUG org.asynchttpclient.netty.channel.ChannelManager - Adding key: http://localhost:64949 for channel [id: 0x9eaa4fca, L:/127.0.0.1:60138 - R:localhost/127.0.0.1:64949]
12:31:22.475 [Forwarding switchToWindow on session d294cb3a30cab430e1bc72181bdbd78d to remote] DEBUG org.asynchttpclient.netty.request.NettyRequestSender - Using pooled Channel '[id: 0x9eaa4fca, L:/127.0.0.1:60138 - R:localhost/127.0.0.1:64949]' for 'POST' to 'http://localhost:64949/session/d294cb3a30cab430e1bc72181bdbd78d/window'
12:31:22.475 [Forwarding switchToWindow on session d294cb3a30cab430e1bc72181bdbd78d to remote] DEBUG org.asynchttpclient.netty.request.NettyRequestSender - Using open Channel [id: 0x9eaa4fca, L:/127.0.0.1:60138 - R:localhost/127.0.0.1:64949] for POST '/session/d294cb3a30cab430e1bc72181bdbd78d/window'
12:31:22.478 [AsyncHttpClient-1-10] DEBUG org.asynchttpclient.netty.handler.HttpHandler - 

Request DefaultHttpRequest(decodeResult: success, version: HTTP/1.1)
POST /session/d294cb3a30cab430e1bc72181bdbd78d/window HTTP/1.1
User-Agent: selenium/4.4.0 (java windows)
Content-Length: 59
Content-Type: application/json; charset=utf-8
host: localhost:64949
accept: */*

Response DefaultHttpResponse(decodeResult: success, version: HTTP/1.1)
HTTP/1.1 200 OK
Content-Type: application/json; charset=utf-8
cache-control: no-cache
content-length: 14

12:31:22.478 [AsyncHttpClient-1-10] DEBUG org.asynchttpclient.netty.channel.ChannelManager - Adding key: http://localhost:64949 for channel [id: 0x9eaa4fca, L:/127.0.0.1:60138 - R:localhost/127.0.0.1:64949]
12:31:22.479 [Forwarding getCurrentUrl on session d294cb3a30cab430e1bc72181bdbd78d to remote] DEBUG org.asynchttpclient.netty.request.NettyRequestSender - Using pooled Channel '[id: 0x9eaa4fca, L:/127.0.0.1:60138 - R:localhost/127.0.0.1:64949]' for 'GET' to 'http://localhost:64949/session/d294cb3a30cab430e1bc72181bdbd78d/url'
12:31:22.479 [Forwarding getCurrentUrl on session d294cb3a30cab430e1bc72181bdbd78d to remote] DEBUG org.asynchttpclient.netty.request.NettyRequestSender - Using open Channel [id: 0x9eaa4fca, L:/127.0.0.1:60138 - R:localhost/127.0.0.1:64949] for GET '/session/d294cb3a30cab430e1bc72181bdbd78d/url'
12:31:22.482 [AsyncHttpClient-1-10] DEBUG org.asynchttpclient.netty.handler.HttpHandler - 

Request DefaultFullHttpRequest(decodeResult: success, version: HTTP/1.1, content: EmptyByteBufBE)
GET /session/d294cb3a30cab430e1bc72181bdbd78d/url HTTP/1.1
User-Agent: selenium/4.4.0 (java windows)
Cache-Control: no-cache
Content-Type: application/json; charset=utf-8
host: localhost:64949
accept: */*

Response DefaultHttpResponse(decodeResult: success, version: HTTP/1.1)
HTTP/1.1 200 OK
Content-Type: application/json; charset=utf-8
cache-control: no-cache
content-length: 38

12:31:22.482 [AsyncHttpClient-1-10] DEBUG org.asynchttpclient.netty.channel.ChannelManager - Adding key: http://localhost:64949 for channel [id: 0x9eaa4fca, L:/127.0.0.1:60138 - R:localhost/127.0.0.1:64949]
12:31:22.482 [Forwarding screenshot on session d294cb3a30cab430e1bc72181bdbd78d to remote] DEBUG org.asynchttpclient.netty.request.NettyRequestSender - Using pooled Channel '[id: 0x9eaa4fca, L:/127.0.0.1:60138 - R:localhost/127.0.0.1:64949]' for 'GET' to 'http://localhost:64949/session/d294cb3a30cab430e1bc72181bdbd78d/screenshot'
12:31:22.482 [Forwarding screenshot on session d294cb3a30cab430e1bc72181bdbd78d to remote] DEBUG org.asynchttpclient.netty.request.NettyRequestSender - Using open Channel [id: 0x9eaa4fca, L:/127.0.0.1:60138 - R:localhost/127.0.0.1:64949] for GET '/session/d294cb3a30cab430e1bc72181bdbd78d/screenshot'
12:31:22.570 [AsyncHttpClient-1-10] DEBUG org.asynchttpclient.netty.handler.HttpHandler - 

Request DefaultFullHttpRequest(decodeResult: success, version: HTTP/1.1, content: EmptyByteBufBE)
GET /session/d294cb3a30cab430e1bc72181bdbd78d/screenshot HTTP/1.1
User-Agent: selenium/4.4.0 (java windows)
Cache-Control: no-cache
Content-Type: application/json; charset=utf-8
host: localhost:64949
accept: */*

Response DefaultHttpResponse(decodeResult: success, version: HTTP/1.1)
HTTP/1.1 200 OK
Content-Type: application/json; charset=utf-8
cache-control: no-cache
content-length: 59812

12:31:22.571 [AsyncHttpClient-1-10] DEBUG org.asynchttpclient.netty.channel.ChannelManager - Adding key: http://localhost:64949 for channel [id: 0x9eaa4fca, L:/127.0.0.1:60138 - R:localhost/127.0.0.1:64949]
12:31:22.572 [Test worker] DEBUG net.serenitybdd.core.photography.Darkroom - Send negative for processing for C:\Users\juan.gomezv\IdeaProjects\sura\target\site\serenity\cb904724c11cb1c402bbd44fd4c83dd8993b3b1bfb579cc518ee5232028dbf9b.png
12:31:22.572 [Test worker] DEBUG net.thucydides.core.steps.StepInterceptor - STEP DONE: {0} enters #theTextAsAString into #target
12:31:22.580 [Forwarding getPageSource on session d294cb3a30cab430e1bc72181bdbd78d to remote] DEBUG org.asynchttpclient.netty.request.NettyRequestSender - Using pooled Channel '[id: 0x9eaa4fca, L:/127.0.0.1:60138 - R:localhost/127.0.0.1:64949]' for 'POST' to 'http://localhost:64949/session/d294cb3a30cab430e1bc72181bdbd78d/execute/sync'
12:31:22.580 [Forwarding getPageSource on session d294cb3a30cab430e1bc72181bdbd78d to remote] DEBUG org.asynchttpclient.netty.request.NettyRequestSender - Using open Channel [id: 0x9eaa4fca, L:/127.0.0.1:60138 - R:localhost/127.0.0.1:64949] for POST '/session/d294cb3a30cab430e1bc72181bdbd78d/execute/sync'
12:31:22.585 [AsyncHttpClient-1-10] DEBUG org.asynchttpclient.netty.handler.HttpHandler - 

Request DefaultHttpRequest(decodeResult: success, version: HTTP/1.1)
POST /session/d294cb3a30cab430e1bc72181bdbd78d/execute/sync HTTP/1.1
User-Agent: selenium/4.4.0 (java windows)
Content-Length: 176
Content-Type: application/json; charset=utf-8
host: localhost:64949
accept: */*

Response DefaultHttpResponse(decodeResult: success, version: HTTP/1.1)
HTTP/1.1 200 OK
Content-Type: application/json; charset=utf-8
cache-control: no-cache
content-length: 4173

12:31:22.585 [AsyncHttpClient-1-10] DEBUG org.asynchttpclient.netty.channel.ChannelManager - Adding key: http://localhost:64949 for channel [id: 0x9eaa4fca, L:/127.0.0.1:60138 - R:localhost/127.0.0.1:64949]
12:31:22.587 [Forwarding getCurrentUrl on session d294cb3a30cab430e1bc72181bdbd78d to remote] DEBUG org.asynchttpclient.netty.request.NettyRequestSender - Using pooled Channel '[id: 0x9eaa4fca, L:/127.0.0.1:60138 - R:localhost/127.0.0.1:64949]' for 'GET' to 'http://localhost:64949/session/d294cb3a30cab430e1bc72181bdbd78d/url'
12:31:22.587 [Forwarding getCurrentUrl on session d294cb3a30cab430e1bc72181bdbd78d to remote] DEBUG org.asynchttpclient.netty.request.NettyRequestSender - Using open Channel [id: 0x9eaa4fca, L:/127.0.0.1:60138 - R:localhost/127.0.0.1:64949] for GET '/session/d294cb3a30cab430e1bc72181bdbd78d/url'
12:31:22.591 [AsyncHttpClient-1-10] DEBUG org.asynchttpclient.netty.handler.HttpHandler - 

Request DefaultFullHttpRequest(decodeResult: success, version: HTTP/1.1, content: EmptyByteBufBE)
GET /session/d294cb3a30cab430e1bc72181bdbd78d/url HTTP/1.1
User-Agent: selenium/4.4.0 (java windows)
Cache-Control: no-cache
Content-Type: application/json; charset=utf-8
host: localhost:64949
accept: */*

Response DefaultHttpResponse(decodeResult: success, version: HTTP/1.1)
HTTP/1.1 200 OK
Content-Type: application/json; charset=utf-8
cache-control: no-cache
content-length: 38

12:31:22.591 [AsyncHttpClient-1-10] DEBUG org.asynchttpclient.netty.channel.ChannelManager - Adding key: http://localhost:64949 for channel [id: 0x9eaa4fca, L:/127.0.0.1:60138 - R:localhost/127.0.0.1:64949]
12:31:22.592 [Test worker] DEBUG net.thucydides.core.steps.StepInterceptor - STARTING STEP: LogIn.performAs - {0} enters #theTextAsAString into #target
12:31:22.595 [Test worker] DEBUG net.serenitybdd.screenplay.targets.IFrameSwitcher - default content already selected for passwordTextBox
12:31:22.603 [Forwarding findElement on session d294cb3a30cab430e1bc72181bdbd78d to remote] DEBUG org.asynchttpclient.netty.request.NettyRequestSender - Using pooled Channel '[id: 0x9eaa4fca, L:/127.0.0.1:60138 - R:localhost/127.0.0.1:64949]' for 'POST' to 'http://localhost:64949/session/d294cb3a30cab430e1bc72181bdbd78d/element'
12:31:22.603 [Forwarding findElement on session d294cb3a30cab430e1bc72181bdbd78d to remote] DEBUG org.asynchttpclient.netty.request.NettyRequestSender - Using open Channel [id: 0x9eaa4fca, L:/127.0.0.1:60138 - R:localhost/127.0.0.1:64949] for POST '/session/d294cb3a30cab430e1bc72181bdbd78d/element'
12:31:22.612 [AsyncHttpClient-1-10] DEBUG org.asynchttpclient.netty.handler.HttpHandler - 

Request DefaultHttpRequest(decodeResult: success, version: HTTP/1.1)
POST /session/d294cb3a30cab430e1bc72181bdbd78d/element HTTP/1.1
User-Agent: selenium/4.4.0 (java windows)
Content-Length: 66
Content-Type: application/json; charset=utf-8
host: localhost:64949
accept: */*

Response DefaultHttpResponse(decodeResult: success, version: HTTP/1.1)
HTTP/1.1 200 OK
Content-Type: application/json; charset=utf-8
cache-control: no-cache
content-length: 88

12:31:22.612 [AsyncHttpClient-1-10] DEBUG org.asynchttpclient.netty.channel.ChannelManager - Adding key: http://localhost:64949 for channel [id: 0x9eaa4fca, L:/127.0.0.1:60138 - R:localhost/127.0.0.1:64949]
12:31:22.613 [Forwarding clearElement on session d294cb3a30cab430e1bc72181bdbd78d to remote] DEBUG org.asynchttpclient.netty.request.NettyRequestSender - Using pooled Channel '[id: 0x9eaa4fca, L:/127.0.0.1:60138 - R:localhost/127.0.0.1:64949]' for 'POST' to 'http://localhost:64949/session/d294cb3a30cab430e1bc72181bdbd78d/element/8e7821f0-4b79-410e-a87f-419e4da9d92a/clear'
12:31:22.613 [Forwarding clearElement on session d294cb3a30cab430e1bc72181bdbd78d to remote] DEBUG org.asynchttpclient.netty.request.NettyRequestSender - Using open Channel [id: 0x9eaa4fca, L:/127.0.0.1:60138 - R:localhost/127.0.0.1:64949] for POST '/session/d294cb3a30cab430e1bc72181bdbd78d/element/8e7821f0-4b79-410e-a87f-419e4da9d92a/clear'
12:31:22.640 [AsyncHttpClient-1-10] DEBUG org.asynchttpclient.netty.handler.HttpHandler - 

Request DefaultHttpRequest(decodeResult: success, version: HTTP/1.1)
POST /session/d294cb3a30cab430e1bc72181bdbd78d/element/8e7821f0-4b79-410e-a87f-419e4da9d92a/clear HTTP/1.1
User-Agent: selenium/4.4.0 (java windows)
Content-Length: 50
Content-Type: application/json; charset=utf-8
host: localhost:64949
accept: */*

Response DefaultHttpResponse(decodeResult: success, version: HTTP/1.1)
HTTP/1.1 200 OK
Content-Type: application/json; charset=utf-8
cache-control: no-cache
content-length: 14

12:31:22.640 [AsyncHttpClient-1-10] DEBUG org.asynchttpclient.netty.channel.ChannelManager - Adding key: http://localhost:64949 for channel [id: 0x9eaa4fca, L:/127.0.0.1:60138 - R:localhost/127.0.0.1:64949]
12:31:22.644 [Forwarding sendKeysToElement on session d294cb3a30cab430e1bc72181bdbd78d to remote] DEBUG org.asynchttpclient.netty.request.NettyRequestSender - Using pooled Channel '[id: 0x9eaa4fca, L:/127.0.0.1:60138 - R:localhost/127.0.0.1:64949]' for 'POST' to 'http://localhost:64949/session/d294cb3a30cab430e1bc72181bdbd78d/element/8e7821f0-4b79-410e-a87f-419e4da9d92a/value'
12:31:22.644 [Forwarding sendKeysToElement on session d294cb3a30cab430e1bc72181bdbd78d to remote] DEBUG org.asynchttpclient.netty.request.NettyRequestSender - Using open Channel [id: 0x9eaa4fca, L:/127.0.0.1:60138 - R:localhost/127.0.0.1:64949] for POST '/session/d294cb3a30cab430e1bc72181bdbd78d/element/8e7821f0-4b79-410e-a87f-419e4da9d92a/value'
12:31:22.681 [AsyncHttpClient-1-10] DEBUG org.asynchttpclient.netty.handler.HttpHandler - 

Request DefaultHttpRequest(decodeResult: success, version: HTTP/1.1)
POST /session/d294cb3a30cab430e1bc72181bdbd78d/element/8e7821f0-4b79-410e-a87f-419e4da9d92a/value HTTP/1.1
User-Agent: selenium/4.4.0 (java windows)
Content-Length: 201
Content-Type: application/json; charset=utf-8
host: localhost:64949
accept: */*

Response DefaultHttpResponse(decodeResult: success, version: HTTP/1.1)
HTTP/1.1 200 OK
Content-Type: application/json; charset=utf-8
cache-control: no-cache
content-length: 14

12:31:22.681 [AsyncHttpClient-1-10] DEBUG org.asynchttpclient.netty.channel.ChannelManager - Adding key: http://localhost:64949 for channel [id: 0x9eaa4fca, L:/127.0.0.1:60138 - R:localhost/127.0.0.1:64949]
12:31:22.694 [Forwarding getCurrentWindowHandle on session d294cb3a30cab430e1bc72181bdbd78d to remote] DEBUG org.asynchttpclient.netty.request.NettyRequestSender - Using pooled Channel '[id: 0x9eaa4fca, L:/127.0.0.1:60138 - R:localhost/127.0.0.1:64949]' for 'GET' to 'http://localhost:64949/session/d294cb3a30cab430e1bc72181bdbd78d/window'
12:31:22.694 [Forwarding getCurrentWindowHandle on session d294cb3a30cab430e1bc72181bdbd78d to remote] DEBUG org.asynchttpclient.netty.request.NettyRequestSender - Using open Channel [id: 0x9eaa4fca, L:/127.0.0.1:60138 - R:localhost/127.0.0.1:64949] for GET '/session/d294cb3a30cab430e1bc72181bdbd78d/window'
12:31:22.694 [AsyncHttpClient-1-10] DEBUG org.asynchttpclient.netty.handler.HttpHandler - 

Request DefaultFullHttpRequest(decodeResult: success, version: HTTP/1.1, content: EmptyByteBufBE)
GET /session/d294cb3a30cab430e1bc72181bdbd78d/window HTTP/1.1
User-Agent: selenium/4.4.0 (java windows)
Cache-Control: no-cache
Content-Type: application/json; charset=utf-8
host: localhost:64949
accept: */*

Response DefaultHttpResponse(decodeResult: success, version: HTTP/1.1)
HTTP/1.1 200 OK
Content-Type: application/json; charset=utf-8
cache-control: no-cache
content-length: 53

12:31:22.694 [AsyncHttpClient-1-10] DEBUG org.asynchttpclient.netty.channel.ChannelManager - Adding key: http://localhost:64949 for channel [id: 0x9eaa4fca, L:/127.0.0.1:60138 - R:localhost/127.0.0.1:64949]
12:31:22.697 [Forwarding getAlertText on session d294cb3a30cab430e1bc72181bdbd78d to remote] DEBUG org.asynchttpclient.netty.request.NettyRequestSender - Using pooled Channel '[id: 0x9eaa4fca, L:/127.0.0.1:60138 - R:localhost/127.0.0.1:64949]' for 'GET' to 'http://localhost:64949/session/d294cb3a30cab430e1bc72181bdbd78d/alert/text'
12:31:22.697 [Forwarding getAlertText on session d294cb3a30cab430e1bc72181bdbd78d to remote] DEBUG org.asynchttpclient.netty.request.NettyRequestSender - Using open Channel [id: 0x9eaa4fca, L:/127.0.0.1:60138 - R:localhost/127.0.0.1:64949] for GET '/session/d294cb3a30cab430e1bc72181bdbd78d/alert/text'
12:31:22.700 [AsyncHttpClient-1-10] DEBUG org.asynchttpclient.netty.handler.HttpHandler - 

Request DefaultFullHttpRequest(decodeResult: success, version: HTTP/1.1, content: EmptyByteBufBE)
GET /session/d294cb3a30cab430e1bc72181bdbd78d/alert/text HTTP/1.1
User-Agent: selenium/4.4.0 (java windows)
Cache-Control: no-cache
Content-Type: application/json; charset=utf-8
host: localhost:64949
accept: */*

Response DefaultHttpResponse(decodeResult: success, version: HTTP/1.1)
HTTP/1.1 404 Not Found
Content-Type: application/json; charset=utf-8
cache-control: no-cache
content-length: 879

12:31:22.700 [AsyncHttpClient-1-10] DEBUG org.asynchttpclient.netty.channel.ChannelManager - Adding key: http://localhost:64949 for channel [id: 0x9eaa4fca, L:/127.0.0.1:60138 - R:localhost/127.0.0.1:64949]
12:31:22.705 [Forwarding switchToWindow on session d294cb3a30cab430e1bc72181bdbd78d to remote] DEBUG org.asynchttpclient.netty.request.NettyRequestSender - Using pooled Channel '[id: 0x9eaa4fca, L:/127.0.0.1:60138 - R:localhost/127.0.0.1:64949]' for 'POST' to 'http://localhost:64949/session/d294cb3a30cab430e1bc72181bdbd78d/window'
12:31:22.705 [Forwarding switchToWindow on session d294cb3a30cab430e1bc72181bdbd78d to remote] DEBUG org.asynchttpclient.netty.request.NettyRequestSender - Using open Channel [id: 0x9eaa4fca, L:/127.0.0.1:60138 - R:localhost/127.0.0.1:64949] for POST '/session/d294cb3a30cab430e1bc72181bdbd78d/window'
12:31:22.709 [AsyncHttpClient-1-10] DEBUG org.asynchttpclient.netty.handler.HttpHandler - 

Request DefaultHttpRequest(decodeResult: success, version: HTTP/1.1)
POST /session/d294cb3a30cab430e1bc72181bdbd78d/window HTTP/1.1
User-Agent: selenium/4.4.0 (java windows)
Content-Length: 59
Content-Type: application/json; charset=utf-8
host: localhost:64949
accept: */*

Response DefaultHttpResponse(decodeResult: success, version: HTTP/1.1)
HTTP/1.1 200 OK
Content-Type: application/json; charset=utf-8
cache-control: no-cache
content-length: 14

12:31:22.709 [AsyncHttpClient-1-10] DEBUG org.asynchttpclient.netty.channel.ChannelManager - Adding key: http://localhost:64949 for channel [id: 0x9eaa4fca, L:/127.0.0.1:60138 - R:localhost/127.0.0.1:64949]
12:31:22.709 [Forwarding getCurrentUrl on session d294cb3a30cab430e1bc72181bdbd78d to remote] DEBUG org.asynchttpclient.netty.request.NettyRequestSender - Using pooled Channel '[id: 0x9eaa4fca, L:/127.0.0.1:60138 - R:localhost/127.0.0.1:64949]' for 'GET' to 'http://localhost:64949/session/d294cb3a30cab430e1bc72181bdbd78d/url'
12:31:22.709 [Forwarding getCurrentUrl on session d294cb3a30cab430e1bc72181bdbd78d to remote] DEBUG org.asynchttpclient.netty.request.NettyRequestSender - Using open Channel [id: 0x9eaa4fca, L:/127.0.0.1:60138 - R:localhost/127.0.0.1:64949] for GET '/session/d294cb3a30cab430e1bc72181bdbd78d/url'
12:31:22.712 [AsyncHttpClient-1-10] DEBUG org.asynchttpclient.netty.handler.HttpHandler - 

Request DefaultFullHttpRequest(decodeResult: success, version: HTTP/1.1, content: EmptyByteBufBE)
GET /session/d294cb3a30cab430e1bc72181bdbd78d/url HTTP/1.1
User-Agent: selenium/4.4.0 (java windows)
Cache-Control: no-cache
Content-Type: application/json; charset=utf-8
host: localhost:64949
accept: */*

Response DefaultHttpResponse(decodeResult: success, version: HTTP/1.1)
HTTP/1.1 200 OK
Content-Type: application/json; charset=utf-8
cache-control: no-cache
content-length: 38

12:31:22.713 [AsyncHttpClient-1-10] DEBUG org.asynchttpclient.netty.channel.ChannelManager - Adding key: http://localhost:64949 for channel [id: 0x9eaa4fca, L:/127.0.0.1:60138 - R:localhost/127.0.0.1:64949]
12:31:22.713 [Forwarding screenshot on session d294cb3a30cab430e1bc72181bdbd78d to remote] DEBUG org.asynchttpclient.netty.request.NettyRequestSender - Using pooled Channel '[id: 0x9eaa4fca, L:/127.0.0.1:60138 - R:localhost/127.0.0.1:64949]' for 'GET' to 'http://localhost:64949/session/d294cb3a30cab430e1bc72181bdbd78d/screenshot'
12:31:22.713 [Forwarding screenshot on session d294cb3a30cab430e1bc72181bdbd78d to remote] DEBUG org.asynchttpclient.netty.request.NettyRequestSender - Using open Channel [id: 0x9eaa4fca, L:/127.0.0.1:60138 - R:localhost/127.0.0.1:64949] for GET '/session/d294cb3a30cab430e1bc72181bdbd78d/screenshot'
12:31:22.788 [AsyncHttpClient-1-10] DEBUG org.asynchttpclient.netty.handler.HttpHandler - 

Request DefaultFullHttpRequest(decodeResult: success, version: HTTP/1.1, content: EmptyByteBufBE)
GET /session/d294cb3a30cab430e1bc72181bdbd78d/screenshot HTTP/1.1
User-Agent: selenium/4.4.0 (java windows)
Cache-Control: no-cache
Content-Type: application/json; charset=utf-8
host: localhost:64949
accept: */*

Response DefaultHttpResponse(decodeResult: success, version: HTTP/1.1)
HTTP/1.1 200 OK
Content-Type: application/json; charset=utf-8
cache-control: no-cache
content-length: 58468

12:31:22.789 [AsyncHttpClient-1-10] DEBUG org.asynchttpclient.netty.channel.ChannelManager - Adding key: http://localhost:64949 for channel [id: 0x9eaa4fca, L:/127.0.0.1:60138 - R:localhost/127.0.0.1:64949]
12:31:22.790 [Test worker] DEBUG net.serenitybdd.core.photography.Darkroom - Send negative for processing for C:\Users\juan.gomezv\IdeaProjects\sura\target\site\serenity\3928254ac939cb654635a6fe0cdcba17cdafb3fae09b0fc2384a6404e2fbc8c4.png
12:31:22.791 [Test worker] DEBUG net.thucydides.core.steps.StepInterceptor - STEP DONE: {0} enters #theTextAsAString into #target
12:31:22.805 [Forwarding getPageSource on session d294cb3a30cab430e1bc72181bdbd78d to remote] DEBUG org.asynchttpclient.netty.request.NettyRequestSender - Using pooled Channel '[id: 0x9eaa4fca, L:/127.0.0.1:60138 - R:localhost/127.0.0.1:64949]' for 'POST' to 'http://localhost:64949/session/d294cb3a30cab430e1bc72181bdbd78d/execute/sync'
12:31:22.805 [Forwarding getPageSource on session d294cb3a30cab430e1bc72181bdbd78d to remote] DEBUG org.asynchttpclient.netty.request.NettyRequestSender - Using open Channel [id: 0x9eaa4fca, L:/127.0.0.1:60138 - R:localhost/127.0.0.1:64949] for POST '/session/d294cb3a30cab430e1bc72181bdbd78d/execute/sync'
12:31:22.811 [AsyncHttpClient-1-10] DEBUG org.asynchttpclient.netty.handler.HttpHandler - 

Request DefaultHttpRequest(decodeResult: success, version: HTTP/1.1)
POST /session/d294cb3a30cab430e1bc72181bdbd78d/execute/sync HTTP/1.1
User-Agent: selenium/4.4.0 (java windows)
Content-Length: 176
Content-Type: application/json; charset=utf-8
host: localhost:64949
accept: */*

Response DefaultHttpResponse(decodeResult: success, version: HTTP/1.1)
HTTP/1.1 200 OK
Content-Type: application/json; charset=utf-8
cache-control: no-cache
content-length: 4185

12:31:22.811 [AsyncHttpClient-1-10] DEBUG org.asynchttpclient.netty.channel.ChannelManager - Adding key: http://localhost:64949 for channel [id: 0x9eaa4fca, L:/127.0.0.1:60138 - R:localhost/127.0.0.1:64949]
12:31:22.812 [Forwarding getCurrentUrl on session d294cb3a30cab430e1bc72181bdbd78d to remote] DEBUG org.asynchttpclient.netty.request.NettyRequestSender - Using pooled Channel '[id: 0x9eaa4fca, L:/127.0.0.1:60138 - R:localhost/127.0.0.1:64949]' for 'GET' to 'http://localhost:64949/session/d294cb3a30cab430e1bc72181bdbd78d/url'
12:31:22.812 [Forwarding getCurrentUrl on session d294cb3a30cab430e1bc72181bdbd78d to remote] DEBUG org.asynchttpclient.netty.request.NettyRequestSender - Using open Channel [id: 0x9eaa4fca, L:/127.0.0.1:60138 - R:localhost/127.0.0.1:64949] for GET '/session/d294cb3a30cab430e1bc72181bdbd78d/url'
12:31:22.816 [AsyncHttpClient-1-10] DEBUG org.asynchttpclient.netty.handler.HttpHandler - 

Request DefaultFullHttpRequest(decodeResult: success, version: HTTP/1.1, content: EmptyByteBufBE)
GET /session/d294cb3a30cab430e1bc72181bdbd78d/url HTTP/1.1
User-Agent: selenium/4.4.0 (java windows)
Cache-Control: no-cache
Content-Type: application/json; charset=utf-8
host: localhost:64949
accept: */*

Response DefaultHttpResponse(decodeResult: success, version: HTTP/1.1)
HTTP/1.1 200 OK
Content-Type: application/json; charset=utf-8
cache-control: no-cache
content-length: 38

12:31:22.816 [AsyncHttpClient-1-10] DEBUG org.asynchttpclient.netty.channel.ChannelManager - Adding key: http://localhost:64949 for channel [id: 0x9eaa4fca, L:/127.0.0.1:60138 - R:localhost/127.0.0.1:64949]
12:31:22.818 [Test worker] DEBUG net.thucydides.core.steps.StepInterceptor - STARTING STEP: LogIn.performAs - {0} clicks on #target
12:31:22.818 [Test worker] DEBUG net.serenitybdd.screenplay.targets.IFrameSwitcher - default content already selected for logIn Button
12:31:22.846 [Forwarding findElement on session d294cb3a30cab430e1bc72181bdbd78d to remote] DEBUG org.asynchttpclient.netty.request.NettyRequestSender - Using pooled Channel '[id: 0x9eaa4fca, L:/127.0.0.1:60138 - R:localhost/127.0.0.1:64949]' for 'POST' to 'http://localhost:64949/session/d294cb3a30cab430e1bc72181bdbd78d/element'
12:31:22.846 [Forwarding findElement on session d294cb3a30cab430e1bc72181bdbd78d to remote] DEBUG org.asynchttpclient.netty.request.NettyRequestSender - Using open Channel [id: 0x9eaa4fca, L:/127.0.0.1:60138 - R:localhost/127.0.0.1:64949] for POST '/session/d294cb3a30cab430e1bc72181bdbd78d/element'
12:31:22.847 [AsyncHttpClient-1-1] DEBUG org.asynchttpclient.netty.channel.DefaultChannelPool - Entry count for : http://localhost:60139 : 1
12:31:22.856 [AsyncHttpClient-1-10] DEBUG org.asynchttpclient.netty.handler.HttpHandler - 

Request DefaultHttpRequest(decodeResult: success, version: HTTP/1.1)
POST /session/d294cb3a30cab430e1bc72181bdbd78d/element HTTP/1.1
User-Agent: selenium/4.4.0 (java windows)
Content-Length: 70
Content-Type: application/json; charset=utf-8
host: localhost:64949
accept: */*

Response DefaultHttpResponse(decodeResult: success, version: HTTP/1.1)
HTTP/1.1 200 OK
Content-Type: application/json; charset=utf-8
cache-control: no-cache
content-length: 88

12:31:22.856 [AsyncHttpClient-1-10] DEBUG org.asynchttpclient.netty.channel.ChannelManager - Adding key: http://localhost:64949 for channel [id: 0x9eaa4fca, L:/127.0.0.1:60138 - R:localhost/127.0.0.1:64949]
12:31:22.861 [Forwarding isElementDisplayed on session d294cb3a30cab430e1bc72181bdbd78d to remote] DEBUG org.asynchttpclient.netty.request.NettyRequestSender - Using pooled Channel '[id: 0x9eaa4fca, L:/127.0.0.1:60138 - R:localhost/127.0.0.1:64949]' for 'POST' to 'http://localhost:64949/session/d294cb3a30cab430e1bc72181bdbd78d/execute/sync'
12:31:22.861 [Forwarding isElementDisplayed on session d294cb3a30cab430e1bc72181bdbd78d to remote] DEBUG org.asynchttpclient.netty.request.NettyRequestSender - Using open Channel [id: 0x9eaa4fca, L:/127.0.0.1:60138 - R:localhost/127.0.0.1:64949] for POST '/session/d294cb3a30cab430e1bc72181bdbd78d/execute/sync'
12:31:22.873 [AsyncHttpClient-1-10] DEBUG org.asynchttpclient.netty.handler.HttpHandler - 

Request DefaultHttpRequest(decodeResult: success, version: HTTP/1.1)
POST /session/d294cb3a30cab430e1bc72181bdbd78d/execute/sync HTTP/1.1
User-Agent: selenium/4.4.0 (java windows)
Content-Length: 48780
Content-Type: application/json; charset=utf-8
host: localhost:64949
accept: */*

Response DefaultHttpResponse(decodeResult: success, version: HTTP/1.1)
HTTP/1.1 200 OK
Content-Type: application/json; charset=utf-8
cache-control: no-cache
content-length: 14

12:31:22.873 [AsyncHttpClient-1-10] DEBUG org.asynchttpclient.netty.channel.ChannelManager - Adding key: http://localhost:64949 for channel [id: 0x9eaa4fca, L:/127.0.0.1:60138 - R:localhost/127.0.0.1:64949]
12:31:22.879 [Forwarding findElement on session d294cb3a30cab430e1bc72181bdbd78d to remote] DEBUG org.asynchttpclient.netty.request.NettyRequestSender - Using pooled Channel '[id: 0x9eaa4fca, L:/127.0.0.1:60138 - R:localhost/127.0.0.1:64949]' for 'POST' to 'http://localhost:64949/session/d294cb3a30cab430e1bc72181bdbd78d/element'
12:31:22.879 [Forwarding findElement on session d294cb3a30cab430e1bc72181bdbd78d to remote] DEBUG org.asynchttpclient.netty.request.NettyRequestSender - Using open Channel [id: 0x9eaa4fca, L:/127.0.0.1:60138 - R:localhost/127.0.0.1:64949] for POST '/session/d294cb3a30cab430e1bc72181bdbd78d/element'
12:31:22.885 [AsyncHttpClient-1-10] DEBUG org.asynchttpclient.netty.handler.HttpHandler - 

Request DefaultHttpRequest(decodeResult: success, version: HTTP/1.1)
POST /session/d294cb3a30cab430e1bc72181bdbd78d/element HTTP/1.1
User-Agent: selenium/4.4.0 (java windows)
Content-Length: 70
Content-Type: application/json; charset=utf-8
host: localhost:64949
accept: */*

Response DefaultHttpResponse(decodeResult: success, version: HTTP/1.1)
HTTP/1.1 200 OK
Content-Type: application/json; charset=utf-8
cache-control: no-cache
content-length: 88

12:31:22.885 [AsyncHttpClient-1-10] DEBUG org.asynchttpclient.netty.channel.ChannelManager - Adding key: http://localhost:64949 for channel [id: 0x9eaa4fca, L:/127.0.0.1:60138 - R:localhost/127.0.0.1:64949]
12:31:22.886 [Forwarding clickElement on session d294cb3a30cab430e1bc72181bdbd78d to remote] DEBUG org.asynchttpclient.netty.request.NettyRequestSender - Using pooled Channel '[id: 0x9eaa4fca, L:/127.0.0.1:60138 - R:localhost/127.0.0.1:64949]' for 'POST' to 'http://localhost:64949/session/d294cb3a30cab430e1bc72181bdbd78d/element/11783ddf-1a02-433b-a0d1-31923cc87b6e/click'
12:31:22.886 [Forwarding clickElement on session d294cb3a30cab430e1bc72181bdbd78d to remote] DEBUG org.asynchttpclient.netty.request.NettyRequestSender - Using open Channel [id: 0x9eaa4fca, L:/127.0.0.1:60138 - R:localhost/127.0.0.1:64949] for POST '/session/d294cb3a30cab430e1bc72181bdbd78d/element/11783ddf-1a02-433b-a0d1-31923cc87b6e/click'
12:31:22.965 [AsyncHttpClient-1-10] DEBUG org.asynchttpclient.netty.handler.HttpHandler - 

Request DefaultHttpRequest(decodeResult: success, version: HTTP/1.1)
POST /session/d294cb3a30cab430e1bc72181bdbd78d/element/11783ddf-1a02-433b-a0d1-31923cc87b6e/click HTTP/1.1
User-Agent: selenium/4.4.0 (java windows)
Content-Length: 50
Content-Type: application/json; charset=utf-8
host: localhost:64949
accept: */*

Response DefaultHttpResponse(decodeResult: success, version: HTTP/1.1)
HTTP/1.1 200 OK
Content-Type: application/json; charset=utf-8
cache-control: no-cache
content-length: 14

12:31:22.966 [AsyncHttpClient-1-10] DEBUG org.asynchttpclient.netty.channel.ChannelManager - Adding key: http://localhost:64949 for channel [id: 0x9eaa4fca, L:/127.0.0.1:60138 - R:localhost/127.0.0.1:64949]
12:31:22.985 [Forwarding getCurrentWindowHandle on session d294cb3a30cab430e1bc72181bdbd78d to remote] DEBUG org.asynchttpclient.netty.request.NettyRequestSender - Using pooled Channel '[id: 0x9eaa4fca, L:/127.0.0.1:60138 - R:localhost/127.0.0.1:64949]' for 'GET' to 'http://localhost:64949/session/d294cb3a30cab430e1bc72181bdbd78d/window'
12:31:22.985 [Forwarding getCurrentWindowHandle on session d294cb3a30cab430e1bc72181bdbd78d to remote] DEBUG org.asynchttpclient.netty.request.NettyRequestSender - Using open Channel [id: 0x9eaa4fca, L:/127.0.0.1:60138 - R:localhost/127.0.0.1:64949] for GET '/session/d294cb3a30cab430e1bc72181bdbd78d/window'
12:31:22.986 [AsyncHttpClient-1-10] DEBUG org.asynchttpclient.netty.handler.HttpHandler - 

Request DefaultFullHttpRequest(decodeResult: success, version: HTTP/1.1, content: EmptyByteBufBE)
GET /session/d294cb3a30cab430e1bc72181bdbd78d/window HTTP/1.1
User-Agent: selenium/4.4.0 (java windows)
Cache-Control: no-cache
Content-Type: application/json; charset=utf-8
host: localhost:64949
accept: */*

Response DefaultHttpResponse(decodeResult: success, version: HTTP/1.1)
HTTP/1.1 200 OK
Content-Type: application/json; charset=utf-8
cache-control: no-cache
content-length: 53

12:31:22.986 [AsyncHttpClient-1-10] DEBUG org.asynchttpclient.netty.channel.ChannelManager - Adding key: http://localhost:64949 for channel [id: 0x9eaa4fca, L:/127.0.0.1:60138 - R:localhost/127.0.0.1:64949]
12:31:22.992 [Forwarding getAlertText on session d294cb3a30cab430e1bc72181bdbd78d to remote] DEBUG org.asynchttpclient.netty.request.NettyRequestSender - Using pooled Channel '[id: 0x9eaa4fca, L:/127.0.0.1:60138 - R:localhost/127.0.0.1:64949]' for 'GET' to 'http://localhost:64949/session/d294cb3a30cab430e1bc72181bdbd78d/alert/text'
12:31:22.992 [Forwarding getAlertText on session d294cb3a30cab430e1bc72181bdbd78d to remote] DEBUG org.asynchttpclient.netty.request.NettyRequestSender - Using open Channel [id: 0x9eaa4fca, L:/127.0.0.1:60138 - R:localhost/127.0.0.1:64949] for GET '/session/d294cb3a30cab430e1bc72181bdbd78d/alert/text'
12:31:22.993 [AsyncHttpClient-1-10] DEBUG org.asynchttpclient.netty.handler.HttpHandler - 

Request DefaultFullHttpRequest(decodeResult: success, version: HTTP/1.1, content: EmptyByteBufBE)
GET /session/d294cb3a30cab430e1bc72181bdbd78d/alert/text HTTP/1.1
User-Agent: selenium/4.4.0 (java windows)
Cache-Control: no-cache
Content-Type: application/json; charset=utf-8
host: localhost:64949
accept: */*

Response DefaultHttpResponse(decodeResult: success, version: HTTP/1.1)
HTTP/1.1 404 Not Found
Content-Type: application/json; charset=utf-8
cache-control: no-cache
content-length: 879

12:31:22.993 [AsyncHttpClient-1-10] DEBUG org.asynchttpclient.netty.channel.ChannelManager - Adding key: http://localhost:64949 for channel [id: 0x9eaa4fca, L:/127.0.0.1:60138 - R:localhost/127.0.0.1:64949]
12:31:23.000 [Forwarding switchToWindow on session d294cb3a30cab430e1bc72181bdbd78d to remote] DEBUG org.asynchttpclient.netty.request.NettyRequestSender - Using pooled Channel '[id: 0x9eaa4fca, L:/127.0.0.1:60138 - R:localhost/127.0.0.1:64949]' for 'POST' to 'http://localhost:64949/session/d294cb3a30cab430e1bc72181bdbd78d/window'
12:31:23.000 [Forwarding switchToWindow on session d294cb3a30cab430e1bc72181bdbd78d to remote] DEBUG org.asynchttpclient.netty.request.NettyRequestSender - Using open Channel [id: 0x9eaa4fca, L:/127.0.0.1:60138 - R:localhost/127.0.0.1:64949] for POST '/session/d294cb3a30cab430e1bc72181bdbd78d/window'
12:31:23.003 [AsyncHttpClient-1-10] DEBUG org.asynchttpclient.netty.handler.HttpHandler - 

Request DefaultHttpRequest(decodeResult: success, version: HTTP/1.1)
POST /session/d294cb3a30cab430e1bc72181bdbd78d/window HTTP/1.1
User-Agent: selenium/4.4.0 (java windows)
Content-Length: 59
Content-Type: application/json; charset=utf-8
host: localhost:64949
accept: */*

Response DefaultHttpResponse(decodeResult: success, version: HTTP/1.1)
HTTP/1.1 200 OK
Content-Type: application/json; charset=utf-8
cache-control: no-cache
content-length: 14

12:31:23.003 [AsyncHttpClient-1-10] DEBUG org.asynchttpclient.netty.channel.ChannelManager - Adding key: http://localhost:64949 for channel [id: 0x9eaa4fca, L:/127.0.0.1:60138 - R:localhost/127.0.0.1:64949]
12:31:23.003 [Forwarding getCurrentUrl on session d294cb3a30cab430e1bc72181bdbd78d to remote] DEBUG org.asynchttpclient.netty.request.NettyRequestSender - Using pooled Channel '[id: 0x9eaa4fca, L:/127.0.0.1:60138 - R:localhost/127.0.0.1:64949]' for 'GET' to 'http://localhost:64949/session/d294cb3a30cab430e1bc72181bdbd78d/url'
12:31:23.003 [Forwarding getCurrentUrl on session d294cb3a30cab430e1bc72181bdbd78d to remote] DEBUG org.asynchttpclient.netty.request.NettyRequestSender - Using open Channel [id: 0x9eaa4fca, L:/127.0.0.1:60138 - R:localhost/127.0.0.1:64949] for GET '/session/d294cb3a30cab430e1bc72181bdbd78d/url'
12:31:23.008 [AsyncHttpClient-1-10] DEBUG org.asynchttpclient.netty.handler.HttpHandler - 

Request DefaultFullHttpRequest(decodeResult: success, version: HTTP/1.1, content: EmptyByteBufBE)
GET /session/d294cb3a30cab430e1bc72181bdbd78d/url HTTP/1.1
User-Agent: selenium/4.4.0 (java windows)
Cache-Control: no-cache
Content-Type: application/json; charset=utf-8
host: localhost:64949
accept: */*

Response DefaultHttpResponse(decodeResult: success, version: HTTP/1.1)
HTTP/1.1 200 OK
Content-Type: application/json; charset=utf-8
cache-control: no-cache
content-length: 52

12:31:23.008 [AsyncHttpClient-1-10] DEBUG org.asynchttpclient.netty.channel.ChannelManager - Adding key: http://localhost:64949 for channel [id: 0x9eaa4fca, L:/127.0.0.1:60138 - R:localhost/127.0.0.1:64949]
12:31:23.008 [Forwarding screenshot on session d294cb3a30cab430e1bc72181bdbd78d to remote] DEBUG org.asynchttpclient.netty.request.NettyRequestSender - Using pooled Channel '[id: 0x9eaa4fca, L:/127.0.0.1:60138 - R:localhost/127.0.0.1:64949]' for 'GET' to 'http://localhost:64949/session/d294cb3a30cab430e1bc72181bdbd78d/screenshot'
12:31:23.009 [Forwarding screenshot on session d294cb3a30cab430e1bc72181bdbd78d to remote] DEBUG org.asynchttpclient.netty.request.NettyRequestSender - Using open Channel [id: 0x9eaa4fca, L:/127.0.0.1:60138 - R:localhost/127.0.0.1:64949] for GET '/session/d294cb3a30cab430e1bc72181bdbd78d/screenshot'
12:31:23.238 [AsyncHttpClient-1-10] DEBUG org.asynchttpclient.netty.handler.HttpHandler - 

Request DefaultFullHttpRequest(decodeResult: success, version: HTTP/1.1, content: EmptyByteBufBE)
GET /session/d294cb3a30cab430e1bc72181bdbd78d/screenshot HTTP/1.1
User-Agent: selenium/4.4.0 (java windows)
Cache-Control: no-cache
Content-Type: application/json; charset=utf-8
host: localhost:64949
accept: */*

Response DefaultHttpResponse(decodeResult: success, version: HTTP/1.1)
HTTP/1.1 200 OK
Content-Type: application/json; charset=utf-8
cache-control: no-cache
content-length: 316072

12:31:23.238 [AsyncHttpClient-1-10] DEBUG org.asynchttpclient.netty.channel.ChannelManager - Adding key: http://localhost:64949 for channel [id: 0x9eaa4fca, L:/127.0.0.1:60138 - R:localhost/127.0.0.1:64949]
12:31:23.245 [Test worker] DEBUG net.serenitybdd.core.photography.Darkroom - Send negative for processing for C:\Users\juan.gomezv\IdeaProjects\sura\target\site\serenity\e44069ae212a02c6322b8bddc355adc221270edded46bd42546211af4a56801c.png
12:31:23.246 [Test worker] DEBUG net.thucydides.core.steps.StepInterceptor - STEP DONE: {0} clicks on #target
12:31:23.255 [Test worker] DEBUG net.thucydides.core.steps.StepInterceptor - STEP DONE: performAs
  ?[32mY ?[0m?[32m?[0m?[32m?[1mAna?[0m?[32m se autentica como un usuario de tipo ?[0m?[32m?[1m"STANDARD_USER"?[0m                ?[90m# sura.stepDefinitions.LoginSteps.elSeAutenticaComoUnUsuario(net.serenitybdd.screenplay.Actor,java.lang.String)?[0m
12:31:23.269 [Forwarding getPageSource on session d294cb3a30cab430e1bc72181bdbd78d to remote] DEBUG org.asynchttpclient.netty.request.NettyRequestSender - Using pooled Channel '[id: 0x9eaa4fca, L:/127.0.0.1:60138 - R:localhost/127.0.0.1:64949]' for 'POST' to 'http://localhost:64949/session/d294cb3a30cab430e1bc72181bdbd78d/execute/sync'
12:31:23.269 [Forwarding getPageSource on session d294cb3a30cab430e1bc72181bdbd78d to remote] DEBUG org.asynchttpclient.netty.request.NettyRequestSender - Using open Channel [id: 0x9eaa4fca, L:/127.0.0.1:60138 - R:localhost/127.0.0.1:64949] for POST '/session/d294cb3a30cab430e1bc72181bdbd78d/execute/sync'
12:31:23.276 [AsyncHttpClient-1-10] DEBUG org.asynchttpclient.netty.handler.HttpHandler - 

Request DefaultHttpRequest(decodeResult: success, version: HTTP/1.1)
POST /session/d294cb3a30cab430e1bc72181bdbd78d/execute/sync HTTP/1.1
User-Agent: selenium/4.4.0 (java windows)
Content-Length: 176
Content-Type: application/json; charset=utf-8
host: localhost:64949
accept: */*

Response DefaultHttpResponse(decodeResult: success, version: HTTP/1.1)
HTTP/1.1 200 OK
Content-Type: application/json; charset=utf-8
cache-control: no-cache
content-length: 15254

12:31:23.276 [AsyncHttpClient-1-10] DEBUG org.asynchttpclient.netty.channel.ChannelManager - Adding key: http://localhost:64949 for channel [id: 0x9eaa4fca, L:/127.0.0.1:60138 - R:localhost/127.0.0.1:64949]
12:31:23.278 [Forwarding getCurrentUrl on session d294cb3a30cab430e1bc72181bdbd78d to remote] DEBUG org.asynchttpclient.netty.request.NettyRequestSender - Using pooled Channel '[id: 0x9eaa4fca, L:/127.0.0.1:60138 - R:localhost/127.0.0.1:64949]' for 'GET' to 'http://localhost:64949/session/d294cb3a30cab430e1bc72181bdbd78d/url'
12:31:23.278 [Forwarding getCurrentUrl on session d294cb3a30cab430e1bc72181bdbd78d to remote] DEBUG org.asynchttpclient.netty.request.NettyRequestSender - Using open Channel [id: 0x9eaa4fca, L:/127.0.0.1:60138 - R:localhost/127.0.0.1:64949] for GET '/session/d294cb3a30cab430e1bc72181bdbd78d/url'
12:31:23.283 [AsyncHttpClient-1-10] DEBUG org.asynchttpclient.netty.handler.HttpHandler - 

Request DefaultFullHttpRequest(decodeResult: success, version: HTTP/1.1, content: EmptyByteBufBE)
GET /session/d294cb3a30cab430e1bc72181bdbd78d/url HTTP/1.1
User-Agent: selenium/4.4.0 (java windows)
Cache-Control: no-cache
Content-Type: application/json; charset=utf-8
host: localhost:64949
accept: */*

Response DefaultHttpResponse(decodeResult: success, version: HTTP/1.1)
HTTP/1.1 200 OK
Content-Type: application/json; charset=utf-8
cache-control: no-cache
content-length: 52

12:31:23.283 [AsyncHttpClient-1-10] DEBUG org.asynchttpclient.netty.channel.ChannelManager - Adding key: http://localhost:64949 for channel [id: 0x9eaa4fca, L:/127.0.0.1:60138 - R:localhost/127.0.0.1:64949]
12:31:23.304 [Forwarding getCurrentWindowHandle on session d294cb3a30cab430e1bc72181bdbd78d to remote] DEBUG org.asynchttpclient.netty.request.NettyRequestSender - Using pooled Channel '[id: 0x9eaa4fca, L:/127.0.0.1:60138 - R:localhost/127.0.0.1:64949]' for 'GET' to 'http://localhost:64949/session/d294cb3a30cab430e1bc72181bdbd78d/window'
12:31:23.304 [Forwarding getCurrentWindowHandle on session d294cb3a30cab430e1bc72181bdbd78d to remote] DEBUG org.asynchttpclient.netty.request.NettyRequestSender - Using open Channel [id: 0x9eaa4fca, L:/127.0.0.1:60138 - R:localhost/127.0.0.1:64949] for GET '/session/d294cb3a30cab430e1bc72181bdbd78d/window'
12:31:23.305 [AsyncHttpClient-1-10] DEBUG org.asynchttpclient.netty.handler.HttpHandler - 

Request DefaultFullHttpRequest(decodeResult: success, version: HTTP/1.1, content: EmptyByteBufBE)
GET /session/d294cb3a30cab430e1bc72181bdbd78d/window HTTP/1.1
User-Agent: selenium/4.4.0 (java windows)
Cache-Control: no-cache
Content-Type: application/json; charset=utf-8
host: localhost:64949
accept: */*

Response DefaultHttpResponse(decodeResult: success, version: HTTP/1.1)
HTTP/1.1 200 OK
Content-Type: application/json; charset=utf-8
cache-control: no-cache
content-length: 53

12:31:23.305 [AsyncHttpClient-1-10] DEBUG org.asynchttpclient.netty.channel.ChannelManager - Adding key: http://localhost:64949 for channel [id: 0x9eaa4fca, L:/127.0.0.1:60138 - R:localhost/127.0.0.1:64949]
12:31:23.308 [Forwarding getAlertText on session d294cb3a30cab430e1bc72181bdbd78d to remote] DEBUG org.asynchttpclient.netty.request.NettyRequestSender - Using pooled Channel '[id: 0x9eaa4fca, L:/127.0.0.1:60138 - R:localhost/127.0.0.1:64949]' for 'GET' to 'http://localhost:64949/session/d294cb3a30cab430e1bc72181bdbd78d/alert/text'
12:31:23.308 [Forwarding getAlertText on session d294cb3a30cab430e1bc72181bdbd78d to remote] DEBUG org.asynchttpclient.netty.request.NettyRequestSender - Using open Channel [id: 0x9eaa4fca, L:/127.0.0.1:60138 - R:localhost/127.0.0.1:64949] for GET '/session/d294cb3a30cab430e1bc72181bdbd78d/alert/text'
12:31:23.310 [AsyncHttpClient-1-10] DEBUG org.asynchttpclient.netty.handler.HttpHandler - 

Request DefaultFullHttpRequest(decodeResult: success, version: HTTP/1.1, content: EmptyByteBufBE)
GET /session/d294cb3a30cab430e1bc72181bdbd78d/alert/text HTTP/1.1
User-Agent: selenium/4.4.0 (java windows)
Cache-Control: no-cache
Content-Type: application/json; charset=utf-8
host: localhost:64949
accept: */*

Response DefaultHttpResponse(decodeResult: success, version: HTTP/1.1)
HTTP/1.1 404 Not Found
Content-Type: application/json; charset=utf-8
cache-control: no-cache
content-length: 879

12:31:23.310 [AsyncHttpClient-1-10] DEBUG org.asynchttpclient.netty.channel.ChannelManager - Adding key: http://localhost:64949 for channel [id: 0x9eaa4fca, L:/127.0.0.1:60138 - R:localhost/127.0.0.1:64949]
12:31:23.313 [Forwarding switchToWindow on session d294cb3a30cab430e1bc72181bdbd78d to remote] DEBUG org.asynchttpclient.netty.request.NettyRequestSender - Using pooled Channel '[id: 0x9eaa4fca, L:/127.0.0.1:60138 - R:localhost/127.0.0.1:64949]' for 'POST' to 'http://localhost:64949/session/d294cb3a30cab430e1bc72181bdbd78d/window'
12:31:23.313 [Forwarding switchToWindow on session d294cb3a30cab430e1bc72181bdbd78d to remote] DEBUG org.asynchttpclient.netty.request.NettyRequestSender - Using open Channel [id: 0x9eaa4fca, L:/127.0.0.1:60138 - R:localhost/127.0.0.1:64949] for POST '/session/d294cb3a30cab430e1bc72181bdbd78d/window'
12:31:23.315 [AsyncHttpClient-1-10] DEBUG org.asynchttpclient.netty.handler.HttpHandler - 

Request DefaultHttpRequest(decodeResult: success, version: HTTP/1.1)
POST /session/d294cb3a30cab430e1bc72181bdbd78d/window HTTP/1.1
User-Agent: selenium/4.4.0 (java windows)
Content-Length: 59
Content-Type: application/json; charset=utf-8
host: localhost:64949
accept: */*

Response DefaultHttpResponse(decodeResult: success, version: HTTP/1.1)
HTTP/1.1 200 OK
Content-Type: application/json; charset=utf-8
cache-control: no-cache
content-length: 14

12:31:23.316 [AsyncHttpClient-1-10] DEBUG org.asynchttpclient.netty.channel.ChannelManager - Adding key: http://localhost:64949 for channel [id: 0x9eaa4fca, L:/127.0.0.1:60138 - R:localhost/127.0.0.1:64949]
12:31:23.316 [Forwarding getCurrentUrl on session d294cb3a30cab430e1bc72181bdbd78d to remote] DEBUG org.asynchttpclient.netty.request.NettyRequestSender - Using pooled Channel '[id: 0x9eaa4fca, L:/127.0.0.1:60138 - R:localhost/127.0.0.1:64949]' for 'GET' to 'http://localhost:64949/session/d294cb3a30cab430e1bc72181bdbd78d/url'
12:31:23.316 [Forwarding getCurrentUrl on session d294cb3a30cab430e1bc72181bdbd78d to remote] DEBUG org.asynchttpclient.netty.request.NettyRequestSender - Using open Channel [id: 0x9eaa4fca, L:/127.0.0.1:60138 - R:localhost/127.0.0.1:64949] for GET '/session/d294cb3a30cab430e1bc72181bdbd78d/url'
12:31:23.319 [AsyncHttpClient-1-10] DEBUG org.asynchttpclient.netty.handler.HttpHandler - 

Request DefaultFullHttpRequest(decodeResult: success, version: HTTP/1.1, content: EmptyByteBufBE)
GET /session/d294cb3a30cab430e1bc72181bdbd78d/url HTTP/1.1
User-Agent: selenium/4.4.0 (java windows)
Cache-Control: no-cache
Content-Type: application/json; charset=utf-8
host: localhost:64949
accept: */*

Response DefaultHttpResponse(decodeResult: success, version: HTTP/1.1)
HTTP/1.1 200 OK
Content-Type: application/json; charset=utf-8
cache-control: no-cache
content-length: 52

12:31:23.319 [AsyncHttpClient-1-10] DEBUG org.asynchttpclient.netty.channel.ChannelManager - Adding key: http://localhost:64949 for channel [id: 0x9eaa4fca, L:/127.0.0.1:60138 - R:localhost/127.0.0.1:64949]
12:31:23.320 [Forwarding screenshot on session d294cb3a30cab430e1bc72181bdbd78d to remote] DEBUG org.asynchttpclient.netty.request.NettyRequestSender - Using pooled Channel '[id: 0x9eaa4fca, L:/127.0.0.1:60138 - R:localhost/127.0.0.1:64949]' for 'GET' to 'http://localhost:64949/session/d294cb3a30cab430e1bc72181bdbd78d/screenshot'
12:31:23.320 [Forwarding screenshot on session d294cb3a30cab430e1bc72181bdbd78d to remote] DEBUG org.asynchttpclient.netty.request.NettyRequestSender - Using open Channel [id: 0x9eaa4fca, L:/127.0.0.1:60138 - R:localhost/127.0.0.1:64949] for GET '/session/d294cb3a30cab430e1bc72181bdbd78d/screenshot'
12:31:23.419 [AsyncHttpClient-1-10] DEBUG org.asynchttpclient.netty.handler.HttpHandler - 

Request DefaultFullHttpRequest(decodeResult: success, version: HTTP/1.1, content: EmptyByteBufBE)
GET /session/d294cb3a30cab430e1bc72181bdbd78d/screenshot HTTP/1.1
User-Agent: selenium/4.4.0 (java windows)
Cache-Control: no-cache
Content-Type: application/json; charset=utf-8
host: localhost:64949
accept: */*

Response DefaultHttpResponse(decodeResult: success, version: HTTP/1.1)
HTTP/1.1 200 OK
Content-Type: application/json; charset=utf-8
cache-control: no-cache
content-length: 316072

12:31:23.420 [AsyncHttpClient-1-10] DEBUG org.asynchttpclient.netty.channel.ChannelManager - Adding key: http://localhost:64949 for channel [id: 0x9eaa4fca, L:/127.0.0.1:60138 - R:localhost/127.0.0.1:64949]
12:31:23.428 [Test worker] DEBUG net.serenitybdd.core.photography.Darkroom - Send negative for processing for C:\Users\juan.gomezv\IdeaProjects\sura\target\site\serenity\e44069ae212a02c6322b8bddc355adc221270edded46bd42546211af4a56801c.png
12:31:23.432 [Forwarding getPageSource on session d294cb3a30cab430e1bc72181bdbd78d to remote] DEBUG org.asynchttpclient.netty.request.NettyRequestSender - Using pooled Channel '[id: 0x9eaa4fca, L:/127.0.0.1:60138 - R:localhost/127.0.0.1:64949]' for 'POST' to 'http://localhost:64949/session/d294cb3a30cab430e1bc72181bdbd78d/execute/sync'
12:31:23.432 [Forwarding getPageSource on session d294cb3a30cab430e1bc72181bdbd78d to remote] DEBUG org.asynchttpclient.netty.request.NettyRequestSender - Using open Channel [id: 0x9eaa4fca, L:/127.0.0.1:60138 - R:localhost/127.0.0.1:64949] for POST '/session/d294cb3a30cab430e1bc72181bdbd78d/execute/sync'
12:31:23.438 [AsyncHttpClient-1-10] DEBUG org.asynchttpclient.netty.handler.HttpHandler - 

Request DefaultHttpRequest(decodeResult: success, version: HTTP/1.1)
POST /session/d294cb3a30cab430e1bc72181bdbd78d/execute/sync HTTP/1.1
User-Agent: selenium/4.4.0 (java windows)
Content-Length: 176
Content-Type: application/json; charset=utf-8
host: localhost:64949
accept: */*

Response DefaultHttpResponse(decodeResult: success, version: HTTP/1.1)
HTTP/1.1 200 OK
Content-Type: application/json; charset=utf-8
cache-control: no-cache
content-length: 15254

12:31:23.438 [AsyncHttpClient-1-10] DEBUG org.asynchttpclient.netty.channel.ChannelManager - Adding key: http://localhost:64949 for channel [id: 0x9eaa4fca, L:/127.0.0.1:60138 - R:localhost/127.0.0.1:64949]
12:31:23.440 [Forwarding getCurrentUrl on session d294cb3a30cab430e1bc72181bdbd78d to remote] DEBUG org.asynchttpclient.netty.request.NettyRequestSender - Using pooled Channel '[id: 0x9eaa4fca, L:/127.0.0.1:60138 - R:localhost/127.0.0.1:64949]' for 'GET' to 'http://localhost:64949/session/d294cb3a30cab430e1bc72181bdbd78d/url'
12:31:23.440 [Forwarding getCurrentUrl on session d294cb3a30cab430e1bc72181bdbd78d to remote] DEBUG org.asynchttpclient.netty.request.NettyRequestSender - Using open Channel [id: 0x9eaa4fca, L:/127.0.0.1:60138 - R:localhost/127.0.0.1:64949] for GET '/session/d294cb3a30cab430e1bc72181bdbd78d/url'
12:31:23.444 [AsyncHttpClient-1-10] DEBUG org.asynchttpclient.netty.handler.HttpHandler - 

Request DefaultFullHttpRequest(decodeResult: success, version: HTTP/1.1, content: EmptyByteBufBE)
GET /session/d294cb3a30cab430e1bc72181bdbd78d/url HTTP/1.1
User-Agent: selenium/4.4.0 (java windows)
Cache-Control: no-cache
Content-Type: application/json; charset=utf-8
host: localhost:64949
accept: */*

Response DefaultHttpResponse(decodeResult: success, version: HTTP/1.1)
HTTP/1.1 200 OK
Content-Type: application/json; charset=utf-8
cache-control: no-cache
content-length: 52

12:31:23.444 [AsyncHttpClient-1-10] DEBUG org.asynchttpclient.netty.channel.ChannelManager - Adding key: http://localhost:64949 for channel [id: 0x9eaa4fca, L:/127.0.0.1:60138 - R:localhost/127.0.0.1:64949]
12:31:23.446 [Test worker] DEBUG net.thucydides.core.steps.StepInterceptor - STARTING STEP: CatalogueSteps.haceClickEnElBotonDelArticulo - performAs
12:31:23.489 [Forwarding getCurrentWindowHandle on session d294cb3a30cab430e1bc72181bdbd78d to remote] DEBUG org.asynchttpclient.netty.request.NettyRequestSender - Using pooled Channel '[id: 0x9eaa4fca, L:/127.0.0.1:60138 - R:localhost/127.0.0.1:64949]' for 'GET' to 'http://localhost:64949/session/d294cb3a30cab430e1bc72181bdbd78d/window'
12:31:23.490 [Forwarding getCurrentWindowHandle on session d294cb3a30cab430e1bc72181bdbd78d to remote] DEBUG org.asynchttpclient.netty.request.NettyRequestSender - Using open Channel [id: 0x9eaa4fca, L:/127.0.0.1:60138 - R:localhost/127.0.0.1:64949] for GET '/session/d294cb3a30cab430e1bc72181bdbd78d/window'
12:31:23.490 [AsyncHttpClient-1-10] DEBUG org.asynchttpclient.netty.handler.HttpHandler - 

Request DefaultFullHttpRequest(decodeResult: success, version: HTTP/1.1, content: EmptyByteBufBE)
GET /session/d294cb3a30cab430e1bc72181bdbd78d/window HTTP/1.1
User-Agent: selenium/4.4.0 (java windows)
Cache-Control: no-cache
Content-Type: application/json; charset=utf-8
host: localhost:64949
accept: */*

Response DefaultHttpResponse(decodeResult: success, version: HTTP/1.1)
HTTP/1.1 200 OK
Content-Type: application/json; charset=utf-8
cache-control: no-cache
content-length: 53

12:31:23.490 [AsyncHttpClient-1-10] DEBUG org.asynchttpclient.netty.channel.ChannelManager - Adding key: http://localhost:64949 for channel [id: 0x9eaa4fca, L:/127.0.0.1:60138 - R:localhost/127.0.0.1:64949]
12:31:23.495 [Forwarding getAlertText on session d294cb3a30cab430e1bc72181bdbd78d to remote] DEBUG org.asynchttpclient.netty.request.NettyRequestSender - Using pooled Channel '[id: 0x9eaa4fca, L:/127.0.0.1:60138 - R:localhost/127.0.0.1:64949]' for 'GET' to 'http://localhost:64949/session/d294cb3a30cab430e1bc72181bdbd78d/alert/text'
12:31:23.495 [Forwarding getAlertText on session d294cb3a30cab430e1bc72181bdbd78d to remote] DEBUG org.asynchttpclient.netty.request.NettyRequestSender - Using open Channel [id: 0x9eaa4fca, L:/127.0.0.1:60138 - R:localhost/127.0.0.1:64949] for GET '/session/d294cb3a30cab430e1bc72181bdbd78d/alert/text'
12:31:23.497 [AsyncHttpClient-1-10] DEBUG org.asynchttpclient.netty.handler.HttpHandler - 

Request DefaultFullHttpRequest(decodeResult: success, version: HTTP/1.1, content: EmptyByteBufBE)
GET /session/d294cb3a30cab430e1bc72181bdbd78d/alert/text HTTP/1.1
User-Agent: selenium/4.4.0 (java windows)
Cache-Control: no-cache
Content-Type: application/json; charset=utf-8
host: localhost:64949
accept: */*

Response DefaultHttpResponse(decodeResult: success, version: HTTP/1.1)
HTTP/1.1 404 Not Found
Content-Type: application/json; charset=utf-8
cache-control: no-cache
content-length: 879

12:31:23.497 [AsyncHttpClient-1-10] DEBUG org.asynchttpclient.netty.channel.ChannelManager - Adding key: http://localhost:64949 for channel [id: 0x9eaa4fca, L:/127.0.0.1:60138 - R:localhost/127.0.0.1:64949]
12:31:23.501 [Forwarding switchToWindow on session d294cb3a30cab430e1bc72181bdbd78d to remote] DEBUG org.asynchttpclient.netty.request.NettyRequestSender - Using pooled Channel '[id: 0x9eaa4fca, L:/127.0.0.1:60138 - R:localhost/127.0.0.1:64949]' for 'POST' to 'http://localhost:64949/session/d294cb3a30cab430e1bc72181bdbd78d/window'
12:31:23.501 [Forwarding switchToWindow on session d294cb3a30cab430e1bc72181bdbd78d to remote] DEBUG org.asynchttpclient.netty.request.NettyRequestSender - Using open Channel [id: 0x9eaa4fca, L:/127.0.0.1:60138 - R:localhost/127.0.0.1:64949] for POST '/session/d294cb3a30cab430e1bc72181bdbd78d/window'
12:31:23.504 [AsyncHttpClient-1-10] DEBUG org.asynchttpclient.netty.handler.HttpHandler - 

Request DefaultHttpRequest(decodeResult: success, version: HTTP/1.1)
POST /session/d294cb3a30cab430e1bc72181bdbd78d/window HTTP/1.1
User-Agent: selenium/4.4.0 (java windows)
Content-Length: 59
Content-Type: application/json; charset=utf-8
host: localhost:64949
accept: */*

Response DefaultHttpResponse(decodeResult: success, version: HTTP/1.1)
HTTP/1.1 200 OK
Content-Type: application/json; charset=utf-8
cache-control: no-cache
content-length: 14

12:31:23.504 [AsyncHttpClient-1-10] DEBUG org.asynchttpclient.netty.channel.ChannelManager - Adding key: http://localhost:64949 for channel [id: 0x9eaa4fca, L:/127.0.0.1:60138 - R:localhost/127.0.0.1:64949]
12:31:23.504 [Forwarding getCurrentUrl on session d294cb3a30cab430e1bc72181bdbd78d to remote] DEBUG org.asynchttpclient.netty.request.NettyRequestSender - Using pooled Channel '[id: 0x9eaa4fca, L:/127.0.0.1:60138 - R:localhost/127.0.0.1:64949]' for 'GET' to 'http://localhost:64949/session/d294cb3a30cab430e1bc72181bdbd78d/url'
12:31:23.504 [Forwarding getCurrentUrl on session d294cb3a30cab430e1bc72181bdbd78d to remote] DEBUG org.asynchttpclient.netty.request.NettyRequestSender - Using open Channel [id: 0x9eaa4fca, L:/127.0.0.1:60138 - R:localhost/127.0.0.1:64949] for GET '/session/d294cb3a30cab430e1bc72181bdbd78d/url'
12:31:23.508 [AsyncHttpClient-1-10] DEBUG org.asynchttpclient.netty.handler.HttpHandler - 

Request DefaultFullHttpRequest(decodeResult: success, version: HTTP/1.1, content: EmptyByteBufBE)
GET /session/d294cb3a30cab430e1bc72181bdbd78d/url HTTP/1.1
User-Agent: selenium/4.4.0 (java windows)
Cache-Control: no-cache
Content-Type: application/json; charset=utf-8
host: localhost:64949
accept: */*

Response DefaultHttpResponse(decodeResult: success, version: HTTP/1.1)
HTTP/1.1 200 OK
Content-Type: application/json; charset=utf-8
cache-control: no-cache
content-length: 52

12:31:23.508 [AsyncHttpClient-1-10] DEBUG org.asynchttpclient.netty.channel.ChannelManager - Adding key: http://localhost:64949 for channel [id: 0x9eaa4fca, L:/127.0.0.1:60138 - R:localhost/127.0.0.1:64949]
12:31:23.509 [Forwarding screenshot on session d294cb3a30cab430e1bc72181bdbd78d to remote] DEBUG org.asynchttpclient.netty.request.NettyRequestSender - Using pooled Channel '[id: 0x9eaa4fca, L:/127.0.0.1:60138 - R:localhost/127.0.0.1:64949]' for 'GET' to 'http://localhost:64949/session/d294cb3a30cab430e1bc72181bdbd78d/screenshot'
12:31:23.509 [Forwarding screenshot on session d294cb3a30cab430e1bc72181bdbd78d to remote] DEBUG org.asynchttpclient.netty.request.NettyRequestSender - Using open Channel [id: 0x9eaa4fca, L:/127.0.0.1:60138 - R:localhost/127.0.0.1:64949] for GET '/session/d294cb3a30cab430e1bc72181bdbd78d/screenshot'
12:31:23.602 [AsyncHttpClient-1-10] DEBUG org.asynchttpclient.netty.handler.HttpHandler - 

Request DefaultFullHttpRequest(decodeResult: success, version: HTTP/1.1, content: EmptyByteBufBE)
GET /session/d294cb3a30cab430e1bc72181bdbd78d/screenshot HTTP/1.1
User-Agent: selenium/4.4.0 (java windows)
Cache-Control: no-cache
Content-Type: application/json; charset=utf-8
host: localhost:64949
accept: */*

Response DefaultHttpResponse(decodeResult: success, version: HTTP/1.1)
HTTP/1.1 200 OK
Content-Type: application/json; charset=utf-8
cache-control: no-cache
content-length: 316072

12:31:23.602 [AsyncHttpClient-1-10] DEBUG org.asynchttpclient.netty.channel.ChannelManager - Adding key: http://localhost:64949 for channel [id: 0x9eaa4fca, L:/127.0.0.1:60138 - R:localhost/127.0.0.1:64949]
12:31:23.611 [Test worker] DEBUG net.serenitybdd.core.photography.Darkroom - Send negative for processing for C:\Users\juan.gomezv\IdeaProjects\sura\target\site\serenity\e44069ae212a02c6322b8bddc355adc221270edded46bd42546211af4a56801c.png
12:31:23.618 [Forwarding getPageSource on session d294cb3a30cab430e1bc72181bdbd78d to remote] DEBUG org.asynchttpclient.netty.request.NettyRequestSender - Using pooled Channel '[id: 0x9eaa4fca, L:/127.0.0.1:60138 - R:localhost/127.0.0.1:64949]' for 'POST' to 'http://localhost:64949/session/d294cb3a30cab430e1bc72181bdbd78d/execute/sync'
12:31:23.618 [Forwarding getPageSource on session d294cb3a30cab430e1bc72181bdbd78d to remote] DEBUG org.asynchttpclient.netty.request.NettyRequestSender - Using open Channel [id: 0x9eaa4fca, L:/127.0.0.1:60138 - R:localhost/127.0.0.1:64949] for POST '/session/d294cb3a30cab430e1bc72181bdbd78d/execute/sync'
12:31:23.623 [AsyncHttpClient-1-10] DEBUG org.asynchttpclient.netty.handler.HttpHandler - 

Request DefaultHttpRequest(decodeResult: success, version: HTTP/1.1)
POST /session/d294cb3a30cab430e1bc72181bdbd78d/execute/sync HTTP/1.1
User-Agent: selenium/4.4.0 (java windows)
Content-Length: 176
Content-Type: application/json; charset=utf-8
host: localhost:64949
accept: */*

Response DefaultHttpResponse(decodeResult: success, version: HTTP/1.1)
HTTP/1.1 200 OK
Content-Type: application/json; charset=utf-8
cache-control: no-cache
content-length: 15270

12:31:23.623 [AsyncHttpClient-1-10] DEBUG org.asynchttpclient.netty.channel.ChannelManager - Adding key: http://localhost:64949 for channel [id: 0x9eaa4fca, L:/127.0.0.1:60138 - R:localhost/127.0.0.1:64949]
12:31:23.625 [Forwarding getCurrentUrl on session d294cb3a30cab430e1bc72181bdbd78d to remote] DEBUG org.asynchttpclient.netty.request.NettyRequestSender - Using pooled Channel '[id: 0x9eaa4fca, L:/127.0.0.1:60138 - R:localhost/127.0.0.1:64949]' for 'GET' to 'http://localhost:64949/session/d294cb3a30cab430e1bc72181bdbd78d/url'
12:31:23.625 [Forwarding getCurrentUrl on session d294cb3a30cab430e1bc72181bdbd78d to remote] DEBUG org.asynchttpclient.netty.request.NettyRequestSender - Using open Channel [id: 0x9eaa4fca, L:/127.0.0.1:60138 - R:localhost/127.0.0.1:64949] for GET '/session/d294cb3a30cab430e1bc72181bdbd78d/url'
12:31:23.629 [AsyncHttpClient-1-10] DEBUG org.asynchttpclient.netty.handler.HttpHandler - 

Request DefaultFullHttpRequest(decodeResult: success, version: HTTP/1.1, content: EmptyByteBufBE)
GET /session/d294cb3a30cab430e1bc72181bdbd78d/url HTTP/1.1
User-Agent: selenium/4.4.0 (java windows)
Cache-Control: no-cache
Content-Type: application/json; charset=utf-8
host: localhost:64949
accept: */*

Response DefaultHttpResponse(decodeResult: success, version: HTTP/1.1)
HTTP/1.1 200 OK
Content-Type: application/json; charset=utf-8
cache-control: no-cache
content-length: 52

12:31:23.629 [AsyncHttpClient-1-10] DEBUG org.asynchttpclient.netty.channel.ChannelManager - Adding key: http://localhost:64949 for channel [id: 0x9eaa4fca, L:/127.0.0.1:60138 - R:localhost/127.0.0.1:64949]
12:31:23.631 [Test worker] DEBUG net.thucydides.core.steps.StepInterceptor - STARTING STEP: SelectFromCatalogue.performAs - !#title
12:31:23.662 [Test worker] DEBUG net.serenitybdd.screenplay.targets.IFrameSwitcher - default content already selected for catalogue product button
12:31:23.668 [Forwarding findElements on session d294cb3a30cab430e1bc72181bdbd78d to remote] DEBUG org.asynchttpclient.netty.request.NettyRequestSender - Using pooled Channel '[id: 0x9eaa4fca, L:/127.0.0.1:60138 - R:localhost/127.0.0.1:64949]' for 'POST' to 'http://localhost:64949/session/d294cb3a30cab430e1bc72181bdbd78d/elements'
12:31:23.668 [Forwarding findElements on session d294cb3a30cab430e1bc72181bdbd78d to remote] DEBUG org.asynchttpclient.netty.request.NettyRequestSender - Using open Channel [id: 0x9eaa4fca, L:/127.0.0.1:60138 - R:localhost/127.0.0.1:64949] for POST '/session/d294cb3a30cab430e1bc72181bdbd78d/elements'
12:31:23.677 [AsyncHttpClient-1-10] DEBUG org.asynchttpclient.netty.handler.HttpHandler - 

Request DefaultHttpRequest(decodeResult: success, version: HTTP/1.1)
POST /session/d294cb3a30cab430e1bc72181bdbd78d/elements HTTP/1.1
User-Agent: selenium/4.4.0 (java windows)
Content-Length: 112
Content-Type: application/json; charset=utf-8
host: localhost:64949
accept: */*

Response DefaultHttpResponse(decodeResult: success, version: HTTP/1.1)
HTTP/1.1 200 OK
Content-Type: application/json; charset=utf-8
cache-control: no-cache
content-length: 90

12:31:23.677 [AsyncHttpClient-1-10] DEBUG org.asynchttpclient.netty.channel.ChannelManager - Adding key: http://localhost:64949 for channel [id: 0x9eaa4fca, L:/127.0.0.1:60138 - R:localhost/127.0.0.1:64949]
12:31:23.690 [Forwarding isElementDisplayed on session d294cb3a30cab430e1bc72181bdbd78d to remote] DEBUG org.asynchttpclient.netty.request.NettyRequestSender - Using pooled Channel '[id: 0x9eaa4fca, L:/127.0.0.1:60138 - R:localhost/127.0.0.1:64949]' for 'POST' to 'http://localhost:64949/session/d294cb3a30cab430e1bc72181bdbd78d/execute/sync'
12:31:23.690 [Forwarding isElementDisplayed on session d294cb3a30cab430e1bc72181bdbd78d to remote] DEBUG org.asynchttpclient.netty.request.NettyRequestSender - Using open Channel [id: 0x9eaa4fca, L:/127.0.0.1:60138 - R:localhost/127.0.0.1:64949] for POST '/session/d294cb3a30cab430e1bc72181bdbd78d/execute/sync'
12:31:23.705 [AsyncHttpClient-1-10] DEBUG org.asynchttpclient.netty.handler.HttpHandler - 

Request DefaultHttpRequest(decodeResult: success, version: HTTP/1.1)
POST /session/d294cb3a30cab430e1bc72181bdbd78d/execute/sync HTTP/1.1
User-Agent: selenium/4.4.0 (java windows)
Content-Length: 48780
Content-Type: application/json; charset=utf-8
host: localhost:64949
accept: */*

Response DefaultHttpResponse(decodeResult: success, version: HTTP/1.1)
HTTP/1.1 200 OK
Content-Type: application/json; charset=utf-8
cache-control: no-cache
content-length: 14

12:31:23.705 [AsyncHttpClient-1-10] DEBUG org.asynchttpclient.netty.channel.ChannelManager - Adding key: http://localhost:64949 for channel [id: 0x9eaa4fca, L:/127.0.0.1:60138 - R:localhost/127.0.0.1:64949]
12:31:23.708 [Forwarding isElementDisplayed on session d294cb3a30cab430e1bc72181bdbd78d to remote] DEBUG org.asynchttpclient.netty.request.NettyRequestSender - Using pooled Channel '[id: 0x9eaa4fca, L:/127.0.0.1:60138 - R:localhost/127.0.0.1:64949]' for 'POST' to 'http://localhost:64949/session/d294cb3a30cab430e1bc72181bdbd78d/execute/sync'
12:31:23.708 [Forwarding isElementDisplayed on session d294cb3a30cab430e1bc72181bdbd78d to remote] DEBUG org.asynchttpclient.netty.request.NettyRequestSender - Using open Channel [id: 0x9eaa4fca, L:/127.0.0.1:60138 - R:localhost/127.0.0.1:64949] for POST '/session/d294cb3a30cab430e1bc72181bdbd78d/execute/sync'
12:31:23.716 [AsyncHttpClient-1-10] DEBUG org.asynchttpclient.netty.handler.HttpHandler - 

Request DefaultHttpRequest(decodeResult: success, version: HTTP/1.1)
POST /session/d294cb3a30cab430e1bc72181bdbd78d/execute/sync HTTP/1.1
User-Agent: selenium/4.4.0 (java windows)
Content-Length: 48780
Content-Type: application/json; charset=utf-8
host: localhost:64949
accept: */*

Response DefaultHttpResponse(decodeResult: success, version: HTTP/1.1)
HTTP/1.1 200 OK
Content-Type: application/json; charset=utf-8
cache-control: no-cache
content-length: 14

12:31:23.716 [AsyncHttpClient-1-10] DEBUG org.asynchttpclient.netty.channel.ChannelManager - Adding key: http://localhost:64949 for channel [id: 0x9eaa4fca, L:/127.0.0.1:60138 - R:localhost/127.0.0.1:64949]
12:31:23.735 [Forwarding getCurrentWindowHandle on session d294cb3a30cab430e1bc72181bdbd78d to remote] DEBUG org.asynchttpclient.netty.request.NettyRequestSender - Using pooled Channel '[id: 0x9eaa4fca, L:/127.0.0.1:60138 - R:localhost/127.0.0.1:64949]' for 'GET' to 'http://localhost:64949/session/d294cb3a30cab430e1bc72181bdbd78d/window'
12:31:23.735 [Forwarding getCurrentWindowHandle on session d294cb3a30cab430e1bc72181bdbd78d to remote] DEBUG org.asynchttpclient.netty.request.NettyRequestSender - Using open Channel [id: 0x9eaa4fca, L:/127.0.0.1:60138 - R:localhost/127.0.0.1:64949] for GET '/session/d294cb3a30cab430e1bc72181bdbd78d/window'
12:31:23.736 [AsyncHttpClient-1-10] DEBUG org.asynchttpclient.netty.handler.HttpHandler - 

Request DefaultFullHttpRequest(decodeResult: success, version: HTTP/1.1, content: EmptyByteBufBE)
GET /session/d294cb3a30cab430e1bc72181bdbd78d/window HTTP/1.1
User-Agent: selenium/4.4.0 (java windows)
Cache-Control: no-cache
Content-Type: application/json; charset=utf-8
host: localhost:64949
accept: */*

Response DefaultHttpResponse(decodeResult: success, version: HTTP/1.1)
HTTP/1.1 200 OK
Content-Type: application/json; charset=utf-8
cache-control: no-cache
content-length: 53

12:31:23.736 [AsyncHttpClient-1-10] DEBUG org.asynchttpclient.netty.channel.ChannelManager - Adding key: http://localhost:64949 for channel [id: 0x9eaa4fca, L:/127.0.0.1:60138 - R:localhost/127.0.0.1:64949]
12:31:23.743 [Forwarding getAlertText on session d294cb3a30cab430e1bc72181bdbd78d to remote] DEBUG org.asynchttpclient.netty.request.NettyRequestSender - Using pooled Channel '[id: 0x9eaa4fca, L:/127.0.0.1:60138 - R:localhost/127.0.0.1:64949]' for 'GET' to 'http://localhost:64949/session/d294cb3a30cab430e1bc72181bdbd78d/alert/text'
12:31:23.744 [Forwarding getAlertText on session d294cb3a30cab430e1bc72181bdbd78d to remote] DEBUG org.asynchttpclient.netty.request.NettyRequestSender - Using open Channel [id: 0x9eaa4fca, L:/127.0.0.1:60138 - R:localhost/127.0.0.1:64949] for GET '/session/d294cb3a30cab430e1bc72181bdbd78d/alert/text'
12:31:23.745 [AsyncHttpClient-1-10] DEBUG org.asynchttpclient.netty.handler.HttpHandler - 

Request DefaultFullHttpRequest(decodeResult: success, version: HTTP/1.1, content: EmptyByteBufBE)
GET /session/d294cb3a30cab430e1bc72181bdbd78d/alert/text HTTP/1.1
User-Agent: selenium/4.4.0 (java windows)
Cache-Control: no-cache
Content-Type: application/json; charset=utf-8
host: localhost:64949
accept: */*

Response DefaultHttpResponse(decodeResult: success, version: HTTP/1.1)
HTTP/1.1 404 Not Found
Content-Type: application/json; charset=utf-8
cache-control: no-cache
content-length: 879

12:31:23.745 [AsyncHttpClient-1-10] DEBUG org.asynchttpclient.netty.channel.ChannelManager - Adding key: http://localhost:64949 for channel [id: 0x9eaa4fca, L:/127.0.0.1:60138 - R:localhost/127.0.0.1:64949]
12:31:23.749 [Forwarding switchToWindow on session d294cb3a30cab430e1bc72181bdbd78d to remote] DEBUG org.asynchttpclient.netty.request.NettyRequestSender - Using pooled Channel '[id: 0x9eaa4fca, L:/127.0.0.1:60138 - R:localhost/127.0.0.1:64949]' for 'POST' to 'http://localhost:64949/session/d294cb3a30cab430e1bc72181bdbd78d/window'
12:31:23.749 [Forwarding switchToWindow on session d294cb3a30cab430e1bc72181bdbd78d to remote] DEBUG org.asynchttpclient.netty.request.NettyRequestSender - Using open Channel [id: 0x9eaa4fca, L:/127.0.0.1:60138 - R:localhost/127.0.0.1:64949] for POST '/session/d294cb3a30cab430e1bc72181bdbd78d/window'
12:31:23.753 [AsyncHttpClient-1-10] DEBUG org.asynchttpclient.netty.handler.HttpHandler - 

Request DefaultHttpRequest(decodeResult: success, version: HTTP/1.1)
POST /session/d294cb3a30cab430e1bc72181bdbd78d/window HTTP/1.1
User-Agent: selenium/4.4.0 (java windows)
Content-Length: 59
Content-Type: application/json; charset=utf-8
host: localhost:64949
accept: */*

Response DefaultHttpResponse(decodeResult: success, version: HTTP/1.1)
HTTP/1.1 200 OK
Content-Type: application/json; charset=utf-8
cache-control: no-cache
content-length: 14

12:31:23.753 [AsyncHttpClient-1-10] DEBUG org.asynchttpclient.netty.channel.ChannelManager - Adding key: http://localhost:64949 for channel [id: 0x9eaa4fca, L:/127.0.0.1:60138 - R:localhost/127.0.0.1:64949]
12:31:23.754 [Forwarding getCurrentUrl on session d294cb3a30cab430e1bc72181bdbd78d to remote] DEBUG org.asynchttpclient.netty.request.NettyRequestSender - Using pooled Channel '[id: 0x9eaa4fca, L:/127.0.0.1:60138 - R:localhost/127.0.0.1:64949]' for 'GET' to 'http://localhost:64949/session/d294cb3a30cab430e1bc72181bdbd78d/url'
12:31:23.754 [Forwarding getCurrentUrl on session d294cb3a30cab430e1bc72181bdbd78d to remote] DEBUG org.asynchttpclient.netty.request.NettyRequestSender - Using open Channel [id: 0x9eaa4fca, L:/127.0.0.1:60138 - R:localhost/127.0.0.1:64949] for GET '/session/d294cb3a30cab430e1bc72181bdbd78d/url'
12:31:23.757 [AsyncHttpClient-1-10] DEBUG org.asynchttpclient.netty.handler.HttpHandler - 

Request DefaultFullHttpRequest(decodeResult: success, version: HTTP/1.1, content: EmptyByteBufBE)
GET /session/d294cb3a30cab430e1bc72181bdbd78d/url HTTP/1.1
User-Agent: selenium/4.4.0 (java windows)
Cache-Control: no-cache
Content-Type: application/json; charset=utf-8
host: localhost:64949
accept: */*

Response DefaultHttpResponse(decodeResult: success, version: HTTP/1.1)
HTTP/1.1 200 OK
Content-Type: application/json; charset=utf-8
cache-control: no-cache
content-length: 52

12:31:23.757 [AsyncHttpClient-1-10] DEBUG org.asynchttpclient.netty.channel.ChannelManager - Adding key: http://localhost:64949 for channel [id: 0x9eaa4fca, L:/127.0.0.1:60138 - R:localhost/127.0.0.1:64949]
12:31:23.757 [Forwarding screenshot on session d294cb3a30cab430e1bc72181bdbd78d to remote] DEBUG org.asynchttpclient.netty.request.NettyRequestSender - Using pooled Channel '[id: 0x9eaa4fca, L:/127.0.0.1:60138 - R:localhost/127.0.0.1:64949]' for 'GET' to 'http://localhost:64949/session/d294cb3a30cab430e1bc72181bdbd78d/screenshot'
12:31:23.757 [Forwarding screenshot on session d294cb3a30cab430e1bc72181bdbd78d to remote] DEBUG org.asynchttpclient.netty.request.NettyRequestSender - Using open Channel [id: 0x9eaa4fca, L:/127.0.0.1:60138 - R:localhost/127.0.0.1:64949] for GET '/session/d294cb3a30cab430e1bc72181bdbd78d/screenshot'
12:31:23.867 [AsyncHttpClient-1-10] DEBUG org.asynchttpclient.netty.handler.HttpHandler - 

Request DefaultFullHttpRequest(decodeResult: success, version: HTTP/1.1, content: EmptyByteBufBE)
GET /session/d294cb3a30cab430e1bc72181bdbd78d/screenshot HTTP/1.1
User-Agent: selenium/4.4.0 (java windows)
Cache-Control: no-cache
Content-Type: application/json; charset=utf-8
host: localhost:64949
accept: */*

Response DefaultHttpResponse(decodeResult: success, version: HTTP/1.1)
HTTP/1.1 200 OK
Content-Type: application/json; charset=utf-8
cache-control: no-cache
content-length: 316072

12:31:23.868 [AsyncHttpClient-1-10] DEBUG org.asynchttpclient.netty.channel.ChannelManager - Adding key: http://localhost:64949 for channel [id: 0x9eaa4fca, L:/127.0.0.1:60138 - R:localhost/127.0.0.1:64949]
12:31:23.876 [Test worker] DEBUG net.serenitybdd.core.photography.Darkroom - Send negative for processing for C:\Users\juan.gomezv\IdeaProjects\sura\target\site\serenity\e44069ae212a02c6322b8bddc355adc221270edded46bd42546211af4a56801c.png
12:31:23.881 [Forwarding getPageSource on session d294cb3a30cab430e1bc72181bdbd78d to remote] DEBUG org.asynchttpclient.netty.request.NettyRequestSender - Using pooled Channel '[id: 0x9eaa4fca, L:/127.0.0.1:60138 - R:localhost/127.0.0.1:64949]' for 'POST' to 'http://localhost:64949/session/d294cb3a30cab430e1bc72181bdbd78d/execute/sync'
12:31:23.881 [Forwarding getPageSource on session d294cb3a30cab430e1bc72181bdbd78d to remote] DEBUG org.asynchttpclient.netty.request.NettyRequestSender - Using open Channel [id: 0x9eaa4fca, L:/127.0.0.1:60138 - R:localhost/127.0.0.1:64949] for POST '/session/d294cb3a30cab430e1bc72181bdbd78d/execute/sync'
12:31:23.886 [AsyncHttpClient-1-10] DEBUG org.asynchttpclient.netty.handler.HttpHandler - 

Request DefaultHttpRequest(decodeResult: success, version: HTTP/1.1)
POST /session/d294cb3a30cab430e1bc72181bdbd78d/execute/sync HTTP/1.1
User-Agent: selenium/4.4.0 (java windows)
Content-Length: 176
Content-Type: application/json; charset=utf-8
host: localhost:64949
accept: */*

Response DefaultHttpResponse(decodeResult: success, version: HTTP/1.1)
HTTP/1.1 200 OK
Content-Type: application/json; charset=utf-8
cache-control: no-cache
content-length: 15270

12:31:23.886 [AsyncHttpClient-1-10] DEBUG org.asynchttpclient.netty.channel.ChannelManager - Adding key: http://localhost:64949 for channel [id: 0x9eaa4fca, L:/127.0.0.1:60138 - R:localhost/127.0.0.1:64949]
12:31:23.887 [Forwarding getCurrentUrl on session d294cb3a30cab430e1bc72181bdbd78d to remote] DEBUG org.asynchttpclient.netty.request.NettyRequestSender - Using pooled Channel '[id: 0x9eaa4fca, L:/127.0.0.1:60138 - R:localhost/127.0.0.1:64949]' for 'GET' to 'http://localhost:64949/session/d294cb3a30cab430e1bc72181bdbd78d/url'
12:31:23.887 [Forwarding getCurrentUrl on session d294cb3a30cab430e1bc72181bdbd78d to remote] DEBUG org.asynchttpclient.netty.request.NettyRequestSender - Using open Channel [id: 0x9eaa4fca, L:/127.0.0.1:60138 - R:localhost/127.0.0.1:64949] for GET '/session/d294cb3a30cab430e1bc72181bdbd78d/url'
12:31:23.891 [AsyncHttpClient-1-10] DEBUG org.asynchttpclient.netty.handler.HttpHandler - 

Request DefaultFullHttpRequest(decodeResult: success, version: HTTP/1.1, content: EmptyByteBufBE)
GET /session/d294cb3a30cab430e1bc72181bdbd78d/url HTTP/1.1
User-Agent: selenium/4.4.0 (java windows)
Cache-Control: no-cache
Content-Type: application/json; charset=utf-8
host: localhost:64949
accept: */*

Response DefaultHttpResponse(decodeResult: success, version: HTTP/1.1)
HTTP/1.1 200 OK
Content-Type: application/json; charset=utf-8
cache-control: no-cache
content-length: 52

12:31:23.891 [AsyncHttpClient-1-10] DEBUG org.asynchttpclient.netty.channel.ChannelManager - Adding key: http://localhost:64949 for channel [id: 0x9eaa4fca, L:/127.0.0.1:60138 - R:localhost/127.0.0.1:64949]
12:31:23.893 [Test worker] DEBUG net.thucydides.core.steps.StepInterceptor - STARTING STEP: SelectFromCatalogue.performAs - {0} clicks on #target
12:31:23.893 [Test worker] DEBUG net.serenitybdd.screenplay.targets.IFrameSwitcher - default content already selected for catalogue product button
12:31:23.929 [Forwarding findElement on session d294cb3a30cab430e1bc72181bdbd78d to remote] DEBUG org.asynchttpclient.netty.request.NettyRequestSender - Using pooled Channel '[id: 0x9eaa4fca, L:/127.0.0.1:60138 - R:localhost/127.0.0.1:64949]' for 'POST' to 'http://localhost:64949/session/d294cb3a30cab430e1bc72181bdbd78d/element'
12:31:23.929 [Forwarding findElement on session d294cb3a30cab430e1bc72181bdbd78d to remote] DEBUG org.asynchttpclient.netty.request.NettyRequestSender - Using open Channel [id: 0x9eaa4fca, L:/127.0.0.1:60138 - R:localhost/127.0.0.1:64949] for POST '/session/d294cb3a30cab430e1bc72181bdbd78d/element'
12:31:23.938 [AsyncHttpClient-1-10] DEBUG org.asynchttpclient.netty.handler.HttpHandler - 

Request DefaultHttpRequest(decodeResult: success, version: HTTP/1.1)
POST /session/d294cb3a30cab430e1bc72181bdbd78d/element HTTP/1.1
User-Agent: selenium/4.4.0 (java windows)
Content-Length: 112
Content-Type: application/json; charset=utf-8
host: localhost:64949
accept: */*

Response DefaultHttpResponse(decodeResult: success, version: HTTP/1.1)
HTTP/1.1 200 OK
Content-Type: application/json; charset=utf-8
cache-control: no-cache
content-length: 88

12:31:23.938 [AsyncHttpClient-1-10] DEBUG org.asynchttpclient.netty.channel.ChannelManager - Adding key: http://localhost:64949 for channel [id: 0x9eaa4fca, L:/127.0.0.1:60138 - R:localhost/127.0.0.1:64949]
12:31:23.943 [AsyncHttpClient-1-1] DEBUG org.asynchttpclient.netty.channel.DefaultChannelPool - Entry count for : http://localhost:64949 : 1
12:31:23.943 [AsyncHttpClient-1-1] DEBUG org.asynchttpclient.netty.channel.DefaultChannelPool - Entry count for : http://localhost:60139 : 1
12:31:23.943 [Forwarding isElementDisplayed on session d294cb3a30cab430e1bc72181bdbd78d to remote] DEBUG org.asynchttpclient.netty.request.NettyRequestSender - Using pooled Channel '[id: 0x9eaa4fca, L:/127.0.0.1:60138 - R:localhost/127.0.0.1:64949]' for 'POST' to 'http://localhost:64949/session/d294cb3a30cab430e1bc72181bdbd78d/execute/sync'
12:31:23.943 [Forwarding isElementDisplayed on session d294cb3a30cab430e1bc72181bdbd78d to remote] DEBUG org.asynchttpclient.netty.request.NettyRequestSender - Using open Channel [id: 0x9eaa4fca, L:/127.0.0.1:60138 - R:localhost/127.0.0.1:64949] for POST '/session/d294cb3a30cab430e1bc72181bdbd78d/execute/sync'
12:31:23.953 [AsyncHttpClient-1-10] DEBUG org.asynchttpclient.netty.handler.HttpHandler - 

Request DefaultHttpRequest(decodeResult: success, version: HTTP/1.1)
POST /session/d294cb3a30cab430e1bc72181bdbd78d/execute/sync HTTP/1.1
User-Agent: selenium/4.4.0 (java windows)
Content-Length: 48780
Content-Type: application/json; charset=utf-8
host: localhost:64949
accept: */*

Response DefaultHttpResponse(decodeResult: success, version: HTTP/1.1)
HTTP/1.1 200 OK
Content-Type: application/json; charset=utf-8
cache-control: no-cache
content-length: 14

12:31:23.953 [AsyncHttpClient-1-10] DEBUG org.asynchttpclient.netty.channel.ChannelManager - Adding key: http://localhost:64949 for channel [id: 0x9eaa4fca, L:/127.0.0.1:60138 - R:localhost/127.0.0.1:64949]
12:31:23.961 [Forwarding findElement on session d294cb3a30cab430e1bc72181bdbd78d to remote] DEBUG org.asynchttpclient.netty.request.NettyRequestSender - Using pooled Channel '[id: 0x9eaa4fca, L:/127.0.0.1:60138 - R:localhost/127.0.0.1:64949]' for 'POST' to 'http://localhost:64949/session/d294cb3a30cab430e1bc72181bdbd78d/element'
12:31:23.961 [Forwarding findElement on session d294cb3a30cab430e1bc72181bdbd78d to remote] DEBUG org.asynchttpclient.netty.request.NettyRequestSender - Using open Channel [id: 0x9eaa4fca, L:/127.0.0.1:60138 - R:localhost/127.0.0.1:64949] for POST '/session/d294cb3a30cab430e1bc72181bdbd78d/element'
12:31:23.968 [AsyncHttpClient-1-10] DEBUG org.asynchttpclient.netty.handler.HttpHandler - 

Request DefaultHttpRequest(decodeResult: success, version: HTTP/1.1)
POST /session/d294cb3a30cab430e1bc72181bdbd78d/element HTTP/1.1
User-Agent: selenium/4.4.0 (java windows)
Content-Length: 112
Content-Type: application/json; charset=utf-8
host: localhost:64949
accept: */*

Response DefaultHttpResponse(decodeResult: success, version: HTTP/1.1)
HTTP/1.1 200 OK
Content-Type: application/json; charset=utf-8
cache-control: no-cache
content-length: 88

12:31:23.968 [AsyncHttpClient-1-10] DEBUG org.asynchttpclient.netty.channel.ChannelManager - Adding key: http://localhost:64949 for channel [id: 0x9eaa4fca, L:/127.0.0.1:60138 - R:localhost/127.0.0.1:64949]
12:31:23.969 [Forwarding clickElement on session d294cb3a30cab430e1bc72181bdbd78d to remote] DEBUG org.asynchttpclient.netty.request.NettyRequestSender - Using pooled Channel '[id: 0x9eaa4fca, L:/127.0.0.1:60138 - R:localhost/127.0.0.1:64949]' for 'POST' to 'http://localhost:64949/session/d294cb3a30cab430e1bc72181bdbd78d/element/33cc77a9-2a16-417c-a07b-2d2f6d6ea6f6/click'
12:31:23.969 [Forwarding clickElement on session d294cb3a30cab430e1bc72181bdbd78d to remote] DEBUG org.asynchttpclient.netty.request.NettyRequestSender - Using open Channel [id: 0x9eaa4fca, L:/127.0.0.1:60138 - R:localhost/127.0.0.1:64949] for POST '/session/d294cb3a30cab430e1bc72181bdbd78d/element/33cc77a9-2a16-417c-a07b-2d2f6d6ea6f6/click'
12:31:23.998 [AsyncHttpClient-1-10] DEBUG org.asynchttpclient.netty.handler.HttpHandler - 

Request DefaultHttpRequest(decodeResult: success, version: HTTP/1.1)
POST /session/d294cb3a30cab430e1bc72181bdbd78d/element/33cc77a9-2a16-417c-a07b-2d2f6d6ea6f6/click HTTP/1.1
User-Agent: selenium/4.4.0 (java windows)
Content-Length: 50
Content-Type: application/json; charset=utf-8
host: localhost:64949
accept: */*

Response DefaultHttpResponse(decodeResult: success, version: HTTP/1.1)
HTTP/1.1 200 OK
Content-Type: application/json; charset=utf-8
cache-control: no-cache
content-length: 14

12:31:23.998 [AsyncHttpClient-1-10] DEBUG org.asynchttpclient.netty.channel.ChannelManager - Adding key: http://localhost:64949 for channel [id: 0x9eaa4fca, L:/127.0.0.1:60138 - R:localhost/127.0.0.1:64949]
12:31:24.012 [Forwarding getCurrentWindowHandle on session d294cb3a30cab430e1bc72181bdbd78d to remote] DEBUG org.asynchttpclient.netty.request.NettyRequestSender - Using pooled Channel '[id: 0x9eaa4fca, L:/127.0.0.1:60138 - R:localhost/127.0.0.1:64949]' for 'GET' to 'http://localhost:64949/session/d294cb3a30cab430e1bc72181bdbd78d/window'
12:31:24.013 [Forwarding getCurrentWindowHandle on session d294cb3a30cab430e1bc72181bdbd78d to remote] DEBUG org.asynchttpclient.netty.request.NettyRequestSender - Using open Channel [id: 0x9eaa4fca, L:/127.0.0.1:60138 - R:localhost/127.0.0.1:64949] for GET '/session/d294cb3a30cab430e1bc72181bdbd78d/window'
12:31:24.013 [AsyncHttpClient-1-10] DEBUG org.asynchttpclient.netty.handler.HttpHandler - 

Request DefaultFullHttpRequest(decodeResult: success, version: HTTP/1.1, content: EmptyByteBufBE)
GET /session/d294cb3a30cab430e1bc72181bdbd78d/window HTTP/1.1
User-Agent: selenium/4.4.0 (java windows)
Cache-Control: no-cache
Content-Type: application/json; charset=utf-8
host: localhost:64949
accept: */*

Response DefaultHttpResponse(decodeResult: success, version: HTTP/1.1)
HTTP/1.1 200 OK
Content-Type: application/json; charset=utf-8
cache-control: no-cache
content-length: 53

12:31:24.013 [AsyncHttpClient-1-10] DEBUG org.asynchttpclient.netty.channel.ChannelManager - Adding key: http://localhost:64949 for channel [id: 0x9eaa4fca, L:/127.0.0.1:60138 - R:localhost/127.0.0.1:64949]
12:31:24.017 [Forwarding getAlertText on session d294cb3a30cab430e1bc72181bdbd78d to remote] DEBUG org.asynchttpclient.netty.request.NettyRequestSender - Using pooled Channel '[id: 0x9eaa4fca, L:/127.0.0.1:60138 - R:localhost/127.0.0.1:64949]' for 'GET' to 'http://localhost:64949/session/d294cb3a30cab430e1bc72181bdbd78d/alert/text'
12:31:24.017 [Forwarding getAlertText on session d294cb3a30cab430e1bc72181bdbd78d to remote] DEBUG org.asynchttpclient.netty.request.NettyRequestSender - Using open Channel [id: 0x9eaa4fca, L:/127.0.0.1:60138 - R:localhost/127.0.0.1:64949] for GET '/session/d294cb3a30cab430e1bc72181bdbd78d/alert/text'
12:31:24.019 [AsyncHttpClient-1-10] DEBUG org.asynchttpclient.netty.handler.HttpHandler - 

Request DefaultFullHttpRequest(decodeResult: success, version: HTTP/1.1, content: EmptyByteBufBE)
GET /session/d294cb3a30cab430e1bc72181bdbd78d/alert/text HTTP/1.1
User-Agent: selenium/4.4.0 (java windows)
Cache-Control: no-cache
Content-Type: application/json; charset=utf-8
host: localhost:64949
accept: */*

Response DefaultHttpResponse(decodeResult: success, version: HTTP/1.1)
HTTP/1.1 404 Not Found
Content-Type: application/json; charset=utf-8
cache-control: no-cache
content-length: 879

12:31:24.019 [AsyncHttpClient-1-10] DEBUG org.asynchttpclient.netty.channel.ChannelManager - Adding key: http://localhost:64949 for channel [id: 0x9eaa4fca, L:/127.0.0.1:60138 - R:localhost/127.0.0.1:64949]
12:31:24.022 [Forwarding switchToWindow on session d294cb3a30cab430e1bc72181bdbd78d to remote] DEBUG org.asynchttpclient.netty.request.NettyRequestSender - Using pooled Channel '[id: 0x9eaa4fca, L:/127.0.0.1:60138 - R:localhost/127.0.0.1:64949]' for 'POST' to 'http://localhost:64949/session/d294cb3a30cab430e1bc72181bdbd78d/window'
12:31:24.022 [Forwarding switchToWindow on session d294cb3a30cab430e1bc72181bdbd78d to remote] DEBUG org.asynchttpclient.netty.request.NettyRequestSender - Using open Channel [id: 0x9eaa4fca, L:/127.0.0.1:60138 - R:localhost/127.0.0.1:64949] for POST '/session/d294cb3a30cab430e1bc72181bdbd78d/window'
12:31:24.024 [AsyncHttpClient-1-10] DEBUG org.asynchttpclient.netty.handler.HttpHandler - 

Request DefaultHttpRequest(decodeResult: success, version: HTTP/1.1)
POST /session/d294cb3a30cab430e1bc72181bdbd78d/window HTTP/1.1
User-Agent: selenium/4.4.0 (java windows)
Content-Length: 59
Content-Type: application/json; charset=utf-8
host: localhost:64949
accept: */*

Response DefaultHttpResponse(decodeResult: success, version: HTTP/1.1)
HTTP/1.1 200 OK
Content-Type: application/json; charset=utf-8
cache-control: no-cache
content-length: 14

12:31:24.025 [AsyncHttpClient-1-10] DEBUG org.asynchttpclient.netty.channel.ChannelManager - Adding key: http://localhost:64949 for channel [id: 0x9eaa4fca, L:/127.0.0.1:60138 - R:localhost/127.0.0.1:64949]
12:31:24.025 [Forwarding getCurrentUrl on session d294cb3a30cab430e1bc72181bdbd78d to remote] DEBUG org.asynchttpclient.netty.request.NettyRequestSender - Using pooled Channel '[id: 0x9eaa4fca, L:/127.0.0.1:60138 - R:localhost/127.0.0.1:64949]' for 'GET' to 'http://localhost:64949/session/d294cb3a30cab430e1bc72181bdbd78d/url'
12:31:24.025 [Forwarding getCurrentUrl on session d294cb3a30cab430e1bc72181bdbd78d to remote] DEBUG org.asynchttpclient.netty.request.NettyRequestSender - Using open Channel [id: 0x9eaa4fca, L:/127.0.0.1:60138 - R:localhost/127.0.0.1:64949] for GET '/session/d294cb3a30cab430e1bc72181bdbd78d/url'
12:31:24.028 [AsyncHttpClient-1-10] DEBUG org.asynchttpclient.netty.handler.HttpHandler - 

Request DefaultFullHttpRequest(decodeResult: success, version: HTTP/1.1, content: EmptyByteBufBE)
GET /session/d294cb3a30cab430e1bc72181bdbd78d/url HTTP/1.1
User-Agent: selenium/4.4.0 (java windows)
Cache-Control: no-cache
Content-Type: application/json; charset=utf-8
host: localhost:64949
accept: */*

Response DefaultHttpResponse(decodeResult: success, version: HTTP/1.1)
HTTP/1.1 200 OK
Content-Type: application/json; charset=utf-8
cache-control: no-cache
content-length: 52

12:31:24.028 [AsyncHttpClient-1-10] DEBUG org.asynchttpclient.netty.channel.ChannelManager - Adding key: http://localhost:64949 for channel [id: 0x9eaa4fca, L:/127.0.0.1:60138 - R:localhost/127.0.0.1:64949]
12:31:24.028 [Forwarding screenshot on session d294cb3a30cab430e1bc72181bdbd78d to remote] DEBUG org.asynchttpclient.netty.request.NettyRequestSender - Using pooled Channel '[id: 0x9eaa4fca, L:/127.0.0.1:60138 - R:localhost/127.0.0.1:64949]' for 'GET' to 'http://localhost:64949/session/d294cb3a30cab430e1bc72181bdbd78d/screenshot'
12:31:24.028 [Forwarding screenshot on session d294cb3a30cab430e1bc72181bdbd78d to remote] DEBUG org.asynchttpclient.netty.request.NettyRequestSender - Using open Channel [id: 0x9eaa4fca, L:/127.0.0.1:60138 - R:localhost/127.0.0.1:64949] for GET '/session/d294cb3a30cab430e1bc72181bdbd78d/screenshot'
12:31:24.149 [AsyncHttpClient-1-10] DEBUG org.asynchttpclient.netty.handler.HttpHandler - 

Request DefaultFullHttpRequest(decodeResult: success, version: HTTP/1.1, content: EmptyByteBufBE)
GET /session/d294cb3a30cab430e1bc72181bdbd78d/screenshot HTTP/1.1
User-Agent: selenium/4.4.0 (java windows)
Cache-Control: no-cache
Content-Type: application/json; charset=utf-8
host: localhost:64949
accept: */*

Response DefaultHttpResponse(decodeResult: success, version: HTTP/1.1)
HTTP/1.1 200 OK
Content-Type: application/json; charset=utf-8
cache-control: no-cache
content-length: 316892

12:31:24.150 [AsyncHttpClient-1-10] DEBUG org.asynchttpclient.netty.channel.ChannelManager - Adding key: http://localhost:64949 for channel [id: 0x9eaa4fca, L:/127.0.0.1:60138 - R:localhost/127.0.0.1:64949]
12:31:24.157 [Test worker] DEBUG net.serenitybdd.core.photography.Darkroom - Send negative for processing for C:\Users\juan.gomezv\IdeaProjects\sura\target\site\serenity\783a8390056e07a7db435fbc31a3d25038a0dd02f13e1964bb9ed6c42fdcfbee.png
12:31:24.158 [Test worker] DEBUG net.thucydides.core.steps.StepInterceptor - STEP DONE: {0} clicks on #target
12:31:24.158 [Darkroom Processing Line] DEBUG net.serenitybdd.core.photography.DarkroomProcessingLine - Processing screenshot image in /var/screenshots/screenshot-2552793933670332526
12:31:24.158 [Darkroom Processing Line] DEBUG net.serenitybdd.core.photography.DarkroomProcessingLine - Saving screenshot to C:\Users\juan.gomezv\IdeaProjects\sura\target\site\serenity\783a8390056e07a7db435fbc31a3d25038a0dd02f13e1964bb9ed6c42fdcfbee.png
12:31:24.169 [Test worker] DEBUG net.thucydides.core.steps.StepInterceptor - STEP DONE: !#title
12:31:24.180 [Test worker] DEBUG net.thucydides.core.steps.StepInterceptor - STEP DONE: performAs
  ?[32mCuando ?[0m?[32m?[0m?[32m?[1mAna?[0m?[32m hace click en el boton del ?[0m?[32m?[1m1?[0m?[32m articulo?[0m                          ?[90m# sura.stepDefinitions.CatalogueSteps.haceClickEnElBotonDelArticulo(net.serenitybdd.screenplay.Actor,java.lang.Integer)?[0m
12:31:24.206 [Forwarding getPageSource on session d294cb3a30cab430e1bc72181bdbd78d to remote] DEBUG org.asynchttpclient.netty.request.NettyRequestSender - Using pooled Channel '[id: 0x9eaa4fca, L:/127.0.0.1:60138 - R:localhost/127.0.0.1:64949]' for 'POST' to 'http://localhost:64949/session/d294cb3a30cab430e1bc72181bdbd78d/execute/sync'
12:31:24.206 [Forwarding getPageSource on session d294cb3a30cab430e1bc72181bdbd78d to remote] DEBUG org.asynchttpclient.netty.request.NettyRequestSender - Using open Channel [id: 0x9eaa4fca, L:/127.0.0.1:60138 - R:localhost/127.0.0.1:64949] for POST '/session/d294cb3a30cab430e1bc72181bdbd78d/execute/sync'
12:31:24.211 [AsyncHttpClient-1-10] DEBUG org.asynchttpclient.netty.handler.HttpHandler - 

Request DefaultHttpRequest(decodeResult: success, version: HTTP/1.1)
POST /session/d294cb3a30cab430e1bc72181bdbd78d/execute/sync HTTP/1.1
User-Agent: selenium/4.4.0 (java windows)
Content-Length: 176
Content-Type: application/json; charset=utf-8
host: localhost:64949
accept: */*

Response DefaultHttpResponse(decodeResult: success, version: HTTP/1.1)
HTTP/1.1 200 OK
Content-Type: application/json; charset=utf-8
cache-control: no-cache
content-length: 15306

12:31:24.211 [AsyncHttpClient-1-10] DEBUG org.asynchttpclient.netty.channel.ChannelManager - Adding key: http://localhost:64949 for channel [id: 0x9eaa4fca, L:/127.0.0.1:60138 - R:localhost/127.0.0.1:64949]
12:31:24.213 [Forwarding getCurrentUrl on session d294cb3a30cab430e1bc72181bdbd78d to remote] DEBUG org.asynchttpclient.netty.request.NettyRequestSender - Using pooled Channel '[id: 0x9eaa4fca, L:/127.0.0.1:60138 - R:localhost/127.0.0.1:64949]' for 'GET' to 'http://localhost:64949/session/d294cb3a30cab430e1bc72181bdbd78d/url'
12:31:24.213 [Forwarding getCurrentUrl on session d294cb3a30cab430e1bc72181bdbd78d to remote] DEBUG org.asynchttpclient.netty.request.NettyRequestSender - Using open Channel [id: 0x9eaa4fca, L:/127.0.0.1:60138 - R:localhost/127.0.0.1:64949] for GET '/session/d294cb3a30cab430e1bc72181bdbd78d/url'
12:31:24.216 [AsyncHttpClient-1-10] DEBUG org.asynchttpclient.netty.handler.HttpHandler - 

Request DefaultFullHttpRequest(decodeResult: success, version: HTTP/1.1, content: EmptyByteBufBE)
GET /session/d294cb3a30cab430e1bc72181bdbd78d/url HTTP/1.1
User-Agent: selenium/4.4.0 (java windows)
Cache-Control: no-cache
Content-Type: application/json; charset=utf-8
host: localhost:64949
accept: */*

Response DefaultHttpResponse(decodeResult: success, version: HTTP/1.1)
HTTP/1.1 200 OK
Content-Type: application/json; charset=utf-8
cache-control: no-cache
content-length: 52

12:31:24.216 [AsyncHttpClient-1-10] DEBUG org.asynchttpclient.netty.channel.ChannelManager - Adding key: http://localhost:64949 for channel [id: 0x9eaa4fca, L:/127.0.0.1:60138 - R:localhost/127.0.0.1:64949]
12:31:24.229 [Forwarding getCurrentWindowHandle on session d294cb3a30cab430e1bc72181bdbd78d to remote] DEBUG org.asynchttpclient.netty.request.NettyRequestSender - Using pooled Channel '[id: 0x9eaa4fca, L:/127.0.0.1:60138 - R:localhost/127.0.0.1:64949]' for 'GET' to 'http://localhost:64949/session/d294cb3a30cab430e1bc72181bdbd78d/window'
12:31:24.229 [Forwarding getCurrentWindowHandle on session d294cb3a30cab430e1bc72181bdbd78d to remote] DEBUG org.asynchttpclient.netty.request.NettyRequestSender - Using open Channel [id: 0x9eaa4fca, L:/127.0.0.1:60138 - R:localhost/127.0.0.1:64949] for GET '/session/d294cb3a30cab430e1bc72181bdbd78d/window'
12:31:24.230 [AsyncHttpClient-1-10] DEBUG org.asynchttpclient.netty.handler.HttpHandler - 

Request DefaultFullHttpRequest(decodeResult: success, version: HTTP/1.1, content: EmptyByteBufBE)
GET /session/d294cb3a30cab430e1bc72181bdbd78d/window HTTP/1.1
User-Agent: selenium/4.4.0 (java windows)
Cache-Control: no-cache
Content-Type: application/json; charset=utf-8
host: localhost:64949
accept: */*

Response DefaultHttpResponse(decodeResult: success, version: HTTP/1.1)
HTTP/1.1 200 OK
Content-Type: application/json; charset=utf-8
cache-control: no-cache
content-length: 53

12:31:24.230 [AsyncHttpClient-1-10] DEBUG org.asynchttpclient.netty.channel.ChannelManager - Adding key: http://localhost:64949 for channel [id: 0x9eaa4fca, L:/127.0.0.1:60138 - R:localhost/127.0.0.1:64949]
12:31:24.233 [Forwarding getAlertText on session d294cb3a30cab430e1bc72181bdbd78d to remote] DEBUG org.asynchttpclient.netty.request.NettyRequestSender - Using pooled Channel '[id: 0x9eaa4fca, L:/127.0.0.1:60138 - R:localhost/127.0.0.1:64949]' for 'GET' to 'http://localhost:64949/session/d294cb3a30cab430e1bc72181bdbd78d/alert/text'
12:31:24.234 [Forwarding getAlertText on session d294cb3a30cab430e1bc72181bdbd78d to remote] DEBUG org.asynchttpclient.netty.request.NettyRequestSender - Using open Channel [id: 0x9eaa4fca, L:/127.0.0.1:60138 - R:localhost/127.0.0.1:64949] for GET '/session/d294cb3a30cab430e1bc72181bdbd78d/alert/text'
12:31:24.235 [AsyncHttpClient-1-10] DEBUG org.asynchttpclient.netty.handler.HttpHandler - 

Request DefaultFullHttpRequest(decodeResult: success, version: HTTP/1.1, content: EmptyByteBufBE)
GET /session/d294cb3a30cab430e1bc72181bdbd78d/alert/text HTTP/1.1
User-Agent: selenium/4.4.0 (java windows)
Cache-Control: no-cache
Content-Type: application/json; charset=utf-8
host: localhost:64949
accept: */*

Response DefaultHttpResponse(decodeResult: success, version: HTTP/1.1)
HTTP/1.1 404 Not Found
Content-Type: application/json; charset=utf-8
cache-control: no-cache
content-length: 879

12:31:24.235 [AsyncHttpClient-1-10] DEBUG org.asynchttpclient.netty.channel.ChannelManager - Adding key: http://localhost:64949 for channel [id: 0x9eaa4fca, L:/127.0.0.1:60138 - R:localhost/127.0.0.1:64949]
12:31:24.240 [Forwarding switchToWindow on session d294cb3a30cab430e1bc72181bdbd78d to remote] DEBUG org.asynchttpclient.netty.request.NettyRequestSender - Using pooled Channel '[id: 0x9eaa4fca, L:/127.0.0.1:60138 - R:localhost/127.0.0.1:64949]' for 'POST' to 'http://localhost:64949/session/d294cb3a30cab430e1bc72181bdbd78d/window'
12:31:24.240 [Forwarding switchToWindow on session d294cb3a30cab430e1bc72181bdbd78d to remote] DEBUG org.asynchttpclient.netty.request.NettyRequestSender - Using open Channel [id: 0x9eaa4fca, L:/127.0.0.1:60138 - R:localhost/127.0.0.1:64949] for POST '/session/d294cb3a30cab430e1bc72181bdbd78d/window'
12:31:24.242 [AsyncHttpClient-1-10] DEBUG org.asynchttpclient.netty.handler.HttpHandler - 

Request DefaultHttpRequest(decodeResult: success, version: HTTP/1.1)
POST /session/d294cb3a30cab430e1bc72181bdbd78d/window HTTP/1.1
User-Agent: selenium/4.4.0 (java windows)
Content-Length: 59
Content-Type: application/json; charset=utf-8
host: localhost:64949
accept: */*

Response DefaultHttpResponse(decodeResult: success, version: HTTP/1.1)
HTTP/1.1 200 OK
Content-Type: application/json; charset=utf-8
cache-control: no-cache
content-length: 14

12:31:24.242 [AsyncHttpClient-1-10] DEBUG org.asynchttpclient.netty.channel.ChannelManager - Adding key: http://localhost:64949 for channel [id: 0x9eaa4fca, L:/127.0.0.1:60138 - R:localhost/127.0.0.1:64949]
12:31:24.243 [Forwarding getCurrentUrl on session d294cb3a30cab430e1bc72181bdbd78d to remote] DEBUG org.asynchttpclient.netty.request.NettyRequestSender - Using pooled Channel '[id: 0x9eaa4fca, L:/127.0.0.1:60138 - R:localhost/127.0.0.1:64949]' for 'GET' to 'http://localhost:64949/session/d294cb3a30cab430e1bc72181bdbd78d/url'
12:31:24.243 [Forwarding getCurrentUrl on session d294cb3a30cab430e1bc72181bdbd78d to remote] DEBUG org.asynchttpclient.netty.request.NettyRequestSender - Using open Channel [id: 0x9eaa4fca, L:/127.0.0.1:60138 - R:localhost/127.0.0.1:64949] for GET '/session/d294cb3a30cab430e1bc72181bdbd78d/url'
12:31:24.246 [AsyncHttpClient-1-10] DEBUG org.asynchttpclient.netty.handler.HttpHandler - 

Request DefaultFullHttpRequest(decodeResult: success, version: HTTP/1.1, content: EmptyByteBufBE)
GET /session/d294cb3a30cab430e1bc72181bdbd78d/url HTTP/1.1
User-Agent: selenium/4.4.0 (java windows)
Cache-Control: no-cache
Content-Type: application/json; charset=utf-8
host: localhost:64949
accept: */*

Response DefaultHttpResponse(decodeResult: success, version: HTTP/1.1)
HTTP/1.1 200 OK
Content-Type: application/json; charset=utf-8
cache-control: no-cache
content-length: 52

12:31:24.246 [AsyncHttpClient-1-10] DEBUG org.asynchttpclient.netty.channel.ChannelManager - Adding key: http://localhost:64949 for channel [id: 0x9eaa4fca, L:/127.0.0.1:60138 - R:localhost/127.0.0.1:64949]
12:31:24.247 [Forwarding screenshot on session d294cb3a30cab430e1bc72181bdbd78d to remote] DEBUG org.asynchttpclient.netty.request.NettyRequestSender - Using pooled Channel '[id: 0x9eaa4fca, L:/127.0.0.1:60138 - R:localhost/127.0.0.1:64949]' for 'GET' to 'http://localhost:64949/session/d294cb3a30cab430e1bc72181bdbd78d/screenshot'
12:31:24.247 [Forwarding screenshot on session d294cb3a30cab430e1bc72181bdbd78d to remote] DEBUG org.asynchttpclient.netty.request.NettyRequestSender - Using open Channel [id: 0x9eaa4fca, L:/127.0.0.1:60138 - R:localhost/127.0.0.1:64949] for GET '/session/d294cb3a30cab430e1bc72181bdbd78d/screenshot'
12:31:24.374 [AsyncHttpClient-1-10] DEBUG org.asynchttpclient.netty.handler.HttpHandler - 

Request DefaultFullHttpRequest(decodeResult: success, version: HTTP/1.1, content: EmptyByteBufBE)
GET /session/d294cb3a30cab430e1bc72181bdbd78d/screenshot HTTP/1.1
User-Agent: selenium/4.4.0 (java windows)
Cache-Control: no-cache
Content-Type: application/json; charset=utf-8
host: localhost:64949
accept: */*

Response DefaultHttpResponse(decodeResult: success, version: HTTP/1.1)
HTTP/1.1 200 OK
Content-Type: application/json; charset=utf-8
cache-control: no-cache
content-length: 316892

12:31:24.375 [AsyncHttpClient-1-10] DEBUG org.asynchttpclient.netty.channel.ChannelManager - Adding key: http://localhost:64949 for channel [id: 0x9eaa4fca, L:/127.0.0.1:60138 - R:localhost/127.0.0.1:64949]
12:31:24.384 [Test worker] DEBUG net.serenitybdd.core.photography.Darkroom - Send negative for processing for C:\Users\juan.gomezv\IdeaProjects\sura\target\site\serenity\783a8390056e07a7db435fbc31a3d25038a0dd02f13e1964bb9ed6c42fdcfbee.png
12:31:24.389 [Forwarding getPageSource on session d294cb3a30cab430e1bc72181bdbd78d to remote] DEBUG org.asynchttpclient.netty.request.NettyRequestSender - Using pooled Channel '[id: 0x9eaa4fca, L:/127.0.0.1:60138 - R:localhost/127.0.0.1:64949]' for 'POST' to 'http://localhost:64949/session/d294cb3a30cab430e1bc72181bdbd78d/execute/sync'
12:31:24.389 [Forwarding getPageSource on session d294cb3a30cab430e1bc72181bdbd78d to remote] DEBUG org.asynchttpclient.netty.request.NettyRequestSender - Using open Channel [id: 0x9eaa4fca, L:/127.0.0.1:60138 - R:localhost/127.0.0.1:64949] for POST '/session/d294cb3a30cab430e1bc72181bdbd78d/execute/sync'
12:31:24.393 [AsyncHttpClient-1-10] DEBUG org.asynchttpclient.netty.handler.HttpHandler - 

Request DefaultHttpRequest(decodeResult: success, version: HTTP/1.1)
POST /session/d294cb3a30cab430e1bc72181bdbd78d/execute/sync HTTP/1.1
User-Agent: selenium/4.4.0 (java windows)
Content-Length: 176
Content-Type: application/json; charset=utf-8
host: localhost:64949
accept: */*

Response DefaultHttpResponse(decodeResult: success, version: HTTP/1.1)
HTTP/1.1 200 OK
Content-Type: application/json; charset=utf-8
cache-control: no-cache
content-length: 15306

12:31:24.393 [AsyncHttpClient-1-10] DEBUG org.asynchttpclient.netty.channel.ChannelManager - Adding key: http://localhost:64949 for channel [id: 0x9eaa4fca, L:/127.0.0.1:60138 - R:localhost/127.0.0.1:64949]
12:31:24.395 [Forwarding getCurrentUrl on session d294cb3a30cab430e1bc72181bdbd78d to remote] DEBUG org.asynchttpclient.netty.request.NettyRequestSender - Using pooled Channel '[id: 0x9eaa4fca, L:/127.0.0.1:60138 - R:localhost/127.0.0.1:64949]' for 'GET' to 'http://localhost:64949/session/d294cb3a30cab430e1bc72181bdbd78d/url'
12:31:24.395 [Forwarding getCurrentUrl on session d294cb3a30cab430e1bc72181bdbd78d to remote] DEBUG org.asynchttpclient.netty.request.NettyRequestSender - Using open Channel [id: 0x9eaa4fca, L:/127.0.0.1:60138 - R:localhost/127.0.0.1:64949] for GET '/session/d294cb3a30cab430e1bc72181bdbd78d/url'
12:31:24.399 [AsyncHttpClient-1-10] DEBUG org.asynchttpclient.netty.handler.HttpHandler - 

Request DefaultFullHttpRequest(decodeResult: success, version: HTTP/1.1, content: EmptyByteBufBE)
GET /session/d294cb3a30cab430e1bc72181bdbd78d/url HTTP/1.1
User-Agent: selenium/4.4.0 (java windows)
Cache-Control: no-cache
Content-Type: application/json; charset=utf-8
host: localhost:64949
accept: */*

Response DefaultHttpResponse(decodeResult: success, version: HTTP/1.1)
HTTP/1.1 200 OK
Content-Type: application/json; charset=utf-8
cache-control: no-cache
content-length: 52

12:31:24.399 [AsyncHttpClient-1-10] DEBUG org.asynchttpclient.netty.channel.ChannelManager - Adding key: http://localhost:64949 for channel [id: 0x9eaa4fca, L:/127.0.0.1:60138 - R:localhost/127.0.0.1:64949]
12:31:24.401 [Test worker] DEBUG net.thucydides.core.steps.StepInterceptor - STARTING STEP: CatalogueSteps.haceClickEnElBotonDelArticulo - performAs
12:31:24.425 [Forwarding getPageSource on session d294cb3a30cab430e1bc72181bdbd78d to remote] DEBUG org.asynchttpclient.netty.request.NettyRequestSender - Using pooled Channel '[id: 0x9eaa4fca, L:/127.0.0.1:60138 - R:localhost/127.0.0.1:64949]' for 'POST' to 'http://localhost:64949/session/d294cb3a30cab430e1bc72181bdbd78d/execute/sync'
12:31:24.425 [Forwarding getPageSource on session d294cb3a30cab430e1bc72181bdbd78d to remote] DEBUG org.asynchttpclient.netty.request.NettyRequestSender - Using open Channel [id: 0x9eaa4fca, L:/127.0.0.1:60138 - R:localhost/127.0.0.1:64949] for POST '/session/d294cb3a30cab430e1bc72181bdbd78d/execute/sync'
12:31:24.430 [AsyncHttpClient-1-10] DEBUG org.asynchttpclient.netty.handler.HttpHandler - 

Request DefaultHttpRequest(decodeResult: success, version: HTTP/1.1)
POST /session/d294cb3a30cab430e1bc72181bdbd78d/execute/sync HTTP/1.1
User-Agent: selenium/4.4.0 (java windows)
Content-Length: 176
Content-Type: application/json; charset=utf-8
host: localhost:64949
accept: */*

Response DefaultHttpResponse(decodeResult: success, version: HTTP/1.1)
HTTP/1.1 200 OK
Content-Type: application/json; charset=utf-8
cache-control: no-cache
content-length: 15306

12:31:24.430 [AsyncHttpClient-1-10] DEBUG org.asynchttpclient.netty.channel.ChannelManager - Adding key: http://localhost:64949 for channel [id: 0x9eaa4fca, L:/127.0.0.1:60138 - R:localhost/127.0.0.1:64949]
12:31:24.433 [Forwarding getCurrentUrl on session d294cb3a30cab430e1bc72181bdbd78d to remote] DEBUG org.asynchttpclient.netty.request.NettyRequestSender - Using pooled Channel '[id: 0x9eaa4fca, L:/127.0.0.1:60138 - R:localhost/127.0.0.1:64949]' for 'GET' to 'http://localhost:64949/session/d294cb3a30cab430e1bc72181bdbd78d/url'
12:31:24.433 [Forwarding getCurrentUrl on session d294cb3a30cab430e1bc72181bdbd78d to remote] DEBUG org.asynchttpclient.netty.request.NettyRequestSender - Using open Channel [id: 0x9eaa4fca, L:/127.0.0.1:60138 - R:localhost/127.0.0.1:64949] for GET '/session/d294cb3a30cab430e1bc72181bdbd78d/url'
12:31:24.435 [AsyncHttpClient-1-10] DEBUG org.asynchttpclient.netty.handler.HttpHandler - 

Request DefaultFullHttpRequest(decodeResult: success, version: HTTP/1.1, content: EmptyByteBufBE)
GET /session/d294cb3a30cab430e1bc72181bdbd78d/url HTTP/1.1
User-Agent: selenium/4.4.0 (java windows)
Cache-Control: no-cache
Content-Type: application/json; charset=utf-8
host: localhost:64949
accept: */*

Response DefaultHttpResponse(decodeResult: success, version: HTTP/1.1)
HTTP/1.1 200 OK
Content-Type: application/json; charset=utf-8
cache-control: no-cache
content-length: 52

12:31:24.435 [AsyncHttpClient-1-10] DEBUG org.asynchttpclient.netty.channel.ChannelManager - Adding key: http://localhost:64949 for channel [id: 0x9eaa4fca, L:/127.0.0.1:60138 - R:localhost/127.0.0.1:64949]
12:31:24.438 [Test worker] DEBUG net.thucydides.core.steps.StepInterceptor - STARTING STEP: SelectFromCatalogue.performAs - !#title
12:31:24.447 [Test worker] DEBUG net.serenitybdd.screenplay.targets.IFrameSwitcher - default content already selected for catalogue product button
12:31:24.453 [Forwarding findElements on session d294cb3a30cab430e1bc72181bdbd78d to remote] DEBUG org.asynchttpclient.netty.request.NettyRequestSender - Using pooled Channel '[id: 0x9eaa4fca, L:/127.0.0.1:60138 - R:localhost/127.0.0.1:64949]' for 'POST' to 'http://localhost:64949/session/d294cb3a30cab430e1bc72181bdbd78d/elements'
12:31:24.453 [Forwarding findElements on session d294cb3a30cab430e1bc72181bdbd78d to remote] DEBUG org.asynchttpclient.netty.request.NettyRequestSender - Using open Channel [id: 0x9eaa4fca, L:/127.0.0.1:60138 - R:localhost/127.0.0.1:64949] for POST '/session/d294cb3a30cab430e1bc72181bdbd78d/elements'
12:31:24.460 [AsyncHttpClient-1-10] DEBUG org.asynchttpclient.netty.handler.HttpHandler - 

Request DefaultHttpRequest(decodeResult: success, version: HTTP/1.1)
POST /session/d294cb3a30cab430e1bc72181bdbd78d/elements HTTP/1.1
User-Agent: selenium/4.4.0 (java windows)
Content-Length: 112
Content-Type: application/json; charset=utf-8
host: localhost:64949
accept: */*

Response DefaultHttpResponse(decodeResult: success, version: HTTP/1.1)
HTTP/1.1 200 OK
Content-Type: application/json; charset=utf-8
cache-control: no-cache
content-length: 90

12:31:24.460 [AsyncHttpClient-1-10] DEBUG org.asynchttpclient.netty.channel.ChannelManager - Adding key: http://localhost:64949 for channel [id: 0x9eaa4fca, L:/127.0.0.1:60138 - R:localhost/127.0.0.1:64949]
12:31:24.471 [Forwarding isElementDisplayed on session d294cb3a30cab430e1bc72181bdbd78d to remote] DEBUG org.asynchttpclient.netty.request.NettyRequestSender - Using pooled Channel '[id: 0x9eaa4fca, L:/127.0.0.1:60138 - R:localhost/127.0.0.1:64949]' for 'POST' to 'http://localhost:64949/session/d294cb3a30cab430e1bc72181bdbd78d/execute/sync'
12:31:24.471 [Forwarding isElementDisplayed on session d294cb3a30cab430e1bc72181bdbd78d to remote] DEBUG org.asynchttpclient.netty.request.NettyRequestSender - Using open Channel [id: 0x9eaa4fca, L:/127.0.0.1:60138 - R:localhost/127.0.0.1:64949] for POST '/session/d294cb3a30cab430e1bc72181bdbd78d/execute/sync'
12:31:24.478 [AsyncHttpClient-1-10] DEBUG org.asynchttpclient.netty.handler.HttpHandler - 

Request DefaultHttpRequest(decodeResult: success, version: HTTP/1.1)
POST /session/d294cb3a30cab430e1bc72181bdbd78d/execute/sync HTTP/1.1
User-Agent: selenium/4.4.0 (java windows)
Content-Length: 48780
Content-Type: application/json; charset=utf-8
host: localhost:64949
accept: */*

Response DefaultHttpResponse(decodeResult: success, version: HTTP/1.1)
HTTP/1.1 200 OK
Content-Type: application/json; charset=utf-8
cache-control: no-cache
content-length: 14

12:31:24.478 [AsyncHttpClient-1-10] DEBUG org.asynchttpclient.netty.channel.ChannelManager - Adding key: http://localhost:64949 for channel [id: 0x9eaa4fca, L:/127.0.0.1:60138 - R:localhost/127.0.0.1:64949]
12:31:24.480 [Forwarding isElementDisplayed on session d294cb3a30cab430e1bc72181bdbd78d to remote] DEBUG org.asynchttpclient.netty.request.NettyRequestSender - Using pooled Channel '[id: 0x9eaa4fca, L:/127.0.0.1:60138 - R:localhost/127.0.0.1:64949]' for 'POST' to 'http://localhost:64949/session/d294cb3a30cab430e1bc72181bdbd78d/execute/sync'
12:31:24.480 [Forwarding isElementDisplayed on session d294cb3a30cab430e1bc72181bdbd78d to remote] DEBUG org.asynchttpclient.netty.request.NettyRequestSender - Using open Channel [id: 0x9eaa4fca, L:/127.0.0.1:60138 - R:localhost/127.0.0.1:64949] for POST '/session/d294cb3a30cab430e1bc72181bdbd78d/execute/sync'
12:31:24.487 [AsyncHttpClient-1-10] DEBUG org.asynchttpclient.netty.handler.HttpHandler - 

Request DefaultHttpRequest(decodeResult: success, version: HTTP/1.1)
POST /session/d294cb3a30cab430e1bc72181bdbd78d/execute/sync HTTP/1.1
User-Agent: selenium/4.4.0 (java windows)
Content-Length: 48780
Content-Type: application/json; charset=utf-8
host: localhost:64949
accept: */*

Response DefaultHttpResponse(decodeResult: success, version: HTTP/1.1)
HTTP/1.1 200 OK
Content-Type: application/json; charset=utf-8
cache-control: no-cache
content-length: 14

12:31:24.488 [AsyncHttpClient-1-10] DEBUG org.asynchttpclient.netty.channel.ChannelManager - Adding key: http://localhost:64949 for channel [id: 0x9eaa4fca, L:/127.0.0.1:60138 - R:localhost/127.0.0.1:64949]
12:31:24.508 [Forwarding getCurrentWindowHandle on session d294cb3a30cab430e1bc72181bdbd78d to remote] DEBUG org.asynchttpclient.netty.request.NettyRequestSender - Using pooled Channel '[id: 0x9eaa4fca, L:/127.0.0.1:60138 - R:localhost/127.0.0.1:64949]' for 'GET' to 'http://localhost:64949/session/d294cb3a30cab430e1bc72181bdbd78d/window'
12:31:24.508 [Forwarding getCurrentWindowHandle on session d294cb3a30cab430e1bc72181bdbd78d to remote] DEBUG org.asynchttpclient.netty.request.NettyRequestSender - Using open Channel [id: 0x9eaa4fca, L:/127.0.0.1:60138 - R:localhost/127.0.0.1:64949] for GET '/session/d294cb3a30cab430e1bc72181bdbd78d/window'
12:31:24.509 [AsyncHttpClient-1-10] DEBUG org.asynchttpclient.netty.handler.HttpHandler - 

Request DefaultFullHttpRequest(decodeResult: success, version: HTTP/1.1, content: EmptyByteBufBE)
GET /session/d294cb3a30cab430e1bc72181bdbd78d/window HTTP/1.1
User-Agent: selenium/4.4.0 (java windows)
Cache-Control: no-cache
Content-Type: application/json; charset=utf-8
host: localhost:64949
accept: */*

Response DefaultHttpResponse(decodeResult: success, version: HTTP/1.1)
HTTP/1.1 200 OK
Content-Type: application/json; charset=utf-8
cache-control: no-cache
content-length: 53

12:31:24.509 [AsyncHttpClient-1-10] DEBUG org.asynchttpclient.netty.channel.ChannelManager - Adding key: http://localhost:64949 for channel [id: 0x9eaa4fca, L:/127.0.0.1:60138 - R:localhost/127.0.0.1:64949]
12:31:24.514 [Forwarding getAlertText on session d294cb3a30cab430e1bc72181bdbd78d to remote] DEBUG org.asynchttpclient.netty.request.NettyRequestSender - Using pooled Channel '[id: 0x9eaa4fca, L:/127.0.0.1:60138 - R:localhost/127.0.0.1:64949]' for 'GET' to 'http://localhost:64949/session/d294cb3a30cab430e1bc72181bdbd78d/alert/text'
12:31:24.514 [Forwarding getAlertText on session d294cb3a30cab430e1bc72181bdbd78d to remote] DEBUG org.asynchttpclient.netty.request.NettyRequestSender - Using open Channel [id: 0x9eaa4fca, L:/127.0.0.1:60138 - R:localhost/127.0.0.1:64949] for GET '/session/d294cb3a30cab430e1bc72181bdbd78d/alert/text'
12:31:24.515 [AsyncHttpClient-1-10] DEBUG org.asynchttpclient.netty.handler.HttpHandler - 

Request DefaultFullHttpRequest(decodeResult: success, version: HTTP/1.1, content: EmptyByteBufBE)
GET /session/d294cb3a30cab430e1bc72181bdbd78d/alert/text HTTP/1.1
User-Agent: selenium/4.4.0 (java windows)
Cache-Control: no-cache
Content-Type: application/json; charset=utf-8
host: localhost:64949
accept: */*

Response DefaultHttpResponse(decodeResult: success, version: HTTP/1.1)
HTTP/1.1 404 Not Found
Content-Type: application/json; charset=utf-8
cache-control: no-cache
content-length: 879

12:31:24.516 [AsyncHttpClient-1-10] DEBUG org.asynchttpclient.netty.channel.ChannelManager - Adding key: http://localhost:64949 for channel [id: 0x9eaa4fca, L:/127.0.0.1:60138 - R:localhost/127.0.0.1:64949]
12:31:24.520 [Forwarding switchToWindow on session d294cb3a30cab430e1bc72181bdbd78d to remote] DEBUG org.asynchttpclient.netty.request.NettyRequestSender - Using pooled Channel '[id: 0x9eaa4fca, L:/127.0.0.1:60138 - R:localhost/127.0.0.1:64949]' for 'POST' to 'http://localhost:64949/session/d294cb3a30cab430e1bc72181bdbd78d/window'
12:31:24.520 [Forwarding switchToWindow on session d294cb3a30cab430e1bc72181bdbd78d to remote] DEBUG org.asynchttpclient.netty.request.NettyRequestSender - Using open Channel [id: 0x9eaa4fca, L:/127.0.0.1:60138 - R:localhost/127.0.0.1:64949] for POST '/session/d294cb3a30cab430e1bc72181bdbd78d/window'
12:31:24.522 [AsyncHttpClient-1-10] DEBUG org.asynchttpclient.netty.handler.HttpHandler - 

Request DefaultHttpRequest(decodeResult: success, version: HTTP/1.1)
POST /session/d294cb3a30cab430e1bc72181bdbd78d/window HTTP/1.1
User-Agent: selenium/4.4.0 (java windows)
Content-Length: 59
Content-Type: application/json; charset=utf-8
host: localhost:64949
accept: */*

Response DefaultHttpResponse(decodeResult: success, version: HTTP/1.1)
HTTP/1.1 200 OK
Content-Type: application/json; charset=utf-8
cache-control: no-cache
content-length: 14

12:31:24.522 [AsyncHttpClient-1-10] DEBUG org.asynchttpclient.netty.channel.ChannelManager - Adding key: http://localhost:64949 for channel [id: 0x9eaa4fca, L:/127.0.0.1:60138 - R:localhost/127.0.0.1:64949]
12:31:24.523 [Forwarding getCurrentUrl on session d294cb3a30cab430e1bc72181bdbd78d to remote] DEBUG org.asynchttpclient.netty.request.NettyRequestSender - Using pooled Channel '[id: 0x9eaa4fca, L:/127.0.0.1:60138 - R:localhost/127.0.0.1:64949]' for 'GET' to 'http://localhost:64949/session/d294cb3a30cab430e1bc72181bdbd78d/url'
12:31:24.523 [Forwarding getCurrentUrl on session d294cb3a30cab430e1bc72181bdbd78d to remote] DEBUG org.asynchttpclient.netty.request.NettyRequestSender - Using open Channel [id: 0x9eaa4fca, L:/127.0.0.1:60138 - R:localhost/127.0.0.1:64949] for GET '/session/d294cb3a30cab430e1bc72181bdbd78d/url'
12:31:24.526 [AsyncHttpClient-1-10] DEBUG org.asynchttpclient.netty.handler.HttpHandler - 

Request DefaultFullHttpRequest(decodeResult: success, version: HTTP/1.1, content: EmptyByteBufBE)
GET /session/d294cb3a30cab430e1bc72181bdbd78d/url HTTP/1.1
User-Agent: selenium/4.4.0 (java windows)
Cache-Control: no-cache
Content-Type: application/json; charset=utf-8
host: localhost:64949
accept: */*

Response DefaultHttpResponse(decodeResult: success, version: HTTP/1.1)
HTTP/1.1 200 OK
Content-Type: application/json; charset=utf-8
cache-control: no-cache
content-length: 52

12:31:24.526 [AsyncHttpClient-1-10] DEBUG org.asynchttpclient.netty.channel.ChannelManager - Adding key: http://localhost:64949 for channel [id: 0x9eaa4fca, L:/127.0.0.1:60138 - R:localhost/127.0.0.1:64949]
12:31:24.527 [Forwarding screenshot on session d294cb3a30cab430e1bc72181bdbd78d to remote] DEBUG org.asynchttpclient.netty.request.NettyRequestSender - Using pooled Channel '[id: 0x9eaa4fca, L:/127.0.0.1:60138 - R:localhost/127.0.0.1:64949]' for 'GET' to 'http://localhost:64949/session/d294cb3a30cab430e1bc72181bdbd78d/screenshot'
12:31:24.527 [Forwarding screenshot on session d294cb3a30cab430e1bc72181bdbd78d to remote] DEBUG org.asynchttpclient.netty.request.NettyRequestSender - Using open Channel [id: 0x9eaa4fca, L:/127.0.0.1:60138 - R:localhost/127.0.0.1:64949] for GET '/session/d294cb3a30cab430e1bc72181bdbd78d/screenshot'
12:31:24.625 [AsyncHttpClient-1-10] DEBUG org.asynchttpclient.netty.handler.HttpHandler - 

Request DefaultFullHttpRequest(decodeResult: success, version: HTTP/1.1, content: EmptyByteBufBE)
GET /session/d294cb3a30cab430e1bc72181bdbd78d/screenshot HTTP/1.1
User-Agent: selenium/4.4.0 (java windows)
Cache-Control: no-cache
Content-Type: application/json; charset=utf-8
host: localhost:64949
accept: */*

Response DefaultHttpResponse(decodeResult: success, version: HTTP/1.1)
HTTP/1.1 200 OK
Content-Type: application/json; charset=utf-8
cache-control: no-cache
content-length: 316892

12:31:24.625 [AsyncHttpClient-1-10] DEBUG org.asynchttpclient.netty.channel.ChannelManager - Adding key: http://localhost:64949 for channel [id: 0x9eaa4fca, L:/127.0.0.1:60138 - R:localhost/127.0.0.1:64949]
12:31:24.633 [Test worker] DEBUG net.serenitybdd.core.photography.Darkroom - Send negative for processing for C:\Users\juan.gomezv\IdeaProjects\sura\target\site\serenity\783a8390056e07a7db435fbc31a3d25038a0dd02f13e1964bb9ed6c42fdcfbee.png
12:31:24.639 [Forwarding getPageSource on session d294cb3a30cab430e1bc72181bdbd78d to remote] DEBUG org.asynchttpclient.netty.request.NettyRequestSender - Using pooled Channel '[id: 0x9eaa4fca, L:/127.0.0.1:60138 - R:localhost/127.0.0.1:64949]' for 'POST' to 'http://localhost:64949/session/d294cb3a30cab430e1bc72181bdbd78d/execute/sync'
12:31:24.639 [Forwarding getPageSource on session d294cb3a30cab430e1bc72181bdbd78d to remote] DEBUG org.asynchttpclient.netty.request.NettyRequestSender - Using open Channel [id: 0x9eaa4fca, L:/127.0.0.1:60138 - R:localhost/127.0.0.1:64949] for POST '/session/d294cb3a30cab430e1bc72181bdbd78d/execute/sync'
12:31:24.643 [AsyncHttpClient-1-10] DEBUG org.asynchttpclient.netty.handler.HttpHandler - 

Request DefaultHttpRequest(decodeResult: success, version: HTTP/1.1)
POST /session/d294cb3a30cab430e1bc72181bdbd78d/execute/sync HTTP/1.1
User-Agent: selenium/4.4.0 (java windows)
Content-Length: 176
Content-Type: application/json; charset=utf-8
host: localhost:64949
accept: */*

Response DefaultHttpResponse(decodeResult: success, version: HTTP/1.1)
HTTP/1.1 200 OK
Content-Type: application/json; charset=utf-8
cache-control: no-cache
content-length: 15306

12:31:24.643 [AsyncHttpClient-1-10] DEBUG org.asynchttpclient.netty.channel.ChannelManager - Adding key: http://localhost:64949 for channel [id: 0x9eaa4fca, L:/127.0.0.1:60138 - R:localhost/127.0.0.1:64949]
12:31:24.645 [Forwarding getCurrentUrl on session d294cb3a30cab430e1bc72181bdbd78d to remote] DEBUG org.asynchttpclient.netty.request.NettyRequestSender - Using pooled Channel '[id: 0x9eaa4fca, L:/127.0.0.1:60138 - R:localhost/127.0.0.1:64949]' for 'GET' to 'http://localhost:64949/session/d294cb3a30cab430e1bc72181bdbd78d/url'
12:31:24.645 [Forwarding getCurrentUrl on session d294cb3a30cab430e1bc72181bdbd78d to remote] DEBUG org.asynchttpclient.netty.request.NettyRequestSender - Using open Channel [id: 0x9eaa4fca, L:/127.0.0.1:60138 - R:localhost/127.0.0.1:64949] for GET '/session/d294cb3a30cab430e1bc72181bdbd78d/url'
12:31:24.648 [AsyncHttpClient-1-10] DEBUG org.asynchttpclient.netty.handler.HttpHandler - 

Request DefaultFullHttpRequest(decodeResult: success, version: HTTP/1.1, content: EmptyByteBufBE)
GET /session/d294cb3a30cab430e1bc72181bdbd78d/url HTTP/1.1
User-Agent: selenium/4.4.0 (java windows)
Cache-Control: no-cache
Content-Type: application/json; charset=utf-8
host: localhost:64949
accept: */*

Response DefaultHttpResponse(decodeResult: success, version: HTTP/1.1)
HTTP/1.1 200 OK
Content-Type: application/json; charset=utf-8
cache-control: no-cache
content-length: 52

12:31:24.648 [AsyncHttpClient-1-10] DEBUG org.asynchttpclient.netty.channel.ChannelManager - Adding key: http://localhost:64949 for channel [id: 0x9eaa4fca, L:/127.0.0.1:60138 - R:localhost/127.0.0.1:64949]
12:31:24.650 [Test worker] DEBUG net.thucydides.core.steps.StepInterceptor - STARTING STEP: SelectFromCatalogue.performAs - {0} clicks on #target
12:31:24.651 [Test worker] DEBUG net.serenitybdd.screenplay.targets.IFrameSwitcher - default content already selected for catalogue product button
12:31:24.682 [Forwarding findElement on session d294cb3a30cab430e1bc72181bdbd78d to remote] DEBUG org.asynchttpclient.netty.request.NettyRequestSender - Using pooled Channel '[id: 0x9eaa4fca, L:/127.0.0.1:60138 - R:localhost/127.0.0.1:64949]' for 'POST' to 'http://localhost:64949/session/d294cb3a30cab430e1bc72181bdbd78d/element'
12:31:24.682 [Forwarding findElement on session d294cb3a30cab430e1bc72181bdbd78d to remote] DEBUG org.asynchttpclient.netty.request.NettyRequestSender - Using open Channel [id: 0x9eaa4fca, L:/127.0.0.1:60138 - R:localhost/127.0.0.1:64949] for POST '/session/d294cb3a30cab430e1bc72181bdbd78d/element'
12:31:24.692 [AsyncHttpClient-1-10] DEBUG org.asynchttpclient.netty.handler.HttpHandler - 

Request DefaultHttpRequest(decodeResult: success, version: HTTP/1.1)
POST /session/d294cb3a30cab430e1bc72181bdbd78d/element HTTP/1.1
User-Agent: selenium/4.4.0 (java windows)
Content-Length: 112
Content-Type: application/json; charset=utf-8
host: localhost:64949
accept: */*

Response DefaultHttpResponse(decodeResult: success, version: HTTP/1.1)
HTTP/1.1 200 OK
Content-Type: application/json; charset=utf-8
cache-control: no-cache
content-length: 88

12:31:24.692 [AsyncHttpClient-1-10] DEBUG org.asynchttpclient.netty.channel.ChannelManager - Adding key: http://localhost:64949 for channel [id: 0x9eaa4fca, L:/127.0.0.1:60138 - R:localhost/127.0.0.1:64949]
12:31:24.697 [Forwarding isElementDisplayed on session d294cb3a30cab430e1bc72181bdbd78d to remote] DEBUG org.asynchttpclient.netty.request.NettyRequestSender - Using pooled Channel '[id: 0x9eaa4fca, L:/127.0.0.1:60138 - R:localhost/127.0.0.1:64949]' for 'POST' to 'http://localhost:64949/session/d294cb3a30cab430e1bc72181bdbd78d/execute/sync'
12:31:24.697 [Forwarding isElementDisplayed on session d294cb3a30cab430e1bc72181bdbd78d to remote] DEBUG org.asynchttpclient.netty.request.NettyRequestSender - Using open Channel [id: 0x9eaa4fca, L:/127.0.0.1:60138 - R:localhost/127.0.0.1:64949] for POST '/session/d294cb3a30cab430e1bc72181bdbd78d/execute/sync'
12:31:24.705 [AsyncHttpClient-1-10] DEBUG org.asynchttpclient.netty.handler.HttpHandler - 

Request DefaultHttpRequest(decodeResult: success, version: HTTP/1.1)
POST /session/d294cb3a30cab430e1bc72181bdbd78d/execute/sync HTTP/1.1
User-Agent: selenium/4.4.0 (java windows)
Content-Length: 48780
Content-Type: application/json; charset=utf-8
host: localhost:64949
accept: */*

Response DefaultHttpResponse(decodeResult: success, version: HTTP/1.1)
HTTP/1.1 200 OK
Content-Type: application/json; charset=utf-8
cache-control: no-cache
content-length: 14

12:31:24.705 [AsyncHttpClient-1-10] DEBUG org.asynchttpclient.netty.channel.ChannelManager - Adding key: http://localhost:64949 for channel [id: 0x9eaa4fca, L:/127.0.0.1:60138 - R:localhost/127.0.0.1:64949]
12:31:24.711 [Forwarding findElement on session d294cb3a30cab430e1bc72181bdbd78d to remote] DEBUG org.asynchttpclient.netty.request.NettyRequestSender - Using pooled Channel '[id: 0x9eaa4fca, L:/127.0.0.1:60138 - R:localhost/127.0.0.1:64949]' for 'POST' to 'http://localhost:64949/session/d294cb3a30cab430e1bc72181bdbd78d/element'
12:31:24.711 [Forwarding findElement on session d294cb3a30cab430e1bc72181bdbd78d to remote] DEBUG org.asynchttpclient.netty.request.NettyRequestSender - Using open Channel [id: 0x9eaa4fca, L:/127.0.0.1:60138 - R:localhost/127.0.0.1:64949] for POST '/session/d294cb3a30cab430e1bc72181bdbd78d/element'
12:31:24.717 [AsyncHttpClient-1-10] DEBUG org.asynchttpclient.netty.handler.HttpHandler - 

Request DefaultHttpRequest(decodeResult: success, version: HTTP/1.1)
POST /session/d294cb3a30cab430e1bc72181bdbd78d/element HTTP/1.1
User-Agent: selenium/4.4.0 (java windows)
Content-Length: 112
Content-Type: application/json; charset=utf-8
host: localhost:64949
accept: */*

Response DefaultHttpResponse(decodeResult: success, version: HTTP/1.1)
HTTP/1.1 200 OK
Content-Type: application/json; charset=utf-8
cache-control: no-cache
content-length: 88

12:31:24.717 [AsyncHttpClient-1-10] DEBUG org.asynchttpclient.netty.channel.ChannelManager - Adding key: http://localhost:64949 for channel [id: 0x9eaa4fca, L:/127.0.0.1:60138 - R:localhost/127.0.0.1:64949]
12:31:24.718 [Forwarding clickElement on session d294cb3a30cab430e1bc72181bdbd78d to remote] DEBUG org.asynchttpclient.netty.request.NettyRequestSender - Using pooled Channel '[id: 0x9eaa4fca, L:/127.0.0.1:60138 - R:localhost/127.0.0.1:64949]' for 'POST' to 'http://localhost:64949/session/d294cb3a30cab430e1bc72181bdbd78d/element/bc619d63-5957-4e3d-ad45-41d0a3f9627e/click'
12:31:24.718 [Forwarding clickElement on session d294cb3a30cab430e1bc72181bdbd78d to remote] DEBUG org.asynchttpclient.netty.request.NettyRequestSender - Using open Channel [id: 0x9eaa4fca, L:/127.0.0.1:60138 - R:localhost/127.0.0.1:64949] for POST '/session/d294cb3a30cab430e1bc72181bdbd78d/element/bc619d63-5957-4e3d-ad45-41d0a3f9627e/click'
12:31:24.740 [AsyncHttpClient-1-10] DEBUG org.asynchttpclient.netty.handler.HttpHandler - 

Request DefaultHttpRequest(decodeResult: success, version: HTTP/1.1)
POST /session/d294cb3a30cab430e1bc72181bdbd78d/element/bc619d63-5957-4e3d-ad45-41d0a3f9627e/click HTTP/1.1
User-Agent: selenium/4.4.0 (java windows)
Content-Length: 50
Content-Type: application/json; charset=utf-8
host: localhost:64949
accept: */*

Response DefaultHttpResponse(decodeResult: success, version: HTTP/1.1)
HTTP/1.1 200 OK
Content-Type: application/json; charset=utf-8
cache-control: no-cache
content-length: 14

12:31:24.740 [AsyncHttpClient-1-10] DEBUG org.asynchttpclient.netty.channel.ChannelManager - Adding key: http://localhost:64949 for channel [id: 0x9eaa4fca, L:/127.0.0.1:60138 - R:localhost/127.0.0.1:64949]
12:31:24.762 [Forwarding getCurrentWindowHandle on session d294cb3a30cab430e1bc72181bdbd78d to remote] DEBUG org.asynchttpclient.netty.request.NettyRequestSender - Using pooled Channel '[id: 0x9eaa4fca, L:/127.0.0.1:60138 - R:localhost/127.0.0.1:64949]' for 'GET' to 'http://localhost:64949/session/d294cb3a30cab430e1bc72181bdbd78d/window'
12:31:24.762 [Forwarding getCurrentWindowHandle on session d294cb3a30cab430e1bc72181bdbd78d to remote] DEBUG org.asynchttpclient.netty.request.NettyRequestSender - Using open Channel [id: 0x9eaa4fca, L:/127.0.0.1:60138 - R:localhost/127.0.0.1:64949] for GET '/session/d294cb3a30cab430e1bc72181bdbd78d/window'
12:31:24.763 [AsyncHttpClient-1-10] DEBUG org.asynchttpclient.netty.handler.HttpHandler - 

Request DefaultFullHttpRequest(decodeResult: success, version: HTTP/1.1, content: EmptyByteBufBE)
GET /session/d294cb3a30cab430e1bc72181bdbd78d/window HTTP/1.1
User-Agent: selenium/4.4.0 (java windows)
Cache-Control: no-cache
Content-Type: application/json; charset=utf-8
host: localhost:64949
accept: */*

Response DefaultHttpResponse(decodeResult: success, version: HTTP/1.1)
HTTP/1.1 200 OK
Content-Type: application/json; charset=utf-8
cache-control: no-cache
content-length: 53

12:31:24.763 [AsyncHttpClient-1-10] DEBUG org.asynchttpclient.netty.channel.ChannelManager - Adding key: http://localhost:64949 for channel [id: 0x9eaa4fca, L:/127.0.0.1:60138 - R:localhost/127.0.0.1:64949]
12:31:24.766 [Forwarding getAlertText on session d294cb3a30cab430e1bc72181bdbd78d to remote] DEBUG org.asynchttpclient.netty.request.NettyRequestSender - Using pooled Channel '[id: 0x9eaa4fca, L:/127.0.0.1:60138 - R:localhost/127.0.0.1:64949]' for 'GET' to 'http://localhost:64949/session/d294cb3a30cab430e1bc72181bdbd78d/alert/text'
12:31:24.766 [Forwarding getAlertText on session d294cb3a30cab430e1bc72181bdbd78d to remote] DEBUG org.asynchttpclient.netty.request.NettyRequestSender - Using open Channel [id: 0x9eaa4fca, L:/127.0.0.1:60138 - R:localhost/127.0.0.1:64949] for GET '/session/d294cb3a30cab430e1bc72181bdbd78d/alert/text'
12:31:24.767 [AsyncHttpClient-1-10] DEBUG org.asynchttpclient.netty.handler.HttpHandler - 

Request DefaultFullHttpRequest(decodeResult: success, version: HTTP/1.1, content: EmptyByteBufBE)
GET /session/d294cb3a30cab430e1bc72181bdbd78d/alert/text HTTP/1.1
User-Agent: selenium/4.4.0 (java windows)
Cache-Control: no-cache
Content-Type: application/json; charset=utf-8
host: localhost:64949
accept: */*

Response DefaultHttpResponse(decodeResult: success, version: HTTP/1.1)
HTTP/1.1 404 Not Found
Content-Type: application/json; charset=utf-8
cache-control: no-cache
content-length: 879

12:31:24.767 [AsyncHttpClient-1-10] DEBUG org.asynchttpclient.netty.channel.ChannelManager - Adding key: http://localhost:64949 for channel [id: 0x9eaa4fca, L:/127.0.0.1:60138 - R:localhost/127.0.0.1:64949]
12:31:24.772 [Forwarding switchToWindow on session d294cb3a30cab430e1bc72181bdbd78d to remote] DEBUG org.asynchttpclient.netty.request.NettyRequestSender - Using pooled Channel '[id: 0x9eaa4fca, L:/127.0.0.1:60138 - R:localhost/127.0.0.1:64949]' for 'POST' to 'http://localhost:64949/session/d294cb3a30cab430e1bc72181bdbd78d/window'
12:31:24.772 [Forwarding switchToWindow on session d294cb3a30cab430e1bc72181bdbd78d to remote] DEBUG org.asynchttpclient.netty.request.NettyRequestSender - Using open Channel [id: 0x9eaa4fca, L:/127.0.0.1:60138 - R:localhost/127.0.0.1:64949] for POST '/session/d294cb3a30cab430e1bc72181bdbd78d/window'
12:31:24.775 [AsyncHttpClient-1-10] DEBUG org.asynchttpclient.netty.handler.HttpHandler - 

Request DefaultHttpRequest(decodeResult: success, version: HTTP/1.1)
POST /session/d294cb3a30cab430e1bc72181bdbd78d/window HTTP/1.1
User-Agent: selenium/4.4.0 (java windows)
Content-Length: 59
Content-Type: application/json; charset=utf-8
host: localhost:64949
accept: */*

Response DefaultHttpResponse(decodeResult: success, version: HTTP/1.1)
HTTP/1.1 200 OK
Content-Type: application/json; charset=utf-8
cache-control: no-cache
content-length: 14

12:31:24.775 [AsyncHttpClient-1-10] DEBUG org.asynchttpclient.netty.channel.ChannelManager - Adding key: http://localhost:64949 for channel [id: 0x9eaa4fca, L:/127.0.0.1:60138 - R:localhost/127.0.0.1:64949]
12:31:24.775 [Forwarding getCurrentUrl on session d294cb3a30cab430e1bc72181bdbd78d to remote] DEBUG org.asynchttpclient.netty.request.NettyRequestSender - Using pooled Channel '[id: 0x9eaa4fca, L:/127.0.0.1:60138 - R:localhost/127.0.0.1:64949]' for 'GET' to 'http://localhost:64949/session/d294cb3a30cab430e1bc72181bdbd78d/url'
12:31:24.775 [Forwarding getCurrentUrl on session d294cb3a30cab430e1bc72181bdbd78d to remote] DEBUG org.asynchttpclient.netty.request.NettyRequestSender - Using open Channel [id: 0x9eaa4fca, L:/127.0.0.1:60138 - R:localhost/127.0.0.1:64949] for GET '/session/d294cb3a30cab430e1bc72181bdbd78d/url'
12:31:24.779 [AsyncHttpClient-1-10] DEBUG org.asynchttpclient.netty.handler.HttpHandler - 

Request DefaultFullHttpRequest(decodeResult: success, version: HTTP/1.1, content: EmptyByteBufBE)
GET /session/d294cb3a30cab430e1bc72181bdbd78d/url HTTP/1.1
User-Agent: selenium/4.4.0 (java windows)
Cache-Control: no-cache
Content-Type: application/json; charset=utf-8
host: localhost:64949
accept: */*

Response DefaultHttpResponse(decodeResult: success, version: HTTP/1.1)
HTTP/1.1 200 OK
Content-Type: application/json; charset=utf-8
cache-control: no-cache
content-length: 52

12:31:24.780 [AsyncHttpClient-1-10] DEBUG org.asynchttpclient.netty.channel.ChannelManager - Adding key: http://localhost:64949 for channel [id: 0x9eaa4fca, L:/127.0.0.1:60138 - R:localhost/127.0.0.1:64949]
12:31:24.780 [Forwarding screenshot on session d294cb3a30cab430e1bc72181bdbd78d to remote] DEBUG org.asynchttpclient.netty.request.NettyRequestSender - Using pooled Channel '[id: 0x9eaa4fca, L:/127.0.0.1:60138 - R:localhost/127.0.0.1:64949]' for 'GET' to 'http://localhost:64949/session/d294cb3a30cab430e1bc72181bdbd78d/screenshot'
12:31:24.780 [Forwarding screenshot on session d294cb3a30cab430e1bc72181bdbd78d to remote] DEBUG org.asynchttpclient.netty.request.NettyRequestSender - Using open Channel [id: 0x9eaa4fca, L:/127.0.0.1:60138 - R:localhost/127.0.0.1:64949] for GET '/session/d294cb3a30cab430e1bc72181bdbd78d/screenshot'
12:31:24.889 [AsyncHttpClient-1-10] DEBUG org.asynchttpclient.netty.handler.HttpHandler - 

Request DefaultFullHttpRequest(decodeResult: success, version: HTTP/1.1, content: EmptyByteBufBE)
GET /session/d294cb3a30cab430e1bc72181bdbd78d/screenshot HTTP/1.1
User-Agent: selenium/4.4.0 (java windows)
Cache-Control: no-cache
Content-Type: application/json; charset=utf-8
host: localhost:64949
accept: */*

Response DefaultHttpResponse(decodeResult: success, version: HTTP/1.1)
HTTP/1.1 200 OK
Content-Type: application/json; charset=utf-8
cache-control: no-cache
content-length: 316576

12:31:24.890 [AsyncHttpClient-1-10] DEBUG org.asynchttpclient.netty.channel.ChannelManager - Adding key: http://localhost:64949 for channel [id: 0x9eaa4fca, L:/127.0.0.1:60138 - R:localhost/127.0.0.1:64949]
12:31:24.898 [Test worker] DEBUG net.serenitybdd.core.photography.Darkroom - Send negative for processing for C:\Users\juan.gomezv\IdeaProjects\sura\target\site\serenity\3da21034dd62ea2f71a72d5480f33afae3b96b5e8c88685467ef2d76dc0ddb78.png
12:31:24.898 [Test worker] DEBUG net.thucydides.core.steps.StepInterceptor - STEP DONE: {0} clicks on #target
12:31:24.898 [Darkroom Processing Line] DEBUG net.serenitybdd.core.photography.DarkroomProcessingLine - Processing screenshot image in /var/screenshots/screenshot-11518071883948679355
12:31:24.898 [Darkroom Processing Line] DEBUG net.serenitybdd.core.photography.DarkroomProcessingLine - Saving screenshot to C:\Users\juan.gomezv\IdeaProjects\sura\target\site\serenity\3da21034dd62ea2f71a72d5480f33afae3b96b5e8c88685467ef2d76dc0ddb78.png
12:31:24.909 [Test worker] DEBUG net.thucydides.core.steps.StepInterceptor - STEP DONE: !#title
12:31:24.919 [Test worker] DEBUG net.thucydides.core.steps.StepInterceptor - STEP DONE: performAs
  ?[32mCuando ?[0m?[32m?[0m?[32m?[1mAna?[0m?[32m hace click en el boton del ?[0m?[32m?[1m2?[0m?[32m articulo?[0m                          ?[90m# sura.stepDefinitions.CatalogueSteps.haceClickEnElBotonDelArticulo(net.serenitybdd.screenplay.Actor,java.lang.Integer)?[0m
12:31:24.942 [Forwarding getPageSource on session d294cb3a30cab430e1bc72181bdbd78d to remote] DEBUG org.asynchttpclient.netty.request.NettyRequestSender - Using pooled Channel '[id: 0x9eaa4fca, L:/127.0.0.1:60138 - R:localhost/127.0.0.1:64949]' for 'POST' to 'http://localhost:64949/session/d294cb3a30cab430e1bc72181bdbd78d/execute/sync'
12:31:24.942 [Forwarding getPageSource on session d294cb3a30cab430e1bc72181bdbd78d to remote] DEBUG org.asynchttpclient.netty.request.NettyRequestSender - Using open Channel [id: 0x9eaa4fca, L:/127.0.0.1:60138 - R:localhost/127.0.0.1:64949] for POST '/session/d294cb3a30cab430e1bc72181bdbd78d/execute/sync'
12:31:24.948 [AsyncHttpClient-1-10] DEBUG org.asynchttpclient.netty.handler.HttpHandler - 

Request DefaultHttpRequest(decodeResult: success, version: HTTP/1.1)
POST /session/d294cb3a30cab430e1bc72181bdbd78d/execute/sync HTTP/1.1
User-Agent: selenium/4.4.0 (java windows)
Content-Length: 176
Content-Type: application/json; charset=utf-8
host: localhost:64949
accept: */*

Response DefaultHttpResponse(decodeResult: success, version: HTTP/1.1)
HTTP/1.1 200 OK
Content-Type: application/json; charset=utf-8
cache-control: no-cache
content-length: 15288

12:31:24.948 [AsyncHttpClient-1-10] DEBUG org.asynchttpclient.netty.channel.ChannelManager - Adding key: http://localhost:64949 for channel [id: 0x9eaa4fca, L:/127.0.0.1:60138 - R:localhost/127.0.0.1:64949]
12:31:24.950 [Forwarding getCurrentUrl on session d294cb3a30cab430e1bc72181bdbd78d to remote] DEBUG org.asynchttpclient.netty.request.NettyRequestSender - Using pooled Channel '[id: 0x9eaa4fca, L:/127.0.0.1:60138 - R:localhost/127.0.0.1:64949]' for 'GET' to 'http://localhost:64949/session/d294cb3a30cab430e1bc72181bdbd78d/url'
12:31:24.950 [Forwarding getCurrentUrl on session d294cb3a30cab430e1bc72181bdbd78d to remote] DEBUG org.asynchttpclient.netty.request.NettyRequestSender - Using open Channel [id: 0x9eaa4fca, L:/127.0.0.1:60138 - R:localhost/127.0.0.1:64949] for GET '/session/d294cb3a30cab430e1bc72181bdbd78d/url'
12:31:24.954 [AsyncHttpClient-1-10] DEBUG org.asynchttpclient.netty.handler.HttpHandler - 

Request DefaultFullHttpRequest(decodeResult: success, version: HTTP/1.1, content: EmptyByteBufBE)
GET /session/d294cb3a30cab430e1bc72181bdbd78d/url HTTP/1.1
User-Agent: selenium/4.4.0 (java windows)
Cache-Control: no-cache
Content-Type: application/json; charset=utf-8
host: localhost:64949
accept: */*

Response DefaultHttpResponse(decodeResult: success, version: HTTP/1.1)
HTTP/1.1 200 OK
Content-Type: application/json; charset=utf-8
cache-control: no-cache
content-length: 52

12:31:24.954 [AsyncHttpClient-1-10] DEBUG org.asynchttpclient.netty.channel.ChannelManager - Adding key: http://localhost:64949 for channel [id: 0x9eaa4fca, L:/127.0.0.1:60138 - R:localhost/127.0.0.1:64949]
12:31:24.971 [Forwarding getCurrentWindowHandle on session d294cb3a30cab430e1bc72181bdbd78d to remote] DEBUG org.asynchttpclient.netty.request.NettyRequestSender - Using pooled Channel '[id: 0x9eaa4fca, L:/127.0.0.1:60138 - R:localhost/127.0.0.1:64949]' for 'GET' to 'http://localhost:64949/session/d294cb3a30cab430e1bc72181bdbd78d/window'
12:31:24.971 [Forwarding getCurrentWindowHandle on session d294cb3a30cab430e1bc72181bdbd78d to remote] DEBUG org.asynchttpclient.netty.request.NettyRequestSender - Using open Channel [id: 0x9eaa4fca, L:/127.0.0.1:60138 - R:localhost/127.0.0.1:64949] for GET '/session/d294cb3a30cab430e1bc72181bdbd78d/window'
12:31:24.972 [AsyncHttpClient-1-10] DEBUG org.asynchttpclient.netty.handler.HttpHandler - 

Request DefaultFullHttpRequest(decodeResult: success, version: HTTP/1.1, content: EmptyByteBufBE)
GET /session/d294cb3a30cab430e1bc72181bdbd78d/window HTTP/1.1
User-Agent: selenium/4.4.0 (java windows)
Cache-Control: no-cache
Content-Type: application/json; charset=utf-8
host: localhost:64949
accept: */*

Response DefaultHttpResponse(decodeResult: success, version: HTTP/1.1)
HTTP/1.1 200 OK
Content-Type: application/json; charset=utf-8
cache-control: no-cache
content-length: 53

12:31:24.972 [AsyncHttpClient-1-10] DEBUG org.asynchttpclient.netty.channel.ChannelManager - Adding key: http://localhost:64949 for channel [id: 0x9eaa4fca, L:/127.0.0.1:60138 - R:localhost/127.0.0.1:64949]
12:31:24.975 [Forwarding getAlertText on session d294cb3a30cab430e1bc72181bdbd78d to remote] DEBUG org.asynchttpclient.netty.request.NettyRequestSender - Using pooled Channel '[id: 0x9eaa4fca, L:/127.0.0.1:60138 - R:localhost/127.0.0.1:64949]' for 'GET' to 'http://localhost:64949/session/d294cb3a30cab430e1bc72181bdbd78d/alert/text'
12:31:24.975 [Forwarding getAlertText on session d294cb3a30cab430e1bc72181bdbd78d to remote] DEBUG org.asynchttpclient.netty.request.NettyRequestSender - Using open Channel [id: 0x9eaa4fca, L:/127.0.0.1:60138 - R:localhost/127.0.0.1:64949] for GET '/session/d294cb3a30cab430e1bc72181bdbd78d/alert/text'
12:31:24.977 [AsyncHttpClient-1-10] DEBUG org.asynchttpclient.netty.handler.HttpHandler - 

Request DefaultFullHttpRequest(decodeResult: success, version: HTTP/1.1, content: EmptyByteBufBE)
GET /session/d294cb3a30cab430e1bc72181bdbd78d/alert/text HTTP/1.1
User-Agent: selenium/4.4.0 (java windows)
Cache-Control: no-cache
Content-Type: application/json; charset=utf-8
host: localhost:64949
accept: */*

Response DefaultHttpResponse(decodeResult: success, version: HTTP/1.1)
HTTP/1.1 404 Not Found
Content-Type: application/json; charset=utf-8
cache-control: no-cache
content-length: 879

12:31:24.977 [AsyncHttpClient-1-10] DEBUG org.asynchttpclient.netty.channel.ChannelManager - Adding key: http://localhost:64949 for channel [id: 0x9eaa4fca, L:/127.0.0.1:60138 - R:localhost/127.0.0.1:64949]
12:31:24.981 [Forwarding switchToWindow on session d294cb3a30cab430e1bc72181bdbd78d to remote] DEBUG org.asynchttpclient.netty.request.NettyRequestSender - Using pooled Channel '[id: 0x9eaa4fca, L:/127.0.0.1:60138 - R:localhost/127.0.0.1:64949]' for 'POST' to 'http://localhost:64949/session/d294cb3a30cab430e1bc72181bdbd78d/window'
12:31:24.981 [Forwarding switchToWindow on session d294cb3a30cab430e1bc72181bdbd78d to remote] DEBUG org.asynchttpclient.netty.request.NettyRequestSender - Using open Channel [id: 0x9eaa4fca, L:/127.0.0.1:60138 - R:localhost/127.0.0.1:64949] for POST '/session/d294cb3a30cab430e1bc72181bdbd78d/window'
12:31:24.983 [AsyncHttpClient-1-10] DEBUG org.asynchttpclient.netty.handler.HttpHandler - 

Request DefaultHttpRequest(decodeResult: success, version: HTTP/1.1)
POST /session/d294cb3a30cab430e1bc72181bdbd78d/window HTTP/1.1
User-Agent: selenium/4.4.0 (java windows)
Content-Length: 59
Content-Type: application/json; charset=utf-8
host: localhost:64949
accept: */*

Response DefaultHttpResponse(decodeResult: success, version: HTTP/1.1)
HTTP/1.1 200 OK
Content-Type: application/json; charset=utf-8
cache-control: no-cache
content-length: 14

12:31:24.983 [AsyncHttpClient-1-10] DEBUG org.asynchttpclient.netty.channel.ChannelManager - Adding key: http://localhost:64949 for channel [id: 0x9eaa4fca, L:/127.0.0.1:60138 - R:localhost/127.0.0.1:64949]
12:31:24.984 [Forwarding getCurrentUrl on session d294cb3a30cab430e1bc72181bdbd78d to remote] DEBUG org.asynchttpclient.netty.request.NettyRequestSender - Using pooled Channel '[id: 0x9eaa4fca, L:/127.0.0.1:60138 - R:localhost/127.0.0.1:64949]' for 'GET' to 'http://localhost:64949/session/d294cb3a30cab430e1bc72181bdbd78d/url'
12:31:24.984 [Forwarding getCurrentUrl on session d294cb3a30cab430e1bc72181bdbd78d to remote] DEBUG org.asynchttpclient.netty.request.NettyRequestSender - Using open Channel [id: 0x9eaa4fca, L:/127.0.0.1:60138 - R:localhost/127.0.0.1:64949] for GET '/session/d294cb3a30cab430e1bc72181bdbd78d/url'
12:31:24.987 [AsyncHttpClient-1-10] DEBUG org.asynchttpclient.netty.handler.HttpHandler - 

Request DefaultFullHttpRequest(decodeResult: success, version: HTTP/1.1, content: EmptyByteBufBE)
GET /session/d294cb3a30cab430e1bc72181bdbd78d/url HTTP/1.1
User-Agent: selenium/4.4.0 (java windows)
Cache-Control: no-cache
Content-Type: application/json; charset=utf-8
host: localhost:64949
accept: */*

Response DefaultHttpResponse(decodeResult: success, version: HTTP/1.1)
HTTP/1.1 200 OK
Content-Type: application/json; charset=utf-8
cache-control: no-cache
content-length: 52

12:31:24.987 [AsyncHttpClient-1-10] DEBUG org.asynchttpclient.netty.channel.ChannelManager - Adding key: http://localhost:64949 for channel [id: 0x9eaa4fca, L:/127.0.0.1:60138 - R:localhost/127.0.0.1:64949]
12:31:24.988 [Forwarding screenshot on session d294cb3a30cab430e1bc72181bdbd78d to remote] DEBUG org.asynchttpclient.netty.request.NettyRequestSender - Using pooled Channel '[id: 0x9eaa4fca, L:/127.0.0.1:60138 - R:localhost/127.0.0.1:64949]' for 'GET' to 'http://localhost:64949/session/d294cb3a30cab430e1bc72181bdbd78d/screenshot'
12:31:24.988 [Forwarding screenshot on session d294cb3a30cab430e1bc72181bdbd78d to remote] DEBUG org.asynchttpclient.netty.request.NettyRequestSender - Using open Channel [id: 0x9eaa4fca, L:/127.0.0.1:60138 - R:localhost/127.0.0.1:64949] for GET '/session/d294cb3a30cab430e1bc72181bdbd78d/screenshot'
12:31:25.043 [AsyncHttpClient-1-1] DEBUG org.asynchttpclient.netty.channel.DefaultChannelPool - Entry count for : http://localhost:60139 : 1
12:31:25.087 [AsyncHttpClient-1-10] DEBUG org.asynchttpclient.netty.handler.HttpHandler - 

Request DefaultFullHttpRequest(decodeResult: success, version: HTTP/1.1, content: EmptyByteBufBE)
GET /session/d294cb3a30cab430e1bc72181bdbd78d/screenshot HTTP/1.1
User-Agent: selenium/4.4.0 (java windows)
Cache-Control: no-cache
Content-Type: application/json; charset=utf-8
host: localhost:64949
accept: */*

Response DefaultHttpResponse(decodeResult: success, version: HTTP/1.1)
HTTP/1.1 200 OK
Content-Type: application/json; charset=utf-8
cache-control: no-cache
content-length: 316576

12:31:25.087 [AsyncHttpClient-1-10] DEBUG org.asynchttpclient.netty.channel.ChannelManager - Adding key: http://localhost:64949 for channel [id: 0x9eaa4fca, L:/127.0.0.1:60138 - R:localhost/127.0.0.1:64949]
12:31:25.095 [Test worker] DEBUG net.serenitybdd.core.photography.Darkroom - Send negative for processing for C:\Users\juan.gomezv\IdeaProjects\sura\target\site\serenity\3da21034dd62ea2f71a72d5480f33afae3b96b5e8c88685467ef2d76dc0ddb78.png
12:31:25.100 [Forwarding getPageSource on session d294cb3a30cab430e1bc72181bdbd78d to remote] DEBUG org.asynchttpclient.netty.request.NettyRequestSender - Using pooled Channel '[id: 0x9eaa4fca, L:/127.0.0.1:60138 - R:localhost/127.0.0.1:64949]' for 'POST' to 'http://localhost:64949/session/d294cb3a30cab430e1bc72181bdbd78d/execute/sync'
12:31:25.100 [Forwarding getPageSource on session d294cb3a30cab430e1bc72181bdbd78d to remote] DEBUG org.asynchttpclient.netty.request.NettyRequestSender - Using open Channel [id: 0x9eaa4fca, L:/127.0.0.1:60138 - R:localhost/127.0.0.1:64949] for POST '/session/d294cb3a30cab430e1bc72181bdbd78d/execute/sync'
12:31:25.105 [AsyncHttpClient-1-10] DEBUG org.asynchttpclient.netty.handler.HttpHandler - 

Request DefaultHttpRequest(decodeResult: success, version: HTTP/1.1)
POST /session/d294cb3a30cab430e1bc72181bdbd78d/execute/sync HTTP/1.1
User-Agent: selenium/4.4.0 (java windows)
Content-Length: 176
Content-Type: application/json; charset=utf-8
host: localhost:64949
accept: */*

Response DefaultHttpResponse(decodeResult: success, version: HTTP/1.1)
HTTP/1.1 200 OK
Content-Type: application/json; charset=utf-8
cache-control: no-cache
content-length: 15288

12:31:25.105 [AsyncHttpClient-1-10] DEBUG org.asynchttpclient.netty.channel.ChannelManager - Adding key: http://localhost:64949 for channel [id: 0x9eaa4fca, L:/127.0.0.1:60138 - R:localhost/127.0.0.1:64949]
12:31:25.107 [Forwarding getCurrentUrl on session d294cb3a30cab430e1bc72181bdbd78d to remote] DEBUG org.asynchttpclient.netty.request.NettyRequestSender - Using pooled Channel '[id: 0x9eaa4fca, L:/127.0.0.1:60138 - R:localhost/127.0.0.1:64949]' for 'GET' to 'http://localhost:64949/session/d294cb3a30cab430e1bc72181bdbd78d/url'
12:31:25.107 [Forwarding getCurrentUrl on session d294cb3a30cab430e1bc72181bdbd78d to remote] DEBUG org.asynchttpclient.netty.request.NettyRequestSender - Using open Channel [id: 0x9eaa4fca, L:/127.0.0.1:60138 - R:localhost/127.0.0.1:64949] for GET '/session/d294cb3a30cab430e1bc72181bdbd78d/url'
12:31:25.111 [AsyncHttpClient-1-10] DEBUG org.asynchttpclient.netty.handler.HttpHandler - 

Request DefaultFullHttpRequest(decodeResult: success, version: HTTP/1.1, content: EmptyByteBufBE)
GET /session/d294cb3a30cab430e1bc72181bdbd78d/url HTTP/1.1
User-Agent: selenium/4.4.0 (java windows)
Cache-Control: no-cache
Content-Type: application/json; charset=utf-8
host: localhost:64949
accept: */*

Response DefaultHttpResponse(decodeResult: success, version: HTTP/1.1)
HTTP/1.1 200 OK
Content-Type: application/json; charset=utf-8
cache-control: no-cache
content-length: 52

12:31:25.111 [AsyncHttpClient-1-10] DEBUG org.asynchttpclient.netty.channel.ChannelManager - Adding key: http://localhost:64949 for channel [id: 0x9eaa4fca, L:/127.0.0.1:60138 - R:localhost/127.0.0.1:64949]
12:31:25.112 [Test worker] DEBUG net.thucydides.core.steps.StepInterceptor - STARTING STEP: CatalogueSteps.haceClickEnElBotonDelArticulo - performAs
12:31:25.137 [Forwarding getPageSource on session d294cb3a30cab430e1bc72181bdbd78d to remote] DEBUG org.asynchttpclient.netty.request.NettyRequestSender - Using pooled Channel '[id: 0x9eaa4fca, L:/127.0.0.1:60138 - R:localhost/127.0.0.1:64949]' for 'POST' to 'http://localhost:64949/session/d294cb3a30cab430e1bc72181bdbd78d/execute/sync'
12:31:25.137 [Forwarding getPageSource on session d294cb3a30cab430e1bc72181bdbd78d to remote] DEBUG org.asynchttpclient.netty.request.NettyRequestSender - Using open Channel [id: 0x9eaa4fca, L:/127.0.0.1:60138 - R:localhost/127.0.0.1:64949] for POST '/session/d294cb3a30cab430e1bc72181bdbd78d/execute/sync'
12:31:25.143 [AsyncHttpClient-1-10] DEBUG org.asynchttpclient.netty.handler.HttpHandler - 

Request DefaultHttpRequest(decodeResult: success, version: HTTP/1.1)
POST /session/d294cb3a30cab430e1bc72181bdbd78d/execute/sync HTTP/1.1
User-Agent: selenium/4.4.0 (java windows)
Content-Length: 176
Content-Type: application/json; charset=utf-8
host: localhost:64949
accept: */*

Response DefaultHttpResponse(decodeResult: success, version: HTTP/1.1)
HTTP/1.1 200 OK
Content-Type: application/json; charset=utf-8
cache-control: no-cache
content-length: 15288

12:31:25.143 [AsyncHttpClient-1-10] DEBUG org.asynchttpclient.netty.channel.ChannelManager - Adding key: http://localhost:64949 for channel [id: 0x9eaa4fca, L:/127.0.0.1:60138 - R:localhost/127.0.0.1:64949]
12:31:25.145 [Forwarding getCurrentUrl on session d294cb3a30cab430e1bc72181bdbd78d to remote] DEBUG org.asynchttpclient.netty.request.NettyRequestSender - Using pooled Channel '[id: 0x9eaa4fca, L:/127.0.0.1:60138 - R:localhost/127.0.0.1:64949]' for 'GET' to 'http://localhost:64949/session/d294cb3a30cab430e1bc72181bdbd78d/url'
12:31:25.145 [Forwarding getCurrentUrl on session d294cb3a30cab430e1bc72181bdbd78d to remote] DEBUG org.asynchttpclient.netty.request.NettyRequestSender - Using open Channel [id: 0x9eaa4fca, L:/127.0.0.1:60138 - R:localhost/127.0.0.1:64949] for GET '/session/d294cb3a30cab430e1bc72181bdbd78d/url'
12:31:25.149 [AsyncHttpClient-1-10] DEBUG org.asynchttpclient.netty.handler.HttpHandler - 

Request DefaultFullHttpRequest(decodeResult: success, version: HTTP/1.1, content: EmptyByteBufBE)
GET /session/d294cb3a30cab430e1bc72181bdbd78d/url HTTP/1.1
User-Agent: selenium/4.4.0 (java windows)
Cache-Control: no-cache
Content-Type: application/json; charset=utf-8
host: localhost:64949
accept: */*

Response DefaultHttpResponse(decodeResult: success, version: HTTP/1.1)
HTTP/1.1 200 OK
Content-Type: application/json; charset=utf-8
cache-control: no-cache
content-length: 52

12:31:25.149 [AsyncHttpClient-1-10] DEBUG org.asynchttpclient.netty.channel.ChannelManager - Adding key: http://localhost:64949 for channel [id: 0x9eaa4fca, L:/127.0.0.1:60138 - R:localhost/127.0.0.1:64949]
12:31:25.151 [Test worker] DEBUG net.thucydides.core.steps.StepInterceptor - STARTING STEP: SelectFromCatalogue.performAs - !#title
12:31:25.160 [Test worker] DEBUG net.serenitybdd.screenplay.targets.IFrameSwitcher - default content already selected for catalogue product button
12:31:25.164 [Forwarding findElements on session d294cb3a30cab430e1bc72181bdbd78d to remote] DEBUG org.asynchttpclient.netty.request.NettyRequestSender - Using pooled Channel '[id: 0x9eaa4fca, L:/127.0.0.1:60138 - R:localhost/127.0.0.1:64949]' for 'POST' to 'http://localhost:64949/session/d294cb3a30cab430e1bc72181bdbd78d/elements'
12:31:25.164 [Forwarding findElements on session d294cb3a30cab430e1bc72181bdbd78d to remote] DEBUG org.asynchttpclient.netty.request.NettyRequestSender - Using open Channel [id: 0x9eaa4fca, L:/127.0.0.1:60138 - R:localhost/127.0.0.1:64949] for POST '/session/d294cb3a30cab430e1bc72181bdbd78d/elements'
12:31:25.173 [AsyncHttpClient-1-10] DEBUG org.asynchttpclient.netty.handler.HttpHandler - 

Request DefaultHttpRequest(decodeResult: success, version: HTTP/1.1)
POST /session/d294cb3a30cab430e1bc72181bdbd78d/elements HTTP/1.1
User-Agent: selenium/4.4.0 (java windows)
Content-Length: 112
Content-Type: application/json; charset=utf-8
host: localhost:64949
accept: */*

Response DefaultHttpResponse(decodeResult: success, version: HTTP/1.1)
HTTP/1.1 200 OK
Content-Type: application/json; charset=utf-8
cache-control: no-cache
content-length: 90

12:31:25.174 [AsyncHttpClient-1-10] DEBUG org.asynchttpclient.netty.channel.ChannelManager - Adding key: http://localhost:64949 for channel [id: 0x9eaa4fca, L:/127.0.0.1:60138 - R:localhost/127.0.0.1:64949]
12:31:25.180 [Forwarding isElementDisplayed on session d294cb3a30cab430e1bc72181bdbd78d to remote] DEBUG org.asynchttpclient.netty.request.NettyRequestSender - Using pooled Channel '[id: 0x9eaa4fca, L:/127.0.0.1:60138 - R:localhost/127.0.0.1:64949]' for 'POST' to 'http://localhost:64949/session/d294cb3a30cab430e1bc72181bdbd78d/execute/sync'
12:31:25.180 [Forwarding isElementDisplayed on session d294cb3a30cab430e1bc72181bdbd78d to remote] DEBUG org.asynchttpclient.netty.request.NettyRequestSender - Using open Channel [id: 0x9eaa4fca, L:/127.0.0.1:60138 - R:localhost/127.0.0.1:64949] for POST '/session/d294cb3a30cab430e1bc72181bdbd78d/execute/sync'
12:31:25.188 [AsyncHttpClient-1-10] DEBUG org.asynchttpclient.netty.handler.HttpHandler - 

Request DefaultHttpRequest(decodeResult: success, version: HTTP/1.1)
POST /session/d294cb3a30cab430e1bc72181bdbd78d/execute/sync HTTP/1.1
User-Agent: selenium/4.4.0 (java windows)
Content-Length: 48780
Content-Type: application/json; charset=utf-8
host: localhost:64949
accept: */*

Response DefaultHttpResponse(decodeResult: success, version: HTTP/1.1)
HTTP/1.1 200 OK
Content-Type: application/json; charset=utf-8
cache-control: no-cache
content-length: 14

12:31:25.188 [AsyncHttpClient-1-10] DEBUG org.asynchttpclient.netty.channel.ChannelManager - Adding key: http://localhost:64949 for channel [id: 0x9eaa4fca, L:/127.0.0.1:60138 - R:localhost/127.0.0.1:64949]
12:31:25.190 [Forwarding isElementDisplayed on session d294cb3a30cab430e1bc72181bdbd78d to remote] DEBUG org.asynchttpclient.netty.request.NettyRequestSender - Using pooled Channel '[id: 0x9eaa4fca, L:/127.0.0.1:60138 - R:localhost/127.0.0.1:64949]' for 'POST' to 'http://localhost:64949/session/d294cb3a30cab430e1bc72181bdbd78d/execute/sync'
12:31:25.190 [Forwarding isElementDisplayed on session d294cb3a30cab430e1bc72181bdbd78d to remote] DEBUG org.asynchttpclient.netty.request.NettyRequestSender - Using open Channel [id: 0x9eaa4fca, L:/127.0.0.1:60138 - R:localhost/127.0.0.1:64949] for POST '/session/d294cb3a30cab430e1bc72181bdbd78d/execute/sync'
12:31:25.197 [AsyncHttpClient-1-10] DEBUG org.asynchttpclient.netty.handler.HttpHandler - 

Request DefaultHttpRequest(decodeResult: success, version: HTTP/1.1)
POST /session/d294cb3a30cab430e1bc72181bdbd78d/execute/sync HTTP/1.1
User-Agent: selenium/4.4.0 (java windows)
Content-Length: 48780
Content-Type: application/json; charset=utf-8
host: localhost:64949
accept: */*

Response DefaultHttpResponse(decodeResult: success, version: HTTP/1.1)
HTTP/1.1 200 OK
Content-Type: application/json; charset=utf-8
cache-control: no-cache
content-length: 14

12:31:25.197 [AsyncHttpClient-1-10] DEBUG org.asynchttpclient.netty.channel.ChannelManager - Adding key: http://localhost:64949 for channel [id: 0x9eaa4fca, L:/127.0.0.1:60138 - R:localhost/127.0.0.1:64949]
12:31:25.210 [Forwarding getCurrentWindowHandle on session d294cb3a30cab430e1bc72181bdbd78d to remote] DEBUG org.asynchttpclient.netty.request.NettyRequestSender - Using pooled Channel '[id: 0x9eaa4fca, L:/127.0.0.1:60138 - R:localhost/127.0.0.1:64949]' for 'GET' to 'http://localhost:64949/session/d294cb3a30cab430e1bc72181bdbd78d/window'
12:31:25.210 [Forwarding getCurrentWindowHandle on session d294cb3a30cab430e1bc72181bdbd78d to remote] DEBUG org.asynchttpclient.netty.request.NettyRequestSender - Using open Channel [id: 0x9eaa4fca, L:/127.0.0.1:60138 - R:localhost/127.0.0.1:64949] for GET '/session/d294cb3a30cab430e1bc72181bdbd78d/window'
12:31:25.211 [AsyncHttpClient-1-10] DEBUG org.asynchttpclient.netty.handler.HttpHandler - 

Request DefaultFullHttpRequest(decodeResult: success, version: HTTP/1.1, content: EmptyByteBufBE)
GET /session/d294cb3a30cab430e1bc72181bdbd78d/window HTTP/1.1
User-Agent: selenium/4.4.0 (java windows)
Cache-Control: no-cache
Content-Type: application/json; charset=utf-8
host: localhost:64949
accept: */*

Response DefaultHttpResponse(decodeResult: success, version: HTTP/1.1)
HTTP/1.1 200 OK
Content-Type: application/json; charset=utf-8
cache-control: no-cache
content-length: 53

12:31:25.211 [AsyncHttpClient-1-10] DEBUG org.asynchttpclient.netty.channel.ChannelManager - Adding key: http://localhost:64949 for channel [id: 0x9eaa4fca, L:/127.0.0.1:60138 - R:localhost/127.0.0.1:64949]
12:31:25.215 [Forwarding getAlertText on session d294cb3a30cab430e1bc72181bdbd78d to remote] DEBUG org.asynchttpclient.netty.request.NettyRequestSender - Using pooled Channel '[id: 0x9eaa4fca, L:/127.0.0.1:60138 - R:localhost/127.0.0.1:64949]' for 'GET' to 'http://localhost:64949/session/d294cb3a30cab430e1bc72181bdbd78d/alert/text'
12:31:25.215 [Forwarding getAlertText on session d294cb3a30cab430e1bc72181bdbd78d to remote] DEBUG org.asynchttpclient.netty.request.NettyRequestSender - Using open Channel [id: 0x9eaa4fca, L:/127.0.0.1:60138 - R:localhost/127.0.0.1:64949] for GET '/session/d294cb3a30cab430e1bc72181bdbd78d/alert/text'
12:31:25.217 [AsyncHttpClient-1-10] DEBUG org.asynchttpclient.netty.handler.HttpHandler - 

Request DefaultFullHttpRequest(decodeResult: success, version: HTTP/1.1, content: EmptyByteBufBE)
GET /session/d294cb3a30cab430e1bc72181bdbd78d/alert/text HTTP/1.1
User-Agent: selenium/4.4.0 (java windows)
Cache-Control: no-cache
Content-Type: application/json; charset=utf-8
host: localhost:64949
accept: */*

Response DefaultHttpResponse(decodeResult: success, version: HTTP/1.1)
HTTP/1.1 404 Not Found
Content-Type: application/json; charset=utf-8
cache-control: no-cache
content-length: 879

12:31:25.217 [AsyncHttpClient-1-10] DEBUG org.asynchttpclient.netty.channel.ChannelManager - Adding key: http://localhost:64949 for channel [id: 0x9eaa4fca, L:/127.0.0.1:60138 - R:localhost/127.0.0.1:64949]
12:31:25.222 [Forwarding switchToWindow on session d294cb3a30cab430e1bc72181bdbd78d to remote] DEBUG org.asynchttpclient.netty.request.NettyRequestSender - Using pooled Channel '[id: 0x9eaa4fca, L:/127.0.0.1:60138 - R:localhost/127.0.0.1:64949]' for 'POST' to 'http://localhost:64949/session/d294cb3a30cab430e1bc72181bdbd78d/window'
12:31:25.222 [Forwarding switchToWindow on session d294cb3a30cab430e1bc72181bdbd78d to remote] DEBUG org.asynchttpclient.netty.request.NettyRequestSender - Using open Channel [id: 0x9eaa4fca, L:/127.0.0.1:60138 - R:localhost/127.0.0.1:64949] for POST '/session/d294cb3a30cab430e1bc72181bdbd78d/window'
12:31:25.224 [AsyncHttpClient-1-10] DEBUG org.asynchttpclient.netty.handler.HttpHandler - 

Request DefaultHttpRequest(decodeResult: success, version: HTTP/1.1)
POST /session/d294cb3a30cab430e1bc72181bdbd78d/window HTTP/1.1
User-Agent: selenium/4.4.0 (java windows)
Content-Length: 59
Content-Type: application/json; charset=utf-8
host: localhost:64949
accept: */*

Response DefaultHttpResponse(decodeResult: success, version: HTTP/1.1)
HTTP/1.1 200 OK
Content-Type: application/json; charset=utf-8
cache-control: no-cache
content-length: 14

12:31:25.224 [AsyncHttpClient-1-10] DEBUG org.asynchttpclient.netty.channel.ChannelManager - Adding key: http://localhost:64949 for channel [id: 0x9eaa4fca, L:/127.0.0.1:60138 - R:localhost/127.0.0.1:64949]
12:31:25.225 [Forwarding getCurrentUrl on session d294cb3a30cab430e1bc72181bdbd78d to remote] DEBUG org.asynchttpclient.netty.request.NettyRequestSender - Using pooled Channel '[id: 0x9eaa4fca, L:/127.0.0.1:60138 - R:localhost/127.0.0.1:64949]' for 'GET' to 'http://localhost:64949/session/d294cb3a30cab430e1bc72181bdbd78d/url'
12:31:25.225 [Forwarding getCurrentUrl on session d294cb3a30cab430e1bc72181bdbd78d to remote] DEBUG org.asynchttpclient.netty.request.NettyRequestSender - Using open Channel [id: 0x9eaa4fca, L:/127.0.0.1:60138 - R:localhost/127.0.0.1:64949] for GET '/session/d294cb3a30cab430e1bc72181bdbd78d/url'
12:31:25.228 [AsyncHttpClient-1-10] DEBUG org.asynchttpclient.netty.handler.HttpHandler - 

Request DefaultFullHttpRequest(decodeResult: success, version: HTTP/1.1, content: EmptyByteBufBE)
GET /session/d294cb3a30cab430e1bc72181bdbd78d/url HTTP/1.1
User-Agent: selenium/4.4.0 (java windows)
Cache-Control: no-cache
Content-Type: application/json; charset=utf-8
host: localhost:64949
accept: */*

Response DefaultHttpResponse(decodeResult: success, version: HTTP/1.1)
HTTP/1.1 200 OK
Content-Type: application/json; charset=utf-8
cache-control: no-cache
content-length: 52

12:31:25.228 [AsyncHttpClient-1-10] DEBUG org.asynchttpclient.netty.channel.ChannelManager - Adding key: http://localhost:64949 for channel [id: 0x9eaa4fca, L:/127.0.0.1:60138 - R:localhost/127.0.0.1:64949]
12:31:25.229 [Forwarding screenshot on session d294cb3a30cab430e1bc72181bdbd78d to remote] DEBUG org.asynchttpclient.netty.request.NettyRequestSender - Using pooled Channel '[id: 0x9eaa4fca, L:/127.0.0.1:60138 - R:localhost/127.0.0.1:64949]' for 'GET' to 'http://localhost:64949/session/d294cb3a30cab430e1bc72181bdbd78d/screenshot'
12:31:25.229 [Forwarding screenshot on session d294cb3a30cab430e1bc72181bdbd78d to remote] DEBUG org.asynchttpclient.netty.request.NettyRequestSender - Using open Channel [id: 0x9eaa4fca, L:/127.0.0.1:60138 - R:localhost/127.0.0.1:64949] for GET '/session/d294cb3a30cab430e1bc72181bdbd78d/screenshot'
12:31:25.339 [AsyncHttpClient-1-10] DEBUG org.asynchttpclient.netty.handler.HttpHandler - 

Request DefaultFullHttpRequest(decodeResult: success, version: HTTP/1.1, content: EmptyByteBufBE)
GET /session/d294cb3a30cab430e1bc72181bdbd78d/screenshot HTTP/1.1
User-Agent: selenium/4.4.0 (java windows)
Cache-Control: no-cache
Content-Type: application/json; charset=utf-8
host: localhost:64949
accept: */*

Response DefaultHttpResponse(decodeResult: success, version: HTTP/1.1)
HTTP/1.1 200 OK
Content-Type: application/json; charset=utf-8
cache-control: no-cache
content-length: 316576

12:31:25.339 [AsyncHttpClient-1-10] DEBUG org.asynchttpclient.netty.channel.ChannelManager - Adding key: http://localhost:64949 for channel [id: 0x9eaa4fca, L:/127.0.0.1:60138 - R:localhost/127.0.0.1:64949]
12:31:25.348 [Test worker] DEBUG net.serenitybdd.core.photography.Darkroom - Send negative for processing for C:\Users\juan.gomezv\IdeaProjects\sura\target\site\serenity\3da21034dd62ea2f71a72d5480f33afae3b96b5e8c88685467ef2d76dc0ddb78.png
12:31:25.353 [Forwarding getPageSource on session d294cb3a30cab430e1bc72181bdbd78d to remote] DEBUG org.asynchttpclient.netty.request.NettyRequestSender - Using pooled Channel '[id: 0x9eaa4fca, L:/127.0.0.1:60138 - R:localhost/127.0.0.1:64949]' for 'POST' to 'http://localhost:64949/session/d294cb3a30cab430e1bc72181bdbd78d/execute/sync'
12:31:25.353 [Forwarding getPageSource on session d294cb3a30cab430e1bc72181bdbd78d to remote] DEBUG org.asynchttpclient.netty.request.NettyRequestSender - Using open Channel [id: 0x9eaa4fca, L:/127.0.0.1:60138 - R:localhost/127.0.0.1:64949] for POST '/session/d294cb3a30cab430e1bc72181bdbd78d/execute/sync'
12:31:25.358 [AsyncHttpClient-1-10] DEBUG org.asynchttpclient.netty.handler.HttpHandler - 

Request DefaultHttpRequest(decodeResult: success, version: HTTP/1.1)
POST /session/d294cb3a30cab430e1bc72181bdbd78d/execute/sync HTTP/1.1
User-Agent: selenium/4.4.0 (java windows)
Content-Length: 176
Content-Type: application/json; charset=utf-8
host: localhost:64949
accept: */*

Response DefaultHttpResponse(decodeResult: success, version: HTTP/1.1)
HTTP/1.1 200 OK
Content-Type: application/json; charset=utf-8
cache-control: no-cache
content-length: 15288

12:31:25.358 [AsyncHttpClient-1-10] DEBUG org.asynchttpclient.netty.channel.ChannelManager - Adding key: http://localhost:64949 for channel [id: 0x9eaa4fca, L:/127.0.0.1:60138 - R:localhost/127.0.0.1:64949]
12:31:25.360 [Forwarding getCurrentUrl on session d294cb3a30cab430e1bc72181bdbd78d to remote] DEBUG org.asynchttpclient.netty.request.NettyRequestSender - Using pooled Channel '[id: 0x9eaa4fca, L:/127.0.0.1:60138 - R:localhost/127.0.0.1:64949]' for 'GET' to 'http://localhost:64949/session/d294cb3a30cab430e1bc72181bdbd78d/url'
12:31:25.360 [Forwarding getCurrentUrl on session d294cb3a30cab430e1bc72181bdbd78d to remote] DEBUG org.asynchttpclient.netty.request.NettyRequestSender - Using open Channel [id: 0x9eaa4fca, L:/127.0.0.1:60138 - R:localhost/127.0.0.1:64949] for GET '/session/d294cb3a30cab430e1bc72181bdbd78d/url'
12:31:25.364 [AsyncHttpClient-1-10] DEBUG org.asynchttpclient.netty.handler.HttpHandler - 

Request DefaultFullHttpRequest(decodeResult: success, version: HTTP/1.1, content: EmptyByteBufBE)
GET /session/d294cb3a30cab430e1bc72181bdbd78d/url HTTP/1.1
User-Agent: selenium/4.4.0 (java windows)
Cache-Control: no-cache
Content-Type: application/json; charset=utf-8
host: localhost:64949
accept: */*

Response DefaultHttpResponse(decodeResult: success, version: HTTP/1.1)
HTTP/1.1 200 OK
Content-Type: application/json; charset=utf-8
cache-control: no-cache
content-length: 52

12:31:25.364 [AsyncHttpClient-1-10] DEBUG org.asynchttpclient.netty.channel.ChannelManager - Adding key: http://localhost:64949 for channel [id: 0x9eaa4fca, L:/127.0.0.1:60138 - R:localhost/127.0.0.1:64949]
12:31:25.366 [Test worker] DEBUG net.thucydides.core.steps.StepInterceptor - STARTING STEP: SelectFromCatalogue.performAs - {0} clicks on #target
12:31:25.366 [Test worker] DEBUG net.serenitybdd.screenplay.targets.IFrameSwitcher - default content already selected for catalogue product button
12:31:25.393 [Forwarding findElement on session d294cb3a30cab430e1bc72181bdbd78d to remote] DEBUG org.asynchttpclient.netty.request.NettyRequestSender - Using pooled Channel '[id: 0x9eaa4fca, L:/127.0.0.1:60138 - R:localhost/127.0.0.1:64949]' for 'POST' to 'http://localhost:64949/session/d294cb3a30cab430e1bc72181bdbd78d/element'
12:31:25.393 [Forwarding findElement on session d294cb3a30cab430e1bc72181bdbd78d to remote] DEBUG org.asynchttpclient.netty.request.NettyRequestSender - Using open Channel [id: 0x9eaa4fca, L:/127.0.0.1:60138 - R:localhost/127.0.0.1:64949] for POST '/session/d294cb3a30cab430e1bc72181bdbd78d/element'
12:31:25.402 [AsyncHttpClient-1-10] DEBUG org.asynchttpclient.netty.handler.HttpHandler - 

Request DefaultHttpRequest(decodeResult: success, version: HTTP/1.1)
POST /session/d294cb3a30cab430e1bc72181bdbd78d/element HTTP/1.1
User-Agent: selenium/4.4.0 (java windows)
Content-Length: 112
Content-Type: application/json; charset=utf-8
host: localhost:64949
accept: */*

Response DefaultHttpResponse(decodeResult: success, version: HTTP/1.1)
HTTP/1.1 200 OK
Content-Type: application/json; charset=utf-8
cache-control: no-cache
content-length: 88

12:31:25.402 [AsyncHttpClient-1-10] DEBUG org.asynchttpclient.netty.channel.ChannelManager - Adding key: http://localhost:64949 for channel [id: 0x9eaa4fca, L:/127.0.0.1:60138 - R:localhost/127.0.0.1:64949]
12:31:25.407 [Forwarding isElementDisplayed on session d294cb3a30cab430e1bc72181bdbd78d to remote] DEBUG org.asynchttpclient.netty.request.NettyRequestSender - Using pooled Channel '[id: 0x9eaa4fca, L:/127.0.0.1:60138 - R:localhost/127.0.0.1:64949]' for 'POST' to 'http://localhost:64949/session/d294cb3a30cab430e1bc72181bdbd78d/execute/sync'
12:31:25.407 [Forwarding isElementDisplayed on session d294cb3a30cab430e1bc72181bdbd78d to remote] DEBUG org.asynchttpclient.netty.request.NettyRequestSender - Using open Channel [id: 0x9eaa4fca, L:/127.0.0.1:60138 - R:localhost/127.0.0.1:64949] for POST '/session/d294cb3a30cab430e1bc72181bdbd78d/execute/sync'
12:31:25.415 [AsyncHttpClient-1-10] DEBUG org.asynchttpclient.netty.handler.HttpHandler - 

Request DefaultHttpRequest(decodeResult: success, version: HTTP/1.1)
POST /session/d294cb3a30cab430e1bc72181bdbd78d/execute/sync HTTP/1.1
User-Agent: selenium/4.4.0 (java windows)
Content-Length: 48780
Content-Type: application/json; charset=utf-8
host: localhost:64949
accept: */*

Response DefaultHttpResponse(decodeResult: success, version: HTTP/1.1)
HTTP/1.1 200 OK
Content-Type: application/json; charset=utf-8
cache-control: no-cache
content-length: 14

12:31:25.415 [AsyncHttpClient-1-10] DEBUG org.asynchttpclient.netty.channel.ChannelManager - Adding key: http://localhost:64949 for channel [id: 0x9eaa4fca, L:/127.0.0.1:60138 - R:localhost/127.0.0.1:64949]
12:31:25.423 [Forwarding findElement on session d294cb3a30cab430e1bc72181bdbd78d to remote] DEBUG org.asynchttpclient.netty.request.NettyRequestSender - Using pooled Channel '[id: 0x9eaa4fca, L:/127.0.0.1:60138 - R:localhost/127.0.0.1:64949]' for 'POST' to 'http://localhost:64949/session/d294cb3a30cab430e1bc72181bdbd78d/element'
12:31:25.423 [Forwarding findElement on session d294cb3a30cab430e1bc72181bdbd78d to remote] DEBUG org.asynchttpclient.netty.request.NettyRequestSender - Using open Channel [id: 0x9eaa4fca, L:/127.0.0.1:60138 - R:localhost/127.0.0.1:64949] for POST '/session/d294cb3a30cab430e1bc72181bdbd78d/element'
12:31:25.428 [AsyncHttpClient-1-10] DEBUG org.asynchttpclient.netty.handler.HttpHandler - 

Request DefaultHttpRequest(decodeResult: success, version: HTTP/1.1)
POST /session/d294cb3a30cab430e1bc72181bdbd78d/element HTTP/1.1
User-Agent: selenium/4.4.0 (java windows)
Content-Length: 112
Content-Type: application/json; charset=utf-8
host: localhost:64949
accept: */*

Response DefaultHttpResponse(decodeResult: success, version: HTTP/1.1)
HTTP/1.1 200 OK
Content-Type: application/json; charset=utf-8
cache-control: no-cache
content-length: 88

12:31:25.429 [AsyncHttpClient-1-10] DEBUG org.asynchttpclient.netty.channel.ChannelManager - Adding key: http://localhost:64949 for channel [id: 0x9eaa4fca, L:/127.0.0.1:60138 - R:localhost/127.0.0.1:64949]
12:31:25.429 [Forwarding clickElement on session d294cb3a30cab430e1bc72181bdbd78d to remote] DEBUG org.asynchttpclient.netty.request.NettyRequestSender - Using pooled Channel '[id: 0x9eaa4fca, L:/127.0.0.1:60138 - R:localhost/127.0.0.1:64949]' for 'POST' to 'http://localhost:64949/session/d294cb3a30cab430e1bc72181bdbd78d/element/57fa471d-c711-47f3-8c3c-5a23fe8d8349/click'
12:31:25.429 [Forwarding clickElement on session d294cb3a30cab430e1bc72181bdbd78d to remote] DEBUG org.asynchttpclient.netty.request.NettyRequestSender - Using open Channel [id: 0x9eaa4fca, L:/127.0.0.1:60138 - R:localhost/127.0.0.1:64949] for POST '/session/d294cb3a30cab430e1bc72181bdbd78d/element/57fa471d-c711-47f3-8c3c-5a23fe8d8349/click'
12:31:25.460 [AsyncHttpClient-1-10] DEBUG org.asynchttpclient.netty.handler.HttpHandler - 

Request DefaultHttpRequest(decodeResult: success, version: HTTP/1.1)
POST /session/d294cb3a30cab430e1bc72181bdbd78d/element/57fa471d-c711-47f3-8c3c-5a23fe8d8349/click HTTP/1.1
User-Agent: selenium/4.4.0 (java windows)
Content-Length: 50
Content-Type: application/json; charset=utf-8
host: localhost:64949
accept: */*

Response DefaultHttpResponse(decodeResult: success, version: HTTP/1.1)
HTTP/1.1 200 OK
Content-Type: application/json; charset=utf-8
cache-control: no-cache
content-length: 14

12:31:25.460 [AsyncHttpClient-1-10] DEBUG org.asynchttpclient.netty.channel.ChannelManager - Adding key: http://localhost:64949 for channel [id: 0x9eaa4fca, L:/127.0.0.1:60138 - R:localhost/127.0.0.1:64949]
12:31:25.474 [Forwarding getCurrentWindowHandle on session d294cb3a30cab430e1bc72181bdbd78d to remote] DEBUG org.asynchttpclient.netty.request.NettyRequestSender - Using pooled Channel '[id: 0x9eaa4fca, L:/127.0.0.1:60138 - R:localhost/127.0.0.1:64949]' for 'GET' to 'http://localhost:64949/session/d294cb3a30cab430e1bc72181bdbd78d/window'
12:31:25.474 [Forwarding getCurrentWindowHandle on session d294cb3a30cab430e1bc72181bdbd78d to remote] DEBUG org.asynchttpclient.netty.request.NettyRequestSender - Using open Channel [id: 0x9eaa4fca, L:/127.0.0.1:60138 - R:localhost/127.0.0.1:64949] for GET '/session/d294cb3a30cab430e1bc72181bdbd78d/window'
12:31:25.475 [AsyncHttpClient-1-10] DEBUG org.asynchttpclient.netty.handler.HttpHandler - 

Request DefaultFullHttpRequest(decodeResult: success, version: HTTP/1.1, content: EmptyByteBufBE)
GET /session/d294cb3a30cab430e1bc72181bdbd78d/window HTTP/1.1
User-Agent: selenium/4.4.0 (java windows)
Cache-Control: no-cache
Content-Type: application/json; charset=utf-8
host: localhost:64949
accept: */*

Response DefaultHttpResponse(decodeResult: success, version: HTTP/1.1)
HTTP/1.1 200 OK
Content-Type: application/json; charset=utf-8
cache-control: no-cache
content-length: 53

12:31:25.475 [AsyncHttpClient-1-10] DEBUG org.asynchttpclient.netty.channel.ChannelManager - Adding key: http://localhost:64949 for channel [id: 0x9eaa4fca, L:/127.0.0.1:60138 - R:localhost/127.0.0.1:64949]
12:31:25.478 [Forwarding getAlertText on session d294cb3a30cab430e1bc72181bdbd78d to remote] DEBUG org.asynchttpclient.netty.request.NettyRequestSender - Using pooled Channel '[id: 0x9eaa4fca, L:/127.0.0.1:60138 - R:localhost/127.0.0.1:64949]' for 'GET' to 'http://localhost:64949/session/d294cb3a30cab430e1bc72181bdbd78d/alert/text'
12:31:25.478 [Forwarding getAlertText on session d294cb3a30cab430e1bc72181bdbd78d to remote] DEBUG org.asynchttpclient.netty.request.NettyRequestSender - Using open Channel [id: 0x9eaa4fca, L:/127.0.0.1:60138 - R:localhost/127.0.0.1:64949] for GET '/session/d294cb3a30cab430e1bc72181bdbd78d/alert/text'
12:31:25.479 [AsyncHttpClient-1-10] DEBUG org.asynchttpclient.netty.handler.HttpHandler - 

Request DefaultFullHttpRequest(decodeResult: success, version: HTTP/1.1, content: EmptyByteBufBE)
GET /session/d294cb3a30cab430e1bc72181bdbd78d/alert/text HTTP/1.1
User-Agent: selenium/4.4.0 (java windows)
Cache-Control: no-cache
Content-Type: application/json; charset=utf-8
host: localhost:64949
accept: */*

Response DefaultHttpResponse(decodeResult: success, version: HTTP/1.1)
HTTP/1.1 404 Not Found
Content-Type: application/json; charset=utf-8
cache-control: no-cache
content-length: 879

12:31:25.480 [AsyncHttpClient-1-10] DEBUG org.asynchttpclient.netty.channel.ChannelManager - Adding key: http://localhost:64949 for channel [id: 0x9eaa4fca, L:/127.0.0.1:60138 - R:localhost/127.0.0.1:64949]
12:31:25.485 [Forwarding switchToWindow on session d294cb3a30cab430e1bc72181bdbd78d to remote] DEBUG org.asynchttpclient.netty.request.NettyRequestSender - Using pooled Channel '[id: 0x9eaa4fca, L:/127.0.0.1:60138 - R:localhost/127.0.0.1:64949]' for 'POST' to 'http://localhost:64949/session/d294cb3a30cab430e1bc72181bdbd78d/window'
12:31:25.485 [Forwarding switchToWindow on session d294cb3a30cab430e1bc72181bdbd78d to remote] DEBUG org.asynchttpclient.netty.request.NettyRequestSender - Using open Channel [id: 0x9eaa4fca, L:/127.0.0.1:60138 - R:localhost/127.0.0.1:64949] for POST '/session/d294cb3a30cab430e1bc72181bdbd78d/window'
12:31:25.487 [AsyncHttpClient-1-10] DEBUG org.asynchttpclient.netty.handler.HttpHandler - 

Request DefaultHttpRequest(decodeResult: success, version: HTTP/1.1)
POST /session/d294cb3a30cab430e1bc72181bdbd78d/window HTTP/1.1
User-Agent: selenium/4.4.0 (java windows)
Content-Length: 59
Content-Type: application/json; charset=utf-8
host: localhost:64949
accept: */*

Response DefaultHttpResponse(decodeResult: success, version: HTTP/1.1)
HTTP/1.1 200 OK
Content-Type: application/json; charset=utf-8
cache-control: no-cache
content-length: 14

12:31:25.487 [AsyncHttpClient-1-10] DEBUG org.asynchttpclient.netty.channel.ChannelManager - Adding key: http://localhost:64949 for channel [id: 0x9eaa4fca, L:/127.0.0.1:60138 - R:localhost/127.0.0.1:64949]
12:31:25.487 [Forwarding getCurrentUrl on session d294cb3a30cab430e1bc72181bdbd78d to remote] DEBUG org.asynchttpclient.netty.request.NettyRequestSender - Using pooled Channel '[id: 0x9eaa4fca, L:/127.0.0.1:60138 - R:localhost/127.0.0.1:64949]' for 'GET' to 'http://localhost:64949/session/d294cb3a30cab430e1bc72181bdbd78d/url'
12:31:25.487 [Forwarding getCurrentUrl on session d294cb3a30cab430e1bc72181bdbd78d to remote] DEBUG org.asynchttpclient.netty.request.NettyRequestSender - Using open Channel [id: 0x9eaa4fca, L:/127.0.0.1:60138 - R:localhost/127.0.0.1:64949] for GET '/session/d294cb3a30cab430e1bc72181bdbd78d/url'
12:31:25.490 [AsyncHttpClient-1-10] DEBUG org.asynchttpclient.netty.handler.HttpHandler - 

Request DefaultFullHttpRequest(decodeResult: success, version: HTTP/1.1, content: EmptyByteBufBE)
GET /session/d294cb3a30cab430e1bc72181bdbd78d/url HTTP/1.1
User-Agent: selenium/4.4.0 (java windows)
Cache-Control: no-cache
Content-Type: application/json; charset=utf-8
host: localhost:64949
accept: */*

Response DefaultHttpResponse(decodeResult: success, version: HTTP/1.1)
HTTP/1.1 200 OK
Content-Type: application/json; charset=utf-8
cache-control: no-cache
content-length: 52

12:31:25.491 [AsyncHttpClient-1-10] DEBUG org.asynchttpclient.netty.channel.ChannelManager - Adding key: http://localhost:64949 for channel [id: 0x9eaa4fca, L:/127.0.0.1:60138 - R:localhost/127.0.0.1:64949]
12:31:25.491 [Forwarding screenshot on session d294cb3a30cab430e1bc72181bdbd78d to remote] DEBUG org.asynchttpclient.netty.request.NettyRequestSender - Using pooled Channel '[id: 0x9eaa4fca, L:/127.0.0.1:60138 - R:localhost/127.0.0.1:64949]' for 'GET' to 'http://localhost:64949/session/d294cb3a30cab430e1bc72181bdbd78d/screenshot'
12:31:25.491 [Forwarding screenshot on session d294cb3a30cab430e1bc72181bdbd78d to remote] DEBUG org.asynchttpclient.netty.request.NettyRequestSender - Using open Channel [id: 0x9eaa4fca, L:/127.0.0.1:60138 - R:localhost/127.0.0.1:64949] for GET '/session/d294cb3a30cab430e1bc72181bdbd78d/screenshot'
12:31:25.613 [AsyncHttpClient-1-10] DEBUG org.asynchttpclient.netty.handler.HttpHandler - 

Request DefaultFullHttpRequest(decodeResult: success, version: HTTP/1.1, content: EmptyByteBufBE)
GET /session/d294cb3a30cab430e1bc72181bdbd78d/screenshot HTTP/1.1
User-Agent: selenium/4.4.0 (java windows)
Cache-Control: no-cache
Content-Type: application/json; charset=utf-8
host: localhost:64949
accept: */*

Response DefaultHttpResponse(decodeResult: success, version: HTTP/1.1)
HTTP/1.1 200 OK
Content-Type: application/json; charset=utf-8
cache-control: no-cache
content-length: 387632

12:31:25.614 [AsyncHttpClient-1-10] DEBUG org.asynchttpclient.netty.channel.ChannelManager - Adding key: http://localhost:64949 for channel [id: 0x9eaa4fca, L:/127.0.0.1:60138 - R:localhost/127.0.0.1:64949]
12:31:25.622 [Test worker] DEBUG net.serenitybdd.core.photography.Darkroom - Send negative for processing for C:\Users\juan.gomezv\IdeaProjects\sura\target\site\serenity\d49e1b53d6a3183c1a05561ac6e85c126211674ecdcb6c796e174c571b10408a.png
12:31:25.623 [Test worker] DEBUG net.thucydides.core.steps.StepInterceptor - STEP DONE: {0} clicks on #target
12:31:25.623 [Darkroom Processing Line] DEBUG net.serenitybdd.core.photography.DarkroomProcessingLine - Processing screenshot image in /var/screenshots/screenshot-5500217254974213907
12:31:25.623 [Darkroom Processing Line] DEBUG net.serenitybdd.core.photography.DarkroomProcessingLine - Saving screenshot to C:\Users\juan.gomezv\IdeaProjects\sura\target\site\serenity\d49e1b53d6a3183c1a05561ac6e85c126211674ecdcb6c796e174c571b10408a.png
12:31:25.634 [Test worker] DEBUG net.thucydides.core.steps.StepInterceptor - STEP DONE: !#title
12:31:25.646 [Test worker] DEBUG net.thucydides.core.steps.StepInterceptor - STEP DONE: performAs
  ?[32mCuando ?[0m?[32m?[0m?[32m?[1mAna?[0m?[32m hace click en el boton del ?[0m?[32m?[1m3?[0m?[32m articulo?[0m                          ?[90m# sura.stepDefinitions.CatalogueSteps.haceClickEnElBotonDelArticulo(net.serenitybdd.screenplay.Actor,java.lang.Integer)?[0m
12:31:25.670 [Forwarding getPageSource on session d294cb3a30cab430e1bc72181bdbd78d to remote] DEBUG org.asynchttpclient.netty.request.NettyRequestSender - Using pooled Channel '[id: 0x9eaa4fca, L:/127.0.0.1:60138 - R:localhost/127.0.0.1:64949]' for 'POST' to 'http://localhost:64949/session/d294cb3a30cab430e1bc72181bdbd78d/execute/sync'
12:31:25.670 [Forwarding getPageSource on session d294cb3a30cab430e1bc72181bdbd78d to remote] DEBUG org.asynchttpclient.netty.request.NettyRequestSender - Using open Channel [id: 0x9eaa4fca, L:/127.0.0.1:60138 - R:localhost/127.0.0.1:64949] for POST '/session/d294cb3a30cab430e1bc72181bdbd78d/execute/sync'
12:31:25.676 [AsyncHttpClient-1-10] DEBUG org.asynchttpclient.netty.handler.HttpHandler - 

Request DefaultHttpRequest(decodeResult: success, version: HTTP/1.1)
POST /session/d294cb3a30cab430e1bc72181bdbd78d/execute/sync HTTP/1.1
User-Agent: selenium/4.4.0 (java windows)
Content-Length: 176
Content-Type: application/json; charset=utf-8
host: localhost:64949
accept: */*

Response DefaultHttpResponse(decodeResult: success, version: HTTP/1.1)
HTTP/1.1 200 OK
Content-Type: application/json; charset=utf-8
cache-control: no-cache
content-length: 15270

12:31:25.676 [AsyncHttpClient-1-10] DEBUG org.asynchttpclient.netty.channel.ChannelManager - Adding key: http://localhost:64949 for channel [id: 0x9eaa4fca, L:/127.0.0.1:60138 - R:localhost/127.0.0.1:64949]
12:31:25.677 [Forwarding getCurrentUrl on session d294cb3a30cab430e1bc72181bdbd78d to remote] DEBUG org.asynchttpclient.netty.request.NettyRequestSender - Using pooled Channel '[id: 0x9eaa4fca, L:/127.0.0.1:60138 - R:localhost/127.0.0.1:64949]' for 'GET' to 'http://localhost:64949/session/d294cb3a30cab430e1bc72181bdbd78d/url'
12:31:25.677 [Forwarding getCurrentUrl on session d294cb3a30cab430e1bc72181bdbd78d to remote] DEBUG org.asynchttpclient.netty.request.NettyRequestSender - Using open Channel [id: 0x9eaa4fca, L:/127.0.0.1:60138 - R:localhost/127.0.0.1:64949] for GET '/session/d294cb3a30cab430e1bc72181bdbd78d/url'
12:31:25.681 [AsyncHttpClient-1-10] DEBUG org.asynchttpclient.netty.handler.HttpHandler - 

Request DefaultFullHttpRequest(decodeResult: success, version: HTTP/1.1, content: EmptyByteBufBE)
GET /session/d294cb3a30cab430e1bc72181bdbd78d/url HTTP/1.1
User-Agent: selenium/4.4.0 (java windows)
Cache-Control: no-cache
Content-Type: application/json; charset=utf-8
host: localhost:64949
accept: */*

Response DefaultHttpResponse(decodeResult: success, version: HTTP/1.1)
HTTP/1.1 200 OK
Content-Type: application/json; charset=utf-8
cache-control: no-cache
content-length: 52

12:31:25.681 [AsyncHttpClient-1-10] DEBUG org.asynchttpclient.netty.channel.ChannelManager - Adding key: http://localhost:64949 for channel [id: 0x9eaa4fca, L:/127.0.0.1:60138 - R:localhost/127.0.0.1:64949]
12:31:25.698 [Forwarding getCurrentWindowHandle on session d294cb3a30cab430e1bc72181bdbd78d to remote] DEBUG org.asynchttpclient.netty.request.NettyRequestSender - Using pooled Channel '[id: 0x9eaa4fca, L:/127.0.0.1:60138 - R:localhost/127.0.0.1:64949]' for 'GET' to 'http://localhost:64949/session/d294cb3a30cab430e1bc72181bdbd78d/window'
12:31:25.698 [Forwarding getCurrentWindowHandle on session d294cb3a30cab430e1bc72181bdbd78d to remote] DEBUG org.asynchttpclient.netty.request.NettyRequestSender - Using open Channel [id: 0x9eaa4fca, L:/127.0.0.1:60138 - R:localhost/127.0.0.1:64949] for GET '/session/d294cb3a30cab430e1bc72181bdbd78d/window'
12:31:25.699 [AsyncHttpClient-1-10] DEBUG org.asynchttpclient.netty.handler.HttpHandler - 

Request DefaultFullHttpRequest(decodeResult: success, version: HTTP/1.1, content: EmptyByteBufBE)
GET /session/d294cb3a30cab430e1bc72181bdbd78d/window HTTP/1.1
User-Agent: selenium/4.4.0 (java windows)
Cache-Control: no-cache
Content-Type: application/json; charset=utf-8
host: localhost:64949
accept: */*

Response DefaultHttpResponse(decodeResult: success, version: HTTP/1.1)
HTTP/1.1 200 OK
Content-Type: application/json; charset=utf-8
cache-control: no-cache
content-length: 53

12:31:25.699 [AsyncHttpClient-1-10] DEBUG org.asynchttpclient.netty.channel.ChannelManager - Adding key: http://localhost:64949 for channel [id: 0x9eaa4fca, L:/127.0.0.1:60138 - R:localhost/127.0.0.1:64949]
12:31:25.703 [Forwarding getAlertText on session d294cb3a30cab430e1bc72181bdbd78d to remote] DEBUG org.asynchttpclient.netty.request.NettyRequestSender - Using pooled Channel '[id: 0x9eaa4fca, L:/127.0.0.1:60138 - R:localhost/127.0.0.1:64949]' for 'GET' to 'http://localhost:64949/session/d294cb3a30cab430e1bc72181bdbd78d/alert/text'
12:31:25.703 [Forwarding getAlertText on session d294cb3a30cab430e1bc72181bdbd78d to remote] DEBUG org.asynchttpclient.netty.request.NettyRequestSender - Using open Channel [id: 0x9eaa4fca, L:/127.0.0.1:60138 - R:localhost/127.0.0.1:64949] for GET '/session/d294cb3a30cab430e1bc72181bdbd78d/alert/text'
12:31:25.704 [AsyncHttpClient-1-10] DEBUG org.asynchttpclient.netty.handler.HttpHandler - 

Request DefaultFullHttpRequest(decodeResult: success, version: HTTP/1.1, content: EmptyByteBufBE)
GET /session/d294cb3a30cab430e1bc72181bdbd78d/alert/text HTTP/1.1
User-Agent: selenium/4.4.0 (java windows)
Cache-Control: no-cache
Content-Type: application/json; charset=utf-8
host: localhost:64949
accept: */*

Response DefaultHttpResponse(decodeResult: success, version: HTTP/1.1)
HTTP/1.1 404 Not Found
Content-Type: application/json; charset=utf-8
cache-control: no-cache
content-length: 879

12:31:25.704 [AsyncHttpClient-1-10] DEBUG org.asynchttpclient.netty.channel.ChannelManager - Adding key: http://localhost:64949 for channel [id: 0x9eaa4fca, L:/127.0.0.1:60138 - R:localhost/127.0.0.1:64949]
12:31:25.707 [Forwarding switchToWindow on session d294cb3a30cab430e1bc72181bdbd78d to remote] DEBUG org.asynchttpclient.netty.request.NettyRequestSender - Using pooled Channel '[id: 0x9eaa4fca, L:/127.0.0.1:60138 - R:localhost/127.0.0.1:64949]' for 'POST' to 'http://localhost:64949/session/d294cb3a30cab430e1bc72181bdbd78d/window'
12:31:25.707 [Forwarding switchToWindow on session d294cb3a30cab430e1bc72181bdbd78d to remote] DEBUG org.asynchttpclient.netty.request.NettyRequestSender - Using open Channel [id: 0x9eaa4fca, L:/127.0.0.1:60138 - R:localhost/127.0.0.1:64949] for POST '/session/d294cb3a30cab430e1bc72181bdbd78d/window'
12:31:25.709 [AsyncHttpClient-1-10] DEBUG org.asynchttpclient.netty.handler.HttpHandler - 

Request DefaultHttpRequest(decodeResult: success, version: HTTP/1.1)
POST /session/d294cb3a30cab430e1bc72181bdbd78d/window HTTP/1.1
User-Agent: selenium/4.4.0 (java windows)
Content-Length: 59
Content-Type: application/json; charset=utf-8
host: localhost:64949
accept: */*

Response DefaultHttpResponse(decodeResult: success, version: HTTP/1.1)
HTTP/1.1 200 OK
Content-Type: application/json; charset=utf-8
cache-control: no-cache
content-length: 14

12:31:25.709 [AsyncHttpClient-1-10] DEBUG org.asynchttpclient.netty.channel.ChannelManager - Adding key: http://localhost:64949 for channel [id: 0x9eaa4fca, L:/127.0.0.1:60138 - R:localhost/127.0.0.1:64949]
12:31:25.710 [Forwarding getCurrentUrl on session d294cb3a30cab430e1bc72181bdbd78d to remote] DEBUG org.asynchttpclient.netty.request.NettyRequestSender - Using pooled Channel '[id: 0x9eaa4fca, L:/127.0.0.1:60138 - R:localhost/127.0.0.1:64949]' for 'GET' to 'http://localhost:64949/session/d294cb3a30cab430e1bc72181bdbd78d/url'
12:31:25.710 [Forwarding getCurrentUrl on session d294cb3a30cab430e1bc72181bdbd78d to remote] DEBUG org.asynchttpclient.netty.request.NettyRequestSender - Using open Channel [id: 0x9eaa4fca, L:/127.0.0.1:60138 - R:localhost/127.0.0.1:64949] for GET '/session/d294cb3a30cab430e1bc72181bdbd78d/url'
12:31:25.712 [AsyncHttpClient-1-10] DEBUG org.asynchttpclient.netty.handler.HttpHandler - 

Request DefaultFullHttpRequest(decodeResult: success, version: HTTP/1.1, content: EmptyByteBufBE)
GET /session/d294cb3a30cab430e1bc72181bdbd78d/url HTTP/1.1
User-Agent: selenium/4.4.0 (java windows)
Cache-Control: no-cache
Content-Type: application/json; charset=utf-8
host: localhost:64949
accept: */*

Response DefaultHttpResponse(decodeResult: success, version: HTTP/1.1)
HTTP/1.1 200 OK
Content-Type: application/json; charset=utf-8
cache-control: no-cache
content-length: 52

12:31:25.712 [AsyncHttpClient-1-10] DEBUG org.asynchttpclient.netty.channel.ChannelManager - Adding key: http://localhost:64949 for channel [id: 0x9eaa4fca, L:/127.0.0.1:60138 - R:localhost/127.0.0.1:64949]
12:31:25.713 [Forwarding screenshot on session d294cb3a30cab430e1bc72181bdbd78d to remote] DEBUG org.asynchttpclient.netty.request.NettyRequestSender - Using pooled Channel '[id: 0x9eaa4fca, L:/127.0.0.1:60138 - R:localhost/127.0.0.1:64949]' for 'GET' to 'http://localhost:64949/session/d294cb3a30cab430e1bc72181bdbd78d/screenshot'
12:31:25.713 [Forwarding screenshot on session d294cb3a30cab430e1bc72181bdbd78d to remote] DEBUG org.asynchttpclient.netty.request.NettyRequestSender - Using open Channel [id: 0x9eaa4fca, L:/127.0.0.1:60138 - R:localhost/127.0.0.1:64949] for GET '/session/d294cb3a30cab430e1bc72181bdbd78d/screenshot'
12:31:25.833 [AsyncHttpClient-1-10] DEBUG org.asynchttpclient.netty.handler.HttpHandler - 

Request DefaultFullHttpRequest(decodeResult: success, version: HTTP/1.1, content: EmptyByteBufBE)
GET /session/d294cb3a30cab430e1bc72181bdbd78d/screenshot HTTP/1.1
User-Agent: selenium/4.4.0 (java windows)
Cache-Control: no-cache
Content-Type: application/json; charset=utf-8
host: localhost:64949
accept: */*

Response DefaultHttpResponse(decodeResult: success, version: HTTP/1.1)
HTTP/1.1 200 OK
Content-Type: application/json; charset=utf-8
cache-control: no-cache
content-length: 387632

12:31:25.833 [AsyncHttpClient-1-10] DEBUG org.asynchttpclient.netty.channel.ChannelManager - Adding key: http://localhost:64949 for channel [id: 0x9eaa4fca, L:/127.0.0.1:60138 - R:localhost/127.0.0.1:64949]
12:31:25.842 [Test worker] DEBUG net.serenitybdd.core.photography.Darkroom - Send negative for processing for C:\Users\juan.gomezv\IdeaProjects\sura\target\site\serenity\d49e1b53d6a3183c1a05561ac6e85c126211674ecdcb6c796e174c571b10408a.png
12:31:25.846 [Forwarding getPageSource on session d294cb3a30cab430e1bc72181bdbd78d to remote] DEBUG org.asynchttpclient.netty.request.NettyRequestSender - Using pooled Channel '[id: 0x9eaa4fca, L:/127.0.0.1:60138 - R:localhost/127.0.0.1:64949]' for 'POST' to 'http://localhost:64949/session/d294cb3a30cab430e1bc72181bdbd78d/execute/sync'
12:31:25.846 [Forwarding getPageSource on session d294cb3a30cab430e1bc72181bdbd78d to remote] DEBUG org.asynchttpclient.netty.request.NettyRequestSender - Using open Channel [id: 0x9eaa4fca, L:/127.0.0.1:60138 - R:localhost/127.0.0.1:64949] for POST '/session/d294cb3a30cab430e1bc72181bdbd78d/execute/sync'
12:31:25.852 [AsyncHttpClient-1-10] DEBUG org.asynchttpclient.netty.handler.HttpHandler - 

Request DefaultHttpRequest(decodeResult: success, version: HTTP/1.1)
POST /session/d294cb3a30cab430e1bc72181bdbd78d/execute/sync HTTP/1.1
User-Agent: selenium/4.4.0 (java windows)
Content-Length: 176
Content-Type: application/json; charset=utf-8
host: localhost:64949
accept: */*

Response DefaultHttpResponse(decodeResult: success, version: HTTP/1.1)
HTTP/1.1 200 OK
Content-Type: application/json; charset=utf-8
cache-control: no-cache
content-length: 15270

12:31:25.852 [AsyncHttpClient-1-10] DEBUG org.asynchttpclient.netty.channel.ChannelManager - Adding key: http://localhost:64949 for channel [id: 0x9eaa4fca, L:/127.0.0.1:60138 - R:localhost/127.0.0.1:64949]
12:31:25.854 [Forwarding getCurrentUrl on session d294cb3a30cab430e1bc72181bdbd78d to remote] DEBUG org.asynchttpclient.netty.request.NettyRequestSender - Using pooled Channel '[id: 0x9eaa4fca, L:/127.0.0.1:60138 - R:localhost/127.0.0.1:64949]' for 'GET' to 'http://localhost:64949/session/d294cb3a30cab430e1bc72181bdbd78d/url'
12:31:25.854 [Forwarding getCurrentUrl on session d294cb3a30cab430e1bc72181bdbd78d to remote] DEBUG org.asynchttpclient.netty.request.NettyRequestSender - Using open Channel [id: 0x9eaa4fca, L:/127.0.0.1:60138 - R:localhost/127.0.0.1:64949] for GET '/session/d294cb3a30cab430e1bc72181bdbd78d/url'
12:31:25.857 [AsyncHttpClient-1-10] DEBUG org.asynchttpclient.netty.handler.HttpHandler - 

Request DefaultFullHttpRequest(decodeResult: success, version: HTTP/1.1, content: EmptyByteBufBE)
GET /session/d294cb3a30cab430e1bc72181bdbd78d/url HTTP/1.1
User-Agent: selenium/4.4.0 (java windows)
Cache-Control: no-cache
Content-Type: application/json; charset=utf-8
host: localhost:64949
accept: */*

Response DefaultHttpResponse(decodeResult: success, version: HTTP/1.1)
HTTP/1.1 200 OK
Content-Type: application/json; charset=utf-8
cache-control: no-cache
content-length: 52

12:31:25.858 [AsyncHttpClient-1-10] DEBUG org.asynchttpclient.netty.channel.ChannelManager - Adding key: http://localhost:64949 for channel [id: 0x9eaa4fca, L:/127.0.0.1:60138 - R:localhost/127.0.0.1:64949]
12:31:25.859 [Test worker] DEBUG net.thucydides.core.steps.StepInterceptor - STARTING STEP: CatalogueSteps.veQueElIconoDelCarritoMuestraProductosEnLaBolsa - {0} should see #description
12:31:25.859 [Test worker] DEBUG net.serenitybdd.screenplay.targets.IFrameSwitcher - default content already selected for Badge pressable icon
12:31:25.875 [Forwarding findElement on session d294cb3a30cab430e1bc72181bdbd78d to remote] DEBUG org.asynchttpclient.netty.request.NettyRequestSender - Using pooled Channel '[id: 0x9eaa4fca, L:/127.0.0.1:60138 - R:localhost/127.0.0.1:64949]' for 'POST' to 'http://localhost:64949/session/d294cb3a30cab430e1bc72181bdbd78d/element'
12:31:25.875 [Forwarding findElement on session d294cb3a30cab430e1bc72181bdbd78d to remote] DEBUG org.asynchttpclient.netty.request.NettyRequestSender - Using open Channel [id: 0x9eaa4fca, L:/127.0.0.1:60138 - R:localhost/127.0.0.1:64949] for POST '/session/d294cb3a30cab430e1bc72181bdbd78d/element'
12:31:25.886 [AsyncHttpClient-1-10] DEBUG org.asynchttpclient.netty.handler.HttpHandler - 

Request DefaultHttpRequest(decodeResult: success, version: HTTP/1.1)
POST /session/d294cb3a30cab430e1bc72181bdbd78d/element HTTP/1.1
User-Agent: selenium/4.4.0 (java windows)
Content-Length: 88
Content-Type: application/json; charset=utf-8
host: localhost:64949
accept: */*

Response DefaultHttpResponse(decodeResult: success, version: HTTP/1.1)
HTTP/1.1 200 OK
Content-Type: application/json; charset=utf-8
cache-control: no-cache
content-length: 88

12:31:25.886 [AsyncHttpClient-1-10] DEBUG org.asynchttpclient.netty.channel.ChannelManager - Adding key: http://localhost:64949 for channel [id: 0x9eaa4fca, L:/127.0.0.1:60138 - R:localhost/127.0.0.1:64949]
12:31:25.886 [Forwarding getElementText on session d294cb3a30cab430e1bc72181bdbd78d to remote] DEBUG org.asynchttpclient.netty.request.NettyRequestSender - Using pooled Channel '[id: 0x9eaa4fca, L:/127.0.0.1:60138 - R:localhost/127.0.0.1:64949]' for 'GET' to 'http://localhost:64949/session/d294cb3a30cab430e1bc72181bdbd78d/element/bc65f7fc-652f-4891-b866-09e7ce972100/text'
12:31:25.886 [Forwarding getElementText on session d294cb3a30cab430e1bc72181bdbd78d to remote] DEBUG org.asynchttpclient.netty.request.NettyRequestSender - Using open Channel [id: 0x9eaa4fca, L:/127.0.0.1:60138 - R:localhost/127.0.0.1:64949] for GET '/session/d294cb3a30cab430e1bc72181bdbd78d/element/bc65f7fc-652f-4891-b866-09e7ce972100/text'
12:31:25.898 [AsyncHttpClient-1-10] DEBUG org.asynchttpclient.netty.handler.HttpHandler - 

Request DefaultFullHttpRequest(decodeResult: success, version: HTTP/1.1, content: EmptyByteBufBE)
GET /session/d294cb3a30cab430e1bc72181bdbd78d/element/bc65f7fc-652f-4891-b866-09e7ce972100/text HTTP/1.1
User-Agent: selenium/4.4.0 (java windows)
Cache-Control: no-cache
Content-Type: application/json; charset=utf-8
host: localhost:64949
accept: */*

Response DefaultHttpResponse(decodeResult: success, version: HTTP/1.1)
HTTP/1.1 200 OK
Content-Type: application/json; charset=utf-8
cache-control: no-cache
content-length: 13

12:31:25.898 [AsyncHttpClient-1-10] DEBUG org.asynchttpclient.netty.channel.ChannelManager - Adding key: http://localhost:64949 for channel [id: 0x9eaa4fca, L:/127.0.0.1:60138 - R:localhost/127.0.0.1:64949]
12:31:25.906 [Forwarding getCurrentWindowHandle on session d294cb3a30cab430e1bc72181bdbd78d to remote] DEBUG org.asynchttpclient.netty.request.NettyRequestSender - Using pooled Channel '[id: 0x9eaa4fca, L:/127.0.0.1:60138 - R:localhost/127.0.0.1:64949]' for 'GET' to 'http://localhost:64949/session/d294cb3a30cab430e1bc72181bdbd78d/window'
12:31:25.906 [Forwarding getCurrentWindowHandle on session d294cb3a30cab430e1bc72181bdbd78d to remote] DEBUG org.asynchttpclient.netty.request.NettyRequestSender - Using open Channel [id: 0x9eaa4fca, L:/127.0.0.1:60138 - R:localhost/127.0.0.1:64949] for GET '/session/d294cb3a30cab430e1bc72181bdbd78d/window'
12:31:25.907 [AsyncHttpClient-1-10] DEBUG org.asynchttpclient.netty.handler.HttpHandler - 

Request DefaultFullHttpRequest(decodeResult: success, version: HTTP/1.1, content: EmptyByteBufBE)
GET /session/d294cb3a30cab430e1bc72181bdbd78d/window HTTP/1.1
User-Agent: selenium/4.4.0 (java windows)
Cache-Control: no-cache
Content-Type: application/json; charset=utf-8
host: localhost:64949
accept: */*

Response DefaultHttpResponse(decodeResult: success, version: HTTP/1.1)
HTTP/1.1 200 OK
Content-Type: application/json; charset=utf-8
cache-control: no-cache
content-length: 53

12:31:25.907 [AsyncHttpClient-1-10] DEBUG org.asynchttpclient.netty.channel.ChannelManager - Adding key: http://localhost:64949 for channel [id: 0x9eaa4fca, L:/127.0.0.1:60138 - R:localhost/127.0.0.1:64949]
12:31:25.910 [Forwarding getAlertText on session d294cb3a30cab430e1bc72181bdbd78d to remote] DEBUG org.asynchttpclient.netty.request.NettyRequestSender - Using pooled Channel '[id: 0x9eaa4fca, L:/127.0.0.1:60138 - R:localhost/127.0.0.1:64949]' for 'GET' to 'http://localhost:64949/session/d294cb3a30cab430e1bc72181bdbd78d/alert/text'
12:31:25.910 [Forwarding getAlertText on session d294cb3a30cab430e1bc72181bdbd78d to remote] DEBUG org.asynchttpclient.netty.request.NettyRequestSender - Using open Channel [id: 0x9eaa4fca, L:/127.0.0.1:60138 - R:localhost/127.0.0.1:64949] for GET '/session/d294cb3a30cab430e1bc72181bdbd78d/alert/text'
12:31:25.911 [AsyncHttpClient-1-10] DEBUG org.asynchttpclient.netty.handler.HttpHandler - 

Request DefaultFullHttpRequest(decodeResult: success, version: HTTP/1.1, content: EmptyByteBufBE)
GET /session/d294cb3a30cab430e1bc72181bdbd78d/alert/text HTTP/1.1
User-Agent: selenium/4.4.0 (java windows)
Cache-Control: no-cache
Content-Type: application/json; charset=utf-8
host: localhost:64949
accept: */*

Response DefaultHttpResponse(decodeResult: success, version: HTTP/1.1)
HTTP/1.1 404 Not Found
Content-Type: application/json; charset=utf-8
cache-control: no-cache
content-length: 879

12:31:25.912 [AsyncHttpClient-1-10] DEBUG org.asynchttpclient.netty.channel.ChannelManager - Adding key: http://localhost:64949 for channel [id: 0x9eaa4fca, L:/127.0.0.1:60138 - R:localhost/127.0.0.1:64949]
12:31:25.915 [Forwarding switchToWindow on session d294cb3a30cab430e1bc72181bdbd78d to remote] DEBUG org.asynchttpclient.netty.request.NettyRequestSender - Using pooled Channel '[id: 0x9eaa4fca, L:/127.0.0.1:60138 - R:localhost/127.0.0.1:64949]' for 'POST' to 'http://localhost:64949/session/d294cb3a30cab430e1bc72181bdbd78d/window'
12:31:25.915 [Forwarding switchToWindow on session d294cb3a30cab430e1bc72181bdbd78d to remote] DEBUG org.asynchttpclient.netty.request.NettyRequestSender - Using open Channel [id: 0x9eaa4fca, L:/127.0.0.1:60138 - R:localhost/127.0.0.1:64949] for POST '/session/d294cb3a30cab430e1bc72181bdbd78d/window'
12:31:25.917 [AsyncHttpClient-1-10] DEBUG org.asynchttpclient.netty.handler.HttpHandler - 

Request DefaultHttpRequest(decodeResult: success, version: HTTP/1.1)
POST /session/d294cb3a30cab430e1bc72181bdbd78d/window HTTP/1.1
User-Agent: selenium/4.4.0 (java windows)
Content-Length: 59
Content-Type: application/json; charset=utf-8
host: localhost:64949
accept: */*

Response DefaultHttpResponse(decodeResult: success, version: HTTP/1.1)
HTTP/1.1 200 OK
Content-Type: application/json; charset=utf-8
cache-control: no-cache
content-length: 14

12:31:25.917 [AsyncHttpClient-1-10] DEBUG org.asynchttpclient.netty.channel.ChannelManager - Adding key: http://localhost:64949 for channel [id: 0x9eaa4fca, L:/127.0.0.1:60138 - R:localhost/127.0.0.1:64949]
12:31:25.918 [Forwarding getCurrentUrl on session d294cb3a30cab430e1bc72181bdbd78d to remote] DEBUG org.asynchttpclient.netty.request.NettyRequestSender - Using pooled Channel '[id: 0x9eaa4fca, L:/127.0.0.1:60138 - R:localhost/127.0.0.1:64949]' for 'GET' to 'http://localhost:64949/session/d294cb3a30cab430e1bc72181bdbd78d/url'
12:31:25.918 [Forwarding getCurrentUrl on session d294cb3a30cab430e1bc72181bdbd78d to remote] DEBUG org.asynchttpclient.netty.request.NettyRequestSender - Using open Channel [id: 0x9eaa4fca, L:/127.0.0.1:60138 - R:localhost/127.0.0.1:64949] for GET '/session/d294cb3a30cab430e1bc72181bdbd78d/url'
12:31:25.920 [AsyncHttpClient-1-10] DEBUG org.asynchttpclient.netty.handler.HttpHandler - 

Request DefaultFullHttpRequest(decodeResult: success, version: HTTP/1.1, content: EmptyByteBufBE)
GET /session/d294cb3a30cab430e1bc72181bdbd78d/url HTTP/1.1
User-Agent: selenium/4.4.0 (java windows)
Cache-Control: no-cache
Content-Type: application/json; charset=utf-8
host: localhost:64949
accept: */*

Response DefaultHttpResponse(decodeResult: success, version: HTTP/1.1)
HTTP/1.1 200 OK
Content-Type: application/json; charset=utf-8
cache-control: no-cache
content-length: 52

12:31:25.920 [AsyncHttpClient-1-10] DEBUG org.asynchttpclient.netty.channel.ChannelManager - Adding key: http://localhost:64949 for channel [id: 0x9eaa4fca, L:/127.0.0.1:60138 - R:localhost/127.0.0.1:64949]
12:31:25.921 [Forwarding screenshot on session d294cb3a30cab430e1bc72181bdbd78d to remote] DEBUG org.asynchttpclient.netty.request.NettyRequestSender - Using pooled Channel '[id: 0x9eaa4fca, L:/127.0.0.1:60138 - R:localhost/127.0.0.1:64949]' for 'GET' to 'http://localhost:64949/session/d294cb3a30cab430e1bc72181bdbd78d/screenshot'
12:31:25.921 [Forwarding screenshot on session d294cb3a30cab430e1bc72181bdbd78d to remote] DEBUG org.asynchttpclient.netty.request.NettyRequestSender - Using open Channel [id: 0x9eaa4fca, L:/127.0.0.1:60138 - R:localhost/127.0.0.1:64949] for GET '/session/d294cb3a30cab430e1bc72181bdbd78d/screenshot'
12:31:26.059 [AsyncHttpClient-1-10] DEBUG org.asynchttpclient.netty.handler.HttpHandler - 

Request DefaultFullHttpRequest(decodeResult: success, version: HTTP/1.1, content: EmptyByteBufBE)
GET /session/d294cb3a30cab430e1bc72181bdbd78d/screenshot HTTP/1.1
User-Agent: selenium/4.4.0 (java windows)
Cache-Control: no-cache
Content-Type: application/json; charset=utf-8
host: localhost:64949
accept: */*

Response DefaultHttpResponse(decodeResult: success, version: HTTP/1.1)
HTTP/1.1 200 OK
Content-Type: application/json; charset=utf-8
cache-control: no-cache
content-length: 387632

12:31:26.060 [AsyncHttpClient-1-10] DEBUG org.asynchttpclient.netty.channel.ChannelManager - Adding key: http://localhost:64949 for channel [id: 0x9eaa4fca, L:/127.0.0.1:60138 - R:localhost/127.0.0.1:64949]
12:31:26.070 [Test worker] DEBUG net.serenitybdd.core.photography.Darkroom - Send negative for processing for C:\Users\juan.gomezv\IdeaProjects\sura\target\site\serenity\d49e1b53d6a3183c1a05561ac6e85c126211674ecdcb6c796e174c571b10408a.png
12:31:26.070 [Test worker] DEBUG net.thucydides.core.steps.StepInterceptor - STEP DONE: {0} should see #description
  ?[32mEntonces ?[0m?[32m?[0m?[32m?[1mAna?[0m?[32m ve ?[0m?[32m?[1m"3"?[0m?[32m items en el icono del carrito de compras?[0m              ?[90m# sura.stepDefinitions.CatalogueSteps.veQueElIconoDelCarritoMuestraProductosEnLaBolsa(net.serenitybdd.screenplay.Actor,java.lang.String)?[0m
12:31:26.083 [Test worker] INFO  - 
  _____   ___   ___   _____     ___     _     ___   ___   ___   ___  
 |_   _| | __| / __| |_   _|   | _ \   /_\   / __| / __| | __| |   \ 
   | |   | _|  \__ \   | |     |  _/  / _ \  \__ \ \__ \ | _|  | |) |
   |_|   |___| |___/   |_|     |_|   /_/ \_\ |___/ |___/ |___| |___/ 

Añadir articulos al carrito de compras
----------------------------------------------------------------------
12:31:26.084 [AsyncHttpClient-1-12] DEBUG org.asynchttpclient.netty.handler.WebSocketHandler - Channel Closed: [id: 0x1b84d528, L:/127.0.0.1:60146 ! R:localhost/127.0.0.1:60139] with attribute NettyResponseFuture{currentRetry=0,
	isDone=1,
	isCancelled=0,
	asyncHandler=org.asynchttpclient.ws.WebSocketUpgradeHandler@1739b374,
	nettyRequest=org.asynchttpclient.netty.request.NettyRequest@4d180743,
	future=java.util.concurrent.CompletableFuture@467a48cc[Completed normally],
	uri=ws://localhost:60139/devtools/browser/5a9eef25-dce0-4bfc-b314-e9ea29f7cdbf,
	keepAlive=true,
	redirectCount=0,
	timeoutsHolder=null,
	inAuth=0,
	touch=1664472681707}
12:31:26.084 [AsyncHttpClient-1-12] DEBUG org.asynchttpclient.netty.channel.ChannelManager - Closing Channel [id: 0x1b84d528, L:/127.0.0.1:60146 ! R:localhost/127.0.0.1:60139] 
12:31:26.085 [Driver Command Executor] DEBUG org.asynchttpclient.netty.request.NettyRequestSender - Using pooled Channel '[id: 0x9eaa4fca, L:/127.0.0.1:60138 - R:localhost/127.0.0.1:64949]' for 'DELETE' to 'http://localhost:64949/session/d294cb3a30cab430e1bc72181bdbd78d'
12:31:26.085 [Driver Command Executor] DEBUG org.asynchttpclient.netty.request.NettyRequestSender - Using open Channel [id: 0x9eaa4fca, L:/127.0.0.1:60138 - R:localhost/127.0.0.1:64949] for DELETE '/session/d294cb3a30cab430e1bc72181bdbd78d'
12:31:26.145 [AsyncHttpClient-1-1] DEBUG org.asynchttpclient.netty.channel.DefaultChannelPool - Entry count for : http://localhost:60139 : 1
12:31:26.149 [AsyncHttpClient-1-11] DEBUG org.asynchttpclient.netty.handler.HttpHandler - Unexpected I/O exception on channel [id: 0xa9bf1c8c, L:/127.0.0.1:60145 - R:localhost/127.0.0.1:60139]
java.net.SocketException: Connection reset
	at java.base/sun.nio.ch.SocketChannelImpl.throwConnectionReset(SocketChannelImpl.java:394)
	at java.base/sun.nio.ch.SocketChannelImpl.read(SocketChannelImpl.java:426)
	at io.netty.buffer.PooledByteBuf.setBytes(PooledByteBuf.java:258)
	at io.netty.buffer.AbstractByteBuf.writeBytes(AbstractByteBuf.java:1132)
	at io.netty.channel.socket.nio.NioSocketChannel.doReadBytes(NioSocketChannel.java:357)
	at io.netty.channel.nio.AbstractNioByteChannel$NioByteUnsafe.read(AbstractNioByteChannel.java:151)
	at io.netty.channel.nio.NioEventLoop.processSelectedKey(NioEventLoop.java:722)
	at io.netty.channel.nio.NioEventLoop.processSelectedKeysOptimized(NioEventLoop.java:658)
	at io.netty.channel.nio.NioEventLoop.processSelectedKeys(NioEventLoop.java:584)
	at io.netty.channel.nio.NioEventLoop.run(NioEventLoop.java:496)
	at io.netty.util.concurrent.SingleThreadEventExecutor$4.run(SingleThreadEventExecutor.java:997)
	at io.netty.util.internal.ThreadExecutorMap$2.run(ThreadExecutorMap.java:74)
	at io.netty.util.concurrent.FastThreadLocalRunnable.run(FastThreadLocalRunnable.java:30)
	at java.base/java.lang.Thread.run(Thread.java:833)
12:31:26.149 [AsyncHttpClient-1-11] DEBUG org.asynchttpclient.netty.channel.ChannelManager - Closing Channel [id: 0xa9bf1c8c, L:/127.0.0.1:60145 - R:localhost/127.0.0.1:60139] 
12:31:26.149 [AsyncHttpClient-1-11] DEBUG org.asynchttpclient.netty.handler.HttpHandler - Channel Closed: [id: 0xa9bf1c8c, L:/127.0.0.1:60145 ! R:localhost/127.0.0.1:60139] with attribute DISCARD
12:31:26.176 [AsyncHttpClient-1-10] DEBUG org.asynchttpclient.netty.handler.HttpHandler - 

Request DefaultFullHttpRequest(decodeResult: success, version: HTTP/1.1, content: EmptyByteBufBE)
DELETE /session/d294cb3a30cab430e1bc72181bdbd78d HTTP/1.1
User-Agent: selenium/4.4.0 (java windows)
Content-Type: application/json; charset=utf-8
host: localhost:64949
accept: */*

Response DefaultHttpResponse(decodeResult: success, version: HTTP/1.1)
HTTP/1.1 200 OK
Content-Type: application/json; charset=utf-8
cache-control: no-cache
content-length: 14

12:31:26.176 [AsyncHttpClient-1-10] DEBUG org.asynchttpclient.netty.channel.ChannelManager - Adding key: http://localhost:64949 for channel [id: 0x9eaa4fca, L:/127.0.0.1:60138 - R:localhost/127.0.0.1:64949]
12:31:26.266 [AsyncHttpClient-1-10] DEBUG org.asynchttpclient.netty.handler.HttpHandler - Channel Closed: [id: 0x9eaa4fca, L:/127.0.0.1:60138 ! R:localhost/127.0.0.1:64949] with attribute DISCARD

Escenario: Quitar articulos al carrito de compras                           ?[90m# src/test/resources/features/browse_items_in_catalogue/selecting_products.feature:14?[0m
12:31:26.341 [Test worker] INFO io.cucumber.core.plugin.SerenityReporter - Running feature from file:///C:/Users/juan.gomezv/IdeaProjects/sura/src/test/resources/features/browse_items_in_catalogue/selecting_products.feature
12:31:26.343 [Test worker] INFO  - 
  _____   ___   ___   _____     ___   _____     _     ___   _____   ___   ___  
 |_   _| | __| / __| |_   _|   / __| |_   _|   /_\   | _ \ |_   _| | __| |   \ 
   | |   | _|  \__ \   | |     \__ \   | |    / _ \  |   /   | |   | _|  | |) |
   |_|   |___| |___/   |_|     |___/   |_|   /_/ \_\ |_|_\   |_|   |___| |___/ 

Quitar articulos al carrito de compras(adicionar/remover-productos-del-catálogo-a-la-lista-de-compras;quitar-articulos-al-carrito-de-compras)
--------------------------------------------------------------------------------
12:31:26.353 [Test worker] DEBUG net.thucydides.core.steps.StepInterceptor - STARTING STEP: LoginSteps.quiereConsultarArticulosDeportivosEnLaWebDeLaMarcaSwag - {0} abre la aplicación
12:31:26.355 [Test worker] DEBUG net.thucydides.core.steps.StepInterceptor - STARTING STEP: NavigateTo.performAs - {0} opens the #targetPageName
12:31:26.413 [Test worker] INFO net.serenitybdd.core.webdriver.driverproviders.ChromeDriverProvider - Starting Chrome driver instance with capabilities:
12:31:26.413 [Test worker] INFO net.serenitybdd.core.webdriver.driverproviders.ChromeDriverProvider - Capabilities {acceptInsecureCerts: false, browserName: chrome, goog:chromeOptions: {args: [], extensions: []}}
12:31:26.461 [AsyncHttpClient-1-13] DEBUG org.asynchttpclient.netty.channel.NettyConnectListener - Using new Channel '[id: 0xb596ba03, L:/127.0.0.1:60160 - R:localhost/127.0.0.1:61478]' for 'POST' to '/session'
12:31:27.002 [AsyncHttpClient-1-13] DEBUG org.asynchttpclient.netty.handler.HttpHandler - 

Request DefaultHttpRequest(decodeResult: success, version: HTTP/1.1)
POST /session HTTP/1.1
User-Agent: selenium/4.4.0 (java windows)
Content-Length: 437
Content-Type: application/json; charset=utf-8
host: localhost:61478
accept: */*

Response DefaultHttpResponse(decodeResult: success, version: HTTP/1.1)
HTTP/1.1 200 OK
Content-Type: application/json; charset=utf-8
cache-control: no-cache
content-length: 795

12:31:27.002 [AsyncHttpClient-1-13] DEBUG org.asynchttpclient.netty.channel.ChannelManager - Adding key: http://localhost:61478 for channel [id: 0xb596ba03, L:/127.0.0.1:60160 - R:localhost/127.0.0.1:61478]
12:31:27.005 [AsyncHttpClient-1-14] DEBUG org.asynchttpclient.netty.channel.NettyConnectListener - Using new Channel '[id: 0xfdb35d54, L:/127.0.0.1:60167 - R:localhost/127.0.0.1:60161]' for 'GET' to '/json/version'
12:31:27.006 [AsyncHttpClient-1-14] DEBUG org.asynchttpclient.netty.handler.HttpHandler - 

Request DefaultFullHttpRequest(decodeResult: success, version: HTTP/1.1, content: EmptyByteBufBE)
GET /json/version HTTP/1.1
User-Agent: selenium/4.4.0 (java windows)
host: localhost:60161
accept: */*

Response DefaultHttpResponse(decodeResult: success, version: HTTP/1.1)
HTTP/1.1 200 OK
Content-Type: application/json; charset=UTF-8
content-length: 423

12:31:27.006 [AsyncHttpClient-1-14] DEBUG org.asynchttpclient.netty.channel.ChannelManager - Adding key: http://localhost:60161 for channel [id: 0xfdb35d54, L:/127.0.0.1:60167 - R:localhost/127.0.0.1:60161]
12:31:27.007 [AsyncHttpClient-1-15] DEBUG org.asynchttpclient.netty.channel.NettyConnectListener - Using new Channel '[id: 0xdea3daac, L:/127.0.0.1:60168 - R:localhost/127.0.0.1:60161]' for 'GET' to '/devtools/browser/54fb2094-8f0a-423a-8a75-d8af486be4d3'
12:31:27.007 [AsyncHttpClient-1-15] DEBUG org.asynchttpclient.netty.handler.WebSocketHandler - 

Request DefaultFullHttpRequest(decodeResult: success, version: HTTP/1.1, content: EmptyByteBufBE)
GET /devtools/browser/54fb2094-8f0a-423a-8a75-d8af486be4d3 HTTP/1.1
upgrade: websocket
connection: upgrade
sec-websocket-key: kPrum3u/Ix/V716w3iHkQQ==
sec-websocket-version: 13
origin: http://localhost:60161
host: localhost:60161
accept: */*
user-agent: AHC/2.1

Response DefaultHttpResponse(decodeResult: success, version: HTTP/1.1)
HTTP/1.1 101 WebSocket Protocol Handshake
Upgrade: WebSocket
Connection: Upgrade
Sec-WebSocket-Accept: IvcJBPr3ZvF3PznMfeOBeP583Os=

12:31:27.009 [Forwarding get on session ac16609fce030f973c93f394bcc9d3ea to remote] DEBUG org.asynchttpclient.netty.request.NettyRequestSender - Using pooled Channel '[id: 0xb596ba03, L:/127.0.0.1:60160 - R:localhost/127.0.0.1:61478]' for 'POST' to 'http://localhost:61478/session/ac16609fce030f973c93f394bcc9d3ea/url'
12:31:27.009 [Forwarding get on session ac16609fce030f973c93f394bcc9d3ea to remote] DEBUG org.asynchttpclient.netty.request.NettyRequestSender - Using open Channel [id: 0xb596ba03, L:/127.0.0.1:60160 - R:localhost/127.0.0.1:61478] for POST '/session/ac16609fce030f973c93f394bcc9d3ea/url'
12:31:27.255 [AsyncHttpClient-1-1] DEBUG org.asynchttpclient.netty.channel.DefaultChannelPool - Entry count for : http://localhost:64949 : 1
12:31:27.255 [AsyncHttpClient-1-1] DEBUG org.asynchttpclient.netty.channel.DefaultChannelPool - Entry count for : http://localhost:60161 : 1
12:31:27.255 [AsyncHttpClient-1-1] DEBUG org.asynchttpclient.netty.channel.DefaultChannelPool - Entry count for : http://localhost:60139 : 1
12:31:27.255 [AsyncHttpClient-1-1] DEBUG org.asynchttpclient.netty.channel.DefaultChannelPool - Adding Candidate expired Channel [id: 0x9eaa4fca, L:/127.0.0.1:60138 ! R:localhost/127.0.0.1:64949] isIdleTimeoutExpired=false isRemotelyClosed=true isTtlExpired=false
12:31:27.255 [AsyncHttpClient-1-1] DEBUG org.asynchttpclient.netty.channel.DefaultChannelPool - Closing Idle Channel [id: 0x9eaa4fca, L:/127.0.0.1:60138 ! R:localhost/127.0.0.1:64949]
12:31:27.255 [AsyncHttpClient-1-1] DEBUG org.asynchttpclient.netty.channel.DefaultChannelPool - Adding Candidate expired Channel [id: 0xa9bf1c8c, L:/127.0.0.1:60145 ! R:localhost/127.0.0.1:60139] isIdleTimeoutExpired=false isRemotelyClosed=true isTtlExpired=false
12:31:27.255 [AsyncHttpClient-1-1] DEBUG org.asynchttpclient.netty.channel.DefaultChannelPool - Closing Idle Channel [id: 0xa9bf1c8c, L:/127.0.0.1:60145 ! R:localhost/127.0.0.1:60139]
12:31:27.255 [AsyncHttpClient-1-1] DEBUG org.asynchttpclient.netty.channel.DefaultChannelPool - Closed 2 connections out of 3 in 0 ms
12:31:27.262 [AsyncHttpClient-1-13] DEBUG org.asynchttpclient.netty.handler.HttpHandler - 

Request DefaultHttpRequest(decodeResult: success, version: HTTP/1.1)
POST /session/ac16609fce030f973c93f394bcc9d3ea/url HTTP/1.1
User-Agent: selenium/4.4.0 (java windows)
Content-Length: 40
Content-Type: application/json; charset=utf-8
host: localhost:61478
accept: */*

Response DefaultHttpResponse(decodeResult: success, version: HTTP/1.1)
HTTP/1.1 200 OK
Content-Type: application/json; charset=utf-8
cache-control: no-cache
content-length: 14

12:31:27.262 [AsyncHttpClient-1-13] DEBUG org.asynchttpclient.netty.channel.ChannelManager - Adding key: http://localhost:61478 for channel [id: 0xb596ba03, L:/127.0.0.1:60160 - R:localhost/127.0.0.1:61478]
12:31:27.263 [Forwarding setTimeout on session ac16609fce030f973c93f394bcc9d3ea to remote] DEBUG org.asynchttpclient.netty.request.NettyRequestSender - Using pooled Channel '[id: 0xb596ba03, L:/127.0.0.1:60160 - R:localhost/127.0.0.1:61478]' for 'POST' to 'http://localhost:61478/session/ac16609fce030f973c93f394bcc9d3ea/timeouts'
12:31:27.263 [Forwarding setTimeout on session ac16609fce030f973c93f394bcc9d3ea to remote] DEBUG org.asynchttpclient.netty.request.NettyRequestSender - Using open Channel [id: 0xb596ba03, L:/127.0.0.1:60160 - R:localhost/127.0.0.1:61478] for POST '/session/ac16609fce030f973c93f394bcc9d3ea/timeouts'
12:31:27.264 [AsyncHttpClient-1-13] DEBUG org.asynchttpclient.netty.handler.HttpHandler - 

Request DefaultHttpRequest(decodeResult: success, version: HTTP/1.1)
POST /session/ac16609fce030f973c93f394bcc9d3ea/timeouts HTTP/1.1
User-Agent: selenium/4.4.0 (java windows)
Content-Length: 22
Content-Type: application/json; charset=utf-8
host: localhost:61478
accept: */*

Response DefaultHttpResponse(decodeResult: success, version: HTTP/1.1)
HTTP/1.1 200 OK
Content-Type: application/json; charset=utf-8
cache-control: no-cache
content-length: 14

12:31:27.264 [AsyncHttpClient-1-13] DEBUG org.asynchttpclient.netty.channel.ChannelManager - Adding key: http://localhost:61478 for channel [id: 0xb596ba03, L:/127.0.0.1:60160 - R:localhost/127.0.0.1:61478]
12:31:27.272 [Forwarding getCurrentUrl on session ac16609fce030f973c93f394bcc9d3ea to remote] DEBUG org.asynchttpclient.netty.request.NettyRequestSender - Using pooled Channel '[id: 0xb596ba03, L:/127.0.0.1:60160 - R:localhost/127.0.0.1:61478]' for 'GET' to 'http://localhost:61478/session/ac16609fce030f973c93f394bcc9d3ea/url'
12:31:27.272 [Forwarding getCurrentUrl on session ac16609fce030f973c93f394bcc9d3ea to remote] DEBUG org.asynchttpclient.netty.request.NettyRequestSender - Using open Channel [id: 0xb596ba03, L:/127.0.0.1:60160 - R:localhost/127.0.0.1:61478] for GET '/session/ac16609fce030f973c93f394bcc9d3ea/url'
12:31:27.277 [AsyncHttpClient-1-13] DEBUG org.asynchttpclient.netty.handler.HttpHandler - 

Request DefaultFullHttpRequest(decodeResult: success, version: HTTP/1.1, content: EmptyByteBufBE)
GET /session/ac16609fce030f973c93f394bcc9d3ea/url HTTP/1.1
User-Agent: selenium/4.4.0 (java windows)
Cache-Control: no-cache
Content-Type: application/json; charset=utf-8
host: localhost:61478
accept: */*

Response DefaultHttpResponse(decodeResult: success, version: HTTP/1.1)
HTTP/1.1 200 OK
Content-Type: application/json; charset=utf-8
cache-control: no-cache
content-length: 38

12:31:27.277 [AsyncHttpClient-1-13] DEBUG org.asynchttpclient.netty.channel.ChannelManager - Adding key: http://localhost:61478 for channel [id: 0xb596ba03, L:/127.0.0.1:60160 - R:localhost/127.0.0.1:61478]
12:31:27.283 [Forwarding getCurrentUrl on session ac16609fce030f973c93f394bcc9d3ea to remote] DEBUG org.asynchttpclient.netty.request.NettyRequestSender - Using pooled Channel '[id: 0xb596ba03, L:/127.0.0.1:60160 - R:localhost/127.0.0.1:61478]' for 'GET' to 'http://localhost:61478/session/ac16609fce030f973c93f394bcc9d3ea/url'
12:31:27.284 [Forwarding getCurrentUrl on session ac16609fce030f973c93f394bcc9d3ea to remote] DEBUG org.asynchttpclient.netty.request.NettyRequestSender - Using open Channel [id: 0xb596ba03, L:/127.0.0.1:60160 - R:localhost/127.0.0.1:61478] for GET '/session/ac16609fce030f973c93f394bcc9d3ea/url'
12:31:27.287 [AsyncHttpClient-1-13] DEBUG org.asynchttpclient.netty.handler.HttpHandler - 

Request DefaultFullHttpRequest(decodeResult: success, version: HTTP/1.1, content: EmptyByteBufBE)
GET /session/ac16609fce030f973c93f394bcc9d3ea/url HTTP/1.1
User-Agent: selenium/4.4.0 (java windows)
Cache-Control: no-cache
Content-Type: application/json; charset=utf-8
host: localhost:61478
accept: */*

Response DefaultHttpResponse(decodeResult: success, version: HTTP/1.1)
HTTP/1.1 200 OK
Content-Type: application/json; charset=utf-8
cache-control: no-cache
content-length: 38

12:31:27.287 [AsyncHttpClient-1-13] DEBUG org.asynchttpclient.netty.channel.ChannelManager - Adding key: http://localhost:61478 for channel [id: 0xb596ba03, L:/127.0.0.1:60160 - R:localhost/127.0.0.1:61478]
12:31:27.297 [Forwarding getCurrentWindowHandle on session ac16609fce030f973c93f394bcc9d3ea to remote] DEBUG org.asynchttpclient.netty.request.NettyRequestSender - Using pooled Channel '[id: 0xb596ba03, L:/127.0.0.1:60160 - R:localhost/127.0.0.1:61478]' for 'GET' to 'http://localhost:61478/session/ac16609fce030f973c93f394bcc9d3ea/window'
12:31:27.297 [Forwarding getCurrentWindowHandle on session ac16609fce030f973c93f394bcc9d3ea to remote] DEBUG org.asynchttpclient.netty.request.NettyRequestSender - Using open Channel [id: 0xb596ba03, L:/127.0.0.1:60160 - R:localhost/127.0.0.1:61478] for GET '/session/ac16609fce030f973c93f394bcc9d3ea/window'
12:31:27.298 [AsyncHttpClient-1-13] DEBUG org.asynchttpclient.netty.handler.HttpHandler - 

Request DefaultFullHttpRequest(decodeResult: success, version: HTTP/1.1, content: EmptyByteBufBE)
GET /session/ac16609fce030f973c93f394bcc9d3ea/window HTTP/1.1
User-Agent: selenium/4.4.0 (java windows)
Cache-Control: no-cache
Content-Type: application/json; charset=utf-8
host: localhost:61478
accept: */*

Response DefaultHttpResponse(decodeResult: success, version: HTTP/1.1)
HTTP/1.1 200 OK
Content-Type: application/json; charset=utf-8
cache-control: no-cache
content-length: 53

12:31:27.298 [AsyncHttpClient-1-13] DEBUG org.asynchttpclient.netty.channel.ChannelManager - Adding key: http://localhost:61478 for channel [id: 0xb596ba03, L:/127.0.0.1:60160 - R:localhost/127.0.0.1:61478]
12:31:27.301 [Forwarding getAlertText on session ac16609fce030f973c93f394bcc9d3ea to remote] DEBUG org.asynchttpclient.netty.request.NettyRequestSender - Using pooled Channel '[id: 0xb596ba03, L:/127.0.0.1:60160 - R:localhost/127.0.0.1:61478]' for 'GET' to 'http://localhost:61478/session/ac16609fce030f973c93f394bcc9d3ea/alert/text'
12:31:27.301 [Forwarding getAlertText on session ac16609fce030f973c93f394bcc9d3ea to remote] DEBUG org.asynchttpclient.netty.request.NettyRequestSender - Using open Channel [id: 0xb596ba03, L:/127.0.0.1:60160 - R:localhost/127.0.0.1:61478] for GET '/session/ac16609fce030f973c93f394bcc9d3ea/alert/text'
12:31:27.303 [AsyncHttpClient-1-13] DEBUG org.asynchttpclient.netty.handler.HttpHandler - 

Request DefaultFullHttpRequest(decodeResult: success, version: HTTP/1.1, content: EmptyByteBufBE)
GET /session/ac16609fce030f973c93f394bcc9d3ea/alert/text HTTP/1.1
User-Agent: selenium/4.4.0 (java windows)
Cache-Control: no-cache
Content-Type: application/json; charset=utf-8
host: localhost:61478
accept: */*

Response DefaultHttpResponse(decodeResult: success, version: HTTP/1.1)
HTTP/1.1 404 Not Found
Content-Type: application/json; charset=utf-8
cache-control: no-cache
content-length: 879

12:31:27.303 [AsyncHttpClient-1-13] DEBUG org.asynchttpclient.netty.channel.ChannelManager - Adding key: http://localhost:61478 for channel [id: 0xb596ba03, L:/127.0.0.1:60160 - R:localhost/127.0.0.1:61478]
12:31:27.308 [Forwarding switchToWindow on session ac16609fce030f973c93f394bcc9d3ea to remote] DEBUG org.asynchttpclient.netty.request.NettyRequestSender - Using pooled Channel '[id: 0xb596ba03, L:/127.0.0.1:60160 - R:localhost/127.0.0.1:61478]' for 'POST' to 'http://localhost:61478/session/ac16609fce030f973c93f394bcc9d3ea/window'
12:31:27.308 [Forwarding switchToWindow on session ac16609fce030f973c93f394bcc9d3ea to remote] DEBUG org.asynchttpclient.netty.request.NettyRequestSender - Using open Channel [id: 0xb596ba03, L:/127.0.0.1:60160 - R:localhost/127.0.0.1:61478] for POST '/session/ac16609fce030f973c93f394bcc9d3ea/window'
12:31:27.313 [AsyncHttpClient-1-13] DEBUG org.asynchttpclient.netty.handler.HttpHandler - 

Request DefaultHttpRequest(decodeResult: success, version: HTTP/1.1)
POST /session/ac16609fce030f973c93f394bcc9d3ea/window HTTP/1.1
User-Agent: selenium/4.4.0 (java windows)
Content-Length: 59
Content-Type: application/json; charset=utf-8
host: localhost:61478
accept: */*

Response DefaultHttpResponse(decodeResult: success, version: HTTP/1.1)
HTTP/1.1 200 OK
Content-Type: application/json; charset=utf-8
cache-control: no-cache
content-length: 14

12:31:27.313 [AsyncHttpClient-1-13] DEBUG org.asynchttpclient.netty.channel.ChannelManager - Adding key: http://localhost:61478 for channel [id: 0xb596ba03, L:/127.0.0.1:60160 - R:localhost/127.0.0.1:61478]
12:31:27.314 [Forwarding getCurrentUrl on session ac16609fce030f973c93f394bcc9d3ea to remote] DEBUG org.asynchttpclient.netty.request.NettyRequestSender - Using pooled Channel '[id: 0xb596ba03, L:/127.0.0.1:60160 - R:localhost/127.0.0.1:61478]' for 'GET' to 'http://localhost:61478/session/ac16609fce030f973c93f394bcc9d3ea/url'
12:31:27.314 [Forwarding getCurrentUrl on session ac16609fce030f973c93f394bcc9d3ea to remote] DEBUG org.asynchttpclient.netty.request.NettyRequestSender - Using open Channel [id: 0xb596ba03, L:/127.0.0.1:60160 - R:localhost/127.0.0.1:61478] for GET '/session/ac16609fce030f973c93f394bcc9d3ea/url'
12:31:27.316 [AsyncHttpClient-1-13] DEBUG org.asynchttpclient.netty.handler.HttpHandler - 

Request DefaultFullHttpRequest(decodeResult: success, version: HTTP/1.1, content: EmptyByteBufBE)
GET /session/ac16609fce030f973c93f394bcc9d3ea/url HTTP/1.1
User-Agent: selenium/4.4.0 (java windows)
Cache-Control: no-cache
Content-Type: application/json; charset=utf-8
host: localhost:61478
accept: */*

Response DefaultHttpResponse(decodeResult: success, version: HTTP/1.1)
HTTP/1.1 200 OK
Content-Type: application/json; charset=utf-8
cache-control: no-cache
content-length: 38

12:31:27.317 [AsyncHttpClient-1-13] DEBUG org.asynchttpclient.netty.channel.ChannelManager - Adding key: http://localhost:61478 for channel [id: 0xb596ba03, L:/127.0.0.1:60160 - R:localhost/127.0.0.1:61478]
12:31:27.318 [Forwarding screenshot on session ac16609fce030f973c93f394bcc9d3ea to remote] DEBUG org.asynchttpclient.netty.request.NettyRequestSender - Using pooled Channel '[id: 0xb596ba03, L:/127.0.0.1:60160 - R:localhost/127.0.0.1:61478]' for 'GET' to 'http://localhost:61478/session/ac16609fce030f973c93f394bcc9d3ea/screenshot'
12:31:27.318 [Forwarding screenshot on session ac16609fce030f973c93f394bcc9d3ea to remote] DEBUG org.asynchttpclient.netty.request.NettyRequestSender - Using open Channel [id: 0xb596ba03, L:/127.0.0.1:60160 - R:localhost/127.0.0.1:61478] for GET '/session/ac16609fce030f973c93f394bcc9d3ea/screenshot'
12:31:27.412 [AsyncHttpClient-1-13] DEBUG org.asynchttpclient.netty.handler.HttpHandler - 

Request DefaultFullHttpRequest(decodeResult: success, version: HTTP/1.1, content: EmptyByteBufBE)
GET /session/ac16609fce030f973c93f394bcc9d3ea/screenshot HTTP/1.1
User-Agent: selenium/4.4.0 (java windows)
Cache-Control: no-cache
Content-Type: application/json; charset=utf-8
host: localhost:61478
accept: */*

Response DefaultHttpResponse(decodeResult: success, version: HTTP/1.1)
HTTP/1.1 200 OK
Content-Type: application/json; charset=utf-8
cache-control: no-cache
content-length: 59108

12:31:27.413 [AsyncHttpClient-1-13] DEBUG org.asynchttpclient.netty.channel.ChannelManager - Adding key: http://localhost:61478 for channel [id: 0xb596ba03, L:/127.0.0.1:60160 - R:localhost/127.0.0.1:61478]
12:31:27.414 [Test worker] DEBUG net.serenitybdd.core.photography.Darkroom - Send negative for processing for C:\Users\juan.gomezv\IdeaProjects\sura\target\site\serenity\60e3c498caf7a8fcf635471a5092c247627e1395d91e12246eaf1a3e7a34e095.png
12:31:27.414 [Test worker] DEBUG net.thucydides.core.steps.StepInterceptor - STEP DONE: {0} opens the #targetPageName
12:31:27.421 [Test worker] DEBUG net.thucydides.core.steps.StepInterceptor - STEP DONE: {0} abre la aplicación
  ?[32mDado ?[0m?[32m?[0m?[32m?[1mAna?[0m?[32m quiere consultar articulos deportivos en la web de la marca Swag?[0m ?[90m# sura.stepDefinitions.LoginSteps.quiereConsultarArticulosDeportivosEnLaWebDeLaMarcaSwag(net.serenitybdd.screenplay.Actor)?[0m
12:31:27.433 [Forwarding getPageSource on session ac16609fce030f973c93f394bcc9d3ea to remote] DEBUG org.asynchttpclient.netty.request.NettyRequestSender - Using pooled Channel '[id: 0xb596ba03, L:/127.0.0.1:60160 - R:localhost/127.0.0.1:61478]' for 'POST' to 'http://localhost:61478/session/ac16609fce030f973c93f394bcc9d3ea/execute/sync'
12:31:27.433 [Forwarding getPageSource on session ac16609fce030f973c93f394bcc9d3ea to remote] DEBUG org.asynchttpclient.netty.request.NettyRequestSender - Using open Channel [id: 0xb596ba03, L:/127.0.0.1:60160 - R:localhost/127.0.0.1:61478] for POST '/session/ac16609fce030f973c93f394bcc9d3ea/execute/sync'
12:31:27.437 [AsyncHttpClient-1-13] DEBUG org.asynchttpclient.netty.handler.HttpHandler - 

Request DefaultHttpRequest(decodeResult: success, version: HTTP/1.1)
POST /session/ac16609fce030f973c93f394bcc9d3ea/execute/sync HTTP/1.1
User-Agent: selenium/4.4.0 (java windows)
Content-Length: 176
Content-Type: application/json; charset=utf-8
host: localhost:61478
accept: */*

Response DefaultHttpResponse(decodeResult: success, version: HTTP/1.1)
HTTP/1.1 200 OK
Content-Type: application/json; charset=utf-8
cache-control: no-cache
content-length: 4160

12:31:27.437 [AsyncHttpClient-1-13] DEBUG org.asynchttpclient.netty.channel.ChannelManager - Adding key: http://localhost:61478 for channel [id: 0xb596ba03, L:/127.0.0.1:60160 - R:localhost/127.0.0.1:61478]
12:31:27.438 [Forwarding getCurrentUrl on session ac16609fce030f973c93f394bcc9d3ea to remote] DEBUG org.asynchttpclient.netty.request.NettyRequestSender - Using pooled Channel '[id: 0xb596ba03, L:/127.0.0.1:60160 - R:localhost/127.0.0.1:61478]' for 'GET' to 'http://localhost:61478/session/ac16609fce030f973c93f394bcc9d3ea/url'
12:31:27.438 [Forwarding getCurrentUrl on session ac16609fce030f973c93f394bcc9d3ea to remote] DEBUG org.asynchttpclient.netty.request.NettyRequestSender - Using open Channel [id: 0xb596ba03, L:/127.0.0.1:60160 - R:localhost/127.0.0.1:61478] for GET '/session/ac16609fce030f973c93f394bcc9d3ea/url'
12:31:27.441 [AsyncHttpClient-1-13] DEBUG org.asynchttpclient.netty.handler.HttpHandler - 

Request DefaultFullHttpRequest(decodeResult: success, version: HTTP/1.1, content: EmptyByteBufBE)
GET /session/ac16609fce030f973c93f394bcc9d3ea/url HTTP/1.1
User-Agent: selenium/4.4.0 (java windows)
Cache-Control: no-cache
Content-Type: application/json; charset=utf-8
host: localhost:61478
accept: */*

Response DefaultHttpResponse(decodeResult: success, version: HTTP/1.1)
HTTP/1.1 200 OK
Content-Type: application/json; charset=utf-8
cache-control: no-cache
content-length: 38

12:31:27.441 [AsyncHttpClient-1-13] DEBUG org.asynchttpclient.netty.channel.ChannelManager - Adding key: http://localhost:61478 for channel [id: 0xb596ba03, L:/127.0.0.1:60160 - R:localhost/127.0.0.1:61478]
12:31:27.450 [Forwarding getPageSource on session ac16609fce030f973c93f394bcc9d3ea to remote] DEBUG org.asynchttpclient.netty.request.NettyRequestSender - Using pooled Channel '[id: 0xb596ba03, L:/127.0.0.1:60160 - R:localhost/127.0.0.1:61478]' for 'POST' to 'http://localhost:61478/session/ac16609fce030f973c93f394bcc9d3ea/execute/sync'
12:31:27.450 [Forwarding getPageSource on session ac16609fce030f973c93f394bcc9d3ea to remote] DEBUG org.asynchttpclient.netty.request.NettyRequestSender - Using open Channel [id: 0xb596ba03, L:/127.0.0.1:60160 - R:localhost/127.0.0.1:61478] for POST '/session/ac16609fce030f973c93f394bcc9d3ea/execute/sync'
12:31:27.453 [AsyncHttpClient-1-13] DEBUG org.asynchttpclient.netty.handler.HttpHandler - 

Request DefaultHttpRequest(decodeResult: success, version: HTTP/1.1)
POST /session/ac16609fce030f973c93f394bcc9d3ea/execute/sync HTTP/1.1
User-Agent: selenium/4.4.0 (java windows)
Content-Length: 176
Content-Type: application/json; charset=utf-8
host: localhost:61478
accept: */*

Response DefaultHttpResponse(decodeResult: success, version: HTTP/1.1)
HTTP/1.1 200 OK
Content-Type: application/json; charset=utf-8
cache-control: no-cache
content-length: 4160

12:31:27.453 [AsyncHttpClient-1-13] DEBUG org.asynchttpclient.netty.channel.ChannelManager - Adding key: http://localhost:61478 for channel [id: 0xb596ba03, L:/127.0.0.1:60160 - R:localhost/127.0.0.1:61478]
12:31:27.454 [Forwarding getCurrentUrl on session ac16609fce030f973c93f394bcc9d3ea to remote] DEBUG org.asynchttpclient.netty.request.NettyRequestSender - Using pooled Channel '[id: 0xb596ba03, L:/127.0.0.1:60160 - R:localhost/127.0.0.1:61478]' for 'GET' to 'http://localhost:61478/session/ac16609fce030f973c93f394bcc9d3ea/url'
12:31:27.454 [Forwarding getCurrentUrl on session ac16609fce030f973c93f394bcc9d3ea to remote] DEBUG org.asynchttpclient.netty.request.NettyRequestSender - Using open Channel [id: 0xb596ba03, L:/127.0.0.1:60160 - R:localhost/127.0.0.1:61478] for GET '/session/ac16609fce030f973c93f394bcc9d3ea/url'
12:31:27.456 [AsyncHttpClient-1-13] DEBUG org.asynchttpclient.netty.handler.HttpHandler - 

Request DefaultFullHttpRequest(decodeResult: success, version: HTTP/1.1, content: EmptyByteBufBE)
GET /session/ac16609fce030f973c93f394bcc9d3ea/url HTTP/1.1
User-Agent: selenium/4.4.0 (java windows)
Cache-Control: no-cache
Content-Type: application/json; charset=utf-8
host: localhost:61478
accept: */*

Response DefaultHttpResponse(decodeResult: success, version: HTTP/1.1)
HTTP/1.1 200 OK
Content-Type: application/json; charset=utf-8
cache-control: no-cache
content-length: 38

12:31:27.456 [AsyncHttpClient-1-13] DEBUG org.asynchttpclient.netty.channel.ChannelManager - Adding key: http://localhost:61478 for channel [id: 0xb596ba03, L:/127.0.0.1:60160 - R:localhost/127.0.0.1:61478]
12:31:27.458 [Test worker] DEBUG net.thucydides.core.steps.StepInterceptor - STARTING STEP: LoginSteps.elSeAutenticaComoUnUsuario - performAs
12:31:27.476 [Forwarding getCurrentWindowHandle on session ac16609fce030f973c93f394bcc9d3ea to remote] DEBUG org.asynchttpclient.netty.request.NettyRequestSender - Using pooled Channel '[id: 0xb596ba03, L:/127.0.0.1:60160 - R:localhost/127.0.0.1:61478]' for 'GET' to 'http://localhost:61478/session/ac16609fce030f973c93f394bcc9d3ea/window'
12:31:27.476 [Forwarding getCurrentWindowHandle on session ac16609fce030f973c93f394bcc9d3ea to remote] DEBUG org.asynchttpclient.netty.request.NettyRequestSender - Using open Channel [id: 0xb596ba03, L:/127.0.0.1:60160 - R:localhost/127.0.0.1:61478] for GET '/session/ac16609fce030f973c93f394bcc9d3ea/window'
12:31:27.477 [AsyncHttpClient-1-13] DEBUG org.asynchttpclient.netty.handler.HttpHandler - 

Request DefaultFullHttpRequest(decodeResult: success, version: HTTP/1.1, content: EmptyByteBufBE)
GET /session/ac16609fce030f973c93f394bcc9d3ea/window HTTP/1.1
User-Agent: selenium/4.4.0 (java windows)
Cache-Control: no-cache
Content-Type: application/json; charset=utf-8
host: localhost:61478
accept: */*

Response DefaultHttpResponse(decodeResult: success, version: HTTP/1.1)
HTTP/1.1 200 OK
Content-Type: application/json; charset=utf-8
cache-control: no-cache
content-length: 53

12:31:27.477 [AsyncHttpClient-1-13] DEBUG org.asynchttpclient.netty.channel.ChannelManager - Adding key: http://localhost:61478 for channel [id: 0xb596ba03, L:/127.0.0.1:60160 - R:localhost/127.0.0.1:61478]
12:31:27.479 [Forwarding getAlertText on session ac16609fce030f973c93f394bcc9d3ea to remote] DEBUG org.asynchttpclient.netty.request.NettyRequestSender - Using pooled Channel '[id: 0xb596ba03, L:/127.0.0.1:60160 - R:localhost/127.0.0.1:61478]' for 'GET' to 'http://localhost:61478/session/ac16609fce030f973c93f394bcc9d3ea/alert/text'
12:31:27.479 [Forwarding getAlertText on session ac16609fce030f973c93f394bcc9d3ea to remote] DEBUG org.asynchttpclient.netty.request.NettyRequestSender - Using open Channel [id: 0xb596ba03, L:/127.0.0.1:60160 - R:localhost/127.0.0.1:61478] for GET '/session/ac16609fce030f973c93f394bcc9d3ea/alert/text'
12:31:27.481 [AsyncHttpClient-1-13] DEBUG org.asynchttpclient.netty.handler.HttpHandler - 

Request DefaultFullHttpRequest(decodeResult: success, version: HTTP/1.1, content: EmptyByteBufBE)
GET /session/ac16609fce030f973c93f394bcc9d3ea/alert/text HTTP/1.1
User-Agent: selenium/4.4.0 (java windows)
Cache-Control: no-cache
Content-Type: application/json; charset=utf-8
host: localhost:61478
accept: */*

Response DefaultHttpResponse(decodeResult: success, version: HTTP/1.1)
HTTP/1.1 404 Not Found
Content-Type: application/json; charset=utf-8
cache-control: no-cache
content-length: 879

12:31:27.481 [AsyncHttpClient-1-13] DEBUG org.asynchttpclient.netty.channel.ChannelManager - Adding key: http://localhost:61478 for channel [id: 0xb596ba03, L:/127.0.0.1:60160 - R:localhost/127.0.0.1:61478]
12:31:27.485 [Forwarding switchToWindow on session ac16609fce030f973c93f394bcc9d3ea to remote] DEBUG org.asynchttpclient.netty.request.NettyRequestSender - Using pooled Channel '[id: 0xb596ba03, L:/127.0.0.1:60160 - R:localhost/127.0.0.1:61478]' for 'POST' to 'http://localhost:61478/session/ac16609fce030f973c93f394bcc9d3ea/window'
12:31:27.485 [Forwarding switchToWindow on session ac16609fce030f973c93f394bcc9d3ea to remote] DEBUG org.asynchttpclient.netty.request.NettyRequestSender - Using open Channel [id: 0xb596ba03, L:/127.0.0.1:60160 - R:localhost/127.0.0.1:61478] for POST '/session/ac16609fce030f973c93f394bcc9d3ea/window'
12:31:27.487 [AsyncHttpClient-1-13] DEBUG org.asynchttpclient.netty.handler.HttpHandler - 

Request DefaultHttpRequest(decodeResult: success, version: HTTP/1.1)
POST /session/ac16609fce030f973c93f394bcc9d3ea/window HTTP/1.1
User-Agent: selenium/4.4.0 (java windows)
Content-Length: 59
Content-Type: application/json; charset=utf-8
host: localhost:61478
accept: */*

Response DefaultHttpResponse(decodeResult: success, version: HTTP/1.1)
HTTP/1.1 200 OK
Content-Type: application/json; charset=utf-8
cache-control: no-cache
content-length: 14

12:31:27.487 [AsyncHttpClient-1-13] DEBUG org.asynchttpclient.netty.channel.ChannelManager - Adding key: http://localhost:61478 for channel [id: 0xb596ba03, L:/127.0.0.1:60160 - R:localhost/127.0.0.1:61478]
12:31:27.488 [Forwarding getCurrentUrl on session ac16609fce030f973c93f394bcc9d3ea to remote] DEBUG org.asynchttpclient.netty.request.NettyRequestSender - Using pooled Channel '[id: 0xb596ba03, L:/127.0.0.1:60160 - R:localhost/127.0.0.1:61478]' for 'GET' to 'http://localhost:61478/session/ac16609fce030f973c93f394bcc9d3ea/url'
12:31:27.488 [Forwarding getCurrentUrl on session ac16609fce030f973c93f394bcc9d3ea to remote] DEBUG org.asynchttpclient.netty.request.NettyRequestSender - Using open Channel [id: 0xb596ba03, L:/127.0.0.1:60160 - R:localhost/127.0.0.1:61478] for GET '/session/ac16609fce030f973c93f394bcc9d3ea/url'
12:31:27.491 [AsyncHttpClient-1-13] DEBUG org.asynchttpclient.netty.handler.HttpHandler - 

Request DefaultFullHttpRequest(decodeResult: success, version: HTTP/1.1, content: EmptyByteBufBE)
GET /session/ac16609fce030f973c93f394bcc9d3ea/url HTTP/1.1
User-Agent: selenium/4.4.0 (java windows)
Cache-Control: no-cache
Content-Type: application/json; charset=utf-8
host: localhost:61478
accept: */*

Response DefaultHttpResponse(decodeResult: success, version: HTTP/1.1)
HTTP/1.1 200 OK
Content-Type: application/json; charset=utf-8
cache-control: no-cache
content-length: 38

12:31:27.491 [AsyncHttpClient-1-13] DEBUG org.asynchttpclient.netty.channel.ChannelManager - Adding key: http://localhost:61478 for channel [id: 0xb596ba03, L:/127.0.0.1:60160 - R:localhost/127.0.0.1:61478]
12:31:27.492 [Forwarding screenshot on session ac16609fce030f973c93f394bcc9d3ea to remote] DEBUG org.asynchttpclient.netty.request.NettyRequestSender - Using pooled Channel '[id: 0xb596ba03, L:/127.0.0.1:60160 - R:localhost/127.0.0.1:61478]' for 'GET' to 'http://localhost:61478/session/ac16609fce030f973c93f394bcc9d3ea/screenshot'
12:31:27.492 [Forwarding screenshot on session ac16609fce030f973c93f394bcc9d3ea to remote] DEBUG org.asynchttpclient.netty.request.NettyRequestSender - Using open Channel [id: 0xb596ba03, L:/127.0.0.1:60160 - R:localhost/127.0.0.1:61478] for GET '/session/ac16609fce030f973c93f394bcc9d3ea/screenshot'
12:31:27.563 [AsyncHttpClient-1-13] DEBUG org.asynchttpclient.netty.handler.HttpHandler - 

Request DefaultFullHttpRequest(decodeResult: success, version: HTTP/1.1, content: EmptyByteBufBE)
GET /session/ac16609fce030f973c93f394bcc9d3ea/screenshot HTTP/1.1
User-Agent: selenium/4.4.0 (java windows)
Cache-Control: no-cache
Content-Type: application/json; charset=utf-8
host: localhost:61478
accept: */*

Response DefaultHttpResponse(decodeResult: success, version: HTTP/1.1)
HTTP/1.1 200 OK
Content-Type: application/json; charset=utf-8
cache-control: no-cache
content-length: 59108

12:31:27.563 [AsyncHttpClient-1-13] DEBUG org.asynchttpclient.netty.channel.ChannelManager - Adding key: http://localhost:61478 for channel [id: 0xb596ba03, L:/127.0.0.1:60160 - R:localhost/127.0.0.1:61478]
12:31:27.566 [Test worker] DEBUG net.serenitybdd.core.photography.Darkroom - Send negative for processing for C:\Users\juan.gomezv\IdeaProjects\sura\target\site\serenity\60e3c498caf7a8fcf635471a5092c247627e1395d91e12246eaf1a3e7a34e095.png
12:31:27.573 [Forwarding getPageSource on session ac16609fce030f973c93f394bcc9d3ea to remote] DEBUG org.asynchttpclient.netty.request.NettyRequestSender - Using pooled Channel '[id: 0xb596ba03, L:/127.0.0.1:60160 - R:localhost/127.0.0.1:61478]' for 'POST' to 'http://localhost:61478/session/ac16609fce030f973c93f394bcc9d3ea/execute/sync'
12:31:27.573 [Forwarding getPageSource on session ac16609fce030f973c93f394bcc9d3ea to remote] DEBUG org.asynchttpclient.netty.request.NettyRequestSender - Using open Channel [id: 0xb596ba03, L:/127.0.0.1:60160 - R:localhost/127.0.0.1:61478] for POST '/session/ac16609fce030f973c93f394bcc9d3ea/execute/sync'
12:31:27.577 [AsyncHttpClient-1-13] DEBUG org.asynchttpclient.netty.handler.HttpHandler - 

Request DefaultHttpRequest(decodeResult: success, version: HTTP/1.1)
POST /session/ac16609fce030f973c93f394bcc9d3ea/execute/sync HTTP/1.1
User-Agent: selenium/4.4.0 (java windows)
Content-Length: 176
Content-Type: application/json; charset=utf-8
host: localhost:61478
accept: */*

Response DefaultHttpResponse(decodeResult: success, version: HTTP/1.1)
HTTP/1.1 200 OK
Content-Type: application/json; charset=utf-8
cache-control: no-cache
content-length: 4160

12:31:27.577 [AsyncHttpClient-1-13] DEBUG org.asynchttpclient.netty.channel.ChannelManager - Adding key: http://localhost:61478 for channel [id: 0xb596ba03, L:/127.0.0.1:60160 - R:localhost/127.0.0.1:61478]
12:31:27.578 [Forwarding getCurrentUrl on session ac16609fce030f973c93f394bcc9d3ea to remote] DEBUG org.asynchttpclient.netty.request.NettyRequestSender - Using pooled Channel '[id: 0xb596ba03, L:/127.0.0.1:60160 - R:localhost/127.0.0.1:61478]' for 'GET' to 'http://localhost:61478/session/ac16609fce030f973c93f394bcc9d3ea/url'
12:31:27.578 [Forwarding getCurrentUrl on session ac16609fce030f973c93f394bcc9d3ea to remote] DEBUG org.asynchttpclient.netty.request.NettyRequestSender - Using open Channel [id: 0xb596ba03, L:/127.0.0.1:60160 - R:localhost/127.0.0.1:61478] for GET '/session/ac16609fce030f973c93f394bcc9d3ea/url'
12:31:27.582 [AsyncHttpClient-1-13] DEBUG org.asynchttpclient.netty.handler.HttpHandler - 

Request DefaultFullHttpRequest(decodeResult: success, version: HTTP/1.1, content: EmptyByteBufBE)
GET /session/ac16609fce030f973c93f394bcc9d3ea/url HTTP/1.1
User-Agent: selenium/4.4.0 (java windows)
Cache-Control: no-cache
Content-Type: application/json; charset=utf-8
host: localhost:61478
accept: */*

Response DefaultHttpResponse(decodeResult: success, version: HTTP/1.1)
HTTP/1.1 200 OK
Content-Type: application/json; charset=utf-8
cache-control: no-cache
content-length: 38

12:31:27.582 [AsyncHttpClient-1-13] DEBUG org.asynchttpclient.netty.channel.ChannelManager - Adding key: http://localhost:61478 for channel [id: 0xb596ba03, L:/127.0.0.1:60160 - R:localhost/127.0.0.1:61478]
12:31:27.583 [Test worker] DEBUG net.thucydides.core.steps.StepInterceptor - STARTING STEP: LogIn.performAs - {0} enters #theTextAsAString into #target
12:31:27.587 [Test worker] DEBUG net.serenitybdd.screenplay.targets.IFrameSwitcher - default content already selected for usernameTextBox
12:31:27.597 [Forwarding findElement on session ac16609fce030f973c93f394bcc9d3ea to remote] DEBUG org.asynchttpclient.netty.request.NettyRequestSender - Using pooled Channel '[id: 0xb596ba03, L:/127.0.0.1:60160 - R:localhost/127.0.0.1:61478]' for 'POST' to 'http://localhost:61478/session/ac16609fce030f973c93f394bcc9d3ea/element'
12:31:27.597 [Forwarding findElement on session ac16609fce030f973c93f394bcc9d3ea to remote] DEBUG org.asynchttpclient.netty.request.NettyRequestSender - Using open Channel [id: 0xb596ba03, L:/127.0.0.1:60160 - R:localhost/127.0.0.1:61478] for POST '/session/ac16609fce030f973c93f394bcc9d3ea/element'
12:31:27.606 [AsyncHttpClient-1-13] DEBUG org.asynchttpclient.netty.handler.HttpHandler - 

Request DefaultHttpRequest(decodeResult: success, version: HTTP/1.1)
POST /session/ac16609fce030f973c93f394bcc9d3ea/element HTTP/1.1
User-Agent: selenium/4.4.0 (java windows)
Content-Length: 67
Content-Type: application/json; charset=utf-8
host: localhost:61478
accept: */*

Response DefaultHttpResponse(decodeResult: success, version: HTTP/1.1)
HTTP/1.1 200 OK
Content-Type: application/json; charset=utf-8
cache-control: no-cache
content-length: 88

12:31:27.606 [AsyncHttpClient-1-13] DEBUG org.asynchttpclient.netty.channel.ChannelManager - Adding key: http://localhost:61478 for channel [id: 0xb596ba03, L:/127.0.0.1:60160 - R:localhost/127.0.0.1:61478]
12:31:27.607 [Forwarding clearElement on session ac16609fce030f973c93f394bcc9d3ea to remote] DEBUG org.asynchttpclient.netty.request.NettyRequestSender - Using pooled Channel '[id: 0xb596ba03, L:/127.0.0.1:60160 - R:localhost/127.0.0.1:61478]' for 'POST' to 'http://localhost:61478/session/ac16609fce030f973c93f394bcc9d3ea/element/9b3b73bf-6e79-46d8-b932-b4e0382352c4/clear'
12:31:27.607 [Forwarding clearElement on session ac16609fce030f973c93f394bcc9d3ea to remote] DEBUG org.asynchttpclient.netty.request.NettyRequestSender - Using open Channel [id: 0xb596ba03, L:/127.0.0.1:60160 - R:localhost/127.0.0.1:61478] for POST '/session/ac16609fce030f973c93f394bcc9d3ea/element/9b3b73bf-6e79-46d8-b932-b4e0382352c4/clear'
12:31:27.631 [AsyncHttpClient-1-13] DEBUG org.asynchttpclient.netty.handler.HttpHandler - 

Request DefaultHttpRequest(decodeResult: success, version: HTTP/1.1)
POST /session/ac16609fce030f973c93f394bcc9d3ea/element/9b3b73bf-6e79-46d8-b932-b4e0382352c4/clear HTTP/1.1
User-Agent: selenium/4.4.0 (java windows)
Content-Length: 50
Content-Type: application/json; charset=utf-8
host: localhost:61478
accept: */*

Response DefaultHttpResponse(decodeResult: success, version: HTTP/1.1)
HTTP/1.1 200 OK
Content-Type: application/json; charset=utf-8
cache-control: no-cache
content-length: 14

12:31:27.631 [AsyncHttpClient-1-13] DEBUG org.asynchttpclient.netty.channel.ChannelManager - Adding key: http://localhost:61478 for channel [id: 0xb596ba03, L:/127.0.0.1:60160 - R:localhost/127.0.0.1:61478]
12:31:27.636 [Forwarding sendKeysToElement on session ac16609fce030f973c93f394bcc9d3ea to remote] DEBUG org.asynchttpclient.netty.request.NettyRequestSender - Using pooled Channel '[id: 0xb596ba03, L:/127.0.0.1:60160 - R:localhost/127.0.0.1:61478]' for 'POST' to 'http://localhost:61478/session/ac16609fce030f973c93f394bcc9d3ea/element/9b3b73bf-6e79-46d8-b932-b4e0382352c4/value'
12:31:27.636 [Forwarding sendKeysToElement on session ac16609fce030f973c93f394bcc9d3ea to remote] DEBUG org.asynchttpclient.netty.request.NettyRequestSender - Using open Channel [id: 0xb596ba03, L:/127.0.0.1:60160 - R:localhost/127.0.0.1:61478] for POST '/session/ac16609fce030f973c93f394bcc9d3ea/element/9b3b73bf-6e79-46d8-b932-b4e0382352c4/value'
12:31:27.689 [AsyncHttpClient-1-13] DEBUG org.asynchttpclient.netty.handler.HttpHandler - 

Request DefaultHttpRequest(decodeResult: success, version: HTTP/1.1)
POST /session/ac16609fce030f973c93f394bcc9d3ea/element/9b3b73bf-6e79-46d8-b932-b4e0382352c4/value HTTP/1.1
User-Agent: selenium/4.4.0 (java windows)
Content-Length: 211
Content-Type: application/json; charset=utf-8
host: localhost:61478
accept: */*

Response DefaultHttpResponse(decodeResult: success, version: HTTP/1.1)
HTTP/1.1 200 OK
Content-Type: application/json; charset=utf-8
cache-control: no-cache
content-length: 14

12:31:27.690 [AsyncHttpClient-1-13] DEBUG org.asynchttpclient.netty.channel.ChannelManager - Adding key: http://localhost:61478 for channel [id: 0xb596ba03, L:/127.0.0.1:60160 - R:localhost/127.0.0.1:61478]
12:31:27.703 [Forwarding getCurrentWindowHandle on session ac16609fce030f973c93f394bcc9d3ea to remote] DEBUG org.asynchttpclient.netty.request.NettyRequestSender - Using pooled Channel '[id: 0xb596ba03, L:/127.0.0.1:60160 - R:localhost/127.0.0.1:61478]' for 'GET' to 'http://localhost:61478/session/ac16609fce030f973c93f394bcc9d3ea/window'
12:31:27.703 [Forwarding getCurrentWindowHandle on session ac16609fce030f973c93f394bcc9d3ea to remote] DEBUG org.asynchttpclient.netty.request.NettyRequestSender - Using open Channel [id: 0xb596ba03, L:/127.0.0.1:60160 - R:localhost/127.0.0.1:61478] for GET '/session/ac16609fce030f973c93f394bcc9d3ea/window'
12:31:27.703 [AsyncHttpClient-1-13] DEBUG org.asynchttpclient.netty.handler.HttpHandler - 

Request DefaultFullHttpRequest(decodeResult: success, version: HTTP/1.1, content: EmptyByteBufBE)
GET /session/ac16609fce030f973c93f394bcc9d3ea/window HTTP/1.1
User-Agent: selenium/4.4.0 (java windows)
Cache-Control: no-cache
Content-Type: application/json; charset=utf-8
host: localhost:61478
accept: */*

Response DefaultHttpResponse(decodeResult: success, version: HTTP/1.1)
HTTP/1.1 200 OK
Content-Type: application/json; charset=utf-8
cache-control: no-cache
content-length: 53

12:31:27.703 [AsyncHttpClient-1-13] DEBUG org.asynchttpclient.netty.channel.ChannelManager - Adding key: http://localhost:61478 for channel [id: 0xb596ba03, L:/127.0.0.1:60160 - R:localhost/127.0.0.1:61478]
12:31:27.706 [Forwarding getAlertText on session ac16609fce030f973c93f394bcc9d3ea to remote] DEBUG org.asynchttpclient.netty.request.NettyRequestSender - Using pooled Channel '[id: 0xb596ba03, L:/127.0.0.1:60160 - R:localhost/127.0.0.1:61478]' for 'GET' to 'http://localhost:61478/session/ac16609fce030f973c93f394bcc9d3ea/alert/text'
12:31:27.706 [Forwarding getAlertText on session ac16609fce030f973c93f394bcc9d3ea to remote] DEBUG org.asynchttpclient.netty.request.NettyRequestSender - Using open Channel [id: 0xb596ba03, L:/127.0.0.1:60160 - R:localhost/127.0.0.1:61478] for GET '/session/ac16609fce030f973c93f394bcc9d3ea/alert/text'
12:31:27.707 [AsyncHttpClient-1-13] DEBUG org.asynchttpclient.netty.handler.HttpHandler - 

Request DefaultFullHttpRequest(decodeResult: success, version: HTTP/1.1, content: EmptyByteBufBE)
GET /session/ac16609fce030f973c93f394bcc9d3ea/alert/text HTTP/1.1
User-Agent: selenium/4.4.0 (java windows)
Cache-Control: no-cache
Content-Type: application/json; charset=utf-8
host: localhost:61478
accept: */*

Response DefaultHttpResponse(decodeResult: success, version: HTTP/1.1)
HTTP/1.1 404 Not Found
Content-Type: application/json; charset=utf-8
cache-control: no-cache
content-length: 879

12:31:27.707 [AsyncHttpClient-1-13] DEBUG org.asynchttpclient.netty.channel.ChannelManager - Adding key: http://localhost:61478 for channel [id: 0xb596ba03, L:/127.0.0.1:60160 - R:localhost/127.0.0.1:61478]
12:31:27.711 [Forwarding switchToWindow on session ac16609fce030f973c93f394bcc9d3ea to remote] DEBUG org.asynchttpclient.netty.request.NettyRequestSender - Using pooled Channel '[id: 0xb596ba03, L:/127.0.0.1:60160 - R:localhost/127.0.0.1:61478]' for 'POST' to 'http://localhost:61478/session/ac16609fce030f973c93f394bcc9d3ea/window'
12:31:27.711 [Forwarding switchToWindow on session ac16609fce030f973c93f394bcc9d3ea to remote] DEBUG org.asynchttpclient.netty.request.NettyRequestSender - Using open Channel [id: 0xb596ba03, L:/127.0.0.1:60160 - R:localhost/127.0.0.1:61478] for POST '/session/ac16609fce030f973c93f394bcc9d3ea/window'
12:31:27.712 [AsyncHttpClient-1-13] DEBUG org.asynchttpclient.netty.handler.HttpHandler - 

Request DefaultHttpRequest(decodeResult: success, version: HTTP/1.1)
POST /session/ac16609fce030f973c93f394bcc9d3ea/window HTTP/1.1
User-Agent: selenium/4.4.0 (java windows)
Content-Length: 59
Content-Type: application/json; charset=utf-8
host: localhost:61478
accept: */*

Response DefaultHttpResponse(decodeResult: success, version: HTTP/1.1)
HTTP/1.1 200 OK
Content-Type: application/json; charset=utf-8
cache-control: no-cache
content-length: 14

12:31:27.713 [AsyncHttpClient-1-13] DEBUG org.asynchttpclient.netty.channel.ChannelManager - Adding key: http://localhost:61478 for channel [id: 0xb596ba03, L:/127.0.0.1:60160 - R:localhost/127.0.0.1:61478]
12:31:27.713 [Forwarding getCurrentUrl on session ac16609fce030f973c93f394bcc9d3ea to remote] DEBUG org.asynchttpclient.netty.request.NettyRequestSender - Using pooled Channel '[id: 0xb596ba03, L:/127.0.0.1:60160 - R:localhost/127.0.0.1:61478]' for 'GET' to 'http://localhost:61478/session/ac16609fce030f973c93f394bcc9d3ea/url'
12:31:27.713 [Forwarding getCurrentUrl on session ac16609fce030f973c93f394bcc9d3ea to remote] DEBUG org.asynchttpclient.netty.request.NettyRequestSender - Using open Channel [id: 0xb596ba03, L:/127.0.0.1:60160 - R:localhost/127.0.0.1:61478] for GET '/session/ac16609fce030f973c93f394bcc9d3ea/url'
12:31:27.715 [AsyncHttpClient-1-13] DEBUG org.asynchttpclient.netty.handler.HttpHandler - 

Request DefaultFullHttpRequest(decodeResult: success, version: HTTP/1.1, content: EmptyByteBufBE)
GET /session/ac16609fce030f973c93f394bcc9d3ea/url HTTP/1.1
User-Agent: selenium/4.4.0 (java windows)
Cache-Control: no-cache
Content-Type: application/json; charset=utf-8
host: localhost:61478
accept: */*

Response DefaultHttpResponse(decodeResult: success, version: HTTP/1.1)
HTTP/1.1 200 OK
Content-Type: application/json; charset=utf-8
cache-control: no-cache
content-length: 38

12:31:27.715 [AsyncHttpClient-1-13] DEBUG org.asynchttpclient.netty.channel.ChannelManager - Adding key: http://localhost:61478 for channel [id: 0xb596ba03, L:/127.0.0.1:60160 - R:localhost/127.0.0.1:61478]
12:31:27.715 [Forwarding screenshot on session ac16609fce030f973c93f394bcc9d3ea to remote] DEBUG org.asynchttpclient.netty.request.NettyRequestSender - Using pooled Channel '[id: 0xb596ba03, L:/127.0.0.1:60160 - R:localhost/127.0.0.1:61478]' for 'GET' to 'http://localhost:61478/session/ac16609fce030f973c93f394bcc9d3ea/screenshot'
12:31:27.715 [Forwarding screenshot on session ac16609fce030f973c93f394bcc9d3ea to remote] DEBUG org.asynchttpclient.netty.request.NettyRequestSender - Using open Channel [id: 0xb596ba03, L:/127.0.0.1:60160 - R:localhost/127.0.0.1:61478] for GET '/session/ac16609fce030f973c93f394bcc9d3ea/screenshot'
12:31:27.789 [AsyncHttpClient-1-13] DEBUG org.asynchttpclient.netty.handler.HttpHandler - 

Request DefaultFullHttpRequest(decodeResult: success, version: HTTP/1.1, content: EmptyByteBufBE)
GET /session/ac16609fce030f973c93f394bcc9d3ea/screenshot HTTP/1.1
User-Agent: selenium/4.4.0 (java windows)
Cache-Control: no-cache
Content-Type: application/json; charset=utf-8
host: localhost:61478
accept: */*

Response DefaultHttpResponse(decodeResult: success, version: HTTP/1.1)
HTTP/1.1 200 OK
Content-Type: application/json; charset=utf-8
cache-control: no-cache
content-length: 59812

12:31:27.789 [AsyncHttpClient-1-13] DEBUG org.asynchttpclient.netty.channel.ChannelManager - Adding key: http://localhost:61478 for channel [id: 0xb596ba03, L:/127.0.0.1:60160 - R:localhost/127.0.0.1:61478]
12:31:27.791 [Test worker] DEBUG net.serenitybdd.core.photography.Darkroom - Send negative for processing for C:\Users\juan.gomezv\IdeaProjects\sura\target\site\serenity\cb904724c11cb1c402bbd44fd4c83dd8993b3b1bfb579cc518ee5232028dbf9b.png
12:31:27.791 [Test worker] DEBUG net.thucydides.core.steps.StepInterceptor - STEP DONE: {0} enters #theTextAsAString into #target
12:31:27.798 [Forwarding getPageSource on session ac16609fce030f973c93f394bcc9d3ea to remote] DEBUG org.asynchttpclient.netty.request.NettyRequestSender - Using pooled Channel '[id: 0xb596ba03, L:/127.0.0.1:60160 - R:localhost/127.0.0.1:61478]' for 'POST' to 'http://localhost:61478/session/ac16609fce030f973c93f394bcc9d3ea/execute/sync'
12:31:27.798 [Forwarding getPageSource on session ac16609fce030f973c93f394bcc9d3ea to remote] DEBUG org.asynchttpclient.netty.request.NettyRequestSender - Using open Channel [id: 0xb596ba03, L:/127.0.0.1:60160 - R:localhost/127.0.0.1:61478] for POST '/session/ac16609fce030f973c93f394bcc9d3ea/execute/sync'
12:31:27.804 [AsyncHttpClient-1-13] DEBUG org.asynchttpclient.netty.handler.HttpHandler - 

Request DefaultHttpRequest(decodeResult: success, version: HTTP/1.1)
POST /session/ac16609fce030f973c93f394bcc9d3ea/execute/sync HTTP/1.1
User-Agent: selenium/4.4.0 (java windows)
Content-Length: 176
Content-Type: application/json; charset=utf-8
host: localhost:61478
accept: */*

Response DefaultHttpResponse(decodeResult: success, version: HTTP/1.1)
HTTP/1.1 200 OK
Content-Type: application/json; charset=utf-8
cache-control: no-cache
content-length: 4173

12:31:27.804 [AsyncHttpClient-1-13] DEBUG org.asynchttpclient.netty.channel.ChannelManager - Adding key: http://localhost:61478 for channel [id: 0xb596ba03, L:/127.0.0.1:60160 - R:localhost/127.0.0.1:61478]
12:31:27.805 [Forwarding getCurrentUrl on session ac16609fce030f973c93f394bcc9d3ea to remote] DEBUG org.asynchttpclient.netty.request.NettyRequestSender - Using pooled Channel '[id: 0xb596ba03, L:/127.0.0.1:60160 - R:localhost/127.0.0.1:61478]' for 'GET' to 'http://localhost:61478/session/ac16609fce030f973c93f394bcc9d3ea/url'
12:31:27.805 [Forwarding getCurrentUrl on session ac16609fce030f973c93f394bcc9d3ea to remote] DEBUG org.asynchttpclient.netty.request.NettyRequestSender - Using open Channel [id: 0xb596ba03, L:/127.0.0.1:60160 - R:localhost/127.0.0.1:61478] for GET '/session/ac16609fce030f973c93f394bcc9d3ea/url'
12:31:27.809 [AsyncHttpClient-1-13] DEBUG org.asynchttpclient.netty.handler.HttpHandler - 

Request DefaultFullHttpRequest(decodeResult: success, version: HTTP/1.1, content: EmptyByteBufBE)
GET /session/ac16609fce030f973c93f394bcc9d3ea/url HTTP/1.1
User-Agent: selenium/4.4.0 (java windows)
Cache-Control: no-cache
Content-Type: application/json; charset=utf-8
host: localhost:61478
accept: */*

Response DefaultHttpResponse(decodeResult: success, version: HTTP/1.1)
HTTP/1.1 200 OK
Content-Type: application/json; charset=utf-8
cache-control: no-cache
content-length: 38

12:31:27.809 [AsyncHttpClient-1-13] DEBUG org.asynchttpclient.netty.channel.ChannelManager - Adding key: http://localhost:61478 for channel [id: 0xb596ba03, L:/127.0.0.1:60160 - R:localhost/127.0.0.1:61478]
12:31:27.811 [Test worker] DEBUG net.thucydides.core.steps.StepInterceptor - STARTING STEP: LogIn.performAs - {0} enters #theTextAsAString into #target
12:31:27.813 [Test worker] DEBUG net.serenitybdd.screenplay.targets.IFrameSwitcher - default content already selected for passwordTextBox
12:31:27.822 [Forwarding findElement on session ac16609fce030f973c93f394bcc9d3ea to remote] DEBUG org.asynchttpclient.netty.request.NettyRequestSender - Using pooled Channel '[id: 0xb596ba03, L:/127.0.0.1:60160 - R:localhost/127.0.0.1:61478]' for 'POST' to 'http://localhost:61478/session/ac16609fce030f973c93f394bcc9d3ea/element'
12:31:27.822 [Forwarding findElement on session ac16609fce030f973c93f394bcc9d3ea to remote] DEBUG org.asynchttpclient.netty.request.NettyRequestSender - Using open Channel [id: 0xb596ba03, L:/127.0.0.1:60160 - R:localhost/127.0.0.1:61478] for POST '/session/ac16609fce030f973c93f394bcc9d3ea/element'
12:31:27.831 [AsyncHttpClient-1-13] DEBUG org.asynchttpclient.netty.handler.HttpHandler - 

Request DefaultHttpRequest(decodeResult: success, version: HTTP/1.1)
POST /session/ac16609fce030f973c93f394bcc9d3ea/element HTTP/1.1
User-Agent: selenium/4.4.0 (java windows)
Content-Length: 66
Content-Type: application/json; charset=utf-8
host: localhost:61478
accept: */*

Response DefaultHttpResponse(decodeResult: success, version: HTTP/1.1)
HTTP/1.1 200 OK
Content-Type: application/json; charset=utf-8
cache-control: no-cache
content-length: 88

12:31:27.831 [AsyncHttpClient-1-13] DEBUG org.asynchttpclient.netty.channel.ChannelManager - Adding key: http://localhost:61478 for channel [id: 0xb596ba03, L:/127.0.0.1:60160 - R:localhost/127.0.0.1:61478]
12:31:27.832 [Forwarding clearElement on session ac16609fce030f973c93f394bcc9d3ea to remote] DEBUG org.asynchttpclient.netty.request.NettyRequestSender - Using pooled Channel '[id: 0xb596ba03, L:/127.0.0.1:60160 - R:localhost/127.0.0.1:61478]' for 'POST' to 'http://localhost:61478/session/ac16609fce030f973c93f394bcc9d3ea/element/102fe090-407b-4103-acb4-272992d46830/clear'
12:31:27.832 [Forwarding clearElement on session ac16609fce030f973c93f394bcc9d3ea to remote] DEBUG org.asynchttpclient.netty.request.NettyRequestSender - Using open Channel [id: 0xb596ba03, L:/127.0.0.1:60160 - R:localhost/127.0.0.1:61478] for POST '/session/ac16609fce030f973c93f394bcc9d3ea/element/102fe090-407b-4103-acb4-272992d46830/clear'
12:31:27.857 [AsyncHttpClient-1-13] DEBUG org.asynchttpclient.netty.handler.HttpHandler - 

Request DefaultHttpRequest(decodeResult: success, version: HTTP/1.1)
POST /session/ac16609fce030f973c93f394bcc9d3ea/element/102fe090-407b-4103-acb4-272992d46830/clear HTTP/1.1
User-Agent: selenium/4.4.0 (java windows)
Content-Length: 50
Content-Type: application/json; charset=utf-8
host: localhost:61478
accept: */*

Response DefaultHttpResponse(decodeResult: success, version: HTTP/1.1)
HTTP/1.1 200 OK
Content-Type: application/json; charset=utf-8
cache-control: no-cache
content-length: 14

12:31:27.857 [AsyncHttpClient-1-13] DEBUG org.asynchttpclient.netty.channel.ChannelManager - Adding key: http://localhost:61478 for channel [id: 0xb596ba03, L:/127.0.0.1:60160 - R:localhost/127.0.0.1:61478]
12:31:27.862 [Forwarding sendKeysToElement on session ac16609fce030f973c93f394bcc9d3ea to remote] DEBUG org.asynchttpclient.netty.request.NettyRequestSender - Using pooled Channel '[id: 0xb596ba03, L:/127.0.0.1:60160 - R:localhost/127.0.0.1:61478]' for 'POST' to 'http://localhost:61478/session/ac16609fce030f973c93f394bcc9d3ea/element/102fe090-407b-4103-acb4-272992d46830/value'
12:31:27.862 [Forwarding sendKeysToElement on session ac16609fce030f973c93f394bcc9d3ea to remote] DEBUG org.asynchttpclient.netty.request.NettyRequestSender - Using open Channel [id: 0xb596ba03, L:/127.0.0.1:60160 - R:localhost/127.0.0.1:61478] for POST '/session/ac16609fce030f973c93f394bcc9d3ea/element/102fe090-407b-4103-acb4-272992d46830/value'
12:31:27.909 [AsyncHttpClient-1-13] DEBUG org.asynchttpclient.netty.handler.HttpHandler - 

Request DefaultHttpRequest(decodeResult: success, version: HTTP/1.1)
POST /session/ac16609fce030f973c93f394bcc9d3ea/element/102fe090-407b-4103-acb4-272992d46830/value HTTP/1.1
User-Agent: selenium/4.4.0 (java windows)
Content-Length: 201
Content-Type: application/json; charset=utf-8
host: localhost:61478
accept: */*

Response DefaultHttpResponse(decodeResult: success, version: HTTP/1.1)
HTTP/1.1 200 OK
Content-Type: application/json; charset=utf-8
cache-control: no-cache
content-length: 14

12:31:27.909 [AsyncHttpClient-1-13] DEBUG org.asynchttpclient.netty.channel.ChannelManager - Adding key: http://localhost:61478 for channel [id: 0xb596ba03, L:/127.0.0.1:60160 - R:localhost/127.0.0.1:61478]
12:31:27.928 [Forwarding getCurrentWindowHandle on session ac16609fce030f973c93f394bcc9d3ea to remote] DEBUG org.asynchttpclient.netty.request.NettyRequestSender - Using pooled Channel '[id: 0xb596ba03, L:/127.0.0.1:60160 - R:localhost/127.0.0.1:61478]' for 'GET' to 'http://localhost:61478/session/ac16609fce030f973c93f394bcc9d3ea/window'
12:31:27.928 [Forwarding getCurrentWindowHandle on session ac16609fce030f973c93f394bcc9d3ea to remote] DEBUG org.asynchttpclient.netty.request.NettyRequestSender - Using open Channel [id: 0xb596ba03, L:/127.0.0.1:60160 - R:localhost/127.0.0.1:61478] for GET '/session/ac16609fce030f973c93f394bcc9d3ea/window'
12:31:27.928 [AsyncHttpClient-1-13] DEBUG org.asynchttpclient.netty.handler.HttpHandler - 

Request DefaultFullHttpRequest(decodeResult: success, version: HTTP/1.1, content: EmptyByteBufBE)
GET /session/ac16609fce030f973c93f394bcc9d3ea/window HTTP/1.1
User-Agent: selenium/4.4.0 (java windows)
Cache-Control: no-cache
Content-Type: application/json; charset=utf-8
host: localhost:61478
accept: */*

Response DefaultHttpResponse(decodeResult: success, version: HTTP/1.1)
HTTP/1.1 200 OK
Content-Type: application/json; charset=utf-8
cache-control: no-cache
content-length: 53

12:31:27.929 [AsyncHttpClient-1-13] DEBUG org.asynchttpclient.netty.channel.ChannelManager - Adding key: http://localhost:61478 for channel [id: 0xb596ba03, L:/127.0.0.1:60160 - R:localhost/127.0.0.1:61478]
12:31:27.933 [Forwarding getAlertText on session ac16609fce030f973c93f394bcc9d3ea to remote] DEBUG org.asynchttpclient.netty.request.NettyRequestSender - Using pooled Channel '[id: 0xb596ba03, L:/127.0.0.1:60160 - R:localhost/127.0.0.1:61478]' for 'GET' to 'http://localhost:61478/session/ac16609fce030f973c93f394bcc9d3ea/alert/text'
12:31:27.933 [Forwarding getAlertText on session ac16609fce030f973c93f394bcc9d3ea to remote] DEBUG org.asynchttpclient.netty.request.NettyRequestSender - Using open Channel [id: 0xb596ba03, L:/127.0.0.1:60160 - R:localhost/127.0.0.1:61478] for GET '/session/ac16609fce030f973c93f394bcc9d3ea/alert/text'
12:31:27.936 [AsyncHttpClient-1-13] DEBUG org.asynchttpclient.netty.handler.HttpHandler - 

Request DefaultFullHttpRequest(decodeResult: success, version: HTTP/1.1, content: EmptyByteBufBE)
GET /session/ac16609fce030f973c93f394bcc9d3ea/alert/text HTTP/1.1
User-Agent: selenium/4.4.0 (java windows)
Cache-Control: no-cache
Content-Type: application/json; charset=utf-8
host: localhost:61478
accept: */*

Response DefaultHttpResponse(decodeResult: success, version: HTTP/1.1)
HTTP/1.1 404 Not Found
Content-Type: application/json; charset=utf-8
cache-control: no-cache
content-length: 879

12:31:27.936 [AsyncHttpClient-1-13] DEBUG org.asynchttpclient.netty.channel.ChannelManager - Adding key: http://localhost:61478 for channel [id: 0xb596ba03, L:/127.0.0.1:60160 - R:localhost/127.0.0.1:61478]
12:31:27.941 [Forwarding switchToWindow on session ac16609fce030f973c93f394bcc9d3ea to remote] DEBUG org.asynchttpclient.netty.request.NettyRequestSender - Using pooled Channel '[id: 0xb596ba03, L:/127.0.0.1:60160 - R:localhost/127.0.0.1:61478]' for 'POST' to 'http://localhost:61478/session/ac16609fce030f973c93f394bcc9d3ea/window'
12:31:27.941 [Forwarding switchToWindow on session ac16609fce030f973c93f394bcc9d3ea to remote] DEBUG org.asynchttpclient.netty.request.NettyRequestSender - Using open Channel [id: 0xb596ba03, L:/127.0.0.1:60160 - R:localhost/127.0.0.1:61478] for POST '/session/ac16609fce030f973c93f394bcc9d3ea/window'
12:31:27.946 [AsyncHttpClient-1-13] DEBUG org.asynchttpclient.netty.handler.HttpHandler - 

Request DefaultHttpRequest(decodeResult: success, version: HTTP/1.1)
POST /session/ac16609fce030f973c93f394bcc9d3ea/window HTTP/1.1
User-Agent: selenium/4.4.0 (java windows)
Content-Length: 59
Content-Type: application/json; charset=utf-8
host: localhost:61478
accept: */*

Response DefaultHttpResponse(decodeResult: success, version: HTTP/1.1)
HTTP/1.1 200 OK
Content-Type: application/json; charset=utf-8
cache-control: no-cache
content-length: 14

12:31:27.947 [AsyncHttpClient-1-13] DEBUG org.asynchttpclient.netty.channel.ChannelManager - Adding key: http://localhost:61478 for channel [id: 0xb596ba03, L:/127.0.0.1:60160 - R:localhost/127.0.0.1:61478]
12:31:27.947 [Forwarding getCurrentUrl on session ac16609fce030f973c93f394bcc9d3ea to remote] DEBUG org.asynchttpclient.netty.request.NettyRequestSender - Using pooled Channel '[id: 0xb596ba03, L:/127.0.0.1:60160 - R:localhost/127.0.0.1:61478]' for 'GET' to 'http://localhost:61478/session/ac16609fce030f973c93f394bcc9d3ea/url'
12:31:27.947 [Forwarding getCurrentUrl on session ac16609fce030f973c93f394bcc9d3ea to remote] DEBUG org.asynchttpclient.netty.request.NettyRequestSender - Using open Channel [id: 0xb596ba03, L:/127.0.0.1:60160 - R:localhost/127.0.0.1:61478] for GET '/session/ac16609fce030f973c93f394bcc9d3ea/url'
12:31:27.950 [AsyncHttpClient-1-13] DEBUG org.asynchttpclient.netty.handler.HttpHandler - 

Request DefaultFullHttpRequest(decodeResult: success, version: HTTP/1.1, content: EmptyByteBufBE)
GET /session/ac16609fce030f973c93f394bcc9d3ea/url HTTP/1.1
User-Agent: selenium/4.4.0 (java windows)
Cache-Control: no-cache
Content-Type: application/json; charset=utf-8
host: localhost:61478
accept: */*

Response DefaultHttpResponse(decodeResult: success, version: HTTP/1.1)
HTTP/1.1 200 OK
Content-Type: application/json; charset=utf-8
cache-control: no-cache
content-length: 38

12:31:27.950 [AsyncHttpClient-1-13] DEBUG org.asynchttpclient.netty.channel.ChannelManager - Adding key: http://localhost:61478 for channel [id: 0xb596ba03, L:/127.0.0.1:60160 - R:localhost/127.0.0.1:61478]
12:31:27.951 [Forwarding screenshot on session ac16609fce030f973c93f394bcc9d3ea to remote] DEBUG org.asynchttpclient.netty.request.NettyRequestSender - Using pooled Channel '[id: 0xb596ba03, L:/127.0.0.1:60160 - R:localhost/127.0.0.1:61478]' for 'GET' to 'http://localhost:61478/session/ac16609fce030f973c93f394bcc9d3ea/screenshot'
12:31:27.951 [Forwarding screenshot on session ac16609fce030f973c93f394bcc9d3ea to remote] DEBUG org.asynchttpclient.netty.request.NettyRequestSender - Using open Channel [id: 0xb596ba03, L:/127.0.0.1:60160 - R:localhost/127.0.0.1:61478] for GET '/session/ac16609fce030f973c93f394bcc9d3ea/screenshot'
12:31:28.019 [AsyncHttpClient-1-13] DEBUG org.asynchttpclient.netty.handler.HttpHandler - 

Request DefaultFullHttpRequest(decodeResult: success, version: HTTP/1.1, content: EmptyByteBufBE)
GET /session/ac16609fce030f973c93f394bcc9d3ea/screenshot HTTP/1.1
User-Agent: selenium/4.4.0 (java windows)
Cache-Control: no-cache
Content-Type: application/json; charset=utf-8
host: localhost:61478
accept: */*

Response DefaultHttpResponse(decodeResult: success, version: HTTP/1.1)
HTTP/1.1 200 OK
Content-Type: application/json; charset=utf-8
cache-control: no-cache
content-length: 58468

12:31:28.019 [AsyncHttpClient-1-13] DEBUG org.asynchttpclient.netty.channel.ChannelManager - Adding key: http://localhost:61478 for channel [id: 0xb596ba03, L:/127.0.0.1:60160 - R:localhost/127.0.0.1:61478]
12:31:28.021 [Test worker] DEBUG net.serenitybdd.core.photography.Darkroom - Send negative for processing for C:\Users\juan.gomezv\IdeaProjects\sura\target\site\serenity\3928254ac939cb654635a6fe0cdcba17cdafb3fae09b0fc2384a6404e2fbc8c4.png
12:31:28.021 [Test worker] DEBUG net.thucydides.core.steps.StepInterceptor - STEP DONE: {0} enters #theTextAsAString into #target
12:31:28.030 [Forwarding getPageSource on session ac16609fce030f973c93f394bcc9d3ea to remote] DEBUG org.asynchttpclient.netty.request.NettyRequestSender - Using pooled Channel '[id: 0xb596ba03, L:/127.0.0.1:60160 - R:localhost/127.0.0.1:61478]' for 'POST' to 'http://localhost:61478/session/ac16609fce030f973c93f394bcc9d3ea/execute/sync'
12:31:28.030 [Forwarding getPageSource on session ac16609fce030f973c93f394bcc9d3ea to remote] DEBUG org.asynchttpclient.netty.request.NettyRequestSender - Using open Channel [id: 0xb596ba03, L:/127.0.0.1:60160 - R:localhost/127.0.0.1:61478] for POST '/session/ac16609fce030f973c93f394bcc9d3ea/execute/sync'
12:31:28.036 [AsyncHttpClient-1-13] DEBUG org.asynchttpclient.netty.handler.HttpHandler - 

Request DefaultHttpRequest(decodeResult: success, version: HTTP/1.1)
POST /session/ac16609fce030f973c93f394bcc9d3ea/execute/sync HTTP/1.1
User-Agent: selenium/4.4.0 (java windows)
Content-Length: 176
Content-Type: application/json; charset=utf-8
host: localhost:61478
accept: */*

Response DefaultHttpResponse(decodeResult: success, version: HTTP/1.1)
HTTP/1.1 200 OK
Content-Type: application/json; charset=utf-8
cache-control: no-cache
content-length: 4185

12:31:28.036 [AsyncHttpClient-1-13] DEBUG org.asynchttpclient.netty.channel.ChannelManager - Adding key: http://localhost:61478 for channel [id: 0xb596ba03, L:/127.0.0.1:60160 - R:localhost/127.0.0.1:61478]
12:31:28.037 [Forwarding getCurrentUrl on session ac16609fce030f973c93f394bcc9d3ea to remote] DEBUG org.asynchttpclient.netty.request.NettyRequestSender - Using pooled Channel '[id: 0xb596ba03, L:/127.0.0.1:60160 - R:localhost/127.0.0.1:61478]' for 'GET' to 'http://localhost:61478/session/ac16609fce030f973c93f394bcc9d3ea/url'
12:31:28.037 [Forwarding getCurrentUrl on session ac16609fce030f973c93f394bcc9d3ea to remote] DEBUG org.asynchttpclient.netty.request.NettyRequestSender - Using open Channel [id: 0xb596ba03, L:/127.0.0.1:60160 - R:localhost/127.0.0.1:61478] for GET '/session/ac16609fce030f973c93f394bcc9d3ea/url'
12:31:28.041 [AsyncHttpClient-1-13] DEBUG org.asynchttpclient.netty.handler.HttpHandler - 

Request DefaultFullHttpRequest(decodeResult: success, version: HTTP/1.1, content: EmptyByteBufBE)
GET /session/ac16609fce030f973c93f394bcc9d3ea/url HTTP/1.1
User-Agent: selenium/4.4.0 (java windows)
Cache-Control: no-cache
Content-Type: application/json; charset=utf-8
host: localhost:61478
accept: */*

Response DefaultHttpResponse(decodeResult: success, version: HTTP/1.1)
HTTP/1.1 200 OK
Content-Type: application/json; charset=utf-8
cache-control: no-cache
content-length: 38

12:31:28.041 [AsyncHttpClient-1-13] DEBUG org.asynchttpclient.netty.channel.ChannelManager - Adding key: http://localhost:61478 for channel [id: 0xb596ba03, L:/127.0.0.1:60160 - R:localhost/127.0.0.1:61478]
12:31:28.042 [Test worker] DEBUG net.thucydides.core.steps.StepInterceptor - STARTING STEP: LogIn.performAs - {0} clicks on #target
12:31:28.042 [Test worker] DEBUG net.serenitybdd.screenplay.targets.IFrameSwitcher - default content already selected for logIn Button
12:31:28.062 [Forwarding findElement on session ac16609fce030f973c93f394bcc9d3ea to remote] DEBUG org.asynchttpclient.netty.request.NettyRequestSender - Using pooled Channel '[id: 0xb596ba03, L:/127.0.0.1:60160 - R:localhost/127.0.0.1:61478]' for 'POST' to 'http://localhost:61478/session/ac16609fce030f973c93f394bcc9d3ea/element'
12:31:28.062 [Forwarding findElement on session ac16609fce030f973c93f394bcc9d3ea to remote] DEBUG org.asynchttpclient.netty.request.NettyRequestSender - Using open Channel [id: 0xb596ba03, L:/127.0.0.1:60160 - R:localhost/127.0.0.1:61478] for POST '/session/ac16609fce030f973c93f394bcc9d3ea/element'
12:31:28.072 [AsyncHttpClient-1-13] DEBUG org.asynchttpclient.netty.handler.HttpHandler - 

Request DefaultHttpRequest(decodeResult: success, version: HTTP/1.1)
POST /session/ac16609fce030f973c93f394bcc9d3ea/element HTTP/1.1
User-Agent: selenium/4.4.0 (java windows)
Content-Length: 70
Content-Type: application/json; charset=utf-8
host: localhost:61478
accept: */*

Response DefaultHttpResponse(decodeResult: success, version: HTTP/1.1)
HTTP/1.1 200 OK
Content-Type: application/json; charset=utf-8
cache-control: no-cache
content-length: 88

12:31:28.072 [AsyncHttpClient-1-13] DEBUG org.asynchttpclient.netty.channel.ChannelManager - Adding key: http://localhost:61478 for channel [id: 0xb596ba03, L:/127.0.0.1:60160 - R:localhost/127.0.0.1:61478]
12:31:28.076 [Forwarding isElementDisplayed on session ac16609fce030f973c93f394bcc9d3ea to remote] DEBUG org.asynchttpclient.netty.request.NettyRequestSender - Using pooled Channel '[id: 0xb596ba03, L:/127.0.0.1:60160 - R:localhost/127.0.0.1:61478]' for 'POST' to 'http://localhost:61478/session/ac16609fce030f973c93f394bcc9d3ea/execute/sync'
12:31:28.076 [Forwarding isElementDisplayed on session ac16609fce030f973c93f394bcc9d3ea to remote] DEBUG org.asynchttpclient.netty.request.NettyRequestSender - Using open Channel [id: 0xb596ba03, L:/127.0.0.1:60160 - R:localhost/127.0.0.1:61478] for POST '/session/ac16609fce030f973c93f394bcc9d3ea/execute/sync'
12:31:28.087 [AsyncHttpClient-1-13] DEBUG org.asynchttpclient.netty.handler.HttpHandler - 

Request DefaultHttpRequest(decodeResult: success, version: HTTP/1.1)
POST /session/ac16609fce030f973c93f394bcc9d3ea/execute/sync HTTP/1.1
User-Agent: selenium/4.4.0 (java windows)
Content-Length: 48780
Content-Type: application/json; charset=utf-8
host: localhost:61478
accept: */*

Response DefaultHttpResponse(decodeResult: success, version: HTTP/1.1)
HTTP/1.1 200 OK
Content-Type: application/json; charset=utf-8
cache-control: no-cache
content-length: 14

12:31:28.087 [AsyncHttpClient-1-13] DEBUG org.asynchttpclient.netty.channel.ChannelManager - Adding key: http://localhost:61478 for channel [id: 0xb596ba03, L:/127.0.0.1:60160 - R:localhost/127.0.0.1:61478]
12:31:28.093 [Forwarding findElement on session ac16609fce030f973c93f394bcc9d3ea to remote] DEBUG org.asynchttpclient.netty.request.NettyRequestSender - Using pooled Channel '[id: 0xb596ba03, L:/127.0.0.1:60160 - R:localhost/127.0.0.1:61478]' for 'POST' to 'http://localhost:61478/session/ac16609fce030f973c93f394bcc9d3ea/element'
12:31:28.094 [Forwarding findElement on session ac16609fce030f973c93f394bcc9d3ea to remote] DEBUG org.asynchttpclient.netty.request.NettyRequestSender - Using open Channel [id: 0xb596ba03, L:/127.0.0.1:60160 - R:localhost/127.0.0.1:61478] for POST '/session/ac16609fce030f973c93f394bcc9d3ea/element'
12:31:28.100 [AsyncHttpClient-1-13] DEBUG org.asynchttpclient.netty.handler.HttpHandler - 

Request DefaultHttpRequest(decodeResult: success, version: HTTP/1.1)
POST /session/ac16609fce030f973c93f394bcc9d3ea/element HTTP/1.1
User-Agent: selenium/4.4.0 (java windows)
Content-Length: 70
Content-Type: application/json; charset=utf-8
host: localhost:61478
accept: */*

Response DefaultHttpResponse(decodeResult: success, version: HTTP/1.1)
HTTP/1.1 200 OK
Content-Type: application/json; charset=utf-8
cache-control: no-cache
content-length: 88

12:31:28.100 [AsyncHttpClient-1-13] DEBUG org.asynchttpclient.netty.channel.ChannelManager - Adding key: http://localhost:61478 for channel [id: 0xb596ba03, L:/127.0.0.1:60160 - R:localhost/127.0.0.1:61478]
12:31:28.101 [Forwarding clickElement on session ac16609fce030f973c93f394bcc9d3ea to remote] DEBUG org.asynchttpclient.netty.request.NettyRequestSender - Using pooled Channel '[id: 0xb596ba03, L:/127.0.0.1:60160 - R:localhost/127.0.0.1:61478]' for 'POST' to 'http://localhost:61478/session/ac16609fce030f973c93f394bcc9d3ea/element/5366a281-3789-4277-a0ad-af35056db50c/click'
12:31:28.101 [Forwarding clickElement on session ac16609fce030f973c93f394bcc9d3ea to remote] DEBUG org.asynchttpclient.netty.request.NettyRequestSender - Using open Channel [id: 0xb596ba03, L:/127.0.0.1:60160 - R:localhost/127.0.0.1:61478] for POST '/session/ac16609fce030f973c93f394bcc9d3ea/element/5366a281-3789-4277-a0ad-af35056db50c/click'
12:31:28.183 [AsyncHttpClient-1-13] DEBUG org.asynchttpclient.netty.handler.HttpHandler - 

Request DefaultHttpRequest(decodeResult: success, version: HTTP/1.1)
POST /session/ac16609fce030f973c93f394bcc9d3ea/element/5366a281-3789-4277-a0ad-af35056db50c/click HTTP/1.1
User-Agent: selenium/4.4.0 (java windows)
Content-Length: 50
Content-Type: application/json; charset=utf-8
host: localhost:61478
accept: */*

Response DefaultHttpResponse(decodeResult: success, version: HTTP/1.1)
HTTP/1.1 200 OK
Content-Type: application/json; charset=utf-8
cache-control: no-cache
content-length: 14

12:31:28.183 [AsyncHttpClient-1-13] DEBUG org.asynchttpclient.netty.channel.ChannelManager - Adding key: http://localhost:61478 for channel [id: 0xb596ba03, L:/127.0.0.1:60160 - R:localhost/127.0.0.1:61478]
12:31:28.200 [Forwarding getCurrentWindowHandle on session ac16609fce030f973c93f394bcc9d3ea to remote] DEBUG org.asynchttpclient.netty.request.NettyRequestSender - Using pooled Channel '[id: 0xb596ba03, L:/127.0.0.1:60160 - R:localhost/127.0.0.1:61478]' for 'GET' to 'http://localhost:61478/session/ac16609fce030f973c93f394bcc9d3ea/window'
12:31:28.200 [Forwarding getCurrentWindowHandle on session ac16609fce030f973c93f394bcc9d3ea to remote] DEBUG org.asynchttpclient.netty.request.NettyRequestSender - Using open Channel [id: 0xb596ba03, L:/127.0.0.1:60160 - R:localhost/127.0.0.1:61478] for GET '/session/ac16609fce030f973c93f394bcc9d3ea/window'
12:31:28.201 [AsyncHttpClient-1-13] DEBUG org.asynchttpclient.netty.handler.HttpHandler - 

Request DefaultFullHttpRequest(decodeResult: success, version: HTTP/1.1, content: EmptyByteBufBE)
GET /session/ac16609fce030f973c93f394bcc9d3ea/window HTTP/1.1
User-Agent: selenium/4.4.0 (java windows)
Cache-Control: no-cache
Content-Type: application/json; charset=utf-8
host: localhost:61478
accept: */*

Response DefaultHttpResponse(decodeResult: success, version: HTTP/1.1)
HTTP/1.1 200 OK
Content-Type: application/json; charset=utf-8
cache-control: no-cache
content-length: 53

12:31:28.201 [AsyncHttpClient-1-13] DEBUG org.asynchttpclient.netty.channel.ChannelManager - Adding key: http://localhost:61478 for channel [id: 0xb596ba03, L:/127.0.0.1:60160 - R:localhost/127.0.0.1:61478]
12:31:28.207 [Forwarding getAlertText on session ac16609fce030f973c93f394bcc9d3ea to remote] DEBUG org.asynchttpclient.netty.request.NettyRequestSender - Using pooled Channel '[id: 0xb596ba03, L:/127.0.0.1:60160 - R:localhost/127.0.0.1:61478]' for 'GET' to 'http://localhost:61478/session/ac16609fce030f973c93f394bcc9d3ea/alert/text'
12:31:28.207 [Forwarding getAlertText on session ac16609fce030f973c93f394bcc9d3ea to remote] DEBUG org.asynchttpclient.netty.request.NettyRequestSender - Using open Channel [id: 0xb596ba03, L:/127.0.0.1:60160 - R:localhost/127.0.0.1:61478] for GET '/session/ac16609fce030f973c93f394bcc9d3ea/alert/text'
12:31:28.208 [AsyncHttpClient-1-13] DEBUG org.asynchttpclient.netty.handler.HttpHandler - 

Request DefaultFullHttpRequest(decodeResult: success, version: HTTP/1.1, content: EmptyByteBufBE)
GET /session/ac16609fce030f973c93f394bcc9d3ea/alert/text HTTP/1.1
User-Agent: selenium/4.4.0 (java windows)
Cache-Control: no-cache
Content-Type: application/json; charset=utf-8
host: localhost:61478
accept: */*

Response DefaultHttpResponse(decodeResult: success, version: HTTP/1.1)
HTTP/1.1 404 Not Found
Content-Type: application/json; charset=utf-8
cache-control: no-cache
content-length: 879

12:31:28.208 [AsyncHttpClient-1-13] DEBUG org.asynchttpclient.netty.channel.ChannelManager - Adding key: http://localhost:61478 for channel [id: 0xb596ba03, L:/127.0.0.1:60160 - R:localhost/127.0.0.1:61478]
12:31:28.213 [Forwarding switchToWindow on session ac16609fce030f973c93f394bcc9d3ea to remote] DEBUG org.asynchttpclient.netty.request.NettyRequestSender - Using pooled Channel '[id: 0xb596ba03, L:/127.0.0.1:60160 - R:localhost/127.0.0.1:61478]' for 'POST' to 'http://localhost:61478/session/ac16609fce030f973c93f394bcc9d3ea/window'
12:31:28.213 [Forwarding switchToWindow on session ac16609fce030f973c93f394bcc9d3ea to remote] DEBUG org.asynchttpclient.netty.request.NettyRequestSender - Using open Channel [id: 0xb596ba03, L:/127.0.0.1:60160 - R:localhost/127.0.0.1:61478] for POST '/session/ac16609fce030f973c93f394bcc9d3ea/window'
12:31:28.217 [AsyncHttpClient-1-13] DEBUG org.asynchttpclient.netty.handler.HttpHandler - 

Request DefaultHttpRequest(decodeResult: success, version: HTTP/1.1)
POST /session/ac16609fce030f973c93f394bcc9d3ea/window HTTP/1.1
User-Agent: selenium/4.4.0 (java windows)
Content-Length: 59
Content-Type: application/json; charset=utf-8
host: localhost:61478
accept: */*

Response DefaultHttpResponse(decodeResult: success, version: HTTP/1.1)
HTTP/1.1 200 OK
Content-Type: application/json; charset=utf-8
cache-control: no-cache
content-length: 14

12:31:28.217 [AsyncHttpClient-1-13] DEBUG org.asynchttpclient.netty.channel.ChannelManager - Adding key: http://localhost:61478 for channel [id: 0xb596ba03, L:/127.0.0.1:60160 - R:localhost/127.0.0.1:61478]
12:31:28.217 [Forwarding getCurrentUrl on session ac16609fce030f973c93f394bcc9d3ea to remote] DEBUG org.asynchttpclient.netty.request.NettyRequestSender - Using pooled Channel '[id: 0xb596ba03, L:/127.0.0.1:60160 - R:localhost/127.0.0.1:61478]' for 'GET' to 'http://localhost:61478/session/ac16609fce030f973c93f394bcc9d3ea/url'
12:31:28.217 [Forwarding getCurrentUrl on session ac16609fce030f973c93f394bcc9d3ea to remote] DEBUG org.asynchttpclient.netty.request.NettyRequestSender - Using open Channel [id: 0xb596ba03, L:/127.0.0.1:60160 - R:localhost/127.0.0.1:61478] for GET '/session/ac16609fce030f973c93f394bcc9d3ea/url'
12:31:28.222 [AsyncHttpClient-1-13] DEBUG org.asynchttpclient.netty.handler.HttpHandler - 

Request DefaultFullHttpRequest(decodeResult: success, version: HTTP/1.1, content: EmptyByteBufBE)
GET /session/ac16609fce030f973c93f394bcc9d3ea/url HTTP/1.1
User-Agent: selenium/4.4.0 (java windows)
Cache-Control: no-cache
Content-Type: application/json; charset=utf-8
host: localhost:61478
accept: */*

Response DefaultHttpResponse(decodeResult: success, version: HTTP/1.1)
HTTP/1.1 200 OK
Content-Type: application/json; charset=utf-8
cache-control: no-cache
content-length: 52

12:31:28.222 [AsyncHttpClient-1-13] DEBUG org.asynchttpclient.netty.channel.ChannelManager - Adding key: http://localhost:61478 for channel [id: 0xb596ba03, L:/127.0.0.1:60160 - R:localhost/127.0.0.1:61478]
12:31:28.222 [Forwarding screenshot on session ac16609fce030f973c93f394bcc9d3ea to remote] DEBUG org.asynchttpclient.netty.request.NettyRequestSender - Using pooled Channel '[id: 0xb596ba03, L:/127.0.0.1:60160 - R:localhost/127.0.0.1:61478]' for 'GET' to 'http://localhost:61478/session/ac16609fce030f973c93f394bcc9d3ea/screenshot'
12:31:28.222 [Forwarding screenshot on session ac16609fce030f973c93f394bcc9d3ea to remote] DEBUG org.asynchttpclient.netty.request.NettyRequestSender - Using open Channel [id: 0xb596ba03, L:/127.0.0.1:60160 - R:localhost/127.0.0.1:61478] for GET '/session/ac16609fce030f973c93f394bcc9d3ea/screenshot'
12:31:28.344 [AsyncHttpClient-1-1] DEBUG org.asynchttpclient.netty.channel.DefaultChannelPool - Entry count for : http://localhost:60161 : 1
12:31:28.435 [AsyncHttpClient-1-13] DEBUG org.asynchttpclient.netty.handler.HttpHandler - 

Request DefaultFullHttpRequest(decodeResult: success, version: HTTP/1.1, content: EmptyByteBufBE)
GET /session/ac16609fce030f973c93f394bcc9d3ea/screenshot HTTP/1.1
User-Agent: selenium/4.4.0 (java windows)
Cache-Control: no-cache
Content-Type: application/json; charset=utf-8
host: localhost:61478
accept: */*

Response DefaultHttpResponse(decodeResult: success, version: HTTP/1.1)
HTTP/1.1 200 OK
Content-Type: application/json; charset=utf-8
cache-control: no-cache
content-length: 316072

12:31:28.436 [AsyncHttpClient-1-13] DEBUG org.asynchttpclient.netty.channel.ChannelManager - Adding key: http://localhost:61478 for channel [id: 0xb596ba03, L:/127.0.0.1:60160 - R:localhost/127.0.0.1:61478]
12:31:28.444 [Test worker] DEBUG net.serenitybdd.core.photography.Darkroom - Send negative for processing for C:\Users\juan.gomezv\IdeaProjects\sura\target\site\serenity\e44069ae212a02c6322b8bddc355adc221270edded46bd42546211af4a56801c.png
12:31:28.445 [Test worker] DEBUG net.thucydides.core.steps.StepInterceptor - STEP DONE: {0} clicks on #target
12:31:28.454 [Test worker] DEBUG net.thucydides.core.steps.StepInterceptor - STEP DONE: performAs
  ?[32mY ?[0m?[32m?[0m?[32m?[1mAna?[0m?[32m se autentica como un usuario de tipo ?[0m?[32m?[1m"STANDARD_USER"?[0m                ?[90m# sura.stepDefinitions.LoginSteps.elSeAutenticaComoUnUsuario(net.serenitybdd.screenplay.Actor,java.lang.String)?[0m
12:31:28.467 [Forwarding getPageSource on session ac16609fce030f973c93f394bcc9d3ea to remote] DEBUG org.asynchttpclient.netty.request.NettyRequestSender - Using pooled Channel '[id: 0xb596ba03, L:/127.0.0.1:60160 - R:localhost/127.0.0.1:61478]' for 'POST' to 'http://localhost:61478/session/ac16609fce030f973c93f394bcc9d3ea/execute/sync'
12:31:28.467 [Forwarding getPageSource on session ac16609fce030f973c93f394bcc9d3ea to remote] DEBUG org.asynchttpclient.netty.request.NettyRequestSender - Using open Channel [id: 0xb596ba03, L:/127.0.0.1:60160 - R:localhost/127.0.0.1:61478] for POST '/session/ac16609fce030f973c93f394bcc9d3ea/execute/sync'
12:31:28.473 [AsyncHttpClient-1-13] DEBUG org.asynchttpclient.netty.handler.HttpHandler - 

Request DefaultHttpRequest(decodeResult: success, version: HTTP/1.1)
POST /session/ac16609fce030f973c93f394bcc9d3ea/execute/sync HTTP/1.1
User-Agent: selenium/4.4.0 (java windows)
Content-Length: 176
Content-Type: application/json; charset=utf-8
host: localhost:61478
accept: */*

Response DefaultHttpResponse(decodeResult: success, version: HTTP/1.1)
HTTP/1.1 200 OK
Content-Type: application/json; charset=utf-8
cache-control: no-cache
content-length: 15254

12:31:28.473 [AsyncHttpClient-1-13] DEBUG org.asynchttpclient.netty.channel.ChannelManager - Adding key: http://localhost:61478 for channel [id: 0xb596ba03, L:/127.0.0.1:60160 - R:localhost/127.0.0.1:61478]
12:31:28.478 [Forwarding getCurrentUrl on session ac16609fce030f973c93f394bcc9d3ea to remote] DEBUG org.asynchttpclient.netty.request.NettyRequestSender - Using pooled Channel '[id: 0xb596ba03, L:/127.0.0.1:60160 - R:localhost/127.0.0.1:61478]' for 'GET' to 'http://localhost:61478/session/ac16609fce030f973c93f394bcc9d3ea/url'
12:31:28.478 [Forwarding getCurrentUrl on session ac16609fce030f973c93f394bcc9d3ea to remote] DEBUG org.asynchttpclient.netty.request.NettyRequestSender - Using open Channel [id: 0xb596ba03, L:/127.0.0.1:60160 - R:localhost/127.0.0.1:61478] for GET '/session/ac16609fce030f973c93f394bcc9d3ea/url'
12:31:28.482 [AsyncHttpClient-1-13] DEBUG org.asynchttpclient.netty.handler.HttpHandler - 

Request DefaultFullHttpRequest(decodeResult: success, version: HTTP/1.1, content: EmptyByteBufBE)
GET /session/ac16609fce030f973c93f394bcc9d3ea/url HTTP/1.1
User-Agent: selenium/4.4.0 (java windows)
Cache-Control: no-cache
Content-Type: application/json; charset=utf-8
host: localhost:61478
accept: */*

Response DefaultHttpResponse(decodeResult: success, version: HTTP/1.1)
HTTP/1.1 200 OK
Content-Type: application/json; charset=utf-8
cache-control: no-cache
content-length: 52

12:31:28.482 [AsyncHttpClient-1-13] DEBUG org.asynchttpclient.netty.channel.ChannelManager - Adding key: http://localhost:61478 for channel [id: 0xb596ba03, L:/127.0.0.1:60160 - R:localhost/127.0.0.1:61478]
12:31:28.496 [Forwarding getPageSource on session ac16609fce030f973c93f394bcc9d3ea to remote] DEBUG org.asynchttpclient.netty.request.NettyRequestSender - Using pooled Channel '[id: 0xb596ba03, L:/127.0.0.1:60160 - R:localhost/127.0.0.1:61478]' for 'POST' to 'http://localhost:61478/session/ac16609fce030f973c93f394bcc9d3ea/execute/sync'
12:31:28.496 [Forwarding getPageSource on session ac16609fce030f973c93f394bcc9d3ea to remote] DEBUG org.asynchttpclient.netty.request.NettyRequestSender - Using open Channel [id: 0xb596ba03, L:/127.0.0.1:60160 - R:localhost/127.0.0.1:61478] for POST '/session/ac16609fce030f973c93f394bcc9d3ea/execute/sync'
12:31:28.502 [AsyncHttpClient-1-13] DEBUG org.asynchttpclient.netty.handler.HttpHandler - 

Request DefaultHttpRequest(decodeResult: success, version: HTTP/1.1)
POST /session/ac16609fce030f973c93f394bcc9d3ea/execute/sync HTTP/1.1
User-Agent: selenium/4.4.0 (java windows)
Content-Length: 176
Content-Type: application/json; charset=utf-8
host: localhost:61478
accept: */*

Response DefaultHttpResponse(decodeResult: success, version: HTTP/1.1)
HTTP/1.1 200 OK
Content-Type: application/json; charset=utf-8
cache-control: no-cache
content-length: 15254

12:31:28.502 [AsyncHttpClient-1-13] DEBUG org.asynchttpclient.netty.channel.ChannelManager - Adding key: http://localhost:61478 for channel [id: 0xb596ba03, L:/127.0.0.1:60160 - R:localhost/127.0.0.1:61478]
12:31:28.504 [Forwarding getCurrentUrl on session ac16609fce030f973c93f394bcc9d3ea to remote] DEBUG org.asynchttpclient.netty.request.NettyRequestSender - Using pooled Channel '[id: 0xb596ba03, L:/127.0.0.1:60160 - R:localhost/127.0.0.1:61478]' for 'GET' to 'http://localhost:61478/session/ac16609fce030f973c93f394bcc9d3ea/url'
12:31:28.504 [Forwarding getCurrentUrl on session ac16609fce030f973c93f394bcc9d3ea to remote] DEBUG org.asynchttpclient.netty.request.NettyRequestSender - Using open Channel [id: 0xb596ba03, L:/127.0.0.1:60160 - R:localhost/127.0.0.1:61478] for GET '/session/ac16609fce030f973c93f394bcc9d3ea/url'
12:31:28.507 [AsyncHttpClient-1-13] DEBUG org.asynchttpclient.netty.handler.HttpHandler - 

Request DefaultFullHttpRequest(decodeResult: success, version: HTTP/1.1, content: EmptyByteBufBE)
GET /session/ac16609fce030f973c93f394bcc9d3ea/url HTTP/1.1
User-Agent: selenium/4.4.0 (java windows)
Cache-Control: no-cache
Content-Type: application/json; charset=utf-8
host: localhost:61478
accept: */*

Response DefaultHttpResponse(decodeResult: success, version: HTTP/1.1)
HTTP/1.1 200 OK
Content-Type: application/json; charset=utf-8
cache-control: no-cache
content-length: 52

12:31:28.507 [AsyncHttpClient-1-13] DEBUG org.asynchttpclient.netty.channel.ChannelManager - Adding key: http://localhost:61478 for channel [id: 0xb596ba03, L:/127.0.0.1:60160 - R:localhost/127.0.0.1:61478]
12:31:28.508 [Test worker] DEBUG net.thucydides.core.steps.StepInterceptor - STARTING STEP: CatalogueSteps.haceClickEnElBotonDelArticulo - performAs
12:31:28.525 [Forwarding getCurrentWindowHandle on session ac16609fce030f973c93f394bcc9d3ea to remote] DEBUG org.asynchttpclient.netty.request.NettyRequestSender - Using pooled Channel '[id: 0xb596ba03, L:/127.0.0.1:60160 - R:localhost/127.0.0.1:61478]' for 'GET' to 'http://localhost:61478/session/ac16609fce030f973c93f394bcc9d3ea/window'
12:31:28.525 [Forwarding getCurrentWindowHandle on session ac16609fce030f973c93f394bcc9d3ea to remote] DEBUG org.asynchttpclient.netty.request.NettyRequestSender - Using open Channel [id: 0xb596ba03, L:/127.0.0.1:60160 - R:localhost/127.0.0.1:61478] for GET '/session/ac16609fce030f973c93f394bcc9d3ea/window'
12:31:28.526 [AsyncHttpClient-1-13] DEBUG org.asynchttpclient.netty.handler.HttpHandler - 

Request DefaultFullHttpRequest(decodeResult: success, version: HTTP/1.1, content: EmptyByteBufBE)
GET /session/ac16609fce030f973c93f394bcc9d3ea/window HTTP/1.1
User-Agent: selenium/4.4.0 (java windows)
Cache-Control: no-cache
Content-Type: application/json; charset=utf-8
host: localhost:61478
accept: */*

Response DefaultHttpResponse(decodeResult: success, version: HTTP/1.1)
HTTP/1.1 200 OK
Content-Type: application/json; charset=utf-8
cache-control: no-cache
content-length: 53

12:31:28.526 [AsyncHttpClient-1-13] DEBUG org.asynchttpclient.netty.channel.ChannelManager - Adding key: http://localhost:61478 for channel [id: 0xb596ba03, L:/127.0.0.1:60160 - R:localhost/127.0.0.1:61478]
12:31:28.528 [Forwarding getAlertText on session ac16609fce030f973c93f394bcc9d3ea to remote] DEBUG org.asynchttpclient.netty.request.NettyRequestSender - Using pooled Channel '[id: 0xb596ba03, L:/127.0.0.1:60160 - R:localhost/127.0.0.1:61478]' for 'GET' to 'http://localhost:61478/session/ac16609fce030f973c93f394bcc9d3ea/alert/text'
12:31:28.528 [Forwarding getAlertText on session ac16609fce030f973c93f394bcc9d3ea to remote] DEBUG org.asynchttpclient.netty.request.NettyRequestSender - Using open Channel [id: 0xb596ba03, L:/127.0.0.1:60160 - R:localhost/127.0.0.1:61478] for GET '/session/ac16609fce030f973c93f394bcc9d3ea/alert/text'
12:31:28.531 [AsyncHttpClient-1-13] DEBUG org.asynchttpclient.netty.handler.HttpHandler - 

Request DefaultFullHttpRequest(decodeResult: success, version: HTTP/1.1, content: EmptyByteBufBE)
GET /session/ac16609fce030f973c93f394bcc9d3ea/alert/text HTTP/1.1
User-Agent: selenium/4.4.0 (java windows)
Cache-Control: no-cache
Content-Type: application/json; charset=utf-8
host: localhost:61478
accept: */*

Response DefaultHttpResponse(decodeResult: success, version: HTTP/1.1)
HTTP/1.1 404 Not Found
Content-Type: application/json; charset=utf-8
cache-control: no-cache
content-length: 879

12:31:28.531 [AsyncHttpClient-1-13] DEBUG org.asynchttpclient.netty.channel.ChannelManager - Adding key: http://localhost:61478 for channel [id: 0xb596ba03, L:/127.0.0.1:60160 - R:localhost/127.0.0.1:61478]
12:31:28.534 [Forwarding switchToWindow on session ac16609fce030f973c93f394bcc9d3ea to remote] DEBUG org.asynchttpclient.netty.request.NettyRequestSender - Using pooled Channel '[id: 0xb596ba03, L:/127.0.0.1:60160 - R:localhost/127.0.0.1:61478]' for 'POST' to 'http://localhost:61478/session/ac16609fce030f973c93f394bcc9d3ea/window'
12:31:28.534 [Forwarding switchToWindow on session ac16609fce030f973c93f394bcc9d3ea to remote] DEBUG org.asynchttpclient.netty.request.NettyRequestSender - Using open Channel [id: 0xb596ba03, L:/127.0.0.1:60160 - R:localhost/127.0.0.1:61478] for POST '/session/ac16609fce030f973c93f394bcc9d3ea/window'
12:31:28.538 [AsyncHttpClient-1-13] DEBUG org.asynchttpclient.netty.handler.HttpHandler - 

Request DefaultHttpRequest(decodeResult: success, version: HTTP/1.1)
POST /session/ac16609fce030f973c93f394bcc9d3ea/window HTTP/1.1
User-Agent: selenium/4.4.0 (java windows)
Content-Length: 59
Content-Type: application/json; charset=utf-8
host: localhost:61478
accept: */*

Response DefaultHttpResponse(decodeResult: success, version: HTTP/1.1)
HTTP/1.1 200 OK
Content-Type: application/json; charset=utf-8
cache-control: no-cache
content-length: 14

12:31:28.538 [AsyncHttpClient-1-13] DEBUG org.asynchttpclient.netty.channel.ChannelManager - Adding key: http://localhost:61478 for channel [id: 0xb596ba03, L:/127.0.0.1:60160 - R:localhost/127.0.0.1:61478]
12:31:28.538 [Forwarding getCurrentUrl on session ac16609fce030f973c93f394bcc9d3ea to remote] DEBUG org.asynchttpclient.netty.request.NettyRequestSender - Using pooled Channel '[id: 0xb596ba03, L:/127.0.0.1:60160 - R:localhost/127.0.0.1:61478]' for 'GET' to 'http://localhost:61478/session/ac16609fce030f973c93f394bcc9d3ea/url'
12:31:28.538 [Forwarding getCurrentUrl on session ac16609fce030f973c93f394bcc9d3ea to remote] DEBUG org.asynchttpclient.netty.request.NettyRequestSender - Using open Channel [id: 0xb596ba03, L:/127.0.0.1:60160 - R:localhost/127.0.0.1:61478] for GET '/session/ac16609fce030f973c93f394bcc9d3ea/url'
12:31:28.542 [AsyncHttpClient-1-13] DEBUG org.asynchttpclient.netty.handler.HttpHandler - 

Request DefaultFullHttpRequest(decodeResult: success, version: HTTP/1.1, content: EmptyByteBufBE)
GET /session/ac16609fce030f973c93f394bcc9d3ea/url HTTP/1.1
User-Agent: selenium/4.4.0 (java windows)
Cache-Control: no-cache
Content-Type: application/json; charset=utf-8
host: localhost:61478
accept: */*

Response DefaultHttpResponse(decodeResult: success, version: HTTP/1.1)
HTTP/1.1 200 OK
Content-Type: application/json; charset=utf-8
cache-control: no-cache
content-length: 52

12:31:28.542 [AsyncHttpClient-1-13] DEBUG org.asynchttpclient.netty.channel.ChannelManager - Adding key: http://localhost:61478 for channel [id: 0xb596ba03, L:/127.0.0.1:60160 - R:localhost/127.0.0.1:61478]
12:31:28.543 [Forwarding screenshot on session ac16609fce030f973c93f394bcc9d3ea to remote] DEBUG org.asynchttpclient.netty.request.NettyRequestSender - Using pooled Channel '[id: 0xb596ba03, L:/127.0.0.1:60160 - R:localhost/127.0.0.1:61478]' for 'GET' to 'http://localhost:61478/session/ac16609fce030f973c93f394bcc9d3ea/screenshot'
12:31:28.543 [Forwarding screenshot on session ac16609fce030f973c93f394bcc9d3ea to remote] DEBUG org.asynchttpclient.netty.request.NettyRequestSender - Using open Channel [id: 0xb596ba03, L:/127.0.0.1:60160 - R:localhost/127.0.0.1:61478] for GET '/session/ac16609fce030f973c93f394bcc9d3ea/screenshot'
12:31:28.635 [AsyncHttpClient-1-13] DEBUG org.asynchttpclient.netty.handler.HttpHandler - 

Request DefaultFullHttpRequest(decodeResult: success, version: HTTP/1.1, content: EmptyByteBufBE)
GET /session/ac16609fce030f973c93f394bcc9d3ea/screenshot HTTP/1.1
User-Agent: selenium/4.4.0 (java windows)
Cache-Control: no-cache
Content-Type: application/json; charset=utf-8
host: localhost:61478
accept: */*

Response DefaultHttpResponse(decodeResult: success, version: HTTP/1.1)
HTTP/1.1 200 OK
Content-Type: application/json; charset=utf-8
cache-control: no-cache
content-length: 316072

12:31:28.636 [AsyncHttpClient-1-13] DEBUG org.asynchttpclient.netty.channel.ChannelManager - Adding key: http://localhost:61478 for channel [id: 0xb596ba03, L:/127.0.0.1:60160 - R:localhost/127.0.0.1:61478]
12:31:28.645 [Test worker] DEBUG net.serenitybdd.core.photography.Darkroom - Send negative for processing for C:\Users\juan.gomezv\IdeaProjects\sura\target\site\serenity\e44069ae212a02c6322b8bddc355adc221270edded46bd42546211af4a56801c.png
12:31:28.648 [Forwarding getPageSource on session ac16609fce030f973c93f394bcc9d3ea to remote] DEBUG org.asynchttpclient.netty.request.NettyRequestSender - Using pooled Channel '[id: 0xb596ba03, L:/127.0.0.1:60160 - R:localhost/127.0.0.1:61478]' for 'POST' to 'http://localhost:61478/session/ac16609fce030f973c93f394bcc9d3ea/execute/sync'
12:31:28.648 [Forwarding getPageSource on session ac16609fce030f973c93f394bcc9d3ea to remote] DEBUG org.asynchttpclient.netty.request.NettyRequestSender - Using open Channel [id: 0xb596ba03, L:/127.0.0.1:60160 - R:localhost/127.0.0.1:61478] for POST '/session/ac16609fce030f973c93f394bcc9d3ea/execute/sync'
12:31:28.654 [AsyncHttpClient-1-13] DEBUG org.asynchttpclient.netty.handler.HttpHandler - 

Request DefaultHttpRequest(decodeResult: success, version: HTTP/1.1)
POST /session/ac16609fce030f973c93f394bcc9d3ea/execute/sync HTTP/1.1
User-Agent: selenium/4.4.0 (java windows)
Content-Length: 176
Content-Type: application/json; charset=utf-8
host: localhost:61478
accept: */*

Response DefaultHttpResponse(decodeResult: success, version: HTTP/1.1)
HTTP/1.1 200 OK
Content-Type: application/json; charset=utf-8
cache-control: no-cache
content-length: 15254

12:31:28.654 [AsyncHttpClient-1-13] DEBUG org.asynchttpclient.netty.channel.ChannelManager - Adding key: http://localhost:61478 for channel [id: 0xb596ba03, L:/127.0.0.1:60160 - R:localhost/127.0.0.1:61478]
12:31:28.656 [Forwarding getCurrentUrl on session ac16609fce030f973c93f394bcc9d3ea to remote] DEBUG org.asynchttpclient.netty.request.NettyRequestSender - Using pooled Channel '[id: 0xb596ba03, L:/127.0.0.1:60160 - R:localhost/127.0.0.1:61478]' for 'GET' to 'http://localhost:61478/session/ac16609fce030f973c93f394bcc9d3ea/url'
12:31:28.656 [Forwarding getCurrentUrl on session ac16609fce030f973c93f394bcc9d3ea to remote] DEBUG org.asynchttpclient.netty.request.NettyRequestSender - Using open Channel [id: 0xb596ba03, L:/127.0.0.1:60160 - R:localhost/127.0.0.1:61478] for GET '/session/ac16609fce030f973c93f394bcc9d3ea/url'
12:31:28.660 [AsyncHttpClient-1-13] DEBUG org.asynchttpclient.netty.handler.HttpHandler - 

Request DefaultFullHttpRequest(decodeResult: success, version: HTTP/1.1, content: EmptyByteBufBE)
GET /session/ac16609fce030f973c93f394bcc9d3ea/url HTTP/1.1
User-Agent: selenium/4.4.0 (java windows)
Cache-Control: no-cache
Content-Type: application/json; charset=utf-8
host: localhost:61478
accept: */*

Response DefaultHttpResponse(decodeResult: success, version: HTTP/1.1)
HTTP/1.1 200 OK
Content-Type: application/json; charset=utf-8
cache-control: no-cache
content-length: 52

12:31:28.660 [AsyncHttpClient-1-13] DEBUG org.asynchttpclient.netty.channel.ChannelManager - Adding key: http://localhost:61478 for channel [id: 0xb596ba03, L:/127.0.0.1:60160 - R:localhost/127.0.0.1:61478]
12:31:28.662 [Test worker] DEBUG net.thucydides.core.steps.StepInterceptor - STARTING STEP: SelectFromCatalogue.performAs - !#title
12:31:28.671 [Test worker] DEBUG net.serenitybdd.screenplay.targets.IFrameSwitcher - default content already selected for catalogue product button
12:31:28.681 [Forwarding findElements on session ac16609fce030f973c93f394bcc9d3ea to remote] DEBUG org.asynchttpclient.netty.request.NettyRequestSender - Using pooled Channel '[id: 0xb596ba03, L:/127.0.0.1:60160 - R:localhost/127.0.0.1:61478]' for 'POST' to 'http://localhost:61478/session/ac16609fce030f973c93f394bcc9d3ea/elements'
12:31:28.681 [Forwarding findElements on session ac16609fce030f973c93f394bcc9d3ea to remote] DEBUG org.asynchttpclient.netty.request.NettyRequestSender - Using open Channel [id: 0xb596ba03, L:/127.0.0.1:60160 - R:localhost/127.0.0.1:61478] for POST '/session/ac16609fce030f973c93f394bcc9d3ea/elements'
12:31:28.691 [AsyncHttpClient-1-13] DEBUG org.asynchttpclient.netty.handler.HttpHandler - 

Request DefaultHttpRequest(decodeResult: success, version: HTTP/1.1)
POST /session/ac16609fce030f973c93f394bcc9d3ea/elements HTTP/1.1
User-Agent: selenium/4.4.0 (java windows)
Content-Length: 112
Content-Type: application/json; charset=utf-8
host: localhost:61478
accept: */*

Response DefaultHttpResponse(decodeResult: success, version: HTTP/1.1)
HTTP/1.1 200 OK
Content-Type: application/json; charset=utf-8
cache-control: no-cache
content-length: 90

12:31:28.691 [AsyncHttpClient-1-13] DEBUG org.asynchttpclient.netty.channel.ChannelManager - Adding key: http://localhost:61478 for channel [id: 0xb596ba03, L:/127.0.0.1:60160 - R:localhost/127.0.0.1:61478]
12:31:28.698 [Forwarding isElementDisplayed on session ac16609fce030f973c93f394bcc9d3ea to remote] DEBUG org.asynchttpclient.netty.request.NettyRequestSender - Using pooled Channel '[id: 0xb596ba03, L:/127.0.0.1:60160 - R:localhost/127.0.0.1:61478]' for 'POST' to 'http://localhost:61478/session/ac16609fce030f973c93f394bcc9d3ea/execute/sync'
12:31:28.698 [Forwarding isElementDisplayed on session ac16609fce030f973c93f394bcc9d3ea to remote] DEBUG org.asynchttpclient.netty.request.NettyRequestSender - Using open Channel [id: 0xb596ba03, L:/127.0.0.1:60160 - R:localhost/127.0.0.1:61478] for POST '/session/ac16609fce030f973c93f394bcc9d3ea/execute/sync'
12:31:28.709 [AsyncHttpClient-1-13] DEBUG org.asynchttpclient.netty.handler.HttpHandler - 

Request DefaultHttpRequest(decodeResult: success, version: HTTP/1.1)
POST /session/ac16609fce030f973c93f394bcc9d3ea/execute/sync HTTP/1.1
User-Agent: selenium/4.4.0 (java windows)
Content-Length: 48780
Content-Type: application/json; charset=utf-8
host: localhost:61478
accept: */*

Response DefaultHttpResponse(decodeResult: success, version: HTTP/1.1)
HTTP/1.1 200 OK
Content-Type: application/json; charset=utf-8
cache-control: no-cache
content-length: 14

12:31:28.709 [AsyncHttpClient-1-13] DEBUG org.asynchttpclient.netty.channel.ChannelManager - Adding key: http://localhost:61478 for channel [id: 0xb596ba03, L:/127.0.0.1:60160 - R:localhost/127.0.0.1:61478]
12:31:28.711 [Forwarding isElementDisplayed on session ac16609fce030f973c93f394bcc9d3ea to remote] DEBUG org.asynchttpclient.netty.request.NettyRequestSender - Using pooled Channel '[id: 0xb596ba03, L:/127.0.0.1:60160 - R:localhost/127.0.0.1:61478]' for 'POST' to 'http://localhost:61478/session/ac16609fce030f973c93f394bcc9d3ea/execute/sync'
12:31:28.711 [Forwarding isElementDisplayed on session ac16609fce030f973c93f394bcc9d3ea to remote] DEBUG org.asynchttpclient.netty.request.NettyRequestSender - Using open Channel [id: 0xb596ba03, L:/127.0.0.1:60160 - R:localhost/127.0.0.1:61478] for POST '/session/ac16609fce030f973c93f394bcc9d3ea/execute/sync'
12:31:28.719 [AsyncHttpClient-1-13] DEBUG org.asynchttpclient.netty.handler.HttpHandler - 

Request DefaultHttpRequest(decodeResult: success, version: HTTP/1.1)
POST /session/ac16609fce030f973c93f394bcc9d3ea/execute/sync HTTP/1.1
User-Agent: selenium/4.4.0 (java windows)
Content-Length: 48780
Content-Type: application/json; charset=utf-8
host: localhost:61478
accept: */*

Response DefaultHttpResponse(decodeResult: success, version: HTTP/1.1)
HTTP/1.1 200 OK
Content-Type: application/json; charset=utf-8
cache-control: no-cache
content-length: 14

12:31:28.719 [AsyncHttpClient-1-13] DEBUG org.asynchttpclient.netty.channel.ChannelManager - Adding key: http://localhost:61478 for channel [id: 0xb596ba03, L:/127.0.0.1:60160 - R:localhost/127.0.0.1:61478]
12:31:28.732 [Forwarding getCurrentWindowHandle on session ac16609fce030f973c93f394bcc9d3ea to remote] DEBUG org.asynchttpclient.netty.request.NettyRequestSender - Using pooled Channel '[id: 0xb596ba03, L:/127.0.0.1:60160 - R:localhost/127.0.0.1:61478]' for 'GET' to 'http://localhost:61478/session/ac16609fce030f973c93f394bcc9d3ea/window'
12:31:28.732 [Forwarding getCurrentWindowHandle on session ac16609fce030f973c93f394bcc9d3ea to remote] DEBUG org.asynchttpclient.netty.request.NettyRequestSender - Using open Channel [id: 0xb596ba03, L:/127.0.0.1:60160 - R:localhost/127.0.0.1:61478] for GET '/session/ac16609fce030f973c93f394bcc9d3ea/window'
12:31:28.733 [AsyncHttpClient-1-13] DEBUG org.asynchttpclient.netty.handler.HttpHandler - 

Request DefaultFullHttpRequest(decodeResult: success, version: HTTP/1.1, content: EmptyByteBufBE)
GET /session/ac16609fce030f973c93f394bcc9d3ea/window HTTP/1.1
User-Agent: selenium/4.4.0 (java windows)
Cache-Control: no-cache
Content-Type: application/json; charset=utf-8
host: localhost:61478
accept: */*

Response DefaultHttpResponse(decodeResult: success, version: HTTP/1.1)
HTTP/1.1 200 OK
Content-Type: application/json; charset=utf-8
cache-control: no-cache
content-length: 53

12:31:28.733 [AsyncHttpClient-1-13] DEBUG org.asynchttpclient.netty.channel.ChannelManager - Adding key: http://localhost:61478 for channel [id: 0xb596ba03, L:/127.0.0.1:60160 - R:localhost/127.0.0.1:61478]
12:31:28.736 [Forwarding getAlertText on session ac16609fce030f973c93f394bcc9d3ea to remote] DEBUG org.asynchttpclient.netty.request.NettyRequestSender - Using pooled Channel '[id: 0xb596ba03, L:/127.0.0.1:60160 - R:localhost/127.0.0.1:61478]' for 'GET' to 'http://localhost:61478/session/ac16609fce030f973c93f394bcc9d3ea/alert/text'
12:31:28.736 [Forwarding getAlertText on session ac16609fce030f973c93f394bcc9d3ea to remote] DEBUG org.asynchttpclient.netty.request.NettyRequestSender - Using open Channel [id: 0xb596ba03, L:/127.0.0.1:60160 - R:localhost/127.0.0.1:61478] for GET '/session/ac16609fce030f973c93f394bcc9d3ea/alert/text'
12:31:28.738 [AsyncHttpClient-1-13] DEBUG org.asynchttpclient.netty.handler.HttpHandler - 

Request DefaultFullHttpRequest(decodeResult: success, version: HTTP/1.1, content: EmptyByteBufBE)
GET /session/ac16609fce030f973c93f394bcc9d3ea/alert/text HTTP/1.1
User-Agent: selenium/4.4.0 (java windows)
Cache-Control: no-cache
Content-Type: application/json; charset=utf-8
host: localhost:61478
accept: */*

Response DefaultHttpResponse(decodeResult: success, version: HTTP/1.1)
HTTP/1.1 404 Not Found
Content-Type: application/json; charset=utf-8
cache-control: no-cache
content-length: 879

12:31:28.738 [AsyncHttpClient-1-13] DEBUG org.asynchttpclient.netty.channel.ChannelManager - Adding key: http://localhost:61478 for channel [id: 0xb596ba03, L:/127.0.0.1:60160 - R:localhost/127.0.0.1:61478]
12:31:28.742 [Forwarding switchToWindow on session ac16609fce030f973c93f394bcc9d3ea to remote] DEBUG org.asynchttpclient.netty.request.NettyRequestSender - Using pooled Channel '[id: 0xb596ba03, L:/127.0.0.1:60160 - R:localhost/127.0.0.1:61478]' for 'POST' to 'http://localhost:61478/session/ac16609fce030f973c93f394bcc9d3ea/window'
12:31:28.742 [Forwarding switchToWindow on session ac16609fce030f973c93f394bcc9d3ea to remote] DEBUG org.asynchttpclient.netty.request.NettyRequestSender - Using open Channel [id: 0xb596ba03, L:/127.0.0.1:60160 - R:localhost/127.0.0.1:61478] for POST '/session/ac16609fce030f973c93f394bcc9d3ea/window'
12:31:28.746 [AsyncHttpClient-1-13] DEBUG org.asynchttpclient.netty.handler.HttpHandler - 

Request DefaultHttpRequest(decodeResult: success, version: HTTP/1.1)
POST /session/ac16609fce030f973c93f394bcc9d3ea/window HTTP/1.1
User-Agent: selenium/4.4.0 (java windows)
Content-Length: 59
Content-Type: application/json; charset=utf-8
host: localhost:61478
accept: */*

Response DefaultHttpResponse(decodeResult: success, version: HTTP/1.1)
HTTP/1.1 200 OK
Content-Type: application/json; charset=utf-8
cache-control: no-cache
content-length: 14

12:31:28.746 [AsyncHttpClient-1-13] DEBUG org.asynchttpclient.netty.channel.ChannelManager - Adding key: http://localhost:61478 for channel [id: 0xb596ba03, L:/127.0.0.1:60160 - R:localhost/127.0.0.1:61478]
12:31:28.747 [Forwarding getCurrentUrl on session ac16609fce030f973c93f394bcc9d3ea to remote] DEBUG org.asynchttpclient.netty.request.NettyRequestSender - Using pooled Channel '[id: 0xb596ba03, L:/127.0.0.1:60160 - R:localhost/127.0.0.1:61478]' for 'GET' to 'http://localhost:61478/session/ac16609fce030f973c93f394bcc9d3ea/url'
12:31:28.747 [Forwarding getCurrentUrl on session ac16609fce030f973c93f394bcc9d3ea to remote] DEBUG org.asynchttpclient.netty.request.NettyRequestSender - Using open Channel [id: 0xb596ba03, L:/127.0.0.1:60160 - R:localhost/127.0.0.1:61478] for GET '/session/ac16609fce030f973c93f394bcc9d3ea/url'
12:31:28.753 [AsyncHttpClient-1-13] DEBUG org.asynchttpclient.netty.handler.HttpHandler - 

Request DefaultFullHttpRequest(decodeResult: success, version: HTTP/1.1, content: EmptyByteBufBE)
GET /session/ac16609fce030f973c93f394bcc9d3ea/url HTTP/1.1
User-Agent: selenium/4.4.0 (java windows)
Cache-Control: no-cache
Content-Type: application/json; charset=utf-8
host: localhost:61478
accept: */*

Response DefaultHttpResponse(decodeResult: success, version: HTTP/1.1)
HTTP/1.1 200 OK
Content-Type: application/json; charset=utf-8
cache-control: no-cache
content-length: 52

12:31:28.753 [AsyncHttpClient-1-13] DEBUG org.asynchttpclient.netty.channel.ChannelManager - Adding key: http://localhost:61478 for channel [id: 0xb596ba03, L:/127.0.0.1:60160 - R:localhost/127.0.0.1:61478]
12:31:28.755 [Forwarding screenshot on session ac16609fce030f973c93f394bcc9d3ea to remote] DEBUG org.asynchttpclient.netty.request.NettyRequestSender - Using pooled Channel '[id: 0xb596ba03, L:/127.0.0.1:60160 - R:localhost/127.0.0.1:61478]' for 'GET' to 'http://localhost:61478/session/ac16609fce030f973c93f394bcc9d3ea/screenshot'
12:31:28.755 [Forwarding screenshot on session ac16609fce030f973c93f394bcc9d3ea to remote] DEBUG org.asynchttpclient.netty.request.NettyRequestSender - Using open Channel [id: 0xb596ba03, L:/127.0.0.1:60160 - R:localhost/127.0.0.1:61478] for GET '/session/ac16609fce030f973c93f394bcc9d3ea/screenshot'
12:31:28.857 [AsyncHttpClient-1-13] DEBUG org.asynchttpclient.netty.handler.HttpHandler - 

Request DefaultFullHttpRequest(decodeResult: success, version: HTTP/1.1, content: EmptyByteBufBE)
GET /session/ac16609fce030f973c93f394bcc9d3ea/screenshot HTTP/1.1
User-Agent: selenium/4.4.0 (java windows)
Cache-Control: no-cache
Content-Type: application/json; charset=utf-8
host: localhost:61478
accept: */*

Response DefaultHttpResponse(decodeResult: success, version: HTTP/1.1)
HTTP/1.1 200 OK
Content-Type: application/json; charset=utf-8
cache-control: no-cache
content-length: 316072

12:31:28.858 [AsyncHttpClient-1-13] DEBUG org.asynchttpclient.netty.channel.ChannelManager - Adding key: http://localhost:61478 for channel [id: 0xb596ba03, L:/127.0.0.1:60160 - R:localhost/127.0.0.1:61478]
12:31:28.866 [Test worker] DEBUG net.serenitybdd.core.photography.Darkroom - Send negative for processing for C:\Users\juan.gomezv\IdeaProjects\sura\target\site\serenity\e44069ae212a02c6322b8bddc355adc221270edded46bd42546211af4a56801c.png
12:31:28.871 [Forwarding getPageSource on session ac16609fce030f973c93f394bcc9d3ea to remote] DEBUG org.asynchttpclient.netty.request.NettyRequestSender - Using pooled Channel '[id: 0xb596ba03, L:/127.0.0.1:60160 - R:localhost/127.0.0.1:61478]' for 'POST' to 'http://localhost:61478/session/ac16609fce030f973c93f394bcc9d3ea/execute/sync'
12:31:28.871 [Forwarding getPageSource on session ac16609fce030f973c93f394bcc9d3ea to remote] DEBUG org.asynchttpclient.netty.request.NettyRequestSender - Using open Channel [id: 0xb596ba03, L:/127.0.0.1:60160 - R:localhost/127.0.0.1:61478] for POST '/session/ac16609fce030f973c93f394bcc9d3ea/execute/sync'
12:31:28.877 [AsyncHttpClient-1-13] DEBUG org.asynchttpclient.netty.handler.HttpHandler - 

Request DefaultHttpRequest(decodeResult: success, version: HTTP/1.1)
POST /session/ac16609fce030f973c93f394bcc9d3ea/execute/sync HTTP/1.1
User-Agent: selenium/4.4.0 (java windows)
Content-Length: 176
Content-Type: application/json; charset=utf-8
host: localhost:61478
accept: */*

Response DefaultHttpResponse(decodeResult: success, version: HTTP/1.1)
HTTP/1.1 200 OK
Content-Type: application/json; charset=utf-8
cache-control: no-cache
content-length: 15270

12:31:28.877 [AsyncHttpClient-1-13] DEBUG org.asynchttpclient.netty.channel.ChannelManager - Adding key: http://localhost:61478 for channel [id: 0xb596ba03, L:/127.0.0.1:60160 - R:localhost/127.0.0.1:61478]
12:31:28.879 [Forwarding getCurrentUrl on session ac16609fce030f973c93f394bcc9d3ea to remote] DEBUG org.asynchttpclient.netty.request.NettyRequestSender - Using pooled Channel '[id: 0xb596ba03, L:/127.0.0.1:60160 - R:localhost/127.0.0.1:61478]' for 'GET' to 'http://localhost:61478/session/ac16609fce030f973c93f394bcc9d3ea/url'
12:31:28.880 [Forwarding getCurrentUrl on session ac16609fce030f973c93f394bcc9d3ea to remote] DEBUG org.asynchttpclient.netty.request.NettyRequestSender - Using open Channel [id: 0xb596ba03, L:/127.0.0.1:60160 - R:localhost/127.0.0.1:61478] for GET '/session/ac16609fce030f973c93f394bcc9d3ea/url'
12:31:28.883 [AsyncHttpClient-1-13] DEBUG org.asynchttpclient.netty.handler.HttpHandler - 

Request DefaultFullHttpRequest(decodeResult: success, version: HTTP/1.1, content: EmptyByteBufBE)
GET /session/ac16609fce030f973c93f394bcc9d3ea/url HTTP/1.1
User-Agent: selenium/4.4.0 (java windows)
Cache-Control: no-cache
Content-Type: application/json; charset=utf-8
host: localhost:61478
accept: */*

Response DefaultHttpResponse(decodeResult: success, version: HTTP/1.1)
HTTP/1.1 200 OK
Content-Type: application/json; charset=utf-8
cache-control: no-cache
content-length: 52

12:31:28.884 [AsyncHttpClient-1-13] DEBUG org.asynchttpclient.netty.channel.ChannelManager - Adding key: http://localhost:61478 for channel [id: 0xb596ba03, L:/127.0.0.1:60160 - R:localhost/127.0.0.1:61478]
12:31:28.885 [Test worker] DEBUG net.thucydides.core.steps.StepInterceptor - STARTING STEP: SelectFromCatalogue.performAs - {0} clicks on #target
12:31:28.886 [Test worker] DEBUG net.serenitybdd.screenplay.targets.IFrameSwitcher - default content already selected for catalogue product button
12:31:28.923 [Forwarding findElement on session ac16609fce030f973c93f394bcc9d3ea to remote] DEBUG org.asynchttpclient.netty.request.NettyRequestSender - Using pooled Channel '[id: 0xb596ba03, L:/127.0.0.1:60160 - R:localhost/127.0.0.1:61478]' for 'POST' to 'http://localhost:61478/session/ac16609fce030f973c93f394bcc9d3ea/element'
12:31:28.923 [Forwarding findElement on session ac16609fce030f973c93f394bcc9d3ea to remote] DEBUG org.asynchttpclient.netty.request.NettyRequestSender - Using open Channel [id: 0xb596ba03, L:/127.0.0.1:60160 - R:localhost/127.0.0.1:61478] for POST '/session/ac16609fce030f973c93f394bcc9d3ea/element'
12:31:28.937 [AsyncHttpClient-1-13] DEBUG org.asynchttpclient.netty.handler.HttpHandler - 

Request DefaultHttpRequest(decodeResult: success, version: HTTP/1.1)
POST /session/ac16609fce030f973c93f394bcc9d3ea/element HTTP/1.1
User-Agent: selenium/4.4.0 (java windows)
Content-Length: 112
Content-Type: application/json; charset=utf-8
host: localhost:61478
accept: */*

Response DefaultHttpResponse(decodeResult: success, version: HTTP/1.1)
HTTP/1.1 200 OK
Content-Type: application/json; charset=utf-8
cache-control: no-cache
content-length: 88

12:31:28.937 [AsyncHttpClient-1-13] DEBUG org.asynchttpclient.netty.channel.ChannelManager - Adding key: http://localhost:61478 for channel [id: 0xb596ba03, L:/127.0.0.1:60160 - R:localhost/127.0.0.1:61478]
12:31:28.944 [Forwarding isElementDisplayed on session ac16609fce030f973c93f394bcc9d3ea to remote] DEBUG org.asynchttpclient.netty.request.NettyRequestSender - Using pooled Channel '[id: 0xb596ba03, L:/127.0.0.1:60160 - R:localhost/127.0.0.1:61478]' for 'POST' to 'http://localhost:61478/session/ac16609fce030f973c93f394bcc9d3ea/execute/sync'
12:31:28.944 [Forwarding isElementDisplayed on session ac16609fce030f973c93f394bcc9d3ea to remote] DEBUG org.asynchttpclient.netty.request.NettyRequestSender - Using open Channel [id: 0xb596ba03, L:/127.0.0.1:60160 - R:localhost/127.0.0.1:61478] for POST '/session/ac16609fce030f973c93f394bcc9d3ea/execute/sync'
12:31:28.952 [AsyncHttpClient-1-13] DEBUG org.asynchttpclient.netty.handler.HttpHandler - 

Request DefaultHttpRequest(decodeResult: success, version: HTTP/1.1)
POST /session/ac16609fce030f973c93f394bcc9d3ea/execute/sync HTTP/1.1
User-Agent: selenium/4.4.0 (java windows)
Content-Length: 48780
Content-Type: application/json; charset=utf-8
host: localhost:61478
accept: */*

Response DefaultHttpResponse(decodeResult: success, version: HTTP/1.1)
HTTP/1.1 200 OK
Content-Type: application/json; charset=utf-8
cache-control: no-cache
content-length: 14

12:31:28.952 [AsyncHttpClient-1-13] DEBUG org.asynchttpclient.netty.channel.ChannelManager - Adding key: http://localhost:61478 for channel [id: 0xb596ba03, L:/127.0.0.1:60160 - R:localhost/127.0.0.1:61478]
12:31:28.959 [Forwarding findElement on session ac16609fce030f973c93f394bcc9d3ea to remote] DEBUG org.asynchttpclient.netty.request.NettyRequestSender - Using pooled Channel '[id: 0xb596ba03, L:/127.0.0.1:60160 - R:localhost/127.0.0.1:61478]' for 'POST' to 'http://localhost:61478/session/ac16609fce030f973c93f394bcc9d3ea/element'
12:31:28.959 [Forwarding findElement on session ac16609fce030f973c93f394bcc9d3ea to remote] DEBUG org.asynchttpclient.netty.request.NettyRequestSender - Using open Channel [id: 0xb596ba03, L:/127.0.0.1:60160 - R:localhost/127.0.0.1:61478] for POST '/session/ac16609fce030f973c93f394bcc9d3ea/element'
12:31:28.964 [AsyncHttpClient-1-13] DEBUG org.asynchttpclient.netty.handler.HttpHandler - 

Request DefaultHttpRequest(decodeResult: success, version: HTTP/1.1)
POST /session/ac16609fce030f973c93f394bcc9d3ea/element HTTP/1.1
User-Agent: selenium/4.4.0 (java windows)
Content-Length: 112
Content-Type: application/json; charset=utf-8
host: localhost:61478
accept: */*

Response DefaultHttpResponse(decodeResult: success, version: HTTP/1.1)
HTTP/1.1 200 OK
Content-Type: application/json; charset=utf-8
cache-control: no-cache
content-length: 88

12:31:28.964 [AsyncHttpClient-1-13] DEBUG org.asynchttpclient.netty.channel.ChannelManager - Adding key: http://localhost:61478 for channel [id: 0xb596ba03, L:/127.0.0.1:60160 - R:localhost/127.0.0.1:61478]
12:31:28.965 [Forwarding clickElement on session ac16609fce030f973c93f394bcc9d3ea to remote] DEBUG org.asynchttpclient.netty.request.NettyRequestSender - Using pooled Channel '[id: 0xb596ba03, L:/127.0.0.1:60160 - R:localhost/127.0.0.1:61478]' for 'POST' to 'http://localhost:61478/session/ac16609fce030f973c93f394bcc9d3ea/element/0fe67b4a-2f56-4bcb-b4e0-891d177c8df5/click'
12:31:28.965 [Forwarding clickElement on session ac16609fce030f973c93f394bcc9d3ea to remote] DEBUG org.asynchttpclient.netty.request.NettyRequestSender - Using open Channel [id: 0xb596ba03, L:/127.0.0.1:60160 - R:localhost/127.0.0.1:61478] for POST '/session/ac16609fce030f973c93f394bcc9d3ea/element/0fe67b4a-2f56-4bcb-b4e0-891d177c8df5/click'
12:31:28.992 [AsyncHttpClient-1-13] DEBUG org.asynchttpclient.netty.handler.HttpHandler - 

Request DefaultHttpRequest(decodeResult: success, version: HTTP/1.1)
POST /session/ac16609fce030f973c93f394bcc9d3ea/element/0fe67b4a-2f56-4bcb-b4e0-891d177c8df5/click HTTP/1.1
User-Agent: selenium/4.4.0 (java windows)
Content-Length: 50
Content-Type: application/json; charset=utf-8
host: localhost:61478
accept: */*

Response DefaultHttpResponse(decodeResult: success, version: HTTP/1.1)
HTTP/1.1 200 OK
Content-Type: application/json; charset=utf-8
cache-control: no-cache
content-length: 14

12:31:28.992 [AsyncHttpClient-1-13] DEBUG org.asynchttpclient.netty.channel.ChannelManager - Adding key: http://localhost:61478 for channel [id: 0xb596ba03, L:/127.0.0.1:60160 - R:localhost/127.0.0.1:61478]
12:31:29.006 [Forwarding getCurrentWindowHandle on session ac16609fce030f973c93f394bcc9d3ea to remote] DEBUG org.asynchttpclient.netty.request.NettyRequestSender - Using pooled Channel '[id: 0xb596ba03, L:/127.0.0.1:60160 - R:localhost/127.0.0.1:61478]' for 'GET' to 'http://localhost:61478/session/ac16609fce030f973c93f394bcc9d3ea/window'
12:31:29.006 [Forwarding getCurrentWindowHandle on session ac16609fce030f973c93f394bcc9d3ea to remote] DEBUG org.asynchttpclient.netty.request.NettyRequestSender - Using open Channel [id: 0xb596ba03, L:/127.0.0.1:60160 - R:localhost/127.0.0.1:61478] for GET '/session/ac16609fce030f973c93f394bcc9d3ea/window'
12:31:29.007 [AsyncHttpClient-1-13] DEBUG org.asynchttpclient.netty.handler.HttpHandler - 

Request DefaultFullHttpRequest(decodeResult: success, version: HTTP/1.1, content: EmptyByteBufBE)
GET /session/ac16609fce030f973c93f394bcc9d3ea/window HTTP/1.1
User-Agent: selenium/4.4.0 (java windows)
Cache-Control: no-cache
Content-Type: application/json; charset=utf-8
host: localhost:61478
accept: */*

Response DefaultHttpResponse(decodeResult: success, version: HTTP/1.1)
HTTP/1.1 200 OK
Content-Type: application/json; charset=utf-8
cache-control: no-cache
content-length: 53

12:31:29.007 [AsyncHttpClient-1-13] DEBUG org.asynchttpclient.netty.channel.ChannelManager - Adding key: http://localhost:61478 for channel [id: 0xb596ba03, L:/127.0.0.1:60160 - R:localhost/127.0.0.1:61478]
12:31:29.010 [Forwarding getAlertText on session ac16609fce030f973c93f394bcc9d3ea to remote] DEBUG org.asynchttpclient.netty.request.NettyRequestSender - Using pooled Channel '[id: 0xb596ba03, L:/127.0.0.1:60160 - R:localhost/127.0.0.1:61478]' for 'GET' to 'http://localhost:61478/session/ac16609fce030f973c93f394bcc9d3ea/alert/text'
12:31:29.010 [Forwarding getAlertText on session ac16609fce030f973c93f394bcc9d3ea to remote] DEBUG org.asynchttpclient.netty.request.NettyRequestSender - Using open Channel [id: 0xb596ba03, L:/127.0.0.1:60160 - R:localhost/127.0.0.1:61478] for GET '/session/ac16609fce030f973c93f394bcc9d3ea/alert/text'
12:31:29.011 [AsyncHttpClient-1-13] DEBUG org.asynchttpclient.netty.handler.HttpHandler - 

Request DefaultFullHttpRequest(decodeResult: success, version: HTTP/1.1, content: EmptyByteBufBE)
GET /session/ac16609fce030f973c93f394bcc9d3ea/alert/text HTTP/1.1
User-Agent: selenium/4.4.0 (java windows)
Cache-Control: no-cache
Content-Type: application/json; charset=utf-8
host: localhost:61478
accept: */*

Response DefaultHttpResponse(decodeResult: success, version: HTTP/1.1)
HTTP/1.1 404 Not Found
Content-Type: application/json; charset=utf-8
cache-control: no-cache
content-length: 879

12:31:29.011 [AsyncHttpClient-1-13] DEBUG org.asynchttpclient.netty.channel.ChannelManager - Adding key: http://localhost:61478 for channel [id: 0xb596ba03, L:/127.0.0.1:60160 - R:localhost/127.0.0.1:61478]
12:31:29.014 [Forwarding switchToWindow on session ac16609fce030f973c93f394bcc9d3ea to remote] DEBUG org.asynchttpclient.netty.request.NettyRequestSender - Using pooled Channel '[id: 0xb596ba03, L:/127.0.0.1:60160 - R:localhost/127.0.0.1:61478]' for 'POST' to 'http://localhost:61478/session/ac16609fce030f973c93f394bcc9d3ea/window'
12:31:29.014 [Forwarding switchToWindow on session ac16609fce030f973c93f394bcc9d3ea to remote] DEBUG org.asynchttpclient.netty.request.NettyRequestSender - Using open Channel [id: 0xb596ba03, L:/127.0.0.1:60160 - R:localhost/127.0.0.1:61478] for POST '/session/ac16609fce030f973c93f394bcc9d3ea/window'
12:31:29.016 [AsyncHttpClient-1-13] DEBUG org.asynchttpclient.netty.handler.HttpHandler - 

Request DefaultHttpRequest(decodeResult: success, version: HTTP/1.1)
POST /session/ac16609fce030f973c93f394bcc9d3ea/window HTTP/1.1
User-Agent: selenium/4.4.0 (java windows)
Content-Length: 59
Content-Type: application/json; charset=utf-8
host: localhost:61478
accept: */*

Response DefaultHttpResponse(decodeResult: success, version: HTTP/1.1)
HTTP/1.1 200 OK
Content-Type: application/json; charset=utf-8
cache-control: no-cache
content-length: 14

12:31:29.016 [AsyncHttpClient-1-13] DEBUG org.asynchttpclient.netty.channel.ChannelManager - Adding key: http://localhost:61478 for channel [id: 0xb596ba03, L:/127.0.0.1:60160 - R:localhost/127.0.0.1:61478]
12:31:29.016 [Forwarding getCurrentUrl on session ac16609fce030f973c93f394bcc9d3ea to remote] DEBUG org.asynchttpclient.netty.request.NettyRequestSender - Using pooled Channel '[id: 0xb596ba03, L:/127.0.0.1:60160 - R:localhost/127.0.0.1:61478]' for 'GET' to 'http://localhost:61478/session/ac16609fce030f973c93f394bcc9d3ea/url'
12:31:29.016 [Forwarding getCurrentUrl on session ac16609fce030f973c93f394bcc9d3ea to remote] DEBUG org.asynchttpclient.netty.request.NettyRequestSender - Using open Channel [id: 0xb596ba03, L:/127.0.0.1:60160 - R:localhost/127.0.0.1:61478] for GET '/session/ac16609fce030f973c93f394bcc9d3ea/url'
12:31:29.019 [AsyncHttpClient-1-13] DEBUG org.asynchttpclient.netty.handler.HttpHandler - 

Request DefaultFullHttpRequest(decodeResult: success, version: HTTP/1.1, content: EmptyByteBufBE)
GET /session/ac16609fce030f973c93f394bcc9d3ea/url HTTP/1.1
User-Agent: selenium/4.4.0 (java windows)
Cache-Control: no-cache
Content-Type: application/json; charset=utf-8
host: localhost:61478
accept: */*

Response DefaultHttpResponse(decodeResult: success, version: HTTP/1.1)
HTTP/1.1 200 OK
Content-Type: application/json; charset=utf-8
cache-control: no-cache
content-length: 52

12:31:29.019 [AsyncHttpClient-1-13] DEBUG org.asynchttpclient.netty.channel.ChannelManager - Adding key: http://localhost:61478 for channel [id: 0xb596ba03, L:/127.0.0.1:60160 - R:localhost/127.0.0.1:61478]
12:31:29.019 [Forwarding screenshot on session ac16609fce030f973c93f394bcc9d3ea to remote] DEBUG org.asynchttpclient.netty.request.NettyRequestSender - Using pooled Channel '[id: 0xb596ba03, L:/127.0.0.1:60160 - R:localhost/127.0.0.1:61478]' for 'GET' to 'http://localhost:61478/session/ac16609fce030f973c93f394bcc9d3ea/screenshot'
12:31:29.019 [Forwarding screenshot on session ac16609fce030f973c93f394bcc9d3ea to remote] DEBUG org.asynchttpclient.netty.request.NettyRequestSender - Using open Channel [id: 0xb596ba03, L:/127.0.0.1:60160 - R:localhost/127.0.0.1:61478] for GET '/session/ac16609fce030f973c93f394bcc9d3ea/screenshot'
12:31:29.162 [AsyncHttpClient-1-13] DEBUG org.asynchttpclient.netty.handler.HttpHandler - 

Request DefaultFullHttpRequest(decodeResult: success, version: HTTP/1.1, content: EmptyByteBufBE)
GET /session/ac16609fce030f973c93f394bcc9d3ea/screenshot HTTP/1.1
User-Agent: selenium/4.4.0 (java windows)
Cache-Control: no-cache
Content-Type: application/json; charset=utf-8
host: localhost:61478
accept: */*

Response DefaultHttpResponse(decodeResult: success, version: HTTP/1.1)
HTTP/1.1 200 OK
Content-Type: application/json; charset=utf-8
cache-control: no-cache
content-length: 366036

12:31:29.163 [AsyncHttpClient-1-13] DEBUG org.asynchttpclient.netty.channel.ChannelManager - Adding key: http://localhost:61478 for channel [id: 0xb596ba03, L:/127.0.0.1:60160 - R:localhost/127.0.0.1:61478]
12:31:29.170 [Test worker] DEBUG net.serenitybdd.core.photography.Darkroom - Send negative for processing for C:\Users\juan.gomezv\IdeaProjects\sura\target\site\serenity\7341ced0ddf17a7ea0203db98aa26f04d43cdcbe0c2e2d7c09275e7eb2c66144.png
12:31:29.170 [Darkroom Processing Line] DEBUG net.serenitybdd.core.photography.DarkroomProcessingLine - Processing screenshot image in /var/screenshots/screenshot-10688005905052839570
12:31:29.170 [Darkroom Processing Line] DEBUG net.serenitybdd.core.photography.DarkroomProcessingLine - Saving screenshot to C:\Users\juan.gomezv\IdeaProjects\sura\target\site\serenity\7341ced0ddf17a7ea0203db98aa26f04d43cdcbe0c2e2d7c09275e7eb2c66144.png
12:31:29.170 [Test worker] DEBUG net.thucydides.core.steps.StepInterceptor - STEP DONE: {0} clicks on #target
12:31:29.179 [Test worker] DEBUG net.thucydides.core.steps.StepInterceptor - STEP DONE: !#title
12:31:29.187 [Test worker] DEBUG net.thucydides.core.steps.StepInterceptor - STEP DONE: performAs
  ?[32mCuando ?[0m?[32m?[0m?[32m?[1mAna?[0m?[32m hace click en el boton del ?[0m?[32m?[1m6?[0m?[32m articulo?[0m                          ?[90m# sura.stepDefinitions.CatalogueSteps.haceClickEnElBotonDelArticulo(net.serenitybdd.screenplay.Actor,java.lang.Integer)?[0m
12:31:29.206 [Forwarding getPageSource on session ac16609fce030f973c93f394bcc9d3ea to remote] DEBUG org.asynchttpclient.netty.request.NettyRequestSender - Using pooled Channel '[id: 0xb596ba03, L:/127.0.0.1:60160 - R:localhost/127.0.0.1:61478]' for 'POST' to 'http://localhost:61478/session/ac16609fce030f973c93f394bcc9d3ea/execute/sync'
12:31:29.206 [Forwarding getPageSource on session ac16609fce030f973c93f394bcc9d3ea to remote] DEBUG org.asynchttpclient.netty.request.NettyRequestSender - Using open Channel [id: 0xb596ba03, L:/127.0.0.1:60160 - R:localhost/127.0.0.1:61478] for POST '/session/ac16609fce030f973c93f394bcc9d3ea/execute/sync'
12:31:29.210 [AsyncHttpClient-1-13] DEBUG org.asynchttpclient.netty.handler.HttpHandler - 

Request DefaultHttpRequest(decodeResult: success, version: HTTP/1.1)
POST /session/ac16609fce030f973c93f394bcc9d3ea/execute/sync HTTP/1.1
User-Agent: selenium/4.4.0 (java windows)
Content-Length: 176
Content-Type: application/json; charset=utf-8
host: localhost:61478
accept: */*

Response DefaultHttpResponse(decodeResult: success, version: HTTP/1.1)
HTTP/1.1 200 OK
Content-Type: application/json; charset=utf-8
cache-control: no-cache
content-length: 15306

12:31:29.210 [AsyncHttpClient-1-13] DEBUG org.asynchttpclient.netty.channel.ChannelManager - Adding key: http://localhost:61478 for channel [id: 0xb596ba03, L:/127.0.0.1:60160 - R:localhost/127.0.0.1:61478]
12:31:29.212 [Forwarding getCurrentUrl on session ac16609fce030f973c93f394bcc9d3ea to remote] DEBUG org.asynchttpclient.netty.request.NettyRequestSender - Using pooled Channel '[id: 0xb596ba03, L:/127.0.0.1:60160 - R:localhost/127.0.0.1:61478]' for 'GET' to 'http://localhost:61478/session/ac16609fce030f973c93f394bcc9d3ea/url'
12:31:29.212 [Forwarding getCurrentUrl on session ac16609fce030f973c93f394bcc9d3ea to remote] DEBUG org.asynchttpclient.netty.request.NettyRequestSender - Using open Channel [id: 0xb596ba03, L:/127.0.0.1:60160 - R:localhost/127.0.0.1:61478] for GET '/session/ac16609fce030f973c93f394bcc9d3ea/url'
12:31:29.214 [AsyncHttpClient-1-13] DEBUG org.asynchttpclient.netty.handler.HttpHandler - 

Request DefaultFullHttpRequest(decodeResult: success, version: HTTP/1.1, content: EmptyByteBufBE)
GET /session/ac16609fce030f973c93f394bcc9d3ea/url HTTP/1.1
User-Agent: selenium/4.4.0 (java windows)
Cache-Control: no-cache
Content-Type: application/json; charset=utf-8
host: localhost:61478
accept: */*

Response DefaultHttpResponse(decodeResult: success, version: HTTP/1.1)
HTTP/1.1 200 OK
Content-Type: application/json; charset=utf-8
cache-control: no-cache
content-length: 52

12:31:29.214 [AsyncHttpClient-1-13] DEBUG org.asynchttpclient.netty.channel.ChannelManager - Adding key: http://localhost:61478 for channel [id: 0xb596ba03, L:/127.0.0.1:60160 - R:localhost/127.0.0.1:61478]
12:31:29.231 [Forwarding getCurrentWindowHandle on session ac16609fce030f973c93f394bcc9d3ea to remote] DEBUG org.asynchttpclient.netty.request.NettyRequestSender - Using pooled Channel '[id: 0xb596ba03, L:/127.0.0.1:60160 - R:localhost/127.0.0.1:61478]' for 'GET' to 'http://localhost:61478/session/ac16609fce030f973c93f394bcc9d3ea/window'
12:31:29.231 [Forwarding getCurrentWindowHandle on session ac16609fce030f973c93f394bcc9d3ea to remote] DEBUG org.asynchttpclient.netty.request.NettyRequestSender - Using open Channel [id: 0xb596ba03, L:/127.0.0.1:60160 - R:localhost/127.0.0.1:61478] for GET '/session/ac16609fce030f973c93f394bcc9d3ea/window'
12:31:29.231 [AsyncHttpClient-1-13] DEBUG org.asynchttpclient.netty.handler.HttpHandler - 

Request DefaultFullHttpRequest(decodeResult: success, version: HTTP/1.1, content: EmptyByteBufBE)
GET /session/ac16609fce030f973c93f394bcc9d3ea/window HTTP/1.1
User-Agent: selenium/4.4.0 (java windows)
Cache-Control: no-cache
Content-Type: application/json; charset=utf-8
host: localhost:61478
accept: */*

Response DefaultHttpResponse(decodeResult: success, version: HTTP/1.1)
HTTP/1.1 200 OK
Content-Type: application/json; charset=utf-8
cache-control: no-cache
content-length: 53

12:31:29.231 [AsyncHttpClient-1-13] DEBUG org.asynchttpclient.netty.channel.ChannelManager - Adding key: http://localhost:61478 for channel [id: 0xb596ba03, L:/127.0.0.1:60160 - R:localhost/127.0.0.1:61478]
12:31:29.235 [Forwarding getAlertText on session ac16609fce030f973c93f394bcc9d3ea to remote] DEBUG org.asynchttpclient.netty.request.NettyRequestSender - Using pooled Channel '[id: 0xb596ba03, L:/127.0.0.1:60160 - R:localhost/127.0.0.1:61478]' for 'GET' to 'http://localhost:61478/session/ac16609fce030f973c93f394bcc9d3ea/alert/text'
12:31:29.235 [Forwarding getAlertText on session ac16609fce030f973c93f394bcc9d3ea to remote] DEBUG org.asynchttpclient.netty.request.NettyRequestSender - Using open Channel [id: 0xb596ba03, L:/127.0.0.1:60160 - R:localhost/127.0.0.1:61478] for GET '/session/ac16609fce030f973c93f394bcc9d3ea/alert/text'
12:31:29.236 [AsyncHttpClient-1-13] DEBUG org.asynchttpclient.netty.handler.HttpHandler - 

Request DefaultFullHttpRequest(decodeResult: success, version: HTTP/1.1, content: EmptyByteBufBE)
GET /session/ac16609fce030f973c93f394bcc9d3ea/alert/text HTTP/1.1
User-Agent: selenium/4.4.0 (java windows)
Cache-Control: no-cache
Content-Type: application/json; charset=utf-8
host: localhost:61478
accept: */*

Response DefaultHttpResponse(decodeResult: success, version: HTTP/1.1)
HTTP/1.1 404 Not Found
Content-Type: application/json; charset=utf-8
cache-control: no-cache
content-length: 879

12:31:29.236 [AsyncHttpClient-1-13] DEBUG org.asynchttpclient.netty.channel.ChannelManager - Adding key: http://localhost:61478 for channel [id: 0xb596ba03, L:/127.0.0.1:60160 - R:localhost/127.0.0.1:61478]
12:31:29.240 [Forwarding switchToWindow on session ac16609fce030f973c93f394bcc9d3ea to remote] DEBUG org.asynchttpclient.netty.request.NettyRequestSender - Using pooled Channel '[id: 0xb596ba03, L:/127.0.0.1:60160 - R:localhost/127.0.0.1:61478]' for 'POST' to 'http://localhost:61478/session/ac16609fce030f973c93f394bcc9d3ea/window'
12:31:29.240 [Forwarding switchToWindow on session ac16609fce030f973c93f394bcc9d3ea to remote] DEBUG org.asynchttpclient.netty.request.NettyRequestSender - Using open Channel [id: 0xb596ba03, L:/127.0.0.1:60160 - R:localhost/127.0.0.1:61478] for POST '/session/ac16609fce030f973c93f394bcc9d3ea/window'
12:31:29.242 [AsyncHttpClient-1-13] DEBUG org.asynchttpclient.netty.handler.HttpHandler - 

Request DefaultHttpRequest(decodeResult: success, version: HTTP/1.1)
POST /session/ac16609fce030f973c93f394bcc9d3ea/window HTTP/1.1
User-Agent: selenium/4.4.0 (java windows)
Content-Length: 59
Content-Type: application/json; charset=utf-8
host: localhost:61478
accept: */*

Response DefaultHttpResponse(decodeResult: success, version: HTTP/1.1)
HTTP/1.1 200 OK
Content-Type: application/json; charset=utf-8
cache-control: no-cache
content-length: 14

12:31:29.242 [AsyncHttpClient-1-13] DEBUG org.asynchttpclient.netty.channel.ChannelManager - Adding key: http://localhost:61478 for channel [id: 0xb596ba03, L:/127.0.0.1:60160 - R:localhost/127.0.0.1:61478]
12:31:29.242 [Forwarding getCurrentUrl on session ac16609fce030f973c93f394bcc9d3ea to remote] DEBUG org.asynchttpclient.netty.request.NettyRequestSender - Using pooled Channel '[id: 0xb596ba03, L:/127.0.0.1:60160 - R:localhost/127.0.0.1:61478]' for 'GET' to 'http://localhost:61478/session/ac16609fce030f973c93f394bcc9d3ea/url'
12:31:29.242 [Forwarding getCurrentUrl on session ac16609fce030f973c93f394bcc9d3ea to remote] DEBUG org.asynchttpclient.netty.request.NettyRequestSender - Using open Channel [id: 0xb596ba03, L:/127.0.0.1:60160 - R:localhost/127.0.0.1:61478] for GET '/session/ac16609fce030f973c93f394bcc9d3ea/url'
12:31:29.246 [AsyncHttpClient-1-13] DEBUG org.asynchttpclient.netty.handler.HttpHandler - 

Request DefaultFullHttpRequest(decodeResult: success, version: HTTP/1.1, content: EmptyByteBufBE)
GET /session/ac16609fce030f973c93f394bcc9d3ea/url HTTP/1.1
User-Agent: selenium/4.4.0 (java windows)
Cache-Control: no-cache
Content-Type: application/json; charset=utf-8
host: localhost:61478
accept: */*

Response DefaultHttpResponse(decodeResult: success, version: HTTP/1.1)
HTTP/1.1 200 OK
Content-Type: application/json; charset=utf-8
cache-control: no-cache
content-length: 52

12:31:29.246 [AsyncHttpClient-1-13] DEBUG org.asynchttpclient.netty.channel.ChannelManager - Adding key: http://localhost:61478 for channel [id: 0xb596ba03, L:/127.0.0.1:60160 - R:localhost/127.0.0.1:61478]
12:31:29.247 [Forwarding screenshot on session ac16609fce030f973c93f394bcc9d3ea to remote] DEBUG org.asynchttpclient.netty.request.NettyRequestSender - Using pooled Channel '[id: 0xb596ba03, L:/127.0.0.1:60160 - R:localhost/127.0.0.1:61478]' for 'GET' to 'http://localhost:61478/session/ac16609fce030f973c93f394bcc9d3ea/screenshot'
12:31:29.247 [Forwarding screenshot on session ac16609fce030f973c93f394bcc9d3ea to remote] DEBUG org.asynchttpclient.netty.request.NettyRequestSender - Using open Channel [id: 0xb596ba03, L:/127.0.0.1:60160 - R:localhost/127.0.0.1:61478] for GET '/session/ac16609fce030f973c93f394bcc9d3ea/screenshot'
12:31:29.370 [AsyncHttpClient-1-13] DEBUG org.asynchttpclient.netty.handler.HttpHandler - 

Request DefaultFullHttpRequest(decodeResult: success, version: HTTP/1.1, content: EmptyByteBufBE)
GET /session/ac16609fce030f973c93f394bcc9d3ea/screenshot HTTP/1.1
User-Agent: selenium/4.4.0 (java windows)
Cache-Control: no-cache
Content-Type: application/json; charset=utf-8
host: localhost:61478
accept: */*

Response DefaultHttpResponse(decodeResult: success, version: HTTP/1.1)
HTTP/1.1 200 OK
Content-Type: application/json; charset=utf-8
cache-control: no-cache
content-length: 366036

12:31:29.371 [AsyncHttpClient-1-13] DEBUG org.asynchttpclient.netty.channel.ChannelManager - Adding key: http://localhost:61478 for channel [id: 0xb596ba03, L:/127.0.0.1:60160 - R:localhost/127.0.0.1:61478]
12:31:29.379 [Test worker] DEBUG net.serenitybdd.core.photography.Darkroom - Send negative for processing for C:\Users\juan.gomezv\IdeaProjects\sura\target\site\serenity\7341ced0ddf17a7ea0203db98aa26f04d43cdcbe0c2e2d7c09275e7eb2c66144.png
12:31:29.383 [Forwarding getPageSource on session ac16609fce030f973c93f394bcc9d3ea to remote] DEBUG org.asynchttpclient.netty.request.NettyRequestSender - Using pooled Channel '[id: 0xb596ba03, L:/127.0.0.1:60160 - R:localhost/127.0.0.1:61478]' for 'POST' to 'http://localhost:61478/session/ac16609fce030f973c93f394bcc9d3ea/execute/sync'
12:31:29.383 [Forwarding getPageSource on session ac16609fce030f973c93f394bcc9d3ea to remote] DEBUG org.asynchttpclient.netty.request.NettyRequestSender - Using open Channel [id: 0xb596ba03, L:/127.0.0.1:60160 - R:localhost/127.0.0.1:61478] for POST '/session/ac16609fce030f973c93f394bcc9d3ea/execute/sync'
12:31:29.388 [AsyncHttpClient-1-13] DEBUG org.asynchttpclient.netty.handler.HttpHandler - 

Request DefaultHttpRequest(decodeResult: success, version: HTTP/1.1)
POST /session/ac16609fce030f973c93f394bcc9d3ea/execute/sync HTTP/1.1
User-Agent: selenium/4.4.0 (java windows)
Content-Length: 176
Content-Type: application/json; charset=utf-8
host: localhost:61478
accept: */*

Response DefaultHttpResponse(decodeResult: success, version: HTTP/1.1)
HTTP/1.1 200 OK
Content-Type: application/json; charset=utf-8
cache-control: no-cache
content-length: 15306

12:31:29.388 [AsyncHttpClient-1-13] DEBUG org.asynchttpclient.netty.channel.ChannelManager - Adding key: http://localhost:61478 for channel [id: 0xb596ba03, L:/127.0.0.1:60160 - R:localhost/127.0.0.1:61478]
12:31:29.389 [Forwarding getCurrentUrl on session ac16609fce030f973c93f394bcc9d3ea to remote] DEBUG org.asynchttpclient.netty.request.NettyRequestSender - Using pooled Channel '[id: 0xb596ba03, L:/127.0.0.1:60160 - R:localhost/127.0.0.1:61478]' for 'GET' to 'http://localhost:61478/session/ac16609fce030f973c93f394bcc9d3ea/url'
12:31:29.389 [Forwarding getCurrentUrl on session ac16609fce030f973c93f394bcc9d3ea to remote] DEBUG org.asynchttpclient.netty.request.NettyRequestSender - Using open Channel [id: 0xb596ba03, L:/127.0.0.1:60160 - R:localhost/127.0.0.1:61478] for GET '/session/ac16609fce030f973c93f394bcc9d3ea/url'
12:31:29.392 [AsyncHttpClient-1-13] DEBUG org.asynchttpclient.netty.handler.HttpHandler - 

Request DefaultFullHttpRequest(decodeResult: success, version: HTTP/1.1, content: EmptyByteBufBE)
GET /session/ac16609fce030f973c93f394bcc9d3ea/url HTTP/1.1
User-Agent: selenium/4.4.0 (java windows)
Cache-Control: no-cache
Content-Type: application/json; charset=utf-8
host: localhost:61478
accept: */*

Response DefaultHttpResponse(decodeResult: success, version: HTTP/1.1)
HTTP/1.1 200 OK
Content-Type: application/json; charset=utf-8
cache-control: no-cache
content-length: 52

12:31:29.392 [AsyncHttpClient-1-13] DEBUG org.asynchttpclient.netty.channel.ChannelManager - Adding key: http://localhost:61478 for channel [id: 0xb596ba03, L:/127.0.0.1:60160 - R:localhost/127.0.0.1:61478]
12:31:29.432 [Test worker] DEBUG net.thucydides.core.steps.StepInterceptor - STARTING STEP: CatalogueSteps.haceClickEnElBotonDelArticulo - performAs
12:31:29.445 [AsyncHttpClient-1-1] DEBUG org.asynchttpclient.netty.channel.DefaultChannelPool - Entry count for : http://localhost:60161 : 1
12:31:29.445 [AsyncHttpClient-1-1] DEBUG org.asynchttpclient.netty.channel.DefaultChannelPool - Entry count for : http://localhost:61478 : 1
12:31:29.451 [Forwarding getCurrentWindowHandle on session ac16609fce030f973c93f394bcc9d3ea to remote] DEBUG org.asynchttpclient.netty.request.NettyRequestSender - Using pooled Channel '[id: 0xb596ba03, L:/127.0.0.1:60160 - R:localhost/127.0.0.1:61478]' for 'GET' to 'http://localhost:61478/session/ac16609fce030f973c93f394bcc9d3ea/window'
12:31:29.451 [Forwarding getCurrentWindowHandle on session ac16609fce030f973c93f394bcc9d3ea to remote] DEBUG org.asynchttpclient.netty.request.NettyRequestSender - Using open Channel [id: 0xb596ba03, L:/127.0.0.1:60160 - R:localhost/127.0.0.1:61478] for GET '/session/ac16609fce030f973c93f394bcc9d3ea/window'
12:31:29.452 [AsyncHttpClient-1-13] DEBUG org.asynchttpclient.netty.handler.HttpHandler - 

Request DefaultFullHttpRequest(decodeResult: success, version: HTTP/1.1, content: EmptyByteBufBE)
GET /session/ac16609fce030f973c93f394bcc9d3ea/window HTTP/1.1
User-Agent: selenium/4.4.0 (java windows)
Cache-Control: no-cache
Content-Type: application/json; charset=utf-8
host: localhost:61478
accept: */*

Response DefaultHttpResponse(decodeResult: success, version: HTTP/1.1)
HTTP/1.1 200 OK
Content-Type: application/json; charset=utf-8
cache-control: no-cache
content-length: 53

12:31:29.452 [AsyncHttpClient-1-13] DEBUG org.asynchttpclient.netty.channel.ChannelManager - Adding key: http://localhost:61478 for channel [id: 0xb596ba03, L:/127.0.0.1:60160 - R:localhost/127.0.0.1:61478]
12:31:29.455 [Forwarding getAlertText on session ac16609fce030f973c93f394bcc9d3ea to remote] DEBUG org.asynchttpclient.netty.request.NettyRequestSender - Using pooled Channel '[id: 0xb596ba03, L:/127.0.0.1:60160 - R:localhost/127.0.0.1:61478]' for 'GET' to 'http://localhost:61478/session/ac16609fce030f973c93f394bcc9d3ea/alert/text'
12:31:29.455 [Forwarding getAlertText on session ac16609fce030f973c93f394bcc9d3ea to remote] DEBUG org.asynchttpclient.netty.request.NettyRequestSender - Using open Channel [id: 0xb596ba03, L:/127.0.0.1:60160 - R:localhost/127.0.0.1:61478] for GET '/session/ac16609fce030f973c93f394bcc9d3ea/alert/text'
12:31:29.456 [AsyncHttpClient-1-13] DEBUG org.asynchttpclient.netty.handler.HttpHandler - 

Request DefaultFullHttpRequest(decodeResult: success, version: HTTP/1.1, content: EmptyByteBufBE)
GET /session/ac16609fce030f973c93f394bcc9d3ea/alert/text HTTP/1.1
User-Agent: selenium/4.4.0 (java windows)
Cache-Control: no-cache
Content-Type: application/json; charset=utf-8
host: localhost:61478
accept: */*

Response DefaultHttpResponse(decodeResult: success, version: HTTP/1.1)
HTTP/1.1 404 Not Found
Content-Type: application/json; charset=utf-8
cache-control: no-cache
content-length: 879

12:31:29.456 [AsyncHttpClient-1-13] DEBUG org.asynchttpclient.netty.channel.ChannelManager - Adding key: http://localhost:61478 for channel [id: 0xb596ba03, L:/127.0.0.1:60160 - R:localhost/127.0.0.1:61478]
12:31:29.459 [Forwarding switchToWindow on session ac16609fce030f973c93f394bcc9d3ea to remote] DEBUG org.asynchttpclient.netty.request.NettyRequestSender - Using pooled Channel '[id: 0xb596ba03, L:/127.0.0.1:60160 - R:localhost/127.0.0.1:61478]' for 'POST' to 'http://localhost:61478/session/ac16609fce030f973c93f394bcc9d3ea/window'
12:31:29.459 [Forwarding switchToWindow on session ac16609fce030f973c93f394bcc9d3ea to remote] DEBUG org.asynchttpclient.netty.request.NettyRequestSender - Using open Channel [id: 0xb596ba03, L:/127.0.0.1:60160 - R:localhost/127.0.0.1:61478] for POST '/session/ac16609fce030f973c93f394bcc9d3ea/window'
12:31:29.462 [AsyncHttpClient-1-13] DEBUG org.asynchttpclient.netty.handler.HttpHandler - 

Request DefaultHttpRequest(decodeResult: success, version: HTTP/1.1)
POST /session/ac16609fce030f973c93f394bcc9d3ea/window HTTP/1.1
User-Agent: selenium/4.4.0 (java windows)
Content-Length: 59
Content-Type: application/json; charset=utf-8
host: localhost:61478
accept: */*

Response DefaultHttpResponse(decodeResult: success, version: HTTP/1.1)
HTTP/1.1 200 OK
Content-Type: application/json; charset=utf-8
cache-control: no-cache
content-length: 14

12:31:29.462 [AsyncHttpClient-1-13] DEBUG org.asynchttpclient.netty.channel.ChannelManager - Adding key: http://localhost:61478 for channel [id: 0xb596ba03, L:/127.0.0.1:60160 - R:localhost/127.0.0.1:61478]
12:31:29.462 [Forwarding getCurrentUrl on session ac16609fce030f973c93f394bcc9d3ea to remote] DEBUG org.asynchttpclient.netty.request.NettyRequestSender - Using pooled Channel '[id: 0xb596ba03, L:/127.0.0.1:60160 - R:localhost/127.0.0.1:61478]' for 'GET' to 'http://localhost:61478/session/ac16609fce030f973c93f394bcc9d3ea/url'
12:31:29.462 [Forwarding getCurrentUrl on session ac16609fce030f973c93f394bcc9d3ea to remote] DEBUG org.asynchttpclient.netty.request.NettyRequestSender - Using open Channel [id: 0xb596ba03, L:/127.0.0.1:60160 - R:localhost/127.0.0.1:61478] for GET '/session/ac16609fce030f973c93f394bcc9d3ea/url'
12:31:29.465 [AsyncHttpClient-1-13] DEBUG org.asynchttpclient.netty.handler.HttpHandler - 

Request DefaultFullHttpRequest(decodeResult: success, version: HTTP/1.1, content: EmptyByteBufBE)
GET /session/ac16609fce030f973c93f394bcc9d3ea/url HTTP/1.1
User-Agent: selenium/4.4.0 (java windows)
Cache-Control: no-cache
Content-Type: application/json; charset=utf-8
host: localhost:61478
accept: */*

Response DefaultHttpResponse(decodeResult: success, version: HTTP/1.1)
HTTP/1.1 200 OK
Content-Type: application/json; charset=utf-8
cache-control: no-cache
content-length: 52

12:31:29.465 [AsyncHttpClient-1-13] DEBUG org.asynchttpclient.netty.channel.ChannelManager - Adding key: http://localhost:61478 for channel [id: 0xb596ba03, L:/127.0.0.1:60160 - R:localhost/127.0.0.1:61478]
12:31:29.465 [Forwarding screenshot on session ac16609fce030f973c93f394bcc9d3ea to remote] DEBUG org.asynchttpclient.netty.request.NettyRequestSender - Using pooled Channel '[id: 0xb596ba03, L:/127.0.0.1:60160 - R:localhost/127.0.0.1:61478]' for 'GET' to 'http://localhost:61478/session/ac16609fce030f973c93f394bcc9d3ea/screenshot'
12:31:29.465 [Forwarding screenshot on session ac16609fce030f973c93f394bcc9d3ea to remote] DEBUG org.asynchttpclient.netty.request.NettyRequestSender - Using open Channel [id: 0xb596ba03, L:/127.0.0.1:60160 - R:localhost/127.0.0.1:61478] for GET '/session/ac16609fce030f973c93f394bcc9d3ea/screenshot'
12:31:29.593 [AsyncHttpClient-1-13] DEBUG org.asynchttpclient.netty.handler.HttpHandler - 

Request DefaultFullHttpRequest(decodeResult: success, version: HTTP/1.1, content: EmptyByteBufBE)
GET /session/ac16609fce030f973c93f394bcc9d3ea/screenshot HTTP/1.1
User-Agent: selenium/4.4.0 (java windows)
Cache-Control: no-cache
Content-Type: application/json; charset=utf-8
host: localhost:61478
accept: */*

Response DefaultHttpResponse(decodeResult: success, version: HTTP/1.1)
HTTP/1.1 200 OK
Content-Type: application/json; charset=utf-8
cache-control: no-cache
content-length: 366036

12:31:29.594 [AsyncHttpClient-1-13] DEBUG org.asynchttpclient.netty.channel.ChannelManager - Adding key: http://localhost:61478 for channel [id: 0xb596ba03, L:/127.0.0.1:60160 - R:localhost/127.0.0.1:61478]
12:31:29.602 [Test worker] DEBUG net.serenitybdd.core.photography.Darkroom - Send negative for processing for C:\Users\juan.gomezv\IdeaProjects\sura\target\site\serenity\7341ced0ddf17a7ea0203db98aa26f04d43cdcbe0c2e2d7c09275e7eb2c66144.png
12:31:29.606 [Forwarding getPageSource on session ac16609fce030f973c93f394bcc9d3ea to remote] DEBUG org.asynchttpclient.netty.request.NettyRequestSender - Using pooled Channel '[id: 0xb596ba03, L:/127.0.0.1:60160 - R:localhost/127.0.0.1:61478]' for 'POST' to 'http://localhost:61478/session/ac16609fce030f973c93f394bcc9d3ea/execute/sync'
12:31:29.606 [Forwarding getPageSource on session ac16609fce030f973c93f394bcc9d3ea to remote] DEBUG org.asynchttpclient.netty.request.NettyRequestSender - Using open Channel [id: 0xb596ba03, L:/127.0.0.1:60160 - R:localhost/127.0.0.1:61478] for POST '/session/ac16609fce030f973c93f394bcc9d3ea/execute/sync'
12:31:29.611 [AsyncHttpClient-1-13] DEBUG org.asynchttpclient.netty.handler.HttpHandler - 

Request DefaultHttpRequest(decodeResult: success, version: HTTP/1.1)
POST /session/ac16609fce030f973c93f394bcc9d3ea/execute/sync HTTP/1.1
User-Agent: selenium/4.4.0 (java windows)
Content-Length: 176
Content-Type: application/json; charset=utf-8
host: localhost:61478
accept: */*

Response DefaultHttpResponse(decodeResult: success, version: HTTP/1.1)
HTTP/1.1 200 OK
Content-Type: application/json; charset=utf-8
cache-control: no-cache
content-length: 15306

12:31:29.611 [AsyncHttpClient-1-13] DEBUG org.asynchttpclient.netty.channel.ChannelManager - Adding key: http://localhost:61478 for channel [id: 0xb596ba03, L:/127.0.0.1:60160 - R:localhost/127.0.0.1:61478]
12:31:29.613 [Forwarding getCurrentUrl on session ac16609fce030f973c93f394bcc9d3ea to remote] DEBUG org.asynchttpclient.netty.request.NettyRequestSender - Using pooled Channel '[id: 0xb596ba03, L:/127.0.0.1:60160 - R:localhost/127.0.0.1:61478]' for 'GET' to 'http://localhost:61478/session/ac16609fce030f973c93f394bcc9d3ea/url'
12:31:29.613 [Forwarding getCurrentUrl on session ac16609fce030f973c93f394bcc9d3ea to remote] DEBUG org.asynchttpclient.netty.request.NettyRequestSender - Using open Channel [id: 0xb596ba03, L:/127.0.0.1:60160 - R:localhost/127.0.0.1:61478] for GET '/session/ac16609fce030f973c93f394bcc9d3ea/url'
12:31:29.616 [AsyncHttpClient-1-13] DEBUG org.asynchttpclient.netty.handler.HttpHandler - 

Request DefaultFullHttpRequest(decodeResult: success, version: HTTP/1.1, content: EmptyByteBufBE)
GET /session/ac16609fce030f973c93f394bcc9d3ea/url HTTP/1.1
User-Agent: selenium/4.4.0 (java windows)
Cache-Control: no-cache
Content-Type: application/json; charset=utf-8
host: localhost:61478
accept: */*

Response DefaultHttpResponse(decodeResult: success, version: HTTP/1.1)
HTTP/1.1 200 OK
Content-Type: application/json; charset=utf-8
cache-control: no-cache
content-length: 52

12:31:29.616 [AsyncHttpClient-1-13] DEBUG org.asynchttpclient.netty.channel.ChannelManager - Adding key: http://localhost:61478 for channel [id: 0xb596ba03, L:/127.0.0.1:60160 - R:localhost/127.0.0.1:61478]
12:31:29.617 [Test worker] DEBUG net.thucydides.core.steps.StepInterceptor - STARTING STEP: SelectFromCatalogue.performAs - !#title
12:31:29.626 [Test worker] DEBUG net.serenitybdd.screenplay.targets.IFrameSwitcher - default content already selected for catalogue product button
12:31:29.635 [Forwarding findElements on session ac16609fce030f973c93f394bcc9d3ea to remote] DEBUG org.asynchttpclient.netty.request.NettyRequestSender - Using pooled Channel '[id: 0xb596ba03, L:/127.0.0.1:60160 - R:localhost/127.0.0.1:61478]' for 'POST' to 'http://localhost:61478/session/ac16609fce030f973c93f394bcc9d3ea/elements'
12:31:29.635 [Forwarding findElements on session ac16609fce030f973c93f394bcc9d3ea to remote] DEBUG org.asynchttpclient.netty.request.NettyRequestSender - Using open Channel [id: 0xb596ba03, L:/127.0.0.1:60160 - R:localhost/127.0.0.1:61478] for POST '/session/ac16609fce030f973c93f394bcc9d3ea/elements'
12:31:29.647 [AsyncHttpClient-1-13] DEBUG org.asynchttpclient.netty.handler.HttpHandler - 

Request DefaultHttpRequest(decodeResult: success, version: HTTP/1.1)
POST /session/ac16609fce030f973c93f394bcc9d3ea/elements HTTP/1.1
User-Agent: selenium/4.4.0 (java windows)
Content-Length: 112
Content-Type: application/json; charset=utf-8
host: localhost:61478
accept: */*

Response DefaultHttpResponse(decodeResult: success, version: HTTP/1.1)
HTTP/1.1 200 OK
Content-Type: application/json; charset=utf-8
cache-control: no-cache
content-length: 90

12:31:29.647 [AsyncHttpClient-1-13] DEBUG org.asynchttpclient.netty.channel.ChannelManager - Adding key: http://localhost:61478 for channel [id: 0xb596ba03, L:/127.0.0.1:60160 - R:localhost/127.0.0.1:61478]
12:31:29.655 [Forwarding isElementDisplayed on session ac16609fce030f973c93f394bcc9d3ea to remote] DEBUG org.asynchttpclient.netty.request.NettyRequestSender - Using pooled Channel '[id: 0xb596ba03, L:/127.0.0.1:60160 - R:localhost/127.0.0.1:61478]' for 'POST' to 'http://localhost:61478/session/ac16609fce030f973c93f394bcc9d3ea/execute/sync'
12:31:29.656 [Forwarding isElementDisplayed on session ac16609fce030f973c93f394bcc9d3ea to remote] DEBUG org.asynchttpclient.netty.request.NettyRequestSender - Using open Channel [id: 0xb596ba03, L:/127.0.0.1:60160 - R:localhost/127.0.0.1:61478] for POST '/session/ac16609fce030f973c93f394bcc9d3ea/execute/sync'
12:31:29.665 [AsyncHttpClient-1-13] DEBUG org.asynchttpclient.netty.handler.HttpHandler - 

Request DefaultHttpRequest(decodeResult: success, version: HTTP/1.1)
POST /session/ac16609fce030f973c93f394bcc9d3ea/execute/sync HTTP/1.1
User-Agent: selenium/4.4.0 (java windows)
Content-Length: 48780
Content-Type: application/json; charset=utf-8
host: localhost:61478
accept: */*

Response DefaultHttpResponse(decodeResult: success, version: HTTP/1.1)
HTTP/1.1 200 OK
Content-Type: application/json; charset=utf-8
cache-control: no-cache
content-length: 14

12:31:29.665 [AsyncHttpClient-1-13] DEBUG org.asynchttpclient.netty.channel.ChannelManager - Adding key: http://localhost:61478 for channel [id: 0xb596ba03, L:/127.0.0.1:60160 - R:localhost/127.0.0.1:61478]
12:31:29.667 [Forwarding isElementDisplayed on session ac16609fce030f973c93f394bcc9d3ea to remote] DEBUG org.asynchttpclient.netty.request.NettyRequestSender - Using pooled Channel '[id: 0xb596ba03, L:/127.0.0.1:60160 - R:localhost/127.0.0.1:61478]' for 'POST' to 'http://localhost:61478/session/ac16609fce030f973c93f394bcc9d3ea/execute/sync'
12:31:29.667 [Forwarding isElementDisplayed on session ac16609fce030f973c93f394bcc9d3ea to remote] DEBUG org.asynchttpclient.netty.request.NettyRequestSender - Using open Channel [id: 0xb596ba03, L:/127.0.0.1:60160 - R:localhost/127.0.0.1:61478] for POST '/session/ac16609fce030f973c93f394bcc9d3ea/execute/sync'
12:31:29.674 [AsyncHttpClient-1-13] DEBUG org.asynchttpclient.netty.handler.HttpHandler - 

Request DefaultHttpRequest(decodeResult: success, version: HTTP/1.1)
POST /session/ac16609fce030f973c93f394bcc9d3ea/execute/sync HTTP/1.1
User-Agent: selenium/4.4.0 (java windows)
Content-Length: 48780
Content-Type: application/json; charset=utf-8
host: localhost:61478
accept: */*

Response DefaultHttpResponse(decodeResult: success, version: HTTP/1.1)
HTTP/1.1 200 OK
Content-Type: application/json; charset=utf-8
cache-control: no-cache
content-length: 14

12:31:29.674 [AsyncHttpClient-1-13] DEBUG org.asynchttpclient.netty.channel.ChannelManager - Adding key: http://localhost:61478 for channel [id: 0xb596ba03, L:/127.0.0.1:60160 - R:localhost/127.0.0.1:61478]
12:31:29.689 [Forwarding getCurrentWindowHandle on session ac16609fce030f973c93f394bcc9d3ea to remote] DEBUG org.asynchttpclient.netty.request.NettyRequestSender - Using pooled Channel '[id: 0xb596ba03, L:/127.0.0.1:60160 - R:localhost/127.0.0.1:61478]' for 'GET' to 'http://localhost:61478/session/ac16609fce030f973c93f394bcc9d3ea/window'
12:31:29.689 [Forwarding getCurrentWindowHandle on session ac16609fce030f973c93f394bcc9d3ea to remote] DEBUG org.asynchttpclient.netty.request.NettyRequestSender - Using open Channel [id: 0xb596ba03, L:/127.0.0.1:60160 - R:localhost/127.0.0.1:61478] for GET '/session/ac16609fce030f973c93f394bcc9d3ea/window'
12:31:29.690 [AsyncHttpClient-1-13] DEBUG org.asynchttpclient.netty.handler.HttpHandler - 

Request DefaultFullHttpRequest(decodeResult: success, version: HTTP/1.1, content: EmptyByteBufBE)
GET /session/ac16609fce030f973c93f394bcc9d3ea/window HTTP/1.1
User-Agent: selenium/4.4.0 (java windows)
Cache-Control: no-cache
Content-Type: application/json; charset=utf-8
host: localhost:61478
accept: */*

Response DefaultHttpResponse(decodeResult: success, version: HTTP/1.1)
HTTP/1.1 200 OK
Content-Type: application/json; charset=utf-8
cache-control: no-cache
content-length: 53

12:31:29.690 [AsyncHttpClient-1-13] DEBUG org.asynchttpclient.netty.channel.ChannelManager - Adding key: http://localhost:61478 for channel [id: 0xb596ba03, L:/127.0.0.1:60160 - R:localhost/127.0.0.1:61478]
12:31:29.693 [Forwarding getAlertText on session ac16609fce030f973c93f394bcc9d3ea to remote] DEBUG org.asynchttpclient.netty.request.NettyRequestSender - Using pooled Channel '[id: 0xb596ba03, L:/127.0.0.1:60160 - R:localhost/127.0.0.1:61478]' for 'GET' to 'http://localhost:61478/session/ac16609fce030f973c93f394bcc9d3ea/alert/text'
12:31:29.693 [Forwarding getAlertText on session ac16609fce030f973c93f394bcc9d3ea to remote] DEBUG org.asynchttpclient.netty.request.NettyRequestSender - Using open Channel [id: 0xb596ba03, L:/127.0.0.1:60160 - R:localhost/127.0.0.1:61478] for GET '/session/ac16609fce030f973c93f394bcc9d3ea/alert/text'
12:31:29.694 [AsyncHttpClient-1-13] DEBUG org.asynchttpclient.netty.handler.HttpHandler - 

Request DefaultFullHttpRequest(decodeResult: success, version: HTTP/1.1, content: EmptyByteBufBE)
GET /session/ac16609fce030f973c93f394bcc9d3ea/alert/text HTTP/1.1
User-Agent: selenium/4.4.0 (java windows)
Cache-Control: no-cache
Content-Type: application/json; charset=utf-8
host: localhost:61478
accept: */*

Response DefaultHttpResponse(decodeResult: success, version: HTTP/1.1)
HTTP/1.1 404 Not Found
Content-Type: application/json; charset=utf-8
cache-control: no-cache
content-length: 879

12:31:29.694 [AsyncHttpClient-1-13] DEBUG org.asynchttpclient.netty.channel.ChannelManager - Adding key: http://localhost:61478 for channel [id: 0xb596ba03, L:/127.0.0.1:60160 - R:localhost/127.0.0.1:61478]
12:31:29.697 [Forwarding switchToWindow on session ac16609fce030f973c93f394bcc9d3ea to remote] DEBUG org.asynchttpclient.netty.request.NettyRequestSender - Using pooled Channel '[id: 0xb596ba03, L:/127.0.0.1:60160 - R:localhost/127.0.0.1:61478]' for 'POST' to 'http://localhost:61478/session/ac16609fce030f973c93f394bcc9d3ea/window'
12:31:29.697 [Forwarding switchToWindow on session ac16609fce030f973c93f394bcc9d3ea to remote] DEBUG org.asynchttpclient.netty.request.NettyRequestSender - Using open Channel [id: 0xb596ba03, L:/127.0.0.1:60160 - R:localhost/127.0.0.1:61478] for POST '/session/ac16609fce030f973c93f394bcc9d3ea/window'
12:31:29.700 [AsyncHttpClient-1-13] DEBUG org.asynchttpclient.netty.handler.HttpHandler - 

Request DefaultHttpRequest(decodeResult: success, version: HTTP/1.1)
POST /session/ac16609fce030f973c93f394bcc9d3ea/window HTTP/1.1
User-Agent: selenium/4.4.0 (java windows)
Content-Length: 59
Content-Type: application/json; charset=utf-8
host: localhost:61478
accept: */*

Response DefaultHttpResponse(decodeResult: success, version: HTTP/1.1)
HTTP/1.1 200 OK
Content-Type: application/json; charset=utf-8
cache-control: no-cache
content-length: 14

12:31:29.700 [AsyncHttpClient-1-13] DEBUG org.asynchttpclient.netty.channel.ChannelManager - Adding key: http://localhost:61478 for channel [id: 0xb596ba03, L:/127.0.0.1:60160 - R:localhost/127.0.0.1:61478]
12:31:29.700 [Forwarding getCurrentUrl on session ac16609fce030f973c93f394bcc9d3ea to remote] DEBUG org.asynchttpclient.netty.request.NettyRequestSender - Using pooled Channel '[id: 0xb596ba03, L:/127.0.0.1:60160 - R:localhost/127.0.0.1:61478]' for 'GET' to 'http://localhost:61478/session/ac16609fce030f973c93f394bcc9d3ea/url'
12:31:29.700 [Forwarding getCurrentUrl on session ac16609fce030f973c93f394bcc9d3ea to remote] DEBUG org.asynchttpclient.netty.request.NettyRequestSender - Using open Channel [id: 0xb596ba03, L:/127.0.0.1:60160 - R:localhost/127.0.0.1:61478] for GET '/session/ac16609fce030f973c93f394bcc9d3ea/url'
12:31:29.703 [AsyncHttpClient-1-13] DEBUG org.asynchttpclient.netty.handler.HttpHandler - 

Request DefaultFullHttpRequest(decodeResult: success, version: HTTP/1.1, content: EmptyByteBufBE)
GET /session/ac16609fce030f973c93f394bcc9d3ea/url HTTP/1.1
User-Agent: selenium/4.4.0 (java windows)
Cache-Control: no-cache
Content-Type: application/json; charset=utf-8
host: localhost:61478
accept: */*

Response DefaultHttpResponse(decodeResult: success, version: HTTP/1.1)
HTTP/1.1 200 OK
Content-Type: application/json; charset=utf-8
cache-control: no-cache
content-length: 52

12:31:29.703 [AsyncHttpClient-1-13] DEBUG org.asynchttpclient.netty.channel.ChannelManager - Adding key: http://localhost:61478 for channel [id: 0xb596ba03, L:/127.0.0.1:60160 - R:localhost/127.0.0.1:61478]
12:31:29.703 [Forwarding screenshot on session ac16609fce030f973c93f394bcc9d3ea to remote] DEBUG org.asynchttpclient.netty.request.NettyRequestSender - Using pooled Channel '[id: 0xb596ba03, L:/127.0.0.1:60160 - R:localhost/127.0.0.1:61478]' for 'GET' to 'http://localhost:61478/session/ac16609fce030f973c93f394bcc9d3ea/screenshot'
12:31:29.704 [Forwarding screenshot on session ac16609fce030f973c93f394bcc9d3ea to remote] DEBUG org.asynchttpclient.netty.request.NettyRequestSender - Using open Channel [id: 0xb596ba03, L:/127.0.0.1:60160 - R:localhost/127.0.0.1:61478] for GET '/session/ac16609fce030f973c93f394bcc9d3ea/screenshot'
12:31:29.838 [AsyncHttpClient-1-13] DEBUG org.asynchttpclient.netty.handler.HttpHandler - 

Request DefaultFullHttpRequest(decodeResult: success, version: HTTP/1.1, content: EmptyByteBufBE)
GET /session/ac16609fce030f973c93f394bcc9d3ea/screenshot HTTP/1.1
User-Agent: selenium/4.4.0 (java windows)
Cache-Control: no-cache
Content-Type: application/json; charset=utf-8
host: localhost:61478
accept: */*

Response DefaultHttpResponse(decodeResult: success, version: HTTP/1.1)
HTTP/1.1 200 OK
Content-Type: application/json; charset=utf-8
cache-control: no-cache
content-length: 366036

12:31:29.838 [AsyncHttpClient-1-13] DEBUG org.asynchttpclient.netty.channel.ChannelManager - Adding key: http://localhost:61478 for channel [id: 0xb596ba03, L:/127.0.0.1:60160 - R:localhost/127.0.0.1:61478]
12:31:29.846 [Test worker] DEBUG net.serenitybdd.core.photography.Darkroom - Send negative for processing for C:\Users\juan.gomezv\IdeaProjects\sura\target\site\serenity\7341ced0ddf17a7ea0203db98aa26f04d43cdcbe0c2e2d7c09275e7eb2c66144.png
12:31:29.851 [Forwarding getPageSource on session ac16609fce030f973c93f394bcc9d3ea to remote] DEBUG org.asynchttpclient.netty.request.NettyRequestSender - Using pooled Channel '[id: 0xb596ba03, L:/127.0.0.1:60160 - R:localhost/127.0.0.1:61478]' for 'POST' to 'http://localhost:61478/session/ac16609fce030f973c93f394bcc9d3ea/execute/sync'
12:31:29.851 [Forwarding getPageSource on session ac16609fce030f973c93f394bcc9d3ea to remote] DEBUG org.asynchttpclient.netty.request.NettyRequestSender - Using open Channel [id: 0xb596ba03, L:/127.0.0.1:60160 - R:localhost/127.0.0.1:61478] for POST '/session/ac16609fce030f973c93f394bcc9d3ea/execute/sync'
12:31:29.855 [AsyncHttpClient-1-13] DEBUG org.asynchttpclient.netty.handler.HttpHandler - 

Request DefaultHttpRequest(decodeResult: success, version: HTTP/1.1)
POST /session/ac16609fce030f973c93f394bcc9d3ea/execute/sync HTTP/1.1
User-Agent: selenium/4.4.0 (java windows)
Content-Length: 176
Content-Type: application/json; charset=utf-8
host: localhost:61478
accept: */*

Response DefaultHttpResponse(decodeResult: success, version: HTTP/1.1)
HTTP/1.1 200 OK
Content-Type: application/json; charset=utf-8
cache-control: no-cache
content-length: 15306

12:31:29.855 [AsyncHttpClient-1-13] DEBUG org.asynchttpclient.netty.channel.ChannelManager - Adding key: http://localhost:61478 for channel [id: 0xb596ba03, L:/127.0.0.1:60160 - R:localhost/127.0.0.1:61478]
12:31:29.857 [Forwarding getCurrentUrl on session ac16609fce030f973c93f394bcc9d3ea to remote] DEBUG org.asynchttpclient.netty.request.NettyRequestSender - Using pooled Channel '[id: 0xb596ba03, L:/127.0.0.1:60160 - R:localhost/127.0.0.1:61478]' for 'GET' to 'http://localhost:61478/session/ac16609fce030f973c93f394bcc9d3ea/url'
12:31:29.857 [Forwarding getCurrentUrl on session ac16609fce030f973c93f394bcc9d3ea to remote] DEBUG org.asynchttpclient.netty.request.NettyRequestSender - Using open Channel [id: 0xb596ba03, L:/127.0.0.1:60160 - R:localhost/127.0.0.1:61478] for GET '/session/ac16609fce030f973c93f394bcc9d3ea/url'
12:31:29.859 [AsyncHttpClient-1-13] DEBUG org.asynchttpclient.netty.handler.HttpHandler - 

Request DefaultFullHttpRequest(decodeResult: success, version: HTTP/1.1, content: EmptyByteBufBE)
GET /session/ac16609fce030f973c93f394bcc9d3ea/url HTTP/1.1
User-Agent: selenium/4.4.0 (java windows)
Cache-Control: no-cache
Content-Type: application/json; charset=utf-8
host: localhost:61478
accept: */*

Response DefaultHttpResponse(decodeResult: success, version: HTTP/1.1)
HTTP/1.1 200 OK
Content-Type: application/json; charset=utf-8
cache-control: no-cache
content-length: 52

12:31:29.859 [AsyncHttpClient-1-13] DEBUG org.asynchttpclient.netty.channel.ChannelManager - Adding key: http://localhost:61478 for channel [id: 0xb596ba03, L:/127.0.0.1:60160 - R:localhost/127.0.0.1:61478]
12:31:29.861 [Test worker] DEBUG net.thucydides.core.steps.StepInterceptor - STARTING STEP: SelectFromCatalogue.performAs - {0} clicks on #target
12:31:29.861 [Test worker] DEBUG net.serenitybdd.screenplay.targets.IFrameSwitcher - default content already selected for catalogue product button
12:31:29.890 [Forwarding findElement on session ac16609fce030f973c93f394bcc9d3ea to remote] DEBUG org.asynchttpclient.netty.request.NettyRequestSender - Using pooled Channel '[id: 0xb596ba03, L:/127.0.0.1:60160 - R:localhost/127.0.0.1:61478]' for 'POST' to 'http://localhost:61478/session/ac16609fce030f973c93f394bcc9d3ea/element'
12:31:29.890 [Forwarding findElement on session ac16609fce030f973c93f394bcc9d3ea to remote] DEBUG org.asynchttpclient.netty.request.NettyRequestSender - Using open Channel [id: 0xb596ba03, L:/127.0.0.1:60160 - R:localhost/127.0.0.1:61478] for POST '/session/ac16609fce030f973c93f394bcc9d3ea/element'
12:31:29.900 [AsyncHttpClient-1-13] DEBUG org.asynchttpclient.netty.handler.HttpHandler - 

Request DefaultHttpRequest(decodeResult: success, version: HTTP/1.1)
POST /session/ac16609fce030f973c93f394bcc9d3ea/element HTTP/1.1
User-Agent: selenium/4.4.0 (java windows)
Content-Length: 112
Content-Type: application/json; charset=utf-8
host: localhost:61478
accept: */*

Response DefaultHttpResponse(decodeResult: success, version: HTTP/1.1)
HTTP/1.1 200 OK
Content-Type: application/json; charset=utf-8
cache-control: no-cache
content-length: 88

12:31:29.901 [AsyncHttpClient-1-13] DEBUG org.asynchttpclient.netty.channel.ChannelManager - Adding key: http://localhost:61478 for channel [id: 0xb596ba03, L:/127.0.0.1:60160 - R:localhost/127.0.0.1:61478]
12:31:29.905 [Forwarding isElementDisplayed on session ac16609fce030f973c93f394bcc9d3ea to remote] DEBUG org.asynchttpclient.netty.request.NettyRequestSender - Using pooled Channel '[id: 0xb596ba03, L:/127.0.0.1:60160 - R:localhost/127.0.0.1:61478]' for 'POST' to 'http://localhost:61478/session/ac16609fce030f973c93f394bcc9d3ea/execute/sync'
12:31:29.905 [Forwarding isElementDisplayed on session ac16609fce030f973c93f394bcc9d3ea to remote] DEBUG org.asynchttpclient.netty.request.NettyRequestSender - Using open Channel [id: 0xb596ba03, L:/127.0.0.1:60160 - R:localhost/127.0.0.1:61478] for POST '/session/ac16609fce030f973c93f394bcc9d3ea/execute/sync'
12:31:29.913 [AsyncHttpClient-1-13] DEBUG org.asynchttpclient.netty.handler.HttpHandler - 

Request DefaultHttpRequest(decodeResult: success, version: HTTP/1.1)
POST /session/ac16609fce030f973c93f394bcc9d3ea/execute/sync HTTP/1.1
User-Agent: selenium/4.4.0 (java windows)
Content-Length: 48780
Content-Type: application/json; charset=utf-8
host: localhost:61478
accept: */*

Response DefaultHttpResponse(decodeResult: success, version: HTTP/1.1)
HTTP/1.1 200 OK
Content-Type: application/json; charset=utf-8
cache-control: no-cache
content-length: 14

12:31:29.913 [AsyncHttpClient-1-13] DEBUG org.asynchttpclient.netty.channel.ChannelManager - Adding key: http://localhost:61478 for channel [id: 0xb596ba03, L:/127.0.0.1:60160 - R:localhost/127.0.0.1:61478]
12:31:29.918 [Forwarding findElement on session ac16609fce030f973c93f394bcc9d3ea to remote] DEBUG org.asynchttpclient.netty.request.NettyRequestSender - Using pooled Channel '[id: 0xb596ba03, L:/127.0.0.1:60160 - R:localhost/127.0.0.1:61478]' for 'POST' to 'http://localhost:61478/session/ac16609fce030f973c93f394bcc9d3ea/element'
12:31:29.918 [Forwarding findElement on session ac16609fce030f973c93f394bcc9d3ea to remote] DEBUG org.asynchttpclient.netty.request.NettyRequestSender - Using open Channel [id: 0xb596ba03, L:/127.0.0.1:60160 - R:localhost/127.0.0.1:61478] for POST '/session/ac16609fce030f973c93f394bcc9d3ea/element'
12:31:29.924 [AsyncHttpClient-1-13] DEBUG org.asynchttpclient.netty.handler.HttpHandler - 

Request DefaultHttpRequest(decodeResult: success, version: HTTP/1.1)
POST /session/ac16609fce030f973c93f394bcc9d3ea/element HTTP/1.1
User-Agent: selenium/4.4.0 (java windows)
Content-Length: 112
Content-Type: application/json; charset=utf-8
host: localhost:61478
accept: */*

Response DefaultHttpResponse(decodeResult: success, version: HTTP/1.1)
HTTP/1.1 200 OK
Content-Type: application/json; charset=utf-8
cache-control: no-cache
content-length: 88

12:31:29.925 [AsyncHttpClient-1-13] DEBUG org.asynchttpclient.netty.channel.ChannelManager - Adding key: http://localhost:61478 for channel [id: 0xb596ba03, L:/127.0.0.1:60160 - R:localhost/127.0.0.1:61478]
12:31:29.925 [Forwarding clickElement on session ac16609fce030f973c93f394bcc9d3ea to remote] DEBUG org.asynchttpclient.netty.request.NettyRequestSender - Using pooled Channel '[id: 0xb596ba03, L:/127.0.0.1:60160 - R:localhost/127.0.0.1:61478]' for 'POST' to 'http://localhost:61478/session/ac16609fce030f973c93f394bcc9d3ea/element/0511235a-df46-45a3-983a-06bc2e0b22bf/click'
12:31:29.925 [Forwarding clickElement on session ac16609fce030f973c93f394bcc9d3ea to remote] DEBUG org.asynchttpclient.netty.request.NettyRequestSender - Using open Channel [id: 0xb596ba03, L:/127.0.0.1:60160 - R:localhost/127.0.0.1:61478] for POST '/session/ac16609fce030f973c93f394bcc9d3ea/element/0511235a-df46-45a3-983a-06bc2e0b22bf/click'
12:31:29.955 [AsyncHttpClient-1-13] DEBUG org.asynchttpclient.netty.handler.HttpHandler - 

Request DefaultHttpRequest(decodeResult: success, version: HTTP/1.1)
POST /session/ac16609fce030f973c93f394bcc9d3ea/element/0511235a-df46-45a3-983a-06bc2e0b22bf/click HTTP/1.1
User-Agent: selenium/4.4.0 (java windows)
Content-Length: 50
Content-Type: application/json; charset=utf-8
host: localhost:61478
accept: */*

Response DefaultHttpResponse(decodeResult: success, version: HTTP/1.1)
HTTP/1.1 200 OK
Content-Type: application/json; charset=utf-8
cache-control: no-cache
content-length: 14

12:31:29.955 [AsyncHttpClient-1-13] DEBUG org.asynchttpclient.netty.channel.ChannelManager - Adding key: http://localhost:61478 for channel [id: 0xb596ba03, L:/127.0.0.1:60160 - R:localhost/127.0.0.1:61478]
12:31:29.972 [Forwarding getCurrentWindowHandle on session ac16609fce030f973c93f394bcc9d3ea to remote] DEBUG org.asynchttpclient.netty.request.NettyRequestSender - Using pooled Channel '[id: 0xb596ba03, L:/127.0.0.1:60160 - R:localhost/127.0.0.1:61478]' for 'GET' to 'http://localhost:61478/session/ac16609fce030f973c93f394bcc9d3ea/window'
12:31:29.972 [Forwarding getCurrentWindowHandle on session ac16609fce030f973c93f394bcc9d3ea to remote] DEBUG org.asynchttpclient.netty.request.NettyRequestSender - Using open Channel [id: 0xb596ba03, L:/127.0.0.1:60160 - R:localhost/127.0.0.1:61478] for GET '/session/ac16609fce030f973c93f394bcc9d3ea/window'
12:31:29.973 [AsyncHttpClient-1-13] DEBUG org.asynchttpclient.netty.handler.HttpHandler - 

Request DefaultFullHttpRequest(decodeResult: success, version: HTTP/1.1, content: EmptyByteBufBE)
GET /session/ac16609fce030f973c93f394bcc9d3ea/window HTTP/1.1
User-Agent: selenium/4.4.0 (java windows)
Cache-Control: no-cache
Content-Type: application/json; charset=utf-8
host: localhost:61478
accept: */*

Response DefaultHttpResponse(decodeResult: success, version: HTTP/1.1)
HTTP/1.1 200 OK
Content-Type: application/json; charset=utf-8
cache-control: no-cache
content-length: 53

12:31:29.973 [AsyncHttpClient-1-13] DEBUG org.asynchttpclient.netty.channel.ChannelManager - Adding key: http://localhost:61478 for channel [id: 0xb596ba03, L:/127.0.0.1:60160 - R:localhost/127.0.0.1:61478]
12:31:29.976 [Forwarding getAlertText on session ac16609fce030f973c93f394bcc9d3ea to remote] DEBUG org.asynchttpclient.netty.request.NettyRequestSender - Using pooled Channel '[id: 0xb596ba03, L:/127.0.0.1:60160 - R:localhost/127.0.0.1:61478]' for 'GET' to 'http://localhost:61478/session/ac16609fce030f973c93f394bcc9d3ea/alert/text'
12:31:29.976 [Forwarding getAlertText on session ac16609fce030f973c93f394bcc9d3ea to remote] DEBUG org.asynchttpclient.netty.request.NettyRequestSender - Using open Channel [id: 0xb596ba03, L:/127.0.0.1:60160 - R:localhost/127.0.0.1:61478] for GET '/session/ac16609fce030f973c93f394bcc9d3ea/alert/text'
12:31:29.978 [AsyncHttpClient-1-13] DEBUG org.asynchttpclient.netty.handler.HttpHandler - 

Request DefaultFullHttpRequest(decodeResult: success, version: HTTP/1.1, content: EmptyByteBufBE)
GET /session/ac16609fce030f973c93f394bcc9d3ea/alert/text HTTP/1.1
User-Agent: selenium/4.4.0 (java windows)
Cache-Control: no-cache
Content-Type: application/json; charset=utf-8
host: localhost:61478
accept: */*

Response DefaultHttpResponse(decodeResult: success, version: HTTP/1.1)
HTTP/1.1 404 Not Found
Content-Type: application/json; charset=utf-8
cache-control: no-cache
content-length: 879

12:31:29.978 [AsyncHttpClient-1-13] DEBUG org.asynchttpclient.netty.channel.ChannelManager - Adding key: http://localhost:61478 for channel [id: 0xb596ba03, L:/127.0.0.1:60160 - R:localhost/127.0.0.1:61478]
12:31:29.982 [Forwarding switchToWindow on session ac16609fce030f973c93f394bcc9d3ea to remote] DEBUG org.asynchttpclient.netty.request.NettyRequestSender - Using pooled Channel '[id: 0xb596ba03, L:/127.0.0.1:60160 - R:localhost/127.0.0.1:61478]' for 'POST' to 'http://localhost:61478/session/ac16609fce030f973c93f394bcc9d3ea/window'
12:31:29.982 [Forwarding switchToWindow on session ac16609fce030f973c93f394bcc9d3ea to remote] DEBUG org.asynchttpclient.netty.request.NettyRequestSender - Using open Channel [id: 0xb596ba03, L:/127.0.0.1:60160 - R:localhost/127.0.0.1:61478] for POST '/session/ac16609fce030f973c93f394bcc9d3ea/window'
12:31:29.985 [AsyncHttpClient-1-13] DEBUG org.asynchttpclient.netty.handler.HttpHandler - 

Request DefaultHttpRequest(decodeResult: success, version: HTTP/1.1)
POST /session/ac16609fce030f973c93f394bcc9d3ea/window HTTP/1.1
User-Agent: selenium/4.4.0 (java windows)
Content-Length: 59
Content-Type: application/json; charset=utf-8
host: localhost:61478
accept: */*

Response DefaultHttpResponse(decodeResult: success, version: HTTP/1.1)
HTTP/1.1 200 OK
Content-Type: application/json; charset=utf-8
cache-control: no-cache
content-length: 14

12:31:29.985 [AsyncHttpClient-1-13] DEBUG org.asynchttpclient.netty.channel.ChannelManager - Adding key: http://localhost:61478 for channel [id: 0xb596ba03, L:/127.0.0.1:60160 - R:localhost/127.0.0.1:61478]
12:31:29.985 [Forwarding getCurrentUrl on session ac16609fce030f973c93f394bcc9d3ea to remote] DEBUG org.asynchttpclient.netty.request.NettyRequestSender - Using pooled Channel '[id: 0xb596ba03, L:/127.0.0.1:60160 - R:localhost/127.0.0.1:61478]' for 'GET' to 'http://localhost:61478/session/ac16609fce030f973c93f394bcc9d3ea/url'
12:31:29.985 [Forwarding getCurrentUrl on session ac16609fce030f973c93f394bcc9d3ea to remote] DEBUG org.asynchttpclient.netty.request.NettyRequestSender - Using open Channel [id: 0xb596ba03, L:/127.0.0.1:60160 - R:localhost/127.0.0.1:61478] for GET '/session/ac16609fce030f973c93f394bcc9d3ea/url'
12:31:29.989 [AsyncHttpClient-1-13] DEBUG org.asynchttpclient.netty.handler.HttpHandler - 

Request DefaultFullHttpRequest(decodeResult: success, version: HTTP/1.1, content: EmptyByteBufBE)
GET /session/ac16609fce030f973c93f394bcc9d3ea/url HTTP/1.1
User-Agent: selenium/4.4.0 (java windows)
Cache-Control: no-cache
Content-Type: application/json; charset=utf-8
host: localhost:61478
accept: */*

Response DefaultHttpResponse(decodeResult: success, version: HTTP/1.1)
HTTP/1.1 200 OK
Content-Type: application/json; charset=utf-8
cache-control: no-cache
content-length: 52

12:31:29.989 [AsyncHttpClient-1-13] DEBUG org.asynchttpclient.netty.channel.ChannelManager - Adding key: http://localhost:61478 for channel [id: 0xb596ba03, L:/127.0.0.1:60160 - R:localhost/127.0.0.1:61478]
12:31:29.989 [Forwarding screenshot on session ac16609fce030f973c93f394bcc9d3ea to remote] DEBUG org.asynchttpclient.netty.request.NettyRequestSender - Using pooled Channel '[id: 0xb596ba03, L:/127.0.0.1:60160 - R:localhost/127.0.0.1:61478]' for 'GET' to 'http://localhost:61478/session/ac16609fce030f973c93f394bcc9d3ea/screenshot'
12:31:29.989 [Forwarding screenshot on session ac16609fce030f973c93f394bcc9d3ea to remote] DEBUG org.asynchttpclient.netty.request.NettyRequestSender - Using open Channel [id: 0xb596ba03, L:/127.0.0.1:60160 - R:localhost/127.0.0.1:61478] for GET '/session/ac16609fce030f973c93f394bcc9d3ea/screenshot'
12:31:30.126 [AsyncHttpClient-1-13] DEBUG org.asynchttpclient.netty.handler.HttpHandler - 

Request DefaultFullHttpRequest(decodeResult: success, version: HTTP/1.1, content: EmptyByteBufBE)
GET /session/ac16609fce030f973c93f394bcc9d3ea/screenshot HTTP/1.1
User-Agent: selenium/4.4.0 (java windows)
Cache-Control: no-cache
Content-Type: application/json; charset=utf-8
host: localhost:61478
accept: */*

Response DefaultHttpResponse(decodeResult: success, version: HTTP/1.1)
HTTP/1.1 200 OK
Content-Type: application/json; charset=utf-8
cache-control: no-cache
content-length: 365668

12:31:30.127 [AsyncHttpClient-1-13] DEBUG org.asynchttpclient.netty.channel.ChannelManager - Adding key: http://localhost:61478 for channel [id: 0xb596ba03, L:/127.0.0.1:60160 - R:localhost/127.0.0.1:61478]
12:31:30.135 [Test worker] DEBUG net.serenitybdd.core.photography.Darkroom - Send negative for processing for C:\Users\juan.gomezv\IdeaProjects\sura\target\site\serenity\4d4bf37c8498ce4ab21f5c96e4e1fc304075349a15ff16f783050337b885d528.png
12:31:30.136 [Test worker] DEBUG net.thucydides.core.steps.StepInterceptor - STEP DONE: {0} clicks on #target
12:31:30.136 [Darkroom Processing Line] DEBUG net.serenitybdd.core.photography.DarkroomProcessingLine - Processing screenshot image in /var/screenshots/screenshot-8839638597269309962
12:31:30.136 [Darkroom Processing Line] DEBUG net.serenitybdd.core.photography.DarkroomProcessingLine - Saving screenshot to C:\Users\juan.gomezv\IdeaProjects\sura\target\site\serenity\4d4bf37c8498ce4ab21f5c96e4e1fc304075349a15ff16f783050337b885d528.png
12:31:30.144 [Test worker] DEBUG net.thucydides.core.steps.StepInterceptor - STEP DONE: !#title
12:31:30.151 [Test worker] DEBUG net.thucydides.core.steps.StepInterceptor - STEP DONE: performAs
  ?[32mCuando ?[0m?[32m?[0m?[32m?[1mAna?[0m?[32m hace click en el boton del ?[0m?[32m?[1m5?[0m?[32m articulo?[0m                          ?[90m# sura.stepDefinitions.CatalogueSteps.haceClickEnElBotonDelArticulo(net.serenitybdd.screenplay.Actor,java.lang.Integer)?[0m
12:31:30.171 [Forwarding getPageSource on session ac16609fce030f973c93f394bcc9d3ea to remote] DEBUG org.asynchttpclient.netty.request.NettyRequestSender - Using pooled Channel '[id: 0xb596ba03, L:/127.0.0.1:60160 - R:localhost/127.0.0.1:61478]' for 'POST' to 'http://localhost:61478/session/ac16609fce030f973c93f394bcc9d3ea/execute/sync'
12:31:30.171 [Forwarding getPageSource on session ac16609fce030f973c93f394bcc9d3ea to remote] DEBUG org.asynchttpclient.netty.request.NettyRequestSender - Using open Channel [id: 0xb596ba03, L:/127.0.0.1:60160 - R:localhost/127.0.0.1:61478] for POST '/session/ac16609fce030f973c93f394bcc9d3ea/execute/sync'
12:31:30.176 [AsyncHttpClient-1-13] DEBUG org.asynchttpclient.netty.handler.HttpHandler - 

Request DefaultHttpRequest(decodeResult: success, version: HTTP/1.1)
POST /session/ac16609fce030f973c93f394bcc9d3ea/execute/sync HTTP/1.1
User-Agent: selenium/4.4.0 (java windows)
Content-Length: 176
Content-Type: application/json; charset=utf-8
host: localhost:61478
accept: */*

Response DefaultHttpResponse(decodeResult: success, version: HTTP/1.1)
HTTP/1.1 200 OK
Content-Type: application/json; charset=utf-8
cache-control: no-cache
content-length: 15288

12:31:30.177 [AsyncHttpClient-1-13] DEBUG org.asynchttpclient.netty.channel.ChannelManager - Adding key: http://localhost:61478 for channel [id: 0xb596ba03, L:/127.0.0.1:60160 - R:localhost/127.0.0.1:61478]
12:31:30.178 [Forwarding getCurrentUrl on session ac16609fce030f973c93f394bcc9d3ea to remote] DEBUG org.asynchttpclient.netty.request.NettyRequestSender - Using pooled Channel '[id: 0xb596ba03, L:/127.0.0.1:60160 - R:localhost/127.0.0.1:61478]' for 'GET' to 'http://localhost:61478/session/ac16609fce030f973c93f394bcc9d3ea/url'
12:31:30.178 [Forwarding getCurrentUrl on session ac16609fce030f973c93f394bcc9d3ea to remote] DEBUG org.asynchttpclient.netty.request.NettyRequestSender - Using open Channel [id: 0xb596ba03, L:/127.0.0.1:60160 - R:localhost/127.0.0.1:61478] for GET '/session/ac16609fce030f973c93f394bcc9d3ea/url'
12:31:30.183 [AsyncHttpClient-1-13] DEBUG org.asynchttpclient.netty.handler.HttpHandler - 

Request DefaultFullHttpRequest(decodeResult: success, version: HTTP/1.1, content: EmptyByteBufBE)
GET /session/ac16609fce030f973c93f394bcc9d3ea/url HTTP/1.1
User-Agent: selenium/4.4.0 (java windows)
Cache-Control: no-cache
Content-Type: application/json; charset=utf-8
host: localhost:61478
accept: */*

Response DefaultHttpResponse(decodeResult: success, version: HTTP/1.1)
HTTP/1.1 200 OK
Content-Type: application/json; charset=utf-8
cache-control: no-cache
content-length: 52

12:31:30.183 [AsyncHttpClient-1-13] DEBUG org.asynchttpclient.netty.channel.ChannelManager - Adding key: http://localhost:61478 for channel [id: 0xb596ba03, L:/127.0.0.1:60160 - R:localhost/127.0.0.1:61478]
12:31:30.202 [Forwarding getCurrentWindowHandle on session ac16609fce030f973c93f394bcc9d3ea to remote] DEBUG org.asynchttpclient.netty.request.NettyRequestSender - Using pooled Channel '[id: 0xb596ba03, L:/127.0.0.1:60160 - R:localhost/127.0.0.1:61478]' for 'GET' to 'http://localhost:61478/session/ac16609fce030f973c93f394bcc9d3ea/window'
12:31:30.202 [Forwarding getCurrentWindowHandle on session ac16609fce030f973c93f394bcc9d3ea to remote] DEBUG org.asynchttpclient.netty.request.NettyRequestSender - Using open Channel [id: 0xb596ba03, L:/127.0.0.1:60160 - R:localhost/127.0.0.1:61478] for GET '/session/ac16609fce030f973c93f394bcc9d3ea/window'
12:31:30.203 [AsyncHttpClient-1-13] DEBUG org.asynchttpclient.netty.handler.HttpHandler - 

Request DefaultFullHttpRequest(decodeResult: success, version: HTTP/1.1, content: EmptyByteBufBE)
GET /session/ac16609fce030f973c93f394bcc9d3ea/window HTTP/1.1
User-Agent: selenium/4.4.0 (java windows)
Cache-Control: no-cache
Content-Type: application/json; charset=utf-8
host: localhost:61478
accept: */*

Response DefaultHttpResponse(decodeResult: success, version: HTTP/1.1)
HTTP/1.1 200 OK
Content-Type: application/json; charset=utf-8
cache-control: no-cache
content-length: 53

12:31:30.203 [AsyncHttpClient-1-13] DEBUG org.asynchttpclient.netty.channel.ChannelManager - Adding key: http://localhost:61478 for channel [id: 0xb596ba03, L:/127.0.0.1:60160 - R:localhost/127.0.0.1:61478]
12:31:30.206 [Forwarding getAlertText on session ac16609fce030f973c93f394bcc9d3ea to remote] DEBUG org.asynchttpclient.netty.request.NettyRequestSender - Using pooled Channel '[id: 0xb596ba03, L:/127.0.0.1:60160 - R:localhost/127.0.0.1:61478]' for 'GET' to 'http://localhost:61478/session/ac16609fce030f973c93f394bcc9d3ea/alert/text'
12:31:30.206 [Forwarding getAlertText on session ac16609fce030f973c93f394bcc9d3ea to remote] DEBUG org.asynchttpclient.netty.request.NettyRequestSender - Using open Channel [id: 0xb596ba03, L:/127.0.0.1:60160 - R:localhost/127.0.0.1:61478] for GET '/session/ac16609fce030f973c93f394bcc9d3ea/alert/text'
12:31:30.208 [AsyncHttpClient-1-13] DEBUG org.asynchttpclient.netty.handler.HttpHandler - 

Request DefaultFullHttpRequest(decodeResult: success, version: HTTP/1.1, content: EmptyByteBufBE)
GET /session/ac16609fce030f973c93f394bcc9d3ea/alert/text HTTP/1.1
User-Agent: selenium/4.4.0 (java windows)
Cache-Control: no-cache
Content-Type: application/json; charset=utf-8
host: localhost:61478
accept: */*

Response DefaultHttpResponse(decodeResult: success, version: HTTP/1.1)
HTTP/1.1 404 Not Found
Content-Type: application/json; charset=utf-8
cache-control: no-cache
content-length: 879

12:31:30.208 [AsyncHttpClient-1-13] DEBUG org.asynchttpclient.netty.channel.ChannelManager - Adding key: http://localhost:61478 for channel [id: 0xb596ba03, L:/127.0.0.1:60160 - R:localhost/127.0.0.1:61478]
12:31:30.213 [Forwarding switchToWindow on session ac16609fce030f973c93f394bcc9d3ea to remote] DEBUG org.asynchttpclient.netty.request.NettyRequestSender - Using pooled Channel '[id: 0xb596ba03, L:/127.0.0.1:60160 - R:localhost/127.0.0.1:61478]' for 'POST' to 'http://localhost:61478/session/ac16609fce030f973c93f394bcc9d3ea/window'
12:31:30.214 [Forwarding switchToWindow on session ac16609fce030f973c93f394bcc9d3ea to remote] DEBUG org.asynchttpclient.netty.request.NettyRequestSender - Using open Channel [id: 0xb596ba03, L:/127.0.0.1:60160 - R:localhost/127.0.0.1:61478] for POST '/session/ac16609fce030f973c93f394bcc9d3ea/window'
12:31:30.216 [AsyncHttpClient-1-13] DEBUG org.asynchttpclient.netty.handler.HttpHandler - 

Request DefaultHttpRequest(decodeResult: success, version: HTTP/1.1)
POST /session/ac16609fce030f973c93f394bcc9d3ea/window HTTP/1.1
User-Agent: selenium/4.4.0 (java windows)
Content-Length: 59
Content-Type: application/json; charset=utf-8
host: localhost:61478
accept: */*

Response DefaultHttpResponse(decodeResult: success, version: HTTP/1.1)
HTTP/1.1 200 OK
Content-Type: application/json; charset=utf-8
cache-control: no-cache
content-length: 14

12:31:30.216 [AsyncHttpClient-1-13] DEBUG org.asynchttpclient.netty.channel.ChannelManager - Adding key: http://localhost:61478 for channel [id: 0xb596ba03, L:/127.0.0.1:60160 - R:localhost/127.0.0.1:61478]
12:31:30.217 [Forwarding getCurrentUrl on session ac16609fce030f973c93f394bcc9d3ea to remote] DEBUG org.asynchttpclient.netty.request.NettyRequestSender - Using pooled Channel '[id: 0xb596ba03, L:/127.0.0.1:60160 - R:localhost/127.0.0.1:61478]' for 'GET' to 'http://localhost:61478/session/ac16609fce030f973c93f394bcc9d3ea/url'
12:31:30.217 [Forwarding getCurrentUrl on session ac16609fce030f973c93f394bcc9d3ea to remote] DEBUG org.asynchttpclient.netty.request.NettyRequestSender - Using open Channel [id: 0xb596ba03, L:/127.0.0.1:60160 - R:localhost/127.0.0.1:61478] for GET '/session/ac16609fce030f973c93f394bcc9d3ea/url'
12:31:30.221 [AsyncHttpClient-1-13] DEBUG org.asynchttpclient.netty.handler.HttpHandler - 

Request DefaultFullHttpRequest(decodeResult: success, version: HTTP/1.1, content: EmptyByteBufBE)
GET /session/ac16609fce030f973c93f394bcc9d3ea/url HTTP/1.1
User-Agent: selenium/4.4.0 (java windows)
Cache-Control: no-cache
Content-Type: application/json; charset=utf-8
host: localhost:61478
accept: */*

Response DefaultHttpResponse(decodeResult: success, version: HTTP/1.1)
HTTP/1.1 200 OK
Content-Type: application/json; charset=utf-8
cache-control: no-cache
content-length: 52

12:31:30.221 [AsyncHttpClient-1-13] DEBUG org.asynchttpclient.netty.channel.ChannelManager - Adding key: http://localhost:61478 for channel [id: 0xb596ba03, L:/127.0.0.1:60160 - R:localhost/127.0.0.1:61478]
12:31:30.221 [Forwarding screenshot on session ac16609fce030f973c93f394bcc9d3ea to remote] DEBUG org.asynchttpclient.netty.request.NettyRequestSender - Using pooled Channel '[id: 0xb596ba03, L:/127.0.0.1:60160 - R:localhost/127.0.0.1:61478]' for 'GET' to 'http://localhost:61478/session/ac16609fce030f973c93f394bcc9d3ea/screenshot'
12:31:30.221 [Forwarding screenshot on session ac16609fce030f973c93f394bcc9d3ea to remote] DEBUG org.asynchttpclient.netty.request.NettyRequestSender - Using open Channel [id: 0xb596ba03, L:/127.0.0.1:60160 - R:localhost/127.0.0.1:61478] for GET '/session/ac16609fce030f973c93f394bcc9d3ea/screenshot'
12:31:30.346 [AsyncHttpClient-1-13] DEBUG org.asynchttpclient.netty.handler.HttpHandler - 

Request DefaultFullHttpRequest(decodeResult: success, version: HTTP/1.1, content: EmptyByteBufBE)
GET /session/ac16609fce030f973c93f394bcc9d3ea/screenshot HTTP/1.1
User-Agent: selenium/4.4.0 (java windows)
Cache-Control: no-cache
Content-Type: application/json; charset=utf-8
host: localhost:61478
accept: */*

Response DefaultHttpResponse(decodeResult: success, version: HTTP/1.1)
HTTP/1.1 200 OK
Content-Type: application/json; charset=utf-8
cache-control: no-cache
content-length: 365668

12:31:30.346 [AsyncHttpClient-1-13] DEBUG org.asynchttpclient.netty.channel.ChannelManager - Adding key: http://localhost:61478 for channel [id: 0xb596ba03, L:/127.0.0.1:60160 - R:localhost/127.0.0.1:61478]
12:31:30.355 [Test worker] DEBUG net.serenitybdd.core.photography.Darkroom - Send negative for processing for C:\Users\juan.gomezv\IdeaProjects\sura\target\site\serenity\4d4bf37c8498ce4ab21f5c96e4e1fc304075349a15ff16f783050337b885d528.png
12:31:30.359 [Forwarding getPageSource on session ac16609fce030f973c93f394bcc9d3ea to remote] DEBUG org.asynchttpclient.netty.request.NettyRequestSender - Using pooled Channel '[id: 0xb596ba03, L:/127.0.0.1:60160 - R:localhost/127.0.0.1:61478]' for 'POST' to 'http://localhost:61478/session/ac16609fce030f973c93f394bcc9d3ea/execute/sync'
12:31:30.359 [Forwarding getPageSource on session ac16609fce030f973c93f394bcc9d3ea to remote] DEBUG org.asynchttpclient.netty.request.NettyRequestSender - Using open Channel [id: 0xb596ba03, L:/127.0.0.1:60160 - R:localhost/127.0.0.1:61478] for POST '/session/ac16609fce030f973c93f394bcc9d3ea/execute/sync'
12:31:30.363 [AsyncHttpClient-1-13] DEBUG org.asynchttpclient.netty.handler.HttpHandler - 

Request DefaultHttpRequest(decodeResult: success, version: HTTP/1.1)
POST /session/ac16609fce030f973c93f394bcc9d3ea/execute/sync HTTP/1.1
User-Agent: selenium/4.4.0 (java windows)
Content-Length: 176
Content-Type: application/json; charset=utf-8
host: localhost:61478
accept: */*

Response DefaultHttpResponse(decodeResult: success, version: HTTP/1.1)
HTTP/1.1 200 OK
Content-Type: application/json; charset=utf-8
cache-control: no-cache
content-length: 15288

12:31:30.363 [AsyncHttpClient-1-13] DEBUG org.asynchttpclient.netty.channel.ChannelManager - Adding key: http://localhost:61478 for channel [id: 0xb596ba03, L:/127.0.0.1:60160 - R:localhost/127.0.0.1:61478]
12:31:30.365 [Forwarding getCurrentUrl on session ac16609fce030f973c93f394bcc9d3ea to remote] DEBUG org.asynchttpclient.netty.request.NettyRequestSender - Using pooled Channel '[id: 0xb596ba03, L:/127.0.0.1:60160 - R:localhost/127.0.0.1:61478]' for 'GET' to 'http://localhost:61478/session/ac16609fce030f973c93f394bcc9d3ea/url'
12:31:30.366 [Forwarding getCurrentUrl on session ac16609fce030f973c93f394bcc9d3ea to remote] DEBUG org.asynchttpclient.netty.request.NettyRequestSender - Using open Channel [id: 0xb596ba03, L:/127.0.0.1:60160 - R:localhost/127.0.0.1:61478] for GET '/session/ac16609fce030f973c93f394bcc9d3ea/url'
12:31:30.368 [AsyncHttpClient-1-13] DEBUG org.asynchttpclient.netty.handler.HttpHandler - 

Request DefaultFullHttpRequest(decodeResult: success, version: HTTP/1.1, content: EmptyByteBufBE)
GET /session/ac16609fce030f973c93f394bcc9d3ea/url HTTP/1.1
User-Agent: selenium/4.4.0 (java windows)
Cache-Control: no-cache
Content-Type: application/json; charset=utf-8
host: localhost:61478
accept: */*

Response DefaultHttpResponse(decodeResult: success, version: HTTP/1.1)
HTTP/1.1 200 OK
Content-Type: application/json; charset=utf-8
cache-control: no-cache
content-length: 52

12:31:30.369 [AsyncHttpClient-1-13] DEBUG org.asynchttpclient.netty.channel.ChannelManager - Adding key: http://localhost:61478 for channel [id: 0xb596ba03, L:/127.0.0.1:60160 - R:localhost/127.0.0.1:61478]
12:31:30.370 [Test worker] DEBUG net.thucydides.core.steps.StepInterceptor - STARTING STEP: CatalogueSteps.haceClickEnElBotonDelArticulo - performAs
12:31:30.395 [Forwarding getPageSource on session ac16609fce030f973c93f394bcc9d3ea to remote] DEBUG org.asynchttpclient.netty.request.NettyRequestSender - Using pooled Channel '[id: 0xb596ba03, L:/127.0.0.1:60160 - R:localhost/127.0.0.1:61478]' for 'POST' to 'http://localhost:61478/session/ac16609fce030f973c93f394bcc9d3ea/execute/sync'
12:31:30.395 [Forwarding getPageSource on session ac16609fce030f973c93f394bcc9d3ea to remote] DEBUG org.asynchttpclient.netty.request.NettyRequestSender - Using open Channel [id: 0xb596ba03, L:/127.0.0.1:60160 - R:localhost/127.0.0.1:61478] for POST '/session/ac16609fce030f973c93f394bcc9d3ea/execute/sync'
12:31:30.400 [AsyncHttpClient-1-13] DEBUG org.asynchttpclient.netty.handler.HttpHandler - 

Request DefaultHttpRequest(decodeResult: success, version: HTTP/1.1)
POST /session/ac16609fce030f973c93f394bcc9d3ea/execute/sync HTTP/1.1
User-Agent: selenium/4.4.0 (java windows)
Content-Length: 176
Content-Type: application/json; charset=utf-8
host: localhost:61478
accept: */*

Response DefaultHttpResponse(decodeResult: success, version: HTTP/1.1)
HTTP/1.1 200 OK
Content-Type: application/json; charset=utf-8
cache-control: no-cache
content-length: 15288

12:31:30.400 [AsyncHttpClient-1-13] DEBUG org.asynchttpclient.netty.channel.ChannelManager - Adding key: http://localhost:61478 for channel [id: 0xb596ba03, L:/127.0.0.1:60160 - R:localhost/127.0.0.1:61478]
12:31:30.402 [Forwarding getCurrentUrl on session ac16609fce030f973c93f394bcc9d3ea to remote] DEBUG org.asynchttpclient.netty.request.NettyRequestSender - Using pooled Channel '[id: 0xb596ba03, L:/127.0.0.1:60160 - R:localhost/127.0.0.1:61478]' for 'GET' to 'http://localhost:61478/session/ac16609fce030f973c93f394bcc9d3ea/url'
12:31:30.402 [Forwarding getCurrentUrl on session ac16609fce030f973c93f394bcc9d3ea to remote] DEBUG org.asynchttpclient.netty.request.NettyRequestSender - Using open Channel [id: 0xb596ba03, L:/127.0.0.1:60160 - R:localhost/127.0.0.1:61478] for GET '/session/ac16609fce030f973c93f394bcc9d3ea/url'
12:31:30.406 [AsyncHttpClient-1-13] DEBUG org.asynchttpclient.netty.handler.HttpHandler - 

Request DefaultFullHttpRequest(decodeResult: success, version: HTTP/1.1, content: EmptyByteBufBE)
GET /session/ac16609fce030f973c93f394bcc9d3ea/url HTTP/1.1
User-Agent: selenium/4.4.0 (java windows)
Cache-Control: no-cache
Content-Type: application/json; charset=utf-8
host: localhost:61478
accept: */*

Response DefaultHttpResponse(decodeResult: success, version: HTTP/1.1)
HTTP/1.1 200 OK
Content-Type: application/json; charset=utf-8
cache-control: no-cache
content-length: 52

12:31:30.406 [AsyncHttpClient-1-13] DEBUG org.asynchttpclient.netty.channel.ChannelManager - Adding key: http://localhost:61478 for channel [id: 0xb596ba03, L:/127.0.0.1:60160 - R:localhost/127.0.0.1:61478]
12:31:30.407 [Test worker] DEBUG net.thucydides.core.steps.StepInterceptor - STARTING STEP: SelectFromCatalogue.performAs - !#title
12:31:30.413 [Test worker] DEBUG net.serenitybdd.screenplay.targets.IFrameSwitcher - default content already selected for catalogue product button
12:31:30.417 [Forwarding findElements on session ac16609fce030f973c93f394bcc9d3ea to remote] DEBUG org.asynchttpclient.netty.request.NettyRequestSender - Using pooled Channel '[id: 0xb596ba03, L:/127.0.0.1:60160 - R:localhost/127.0.0.1:61478]' for 'POST' to 'http://localhost:61478/session/ac16609fce030f973c93f394bcc9d3ea/elements'
12:31:30.417 [Forwarding findElements on session ac16609fce030f973c93f394bcc9d3ea to remote] DEBUG org.asynchttpclient.netty.request.NettyRequestSender - Using open Channel [id: 0xb596ba03, L:/127.0.0.1:60160 - R:localhost/127.0.0.1:61478] for POST '/session/ac16609fce030f973c93f394bcc9d3ea/elements'
12:31:30.422 [AsyncHttpClient-1-13] DEBUG org.asynchttpclient.netty.handler.HttpHandler - 

Request DefaultHttpRequest(decodeResult: success, version: HTTP/1.1)
POST /session/ac16609fce030f973c93f394bcc9d3ea/elements HTTP/1.1
User-Agent: selenium/4.4.0 (java windows)
Content-Length: 112
Content-Type: application/json; charset=utf-8
host: localhost:61478
accept: */*

Response DefaultHttpResponse(decodeResult: success, version: HTTP/1.1)
HTTP/1.1 200 OK
Content-Type: application/json; charset=utf-8
cache-control: no-cache
content-length: 90

12:31:30.422 [AsyncHttpClient-1-13] DEBUG org.asynchttpclient.netty.channel.ChannelManager - Adding key: http://localhost:61478 for channel [id: 0xb596ba03, L:/127.0.0.1:60160 - R:localhost/127.0.0.1:61478]
12:31:30.429 [Forwarding isElementDisplayed on session ac16609fce030f973c93f394bcc9d3ea to remote] DEBUG org.asynchttpclient.netty.request.NettyRequestSender - Using pooled Channel '[id: 0xb596ba03, L:/127.0.0.1:60160 - R:localhost/127.0.0.1:61478]' for 'POST' to 'http://localhost:61478/session/ac16609fce030f973c93f394bcc9d3ea/execute/sync'
12:31:30.429 [Forwarding isElementDisplayed on session ac16609fce030f973c93f394bcc9d3ea to remote] DEBUG org.asynchttpclient.netty.request.NettyRequestSender - Using open Channel [id: 0xb596ba03, L:/127.0.0.1:60160 - R:localhost/127.0.0.1:61478] for POST '/session/ac16609fce030f973c93f394bcc9d3ea/execute/sync'
12:31:30.435 [AsyncHttpClient-1-13] DEBUG org.asynchttpclient.netty.handler.HttpHandler - 

Request DefaultHttpRequest(decodeResult: success, version: HTTP/1.1)
POST /session/ac16609fce030f973c93f394bcc9d3ea/execute/sync HTTP/1.1
User-Agent: selenium/4.4.0 (java windows)
Content-Length: 48780
Content-Type: application/json; charset=utf-8
host: localhost:61478
accept: */*

Response DefaultHttpResponse(decodeResult: success, version: HTTP/1.1)
HTTP/1.1 200 OK
Content-Type: application/json; charset=utf-8
cache-control: no-cache
content-length: 14

12:31:30.435 [AsyncHttpClient-1-13] DEBUG org.asynchttpclient.netty.channel.ChannelManager - Adding key: http://localhost:61478 for channel [id: 0xb596ba03, L:/127.0.0.1:60160 - R:localhost/127.0.0.1:61478]
12:31:30.438 [Forwarding isElementDisplayed on session ac16609fce030f973c93f394bcc9d3ea to remote] DEBUG org.asynchttpclient.netty.request.NettyRequestSender - Using pooled Channel '[id: 0xb596ba03, L:/127.0.0.1:60160 - R:localhost/127.0.0.1:61478]' for 'POST' to 'http://localhost:61478/session/ac16609fce030f973c93f394bcc9d3ea/execute/sync'
12:31:30.438 [Forwarding isElementDisplayed on session ac16609fce030f973c93f394bcc9d3ea to remote] DEBUG org.asynchttpclient.netty.request.NettyRequestSender - Using open Channel [id: 0xb596ba03, L:/127.0.0.1:60160 - R:localhost/127.0.0.1:61478] for POST '/session/ac16609fce030f973c93f394bcc9d3ea/execute/sync'
12:31:30.446 [AsyncHttpClient-1-13] DEBUG org.asynchttpclient.netty.handler.HttpHandler - 

Request DefaultHttpRequest(decodeResult: success, version: HTTP/1.1)
POST /session/ac16609fce030f973c93f394bcc9d3ea/execute/sync HTTP/1.1
User-Agent: selenium/4.4.0 (java windows)
Content-Length: 48780
Content-Type: application/json; charset=utf-8
host: localhost:61478
accept: */*

Response DefaultHttpResponse(decodeResult: success, version: HTTP/1.1)
HTTP/1.1 200 OK
Content-Type: application/json; charset=utf-8
cache-control: no-cache
content-length: 14

12:31:30.446 [AsyncHttpClient-1-13] DEBUG org.asynchttpclient.netty.channel.ChannelManager - Adding key: http://localhost:61478 for channel [id: 0xb596ba03, L:/127.0.0.1:60160 - R:localhost/127.0.0.1:61478]
12:31:30.461 [Forwarding getCurrentWindowHandle on session ac16609fce030f973c93f394bcc9d3ea to remote] DEBUG org.asynchttpclient.netty.request.NettyRequestSender - Using pooled Channel '[id: 0xb596ba03, L:/127.0.0.1:60160 - R:localhost/127.0.0.1:61478]' for 'GET' to 'http://localhost:61478/session/ac16609fce030f973c93f394bcc9d3ea/window'
12:31:30.461 [Forwarding getCurrentWindowHandle on session ac16609fce030f973c93f394bcc9d3ea to remote] DEBUG org.asynchttpclient.netty.request.NettyRequestSender - Using open Channel [id: 0xb596ba03, L:/127.0.0.1:60160 - R:localhost/127.0.0.1:61478] for GET '/session/ac16609fce030f973c93f394bcc9d3ea/window'
12:31:30.462 [AsyncHttpClient-1-13] DEBUG org.asynchttpclient.netty.handler.HttpHandler - 

Request DefaultFullHttpRequest(decodeResult: success, version: HTTP/1.1, content: EmptyByteBufBE)
GET /session/ac16609fce030f973c93f394bcc9d3ea/window HTTP/1.1
User-Agent: selenium/4.4.0 (java windows)
Cache-Control: no-cache
Content-Type: application/json; charset=utf-8
host: localhost:61478
accept: */*

Response DefaultHttpResponse(decodeResult: success, version: HTTP/1.1)
HTTP/1.1 200 OK
Content-Type: application/json; charset=utf-8
cache-control: no-cache
content-length: 53

12:31:30.462 [AsyncHttpClient-1-13] DEBUG org.asynchttpclient.netty.channel.ChannelManager - Adding key: http://localhost:61478 for channel [id: 0xb596ba03, L:/127.0.0.1:60160 - R:localhost/127.0.0.1:61478]
12:31:30.465 [Forwarding getAlertText on session ac16609fce030f973c93f394bcc9d3ea to remote] DEBUG org.asynchttpclient.netty.request.NettyRequestSender - Using pooled Channel '[id: 0xb596ba03, L:/127.0.0.1:60160 - R:localhost/127.0.0.1:61478]' for 'GET' to 'http://localhost:61478/session/ac16609fce030f973c93f394bcc9d3ea/alert/text'
12:31:30.465 [Forwarding getAlertText on session ac16609fce030f973c93f394bcc9d3ea to remote] DEBUG org.asynchttpclient.netty.request.NettyRequestSender - Using open Channel [id: 0xb596ba03, L:/127.0.0.1:60160 - R:localhost/127.0.0.1:61478] for GET '/session/ac16609fce030f973c93f394bcc9d3ea/alert/text'
12:31:30.466 [AsyncHttpClient-1-13] DEBUG org.asynchttpclient.netty.handler.HttpHandler - 

Request DefaultFullHttpRequest(decodeResult: success, version: HTTP/1.1, content: EmptyByteBufBE)
GET /session/ac16609fce030f973c93f394bcc9d3ea/alert/text HTTP/1.1
User-Agent: selenium/4.4.0 (java windows)
Cache-Control: no-cache
Content-Type: application/json; charset=utf-8
host: localhost:61478
accept: */*

Response DefaultHttpResponse(decodeResult: success, version: HTTP/1.1)
HTTP/1.1 404 Not Found
Content-Type: application/json; charset=utf-8
cache-control: no-cache
content-length: 879

12:31:30.466 [AsyncHttpClient-1-13] DEBUG org.asynchttpclient.netty.channel.ChannelManager - Adding key: http://localhost:61478 for channel [id: 0xb596ba03, L:/127.0.0.1:60160 - R:localhost/127.0.0.1:61478]
12:31:30.469 [Forwarding switchToWindow on session ac16609fce030f973c93f394bcc9d3ea to remote] DEBUG org.asynchttpclient.netty.request.NettyRequestSender - Using pooled Channel '[id: 0xb596ba03, L:/127.0.0.1:60160 - R:localhost/127.0.0.1:61478]' for 'POST' to 'http://localhost:61478/session/ac16609fce030f973c93f394bcc9d3ea/window'
12:31:30.469 [Forwarding switchToWindow on session ac16609fce030f973c93f394bcc9d3ea to remote] DEBUG org.asynchttpclient.netty.request.NettyRequestSender - Using open Channel [id: 0xb596ba03, L:/127.0.0.1:60160 - R:localhost/127.0.0.1:61478] for POST '/session/ac16609fce030f973c93f394bcc9d3ea/window'
12:31:30.471 [AsyncHttpClient-1-13] DEBUG org.asynchttpclient.netty.handler.HttpHandler - 

Request DefaultHttpRequest(decodeResult: success, version: HTTP/1.1)
POST /session/ac16609fce030f973c93f394bcc9d3ea/window HTTP/1.1
User-Agent: selenium/4.4.0 (java windows)
Content-Length: 59
Content-Type: application/json; charset=utf-8
host: localhost:61478
accept: */*

Response DefaultHttpResponse(decodeResult: success, version: HTTP/1.1)
HTTP/1.1 200 OK
Content-Type: application/json; charset=utf-8
cache-control: no-cache
content-length: 14

12:31:30.472 [AsyncHttpClient-1-13] DEBUG org.asynchttpclient.netty.channel.ChannelManager - Adding key: http://localhost:61478 for channel [id: 0xb596ba03, L:/127.0.0.1:60160 - R:localhost/127.0.0.1:61478]
12:31:30.472 [Forwarding getCurrentUrl on session ac16609fce030f973c93f394bcc9d3ea to remote] DEBUG org.asynchttpclient.netty.request.NettyRequestSender - Using pooled Channel '[id: 0xb596ba03, L:/127.0.0.1:60160 - R:localhost/127.0.0.1:61478]' for 'GET' to 'http://localhost:61478/session/ac16609fce030f973c93f394bcc9d3ea/url'
12:31:30.472 [Forwarding getCurrentUrl on session ac16609fce030f973c93f394bcc9d3ea to remote] DEBUG org.asynchttpclient.netty.request.NettyRequestSender - Using open Channel [id: 0xb596ba03, L:/127.0.0.1:60160 - R:localhost/127.0.0.1:61478] for GET '/session/ac16609fce030f973c93f394bcc9d3ea/url'
12:31:30.474 [AsyncHttpClient-1-13] DEBUG org.asynchttpclient.netty.handler.HttpHandler - 

Request DefaultFullHttpRequest(decodeResult: success, version: HTTP/1.1, content: EmptyByteBufBE)
GET /session/ac16609fce030f973c93f394bcc9d3ea/url HTTP/1.1
User-Agent: selenium/4.4.0 (java windows)
Cache-Control: no-cache
Content-Type: application/json; charset=utf-8
host: localhost:61478
accept: */*

Response DefaultHttpResponse(decodeResult: success, version: HTTP/1.1)
HTTP/1.1 200 OK
Content-Type: application/json; charset=utf-8
cache-control: no-cache
content-length: 52

12:31:30.474 [AsyncHttpClient-1-13] DEBUG org.asynchttpclient.netty.channel.ChannelManager - Adding key: http://localhost:61478 for channel [id: 0xb596ba03, L:/127.0.0.1:60160 - R:localhost/127.0.0.1:61478]
12:31:30.474 [Forwarding screenshot on session ac16609fce030f973c93f394bcc9d3ea to remote] DEBUG org.asynchttpclient.netty.request.NettyRequestSender - Using pooled Channel '[id: 0xb596ba03, L:/127.0.0.1:60160 - R:localhost/127.0.0.1:61478]' for 'GET' to 'http://localhost:61478/session/ac16609fce030f973c93f394bcc9d3ea/screenshot'
12:31:30.474 [Forwarding screenshot on session ac16609fce030f973c93f394bcc9d3ea to remote] DEBUG org.asynchttpclient.netty.request.NettyRequestSender - Using open Channel [id: 0xb596ba03, L:/127.0.0.1:60160 - R:localhost/127.0.0.1:61478] for GET '/session/ac16609fce030f973c93f394bcc9d3ea/screenshot'
12:31:30.544 [AsyncHttpClient-1-1] DEBUG org.asynchttpclient.netty.channel.DefaultChannelPool - Entry count for : http://localhost:60161 : 1
12:31:30.597 [AsyncHttpClient-1-13] DEBUG org.asynchttpclient.netty.handler.HttpHandler - 

Request DefaultFullHttpRequest(decodeResult: success, version: HTTP/1.1, content: EmptyByteBufBE)
GET /session/ac16609fce030f973c93f394bcc9d3ea/screenshot HTTP/1.1
User-Agent: selenium/4.4.0 (java windows)
Cache-Control: no-cache
Content-Type: application/json; charset=utf-8
host: localhost:61478
accept: */*

Response DefaultHttpResponse(decodeResult: success, version: HTTP/1.1)
HTTP/1.1 200 OK
Content-Type: application/json; charset=utf-8
cache-control: no-cache
content-length: 365668

12:31:30.597 [AsyncHttpClient-1-13] DEBUG org.asynchttpclient.netty.channel.ChannelManager - Adding key: http://localhost:61478 for channel [id: 0xb596ba03, L:/127.0.0.1:60160 - R:localhost/127.0.0.1:61478]
12:31:30.605 [Test worker] DEBUG net.serenitybdd.core.photography.Darkroom - Send negative for processing for C:\Users\juan.gomezv\IdeaProjects\sura\target\site\serenity\4d4bf37c8498ce4ab21f5c96e4e1fc304075349a15ff16f783050337b885d528.png
12:31:30.609 [Forwarding getPageSource on session ac16609fce030f973c93f394bcc9d3ea to remote] DEBUG org.asynchttpclient.netty.request.NettyRequestSender - Using pooled Channel '[id: 0xb596ba03, L:/127.0.0.1:60160 - R:localhost/127.0.0.1:61478]' for 'POST' to 'http://localhost:61478/session/ac16609fce030f973c93f394bcc9d3ea/execute/sync'
12:31:30.609 [Forwarding getPageSource on session ac16609fce030f973c93f394bcc9d3ea to remote] DEBUG org.asynchttpclient.netty.request.NettyRequestSender - Using open Channel [id: 0xb596ba03, L:/127.0.0.1:60160 - R:localhost/127.0.0.1:61478] for POST '/session/ac16609fce030f973c93f394bcc9d3ea/execute/sync'
12:31:30.613 [AsyncHttpClient-1-13] DEBUG org.asynchttpclient.netty.handler.HttpHandler - 

Request DefaultHttpRequest(decodeResult: success, version: HTTP/1.1)
POST /session/ac16609fce030f973c93f394bcc9d3ea/execute/sync HTTP/1.1
User-Agent: selenium/4.4.0 (java windows)
Content-Length: 176
Content-Type: application/json; charset=utf-8
host: localhost:61478
accept: */*

Response DefaultHttpResponse(decodeResult: success, version: HTTP/1.1)
HTTP/1.1 200 OK
Content-Type: application/json; charset=utf-8
cache-control: no-cache
content-length: 15288

12:31:30.613 [AsyncHttpClient-1-13] DEBUG org.asynchttpclient.netty.channel.ChannelManager - Adding key: http://localhost:61478 for channel [id: 0xb596ba03, L:/127.0.0.1:60160 - R:localhost/127.0.0.1:61478]
12:31:30.615 [Forwarding getCurrentUrl on session ac16609fce030f973c93f394bcc9d3ea to remote] DEBUG org.asynchttpclient.netty.request.NettyRequestSender - Using pooled Channel '[id: 0xb596ba03, L:/127.0.0.1:60160 - R:localhost/127.0.0.1:61478]' for 'GET' to 'http://localhost:61478/session/ac16609fce030f973c93f394bcc9d3ea/url'
12:31:30.615 [Forwarding getCurrentUrl on session ac16609fce030f973c93f394bcc9d3ea to remote] DEBUG org.asynchttpclient.netty.request.NettyRequestSender - Using open Channel [id: 0xb596ba03, L:/127.0.0.1:60160 - R:localhost/127.0.0.1:61478] for GET '/session/ac16609fce030f973c93f394bcc9d3ea/url'
12:31:30.618 [AsyncHttpClient-1-13] DEBUG org.asynchttpclient.netty.handler.HttpHandler - 

Request DefaultFullHttpRequest(decodeResult: success, version: HTTP/1.1, content: EmptyByteBufBE)
GET /session/ac16609fce030f973c93f394bcc9d3ea/url HTTP/1.1
User-Agent: selenium/4.4.0 (java windows)
Cache-Control: no-cache
Content-Type: application/json; charset=utf-8
host: localhost:61478
accept: */*

Response DefaultHttpResponse(decodeResult: success, version: HTTP/1.1)
HTTP/1.1 200 OK
Content-Type: application/json; charset=utf-8
cache-control: no-cache
content-length: 52

12:31:30.618 [AsyncHttpClient-1-13] DEBUG org.asynchttpclient.netty.channel.ChannelManager - Adding key: http://localhost:61478 for channel [id: 0xb596ba03, L:/127.0.0.1:60160 - R:localhost/127.0.0.1:61478]
12:31:30.620 [Test worker] DEBUG net.thucydides.core.steps.StepInterceptor - STARTING STEP: SelectFromCatalogue.performAs - {0} clicks on #target
12:31:30.620 [Test worker] DEBUG net.serenitybdd.screenplay.targets.IFrameSwitcher - default content already selected for catalogue product button
12:31:30.651 [Forwarding findElement on session ac16609fce030f973c93f394bcc9d3ea to remote] DEBUG org.asynchttpclient.netty.request.NettyRequestSender - Using pooled Channel '[id: 0xb596ba03, L:/127.0.0.1:60160 - R:localhost/127.0.0.1:61478]' for 'POST' to 'http://localhost:61478/session/ac16609fce030f973c93f394bcc9d3ea/element'
12:31:30.651 [Forwarding findElement on session ac16609fce030f973c93f394bcc9d3ea to remote] DEBUG org.asynchttpclient.netty.request.NettyRequestSender - Using open Channel [id: 0xb596ba03, L:/127.0.0.1:60160 - R:localhost/127.0.0.1:61478] for POST '/session/ac16609fce030f973c93f394bcc9d3ea/element'
12:31:30.658 [AsyncHttpClient-1-13] DEBUG org.asynchttpclient.netty.handler.HttpHandler - 

Request DefaultHttpRequest(decodeResult: success, version: HTTP/1.1)
POST /session/ac16609fce030f973c93f394bcc9d3ea/element HTTP/1.1
User-Agent: selenium/4.4.0 (java windows)
Content-Length: 112
Content-Type: application/json; charset=utf-8
host: localhost:61478
accept: */*

Response DefaultHttpResponse(decodeResult: success, version: HTTP/1.1)
HTTP/1.1 200 OK
Content-Type: application/json; charset=utf-8
cache-control: no-cache
content-length: 88

12:31:30.658 [AsyncHttpClient-1-13] DEBUG org.asynchttpclient.netty.channel.ChannelManager - Adding key: http://localhost:61478 for channel [id: 0xb596ba03, L:/127.0.0.1:60160 - R:localhost/127.0.0.1:61478]
12:31:30.663 [Forwarding isElementDisplayed on session ac16609fce030f973c93f394bcc9d3ea to remote] DEBUG org.asynchttpclient.netty.request.NettyRequestSender - Using pooled Channel '[id: 0xb596ba03, L:/127.0.0.1:60160 - R:localhost/127.0.0.1:61478]' for 'POST' to 'http://localhost:61478/session/ac16609fce030f973c93f394bcc9d3ea/execute/sync'
12:31:30.663 [Forwarding isElementDisplayed on session ac16609fce030f973c93f394bcc9d3ea to remote] DEBUG org.asynchttpclient.netty.request.NettyRequestSender - Using open Channel [id: 0xb596ba03, L:/127.0.0.1:60160 - R:localhost/127.0.0.1:61478] for POST '/session/ac16609fce030f973c93f394bcc9d3ea/execute/sync'
12:31:30.671 [AsyncHttpClient-1-13] DEBUG org.asynchttpclient.netty.handler.HttpHandler - 

Request DefaultHttpRequest(decodeResult: success, version: HTTP/1.1)
POST /session/ac16609fce030f973c93f394bcc9d3ea/execute/sync HTTP/1.1
User-Agent: selenium/4.4.0 (java windows)
Content-Length: 48780
Content-Type: application/json; charset=utf-8
host: localhost:61478
accept: */*

Response DefaultHttpResponse(decodeResult: success, version: HTTP/1.1)
HTTP/1.1 200 OK
Content-Type: application/json; charset=utf-8
cache-control: no-cache
content-length: 14

12:31:30.671 [AsyncHttpClient-1-13] DEBUG org.asynchttpclient.netty.channel.ChannelManager - Adding key: http://localhost:61478 for channel [id: 0xb596ba03, L:/127.0.0.1:60160 - R:localhost/127.0.0.1:61478]
12:31:30.677 [Forwarding findElement on session ac16609fce030f973c93f394bcc9d3ea to remote] DEBUG org.asynchttpclient.netty.request.NettyRequestSender - Using pooled Channel '[id: 0xb596ba03, L:/127.0.0.1:60160 - R:localhost/127.0.0.1:61478]' for 'POST' to 'http://localhost:61478/session/ac16609fce030f973c93f394bcc9d3ea/element'
12:31:30.677 [Forwarding findElement on session ac16609fce030f973c93f394bcc9d3ea to remote] DEBUG org.asynchttpclient.netty.request.NettyRequestSender - Using open Channel [id: 0xb596ba03, L:/127.0.0.1:60160 - R:localhost/127.0.0.1:61478] for POST '/session/ac16609fce030f973c93f394bcc9d3ea/element'
12:31:30.682 [AsyncHttpClient-1-13] DEBUG org.asynchttpclient.netty.handler.HttpHandler - 

Request DefaultHttpRequest(decodeResult: success, version: HTTP/1.1)
POST /session/ac16609fce030f973c93f394bcc9d3ea/element HTTP/1.1
User-Agent: selenium/4.4.0 (java windows)
Content-Length: 112
Content-Type: application/json; charset=utf-8
host: localhost:61478
accept: */*

Response DefaultHttpResponse(decodeResult: success, version: HTTP/1.1)
HTTP/1.1 200 OK
Content-Type: application/json; charset=utf-8
cache-control: no-cache
content-length: 88

12:31:30.682 [AsyncHttpClient-1-13] DEBUG org.asynchttpclient.netty.channel.ChannelManager - Adding key: http://localhost:61478 for channel [id: 0xb596ba03, L:/127.0.0.1:60160 - R:localhost/127.0.0.1:61478]
12:31:30.683 [Forwarding clickElement on session ac16609fce030f973c93f394bcc9d3ea to remote] DEBUG org.asynchttpclient.netty.request.NettyRequestSender - Using pooled Channel '[id: 0xb596ba03, L:/127.0.0.1:60160 - R:localhost/127.0.0.1:61478]' for 'POST' to 'http://localhost:61478/session/ac16609fce030f973c93f394bcc9d3ea/element/0511235a-df46-45a3-983a-06bc2e0b22bf/click'
12:31:30.683 [Forwarding clickElement on session ac16609fce030f973c93f394bcc9d3ea to remote] DEBUG org.asynchttpclient.netty.request.NettyRequestSender - Using open Channel [id: 0xb596ba03, L:/127.0.0.1:60160 - R:localhost/127.0.0.1:61478] for POST '/session/ac16609fce030f973c93f394bcc9d3ea/element/0511235a-df46-45a3-983a-06bc2e0b22bf/click'
12:31:30.698 [AsyncHttpClient-1-13] DEBUG org.asynchttpclient.netty.handler.HttpHandler - 

Request DefaultHttpRequest(decodeResult: success, version: HTTP/1.1)
POST /session/ac16609fce030f973c93f394bcc9d3ea/element/0511235a-df46-45a3-983a-06bc2e0b22bf/click HTTP/1.1
User-Agent: selenium/4.4.0 (java windows)
Content-Length: 50
Content-Type: application/json; charset=utf-8
host: localhost:61478
accept: */*

Response DefaultHttpResponse(decodeResult: success, version: HTTP/1.1)
HTTP/1.1 200 OK
Content-Type: application/json; charset=utf-8
cache-control: no-cache
content-length: 14

12:31:30.698 [AsyncHttpClient-1-13] DEBUG org.asynchttpclient.netty.channel.ChannelManager - Adding key: http://localhost:61478 for channel [id: 0xb596ba03, L:/127.0.0.1:60160 - R:localhost/127.0.0.1:61478]
12:31:30.711 [Forwarding getCurrentWindowHandle on session ac16609fce030f973c93f394bcc9d3ea to remote] DEBUG org.asynchttpclient.netty.request.NettyRequestSender - Using pooled Channel '[id: 0xb596ba03, L:/127.0.0.1:60160 - R:localhost/127.0.0.1:61478]' for 'GET' to 'http://localhost:61478/session/ac16609fce030f973c93f394bcc9d3ea/window'
12:31:30.711 [Forwarding getCurrentWindowHandle on session ac16609fce030f973c93f394bcc9d3ea to remote] DEBUG org.asynchttpclient.netty.request.NettyRequestSender - Using open Channel [id: 0xb596ba03, L:/127.0.0.1:60160 - R:localhost/127.0.0.1:61478] for GET '/session/ac16609fce030f973c93f394bcc9d3ea/window'
12:31:30.712 [AsyncHttpClient-1-13] DEBUG org.asynchttpclient.netty.handler.HttpHandler - 

Request DefaultFullHttpRequest(decodeResult: success, version: HTTP/1.1, content: EmptyByteBufBE)
GET /session/ac16609fce030f973c93f394bcc9d3ea/window HTTP/1.1
User-Agent: selenium/4.4.0 (java windows)
Cache-Control: no-cache
Content-Type: application/json; charset=utf-8
host: localhost:61478
accept: */*

Response DefaultHttpResponse(decodeResult: success, version: HTTP/1.1)
HTTP/1.1 200 OK
Content-Type: application/json; charset=utf-8
cache-control: no-cache
content-length: 53

12:31:30.712 [AsyncHttpClient-1-13] DEBUG org.asynchttpclient.netty.channel.ChannelManager - Adding key: http://localhost:61478 for channel [id: 0xb596ba03, L:/127.0.0.1:60160 - R:localhost/127.0.0.1:61478]
12:31:30.715 [Forwarding getAlertText on session ac16609fce030f973c93f394bcc9d3ea to remote] DEBUG org.asynchttpclient.netty.request.NettyRequestSender - Using pooled Channel '[id: 0xb596ba03, L:/127.0.0.1:60160 - R:localhost/127.0.0.1:61478]' for 'GET' to 'http://localhost:61478/session/ac16609fce030f973c93f394bcc9d3ea/alert/text'
12:31:30.715 [Forwarding getAlertText on session ac16609fce030f973c93f394bcc9d3ea to remote] DEBUG org.asynchttpclient.netty.request.NettyRequestSender - Using open Channel [id: 0xb596ba03, L:/127.0.0.1:60160 - R:localhost/127.0.0.1:61478] for GET '/session/ac16609fce030f973c93f394bcc9d3ea/alert/text'
12:31:30.716 [AsyncHttpClient-1-13] DEBUG org.asynchttpclient.netty.handler.HttpHandler - 

Request DefaultFullHttpRequest(decodeResult: success, version: HTTP/1.1, content: EmptyByteBufBE)
GET /session/ac16609fce030f973c93f394bcc9d3ea/alert/text HTTP/1.1
User-Agent: selenium/4.4.0 (java windows)
Cache-Control: no-cache
Content-Type: application/json; charset=utf-8
host: localhost:61478
accept: */*

Response DefaultHttpResponse(decodeResult: success, version: HTTP/1.1)
HTTP/1.1 404 Not Found
Content-Type: application/json; charset=utf-8
cache-control: no-cache
content-length: 879

12:31:30.716 [AsyncHttpClient-1-13] DEBUG org.asynchttpclient.netty.channel.ChannelManager - Adding key: http://localhost:61478 for channel [id: 0xb596ba03, L:/127.0.0.1:60160 - R:localhost/127.0.0.1:61478]
12:31:30.720 [Forwarding switchToWindow on session ac16609fce030f973c93f394bcc9d3ea to remote] DEBUG org.asynchttpclient.netty.request.NettyRequestSender - Using pooled Channel '[id: 0xb596ba03, L:/127.0.0.1:60160 - R:localhost/127.0.0.1:61478]' for 'POST' to 'http://localhost:61478/session/ac16609fce030f973c93f394bcc9d3ea/window'
12:31:30.720 [Forwarding switchToWindow on session ac16609fce030f973c93f394bcc9d3ea to remote] DEBUG org.asynchttpclient.netty.request.NettyRequestSender - Using open Channel [id: 0xb596ba03, L:/127.0.0.1:60160 - R:localhost/127.0.0.1:61478] for POST '/session/ac16609fce030f973c93f394bcc9d3ea/window'
12:31:30.721 [AsyncHttpClient-1-13] DEBUG org.asynchttpclient.netty.handler.HttpHandler - 

Request DefaultHttpRequest(decodeResult: success, version: HTTP/1.1)
POST /session/ac16609fce030f973c93f394bcc9d3ea/window HTTP/1.1
User-Agent: selenium/4.4.0 (java windows)
Content-Length: 59
Content-Type: application/json; charset=utf-8
host: localhost:61478
accept: */*

Response DefaultHttpResponse(decodeResult: success, version: HTTP/1.1)
HTTP/1.1 200 OK
Content-Type: application/json; charset=utf-8
cache-control: no-cache
content-length: 14

12:31:30.722 [AsyncHttpClient-1-13] DEBUG org.asynchttpclient.netty.channel.ChannelManager - Adding key: http://localhost:61478 for channel [id: 0xb596ba03, L:/127.0.0.1:60160 - R:localhost/127.0.0.1:61478]
12:31:30.722 [Forwarding getCurrentUrl on session ac16609fce030f973c93f394bcc9d3ea to remote] DEBUG org.asynchttpclient.netty.request.NettyRequestSender - Using pooled Channel '[id: 0xb596ba03, L:/127.0.0.1:60160 - R:localhost/127.0.0.1:61478]' for 'GET' to 'http://localhost:61478/session/ac16609fce030f973c93f394bcc9d3ea/url'
12:31:30.722 [Forwarding getCurrentUrl on session ac16609fce030f973c93f394bcc9d3ea to remote] DEBUG org.asynchttpclient.netty.request.NettyRequestSender - Using open Channel [id: 0xb596ba03, L:/127.0.0.1:60160 - R:localhost/127.0.0.1:61478] for GET '/session/ac16609fce030f973c93f394bcc9d3ea/url'
12:31:30.724 [AsyncHttpClient-1-13] DEBUG org.asynchttpclient.netty.handler.HttpHandler - 

Request DefaultFullHttpRequest(decodeResult: success, version: HTTP/1.1, content: EmptyByteBufBE)
GET /session/ac16609fce030f973c93f394bcc9d3ea/url HTTP/1.1
User-Agent: selenium/4.4.0 (java windows)
Cache-Control: no-cache
Content-Type: application/json; charset=utf-8
host: localhost:61478
accept: */*

Response DefaultHttpResponse(decodeResult: success, version: HTTP/1.1)
HTTP/1.1 200 OK
Content-Type: application/json; charset=utf-8
cache-control: no-cache
content-length: 52

12:31:30.724 [AsyncHttpClient-1-13] DEBUG org.asynchttpclient.netty.channel.ChannelManager - Adding key: http://localhost:61478 for channel [id: 0xb596ba03, L:/127.0.0.1:60160 - R:localhost/127.0.0.1:61478]
12:31:30.724 [Forwarding screenshot on session ac16609fce030f973c93f394bcc9d3ea to remote] DEBUG org.asynchttpclient.netty.request.NettyRequestSender - Using pooled Channel '[id: 0xb596ba03, L:/127.0.0.1:60160 - R:localhost/127.0.0.1:61478]' for 'GET' to 'http://localhost:61478/session/ac16609fce030f973c93f394bcc9d3ea/screenshot'
12:31:30.724 [Forwarding screenshot on session ac16609fce030f973c93f394bcc9d3ea to remote] DEBUG org.asynchttpclient.netty.request.NettyRequestSender - Using open Channel [id: 0xb596ba03, L:/127.0.0.1:60160 - R:localhost/127.0.0.1:61478] for GET '/session/ac16609fce030f973c93f394bcc9d3ea/screenshot'
12:31:30.861 [AsyncHttpClient-1-13] DEBUG org.asynchttpclient.netty.handler.HttpHandler - 

Request DefaultFullHttpRequest(decodeResult: success, version: HTTP/1.1, content: EmptyByteBufBE)
GET /session/ac16609fce030f973c93f394bcc9d3ea/screenshot HTTP/1.1
User-Agent: selenium/4.4.0 (java windows)
Cache-Control: no-cache
Content-Type: application/json; charset=utf-8
host: localhost:61478
accept: */*

Response DefaultHttpResponse(decodeResult: success, version: HTTP/1.1)
HTTP/1.1 200 OK
Content-Type: application/json; charset=utf-8
cache-control: no-cache
content-length: 366036

12:31:30.862 [AsyncHttpClient-1-13] DEBUG org.asynchttpclient.netty.channel.ChannelManager - Adding key: http://localhost:61478 for channel [id: 0xb596ba03, L:/127.0.0.1:60160 - R:localhost/127.0.0.1:61478]
12:31:30.869 [Test worker] DEBUG net.serenitybdd.core.photography.Darkroom - Send negative for processing for C:\Users\juan.gomezv\IdeaProjects\sura\target\site\serenity\7341ced0ddf17a7ea0203db98aa26f04d43cdcbe0c2e2d7c09275e7eb2c66144.png
12:31:30.870 [Test worker] DEBUG net.thucydides.core.steps.StepInterceptor - STEP DONE: {0} clicks on #target
12:31:30.880 [Test worker] DEBUG net.thucydides.core.steps.StepInterceptor - STEP DONE: !#title
12:31:30.891 [Test worker] DEBUG net.thucydides.core.steps.StepInterceptor - STEP DONE: performAs
  ?[32mCuando ?[0m?[32m?[0m?[32m?[1mAna?[0m?[32m hace click en el boton del ?[0m?[32m?[1m5?[0m?[32m articulo?[0m                          ?[90m# sura.stepDefinitions.CatalogueSteps.haceClickEnElBotonDelArticulo(net.serenitybdd.screenplay.Actor,java.lang.Integer)?[0m
12:31:30.914 [Forwarding getPageSource on session ac16609fce030f973c93f394bcc9d3ea to remote] DEBUG org.asynchttpclient.netty.request.NettyRequestSender - Using pooled Channel '[id: 0xb596ba03, L:/127.0.0.1:60160 - R:localhost/127.0.0.1:61478]' for 'POST' to 'http://localhost:61478/session/ac16609fce030f973c93f394bcc9d3ea/execute/sync'
12:31:30.914 [Forwarding getPageSource on session ac16609fce030f973c93f394bcc9d3ea to remote] DEBUG org.asynchttpclient.netty.request.NettyRequestSender - Using open Channel [id: 0xb596ba03, L:/127.0.0.1:60160 - R:localhost/127.0.0.1:61478] for POST '/session/ac16609fce030f973c93f394bcc9d3ea/execute/sync'
12:31:30.919 [AsyncHttpClient-1-13] DEBUG org.asynchttpclient.netty.handler.HttpHandler - 

Request DefaultHttpRequest(decodeResult: success, version: HTTP/1.1)
POST /session/ac16609fce030f973c93f394bcc9d3ea/execute/sync HTTP/1.1
User-Agent: selenium/4.4.0 (java windows)
Content-Length: 176
Content-Type: application/json; charset=utf-8
host: localhost:61478
accept: */*

Response DefaultHttpResponse(decodeResult: success, version: HTTP/1.1)
HTTP/1.1 200 OK
Content-Type: application/json; charset=utf-8
cache-control: no-cache
content-length: 15306

12:31:30.919 [AsyncHttpClient-1-13] DEBUG org.asynchttpclient.netty.channel.ChannelManager - Adding key: http://localhost:61478 for channel [id: 0xb596ba03, L:/127.0.0.1:60160 - R:localhost/127.0.0.1:61478]
12:31:30.921 [Forwarding getCurrentUrl on session ac16609fce030f973c93f394bcc9d3ea to remote] DEBUG org.asynchttpclient.netty.request.NettyRequestSender - Using pooled Channel '[id: 0xb596ba03, L:/127.0.0.1:60160 - R:localhost/127.0.0.1:61478]' for 'GET' to 'http://localhost:61478/session/ac16609fce030f973c93f394bcc9d3ea/url'
12:31:30.921 [Forwarding getCurrentUrl on session ac16609fce030f973c93f394bcc9d3ea to remote] DEBUG org.asynchttpclient.netty.request.NettyRequestSender - Using open Channel [id: 0xb596ba03, L:/127.0.0.1:60160 - R:localhost/127.0.0.1:61478] for GET '/session/ac16609fce030f973c93f394bcc9d3ea/url'
12:31:30.925 [AsyncHttpClient-1-13] DEBUG org.asynchttpclient.netty.handler.HttpHandler - 

Request DefaultFullHttpRequest(decodeResult: success, version: HTTP/1.1, content: EmptyByteBufBE)
GET /session/ac16609fce030f973c93f394bcc9d3ea/url HTTP/1.1
User-Agent: selenium/4.4.0 (java windows)
Cache-Control: no-cache
Content-Type: application/json; charset=utf-8
host: localhost:61478
accept: */*

Response DefaultHttpResponse(decodeResult: success, version: HTTP/1.1)
HTTP/1.1 200 OK
Content-Type: application/json; charset=utf-8
cache-control: no-cache
content-length: 52

12:31:30.925 [AsyncHttpClient-1-13] DEBUG org.asynchttpclient.netty.channel.ChannelManager - Adding key: http://localhost:61478 for channel [id: 0xb596ba03, L:/127.0.0.1:60160 - R:localhost/127.0.0.1:61478]
12:31:30.937 [Forwarding getCurrentWindowHandle on session ac16609fce030f973c93f394bcc9d3ea to remote] DEBUG org.asynchttpclient.netty.request.NettyRequestSender - Using pooled Channel '[id: 0xb596ba03, L:/127.0.0.1:60160 - R:localhost/127.0.0.1:61478]' for 'GET' to 'http://localhost:61478/session/ac16609fce030f973c93f394bcc9d3ea/window'
12:31:30.937 [Forwarding getCurrentWindowHandle on session ac16609fce030f973c93f394bcc9d3ea to remote] DEBUG org.asynchttpclient.netty.request.NettyRequestSender - Using open Channel [id: 0xb596ba03, L:/127.0.0.1:60160 - R:localhost/127.0.0.1:61478] for GET '/session/ac16609fce030f973c93f394bcc9d3ea/window'
12:31:30.938 [AsyncHttpClient-1-13] DEBUG org.asynchttpclient.netty.handler.HttpHandler - 

Request DefaultFullHttpRequest(decodeResult: success, version: HTTP/1.1, content: EmptyByteBufBE)
GET /session/ac16609fce030f973c93f394bcc9d3ea/window HTTP/1.1
User-Agent: selenium/4.4.0 (java windows)
Cache-Control: no-cache
Content-Type: application/json; charset=utf-8
host: localhost:61478
accept: */*

Response DefaultHttpResponse(decodeResult: success, version: HTTP/1.1)
HTTP/1.1 200 OK
Content-Type: application/json; charset=utf-8
cache-control: no-cache
content-length: 53

12:31:30.938 [AsyncHttpClient-1-13] DEBUG org.asynchttpclient.netty.channel.ChannelManager - Adding key: http://localhost:61478 for channel [id: 0xb596ba03, L:/127.0.0.1:60160 - R:localhost/127.0.0.1:61478]
12:31:30.943 [Forwarding getAlertText on session ac16609fce030f973c93f394bcc9d3ea to remote] DEBUG org.asynchttpclient.netty.request.NettyRequestSender - Using pooled Channel '[id: 0xb596ba03, L:/127.0.0.1:60160 - R:localhost/127.0.0.1:61478]' for 'GET' to 'http://localhost:61478/session/ac16609fce030f973c93f394bcc9d3ea/alert/text'
12:31:30.943 [Forwarding getAlertText on session ac16609fce030f973c93f394bcc9d3ea to remote] DEBUG org.asynchttpclient.netty.request.NettyRequestSender - Using open Channel [id: 0xb596ba03, L:/127.0.0.1:60160 - R:localhost/127.0.0.1:61478] for GET '/session/ac16609fce030f973c93f394bcc9d3ea/alert/text'
12:31:30.945 [AsyncHttpClient-1-13] DEBUG org.asynchttpclient.netty.handler.HttpHandler - 

Request DefaultFullHttpRequest(decodeResult: success, version: HTTP/1.1, content: EmptyByteBufBE)
GET /session/ac16609fce030f973c93f394bcc9d3ea/alert/text HTTP/1.1
User-Agent: selenium/4.4.0 (java windows)
Cache-Control: no-cache
Content-Type: application/json; charset=utf-8
host: localhost:61478
accept: */*

Response DefaultHttpResponse(decodeResult: success, version: HTTP/1.1)
HTTP/1.1 404 Not Found
Content-Type: application/json; charset=utf-8
cache-control: no-cache
content-length: 879

12:31:30.946 [AsyncHttpClient-1-13] DEBUG org.asynchttpclient.netty.channel.ChannelManager - Adding key: http://localhost:61478 for channel [id: 0xb596ba03, L:/127.0.0.1:60160 - R:localhost/127.0.0.1:61478]
12:31:30.950 [Forwarding switchToWindow on session ac16609fce030f973c93f394bcc9d3ea to remote] DEBUG org.asynchttpclient.netty.request.NettyRequestSender - Using pooled Channel '[id: 0xb596ba03, L:/127.0.0.1:60160 - R:localhost/127.0.0.1:61478]' for 'POST' to 'http://localhost:61478/session/ac16609fce030f973c93f394bcc9d3ea/window'
12:31:30.950 [Forwarding switchToWindow on session ac16609fce030f973c93f394bcc9d3ea to remote] DEBUG org.asynchttpclient.netty.request.NettyRequestSender - Using open Channel [id: 0xb596ba03, L:/127.0.0.1:60160 - R:localhost/127.0.0.1:61478] for POST '/session/ac16609fce030f973c93f394bcc9d3ea/window'
12:31:30.953 [AsyncHttpClient-1-13] DEBUG org.asynchttpclient.netty.handler.HttpHandler - 

Request DefaultHttpRequest(decodeResult: success, version: HTTP/1.1)
POST /session/ac16609fce030f973c93f394bcc9d3ea/window HTTP/1.1
User-Agent: selenium/4.4.0 (java windows)
Content-Length: 59
Content-Type: application/json; charset=utf-8
host: localhost:61478
accept: */*

Response DefaultHttpResponse(decodeResult: success, version: HTTP/1.1)
HTTP/1.1 200 OK
Content-Type: application/json; charset=utf-8
cache-control: no-cache
content-length: 14

12:31:30.953 [AsyncHttpClient-1-13] DEBUG org.asynchttpclient.netty.channel.ChannelManager - Adding key: http://localhost:61478 for channel [id: 0xb596ba03, L:/127.0.0.1:60160 - R:localhost/127.0.0.1:61478]
12:31:30.953 [Forwarding getCurrentUrl on session ac16609fce030f973c93f394bcc9d3ea to remote] DEBUG org.asynchttpclient.netty.request.NettyRequestSender - Using pooled Channel '[id: 0xb596ba03, L:/127.0.0.1:60160 - R:localhost/127.0.0.1:61478]' for 'GET' to 'http://localhost:61478/session/ac16609fce030f973c93f394bcc9d3ea/url'
12:31:30.953 [Forwarding getCurrentUrl on session ac16609fce030f973c93f394bcc9d3ea to remote] DEBUG org.asynchttpclient.netty.request.NettyRequestSender - Using open Channel [id: 0xb596ba03, L:/127.0.0.1:60160 - R:localhost/127.0.0.1:61478] for GET '/session/ac16609fce030f973c93f394bcc9d3ea/url'
12:31:30.957 [AsyncHttpClient-1-13] DEBUG org.asynchttpclient.netty.handler.HttpHandler - 

Request DefaultFullHttpRequest(decodeResult: success, version: HTTP/1.1, content: EmptyByteBufBE)
GET /session/ac16609fce030f973c93f394bcc9d3ea/url HTTP/1.1
User-Agent: selenium/4.4.0 (java windows)
Cache-Control: no-cache
Content-Type: application/json; charset=utf-8
host: localhost:61478
accept: */*

Response DefaultHttpResponse(decodeResult: success, version: HTTP/1.1)
HTTP/1.1 200 OK
Content-Type: application/json; charset=utf-8
cache-control: no-cache
content-length: 52

12:31:30.957 [AsyncHttpClient-1-13] DEBUG org.asynchttpclient.netty.channel.ChannelManager - Adding key: http://localhost:61478 for channel [id: 0xb596ba03, L:/127.0.0.1:60160 - R:localhost/127.0.0.1:61478]
12:31:30.958 [Forwarding screenshot on session ac16609fce030f973c93f394bcc9d3ea to remote] DEBUG org.asynchttpclient.netty.request.NettyRequestSender - Using pooled Channel '[id: 0xb596ba03, L:/127.0.0.1:60160 - R:localhost/127.0.0.1:61478]' for 'GET' to 'http://localhost:61478/session/ac16609fce030f973c93f394bcc9d3ea/screenshot'
12:31:30.958 [Forwarding screenshot on session ac16609fce030f973c93f394bcc9d3ea to remote] DEBUG org.asynchttpclient.netty.request.NettyRequestSender - Using open Channel [id: 0xb596ba03, L:/127.0.0.1:60160 - R:localhost/127.0.0.1:61478] for GET '/session/ac16609fce030f973c93f394bcc9d3ea/screenshot'
12:31:31.073 [AsyncHttpClient-1-13] DEBUG org.asynchttpclient.netty.handler.HttpHandler - 

Request DefaultFullHttpRequest(decodeResult: success, version: HTTP/1.1, content: EmptyByteBufBE)
GET /session/ac16609fce030f973c93f394bcc9d3ea/screenshot HTTP/1.1
User-Agent: selenium/4.4.0 (java windows)
Cache-Control: no-cache
Content-Type: application/json; charset=utf-8
host: localhost:61478
accept: */*

Response DefaultHttpResponse(decodeResult: success, version: HTTP/1.1)
HTTP/1.1 200 OK
Content-Type: application/json; charset=utf-8
cache-control: no-cache
content-length: 366036

12:31:31.074 [AsyncHttpClient-1-13] DEBUG org.asynchttpclient.netty.channel.ChannelManager - Adding key: http://localhost:61478 for channel [id: 0xb596ba03, L:/127.0.0.1:60160 - R:localhost/127.0.0.1:61478]
12:31:31.083 [Test worker] DEBUG net.serenitybdd.core.photography.Darkroom - Send negative for processing for C:\Users\juan.gomezv\IdeaProjects\sura\target\site\serenity\7341ced0ddf17a7ea0203db98aa26f04d43cdcbe0c2e2d7c09275e7eb2c66144.png
12:31:31.087 [Forwarding getPageSource on session ac16609fce030f973c93f394bcc9d3ea to remote] DEBUG org.asynchttpclient.netty.request.NettyRequestSender - Using pooled Channel '[id: 0xb596ba03, L:/127.0.0.1:60160 - R:localhost/127.0.0.1:61478]' for 'POST' to 'http://localhost:61478/session/ac16609fce030f973c93f394bcc9d3ea/execute/sync'
12:31:31.087 [Forwarding getPageSource on session ac16609fce030f973c93f394bcc9d3ea to remote] DEBUG org.asynchttpclient.netty.request.NettyRequestSender - Using open Channel [id: 0xb596ba03, L:/127.0.0.1:60160 - R:localhost/127.0.0.1:61478] for POST '/session/ac16609fce030f973c93f394bcc9d3ea/execute/sync'
12:31:31.092 [AsyncHttpClient-1-13] DEBUG org.asynchttpclient.netty.handler.HttpHandler - 

Request DefaultHttpRequest(decodeResult: success, version: HTTP/1.1)
POST /session/ac16609fce030f973c93f394bcc9d3ea/execute/sync HTTP/1.1
User-Agent: selenium/4.4.0 (java windows)
Content-Length: 176
Content-Type: application/json; charset=utf-8
host: localhost:61478
accept: */*

Response DefaultHttpResponse(decodeResult: success, version: HTTP/1.1)
HTTP/1.1 200 OK
Content-Type: application/json; charset=utf-8
cache-control: no-cache
content-length: 15306

12:31:31.092 [AsyncHttpClient-1-13] DEBUG org.asynchttpclient.netty.channel.ChannelManager - Adding key: http://localhost:61478 for channel [id: 0xb596ba03, L:/127.0.0.1:60160 - R:localhost/127.0.0.1:61478]
12:31:31.095 [Forwarding getCurrentUrl on session ac16609fce030f973c93f394bcc9d3ea to remote] DEBUG org.asynchttpclient.netty.request.NettyRequestSender - Using pooled Channel '[id: 0xb596ba03, L:/127.0.0.1:60160 - R:localhost/127.0.0.1:61478]' for 'GET' to 'http://localhost:61478/session/ac16609fce030f973c93f394bcc9d3ea/url'
12:31:31.095 [Forwarding getCurrentUrl on session ac16609fce030f973c93f394bcc9d3ea to remote] DEBUG org.asynchttpclient.netty.request.NettyRequestSender - Using open Channel [id: 0xb596ba03, L:/127.0.0.1:60160 - R:localhost/127.0.0.1:61478] for GET '/session/ac16609fce030f973c93f394bcc9d3ea/url'
12:31:31.098 [AsyncHttpClient-1-13] DEBUG org.asynchttpclient.netty.handler.HttpHandler - 

Request DefaultFullHttpRequest(decodeResult: success, version: HTTP/1.1, content: EmptyByteBufBE)
GET /session/ac16609fce030f973c93f394bcc9d3ea/url HTTP/1.1
User-Agent: selenium/4.4.0 (java windows)
Cache-Control: no-cache
Content-Type: application/json; charset=utf-8
host: localhost:61478
accept: */*

Response DefaultHttpResponse(decodeResult: success, version: HTTP/1.1)
HTTP/1.1 200 OK
Content-Type: application/json; charset=utf-8
cache-control: no-cache
content-length: 52

12:31:31.099 [AsyncHttpClient-1-13] DEBUG org.asynchttpclient.netty.channel.ChannelManager - Adding key: http://localhost:61478 for channel [id: 0xb596ba03, L:/127.0.0.1:60160 - R:localhost/127.0.0.1:61478]
12:31:31.100 [Test worker] DEBUG net.thucydides.core.steps.StepInterceptor - STARTING STEP: CatalogueSteps.veQueElIconoDelCarritoMuestraProductosEnLaBolsa - {0} should see #description
12:31:31.101 [Test worker] DEBUG net.serenitybdd.screenplay.targets.IFrameSwitcher - default content already selected for Badge pressable icon
12:31:31.117 [Forwarding findElement on session ac16609fce030f973c93f394bcc9d3ea to remote] DEBUG org.asynchttpclient.netty.request.NettyRequestSender - Using pooled Channel '[id: 0xb596ba03, L:/127.0.0.1:60160 - R:localhost/127.0.0.1:61478]' for 'POST' to 'http://localhost:61478/session/ac16609fce030f973c93f394bcc9d3ea/element'
12:31:31.117 [Forwarding findElement on session ac16609fce030f973c93f394bcc9d3ea to remote] DEBUG org.asynchttpclient.netty.request.NettyRequestSender - Using open Channel [id: 0xb596ba03, L:/127.0.0.1:60160 - R:localhost/127.0.0.1:61478] for POST '/session/ac16609fce030f973c93f394bcc9d3ea/element'
12:31:31.128 [AsyncHttpClient-1-13] DEBUG org.asynchttpclient.netty.handler.HttpHandler - 

Request DefaultHttpRequest(decodeResult: success, version: HTTP/1.1)
POST /session/ac16609fce030f973c93f394bcc9d3ea/element HTTP/1.1
User-Agent: selenium/4.4.0 (java windows)
Content-Length: 88
Content-Type: application/json; charset=utf-8
host: localhost:61478
accept: */*

Response DefaultHttpResponse(decodeResult: success, version: HTTP/1.1)
HTTP/1.1 200 OK
Content-Type: application/json; charset=utf-8
cache-control: no-cache
content-length: 88

12:31:31.129 [AsyncHttpClient-1-13] DEBUG org.asynchttpclient.netty.channel.ChannelManager - Adding key: http://localhost:61478 for channel [id: 0xb596ba03, L:/127.0.0.1:60160 - R:localhost/127.0.0.1:61478]
12:31:31.129 [Forwarding getElementText on session ac16609fce030f973c93f394bcc9d3ea to remote] DEBUG org.asynchttpclient.netty.request.NettyRequestSender - Using pooled Channel '[id: 0xb596ba03, L:/127.0.0.1:60160 - R:localhost/127.0.0.1:61478]' for 'GET' to 'http://localhost:61478/session/ac16609fce030f973c93f394bcc9d3ea/element/47c9877d-5351-470f-a914-3510aeec8187/text'
12:31:31.129 [Forwarding getElementText on session ac16609fce030f973c93f394bcc9d3ea to remote] DEBUG org.asynchttpclient.netty.request.NettyRequestSender - Using open Channel [id: 0xb596ba03, L:/127.0.0.1:60160 - R:localhost/127.0.0.1:61478] for GET '/session/ac16609fce030f973c93f394bcc9d3ea/element/47c9877d-5351-470f-a914-3510aeec8187/text'
12:31:31.142 [AsyncHttpClient-1-13] DEBUG org.asynchttpclient.netty.handler.HttpHandler - 

Request DefaultFullHttpRequest(decodeResult: success, version: HTTP/1.1, content: EmptyByteBufBE)
GET /session/ac16609fce030f973c93f394bcc9d3ea/element/47c9877d-5351-470f-a914-3510aeec8187/text HTTP/1.1
User-Agent: selenium/4.4.0 (java windows)
Cache-Control: no-cache
Content-Type: application/json; charset=utf-8
host: localhost:61478
accept: */*

Response DefaultHttpResponse(decodeResult: success, version: HTTP/1.1)
HTTP/1.1 200 OK
Content-Type: application/json; charset=utf-8
cache-control: no-cache
content-length: 13

12:31:31.142 [AsyncHttpClient-1-13] DEBUG org.asynchttpclient.netty.channel.ChannelManager - Adding key: http://localhost:61478 for channel [id: 0xb596ba03, L:/127.0.0.1:60160 - R:localhost/127.0.0.1:61478]
12:31:31.155 [Forwarding getCurrentWindowHandle on session ac16609fce030f973c93f394bcc9d3ea to remote] DEBUG org.asynchttpclient.netty.request.NettyRequestSender - Using pooled Channel '[id: 0xb596ba03, L:/127.0.0.1:60160 - R:localhost/127.0.0.1:61478]' for 'GET' to 'http://localhost:61478/session/ac16609fce030f973c93f394bcc9d3ea/window'
12:31:31.155 [Forwarding getCurrentWindowHandle on session ac16609fce030f973c93f394bcc9d3ea to remote] DEBUG org.asynchttpclient.netty.request.NettyRequestSender - Using open Channel [id: 0xb596ba03, L:/127.0.0.1:60160 - R:localhost/127.0.0.1:61478] for GET '/session/ac16609fce030f973c93f394bcc9d3ea/window'
12:31:31.156 [AsyncHttpClient-1-13] DEBUG org.asynchttpclient.netty.handler.HttpHandler - 

Request DefaultFullHttpRequest(decodeResult: success, version: HTTP/1.1, content: EmptyByteBufBE)
GET /session/ac16609fce030f973c93f394bcc9d3ea/window HTTP/1.1
User-Agent: selenium/4.4.0 (java windows)
Cache-Control: no-cache
Content-Type: application/json; charset=utf-8
host: localhost:61478
accept: */*

Response DefaultHttpResponse(decodeResult: success, version: HTTP/1.1)
HTTP/1.1 200 OK
Content-Type: application/json; charset=utf-8
cache-control: no-cache
content-length: 53

12:31:31.156 [AsyncHttpClient-1-13] DEBUG org.asynchttpclient.netty.channel.ChannelManager - Adding key: http://localhost:61478 for channel [id: 0xb596ba03, L:/127.0.0.1:60160 - R:localhost/127.0.0.1:61478]
12:31:31.161 [Forwarding getAlertText on session ac16609fce030f973c93f394bcc9d3ea to remote] DEBUG org.asynchttpclient.netty.request.NettyRequestSender - Using pooled Channel '[id: 0xb596ba03, L:/127.0.0.1:60160 - R:localhost/127.0.0.1:61478]' for 'GET' to 'http://localhost:61478/session/ac16609fce030f973c93f394bcc9d3ea/alert/text'
12:31:31.161 [Forwarding getAlertText on session ac16609fce030f973c93f394bcc9d3ea to remote] DEBUG org.asynchttpclient.netty.request.NettyRequestSender - Using open Channel [id: 0xb596ba03, L:/127.0.0.1:60160 - R:localhost/127.0.0.1:61478] for GET '/session/ac16609fce030f973c93f394bcc9d3ea/alert/text'
12:31:31.163 [AsyncHttpClient-1-13] DEBUG org.asynchttpclient.netty.handler.HttpHandler - 

Request DefaultFullHttpRequest(decodeResult: success, version: HTTP/1.1, content: EmptyByteBufBE)
GET /session/ac16609fce030f973c93f394bcc9d3ea/alert/text HTTP/1.1
User-Agent: selenium/4.4.0 (java windows)
Cache-Control: no-cache
Content-Type: application/json; charset=utf-8
host: localhost:61478
accept: */*

Response DefaultHttpResponse(decodeResult: success, version: HTTP/1.1)
HTTP/1.1 404 Not Found
Content-Type: application/json; charset=utf-8
cache-control: no-cache
content-length: 879

12:31:31.163 [AsyncHttpClient-1-13] DEBUG org.asynchttpclient.netty.channel.ChannelManager - Adding key: http://localhost:61478 for channel [id: 0xb596ba03, L:/127.0.0.1:60160 - R:localhost/127.0.0.1:61478]
12:31:31.168 [Forwarding switchToWindow on session ac16609fce030f973c93f394bcc9d3ea to remote] DEBUG org.asynchttpclient.netty.request.NettyRequestSender - Using pooled Channel '[id: 0xb596ba03, L:/127.0.0.1:60160 - R:localhost/127.0.0.1:61478]' for 'POST' to 'http://localhost:61478/session/ac16609fce030f973c93f394bcc9d3ea/window'
12:31:31.168 [Forwarding switchToWindow on session ac16609fce030f973c93f394bcc9d3ea to remote] DEBUG org.asynchttpclient.netty.request.NettyRequestSender - Using open Channel [id: 0xb596ba03, L:/127.0.0.1:60160 - R:localhost/127.0.0.1:61478] for POST '/session/ac16609fce030f973c93f394bcc9d3ea/window'
12:31:31.171 [AsyncHttpClient-1-13] DEBUG org.asynchttpclient.netty.handler.HttpHandler - 

Request DefaultHttpRequest(decodeResult: success, version: HTTP/1.1)
POST /session/ac16609fce030f973c93f394bcc9d3ea/window HTTP/1.1
User-Agent: selenium/4.4.0 (java windows)
Content-Length: 59
Content-Type: application/json; charset=utf-8
host: localhost:61478
accept: */*

Response DefaultHttpResponse(decodeResult: success, version: HTTP/1.1)
HTTP/1.1 200 OK
Content-Type: application/json; charset=utf-8
cache-control: no-cache
content-length: 14

12:31:31.171 [AsyncHttpClient-1-13] DEBUG org.asynchttpclient.netty.channel.ChannelManager - Adding key: http://localhost:61478 for channel [id: 0xb596ba03, L:/127.0.0.1:60160 - R:localhost/127.0.0.1:61478]
12:31:31.171 [Forwarding getCurrentUrl on session ac16609fce030f973c93f394bcc9d3ea to remote] DEBUG org.asynchttpclient.netty.request.NettyRequestSender - Using pooled Channel '[id: 0xb596ba03, L:/127.0.0.1:60160 - R:localhost/127.0.0.1:61478]' for 'GET' to 'http://localhost:61478/session/ac16609fce030f973c93f394bcc9d3ea/url'
12:31:31.171 [Forwarding getCurrentUrl on session ac16609fce030f973c93f394bcc9d3ea to remote] DEBUG org.asynchttpclient.netty.request.NettyRequestSender - Using open Channel [id: 0xb596ba03, L:/127.0.0.1:60160 - R:localhost/127.0.0.1:61478] for GET '/session/ac16609fce030f973c93f394bcc9d3ea/url'
12:31:31.175 [AsyncHttpClient-1-13] DEBUG org.asynchttpclient.netty.handler.HttpHandler - 

Request DefaultFullHttpRequest(decodeResult: success, version: HTTP/1.1, content: EmptyByteBufBE)
GET /session/ac16609fce030f973c93f394bcc9d3ea/url HTTP/1.1
User-Agent: selenium/4.4.0 (java windows)
Cache-Control: no-cache
Content-Type: application/json; charset=utf-8
host: localhost:61478
accept: */*

Response DefaultHttpResponse(decodeResult: success, version: HTTP/1.1)
HTTP/1.1 200 OK
Content-Type: application/json; charset=utf-8
cache-control: no-cache
content-length: 52

12:31:31.175 [AsyncHttpClient-1-13] DEBUG org.asynchttpclient.netty.channel.ChannelManager - Adding key: http://localhost:61478 for channel [id: 0xb596ba03, L:/127.0.0.1:60160 - R:localhost/127.0.0.1:61478]
12:31:31.175 [Forwarding screenshot on session ac16609fce030f973c93f394bcc9d3ea to remote] DEBUG org.asynchttpclient.netty.request.NettyRequestSender - Using pooled Channel '[id: 0xb596ba03, L:/127.0.0.1:60160 - R:localhost/127.0.0.1:61478]' for 'GET' to 'http://localhost:61478/session/ac16609fce030f973c93f394bcc9d3ea/screenshot'
12:31:31.175 [Forwarding screenshot on session ac16609fce030f973c93f394bcc9d3ea to remote] DEBUG org.asynchttpclient.netty.request.NettyRequestSender - Using open Channel [id: 0xb596ba03, L:/127.0.0.1:60160 - R:localhost/127.0.0.1:61478] for GET '/session/ac16609fce030f973c93f394bcc9d3ea/screenshot'
12:31:31.295 [AsyncHttpClient-1-13] DEBUG org.asynchttpclient.netty.handler.HttpHandler - 

Request DefaultFullHttpRequest(decodeResult: success, version: HTTP/1.1, content: EmptyByteBufBE)
GET /session/ac16609fce030f973c93f394bcc9d3ea/screenshot HTTP/1.1
User-Agent: selenium/4.4.0 (java windows)
Cache-Control: no-cache
Content-Type: application/json; charset=utf-8
host: localhost:61478
accept: */*

Response DefaultHttpResponse(decodeResult: success, version: HTTP/1.1)
HTTP/1.1 200 OK
Content-Type: application/json; charset=utf-8
cache-control: no-cache
content-length: 366036

12:31:31.295 [AsyncHttpClient-1-13] DEBUG org.asynchttpclient.netty.channel.ChannelManager - Adding key: http://localhost:61478 for channel [id: 0xb596ba03, L:/127.0.0.1:60160 - R:localhost/127.0.0.1:61478]
12:31:31.303 [Test worker] DEBUG net.serenitybdd.core.photography.Darkroom - Send negative for processing for C:\Users\juan.gomezv\IdeaProjects\sura\target\site\serenity\7341ced0ddf17a7ea0203db98aa26f04d43cdcbe0c2e2d7c09275e7eb2c66144.png
12:31:31.304 [Test worker] DEBUG net.thucydides.core.steps.StepInterceptor - STEP DONE: {0} should see #description
  ?[32mEntonces ?[0m?[32m?[0m?[32m?[1mAna?[0m?[32m ve ?[0m?[32m?[1m"1"?[0m?[32m items en el icono del carrito de compras?[0m              ?[90m# sura.stepDefinitions.CatalogueSteps.veQueElIconoDelCarritoMuestraProductosEnLaBolsa(net.serenitybdd.screenplay.Actor,java.lang.String)?[0m
12:31:31.314 [Test worker] INFO  - 
  _____   ___   ___   _____     ___     _     ___   ___   ___   ___  
 |_   _| | __| / __| |_   _|   | _ \   /_\   / __| / __| | __| |   \ 
   | |   | _|  \__ \   | |     |  _/  / _ \  \__ \ \__ \ | _|  | |) |
   |_|   |___| |___/   |_|     |_|   /_/ \_\ |___/ |___/ |___| |___/ 

Quitar articulos al carrito de compras
----------------------------------------------------------------------
12:31:31.315 [Driver Command Executor] DEBUG org.asynchttpclient.netty.request.NettyRequestSender - Using pooled Channel '[id: 0xb596ba03, L:/127.0.0.1:60160 - R:localhost/127.0.0.1:61478]' for 'DELETE' to 'http://localhost:61478/session/ac16609fce030f973c93f394bcc9d3ea'
12:31:31.315 [Driver Command Executor] DEBUG org.asynchttpclient.netty.request.NettyRequestSender - Using open Channel [id: 0xb596ba03, L:/127.0.0.1:60160 - R:localhost/127.0.0.1:61478] for DELETE '/session/ac16609fce030f973c93f394bcc9d3ea'
12:31:31.315 [AsyncHttpClient-1-15] DEBUG org.asynchttpclient.netty.handler.WebSocketHandler - Channel Closed: [id: 0xdea3daac, L:/127.0.0.1:60168 ! R:localhost/127.0.0.1:60161] with attribute NettyResponseFuture{currentRetry=0,
	isDone=1,
	isCancelled=0,
	asyncHandler=org.asynchttpclient.ws.WebSocketUpgradeHandler@4c3b4557,
	nettyRequest=org.asynchttpclient.netty.request.NettyRequest@2e80b79,
	future=java.util.concurrent.CompletableFuture@1d23a449[Completed normally],
	uri=ws://localhost:60161/devtools/browser/54fb2094-8f0a-423a-8a75-d8af486be4d3,
	keepAlive=true,
	redirectCount=0,
	timeoutsHolder=null,
	inAuth=0,
	touch=1664472687007}
12:31:31.315 [AsyncHttpClient-1-15] DEBUG org.asynchttpclient.netty.channel.ChannelManager - Closing Channel [id: 0xdea3daac, L:/127.0.0.1:60168 ! R:localhost/127.0.0.1:60161] 
12:31:31.336 [AsyncHttpClient-1-14] DEBUG org.asynchttpclient.netty.handler.HttpHandler - Unexpected I/O exception on channel [id: 0xfdb35d54, L:/127.0.0.1:60167 - R:localhost/127.0.0.1:60161]
java.net.SocketException: Connection reset
	at java.base/sun.nio.ch.SocketChannelImpl.throwConnectionReset(SocketChannelImpl.java:394)
	at java.base/sun.nio.ch.SocketChannelImpl.read(SocketChannelImpl.java:426)
	at io.netty.buffer.PooledByteBuf.setBytes(PooledByteBuf.java:258)
	at io.netty.buffer.AbstractByteBuf.writeBytes(AbstractByteBuf.java:1132)
	at io.netty.channel.socket.nio.NioSocketChannel.doReadBytes(NioSocketChannel.java:357)
	at io.netty.channel.nio.AbstractNioByteChannel$NioByteUnsafe.read(AbstractNioByteChannel.java:151)
	at io.netty.channel.nio.NioEventLoop.processSelectedKey(NioEventLoop.java:722)
	at io.netty.channel.nio.NioEventLoop.processSelectedKeysOptimized(NioEventLoop.java:658)
	at io.netty.channel.nio.NioEventLoop.processSelectedKeys(NioEventLoop.java:584)
	at io.netty.channel.nio.NioEventLoop.run(NioEventLoop.java:496)
	at io.netty.util.concurrent.SingleThreadEventExecutor$4.run(SingleThreadEventExecutor.java:997)
	at io.netty.util.internal.ThreadExecutorMap$2.run(ThreadExecutorMap.java:74)
	at io.netty.util.concurrent.FastThreadLocalRunnable.run(FastThreadLocalRunnable.java:30)
	at java.base/java.lang.Thread.run(Thread.java:833)
12:31:31.337 [AsyncHttpClient-1-14] DEBUG org.asynchttpclient.netty.channel.ChannelManager - Closing Channel [id: 0xfdb35d54, L:/127.0.0.1:60167 - R:localhost/127.0.0.1:60161] 
12:31:31.338 [AsyncHttpClient-1-14] DEBUG org.asynchttpclient.netty.handler.HttpHandler - Channel Closed: [id: 0xfdb35d54, L:/127.0.0.1:60167 ! R:localhost/127.0.0.1:60161] with attribute DISCARD
12:31:31.354 [AsyncHttpClient-1-13] DEBUG org.asynchttpclient.netty.handler.HttpHandler - 

Request DefaultFullHttpRequest(decodeResult: success, version: HTTP/1.1, content: EmptyByteBufBE)
DELETE /session/ac16609fce030f973c93f394bcc9d3ea HTTP/1.1
User-Agent: selenium/4.4.0 (java windows)
Content-Type: application/json; charset=utf-8
host: localhost:61478
accept: */*

Response DefaultHttpResponse(decodeResult: success, version: HTTP/1.1)
HTTP/1.1 200 OK
Content-Type: application/json; charset=utf-8
cache-control: no-cache
content-length: 14

12:31:31.354 [AsyncHttpClient-1-13] DEBUG org.asynchttpclient.netty.channel.ChannelManager - Adding key: http://localhost:61478 for channel [id: 0xb596ba03, L:/127.0.0.1:60160 - R:localhost/127.0.0.1:61478]
12:31:31.403 [AsyncHttpClient-1-13] DEBUG org.asynchttpclient.netty.handler.HttpHandler - Channel Closed: [id: 0xb596ba03, L:/127.0.0.1:60160 ! R:localhost/127.0.0.1:61478] with attribute DISCARD

Escenario: Añadir articulos al carrito de compras y pasar al lista de compras ?[90m# src/test/resources/features/browse_items_in_catalogue/selecting_products.feature:20?[0m
12:31:31.476 [Test worker] INFO io.cucumber.core.plugin.SerenityReporter - Running feature from file:///C:/Users/juan.gomezv/IdeaProjects/sura/src/test/resources/features/browse_items_in_catalogue/selecting_products.feature
12:31:31.477 [Test worker] INFO  - 
  _____   ___   ___   _____     ___   _____     _     ___   _____   ___   ___  
 |_   _| | __| / __| |_   _|   / __| |_   _|   /_\   | _ \ |_   _| | __| |   \ 
   | |   | _|  \__ \   | |     \__ \   | |    / _ \  |   /   | |   | _|  | |) |
   |_|   |___| |___/   |_|     |___/   |_|   /_/ \_\ |_|_\   |_|   |___| |___/ 

Añadir articulos al carrito de compras y pasar al lista de compras(adicionar/remover-productos-del-catálogo-a-la-lista-de-compras;añadir-articulos-al-carrito-de-compras-y-pasar-al-lista-de-compras)
--------------------------------------------------------------------------------
12:31:31.482 [Test worker] DEBUG net.thucydides.core.steps.StepInterceptor - STARTING STEP: LoginSteps.quiereConsultarArticulosDeportivosEnLaWebDeLaMarcaSwag - {0} abre la aplicación
12:31:31.483 [Test worker] DEBUG net.thucydides.core.steps.StepInterceptor - STARTING STEP: NavigateTo.performAs - {0} opens the #targetPageName
12:31:31.528 [Test worker] INFO net.serenitybdd.core.webdriver.driverproviders.ChromeDriverProvider - Starting Chrome driver instance with capabilities:
12:31:31.528 [Test worker] INFO net.serenitybdd.core.webdriver.driverproviders.ChromeDriverProvider - Capabilities {acceptInsecureCerts: false, browserName: chrome, goog:chromeOptions: {args: [], extensions: []}}
12:31:31.589 [AsyncHttpClient-1-16] DEBUG org.asynchttpclient.netty.channel.NettyConnectListener - Using new Channel '[id: 0xb8fd5fd9, L:/127.0.0.1:60182 - R:localhost/127.0.0.1:62496]' for 'POST' to '/session'
12:31:31.645 [AsyncHttpClient-1-1] DEBUG org.asynchttpclient.netty.channel.DefaultChannelPool - Entry count for : http://localhost:60161 : 1
12:31:31.645 [AsyncHttpClient-1-1] DEBUG org.asynchttpclient.netty.channel.DefaultChannelPool - Entry count for : http://localhost:61478 : 1
12:31:31.645 [AsyncHttpClient-1-1] DEBUG org.asynchttpclient.netty.channel.DefaultChannelPool - Adding Candidate expired Channel [id: 0xfdb35d54, L:/127.0.0.1:60167 ! R:localhost/127.0.0.1:60161] isIdleTimeoutExpired=false isRemotelyClosed=true isTtlExpired=false
12:31:31.645 [AsyncHttpClient-1-1] DEBUG org.asynchttpclient.netty.channel.DefaultChannelPool - Closing Idle Channel [id: 0xfdb35d54, L:/127.0.0.1:60167 ! R:localhost/127.0.0.1:60161]
12:31:31.645 [AsyncHttpClient-1-1] DEBUG org.asynchttpclient.netty.channel.DefaultChannelPool - Adding Candidate expired Channel [id: 0xb596ba03, L:/127.0.0.1:60160 ! R:localhost/127.0.0.1:61478] isIdleTimeoutExpired=false isRemotelyClosed=true isTtlExpired=false
12:31:31.645 [AsyncHttpClient-1-1] DEBUG org.asynchttpclient.netty.channel.DefaultChannelPool - Closing Idle Channel [id: 0xb596ba03, L:/127.0.0.1:60160 ! R:localhost/127.0.0.1:61478]
12:31:31.645 [AsyncHttpClient-1-1] DEBUG org.asynchttpclient.netty.channel.DefaultChannelPool - Closed 2 connections out of 2 in 0 ms
12:31:32.125 [AsyncHttpClient-1-16] DEBUG org.asynchttpclient.netty.handler.HttpHandler - 

Request DefaultHttpRequest(decodeResult: success, version: HTTP/1.1)
POST /session HTTP/1.1
User-Agent: selenium/4.4.0 (java windows)
Content-Length: 437
Content-Type: application/json; charset=utf-8
host: localhost:62496
accept: */*

Response DefaultHttpResponse(decodeResult: success, version: HTTP/1.1)
HTTP/1.1 200 OK
Content-Type: application/json; charset=utf-8
cache-control: no-cache
content-length: 796

12:31:32.125 [AsyncHttpClient-1-16] DEBUG org.asynchttpclient.netty.channel.ChannelManager - Adding key: http://localhost:62496 for channel [id: 0xb8fd5fd9, L:/127.0.0.1:60182 - R:localhost/127.0.0.1:62496]
12:31:32.128 [AsyncHttpClient-1-17] DEBUG org.asynchttpclient.netty.channel.NettyConnectListener - Using new Channel '[id: 0x4020acb8, L:/127.0.0.1:60189 - R:localhost/127.0.0.1:60183]' for 'GET' to '/json/version'
12:31:32.129 [AsyncHttpClient-1-17] DEBUG org.asynchttpclient.netty.handler.HttpHandler - 

Request DefaultFullHttpRequest(decodeResult: success, version: HTTP/1.1, content: EmptyByteBufBE)
GET /json/version HTTP/1.1
User-Agent: selenium/4.4.0 (java windows)
host: localhost:60183
accept: */*

Response DefaultHttpResponse(decodeResult: success, version: HTTP/1.1)
HTTP/1.1 200 OK
Content-Type: application/json; charset=UTF-8
content-length: 423

12:31:32.129 [AsyncHttpClient-1-17] DEBUG org.asynchttpclient.netty.channel.ChannelManager - Adding key: http://localhost:60183 for channel [id: 0x4020acb8, L:/127.0.0.1:60189 - R:localhost/127.0.0.1:60183]
12:31:32.130 [AsyncHttpClient-1-2] DEBUG org.asynchttpclient.netty.channel.NettyConnectListener - Using new Channel '[id: 0xf8b64638, L:/127.0.0.1:60190 - R:localhost/127.0.0.1:60183]' for 'GET' to '/devtools/browser/9bd99668-36ad-4353-b485-2fc9ed787a9c'
12:31:32.131 [AsyncHttpClient-1-2] DEBUG org.asynchttpclient.netty.handler.WebSocketHandler - 

Request DefaultFullHttpRequest(decodeResult: success, version: HTTP/1.1, content: EmptyByteBufBE)
GET /devtools/browser/9bd99668-36ad-4353-b485-2fc9ed787a9c HTTP/1.1
upgrade: websocket
connection: upgrade
sec-websocket-key: E5Imydpe8Cy4aGodCk+EJA==
sec-websocket-version: 13
origin: http://localhost:60183
host: localhost:60183
accept: */*
user-agent: AHC/2.1

Response DefaultHttpResponse(decodeResult: success, version: HTTP/1.1)
HTTP/1.1 101 WebSocket Protocol Handshake
Upgrade: WebSocket
Connection: Upgrade
Sec-WebSocket-Accept: UzMgEVj5zszIV8w+nF7LCc633g8=

12:31:32.133 [Forwarding get on session f91ae635a59f486db267f10ef6576b31 to remote] DEBUG org.asynchttpclient.netty.request.NettyRequestSender - Using pooled Channel '[id: 0xb8fd5fd9, L:/127.0.0.1:60182 - R:localhost/127.0.0.1:62496]' for 'POST' to 'http://localhost:62496/session/f91ae635a59f486db267f10ef6576b31/url'
12:31:32.133 [Forwarding get on session f91ae635a59f486db267f10ef6576b31 to remote] DEBUG org.asynchttpclient.netty.request.NettyRequestSender - Using open Channel [id: 0xb8fd5fd9, L:/127.0.0.1:60182 - R:localhost/127.0.0.1:62496] for POST '/session/f91ae635a59f486db267f10ef6576b31/url'
12:31:32.347 [AsyncHttpClient-1-16] DEBUG org.asynchttpclient.netty.handler.HttpHandler - 

Request DefaultHttpRequest(decodeResult: success, version: HTTP/1.1)
POST /session/f91ae635a59f486db267f10ef6576b31/url HTTP/1.1
User-Agent: selenium/4.4.0 (java windows)
Content-Length: 40
Content-Type: application/json; charset=utf-8
host: localhost:62496
accept: */*

Response DefaultHttpResponse(decodeResult: success, version: HTTP/1.1)
HTTP/1.1 200 OK
Content-Type: application/json; charset=utf-8
cache-control: no-cache
content-length: 14

12:31:32.348 [AsyncHttpClient-1-16] DEBUG org.asynchttpclient.netty.channel.ChannelManager - Adding key: http://localhost:62496 for channel [id: 0xb8fd5fd9, L:/127.0.0.1:60182 - R:localhost/127.0.0.1:62496]
12:31:32.349 [Forwarding setTimeout on session f91ae635a59f486db267f10ef6576b31 to remote] DEBUG org.asynchttpclient.netty.request.NettyRequestSender - Using pooled Channel '[id: 0xb8fd5fd9, L:/127.0.0.1:60182 - R:localhost/127.0.0.1:62496]' for 'POST' to 'http://localhost:62496/session/f91ae635a59f486db267f10ef6576b31/timeouts'
12:31:32.349 [Forwarding setTimeout on session f91ae635a59f486db267f10ef6576b31 to remote] DEBUG org.asynchttpclient.netty.request.NettyRequestSender - Using open Channel [id: 0xb8fd5fd9, L:/127.0.0.1:60182 - R:localhost/127.0.0.1:62496] for POST '/session/f91ae635a59f486db267f10ef6576b31/timeouts'
12:31:32.350 [AsyncHttpClient-1-16] DEBUG org.asynchttpclient.netty.handler.HttpHandler - 

Request DefaultHttpRequest(decodeResult: success, version: HTTP/1.1)
POST /session/f91ae635a59f486db267f10ef6576b31/timeouts HTTP/1.1
User-Agent: selenium/4.4.0 (java windows)
Content-Length: 22
Content-Type: application/json; charset=utf-8
host: localhost:62496
accept: */*

Response DefaultHttpResponse(decodeResult: success, version: HTTP/1.1)
HTTP/1.1 200 OK
Content-Type: application/json; charset=utf-8
cache-control: no-cache
content-length: 14

12:31:32.350 [AsyncHttpClient-1-16] DEBUG org.asynchttpclient.netty.channel.ChannelManager - Adding key: http://localhost:62496 for channel [id: 0xb8fd5fd9, L:/127.0.0.1:60182 - R:localhost/127.0.0.1:62496]
12:31:32.360 [Forwarding getCurrentUrl on session f91ae635a59f486db267f10ef6576b31 to remote] DEBUG org.asynchttpclient.netty.request.NettyRequestSender - Using pooled Channel '[id: 0xb8fd5fd9, L:/127.0.0.1:60182 - R:localhost/127.0.0.1:62496]' for 'GET' to 'http://localhost:62496/session/f91ae635a59f486db267f10ef6576b31/url'
12:31:32.360 [Forwarding getCurrentUrl on session f91ae635a59f486db267f10ef6576b31 to remote] DEBUG org.asynchttpclient.netty.request.NettyRequestSender - Using open Channel [id: 0xb8fd5fd9, L:/127.0.0.1:60182 - R:localhost/127.0.0.1:62496] for GET '/session/f91ae635a59f486db267f10ef6576b31/url'
12:31:32.366 [AsyncHttpClient-1-16] DEBUG org.asynchttpclient.netty.handler.HttpHandler - 

Request DefaultFullHttpRequest(decodeResult: success, version: HTTP/1.1, content: EmptyByteBufBE)
GET /session/f91ae635a59f486db267f10ef6576b31/url HTTP/1.1
User-Agent: selenium/4.4.0 (java windows)
Cache-Control: no-cache
Content-Type: application/json; charset=utf-8
host: localhost:62496
accept: */*

Response DefaultHttpResponse(decodeResult: success, version: HTTP/1.1)
HTTP/1.1 200 OK
Content-Type: application/json; charset=utf-8
cache-control: no-cache
content-length: 38

12:31:32.366 [AsyncHttpClient-1-16] DEBUG org.asynchttpclient.netty.channel.ChannelManager - Adding key: http://localhost:62496 for channel [id: 0xb8fd5fd9, L:/127.0.0.1:60182 - R:localhost/127.0.0.1:62496]
12:31:32.376 [Forwarding getCurrentUrl on session f91ae635a59f486db267f10ef6576b31 to remote] DEBUG org.asynchttpclient.netty.request.NettyRequestSender - Using pooled Channel '[id: 0xb8fd5fd9, L:/127.0.0.1:60182 - R:localhost/127.0.0.1:62496]' for 'GET' to 'http://localhost:62496/session/f91ae635a59f486db267f10ef6576b31/url'
12:31:32.376 [Forwarding getCurrentUrl on session f91ae635a59f486db267f10ef6576b31 to remote] DEBUG org.asynchttpclient.netty.request.NettyRequestSender - Using open Channel [id: 0xb8fd5fd9, L:/127.0.0.1:60182 - R:localhost/127.0.0.1:62496] for GET '/session/f91ae635a59f486db267f10ef6576b31/url'
12:31:32.380 [AsyncHttpClient-1-16] DEBUG org.asynchttpclient.netty.handler.HttpHandler - 

Request DefaultFullHttpRequest(decodeResult: success, version: HTTP/1.1, content: EmptyByteBufBE)
GET /session/f91ae635a59f486db267f10ef6576b31/url HTTP/1.1
User-Agent: selenium/4.4.0 (java windows)
Cache-Control: no-cache
Content-Type: application/json; charset=utf-8
host: localhost:62496
accept: */*

Response DefaultHttpResponse(decodeResult: success, version: HTTP/1.1)
HTTP/1.1 200 OK
Content-Type: application/json; charset=utf-8
cache-control: no-cache
content-length: 38

12:31:32.380 [AsyncHttpClient-1-16] DEBUG org.asynchttpclient.netty.channel.ChannelManager - Adding key: http://localhost:62496 for channel [id: 0xb8fd5fd9, L:/127.0.0.1:60182 - R:localhost/127.0.0.1:62496]
12:31:32.397 [Forwarding getCurrentWindowHandle on session f91ae635a59f486db267f10ef6576b31 to remote] DEBUG org.asynchttpclient.netty.request.NettyRequestSender - Using pooled Channel '[id: 0xb8fd5fd9, L:/127.0.0.1:60182 - R:localhost/127.0.0.1:62496]' for 'GET' to 'http://localhost:62496/session/f91ae635a59f486db267f10ef6576b31/window'
12:31:32.397 [Forwarding getCurrentWindowHandle on session f91ae635a59f486db267f10ef6576b31 to remote] DEBUG org.asynchttpclient.netty.request.NettyRequestSender - Using open Channel [id: 0xb8fd5fd9, L:/127.0.0.1:60182 - R:localhost/127.0.0.1:62496] for GET '/session/f91ae635a59f486db267f10ef6576b31/window'
12:31:32.397 [AsyncHttpClient-1-16] DEBUG org.asynchttpclient.netty.handler.HttpHandler - 

Request DefaultFullHttpRequest(decodeResult: success, version: HTTP/1.1, content: EmptyByteBufBE)
GET /session/f91ae635a59f486db267f10ef6576b31/window HTTP/1.1
User-Agent: selenium/4.4.0 (java windows)
Cache-Control: no-cache
Content-Type: application/json; charset=utf-8
host: localhost:62496
accept: */*

Response DefaultHttpResponse(decodeResult: success, version: HTTP/1.1)
HTTP/1.1 200 OK
Content-Type: application/json; charset=utf-8
cache-control: no-cache
content-length: 53

12:31:32.397 [AsyncHttpClient-1-16] DEBUG org.asynchttpclient.netty.channel.ChannelManager - Adding key: http://localhost:62496 for channel [id: 0xb8fd5fd9, L:/127.0.0.1:60182 - R:localhost/127.0.0.1:62496]
12:31:32.402 [Forwarding getAlertText on session f91ae635a59f486db267f10ef6576b31 to remote] DEBUG org.asynchttpclient.netty.request.NettyRequestSender - Using pooled Channel '[id: 0xb8fd5fd9, L:/127.0.0.1:60182 - R:localhost/127.0.0.1:62496]' for 'GET' to 'http://localhost:62496/session/f91ae635a59f486db267f10ef6576b31/alert/text'
12:31:32.402 [Forwarding getAlertText on session f91ae635a59f486db267f10ef6576b31 to remote] DEBUG org.asynchttpclient.netty.request.NettyRequestSender - Using open Channel [id: 0xb8fd5fd9, L:/127.0.0.1:60182 - R:localhost/127.0.0.1:62496] for GET '/session/f91ae635a59f486db267f10ef6576b31/alert/text'
12:31:32.403 [AsyncHttpClient-1-16] DEBUG org.asynchttpclient.netty.handler.HttpHandler - 

Request DefaultFullHttpRequest(decodeResult: success, version: HTTP/1.1, content: EmptyByteBufBE)
GET /session/f91ae635a59f486db267f10ef6576b31/alert/text HTTP/1.1
User-Agent: selenium/4.4.0 (java windows)
Cache-Control: no-cache
Content-Type: application/json; charset=utf-8
host: localhost:62496
accept: */*

Response DefaultHttpResponse(decodeResult: success, version: HTTP/1.1)
HTTP/1.1 404 Not Found
Content-Type: application/json; charset=utf-8
cache-control: no-cache
content-length: 879

12:31:32.404 [AsyncHttpClient-1-16] DEBUG org.asynchttpclient.netty.channel.ChannelManager - Adding key: http://localhost:62496 for channel [id: 0xb8fd5fd9, L:/127.0.0.1:60182 - R:localhost/127.0.0.1:62496]
12:31:32.410 [Forwarding switchToWindow on session f91ae635a59f486db267f10ef6576b31 to remote] DEBUG org.asynchttpclient.netty.request.NettyRequestSender - Using pooled Channel '[id: 0xb8fd5fd9, L:/127.0.0.1:60182 - R:localhost/127.0.0.1:62496]' for 'POST' to 'http://localhost:62496/session/f91ae635a59f486db267f10ef6576b31/window'
12:31:32.410 [Forwarding switchToWindow on session f91ae635a59f486db267f10ef6576b31 to remote] DEBUG org.asynchttpclient.netty.request.NettyRequestSender - Using open Channel [id: 0xb8fd5fd9, L:/127.0.0.1:60182 - R:localhost/127.0.0.1:62496] for POST '/session/f91ae635a59f486db267f10ef6576b31/window'
12:31:32.414 [AsyncHttpClient-1-16] DEBUG org.asynchttpclient.netty.handler.HttpHandler - 

Request DefaultHttpRequest(decodeResult: success, version: HTTP/1.1)
POST /session/f91ae635a59f486db267f10ef6576b31/window HTTP/1.1
User-Agent: selenium/4.4.0 (java windows)
Content-Length: 59
Content-Type: application/json; charset=utf-8
host: localhost:62496
accept: */*

Response DefaultHttpResponse(decodeResult: success, version: HTTP/1.1)
HTTP/1.1 200 OK
Content-Type: application/json; charset=utf-8
cache-control: no-cache
content-length: 14

12:31:32.414 [AsyncHttpClient-1-16] DEBUG org.asynchttpclient.netty.channel.ChannelManager - Adding key: http://localhost:62496 for channel [id: 0xb8fd5fd9, L:/127.0.0.1:60182 - R:localhost/127.0.0.1:62496]
12:31:32.415 [Forwarding getCurrentUrl on session f91ae635a59f486db267f10ef6576b31 to remote] DEBUG org.asynchttpclient.netty.request.NettyRequestSender - Using pooled Channel '[id: 0xb8fd5fd9, L:/127.0.0.1:60182 - R:localhost/127.0.0.1:62496]' for 'GET' to 'http://localhost:62496/session/f91ae635a59f486db267f10ef6576b31/url'
12:31:32.415 [Forwarding getCurrentUrl on session f91ae635a59f486db267f10ef6576b31 to remote] DEBUG org.asynchttpclient.netty.request.NettyRequestSender - Using open Channel [id: 0xb8fd5fd9, L:/127.0.0.1:60182 - R:localhost/127.0.0.1:62496] for GET '/session/f91ae635a59f486db267f10ef6576b31/url'
12:31:32.418 [AsyncHttpClient-1-16] DEBUG org.asynchttpclient.netty.handler.HttpHandler - 

Request DefaultFullHttpRequest(decodeResult: success, version: HTTP/1.1, content: EmptyByteBufBE)
GET /session/f91ae635a59f486db267f10ef6576b31/url HTTP/1.1
User-Agent: selenium/4.4.0 (java windows)
Cache-Control: no-cache
Content-Type: application/json; charset=utf-8
host: localhost:62496
accept: */*

Response DefaultHttpResponse(decodeResult: success, version: HTTP/1.1)
HTTP/1.1 200 OK
Content-Type: application/json; charset=utf-8
cache-control: no-cache
content-length: 38

12:31:32.418 [AsyncHttpClient-1-16] DEBUG org.asynchttpclient.netty.channel.ChannelManager - Adding key: http://localhost:62496 for channel [id: 0xb8fd5fd9, L:/127.0.0.1:60182 - R:localhost/127.0.0.1:62496]
12:31:32.419 [Forwarding screenshot on session f91ae635a59f486db267f10ef6576b31 to remote] DEBUG org.asynchttpclient.netty.request.NettyRequestSender - Using pooled Channel '[id: 0xb8fd5fd9, L:/127.0.0.1:60182 - R:localhost/127.0.0.1:62496]' for 'GET' to 'http://localhost:62496/session/f91ae635a59f486db267f10ef6576b31/screenshot'
12:31:32.419 [Forwarding screenshot on session f91ae635a59f486db267f10ef6576b31 to remote] DEBUG org.asynchttpclient.netty.request.NettyRequestSender - Using open Channel [id: 0xb8fd5fd9, L:/127.0.0.1:60182 - R:localhost/127.0.0.1:62496] for GET '/session/f91ae635a59f486db267f10ef6576b31/screenshot'
12:31:32.505 [AsyncHttpClient-1-16] DEBUG org.asynchttpclient.netty.handler.HttpHandler - 

Request DefaultFullHttpRequest(decodeResult: success, version: HTTP/1.1, content: EmptyByteBufBE)
GET /session/f91ae635a59f486db267f10ef6576b31/screenshot HTTP/1.1
User-Agent: selenium/4.4.0 (java windows)
Cache-Control: no-cache
Content-Type: application/json; charset=utf-8
host: localhost:62496
accept: */*

Response DefaultHttpResponse(decodeResult: success, version: HTTP/1.1)
HTTP/1.1 200 OK
Content-Type: application/json; charset=utf-8
cache-control: no-cache
content-length: 59108

12:31:32.505 [AsyncHttpClient-1-16] DEBUG org.asynchttpclient.netty.channel.ChannelManager - Adding key: http://localhost:62496 for channel [id: 0xb8fd5fd9, L:/127.0.0.1:60182 - R:localhost/127.0.0.1:62496]
12:31:32.507 [Test worker] DEBUG net.serenitybdd.core.photography.Darkroom - Send negative for processing for C:\Users\juan.gomezv\IdeaProjects\sura\target\site\serenity\60e3c498caf7a8fcf635471a5092c247627e1395d91e12246eaf1a3e7a34e095.png
12:31:32.507 [Test worker] DEBUG net.thucydides.core.steps.StepInterceptor - STEP DONE: {0} opens the #targetPageName
12:31:32.515 [Test worker] DEBUG net.thucydides.core.steps.StepInterceptor - STEP DONE: {0} abre la aplicación
  ?[32mDado ?[0m?[32m?[0m?[32m?[1mAna?[0m?[32m quiere consultar articulos deportivos en la web de la marca Swag?[0m   ?[90m# sura.stepDefinitions.LoginSteps.quiereConsultarArticulosDeportivosEnLaWebDeLaMarcaSwag(net.serenitybdd.screenplay.Actor)?[0m
12:31:32.528 [Forwarding getPageSource on session f91ae635a59f486db267f10ef6576b31 to remote] DEBUG org.asynchttpclient.netty.request.NettyRequestSender - Using pooled Channel '[id: 0xb8fd5fd9, L:/127.0.0.1:60182 - R:localhost/127.0.0.1:62496]' for 'POST' to 'http://localhost:62496/session/f91ae635a59f486db267f10ef6576b31/execute/sync'
12:31:32.528 [Forwarding getPageSource on session f91ae635a59f486db267f10ef6576b31 to remote] DEBUG org.asynchttpclient.netty.request.NettyRequestSender - Using open Channel [id: 0xb8fd5fd9, L:/127.0.0.1:60182 - R:localhost/127.0.0.1:62496] for POST '/session/f91ae635a59f486db267f10ef6576b31/execute/sync'
12:31:32.531 [AsyncHttpClient-1-16] DEBUG org.asynchttpclient.netty.handler.HttpHandler - 

Request DefaultHttpRequest(decodeResult: success, version: HTTP/1.1)
POST /session/f91ae635a59f486db267f10ef6576b31/execute/sync HTTP/1.1
User-Agent: selenium/4.4.0 (java windows)
Content-Length: 176
Content-Type: application/json; charset=utf-8
host: localhost:62496
accept: */*

Response DefaultHttpResponse(decodeResult: success, version: HTTP/1.1)
HTTP/1.1 200 OK
Content-Type: application/json; charset=utf-8
cache-control: no-cache
content-length: 4160

12:31:32.531 [AsyncHttpClient-1-16] DEBUG org.asynchttpclient.netty.channel.ChannelManager - Adding key: http://localhost:62496 for channel [id: 0xb8fd5fd9, L:/127.0.0.1:60182 - R:localhost/127.0.0.1:62496]
12:31:32.532 [Forwarding getCurrentUrl on session f91ae635a59f486db267f10ef6576b31 to remote] DEBUG org.asynchttpclient.netty.request.NettyRequestSender - Using pooled Channel '[id: 0xb8fd5fd9, L:/127.0.0.1:60182 - R:localhost/127.0.0.1:62496]' for 'GET' to 'http://localhost:62496/session/f91ae635a59f486db267f10ef6576b31/url'
12:31:32.532 [Forwarding getCurrentUrl on session f91ae635a59f486db267f10ef6576b31 to remote] DEBUG org.asynchttpclient.netty.request.NettyRequestSender - Using open Channel [id: 0xb8fd5fd9, L:/127.0.0.1:60182 - R:localhost/127.0.0.1:62496] for GET '/session/f91ae635a59f486db267f10ef6576b31/url'
12:31:32.534 [AsyncHttpClient-1-16] DEBUG org.asynchttpclient.netty.handler.HttpHandler - 

Request DefaultFullHttpRequest(decodeResult: success, version: HTTP/1.1, content: EmptyByteBufBE)
GET /session/f91ae635a59f486db267f10ef6576b31/url HTTP/1.1
User-Agent: selenium/4.4.0 (java windows)
Cache-Control: no-cache
Content-Type: application/json; charset=utf-8
host: localhost:62496
accept: */*

Response DefaultHttpResponse(decodeResult: success, version: HTTP/1.1)
HTTP/1.1 200 OK
Content-Type: application/json; charset=utf-8
cache-control: no-cache
content-length: 38

12:31:32.534 [AsyncHttpClient-1-16] DEBUG org.asynchttpclient.netty.channel.ChannelManager - Adding key: http://localhost:62496 for channel [id: 0xb8fd5fd9, L:/127.0.0.1:60182 - R:localhost/127.0.0.1:62496]
12:31:32.554 [Forwarding getPageSource on session f91ae635a59f486db267f10ef6576b31 to remote] DEBUG org.asynchttpclient.netty.request.NettyRequestSender - Using pooled Channel '[id: 0xb8fd5fd9, L:/127.0.0.1:60182 - R:localhost/127.0.0.1:62496]' for 'POST' to 'http://localhost:62496/session/f91ae635a59f486db267f10ef6576b31/execute/sync'
12:31:32.554 [Forwarding getPageSource on session f91ae635a59f486db267f10ef6576b31 to remote] DEBUG org.asynchttpclient.netty.request.NettyRequestSender - Using open Channel [id: 0xb8fd5fd9, L:/127.0.0.1:60182 - R:localhost/127.0.0.1:62496] for POST '/session/f91ae635a59f486db267f10ef6576b31/execute/sync'
12:31:32.559 [AsyncHttpClient-1-16] DEBUG org.asynchttpclient.netty.handler.HttpHandler - 

Request DefaultHttpRequest(decodeResult: success, version: HTTP/1.1)
POST /session/f91ae635a59f486db267f10ef6576b31/execute/sync HTTP/1.1
User-Agent: selenium/4.4.0 (java windows)
Content-Length: 176
Content-Type: application/json; charset=utf-8
host: localhost:62496
accept: */*

Response DefaultHttpResponse(decodeResult: success, version: HTTP/1.1)
HTTP/1.1 200 OK
Content-Type: application/json; charset=utf-8
cache-control: no-cache
content-length: 4160

12:31:32.559 [AsyncHttpClient-1-16] DEBUG org.asynchttpclient.netty.channel.ChannelManager - Adding key: http://localhost:62496 for channel [id: 0xb8fd5fd9, L:/127.0.0.1:60182 - R:localhost/127.0.0.1:62496]
12:31:32.560 [Forwarding getCurrentUrl on session f91ae635a59f486db267f10ef6576b31 to remote] DEBUG org.asynchttpclient.netty.request.NettyRequestSender - Using pooled Channel '[id: 0xb8fd5fd9, L:/127.0.0.1:60182 - R:localhost/127.0.0.1:62496]' for 'GET' to 'http://localhost:62496/session/f91ae635a59f486db267f10ef6576b31/url'
12:31:32.560 [Forwarding getCurrentUrl on session f91ae635a59f486db267f10ef6576b31 to remote] DEBUG org.asynchttpclient.netty.request.NettyRequestSender - Using open Channel [id: 0xb8fd5fd9, L:/127.0.0.1:60182 - R:localhost/127.0.0.1:62496] for GET '/session/f91ae635a59f486db267f10ef6576b31/url'
12:31:32.563 [AsyncHttpClient-1-16] DEBUG org.asynchttpclient.netty.handler.HttpHandler - 

Request DefaultFullHttpRequest(decodeResult: success, version: HTTP/1.1, content: EmptyByteBufBE)
GET /session/f91ae635a59f486db267f10ef6576b31/url HTTP/1.1
User-Agent: selenium/4.4.0 (java windows)
Cache-Control: no-cache
Content-Type: application/json; charset=utf-8
host: localhost:62496
accept: */*

Response DefaultHttpResponse(decodeResult: success, version: HTTP/1.1)
HTTP/1.1 200 OK
Content-Type: application/json; charset=utf-8
cache-control: no-cache
content-length: 38

12:31:32.564 [AsyncHttpClient-1-16] DEBUG org.asynchttpclient.netty.channel.ChannelManager - Adding key: http://localhost:62496 for channel [id: 0xb8fd5fd9, L:/127.0.0.1:60182 - R:localhost/127.0.0.1:62496]
12:31:32.565 [Test worker] DEBUG net.thucydides.core.steps.StepInterceptor - STARTING STEP: LoginSteps.elSeAutenticaComoUnUsuario - performAs
12:31:32.582 [Forwarding getCurrentWindowHandle on session f91ae635a59f486db267f10ef6576b31 to remote] DEBUG org.asynchttpclient.netty.request.NettyRequestSender - Using pooled Channel '[id: 0xb8fd5fd9, L:/127.0.0.1:60182 - R:localhost/127.0.0.1:62496]' for 'GET' to 'http://localhost:62496/session/f91ae635a59f486db267f10ef6576b31/window'
12:31:32.582 [Forwarding getCurrentWindowHandle on session f91ae635a59f486db267f10ef6576b31 to remote] DEBUG org.asynchttpclient.netty.request.NettyRequestSender - Using open Channel [id: 0xb8fd5fd9, L:/127.0.0.1:60182 - R:localhost/127.0.0.1:62496] for GET '/session/f91ae635a59f486db267f10ef6576b31/window'
12:31:32.584 [AsyncHttpClient-1-16] DEBUG org.asynchttpclient.netty.handler.HttpHandler - 

Request DefaultFullHttpRequest(decodeResult: success, version: HTTP/1.1, content: EmptyByteBufBE)
GET /session/f91ae635a59f486db267f10ef6576b31/window HTTP/1.1
User-Agent: selenium/4.4.0 (java windows)
Cache-Control: no-cache
Content-Type: application/json; charset=utf-8
host: localhost:62496
accept: */*

Response DefaultHttpResponse(decodeResult: success, version: HTTP/1.1)
HTTP/1.1 200 OK
Content-Type: application/json; charset=utf-8
cache-control: no-cache
content-length: 53

12:31:32.584 [AsyncHttpClient-1-16] DEBUG org.asynchttpclient.netty.channel.ChannelManager - Adding key: http://localhost:62496 for channel [id: 0xb8fd5fd9, L:/127.0.0.1:60182 - R:localhost/127.0.0.1:62496]
12:31:32.587 [Forwarding getAlertText on session f91ae635a59f486db267f10ef6576b31 to remote] DEBUG org.asynchttpclient.netty.request.NettyRequestSender - Using pooled Channel '[id: 0xb8fd5fd9, L:/127.0.0.1:60182 - R:localhost/127.0.0.1:62496]' for 'GET' to 'http://localhost:62496/session/f91ae635a59f486db267f10ef6576b31/alert/text'
12:31:32.587 [Forwarding getAlertText on session f91ae635a59f486db267f10ef6576b31 to remote] DEBUG org.asynchttpclient.netty.request.NettyRequestSender - Using open Channel [id: 0xb8fd5fd9, L:/127.0.0.1:60182 - R:localhost/127.0.0.1:62496] for GET '/session/f91ae635a59f486db267f10ef6576b31/alert/text'
12:31:32.589 [AsyncHttpClient-1-16] DEBUG org.asynchttpclient.netty.handler.HttpHandler - 

Request DefaultFullHttpRequest(decodeResult: success, version: HTTP/1.1, content: EmptyByteBufBE)
GET /session/f91ae635a59f486db267f10ef6576b31/alert/text HTTP/1.1
User-Agent: selenium/4.4.0 (java windows)
Cache-Control: no-cache
Content-Type: application/json; charset=utf-8
host: localhost:62496
accept: */*

Response DefaultHttpResponse(decodeResult: success, version: HTTP/1.1)
HTTP/1.1 404 Not Found
Content-Type: application/json; charset=utf-8
cache-control: no-cache
content-length: 879

12:31:32.589 [AsyncHttpClient-1-16] DEBUG org.asynchttpclient.netty.channel.ChannelManager - Adding key: http://localhost:62496 for channel [id: 0xb8fd5fd9, L:/127.0.0.1:60182 - R:localhost/127.0.0.1:62496]
12:31:32.592 [Forwarding switchToWindow on session f91ae635a59f486db267f10ef6576b31 to remote] DEBUG org.asynchttpclient.netty.request.NettyRequestSender - Using pooled Channel '[id: 0xb8fd5fd9, L:/127.0.0.1:60182 - R:localhost/127.0.0.1:62496]' for 'POST' to 'http://localhost:62496/session/f91ae635a59f486db267f10ef6576b31/window'
12:31:32.592 [Forwarding switchToWindow on session f91ae635a59f486db267f10ef6576b31 to remote] DEBUG org.asynchttpclient.netty.request.NettyRequestSender - Using open Channel [id: 0xb8fd5fd9, L:/127.0.0.1:60182 - R:localhost/127.0.0.1:62496] for POST '/session/f91ae635a59f486db267f10ef6576b31/window'
12:31:32.594 [AsyncHttpClient-1-16] DEBUG org.asynchttpclient.netty.handler.HttpHandler - 

Request DefaultHttpRequest(decodeResult: success, version: HTTP/1.1)
POST /session/f91ae635a59f486db267f10ef6576b31/window HTTP/1.1
User-Agent: selenium/4.4.0 (java windows)
Content-Length: 59
Content-Type: application/json; charset=utf-8
host: localhost:62496
accept: */*

Response DefaultHttpResponse(decodeResult: success, version: HTTP/1.1)
HTTP/1.1 200 OK
Content-Type: application/json; charset=utf-8
cache-control: no-cache
content-length: 14

12:31:32.595 [AsyncHttpClient-1-16] DEBUG org.asynchttpclient.netty.channel.ChannelManager - Adding key: http://localhost:62496 for channel [id: 0xb8fd5fd9, L:/127.0.0.1:60182 - R:localhost/127.0.0.1:62496]
12:31:32.595 [Forwarding getCurrentUrl on session f91ae635a59f486db267f10ef6576b31 to remote] DEBUG org.asynchttpclient.netty.request.NettyRequestSender - Using pooled Channel '[id: 0xb8fd5fd9, L:/127.0.0.1:60182 - R:localhost/127.0.0.1:62496]' for 'GET' to 'http://localhost:62496/session/f91ae635a59f486db267f10ef6576b31/url'
12:31:32.595 [Forwarding getCurrentUrl on session f91ae635a59f486db267f10ef6576b31 to remote] DEBUG org.asynchttpclient.netty.request.NettyRequestSender - Using open Channel [id: 0xb8fd5fd9, L:/127.0.0.1:60182 - R:localhost/127.0.0.1:62496] for GET '/session/f91ae635a59f486db267f10ef6576b31/url'
12:31:32.598 [AsyncHttpClient-1-16] DEBUG org.asynchttpclient.netty.handler.HttpHandler - 

Request DefaultFullHttpRequest(decodeResult: success, version: HTTP/1.1, content: EmptyByteBufBE)
GET /session/f91ae635a59f486db267f10ef6576b31/url HTTP/1.1
User-Agent: selenium/4.4.0 (java windows)
Cache-Control: no-cache
Content-Type: application/json; charset=utf-8
host: localhost:62496
accept: */*

Response DefaultHttpResponse(decodeResult: success, version: HTTP/1.1)
HTTP/1.1 200 OK
Content-Type: application/json; charset=utf-8
cache-control: no-cache
content-length: 38

12:31:32.598 [AsyncHttpClient-1-16] DEBUG org.asynchttpclient.netty.channel.ChannelManager - Adding key: http://localhost:62496 for channel [id: 0xb8fd5fd9, L:/127.0.0.1:60182 - R:localhost/127.0.0.1:62496]
12:31:32.598 [Forwarding screenshot on session f91ae635a59f486db267f10ef6576b31 to remote] DEBUG org.asynchttpclient.netty.request.NettyRequestSender - Using pooled Channel '[id: 0xb8fd5fd9, L:/127.0.0.1:60182 - R:localhost/127.0.0.1:62496]' for 'GET' to 'http://localhost:62496/session/f91ae635a59f486db267f10ef6576b31/screenshot'
12:31:32.598 [Forwarding screenshot on session f91ae635a59f486db267f10ef6576b31 to remote] DEBUG org.asynchttpclient.netty.request.NettyRequestSender - Using open Channel [id: 0xb8fd5fd9, L:/127.0.0.1:60182 - R:localhost/127.0.0.1:62496] for GET '/session/f91ae635a59f486db267f10ef6576b31/screenshot'
12:31:32.688 [AsyncHttpClient-1-16] DEBUG org.asynchttpclient.netty.handler.HttpHandler - 

Request DefaultFullHttpRequest(decodeResult: success, version: HTTP/1.1, content: EmptyByteBufBE)
GET /session/f91ae635a59f486db267f10ef6576b31/screenshot HTTP/1.1
User-Agent: selenium/4.4.0 (java windows)
Cache-Control: no-cache
Content-Type: application/json; charset=utf-8
host: localhost:62496
accept: */*

Response DefaultHttpResponse(decodeResult: success, version: HTTP/1.1)
HTTP/1.1 200 OK
Content-Type: application/json; charset=utf-8
cache-control: no-cache
content-length: 59108

12:31:32.689 [AsyncHttpClient-1-16] DEBUG org.asynchttpclient.netty.channel.ChannelManager - Adding key: http://localhost:62496 for channel [id: 0xb8fd5fd9, L:/127.0.0.1:60182 - R:localhost/127.0.0.1:62496]
12:31:32.690 [Test worker] DEBUG net.serenitybdd.core.photography.Darkroom - Send negative for processing for C:\Users\juan.gomezv\IdeaProjects\sura\target\site\serenity\60e3c498caf7a8fcf635471a5092c247627e1395d91e12246eaf1a3e7a34e095.png
12:31:32.694 [Forwarding getPageSource on session f91ae635a59f486db267f10ef6576b31 to remote] DEBUG org.asynchttpclient.netty.request.NettyRequestSender - Using pooled Channel '[id: 0xb8fd5fd9, L:/127.0.0.1:60182 - R:localhost/127.0.0.1:62496]' for 'POST' to 'http://localhost:62496/session/f91ae635a59f486db267f10ef6576b31/execute/sync'
12:31:32.694 [Forwarding getPageSource on session f91ae635a59f486db267f10ef6576b31 to remote] DEBUG org.asynchttpclient.netty.request.NettyRequestSender - Using open Channel [id: 0xb8fd5fd9, L:/127.0.0.1:60182 - R:localhost/127.0.0.1:62496] for POST '/session/f91ae635a59f486db267f10ef6576b31/execute/sync'
12:31:32.697 [AsyncHttpClient-1-16] DEBUG org.asynchttpclient.netty.handler.HttpHandler - 

Request DefaultHttpRequest(decodeResult: success, version: HTTP/1.1)
POST /session/f91ae635a59f486db267f10ef6576b31/execute/sync HTTP/1.1
User-Agent: selenium/4.4.0 (java windows)
Content-Length: 176
Content-Type: application/json; charset=utf-8
host: localhost:62496
accept: */*

Response DefaultHttpResponse(decodeResult: success, version: HTTP/1.1)
HTTP/1.1 200 OK
Content-Type: application/json; charset=utf-8
cache-control: no-cache
content-length: 4160

12:31:32.697 [AsyncHttpClient-1-16] DEBUG org.asynchttpclient.netty.channel.ChannelManager - Adding key: http://localhost:62496 for channel [id: 0xb8fd5fd9, L:/127.0.0.1:60182 - R:localhost/127.0.0.1:62496]
12:31:32.698 [Forwarding getCurrentUrl on session f91ae635a59f486db267f10ef6576b31 to remote] DEBUG org.asynchttpclient.netty.request.NettyRequestSender - Using pooled Channel '[id: 0xb8fd5fd9, L:/127.0.0.1:60182 - R:localhost/127.0.0.1:62496]' for 'GET' to 'http://localhost:62496/session/f91ae635a59f486db267f10ef6576b31/url'
12:31:32.698 [Forwarding getCurrentUrl on session f91ae635a59f486db267f10ef6576b31 to remote] DEBUG org.asynchttpclient.netty.request.NettyRequestSender - Using open Channel [id: 0xb8fd5fd9, L:/127.0.0.1:60182 - R:localhost/127.0.0.1:62496] for GET '/session/f91ae635a59f486db267f10ef6576b31/url'
12:31:32.700 [AsyncHttpClient-1-16] DEBUG org.asynchttpclient.netty.handler.HttpHandler - 

Request DefaultFullHttpRequest(decodeResult: success, version: HTTP/1.1, content: EmptyByteBufBE)
GET /session/f91ae635a59f486db267f10ef6576b31/url HTTP/1.1
User-Agent: selenium/4.4.0 (java windows)
Cache-Control: no-cache
Content-Type: application/json; charset=utf-8
host: localhost:62496
accept: */*

Response DefaultHttpResponse(decodeResult: success, version: HTTP/1.1)
HTTP/1.1 200 OK
Content-Type: application/json; charset=utf-8
cache-control: no-cache
content-length: 38

12:31:32.700 [AsyncHttpClient-1-16] DEBUG org.asynchttpclient.netty.channel.ChannelManager - Adding key: http://localhost:62496 for channel [id: 0xb8fd5fd9, L:/127.0.0.1:60182 - R:localhost/127.0.0.1:62496]
12:31:32.702 [Test worker] DEBUG net.thucydides.core.steps.StepInterceptor - STARTING STEP: LogIn.performAs - {0} enters #theTextAsAString into #target
12:31:32.705 [Test worker] DEBUG net.serenitybdd.screenplay.targets.IFrameSwitcher - default content already selected for usernameTextBox
12:31:32.714 [Forwarding findElement on session f91ae635a59f486db267f10ef6576b31 to remote] DEBUG org.asynchttpclient.netty.request.NettyRequestSender - Using pooled Channel '[id: 0xb8fd5fd9, L:/127.0.0.1:60182 - R:localhost/127.0.0.1:62496]' for 'POST' to 'http://localhost:62496/session/f91ae635a59f486db267f10ef6576b31/element'
12:31:32.714 [Forwarding findElement on session f91ae635a59f486db267f10ef6576b31 to remote] DEBUG org.asynchttpclient.netty.request.NettyRequestSender - Using open Channel [id: 0xb8fd5fd9, L:/127.0.0.1:60182 - R:localhost/127.0.0.1:62496] for POST '/session/f91ae635a59f486db267f10ef6576b31/element'
12:31:32.725 [AsyncHttpClient-1-16] DEBUG org.asynchttpclient.netty.handler.HttpHandler - 

Request DefaultHttpRequest(decodeResult: success, version: HTTP/1.1)
POST /session/f91ae635a59f486db267f10ef6576b31/element HTTP/1.1
User-Agent: selenium/4.4.0 (java windows)
Content-Length: 67
Content-Type: application/json; charset=utf-8
host: localhost:62496
accept: */*

Response DefaultHttpResponse(decodeResult: success, version: HTTP/1.1)
HTTP/1.1 200 OK
Content-Type: application/json; charset=utf-8
cache-control: no-cache
content-length: 88

12:31:32.725 [AsyncHttpClient-1-16] DEBUG org.asynchttpclient.netty.channel.ChannelManager - Adding key: http://localhost:62496 for channel [id: 0xb8fd5fd9, L:/127.0.0.1:60182 - R:localhost/127.0.0.1:62496]
12:31:32.726 [Forwarding clearElement on session f91ae635a59f486db267f10ef6576b31 to remote] DEBUG org.asynchttpclient.netty.request.NettyRequestSender - Using pooled Channel '[id: 0xb8fd5fd9, L:/127.0.0.1:60182 - R:localhost/127.0.0.1:62496]' for 'POST' to 'http://localhost:62496/session/f91ae635a59f486db267f10ef6576b31/element/3c30b09e-2b78-43d6-abfc-03b64afa3b25/clear'
12:31:32.726 [Forwarding clearElement on session f91ae635a59f486db267f10ef6576b31 to remote] DEBUG org.asynchttpclient.netty.request.NettyRequestSender - Using open Channel [id: 0xb8fd5fd9, L:/127.0.0.1:60182 - R:localhost/127.0.0.1:62496] for POST '/session/f91ae635a59f486db267f10ef6576b31/element/3c30b09e-2b78-43d6-abfc-03b64afa3b25/clear'
12:31:32.743 [AsyncHttpClient-1-1] DEBUG org.asynchttpclient.netty.channel.DefaultChannelPool - Entry count for : http://localhost:60183 : 1
12:31:32.753 [AsyncHttpClient-1-16] DEBUG org.asynchttpclient.netty.handler.HttpHandler - 

Request DefaultHttpRequest(decodeResult: success, version: HTTP/1.1)
POST /session/f91ae635a59f486db267f10ef6576b31/element/3c30b09e-2b78-43d6-abfc-03b64afa3b25/clear HTTP/1.1
User-Agent: selenium/4.4.0 (java windows)
Content-Length: 50
Content-Type: application/json; charset=utf-8
host: localhost:62496
accept: */*

Response DefaultHttpResponse(decodeResult: success, version: HTTP/1.1)
HTTP/1.1 200 OK
Content-Type: application/json; charset=utf-8
cache-control: no-cache
content-length: 14

12:31:32.753 [AsyncHttpClient-1-16] DEBUG org.asynchttpclient.netty.channel.ChannelManager - Adding key: http://localhost:62496 for channel [id: 0xb8fd5fd9, L:/127.0.0.1:60182 - R:localhost/127.0.0.1:62496]
12:31:32.756 [Forwarding sendKeysToElement on session f91ae635a59f486db267f10ef6576b31 to remote] DEBUG org.asynchttpclient.netty.request.NettyRequestSender - Using pooled Channel '[id: 0xb8fd5fd9, L:/127.0.0.1:60182 - R:localhost/127.0.0.1:62496]' for 'POST' to 'http://localhost:62496/session/f91ae635a59f486db267f10ef6576b31/element/3c30b09e-2b78-43d6-abfc-03b64afa3b25/value'
12:31:32.756 [Forwarding sendKeysToElement on session f91ae635a59f486db267f10ef6576b31 to remote] DEBUG org.asynchttpclient.netty.request.NettyRequestSender - Using open Channel [id: 0xb8fd5fd9, L:/127.0.0.1:60182 - R:localhost/127.0.0.1:62496] for POST '/session/f91ae635a59f486db267f10ef6576b31/element/3c30b09e-2b78-43d6-abfc-03b64afa3b25/value'
12:31:32.804 [AsyncHttpClient-1-16] DEBUG org.asynchttpclient.netty.handler.HttpHandler - 

Request DefaultHttpRequest(decodeResult: success, version: HTTP/1.1)
POST /session/f91ae635a59f486db267f10ef6576b31/element/3c30b09e-2b78-43d6-abfc-03b64afa3b25/value HTTP/1.1
User-Agent: selenium/4.4.0 (java windows)
Content-Length: 211
Content-Type: application/json; charset=utf-8
host: localhost:62496
accept: */*

Response DefaultHttpResponse(decodeResult: success, version: HTTP/1.1)
HTTP/1.1 200 OK
Content-Type: application/json; charset=utf-8
cache-control: no-cache
content-length: 14

12:31:32.804 [AsyncHttpClient-1-16] DEBUG org.asynchttpclient.netty.channel.ChannelManager - Adding key: http://localhost:62496 for channel [id: 0xb8fd5fd9, L:/127.0.0.1:60182 - R:localhost/127.0.0.1:62496]
12:31:32.821 [Forwarding getCurrentWindowHandle on session f91ae635a59f486db267f10ef6576b31 to remote] DEBUG org.asynchttpclient.netty.request.NettyRequestSender - Using pooled Channel '[id: 0xb8fd5fd9, L:/127.0.0.1:60182 - R:localhost/127.0.0.1:62496]' for 'GET' to 'http://localhost:62496/session/f91ae635a59f486db267f10ef6576b31/window'
12:31:32.821 [Forwarding getCurrentWindowHandle on session f91ae635a59f486db267f10ef6576b31 to remote] DEBUG org.asynchttpclient.netty.request.NettyRequestSender - Using open Channel [id: 0xb8fd5fd9, L:/127.0.0.1:60182 - R:localhost/127.0.0.1:62496] for GET '/session/f91ae635a59f486db267f10ef6576b31/window'
12:31:32.822 [AsyncHttpClient-1-16] DEBUG org.asynchttpclient.netty.handler.HttpHandler - 

Request DefaultFullHttpRequest(decodeResult: success, version: HTTP/1.1, content: EmptyByteBufBE)
GET /session/f91ae635a59f486db267f10ef6576b31/window HTTP/1.1
User-Agent: selenium/4.4.0 (java windows)
Cache-Control: no-cache
Content-Type: application/json; charset=utf-8
host: localhost:62496
accept: */*

Response DefaultHttpResponse(decodeResult: success, version: HTTP/1.1)
HTTP/1.1 200 OK
Content-Type: application/json; charset=utf-8
cache-control: no-cache
content-length: 53

12:31:32.822 [AsyncHttpClient-1-16] DEBUG org.asynchttpclient.netty.channel.ChannelManager - Adding key: http://localhost:62496 for channel [id: 0xb8fd5fd9, L:/127.0.0.1:60182 - R:localhost/127.0.0.1:62496]
12:31:32.826 [Forwarding getAlertText on session f91ae635a59f486db267f10ef6576b31 to remote] DEBUG org.asynchttpclient.netty.request.NettyRequestSender - Using pooled Channel '[id: 0xb8fd5fd9, L:/127.0.0.1:60182 - R:localhost/127.0.0.1:62496]' for 'GET' to 'http://localhost:62496/session/f91ae635a59f486db267f10ef6576b31/alert/text'
12:31:32.826 [Forwarding getAlertText on session f91ae635a59f486db267f10ef6576b31 to remote] DEBUG org.asynchttpclient.netty.request.NettyRequestSender - Using open Channel [id: 0xb8fd5fd9, L:/127.0.0.1:60182 - R:localhost/127.0.0.1:62496] for GET '/session/f91ae635a59f486db267f10ef6576b31/alert/text'
12:31:32.828 [AsyncHttpClient-1-16] DEBUG org.asynchttpclient.netty.handler.HttpHandler - 

Request DefaultFullHttpRequest(decodeResult: success, version: HTTP/1.1, content: EmptyByteBufBE)
GET /session/f91ae635a59f486db267f10ef6576b31/alert/text HTTP/1.1
User-Agent: selenium/4.4.0 (java windows)
Cache-Control: no-cache
Content-Type: application/json; charset=utf-8
host: localhost:62496
accept: */*

Response DefaultHttpResponse(decodeResult: success, version: HTTP/1.1)
HTTP/1.1 404 Not Found
Content-Type: application/json; charset=utf-8
cache-control: no-cache
content-length: 879

12:31:32.828 [AsyncHttpClient-1-16] DEBUG org.asynchttpclient.netty.channel.ChannelManager - Adding key: http://localhost:62496 for channel [id: 0xb8fd5fd9, L:/127.0.0.1:60182 - R:localhost/127.0.0.1:62496]
12:31:32.832 [Forwarding switchToWindow on session f91ae635a59f486db267f10ef6576b31 to remote] DEBUG org.asynchttpclient.netty.request.NettyRequestSender - Using pooled Channel '[id: 0xb8fd5fd9, L:/127.0.0.1:60182 - R:localhost/127.0.0.1:62496]' for 'POST' to 'http://localhost:62496/session/f91ae635a59f486db267f10ef6576b31/window'
12:31:32.832 [Forwarding switchToWindow on session f91ae635a59f486db267f10ef6576b31 to remote] DEBUG org.asynchttpclient.netty.request.NettyRequestSender - Using open Channel [id: 0xb8fd5fd9, L:/127.0.0.1:60182 - R:localhost/127.0.0.1:62496] for POST '/session/f91ae635a59f486db267f10ef6576b31/window'
12:31:32.835 [AsyncHttpClient-1-16] DEBUG org.asynchttpclient.netty.handler.HttpHandler - 

Request DefaultHttpRequest(decodeResult: success, version: HTTP/1.1)
POST /session/f91ae635a59f486db267f10ef6576b31/window HTTP/1.1
User-Agent: selenium/4.4.0 (java windows)
Content-Length: 59
Content-Type: application/json; charset=utf-8
host: localhost:62496
accept: */*

Response DefaultHttpResponse(decodeResult: success, version: HTTP/1.1)
HTTP/1.1 200 OK
Content-Type: application/json; charset=utf-8
cache-control: no-cache
content-length: 14

12:31:32.835 [AsyncHttpClient-1-16] DEBUG org.asynchttpclient.netty.channel.ChannelManager - Adding key: http://localhost:62496 for channel [id: 0xb8fd5fd9, L:/127.0.0.1:60182 - R:localhost/127.0.0.1:62496]
12:31:32.835 [Forwarding getCurrentUrl on session f91ae635a59f486db267f10ef6576b31 to remote] DEBUG org.asynchttpclient.netty.request.NettyRequestSender - Using pooled Channel '[id: 0xb8fd5fd9, L:/127.0.0.1:60182 - R:localhost/127.0.0.1:62496]' for 'GET' to 'http://localhost:62496/session/f91ae635a59f486db267f10ef6576b31/url'
12:31:32.835 [Forwarding getCurrentUrl on session f91ae635a59f486db267f10ef6576b31 to remote] DEBUG org.asynchttpclient.netty.request.NettyRequestSender - Using open Channel [id: 0xb8fd5fd9, L:/127.0.0.1:60182 - R:localhost/127.0.0.1:62496] for GET '/session/f91ae635a59f486db267f10ef6576b31/url'
12:31:32.840 [AsyncHttpClient-1-16] DEBUG org.asynchttpclient.netty.handler.HttpHandler - 

Request DefaultFullHttpRequest(decodeResult: success, version: HTTP/1.1, content: EmptyByteBufBE)
GET /session/f91ae635a59f486db267f10ef6576b31/url HTTP/1.1
User-Agent: selenium/4.4.0 (java windows)
Cache-Control: no-cache
Content-Type: application/json; charset=utf-8
host: localhost:62496
accept: */*

Response DefaultHttpResponse(decodeResult: success, version: HTTP/1.1)
HTTP/1.1 200 OK
Content-Type: application/json; charset=utf-8
cache-control: no-cache
content-length: 38

12:31:32.840 [AsyncHttpClient-1-16] DEBUG org.asynchttpclient.netty.channel.ChannelManager - Adding key: http://localhost:62496 for channel [id: 0xb8fd5fd9, L:/127.0.0.1:60182 - R:localhost/127.0.0.1:62496]
12:31:32.840 [Forwarding screenshot on session f91ae635a59f486db267f10ef6576b31 to remote] DEBUG org.asynchttpclient.netty.request.NettyRequestSender - Using pooled Channel '[id: 0xb8fd5fd9, L:/127.0.0.1:60182 - R:localhost/127.0.0.1:62496]' for 'GET' to 'http://localhost:62496/session/f91ae635a59f486db267f10ef6576b31/screenshot'
12:31:32.840 [Forwarding screenshot on session f91ae635a59f486db267f10ef6576b31 to remote] DEBUG org.asynchttpclient.netty.request.NettyRequestSender - Using open Channel [id: 0xb8fd5fd9, L:/127.0.0.1:60182 - R:localhost/127.0.0.1:62496] for GET '/session/f91ae635a59f486db267f10ef6576b31/screenshot'
12:31:32.920 [AsyncHttpClient-1-16] DEBUG org.asynchttpclient.netty.handler.HttpHandler - 

Request DefaultFullHttpRequest(decodeResult: success, version: HTTP/1.1, content: EmptyByteBufBE)
GET /session/f91ae635a59f486db267f10ef6576b31/screenshot HTTP/1.1
User-Agent: selenium/4.4.0 (java windows)
Cache-Control: no-cache
Content-Type: application/json; charset=utf-8
host: localhost:62496
accept: */*

Response DefaultHttpResponse(decodeResult: success, version: HTTP/1.1)
HTTP/1.1 200 OK
Content-Type: application/json; charset=utf-8
cache-control: no-cache
content-length: 59812

12:31:32.920 [AsyncHttpClient-1-16] DEBUG org.asynchttpclient.netty.channel.ChannelManager - Adding key: http://localhost:62496 for channel [id: 0xb8fd5fd9, L:/127.0.0.1:60182 - R:localhost/127.0.0.1:62496]
12:31:32.921 [Test worker] DEBUG net.serenitybdd.core.photography.Darkroom - Send negative for processing for C:\Users\juan.gomezv\IdeaProjects\sura\target\site\serenity\cb904724c11cb1c402bbd44fd4c83dd8993b3b1bfb579cc518ee5232028dbf9b.png
12:31:32.921 [Test worker] DEBUG net.thucydides.core.steps.StepInterceptor - STEP DONE: {0} enters #theTextAsAString into #target
12:31:32.929 [Forwarding getPageSource on session f91ae635a59f486db267f10ef6576b31 to remote] DEBUG org.asynchttpclient.netty.request.NettyRequestSender - Using pooled Channel '[id: 0xb8fd5fd9, L:/127.0.0.1:60182 - R:localhost/127.0.0.1:62496]' for 'POST' to 'http://localhost:62496/session/f91ae635a59f486db267f10ef6576b31/execute/sync'
12:31:32.929 [Forwarding getPageSource on session f91ae635a59f486db267f10ef6576b31 to remote] DEBUG org.asynchttpclient.netty.request.NettyRequestSender - Using open Channel [id: 0xb8fd5fd9, L:/127.0.0.1:60182 - R:localhost/127.0.0.1:62496] for POST '/session/f91ae635a59f486db267f10ef6576b31/execute/sync'
12:31:32.934 [AsyncHttpClient-1-16] DEBUG org.asynchttpclient.netty.handler.HttpHandler - 

Request DefaultHttpRequest(decodeResult: success, version: HTTP/1.1)
POST /session/f91ae635a59f486db267f10ef6576b31/execute/sync HTTP/1.1
User-Agent: selenium/4.4.0 (java windows)
Content-Length: 176
Content-Type: application/json; charset=utf-8
host: localhost:62496
accept: */*

Response DefaultHttpResponse(decodeResult: success, version: HTTP/1.1)
HTTP/1.1 200 OK
Content-Type: application/json; charset=utf-8
cache-control: no-cache
content-length: 4173

12:31:32.934 [AsyncHttpClient-1-16] DEBUG org.asynchttpclient.netty.channel.ChannelManager - Adding key: http://localhost:62496 for channel [id: 0xb8fd5fd9, L:/127.0.0.1:60182 - R:localhost/127.0.0.1:62496]
12:31:32.935 [Forwarding getCurrentUrl on session f91ae635a59f486db267f10ef6576b31 to remote] DEBUG org.asynchttpclient.netty.request.NettyRequestSender - Using pooled Channel '[id: 0xb8fd5fd9, L:/127.0.0.1:60182 - R:localhost/127.0.0.1:62496]' for 'GET' to 'http://localhost:62496/session/f91ae635a59f486db267f10ef6576b31/url'
12:31:32.935 [Forwarding getCurrentUrl on session f91ae635a59f486db267f10ef6576b31 to remote] DEBUG org.asynchttpclient.netty.request.NettyRequestSender - Using open Channel [id: 0xb8fd5fd9, L:/127.0.0.1:60182 - R:localhost/127.0.0.1:62496] for GET '/session/f91ae635a59f486db267f10ef6576b31/url'
12:31:32.941 [AsyncHttpClient-1-16] DEBUG org.asynchttpclient.netty.handler.HttpHandler - 

Request DefaultFullHttpRequest(decodeResult: success, version: HTTP/1.1, content: EmptyByteBufBE)
GET /session/f91ae635a59f486db267f10ef6576b31/url HTTP/1.1
User-Agent: selenium/4.4.0 (java windows)
Cache-Control: no-cache
Content-Type: application/json; charset=utf-8
host: localhost:62496
accept: */*

Response DefaultHttpResponse(decodeResult: success, version: HTTP/1.1)
HTTP/1.1 200 OK
Content-Type: application/json; charset=utf-8
cache-control: no-cache
content-length: 38

12:31:32.941 [AsyncHttpClient-1-16] DEBUG org.asynchttpclient.netty.channel.ChannelManager - Adding key: http://localhost:62496 for channel [id: 0xb8fd5fd9, L:/127.0.0.1:60182 - R:localhost/127.0.0.1:62496]
12:31:32.943 [Test worker] DEBUG net.thucydides.core.steps.StepInterceptor - STARTING STEP: LogIn.performAs - {0} enters #theTextAsAString into #target
12:31:32.946 [Test worker] DEBUG net.serenitybdd.screenplay.targets.IFrameSwitcher - default content already selected for passwordTextBox
12:31:32.957 [Forwarding findElement on session f91ae635a59f486db267f10ef6576b31 to remote] DEBUG org.asynchttpclient.netty.request.NettyRequestSender - Using pooled Channel '[id: 0xb8fd5fd9, L:/127.0.0.1:60182 - R:localhost/127.0.0.1:62496]' for 'POST' to 'http://localhost:62496/session/f91ae635a59f486db267f10ef6576b31/element'
12:31:32.957 [Forwarding findElement on session f91ae635a59f486db267f10ef6576b31 to remote] DEBUG org.asynchttpclient.netty.request.NettyRequestSender - Using open Channel [id: 0xb8fd5fd9, L:/127.0.0.1:60182 - R:localhost/127.0.0.1:62496] for POST '/session/f91ae635a59f486db267f10ef6576b31/element'
12:31:32.966 [AsyncHttpClient-1-16] DEBUG org.asynchttpclient.netty.handler.HttpHandler - 

Request DefaultHttpRequest(decodeResult: success, version: HTTP/1.1)
POST /session/f91ae635a59f486db267f10ef6576b31/element HTTP/1.1
User-Agent: selenium/4.4.0 (java windows)
Content-Length: 66
Content-Type: application/json; charset=utf-8
host: localhost:62496
accept: */*

Response DefaultHttpResponse(decodeResult: success, version: HTTP/1.1)
HTTP/1.1 200 OK
Content-Type: application/json; charset=utf-8
cache-control: no-cache
content-length: 88

12:31:32.966 [AsyncHttpClient-1-16] DEBUG org.asynchttpclient.netty.channel.ChannelManager - Adding key: http://localhost:62496 for channel [id: 0xb8fd5fd9, L:/127.0.0.1:60182 - R:localhost/127.0.0.1:62496]
12:31:32.968 [Forwarding clearElement on session f91ae635a59f486db267f10ef6576b31 to remote] DEBUG org.asynchttpclient.netty.request.NettyRequestSender - Using pooled Channel '[id: 0xb8fd5fd9, L:/127.0.0.1:60182 - R:localhost/127.0.0.1:62496]' for 'POST' to 'http://localhost:62496/session/f91ae635a59f486db267f10ef6576b31/element/db62909e-683e-43a2-8f97-28854bde356d/clear'
12:31:32.968 [Forwarding clearElement on session f91ae635a59f486db267f10ef6576b31 to remote] DEBUG org.asynchttpclient.netty.request.NettyRequestSender - Using open Channel [id: 0xb8fd5fd9, L:/127.0.0.1:60182 - R:localhost/127.0.0.1:62496] for POST '/session/f91ae635a59f486db267f10ef6576b31/element/db62909e-683e-43a2-8f97-28854bde356d/clear'
12:31:32.990 [AsyncHttpClient-1-16] DEBUG org.asynchttpclient.netty.handler.HttpHandler - 

Request DefaultHttpRequest(decodeResult: success, version: HTTP/1.1)
POST /session/f91ae635a59f486db267f10ef6576b31/element/db62909e-683e-43a2-8f97-28854bde356d/clear HTTP/1.1
User-Agent: selenium/4.4.0 (java windows)
Content-Length: 50
Content-Type: application/json; charset=utf-8
host: localhost:62496
accept: */*

Response DefaultHttpResponse(decodeResult: success, version: HTTP/1.1)
HTTP/1.1 200 OK
Content-Type: application/json; charset=utf-8
cache-control: no-cache
content-length: 14

12:31:32.990 [AsyncHttpClient-1-16] DEBUG org.asynchttpclient.netty.channel.ChannelManager - Adding key: http://localhost:62496 for channel [id: 0xb8fd5fd9, L:/127.0.0.1:60182 - R:localhost/127.0.0.1:62496]
12:31:32.994 [Forwarding sendKeysToElement on session f91ae635a59f486db267f10ef6576b31 to remote] DEBUG org.asynchttpclient.netty.request.NettyRequestSender - Using pooled Channel '[id: 0xb8fd5fd9, L:/127.0.0.1:60182 - R:localhost/127.0.0.1:62496]' for 'POST' to 'http://localhost:62496/session/f91ae635a59f486db267f10ef6576b31/element/db62909e-683e-43a2-8f97-28854bde356d/value'
12:31:32.994 [Forwarding sendKeysToElement on session f91ae635a59f486db267f10ef6576b31 to remote] DEBUG org.asynchttpclient.netty.request.NettyRequestSender - Using open Channel [id: 0xb8fd5fd9, L:/127.0.0.1:60182 - R:localhost/127.0.0.1:62496] for POST '/session/f91ae635a59f486db267f10ef6576b31/element/db62909e-683e-43a2-8f97-28854bde356d/value'
12:31:33.036 [AsyncHttpClient-1-16] DEBUG org.asynchttpclient.netty.handler.HttpHandler - 

Request DefaultHttpRequest(decodeResult: success, version: HTTP/1.1)
POST /session/f91ae635a59f486db267f10ef6576b31/element/db62909e-683e-43a2-8f97-28854bde356d/value HTTP/1.1
User-Agent: selenium/4.4.0 (java windows)
Content-Length: 201
Content-Type: application/json; charset=utf-8
host: localhost:62496
accept: */*

Response DefaultHttpResponse(decodeResult: success, version: HTTP/1.1)
HTTP/1.1 200 OK
Content-Type: application/json; charset=utf-8
cache-control: no-cache
content-length: 14

12:31:33.036 [AsyncHttpClient-1-16] DEBUG org.asynchttpclient.netty.channel.ChannelManager - Adding key: http://localhost:62496 for channel [id: 0xb8fd5fd9, L:/127.0.0.1:60182 - R:localhost/127.0.0.1:62496]
12:31:33.056 [Forwarding getCurrentWindowHandle on session f91ae635a59f486db267f10ef6576b31 to remote] DEBUG org.asynchttpclient.netty.request.NettyRequestSender - Using pooled Channel '[id: 0xb8fd5fd9, L:/127.0.0.1:60182 - R:localhost/127.0.0.1:62496]' for 'GET' to 'http://localhost:62496/session/f91ae635a59f486db267f10ef6576b31/window'
12:31:33.056 [Forwarding getCurrentWindowHandle on session f91ae635a59f486db267f10ef6576b31 to remote] DEBUG org.asynchttpclient.netty.request.NettyRequestSender - Using open Channel [id: 0xb8fd5fd9, L:/127.0.0.1:60182 - R:localhost/127.0.0.1:62496] for GET '/session/f91ae635a59f486db267f10ef6576b31/window'
12:31:33.057 [AsyncHttpClient-1-16] DEBUG org.asynchttpclient.netty.handler.HttpHandler - 

Request DefaultFullHttpRequest(decodeResult: success, version: HTTP/1.1, content: EmptyByteBufBE)
GET /session/f91ae635a59f486db267f10ef6576b31/window HTTP/1.1
User-Agent: selenium/4.4.0 (java windows)
Cache-Control: no-cache
Content-Type: application/json; charset=utf-8
host: localhost:62496
accept: */*

Response DefaultHttpResponse(decodeResult: success, version: HTTP/1.1)
HTTP/1.1 200 OK
Content-Type: application/json; charset=utf-8
cache-control: no-cache
content-length: 53

12:31:33.057 [AsyncHttpClient-1-16] DEBUG org.asynchttpclient.netty.channel.ChannelManager - Adding key: http://localhost:62496 for channel [id: 0xb8fd5fd9, L:/127.0.0.1:60182 - R:localhost/127.0.0.1:62496]
12:31:33.061 [Forwarding getAlertText on session f91ae635a59f486db267f10ef6576b31 to remote] DEBUG org.asynchttpclient.netty.request.NettyRequestSender - Using pooled Channel '[id: 0xb8fd5fd9, L:/127.0.0.1:60182 - R:localhost/127.0.0.1:62496]' for 'GET' to 'http://localhost:62496/session/f91ae635a59f486db267f10ef6576b31/alert/text'
12:31:33.062 [Forwarding getAlertText on session f91ae635a59f486db267f10ef6576b31 to remote] DEBUG org.asynchttpclient.netty.request.NettyRequestSender - Using open Channel [id: 0xb8fd5fd9, L:/127.0.0.1:60182 - R:localhost/127.0.0.1:62496] for GET '/session/f91ae635a59f486db267f10ef6576b31/alert/text'
12:31:33.064 [AsyncHttpClient-1-16] DEBUG org.asynchttpclient.netty.handler.HttpHandler - 

Request DefaultFullHttpRequest(decodeResult: success, version: HTTP/1.1, content: EmptyByteBufBE)
GET /session/f91ae635a59f486db267f10ef6576b31/alert/text HTTP/1.1
User-Agent: selenium/4.4.0 (java windows)
Cache-Control: no-cache
Content-Type: application/json; charset=utf-8
host: localhost:62496
accept: */*

Response DefaultHttpResponse(decodeResult: success, version: HTTP/1.1)
HTTP/1.1 404 Not Found
Content-Type: application/json; charset=utf-8
cache-control: no-cache
content-length: 879

12:31:33.064 [AsyncHttpClient-1-16] DEBUG org.asynchttpclient.netty.channel.ChannelManager - Adding key: http://localhost:62496 for channel [id: 0xb8fd5fd9, L:/127.0.0.1:60182 - R:localhost/127.0.0.1:62496]
12:31:33.068 [Forwarding switchToWindow on session f91ae635a59f486db267f10ef6576b31 to remote] DEBUG org.asynchttpclient.netty.request.NettyRequestSender - Using pooled Channel '[id: 0xb8fd5fd9, L:/127.0.0.1:60182 - R:localhost/127.0.0.1:62496]' for 'POST' to 'http://localhost:62496/session/f91ae635a59f486db267f10ef6576b31/window'
12:31:33.068 [Forwarding switchToWindow on session f91ae635a59f486db267f10ef6576b31 to remote] DEBUG org.asynchttpclient.netty.request.NettyRequestSender - Using open Channel [id: 0xb8fd5fd9, L:/127.0.0.1:60182 - R:localhost/127.0.0.1:62496] for POST '/session/f91ae635a59f486db267f10ef6576b31/window'
12:31:33.072 [AsyncHttpClient-1-16] DEBUG org.asynchttpclient.netty.handler.HttpHandler - 

Request DefaultHttpRequest(decodeResult: success, version: HTTP/1.1)
POST /session/f91ae635a59f486db267f10ef6576b31/window HTTP/1.1
User-Agent: selenium/4.4.0 (java windows)
Content-Length: 59
Content-Type: application/json; charset=utf-8
host: localhost:62496
accept: */*

Response DefaultHttpResponse(decodeResult: success, version: HTTP/1.1)
HTTP/1.1 200 OK
Content-Type: application/json; charset=utf-8
cache-control: no-cache
content-length: 14

12:31:33.072 [AsyncHttpClient-1-16] DEBUG org.asynchttpclient.netty.channel.ChannelManager - Adding key: http://localhost:62496 for channel [id: 0xb8fd5fd9, L:/127.0.0.1:60182 - R:localhost/127.0.0.1:62496]
12:31:33.072 [Forwarding getCurrentUrl on session f91ae635a59f486db267f10ef6576b31 to remote] DEBUG org.asynchttpclient.netty.request.NettyRequestSender - Using pooled Channel '[id: 0xb8fd5fd9, L:/127.0.0.1:60182 - R:localhost/127.0.0.1:62496]' for 'GET' to 'http://localhost:62496/session/f91ae635a59f486db267f10ef6576b31/url'
12:31:33.072 [Forwarding getCurrentUrl on session f91ae635a59f486db267f10ef6576b31 to remote] DEBUG org.asynchttpclient.netty.request.NettyRequestSender - Using open Channel [id: 0xb8fd5fd9, L:/127.0.0.1:60182 - R:localhost/127.0.0.1:62496] for GET '/session/f91ae635a59f486db267f10ef6576b31/url'
12:31:33.076 [AsyncHttpClient-1-16] DEBUG org.asynchttpclient.netty.handler.HttpHandler - 

Request DefaultFullHttpRequest(decodeResult: success, version: HTTP/1.1, content: EmptyByteBufBE)
GET /session/f91ae635a59f486db267f10ef6576b31/url HTTP/1.1
User-Agent: selenium/4.4.0 (java windows)
Cache-Control: no-cache
Content-Type: application/json; charset=utf-8
host: localhost:62496
accept: */*

Response DefaultHttpResponse(decodeResult: success, version: HTTP/1.1)
HTTP/1.1 200 OK
Content-Type: application/json; charset=utf-8
cache-control: no-cache
content-length: 38

12:31:33.076 [AsyncHttpClient-1-16] DEBUG org.asynchttpclient.netty.channel.ChannelManager - Adding key: http://localhost:62496 for channel [id: 0xb8fd5fd9, L:/127.0.0.1:60182 - R:localhost/127.0.0.1:62496]
12:31:33.077 [Forwarding screenshot on session f91ae635a59f486db267f10ef6576b31 to remote] DEBUG org.asynchttpclient.netty.request.NettyRequestSender - Using pooled Channel '[id: 0xb8fd5fd9, L:/127.0.0.1:60182 - R:localhost/127.0.0.1:62496]' for 'GET' to 'http://localhost:62496/session/f91ae635a59f486db267f10ef6576b31/screenshot'
12:31:33.077 [Forwarding screenshot on session f91ae635a59f486db267f10ef6576b31 to remote] DEBUG org.asynchttpclient.netty.request.NettyRequestSender - Using open Channel [id: 0xb8fd5fd9, L:/127.0.0.1:60182 - R:localhost/127.0.0.1:62496] for GET '/session/f91ae635a59f486db267f10ef6576b31/screenshot'
12:31:33.154 [AsyncHttpClient-1-16] DEBUG org.asynchttpclient.netty.handler.HttpHandler - 

Request DefaultFullHttpRequest(decodeResult: success, version: HTTP/1.1, content: EmptyByteBufBE)
GET /session/f91ae635a59f486db267f10ef6576b31/screenshot HTTP/1.1
User-Agent: selenium/4.4.0 (java windows)
Cache-Control: no-cache
Content-Type: application/json; charset=utf-8
host: localhost:62496
accept: */*

Response DefaultHttpResponse(decodeResult: success, version: HTTP/1.1)
HTTP/1.1 200 OK
Content-Type: application/json; charset=utf-8
cache-control: no-cache
content-length: 58468

12:31:33.154 [AsyncHttpClient-1-16] DEBUG org.asynchttpclient.netty.channel.ChannelManager - Adding key: http://localhost:62496 for channel [id: 0xb8fd5fd9, L:/127.0.0.1:60182 - R:localhost/127.0.0.1:62496]
12:31:33.155 [Test worker] DEBUG net.serenitybdd.core.photography.Darkroom - Send negative for processing for C:\Users\juan.gomezv\IdeaProjects\sura\target\site\serenity\3928254ac939cb654635a6fe0cdcba17cdafb3fae09b0fc2384a6404e2fbc8c4.png
12:31:33.155 [Test worker] DEBUG net.thucydides.core.steps.StepInterceptor - STEP DONE: {0} enters #theTextAsAString into #target
12:31:33.167 [Forwarding getPageSource on session f91ae635a59f486db267f10ef6576b31 to remote] DEBUG org.asynchttpclient.netty.request.NettyRequestSender - Using pooled Channel '[id: 0xb8fd5fd9, L:/127.0.0.1:60182 - R:localhost/127.0.0.1:62496]' for 'POST' to 'http://localhost:62496/session/f91ae635a59f486db267f10ef6576b31/execute/sync'
12:31:33.167 [Forwarding getPageSource on session f91ae635a59f486db267f10ef6576b31 to remote] DEBUG org.asynchttpclient.netty.request.NettyRequestSender - Using open Channel [id: 0xb8fd5fd9, L:/127.0.0.1:60182 - R:localhost/127.0.0.1:62496] for POST '/session/f91ae635a59f486db267f10ef6576b31/execute/sync'
12:31:33.173 [AsyncHttpClient-1-16] DEBUG org.asynchttpclient.netty.handler.HttpHandler - 

Request DefaultHttpRequest(decodeResult: success, version: HTTP/1.1)
POST /session/f91ae635a59f486db267f10ef6576b31/execute/sync HTTP/1.1
User-Agent: selenium/4.4.0 (java windows)
Content-Length: 176
Content-Type: application/json; charset=utf-8
host: localhost:62496
accept: */*

Response DefaultHttpResponse(decodeResult: success, version: HTTP/1.1)
HTTP/1.1 200 OK
Content-Type: application/json; charset=utf-8
cache-control: no-cache
content-length: 4185

12:31:33.173 [AsyncHttpClient-1-16] DEBUG org.asynchttpclient.netty.channel.ChannelManager - Adding key: http://localhost:62496 for channel [id: 0xb8fd5fd9, L:/127.0.0.1:60182 - R:localhost/127.0.0.1:62496]
12:31:33.174 [Forwarding getCurrentUrl on session f91ae635a59f486db267f10ef6576b31 to remote] DEBUG org.asynchttpclient.netty.request.NettyRequestSender - Using pooled Channel '[id: 0xb8fd5fd9, L:/127.0.0.1:60182 - R:localhost/127.0.0.1:62496]' for 'GET' to 'http://localhost:62496/session/f91ae635a59f486db267f10ef6576b31/url'
12:31:33.174 [Forwarding getCurrentUrl on session f91ae635a59f486db267f10ef6576b31 to remote] DEBUG org.asynchttpclient.netty.request.NettyRequestSender - Using open Channel [id: 0xb8fd5fd9, L:/127.0.0.1:60182 - R:localhost/127.0.0.1:62496] for GET '/session/f91ae635a59f486db267f10ef6576b31/url'
12:31:33.178 [AsyncHttpClient-1-16] DEBUG org.asynchttpclient.netty.handler.HttpHandler - 

Request DefaultFullHttpRequest(decodeResult: success, version: HTTP/1.1, content: EmptyByteBufBE)
GET /session/f91ae635a59f486db267f10ef6576b31/url HTTP/1.1
User-Agent: selenium/4.4.0 (java windows)
Cache-Control: no-cache
Content-Type: application/json; charset=utf-8
host: localhost:62496
accept: */*

Response DefaultHttpResponse(decodeResult: success, version: HTTP/1.1)
HTTP/1.1 200 OK
Content-Type: application/json; charset=utf-8
cache-control: no-cache
content-length: 38

12:31:33.178 [AsyncHttpClient-1-16] DEBUG org.asynchttpclient.netty.channel.ChannelManager - Adding key: http://localhost:62496 for channel [id: 0xb8fd5fd9, L:/127.0.0.1:60182 - R:localhost/127.0.0.1:62496]
12:31:33.179 [Test worker] DEBUG net.thucydides.core.steps.StepInterceptor - STARTING STEP: LogIn.performAs - {0} clicks on #target
12:31:33.179 [Test worker] DEBUG net.serenitybdd.screenplay.targets.IFrameSwitcher - default content already selected for logIn Button
12:31:33.204 [Forwarding findElement on session f91ae635a59f486db267f10ef6576b31 to remote] DEBUG org.asynchttpclient.netty.request.NettyRequestSender - Using pooled Channel '[id: 0xb8fd5fd9, L:/127.0.0.1:60182 - R:localhost/127.0.0.1:62496]' for 'POST' to 'http://localhost:62496/session/f91ae635a59f486db267f10ef6576b31/element'
12:31:33.204 [Forwarding findElement on session f91ae635a59f486db267f10ef6576b31 to remote] DEBUG org.asynchttpclient.netty.request.NettyRequestSender - Using open Channel [id: 0xb8fd5fd9, L:/127.0.0.1:60182 - R:localhost/127.0.0.1:62496] for POST '/session/f91ae635a59f486db267f10ef6576b31/element'
12:31:33.214 [AsyncHttpClient-1-16] DEBUG org.asynchttpclient.netty.handler.HttpHandler - 

Request DefaultHttpRequest(decodeResult: success, version: HTTP/1.1)
POST /session/f91ae635a59f486db267f10ef6576b31/element HTTP/1.1
User-Agent: selenium/4.4.0 (java windows)
Content-Length: 70
Content-Type: application/json; charset=utf-8
host: localhost:62496
accept: */*

Response DefaultHttpResponse(decodeResult: success, version: HTTP/1.1)
HTTP/1.1 200 OK
Content-Type: application/json; charset=utf-8
cache-control: no-cache
content-length: 88

12:31:33.214 [AsyncHttpClient-1-16] DEBUG org.asynchttpclient.netty.channel.ChannelManager - Adding key: http://localhost:62496 for channel [id: 0xb8fd5fd9, L:/127.0.0.1:60182 - R:localhost/127.0.0.1:62496]
12:31:33.220 [Forwarding isElementDisplayed on session f91ae635a59f486db267f10ef6576b31 to remote] DEBUG org.asynchttpclient.netty.request.NettyRequestSender - Using pooled Channel '[id: 0xb8fd5fd9, L:/127.0.0.1:60182 - R:localhost/127.0.0.1:62496]' for 'POST' to 'http://localhost:62496/session/f91ae635a59f486db267f10ef6576b31/execute/sync'
12:31:33.220 [Forwarding isElementDisplayed on session f91ae635a59f486db267f10ef6576b31 to remote] DEBUG org.asynchttpclient.netty.request.NettyRequestSender - Using open Channel [id: 0xb8fd5fd9, L:/127.0.0.1:60182 - R:localhost/127.0.0.1:62496] for POST '/session/f91ae635a59f486db267f10ef6576b31/execute/sync'
12:31:33.231 [AsyncHttpClient-1-16] DEBUG org.asynchttpclient.netty.handler.HttpHandler - 

Request DefaultHttpRequest(decodeResult: success, version: HTTP/1.1)
POST /session/f91ae635a59f486db267f10ef6576b31/execute/sync HTTP/1.1
User-Agent: selenium/4.4.0 (java windows)
Content-Length: 48780
Content-Type: application/json; charset=utf-8
host: localhost:62496
accept: */*

Response DefaultHttpResponse(decodeResult: success, version: HTTP/1.1)
HTTP/1.1 200 OK
Content-Type: application/json; charset=utf-8
cache-control: no-cache
content-length: 14

12:31:33.231 [AsyncHttpClient-1-16] DEBUG org.asynchttpclient.netty.channel.ChannelManager - Adding key: http://localhost:62496 for channel [id: 0xb8fd5fd9, L:/127.0.0.1:60182 - R:localhost/127.0.0.1:62496]
12:31:33.243 [Forwarding findElement on session f91ae635a59f486db267f10ef6576b31 to remote] DEBUG org.asynchttpclient.netty.request.NettyRequestSender - Using pooled Channel '[id: 0xb8fd5fd9, L:/127.0.0.1:60182 - R:localhost/127.0.0.1:62496]' for 'POST' to 'http://localhost:62496/session/f91ae635a59f486db267f10ef6576b31/element'
12:31:33.243 [Forwarding findElement on session f91ae635a59f486db267f10ef6576b31 to remote] DEBUG org.asynchttpclient.netty.request.NettyRequestSender - Using open Channel [id: 0xb8fd5fd9, L:/127.0.0.1:60182 - R:localhost/127.0.0.1:62496] for POST '/session/f91ae635a59f486db267f10ef6576b31/element'
12:31:33.249 [AsyncHttpClient-1-16] DEBUG org.asynchttpclient.netty.handler.HttpHandler - 

Request DefaultHttpRequest(decodeResult: success, version: HTTP/1.1)
POST /session/f91ae635a59f486db267f10ef6576b31/element HTTP/1.1
User-Agent: selenium/4.4.0 (java windows)
Content-Length: 70
Content-Type: application/json; charset=utf-8
host: localhost:62496
accept: */*

Response DefaultHttpResponse(decodeResult: success, version: HTTP/1.1)
HTTP/1.1 200 OK
Content-Type: application/json; charset=utf-8
cache-control: no-cache
content-length: 88

12:31:33.250 [AsyncHttpClient-1-16] DEBUG org.asynchttpclient.netty.channel.ChannelManager - Adding key: http://localhost:62496 for channel [id: 0xb8fd5fd9, L:/127.0.0.1:60182 - R:localhost/127.0.0.1:62496]
12:31:33.250 [Forwarding clickElement on session f91ae635a59f486db267f10ef6576b31 to remote] DEBUG org.asynchttpclient.netty.request.NettyRequestSender - Using pooled Channel '[id: 0xb8fd5fd9, L:/127.0.0.1:60182 - R:localhost/127.0.0.1:62496]' for 'POST' to 'http://localhost:62496/session/f91ae635a59f486db267f10ef6576b31/element/b261006a-5d69-4b86-91dc-1afa241838d0/click'
12:31:33.250 [Forwarding clickElement on session f91ae635a59f486db267f10ef6576b31 to remote] DEBUG org.asynchttpclient.netty.request.NettyRequestSender - Using open Channel [id: 0xb8fd5fd9, L:/127.0.0.1:60182 - R:localhost/127.0.0.1:62496] for POST '/session/f91ae635a59f486db267f10ef6576b31/element/b261006a-5d69-4b86-91dc-1afa241838d0/click'
12:31:33.329 [AsyncHttpClient-1-16] DEBUG org.asynchttpclient.netty.handler.HttpHandler - 

Request DefaultHttpRequest(decodeResult: success, version: HTTP/1.1)
POST /session/f91ae635a59f486db267f10ef6576b31/element/b261006a-5d69-4b86-91dc-1afa241838d0/click HTTP/1.1
User-Agent: selenium/4.4.0 (java windows)
Content-Length: 50
Content-Type: application/json; charset=utf-8
host: localhost:62496
accept: */*

Response DefaultHttpResponse(decodeResult: success, version: HTTP/1.1)
HTTP/1.1 200 OK
Content-Type: application/json; charset=utf-8
cache-control: no-cache
content-length: 14

12:31:33.329 [AsyncHttpClient-1-16] DEBUG org.asynchttpclient.netty.channel.ChannelManager - Adding key: http://localhost:62496 for channel [id: 0xb8fd5fd9, L:/127.0.0.1:60182 - R:localhost/127.0.0.1:62496]
12:31:33.346 [Forwarding getCurrentWindowHandle on session f91ae635a59f486db267f10ef6576b31 to remote] DEBUG org.asynchttpclient.netty.request.NettyRequestSender - Using pooled Channel '[id: 0xb8fd5fd9, L:/127.0.0.1:60182 - R:localhost/127.0.0.1:62496]' for 'GET' to 'http://localhost:62496/session/f91ae635a59f486db267f10ef6576b31/window'
12:31:33.346 [Forwarding getCurrentWindowHandle on session f91ae635a59f486db267f10ef6576b31 to remote] DEBUG org.asynchttpclient.netty.request.NettyRequestSender - Using open Channel [id: 0xb8fd5fd9, L:/127.0.0.1:60182 - R:localhost/127.0.0.1:62496] for GET '/session/f91ae635a59f486db267f10ef6576b31/window'
12:31:33.347 [AsyncHttpClient-1-16] DEBUG org.asynchttpclient.netty.handler.HttpHandler - 

Request DefaultFullHttpRequest(decodeResult: success, version: HTTP/1.1, content: EmptyByteBufBE)
GET /session/f91ae635a59f486db267f10ef6576b31/window HTTP/1.1
User-Agent: selenium/4.4.0 (java windows)
Cache-Control: no-cache
Content-Type: application/json; charset=utf-8
host: localhost:62496
accept: */*

Response DefaultHttpResponse(decodeResult: success, version: HTTP/1.1)
HTTP/1.1 200 OK
Content-Type: application/json; charset=utf-8
cache-control: no-cache
content-length: 53

12:31:33.347 [AsyncHttpClient-1-16] DEBUG org.asynchttpclient.netty.channel.ChannelManager - Adding key: http://localhost:62496 for channel [id: 0xb8fd5fd9, L:/127.0.0.1:60182 - R:localhost/127.0.0.1:62496]
12:31:33.353 [Forwarding getAlertText on session f91ae635a59f486db267f10ef6576b31 to remote] DEBUG org.asynchttpclient.netty.request.NettyRequestSender - Using pooled Channel '[id: 0xb8fd5fd9, L:/127.0.0.1:60182 - R:localhost/127.0.0.1:62496]' for 'GET' to 'http://localhost:62496/session/f91ae635a59f486db267f10ef6576b31/alert/text'
12:31:33.353 [Forwarding getAlertText on session f91ae635a59f486db267f10ef6576b31 to remote] DEBUG org.asynchttpclient.netty.request.NettyRequestSender - Using open Channel [id: 0xb8fd5fd9, L:/127.0.0.1:60182 - R:localhost/127.0.0.1:62496] for GET '/session/f91ae635a59f486db267f10ef6576b31/alert/text'
12:31:33.356 [AsyncHttpClient-1-16] DEBUG org.asynchttpclient.netty.handler.HttpHandler - 

Request DefaultFullHttpRequest(decodeResult: success, version: HTTP/1.1, content: EmptyByteBufBE)
GET /session/f91ae635a59f486db267f10ef6576b31/alert/text HTTP/1.1
User-Agent: selenium/4.4.0 (java windows)
Cache-Control: no-cache
Content-Type: application/json; charset=utf-8
host: localhost:62496
accept: */*

Response DefaultHttpResponse(decodeResult: success, version: HTTP/1.1)
HTTP/1.1 404 Not Found
Content-Type: application/json; charset=utf-8
cache-control: no-cache
content-length: 879

12:31:33.356 [AsyncHttpClient-1-16] DEBUG org.asynchttpclient.netty.channel.ChannelManager - Adding key: http://localhost:62496 for channel [id: 0xb8fd5fd9, L:/127.0.0.1:60182 - R:localhost/127.0.0.1:62496]
12:31:33.361 [Forwarding switchToWindow on session f91ae635a59f486db267f10ef6576b31 to remote] DEBUG org.asynchttpclient.netty.request.NettyRequestSender - Using pooled Channel '[id: 0xb8fd5fd9, L:/127.0.0.1:60182 - R:localhost/127.0.0.1:62496]' for 'POST' to 'http://localhost:62496/session/f91ae635a59f486db267f10ef6576b31/window'
12:31:33.361 [Forwarding switchToWindow on session f91ae635a59f486db267f10ef6576b31 to remote] DEBUG org.asynchttpclient.netty.request.NettyRequestSender - Using open Channel [id: 0xb8fd5fd9, L:/127.0.0.1:60182 - R:localhost/127.0.0.1:62496] for POST '/session/f91ae635a59f486db267f10ef6576b31/window'
12:31:33.363 [AsyncHttpClient-1-16] DEBUG org.asynchttpclient.netty.handler.HttpHandler - 

Request DefaultHttpRequest(decodeResult: success, version: HTTP/1.1)
POST /session/f91ae635a59f486db267f10ef6576b31/window HTTP/1.1
User-Agent: selenium/4.4.0 (java windows)
Content-Length: 59
Content-Type: application/json; charset=utf-8
host: localhost:62496
accept: */*

Response DefaultHttpResponse(decodeResult: success, version: HTTP/1.1)
HTTP/1.1 200 OK
Content-Type: application/json; charset=utf-8
cache-control: no-cache
content-length: 14

12:31:33.363 [AsyncHttpClient-1-16] DEBUG org.asynchttpclient.netty.channel.ChannelManager - Adding key: http://localhost:62496 for channel [id: 0xb8fd5fd9, L:/127.0.0.1:60182 - R:localhost/127.0.0.1:62496]
12:31:33.363 [Forwarding getCurrentUrl on session f91ae635a59f486db267f10ef6576b31 to remote] DEBUG org.asynchttpclient.netty.request.NettyRequestSender - Using pooled Channel '[id: 0xb8fd5fd9, L:/127.0.0.1:60182 - R:localhost/127.0.0.1:62496]' for 'GET' to 'http://localhost:62496/session/f91ae635a59f486db267f10ef6576b31/url'
12:31:33.363 [Forwarding getCurrentUrl on session f91ae635a59f486db267f10ef6576b31 to remote] DEBUG org.asynchttpclient.netty.request.NettyRequestSender - Using open Channel [id: 0xb8fd5fd9, L:/127.0.0.1:60182 - R:localhost/127.0.0.1:62496] for GET '/session/f91ae635a59f486db267f10ef6576b31/url'
12:31:33.368 [AsyncHttpClient-1-16] DEBUG org.asynchttpclient.netty.handler.HttpHandler - 

Request DefaultFullHttpRequest(decodeResult: success, version: HTTP/1.1, content: EmptyByteBufBE)
GET /session/f91ae635a59f486db267f10ef6576b31/url HTTP/1.1
User-Agent: selenium/4.4.0 (java windows)
Cache-Control: no-cache
Content-Type: application/json; charset=utf-8
host: localhost:62496
accept: */*

Response DefaultHttpResponse(decodeResult: success, version: HTTP/1.1)
HTTP/1.1 200 OK
Content-Type: application/json; charset=utf-8
cache-control: no-cache
content-length: 52

12:31:33.368 [AsyncHttpClient-1-16] DEBUG org.asynchttpclient.netty.channel.ChannelManager - Adding key: http://localhost:62496 for channel [id: 0xb8fd5fd9, L:/127.0.0.1:60182 - R:localhost/127.0.0.1:62496]
12:31:33.368 [Forwarding screenshot on session f91ae635a59f486db267f10ef6576b31 to remote] DEBUG org.asynchttpclient.netty.request.NettyRequestSender - Using pooled Channel '[id: 0xb8fd5fd9, L:/127.0.0.1:60182 - R:localhost/127.0.0.1:62496]' for 'GET' to 'http://localhost:62496/session/f91ae635a59f486db267f10ef6576b31/screenshot'
12:31:33.368 [Forwarding screenshot on session f91ae635a59f486db267f10ef6576b31 to remote] DEBUG org.asynchttpclient.netty.request.NettyRequestSender - Using open Channel [id: 0xb8fd5fd9, L:/127.0.0.1:60182 - R:localhost/127.0.0.1:62496] for GET '/session/f91ae635a59f486db267f10ef6576b31/screenshot'
12:31:33.603 [AsyncHttpClient-1-16] DEBUG org.asynchttpclient.netty.handler.HttpHandler - 

Request DefaultFullHttpRequest(decodeResult: success, version: HTTP/1.1, content: EmptyByteBufBE)
GET /session/f91ae635a59f486db267f10ef6576b31/screenshot HTTP/1.1
User-Agent: selenium/4.4.0 (java windows)
Cache-Control: no-cache
Content-Type: application/json; charset=utf-8
host: localhost:62496
accept: */*

Response DefaultHttpResponse(decodeResult: success, version: HTTP/1.1)
HTTP/1.1 200 OK
Content-Type: application/json; charset=utf-8
cache-control: no-cache
content-length: 316072

12:31:33.605 [AsyncHttpClient-1-16] DEBUG org.asynchttpclient.netty.channel.ChannelManager - Adding key: http://localhost:62496 for channel [id: 0xb8fd5fd9, L:/127.0.0.1:60182 - R:localhost/127.0.0.1:62496]
12:31:33.612 [Test worker] DEBUG net.serenitybdd.core.photography.Darkroom - Send negative for processing for C:\Users\juan.gomezv\IdeaProjects\sura\target\site\serenity\e44069ae212a02c6322b8bddc355adc221270edded46bd42546211af4a56801c.png
12:31:33.613 [Test worker] DEBUG net.thucydides.core.steps.StepInterceptor - STEP DONE: {0} clicks on #target
12:31:33.623 [Test worker] DEBUG net.thucydides.core.steps.StepInterceptor - STEP DONE: performAs
  ?[32mY ?[0m?[32m?[0m?[32m?[1mAna?[0m?[32m se autentica como un usuario de tipo ?[0m?[32m?[1m"STANDARD_USER"?[0m                  ?[90m# sura.stepDefinitions.LoginSteps.elSeAutenticaComoUnUsuario(net.serenitybdd.screenplay.Actor,java.lang.String)?[0m
12:31:33.638 [Forwarding getPageSource on session f91ae635a59f486db267f10ef6576b31 to remote] DEBUG org.asynchttpclient.netty.request.NettyRequestSender - Using pooled Channel '[id: 0xb8fd5fd9, L:/127.0.0.1:60182 - R:localhost/127.0.0.1:62496]' for 'POST' to 'http://localhost:62496/session/f91ae635a59f486db267f10ef6576b31/execute/sync'
12:31:33.638 [Forwarding getPageSource on session f91ae635a59f486db267f10ef6576b31 to remote] DEBUG org.asynchttpclient.netty.request.NettyRequestSender - Using open Channel [id: 0xb8fd5fd9, L:/127.0.0.1:60182 - R:localhost/127.0.0.1:62496] for POST '/session/f91ae635a59f486db267f10ef6576b31/execute/sync'
12:31:33.645 [AsyncHttpClient-1-16] DEBUG org.asynchttpclient.netty.handler.HttpHandler - 

Request DefaultHttpRequest(decodeResult: success, version: HTTP/1.1)
POST /session/f91ae635a59f486db267f10ef6576b31/execute/sync HTTP/1.1
User-Agent: selenium/4.4.0 (java windows)
Content-Length: 176
Content-Type: application/json; charset=utf-8
host: localhost:62496
accept: */*

Response DefaultHttpResponse(decodeResult: success, version: HTTP/1.1)
HTTP/1.1 200 OK
Content-Type: application/json; charset=utf-8
cache-control: no-cache
content-length: 15254

12:31:33.645 [AsyncHttpClient-1-16] DEBUG org.asynchttpclient.netty.channel.ChannelManager - Adding key: http://localhost:62496 for channel [id: 0xb8fd5fd9, L:/127.0.0.1:60182 - R:localhost/127.0.0.1:62496]
12:31:33.646 [Forwarding getCurrentUrl on session f91ae635a59f486db267f10ef6576b31 to remote] DEBUG org.asynchttpclient.netty.request.NettyRequestSender - Using pooled Channel '[id: 0xb8fd5fd9, L:/127.0.0.1:60182 - R:localhost/127.0.0.1:62496]' for 'GET' to 'http://localhost:62496/session/f91ae635a59f486db267f10ef6576b31/url'
12:31:33.646 [Forwarding getCurrentUrl on session f91ae635a59f486db267f10ef6576b31 to remote] DEBUG org.asynchttpclient.netty.request.NettyRequestSender - Using open Channel [id: 0xb8fd5fd9, L:/127.0.0.1:60182 - R:localhost/127.0.0.1:62496] for GET '/session/f91ae635a59f486db267f10ef6576b31/url'
12:31:33.650 [AsyncHttpClient-1-16] DEBUG org.asynchttpclient.netty.handler.HttpHandler - 

Request DefaultFullHttpRequest(decodeResult: success, version: HTTP/1.1, content: EmptyByteBufBE)
GET /session/f91ae635a59f486db267f10ef6576b31/url HTTP/1.1
User-Agent: selenium/4.4.0 (java windows)
Cache-Control: no-cache
Content-Type: application/json; charset=utf-8
host: localhost:62496
accept: */*

Response DefaultHttpResponse(decodeResult: success, version: HTTP/1.1)
HTTP/1.1 200 OK
Content-Type: application/json; charset=utf-8
cache-control: no-cache
content-length: 52

12:31:33.650 [AsyncHttpClient-1-16] DEBUG org.asynchttpclient.netty.channel.ChannelManager - Adding key: http://localhost:62496 for channel [id: 0xb8fd5fd9, L:/127.0.0.1:60182 - R:localhost/127.0.0.1:62496]
12:31:33.673 [Forwarding getCurrentWindowHandle on session f91ae635a59f486db267f10ef6576b31 to remote] DEBUG org.asynchttpclient.netty.request.NettyRequestSender - Using pooled Channel '[id: 0xb8fd5fd9, L:/127.0.0.1:60182 - R:localhost/127.0.0.1:62496]' for 'GET' to 'http://localhost:62496/session/f91ae635a59f486db267f10ef6576b31/window'
12:31:33.673 [Forwarding getCurrentWindowHandle on session f91ae635a59f486db267f10ef6576b31 to remote] DEBUG org.asynchttpclient.netty.request.NettyRequestSender - Using open Channel [id: 0xb8fd5fd9, L:/127.0.0.1:60182 - R:localhost/127.0.0.1:62496] for GET '/session/f91ae635a59f486db267f10ef6576b31/window'
12:31:33.673 [AsyncHttpClient-1-16] DEBUG org.asynchttpclient.netty.handler.HttpHandler - 

Request DefaultFullHttpRequest(decodeResult: success, version: HTTP/1.1, content: EmptyByteBufBE)
GET /session/f91ae635a59f486db267f10ef6576b31/window HTTP/1.1
User-Agent: selenium/4.4.0 (java windows)
Cache-Control: no-cache
Content-Type: application/json; charset=utf-8
host: localhost:62496
accept: */*

Response DefaultHttpResponse(decodeResult: success, version: HTTP/1.1)
HTTP/1.1 200 OK
Content-Type: application/json; charset=utf-8
cache-control: no-cache
content-length: 53

12:31:33.673 [AsyncHttpClient-1-16] DEBUG org.asynchttpclient.netty.channel.ChannelManager - Adding key: http://localhost:62496 for channel [id: 0xb8fd5fd9, L:/127.0.0.1:60182 - R:localhost/127.0.0.1:62496]
12:31:33.677 [Forwarding getAlertText on session f91ae635a59f486db267f10ef6576b31 to remote] DEBUG org.asynchttpclient.netty.request.NettyRequestSender - Using pooled Channel '[id: 0xb8fd5fd9, L:/127.0.0.1:60182 - R:localhost/127.0.0.1:62496]' for 'GET' to 'http://localhost:62496/session/f91ae635a59f486db267f10ef6576b31/alert/text'
12:31:33.677 [Forwarding getAlertText on session f91ae635a59f486db267f10ef6576b31 to remote] DEBUG org.asynchttpclient.netty.request.NettyRequestSender - Using open Channel [id: 0xb8fd5fd9, L:/127.0.0.1:60182 - R:localhost/127.0.0.1:62496] for GET '/session/f91ae635a59f486db267f10ef6576b31/alert/text'
12:31:33.677 [AsyncHttpClient-1-16] DEBUG org.asynchttpclient.netty.handler.HttpHandler - 

Request DefaultFullHttpRequest(decodeResult: success, version: HTTP/1.1, content: EmptyByteBufBE)
GET /session/f91ae635a59f486db267f10ef6576b31/alert/text HTTP/1.1
User-Agent: selenium/4.4.0 (java windows)
Cache-Control: no-cache
Content-Type: application/json; charset=utf-8
host: localhost:62496
accept: */*

Response DefaultHttpResponse(decodeResult: success, version: HTTP/1.1)
HTTP/1.1 404 Not Found
Content-Type: application/json; charset=utf-8
cache-control: no-cache
content-length: 879

12:31:33.677 [AsyncHttpClient-1-16] DEBUG org.asynchttpclient.netty.channel.ChannelManager - Adding key: http://localhost:62496 for channel [id: 0xb8fd5fd9, L:/127.0.0.1:60182 - R:localhost/127.0.0.1:62496]
12:31:33.683 [Forwarding switchToWindow on session f91ae635a59f486db267f10ef6576b31 to remote] DEBUG org.asynchttpclient.netty.request.NettyRequestSender - Using pooled Channel '[id: 0xb8fd5fd9, L:/127.0.0.1:60182 - R:localhost/127.0.0.1:62496]' for 'POST' to 'http://localhost:62496/session/f91ae635a59f486db267f10ef6576b31/window'
12:31:33.683 [Forwarding switchToWindow on session f91ae635a59f486db267f10ef6576b31 to remote] DEBUG org.asynchttpclient.netty.request.NettyRequestSender - Using open Channel [id: 0xb8fd5fd9, L:/127.0.0.1:60182 - R:localhost/127.0.0.1:62496] for POST '/session/f91ae635a59f486db267f10ef6576b31/window'
12:31:33.684 [AsyncHttpClient-1-16] DEBUG org.asynchttpclient.netty.handler.HttpHandler - 

Request DefaultHttpRequest(decodeResult: success, version: HTTP/1.1)
POST /session/f91ae635a59f486db267f10ef6576b31/window HTTP/1.1
User-Agent: selenium/4.4.0 (java windows)
Content-Length: 59
Content-Type: application/json; charset=utf-8
host: localhost:62496
accept: */*

Response DefaultHttpResponse(decodeResult: success, version: HTTP/1.1)
HTTP/1.1 200 OK
Content-Type: application/json; charset=utf-8
cache-control: no-cache
content-length: 14

12:31:33.684 [AsyncHttpClient-1-16] DEBUG org.asynchttpclient.netty.channel.ChannelManager - Adding key: http://localhost:62496 for channel [id: 0xb8fd5fd9, L:/127.0.0.1:60182 - R:localhost/127.0.0.1:62496]
12:31:33.685 [Forwarding getCurrentUrl on session f91ae635a59f486db267f10ef6576b31 to remote] DEBUG org.asynchttpclient.netty.request.NettyRequestSender - Using pooled Channel '[id: 0xb8fd5fd9, L:/127.0.0.1:60182 - R:localhost/127.0.0.1:62496]' for 'GET' to 'http://localhost:62496/session/f91ae635a59f486db267f10ef6576b31/url'
12:31:33.685 [Forwarding getCurrentUrl on session f91ae635a59f486db267f10ef6576b31 to remote] DEBUG org.asynchttpclient.netty.request.NettyRequestSender - Using open Channel [id: 0xb8fd5fd9, L:/127.0.0.1:60182 - R:localhost/127.0.0.1:62496] for GET '/session/f91ae635a59f486db267f10ef6576b31/url'
12:31:33.688 [AsyncHttpClient-1-16] DEBUG org.asynchttpclient.netty.handler.HttpHandler - 

Request DefaultFullHttpRequest(decodeResult: success, version: HTTP/1.1, content: EmptyByteBufBE)
GET /session/f91ae635a59f486db267f10ef6576b31/url HTTP/1.1
User-Agent: selenium/4.4.0 (java windows)
Cache-Control: no-cache
Content-Type: application/json; charset=utf-8
host: localhost:62496
accept: */*

Response DefaultHttpResponse(decodeResult: success, version: HTTP/1.1)
HTTP/1.1 200 OK
Content-Type: application/json; charset=utf-8
cache-control: no-cache
content-length: 52

12:31:33.688 [AsyncHttpClient-1-16] DEBUG org.asynchttpclient.netty.channel.ChannelManager - Adding key: http://localhost:62496 for channel [id: 0xb8fd5fd9, L:/127.0.0.1:60182 - R:localhost/127.0.0.1:62496]
12:31:33.690 [Forwarding screenshot on session f91ae635a59f486db267f10ef6576b31 to remote] DEBUG org.asynchttpclient.netty.request.NettyRequestSender - Using pooled Channel '[id: 0xb8fd5fd9, L:/127.0.0.1:60182 - R:localhost/127.0.0.1:62496]' for 'GET' to 'http://localhost:62496/session/f91ae635a59f486db267f10ef6576b31/screenshot'
12:31:33.690 [Forwarding screenshot on session f91ae635a59f486db267f10ef6576b31 to remote] DEBUG org.asynchttpclient.netty.request.NettyRequestSender - Using open Channel [id: 0xb8fd5fd9, L:/127.0.0.1:60182 - R:localhost/127.0.0.1:62496] for GET '/session/f91ae635a59f486db267f10ef6576b31/screenshot'
12:31:33.791 [AsyncHttpClient-1-16] DEBUG org.asynchttpclient.netty.handler.HttpHandler - 

Request DefaultFullHttpRequest(decodeResult: success, version: HTTP/1.1, content: EmptyByteBufBE)
GET /session/f91ae635a59f486db267f10ef6576b31/screenshot HTTP/1.1
User-Agent: selenium/4.4.0 (java windows)
Cache-Control: no-cache
Content-Type: application/json; charset=utf-8
host: localhost:62496
accept: */*

Response DefaultHttpResponse(decodeResult: success, version: HTTP/1.1)
HTTP/1.1 200 OK
Content-Type: application/json; charset=utf-8
cache-control: no-cache
content-length: 316072

12:31:33.793 [AsyncHttpClient-1-16] DEBUG org.asynchttpclient.netty.channel.ChannelManager - Adding key: http://localhost:62496 for channel [id: 0xb8fd5fd9, L:/127.0.0.1:60182 - R:localhost/127.0.0.1:62496]
12:31:33.800 [Test worker] DEBUG net.serenitybdd.core.photography.Darkroom - Send negative for processing for C:\Users\juan.gomezv\IdeaProjects\sura\target\site\serenity\e44069ae212a02c6322b8bddc355adc221270edded46bd42546211af4a56801c.png
12:31:33.803 [Forwarding getPageSource on session f91ae635a59f486db267f10ef6576b31 to remote] DEBUG org.asynchttpclient.netty.request.NettyRequestSender - Using pooled Channel '[id: 0xb8fd5fd9, L:/127.0.0.1:60182 - R:localhost/127.0.0.1:62496]' for 'POST' to 'http://localhost:62496/session/f91ae635a59f486db267f10ef6576b31/execute/sync'
12:31:33.803 [Forwarding getPageSource on session f91ae635a59f486db267f10ef6576b31 to remote] DEBUG org.asynchttpclient.netty.request.NettyRequestSender - Using open Channel [id: 0xb8fd5fd9, L:/127.0.0.1:60182 - R:localhost/127.0.0.1:62496] for POST '/session/f91ae635a59f486db267f10ef6576b31/execute/sync'
12:31:33.807 [AsyncHttpClient-1-16] DEBUG org.asynchttpclient.netty.handler.HttpHandler - 

Request DefaultHttpRequest(decodeResult: success, version: HTTP/1.1)
POST /session/f91ae635a59f486db267f10ef6576b31/execute/sync HTTP/1.1
User-Agent: selenium/4.4.0 (java windows)
Content-Length: 176
Content-Type: application/json; charset=utf-8
host: localhost:62496
accept: */*

Response DefaultHttpResponse(decodeResult: success, version: HTTP/1.1)
HTTP/1.1 200 OK
Content-Type: application/json; charset=utf-8
cache-control: no-cache
content-length: 15254

12:31:33.807 [AsyncHttpClient-1-16] DEBUG org.asynchttpclient.netty.channel.ChannelManager - Adding key: http://localhost:62496 for channel [id: 0xb8fd5fd9, L:/127.0.0.1:60182 - R:localhost/127.0.0.1:62496]
12:31:33.809 [Forwarding getCurrentUrl on session f91ae635a59f486db267f10ef6576b31 to remote] DEBUG org.asynchttpclient.netty.request.NettyRequestSender - Using pooled Channel '[id: 0xb8fd5fd9, L:/127.0.0.1:60182 - R:localhost/127.0.0.1:62496]' for 'GET' to 'http://localhost:62496/session/f91ae635a59f486db267f10ef6576b31/url'
12:31:33.809 [Forwarding getCurrentUrl on session f91ae635a59f486db267f10ef6576b31 to remote] DEBUG org.asynchttpclient.netty.request.NettyRequestSender - Using open Channel [id: 0xb8fd5fd9, L:/127.0.0.1:60182 - R:localhost/127.0.0.1:62496] for GET '/session/f91ae635a59f486db267f10ef6576b31/url'
12:31:33.814 [AsyncHttpClient-1-16] DEBUG org.asynchttpclient.netty.handler.HttpHandler - 

Request DefaultFullHttpRequest(decodeResult: success, version: HTTP/1.1, content: EmptyByteBufBE)
GET /session/f91ae635a59f486db267f10ef6576b31/url HTTP/1.1
User-Agent: selenium/4.4.0 (java windows)
Cache-Control: no-cache
Content-Type: application/json; charset=utf-8
host: localhost:62496
accept: */*

Response DefaultHttpResponse(decodeResult: success, version: HTTP/1.1)
HTTP/1.1 200 OK
Content-Type: application/json; charset=utf-8
cache-control: no-cache
content-length: 52

12:31:33.814 [AsyncHttpClient-1-16] DEBUG org.asynchttpclient.netty.channel.ChannelManager - Adding key: http://localhost:62496 for channel [id: 0xb8fd5fd9, L:/127.0.0.1:60182 - R:localhost/127.0.0.1:62496]
12:31:33.815 [Test worker] DEBUG net.thucydides.core.steps.StepInterceptor - STARTING STEP: CatalogueSteps.haceClickEnElBotonDelArticulo - performAs
12:31:33.827 [Forwarding getPageSource on session f91ae635a59f486db267f10ef6576b31 to remote] DEBUG org.asynchttpclient.netty.request.NettyRequestSender - Using pooled Channel '[id: 0xb8fd5fd9, L:/127.0.0.1:60182 - R:localhost/127.0.0.1:62496]' for 'POST' to 'http://localhost:62496/session/f91ae635a59f486db267f10ef6576b31/execute/sync'
12:31:33.827 [Forwarding getPageSource on session f91ae635a59f486db267f10ef6576b31 to remote] DEBUG org.asynchttpclient.netty.request.NettyRequestSender - Using open Channel [id: 0xb8fd5fd9, L:/127.0.0.1:60182 - R:localhost/127.0.0.1:62496] for POST '/session/f91ae635a59f486db267f10ef6576b31/execute/sync'
12:31:33.834 [AsyncHttpClient-1-16] DEBUG org.asynchttpclient.netty.handler.HttpHandler - 

Request DefaultHttpRequest(decodeResult: success, version: HTTP/1.1)
POST /session/f91ae635a59f486db267f10ef6576b31/execute/sync HTTP/1.1
User-Agent: selenium/4.4.0 (java windows)
Content-Length: 176
Content-Type: application/json; charset=utf-8
host: localhost:62496
accept: */*

Response DefaultHttpResponse(decodeResult: success, version: HTTP/1.1)
HTTP/1.1 200 OK
Content-Type: application/json; charset=utf-8
cache-control: no-cache
content-length: 15270

12:31:33.834 [AsyncHttpClient-1-16] DEBUG org.asynchttpclient.netty.channel.ChannelManager - Adding key: http://localhost:62496 for channel [id: 0xb8fd5fd9, L:/127.0.0.1:60182 - R:localhost/127.0.0.1:62496]
12:31:33.837 [Forwarding getCurrentUrl on session f91ae635a59f486db267f10ef6576b31 to remote] DEBUG org.asynchttpclient.netty.request.NettyRequestSender - Using pooled Channel '[id: 0xb8fd5fd9, L:/127.0.0.1:60182 - R:localhost/127.0.0.1:62496]' for 'GET' to 'http://localhost:62496/session/f91ae635a59f486db267f10ef6576b31/url'
12:31:33.837 [Forwarding getCurrentUrl on session f91ae635a59f486db267f10ef6576b31 to remote] DEBUG org.asynchttpclient.netty.request.NettyRequestSender - Using open Channel [id: 0xb8fd5fd9, L:/127.0.0.1:60182 - R:localhost/127.0.0.1:62496] for GET '/session/f91ae635a59f486db267f10ef6576b31/url'
12:31:33.842 [AsyncHttpClient-1-16] DEBUG org.asynchttpclient.netty.handler.HttpHandler - 

Request DefaultFullHttpRequest(decodeResult: success, version: HTTP/1.1, content: EmptyByteBufBE)
GET /session/f91ae635a59f486db267f10ef6576b31/url HTTP/1.1
User-Agent: selenium/4.4.0 (java windows)
Cache-Control: no-cache
Content-Type: application/json; charset=utf-8
host: localhost:62496
accept: */*

Response DefaultHttpResponse(decodeResult: success, version: HTTP/1.1)
HTTP/1.1 200 OK
Content-Type: application/json; charset=utf-8
cache-control: no-cache
content-length: 52

12:31:33.842 [AsyncHttpClient-1-16] DEBUG org.asynchttpclient.netty.channel.ChannelManager - Adding key: http://localhost:62496 for channel [id: 0xb8fd5fd9, L:/127.0.0.1:60182 - R:localhost/127.0.0.1:62496]
12:31:33.843 [Test worker] DEBUG net.thucydides.core.steps.StepInterceptor - STARTING STEP: SelectFromCatalogue.performAs - !#title
12:31:33.844 [AsyncHttpClient-1-1] DEBUG org.asynchttpclient.netty.channel.DefaultChannelPool - Entry count for : http://localhost:62496 : 1
12:31:33.844 [AsyncHttpClient-1-1] DEBUG org.asynchttpclient.netty.channel.DefaultChannelPool - Entry count for : http://localhost:60183 : 1
12:31:33.850 [Test worker] DEBUG net.serenitybdd.screenplay.targets.IFrameSwitcher - default content already selected for catalogue product button
12:31:33.854 [Forwarding findElements on session f91ae635a59f486db267f10ef6576b31 to remote] DEBUG org.asynchttpclient.netty.request.NettyRequestSender - Using pooled Channel '[id: 0xb8fd5fd9, L:/127.0.0.1:60182 - R:localhost/127.0.0.1:62496]' for 'POST' to 'http://localhost:62496/session/f91ae635a59f486db267f10ef6576b31/elements'
12:31:33.854 [Forwarding findElements on session f91ae635a59f486db267f10ef6576b31 to remote] DEBUG org.asynchttpclient.netty.request.NettyRequestSender - Using open Channel [id: 0xb8fd5fd9, L:/127.0.0.1:60182 - R:localhost/127.0.0.1:62496] for POST '/session/f91ae635a59f486db267f10ef6576b31/elements'
12:31:33.864 [AsyncHttpClient-1-16] DEBUG org.asynchttpclient.netty.handler.HttpHandler - 

Request DefaultHttpRequest(decodeResult: success, version: HTTP/1.1)
POST /session/f91ae635a59f486db267f10ef6576b31/elements HTTP/1.1
User-Agent: selenium/4.4.0 (java windows)
Content-Length: 112
Content-Type: application/json; charset=utf-8
host: localhost:62496
accept: */*

Response DefaultHttpResponse(decodeResult: success, version: HTTP/1.1)
HTTP/1.1 200 OK
Content-Type: application/json; charset=utf-8
cache-control: no-cache
content-length: 90

12:31:33.864 [AsyncHttpClient-1-16] DEBUG org.asynchttpclient.netty.channel.ChannelManager - Adding key: http://localhost:62496 for channel [id: 0xb8fd5fd9, L:/127.0.0.1:60182 - R:localhost/127.0.0.1:62496]
12:31:33.874 [Forwarding isElementDisplayed on session f91ae635a59f486db267f10ef6576b31 to remote] DEBUG org.asynchttpclient.netty.request.NettyRequestSender - Using pooled Channel '[id: 0xb8fd5fd9, L:/127.0.0.1:60182 - R:localhost/127.0.0.1:62496]' for 'POST' to 'http://localhost:62496/session/f91ae635a59f486db267f10ef6576b31/execute/sync'
12:31:33.874 [Forwarding isElementDisplayed on session f91ae635a59f486db267f10ef6576b31 to remote] DEBUG org.asynchttpclient.netty.request.NettyRequestSender - Using open Channel [id: 0xb8fd5fd9, L:/127.0.0.1:60182 - R:localhost/127.0.0.1:62496] for POST '/session/f91ae635a59f486db267f10ef6576b31/execute/sync'
12:31:33.885 [AsyncHttpClient-1-16] DEBUG org.asynchttpclient.netty.handler.HttpHandler - 

Request DefaultHttpRequest(decodeResult: success, version: HTTP/1.1)
POST /session/f91ae635a59f486db267f10ef6576b31/execute/sync HTTP/1.1
User-Agent: selenium/4.4.0 (java windows)
Content-Length: 48780
Content-Type: application/json; charset=utf-8
host: localhost:62496
accept: */*

Response DefaultHttpResponse(decodeResult: success, version: HTTP/1.1)
HTTP/1.1 200 OK
Content-Type: application/json; charset=utf-8
cache-control: no-cache
content-length: 14

12:31:33.885 [AsyncHttpClient-1-16] DEBUG org.asynchttpclient.netty.channel.ChannelManager - Adding key: http://localhost:62496 for channel [id: 0xb8fd5fd9, L:/127.0.0.1:60182 - R:localhost/127.0.0.1:62496]
12:31:33.887 [Forwarding isElementDisplayed on session f91ae635a59f486db267f10ef6576b31 to remote] DEBUG org.asynchttpclient.netty.request.NettyRequestSender - Using pooled Channel '[id: 0xb8fd5fd9, L:/127.0.0.1:60182 - R:localhost/127.0.0.1:62496]' for 'POST' to 'http://localhost:62496/session/f91ae635a59f486db267f10ef6576b31/execute/sync'
12:31:33.887 [Forwarding isElementDisplayed on session f91ae635a59f486db267f10ef6576b31 to remote] DEBUG org.asynchttpclient.netty.request.NettyRequestSender - Using open Channel [id: 0xb8fd5fd9, L:/127.0.0.1:60182 - R:localhost/127.0.0.1:62496] for POST '/session/f91ae635a59f486db267f10ef6576b31/execute/sync'
12:31:33.894 [AsyncHttpClient-1-16] DEBUG org.asynchttpclient.netty.handler.HttpHandler - 

Request DefaultHttpRequest(decodeResult: success, version: HTTP/1.1)
POST /session/f91ae635a59f486db267f10ef6576b31/execute/sync HTTP/1.1
User-Agent: selenium/4.4.0 (java windows)
Content-Length: 48780
Content-Type: application/json; charset=utf-8
host: localhost:62496
accept: */*

Response DefaultHttpResponse(decodeResult: success, version: HTTP/1.1)
HTTP/1.1 200 OK
Content-Type: application/json; charset=utf-8
cache-control: no-cache
content-length: 14

12:31:33.894 [AsyncHttpClient-1-16] DEBUG org.asynchttpclient.netty.channel.ChannelManager - Adding key: http://localhost:62496 for channel [id: 0xb8fd5fd9, L:/127.0.0.1:60182 - R:localhost/127.0.0.1:62496]
12:31:33.913 [Forwarding getCurrentWindowHandle on session f91ae635a59f486db267f10ef6576b31 to remote] DEBUG org.asynchttpclient.netty.request.NettyRequestSender - Using pooled Channel '[id: 0xb8fd5fd9, L:/127.0.0.1:60182 - R:localhost/127.0.0.1:62496]' for 'GET' to 'http://localhost:62496/session/f91ae635a59f486db267f10ef6576b31/window'
12:31:33.913 [Forwarding getCurrentWindowHandle on session f91ae635a59f486db267f10ef6576b31 to remote] DEBUG org.asynchttpclient.netty.request.NettyRequestSender - Using open Channel [id: 0xb8fd5fd9, L:/127.0.0.1:60182 - R:localhost/127.0.0.1:62496] for GET '/session/f91ae635a59f486db267f10ef6576b31/window'
12:31:33.914 [AsyncHttpClient-1-16] DEBUG org.asynchttpclient.netty.handler.HttpHandler - 

Request DefaultFullHttpRequest(decodeResult: success, version: HTTP/1.1, content: EmptyByteBufBE)
GET /session/f91ae635a59f486db267f10ef6576b31/window HTTP/1.1
User-Agent: selenium/4.4.0 (java windows)
Cache-Control: no-cache
Content-Type: application/json; charset=utf-8
host: localhost:62496
accept: */*

Response DefaultHttpResponse(decodeResult: success, version: HTTP/1.1)
HTTP/1.1 200 OK
Content-Type: application/json; charset=utf-8
cache-control: no-cache
content-length: 53

12:31:33.914 [AsyncHttpClient-1-16] DEBUG org.asynchttpclient.netty.channel.ChannelManager - Adding key: http://localhost:62496 for channel [id: 0xb8fd5fd9, L:/127.0.0.1:60182 - R:localhost/127.0.0.1:62496]
12:31:33.917 [Forwarding getAlertText on session f91ae635a59f486db267f10ef6576b31 to remote] DEBUG org.asynchttpclient.netty.request.NettyRequestSender - Using pooled Channel '[id: 0xb8fd5fd9, L:/127.0.0.1:60182 - R:localhost/127.0.0.1:62496]' for 'GET' to 'http://localhost:62496/session/f91ae635a59f486db267f10ef6576b31/alert/text'
12:31:33.917 [Forwarding getAlertText on session f91ae635a59f486db267f10ef6576b31 to remote] DEBUG org.asynchttpclient.netty.request.NettyRequestSender - Using open Channel [id: 0xb8fd5fd9, L:/127.0.0.1:60182 - R:localhost/127.0.0.1:62496] for GET '/session/f91ae635a59f486db267f10ef6576b31/alert/text'
12:31:33.920 [AsyncHttpClient-1-16] DEBUG org.asynchttpclient.netty.handler.HttpHandler - 

Request DefaultFullHttpRequest(decodeResult: success, version: HTTP/1.1, content: EmptyByteBufBE)
GET /session/f91ae635a59f486db267f10ef6576b31/alert/text HTTP/1.1
User-Agent: selenium/4.4.0 (java windows)
Cache-Control: no-cache
Content-Type: application/json; charset=utf-8
host: localhost:62496
accept: */*

Response DefaultHttpResponse(decodeResult: success, version: HTTP/1.1)
HTTP/1.1 404 Not Found
Content-Type: application/json; charset=utf-8
cache-control: no-cache
content-length: 879

12:31:33.920 [AsyncHttpClient-1-16] DEBUG org.asynchttpclient.netty.channel.ChannelManager - Adding key: http://localhost:62496 for channel [id: 0xb8fd5fd9, L:/127.0.0.1:60182 - R:localhost/127.0.0.1:62496]
12:31:33.924 [Forwarding switchToWindow on session f91ae635a59f486db267f10ef6576b31 to remote] DEBUG org.asynchttpclient.netty.request.NettyRequestSender - Using pooled Channel '[id: 0xb8fd5fd9, L:/127.0.0.1:60182 - R:localhost/127.0.0.1:62496]' for 'POST' to 'http://localhost:62496/session/f91ae635a59f486db267f10ef6576b31/window'
12:31:33.924 [Forwarding switchToWindow on session f91ae635a59f486db267f10ef6576b31 to remote] DEBUG org.asynchttpclient.netty.request.NettyRequestSender - Using open Channel [id: 0xb8fd5fd9, L:/127.0.0.1:60182 - R:localhost/127.0.0.1:62496] for POST '/session/f91ae635a59f486db267f10ef6576b31/window'
12:31:33.928 [AsyncHttpClient-1-16] DEBUG org.asynchttpclient.netty.handler.HttpHandler - 

Request DefaultHttpRequest(decodeResult: success, version: HTTP/1.1)
POST /session/f91ae635a59f486db267f10ef6576b31/window HTTP/1.1
User-Agent: selenium/4.4.0 (java windows)
Content-Length: 59
Content-Type: application/json; charset=utf-8
host: localhost:62496
accept: */*

Response DefaultHttpResponse(decodeResult: success, version: HTTP/1.1)
HTTP/1.1 200 OK
Content-Type: application/json; charset=utf-8
cache-control: no-cache
content-length: 14

12:31:33.928 [AsyncHttpClient-1-16] DEBUG org.asynchttpclient.netty.channel.ChannelManager - Adding key: http://localhost:62496 for channel [id: 0xb8fd5fd9, L:/127.0.0.1:60182 - R:localhost/127.0.0.1:62496]
12:31:33.929 [Forwarding getCurrentUrl on session f91ae635a59f486db267f10ef6576b31 to remote] DEBUG org.asynchttpclient.netty.request.NettyRequestSender - Using pooled Channel '[id: 0xb8fd5fd9, L:/127.0.0.1:60182 - R:localhost/127.0.0.1:62496]' for 'GET' to 'http://localhost:62496/session/f91ae635a59f486db267f10ef6576b31/url'
12:31:33.929 [Forwarding getCurrentUrl on session f91ae635a59f486db267f10ef6576b31 to remote] DEBUG org.asynchttpclient.netty.request.NettyRequestSender - Using open Channel [id: 0xb8fd5fd9, L:/127.0.0.1:60182 - R:localhost/127.0.0.1:62496] for GET '/session/f91ae635a59f486db267f10ef6576b31/url'
12:31:33.932 [AsyncHttpClient-1-16] DEBUG org.asynchttpclient.netty.handler.HttpHandler - 

Request DefaultFullHttpRequest(decodeResult: success, version: HTTP/1.1, content: EmptyByteBufBE)
GET /session/f91ae635a59f486db267f10ef6576b31/url HTTP/1.1
User-Agent: selenium/4.4.0 (java windows)
Cache-Control: no-cache
Content-Type: application/json; charset=utf-8
host: localhost:62496
accept: */*

Response DefaultHttpResponse(decodeResult: success, version: HTTP/1.1)
HTTP/1.1 200 OK
Content-Type: application/json; charset=utf-8
cache-control: no-cache
content-length: 52

12:31:33.932 [AsyncHttpClient-1-16] DEBUG org.asynchttpclient.netty.channel.ChannelManager - Adding key: http://localhost:62496 for channel [id: 0xb8fd5fd9, L:/127.0.0.1:60182 - R:localhost/127.0.0.1:62496]
12:31:33.933 [Forwarding screenshot on session f91ae635a59f486db267f10ef6576b31 to remote] DEBUG org.asynchttpclient.netty.request.NettyRequestSender - Using pooled Channel '[id: 0xb8fd5fd9, L:/127.0.0.1:60182 - R:localhost/127.0.0.1:62496]' for 'GET' to 'http://localhost:62496/session/f91ae635a59f486db267f10ef6576b31/screenshot'
12:31:33.933 [Forwarding screenshot on session f91ae635a59f486db267f10ef6576b31 to remote] DEBUG org.asynchttpclient.netty.request.NettyRequestSender - Using open Channel [id: 0xb8fd5fd9, L:/127.0.0.1:60182 - R:localhost/127.0.0.1:62496] for GET '/session/f91ae635a59f486db267f10ef6576b31/screenshot'
12:31:34.044 [AsyncHttpClient-1-16] DEBUG org.asynchttpclient.netty.handler.HttpHandler - 

Request DefaultFullHttpRequest(decodeResult: success, version: HTTP/1.1, content: EmptyByteBufBE)
GET /session/f91ae635a59f486db267f10ef6576b31/screenshot HTTP/1.1
User-Agent: selenium/4.4.0 (java windows)
Cache-Control: no-cache
Content-Type: application/json; charset=utf-8
host: localhost:62496
accept: */*

Response DefaultHttpResponse(decodeResult: success, version: HTTP/1.1)
HTTP/1.1 200 OK
Content-Type: application/json; charset=utf-8
cache-control: no-cache
content-length: 316072

12:31:34.045 [AsyncHttpClient-1-16] DEBUG org.asynchttpclient.netty.channel.ChannelManager - Adding key: http://localhost:62496 for channel [id: 0xb8fd5fd9, L:/127.0.0.1:60182 - R:localhost/127.0.0.1:62496]
12:31:34.052 [Test worker] DEBUG net.serenitybdd.core.photography.Darkroom - Send negative for processing for C:\Users\juan.gomezv\IdeaProjects\sura\target\site\serenity\e44069ae212a02c6322b8bddc355adc221270edded46bd42546211af4a56801c.png
12:31:34.058 [Forwarding getPageSource on session f91ae635a59f486db267f10ef6576b31 to remote] DEBUG org.asynchttpclient.netty.request.NettyRequestSender - Using pooled Channel '[id: 0xb8fd5fd9, L:/127.0.0.1:60182 - R:localhost/127.0.0.1:62496]' for 'POST' to 'http://localhost:62496/session/f91ae635a59f486db267f10ef6576b31/execute/sync'
12:31:34.058 [Forwarding getPageSource on session f91ae635a59f486db267f10ef6576b31 to remote] DEBUG org.asynchttpclient.netty.request.NettyRequestSender - Using open Channel [id: 0xb8fd5fd9, L:/127.0.0.1:60182 - R:localhost/127.0.0.1:62496] for POST '/session/f91ae635a59f486db267f10ef6576b31/execute/sync'
12:31:34.063 [AsyncHttpClient-1-16] DEBUG org.asynchttpclient.netty.handler.HttpHandler - 

Request DefaultHttpRequest(decodeResult: success, version: HTTP/1.1)
POST /session/f91ae635a59f486db267f10ef6576b31/execute/sync HTTP/1.1
User-Agent: selenium/4.4.0 (java windows)
Content-Length: 176
Content-Type: application/json; charset=utf-8
host: localhost:62496
accept: */*

Response DefaultHttpResponse(decodeResult: success, version: HTTP/1.1)
HTTP/1.1 200 OK
Content-Type: application/json; charset=utf-8
cache-control: no-cache
content-length: 15270

12:31:34.063 [AsyncHttpClient-1-16] DEBUG org.asynchttpclient.netty.channel.ChannelManager - Adding key: http://localhost:62496 for channel [id: 0xb8fd5fd9, L:/127.0.0.1:60182 - R:localhost/127.0.0.1:62496]
12:31:34.065 [Forwarding getCurrentUrl on session f91ae635a59f486db267f10ef6576b31 to remote] DEBUG org.asynchttpclient.netty.request.NettyRequestSender - Using pooled Channel '[id: 0xb8fd5fd9, L:/127.0.0.1:60182 - R:localhost/127.0.0.1:62496]' for 'GET' to 'http://localhost:62496/session/f91ae635a59f486db267f10ef6576b31/url'
12:31:34.065 [Forwarding getCurrentUrl on session f91ae635a59f486db267f10ef6576b31 to remote] DEBUG org.asynchttpclient.netty.request.NettyRequestSender - Using open Channel [id: 0xb8fd5fd9, L:/127.0.0.1:60182 - R:localhost/127.0.0.1:62496] for GET '/session/f91ae635a59f486db267f10ef6576b31/url'
12:31:34.073 [AsyncHttpClient-1-16] DEBUG org.asynchttpclient.netty.handler.HttpHandler - 

Request DefaultFullHttpRequest(decodeResult: success, version: HTTP/1.1, content: EmptyByteBufBE)
GET /session/f91ae635a59f486db267f10ef6576b31/url HTTP/1.1
User-Agent: selenium/4.4.0 (java windows)
Cache-Control: no-cache
Content-Type: application/json; charset=utf-8
host: localhost:62496
accept: */*

Response DefaultHttpResponse(decodeResult: success, version: HTTP/1.1)
HTTP/1.1 200 OK
Content-Type: application/json; charset=utf-8
cache-control: no-cache
content-length: 52

12:31:34.073 [AsyncHttpClient-1-16] DEBUG org.asynchttpclient.netty.channel.ChannelManager - Adding key: http://localhost:62496 for channel [id: 0xb8fd5fd9, L:/127.0.0.1:60182 - R:localhost/127.0.0.1:62496]
12:31:34.075 [Test worker] DEBUG net.thucydides.core.steps.StepInterceptor - STARTING STEP: SelectFromCatalogue.performAs - {0} clicks on #target
12:31:34.075 [Test worker] DEBUG net.serenitybdd.screenplay.targets.IFrameSwitcher - default content already selected for catalogue product button
12:31:34.118 [Forwarding findElement on session f91ae635a59f486db267f10ef6576b31 to remote] DEBUG org.asynchttpclient.netty.request.NettyRequestSender - Using pooled Channel '[id: 0xb8fd5fd9, L:/127.0.0.1:60182 - R:localhost/127.0.0.1:62496]' for 'POST' to 'http://localhost:62496/session/f91ae635a59f486db267f10ef6576b31/element'
12:31:34.118 [Forwarding findElement on session f91ae635a59f486db267f10ef6576b31 to remote] DEBUG org.asynchttpclient.netty.request.NettyRequestSender - Using open Channel [id: 0xb8fd5fd9, L:/127.0.0.1:60182 - R:localhost/127.0.0.1:62496] for POST '/session/f91ae635a59f486db267f10ef6576b31/element'
12:31:34.127 [AsyncHttpClient-1-16] DEBUG org.asynchttpclient.netty.handler.HttpHandler - 

Request DefaultHttpRequest(decodeResult: success, version: HTTP/1.1)
POST /session/f91ae635a59f486db267f10ef6576b31/element HTTP/1.1
User-Agent: selenium/4.4.0 (java windows)
Content-Length: 112
Content-Type: application/json; charset=utf-8
host: localhost:62496
accept: */*

Response DefaultHttpResponse(decodeResult: success, version: HTTP/1.1)
HTTP/1.1 200 OK
Content-Type: application/json; charset=utf-8
cache-control: no-cache
content-length: 88

12:31:34.127 [AsyncHttpClient-1-16] DEBUG org.asynchttpclient.netty.channel.ChannelManager - Adding key: http://localhost:62496 for channel [id: 0xb8fd5fd9, L:/127.0.0.1:60182 - R:localhost/127.0.0.1:62496]
12:31:34.132 [Forwarding isElementDisplayed on session f91ae635a59f486db267f10ef6576b31 to remote] DEBUG org.asynchttpclient.netty.request.NettyRequestSender - Using pooled Channel '[id: 0xb8fd5fd9, L:/127.0.0.1:60182 - R:localhost/127.0.0.1:62496]' for 'POST' to 'http://localhost:62496/session/f91ae635a59f486db267f10ef6576b31/execute/sync'
12:31:34.132 [Forwarding isElementDisplayed on session f91ae635a59f486db267f10ef6576b31 to remote] DEBUG org.asynchttpclient.netty.request.NettyRequestSender - Using open Channel [id: 0xb8fd5fd9, L:/127.0.0.1:60182 - R:localhost/127.0.0.1:62496] for POST '/session/f91ae635a59f486db267f10ef6576b31/execute/sync'
12:31:34.139 [AsyncHttpClient-1-16] DEBUG org.asynchttpclient.netty.handler.HttpHandler - 

Request DefaultHttpRequest(decodeResult: success, version: HTTP/1.1)
POST /session/f91ae635a59f486db267f10ef6576b31/execute/sync HTTP/1.1
User-Agent: selenium/4.4.0 (java windows)
Content-Length: 48780
Content-Type: application/json; charset=utf-8
host: localhost:62496
accept: */*

Response DefaultHttpResponse(decodeResult: success, version: HTTP/1.1)
HTTP/1.1 200 OK
Content-Type: application/json; charset=utf-8
cache-control: no-cache
content-length: 14

12:31:34.139 [AsyncHttpClient-1-16] DEBUG org.asynchttpclient.netty.channel.ChannelManager - Adding key: http://localhost:62496 for channel [id: 0xb8fd5fd9, L:/127.0.0.1:60182 - R:localhost/127.0.0.1:62496]
12:31:34.146 [Forwarding findElement on session f91ae635a59f486db267f10ef6576b31 to remote] DEBUG org.asynchttpclient.netty.request.NettyRequestSender - Using pooled Channel '[id: 0xb8fd5fd9, L:/127.0.0.1:60182 - R:localhost/127.0.0.1:62496]' for 'POST' to 'http://localhost:62496/session/f91ae635a59f486db267f10ef6576b31/element'
12:31:34.146 [Forwarding findElement on session f91ae635a59f486db267f10ef6576b31 to remote] DEBUG org.asynchttpclient.netty.request.NettyRequestSender - Using open Channel [id: 0xb8fd5fd9, L:/127.0.0.1:60182 - R:localhost/127.0.0.1:62496] for POST '/session/f91ae635a59f486db267f10ef6576b31/element'
12:31:34.151 [AsyncHttpClient-1-16] DEBUG org.asynchttpclient.netty.handler.HttpHandler - 

Request DefaultHttpRequest(decodeResult: success, version: HTTP/1.1)
POST /session/f91ae635a59f486db267f10ef6576b31/element HTTP/1.1
User-Agent: selenium/4.4.0 (java windows)
Content-Length: 112
Content-Type: application/json; charset=utf-8
host: localhost:62496
accept: */*

Response DefaultHttpResponse(decodeResult: success, version: HTTP/1.1)
HTTP/1.1 200 OK
Content-Type: application/json; charset=utf-8
cache-control: no-cache
content-length: 88

12:31:34.151 [AsyncHttpClient-1-16] DEBUG org.asynchttpclient.netty.channel.ChannelManager - Adding key: http://localhost:62496 for channel [id: 0xb8fd5fd9, L:/127.0.0.1:60182 - R:localhost/127.0.0.1:62496]
12:31:34.152 [Forwarding clickElement on session f91ae635a59f486db267f10ef6576b31 to remote] DEBUG org.asynchttpclient.netty.request.NettyRequestSender - Using pooled Channel '[id: 0xb8fd5fd9, L:/127.0.0.1:60182 - R:localhost/127.0.0.1:62496]' for 'POST' to 'http://localhost:62496/session/f91ae635a59f486db267f10ef6576b31/element/ece47d00-3853-4911-9382-32f40009c73b/click'
12:31:34.152 [Forwarding clickElement on session f91ae635a59f486db267f10ef6576b31 to remote] DEBUG org.asynchttpclient.netty.request.NettyRequestSender - Using open Channel [id: 0xb8fd5fd9, L:/127.0.0.1:60182 - R:localhost/127.0.0.1:62496] for POST '/session/f91ae635a59f486db267f10ef6576b31/element/ece47d00-3853-4911-9382-32f40009c73b/click'
12:31:34.177 [AsyncHttpClient-1-16] DEBUG org.asynchttpclient.netty.handler.HttpHandler - 

Request DefaultHttpRequest(decodeResult: success, version: HTTP/1.1)
POST /session/f91ae635a59f486db267f10ef6576b31/element/ece47d00-3853-4911-9382-32f40009c73b/click HTTP/1.1
User-Agent: selenium/4.4.0 (java windows)
Content-Length: 50
Content-Type: application/json; charset=utf-8
host: localhost:62496
accept: */*

Response DefaultHttpResponse(decodeResult: success, version: HTTP/1.1)
HTTP/1.1 200 OK
Content-Type: application/json; charset=utf-8
cache-control: no-cache
content-length: 14

12:31:34.177 [AsyncHttpClient-1-16] DEBUG org.asynchttpclient.netty.channel.ChannelManager - Adding key: http://localhost:62496 for channel [id: 0xb8fd5fd9, L:/127.0.0.1:60182 - R:localhost/127.0.0.1:62496]
12:31:34.192 [Forwarding getCurrentWindowHandle on session f91ae635a59f486db267f10ef6576b31 to remote] DEBUG org.asynchttpclient.netty.request.NettyRequestSender - Using pooled Channel '[id: 0xb8fd5fd9, L:/127.0.0.1:60182 - R:localhost/127.0.0.1:62496]' for 'GET' to 'http://localhost:62496/session/f91ae635a59f486db267f10ef6576b31/window'
12:31:34.192 [Forwarding getCurrentWindowHandle on session f91ae635a59f486db267f10ef6576b31 to remote] DEBUG org.asynchttpclient.netty.request.NettyRequestSender - Using open Channel [id: 0xb8fd5fd9, L:/127.0.0.1:60182 - R:localhost/127.0.0.1:62496] for GET '/session/f91ae635a59f486db267f10ef6576b31/window'
12:31:34.192 [AsyncHttpClient-1-16] DEBUG org.asynchttpclient.netty.handler.HttpHandler - 

Request DefaultFullHttpRequest(decodeResult: success, version: HTTP/1.1, content: EmptyByteBufBE)
GET /session/f91ae635a59f486db267f10ef6576b31/window HTTP/1.1
User-Agent: selenium/4.4.0 (java windows)
Cache-Control: no-cache
Content-Type: application/json; charset=utf-8
host: localhost:62496
accept: */*

Response DefaultHttpResponse(decodeResult: success, version: HTTP/1.1)
HTTP/1.1 200 OK
Content-Type: application/json; charset=utf-8
cache-control: no-cache
content-length: 53

12:31:34.193 [AsyncHttpClient-1-16] DEBUG org.asynchttpclient.netty.channel.ChannelManager - Adding key: http://localhost:62496 for channel [id: 0xb8fd5fd9, L:/127.0.0.1:60182 - R:localhost/127.0.0.1:62496]
12:31:34.196 [Forwarding getAlertText on session f91ae635a59f486db267f10ef6576b31 to remote] DEBUG org.asynchttpclient.netty.request.NettyRequestSender - Using pooled Channel '[id: 0xb8fd5fd9, L:/127.0.0.1:60182 - R:localhost/127.0.0.1:62496]' for 'GET' to 'http://localhost:62496/session/f91ae635a59f486db267f10ef6576b31/alert/text'
12:31:34.196 [Forwarding getAlertText on session f91ae635a59f486db267f10ef6576b31 to remote] DEBUG org.asynchttpclient.netty.request.NettyRequestSender - Using open Channel [id: 0xb8fd5fd9, L:/127.0.0.1:60182 - R:localhost/127.0.0.1:62496] for GET '/session/f91ae635a59f486db267f10ef6576b31/alert/text'
12:31:34.198 [AsyncHttpClient-1-16] DEBUG org.asynchttpclient.netty.handler.HttpHandler - 

Request DefaultFullHttpRequest(decodeResult: success, version: HTTP/1.1, content: EmptyByteBufBE)
GET /session/f91ae635a59f486db267f10ef6576b31/alert/text HTTP/1.1
User-Agent: selenium/4.4.0 (java windows)
Cache-Control: no-cache
Content-Type: application/json; charset=utf-8
host: localhost:62496
accept: */*

Response DefaultHttpResponse(decodeResult: success, version: HTTP/1.1)
HTTP/1.1 404 Not Found
Content-Type: application/json; charset=utf-8
cache-control: no-cache
content-length: 879

12:31:34.198 [AsyncHttpClient-1-16] DEBUG org.asynchttpclient.netty.channel.ChannelManager - Adding key: http://localhost:62496 for channel [id: 0xb8fd5fd9, L:/127.0.0.1:60182 - R:localhost/127.0.0.1:62496]
12:31:34.202 [Forwarding switchToWindow on session f91ae635a59f486db267f10ef6576b31 to remote] DEBUG org.asynchttpclient.netty.request.NettyRequestSender - Using pooled Channel '[id: 0xb8fd5fd9, L:/127.0.0.1:60182 - R:localhost/127.0.0.1:62496]' for 'POST' to 'http://localhost:62496/session/f91ae635a59f486db267f10ef6576b31/window'
12:31:34.202 [Forwarding switchToWindow on session f91ae635a59f486db267f10ef6576b31 to remote] DEBUG org.asynchttpclient.netty.request.NettyRequestSender - Using open Channel [id: 0xb8fd5fd9, L:/127.0.0.1:60182 - R:localhost/127.0.0.1:62496] for POST '/session/f91ae635a59f486db267f10ef6576b31/window'
12:31:34.204 [AsyncHttpClient-1-16] DEBUG org.asynchttpclient.netty.handler.HttpHandler - 

Request DefaultHttpRequest(decodeResult: success, version: HTTP/1.1)
POST /session/f91ae635a59f486db267f10ef6576b31/window HTTP/1.1
User-Agent: selenium/4.4.0 (java windows)
Content-Length: 59
Content-Type: application/json; charset=utf-8
host: localhost:62496
accept: */*

Response DefaultHttpResponse(decodeResult: success, version: HTTP/1.1)
HTTP/1.1 200 OK
Content-Type: application/json; charset=utf-8
cache-control: no-cache
content-length: 14

12:31:34.204 [AsyncHttpClient-1-16] DEBUG org.asynchttpclient.netty.channel.ChannelManager - Adding key: http://localhost:62496 for channel [id: 0xb8fd5fd9, L:/127.0.0.1:60182 - R:localhost/127.0.0.1:62496]
12:31:34.205 [Forwarding getCurrentUrl on session f91ae635a59f486db267f10ef6576b31 to remote] DEBUG org.asynchttpclient.netty.request.NettyRequestSender - Using pooled Channel '[id: 0xb8fd5fd9, L:/127.0.0.1:60182 - R:localhost/127.0.0.1:62496]' for 'GET' to 'http://localhost:62496/session/f91ae635a59f486db267f10ef6576b31/url'
12:31:34.205 [Forwarding getCurrentUrl on session f91ae635a59f486db267f10ef6576b31 to remote] DEBUG org.asynchttpclient.netty.request.NettyRequestSender - Using open Channel [id: 0xb8fd5fd9, L:/127.0.0.1:60182 - R:localhost/127.0.0.1:62496] for GET '/session/f91ae635a59f486db267f10ef6576b31/url'
12:31:34.207 [AsyncHttpClient-1-16] DEBUG org.asynchttpclient.netty.handler.HttpHandler - 

Request DefaultFullHttpRequest(decodeResult: success, version: HTTP/1.1, content: EmptyByteBufBE)
GET /session/f91ae635a59f486db267f10ef6576b31/url HTTP/1.1
User-Agent: selenium/4.4.0 (java windows)
Cache-Control: no-cache
Content-Type: application/json; charset=utf-8
host: localhost:62496
accept: */*

Response DefaultHttpResponse(decodeResult: success, version: HTTP/1.1)
HTTP/1.1 200 OK
Content-Type: application/json; charset=utf-8
cache-control: no-cache
content-length: 52

12:31:34.207 [AsyncHttpClient-1-16] DEBUG org.asynchttpclient.netty.channel.ChannelManager - Adding key: http://localhost:62496 for channel [id: 0xb8fd5fd9, L:/127.0.0.1:60182 - R:localhost/127.0.0.1:62496]
12:31:34.207 [Forwarding screenshot on session f91ae635a59f486db267f10ef6576b31 to remote] DEBUG org.asynchttpclient.netty.request.NettyRequestSender - Using pooled Channel '[id: 0xb8fd5fd9, L:/127.0.0.1:60182 - R:localhost/127.0.0.1:62496]' for 'GET' to 'http://localhost:62496/session/f91ae635a59f486db267f10ef6576b31/screenshot'
12:31:34.208 [Forwarding screenshot on session f91ae635a59f486db267f10ef6576b31 to remote] DEBUG org.asynchttpclient.netty.request.NettyRequestSender - Using open Channel [id: 0xb8fd5fd9, L:/127.0.0.1:60182 - R:localhost/127.0.0.1:62496] for GET '/session/f91ae635a59f486db267f10ef6576b31/screenshot'
12:31:34.328 [AsyncHttpClient-1-16] DEBUG org.asynchttpclient.netty.handler.HttpHandler - 

Request DefaultFullHttpRequest(decodeResult: success, version: HTTP/1.1, content: EmptyByteBufBE)
GET /session/f91ae635a59f486db267f10ef6576b31/screenshot HTTP/1.1
User-Agent: selenium/4.4.0 (java windows)
Cache-Control: no-cache
Content-Type: application/json; charset=utf-8
host: localhost:62496
accept: */*

Response DefaultHttpResponse(decodeResult: success, version: HTTP/1.1)
HTTP/1.1 200 OK
Content-Type: application/json; charset=utf-8
cache-control: no-cache
content-length: 387628

12:31:34.329 [AsyncHttpClient-1-16] DEBUG org.asynchttpclient.netty.channel.ChannelManager - Adding key: http://localhost:62496 for channel [id: 0xb8fd5fd9, L:/127.0.0.1:60182 - R:localhost/127.0.0.1:62496]
12:31:34.337 [Test worker] DEBUG net.serenitybdd.core.photography.Darkroom - Send negative for processing for C:\Users\juan.gomezv\IdeaProjects\sura\target\site\serenity\f91164a022b8b8dfabddd0c8ea56ffe700366fa3f4d3b85ef7f3d0f8df841637.png
12:31:34.338 [Test worker] DEBUG net.thucydides.core.steps.StepInterceptor - STEP DONE: {0} clicks on #target
12:31:34.338 [Darkroom Processing Line] DEBUG net.serenitybdd.core.photography.DarkroomProcessingLine - Processing screenshot image in /var/screenshots/screenshot-18260162938136689046
12:31:34.338 [Darkroom Processing Line] DEBUG net.serenitybdd.core.photography.DarkroomProcessingLine - Saving screenshot to C:\Users\juan.gomezv\IdeaProjects\sura\target\site\serenity\f91164a022b8b8dfabddd0c8ea56ffe700366fa3f4d3b85ef7f3d0f8df841637.png
12:31:34.350 [Test worker] DEBUG net.thucydides.core.steps.StepInterceptor - STEP DONE: !#title
12:31:34.361 [Test worker] DEBUG net.thucydides.core.steps.StepInterceptor - STEP DONE: performAs
  ?[32mCuando ?[0m?[32m?[0m?[32m?[1mAna?[0m?[32m hace click en el boton del ?[0m?[32m?[1m4?[0m?[32m articulo?[0m                            ?[90m# sura.stepDefinitions.CatalogueSteps.haceClickEnElBotonDelArticulo(net.serenitybdd.screenplay.Actor,java.lang.Integer)?[0m
12:31:34.383 [Forwarding getPageSource on session f91ae635a59f486db267f10ef6576b31 to remote] DEBUG org.asynchttpclient.netty.request.NettyRequestSender - Using pooled Channel '[id: 0xb8fd5fd9, L:/127.0.0.1:60182 - R:localhost/127.0.0.1:62496]' for 'POST' to 'http://localhost:62496/session/f91ae635a59f486db267f10ef6576b31/execute/sync'
12:31:34.383 [Forwarding getPageSource on session f91ae635a59f486db267f10ef6576b31 to remote] DEBUG org.asynchttpclient.netty.request.NettyRequestSender - Using open Channel [id: 0xb8fd5fd9, L:/127.0.0.1:60182 - R:localhost/127.0.0.1:62496] for POST '/session/f91ae635a59f486db267f10ef6576b31/execute/sync'
12:31:34.389 [AsyncHttpClient-1-16] DEBUG org.asynchttpclient.netty.handler.HttpHandler - 

Request DefaultHttpRequest(decodeResult: success, version: HTTP/1.1)
POST /session/f91ae635a59f486db267f10ef6576b31/execute/sync HTTP/1.1
User-Agent: selenium/4.4.0 (java windows)
Content-Length: 176
Content-Type: application/json; charset=utf-8
host: localhost:62496
accept: */*

Response DefaultHttpResponse(decodeResult: success, version: HTTP/1.1)
HTTP/1.1 200 OK
Content-Type: application/json; charset=utf-8
cache-control: no-cache
content-length: 15306

12:31:34.389 [AsyncHttpClient-1-16] DEBUG org.asynchttpclient.netty.channel.ChannelManager - Adding key: http://localhost:62496 for channel [id: 0xb8fd5fd9, L:/127.0.0.1:60182 - R:localhost/127.0.0.1:62496]
12:31:34.390 [Forwarding getCurrentUrl on session f91ae635a59f486db267f10ef6576b31 to remote] DEBUG org.asynchttpclient.netty.request.NettyRequestSender - Using pooled Channel '[id: 0xb8fd5fd9, L:/127.0.0.1:60182 - R:localhost/127.0.0.1:62496]' for 'GET' to 'http://localhost:62496/session/f91ae635a59f486db267f10ef6576b31/url'
12:31:34.390 [Forwarding getCurrentUrl on session f91ae635a59f486db267f10ef6576b31 to remote] DEBUG org.asynchttpclient.netty.request.NettyRequestSender - Using open Channel [id: 0xb8fd5fd9, L:/127.0.0.1:60182 - R:localhost/127.0.0.1:62496] for GET '/session/f91ae635a59f486db267f10ef6576b31/url'
12:31:34.394 [AsyncHttpClient-1-16] DEBUG org.asynchttpclient.netty.handler.HttpHandler - 

Request DefaultFullHttpRequest(decodeResult: success, version: HTTP/1.1, content: EmptyByteBufBE)
GET /session/f91ae635a59f486db267f10ef6576b31/url HTTP/1.1
User-Agent: selenium/4.4.0 (java windows)
Cache-Control: no-cache
Content-Type: application/json; charset=utf-8
host: localhost:62496
accept: */*

Response DefaultHttpResponse(decodeResult: success, version: HTTP/1.1)
HTTP/1.1 200 OK
Content-Type: application/json; charset=utf-8
cache-control: no-cache
content-length: 52

12:31:34.394 [AsyncHttpClient-1-16] DEBUG org.asynchttpclient.netty.channel.ChannelManager - Adding key: http://localhost:62496 for channel [id: 0xb8fd5fd9, L:/127.0.0.1:60182 - R:localhost/127.0.0.1:62496]
12:31:34.409 [Forwarding getCurrentWindowHandle on session f91ae635a59f486db267f10ef6576b31 to remote] DEBUG org.asynchttpclient.netty.request.NettyRequestSender - Using pooled Channel '[id: 0xb8fd5fd9, L:/127.0.0.1:60182 - R:localhost/127.0.0.1:62496]' for 'GET' to 'http://localhost:62496/session/f91ae635a59f486db267f10ef6576b31/window'
12:31:34.409 [Forwarding getCurrentWindowHandle on session f91ae635a59f486db267f10ef6576b31 to remote] DEBUG org.asynchttpclient.netty.request.NettyRequestSender - Using open Channel [id: 0xb8fd5fd9, L:/127.0.0.1:60182 - R:localhost/127.0.0.1:62496] for GET '/session/f91ae635a59f486db267f10ef6576b31/window'
12:31:34.409 [AsyncHttpClient-1-16] DEBUG org.asynchttpclient.netty.handler.HttpHandler - 

Request DefaultFullHttpRequest(decodeResult: success, version: HTTP/1.1, content: EmptyByteBufBE)
GET /session/f91ae635a59f486db267f10ef6576b31/window HTTP/1.1
User-Agent: selenium/4.4.0 (java windows)
Cache-Control: no-cache
Content-Type: application/json; charset=utf-8
host: localhost:62496
accept: */*

Response DefaultHttpResponse(decodeResult: success, version: HTTP/1.1)
HTTP/1.1 200 OK
Content-Type: application/json; charset=utf-8
cache-control: no-cache
content-length: 53

12:31:34.409 [AsyncHttpClient-1-16] DEBUG org.asynchttpclient.netty.channel.ChannelManager - Adding key: http://localhost:62496 for channel [id: 0xb8fd5fd9, L:/127.0.0.1:60182 - R:localhost/127.0.0.1:62496]
12:31:34.413 [Forwarding getAlertText on session f91ae635a59f486db267f10ef6576b31 to remote] DEBUG org.asynchttpclient.netty.request.NettyRequestSender - Using pooled Channel '[id: 0xb8fd5fd9, L:/127.0.0.1:60182 - R:localhost/127.0.0.1:62496]' for 'GET' to 'http://localhost:62496/session/f91ae635a59f486db267f10ef6576b31/alert/text'
12:31:34.413 [Forwarding getAlertText on session f91ae635a59f486db267f10ef6576b31 to remote] DEBUG org.asynchttpclient.netty.request.NettyRequestSender - Using open Channel [id: 0xb8fd5fd9, L:/127.0.0.1:60182 - R:localhost/127.0.0.1:62496] for GET '/session/f91ae635a59f486db267f10ef6576b31/alert/text'
12:31:34.414 [AsyncHttpClient-1-16] DEBUG org.asynchttpclient.netty.handler.HttpHandler - 

Request DefaultFullHttpRequest(decodeResult: success, version: HTTP/1.1, content: EmptyByteBufBE)
GET /session/f91ae635a59f486db267f10ef6576b31/alert/text HTTP/1.1
User-Agent: selenium/4.4.0 (java windows)
Cache-Control: no-cache
Content-Type: application/json; charset=utf-8
host: localhost:62496
accept: */*

Response DefaultHttpResponse(decodeResult: success, version: HTTP/1.1)
HTTP/1.1 404 Not Found
Content-Type: application/json; charset=utf-8
cache-control: no-cache
content-length: 879

12:31:34.414 [AsyncHttpClient-1-16] DEBUG org.asynchttpclient.netty.channel.ChannelManager - Adding key: http://localhost:62496 for channel [id: 0xb8fd5fd9, L:/127.0.0.1:60182 - R:localhost/127.0.0.1:62496]
12:31:34.417 [Forwarding switchToWindow on session f91ae635a59f486db267f10ef6576b31 to remote] DEBUG org.asynchttpclient.netty.request.NettyRequestSender - Using pooled Channel '[id: 0xb8fd5fd9, L:/127.0.0.1:60182 - R:localhost/127.0.0.1:62496]' for 'POST' to 'http://localhost:62496/session/f91ae635a59f486db267f10ef6576b31/window'
12:31:34.417 [Forwarding switchToWindow on session f91ae635a59f486db267f10ef6576b31 to remote] DEBUG org.asynchttpclient.netty.request.NettyRequestSender - Using open Channel [id: 0xb8fd5fd9, L:/127.0.0.1:60182 - R:localhost/127.0.0.1:62496] for POST '/session/f91ae635a59f486db267f10ef6576b31/window'
12:31:34.420 [AsyncHttpClient-1-16] DEBUG org.asynchttpclient.netty.handler.HttpHandler - 

Request DefaultHttpRequest(decodeResult: success, version: HTTP/1.1)
POST /session/f91ae635a59f486db267f10ef6576b31/window HTTP/1.1
User-Agent: selenium/4.4.0 (java windows)
Content-Length: 59
Content-Type: application/json; charset=utf-8
host: localhost:62496
accept: */*

Response DefaultHttpResponse(decodeResult: success, version: HTTP/1.1)
HTTP/1.1 200 OK
Content-Type: application/json; charset=utf-8
cache-control: no-cache
content-length: 14

12:31:34.420 [AsyncHttpClient-1-16] DEBUG org.asynchttpclient.netty.channel.ChannelManager - Adding key: http://localhost:62496 for channel [id: 0xb8fd5fd9, L:/127.0.0.1:60182 - R:localhost/127.0.0.1:62496]
12:31:34.420 [Forwarding getCurrentUrl on session f91ae635a59f486db267f10ef6576b31 to remote] DEBUG org.asynchttpclient.netty.request.NettyRequestSender - Using pooled Channel '[id: 0xb8fd5fd9, L:/127.0.0.1:60182 - R:localhost/127.0.0.1:62496]' for 'GET' to 'http://localhost:62496/session/f91ae635a59f486db267f10ef6576b31/url'
12:31:34.420 [Forwarding getCurrentUrl on session f91ae635a59f486db267f10ef6576b31 to remote] DEBUG org.asynchttpclient.netty.request.NettyRequestSender - Using open Channel [id: 0xb8fd5fd9, L:/127.0.0.1:60182 - R:localhost/127.0.0.1:62496] for GET '/session/f91ae635a59f486db267f10ef6576b31/url'
12:31:34.422 [AsyncHttpClient-1-16] DEBUG org.asynchttpclient.netty.handler.HttpHandler - 

Request DefaultFullHttpRequest(decodeResult: success, version: HTTP/1.1, content: EmptyByteBufBE)
GET /session/f91ae635a59f486db267f10ef6576b31/url HTTP/1.1
User-Agent: selenium/4.4.0 (java windows)
Cache-Control: no-cache
Content-Type: application/json; charset=utf-8
host: localhost:62496
accept: */*

Response DefaultHttpResponse(decodeResult: success, version: HTTP/1.1)
HTTP/1.1 200 OK
Content-Type: application/json; charset=utf-8
cache-control: no-cache
content-length: 52

12:31:34.422 [AsyncHttpClient-1-16] DEBUG org.asynchttpclient.netty.channel.ChannelManager - Adding key: http://localhost:62496 for channel [id: 0xb8fd5fd9, L:/127.0.0.1:60182 - R:localhost/127.0.0.1:62496]
12:31:34.423 [Forwarding screenshot on session f91ae635a59f486db267f10ef6576b31 to remote] DEBUG org.asynchttpclient.netty.request.NettyRequestSender - Using pooled Channel '[id: 0xb8fd5fd9, L:/127.0.0.1:60182 - R:localhost/127.0.0.1:62496]' for 'GET' to 'http://localhost:62496/session/f91ae635a59f486db267f10ef6576b31/screenshot'
12:31:34.423 [Forwarding screenshot on session f91ae635a59f486db267f10ef6576b31 to remote] DEBUG org.asynchttpclient.netty.request.NettyRequestSender - Using open Channel [id: 0xb8fd5fd9, L:/127.0.0.1:60182 - R:localhost/127.0.0.1:62496] for GET '/session/f91ae635a59f486db267f10ef6576b31/screenshot'
12:31:34.534 [AsyncHttpClient-1-16] DEBUG org.asynchttpclient.netty.handler.HttpHandler - 

Request DefaultFullHttpRequest(decodeResult: success, version: HTTP/1.1, content: EmptyByteBufBE)
GET /session/f91ae635a59f486db267f10ef6576b31/screenshot HTTP/1.1
User-Agent: selenium/4.4.0 (java windows)
Cache-Control: no-cache
Content-Type: application/json; charset=utf-8
host: localhost:62496
accept: */*

Response DefaultHttpResponse(decodeResult: success, version: HTTP/1.1)
HTTP/1.1 200 OK
Content-Type: application/json; charset=utf-8
cache-control: no-cache
content-length: 387628

12:31:34.535 [AsyncHttpClient-1-16] DEBUG org.asynchttpclient.netty.channel.ChannelManager - Adding key: http://localhost:62496 for channel [id: 0xb8fd5fd9, L:/127.0.0.1:60182 - R:localhost/127.0.0.1:62496]
12:31:34.543 [Test worker] DEBUG net.serenitybdd.core.photography.Darkroom - Send negative for processing for C:\Users\juan.gomezv\IdeaProjects\sura\target\site\serenity\f91164a022b8b8dfabddd0c8ea56ffe700366fa3f4d3b85ef7f3d0f8df841637.png
12:31:34.547 [Forwarding getPageSource on session f91ae635a59f486db267f10ef6576b31 to remote] DEBUG org.asynchttpclient.netty.request.NettyRequestSender - Using pooled Channel '[id: 0xb8fd5fd9, L:/127.0.0.1:60182 - R:localhost/127.0.0.1:62496]' for 'POST' to 'http://localhost:62496/session/f91ae635a59f486db267f10ef6576b31/execute/sync'
12:31:34.547 [Forwarding getPageSource on session f91ae635a59f486db267f10ef6576b31 to remote] DEBUG org.asynchttpclient.netty.request.NettyRequestSender - Using open Channel [id: 0xb8fd5fd9, L:/127.0.0.1:60182 - R:localhost/127.0.0.1:62496] for POST '/session/f91ae635a59f486db267f10ef6576b31/execute/sync'
12:31:34.552 [AsyncHttpClient-1-16] DEBUG org.asynchttpclient.netty.handler.HttpHandler - 

Request DefaultHttpRequest(decodeResult: success, version: HTTP/1.1)
POST /session/f91ae635a59f486db267f10ef6576b31/execute/sync HTTP/1.1
User-Agent: selenium/4.4.0 (java windows)
Content-Length: 176
Content-Type: application/json; charset=utf-8
host: localhost:62496
accept: */*

Response DefaultHttpResponse(decodeResult: success, version: HTTP/1.1)
HTTP/1.1 200 OK
Content-Type: application/json; charset=utf-8
cache-control: no-cache
content-length: 15306

12:31:34.552 [AsyncHttpClient-1-16] DEBUG org.asynchttpclient.netty.channel.ChannelManager - Adding key: http://localhost:62496 for channel [id: 0xb8fd5fd9, L:/127.0.0.1:60182 - R:localhost/127.0.0.1:62496]
12:31:34.553 [Forwarding getCurrentUrl on session f91ae635a59f486db267f10ef6576b31 to remote] DEBUG org.asynchttpclient.netty.request.NettyRequestSender - Using pooled Channel '[id: 0xb8fd5fd9, L:/127.0.0.1:60182 - R:localhost/127.0.0.1:62496]' for 'GET' to 'http://localhost:62496/session/f91ae635a59f486db267f10ef6576b31/url'
12:31:34.553 [Forwarding getCurrentUrl on session f91ae635a59f486db267f10ef6576b31 to remote] DEBUG org.asynchttpclient.netty.request.NettyRequestSender - Using open Channel [id: 0xb8fd5fd9, L:/127.0.0.1:60182 - R:localhost/127.0.0.1:62496] for GET '/session/f91ae635a59f486db267f10ef6576b31/url'
12:31:34.557 [AsyncHttpClient-1-16] DEBUG org.asynchttpclient.netty.handler.HttpHandler - 

Request DefaultFullHttpRequest(decodeResult: success, version: HTTP/1.1, content: EmptyByteBufBE)
GET /session/f91ae635a59f486db267f10ef6576b31/url HTTP/1.1
User-Agent: selenium/4.4.0 (java windows)
Cache-Control: no-cache
Content-Type: application/json; charset=utf-8
host: localhost:62496
accept: */*

Response DefaultHttpResponse(decodeResult: success, version: HTTP/1.1)
HTTP/1.1 200 OK
Content-Type: application/json; charset=utf-8
cache-control: no-cache
content-length: 52

12:31:34.557 [AsyncHttpClient-1-16] DEBUG org.asynchttpclient.netty.channel.ChannelManager - Adding key: http://localhost:62496 for channel [id: 0xb8fd5fd9, L:/127.0.0.1:60182 - R:localhost/127.0.0.1:62496]
12:31:34.559 [Test worker] DEBUG net.thucydides.core.steps.StepInterceptor - STARTING STEP: CatalogueSteps.haceClickEnElBotonDelCarrito - {0} clicks on #target
12:31:34.559 [Test worker] DEBUG net.serenitybdd.screenplay.targets.IFrameSwitcher - default content already selected for Badge pressable icon
12:31:34.585 [Forwarding findElement on session f91ae635a59f486db267f10ef6576b31 to remote] DEBUG org.asynchttpclient.netty.request.NettyRequestSender - Using pooled Channel '[id: 0xb8fd5fd9, L:/127.0.0.1:60182 - R:localhost/127.0.0.1:62496]' for 'POST' to 'http://localhost:62496/session/f91ae635a59f486db267f10ef6576b31/element'
12:31:34.585 [Forwarding findElement on session f91ae635a59f486db267f10ef6576b31 to remote] DEBUG org.asynchttpclient.netty.request.NettyRequestSender - Using open Channel [id: 0xb8fd5fd9, L:/127.0.0.1:60182 - R:localhost/127.0.0.1:62496] for POST '/session/f91ae635a59f486db267f10ef6576b31/element'
12:31:34.597 [AsyncHttpClient-1-16] DEBUG org.asynchttpclient.netty.handler.HttpHandler - 

Request DefaultHttpRequest(decodeResult: success, version: HTTP/1.1)
POST /session/f91ae635a59f486db267f10ef6576b31/element HTTP/1.1
User-Agent: selenium/4.4.0 (java windows)
Content-Length: 88
Content-Type: application/json; charset=utf-8
host: localhost:62496
accept: */*

Response DefaultHttpResponse(decodeResult: success, version: HTTP/1.1)
HTTP/1.1 200 OK
Content-Type: application/json; charset=utf-8
cache-control: no-cache
content-length: 88

12:31:34.597 [AsyncHttpClient-1-16] DEBUG org.asynchttpclient.netty.channel.ChannelManager - Adding key: http://localhost:62496 for channel [id: 0xb8fd5fd9, L:/127.0.0.1:60182 - R:localhost/127.0.0.1:62496]
12:31:34.603 [Forwarding isElementDisplayed on session f91ae635a59f486db267f10ef6576b31 to remote] DEBUG org.asynchttpclient.netty.request.NettyRequestSender - Using pooled Channel '[id: 0xb8fd5fd9, L:/127.0.0.1:60182 - R:localhost/127.0.0.1:62496]' for 'POST' to 'http://localhost:62496/session/f91ae635a59f486db267f10ef6576b31/execute/sync'
12:31:34.603 [Forwarding isElementDisplayed on session f91ae635a59f486db267f10ef6576b31 to remote] DEBUG org.asynchttpclient.netty.request.NettyRequestSender - Using open Channel [id: 0xb8fd5fd9, L:/127.0.0.1:60182 - R:localhost/127.0.0.1:62496] for POST '/session/f91ae635a59f486db267f10ef6576b31/execute/sync'
12:31:34.612 [AsyncHttpClient-1-16] DEBUG org.asynchttpclient.netty.handler.HttpHandler - 

Request DefaultHttpRequest(decodeResult: success, version: HTTP/1.1)
POST /session/f91ae635a59f486db267f10ef6576b31/execute/sync HTTP/1.1
User-Agent: selenium/4.4.0 (java windows)
Content-Length: 48780
Content-Type: application/json; charset=utf-8
host: localhost:62496
accept: */*

Response DefaultHttpResponse(decodeResult: success, version: HTTP/1.1)
HTTP/1.1 200 OK
Content-Type: application/json; charset=utf-8
cache-control: no-cache
content-length: 14

12:31:34.612 [AsyncHttpClient-1-16] DEBUG org.asynchttpclient.netty.channel.ChannelManager - Adding key: http://localhost:62496 for channel [id: 0xb8fd5fd9, L:/127.0.0.1:60182 - R:localhost/127.0.0.1:62496]
12:31:34.619 [Forwarding findElement on session f91ae635a59f486db267f10ef6576b31 to remote] DEBUG org.asynchttpclient.netty.request.NettyRequestSender - Using pooled Channel '[id: 0xb8fd5fd9, L:/127.0.0.1:60182 - R:localhost/127.0.0.1:62496]' for 'POST' to 'http://localhost:62496/session/f91ae635a59f486db267f10ef6576b31/element'
12:31:34.619 [Forwarding findElement on session f91ae635a59f486db267f10ef6576b31 to remote] DEBUG org.asynchttpclient.netty.request.NettyRequestSender - Using open Channel [id: 0xb8fd5fd9, L:/127.0.0.1:60182 - R:localhost/127.0.0.1:62496] for POST '/session/f91ae635a59f486db267f10ef6576b31/element'
12:31:34.625 [AsyncHttpClient-1-16] DEBUG org.asynchttpclient.netty.handler.HttpHandler - 

Request DefaultHttpRequest(decodeResult: success, version: HTTP/1.1)
POST /session/f91ae635a59f486db267f10ef6576b31/element HTTP/1.1
User-Agent: selenium/4.4.0 (java windows)
Content-Length: 88
Content-Type: application/json; charset=utf-8
host: localhost:62496
accept: */*

Response DefaultHttpResponse(decodeResult: success, version: HTTP/1.1)
HTTP/1.1 200 OK
Content-Type: application/json; charset=utf-8
cache-control: no-cache
content-length: 88

12:31:34.625 [AsyncHttpClient-1-16] DEBUG org.asynchttpclient.netty.channel.ChannelManager - Adding key: http://localhost:62496 for channel [id: 0xb8fd5fd9, L:/127.0.0.1:60182 - R:localhost/127.0.0.1:62496]
12:31:34.626 [Forwarding clickElement on session f91ae635a59f486db267f10ef6576b31 to remote] DEBUG org.asynchttpclient.netty.request.NettyRequestSender - Using pooled Channel '[id: 0xb8fd5fd9, L:/127.0.0.1:60182 - R:localhost/127.0.0.1:62496]' for 'POST' to 'http://localhost:62496/session/f91ae635a59f486db267f10ef6576b31/element/2be31bf7-03b4-4da7-8112-63a17dfe20cb/click'
12:31:34.626 [Forwarding clickElement on session f91ae635a59f486db267f10ef6576b31 to remote] DEBUG org.asynchttpclient.netty.request.NettyRequestSender - Using open Channel [id: 0xb8fd5fd9, L:/127.0.0.1:60182 - R:localhost/127.0.0.1:62496] for POST '/session/f91ae635a59f486db267f10ef6576b31/element/2be31bf7-03b4-4da7-8112-63a17dfe20cb/click'
12:31:34.658 [AsyncHttpClient-1-16] DEBUG org.asynchttpclient.netty.handler.HttpHandler - 

Request DefaultHttpRequest(decodeResult: success, version: HTTP/1.1)
POST /session/f91ae635a59f486db267f10ef6576b31/element/2be31bf7-03b4-4da7-8112-63a17dfe20cb/click HTTP/1.1
User-Agent: selenium/4.4.0 (java windows)
Content-Length: 50
Content-Type: application/json; charset=utf-8
host: localhost:62496
accept: */*

Response DefaultHttpResponse(decodeResult: success, version: HTTP/1.1)
HTTP/1.1 200 OK
Content-Type: application/json; charset=utf-8
cache-control: no-cache
content-length: 14

12:31:34.659 [AsyncHttpClient-1-16] DEBUG org.asynchttpclient.netty.channel.ChannelManager - Adding key: http://localhost:62496 for channel [id: 0xb8fd5fd9, L:/127.0.0.1:60182 - R:localhost/127.0.0.1:62496]
12:31:34.670 [Forwarding getCurrentWindowHandle on session f91ae635a59f486db267f10ef6576b31 to remote] DEBUG org.asynchttpclient.netty.request.NettyRequestSender - Using pooled Channel '[id: 0xb8fd5fd9, L:/127.0.0.1:60182 - R:localhost/127.0.0.1:62496]' for 'GET' to 'http://localhost:62496/session/f91ae635a59f486db267f10ef6576b31/window'
12:31:34.670 [Forwarding getCurrentWindowHandle on session f91ae635a59f486db267f10ef6576b31 to remote] DEBUG org.asynchttpclient.netty.request.NettyRequestSender - Using open Channel [id: 0xb8fd5fd9, L:/127.0.0.1:60182 - R:localhost/127.0.0.1:62496] for GET '/session/f91ae635a59f486db267f10ef6576b31/window'
12:31:34.671 [AsyncHttpClient-1-16] DEBUG org.asynchttpclient.netty.handler.HttpHandler - 

Request DefaultFullHttpRequest(decodeResult: success, version: HTTP/1.1, content: EmptyByteBufBE)
GET /session/f91ae635a59f486db267f10ef6576b31/window HTTP/1.1
User-Agent: selenium/4.4.0 (java windows)
Cache-Control: no-cache
Content-Type: application/json; charset=utf-8
host: localhost:62496
accept: */*

Response DefaultHttpResponse(decodeResult: success, version: HTTP/1.1)
HTTP/1.1 200 OK
Content-Type: application/json; charset=utf-8
cache-control: no-cache
content-length: 53

12:31:34.671 [AsyncHttpClient-1-16] DEBUG org.asynchttpclient.netty.channel.ChannelManager - Adding key: http://localhost:62496 for channel [id: 0xb8fd5fd9, L:/127.0.0.1:60182 - R:localhost/127.0.0.1:62496]
12:31:34.673 [Forwarding getAlertText on session f91ae635a59f486db267f10ef6576b31 to remote] DEBUG org.asynchttpclient.netty.request.NettyRequestSender - Using pooled Channel '[id: 0xb8fd5fd9, L:/127.0.0.1:60182 - R:localhost/127.0.0.1:62496]' for 'GET' to 'http://localhost:62496/session/f91ae635a59f486db267f10ef6576b31/alert/text'
12:31:34.673 [Forwarding getAlertText on session f91ae635a59f486db267f10ef6576b31 to remote] DEBUG org.asynchttpclient.netty.request.NettyRequestSender - Using open Channel [id: 0xb8fd5fd9, L:/127.0.0.1:60182 - R:localhost/127.0.0.1:62496] for GET '/session/f91ae635a59f486db267f10ef6576b31/alert/text'
12:31:34.675 [AsyncHttpClient-1-16] DEBUG org.asynchttpclient.netty.handler.HttpHandler - 

Request DefaultFullHttpRequest(decodeResult: success, version: HTTP/1.1, content: EmptyByteBufBE)
GET /session/f91ae635a59f486db267f10ef6576b31/alert/text HTTP/1.1
User-Agent: selenium/4.4.0 (java windows)
Cache-Control: no-cache
Content-Type: application/json; charset=utf-8
host: localhost:62496
accept: */*

Response DefaultHttpResponse(decodeResult: success, version: HTTP/1.1)
HTTP/1.1 404 Not Found
Content-Type: application/json; charset=utf-8
cache-control: no-cache
content-length: 879

12:31:34.675 [AsyncHttpClient-1-16] DEBUG org.asynchttpclient.netty.channel.ChannelManager - Adding key: http://localhost:62496 for channel [id: 0xb8fd5fd9, L:/127.0.0.1:60182 - R:localhost/127.0.0.1:62496]
12:31:34.678 [Forwarding switchToWindow on session f91ae635a59f486db267f10ef6576b31 to remote] DEBUG org.asynchttpclient.netty.request.NettyRequestSender - Using pooled Channel '[id: 0xb8fd5fd9, L:/127.0.0.1:60182 - R:localhost/127.0.0.1:62496]' for 'POST' to 'http://localhost:62496/session/f91ae635a59f486db267f10ef6576b31/window'
12:31:34.678 [Forwarding switchToWindow on session f91ae635a59f486db267f10ef6576b31 to remote] DEBUG org.asynchttpclient.netty.request.NettyRequestSender - Using open Channel [id: 0xb8fd5fd9, L:/127.0.0.1:60182 - R:localhost/127.0.0.1:62496] for POST '/session/f91ae635a59f486db267f10ef6576b31/window'
12:31:34.680 [AsyncHttpClient-1-16] DEBUG org.asynchttpclient.netty.handler.HttpHandler - 

Request DefaultHttpRequest(decodeResult: success, version: HTTP/1.1)
POST /session/f91ae635a59f486db267f10ef6576b31/window HTTP/1.1
User-Agent: selenium/4.4.0 (java windows)
Content-Length: 59
Content-Type: application/json; charset=utf-8
host: localhost:62496
accept: */*

Response DefaultHttpResponse(decodeResult: success, version: HTTP/1.1)
HTTP/1.1 200 OK
Content-Type: application/json; charset=utf-8
cache-control: no-cache
content-length: 14

12:31:34.680 [AsyncHttpClient-1-16] DEBUG org.asynchttpclient.netty.channel.ChannelManager - Adding key: http://localhost:62496 for channel [id: 0xb8fd5fd9, L:/127.0.0.1:60182 - R:localhost/127.0.0.1:62496]
12:31:34.680 [Forwarding getCurrentUrl on session f91ae635a59f486db267f10ef6576b31 to remote] DEBUG org.asynchttpclient.netty.request.NettyRequestSender - Using pooled Channel '[id: 0xb8fd5fd9, L:/127.0.0.1:60182 - R:localhost/127.0.0.1:62496]' for 'GET' to 'http://localhost:62496/session/f91ae635a59f486db267f10ef6576b31/url'
12:31:34.680 [Forwarding getCurrentUrl on session f91ae635a59f486db267f10ef6576b31 to remote] DEBUG org.asynchttpclient.netty.request.NettyRequestSender - Using open Channel [id: 0xb8fd5fd9, L:/127.0.0.1:60182 - R:localhost/127.0.0.1:62496] for GET '/session/f91ae635a59f486db267f10ef6576b31/url'
12:31:34.682 [AsyncHttpClient-1-16] DEBUG org.asynchttpclient.netty.handler.HttpHandler - 

Request DefaultFullHttpRequest(decodeResult: success, version: HTTP/1.1, content: EmptyByteBufBE)
GET /session/f91ae635a59f486db267f10ef6576b31/url HTTP/1.1
User-Agent: selenium/4.4.0 (java windows)
Cache-Control: no-cache
Content-Type: application/json; charset=utf-8
host: localhost:62496
accept: */*

Response DefaultHttpResponse(decodeResult: success, version: HTTP/1.1)
HTTP/1.1 200 OK
Content-Type: application/json; charset=utf-8
cache-control: no-cache
content-length: 47

12:31:34.682 [AsyncHttpClient-1-16] DEBUG org.asynchttpclient.netty.channel.ChannelManager - Adding key: http://localhost:62496 for channel [id: 0xb8fd5fd9, L:/127.0.0.1:60182 - R:localhost/127.0.0.1:62496]
12:31:34.683 [Forwarding screenshot on session f91ae635a59f486db267f10ef6576b31 to remote] DEBUG org.asynchttpclient.netty.request.NettyRequestSender - Using pooled Channel '[id: 0xb8fd5fd9, L:/127.0.0.1:60182 - R:localhost/127.0.0.1:62496]' for 'GET' to 'http://localhost:62496/session/f91ae635a59f486db267f10ef6576b31/screenshot'
12:31:34.683 [Forwarding screenshot on session f91ae635a59f486db267f10ef6576b31 to remote] DEBUG org.asynchttpclient.netty.request.NettyRequestSender - Using open Channel [id: 0xb8fd5fd9, L:/127.0.0.1:60182 - R:localhost/127.0.0.1:62496] for GET '/session/f91ae635a59f486db267f10ef6576b31/screenshot'
12:31:34.751 [AsyncHttpClient-1-16] DEBUG org.asynchttpclient.netty.handler.HttpHandler - 

Request DefaultFullHttpRequest(decodeResult: success, version: HTTP/1.1, content: EmptyByteBufBE)
GET /session/f91ae635a59f486db267f10ef6576b31/screenshot HTTP/1.1
User-Agent: selenium/4.4.0 (java windows)
Cache-Control: no-cache
Content-Type: application/json; charset=utf-8
host: localhost:62496
accept: */*

Response DefaultHttpResponse(decodeResult: success, version: HTTP/1.1)
HTTP/1.1 200 OK
Content-Type: application/json; charset=utf-8
cache-control: no-cache
content-length: 42856

12:31:34.751 [AsyncHttpClient-1-16] DEBUG org.asynchttpclient.netty.channel.ChannelManager - Adding key: http://localhost:62496 for channel [id: 0xb8fd5fd9, L:/127.0.0.1:60182 - R:localhost/127.0.0.1:62496]
12:31:34.752 [Test worker] DEBUG net.serenitybdd.core.photography.Darkroom - Send negative for processing for C:\Users\juan.gomezv\IdeaProjects\sura\target\site\serenity\74405e323d70a61325a039cbbc355372e4570162078f0622e549c9cda1f487c4.png
12:31:34.753 [Test worker] DEBUG net.thucydides.core.steps.StepInterceptor - STEP DONE: {0} clicks on #target
12:31:34.753 [Darkroom Processing Line] DEBUG net.serenitybdd.core.photography.DarkroomProcessingLine - Processing screenshot image in /var/screenshots/screenshot-16954912098592406888
12:31:34.753 [Darkroom Processing Line] DEBUG net.serenitybdd.core.photography.DarkroomProcessingLine - Saving screenshot to C:\Users\juan.gomezv\IdeaProjects\sura\target\site\serenity\74405e323d70a61325a039cbbc355372e4570162078f0622e549c9cda1f487c4.png
  ?[32mY ?[0m?[32m?[0m?[32m?[1mAna?[0m?[32m hace click en el boton del carrito?[0m                                    ?[90m# sura.stepDefinitions.CatalogueSteps.haceClickEnElBotonDelCarrito(net.serenitybdd.screenplay.Actor)?[0m
12:31:34.767 [Forwarding getPageSource on session f91ae635a59f486db267f10ef6576b31 to remote] DEBUG org.asynchttpclient.netty.request.NettyRequestSender - Using pooled Channel '[id: 0xb8fd5fd9, L:/127.0.0.1:60182 - R:localhost/127.0.0.1:62496]' for 'POST' to 'http://localhost:62496/session/f91ae635a59f486db267f10ef6576b31/execute/sync'
12:31:34.767 [Forwarding getPageSource on session f91ae635a59f486db267f10ef6576b31 to remote] DEBUG org.asynchttpclient.netty.request.NettyRequestSender - Using open Channel [id: 0xb8fd5fd9, L:/127.0.0.1:60182 - R:localhost/127.0.0.1:62496] for POST '/session/f91ae635a59f486db267f10ef6576b31/execute/sync'
12:31:34.771 [AsyncHttpClient-1-16] DEBUG org.asynchttpclient.netty.handler.HttpHandler - 

Request DefaultHttpRequest(decodeResult: success, version: HTTP/1.1)
POST /session/f91ae635a59f486db267f10ef6576b31/execute/sync HTTP/1.1
User-Agent: selenium/4.4.0 (java windows)
Content-Length: 176
Content-Type: application/json; charset=utf-8
host: localhost:62496
accept: */*

Response DefaultHttpResponse(decodeResult: success, version: HTTP/1.1)
HTTP/1.1 200 OK
Content-Type: application/json; charset=utf-8
cache-control: no-cache
content-length: 10173

12:31:34.771 [AsyncHttpClient-1-16] DEBUG org.asynchttpclient.netty.channel.ChannelManager - Adding key: http://localhost:62496 for channel [id: 0xb8fd5fd9, L:/127.0.0.1:60182 - R:localhost/127.0.0.1:62496]
12:31:34.772 [Forwarding getCurrentUrl on session f91ae635a59f486db267f10ef6576b31 to remote] DEBUG org.asynchttpclient.netty.request.NettyRequestSender - Using pooled Channel '[id: 0xb8fd5fd9, L:/127.0.0.1:60182 - R:localhost/127.0.0.1:62496]' for 'GET' to 'http://localhost:62496/session/f91ae635a59f486db267f10ef6576b31/url'
12:31:34.772 [Forwarding getCurrentUrl on session f91ae635a59f486db267f10ef6576b31 to remote] DEBUG org.asynchttpclient.netty.request.NettyRequestSender - Using open Channel [id: 0xb8fd5fd9, L:/127.0.0.1:60182 - R:localhost/127.0.0.1:62496] for GET '/session/f91ae635a59f486db267f10ef6576b31/url'
12:31:34.774 [AsyncHttpClient-1-16] DEBUG org.asynchttpclient.netty.handler.HttpHandler - 

Request DefaultFullHttpRequest(decodeResult: success, version: HTTP/1.1, content: EmptyByteBufBE)
GET /session/f91ae635a59f486db267f10ef6576b31/url HTTP/1.1
User-Agent: selenium/4.4.0 (java windows)
Cache-Control: no-cache
Content-Type: application/json; charset=utf-8
host: localhost:62496
accept: */*

Response DefaultHttpResponse(decodeResult: success, version: HTTP/1.1)
HTTP/1.1 200 OK
Content-Type: application/json; charset=utf-8
cache-control: no-cache
content-length: 47

12:31:34.775 [AsyncHttpClient-1-16] DEBUG org.asynchttpclient.netty.channel.ChannelManager - Adding key: http://localhost:62496 for channel [id: 0xb8fd5fd9, L:/127.0.0.1:60182 - R:localhost/127.0.0.1:62496]
12:31:34.789 [Forwarding getPageSource on session f91ae635a59f486db267f10ef6576b31 to remote] DEBUG org.asynchttpclient.netty.request.NettyRequestSender - Using pooled Channel '[id: 0xb8fd5fd9, L:/127.0.0.1:60182 - R:localhost/127.0.0.1:62496]' for 'POST' to 'http://localhost:62496/session/f91ae635a59f486db267f10ef6576b31/execute/sync'
12:31:34.789 [Forwarding getPageSource on session f91ae635a59f486db267f10ef6576b31 to remote] DEBUG org.asynchttpclient.netty.request.NettyRequestSender - Using open Channel [id: 0xb8fd5fd9, L:/127.0.0.1:60182 - R:localhost/127.0.0.1:62496] for POST '/session/f91ae635a59f486db267f10ef6576b31/execute/sync'
12:31:34.793 [AsyncHttpClient-1-16] DEBUG org.asynchttpclient.netty.handler.HttpHandler - 

Request DefaultHttpRequest(decodeResult: success, version: HTTP/1.1)
POST /session/f91ae635a59f486db267f10ef6576b31/execute/sync HTTP/1.1
User-Agent: selenium/4.4.0 (java windows)
Content-Length: 176
Content-Type: application/json; charset=utf-8
host: localhost:62496
accept: */*

Response DefaultHttpResponse(decodeResult: success, version: HTTP/1.1)
HTTP/1.1 200 OK
Content-Type: application/json; charset=utf-8
cache-control: no-cache
content-length: 10173

12:31:34.793 [AsyncHttpClient-1-16] DEBUG org.asynchttpclient.netty.channel.ChannelManager - Adding key: http://localhost:62496 for channel [id: 0xb8fd5fd9, L:/127.0.0.1:60182 - R:localhost/127.0.0.1:62496]
12:31:34.794 [Forwarding getCurrentUrl on session f91ae635a59f486db267f10ef6576b31 to remote] DEBUG org.asynchttpclient.netty.request.NettyRequestSender - Using pooled Channel '[id: 0xb8fd5fd9, L:/127.0.0.1:60182 - R:localhost/127.0.0.1:62496]' for 'GET' to 'http://localhost:62496/session/f91ae635a59f486db267f10ef6576b31/url'
12:31:34.794 [Forwarding getCurrentUrl on session f91ae635a59f486db267f10ef6576b31 to remote] DEBUG org.asynchttpclient.netty.request.NettyRequestSender - Using open Channel [id: 0xb8fd5fd9, L:/127.0.0.1:60182 - R:localhost/127.0.0.1:62496] for GET '/session/f91ae635a59f486db267f10ef6576b31/url'
12:31:34.796 [AsyncHttpClient-1-16] DEBUG org.asynchttpclient.netty.handler.HttpHandler - 

Request DefaultFullHttpRequest(decodeResult: success, version: HTTP/1.1, content: EmptyByteBufBE)
GET /session/f91ae635a59f486db267f10ef6576b31/url HTTP/1.1
User-Agent: selenium/4.4.0 (java windows)
Cache-Control: no-cache
Content-Type: application/json; charset=utf-8
host: localhost:62496
accept: */*

Response DefaultHttpResponse(decodeResult: success, version: HTTP/1.1)
HTTP/1.1 200 OK
Content-Type: application/json; charset=utf-8
cache-control: no-cache
content-length: 47

12:31:34.796 [AsyncHttpClient-1-16] DEBUG org.asynchttpclient.netty.channel.ChannelManager - Adding key: http://localhost:62496 for channel [id: 0xb8fd5fd9, L:/127.0.0.1:60182 - R:localhost/127.0.0.1:62496]
12:31:34.798 [Test worker] DEBUG net.thucydides.core.steps.StepInterceptor - STARTING STEP: CatalogueSteps.pasaALaPaginaDeListadoDeDompras - {0} should see #description
12:31:34.798 [Test worker] DEBUG net.serenitybdd.screenplay.targets.IFrameSwitcher - default content already selected for product title
12:31:34.807 [Forwarding findElement on session f91ae635a59f486db267f10ef6576b31 to remote] DEBUG org.asynchttpclient.netty.request.NettyRequestSender - Using pooled Channel '[id: 0xb8fd5fd9, L:/127.0.0.1:60182 - R:localhost/127.0.0.1:62496]' for 'POST' to 'http://localhost:62496/session/f91ae635a59f486db267f10ef6576b31/element'
12:31:34.807 [Forwarding findElement on session f91ae635a59f486db267f10ef6576b31 to remote] DEBUG org.asynchttpclient.netty.request.NettyRequestSender - Using open Channel [id: 0xb8fd5fd9, L:/127.0.0.1:60182 - R:localhost/127.0.0.1:62496] for POST '/session/f91ae635a59f486db267f10ef6576b31/element'
12:31:34.814 [AsyncHttpClient-1-16] DEBUG org.asynchttpclient.netty.handler.HttpHandler - 

Request DefaultHttpRequest(decodeResult: success, version: HTTP/1.1)
POST /session/f91ae635a59f486db267f10ef6576b31/element HTTP/1.1
User-Agent: selenium/4.4.0 (java windows)
Content-Length: 78
Content-Type: application/json; charset=utf-8
host: localhost:62496
accept: */*

Response DefaultHttpResponse(decodeResult: success, version: HTTP/1.1)
HTTP/1.1 200 OK
Content-Type: application/json; charset=utf-8
cache-control: no-cache
content-length: 88

12:31:34.814 [AsyncHttpClient-1-16] DEBUG org.asynchttpclient.netty.channel.ChannelManager - Adding key: http://localhost:62496 for channel [id: 0xb8fd5fd9, L:/127.0.0.1:60182 - R:localhost/127.0.0.1:62496]
12:31:34.815 [Forwarding getElementText on session f91ae635a59f486db267f10ef6576b31 to remote] DEBUG org.asynchttpclient.netty.request.NettyRequestSender - Using pooled Channel '[id: 0xb8fd5fd9, L:/127.0.0.1:60182 - R:localhost/127.0.0.1:62496]' for 'GET' to 'http://localhost:62496/session/f91ae635a59f486db267f10ef6576b31/element/3c1f1081-d58f-47e6-bef0-763b8c9d1d59/text'
12:31:34.815 [Forwarding getElementText on session f91ae635a59f486db267f10ef6576b31 to remote] DEBUG org.asynchttpclient.netty.request.NettyRequestSender - Using open Channel [id: 0xb8fd5fd9, L:/127.0.0.1:60182 - R:localhost/127.0.0.1:62496] for GET '/session/f91ae635a59f486db267f10ef6576b31/element/3c1f1081-d58f-47e6-bef0-763b8c9d1d59/text'
12:31:34.823 [AsyncHttpClient-1-16] DEBUG org.asynchttpclient.netty.handler.HttpHandler - 

Request DefaultFullHttpRequest(decodeResult: success, version: HTTP/1.1, content: EmptyByteBufBE)
GET /session/f91ae635a59f486db267f10ef6576b31/element/3c1f1081-d58f-47e6-bef0-763b8c9d1d59/text HTTP/1.1
User-Agent: selenium/4.4.0 (java windows)
Cache-Control: no-cache
Content-Type: application/json; charset=utf-8
host: localhost:62496
accept: */*

Response DefaultHttpResponse(decodeResult: success, version: HTTP/1.1)
HTTP/1.1 200 OK
Content-Type: application/json; charset=utf-8
cache-control: no-cache
content-length: 21

12:31:34.823 [AsyncHttpClient-1-16] DEBUG org.asynchttpclient.netty.channel.ChannelManager - Adding key: http://localhost:62496 for channel [id: 0xb8fd5fd9, L:/127.0.0.1:60182 - R:localhost/127.0.0.1:62496]
12:31:34.833 [Forwarding getCurrentWindowHandle on session f91ae635a59f486db267f10ef6576b31 to remote] DEBUG org.asynchttpclient.netty.request.NettyRequestSender - Using pooled Channel '[id: 0xb8fd5fd9, L:/127.0.0.1:60182 - R:localhost/127.0.0.1:62496]' for 'GET' to 'http://localhost:62496/session/f91ae635a59f486db267f10ef6576b31/window'
12:31:34.834 [Forwarding getCurrentWindowHandle on session f91ae635a59f486db267f10ef6576b31 to remote] DEBUG org.asynchttpclient.netty.request.NettyRequestSender - Using open Channel [id: 0xb8fd5fd9, L:/127.0.0.1:60182 - R:localhost/127.0.0.1:62496] for GET '/session/f91ae635a59f486db267f10ef6576b31/window'
12:31:34.834 [AsyncHttpClient-1-16] DEBUG org.asynchttpclient.netty.handler.HttpHandler - 

Request DefaultFullHttpRequest(decodeResult: success, version: HTTP/1.1, content: EmptyByteBufBE)
GET /session/f91ae635a59f486db267f10ef6576b31/window HTTP/1.1
User-Agent: selenium/4.4.0 (java windows)
Cache-Control: no-cache
Content-Type: application/json; charset=utf-8
host: localhost:62496
accept: */*

Response DefaultHttpResponse(decodeResult: success, version: HTTP/1.1)
HTTP/1.1 200 OK
Content-Type: application/json; charset=utf-8
cache-control: no-cache
content-length: 53

12:31:34.834 [AsyncHttpClient-1-16] DEBUG org.asynchttpclient.netty.channel.ChannelManager - Adding key: http://localhost:62496 for channel [id: 0xb8fd5fd9, L:/127.0.0.1:60182 - R:localhost/127.0.0.1:62496]
12:31:34.843 [Forwarding getAlertText on session f91ae635a59f486db267f10ef6576b31 to remote] DEBUG org.asynchttpclient.netty.request.NettyRequestSender - Using pooled Channel '[id: 0xb8fd5fd9, L:/127.0.0.1:60182 - R:localhost/127.0.0.1:62496]' for 'GET' to 'http://localhost:62496/session/f91ae635a59f486db267f10ef6576b31/alert/text'
12:31:34.843 [Forwarding getAlertText on session f91ae635a59f486db267f10ef6576b31 to remote] DEBUG org.asynchttpclient.netty.request.NettyRequestSender - Using open Channel [id: 0xb8fd5fd9, L:/127.0.0.1:60182 - R:localhost/127.0.0.1:62496] for GET '/session/f91ae635a59f486db267f10ef6576b31/alert/text'
12:31:34.845 [AsyncHttpClient-1-16] DEBUG org.asynchttpclient.netty.handler.HttpHandler - 

Request DefaultFullHttpRequest(decodeResult: success, version: HTTP/1.1, content: EmptyByteBufBE)
GET /session/f91ae635a59f486db267f10ef6576b31/alert/text HTTP/1.1
User-Agent: selenium/4.4.0 (java windows)
Cache-Control: no-cache
Content-Type: application/json; charset=utf-8
host: localhost:62496
accept: */*

Response DefaultHttpResponse(decodeResult: success, version: HTTP/1.1)
HTTP/1.1 404 Not Found
Content-Type: application/json; charset=utf-8
cache-control: no-cache
content-length: 879

12:31:34.845 [AsyncHttpClient-1-16] DEBUG org.asynchttpclient.netty.channel.ChannelManager - Adding key: http://localhost:62496 for channel [id: 0xb8fd5fd9, L:/127.0.0.1:60182 - R:localhost/127.0.0.1:62496]
12:31:34.848 [Forwarding switchToWindow on session f91ae635a59f486db267f10ef6576b31 to remote] DEBUG org.asynchttpclient.netty.request.NettyRequestSender - Using pooled Channel '[id: 0xb8fd5fd9, L:/127.0.0.1:60182 - R:localhost/127.0.0.1:62496]' for 'POST' to 'http://localhost:62496/session/f91ae635a59f486db267f10ef6576b31/window'
12:31:34.848 [Forwarding switchToWindow on session f91ae635a59f486db267f10ef6576b31 to remote] DEBUG org.asynchttpclient.netty.request.NettyRequestSender - Using open Channel [id: 0xb8fd5fd9, L:/127.0.0.1:60182 - R:localhost/127.0.0.1:62496] for POST '/session/f91ae635a59f486db267f10ef6576b31/window'
12:31:34.850 [AsyncHttpClient-1-16] DEBUG org.asynchttpclient.netty.handler.HttpHandler - 

Request DefaultHttpRequest(decodeResult: success, version: HTTP/1.1)
POST /session/f91ae635a59f486db267f10ef6576b31/window HTTP/1.1
User-Agent: selenium/4.4.0 (java windows)
Content-Length: 59
Content-Type: application/json; charset=utf-8
host: localhost:62496
accept: */*

Response DefaultHttpResponse(decodeResult: success, version: HTTP/1.1)
HTTP/1.1 200 OK
Content-Type: application/json; charset=utf-8
cache-control: no-cache
content-length: 14

12:31:34.850 [AsyncHttpClient-1-16] DEBUG org.asynchttpclient.netty.channel.ChannelManager - Adding key: http://localhost:62496 for channel [id: 0xb8fd5fd9, L:/127.0.0.1:60182 - R:localhost/127.0.0.1:62496]
12:31:34.851 [Forwarding getCurrentUrl on session f91ae635a59f486db267f10ef6576b31 to remote] DEBUG org.asynchttpclient.netty.request.NettyRequestSender - Using pooled Channel '[id: 0xb8fd5fd9, L:/127.0.0.1:60182 - R:localhost/127.0.0.1:62496]' for 'GET' to 'http://localhost:62496/session/f91ae635a59f486db267f10ef6576b31/url'
12:31:34.851 [Forwarding getCurrentUrl on session f91ae635a59f486db267f10ef6576b31 to remote] DEBUG org.asynchttpclient.netty.request.NettyRequestSender - Using open Channel [id: 0xb8fd5fd9, L:/127.0.0.1:60182 - R:localhost/127.0.0.1:62496] for GET '/session/f91ae635a59f486db267f10ef6576b31/url'
12:31:34.854 [AsyncHttpClient-1-16] DEBUG org.asynchttpclient.netty.handler.HttpHandler - 

Request DefaultFullHttpRequest(decodeResult: success, version: HTTP/1.1, content: EmptyByteBufBE)
GET /session/f91ae635a59f486db267f10ef6576b31/url HTTP/1.1
User-Agent: selenium/4.4.0 (java windows)
Cache-Control: no-cache
Content-Type: application/json; charset=utf-8
host: localhost:62496
accept: */*

Response DefaultHttpResponse(decodeResult: success, version: HTTP/1.1)
HTTP/1.1 200 OK
Content-Type: application/json; charset=utf-8
cache-control: no-cache
content-length: 47

12:31:34.854 [AsyncHttpClient-1-16] DEBUG org.asynchttpclient.netty.channel.ChannelManager - Adding key: http://localhost:62496 for channel [id: 0xb8fd5fd9, L:/127.0.0.1:60182 - R:localhost/127.0.0.1:62496]
12:31:34.854 [Forwarding screenshot on session f91ae635a59f486db267f10ef6576b31 to remote] DEBUG org.asynchttpclient.netty.request.NettyRequestSender - Using pooled Channel '[id: 0xb8fd5fd9, L:/127.0.0.1:60182 - R:localhost/127.0.0.1:62496]' for 'GET' to 'http://localhost:62496/session/f91ae635a59f486db267f10ef6576b31/screenshot'
12:31:34.854 [Forwarding screenshot on session f91ae635a59f486db267f10ef6576b31 to remote] DEBUG org.asynchttpclient.netty.request.NettyRequestSender - Using open Channel [id: 0xb8fd5fd9, L:/127.0.0.1:60182 - R:localhost/127.0.0.1:62496] for GET '/session/f91ae635a59f486db267f10ef6576b31/screenshot'
12:31:34.933 [AsyncHttpClient-1-16] DEBUG org.asynchttpclient.netty.handler.HttpHandler - 

Request DefaultFullHttpRequest(decodeResult: success, version: HTTP/1.1, content: EmptyByteBufBE)
GET /session/f91ae635a59f486db267f10ef6576b31/screenshot HTTP/1.1
User-Agent: selenium/4.4.0 (java windows)
Cache-Control: no-cache
Content-Type: application/json; charset=utf-8
host: localhost:62496
accept: */*

Response DefaultHttpResponse(decodeResult: success, version: HTTP/1.1)
HTTP/1.1 200 OK
Content-Type: application/json; charset=utf-8
cache-control: no-cache
content-length: 42856

12:31:34.933 [AsyncHttpClient-1-16] DEBUG org.asynchttpclient.netty.channel.ChannelManager - Adding key: http://localhost:62496 for channel [id: 0xb8fd5fd9, L:/127.0.0.1:60182 - R:localhost/127.0.0.1:62496]
12:31:34.934 [Test worker] DEBUG net.serenitybdd.core.photography.Darkroom - Send negative for processing for C:\Users\juan.gomezv\IdeaProjects\sura\target\site\serenity\74405e323d70a61325a039cbbc355372e4570162078f0622e549c9cda1f487c4.png
12:31:34.935 [Test worker] DEBUG net.thucydides.core.steps.StepInterceptor - STEP DONE: {0} should see #description
  ?[32mEntonces ?[0m?[32m?[0m?[32m?[1mAna?[0m?[32m pasa a la pagina ?[0m?[32m?[1m"CART"?[0m?[32m de listado de compras?[0m                  ?[90m# sura.stepDefinitions.CatalogueSteps.pasaALaPaginaDeListadoDeDompras(net.serenitybdd.screenplay.Actor,java.lang.String)?[0m
12:31:34.944 [Test worker] INFO  - 
  _____   ___   ___   _____     ___     _     ___   ___   ___   ___  
 |_   _| | __| / __| |_   _|   | _ \   /_\   / __| / __| | __| |   \ 
   | |   | _|  \__ \   | |     |  _/  / _ \  \__ \ \__ \ | _|  | |) |
   |_|   |___| |___/   |_|     |_|   /_/ \_\ |___/ |___/ |___| |___/ 

Añadir articulos al carrito de compras y pasar al lista de compras
----------------------------------------------------------------------
12:31:34.945 [AsyncHttpClient-1-2] DEBUG org.asynchttpclient.netty.handler.WebSocketHandler - Channel Closed: [id: 0xf8b64638, L:/127.0.0.1:60190 ! R:localhost/127.0.0.1:60183] with attribute NettyResponseFuture{currentRetry=0,
	isDone=1,
	isCancelled=0,
	asyncHandler=org.asynchttpclient.ws.WebSocketUpgradeHandler@1dc520fa,
	nettyRequest=org.asynchttpclient.netty.request.NettyRequest@46e11a66,
	future=java.util.concurrent.CompletableFuture@5f00ce23[Completed normally],
	uri=ws://localhost:60183/devtools/browser/9bd99668-36ad-4353-b485-2fc9ed787a9c,
	keepAlive=true,
	redirectCount=0,
	timeoutsHolder=null,
	inAuth=0,
	touch=1664472692131}
12:31:34.945 [Driver Command Executor] DEBUG org.asynchttpclient.netty.request.NettyRequestSender - Using pooled Channel '[id: 0xb8fd5fd9, L:/127.0.0.1:60182 - R:localhost/127.0.0.1:62496]' for 'DELETE' to 'http://localhost:62496/session/f91ae635a59f486db267f10ef6576b31'
12:31:34.945 [AsyncHttpClient-1-2] DEBUG org.asynchttpclient.netty.channel.ChannelManager - Closing Channel [id: 0xf8b64638, L:/127.0.0.1:60190 ! R:localhost/127.0.0.1:60183] 
12:31:34.945 [Driver Command Executor] DEBUG org.asynchttpclient.netty.request.NettyRequestSender - Using open Channel [id: 0xb8fd5fd9, L:/127.0.0.1:60182 - R:localhost/127.0.0.1:62496] for DELETE '/session/f91ae635a59f486db267f10ef6576b31'
12:31:34.956 [AsyncHttpClient-1-1] DEBUG org.asynchttpclient.netty.channel.DefaultChannelPool - Entry count for : http://localhost:60183 : 1
12:31:34.974 [AsyncHttpClient-1-17] DEBUG org.asynchttpclient.netty.handler.HttpHandler - Unexpected I/O exception on channel [id: 0x4020acb8, L:/127.0.0.1:60189 - R:localhost/127.0.0.1:60183]
java.net.SocketException: Connection reset
	at java.base/sun.nio.ch.SocketChannelImpl.throwConnectionReset(SocketChannelImpl.java:394)
	at java.base/sun.nio.ch.SocketChannelImpl.read(SocketChannelImpl.java:426)
	at io.netty.buffer.PooledByteBuf.setBytes(PooledByteBuf.java:258)
	at io.netty.buffer.AbstractByteBuf.writeBytes(AbstractByteBuf.java:1132)
	at io.netty.channel.socket.nio.NioSocketChannel.doReadBytes(NioSocketChannel.java:357)
	at io.netty.channel.nio.AbstractNioByteChannel$NioByteUnsafe.read(AbstractNioByteChannel.java:151)
	at io.netty.channel.nio.NioEventLoop.processSelectedKey(NioEventLoop.java:722)
	at io.netty.channel.nio.NioEventLoop.processSelectedKeysOptimized(NioEventLoop.java:658)
	at io.netty.channel.nio.NioEventLoop.processSelectedKeys(NioEventLoop.java:584)
	at io.netty.channel.nio.NioEventLoop.run(NioEventLoop.java:496)
	at io.netty.util.concurrent.SingleThreadEventExecutor$4.run(SingleThreadEventExecutor.java:997)
	at io.netty.util.internal.ThreadExecutorMap$2.run(ThreadExecutorMap.java:74)
	at io.netty.util.concurrent.FastThreadLocalRunnable.run(FastThreadLocalRunnable.java:30)
	at java.base/java.lang.Thread.run(Thread.java:833)
12:31:34.974 [AsyncHttpClient-1-17] DEBUG org.asynchttpclient.netty.channel.ChannelManager - Closing Channel [id: 0x4020acb8, L:/127.0.0.1:60189 - R:localhost/127.0.0.1:60183] 
12:31:34.974 [AsyncHttpClient-1-17] DEBUG org.asynchttpclient.netty.handler.HttpHandler - Channel Closed: [id: 0x4020acb8, L:/127.0.0.1:60189 ! R:localhost/127.0.0.1:60183] with attribute DISCARD
12:31:34.989 [AsyncHttpClient-1-16] DEBUG org.asynchttpclient.netty.handler.HttpHandler - 

Request DefaultFullHttpRequest(decodeResult: success, version: HTTP/1.1, content: EmptyByteBufBE)
DELETE /session/f91ae635a59f486db267f10ef6576b31 HTTP/1.1
User-Agent: selenium/4.4.0 (java windows)
Content-Type: application/json; charset=utf-8
host: localhost:62496
accept: */*

Response DefaultHttpResponse(decodeResult: success, version: HTTP/1.1)
HTTP/1.1 200 OK
Content-Type: application/json; charset=utf-8
cache-control: no-cache
content-length: 14

12:31:34.989 [AsyncHttpClient-1-16] DEBUG org.asynchttpclient.netty.channel.ChannelManager - Adding key: http://localhost:62496 for channel [id: 0xb8fd5fd9, L:/127.0.0.1:60182 - R:localhost/127.0.0.1:62496]
12:31:35.030 [AsyncHttpClient-1-16] DEBUG org.asynchttpclient.netty.handler.HttpHandler - Channel Closed: [id: 0xb8fd5fd9, L:/127.0.0.1:60182 ! R:localhost/127.0.0.1:62496] with attribute DISCARD
]]></system-out>
  <system-err><![CDATA[Starting ChromeDriver 105.0.5195.52 (412c95e518836d8a7d97250d62b29c2ae6a26a85-refs/branch-heads/5195@{#853}) on port 64949
Only local connections are allowed.
Please see https://chromedriver.chromium.org/security-considerations for suggestions on keeping ChromeDriver safe.
ChromeDriver was started successfully.
sep. 29, 2022 12:31:21 P. M. org.openqa.selenium.remote.ProtocolHandshake createSession
INFO: Detected upstream dialect: W3C
sep. 29, 2022 12:31:21 P. M. org.openqa.selenium.devtools.CdpVersionFinder findNearestMatch
WARNING: Unable to find an exact match for CDP version 105, so returning the closest version found: 104
sep. 29, 2022 12:31:21 P. M. org.openqa.selenium.devtools.CdpVersionFinder findNearestMatch
INFO: Found CDP implementation for version 105 of 104
Starting ChromeDriver 105.0.5195.52 (412c95e518836d8a7d97250d62b29c2ae6a26a85-refs/branch-heads/5195@{#853}) on port 61478
Only local connections are allowed.
Please see https://chromedriver.chromium.org/security-considerations for suggestions on keeping ChromeDriver safe.
ChromeDriver was started successfully.
sep. 29, 2022 12:31:27 P. M. org.openqa.selenium.remote.ProtocolHandshake createSession
INFO: Detected upstream dialect: W3C
sep. 29, 2022 12:31:27 P. M. org.openqa.selenium.devtools.CdpVersionFinder findNearestMatch
WARNING: Unable to find an exact match for CDP version 105, so returning the closest version found: 104
sep. 29, 2022 12:31:27 P. M. org.openqa.selenium.devtools.CdpVersionFinder findNearestMatch
INFO: Found CDP implementation for version 105 of 104
Starting ChromeDriver 105.0.5195.52 (412c95e518836d8a7d97250d62b29c2ae6a26a85-refs/branch-heads/5195@{#853}) on port 62496
Only local connections are allowed.
Please see https://chromedriver.chromium.org/security-considerations for suggestions on keeping ChromeDriver safe.
ChromeDriver was started successfully.
sep. 29, 2022 12:31:32 P. M. org.openqa.selenium.remote.ProtocolHandshake createSession
INFO: Detected upstream dialect: W3C
sep. 29, 2022 12:31:32 P. M. org.openqa.selenium.devtools.CdpVersionFinder findNearestMatch
WARNING: Unable to find an exact match for CDP version 105, so returning the closest version found: 104
sep. 29, 2022 12:31:32 P. M. org.openqa.selenium.devtools.CdpVersionFinder findNearestMatch
INFO: Found CDP implementation for version 105 of 104
]]></system-err>
</testsuite>
